[runlim] version:		1.10fixed
[runlim] time limit:		300 seconds
[runlim] real time limit:	311040000 seconds
[runlim] space limit:		4000 MB
[runlim] argv[0]:		./cvc4
[runlim] argv[1]:		--nl-ext-tplanes
[runlim] argv[2]:		--cbqi-all
[runlim] argv[3]:		/tmp/fhWZIv7c.smt2
[runlim] start:			Tue Jan 29 12:36:28 2019
[runlim] main pid:		4388
[runlim] sample:		9.0 time, 10.0 real, 52.3 MB
[runlim] sample:		18.7 time, 20.0 real, 65.6 MB
[runlim] sample:		28.6 time, 30.0 real, 75.6 MB
[runlim] sample:		38.6 time, 40.0 real, 83.5 MB
[runlim] sample:		48.6 time, 50.0 real, 90.5 MB
[runlim] sample:		58.6 time, 60.0 real, 97.1 MB
[runlim] sample:		68.4 time, 70.0 real, 103.2 MB
[runlim] sample:		76.9 time, 80.0 real, 109.5 MB
[runlim] sample:		85.7 time, 90.0 real, 113.2 MB
[runlim] sample:		94.7 time, 100.0 real, 116.8 MB
[runlim] sample:		103.3 time, 110.0 real, 120.1 MB
[runlim] sample:		111.7 time, 120.0 real, 122.9 MB
[runlim] sample:		120.4 time, 130.0 real, 125.8 MB
[runlim] sample:		129.5 time, 140.0 real, 128.9 MB
[runlim] sample:		138.2 time, 150.0 real, 131.7 MB
[runlim] sample:		146.9 time, 160.0 real, 134.3 MB
[runlim] sample:		156.7 time, 170.0 real, 137.6 MB
[runlim] sample:		166.7 time, 180.0 real, 141.0 MB
[runlim] sample:		176.7 time, 190.0 real, 144.1 MB
[runlim] sample:		186.7 time, 200.0 real, 147.2 MB
[runlim] sample:		196.7 time, 210.0 real, 149.7 MB
[runlim] sample:		206.5 time, 220.0 real, 152.1 MB
[runlim] sample:		216.5 time, 230.0 real, 154.4 MB
[runlim] sample:		226.5 time, 240.0 real, 159.3 MB
[runlim] sample:		235.7 time, 250.0 real, 160.1 MB
[runlim] sample:		245.7 time, 260.0 real, 162.1 MB
[runlim] sample:		255.7 time, 270.0 real, 164.7 MB
[runlim] sample:		265.7 time, 280.0 real, 166.5 MB
[runlim] sample:		275.7 time, 290.0 real, 168.3 MB
[runlim] sample:		285.6 time, 300.0 real, 172.3 MB
[runlim] sample:		295.3 time, 310.0 real, 173.9 MB
CVC4 interrupted by SIGTERM.
[runlim] end:			Tue Jan 29 12:41:42 2019
[runlim] status:		out of time
[runlim] result:		2
[runlim] children:		0
[runlim] real:			314.97 seconds
[runlim] time:			300.03 seconds
[runlim] space:			174.9 MB
[runlim] samples:		3149
