[runlim] version:		1.10fixed
[runlim] time limit:		300 seconds
[runlim] real time limit:	311040000 seconds
[runlim] space limit:		4000 MB
[runlim] argv[0]:		./cvc4
[runlim] argv[1]:		--nl-ext-tplanes
[runlim] argv[2]:		--cbqi-all
[runlim] argv[3]:		/tmp/18xxSusG.smt2
[runlim] start:			Tue Jan 29 12:39:00 2019
[runlim] main pid:		3566
[runlim] sample:		8.4 time, 10.3 real, 45.2 MB
[runlim] sample:		16.8 time, 20.3 real, 54.7 MB
[runlim] sample:		25.6 time, 30.3 real, 62.8 MB
[runlim] sample:		35.6 time, 40.3 real, 69.4 MB
[runlim] sample:		45.6 time, 50.3 real, 74.6 MB
[runlim] sample:		55.6 time, 60.3 real, 80.0 MB
[runlim] sample:		65.5 time, 70.3 real, 86.1 MB
[runlim] sample:		73.5 time, 80.3 real, 91.0 MB
[runlim] sample:		83.5 time, 90.3 real, 94.8 MB
[runlim] sample:		93.5 time, 100.3 real, 98.7 MB
[runlim] sample:		102.2 time, 110.3 real, 101.8 MB
[runlim] sample:		110.9 time, 120.3 real, 104.1 MB
[runlim] sample:		120.9 time, 130.3 real, 106.9 MB
[runlim] sample:		130.9 time, 140.3 real, 110.3 MB
[runlim] sample:		140.9 time, 150.3 real, 113.4 MB
[runlim] sample:		150.9 time, 160.3 real, 116.5 MB
[runlim] sample:		160.7 time, 170.3 real, 119.0 MB
[runlim] sample:		169.7 time, 180.3 real, 121.6 MB
[runlim] sample:		178.0 time, 190.3 real, 122.9 MB
[runlim] sample:		187.0 time, 200.3 real, 125.0 MB
[runlim] sample:		196.4 time, 210.3 real, 127.3 MB
[runlim] sample:		205.5 time, 220.3 real, 129.4 MB
[runlim] sample:		215.5 time, 230.3 real, 132.2 MB
[runlim] sample:		225.5 time, 240.3 real, 133.7 MB
[runlim] sample:		235.5 time, 250.3 real, 135.3 MB
[runlim] sample:		243.7 time, 260.3 real, 136.6 MB
[runlim] sample:		251.3 time, 270.3 real, 138.4 MB
[runlim] sample:		259.1 time, 280.3 real, 141.4 MB
[runlim] sample:		267.6 time, 290.3 real, 142.9 MB
[runlim] sample:		277.2 time, 300.3 real, 145.0 MB
[runlim] sample:		286.9 time, 310.3 real, 147.3 MB
[runlim] sample:		296.6 time, 320.3 real, 153.7 MB
CVC4 interrupted by SIGTERM.
[runlim] end:			Tue Jan 29 12:44:23 2019
[runlim] status:		out of time
[runlim] result:		2
[runlim] children:		0
[runlim] real:			323.87 seconds
[runlim] time:			300.01 seconds
[runlim] space:			157.1 MB
[runlim] samples:		3235
