[runlim] version:		1.10fixed
[runlim] time limit:		300 seconds
[runlim] real time limit:	311040000 seconds
[runlim] space limit:		4000 MB
[runlim] argv[0]:		./cvc4
[runlim] argv[1]:		--nl-ext-tplanes
[runlim] argv[2]:		--cbqi-all
[runlim] argv[3]:		/tmp/0jVEelxg.smt2
[runlim] start:			Tue Jan 29 12:36:36 2019
[runlim] main pid:		4134
[runlim] sample:		9.5 time, 10.3 real, 174.9 MB
[runlim] sample:		19.4 time, 20.3 real, 279.8 MB
[runlim] sample:		29.4 time, 30.3 real, 377.2 MB
[runlim] sample:		37.8 time, 40.3 real, 450.4 MB
[runlim] sample:		45.1 time, 50.3 real, 502.2 MB
[runlim] sample:		52.4 time, 60.3 real, 554.2 MB
[runlim] sample:		60.5 time, 70.3 real, 623.4 MB
[runlim] sample:		67.8 time, 80.3 real, 671.4 MB
[runlim] sample:		75.2 time, 90.3 real, 712.4 MB
[runlim] sample:		85.2 time, 100.3 real, 770.5 MB
[runlim] sample:		95.2 time, 110.3 real, 825.4 MB
[runlim] sample:		105.2 time, 120.3 real, 898.8 MB
[runlim] sample:		115.2 time, 130.3 real, 951.8 MB
[runlim] sample:		124.6 time, 140.3 real, 987.6 MB
[runlim] sample:		134.6 time, 150.3 real, 1033.4 MB
[runlim] sample:		142.1 time, 160.3 real, 1063.6 MB
[runlim] sample:		149.5 time, 170.3 real, 1110.3 MB
[runlim] sample:		158.0 time, 180.3 real, 1143.2 MB
[runlim] sample:		168.0 time, 190.3 real, 1197.2 MB
[runlim] sample:		178.0 time, 200.3 real, 1247.2 MB
[runlim] sample:		187.8 time, 210.3 real, 1279.6 MB
[runlim] sample:		197.5 time, 220.3 real, 1318.3 MB
[runlim] sample:		207.5 time, 230.3 real, 1367.2 MB
[runlim] sample:		217.4 time, 240.3 real, 1397.8 MB
[runlim] sample:		227.4 time, 250.3 real, 1439.8 MB
[runlim] sample:		237.4 time, 260.3 real, 1468.6 MB
[runlim] sample:		247.4 time, 270.3 real, 1504.5 MB
[runlim] sample:		257.1 time, 280.3 real, 1551.1 MB
[runlim] sample:		266.8 time, 290.3 real, 1567.3 MB
[runlim] sample:		276.1 time, 300.3 real, 1601.8 MB
[runlim] sample:		286.1 time, 310.3 real, 1632.9 MB
[runlim] sample:		296.1 time, 320.3 real, 1664.1 MB
[runlim] end:			Tue Jan 29 12:41:57 2019
[runlim] status:		signal(9)
[runlim] result:		11
[runlim] children:		0
[runlim] real:			321.91 seconds
[runlim] time:			297.62 seconds
[runlim] space:			1678.5 MB
[runlim] samples:		3215
