[runlim] version:		1.10fixed
[runlim] time limit:		300 seconds
[runlim] real time limit:	311040000 seconds
[runlim] space limit:		4000 MB
[runlim] argv[0]:		./cvc4
[runlim] argv[1]:		--nl-ext-tplanes
[runlim] argv[2]:		--cbqi-all
[runlim] argv[3]:		/tmp/w7GRJ2JP.smt2
[runlim] start:			Tue Jan 29 13:11:41 2019
[runlim] main pid:		12782
[runlim] sample:		9.7 time, 10.6 real, 136.6 MB
[runlim] sample:		19.4 time, 20.6 real, 242.4 MB
[runlim] sample:		29.0 time, 30.6 real, 350.4 MB
[runlim] sample:		38.7 time, 40.6 real, 448.3 MB
[runlim] sample:		48.4 time, 50.6 real, 532.7 MB
[runlim] sample:		58.1 time, 60.6 real, 618.1 MB
[runlim] sample:		67.8 time, 70.6 real, 705.9 MB
[runlim] sample:		77.4 time, 80.6 real, 769.9 MB
[runlim] sample:		86.9 time, 90.6 real, 847.6 MB
[runlim] sample:		96.6 time, 100.6 real, 923.0 MB
[runlim] sample:		106.1 time, 110.6 real, 997.1 MB
[runlim] sample:		115.7 time, 120.6 real, 1062.5 MB
[runlim] sample:		125.4 time, 130.6 real, 1129.4 MB
[runlim] sample:		135.1 time, 140.6 real, 1205.4 MB
[runlim] sample:		144.8 time, 150.6 real, 1265.0 MB
[runlim] sample:		154.4 time, 160.6 real, 1326.0 MB
[runlim] sample:		164.1 time, 170.6 real, 1392.6 MB
[runlim] sample:		173.8 time, 180.6 real, 1450.8 MB
[runlim] sample:		183.5 time, 190.6 real, 1514.9 MB
[runlim] sample:		193.2 time, 200.6 real, 1575.1 MB
[runlim] sample:		202.9 time, 210.6 real, 1610.6 MB
[runlim] sample:		212.6 time, 220.6 real, 1678.3 MB
[runlim] sample:		222.3 time, 230.6 real, 1754.3 MB
[runlim] sample:		232.0 time, 240.6 real, 1810.7 MB
[runlim] sample:		241.7 time, 250.6 real, 1878.1 MB
[runlim] sample:		251.4 time, 260.6 real, 1941.5 MB
[runlim] sample:		261.1 time, 270.6 real, 1986.5 MB
[runlim] sample:		270.8 time, 280.6 real, 2052.7 MB
[runlim] sample:		280.4 time, 290.6 real, 2092.8 MB
[runlim] sample:		290.1 time, 300.6 real, 2134.3 MB
[runlim] sample:		300.0 time, 310.6 real, 2227.0 MB
CVC4 interrupted by SIGTERM.
[runlim] end:			Tue Jan 29 13:16:51 2019
[runlim] status:		out of time
[runlim] result:		2
[runlim] children:		0
[runlim] real:			310.85 seconds
[runlim] time:			300.17 seconds
[runlim] space:			2231.2 MB
[runlim] samples:		3102
