[runlim] version:		1.10fixed
[runlim] time limit:		300 seconds
[runlim] real time limit:	311040000 seconds
[runlim] space limit:		4000 MB
[runlim] argv[0]:		./cvc4
[runlim] argv[1]:		--nl-ext-tplanes
[runlim] argv[2]:		--cbqi-all
[runlim] argv[3]:		/tmp/e4tYDaf4.smt2
[runlim] start:			Tue Jan 29 13:13:26 2019
[runlim] main pid:		24023
[runlim] sample:		9.9 time, 10.8 real, 42.0 MB
[runlim] sample:		19.9 time, 20.8 real, 52.4 MB
[runlim] sample:		28.4 time, 30.8 real, 61.1 MB
[runlim] sample:		37.4 time, 40.8 real, 70.6 MB
[runlim] sample:		47.1 time, 50.8 real, 81.6 MB
[runlim] sample:		55.4 time, 60.8 real, 89.6 MB
[runlim] sample:		63.3 time, 70.8 real, 97.9 MB
[runlim] sample:		73.0 time, 80.8 real, 108.2 MB
[runlim] sample:		83.0 time, 90.8 real, 117.7 MB
[runlim] sample:		93.0 time, 100.8 real, 129.9 MB
[runlim] sample:		103.0 time, 110.8 real, 140.3 MB
[runlim] sample:		113.0 time, 120.8 real, 151.1 MB
[runlim] sample:		123.0 time, 130.8 real, 160.5 MB
[runlim] sample:		133.0 time, 140.8 real, 170.0 MB
[runlim] sample:		143.0 time, 150.8 real, 179.0 MB
[runlim] sample:		153.0 time, 160.8 real, 190.3 MB
[runlim] sample:		163.0 time, 170.8 real, 199.5 MB
[runlim] sample:		171.4 time, 180.8 real, 208.1 MB
[runlim] sample:		180.1 time, 190.8 real, 216.3 MB
[runlim] sample:		190.1 time, 200.8 real, 228.9 MB
[runlim] sample:		200.1 time, 210.8 real, 238.0 MB
[runlim] sample:		210.1 time, 220.8 real, 249.7 MB
[runlim] sample:		220.1 time, 230.8 real, 259.7 MB
[runlim] sample:		230.1 time, 240.8 real, 271.1 MB
[runlim] sample:		240.1 time, 250.8 real, 280.5 MB
[runlim] sample:		250.1 time, 260.8 real, 289.6 MB
[runlim] sample:		260.1 time, 270.8 real, 300.1 MB
[runlim] sample:		269.8 time, 280.8 real, 309.4 MB
[runlim] sample:		279.4 time, 290.8 real, 318.9 MB
[runlim] sample:		289.3 time, 300.8 real, 329.0 MB
[runlim] sample:		299.1 time, 310.8 real, 339.1 MB
CVC4 interrupted by SIGTERM.
[runlim] end:			Tue Jan 29 13:18:37 2019
[runlim] status:		out of time
[runlim] result:		2
[runlim] children:		0
[runlim] real:			311.79 seconds
[runlim] time:			300.05 seconds
[runlim] space:			340.3 MB
[runlim] samples:		3110
