[runlim] version:		1.10fixed
[runlim] time limit:		300 seconds
[runlim] real time limit:	311040000 seconds
[runlim] space limit:		4000 MB
[runlim] argv[0]:		./cvc4
[runlim] argv[1]:		--nl-ext-tplanes
[runlim] argv[2]:		--cbqi-all
[runlim] argv[3]:		/tmp/InZIa68q.smt2
[runlim] start:			Tue Jan 29 13:11:56 2019
[runlim] main pid:		8293
[runlim] sample:		9.8 time, 10.2 real, 51.6 MB
[runlim] sample:		19.1 time, 20.2 real, 62.9 MB
[runlim] sample:		28.5 time, 30.2 real, 71.4 MB
[runlim] sample:		38.5 time, 40.2 real, 78.3 MB
[runlim] sample:		48.5 time, 50.2 real, 85.0 MB
[runlim] sample:		58.1 time, 60.2 real, 90.9 MB
[runlim] sample:		67.8 time, 70.2 real, 95.6 MB
[runlim] sample:		77.5 time, 80.2 real, 100.0 MB
[runlim] sample:		87.5 time, 90.2 real, 104.8 MB
[runlim] sample:		97.5 time, 100.2 real, 107.9 MB
[runlim] sample:		107.5 time, 110.2 real, 111.3 MB
[runlim] sample:		117.5 time, 120.2 real, 116.8 MB
[runlim] sample:		127.3 time, 130.2 real, 119.8 MB
[runlim] sample:		136.9 time, 140.2 real, 122.4 MB
[runlim] sample:		146.6 time, 150.2 real, 124.7 MB
[runlim] sample:		156.3 time, 160.2 real, 127.1 MB
[runlim] sample:		166.0 time, 170.2 real, 130.1 MB
[runlim] sample:		175.7 time, 180.2 real, 132.2 MB
[runlim] sample:		185.3 time, 190.2 real, 135.3 MB
[runlim] sample:		195.2 time, 200.2 real, 137.4 MB
[runlim] sample:		205.0 time, 210.2 real, 139.7 MB
[runlim] sample:		214.7 time, 220.2 real, 142.2 MB
[runlim] sample:		224.4 time, 230.2 real, 144.3 MB
[runlim] sample:		234.1 time, 240.2 real, 145.9 MB
[runlim] sample:		243.7 time, 250.2 real, 147.9 MB
[runlim] sample:		253.4 time, 260.2 real, 149.7 MB
[runlim] sample:		262.9 time, 270.2 real, 153.3 MB
[runlim] sample:		272.2 time, 280.2 real, 155.4 MB
[runlim] sample:		281.6 time, 290.2 real, 156.4 MB
[runlim] sample:		290.9 time, 300.2 real, 158.2 MB
CVC4 interrupted by SIGTERM.
[runlim] end:			Tue Jan 29 13:17:06 2019
[runlim] status:		out of time
[runlim] result:		2
[runlim] children:		0
[runlim] real:			310.06 seconds
[runlim] time:			300.02 seconds
[runlim] space:			159.8 MB
[runlim] samples:		3098
