[runlim] version:		1.10fixed
[runlim] time limit:		300 seconds
[runlim] real time limit:	311040000 seconds
[runlim] space limit:		4000 MB
[runlim] argv[0]:		./cvc4
[runlim] argv[1]:		--nl-ext-tplanes
[runlim] argv[2]:		--cbqi-all
[runlim] argv[3]:		/tmp/KdCKFnm5.smt2
[runlim] start:			Tue Jan 29 12:36:09 2019
[runlim] main pid:		26056
[runlim] sample:		8.7 time, 10.0 real, 48.4 MB
[runlim] sample:		17.3 time, 20.0 real, 59.6 MB
[runlim] sample:		26.1 time, 30.0 real, 68.1 MB
[runlim] sample:		35.0 time, 40.0 real, 74.6 MB
[runlim] sample:		44.4 time, 50.0 real, 81.5 MB
[runlim] sample:		53.9 time, 60.0 real, 88.2 MB
[runlim] sample:		63.3 time, 70.0 real, 93.8 MB
[runlim] sample:		71.9 time, 80.0 real, 97.4 MB
[runlim] sample:		80.0 time, 90.0 real, 100.3 MB
[runlim] sample:		88.4 time, 100.0 real, 106.3 MB
[runlim] sample:		97.9 time, 110.0 real, 109.4 MB
[runlim] sample:		105.9 time, 120.0 real, 112.2 MB
[runlim] sample:		114.3 time, 130.0 real, 115.3 MB
[runlim] sample:		122.8 time, 140.0 real, 117.8 MB
[runlim] sample:		131.6 time, 150.0 real, 120.4 MB
[runlim] sample:		141.2 time, 160.0 real, 123.2 MB
[runlim] sample:		150.4 time, 170.0 real, 125.6 MB
[runlim] sample:		160.3 time, 180.0 real, 128.1 MB
[runlim] sample:		170.3 time, 190.0 real, 130.7 MB
[runlim] sample:		178.5 time, 200.0 real, 132.8 MB
[runlim] sample:		186.9 time, 210.0 real, 134.8 MB
[runlim] sample:		196.3 time, 220.0 real, 137.2 MB
[runlim] sample:		205.6 time, 230.0 real, 139.7 MB
[runlim] sample:		215.2 time, 240.0 real, 141.8 MB
[runlim] sample:		225.2 time, 250.0 real, 144.1 MB
[runlim] sample:		235.2 time, 260.0 real, 147.0 MB
[runlim] sample:		245.2 time, 270.0 real, 149.0 MB
[runlim] sample:		255.2 time, 280.0 real, 150.8 MB
[runlim] sample:		265.2 time, 290.0 real, 152.9 MB
[runlim] sample:		275.1 time, 300.0 real, 155.5 MB
[runlim] sample:		285.1 time, 310.0 real, 156.5 MB
[runlim] sample:		295.1 time, 320.0 real, 158.6 MB
[runlim] end:			Tue Jan 29 12:41:32 2019
[runlim] status:		signal(9)
[runlim] result:		11
[runlim] children:		0
[runlim] real:			323.45 seconds
[runlim] time:			298.54 seconds
[runlim] space:			159.3 MB
[runlim] samples:		3234
