[runlim] version:		1.10fixed
[runlim] time limit:		300 seconds
[runlim] real time limit:	311040000 seconds
[runlim] space limit:		4000 MB
[runlim] argv[0]:		./cvc4
[runlim] argv[1]:		--nl-ext-tplanes
[runlim] argv[2]:		--cbqi-all
[runlim] argv[3]:		/tmp/mpX3KV94.smt2
[runlim] start:			Tue Jan 29 13:14:38 2019
[runlim] main pid:		10521
[runlim] sample:		8.4 time, 10.6 real, 50.9 MB
[runlim] sample:		16.6 time, 20.7 real, 62.5 MB
[runlim] sample:		26.1 time, 30.6 real, 72.3 MB
[runlim] sample:		34.9 time, 40.7 real, 79.5 MB
[runlim] sample:		43.3 time, 50.6 real, 85.2 MB
[runlim] sample:		52.1 time, 60.7 real, 90.6 MB
[runlim] sample:		61.5 time, 70.6 real, 95.8 MB
[runlim] sample:		70.5 time, 80.6 real, 102.6 MB
[runlim] sample:		79.9 time, 90.6 real, 106.2 MB
[runlim] sample:		88.6 time, 100.7 real, 109.6 MB
[runlim] sample:		97.4 time, 110.6 real, 114.5 MB
[runlim] sample:		106.9 time, 120.7 real, 118.1 MB
[runlim] sample:		116.3 time, 130.7 real, 121.5 MB
[runlim] sample:		126.1 time, 140.6 real, 124.3 MB
[runlim] sample:		136.1 time, 150.6 real, 127.4 MB
[runlim] sample:		146.1 time, 160.7 real, 130.2 MB
[runlim] sample:		155.3 time, 170.7 real, 132.8 MB
[runlim] sample:		165.3 time, 180.6 real, 135.6 MB
[runlim] sample:		175.3 time, 190.6 real, 139.0 MB
[runlim] sample:		185.3 time, 200.7 real, 141.6 MB
[runlim] sample:		194.9 time, 210.6 real, 144.1 MB
[runlim] sample:		203.9 time, 220.7 real, 146.7 MB
[runlim] sample:		213.7 time, 230.6 real, 148.8 MB
[runlim] sample:		223.5 time, 240.6 real, 150.6 MB
[runlim] sample:		232.5 time, 250.6 real, 152.7 MB
[runlim] sample:		242.5 time, 260.6 real, 157.0 MB
[runlim] sample:		252.5 time, 270.6 real, 158.6 MB
[runlim] sample:		262.5 time, 280.6 real, 160.1 MB
[runlim] sample:		272.5 time, 290.6 real, 162.2 MB
[runlim] sample:		282.5 time, 300.6 real, 164.3 MB
[runlim] sample:		291.9 time, 310.6 real, 166.1 MB
CVC4 interrupted by SIGTERM.
[runlim] end:			Tue Jan 29 13:19:57 2019
[runlim] status:		out of time
[runlim] result:		2
[runlim] children:		0
[runlim] real:			319.18 seconds
[runlim] time:			300.04 seconds
[runlim] space:			167.4 MB
[runlim] samples:		3185
