[runlim] version:		1.10fixed
[runlim] time limit:		300 seconds
[runlim] real time limit:	311040000 seconds
[runlim] space limit:		4000 MB
[runlim] argv[0]:		./cvc4
[runlim] argv[1]:		--nl-ext-tplanes
[runlim] argv[2]:		--cbqi-all
[runlim] argv[3]:		/tmp/8IiNXRwt.smt2
[runlim] start:			Tue Jan 29 13:16:59 2019
[runlim] main pid:		29840
[runlim] sample:		9.6 time, 10.7 real, 51.4 MB
[runlim] sample:		18.8 time, 20.7 real, 63.0 MB
[runlim] sample:		28.8 time, 30.7 real, 72.2 MB
[runlim] sample:		38.8 time, 40.7 real, 79.9 MB
[runlim] sample:		48.8 time, 50.7 real, 86.6 MB
[runlim] sample:		58.6 time, 60.7 real, 91.7 MB
[runlim] sample:		67.6 time, 70.7 real, 96.4 MB
[runlim] sample:		76.4 time, 80.7 real, 102.3 MB
[runlim] sample:		85.3 time, 90.7 real, 105.9 MB
[runlim] sample:		94.7 time, 100.7 real, 109.0 MB
[runlim] sample:		103.8 time, 110.7 real, 114.6 MB
[runlim] sample:		113.8 time, 120.7 real, 117.6 MB
[runlim] sample:		123.8 time, 130.7 real, 121.0 MB
[runlim] sample:		133.2 time, 140.7 real, 123.6 MB
[runlim] sample:		142.6 time, 150.7 real, 126.4 MB
[runlim] sample:		151.7 time, 160.7 real, 129.0 MB
[runlim] sample:		160.8 time, 170.7 real, 131.3 MB
[runlim] sample:		170.1 time, 180.7 real, 133.9 MB
[runlim] sample:		179.2 time, 190.7 real, 137.0 MB
[runlim] sample:		188.4 time, 200.7 real, 139.0 MB
[runlim] sample:		197.2 time, 210.7 real, 141.6 MB
[runlim] sample:		206.9 time, 220.7 real, 143.9 MB
[runlim] sample:		216.9 time, 230.7 real, 146.2 MB
[runlim] sample:		226.9 time, 240.7 real, 148.1 MB
[runlim] sample:		236.7 time, 250.7 real, 150.4 MB
[runlim] sample:		246.7 time, 260.7 real, 153.2 MB
[runlim] sample:		256.5 time, 270.7 real, 156.5 MB
[runlim] sample:		265.9 time, 280.7 real, 157.3 MB
[runlim] sample:		275.8 time, 290.7 real, 159.1 MB
[runlim] sample:		285.8 time, 300.7 real, 161.2 MB
[runlim] sample:		295.8 time, 310.7 real, 163.0 MB
CVC4 interrupted by SIGTERM.
[runlim] end:			Tue Jan 29 13:22:13 2019
[runlim] status:		out of time
[runlim] result:		2
[runlim] children:		0
[runlim] real:			314.97 seconds
[runlim] time:			300.01 seconds
[runlim] space:			163.8 MB
[runlim] samples:		3142
