[runlim] version:		1.10fixed
[runlim] time limit:		300 seconds
[runlim] real time limit:	311040000 seconds
[runlim] space limit:		4000 MB
[runlim] argv[0]:		./cvc4
[runlim] argv[1]:		--nl-ext-tplanes
[runlim] argv[2]:		--cbqi-all
[runlim] argv[3]:		/tmp/6FbWJYY8.smt2
[runlim] start:			Tue Jan 29 13:12:06 2019
[runlim] main pid:		6290
[runlim] sample:		10.0 time, 10.5 real, 43.9 MB
[runlim] sample:		20.0 time, 20.5 real, 53.4 MB
[runlim] sample:		30.0 time, 30.5 real, 59.9 MB
[runlim] sample:		39.6 time, 40.5 real, 65.5 MB
[runlim] sample:		49.4 time, 50.5 real, 70.5 MB
[runlim] sample:		59.4 time, 60.5 real, 74.9 MB
[runlim] sample:		69.2 time, 70.5 real, 78.5 MB
[runlim] sample:		79.1 time, 80.5 real, 81.8 MB
[runlim] sample:		89.0 time, 90.5 real, 84.7 MB
[runlim] sample:		99.0 time, 100.5 real, 88.0 MB
[runlim] sample:		109.0 time, 110.5 real, 91.6 MB
[runlim] sample:		119.0 time, 120.5 real, 94.7 MB
[runlim] sample:		129.0 time, 130.5 real, 96.5 MB
[runlim] sample:		139.0 time, 140.5 real, 99.8 MB
[runlim] sample:		149.0 time, 150.5 real, 102.1 MB
[runlim] sample:		159.0 time, 160.5 real, 103.9 MB
[runlim] sample:		169.0 time, 170.5 real, 106.3 MB
[runlim] sample:		179.0 time, 180.5 real, 108.3 MB
[runlim] sample:		189.0 time, 190.5 real, 109.9 MB
[runlim] sample:		199.0 time, 200.5 real, 114.0 MB
[runlim] sample:		209.0 time, 210.5 real, 115.8 MB
[runlim] sample:		219.0 time, 220.5 real, 117.6 MB
[runlim] sample:		229.0 time, 230.5 real, 119.4 MB
[runlim] sample:		238.9 time, 240.5 real, 120.9 MB
[runlim] sample:		248.9 time, 250.5 real, 122.7 MB
[runlim] sample:		258.9 time, 260.5 real, 124.3 MB
[runlim] sample:		268.9 time, 270.5 real, 125.8 MB
[runlim] sample:		278.9 time, 280.5 real, 127.6 MB
[runlim] sample:		288.9 time, 290.5 real, 129.4 MB
[runlim] sample:		298.9 time, 300.5 real, 131.0 MB
CVC4 interrupted by SIGTERM.
[runlim] end:			Tue Jan 29 13:17:07 2019
[runlim] status:		out of time
[runlim] result:		2
[runlim] children:		0
[runlim] real:			301.68 seconds
[runlim] time:			300.04 seconds
[runlim] space:			131.2 MB
[runlim] samples:		3011
