[runlim] version:		1.10fixed
[runlim] time limit:		300 seconds
[runlim] real time limit:	311040000 seconds
[runlim] space limit:		4000 MB
[runlim] argv[0]:		./cvc4
[runlim] argv[1]:		--nl-ext-tplanes
[runlim] argv[2]:		--cbqi-all
[runlim] argv[3]:		/tmp/jSudZdy1.smt2
[runlim] start:			Tue Jan 29 12:38:46 2019
[runlim] main pid:		12917
[runlim] sample:		9.7 time, 10.2 real, 186.6 MB
[runlim] sample:		19.5 time, 20.2 real, 298.9 MB
[runlim] sample:		29.5 time, 30.2 real, 394.7 MB
[runlim] sample:		39.5 time, 40.2 real, 487.3 MB
[runlim] sample:		48.0 time, 50.2 real, 550.2 MB
[runlim] sample:		56.3 time, 60.2 real, 619.6 MB
[runlim] sample:		65.1 time, 70.2 real, 692.6 MB
[runlim] sample:		74.9 time, 80.2 real, 748.3 MB
[runlim] sample:		84.9 time, 90.2 real, 798.7 MB
[runlim] sample:		94.9 time, 100.2 real, 873.1 MB
[runlim] sample:		104.9 time, 110.2 real, 930.3 MB
[runlim] sample:		114.9 time, 120.2 real, 977.0 MB
[runlim] sample:		124.9 time, 130.2 real, 1032.6 MB
[runlim] sample:		134.9 time, 140.2 real, 1089.3 MB
[runlim] sample:		144.9 time, 150.2 real, 1126.9 MB
[runlim] sample:		154.9 time, 160.2 real, 1195.3 MB
[runlim] sample:		164.9 time, 170.2 real, 1240.6 MB
[runlim] sample:		174.9 time, 180.2 real, 1287.4 MB
[runlim] sample:		184.9 time, 190.2 real, 1327.8 MB
[runlim] sample:		194.9 time, 200.2 real, 1374.9 MB
[runlim] sample:		204.7 time, 210.2 real, 1409.4 MB
[runlim] sample:		214.7 time, 220.2 real, 1446.0 MB
[runlim] sample:		224.7 time, 230.2 real, 1502.5 MB
[runlim] sample:		234.7 time, 240.2 real, 1517.9 MB
[runlim] sample:		244.7 time, 250.2 real, 1571.5 MB
[runlim] sample:		254.6 time, 260.2 real, 1587.7 MB
[runlim] sample:		264.6 time, 270.2 real, 1644.9 MB
[runlim] sample:		274.5 time, 280.2 real, 1661.9 MB
[runlim] sample:		283.4 time, 290.2 real, 1697.7 MB
[runlim] sample:		293.2 time, 300.2 real, 1766.5 MB
CVC4 interrupted by SIGTERM.
[runlim] end:			Tue Jan 29 12:43:53 2019
[runlim] status:		out of time
[runlim] result:		2
[runlim] children:		0
[runlim] real:			307.42 seconds
[runlim] time:			300.17 seconds
[runlim] space:			1783.3 MB
[runlim] samples:		3072
