[runlim] version:		1.10fixed
[runlim] time limit:		300 seconds
[runlim] real time limit:	311040000 seconds
[runlim] space limit:		4000 MB
[runlim] argv[0]:		./cvc4
[runlim] argv[1]:		--nl-ext-tplanes
[runlim] argv[2]:		--cbqi-all
[runlim] argv[3]:		/tmp/Ba4WbG65.smt2
[runlim] start:			Tue Jan 29 12:38:08 2019
[runlim] main pid:		23767
[runlim] sample:		8.8 time, 10.4 real, 50.5 MB
[runlim] sample:		18.8 time, 20.4 real, 63.5 MB
[runlim] sample:		28.8 time, 30.4 real, 73.1 MB
[runlim] sample:		38.8 time, 40.4 real, 81.1 MB
[runlim] sample:		48.8 time, 50.4 real, 87.5 MB
[runlim] sample:		58.8 time, 60.4 real, 93.0 MB
[runlim] sample:		68.8 time, 70.4 real, 99.3 MB
[runlim] sample:		78.8 time, 80.4 real, 104.7 MB
[runlim] sample:		88.8 time, 90.4 real, 110.7 MB
[runlim] sample:		98.8 time, 100.4 real, 114.3 MB
[runlim] sample:		108.8 time, 110.4 real, 117.6 MB
[runlim] sample:		118.8 time, 120.4 real, 120.7 MB
[runlim] sample:		128.8 time, 130.4 real, 123.6 MB
[runlim] sample:		138.8 time, 140.4 real, 126.4 MB
[runlim] sample:		148.8 time, 150.4 real, 129.5 MB
[runlim] sample:		158.8 time, 160.4 real, 132.3 MB
[runlim] sample:		168.8 time, 170.4 real, 134.6 MB
[runlim] sample:		178.8 time, 180.4 real, 138.0 MB
[runlim] sample:		188.8 time, 190.4 real, 140.3 MB
[runlim] sample:		198.8 time, 200.4 real, 142.9 MB
[runlim] sample:		208.8 time, 210.4 real, 145.5 MB
[runlim] sample:		218.8 time, 220.4 real, 147.5 MB
[runlim] sample:		228.8 time, 230.4 real, 149.3 MB
[runlim] sample:		238.8 time, 240.4 real, 151.6 MB
[runlim] sample:		248.8 time, 250.4 real, 155.0 MB
[runlim] sample:		257.9 time, 260.4 real, 157.6 MB
[runlim] sample:		267.7 time, 270.4 real, 159.4 MB
[runlim] sample:		276.0 time, 280.4 real, 160.4 MB
[runlim] sample:		284.3 time, 290.4 real, 162.2 MB
[runlim] sample:		292.6 time, 300.4 real, 163.2 MB
CVC4 interrupted by SIGTERM.
[runlim] end:			Tue Jan 29 12:43:17 2019
[runlim] status:		out of time
[runlim] result:		2
[runlim] children:		0
[runlim] real:			309.42 seconds
[runlim] time:			300.07 seconds
[runlim] space:			164.5 MB
[runlim] samples:		3090
