[runlim] version:		1.10fixed
[runlim] time limit:		300 seconds
[runlim] real time limit:	311040000 seconds
[runlim] space limit:		4000 MB
[runlim] argv[0]:		./cvc4
[runlim] argv[1]:		--nl-ext-tplanes
[runlim] argv[2]:		--cbqi-all
[runlim] argv[3]:		/tmp/Daj9IeP6.smt2
[runlim] start:			Tue Jan 29 13:17:06 2019
[runlim] main pid:		31003
[runlim] sample:		9.1 time, 10.5 real, 51.8 MB
[runlim] sample:		19.1 time, 20.5 real, 64.9 MB
[runlim] sample:		29.1 time, 30.5 real, 75.0 MB
[runlim] sample:		39.1 time, 40.5 real, 83.0 MB
[runlim] sample:		49.1 time, 50.5 real, 89.9 MB
[runlim] sample:		59.1 time, 60.5 real, 95.6 MB
[runlim] sample:		69.1 time, 70.5 real, 102.5 MB
[runlim] sample:		79.1 time, 80.5 real, 110.0 MB
[runlim] sample:		89.1 time, 90.5 real, 113.9 MB
[runlim] sample:		99.1 time, 100.5 real, 117.7 MB
[runlim] sample:		109.1 time, 110.5 real, 121.3 MB
[runlim] sample:		119.1 time, 120.5 real, 124.4 MB
[runlim] sample:		129.1 time, 130.5 real, 127.5 MB
[runlim] sample:		139.1 time, 140.5 real, 130.9 MB
[runlim] sample:		149.1 time, 150.5 real, 134.2 MB
[runlim] sample:		159.1 time, 160.5 real, 138.1 MB
[runlim] sample:		169.1 time, 170.5 real, 140.7 MB
[runlim] sample:		179.1 time, 180.5 real, 143.8 MB
[runlim] sample:		189.1 time, 190.5 real, 146.3 MB
[runlim] sample:		199.1 time, 200.5 real, 148.7 MB
[runlim] sample:		209.1 time, 210.5 real, 151.0 MB
[runlim] sample:		219.1 time, 220.5 real, 155.1 MB
[runlim] sample:		229.1 time, 230.5 real, 157.4 MB
[runlim] sample:		239.1 time, 240.5 real, 159.7 MB
[runlim] sample:		249.1 time, 250.5 real, 161.8 MB
[runlim] sample:		259.1 time, 260.5 real, 164.1 MB
[runlim] sample:		269.0 time, 270.5 real, 165.9 MB
[runlim] sample:		279.0 time, 280.5 real, 167.5 MB
[runlim] sample:		289.0 time, 290.5 real, 171.6 MB
[runlim] sample:		299.0 time, 300.5 real, 173.1 MB
CVC4 interrupted by SIGTERM.
[runlim] end:			Tue Jan 29 13:22:07 2019
[runlim] status:		out of time
[runlim] result:		2
[runlim] children:		0
[runlim] real:			301.54 seconds
[runlim] time:			300.04 seconds
[runlim] space:			173.6 MB
[runlim] samples:		3010
