[runlim] version:		1.10fixed
[runlim] time limit:		300 seconds
[runlim] real time limit:	311040000 seconds
[runlim] space limit:		4000 MB
[runlim] argv[0]:		./cvc4
[runlim] argv[1]:		--nl-ext-tplanes
[runlim] argv[2]:		--cbqi-all
[runlim] argv[3]:		/tmp/B1xXxZmY.smt2
[runlim] start:			Tue Jan 29 12:39:57 2019
[runlim] main pid:		9964
[runlim] sample:		8.3 time, 10.3 real, 44.5 MB
[runlim] sample:		17.6 time, 20.3 real, 55.4 MB
[runlim] sample:		27.6 time, 30.3 real, 64.9 MB
[runlim] sample:		37.6 time, 40.3 real, 72.1 MB
[runlim] sample:		47.6 time, 50.3 real, 77.5 MB
[runlim] sample:		57.6 time, 60.3 real, 83.7 MB
[runlim] sample:		67.6 time, 70.3 real, 91.0 MB
[runlim] sample:		77.6 time, 80.3 real, 95.9 MB
[runlim] sample:		87.6 time, 90.3 real, 99.7 MB
[runlim] sample:		97.6 time, 100.3 real, 103.8 MB
[runlim] sample:		107.6 time, 110.3 real, 107.5 MB
[runlim] sample:		117.6 time, 120.3 real, 111.3 MB
[runlim] sample:		127.6 time, 130.3 real, 114.4 MB
[runlim] sample:		137.6 time, 140.3 real, 117.8 MB
[runlim] sample:		146.4 time, 150.3 real, 120.3 MB
[runlim] sample:		153.7 time, 160.3 real, 122.1 MB
[runlim] sample:		163.0 time, 170.3 real, 124.7 MB
[runlim] sample:		171.3 time, 180.3 real, 127.0 MB
[runlim] sample:		180.1 time, 190.3 real, 129.1 MB
[runlim] sample:		190.1 time, 200.3 real, 131.4 MB
[runlim] sample:		200.1 time, 210.3 real, 135.9 MB
[runlim] sample:		210.1 time, 220.3 real, 138.5 MB
[runlim] sample:		220.1 time, 230.3 real, 140.3 MB
[runlim] sample:		230.1 time, 240.3 real, 142.1 MB
[runlim] sample:		240.1 time, 250.3 real, 144.2 MB
[runlim] sample:		250.1 time, 260.3 real, 150.9 MB
[runlim] sample:		260.1 time, 270.3 real, 153.2 MB
[runlim] sample:		270.1 time, 280.3 real, 156.0 MB
[runlim] sample:		280.1 time, 290.3 real, 158.3 MB
[runlim] sample:		290.1 time, 300.3 real, 160.7 MB
[runlim] sample:		300.1 time, 310.3 real, 162.5 MB
CVC4 interrupted by SIGTERM.
[runlim] end:			Tue Jan 29 12:45:07 2019
[runlim] status:		out of time
[runlim] result:		2
[runlim] children:		0
[runlim] real:			310.35 seconds
[runlim] time:			300.05 seconds
[runlim] space:			162.5 MB
[runlim] samples:		3100
