[runlim] version:		1.10fixed
[runlim] time limit:		300 seconds
[runlim] real time limit:	311040000 seconds
[runlim] space limit:		4000 MB
[runlim] argv[0]:		./cvc4
[runlim] argv[1]:		--nl-ext-tplanes
[runlim] argv[2]:		--cbqi-all
[runlim] argv[3]:		/tmp/aZRxgyCc.smt2
[runlim] start:			Tue Jan 29 12:40:29 2019
[runlim] main pid:		32595
[runlim] sample:		9.3 time, 10.5 real, 41.3 MB
[runlim] sample:		18.9 time, 20.5 real, 49.1 MB
[runlim] sample:		28.6 time, 30.5 real, 55.7 MB
[runlim] sample:		38.2 time, 40.5 real, 61.9 MB
[runlim] sample:		47.9 time, 50.5 real, 66.0 MB
[runlim] sample:		57.9 time, 60.5 real, 69.6 MB
[runlim] sample:		67.2 time, 70.5 real, 72.7 MB
[runlim] sample:		76.3 time, 80.5 real, 76.0 MB
[runlim] sample:		84.9 time, 90.5 real, 78.6 MB
[runlim] sample:		94.4 time, 100.5 real, 81.4 MB
[runlim] sample:		104.1 time, 110.5 real, 84.6 MB
[runlim] sample:		114.1 time, 120.5 real, 87.0 MB
[runlim] sample:		124.1 time, 130.5 real, 89.3 MB
[runlim] sample:		134.1 time, 140.5 real, 93.8 MB
[runlim] sample:		143.6 time, 150.5 real, 96.1 MB
[runlim] sample:		152.9 time, 160.5 real, 97.9 MB
[runlim] sample:		162.9 time, 170.5 real, 99.7 MB
[runlim] sample:		171.7 time, 180.5 real, 101.5 MB
[runlim] sample:		181.5 time, 190.5 real, 103.8 MB
[runlim] sample:		191.1 time, 200.5 real, 105.9 MB
[runlim] sample:		199.6 time, 210.5 real, 107.4 MB
[runlim] sample:		207.8 time, 220.5 real, 109.2 MB
[runlim] sample:		215.9 time, 230.5 real, 110.5 MB
[runlim] sample:		223.7 time, 240.5 real, 111.8 MB
[runlim] sample:		231.7 time, 250.5 real, 113.1 MB
[runlim] sample:		239.8 time, 260.5 real, 114.4 MB
[runlim] sample:		249.6 time, 270.5 real, 115.9 MB
[runlim] sample:		259.0 time, 280.5 real, 117.7 MB
[runlim] sample:		267.2 time, 290.5 real, 119.0 MB
[runlim] sample:		275.9 time, 300.5 real, 120.3 MB
[runlim] sample:		285.2 time, 310.5 real, 121.3 MB
[runlim] sample:		294.3 time, 320.5 real, 122.9 MB
CVC4 interrupted by SIGTERM.
[runlim] end:			Tue Jan 29 12:45:55 2019
[runlim] status:		out of time
[runlim] result:		2
[runlim] children:		0
[runlim] real:			326.74 seconds
[runlim] time:			300.09 seconds
[runlim] space:			123.7 MB
[runlim] samples:		3262
