[runlim] version:		1.10fixed
[runlim] time limit:		300 seconds
[runlim] real time limit:	311040000 seconds
[runlim] space limit:		4000 MB
[runlim] argv[0]:		./cvc4
[runlim] argv[1]:		--nl-ext-tplanes
[runlim] argv[2]:		--cbqi-all
[runlim] argv[3]:		/tmp/a82uka1F.smt2
[runlim] start:			Tue Jan 29 13:14:56 2019
[runlim] main pid:		24317
[runlim] sample:		9.8 time, 10.7 real, 51.9 MB
[runlim] sample:		19.8 time, 20.7 real, 64.4 MB
[runlim] sample:		29.8 time, 30.7 real, 73.1 MB
[runlim] sample:		39.8 time, 40.7 real, 80.8 MB
[runlim] sample:		49.8 time, 50.7 real, 87.0 MB
[runlim] sample:		59.8 time, 60.7 real, 92.7 MB
[runlim] sample:		69.8 time, 70.7 real, 98.7 MB
[runlim] sample:		79.8 time, 80.7 real, 103.8 MB
[runlim] sample:		89.8 time, 90.7 real, 109.7 MB
[runlim] sample:		99.8 time, 100.7 real, 113.3 MB
[runlim] sample:		109.8 time, 110.7 real, 116.7 MB
[runlim] sample:		119.8 time, 120.7 real, 120.0 MB
[runlim] sample:		129.8 time, 130.7 real, 122.9 MB
[runlim] sample:		139.8 time, 140.7 real, 125.4 MB
[runlim] sample:		149.8 time, 150.7 real, 128.3 MB
[runlim] sample:		159.8 time, 160.7 real, 131.4 MB
[runlim] sample:		169.8 time, 170.7 real, 133.9 MB
[runlim] sample:		179.8 time, 180.7 real, 137.3 MB
[runlim] sample:		189.8 time, 190.7 real, 139.6 MB
[runlim] sample:		199.8 time, 200.7 real, 142.2 MB
[runlim] sample:		209.7 time, 210.7 real, 144.5 MB
[runlim] sample:		219.7 time, 220.7 real, 146.6 MB
[runlim] sample:		229.7 time, 230.7 real, 148.9 MB
[runlim] sample:		239.7 time, 240.7 real, 150.9 MB
[runlim] sample:		249.7 time, 250.7 real, 153.8 MB
[runlim] sample:		259.7 time, 260.7 real, 157.1 MB
[runlim] sample:		269.7 time, 270.7 real, 157.9 MB
[runlim] sample:		279.7 time, 280.7 real, 159.7 MB
[runlim] sample:		289.7 time, 290.7 real, 161.8 MB
[runlim] sample:		299.7 time, 300.7 real, 163.3 MB
CVC4 interrupted by SIGTERM.
[runlim] end:			Tue Jan 29 13:19:57 2019
[runlim] status:		out of time
[runlim] result:		2
[runlim] children:		0
[runlim] real:			301.03 seconds
[runlim] time:			300.02 seconds
[runlim] space:			163.6 MB
[runlim] samples:		3003
