[runlim] version:		1.10fixed
[runlim] time limit:		300 seconds
[runlim] real time limit:	311040000 seconds
[runlim] space limit:		4000 MB
[runlim] argv[0]:		./cvc4
[runlim] argv[1]:		--nl-ext-tplanes
[runlim] argv[2]:		--cbqi-all
[runlim] argv[3]:		/tmp/VvbufxaB.smt2
[runlim] start:			Tue Jan 29 13:12:00 2019
[runlim] main pid:		2777
[runlim] sample:		9.6 time, 10.8 real, 50.3 MB
[runlim] sample:		19.3 time, 20.8 real, 62.9 MB
[runlim] sample:		29.0 time, 30.8 real, 71.5 MB
[runlim] sample:		38.6 time, 40.8 real, 79.7 MB
[runlim] sample:		48.3 time, 50.8 real, 86.6 MB
[runlim] sample:		58.0 time, 60.8 real, 92.0 MB
[runlim] sample:		67.6 time, 70.8 real, 98.0 MB
[runlim] sample:		77.4 time, 80.8 real, 101.8 MB
[runlim] sample:		86.7 time, 90.8 real, 106.5 MB
[runlim] sample:		95.4 time, 100.8 real, 109.6 MB
[runlim] sample:		104.5 time, 110.8 real, 112.5 MB
[runlim] sample:		112.5 time, 120.8 real, 115.1 MB
[runlim] sample:		121.0 time, 130.8 real, 119.7 MB
[runlim] sample:		129.2 time, 140.8 real, 122.5 MB
[runlim] sample:		136.8 time, 150.8 real, 124.3 MB
[runlim] sample:		145.9 time, 160.8 real, 126.9 MB
[runlim] sample:		154.9 time, 170.8 real, 128.9 MB
[runlim] sample:		163.9 time, 180.8 real, 131.3 MB
[runlim] sample:		173.6 time, 190.8 real, 134.6 MB
[runlim] sample:		183.3 time, 200.8 real, 136.9 MB
[runlim] sample:		192.7 time, 210.8 real, 139.0 MB
[runlim] sample:		201.6 time, 220.8 real, 141.6 MB
[runlim] sample:		208.8 time, 230.8 real, 143.1 MB
[runlim] sample:		217.0 time, 240.8 real, 145.2 MB
[runlim] sample:		224.8 time, 250.8 real, 146.7 MB
[runlim] sample:		233.8 time, 260.8 real, 148.5 MB
[runlim] sample:		243.4 time, 270.8 real, 151.6 MB
[runlim] sample:		251.1 time, 280.8 real, 153.4 MB
[runlim] sample:		261.1 time, 290.8 real, 154.9 MB
[runlim] sample:		271.1 time, 300.8 real, 157.8 MB
[runlim] sample:		281.0 time, 310.8 real, 159.6 MB
[runlim] sample:		291.0 time, 320.8 real, 161.1 MB
CVC4 interrupted by SIGTERM.
[runlim] end:			Tue Jan 29 13:17:29 2019
[runlim] status:		out of time
[runlim] result:		2
[runlim] children:		0
[runlim] real:			329.87 seconds
[runlim] time:			300.04 seconds
[runlim] space:			162.9 MB
[runlim] samples:		3290
