[runlim] version:		1.10fixed
[runlim] time limit:		300 seconds
[runlim] real time limit:	311040000 seconds
[runlim] space limit:		4000 MB
[runlim] argv[0]:		./cvc4
[runlim] argv[1]:		--nl-ext-tplanes
[runlim] argv[2]:		--cbqi-all
[runlim] argv[3]:		/tmp/wpDVKZTr.smt2
[runlim] start:			Tue Jan 29 13:13:34 2019
[runlim] main pid:		30976
[runlim] sample:		9.9 time, 10.5 real, 52.1 MB
[runlim] sample:		19.9 time, 20.5 real, 64.3 MB
[runlim] sample:		29.9 time, 30.5 real, 73.5 MB
[runlim] sample:		39.9 time, 40.5 real, 80.8 MB
[runlim] sample:		49.9 time, 50.5 real, 87.2 MB
[runlim] sample:		59.9 time, 60.5 real, 92.6 MB
[runlim] sample:		69.9 time, 70.5 real, 98.6 MB
[runlim] sample:		79.9 time, 80.5 real, 103.5 MB
[runlim] sample:		89.9 time, 90.5 real, 109.7 MB
[runlim] sample:		99.9 time, 100.5 real, 113.3 MB
[runlim] sample:		109.9 time, 110.5 real, 116.7 MB
[runlim] sample:		119.9 time, 120.5 real, 119.8 MB
[runlim] sample:		129.9 time, 130.5 real, 122.9 MB
[runlim] sample:		139.9 time, 140.5 real, 125.7 MB
[runlim] sample:		149.9 time, 150.5 real, 128.5 MB
[runlim] sample:		159.9 time, 160.5 real, 131.4 MB
[runlim] sample:		169.9 time, 170.5 real, 133.9 MB
[runlim] sample:		179.9 time, 180.5 real, 137.3 MB
[runlim] sample:		189.9 time, 190.5 real, 139.9 MB
[runlim] sample:		199.9 time, 200.5 real, 141.9 MB
[runlim] sample:		209.9 time, 210.5 real, 144.8 MB
[runlim] sample:		219.9 time, 220.5 real, 146.8 MB
[runlim] sample:		229.9 time, 230.5 real, 148.9 MB
[runlim] sample:		239.9 time, 240.5 real, 150.9 MB
[runlim] sample:		249.9 time, 250.5 real, 153.5 MB
[runlim] sample:		259.9 time, 260.5 real, 156.6 MB
[runlim] sample:		269.9 time, 270.5 real, 158.2 MB
[runlim] sample:		279.9 time, 280.5 real, 159.4 MB
[runlim] sample:		289.9 time, 290.5 real, 161.8 MB
[runlim] sample:		299.9 time, 300.5 real, 163.6 MB
CVC4 interrupted by SIGTERM.
[runlim] end:			Tue Jan 29 13:18:34 2019
[runlim] status:		out of time
[runlim] result:		2
[runlim] children:		0
[runlim] real:			300.69 seconds
[runlim] time:			300.07 seconds
[runlim] space:			163.6 MB
[runlim] samples:		3002
