[runlim] version:		1.10fixed
[runlim] time limit:		300 seconds
[runlim] real time limit:	311040000 seconds
[runlim] space limit:		4000 MB
[runlim] argv[0]:		./cvc4
[runlim] argv[1]:		--nl-ext-tplanes
[runlim] argv[2]:		--cbqi-all
[runlim] argv[3]:		/tmp/me3PSoz6.smt2
[runlim] start:			Tue Jan 29 13:17:26 2019
[runlim] main pid:		5306
[runlim] sample:		8.9 time, 10.5 real, 171.2 MB
[runlim] sample:		17.9 time, 20.5 real, 288.7 MB
[runlim] sample:		26.9 time, 30.5 real, 386.7 MB
[runlim] sample:		36.8 time, 40.5 real, 490.4 MB
[runlim] sample:		46.8 time, 50.5 real, 564.8 MB
[runlim] sample:		56.8 time, 60.5 real, 648.9 MB
[runlim] sample:		66.8 time, 70.5 real, 728.7 MB
[runlim] sample:		76.8 time, 80.5 real, 802.2 MB
[runlim] sample:		86.8 time, 90.5 real, 869.1 MB
[runlim] sample:		96.8 time, 100.5 real, 934.2 MB
[runlim] sample:		106.8 time, 110.5 real, 998.1 MB
[runlim] sample:		116.8 time, 120.5 real, 1041.0 MB
[runlim] sample:		126.8 time, 130.5 real, 1096.8 MB
[runlim] sample:		136.8 time, 140.5 real, 1142.6 MB
[runlim] sample:		146.8 time, 150.5 real, 1222.9 MB
[runlim] sample:		156.8 time, 160.5 real, 1266.9 MB
[runlim] sample:		166.8 time, 170.5 real, 1301.6 MB
[runlim] sample:		176.8 time, 180.5 real, 1379.6 MB
[runlim] sample:		186.8 time, 190.5 real, 1416.7 MB
[runlim] sample:		196.8 time, 200.5 real, 1459.9 MB
[runlim] sample:		206.8 time, 210.5 real, 1496.0 MB
[runlim] sample:		216.8 time, 220.5 real, 1539.5 MB
[runlim] sample:		226.8 time, 230.5 real, 1596.1 MB
[runlim] sample:		236.8 time, 240.5 real, 1614.9 MB
[runlim] sample:		246.8 time, 250.5 real, 1663.5 MB
[runlim] sample:		256.8 time, 260.5 real, 1697.2 MB
[runlim] sample:		266.8 time, 270.5 real, 1753.6 MB
[runlim] sample:		276.7 time, 280.5 real, 1810.3 MB
[runlim] sample:		286.7 time, 290.5 real, 1840.6 MB
[runlim] sample:		296.8 time, 300.5 real, 1889.5 MB
CVC4 interrupted by SIGTERM.
[runlim] end:			Tue Jan 29 13:22:29 2019
[runlim] status:		out of time
[runlim] result:		2
[runlim] children:		0
[runlim] real:			303.90 seconds
[runlim] time:			300.14 seconds
[runlim] space:			1900.6 MB
[runlim] samples:		3034
