[runlim] version:		1.10fixed
[runlim] time limit:		300 seconds
[runlim] real time limit:	311040000 seconds
[runlim] space limit:		4000 MB
[runlim] argv[0]:		./cvc4
[runlim] argv[1]:		--nl-ext-tplanes
[runlim] argv[2]:		--cbqi-all
[runlim] argv[3]:		/tmp/iCkiqyk4.smt2
[runlim] start:			Tue Jan 29 12:35:48 2019
[runlim] main pid:		20138
[runlim] sample:		8.3 time, 10.9 real, 51.7 MB
[runlim] sample:		17.4 time, 20.9 real, 66.8 MB
[runlim] sample:		25.9 time, 30.9 real, 75.6 MB
[runlim] sample:		34.9 time, 40.9 real, 84.1 MB
[runlim] sample:		43.1 time, 50.9 real, 91.8 MB
[runlim] sample:		51.4 time, 60.9 real, 100.4 MB
[runlim] sample:		59.8 time, 70.9 real, 106.1 MB
[runlim] sample:		68.3 time, 80.9 real, 112.0 MB
[runlim] sample:		76.6 time, 90.9 real, 116.7 MB
[runlim] sample:		86.1 time, 100.9 real, 121.6 MB
[runlim] sample:		96.1 time, 110.9 real, 126.7 MB
[runlim] sample:		106.1 time, 120.9 real, 131.6 MB
[runlim] sample:		116.1 time, 130.9 real, 136.0 MB
[runlim] sample:		126.1 time, 140.9 real, 142.0 MB
[runlim] sample:		136.1 time, 150.9 real, 146.1 MB
[runlim] sample:		146.1 time, 160.9 real, 149.5 MB
[runlim] sample:		156.1 time, 170.9 real, 158.1 MB
[runlim] sample:		166.1 time, 180.9 real, 162.5 MB
[runlim] sample:		176.1 time, 190.9 real, 166.1 MB
[runlim] sample:		186.1 time, 200.9 real, 170.0 MB
[runlim] sample:		196.1 time, 210.9 real, 173.3 MB
[runlim] sample:		206.1 time, 220.9 real, 176.1 MB
[runlim] sample:		216.1 time, 230.9 real, 179.0 MB
[runlim] sample:		226.1 time, 240.9 real, 184.9 MB
[runlim] sample:		236.1 time, 250.9 real, 186.7 MB
[runlim] sample:		245.9 time, 260.9 real, 189.5 MB
[runlim] sample:		255.4 time, 270.9 real, 191.9 MB
[runlim] sample:		265.4 time, 280.9 real, 194.7 MB
[runlim] sample:		273.2 time, 290.9 real, 196.2 MB
[runlim] sample:		281.7 time, 300.9 real, 198.5 MB
[runlim] sample:		291.7 time, 310.9 real, 200.9 MB
CVC4 interrupted by SIGTERM.
[runlim] end:			Tue Jan 29 12:41:07 2019
[runlim] status:		out of time
[runlim] result:		2
[runlim] children:		0
[runlim] real:			319.22 seconds
[runlim] time:			300.03 seconds
[runlim] space:			202.7 MB
[runlim] samples:		3183
