[runlim] version:		1.10fixed
[runlim] time limit:		300 seconds
[runlim] real time limit:	311040000 seconds
[runlim] space limit:		4000 MB
[runlim] argv[0]:		./cvc4
[runlim] argv[1]:		--nl-ext-tplanes
[runlim] argv[2]:		--cbqi-all
[runlim] argv[3]:		/tmp/Uzqx5Hf2.smt2
[runlim] start:			Tue Jan 29 13:13:45 2019
[runlim] main pid:		11761
[runlim] sample:		9.6 time, 10.8 real, 52.3 MB
[runlim] sample:		18.9 time, 20.8 real, 64.4 MB
[runlim] sample:		28.9 time, 30.8 real, 74.2 MB
[runlim] sample:		38.9 time, 40.8 real, 81.9 MB
[runlim] sample:		48.9 time, 50.8 real, 88.6 MB
[runlim] sample:		58.9 time, 60.8 real, 93.8 MB
[runlim] sample:		67.5 time, 70.8 real, 99.2 MB
[runlim] sample:		76.0 time, 80.8 real, 104.1 MB
[runlim] sample:		84.7 time, 90.8 real, 107.7 MB
[runlim] sample:		93.4 time, 100.8 real, 112.5 MB
[runlim] sample:		102.2 time, 110.8 real, 115.6 MB
[runlim] sample:		110.9 time, 120.8 real, 118.9 MB
[runlim] sample:		119.7 time, 130.8 real, 121.8 MB
[runlim] sample:		128.4 time, 140.8 real, 124.3 MB
[runlim] sample:		137.2 time, 150.8 real, 126.9 MB
[runlim] sample:		145.9 time, 160.8 real, 129.2 MB
[runlim] sample:		154.6 time, 170.8 real, 131.6 MB
[runlim] sample:		163.3 time, 180.8 real, 134.1 MB
[runlim] sample:		172.0 time, 190.8 real, 136.5 MB
[runlim] sample:		180.7 time, 200.8 real, 138.8 MB
[runlim] sample:		189.8 time, 210.8 real, 141.4 MB
[runlim] sample:		199.8 time, 220.8 real, 144.7 MB
[runlim] sample:		209.8 time, 230.8 real, 147.0 MB
[runlim] sample:		219.8 time, 240.8 real, 148.8 MB
[runlim] sample:		229.8 time, 250.8 real, 150.9 MB
[runlim] sample:		239.8 time, 260.8 real, 153.0 MB
[runlim] sample:		249.8 time, 270.8 real, 155.0 MB
[runlim] sample:		259.8 time, 280.8 real, 159.1 MB
[runlim] sample:		269.8 time, 290.8 real, 161.0 MB
[runlim] sample:		279.8 time, 300.8 real, 162.8 MB
[runlim] sample:		289.4 time, 310.8 real, 164.6 MB
[runlim] sample:		299.4 time, 320.8 real, 166.6 MB
[runlim] end:			Tue Jan 29 13:19:06 2019
[runlim] status:		signal(9)
[runlim] result:		11
[runlim] children:		0
[runlim] real:			321.20 seconds
[runlim] time:			299.72 seconds
[runlim] space:			166.6 MB
[runlim] samples:		3203
