[runlim] version:		1.10fixed
[runlim] time limit:		300 seconds
[runlim] real time limit:	311040000 seconds
[runlim] space limit:		4000 MB
[runlim] argv[0]:		./cvc4
[runlim] argv[1]:		--nl-ext-tplanes
[runlim] argv[2]:		--cbqi-all
[runlim] argv[3]:		/tmp/C26Mri9Y.smt2
[runlim] start:			Tue Jan 29 12:37:23 2019
[runlim] main pid:		20186
[runlim] sample:		8.9 time, 11.0 real, 50.7 MB
[runlim] sample:		18.7 time, 21.0 real, 64.3 MB
[runlim] sample:		28.6 time, 31.0 real, 73.8 MB
[runlim] sample:		37.1 time, 41.0 real, 80.2 MB
[runlim] sample:		45.4 time, 51.0 real, 85.6 MB
[runlim] sample:		55.4 time, 61.0 real, 91.5 MB
[runlim] sample:		63.5 time, 71.0 real, 95.9 MB
[runlim] sample:		71.0 time, 81.0 real, 101.1 MB
[runlim] sample:		80.1 time, 91.0 real, 105.7 MB
[runlim] sample:		88.8 time, 101.0 real, 111.3 MB
[runlim] sample:		97.9 time, 111.0 real, 114.2 MB
[runlim] sample:		107.7 time, 121.0 real, 117.8 MB
[runlim] sample:		117.7 time, 131.0 real, 121.1 MB
[runlim] sample:		127.7 time, 141.0 real, 124.2 MB
[runlim] sample:		137.7 time, 151.0 real, 127.0 MB
[runlim] sample:		147.7 time, 161.0 real, 129.9 MB
[runlim] sample:		157.7 time, 171.0 real, 132.7 MB
[runlim] sample:		167.7 time, 181.0 real, 135.8 MB
[runlim] sample:		177.7 time, 191.0 real, 138.6 MB
[runlim] sample:		187.7 time, 201.0 real, 141.2 MB
[runlim] sample:		197.7 time, 211.0 real, 144.0 MB
[runlim] sample:		207.7 time, 221.0 real, 146.9 MB
[runlim] sample:		217.7 time, 231.0 real, 149.2 MB
[runlim] sample:		227.7 time, 241.0 real, 150.7 MB
[runlim] sample:		237.7 time, 251.0 real, 153.3 MB
[runlim] sample:		247.7 time, 261.0 real, 156.9 MB
[runlim] sample:		257.6 time, 271.0 real, 159.0 MB
[runlim] sample:		267.6 time, 281.0 real, 161.3 MB
[runlim] sample:		277.6 time, 291.0 real, 162.8 MB
[runlim] sample:		287.6 time, 301.0 real, 164.9 MB
[runlim] sample:		297.6 time, 311.0 real, 166.2 MB
CVC4 interrupted by SIGTERM.
[runlim] end:			Tue Jan 29 12:42:36 2019
[runlim] status:		out of time
[runlim] result:		2
[runlim] children:		0
[runlim] real:			313.41 seconds
[runlim] time:			300.04 seconds
[runlim] space:			166.7 MB
[runlim] samples:		3124
