[runlim] version:		1.10fixed
[runlim] time limit:		300 seconds
[runlim] real time limit:	311040000 seconds
[runlim] space limit:		4000 MB
[runlim] argv[0]:		./cvc4
[runlim] argv[1]:		--nl-ext-tplanes
[runlim] argv[2]:		--cbqi-all
[runlim] argv[3]:		/tmp/wqVHSSrT.smt2
[runlim] start:			Tue Jan 29 12:39:05 2019
[runlim] main pid:		5788
[runlim] sample:		9.1 time, 10.3 real, 180.4 MB
[runlim] sample:		19.1 time, 20.3 real, 289.8 MB
[runlim] sample:		29.1 time, 30.3 real, 383.8 MB
[runlim] sample:		39.0 time, 40.3 real, 436.0 MB
[runlim] sample:		49.0 time, 50.3 real, 436.0 MB
[runlim] sample:		58.3 time, 60.3 real, 524.3 MB
[runlim] sample:		67.0 time, 70.3 real, 524.3 MB
[runlim] sample:		76.0 time, 80.3 real, 524.3 MB
[runlim] sample:		85.9 time, 90.3 real, 524.3 MB
[runlim] sample:		95.6 time, 100.3 real, 524.3 MB
[runlim] sample:		105.5 time, 110.3 real, 524.3 MB
[runlim] sample:		115.5 time, 120.3 real, 524.3 MB
[runlim] sample:		125.5 time, 130.3 real, 524.3 MB
[runlim] sample:		135.5 time, 140.3 real, 524.3 MB
[runlim] sample:		145.5 time, 150.3 real, 524.3 MB
[runlim] sample:		154.9 time, 160.3 real, 524.3 MB
[runlim] sample:		164.3 time, 170.3 real, 524.3 MB
[runlim] sample:		174.3 time, 180.3 real, 524.3 MB
[runlim] sample:		183.3 time, 190.3 real, 524.5 MB
[runlim] sample:		192.9 time, 200.3 real, 524.5 MB
[runlim] sample:		202.9 time, 210.3 real, 524.5 MB
[runlim] sample:		212.9 time, 220.3 real, 524.5 MB
[runlim] sample:		222.9 time, 230.3 real, 524.8 MB
[runlim] sample:		232.2 time, 240.3 real, 525.0 MB
[runlim] sample:		242.1 time, 250.3 real, 525.3 MB
[runlim] sample:		252.1 time, 260.3 real, 525.3 MB
[runlim] sample:		262.1 time, 270.3 real, 525.3 MB
[runlim] sample:		271.6 time, 280.3 real, 525.3 MB
[runlim] sample:		281.0 time, 290.3 real, 525.3 MB
[runlim] sample:		291.0 time, 300.3 real, 525.3 MB
[runlim] end:			Tue Jan 29 12:44:12 2019
[runlim] status:		signal(9)
[runlim] result:		11
[runlim] children:		0
[runlim] real:			307.90 seconds
[runlim] time:			298.48 seconds
[runlim] space:			525.5 MB
[runlim] samples:		3075
