[runlim] version:		1.10fixed
[runlim] time limit:		300 seconds
[runlim] real time limit:	311040000 seconds
[runlim] space limit:		4000 MB
[runlim] argv[0]:		./cvc4
[runlim] argv[1]:		--nl-ext-tplanes
[runlim] argv[2]:		--cbqi-all
[runlim] argv[3]:		/tmp/So1lHF1A.smt2
[runlim] start:			Tue Jan 29 13:12:25 2019
[runlim] main pid:		21564
[runlim] sample:		9.4 time, 11.0 real, 53.9 MB
[runlim] sample:		17.9 time, 21.0 real, 67.9 MB
[runlim] sample:		27.8 time, 31.0 real, 78.8 MB
[runlim] sample:		37.8 time, 41.0 real, 88.9 MB
[runlim] sample:		47.8 time, 51.0 real, 99.0 MB
[runlim] sample:		57.8 time, 61.0 real, 106.5 MB
[runlim] sample:		67.8 time, 71.0 real, 113.2 MB
[runlim] sample:		77.8 time, 81.0 real, 119.1 MB
[runlim] sample:		87.8 time, 91.0 real, 124.2 MB
[runlim] sample:		97.8 time, 101.0 real, 129.1 MB
[runlim] sample:		107.8 time, 111.0 real, 133.5 MB
[runlim] sample:		117.8 time, 121.0 real, 137.9 MB
[runlim] sample:		127.7 time, 131.0 real, 143.9 MB
[runlim] sample:		137.7 time, 141.0 real, 147.7 MB
[runlim] sample:		147.7 time, 151.0 real, 155.4 MB
[runlim] sample:		157.7 time, 161.0 real, 160.0 MB
[runlim] sample:		167.7 time, 171.0 real, 163.9 MB
[runlim] sample:		177.7 time, 181.0 real, 167.5 MB
[runlim] sample:		187.7 time, 191.0 real, 171.1 MB
[runlim] sample:		197.7 time, 201.0 real, 174.2 MB
[runlim] sample:		207.7 time, 211.0 real, 177.3 MB
[runlim] sample:		217.7 time, 221.0 real, 180.1 MB
[runlim] sample:		227.7 time, 231.0 real, 185.3 MB
[runlim] sample:		237.7 time, 241.0 real, 187.6 MB
[runlim] sample:		247.7 time, 251.0 real, 190.2 MB
[runlim] sample:		257.7 time, 261.0 real, 193.3 MB
[runlim] sample:		267.7 time, 271.0 real, 195.6 MB
[runlim] sample:		277.7 time, 281.0 real, 198.2 MB
[runlim] sample:		287.7 time, 291.0 real, 200.7 MB
[runlim] sample:		297.7 time, 301.0 real, 203.1 MB
CVC4 interrupted by SIGTERM.
[runlim] end:			Tue Jan 29 13:17:28 2019
[runlim] status:		out of time
[runlim] result:		2
[runlim] children:		0
[runlim] real:			303.40 seconds
[runlim] time:			300.09 seconds
[runlim] space:			203.8 MB
[runlim] samples:		3024
