[runlim] version:		1.10fixed
[runlim] time limit:		300 seconds
[runlim] real time limit:	311040000 seconds
[runlim] space limit:		4000 MB
[runlim] argv[0]:		./cvc4
[runlim] argv[1]:		--nl-ext-tplanes
[runlim] argv[2]:		--cbqi-all
[runlim] argv[3]:		/tmp/zTwxW2II.smt2
[runlim] start:			Tue Jan 29 12:39:49 2019
[runlim] main pid:		13731
[runlim] sample:		9.6 time, 10.6 real, 53.1 MB
[runlim] sample:		19.0 time, 20.6 real, 65.6 MB
[runlim] sample:		29.0 time, 30.6 real, 75.8 MB
[runlim] sample:		39.0 time, 40.6 real, 84.0 MB
[runlim] sample:		48.9 time, 50.6 real, 90.7 MB
[runlim] sample:		58.4 time, 60.6 real, 97.4 MB
[runlim] sample:		67.7 time, 70.6 real, 103.0 MB
[runlim] sample:		77.6 time, 80.6 real, 109.9 MB
[runlim] sample:		87.6 time, 90.6 real, 114.0 MB
[runlim] sample:		96.0 time, 100.6 real, 117.1 MB
[runlim] sample:		104.0 time, 110.6 real, 120.2 MB
[runlim] sample:		113.3 time, 120.6 real, 123.3 MB
[runlim] sample:		123.3 time, 130.6 real, 126.6 MB
[runlim] sample:		133.3 time, 140.6 real, 130.0 MB
[runlim] sample:		143.3 time, 150.6 real, 133.3 MB
[runlim] sample:		153.3 time, 160.6 real, 136.2 MB
[runlim] sample:		163.3 time, 170.6 real, 139.8 MB
[runlim] sample:		173.3 time, 180.6 real, 142.6 MB
[runlim] sample:		182.9 time, 190.6 real, 145.7 MB
[runlim] sample:		192.6 time, 200.6 real, 148.3 MB
[runlim] sample:		202.2 time, 210.6 real, 150.6 MB
[runlim] sample:		211.9 time, 220.6 real, 153.2 MB
[runlim] sample:		221.6 time, 230.6 real, 158.3 MB
[runlim] sample:		231.2 time, 240.6 real, 158.8 MB
[runlim] sample:		241.0 time, 250.6 real, 160.6 MB
[runlim] sample:		251.0 time, 260.6 real, 163.5 MB
[runlim] sample:		261.0 time, 270.6 real, 165.3 MB
[runlim] sample:		271.0 time, 280.6 real, 167.3 MB
[runlim] sample:		281.0 time, 290.6 real, 171.3 MB
[runlim] sample:		291.0 time, 300.6 real, 173.1 MB
CVC4 interrupted by SIGTERM.
[runlim] end:			Tue Jan 29 12:44:58 2019
[runlim] status:		out of time
[runlim] result:		2
[runlim] children:		0
[runlim] real:			309.65 seconds
[runlim] time:			300.03 seconds
[runlim] space:			175.0 MB
[runlim] samples:		3090
