[runlim] version:		1.10fixed
[runlim] time limit:		300 seconds
[runlim] real time limit:	311040000 seconds
[runlim] space limit:		4000 MB
[runlim] argv[0]:		./cvc4
[runlim] argv[1]:		--nl-ext-tplanes
[runlim] argv[2]:		--cbqi-all
[runlim] argv[3]:		/tmp/6sYUJ6cu.smt2
[runlim] start:			Tue Jan 29 13:14:26 2019
[runlim] main pid:		15046
[runlim] sample:		8.8 time, 11.0 real, 50.8 MB
[runlim] sample:		17.9 time, 21.0 real, 63.0 MB
[runlim] sample:		27.9 time, 31.0 real, 72.4 MB
[runlim] sample:		36.0 time, 41.0 real, 78.8 MB
[runlim] sample:		45.5 time, 51.0 real, 85.0 MB
[runlim] sample:		55.5 time, 61.0 real, 90.6 MB
[runlim] sample:		65.5 time, 71.0 real, 95.8 MB
[runlim] sample:		75.5 time, 81.0 real, 102.2 MB
[runlim] sample:		85.5 time, 91.0 real, 108.5 MB
[runlim] sample:		95.5 time, 101.0 real, 112.1 MB
[runlim] sample:		105.5 time, 111.0 real, 115.7 MB
[runlim] sample:		115.5 time, 121.0 real, 119.1 MB
[runlim] sample:		125.5 time, 131.0 real, 121.9 MB
[runlim] sample:		135.5 time, 141.0 real, 125.0 MB
[runlim] sample:		145.5 time, 151.0 real, 127.9 MB
[runlim] sample:		155.5 time, 161.0 real, 130.7 MB
[runlim] sample:		165.4 time, 171.0 real, 133.3 MB
[runlim] sample:		175.4 time, 181.0 real, 135.6 MB
[runlim] sample:		185.4 time, 191.0 real, 138.9 MB
[runlim] sample:		195.4 time, 201.0 real, 141.2 MB
[runlim] sample:		205.4 time, 211.0 real, 144.1 MB
[runlim] sample:		215.4 time, 221.0 real, 146.4 MB
[runlim] sample:		225.3 time, 231.0 real, 148.5 MB
[runlim] sample:		235.3 time, 241.0 real, 150.5 MB
[runlim] sample:		245.3 time, 251.0 real, 152.8 MB
[runlim] sample:		255.3 time, 261.0 real, 154.4 MB
[runlim] sample:		265.3 time, 271.0 real, 158.0 MB
[runlim] sample:		275.2 time, 281.0 real, 160.1 MB
[runlim] sample:		284.2 time, 291.0 real, 161.1 MB
[runlim] sample:		293.9 time, 301.0 real, 163.4 MB
CVC4 interrupted by SIGTERM.
[runlim] end:			Tue Jan 29 13:19:33 2019
[runlim] status:		out of time
[runlim] result:		2
[runlim] children:		0
[runlim] real:			307.40 seconds
[runlim] time:			300.08 seconds
[runlim] space:			164.2 MB
[runlim] samples:		3064
