[runlim] version:		1.10fixed
[runlim] time limit:		300 seconds
[runlim] real time limit:	311040000 seconds
[runlim] space limit:		4000 MB
[runlim] argv[0]:		./cvc4
[runlim] argv[1]:		--nl-ext-tplanes
[runlim] argv[2]:		--cbqi-all
[runlim] argv[3]:		/tmp/3oeGjMB2.smt2
[runlim] start:			Tue Jan 29 13:13:28 2019
[runlim] main pid:		11738
[runlim] sample:		7.3 time, 10.1 real, 49.2 MB
[runlim] sample:		15.9 time, 20.1 real, 64.7 MB
[runlim] sample:		25.9 time, 30.1 real, 75.5 MB
[runlim] sample:		35.9 time, 40.1 real, 84.0 MB
[runlim] sample:		45.9 time, 50.1 real, 92.7 MB
[runlim] sample:		55.9 time, 60.1 real, 101.9 MB
[runlim] sample:		65.9 time, 70.1 real, 108.1 MB
[runlim] sample:		75.9 time, 80.1 real, 114.2 MB
[runlim] sample:		85.9 time, 90.1 real, 119.4 MB
[runlim] sample:		95.9 time, 100.1 real, 123.8 MB
[runlim] sample:		105.9 time, 110.1 real, 127.9 MB
[runlim] sample:		115.9 time, 120.1 real, 132.0 MB
[runlim] sample:		125.0 time, 130.1 real, 135.4 MB
[runlim] sample:		133.6 time, 140.1 real, 138.5 MB
[runlim] sample:		142.3 time, 150.1 real, 143.2 MB
[runlim] sample:		151.0 time, 160.1 real, 146.1 MB
[runlim] sample:		159.7 time, 170.1 real, 148.9 MB
[runlim] sample:		169.6 time, 180.1 real, 152.0 MB
[runlim] sample:		179.6 time, 190.1 real, 159.7 MB
[runlim] sample:		189.6 time, 200.1 real, 162.7 MB
[runlim] sample:		199.6 time, 210.1 real, 165.8 MB
[runlim] sample:		209.6 time, 220.1 real, 168.9 MB
[runlim] sample:		219.6 time, 230.1 real, 171.8 MB
[runlim] sample:		229.6 time, 240.1 real, 174.6 MB
[runlim] sample:		239.6 time, 250.1 real, 176.9 MB
[runlim] sample:		248.8 time, 260.1 real, 179.2 MB
[runlim] sample:		258.1 time, 270.1 real, 182.8 MB
[runlim] sample:		267.4 time, 280.1 real, 185.4 MB
[runlim] sample:		276.4 time, 290.1 real, 188.0 MB
[runlim] sample:		285.4 time, 300.1 real, 189.5 MB
[runlim] sample:		295.4 time, 310.1 real, 192.1 MB
CVC4 interrupted by SIGTERM.
[runlim] end:			Tue Jan 29 13:18:42 2019
[runlim] status:		out of time
[runlim] result:		2
[runlim] children:		0
[runlim] real:			314.81 seconds
[runlim] time:			300.08 seconds
[runlim] space:			193.1 MB
[runlim] samples:		3147
