[runlim] version:		1.10fixed
[runlim] time limit:		300 seconds
[runlim] real time limit:	311040000 seconds
[runlim] space limit:		4000 MB
[runlim] argv[0]:		./cvc4
[runlim] argv[1]:		--nl-ext-tplanes
[runlim] argv[2]:		--cbqi-all
[runlim] argv[3]:		/tmp/Ms6nBCNl.smt2
[runlim] start:			Tue Jan 29 12:51:14 2019
[runlim] main pid:		21000
[runlim] sample:		7.8 time, 10.1 real, 39.6 MB
[runlim] sample:		17.8 time, 20.1 real, 55.0 MB
[runlim] sample:		27.6 time, 30.1 real, 65.7 MB
[runlim] sample:		37.4 time, 40.1 real, 68.8 MB
[runlim] sample:		47.4 time, 50.1 real, 70.1 MB
[runlim] sample:		57.4 time, 60.1 real, 77.3 MB
[runlim] sample:		67.4 time, 70.1 real, 106.1 MB
[runlim] sample:		77.4 time, 80.1 real, 106.4 MB
[runlim] sample:		87.4 time, 90.1 real, 106.6 MB
[runlim] sample:		97.4 time, 100.1 real, 109.1 MB
[runlim] sample:		107.4 time, 110.1 real, 109.6 MB
[runlim] sample:		117.4 time, 120.1 real, 109.9 MB
[runlim] sample:		127.4 time, 130.1 real, 111.4 MB
[runlim] sample:		137.4 time, 140.1 real, 112.3 MB
[runlim] sample:		147.4 time, 150.1 real, 112.5 MB
[runlim] sample:		157.4 time, 160.1 real, 113.1 MB
[runlim] sample:		167.4 time, 170.1 real, 113.7 MB
[runlim] sample:		176.2 time, 180.1 real, 113.9 MB
[runlim] sample:		186.1 time, 190.1 real, 113.9 MB
[runlim] sample:		194.0 time, 200.1 real, 114.2 MB
[runlim] sample:		202.0 time, 210.1 real, 114.9 MB
[runlim] sample:		210.6 time, 220.1 real, 115.1 MB
[runlim] sample:		220.6 time, 230.1 real, 115.1 MB
[runlim] sample:		230.6 time, 240.1 real, 115.1 MB
[runlim] sample:		240.1 time, 250.1 real, 172.5 MB
[runlim] sample:		249.8 time, 260.1 real, 174.8 MB
[runlim] sample:		259.5 time, 270.1 real, 174.8 MB
[runlim] sample:		269.4 time, 280.1 real, 175.1 MB
[runlim] sample:		279.0 time, 290.1 real, 175.1 MB
[runlim] sample:		288.9 time, 300.1 real, 176.9 MB
[runlim] sample:		298.9 time, 310.1 real, 176.9 MB
[runlim] end:			Tue Jan 29 12:56:24 2019
[runlim] status:		signal(9)
[runlim] result:		11
[runlim] children:		0
[runlim] real:			310.76 seconds
[runlim] time:			299.47 seconds
[runlim] space:			176.9 MB
[runlim] samples:		3106
