[runlim] version:		1.10fixed
[runlim] time limit:		300 seconds
[runlim] real time limit:	311040000 seconds
[runlim] space limit:		4000 MB
[runlim] argv[0]:		./cvc4
[runlim] argv[1]:		--nl-ext-tplanes
[runlim] argv[2]:		--cbqi-all
[runlim] argv[3]:		/tmp/cszoreRg.smt2
[runlim] start:			Tue Jan 29 13:03:09 2019
[runlim] main pid:		5776
[runlim] sample:		10.0 time, 10.3 real, 59.2 MB
[runlim] sample:		19.7 time, 20.3 real, 81.7 MB
[runlim] sample:		29.4 time, 30.3 real, 100.4 MB
[runlim] sample:		39.1 time, 40.3 real, 114.9 MB
[runlim] sample:		48.8 time, 50.3 real, 128.5 MB
[runlim] sample:		58.5 time, 60.3 real, 140.6 MB
[runlim] sample:		68.2 time, 70.3 real, 151.9 MB
[runlim] sample:		77.9 time, 80.3 real, 160.8 MB
[runlim] sample:		87.6 time, 90.3 real, 169.8 MB
[runlim] sample:		97.6 time, 100.3 real, 178.6 MB
[runlim] sample:		107.6 time, 110.3 real, 189.4 MB
[runlim] sample:		117.6 time, 120.3 real, 196.6 MB
[runlim] sample:		127.6 time, 130.3 real, 205.0 MB
[runlim] sample:		137.6 time, 140.3 real, 216.5 MB
[runlim] sample:		147.6 time, 150.3 real, 222.1 MB
[runlim] sample:		157.6 time, 160.3 real, 227.3 MB
[runlim] sample:		167.6 time, 170.3 real, 236.8 MB
[runlim] sample:		177.6 time, 180.3 real, 244.5 MB
[runlim] sample:		187.6 time, 190.3 real, 250.7 MB
[runlim] sample:		197.6 time, 200.3 real, 260.5 MB
[runlim] sample:		207.5 time, 210.3 real, 265.7 MB
[runlim] sample:		217.2 time, 220.3 real, 271.3 MB
[runlim] sample:		226.9 time, 230.3 real, 275.5 MB
[runlim] sample:		236.6 time, 240.3 real, 280.6 MB
[runlim] sample:		246.3 time, 250.3 real, 290.9 MB
[runlim] sample:		256.0 time, 260.3 real, 292.0 MB
[runlim] sample:		265.7 time, 270.3 real, 303.9 MB
[runlim] sample:		275.4 time, 280.3 real, 304.9 MB
[runlim] sample:		284.6 time, 290.3 real, 315.2 MB
[runlim] sample:		293.6 time, 300.3 real, 316.0 MB
CVC4 interrupted by SIGTERM.
[runlim] end:			Tue Jan 29 13:08:16 2019
[runlim] status:		out of time
[runlim] result:		2
[runlim] children:		0
[runlim] real:			307.40 seconds
[runlim] time:			300.05 seconds
[runlim] space:			316.9 MB
[runlim] samples:		3071
