[runlim] version:		1.10fixed
[runlim] time limit:		300 seconds
[runlim] real time limit:	311040000 seconds
[runlim] space limit:		4000 MB
[runlim] argv[0]:		./cvc4
[runlim] argv[1]:		--nl-ext-tplanes
[runlim] argv[2]:		--cbqi-all
[runlim] argv[3]:		/tmp/3SZQTUYG.smt2
[runlim] start:			Tue Jan 29 12:51:37 2019
[runlim] main pid:		7077
[runlim] sample:		9.1 time, 10.7 real, 53.0 MB
[runlim] sample:		18.4 time, 20.7 real, 66.5 MB
[runlim] sample:		28.4 time, 30.7 real, 90.1 MB
[runlim] sample:		38.5 time, 40.7 real, 95.4 MB
[runlim] sample:		48.4 time, 50.7 real, 95.4 MB
[runlim] sample:		58.4 time, 60.7 real, 95.4 MB
[runlim] sample:		68.4 time, 70.7 real, 95.6 MB
[runlim] sample:		78.4 time, 80.7 real, 95.6 MB
[runlim] sample:		87.1 time, 90.7 real, 96.2 MB
[runlim] sample:		96.0 time, 100.7 real, 96.2 MB
[runlim] sample:		104.9 time, 110.7 real, 107.2 MB
[runlim] sample:		113.9 time, 120.7 real, 107.2 MB
[runlim] sample:		122.8 time, 130.7 real, 107.2 MB
[runlim] sample:		131.8 time, 140.7 real, 107.2 MB
[runlim] sample:		140.7 time, 150.7 real, 107.5 MB
[runlim] sample:		149.5 time, 160.7 real, 107.5 MB
[runlim] sample:		158.3 time, 170.7 real, 107.5 MB
[runlim] sample:		167.9 time, 180.7 real, 107.5 MB
[runlim] sample:		177.9 time, 190.7 real, 107.5 MB
[runlim] sample:		187.6 time, 200.7 real, 107.8 MB
[runlim] sample:		196.0 time, 210.7 real, 113.4 MB
[runlim] sample:		204.6 time, 220.7 real, 118.4 MB
[runlim] sample:		213.7 time, 230.7 real, 118.4 MB
[runlim] sample:		223.4 time, 240.7 real, 118.9 MB
[runlim] sample:		233.0 time, 250.7 real, 118.9 MB
[runlim] sample:		242.7 time, 260.7 real, 118.9 MB
[runlim] sample:		252.3 time, 270.7 real, 118.9 MB
[runlim] sample:		262.0 time, 280.7 real, 118.9 MB
[runlim] sample:		271.7 time, 290.7 real, 118.9 MB
[runlim] sample:		281.3 time, 300.7 real, 119.2 MB
[runlim] sample:		291.0 time, 310.7 real, 119.2 MB
CVC4 interrupted by SIGTERM.
[runlim] end:			Tue Jan 29 12:56:57 2019
[runlim] status:		out of time
[runlim] result:		2
[runlim] children:		0
[runlim] real:			320.02 seconds
[runlim] time:			300.08 seconds
[runlim] space:			119.2 MB
[runlim] samples:		3193
