[runlim] version:		1.10fixed
[runlim] time limit:		300 seconds
[runlim] real time limit:	311040000 seconds
[runlim] space limit:		4000 MB
[runlim] argv[0]:		./cvc4
[runlim] argv[1]:		--nl-ext-tplanes
[runlim] argv[2]:		--cbqi-all
[runlim] argv[3]:		/tmp/Q9xh5Ci5.smt2
[runlim] start:			Tue Jan 29 13:07:05 2019
[runlim] main pid:		9890
[runlim] sample:		9.0 time, 10.7 real, 42.1 MB
[runlim] sample:		18.3 time, 20.7 real, 48.5 MB
[runlim] sample:		27.9 time, 30.7 real, 56.8 MB
[runlim] sample:		37.6 time, 40.7 real, 74.7 MB
[runlim] sample:		47.2 time, 50.7 real, 82.9 MB
[runlim] sample:		56.9 time, 60.7 real, 91.6 MB
[runlim] sample:		66.5 time, 70.7 real, 93.7 MB
[runlim] sample:		74.7 time, 80.7 real, 97.6 MB
[runlim] sample:		84.2 time, 90.7 real, 101.1 MB
[runlim] sample:		94.2 time, 100.7 real, 105.0 MB
[runlim] sample:		104.2 time, 110.7 real, 107.5 MB
[runlim] sample:		114.2 time, 120.7 real, 112.0 MB
[runlim] sample:		123.8 time, 130.7 real, 115.3 MB
[runlim] sample:		133.1 time, 140.7 real, 118.4 MB
[runlim] sample:		142.8 time, 150.7 real, 120.4 MB
[runlim] sample:		152.7 time, 160.7 real, 123.7 MB
[runlim] sample:		162.7 time, 170.7 real, 126.3 MB
[runlim] sample:		172.7 time, 180.7 real, 129.1 MB
[runlim] sample:		182.7 time, 190.7 real, 134.1 MB
[runlim] sample:		192.7 time, 200.7 real, 135.6 MB
[runlim] sample:		201.4 time, 210.7 real, 137.4 MB
[runlim] sample:		210.3 time, 220.7 real, 138.9 MB
[runlim] sample:		219.4 time, 230.7 real, 141.7 MB
[runlim] sample:		229.4 time, 240.7 real, 143.5 MB
[runlim] sample:		239.4 time, 250.7 real, 146.6 MB
[runlim] sample:		249.4 time, 260.7 real, 148.4 MB
[runlim] sample:		259.0 time, 270.7 real, 151.5 MB
[runlim] sample:		267.4 time, 280.7 real, 152.7 MB
[runlim] sample:		277.3 time, 290.7 real, 156.1 MB
[runlim] sample:		287.3 time, 300.7 real, 157.6 MB
[runlim] sample:		297.3 time, 310.7 real, 160.6 MB
CVC4 interrupted by SIGTERM.
[runlim] end:			Tue Jan 29 13:12:18 2019
[runlim] status:		out of time
[runlim] result:		2
[runlim] children:		0
[runlim] real:			313.54 seconds
[runlim] time:			300.10 seconds
[runlim] space:			161.2 MB
[runlim] samples:		3128
