[runlim] version:		1.10fixed
[runlim] time limit:		300 seconds
[runlim] real time limit:	311040000 seconds
[runlim] space limit:		4000 MB
[runlim] argv[0]:		./cvc4
[runlim] argv[1]:		--nl-ext-tplanes
[runlim] argv[2]:		--cbqi-all
[runlim] argv[3]:		/tmp/CYgoNW8A.smt2
[runlim] start:			Tue Jan 29 12:50:50 2019
[runlim] main pid:		9922
[runlim] sample:		9.1 time, 10.9 real, 38.7 MB
[runlim] sample:		18.6 time, 20.9 real, 45.4 MB
[runlim] sample:		28.6 time, 30.9 real, 52.1 MB
[runlim] sample:		38.1 time, 40.9 real, 57.8 MB
[runlim] sample:		46.8 time, 50.9 real, 62.1 MB
[runlim] sample:		55.2 time, 60.9 real, 66.0 MB
[runlim] sample:		64.7 time, 70.9 real, 69.9 MB
[runlim] sample:		74.5 time, 80.9 real, 74.0 MB
[runlim] sample:		84.5 time, 90.9 real, 78.3 MB
[runlim] sample:		94.5 time, 100.9 real, 81.4 MB
[runlim] sample:		104.5 time, 110.9 real, 86.0 MB
[runlim] sample:		114.5 time, 120.9 real, 89.6 MB
[runlim] sample:		124.5 time, 130.9 real, 92.4 MB
[runlim] sample:		134.5 time, 140.9 real, 95.5 MB
[runlim] sample:		144.5 time, 150.9 real, 98.3 MB
[runlim] sample:		154.5 time, 160.9 real, 101.4 MB
[runlim] sample:		164.5 time, 170.9 real, 103.7 MB
[runlim] sample:		174.5 time, 180.9 real, 109.5 MB
[runlim] sample:		184.5 time, 190.9 real, 110.3 MB
[runlim] sample:		194.5 time, 200.9 real, 112.9 MB
[runlim] sample:		204.5 time, 210.9 real, 114.9 MB
[runlim] sample:		214.5 time, 220.9 real, 117.5 MB
[runlim] sample:		224.5 time, 230.9 real, 119.6 MB
[runlim] sample:		234.5 time, 240.9 real, 122.1 MB
[runlim] sample:		244.5 time, 250.9 real, 124.5 MB
[runlim] sample:		254.5 time, 260.9 real, 126.5 MB
[runlim] sample:		264.5 time, 270.9 real, 129.1 MB
[runlim] sample:		274.5 time, 280.9 real, 131.2 MB
[runlim] sample:		284.5 time, 290.9 real, 134.0 MB
[runlim] sample:		294.5 time, 300.9 real, 136.3 MB
CVC4 interrupted by SIGTERM.
[runlim] end:			Tue Jan 29 12:55:56 2019
[runlim] status:		out of time
[runlim] result:		2
[runlim] children:		0
[runlim] real:			306.47 seconds
[runlim] time:			300.09 seconds
[runlim] space:			137.1 MB
[runlim] samples:		3056
