[runlim] version:		1.10fixed
[runlim] time limit:		300 seconds
[runlim] real time limit:	311040000 seconds
[runlim] space limit:		4000 MB
[runlim] argv[0]:		./cvc4
[runlim] argv[1]:		--nl-ext-tplanes
[runlim] argv[2]:		--cbqi-all
[runlim] argv[3]:		/tmp/9xRQpB0X.smt2
[runlim] start:			Tue Jan 29 13:07:05 2019
[runlim] main pid:		4462
[runlim] sample:		10.0 time, 10.6 real, 39.7 MB
[runlim] sample:		20.0 time, 20.6 real, 47.6 MB
[runlim] sample:		30.0 time, 30.6 real, 53.2 MB
[runlim] sample:		40.0 time, 40.6 real, 59.3 MB
[runlim] sample:		50.0 time, 50.6 real, 63.5 MB
[runlim] sample:		60.0 time, 60.6 real, 67.8 MB
[runlim] sample:		70.0 time, 70.6 real, 72.0 MB
[runlim] sample:		80.0 time, 80.6 real, 75.6 MB
[runlim] sample:		90.0 time, 90.6 real, 78.9 MB
[runlim] sample:		100.0 time, 100.6 real, 82.3 MB
[runlim] sample:		110.0 time, 110.6 real, 85.9 MB
[runlim] sample:		120.0 time, 120.6 real, 90.5 MB
[runlim] sample:		129.9 time, 130.6 real, 93.1 MB
[runlim] sample:		139.9 time, 140.6 real, 96.4 MB
[runlim] sample:		149.9 time, 150.6 real, 99.0 MB
[runlim] sample:		159.9 time, 160.6 real, 101.6 MB
[runlim] sample:		169.9 time, 170.6 real, 104.7 MB
[runlim] sample:		179.9 time, 180.6 real, 108.0 MB
[runlim] sample:		189.9 time, 190.6 real, 110.0 MB
[runlim] sample:		199.9 time, 200.6 real, 112.1 MB
[runlim] sample:		209.9 time, 210.6 real, 114.4 MB
[runlim] sample:		219.9 time, 220.6 real, 116.8 MB
[runlim] sample:		229.9 time, 230.6 real, 119.1 MB
[runlim] sample:		239.9 time, 240.6 real, 121.1 MB
[runlim] sample:		249.9 time, 250.6 real, 123.5 MB
[runlim] sample:		259.9 time, 260.6 real, 125.5 MB
[runlim] sample:		269.9 time, 270.6 real, 127.8 MB
[runlim] sample:		279.9 time, 280.6 real, 130.2 MB
[runlim] sample:		289.9 time, 290.6 real, 132.7 MB
[runlim] sample:		299.9 time, 300.6 real, 134.0 MB
CVC4 interrupted by SIGTERM.
[runlim] end:			Tue Jan 29 13:12:05 2019
[runlim] status:		out of time
[runlim] result:		2
[runlim] children:		0
[runlim] real:			300.75 seconds
[runlim] time:			300.04 seconds
[runlim] space:			134.0 MB
[runlim] samples:		3001
