[runlim] version:		1.10fixed
[runlim] time limit:		300 seconds
[runlim] real time limit:	311040000 seconds
[runlim] space limit:		4000 MB
[runlim] argv[0]:		./cvc4
[runlim] argv[1]:		--nl-ext-tplanes
[runlim] argv[2]:		--cbqi-all
[runlim] argv[3]:		/tmp/OcdGA1Lg.smt2
[runlim] start:			Tue Jan 29 13:07:05 2019
[runlim] main pid:		8839
[runlim] sample:		9.3 time, 10.7 real, 42.7 MB
[runlim] sample:		18.7 time, 20.7 real, 62.3 MB
[runlim] sample:		28.1 time, 30.7 real, 77.1 MB
[runlim] sample:		37.5 time, 40.7 real, 87.6 MB
[runlim] sample:		46.8 time, 50.7 real, 95.6 MB
[runlim] sample:		56.2 time, 60.7 real, 103.5 MB
[runlim] sample:		65.9 time, 70.7 real, 112.7 MB
[runlim] sample:		75.6 time, 80.7 real, 121.7 MB
[runlim] sample:		85.3 time, 90.7 real, 130.6 MB
[runlim] sample:		95.0 time, 100.7 real, 140.6 MB
[runlim] sample:		104.7 time, 110.7 real, 146.5 MB
[runlim] sample:		114.1 time, 120.7 real, 150.4 MB
[runlim] sample:		124.1 time, 130.7 real, 159.9 MB
[runlim] sample:		134.1 time, 140.7 real, 160.2 MB
[runlim] sample:		143.2 time, 150.7 real, 169.9 MB
[runlim] sample:		152.2 time, 160.7 real, 170.4 MB
[runlim] sample:		161.3 time, 170.7 real, 180.7 MB
[runlim] sample:		170.3 time, 180.7 real, 180.7 MB
[runlim] sample:		179.3 time, 190.7 real, 192.8 MB
[runlim] sample:		188.4 time, 200.7 real, 192.8 MB
[runlim] sample:		197.4 time, 210.7 real, 197.9 MB
[runlim] sample:		206.4 time, 220.7 real, 202.6 MB
[runlim] sample:		215.5 time, 230.7 real, 202.6 MB
[runlim] sample:		224.5 time, 240.7 real, 212.0 MB
[runlim] sample:		234.0 time, 250.7 real, 216.7 MB
[runlim] sample:		244.0 time, 260.7 real, 223.4 MB
[runlim] sample:		253.6 time, 270.7 real, 228.1 MB
[runlim] sample:		263.6 time, 280.7 real, 228.3 MB
[runlim] sample:		273.6 time, 290.7 real, 234.5 MB
[runlim] sample:		283.5 time, 300.7 real, 239.4 MB
[runlim] sample:		293.5 time, 310.7 real, 239.4 MB
CVC4 interrupted by SIGTERM.
[runlim] end:			Tue Jan 29 13:12:22 2019
[runlim] status:		out of time
[runlim] result:		2
[runlim] children:		0
[runlim] real:			317.23 seconds
[runlim] time:			300.02 seconds
[runlim] space:			250.2 MB
[runlim] samples:		3165
