[runlim] version:		1.10fixed
[runlim] time limit:		300 seconds
[runlim] real time limit:	311040000 seconds
[runlim] space limit:		4000 MB
[runlim] argv[0]:		./cvc4
[runlim] argv[1]:		--nl-ext-tplanes
[runlim] argv[2]:		--cbqi-all
[runlim] argv[3]:		/tmp/0SW8NEBu.smt2
[runlim] start:			Tue Jan 29 12:50:16 2019
[runlim] main pid:		10479
[runlim] sample:		8.6 time, 10.1 real, 38.3 MB
[runlim] sample:		18.6 time, 20.1 real, 46.3 MB
[runlim] sample:		27.2 time, 30.1 real, 52.7 MB
[runlim] sample:		35.8 time, 40.1 real, 58.5 MB
[runlim] sample:		44.7 time, 50.1 real, 62.6 MB
[runlim] sample:		54.7 time, 60.1 real, 67.0 MB
[runlim] sample:		64.6 time, 70.1 real, 71.3 MB
[runlim] sample:		74.6 time, 80.1 real, 76.8 MB
[runlim] sample:		84.6 time, 90.1 real, 79.3 MB
[runlim] sample:		94.6 time, 100.1 real, 82.9 MB
[runlim] sample:		104.6 time, 110.1 real, 87.6 MB
[runlim] sample:		114.6 time, 120.1 real, 91.0 MB
[runlim] sample:		124.6 time, 130.1 real, 94.9 MB
[runlim] sample:		134.6 time, 140.1 real, 97.4 MB
[runlim] sample:		144.6 time, 150.1 real, 100.8 MB
[runlim] sample:		154.6 time, 160.1 real, 103.4 MB
[runlim] sample:		164.6 time, 170.1 real, 106.7 MB
[runlim] sample:		174.6 time, 180.1 real, 109.3 MB
[runlim] sample:		184.6 time, 190.1 real, 112.1 MB
[runlim] sample:		194.6 time, 200.1 real, 114.9 MB
[runlim] sample:		204.6 time, 210.1 real, 117.5 MB
[runlim] sample:		214.6 time, 220.1 real, 119.8 MB
[runlim] sample:		224.6 time, 230.1 real, 122.2 MB
[runlim] sample:		234.6 time, 240.1 real, 124.5 MB
[runlim] sample:		244.6 time, 250.1 real, 126.8 MB
[runlim] sample:		254.6 time, 260.1 real, 129.4 MB
[runlim] sample:		264.6 time, 270.1 real, 131.4 MB
[runlim] sample:		274.6 time, 280.1 real, 133.8 MB
[runlim] sample:		284.6 time, 290.1 real, 136.6 MB
[runlim] sample:		294.6 time, 300.1 real, 139.2 MB
CVC4 interrupted by SIGTERM.
[runlim] end:			Tue Jan 29 12:55:21 2019
[runlim] status:		out of time
[runlim] result:		2
[runlim] children:		0
[runlim] real:			305.65 seconds
[runlim] time:			300.08 seconds
[runlim] space:			139.7 MB
[runlim] samples:		3055
