[runlim] version:		1.10fixed
[runlim] time limit:		300 seconds
[runlim] real time limit:	311040000 seconds
[runlim] space limit:		4000 MB
[runlim] argv[0]:		./cvc4
[runlim] argv[1]:		--nl-ext-tplanes
[runlim] argv[2]:		--cbqi-all
[runlim] argv[3]:		/tmp/u96hYP1J.smt2
[runlim] start:			Tue Jan 29 12:51:16 2019
[runlim] main pid:		2595
[runlim] sample:		8.0 time, 10.7 real, 59.0 MB
[runlim] sample:		18.0 time, 20.7 real, 84.0 MB
[runlim] sample:		27.8 time, 30.7 real, 109.5 MB
[runlim] sample:		37.8 time, 40.7 real, 119.5 MB
[runlim] sample:		46.3 time, 50.7 real, 165.7 MB
[runlim] sample:		55.9 time, 60.7 real, 166.2 MB
[runlim] sample:		64.3 time, 70.7 real, 177.1 MB
[runlim] sample:		73.9 time, 80.7 real, 197.0 MB
[runlim] sample:		83.3 time, 90.7 real, 225.1 MB
[runlim] sample:		92.0 time, 100.7 real, 225.4 MB
[runlim] sample:		100.1 time, 110.7 real, 258.6 MB
[runlim] sample:		107.5 time, 120.7 real, 258.9 MB
[runlim] sample:		117.2 time, 130.7 real, 258.9 MB
[runlim] sample:		125.0 time, 140.7 real, 268.9 MB
[runlim] sample:		133.3 time, 150.7 real, 269.2 MB
[runlim] sample:		141.8 time, 160.7 real, 269.2 MB
[runlim] sample:		151.5 time, 170.7 real, 330.8 MB
[runlim] sample:		160.9 time, 180.7 real, 508.5 MB
[runlim] sample:		170.7 time, 190.7 real, 719.4 MB
[runlim] sample:		180.7 time, 200.7 real, 881.5 MB
[runlim] sample:		189.9 time, 210.7 real, 1052.4 MB
[runlim] sample:		199.9 time, 220.7 real, 1247.0 MB
[runlim] sample:		209.9 time, 230.7 real, 1464.6 MB
[runlim] sample:		219.0 time, 240.7 real, 1469.8 MB
[runlim] sample:		228.2 time, 250.7 real, 1470.3 MB
[runlim] sample:		237.7 time, 260.7 real, 1471.3 MB
[runlim] sample:		247.3 time, 270.7 real, 1471.8 MB
[runlim] sample:		257.3 time, 280.7 real, 1471.8 MB
[runlim] sample:		267.2 time, 290.7 real, 1471.8 MB
[runlim] sample:		277.2 time, 300.7 real, 1471.8 MB
[runlim] sample:		287.2 time, 310.7 real, 1471.8 MB
[runlim] sample:		297.2 time, 320.7 real, 1471.8 MB
CVC4 interrupted by SIGTERM.
[runlim] end:			Tue Jan 29 12:56:39 2019
[runlim] status:		out of time
[runlim] result:		2
[runlim] children:		0
[runlim] real:			323.56 seconds
[runlim] time:			300.05 seconds
[runlim] space:			1471.8 MB
[runlim] samples:		3228
