[runlim] version:		1.10fixed
[runlim] time limit:		300 seconds
[runlim] real time limit:	311040000 seconds
[runlim] space limit:		4000 MB
[runlim] argv[0]:		./cvc4
[runlim] argv[1]:		--nl-ext-tplanes
[runlim] argv[2]:		--cbqi-all
[runlim] argv[3]:		/tmp/60JnsyPT.smt2
[runlim] start:			Tue Jan 29 12:52:28 2019
[runlim] main pid:		2537
[runlim] sample:		8.3 time, 10.5 real, 40.4 MB
[runlim] sample:		17.3 time, 20.5 real, 49.3 MB
[runlim] sample:		27.3 time, 30.5 real, 55.9 MB
[runlim] sample:		37.3 time, 40.5 real, 58.2 MB
[runlim] sample:		47.3 time, 50.5 real, 65.5 MB
[runlim] sample:		57.2 time, 60.5 real, 65.5 MB
[runlim] sample:		66.9 time, 70.5 real, 67.0 MB
[runlim] sample:		75.6 time, 80.5 real, 67.4 MB
[runlim] sample:		84.3 time, 90.5 real, 68.5 MB
[runlim] sample:		93.6 time, 100.5 real, 71.3 MB
[runlim] sample:		103.3 time, 110.5 real, 74.9 MB
[runlim] sample:		112.5 time, 120.5 real, 77.1 MB
[runlim] sample:		121.9 time, 130.5 real, 77.6 MB
[runlim] sample:		131.2 time, 140.5 real, 78.7 MB
[runlim] sample:		140.9 time, 150.5 real, 79.4 MB
[runlim] sample:		150.6 time, 160.5 real, 79.9 MB
[runlim] sample:		160.3 time, 170.5 real, 81.4 MB
[runlim] sample:		169.9 time, 180.5 real, 82.1 MB
[runlim] sample:		179.9 time, 190.5 real, 82.8 MB
[runlim] sample:		189.9 time, 200.5 real, 82.8 MB
[runlim] sample:		199.9 time, 210.5 real, 83.5 MB
[runlim] sample:		209.9 time, 220.5 real, 83.7 MB
[runlim] sample:		219.7 time, 230.5 real, 84.4 MB
[runlim] sample:		229.5 time, 240.5 real, 85.3 MB
[runlim] sample:		239.5 time, 250.5 real, 85.5 MB
[runlim] sample:		249.5 time, 260.5 real, 85.5 MB
[runlim] sample:		259.5 time, 270.5 real, 85.5 MB
[runlim] sample:		269.5 time, 280.5 real, 85.5 MB
[runlim] sample:		279.5 time, 290.5 real, 85.5 MB
[runlim] sample:		289.5 time, 300.5 real, 86.5 MB
[runlim] sample:		299.5 time, 310.5 real, 86.7 MB
CVC4 interrupted by SIGTERM.
[runlim] end:			Tue Jan 29 12:57:39 2019
[runlim] status:		out of time
[runlim] result:		2
[runlim] children:		0
[runlim] real:			311.07 seconds
[runlim] time:			300.08 seconds
[runlim] space:			86.7 MB
[runlim] samples:		3106
