[runlim] version:		1.10fixed
[runlim] time limit:		300 seconds
[runlim] real time limit:	311040000 seconds
[runlim] space limit:		4000 MB
[runlim] argv[0]:		./cvc4
[runlim] argv[1]:		--nl-ext-tplanes
[runlim] argv[2]:		--cbqi-all
[runlim] argv[3]:		/tmp/9xJiNqD8.smt2
[runlim] start:			Tue Jan 29 13:07:05 2019
[runlim] main pid:		13448
[runlim] sample:		9.3 time, 10.7 real, 49.3 MB
[runlim] sample:		19.2 time, 20.7 real, 66.3 MB
[runlim] sample:		29.2 time, 30.7 real, 67.6 MB
[runlim] sample:		39.1 time, 40.7 real, 71.4 MB
[runlim] sample:		48.8 time, 50.7 real, 80.4 MB
[runlim] sample:		58.5 time, 60.7 real, 80.7 MB
[runlim] sample:		68.2 time, 70.7 real, 81.4 MB
[runlim] sample:		78.0 time, 80.7 real, 83.5 MB
[runlim] sample:		88.0 time, 90.7 real, 86.3 MB
[runlim] sample:		98.0 time, 100.7 real, 88.9 MB
[runlim] sample:		108.0 time, 110.7 real, 91.4 MB
[runlim] sample:		118.0 time, 120.7 real, 93.5 MB
[runlim] sample:		128.0 time, 130.7 real, 96.3 MB
[runlim] sample:		137.9 time, 140.7 real, 98.1 MB
[runlim] sample:		147.9 time, 150.7 real, 100.4 MB
[runlim] sample:		157.9 time, 160.7 real, 103.3 MB
[runlim] sample:		167.9 time, 170.7 real, 106.3 MB
[runlim] sample:		177.9 time, 180.7 real, 108.3 MB
[runlim] sample:		187.9 time, 190.7 real, 110.4 MB
[runlim] sample:		197.9 time, 200.7 real, 112.2 MB
[runlim] sample:		207.9 time, 210.7 real, 114.2 MB
[runlim] sample:		217.9 time, 220.7 real, 115.8 MB
[runlim] sample:		227.9 time, 230.7 real, 117.6 MB
[runlim] sample:		237.9 time, 240.7 real, 119.6 MB
[runlim] sample:		246.7 time, 250.7 real, 121.4 MB
[runlim] sample:		254.7 time, 260.7 real, 123.2 MB
[runlim] sample:		262.7 time, 270.7 real, 125.3 MB
[runlim] sample:		272.6 time, 280.7 real, 125.8 MB
[runlim] sample:		282.6 time, 290.7 real, 131.6 MB
[runlim] sample:		292.6 time, 300.7 real, 132.1 MB
CVC4 interrupted by SIGTERM.
[runlim] end:			Tue Jan 29 13:12:13 2019
[runlim] status:		out of time
[runlim] result:		2
[runlim] children:		0
[runlim] real:			308.22 seconds
[runlim] time:			300.06 seconds
[runlim] space:			134.6 MB
[runlim] samples:		3075
