[runlim] version:		1.10fixed
[runlim] time limit:		300 seconds
[runlim] real time limit:	311040000 seconds
[runlim] space limit:		4000 MB
[runlim] argv[0]:		./cvc4
[runlim] argv[1]:		--nl-ext-tplanes
[runlim] argv[2]:		--cbqi-all
[runlim] argv[3]:		/tmp/g9ak7LBl.smt2
[runlim] start:			Tue Jan 29 13:07:05 2019
[runlim] main pid:		13470
[runlim] sample:		9.4 time, 10.9 real, 38.8 MB
[runlim] sample:		19.1 time, 20.9 real, 47.1 MB
[runlim] sample:		28.8 time, 30.9 real, 54.1 MB
[runlim] sample:		38.4 time, 40.9 real, 60.3 MB
[runlim] sample:		48.1 time, 50.9 real, 65.2 MB
[runlim] sample:		58.1 time, 60.9 real, 69.6 MB
[runlim] sample:		68.1 time, 70.9 real, 74.1 MB
[runlim] sample:		78.1 time, 80.9 real, 79.1 MB
[runlim] sample:		88.1 time, 90.9 real, 85.3 MB
[runlim] sample:		98.1 time, 100.9 real, 88.3 MB
[runlim] sample:		108.1 time, 110.9 real, 91.7 MB
[runlim] sample:		118.1 time, 120.9 real, 94.8 MB
[runlim] sample:		128.1 time, 130.9 real, 98.1 MB
[runlim] sample:		138.1 time, 140.9 real, 101.0 MB
[runlim] sample:		147.8 time, 150.9 real, 106.6 MB
[runlim] sample:		157.5 time, 160.9 real, 107.1 MB
[runlim] sample:		167.2 time, 170.9 real, 110.2 MB
[runlim] sample:		176.9 time, 180.9 real, 113.1 MB
[runlim] sample:		186.6 time, 190.9 real, 115.9 MB
[runlim] sample:		196.3 time, 200.9 real, 118.0 MB
[runlim] sample:		206.0 time, 210.9 real, 120.5 MB
[runlim] sample:		215.8 time, 220.9 real, 122.9 MB
[runlim] sample:		225.8 time, 230.9 real, 125.4 MB
[runlim] sample:		235.8 time, 240.9 real, 127.8 MB
[runlim] sample:		245.6 time, 250.9 real, 130.3 MB
[runlim] sample:		255.3 time, 260.9 real, 132.7 MB
[runlim] sample:		265.0 time, 270.9 real, 135.2 MB
[runlim] sample:		274.7 time, 280.9 real, 137.6 MB
[runlim] sample:		284.6 time, 290.9 real, 139.6 MB
[runlim] sample:		294.6 time, 300.9 real, 141.7 MB
CVC4 interrupted by SIGTERM.
[runlim] end:			Tue Jan 29 13:12:11 2019
[runlim] status:		out of time
[runlim] result:		2
[runlim] children:		0
[runlim] real:			306.37 seconds
[runlim] time:			300.08 seconds
[runlim] space:			143.2 MB
[runlim] samples:		3055
