[runlim] version:		1.10fixed
[runlim] time limit:		300 seconds
[runlim] real time limit:	311040000 seconds
[runlim] space limit:		4000 MB
[runlim] argv[0]:		./cvc4
[runlim] argv[1]:		--nl-ext-tplanes
[runlim] argv[2]:		--cbqi-all
[runlim] argv[3]:		/tmp/1tii6DTv.smt2
[runlim] start:			Tue Jan 29 13:11:16 2019
[runlim] main pid:		26371
[runlim] sample:		9.9 time, 11.0 real, 49.6 MB
[runlim] sample:		19.9 time, 21.0 real, 56.8 MB
[runlim] sample:		29.9 time, 31.0 real, 57.5 MB
[runlim] sample:		39.9 time, 41.0 real, 58.2 MB
[runlim] sample:		49.9 time, 51.0 real, 58.9 MB
[runlim] sample:		59.9 time, 61.0 real, 61.4 MB
[runlim] sample:		69.9 time, 71.0 real, 65.1 MB
[runlim] sample:		79.4 time, 81.0 real, 66.8 MB
[runlim] sample:		88.8 time, 91.0 real, 67.0 MB
[runlim] sample:		98.2 time, 101.0 real, 67.2 MB
[runlim] sample:		108.0 time, 111.0 real, 69.2 MB
[runlim] sample:		118.0 time, 121.0 real, 71.2 MB
[runlim] sample:		128.0 time, 131.0 real, 72.2 MB
[runlim] sample:		138.0 time, 141.0 real, 72.4 MB
[runlim] sample:		147.9 time, 151.0 real, 73.3 MB
[runlim] sample:		157.8 time, 161.0 real, 75.3 MB
[runlim] sample:		167.2 time, 171.0 real, 76.4 MB
[runlim] sample:		176.7 time, 181.0 real, 77.5 MB
[runlim] sample:		186.2 time, 191.0 real, 77.5 MB
[runlim] sample:		196.1 time, 201.0 real, 77.7 MB
[runlim] sample:		206.1 time, 211.0 real, 78.0 MB
[runlim] sample:		216.1 time, 221.0 real, 78.0 MB
[runlim] sample:		226.1 time, 231.0 real, 79.4 MB
[runlim] sample:		236.1 time, 241.0 real, 79.6 MB
[runlim] sample:		246.1 time, 251.0 real, 79.6 MB
[runlim] sample:		256.1 time, 261.0 real, 80.3 MB
[runlim] sample:		266.1 time, 271.0 real, 81.9 MB
[runlim] sample:		276.1 time, 281.0 real, 81.9 MB
[runlim] sample:		286.1 time, 291.0 real, 82.1 MB
[runlim] sample:		296.1 time, 301.0 real, 92.8 MB
CVC4 interrupted by SIGTERM.
[runlim] end:			Tue Jan 29 13:16:21 2019
[runlim] status:		out of time
[runlim] result:		2
[runlim] children:		0
[runlim] real:			305.11 seconds
[runlim] time:			300.06 seconds
[runlim] space:			93.8 MB
[runlim] samples:		3041
