[runlim] version:		1.10fixed
[runlim] time limit:		300 seconds
[runlim] real time limit:	311040000 seconds
[runlim] space limit:		4000 MB
[runlim] argv[0]:		./cvc4
[runlim] argv[1]:		--nl-ext-tplanes
[runlim] argv[2]:		--cbqi-all
[runlim] argv[3]:		/tmp/HSEo11yp.smt2
[runlim] start:			Tue Jan 29 12:52:37 2019
[runlim] main pid:		25425
[runlim] sample:		9.5 time, 10.1 real, 50.7 MB
[runlim] sample:		19.4 time, 20.1 real, 67.5 MB
[runlim] sample:		29.1 time, 30.1 real, 69.3 MB
[runlim] sample:		39.1 time, 40.1 real, 72.2 MB
[runlim] sample:		48.6 time, 50.1 real, 78.6 MB
[runlim] sample:		57.3 time, 60.1 real, 78.9 MB
[runlim] sample:		66.8 time, 70.1 real, 80.9 MB
[runlim] sample:		75.8 time, 80.1 real, 83.0 MB
[runlim] sample:		84.9 time, 90.1 real, 86.1 MB
[runlim] sample:		94.5 time, 100.1 real, 88.7 MB
[runlim] sample:		103.7 time, 110.1 real, 90.5 MB
[runlim] sample:		112.7 time, 120.1 real, 92.5 MB
[runlim] sample:		122.6 time, 130.1 real, 95.1 MB
[runlim] sample:		131.6 time, 140.1 real, 96.9 MB
[runlim] sample:		140.9 time, 150.1 real, 100.2 MB
[runlim] sample:		149.5 time, 160.1 real, 101.7 MB
[runlim] sample:		159.5 time, 170.1 real, 103.5 MB
[runlim] sample:		169.5 time, 180.1 real, 106.1 MB
[runlim] sample:		178.4 time, 190.1 real, 107.9 MB
[runlim] sample:		188.3 time, 200.1 real, 109.9 MB
[runlim] sample:		197.9 time, 210.1 real, 112.0 MB
[runlim] sample:		207.9 time, 220.1 real, 114.8 MB
[runlim] sample:		217.9 time, 230.1 real, 116.6 MB
[runlim] sample:		227.9 time, 240.1 real, 118.7 MB
[runlim] sample:		237.9 time, 250.1 real, 120.5 MB
[runlim] sample:		247.2 time, 260.1 real, 122.3 MB
[runlim] sample:		257.2 time, 270.1 real, 124.1 MB
[runlim] sample:		267.2 time, 280.1 real, 125.9 MB
[runlim] sample:		277.2 time, 290.1 real, 131.6 MB
[runlim] sample:		287.2 time, 300.1 real, 132.4 MB
[runlim] sample:		297.2 time, 310.1 real, 133.7 MB
CVC4 interrupted by SIGTERM.
[runlim] end:			Tue Jan 29 12:57:49 2019
[runlim] status:		out of time
[runlim] result:		2
[runlim] children:		0
[runlim] real:			312.99 seconds
[runlim] time:			300.09 seconds
[runlim] space:			134.9 MB
[runlim] samples:		3129
