[runlim] version:		1.10fixed
[runlim] time limit:		300 seconds
[runlim] real time limit:	311040000 seconds
[runlim] space limit:		4000 MB
[runlim] argv[0]:		./cvc4
[runlim] argv[1]:		--nl-ext-tplanes
[runlim] argv[2]:		--cbqi-all
[runlim] argv[3]:		/tmp/2RBS80BR.smt2
[runlim] start:			Tue Jan 29 12:49:05 2019
[runlim] main pid:		4815
[runlim] sample:		8.9 time, 10.8 real, 45.1 MB
[runlim] sample:		18.2 time, 20.8 real, 63.4 MB
[runlim] sample:		27.8 time, 30.8 real, 86.4 MB
[runlim] sample:		37.8 time, 40.8 real, 95.9 MB
[runlim] sample:		47.8 time, 50.8 real, 122.1 MB
[runlim] sample:		57.8 time, 60.8 real, 130.3 MB
[runlim] sample:		67.8 time, 70.8 real, 131.4 MB
[runlim] sample:		77.8 time, 80.8 real, 172.0 MB
[runlim] sample:		87.8 time, 90.8 real, 172.8 MB
[runlim] sample:		97.8 time, 100.8 real, 183.1 MB
[runlim] sample:		107.8 time, 110.8 real, 209.1 MB
[runlim] sample:		117.2 time, 120.8 real, 213.0 MB
[runlim] sample:		126.9 time, 130.8 real, 217.1 MB
[runlim] sample:		136.1 time, 140.8 real, 236.3 MB
[runlim] sample:		145.6 time, 150.8 real, 236.8 MB
[runlim] sample:		155.2 time, 160.8 real, 248.5 MB
[runlim] sample:		164.8 time, 170.8 real, 250.6 MB
[runlim] sample:		174.6 time, 180.8 real, 250.6 MB
[runlim] sample:		184.6 time, 190.8 real, 300.0 MB
[runlim] sample:		194.1 time, 200.8 real, 362.4 MB
[runlim] sample:		203.4 time, 210.8 real, 362.4 MB
[runlim] sample:		212.4 time, 220.8 real, 362.4 MB
[runlim] sample:		221.7 time, 230.8 real, 362.7 MB
[runlim] sample:		230.9 time, 240.8 real, 367.6 MB
[runlim] sample:		238.7 time, 250.8 real, 368.3 MB
[runlim] sample:		247.8 time, 260.8 real, 374.8 MB
[runlim] sample:		257.4 time, 270.8 real, 382.5 MB
[runlim] sample:		267.4 time, 280.8 real, 382.5 MB
[runlim] sample:		277.4 time, 290.8 real, 382.5 MB
[runlim] sample:		287.4 time, 300.8 real, 383.3 MB
[runlim] sample:		297.4 time, 310.8 real, 390.8 MB
CVC4 interrupted by SIGTERM.
[runlim] end:			Tue Jan 29 12:54:18 2019
[runlim] status:		out of time
[runlim] result:		2
[runlim] children:		0
[runlim] real:			313.39 seconds
[runlim] time:			300.02 seconds
[runlim] space:			393.8 MB
[runlim] samples:		3126
