[runlim] version:		1.10fixed
[runlim] time limit:		300 seconds
[runlim] real time limit:	311040000 seconds
[runlim] space limit:		4000 MB
[runlim] argv[0]:		./cvc4
[runlim] argv[1]:		--nl-ext-tplanes
[runlim] argv[2]:		--cbqi-all
[runlim] argv[3]:		/tmp/56a1cEeC.smt2
[runlim] start:			Tue Jan 29 13:03:32 2019
[runlim] main pid:		6470
[runlim] sample:		9.4 time, 10.1 real, 38.6 MB
[runlim] sample:		19.4 time, 20.1 real, 46.4 MB
[runlim] sample:		29.4 time, 30.1 real, 52.8 MB
[runlim] sample:		39.4 time, 40.1 real, 58.7 MB
[runlim] sample:		49.4 time, 50.1 real, 64.1 MB
[runlim] sample:		59.4 time, 60.1 real, 68.2 MB
[runlim] sample:		69.4 time, 70.1 real, 72.1 MB
[runlim] sample:		79.4 time, 80.1 real, 76.7 MB
[runlim] sample:		89.4 time, 90.1 real, 79.3 MB
[runlim] sample:		99.4 time, 100.1 real, 83.3 MB
[runlim] sample:		109.4 time, 110.1 real, 87.7 MB
[runlim] sample:		119.4 time, 120.1 real, 91.3 MB
[runlim] sample:		129.2 time, 130.1 real, 93.9 MB
[runlim] sample:		139.1 time, 140.1 real, 97.2 MB
[runlim] sample:		148.8 time, 150.1 real, 99.5 MB
[runlim] sample:		158.1 time, 160.1 real, 102.4 MB
[runlim] sample:		166.3 time, 170.1 real, 108.7 MB
[runlim] sample:		175.9 time, 180.1 real, 108.9 MB
[runlim] sample:		185.9 time, 190.1 real, 110.7 MB
[runlim] sample:		194.3 time, 200.1 real, 112.8 MB
[runlim] sample:		202.4 time, 210.1 real, 115.1 MB
[runlim] sample:		210.6 time, 220.1 real, 117.4 MB
[runlim] sample:		218.7 time, 230.1 real, 118.2 MB
[runlim] sample:		226.9 time, 240.1 real, 120.5 MB
[runlim] sample:		235.3 time, 250.1 real, 122.6 MB
[runlim] sample:		244.5 time, 260.1 real, 124.6 MB
[runlim] sample:		253.9 time, 270.1 real, 127.0 MB
[runlim] sample:		263.9 time, 280.1 real, 129.5 MB
[runlim] sample:		272.9 time, 290.1 real, 131.6 MB
[runlim] sample:		281.1 time, 300.1 real, 133.1 MB
[runlim] sample:		291.1 time, 310.1 real, 134.9 MB
CVC4 interrupted by SIGTERM.
[runlim] end:			Tue Jan 29 13:08:51 2019
[runlim] status:		out of time
[runlim] result:		2
[runlim] children:		0
[runlim] real:			319.12 seconds
[runlim] time:			300.04 seconds
[runlim] space:			137.8 MB
[runlim] samples:		3190
