[runlim] version:		1.10fixed
[runlim] time limit:		300 seconds
[runlim] real time limit:	311040000 seconds
[runlim] space limit:		4000 MB
[runlim] argv[0]:		./cvc4
[runlim] argv[1]:		--nl-ext-tplanes
[runlim] argv[2]:		--cbqi-all
[runlim] argv[3]:		/tmp/RpYxMpEy.smt2
[runlim] start:			Tue Jan 29 12:49:45 2019
[runlim] main pid:		4764
[runlim] sample:		9.3 time, 10.1 real, 54.0 MB
[runlim] sample:		18.6 time, 20.1 real, 74.5 MB
[runlim] sample:		28.6 time, 30.1 real, 94.9 MB
[runlim] sample:		38.6 time, 40.1 real, 117.1 MB
[runlim] sample:		48.6 time, 50.1 real, 117.6 MB
[runlim] sample:		57.9 time, 60.1 real, 119.5 MB
[runlim] sample:		67.9 time, 70.1 real, 130.1 MB
[runlim] sample:		77.9 time, 80.1 real, 130.1 MB
[runlim] sample:		87.9 time, 90.1 real, 130.4 MB
[runlim] sample:		97.4 time, 100.1 real, 130.6 MB
[runlim] sample:		107.1 time, 110.1 real, 167.9 MB
[runlim] sample:		116.4 time, 120.1 real, 168.2 MB
[runlim] sample:		124.4 time, 130.1 real, 168.4 MB
[runlim] sample:		133.4 time, 140.1 real, 174.9 MB
[runlim] sample:		142.2 time, 150.1 real, 174.9 MB
[runlim] sample:		150.6 time, 160.1 real, 175.1 MB
[runlim] sample:		160.3 time, 170.1 real, 175.1 MB
[runlim] sample:		170.3 time, 180.1 real, 175.1 MB
[runlim] sample:		178.5 time, 190.1 real, 175.1 MB
[runlim] sample:		188.2 time, 200.1 real, 175.1 MB
[runlim] sample:		197.6 time, 210.1 real, 176.2 MB
[runlim] sample:		207.3 time, 220.1 real, 183.9 MB
[runlim] sample:		217.3 time, 230.1 real, 184.1 MB
[runlim] sample:		227.1 time, 240.1 real, 184.1 MB
[runlim] sample:		236.8 time, 250.1 real, 184.1 MB
[runlim] sample:		245.8 time, 260.1 real, 184.3 MB
[runlim] sample:		255.2 time, 270.1 real, 191.9 MB
[runlim] sample:		264.3 time, 280.1 real, 192.2 MB
[runlim] sample:		274.2 time, 290.1 real, 192.2 MB
[runlim] sample:		284.1 time, 300.1 real, 192.2 MB
[runlim] sample:		293.9 time, 310.1 real, 192.4 MB
CVC4 interrupted by SIGTERM.
[runlim] end:			Tue Jan 29 12:55:01 2019
[runlim] status:		out of time
[runlim] result:		2
[runlim] children:		0
[runlim] real:			316.24 seconds
[runlim] time:			300.01 seconds
[runlim] space:			192.6 MB
[runlim] samples:		3161
