[runlim] version:		1.10fixed
[runlim] time limit:		300 seconds
[runlim] real time limit:	311040000 seconds
[runlim] space limit:		4000 MB
[runlim] argv[0]:		./cvc4
[runlim] argv[1]:		--nl-ext-tplanes
[runlim] argv[2]:		--cbqi-all
[runlim] argv[3]:		/tmp/NrR07uIM.smt2
[runlim] start:			Tue Jan 29 13:11:16 2019
[runlim] main pid:		26373
[runlim] sample:		9.8 time, 11.0 real, 40.6 MB
[runlim] sample:		19.5 time, 21.0 real, 48.8 MB
[runlim] sample:		29.2 time, 31.0 real, 70.4 MB
[runlim] sample:		38.6 time, 41.0 real, 85.9 MB
[runlim] sample:		48.0 time, 51.0 real, 95.7 MB
[runlim] sample:		57.4 time, 61.0 real, 105.7 MB
[runlim] sample:		66.8 time, 71.0 real, 114.5 MB
[runlim] sample:		76.1 time, 81.0 real, 122.2 MB
[runlim] sample:		85.4 time, 91.0 real, 130.6 MB
[runlim] sample:		94.7 time, 101.0 real, 137.9 MB
[runlim] sample:		104.0 time, 111.0 real, 144.8 MB
[runlim] sample:		113.3 time, 121.0 real, 151.7 MB
[runlim] sample:		122.6 time, 131.0 real, 157.8 MB
[runlim] sample:		131.9 time, 141.0 real, 162.5 MB
[runlim] sample:		141.3 time, 151.0 real, 171.5 MB
[runlim] sample:		150.7 time, 161.0 real, 179.5 MB
[runlim] sample:		160.7 time, 171.0 real, 184.4 MB
[runlim] sample:		170.6 time, 181.0 real, 188.8 MB
[runlim] sample:		180.6 time, 191.0 real, 193.7 MB
[runlim] sample:		190.0 time, 201.0 real, 198.6 MB
[runlim] sample:		199.4 time, 211.0 real, 203.5 MB
[runlim] sample:		208.8 time, 221.0 real, 208.6 MB
[runlim] sample:		218.2 time, 231.0 real, 212.5 MB
[runlim] sample:		227.6 time, 241.0 real, 218.6 MB
[runlim] sample:		237.0 time, 251.0 real, 222.9 MB
[runlim] sample:		246.4 time, 261.0 real, 225.4 MB
[runlim] sample:		255.8 time, 271.0 real, 229.8 MB
[runlim] sample:		265.2 time, 281.0 real, 233.9 MB
[runlim] sample:		274.6 time, 291.0 real, 236.2 MB
[runlim] sample:		284.1 time, 301.0 real, 240.0 MB
[runlim] sample:		293.7 time, 311.0 real, 243.9 MB
CVC4 interrupted by SIGTERM.
[runlim] end:			Tue Jan 29 13:16:33 2019
[runlim] status:		out of time
[runlim] result:		2
[runlim] children:		0
[runlim] real:			317.42 seconds
[runlim] time:			300.06 seconds
[runlim] space:			246.5 MB
[runlim] samples:		3164
