[runlim] version:		1.10fixed
[runlim] time limit:		300 seconds
[runlim] real time limit:	311040000 seconds
[runlim] space limit:		4000 MB
[runlim] argv[0]:		./cvc4
[runlim] argv[1]:		--nl-ext-tplanes
[runlim] argv[2]:		--cbqi-all
[runlim] argv[3]:		/tmp/iH6HkbmQ.smt2
[runlim] start:			Tue Jan 29 13:03:16 2019
[runlim] main pid:		4970
[runlim] sample:		8.7 time, 10.7 real, 67.3 MB
[runlim] sample:		17.1 time, 20.7 real, 97.2 MB
[runlim] sample:		25.4 time, 30.7 real, 118.3 MB
[runlim] sample:		33.4 time, 40.7 real, 125.3 MB
[runlim] sample:		42.2 time, 50.7 real, 132.0 MB
[runlim] sample:		50.8 time, 60.7 real, 138.7 MB
[runlim] sample:		60.8 time, 70.7 real, 184.5 MB
[runlim] sample:		70.8 time, 80.7 real, 192.0 MB
[runlim] sample:		79.4 time, 90.7 real, 192.0 MB
[runlim] sample:		88.8 time, 100.7 real, 192.0 MB
[runlim] sample:		98.1 time, 110.7 real, 192.3 MB
[runlim] sample:		106.5 time, 120.7 real, 194.6 MB
[runlim] sample:		115.6 time, 130.7 real, 233.3 MB
[runlim] sample:		123.8 time, 140.7 real, 239.8 MB
[runlim] sample:		133.4 time, 150.7 real, 245.2 MB
[runlim] sample:		142.9 time, 160.7 real, 247.0 MB
[runlim] sample:		150.8 time, 170.7 real, 247.2 MB
[runlim] sample:		159.5 time, 180.7 real, 253.2 MB
[runlim] sample:		168.7 time, 190.7 real, 265.7 MB
[runlim] sample:		178.6 time, 200.7 real, 265.7 MB
[runlim] sample:		188.6 time, 210.7 real, 266.0 MB
[runlim] sample:		198.6 time, 220.7 real, 266.0 MB
[runlim] sample:		208.6 time, 230.7 real, 266.0 MB
[runlim] sample:		218.4 time, 240.7 real, 267.3 MB
[runlim] sample:		226.9 time, 250.7 real, 268.3 MB
[runlim] sample:		237.0 time, 260.7 real, 277.6 MB
[runlim] sample:		246.9 time, 270.7 real, 278.1 MB
[runlim] sample:		256.9 time, 280.7 real, 357.1 MB
[runlim] sample:		266.9 time, 290.7 real, 357.1 MB
[runlim] sample:		276.9 time, 300.7 real, 357.1 MB
[runlim] sample:		286.7 time, 310.7 real, 357.1 MB
[runlim] sample:		296.3 time, 320.7 real, 357.1 MB
CVC4 interrupted by SIGTERM.
[runlim] end:			Tue Jan 29 13:08:40 2019
[runlim] status:		out of time
[runlim] result:		2
[runlim] children:		0
[runlim] real:			324.71 seconds
[runlim] time:			300.09 seconds
[runlim] space:			357.1 MB
[runlim] samples:		3239
