[runlim] version:		1.10fixed
[runlim] time limit:		300 seconds
[runlim] real time limit:	311040000 seconds
[runlim] space limit:		4000 MB
[runlim] argv[0]:		./cvc4
[runlim] argv[1]:		--nl-ext-tplanes
[runlim] argv[2]:		--cbqi-all
[runlim] argv[3]:		/tmp/xbZwBrI0.smt2
[runlim] start:			Tue Jan 29 13:11:40 2019
[runlim] main pid:		27812
[runlim] sample:		9.1 time, 10.9 real, 72.8 MB
[runlim] sample:		18.8 time, 20.9 real, 83.3 MB
[runlim] sample:		28.1 time, 30.9 real, 94.1 MB
[runlim] sample:		38.1 time, 40.9 real, 103.3 MB
[runlim] sample:		48.1 time, 50.9 real, 111.1 MB
[runlim] sample:		58.1 time, 60.9 real, 112.9 MB
[runlim] sample:		68.1 time, 70.9 real, 117.2 MB
[runlim] sample:		78.1 time, 80.9 real, 120.6 MB
[runlim] sample:		88.1 time, 90.9 real, 122.9 MB
[runlim] sample:		98.1 time, 100.9 real, 132.4 MB
[runlim] sample:		108.1 time, 110.9 real, 134.2 MB
[runlim] sample:		118.1 time, 120.9 real, 138.1 MB
[runlim] sample:		128.1 time, 130.9 real, 144.1 MB
[runlim] sample:		138.1 time, 140.9 real, 144.3 MB
[runlim] sample:		148.1 time, 150.9 real, 144.6 MB
[runlim] sample:		156.9 time, 160.9 real, 151.3 MB
[runlim] sample:		165.7 time, 170.9 real, 153.3 MB
[runlim] sample:		174.9 time, 180.9 real, 154.3 MB
[runlim] sample:		183.2 time, 190.9 real, 154.3 MB
[runlim] sample:		192.7 time, 200.9 real, 154.3 MB
[runlim] sample:		202.1 time, 210.9 real, 154.6 MB
[runlim] sample:		211.8 time, 220.9 real, 157.9 MB
[runlim] sample:		220.0 time, 230.9 real, 159.7 MB
[runlim] sample:		229.7 time, 240.9 real, 160.0 MB
[runlim] sample:		238.6 time, 250.9 real, 161.2 MB
[runlim] sample:		247.3 time, 260.9 real, 162.3 MB
[runlim] sample:		257.0 time, 270.9 real, 164.6 MB
[runlim] sample:		266.1 time, 280.9 real, 164.8 MB
[runlim] sample:		275.8 time, 290.9 real, 165.1 MB
[runlim] sample:		285.7 time, 300.9 real, 165.3 MB
[runlim] sample:		295.2 time, 310.9 real, 165.3 MB
CVC4 interrupted by SIGTERM.
[runlim] end:			Tue Jan 29 13:16:56 2019
[runlim] status:		out of time
[runlim] result:		2
[runlim] children:		0
[runlim] real:			316.45 seconds
[runlim] time:			300.05 seconds
[runlim] space:			166.1 MB
[runlim] samples:		3155
