[runlim] version:		1.10fixed
[runlim] time limit:		300 seconds
[runlim] real time limit:	311040000 seconds
[runlim] space limit:		4000 MB
[runlim] argv[0]:		./cvc4
[runlim] argv[1]:		--nl-ext-tplanes
[runlim] argv[2]:		--cbqi-all
[runlim] argv[3]:		/tmp/v2LknWot.smt2
[runlim] start:			Tue Jan 29 12:50:12 2019
[runlim] main pid:		4444
[runlim] sample:		10.0 time, 10.1 real, 40.8 MB
[runlim] sample:		19.2 time, 20.1 real, 46.8 MB
[runlim] sample:		28.7 time, 30.1 real, 52.6 MB
[runlim] sample:		37.4 time, 40.1 real, 57.2 MB
[runlim] sample:		46.5 time, 50.1 real, 62.2 MB
[runlim] sample:		54.4 time, 60.1 real, 65.3 MB
[runlim] sample:		63.8 time, 70.1 real, 69.4 MB
[runlim] sample:		73.8 time, 80.1 real, 73.3 MB
[runlim] sample:		83.6 time, 90.1 real, 76.6 MB
[runlim] sample:		93.6 time, 100.1 real, 80.0 MB
[runlim] sample:		103.1 time, 110.1 real, 84.0 MB
[runlim] sample:		112.8 time, 120.1 real, 87.1 MB
[runlim] sample:		122.4 time, 130.1 real, 90.8 MB
[runlim] sample:		131.9 time, 140.1 real, 94.1 MB
[runlim] sample:		140.1 time, 150.1 real, 96.7 MB
[runlim] sample:		148.8 time, 160.1 real, 98.5 MB
[runlim] sample:		157.3 time, 170.1 real, 101.3 MB
[runlim] sample:		167.3 time, 180.1 real, 103.6 MB
[runlim] sample:		177.3 time, 190.1 real, 105.7 MB
[runlim] sample:		187.3 time, 200.1 real, 109.8 MB
[runlim] sample:		197.3 time, 210.1 real, 114.7 MB
[runlim] sample:		207.3 time, 220.1 real, 115.7 MB
[runlim] sample:		217.3 time, 230.1 real, 116.8 MB
[runlim] sample:		227.3 time, 240.1 real, 118.8 MB
[runlim] sample:		237.3 time, 250.1 real, 121.1 MB
[runlim] sample:		246.7 time, 260.1 real, 122.4 MB
[runlim] sample:		256.7 time, 270.1 real, 124.5 MB
[runlim] sample:		265.3 time, 280.1 real, 126.5 MB
[runlim] sample:		274.5 time, 290.1 real, 128.6 MB
[runlim] sample:		283.2 time, 300.1 real, 130.9 MB
[runlim] sample:		292.8 time, 310.1 real, 132.0 MB
CVC4 interrupted by SIGTERM.
[runlim] end:			Tue Jan 29 12:55:30 2019
[runlim] status:		out of time
[runlim] result:		2
[runlim] children:		0
[runlim] real:			318.57 seconds
[runlim] time:			300.06 seconds
[runlim] space:			133.8 MB
[runlim] samples:		3184
