[runlim] version:		1.10fixed
[runlim] time limit:		300 seconds
[runlim] real time limit:	311040000 seconds
[runlim] space limit:		4000 MB
[runlim] argv[0]:		./cvc4
[runlim] argv[1]:		--nl-ext-tplanes
[runlim] argv[2]:		--cbqi-all
[runlim] argv[3]:		/tmp/VWeqaaUT.smt2
[runlim] start:			Tue Jan 29 12:50:51 2019
[runlim] main pid:		4972
[runlim] sample:		9.1 time, 10.5 real, 48.1 MB
[runlim] sample:		18.5 time, 20.5 real, 60.1 MB
[runlim] sample:		28.2 time, 30.5 real, 70.1 MB
[runlim] sample:		36.5 time, 40.5 real, 74.4 MB
[runlim] sample:		46.4 time, 50.5 real, 78.2 MB
[runlim] sample:		54.6 time, 60.5 real, 82.5 MB
[runlim] sample:		64.2 time, 70.5 real, 83.0 MB
[runlim] sample:		74.2 time, 80.5 real, 83.4 MB
[runlim] sample:		83.1 time, 90.5 real, 83.7 MB
[runlim] sample:		92.1 time, 100.5 real, 85.0 MB
[runlim] sample:		101.8 time, 110.5 real, 86.8 MB
[runlim] sample:		110.3 time, 120.5 real, 87.0 MB
[runlim] sample:		118.6 time, 130.5 real, 88.0 MB
[runlim] sample:		125.8 time, 140.5 real, 88.9 MB
[runlim] sample:		133.4 time, 150.5 real, 88.9 MB
[runlim] sample:		141.9 time, 160.5 real, 89.2 MB
[runlim] sample:		151.9 time, 170.5 real, 90.3 MB
[runlim] sample:		161.9 time, 180.5 real, 90.3 MB
[runlim] sample:		170.8 time, 190.5 real, 90.8 MB
[runlim] sample:		179.4 time, 200.5 real, 90.8 MB
[runlim] sample:		188.3 time, 210.5 real, 90.8 MB
[runlim] sample:		197.6 time, 220.5 real, 91.7 MB
[runlim] sample:		207.2 time, 230.5 real, 92.0 MB
[runlim] sample:		214.5 time, 240.5 real, 92.5 MB
[runlim] sample:		224.3 time, 250.5 real, 92.7 MB
[runlim] sample:		232.8 time, 260.5 real, 92.7 MB
[runlim] sample:		241.5 time, 270.5 real, 92.7 MB
[runlim] sample:		250.3 time, 280.5 real, 93.6 MB
[runlim] sample:		259.1 time, 290.5 real, 93.6 MB
[runlim] sample:		268.4 time, 300.5 real, 93.9 MB
[runlim] sample:		277.9 time, 310.5 real, 94.1 MB
[runlim] sample:		287.9 time, 320.5 real, 94.4 MB
[runlim] sample:		297.3 time, 330.5 real, 94.4 MB
CVC4 interrupted by SIGTERM.
[runlim] end:			Tue Jan 29 12:56:24 2019
[runlim] status:		out of time
[runlim] result:		2
[runlim] children:		0
[runlim] real:			333.42 seconds
[runlim] time:			300.05 seconds
[runlim] space:			94.4 MB
[runlim] samples:		3329
