[runlim] version:		1.10fixed
[runlim] time limit:		300 seconds
[runlim] real time limit:	311040000 seconds
[runlim] space limit:		4000 MB
[runlim] argv[0]:		./cvc4
[runlim] argv[1]:		--nl-ext-tplanes
[runlim] argv[2]:		--cbqi-all
[runlim] argv[3]:		/tmp/NxvWj1zM.smt2
[runlim] start:			Tue Jan 29 12:52:04 2019
[runlim] main pid:		7209
[runlim] sample:		8.7 time, 11.0 real, 42.1 MB
[runlim] sample:		17.3 time, 21.0 real, 67.9 MB
[runlim] sample:		25.9 time, 31.0 real, 79.4 MB
[runlim] sample:		34.6 time, 41.0 real, 79.4 MB
[runlim] sample:		43.6 time, 51.0 real, 80.5 MB
[runlim] sample:		53.5 time, 61.0 real, 95.4 MB
[runlim] sample:		63.4 time, 71.0 real, 111.2 MB
[runlim] sample:		73.1 time, 81.0 real, 118.9 MB
[runlim] sample:		82.8 time, 91.0 real, 134.5 MB
[runlim] sample:		92.8 time, 101.0 real, 153.2 MB
[runlim] sample:		102.8 time, 111.0 real, 163.7 MB
[runlim] sample:		112.6 time, 121.0 real, 176.0 MB
[runlim] sample:		121.9 time, 131.0 real, 176.0 MB
[runlim] sample:		130.5 time, 141.0 real, 235.3 MB
[runlim] sample:		140.3 time, 151.0 real, 235.9 MB
[runlim] sample:		150.3 time, 161.0 real, 235.9 MB
[runlim] sample:		160.3 time, 171.0 real, 240.7 MB
[runlim] sample:		170.3 time, 181.0 real, 245.6 MB
[runlim] sample:		180.3 time, 191.0 real, 246.3 MB
[runlim] sample:		190.3 time, 201.0 real, 246.3 MB
[runlim] sample:		200.3 time, 211.0 real, 247.1 MB
[runlim] sample:		210.3 time, 221.0 real, 247.1 MB
[runlim] sample:		220.3 time, 231.0 real, 247.9 MB
[runlim] sample:		230.3 time, 241.0 real, 247.9 MB
[runlim] sample:		240.2 time, 251.0 real, 305.7 MB
[runlim] sample:		249.6 time, 261.0 real, 344.9 MB
[runlim] sample:		258.9 time, 271.0 real, 345.9 MB
[runlim] sample:		267.6 time, 281.0 real, 346.1 MB
[runlim] sample:		276.8 time, 291.0 real, 346.1 MB
[runlim] sample:		286.8 time, 301.0 real, 356.9 MB
[runlim] sample:		296.8 time, 311.0 real, 357.2 MB
CVC4 interrupted by SIGTERM.
[runlim] end:			Tue Jan 29 12:57:18 2019
[runlim] status:		out of time
[runlim] result:		2
[runlim] children:		0
[runlim] real:			314.32 seconds
[runlim] time:			300.06 seconds
[runlim] space:			357.2 MB
[runlim] samples:		3133
