[runlim] version:		1.10fixed
[runlim] time limit:		300 seconds
[runlim] real time limit:	311040000 seconds
[runlim] space limit:		4000 MB
[runlim] argv[0]:		./cvc4
[runlim] argv[1]:		--nl-ext-tplanes
[runlim] argv[2]:		--cbqi-all
[runlim] argv[3]:		/tmp/ROeeFGqK.smt2
[runlim] start:			Tue Jan 29 13:07:05 2019
[runlim] main pid:		30454
[runlim] sample:		9.8 time, 10.6 real, 61.8 MB
[runlim] sample:		19.7 time, 20.6 real, 89.9 MB
[runlim] sample:		29.7 time, 30.6 real, 101.7 MB
[runlim] sample:		39.7 time, 40.6 real, 109.9 MB
[runlim] sample:		49.7 time, 50.6 real, 119.2 MB
[runlim] sample:		59.3 time, 60.6 real, 128.0 MB
[runlim] sample:		67.0 time, 70.6 real, 134.7 MB
[runlim] sample:		76.8 time, 80.6 real, 138.8 MB
[runlim] sample:		86.5 time, 90.6 real, 150.2 MB
[runlim] sample:		96.5 time, 100.6 real, 155.8 MB
[runlim] sample:		106.5 time, 110.6 real, 160.2 MB
[runlim] sample:		116.5 time, 120.6 real, 166.9 MB
[runlim] sample:		126.5 time, 130.6 real, 171.0 MB
[runlim] sample:		136.5 time, 140.6 real, 177.2 MB
[runlim] sample:		146.5 time, 150.6 real, 181.8 MB
[runlim] sample:		156.5 time, 160.6 real, 187.5 MB
[runlim] sample:		166.5 time, 170.6 real, 192.1 MB
[runlim] sample:		176.5 time, 180.6 real, 198.0 MB
[runlim] sample:		186.5 time, 190.6 real, 202.9 MB
[runlim] sample:		196.5 time, 200.6 real, 203.2 MB
[runlim] sample:		206.5 time, 210.6 real, 210.1 MB
[runlim] sample:		216.4 time, 220.6 real, 218.4 MB
[runlim] sample:		226.4 time, 230.6 real, 218.4 MB
[runlim] sample:		236.4 time, 240.6 real, 223.8 MB
[runlim] sample:		246.4 time, 250.6 real, 231.0 MB
[runlim] sample:		256.4 time, 260.6 real, 232.1 MB
[runlim] sample:		266.4 time, 270.6 real, 236.5 MB
[runlim] sample:		276.4 time, 280.6 real, 243.9 MB
[runlim] sample:		286.4 time, 290.6 real, 244.2 MB
[runlim] sample:		296.4 time, 300.6 real, 252.2 MB
CVC4 interrupted by SIGTERM.
[runlim] end:			Tue Jan 29 13:12:09 2019
[runlim] status:		out of time
[runlim] result:		2
[runlim] children:		0
[runlim] real:			304.27 seconds
[runlim] time:			300.03 seconds
[runlim] space:			252.2 MB
[runlim] samples:		3036
