[runlim] version:		1.10fixed
[runlim] time limit:		300 seconds
[runlim] real time limit:	311040000 seconds
[runlim] space limit:		4000 MB
[runlim] argv[0]:		./cvc4
[runlim] argv[1]:		--nl-ext-tplanes
[runlim] argv[2]:		--cbqi-all
[runlim] argv[3]:		/tmp/rqIUx0tZ.smt2
[runlim] start:			Tue Jan 29 13:09:15 2019
[runlim] main pid:		22220
[runlim] sample:		9.6 time, 10.5 real, 39.8 MB
[runlim] sample:		19.3 time, 20.5 real, 46.3 MB
[runlim] sample:		28.9 time, 30.5 real, 51.9 MB
[runlim] sample:		38.6 time, 40.5 real, 57.3 MB
[runlim] sample:		48.2 time, 50.5 real, 61.9 MB
[runlim] sample:		57.9 time, 60.5 real, 66.1 MB
[runlim] sample:		67.6 time, 70.5 real, 69.4 MB
[runlim] sample:		77.3 time, 80.5 real, 73.0 MB
[runlim] sample:		87.3 time, 90.5 real, 78.7 MB
[runlim] sample:		97.3 time, 100.5 real, 79.7 MB
[runlim] sample:		107.3 time, 110.5 real, 83.3 MB
[runlim] sample:		117.3 time, 120.5 real, 87.0 MB
[runlim] sample:		127.3 time, 130.5 real, 91.5 MB
[runlim] sample:		137.3 time, 140.5 real, 93.8 MB
[runlim] sample:		146.5 time, 150.5 real, 96.1 MB
[runlim] sample:		155.2 time, 160.5 real, 99.2 MB
[runlim] sample:		163.8 time, 170.5 real, 101.5 MB
[runlim] sample:		172.8 time, 180.5 real, 103.3 MB
[runlim] sample:		182.5 time, 190.5 real, 106.7 MB
[runlim] sample:		192.2 time, 200.5 real, 110.8 MB
[runlim] sample:		201.8 time, 210.5 real, 111.3 MB
[runlim] sample:		211.5 time, 220.5 real, 113.3 MB
[runlim] sample:		221.2 time, 230.5 real, 115.6 MB
[runlim] sample:		230.8 time, 240.5 real, 117.7 MB
[runlim] sample:		240.5 time, 250.5 real, 119.8 MB
[runlim] sample:		250.1 time, 260.5 real, 122.1 MB
[runlim] sample:		259.8 time, 270.5 real, 124.4 MB
[runlim] sample:		269.4 time, 280.5 real, 126.5 MB
[runlim] sample:		279.1 time, 290.5 real, 128.8 MB
[runlim] sample:		288.8 time, 300.5 real, 131.1 MB
[runlim] sample:		298.5 time, 310.5 real, 132.1 MB
CVC4 interrupted by SIGTERM.
[runlim] end:			Tue Jan 29 13:14:27 2019
[runlim] status:		out of time
[runlim] result:		2
[runlim] children:		0
[runlim] real:			312.15 seconds
[runlim] time:			300.05 seconds
[runlim] space:			133.9 MB
[runlim] samples:		3116
