[runlim] version:		1.10fixed
[runlim] time limit:		300 seconds
[runlim] real time limit:	311040000 seconds
[runlim] space limit:		4000 MB
[runlim] argv[0]:		./cvc4
[runlim] argv[1]:		--nl-ext-tplanes
[runlim] argv[2]:		--cbqi-all
[runlim] argv[3]:		/tmp/Hsk3mVJB.smt2
[runlim] start:			Tue Jan 29 13:07:05 2019
[runlim] main pid:		9802
[runlim] sample:		10.0 time, 10.6 real, 40.8 MB
[runlim] sample:		20.0 time, 20.6 real, 48.4 MB
[runlim] sample:		30.0 time, 30.6 real, 58.4 MB
[runlim] sample:		40.0 time, 40.6 real, 67.9 MB
[runlim] sample:		50.0 time, 50.6 real, 71.0 MB
[runlim] sample:		60.0 time, 60.6 real, 73.1 MB
[runlim] sample:		70.0 time, 70.6 real, 76.4 MB
[runlim] sample:		80.0 time, 80.6 real, 79.5 MB
[runlim] sample:		90.0 time, 90.6 real, 82.6 MB
[runlim] sample:		99.9 time, 100.6 real, 86.0 MB
[runlim] sample:		109.9 time, 110.6 real, 89.1 MB
[runlim] sample:		119.9 time, 120.6 real, 90.6 MB
[runlim] sample:		129.9 time, 130.6 real, 93.2 MB
[runlim] sample:		139.9 time, 140.6 real, 97.0 MB
[runlim] sample:		149.9 time, 150.6 real, 98.8 MB
[runlim] sample:		159.9 time, 160.6 real, 101.2 MB
[runlim] sample:		169.9 time, 170.6 real, 105.0 MB
[runlim] sample:		179.9 time, 180.6 real, 106.8 MB
[runlim] sample:		189.9 time, 190.6 real, 109.1 MB
[runlim] sample:		199.9 time, 200.6 real, 110.9 MB
[runlim] sample:		209.9 time, 210.6 real, 113.0 MB
[runlim] sample:		219.9 time, 220.6 real, 115.3 MB
[runlim] sample:		229.9 time, 230.6 real, 117.4 MB
[runlim] sample:		239.9 time, 240.6 real, 121.5 MB
[runlim] sample:		249.9 time, 250.6 real, 121.8 MB
[runlim] sample:		259.9 time, 260.6 real, 123.3 MB
[runlim] sample:		269.9 time, 270.6 real, 125.6 MB
[runlim] sample:		279.9 time, 280.6 real, 127.7 MB
[runlim] sample:		289.9 time, 290.6 real, 128.7 MB
[runlim] sample:		299.9 time, 300.6 real, 130.8 MB
CVC4 interrupted by SIGTERM.
[runlim] end:			Tue Jan 29 13:12:05 2019
[runlim] status:		out of time
[runlim] result:		2
[runlim] children:		0
[runlim] real:			300.85 seconds
[runlim] time:			300.05 seconds
[runlim] space:			130.8 MB
[runlim] samples:		3002
