[runlim] version:		1.10fixed
[runlim] time limit:		300 seconds
[runlim] real time limit:	311040000 seconds
[runlim] space limit:		4000 MB
[runlim] argv[0]:		./cvc4
[runlim] argv[1]:		--nl-ext-tplanes
[runlim] argv[2]:		--cbqi-all
[runlim] argv[3]:		/tmp/zUko5vRa.smt2
[runlim] start:			Tue Jan 29 13:02:41 2019
[runlim] main pid:		27722
[runlim] sample:		9.2 time, 10.0 real, 39.3 MB
[runlim] sample:		18.3 time, 20.0 real, 46.5 MB
[runlim] sample:		27.7 time, 30.0 real, 52.7 MB
[runlim] sample:		37.7 time, 40.0 real, 58.6 MB
[runlim] sample:		47.7 time, 50.0 real, 63.7 MB
[runlim] sample:		57.6 time, 60.0 real, 68.1 MB
[runlim] sample:		67.7 time, 70.0 real, 72.0 MB
[runlim] sample:		77.7 time, 80.0 real, 76.2 MB
[runlim] sample:		87.7 time, 90.0 real, 79.6 MB
[runlim] sample:		97.7 time, 100.0 real, 83.9 MB
[runlim] sample:		107.7 time, 110.0 real, 88.4 MB
[runlim] sample:		117.6 time, 120.0 real, 92.0 MB
[runlim] sample:		127.6 time, 130.0 real, 94.4 MB
[runlim] sample:		137.6 time, 140.0 real, 97.7 MB
[runlim] sample:		147.1 time, 150.0 real, 100.0 MB
[runlim] sample:		156.7 time, 160.0 real, 102.6 MB
[runlim] sample:		166.2 time, 170.0 real, 108.5 MB
[runlim] sample:		176.2 time, 180.0 real, 110.1 MB
[runlim] sample:		186.2 time, 190.0 real, 111.1 MB
[runlim] sample:		196.2 time, 200.0 real, 113.7 MB
[runlim] sample:		206.2 time, 210.0 real, 116.3 MB
[runlim] sample:		216.2 time, 220.0 real, 119.9 MB
[runlim] sample:		226.2 time, 230.0 real, 123.2 MB
[runlim] sample:		236.2 time, 240.0 real, 127.4 MB
[runlim] sample:		246.2 time, 250.0 real, 130.5 MB
[runlim] sample:		256.2 time, 260.0 real, 134.6 MB
[runlim] sample:		266.2 time, 270.0 real, 137.4 MB
[runlim] sample:		276.2 time, 280.0 real, 138.7 MB
[runlim] sample:		286.2 time, 290.0 real, 141.0 MB
[runlim] sample:		296.2 time, 300.0 real, 142.6 MB
CVC4 interrupted by SIGTERM.
[runlim] end:			Tue Jan 29 13:07:44 2019
[runlim] status:		out of time
[runlim] result:		2
[runlim] children:		0
[runlim] real:			303.97 seconds
[runlim] time:			300.09 seconds
[runlim] space:			143.4 MB
[runlim] samples:		3039
