[runlim] version:		1.10fixed
[runlim] time limit:		300 seconds
[runlim] real time limit:	311040000 seconds
[runlim] space limit:		4000 MB
[runlim] argv[0]:		./cvc4
[runlim] argv[1]:		--nl-ext-tplanes
[runlim] argv[2]:		--cbqi-all
[runlim] argv[3]:		/tmp/UWFnv7qq.smt2
[runlim] start:			Tue Jan 29 13:10:57 2019
[runlim] main pid:		12996
[runlim] sample:		9.6 time, 10.8 real, 41.9 MB
[runlim] sample:		18.4 time, 20.8 real, 47.3 MB
[runlim] sample:		27.3 time, 30.8 real, 73.0 MB
[runlim] sample:		35.4 time, 40.8 real, 76.1 MB
[runlim] sample:		44.3 time, 50.8 real, 77.6 MB
[runlim] sample:		53.7 time, 60.8 real, 80.7 MB
[runlim] sample:		63.3 time, 70.8 real, 84.0 MB
[runlim] sample:		73.0 time, 80.8 real, 86.8 MB
[runlim] sample:		82.7 time, 90.8 real, 90.1 MB
[runlim] sample:		92.3 time, 100.8 real, 93.1 MB
[runlim] sample:		102.0 time, 110.8 real, 96.0 MB
[runlim] sample:		111.6 time, 120.8 real, 99.0 MB
[runlim] sample:		121.3 time, 130.8 real, 101.5 MB
[runlim] sample:		130.9 time, 140.8 real, 103.6 MB
[runlim] sample:		140.6 time, 150.8 real, 106.7 MB
[runlim] sample:		150.3 time, 160.8 real, 109.0 MB
[runlim] sample:		159.9 time, 170.8 real, 112.6 MB
[runlim] sample:		169.6 time, 180.8 real, 115.1 MB
[runlim] sample:		179.3 time, 190.8 real, 116.6 MB
[runlim] sample:		188.9 time, 200.8 real, 118.9 MB
[runlim] sample:		198.6 time, 210.8 real, 121.5 MB
[runlim] sample:		208.2 time, 220.8 real, 123.5 MB
[runlim] sample:		217.9 time, 230.8 real, 126.6 MB
[runlim] sample:		227.6 time, 240.8 real, 128.6 MB
[runlim] sample:		237.2 time, 250.8 real, 130.9 MB
[runlim] sample:		246.6 time, 260.8 real, 133.2 MB
[runlim] sample:		255.9 time, 270.8 real, 133.9 MB
[runlim] sample:		265.3 time, 280.8 real, 136.2 MB
[runlim] sample:		274.6 time, 290.8 real, 138.3 MB
[runlim] sample:		283.9 time, 300.8 real, 140.5 MB
[runlim] sample:		293.2 time, 310.8 real, 141.8 MB
[runlim] end:			Tue Jan 29 13:16:10 2019
[runlim] status:		signal(9)
[runlim] result:		11
[runlim] children:		0
[runlim] real:			313.78 seconds
[runlim] time:			296.07 seconds
[runlim] space:			143.1 MB
[runlim] samples:		3130
