[runlim] version:		1.10fixed
[runlim] time limit:		300 seconds
[runlim] real time limit:	311040000 seconds
[runlim] space limit:		4000 MB
[runlim] argv[0]:		./cvc4
[runlim] argv[1]:		--nl-ext-tplanes
[runlim] argv[2]:		--cbqi-all
[runlim] argv[3]:		/tmp/b34fUzpp.smt2
[runlim] start:			Tue Jan 29 13:11:31 2019
[runlim] main pid:		28881
[runlim] sample:		8.3 time, 10.3 real, 41.1 MB
[runlim] sample:		17.4 time, 20.3 real, 46.6 MB
[runlim] sample:		26.7 time, 30.3 real, 52.1 MB
[runlim] sample:		36.1 time, 40.3 real, 57.6 MB
[runlim] sample:		45.4 time, 50.3 real, 62.0 MB
[runlim] sample:		54.8 time, 60.3 real, 65.9 MB
[runlim] sample:		64.2 time, 70.3 real, 69.5 MB
[runlim] sample:		73.9 time, 80.3 real, 72.8 MB
[runlim] sample:		83.3 time, 90.3 real, 75.9 MB
[runlim] sample:		92.7 time, 100.3 real, 79.5 MB
[runlim] sample:		102.0 time, 110.3 real, 82.4 MB
[runlim] sample:		111.4 time, 120.3 real, 85.6 MB
[runlim] sample:		120.8 time, 130.3 real, 88.7 MB
[runlim] sample:		130.1 time, 140.3 real, 92.1 MB
[runlim] sample:		139.5 time, 150.3 real, 95.2 MB
[runlim] sample:		149.0 time, 160.3 real, 97.6 MB
[runlim] sample:		159.0 time, 170.3 real, 100.1 MB
[runlim] sample:		169.0 time, 180.3 real, 103.2 MB
[runlim] sample:		178.7 time, 190.3 real, 105.5 MB
[runlim] sample:		188.7 time, 200.3 real, 108.9 MB
[runlim] sample:		198.7 time, 210.3 real, 111.8 MB
[runlim] sample:		208.6 time, 220.3 real, 113.1 MB
[runlim] sample:		218.6 time, 230.3 real, 116.4 MB
[runlim] sample:		228.1 time, 240.3 real, 118.7 MB
[runlim] sample:		237.4 time, 250.3 real, 120.0 MB
[runlim] sample:		246.8 time, 260.3 real, 122.3 MB
[runlim] sample:		256.1 time, 270.3 real, 124.1 MB
[runlim] sample:		265.5 time, 280.3 real, 126.4 MB
[runlim] sample:		274.9 time, 290.3 real, 128.5 MB
[runlim] sample:		284.3 time, 300.3 real, 130.8 MB
[runlim] sample:		293.1 time, 310.3 real, 131.6 MB
CVC4 interrupted by SIGTERM.
[runlim] end:			Tue Jan 29 13:16:49 2019
[runlim] status:		out of time
[runlim] result:		2
[runlim] children:		0
[runlim] real:			318.25 seconds
[runlim] time:			300.10 seconds
[runlim] space:			133.4 MB
[runlim] samples:		3179
