[runlim] version:		1.10fixed
[runlim] time limit:		300 seconds
[runlim] real time limit:	311040000 seconds
[runlim] space limit:		4000 MB
[runlim] argv[0]:		./cvc4
[runlim] argv[1]:		--nl-ext-tplanes
[runlim] argv[2]:		--cbqi-all
[runlim] argv[3]:		/tmp/HWSlrvNS.smt2
[runlim] start:			Tue Jan 29 13:22:26 2019
[runlim] main pid:		5696
[runlim] sample:		9.7 time, 10.5 real, 56.1 MB
[runlim] sample:		19.6 time, 20.5 real, 92.4 MB
[runlim] sample:		28.6 time, 30.5 real, 125.4 MB
[runlim] sample:		37.6 time, 40.5 real, 157.7 MB
[runlim] sample:		46.4 time, 50.5 real, 189.5 MB
[runlim] sample:		56.0 time, 60.5 real, 225.0 MB
[runlim] sample:		66.0 time, 70.5 real, 264.3 MB
[runlim] sample:		76.0 time, 80.5 real, 299.3 MB
[runlim] sample:		86.0 time, 90.5 real, 336.2 MB
[runlim] sample:		95.6 time, 100.5 real, 367.4 MB
[runlim] sample:		105.3 time, 110.5 real, 398.3 MB
[runlim] sample:		115.2 time, 120.5 real, 437.4 MB
[runlim] sample:		125.2 time, 130.5 real, 481.9 MB
[runlim] sample:		134.9 time, 140.5 real, 494.0 MB
[runlim] sample:		143.7 time, 150.5 real, 524.2 MB
[runlim] sample:		152.4 time, 160.5 real, 554.1 MB
[runlim] sample:		161.2 time, 170.5 real, 587.3 MB
[runlim] sample:		170.7 time, 180.5 real, 618.0 MB
[runlim] sample:		179.9 time, 190.5 real, 653.4 MB
[runlim] sample:		188.8 time, 200.5 real, 684.6 MB
[runlim] sample:		197.8 time, 210.5 real, 714.7 MB
[runlim] sample:		206.6 time, 220.5 real, 744.9 MB
[runlim] sample:		216.6 time, 230.5 real, 777.6 MB
[runlim] sample:		226.6 time, 240.5 real, 821.1 MB
[runlim] sample:		236.6 time, 250.5 real, 854.9 MB
[runlim] sample:		246.6 time, 260.5 real, 901.8 MB
[runlim] sample:		256.6 time, 270.5 real, 927.8 MB
[runlim] sample:		266.6 time, 280.5 real, 952.0 MB
[runlim] sample:		276.0 time, 290.5 real, 983.7 MB
[runlim] sample:		285.4 time, 300.5 real, 1016.0 MB
[runlim] sample:		295.4 time, 310.5 real, 1051.3 MB
CVC4 interrupted by SIGTERM.
[runlim] end:			Tue Jan 29 13:27:41 2019
[runlim] status:		out of time
[runlim] result:		2
[runlim] children:		0
[runlim] real:			315.27 seconds
[runlim] time:			300.05 seconds
[runlim] space:			1067.8 MB
[runlim] samples:		3147
