[runlim] version:		1.10fixed
[runlim] time limit:		300 seconds
[runlim] real time limit:	311040000 seconds
[runlim] space limit:		4000 MB
[runlim] argv[0]:		./cvc4
[runlim] argv[1]:		--nl-ext-tplanes
[runlim] argv[2]:		--cbqi-all
[runlim] argv[3]:		/tmp/ymE3oNpq.smt2
[runlim] start:			Tue Jan 29 13:22:02 2019
[runlim] main pid:		13171
[runlim] sample:		9.6 time, 10.7 real, 42.1 MB
[runlim] sample:		19.2 time, 20.7 real, 54.4 MB
[runlim] sample:		28.9 time, 30.7 real, 63.7 MB
[runlim] sample:		38.6 time, 40.7 real, 72.6 MB
[runlim] sample:		48.2 time, 50.7 real, 78.6 MB
[runlim] sample:		57.9 time, 60.7 real, 84.2 MB
[runlim] sample:		67.6 time, 70.7 real, 89.9 MB
[runlim] sample:		77.2 time, 80.7 real, 94.3 MB
[runlim] sample:		86.9 time, 90.7 real, 98.7 MB
[runlim] sample:		96.6 time, 100.7 real, 105.2 MB
[runlim] sample:		106.3 time, 110.7 real, 113.0 MB
[runlim] sample:		116.0 time, 120.7 real, 116.8 MB
[runlim] sample:		125.7 time, 130.7 real, 120.2 MB
[runlim] sample:		135.3 time, 140.7 real, 123.5 MB
[runlim] sample:		145.0 time, 150.7 real, 126.9 MB
[runlim] sample:		154.7 time, 160.7 real, 129.7 MB
[runlim] sample:		164.4 time, 170.7 real, 132.6 MB
[runlim] sample:		174.0 time, 180.7 real, 135.1 MB
[runlim] sample:		183.7 time, 190.7 real, 138.0 MB
[runlim] sample:		193.4 time, 200.7 real, 140.3 MB
[runlim] sample:		203.1 time, 210.7 real, 142.6 MB
[runlim] sample:		212.7 time, 220.7 real, 145.2 MB
[runlim] sample:		222.4 time, 230.7 real, 147.5 MB
[runlim] sample:		232.1 time, 240.7 real, 149.6 MB
[runlim] sample:		241.8 time, 250.7 real, 151.9 MB
[runlim] sample:		251.4 time, 260.7 real, 154.2 MB
[runlim] sample:		261.1 time, 270.7 real, 156.0 MB
[runlim] sample:		270.8 time, 280.7 real, 158.3 MB
[runlim] sample:		280.5 time, 290.7 real, 160.1 MB
[runlim] sample:		290.4 time, 300.7 real, 162.0 MB
[runlim] end:			Tue Jan 29 13:27:07 2019
[runlim] status:		signal(9)
[runlim] result:		11
[runlim] children:		0
[runlim] real:			305.75 seconds
[runlim] time:			295.41 seconds
[runlim] space:			163.0 MB
[runlim] samples:		3050
