[runlim] version:		1.10fixed
[runlim] time limit:		300 seconds
[runlim] real time limit:	311040000 seconds
[runlim] space limit:		4000 MB
[runlim] argv[0]:		./cvc4
[runlim] argv[1]:		--nl-ext-tplanes
[runlim] argv[2]:		--cbqi-all
[runlim] argv[3]:		/tmp/qLf9wOFs.smt2
[runlim] start:			Tue Jan 29 13:21:59 2019
[runlim] main pid:		1524
[runlim] sample:		9.4 time, 10.6 real, 94.7 MB
[runlim] sample:		19.4 time, 20.6 real, 132.0 MB
[runlim] sample:		29.4 time, 30.6 real, 159.5 MB
[runlim] sample:		39.4 time, 40.6 real, 180.5 MB
[runlim] sample:		49.4 time, 50.6 real, 201.0 MB
[runlim] sample:		59.4 time, 60.6 real, 217.8 MB
[runlim] sample:		69.1 time, 70.6 real, 231.0 MB
[runlim] sample:		77.7 time, 80.6 real, 243.9 MB
[runlim] sample:		87.0 time, 90.6 real, 254.2 MB
[runlim] sample:		95.9 time, 100.6 real, 265.0 MB
[runlim] sample:		104.5 time, 110.6 real, 274.9 MB
[runlim] sample:		113.2 time, 120.6 real, 283.4 MB
[runlim] sample:		123.1 time, 130.6 real, 294.5 MB
[runlim] sample:		133.1 time, 140.6 real, 305.4 MB
[runlim] sample:		143.1 time, 150.6 real, 316.3 MB
[runlim] sample:		153.1 time, 160.6 real, 325.9 MB
[runlim] sample:		163.1 time, 170.6 real, 333.8 MB
[runlim] sample:		173.1 time, 180.6 real, 342.1 MB
[runlim] sample:		182.4 time, 190.6 real, 349.3 MB
[runlim] sample:		192.4 time, 200.6 real, 357.2 MB
[runlim] sample:		202.4 time, 210.6 real, 366.2 MB
[runlim] sample:		212.4 time, 220.6 real, 376.5 MB
[runlim] sample:		222.4 time, 230.6 real, 382.8 MB
[runlim] sample:		232.4 time, 240.6 real, 390.6 MB
[runlim] sample:		241.7 time, 250.6 real, 396.2 MB
[runlim] sample:		250.8 time, 260.6 real, 404.5 MB
[runlim] sample:		260.5 time, 270.6 real, 412.5 MB
[runlim] sample:		269.7 time, 280.6 real, 417.7 MB
[runlim] sample:		279.7 time, 290.6 real, 423.6 MB
[runlim] sample:		288.5 time, 300.6 real, 429.8 MB
[runlim] sample:		296.9 time, 310.6 real, 434.5 MB
CVC4 interrupted by SIGTERM.
[runlim] end:			Tue Jan 29 13:27:13 2019
[runlim] status:		out of time
[runlim] result:		2
[runlim] children:		0
[runlim] real:			314.35 seconds
[runlim] time:			300.10 seconds
[runlim] space:			436.3 MB
[runlim] samples:		3137
