[runlim] version:		1.10fixed
[runlim] time limit:		300 seconds
[runlim] real time limit:	311040000 seconds
[runlim] space limit:		4000 MB
[runlim] argv[0]:		./cvc4
[runlim] argv[1]:		--nl-ext-tplanes
[runlim] argv[2]:		--cbqi-all
[runlim] argv[3]:		/tmp/XtKsaSo9.smt2
[runlim] start:			Tue Jan 29 13:22:19 2019
[runlim] main pid:		12847
[runlim] sample:		9.1 time, 10.1 real, 69.9 MB
[runlim] sample:		16.2 time, 20.1 real, 78.2 MB
[runlim] sample:		25.9 time, 30.1 real, 83.7 MB
[runlim] sample:		35.9 time, 40.1 real, 90.9 MB
[runlim] sample:		45.8 time, 50.1 real, 96.6 MB
[runlim] sample:		55.6 time, 60.1 real, 100.0 MB
[runlim] sample:		65.4 time, 70.1 real, 104.4 MB
[runlim] sample:		75.4 time, 80.1 real, 106.2 MB
[runlim] sample:		84.1 time, 90.1 real, 109.0 MB
[runlim] sample:		93.2 time, 100.1 real, 110.8 MB
[runlim] sample:		103.2 time, 110.1 real, 114.7 MB
[runlim] sample:		113.2 time, 120.1 real, 116.3 MB
[runlim] sample:		123.2 time, 130.1 real, 119.4 MB
[runlim] sample:		132.8 time, 140.1 real, 120.4 MB
[runlim] sample:		142.7 time, 150.1 real, 123.0 MB
[runlim] sample:		152.6 time, 160.1 real, 126.0 MB
[runlim] sample:		162.4 time, 170.1 real, 129.8 MB
[runlim] sample:		171.1 time, 180.1 real, 131.6 MB
[runlim] sample:		180.3 time, 190.1 real, 131.8 MB
[runlim] sample:		189.6 time, 200.1 real, 133.4 MB
[runlim] sample:		198.6 time, 210.1 real, 135.9 MB
[runlim] sample:		206.6 time, 220.1 real, 138.2 MB
[runlim] sample:		215.3 time, 230.1 real, 139.3 MB
[runlim] sample:		223.1 time, 240.1 real, 140.6 MB
[runlim] sample:		232.4 time, 250.1 real, 140.8 MB
[runlim] sample:		241.5 time, 260.1 real, 142.7 MB
[runlim] sample:		250.4 time, 270.1 real, 144.2 MB
[runlim] sample:		259.2 time, 280.1 real, 144.2 MB
[runlim] sample:		267.4 time, 290.1 real, 145.8 MB
[runlim] sample:		276.3 time, 300.1 real, 147.6 MB
[runlim] sample:		285.1 time, 310.1 real, 147.6 MB
[runlim] sample:		294.9 time, 320.1 real, 149.4 MB
CVC4 interrupted by SIGTERM.
[runlim] end:			Tue Jan 29 13:27:44 2019
[runlim] status:		out of time
[runlim] result:		2
[runlim] children:		0
[runlim] real:			325.32 seconds
[runlim] time:			300.05 seconds
[runlim] space:			149.4 MB
[runlim] samples:		3252
