[runlim] version:		1.10fixed
[runlim] time limit:		300 seconds
[runlim] real time limit:	311040000 seconds
[runlim] space limit:		4000 MB
[runlim] argv[0]:		./cvc4
[runlim] argv[1]:		--nl-ext-tplanes
[runlim] argv[2]:		--cbqi-all
[runlim] argv[3]:		/tmp/fSWtdT8Q.smt2
[runlim] start:			Tue Jan 29 13:21:33 2019
[runlim] main pid:		28090
[runlim] sample:		8.8 time, 10.6 real, 64.4 MB
[runlim] sample:		18.8 time, 20.6 real, 102.8 MB
[runlim] sample:		28.3 time, 30.6 real, 112.5 MB
[runlim] sample:		38.3 time, 40.6 real, 119.2 MB
[runlim] sample:		48.3 time, 50.6 real, 124.1 MB
[runlim] sample:		58.3 time, 60.6 real, 128.8 MB
[runlim] sample:		68.3 time, 70.6 real, 132.7 MB
[runlim] sample:		78.3 time, 80.6 real, 136.3 MB
[runlim] sample:		88.3 time, 90.6 real, 140.0 MB
[runlim] sample:		98.3 time, 100.6 real, 143.3 MB
[runlim] sample:		108.3 time, 110.6 real, 144.9 MB
[runlim] sample:		118.3 time, 120.6 real, 148.2 MB
[runlim] sample:		126.6 time, 130.6 real, 150.0 MB
[runlim] sample:		136.6 time, 140.6 real, 151.6 MB
[runlim] sample:		145.3 time, 150.6 real, 155.7 MB
[runlim] sample:		152.7 time, 160.6 real, 155.7 MB
[runlim] sample:		162.7 time, 170.6 real, 159.7 MB
[runlim] sample:		171.6 time, 180.6 real, 161.9 MB
[runlim] sample:		181.1 time, 190.6 real, 163.2 MB
[runlim] sample:		190.5 time, 200.6 real, 164.5 MB
[runlim] sample:		199.7 time, 210.6 real, 166.6 MB
[runlim] sample:		209.7 time, 220.6 real, 167.9 MB
[runlim] sample:		219.6 time, 230.6 real, 169.7 MB
[runlim] sample:		226.9 time, 240.6 real, 170.9 MB
[runlim] sample:		234.1 time, 250.6 real, 171.2 MB
[runlim] sample:		241.4 time, 260.6 real, 173.3 MB
[runlim] sample:		249.8 time, 270.6 real, 173.3 MB
[runlim] sample:		257.7 time, 280.6 real, 174.8 MB
[runlim] sample:		266.8 time, 290.6 real, 176.9 MB
[runlim] sample:		274.5 time, 300.6 real, 179.2 MB
[runlim] sample:		284.4 time, 310.6 real, 179.2 MB
[runlim] sample:		294.4 time, 320.6 real, 180.5 MB
CVC4 interrupted by SIGTERM.
[runlim] end:			Tue Jan 29 13:26:59 2019
[runlim] status:		out of time
[runlim] result:		2
[runlim] children:		0
[runlim] real:			326.23 seconds
[runlim] time:			300.05 seconds
[runlim] space:			183.3 MB
[runlim] samples:		3256
