[runlim] version:		1.10fixed
[runlim] time limit:		300 seconds
[runlim] real time limit:	311040000 seconds
[runlim] space limit:		4000 MB
[runlim] argv[0]:		./cvc4
[runlim] argv[1]:		--nl-ext-tplanes
[runlim] argv[2]:		--cbqi-all
[runlim] argv[3]:		/tmp/h4ex1lWe.smt2
[runlim] start:			Tue Jan 29 13:21:50 2019
[runlim] main pid:		7971
[runlim] sample:		9.9 time, 10.2 real, 48.2 MB
[runlim] sample:		19.7 time, 20.2 real, 54.6 MB
[runlim] sample:		29.5 time, 30.2 real, 59.2 MB
[runlim] sample:		39.5 time, 40.2 real, 63.6 MB
[runlim] sample:		49.5 time, 50.2 real, 67.0 MB
[runlim] sample:		59.5 time, 60.2 real, 70.3 MB
[runlim] sample:		69.5 time, 70.2 real, 72.1 MB
[runlim] sample:		79.5 time, 80.2 real, 74.4 MB
[runlim] sample:		89.5 time, 90.2 real, 76.5 MB
[runlim] sample:		99.5 time, 100.2 real, 78.8 MB
[runlim] sample:		109.5 time, 110.2 real, 80.6 MB
[runlim] sample:		119.5 time, 120.2 real, 81.6 MB
[runlim] sample:		129.5 time, 130.2 real, 83.4 MB
[runlim] sample:		139.5 time, 140.2 real, 85.3 MB
[runlim] sample:		149.4 time, 150.2 real, 86.8 MB
[runlim] sample:		158.8 time, 160.2 real, 88.2 MB
[runlim] sample:		167.4 time, 170.2 real, 89.2 MB
[runlim] sample:		176.4 time, 180.2 real, 90.0 MB
[runlim] sample:		184.8 time, 190.2 real, 91.0 MB
[runlim] sample:		193.5 time, 200.2 real, 92.1 MB
[runlim] sample:		202.4 time, 210.2 real, 93.3 MB
[runlim] sample:		212.4 time, 220.2 real, 94.1 MB
[runlim] sample:		222.4 time, 230.2 real, 95.1 MB
[runlim] sample:		232.3 time, 240.2 real, 96.2 MB
[runlim] sample:		242.3 time, 250.2 real, 97.7 MB
[runlim] sample:		252.3 time, 260.2 real, 97.7 MB
[runlim] sample:		262.4 time, 270.2 real, 98.5 MB
[runlim] sample:		272.4 time, 280.2 real, 100.5 MB
[runlim] sample:		282.4 time, 290.2 real, 101.5 MB
[runlim] sample:		292.4 time, 300.2 real, 102.5 MB
CVC4 interrupted by SIGTERM.
[runlim] end:			Tue Jan 29 13:26:57 2019
[runlim] status:		out of time
[runlim] result:		2
[runlim] children:		0
[runlim] real:			307.97 seconds
[runlim] time:			300.05 seconds
[runlim] space:			102.5 MB
[runlim] samples:		3077
