[runlim] version:		1.10fixed
[runlim] time limit:		300 seconds
[runlim] real time limit:	311040000 seconds
[runlim] space limit:		4000 MB
[runlim] argv[0]:		./cvc4
[runlim] argv[1]:		--nl-ext-tplanes
[runlim] argv[2]:		--cbqi-all
[runlim] argv[3]:		/tmp/mcM0U0Xj.smt2
[runlim] start:			Tue Jan 29 13:21:52 2019
[runlim] main pid:		3710
[runlim] sample:		9.7 time, 10.4 real, 43.7 MB
[runlim] sample:		19.7 time, 20.4 real, 55.7 MB
[runlim] sample:		29.2 time, 30.4 real, 64.4 MB
[runlim] sample:		39.0 time, 40.4 real, 73.1 MB
[runlim] sample:		47.8 time, 50.4 real, 78.6 MB
[runlim] sample:		57.2 time, 60.4 real, 84.2 MB
[runlim] sample:		67.2 time, 70.4 real, 89.6 MB
[runlim] sample:		77.2 time, 80.4 real, 94.5 MB
[runlim] sample:		86.8 time, 90.4 real, 98.7 MB
[runlim] sample:		96.2 time, 100.4 real, 105.0 MB
[runlim] sample:		105.9 time, 110.4 real, 113.1 MB
[runlim] sample:		115.9 time, 120.4 real, 117.2 MB
[runlim] sample:		125.4 time, 130.4 real, 120.3 MB
[runlim] sample:		134.9 time, 140.4 real, 123.4 MB
[runlim] sample:		144.5 time, 150.4 real, 126.7 MB
[runlim] sample:		153.9 time, 160.4 real, 129.6 MB
[runlim] sample:		163.3 time, 170.4 real, 132.2 MB
[runlim] sample:		172.6 time, 180.4 real, 135.0 MB
[runlim] sample:		182.0 time, 190.4 real, 137.8 MB
[runlim] sample:		191.3 time, 200.4 real, 140.1 MB
[runlim] sample:		200.3 time, 210.4 real, 142.2 MB
[runlim] sample:		210.0 time, 220.4 real, 144.5 MB
[runlim] sample:		219.8 time, 230.4 real, 146.6 MB
[runlim] sample:		229.4 time, 240.4 real, 148.9 MB
[runlim] sample:		238.1 time, 250.4 real, 151.2 MB
[runlim] sample:		247.5 time, 260.4 real, 153.6 MB
[runlim] sample:		257.4 time, 270.4 real, 155.4 MB
[runlim] sample:		267.0 time, 280.4 real, 157.7 MB
[runlim] sample:		276.2 time, 290.4 real, 159.5 MB
[runlim] sample:		285.1 time, 300.4 real, 161.0 MB
[runlim] sample:		294.8 time, 310.4 real, 162.8 MB
CVC4 interrupted by SIGTERM.
[runlim] end:			Tue Jan 29 13:27:07 2019
[runlim] status:		out of time
[runlim] result:		2
[runlim] children:		0
[runlim] real:			315.80 seconds
[runlim] time:			300.08 seconds
[runlim] space:			164.1 MB
[runlim] samples:		3154
