[runlim] version:		1.10fixed
[runlim] time limit:		300 seconds
[runlim] real time limit:	311040000 seconds
[runlim] space limit:		4000 MB
[runlim] argv[0]:		./cvc4
[runlim] argv[1]:		--nl-ext-tplanes
[runlim] argv[2]:		--cbqi-all
[runlim] argv[3]:		/tmp/XGyOGjvE.smt2
[runlim] start:			Tue Jan 29 13:18:21 2019
[runlim] main pid:		24178
[runlim] sample:		9.9 time, 10.8 real, 43.0 MB
[runlim] sample:		19.9 time, 20.8 real, 55.3 MB
[runlim] sample:		29.9 time, 30.8 real, 64.5 MB
[runlim] sample:		39.9 time, 40.8 real, 73.4 MB
[runlim] sample:		49.8 time, 50.8 real, 79.8 MB
[runlim] sample:		59.8 time, 60.8 real, 85.5 MB
[runlim] sample:		69.8 time, 70.8 real, 90.9 MB
[runlim] sample:		79.8 time, 80.8 real, 95.6 MB
[runlim] sample:		89.6 time, 90.8 real, 99.7 MB
[runlim] sample:		99.0 time, 100.8 real, 109.9 MB
[runlim] sample:		107.5 time, 110.8 real, 113.3 MB
[runlim] sample:		116.2 time, 120.8 real, 116.9 MB
[runlim] sample:		126.2 time, 130.8 real, 120.5 MB
[runlim] sample:		136.2 time, 140.8 real, 123.8 MB
[runlim] sample:		146.2 time, 150.8 real, 126.9 MB
[runlim] sample:		156.2 time, 160.8 real, 130.0 MB
[runlim] sample:		166.2 time, 170.8 real, 132.9 MB
[runlim] sample:		176.2 time, 180.8 real, 135.7 MB
[runlim] sample:		186.2 time, 190.8 real, 138.3 MB
[runlim] sample:		196.2 time, 200.8 real, 140.8 MB
[runlim] sample:		206.2 time, 210.8 real, 143.2 MB
[runlim] sample:		216.2 time, 220.8 real, 145.7 MB
[runlim] sample:		226.1 time, 230.8 real, 148.1 MB
[runlim] sample:		235.7 time, 240.8 real, 150.4 MB
[runlim] sample:		245.1 time, 250.8 real, 152.4 MB
[runlim] sample:		254.5 time, 260.8 real, 154.5 MB
[runlim] sample:		263.9 time, 270.8 real, 156.6 MB
[runlim] sample:		273.0 time, 280.8 real, 158.6 MB
[runlim] sample:		281.6 time, 290.8 real, 160.2 MB
[runlim] sample:		290.1 time, 300.8 real, 162.0 MB
CVC4 interrupted by SIGTERM.
[runlim] end:			Tue Jan 29 13:23:31 2019
[runlim] status:		out of time
[runlim] result:		2
[runlim] children:		0
[runlim] real:			310.74 seconds
[runlim] time:			300.02 seconds
[runlim] space:			164.0 MB
[runlim] samples:		3099
