[runlim] version:		1.10fixed
[runlim] time limit:		300 seconds
[runlim] real time limit:	311040000 seconds
[runlim] space limit:		4000 MB
[runlim] argv[0]:		./cvc4
[runlim] argv[1]:		--nl-ext-tplanes
[runlim] argv[2]:		--cbqi-all
[runlim] argv[3]:		/tmp/2TbJXIST.smt2
[runlim] start:			Tue Jan 29 13:19:07 2019
[runlim] main pid:		15047
[runlim] sample:		8.7 time, 10.3 real, 41.2 MB
[runlim] sample:		18.6 time, 20.3 real, 46.4 MB
[runlim] sample:		28.6 time, 30.3 real, 51.3 MB
[runlim] sample:		38.2 time, 40.3 real, 54.9 MB
[runlim] sample:		47.9 time, 50.3 real, 57.5 MB
[runlim] sample:		57.5 time, 60.3 real, 59.7 MB
[runlim] sample:		67.2 time, 70.3 real, 61.0 MB
[runlim] sample:		77.1 time, 80.3 real, 63.9 MB
[runlim] sample:		87.1 time, 90.3 real, 65.7 MB
[runlim] sample:		97.1 time, 100.3 real, 67.5 MB
[runlim] sample:		107.1 time, 110.3 real, 68.8 MB
[runlim] sample:		116.6 time, 120.3 real, 70.3 MB
[runlim] sample:		126.0 time, 130.3 real, 71.1 MB
[runlim] sample:		135.8 time, 140.3 real, 73.2 MB
[runlim] sample:		145.8 time, 150.3 real, 74.2 MB
[runlim] sample:		155.8 time, 160.3 real, 75.0 MB
[runlim] sample:		165.8 time, 170.3 real, 76.0 MB
[runlim] sample:		175.8 time, 180.3 real, 76.8 MB
[runlim] sample:		185.8 time, 190.3 real, 77.8 MB
[runlim] sample:		195.8 time, 200.3 real, 78.8 MB
[runlim] sample:		205.8 time, 210.3 real, 79.9 MB
[runlim] sample:		215.8 time, 220.3 real, 80.4 MB
[runlim] sample:		225.5 time, 230.3 real, 81.7 MB
[runlim] sample:		235.5 time, 240.3 real, 82.7 MB
[runlim] sample:		245.5 time, 250.3 real, 84.0 MB
[runlim] sample:		254.4 time, 260.3 real, 85.3 MB
[runlim] sample:		263.6 time, 270.3 real, 85.8 MB
[runlim] sample:		272.7 time, 280.3 real, 88.3 MB
[runlim] sample:		281.6 time, 290.3 real, 88.3 MB
[runlim] sample:		290.9 time, 300.3 real, 89.1 MB
CVC4 interrupted by SIGTERM.
[runlim] end:			Tue Jan 29 13:24:16 2019
[runlim] status:		out of time
[runlim] result:		2
[runlim] children:		0
[runlim] real:			309.69 seconds
[runlim] time:			300.06 seconds
[runlim] space:			90.1 MB
[runlim] samples:		3094
