[runlim] version:		1.10fixed
[runlim] time limit:		300 seconds
[runlim] real time limit:	311040000 seconds
[runlim] space limit:		4000 MB
[runlim] argv[0]:		./cvc4
[runlim] argv[1]:		--nl-ext-tplanes
[runlim] argv[2]:		--cbqi-all
[runlim] argv[3]:		/tmp/gRP7m0NZ.smt2
[runlim] start:			Tue Jan 29 13:18:44 2019
[runlim] main pid:		13954
[runlim] sample:		8.4 time, 10.2 real, 42.7 MB
[runlim] sample:		16.8 time, 20.2 real, 63.9 MB
[runlim] sample:		24.9 time, 30.2 real, 85.1 MB
[runlim] sample:		35.0 time, 40.2 real, 109.8 MB
[runlim] sample:		43.4 time, 50.2 real, 134.4 MB
[runlim] sample:		51.6 time, 60.2 real, 154.0 MB
[runlim] sample:		61.2 time, 70.2 real, 175.8 MB
[runlim] sample:		70.8 time, 80.2 real, 196.7 MB
[runlim] sample:		79.5 time, 90.2 real, 218.6 MB
[runlim] sample:		89.5 time, 100.2 real, 247.3 MB
[runlim] sample:		97.5 time, 110.2 real, 265.1 MB
[runlim] sample:		106.6 time, 120.2 real, 285.7 MB
[runlim] sample:		114.9 time, 130.2 real, 306.2 MB
[runlim] sample:		124.5 time, 140.2 real, 327.4 MB
[runlim] sample:		133.4 time, 150.2 real, 348.0 MB
[runlim] sample:		141.5 time, 160.2 real, 364.8 MB
[runlim] sample:		151.5 time, 170.2 real, 389.0 MB
[runlim] sample:		161.0 time, 180.2 real, 417.8 MB
[runlim] sample:		171.0 time, 190.2 real, 442.1 MB
[runlim] sample:		181.0 time, 200.2 real, 476.6 MB
[runlim] sample:		190.6 time, 210.2 real, 483.6 MB
[runlim] sample:		200.6 time, 220.2 real, 500.1 MB
[runlim] sample:		210.6 time, 230.2 real, 521.0 MB
[runlim] sample:		220.6 time, 240.2 real, 543.6 MB
[runlim] sample:		230.6 time, 250.2 real, 566.8 MB
[runlim] sample:		240.6 time, 260.2 real, 593.9 MB
[runlim] sample:		250.6 time, 270.2 real, 617.1 MB
[runlim] sample:		260.6 time, 280.2 real, 640.8 MB
[runlim] sample:		270.6 time, 290.2 real, 668.6 MB
[runlim] sample:		280.6 time, 300.2 real, 692.1 MB
[runlim] sample:		290.6 time, 310.2 real, 714.8 MB
CVC4 interrupted by SIGTERM.
[runlim] end:			Tue Jan 29 13:24:03 2019
[runlim] status:		out of time
[runlim] result:		2
[runlim] children:		0
[runlim] real:			319.71 seconds
[runlim] time:			300.09 seconds
[runlim] space:			736.9 MB
[runlim] samples:		3195
