[runlim] version:		1.10fixed
[runlim] time limit:		300 seconds
[runlim] real time limit:	311040000 seconds
[runlim] space limit:		4000 MB
[runlim] argv[0]:		./cvc4
[runlim] argv[1]:		--nl-ext-tplanes
[runlim] argv[2]:		--cbqi-all
[runlim] argv[3]:		/tmp/aW0gsFYf.smt2
[runlim] start:			Tue Jan 29 13:18:31 2019
[runlim] main pid:		31198
[runlim] sample:		10.0 time, 10.9 real, 42.5 MB
[runlim] sample:		20.0 time, 20.9 real, 54.2 MB
[runlim] sample:		29.5 time, 30.9 real, 62.0 MB
[runlim] sample:		39.5 time, 40.9 real, 72.1 MB
[runlim] sample:		49.5 time, 50.9 real, 78.0 MB
[runlim] sample:		59.5 time, 60.9 real, 83.7 MB
[runlim] sample:		69.5 time, 70.9 real, 88.8 MB
[runlim] sample:		79.5 time, 80.9 real, 93.7 MB
[runlim] sample:		89.5 time, 90.9 real, 98.1 MB
[runlim] sample:		97.7 time, 100.9 real, 101.2 MB
[runlim] sample:		105.1 time, 110.9 real, 106.2 MB
[runlim] sample:		112.9 time, 120.9 real, 113.1 MB
[runlim] sample:		121.5 time, 130.9 real, 116.5 MB
[runlim] sample:		130.5 time, 140.9 real, 119.1 MB
[runlim] sample:		140.2 time, 150.9 real, 122.1 MB
[runlim] sample:		147.9 time, 160.9 real, 124.2 MB
[runlim] sample:		155.7 time, 170.9 real, 126.5 MB
[runlim] sample:		164.3 time, 180.9 real, 128.9 MB
[runlim] sample:		173.9 time, 190.9 real, 131.9 MB
[runlim] sample:		181.6 time, 200.9 real, 133.8 MB
[runlim] sample:		190.4 time, 210.9 real, 136.3 MB
[runlim] sample:		200.4 time, 220.9 real, 138.9 MB
[runlim] sample:		210.4 time, 230.9 real, 141.2 MB
[runlim] sample:		220.4 time, 240.9 real, 143.3 MB
[runlim] sample:		230.4 time, 250.9 real, 145.6 MB
[runlim] sample:		240.4 time, 260.9 real, 147.7 MB
[runlim] sample:		250.4 time, 270.9 real, 149.7 MB
[runlim] sample:		260.4 time, 280.9 real, 151.8 MB
[runlim] sample:		270.4 time, 290.9 real, 153.6 MB
[runlim] sample:		279.6 time, 300.9 real, 155.1 MB
[runlim] sample:		289.4 time, 310.9 real, 157.2 MB
[runlim] sample:		297.6 time, 320.9 real, 158.8 MB
CVC4 interrupted by SIGTERM.
[runlim] end:			Tue Jan 29 13:23:55 2019
[runlim] status:		out of time
[runlim] result:		2
[runlim] children:		0
[runlim] real:			324.15 seconds
[runlim] time:			300.07 seconds
[runlim] space:			159.0 MB
[runlim] samples:		3232
