[runlim] version:		1.10fixed
[runlim] time limit:		300 seconds
[runlim] real time limit:	311040000 seconds
[runlim] space limit:		4000 MB
[runlim] argv[0]:		./cvc4
[runlim] argv[1]:		--nl-ext-tplanes
[runlim] argv[2]:		--cbqi-all
[runlim] argv[3]:		/tmp/ntr7WuzG.smt2
[runlim] start:			Tue Jan 29 13:18:35 2019
[runlim] main pid:		6493
[runlim] sample:		9.5 time, 10.8 real, 41.9 MB
[runlim] sample:		18.8 time, 20.8 real, 54.3 MB
[runlim] sample:		28.1 time, 30.8 real, 63.5 MB
[runlim] sample:		37.5 time, 40.8 real, 72.5 MB
[runlim] sample:		47.3 time, 50.8 real, 78.7 MB
[runlim] sample:		57.0 time, 60.8 real, 84.4 MB
[runlim] sample:		66.6 time, 70.8 real, 89.8 MB
[runlim] sample:		76.2 time, 80.8 real, 94.2 MB
[runlim] sample:		85.6 time, 90.8 real, 98.5 MB
[runlim] sample:		95.3 time, 100.8 real, 104.8 MB
[runlim] sample:		105.2 time, 110.8 real, 112.8 MB
[runlim] sample:		115.2 time, 120.8 real, 116.7 MB
[runlim] sample:		125.2 time, 130.8 real, 120.5 MB
[runlim] sample:		135.2 time, 140.8 real, 123.6 MB
[runlim] sample:		145.1 time, 150.8 real, 127.0 MB
[runlim] sample:		155.1 time, 160.8 real, 130.1 MB
[runlim] sample:		165.1 time, 170.8 real, 133.2 MB
[runlim] sample:		175.1 time, 180.8 real, 136.0 MB
[runlim] sample:		184.0 time, 190.8 real, 138.3 MB
[runlim] sample:		193.4 time, 200.8 real, 140.4 MB
[runlim] sample:		203.4 time, 210.8 real, 143.0 MB
[runlim] sample:		213.1 time, 220.8 real, 145.5 MB
[runlim] sample:		221.8 time, 230.8 real, 147.3 MB
[runlim] sample:		231.4 time, 240.8 real, 149.7 MB
[runlim] sample:		241.1 time, 250.8 real, 152.0 MB
[runlim] sample:		250.4 time, 260.8 real, 154.0 MB
[runlim] sample:		259.7 time, 270.8 real, 156.1 MB
[runlim] sample:		269.0 time, 280.8 real, 158.4 MB
[runlim] sample:		278.4 time, 290.8 real, 160.2 MB
[runlim] sample:		287.7 time, 300.8 real, 161.8 MB
[runlim] sample:		297.4 time, 310.8 real, 163.6 MB
CVC4 interrupted by SIGTERM.
[runlim] end:			Tue Jan 29 13:23:48 2019
[runlim] status:		out of time
[runlim] result:		2
[runlim] children:		0
[runlim] real:			313.51 seconds
[runlim] time:			300.09 seconds
[runlim] space:			164.3 MB
[runlim] samples:		3127
