[runlim] version:		1.10fixed
[runlim] time limit:		300 seconds
[runlim] real time limit:	311040000 seconds
[runlim] space limit:		4000 MB
[runlim] argv[0]:		./cvc4
[runlim] argv[1]:		--nl-ext-tplanes
[runlim] argv[2]:		--cbqi-all
[runlim] argv[3]:		/tmp/Th91gfjh.smt2
[runlim] start:			Tue Jan 29 13:19:30 2019
[runlim] main pid:		15110
[runlim] sample:		9.3 time, 10.8 real, 41.6 MB
[runlim] sample:		19.2 time, 20.8 real, 54.2 MB
[runlim] sample:		28.8 time, 30.8 real, 63.4 MB
[runlim] sample:		38.7 time, 40.8 real, 72.6 MB
[runlim] sample:		48.7 time, 50.8 real, 78.8 MB
[runlim] sample:		58.1 time, 60.8 real, 83.9 MB
[runlim] sample:		67.0 time, 70.8 real, 88.8 MB
[runlim] sample:		75.7 time, 80.8 real, 93.2 MB
[runlim] sample:		83.3 time, 90.8 real, 96.3 MB
[runlim] sample:		92.7 time, 100.8 real, 102.8 MB
[runlim] sample:		102.4 time, 110.8 real, 110.9 MB
[runlim] sample:		112.1 time, 120.8 real, 115.1 MB
[runlim] sample:		121.8 time, 130.8 real, 118.7 MB
[runlim] sample:		131.5 time, 140.8 real, 121.8 MB
[runlim] sample:		141.2 time, 150.8 real, 125.1 MB
[runlim] sample:		150.9 time, 160.8 real, 128.0 MB
[runlim] sample:		160.6 time, 170.8 real, 131.1 MB
[runlim] sample:		170.3 time, 180.8 real, 133.6 MB
[runlim] sample:		180.0 time, 190.8 real, 136.7 MB
[runlim] sample:		189.6 time, 200.8 real, 139.0 MB
[runlim] sample:		199.3 time, 210.8 real, 141.9 MB
[runlim] sample:		208.9 time, 220.8 real, 144.2 MB
[runlim] sample:		218.6 time, 230.8 real, 146.5 MB
[runlim] sample:		228.2 time, 240.8 real, 148.8 MB
[runlim] sample:		237.9 time, 250.8 real, 151.2 MB
[runlim] sample:		247.6 time, 260.8 real, 153.5 MB
[runlim] sample:		257.2 time, 270.8 real, 155.5 MB
[runlim] sample:		266.9 time, 280.8 real, 157.6 MB
[runlim] sample:		276.6 time, 290.8 real, 159.7 MB
[runlim] sample:		286.2 time, 300.8 real, 161.5 MB
[runlim] sample:		295.9 time, 310.8 real, 163.3 MB
[runlim] end:			Tue Jan 29 13:24:44 2019
[runlim] status:		signal(9)
[runlim] result:		11
[runlim] children:		0
[runlim] real:			314.20 seconds
[runlim] time:			299.18 seconds
[runlim] space:			163.8 MB
[runlim] samples:		3133
