[runlim] version:		1.10fixed
[runlim] time limit:		300 seconds
[runlim] real time limit:	311040000 seconds
[runlim] space limit:		4000 MB
[runlim] argv[0]:		./cvc4
[runlim] argv[1]:		--nl-ext-tplanes
[runlim] argv[2]:		--cbqi-all
[runlim] argv[3]:		/tmp/4oMmFasW.smt2
[runlim] start:			Tue Jan 29 13:22:18 2019
[runlim] main pid:		28420
[runlim] sample:		9.4 time, 10.6 real, 47.8 MB
[runlim] sample:		19.4 time, 20.6 real, 54.0 MB
[runlim] sample:		29.4 time, 30.6 real, 60.1 MB
[runlim] sample:		39.4 time, 40.6 real, 63.2 MB
[runlim] sample:		49.4 time, 50.6 real, 67.0 MB
[runlim] sample:		59.4 time, 60.6 real, 69.1 MB
[runlim] sample:		69.4 time, 70.6 real, 72.1 MB
[runlim] sample:		79.4 time, 80.6 real, 74.1 MB
[runlim] sample:		89.4 time, 90.6 real, 76.2 MB
[runlim] sample:		99.4 time, 100.6 real, 78.3 MB
[runlim] sample:		109.4 time, 110.6 real, 79.3 MB
[runlim] sample:		119.4 time, 120.6 real, 81.9 MB
[runlim] sample:		129.4 time, 130.6 real, 83.2 MB
[runlim] sample:		138.8 time, 140.6 real, 84.2 MB
[runlim] sample:		148.2 time, 150.6 real, 85.2 MB
[runlim] sample:		158.2 time, 160.6 real, 88.1 MB
[runlim] sample:		168.2 time, 170.6 real, 88.9 MB
[runlim] sample:		178.2 time, 180.6 real, 90.2 MB
[runlim] sample:		188.1 time, 190.6 real, 91.2 MB
[runlim] sample:		198.1 time, 200.6 real, 94.0 MB
[runlim] sample:		208.1 time, 210.6 real, 94.5 MB
[runlim] sample:		218.1 time, 220.6 real, 95.8 MB
[runlim] sample:		228.1 time, 230.6 real, 97.8 MB
[runlim] sample:		238.1 time, 240.6 real, 98.9 MB
[runlim] sample:		248.1 time, 250.6 real, 99.9 MB
[runlim] sample:		258.1 time, 260.6 real, 100.9 MB
[runlim] sample:		268.1 time, 270.6 real, 102.5 MB
[runlim] sample:		278.1 time, 280.6 real, 102.5 MB
[runlim] sample:		288.1 time, 290.6 real, 103.2 MB
[runlim] sample:		298.1 time, 300.6 real, 104.3 MB
CVC4 interrupted by SIGTERM.
[runlim] end:			Tue Jan 29 13:27:20 2019
[runlim] status:		out of time
[runlim] result:		2
[runlim] children:		0
[runlim] real:			302.72 seconds
[runlim] time:			300.01 seconds
[runlim] space:			104.3 MB
[runlim] samples:		3021
