[runlim] version:		1.10fixed
[runlim] time limit:		300 seconds
[runlim] real time limit:	311040000 seconds
[runlim] space limit:		4000 MB
[runlim] argv[0]:		./cvc4
[runlim] argv[1]:		--nl-ext-tplanes
[runlim] argv[2]:		--cbqi-all
[runlim] argv[3]:		/tmp/tSuk7Z5n.smt2
[runlim] start:			Tue Jan 29 13:26:30 2019
[runlim] main pid:		8191
[runlim] sample:		8.9 time, 10.7 real, 44.1 MB
[runlim] sample:		18.9 time, 20.7 real, 52.1 MB
[runlim] sample:		28.9 time, 30.7 real, 56.6 MB
[runlim] sample:		38.8 time, 40.7 real, 61.7 MB
[runlim] sample:		48.8 time, 50.7 real, 66.0 MB
[runlim] sample:		58.8 time, 60.7 real, 68.9 MB
[runlim] sample:		68.8 time, 70.7 real, 71.7 MB
[runlim] sample:		78.8 time, 80.7 real, 74.8 MB
[runlim] sample:		88.8 time, 90.7 real, 76.6 MB
[runlim] sample:		98.8 time, 100.7 real, 78.2 MB
[runlim] sample:		108.8 time, 110.7 real, 81.5 MB
[runlim] sample:		118.8 time, 120.7 real, 82.8 MB
[runlim] sample:		128.8 time, 130.7 real, 84.9 MB
[runlim] sample:		138.8 time, 140.7 real, 86.9 MB
[runlim] sample:		148.8 time, 150.7 real, 88.2 MB
[runlim] sample:		158.8 time, 160.7 real, 89.9 MB
[runlim] sample:		168.8 time, 170.7 real, 92.7 MB
[runlim] sample:		178.8 time, 180.7 real, 94.2 MB
[runlim] sample:		188.8 time, 190.7 real, 94.5 MB
[runlim] sample:		198.8 time, 200.7 real, 96.0 MB
[runlim] sample:		208.8 time, 210.7 real, 97.5 MB
[runlim] sample:		218.3 time, 220.7 real, 99.0 MB
[runlim] sample:		227.9 time, 230.7 real, 100.6 MB
[runlim] sample:		237.5 time, 240.7 real, 100.6 MB
[runlim] sample:		246.8 time, 250.7 real, 103.4 MB
[runlim] sample:		256.2 time, 260.7 real, 104.4 MB
[runlim] sample:		265.6 time, 270.7 real, 105.7 MB
[runlim] sample:		275.1 time, 280.7 real, 106.8 MB
[runlim] sample:		284.4 time, 290.7 real, 106.8 MB
[runlim] sample:		293.7 time, 300.7 real, 108.3 MB
CVC4 interrupted by SIGTERM.
[runlim] end:			Tue Jan 29 13:31:37 2019
[runlim] status:		out of time
[runlim] result:		2
[runlim] children:		0
[runlim] real:			307.58 seconds
[runlim] time:			300.10 seconds
[runlim] space:			108.3 MB
[runlim] samples:		3069
