[runlim] version:		1.10fixed
[runlim] time limit:		300 seconds
[runlim] real time limit:	311040000 seconds
[runlim] space limit:		4000 MB
[runlim] argv[0]:		./cvc4
[runlim] argv[1]:		--nl-ext-tplanes
[runlim] argv[2]:		--cbqi-all
[runlim] argv[3]:		/tmp/wYwEz3v1.smt2
[runlim] start:			Tue Jan 29 13:23:53 2019
[runlim] main pid:		4177
[runlim] sample:		9.2 time, 10.3 real, 61.7 MB
[runlim] sample:		17.5 time, 20.3 real, 74.8 MB
[runlim] sample:		26.8 time, 30.3 real, 84.5 MB
[runlim] sample:		36.8 time, 40.3 real, 95.2 MB
[runlim] sample:		46.8 time, 50.3 real, 102.0 MB
[runlim] sample:		56.8 time, 60.3 real, 110.4 MB
[runlim] sample:		66.8 time, 70.3 real, 117.8 MB
[runlim] sample:		76.8 time, 80.3 real, 122.3 MB
[runlim] sample:		86.8 time, 90.3 real, 131.5 MB
[runlim] sample:		96.8 time, 100.3 real, 136.3 MB
[runlim] sample:		106.8 time, 110.3 real, 144.2 MB
[runlim] sample:		116.4 time, 120.3 real, 146.5 MB
[runlim] sample:		125.7 time, 130.3 real, 151.6 MB
[runlim] sample:		134.8 time, 140.3 real, 157.5 MB
[runlim] sample:		144.2 time, 150.3 real, 161.6 MB
[runlim] sample:		153.2 time, 160.3 real, 162.2 MB
[runlim] sample:		163.2 time, 170.3 real, 165.6 MB
[runlim] sample:		171.8 time, 180.3 real, 168.2 MB
[runlim] sample:		180.1 time, 190.3 real, 171.2 MB
[runlim] sample:		188.9 time, 200.3 real, 173.0 MB
[runlim] sample:		197.3 time, 210.3 real, 179.7 MB
[runlim] sample:		206.9 time, 220.3 real, 180.2 MB
[runlim] sample:		216.9 time, 230.3 real, 181.8 MB
[runlim] sample:		226.6 time, 240.3 real, 185.8 MB
[runlim] sample:		236.0 time, 250.3 real, 190.9 MB
[runlim] sample:		246.0 time, 260.3 real, 195.1 MB
[runlim] sample:		255.9 time, 270.3 real, 199.3 MB
[runlim] sample:		264.7 time, 280.3 real, 198.0 MB
[runlim] sample:		274.6 time, 290.3 real, 206.0 MB
[runlim] sample:		284.6 time, 300.3 real, 206.6 MB
[runlim] sample:		294.1 time, 310.3 real, 208.9 MB
CVC4 interrupted by SIGTERM.
[runlim] end:			Tue Jan 29 13:29:10 2019
[runlim] status:		out of time
[runlim] result:		2
[runlim] children:		0
[runlim] real:			317.13 seconds
[runlim] time:			300.08 seconds
[runlim] space:			210.2 MB
[runlim] samples:		3168
