[runlim] version:		1.10fixed
[runlim] time limit:		300 seconds
[runlim] real time limit:	311040000 seconds
[runlim] space limit:		4000 MB
[runlim] argv[0]:		./cvc4
[runlim] argv[1]:		--nl-ext-tplanes
[runlim] argv[2]:		--cbqi-all
[runlim] argv[3]:		/tmp/Q1Jo4d6l.smt2
[runlim] start:			Tue Jan 29 13:27:49 2019
[runlim] main pid:		12046
[runlim] sample:		10.0 time, 10.7 real, 41.5 MB
[runlim] sample:		19.6 time, 20.7 real, 51.8 MB
[runlim] sample:		29.0 time, 30.7 real, 58.0 MB
[runlim] sample:		38.8 time, 40.7 real, 63.6 MB
[runlim] sample:		48.3 time, 50.7 real, 71.0 MB
[runlim] sample:		58.0 time, 60.7 real, 75.4 MB
[runlim] sample:		67.7 time, 70.7 real, 79.8 MB
[runlim] sample:		76.0 time, 80.7 real, 83.4 MB
[runlim] sample:		84.7 time, 90.7 real, 86.2 MB
[runlim] sample:		93.5 time, 100.7 real, 89.0 MB
[runlim] sample:		102.5 time, 110.7 real, 91.6 MB
[runlim] sample:		112.1 time, 120.7 real, 94.7 MB
[runlim] sample:		121.8 time, 130.7 real, 97.6 MB
[runlim] sample:		131.1 time, 140.7 real, 100.4 MB
[runlim] sample:		141.1 time, 150.7 real, 102.7 MB
[runlim] sample:		151.1 time, 160.7 real, 105.3 MB
[runlim] sample:		161.1 time, 170.7 real, 109.8 MB
[runlim] sample:		171.1 time, 180.7 real, 115.9 MB
[runlim] sample:		180.7 time, 190.7 real, 118.0 MB
[runlim] sample:		190.0 time, 200.7 real, 120.1 MB
[runlim] sample:		199.4 time, 210.7 real, 122.1 MB
[runlim] sample:		208.7 time, 220.7 real, 123.9 MB
[runlim] sample:		218.4 time, 230.7 real, 126.0 MB
[runlim] sample:		228.4 time, 240.7 real, 127.8 MB
[runlim] sample:		238.4 time, 250.7 real, 129.9 MB
[runlim] sample:		248.4 time, 260.7 real, 131.4 MB
[runlim] sample:		258.2 time, 270.7 real, 132.9 MB
[runlim] sample:		267.9 time, 280.7 real, 134.5 MB
[runlim] sample:		277.6 time, 290.7 real, 136.0 MB
[runlim] sample:		287.2 time, 300.7 real, 137.6 MB
[runlim] sample:		296.9 time, 310.7 real, 139.1 MB
CVC4 interrupted by SIGTERM.
[runlim] end:			Tue Jan 29 13:33:02 2019
[runlim] status:		out of time
[runlim] result:		2
[runlim] children:		0
[runlim] real:			313.92 seconds
[runlim] time:			300.01 seconds
[runlim] space:			139.7 MB
[runlim] samples:		3132
