[runlim] version:		1.10fixed
[runlim] time limit:		300 seconds
[runlim] real time limit:	311040000 seconds
[runlim] space limit:		4000 MB
[runlim] argv[0]:		./cvc4
[runlim] argv[1]:		--nl-ext-tplanes
[runlim] argv[2]:		--cbqi-all
[runlim] argv[3]:		/tmp/DNLC06qK.smt2
[runlim] start:			Tue Jan 29 13:22:28 2019
[runlim] main pid:		22772
[runlim] sample:		9.0 time, 10.6 real, 42.0 MB
[runlim] sample:		16.3 time, 20.6 real, 52.1 MB
[runlim] sample:		26.1 time, 30.6 real, 61.2 MB
[runlim] sample:		35.4 time, 40.6 real, 71.1 MB
[runlim] sample:		44.4 time, 50.6 real, 77.3 MB
[runlim] sample:		53.0 time, 60.6 real, 82.7 MB
[runlim] sample:		62.3 time, 70.6 real, 87.6 MB
[runlim] sample:		71.1 time, 80.6 real, 92.5 MB
[runlim] sample:		79.6 time, 90.6 real, 96.6 MB
[runlim] sample:		87.5 time, 100.6 real, 100.0 MB
[runlim] sample:		96.2 time, 110.6 real, 105.7 MB
[runlim] sample:		104.1 time, 120.6 real, 113.1 MB
[runlim] sample:		114.1 time, 130.6 real, 117.3 MB
[runlim] sample:		124.0 time, 140.6 real, 120.9 MB
[runlim] sample:		133.7 time, 150.6 real, 123.7 MB
[runlim] sample:		143.1 time, 160.6 real, 126.8 MB
[runlim] sample:		152.1 time, 170.6 real, 129.6 MB
[runlim] sample:		161.5 time, 180.6 real, 132.7 MB
[runlim] sample:		170.7 time, 190.6 real, 135.6 MB
[runlim] sample:		178.7 time, 200.6 real, 137.6 MB
[runlim] sample:		187.8 time, 210.6 real, 140.5 MB
[runlim] sample:		196.8 time, 220.6 real, 143.0 MB
[runlim] sample:		206.8 time, 230.6 real, 145.4 MB
[runlim] sample:		216.8 time, 240.6 real, 147.4 MB
[runlim] sample:		226.8 time, 250.6 real, 150.3 MB
[runlim] sample:		235.6 time, 260.6 real, 152.1 MB
[runlim] sample:		243.9 time, 270.6 real, 154.1 MB
[runlim] sample:		253.6 time, 280.6 real, 155.9 MB
[runlim] sample:		263.6 time, 290.6 real, 158.5 MB
[runlim] sample:		273.6 time, 300.6 real, 160.3 MB
[runlim] sample:		283.6 time, 310.6 real, 162.4 MB
[runlim] sample:		293.6 time, 320.6 real, 163.9 MB
CVC4 interrupted by SIGTERM.
[runlim] end:			Tue Jan 29 13:27:55 2019
[runlim] status:		out of time
[runlim] result:		2
[runlim] children:		0
[runlim] real:			327.05 seconds
[runlim] time:			300.02 seconds
[runlim] space:			165.5 MB
[runlim] samples:		3264
