[runlim] version:		1.10fixed
[runlim] time limit:		300 seconds
[runlim] real time limit:	311040000 seconds
[runlim] space limit:		4000 MB
[runlim] argv[0]:		./cvc4
[runlim] argv[1]:		--nl-ext-tplanes
[runlim] argv[2]:		--cbqi-all
[runlim] argv[3]:		/tmp/skE81vIh.smt2
[runlim] start:			Tue Jan 29 13:23:37 2019
[runlim] main pid:		7540
[runlim] sample:		9.4 time, 10.2 real, 65.1 MB
[runlim] sample:		19.4 time, 20.2 real, 85.2 MB
[runlim] sample:		29.4 time, 30.2 real, 98.1 MB
[runlim] sample:		38.9 time, 40.2 real, 109.7 MB
[runlim] sample:		48.9 time, 50.2 real, 118.6 MB
[runlim] sample:		58.3 time, 60.2 real, 127.8 MB
[runlim] sample:		68.3 time, 70.2 real, 136.4 MB
[runlim] sample:		78.3 time, 80.2 real, 143.6 MB
[runlim] sample:		88.3 time, 90.2 real, 149.5 MB
[runlim] sample:		98.3 time, 100.2 real, 155.9 MB
[runlim] sample:		108.3 time, 110.2 real, 160.1 MB
[runlim] sample:		117.8 time, 120.2 real, 165.7 MB
[runlim] sample:		126.8 time, 130.2 real, 170.6 MB
[runlim] sample:		136.5 time, 140.2 real, 174.5 MB
[runlim] sample:		146.0 time, 150.2 real, 179.1 MB
[runlim] sample:		155.9 time, 160.2 real, 183.8 MB
[runlim] sample:		165.6 time, 170.2 real, 189.2 MB
[runlim] sample:		175.2 time, 180.2 real, 192.3 MB
[runlim] sample:		184.9 time, 190.2 real, 194.9 MB
[runlim] sample:		194.5 time, 200.2 real, 199.5 MB
[runlim] sample:		203.5 time, 210.2 real, 204.1 MB
[runlim] sample:		213.5 time, 220.2 real, 207.4 MB
[runlim] sample:		223.5 time, 230.2 real, 211.3 MB
[runlim] sample:		233.5 time, 240.2 real, 214.9 MB
[runlim] sample:		243.3 time, 250.2 real, 217.2 MB
[runlim] sample:		252.7 time, 260.2 real, 219.8 MB
[runlim] sample:		262.2 time, 270.2 real, 224.0 MB
[runlim] sample:		272.2 time, 280.2 real, 228.4 MB
[runlim] sample:		281.8 time, 290.2 real, 230.7 MB
[runlim] sample:		291.2 time, 300.2 real, 236.4 MB
CVC4 interrupted by SIGTERM.
[runlim] end:			Tue Jan 29 13:28:46 2019
[runlim] status:		out of time
[runlim] result:		2
[runlim] children:		0
[runlim] real:			309.44 seconds
[runlim] time:			300.08 seconds
[runlim] space:			238.7 MB
[runlim] samples:		3092
