[runlim] version:		1.10fixed
[runlim] time limit:		300 seconds
[runlim] real time limit:	311040000 seconds
[runlim] space limit:		4000 MB
[runlim] argv[0]:		./cvc4
[runlim] argv[1]:		--nl-ext-tplanes
[runlim] argv[2]:		--cbqi-all
[runlim] argv[3]:		/tmp/jmi9Lh75.smt2
[runlim] start:			Tue Jan 29 13:22:54 2019
[runlim] main pid:		14252
[runlim] sample:		7.5 time, 10.5 real, 90.6 MB
[runlim] sample:		16.9 time, 20.5 real, 132.1 MB
[runlim] sample:		25.9 time, 30.5 real, 159.7 MB
[runlim] sample:		34.0 time, 40.5 real, 180.2 MB
[runlim] sample:		42.7 time, 50.5 real, 199.8 MB
[runlim] sample:		51.2 time, 60.5 real, 218.1 MB
[runlim] sample:		60.6 time, 70.5 real, 236.1 MB
[runlim] sample:		70.6 time, 80.5 real, 251.5 MB
[runlim] sample:		80.6 time, 90.5 real, 269.6 MB
[runlim] sample:		90.6 time, 100.5 real, 283.0 MB
[runlim] sample:		100.6 time, 110.5 real, 296.7 MB
[runlim] sample:		110.6 time, 120.5 real, 307.4 MB
[runlim] sample:		120.6 time, 130.5 real, 318.5 MB
[runlim] sample:		130.6 time, 140.5 real, 329.0 MB
[runlim] sample:		140.6 time, 150.5 real, 339.9 MB
[runlim] sample:		150.6 time, 160.5 real, 348.9 MB
[runlim] sample:		160.6 time, 170.5 real, 357.2 MB
[runlim] sample:		170.6 time, 180.5 real, 367.2 MB
[runlim] sample:		180.6 time, 190.5 real, 381.7 MB
[runlim] sample:		190.6 time, 200.5 real, 387.8 MB
[runlim] sample:		200.6 time, 210.5 real, 396.1 MB
[runlim] sample:		210.6 time, 220.5 real, 405.1 MB
[runlim] sample:		220.6 time, 230.5 real, 412.3 MB
[runlim] sample:		230.5 time, 240.5 real, 424.7 MB
[runlim] sample:		240.5 time, 250.5 real, 437.3 MB
[runlim] sample:		250.6 time, 260.5 real, 444.6 MB
[runlim] sample:		260.6 time, 270.5 real, 450.9 MB
[runlim] sample:		270.5 time, 280.5 real, 456.4 MB
[runlim] sample:		280.5 time, 290.5 real, 462.5 MB
[runlim] sample:		290.5 time, 300.5 real, 469.2 MB
CVC4 interrupted by SIGTERM.
[runlim] end:			Tue Jan 29 13:28:04 2019
[runlim] status:		out of time
[runlim] result:		2
[runlim] children:		0
[runlim] real:			310.08 seconds
[runlim] time:			300.04 seconds
[runlim] space:			475.2 MB
[runlim] samples:		3095
