[runlim] version:		1.10fixed
[runlim] time limit:		300 seconds
[runlim] real time limit:	311040000 seconds
[runlim] space limit:		4000 MB
[runlim] argv[0]:		./cvc4
[runlim] argv[1]:		--nl-ext-tplanes
[runlim] argv[2]:		--cbqi-all
[runlim] argv[3]:		/tmp/m4qvcSE4.smt2
[runlim] start:			Tue Jan 29 13:23:35 2019
[runlim] main pid:		31739
[runlim] sample:		7.7 time, 10.6 real, 40.0 MB
[runlim] sample:		17.6 time, 20.6 real, 53.5 MB
[runlim] sample:		27.5 time, 30.6 real, 62.0 MB
[runlim] sample:		37.1 time, 40.6 real, 71.9 MB
[runlim] sample:		47.1 time, 50.6 real, 78.4 MB
[runlim] sample:		57.1 time, 60.6 real, 84.1 MB
[runlim] sample:		67.1 time, 70.6 real, 89.7 MB
[runlim] sample:		77.1 time, 80.6 real, 95.1 MB
[runlim] sample:		87.1 time, 90.6 real, 99.3 MB
[runlim] sample:		97.1 time, 100.6 real, 105.8 MB
[runlim] sample:		107.0 time, 110.6 real, 113.6 MB
[runlim] sample:		115.8 time, 120.6 real, 117.0 MB
[runlim] sample:		124.5 time, 130.6 real, 120.3 MB
[runlim] sample:		134.4 time, 140.6 real, 123.4 MB
[runlim] sample:		144.4 time, 150.6 real, 126.5 MB
[runlim] sample:		154.4 time, 160.6 real, 129.9 MB
[runlim] sample:		164.4 time, 170.6 real, 133.2 MB
[runlim] sample:		174.4 time, 180.6 real, 136.1 MB
[runlim] sample:		184.4 time, 190.6 real, 139.2 MB
[runlim] sample:		194.4 time, 200.6 real, 141.7 MB
[runlim] sample:		204.0 time, 210.6 real, 144.1 MB
[runlim] sample:		212.8 time, 220.6 real, 146.1 MB
[runlim] sample:		221.5 time, 230.6 real, 148.2 MB
[runlim] sample:		230.4 time, 240.6 real, 150.2 MB
[runlim] sample:		240.4 time, 250.6 real, 152.6 MB
[runlim] sample:		250.1 time, 260.6 real, 154.9 MB
[runlim] sample:		259.2 time, 270.6 real, 156.7 MB
[runlim] sample:		268.2 time, 280.6 real, 158.8 MB
[runlim] sample:		277.3 time, 290.6 real, 160.6 MB
[runlim] sample:		286.3 time, 300.6 real, 162.1 MB
[runlim] sample:		296.1 time, 310.6 real, 164.2 MB
CVC4 interrupted by SIGTERM.
[runlim] end:			Tue Jan 29 13:28:49 2019
[runlim] status:		out of time
[runlim] result:		2
[runlim] children:		0
[runlim] real:			314.58 seconds
[runlim] time:			300.03 seconds
[runlim] space:			165.2 MB
[runlim] samples:		3139
