[runlim] version:		1.10fixed
[runlim] time limit:		300 seconds
[runlim] real time limit:	311040000 seconds
[runlim] space limit:		4000 MB
[runlim] argv[0]:		./cvc4
[runlim] argv[1]:		--nl-ext-tplanes
[runlim] argv[2]:		--cbqi-all
[runlim] argv[3]:		/tmp/sKgchKpz.smt2
[runlim] start:			Tue Jan 29 13:27:14 2019
[runlim] main pid:		11069
[runlim] sample:		8.8 time, 10.8 real, 41.0 MB
[runlim] sample:		17.7 time, 20.8 real, 52.8 MB
[runlim] sample:		27.5 time, 30.8 real, 60.8 MB
[runlim] sample:		37.5 time, 40.8 real, 71.1 MB
[runlim] sample:		47.5 time, 50.8 real, 77.2 MB
[runlim] sample:		57.5 time, 60.8 real, 82.7 MB
[runlim] sample:		67.4 time, 70.8 real, 88.1 MB
[runlim] sample:		77.4 time, 80.8 real, 93.0 MB
[runlim] sample:		87.4 time, 90.8 real, 97.4 MB
[runlim] sample:		97.4 time, 100.8 real, 101.2 MB
[runlim] sample:		107.4 time, 110.8 real, 110.9 MB
[runlim] sample:		117.4 time, 120.8 real, 114.5 MB
[runlim] sample:		127.4 time, 130.8 real, 118.1 MB
[runlim] sample:		137.4 time, 140.8 real, 121.2 MB
[runlim] sample:		147.4 time, 150.8 real, 124.0 MB
[runlim] sample:		157.4 time, 160.8 real, 126.9 MB
[runlim] sample:		166.9 time, 170.8 real, 129.7 MB
[runlim] sample:		176.9 time, 180.8 real, 132.5 MB
[runlim] sample:		186.9 time, 190.8 real, 135.1 MB
[runlim] sample:		196.4 time, 200.8 real, 137.7 MB
[runlim] sample:		206.0 time, 210.8 real, 140.0 MB
[runlim] sample:		215.7 time, 220.8 real, 142.3 MB
[runlim] sample:		225.3 time, 230.8 real, 144.4 MB
[runlim] sample:		234.9 time, 240.8 real, 146.2 MB
[runlim] sample:		243.9 time, 250.8 real, 148.3 MB
[runlim] sample:		252.9 time, 260.8 real, 149.8 MB
[runlim] sample:		261.9 time, 270.8 real, 151.9 MB
[runlim] sample:		271.1 time, 280.8 real, 153.7 MB
[runlim] sample:		280.4 time, 290.8 real, 155.2 MB
[runlim] sample:		289.7 time, 300.8 real, 157.0 MB
[runlim] sample:		299.3 time, 310.8 real, 158.8 MB
CVC4 interrupted by SIGTERM.
[runlim] end:			Tue Jan 29 13:32:25 2019
[runlim] status:		out of time
[runlim] result:		2
[runlim] children:		0
[runlim] real:			311.86 seconds
[runlim] time:			300.08 seconds
[runlim] space:			158.8 MB
[runlim] samples:		3110
