[runlim] version:		1.10fixed
[runlim] time limit:		300 seconds
[runlim] real time limit:	311040000 seconds
[runlim] space limit:		4000 MB
[runlim] argv[0]:		./cvc4
[runlim] argv[1]:		--nl-ext-tplanes
[runlim] argv[2]:		--cbqi-all
[runlim] argv[3]:		/tmp/EV0ef0K2.smt2
[runlim] start:			Tue Jan 29 13:27:47 2019
[runlim] main pid:		28910
[runlim] sample:		9.5 time, 10.9 real, 83.9 MB
[runlim] sample:		19.5 time, 20.9 real, 111.9 MB
[runlim] sample:		29.5 time, 30.9 real, 134.6 MB
[runlim] sample:		39.5 time, 40.9 real, 153.0 MB
[runlim] sample:		49.5 time, 50.9 real, 167.6 MB
[runlim] sample:		59.5 time, 60.9 real, 180.4 MB
[runlim] sample:		69.5 time, 70.9 real, 192.8 MB
[runlim] sample:		79.5 time, 80.9 real, 204.8 MB
[runlim] sample:		89.5 time, 90.9 real, 215.4 MB
[runlim] sample:		99.5 time, 100.9 real, 226.9 MB
[runlim] sample:		109.5 time, 110.9 real, 239.2 MB
[runlim] sample:		119.5 time, 120.9 real, 247.2 MB
[runlim] sample:		129.4 time, 130.9 real, 255.1 MB
[runlim] sample:		139.4 time, 140.9 real, 263.2 MB
[runlim] sample:		149.4 time, 150.9 real, 270.4 MB
[runlim] sample:		159.4 time, 160.9 real, 282.5 MB
[runlim] sample:		169.4 time, 170.9 real, 289.5 MB
[runlim] sample:		179.4 time, 180.9 real, 295.7 MB
[runlim] sample:		189.4 time, 190.9 real, 302.6 MB
[runlim] sample:		199.4 time, 200.9 real, 308.6 MB
[runlim] sample:		209.4 time, 210.9 real, 315.5 MB
[runlim] sample:		219.4 time, 220.9 real, 321.2 MB
[runlim] sample:		229.4 time, 230.9 real, 327.1 MB
[runlim] sample:		239.4 time, 240.9 real, 333.0 MB
[runlim] sample:		249.4 time, 250.9 real, 339.0 MB
[runlim] sample:		259.4 time, 260.9 real, 343.9 MB
[runlim] sample:		269.4 time, 270.9 real, 349.1 MB
[runlim] sample:		279.4 time, 280.9 real, 353.9 MB
[runlim] sample:		289.4 time, 290.9 real, 359.1 MB
[runlim] sample:		299.4 time, 300.9 real, 364.0 MB
CVC4 interrupted by SIGTERM.
[runlim] end:			Tue Jan 29 13:32:48 2019
[runlim] status:		out of time
[runlim] result:		2
[runlim] children:		0
[runlim] real:			301.56 seconds
[runlim] time:			300.02 seconds
[runlim] space:			364.2 MB
[runlim] samples:		3006
