[runlim] version:		1.10fixed
[runlim] time limit:		300 seconds
[runlim] real time limit:	311040000 seconds
[runlim] space limit:		4000 MB
[runlim] argv[0]:		./cvc4
[runlim] argv[1]:		--nl-ext-tplanes
[runlim] argv[2]:		--cbqi-all
[runlim] argv[3]:		/tmp/0rjGWenr.smt2
[runlim] start:			Tue Jan 29 13:27:50 2019
[runlim] main pid:		15872
[runlim] sample:		8.3 time, 10.7 real, 40.3 MB
[runlim] sample:		16.5 time, 20.7 real, 51.9 MB
[runlim] sample:		25.1 time, 30.7 real, 59.6 MB
[runlim] sample:		34.3 time, 40.7 real, 69.4 MB
[runlim] sample:		44.1 time, 50.7 real, 75.3 MB
[runlim] sample:		53.7 time, 60.7 real, 80.7 MB
[runlim] sample:		63.5 time, 70.7 real, 85.6 MB
[runlim] sample:		73.1 time, 80.7 real, 90.5 MB
[runlim] sample:		82.4 time, 90.7 real, 94.4 MB
[runlim] sample:		92.1 time, 100.7 real, 98.3 MB
[runlim] sample:		101.7 time, 110.7 real, 104.1 MB
[runlim] sample:		110.3 time, 120.7 real, 111.5 MB
[runlim] sample:		119.2 time, 130.7 real, 114.9 MB
[runlim] sample:		127.5 time, 140.7 real, 118.0 MB
[runlim] sample:		135.7 time, 150.7 real, 120.6 MB
[runlim] sample:		144.2 time, 160.7 real, 123.1 MB
[runlim] sample:		152.9 time, 170.7 real, 125.5 MB
[runlim] sample:		162.5 time, 180.7 real, 128.0 MB
[runlim] sample:		172.5 time, 190.7 real, 131.4 MB
[runlim] sample:		182.2 time, 200.7 real, 133.7 MB
[runlim] sample:		192.1 time, 210.7 real, 136.3 MB
[runlim] sample:		201.9 time, 220.7 real, 138.6 MB
[runlim] sample:		211.3 time, 230.7 real, 140.7 MB
[runlim] sample:		221.0 time, 240.7 real, 142.7 MB
[runlim] sample:		231.0 time, 250.7 real, 144.8 MB
[runlim] sample:		240.8 time, 260.7 real, 146.9 MB
[runlim] sample:		250.2 time, 270.7 real, 148.9 MB
[runlim] sample:		259.6 time, 280.7 real, 150.7 MB
[runlim] sample:		268.9 time, 290.7 real, 152.8 MB
[runlim] sample:		278.3 time, 300.7 real, 154.6 MB
[runlim] sample:		288.3 time, 310.7 real, 156.4 MB
[runlim] sample:		298.3 time, 320.7 real, 158.5 MB
[runlim] end:			Tue Jan 29 13:33:11 2019
[runlim] status:		signal(9)
[runlim] result:		11
[runlim] children:		0
[runlim] real:			321.38 seconds
[runlim] time:			298.95 seconds
[runlim] space:			158.5 MB
[runlim] samples:		3207
