[runlim] version:		1.10fixed
[runlim] time limit:		300 seconds
[runlim] real time limit:	311040000 seconds
[runlim] space limit:		4000 MB
[runlim] argv[0]:		./cvc4
[runlim] argv[1]:		--nl-ext-tplanes
[runlim] argv[2]:		--cbqi-all
[runlim] argv[3]:		/tmp/8B6zByvR.smt2
[runlim] start:			Tue Jan 29 12:54:40 2019
[runlim] main pid:		10149
/tmp/8B6zByvR.smt2:4.12: No set-logic command was given before this point.
/tmp/8B6zByvR.smt2:4.12: CVC4 will make all theories available.
/tmp/8B6zByvR.smt2:4.12: Consider setting a stricter logic for (likely) better performance.
/tmp/8B6zByvR.smt2:4.12: To suppress this warning in the future use (set-logic ALL).
[runlim] sample:		8.0 time, 10.8 real, 77.8 MB
[runlim] sample:		16.1 time, 20.8 real, 95.5 MB
[runlim] sample:		24.2 time, 30.8 real, 108.5 MB
[runlim] sample:		33.1 time, 40.8 real, 119.6 MB
[runlim] sample:		42.3 time, 50.8 real, 133.1 MB
[runlim] sample:		52.3 time, 60.8 real, 143.1 MB
[runlim] sample:		60.6 time, 70.8 real, 149.0 MB
[runlim] sample:		70.0 time, 80.8 real, 155.2 MB
[runlim] sample:		78.8 time, 90.8 real, 160.8 MB
[runlim] sample:		88.8 time, 100.8 real, 167.3 MB
[runlim] sample:		98.3 time, 110.8 real, 172.4 MB
[runlim] sample:		108.2 time, 120.8 real, 177.6 MB
[runlim] sample:		117.7 time, 130.8 real, 182.5 MB
[runlim] sample:		125.0 time, 140.8 real, 185.3 MB
[runlim] sample:		133.2 time, 150.8 real, 188.4 MB
[runlim] sample:		143.2 time, 160.8 real, 196.5 MB
[runlim] sample:		153.2 time, 170.8 real, 197.6 MB
[runlim] sample:		163.2 time, 180.8 real, 201.2 MB
[runlim] sample:		173.2 time, 190.8 real, 205.3 MB
[runlim] sample:		183.2 time, 200.8 real, 208.4 MB
[runlim] sample:		193.2 time, 210.8 real, 213.8 MB
[runlim] sample:		203.2 time, 220.8 real, 216.9 MB
[runlim] sample:		213.2 time, 230.8 real, 221.0 MB
[runlim] sample:		223.2 time, 240.8 real, 223.6 MB
[runlim] sample:		233.2 time, 250.8 real, 230.3 MB
[runlim] sample:		243.2 time, 260.8 real, 230.9 MB
[runlim] sample:		253.2 time, 270.8 real, 232.9 MB
[runlim] sample:		263.2 time, 280.8 real, 239.6 MB
[runlim] sample:		273.2 time, 290.8 real, 242.5 MB
[runlim] sample:		283.2 time, 300.8 real, 244.0 MB
[runlim] sample:		293.2 time, 310.8 real, 248.9 MB
CVC4 interrupted by SIGTERM.
[runlim] end:			Tue Jan 29 12:59:57 2019
[runlim] status:		out of time
[runlim] result:		2
[runlim] children:		0
[runlim] real:			317.61 seconds
[runlim] time:			300.01 seconds
[runlim] space:			250.7 MB
[runlim] samples:		3168
