[runlim] version:		1.10fixed
[runlim] time limit:		300 seconds
[runlim] real time limit:	311040000 seconds
[runlim] space limit:		4000 MB
[runlim] argv[0]:		./cvc4
[runlim] argv[1]:		--nl-ext-tplanes
[runlim] argv[2]:		--cbqi-all
[runlim] argv[3]:		/tmp/dCOZXSZg.smt2
[runlim] start:			Tue Jan 29 13:01:20 2019
[runlim] main pid:		28917
/tmp/dCOZXSZg.smt2:4.12: No set-logic command was given before this point.
/tmp/dCOZXSZg.smt2:4.12: CVC4 will make all theories available.
/tmp/dCOZXSZg.smt2:4.12: Consider setting a stricter logic for (likely) better performance.
/tmp/dCOZXSZg.smt2:4.12: To suppress this warning in the future use (set-logic ALL).
[runlim] sample:		9.9 time, 10.1 real, 213.3 MB
[runlim] sample:		19.6 time, 20.1 real, 333.0 MB
[runlim] sample:		29.4 time, 30.1 real, 446.6 MB
[runlim] sample:		39.4 time, 40.1 real, 564.3 MB
[runlim] sample:		49.3 time, 50.1 real, 644.4 MB
[runlim] sample:		59.0 time, 60.1 real, 697.4 MB
[runlim] sample:		68.7 time, 70.1 real, 755.4 MB
[runlim] sample:		78.4 time, 80.1 real, 859.0 MB
[runlim] sample:		88.0 time, 90.1 real, 893.5 MB
[runlim] sample:		98.0 time, 100.1 real, 987.6 MB
[runlim] sample:		108.0 time, 110.1 real, 1035.0 MB
[runlim] sample:		118.0 time, 120.1 real, 1111.5 MB
[runlim] sample:		128.0 time, 130.1 real, 1111.8 MB
[runlim] sample:		138.0 time, 140.1 real, 1220.7 MB
[runlim] sample:		147.8 time, 150.1 real, 1228.7 MB
[runlim] sample:		157.7 time, 160.1 real, 1286.4 MB
[runlim] sample:		167.7 time, 170.1 real, 1358.0 MB
[runlim] sample:		177.7 time, 180.1 real, 1361.3 MB
[runlim] sample:		187.7 time, 190.1 real, 1416.4 MB
[runlim] sample:		197.4 time, 200.1 real, 1505.7 MB
[runlim] sample:		207.4 time, 210.1 real, 1513.1 MB
[runlim] sample:		217.3 time, 220.1 real, 1532.5 MB
[runlim] sample:		227.0 time, 230.1 real, 1605.8 MB
[runlim] sample:		236.8 time, 240.1 real, 1663.9 MB
[runlim] sample:		246.8 time, 250.1 real, 1663.9 MB
[runlim] sample:		256.8 time, 260.1 real, 1700.8 MB
[runlim] sample:		266.7 time, 270.1 real, 1756.7 MB
[runlim] sample:		276.4 time, 280.1 real, 1825.9 MB
[runlim] sample:		286.1 time, 290.1 real, 1825.9 MB
[runlim] sample:		295.7 time, 300.1 real, 1826.4 MB
CVC4 interrupted by SIGTERM.
[runlim] end:			Tue Jan 29 13:06:24 2019
[runlim] status:		out of time
[runlim] result:		2
[runlim] children:		0
[runlim] real:			304.49 seconds
[runlim] time:			300.02 seconds
[runlim] space:			1827.2 MB
[runlim] samples:		3043
