[runlim] version:		1.10fixed
[runlim] time limit:		300 seconds
[runlim] real time limit:	311040000 seconds
[runlim] space limit:		4000 MB
[runlim] argv[0]:		./cvc4
[runlim] argv[1]:		--nl-ext-tplanes
[runlim] argv[2]:		--cbqi-all
[runlim] argv[3]:		/tmp/vKpr8FkE.smt2
[runlim] start:			Tue Jan 29 12:57:07 2019
[runlim] main pid:		10244
/tmp/vKpr8FkE.smt2:4.12: No set-logic command was given before this point.
/tmp/vKpr8FkE.smt2:4.12: CVC4 will make all theories available.
/tmp/vKpr8FkE.smt2:4.12: Consider setting a stricter logic for (likely) better performance.
/tmp/vKpr8FkE.smt2:4.12: To suppress this warning in the future use (set-logic ALL).
[runlim] sample:		9.7 time, 10.7 real, 95.1 MB
[runlim] sample:		19.7 time, 20.7 real, 123.4 MB
[runlim] sample:		29.7 time, 30.7 real, 150.7 MB
[runlim] sample:		39.7 time, 40.7 real, 171.1 MB
[runlim] sample:		49.7 time, 50.7 real, 186.8 MB
[runlim] sample:		59.7 time, 60.7 real, 201.6 MB
[runlim] sample:		69.7 time, 70.7 real, 212.9 MB
[runlim] sample:		79.7 time, 80.7 real, 225.5 MB
[runlim] sample:		89.7 time, 90.7 real, 235.7 MB
[runlim] sample:		99.7 time, 100.7 real, 247.8 MB
[runlim] sample:		109.7 time, 110.7 real, 256.6 MB
[runlim] sample:		119.7 time, 120.7 real, 267.1 MB
[runlim] sample:		129.7 time, 130.7 real, 273.5 MB
[runlim] sample:		139.7 time, 140.7 real, 281.3 MB
[runlim] sample:		149.7 time, 150.7 real, 288.0 MB
[runlim] sample:		159.7 time, 160.7 real, 294.7 MB
[runlim] sample:		169.7 time, 170.7 real, 300.6 MB
[runlim] sample:		179.7 time, 180.7 real, 305.7 MB
[runlim] sample:		189.7 time, 190.7 real, 312.6 MB
[runlim] sample:		199.7 time, 200.7 real, 317.5 MB
[runlim] sample:		209.7 time, 210.7 real, 323.4 MB
[runlim] sample:		219.7 time, 220.7 real, 329.6 MB
[runlim] sample:		229.7 time, 230.7 real, 334.5 MB
[runlim] sample:		239.7 time, 240.7 real, 338.8 MB
[runlim] sample:		249.7 time, 250.7 real, 341.4 MB
[runlim] sample:		259.5 time, 260.7 real, 343.5 MB
[runlim] sample:		269.2 time, 270.7 real, 346.1 MB
[runlim] sample:		279.0 time, 280.7 real, 348.9 MB
[runlim] sample:		289.0 time, 290.7 real, 350.9 MB
[runlim] sample:		299.0 time, 300.7 real, 353.3 MB
CVC4 interrupted by SIGTERM.
[runlim] end:			Tue Jan 29 13:02:08 2019
[runlim] status:		out of time
[runlim] result:		2
[runlim] children:		0
[runlim] real:			301.74 seconds
[runlim] time:			300.02 seconds
[runlim] space:			353.3 MB
[runlim] samples:		3010
