[runlim] version:		1.10fixed
[runlim] time limit:		300 seconds
[runlim] real time limit:	311040000 seconds
[runlim] space limit:		4000 MB
[runlim] argv[0]:		./cvc4
[runlim] argv[1]:		--nl-ext-tplanes
[runlim] argv[2]:		--cbqi-all
[runlim] argv[3]:		/tmp/DTTHPnXq.smt2
[runlim] start:			Tue Jan 29 13:01:18 2019
[runlim] main pid:		17770
/tmp/DTTHPnXq.smt2:4.12: No set-logic command was given before this point.
/tmp/DTTHPnXq.smt2:4.12: CVC4 will make all theories available.
/tmp/DTTHPnXq.smt2:4.12: Consider setting a stricter logic for (likely) better performance.
/tmp/DTTHPnXq.smt2:4.12: To suppress this warning in the future use (set-logic ALL).
[runlim] sample:		8.5 time, 10.1 real, 92.6 MB
[runlim] sample:		18.3 time, 20.1 real, 123.5 MB
[runlim] sample:		28.3 time, 30.1 real, 147.5 MB
[runlim] sample:		38.3 time, 40.1 real, 162.5 MB
[runlim] sample:		48.3 time, 50.1 real, 174.9 MB
[runlim] sample:		58.3 time, 60.1 real, 187.4 MB
[runlim] sample:		68.0 time, 70.1 real, 196.4 MB
[runlim] sample:		77.9 time, 80.1 real, 206.2 MB
[runlim] sample:		87.9 time, 90.1 real, 216.5 MB
[runlim] sample:		97.9 time, 100.1 real, 224.8 MB
[runlim] sample:		107.9 time, 110.1 real, 234.9 MB
[runlim] sample:		117.9 time, 120.1 real, 243.0 MB
[runlim] sample:		127.9 time, 130.1 real, 251.9 MB
[runlim] sample:		137.8 time, 140.1 real, 258.3 MB
[runlim] sample:		147.7 time, 150.1 real, 266.1 MB
[runlim] sample:		157.3 time, 160.1 real, 271.2 MB
[runlim] sample:		167.3 time, 170.1 real, 276.1 MB
[runlim] sample:		177.3 time, 180.1 real, 281.5 MB
[runlim] sample:		187.2 time, 190.1 real, 287.4 MB
[runlim] sample:		197.0 time, 200.1 real, 291.8 MB
[runlim] sample:		207.0 time, 210.1 real, 296.7 MB
[runlim] sample:		217.0 time, 220.1 real, 301.3 MB
[runlim] sample:		227.0 time, 230.1 real, 305.7 MB
[runlim] sample:		236.7 time, 240.1 real, 310.3 MB
[runlim] sample:		246.1 time, 250.1 real, 312.4 MB
[runlim] sample:		255.4 time, 260.1 real, 317.3 MB
[runlim] sample:		264.8 time, 270.1 real, 321.1 MB
[runlim] sample:		274.6 time, 280.1 real, 324.7 MB
[runlim] sample:		283.9 time, 290.1 real, 329.4 MB
[runlim] sample:		293.2 time, 300.1 real, 331.7 MB
CVC4 interrupted by SIGTERM.
[runlim] end:			Tue Jan 29 13:06:25 2019
[runlim] status:		out of time
[runlim] result:		2
[runlim] children:		0
[runlim] real:			307.16 seconds
[runlim] time:			300.07 seconds
[runlim] space:			334.3 MB
[runlim] samples:		3070
