[runlim] version:		1.10fixed
[runlim] time limit:		300 seconds
[runlim] real time limit:	311040000 seconds
[runlim] space limit:		4000 MB
[runlim] argv[0]:		./cvc4
[runlim] argv[1]:		--nl-ext-tplanes
[runlim] argv[2]:		--cbqi-all
[runlim] argv[3]:		/tmp/PHYqdGhu.smt2
[runlim] start:			Tue Jan 29 13:01:05 2019
[runlim] main pid:		9586
/tmp/PHYqdGhu.smt2:4.12: No set-logic command was given before this point.
/tmp/PHYqdGhu.smt2:4.12: CVC4 will make all theories available.
/tmp/PHYqdGhu.smt2:4.12: Consider setting a stricter logic for (likely) better performance.
/tmp/PHYqdGhu.smt2:4.12: To suppress this warning in the future use (set-logic ALL).
[runlim] sample:		9.6 time, 10.8 real, 93.6 MB
[runlim] sample:		19.2 time, 20.8 real, 118.5 MB
[runlim] sample:		28.4 time, 30.8 real, 139.1 MB
[runlim] sample:		37.7 time, 40.8 real, 152.5 MB
[runlim] sample:		47.2 time, 50.8 real, 164.0 MB
[runlim] sample:		56.9 time, 60.8 real, 175.1 MB
[runlim] sample:		66.5 time, 70.8 real, 184.4 MB
[runlim] sample:		76.2 time, 80.8 real, 193.9 MB
[runlim] sample:		85.8 time, 90.8 real, 201.3 MB
[runlim] sample:		95.5 time, 100.8 real, 208.2 MB
[runlim] sample:		105.1 time, 110.8 real, 215.9 MB
[runlim] sample:		114.5 time, 120.8 real, 226.2 MB
[runlim] sample:		123.4 time, 130.8 real, 227.0 MB
[runlim] sample:		132.4 time, 140.8 real, 233.1 MB
[runlim] sample:		141.3 time, 150.8 real, 241.7 MB
[runlim] sample:		150.3 time, 160.8 real, 248.4 MB
[runlim] sample:		159.2 time, 170.8 real, 253.3 MB
[runlim] sample:		168.2 time, 180.8 real, 257.4 MB
[runlim] sample:		177.1 time, 190.8 real, 261.3 MB
[runlim] sample:		186.1 time, 200.8 real, 266.7 MB
[runlim] sample:		195.3 time, 210.8 real, 270.8 MB
[runlim] sample:		205.0 time, 220.8 real, 275.4 MB
[runlim] sample:		214.6 time, 230.8 real, 280.3 MB
[runlim] sample:		224.3 time, 240.8 real, 282.9 MB
[runlim] sample:		233.9 time, 250.8 real, 287.5 MB
[runlim] sample:		243.6 time, 260.8 real, 291.9 MB
[runlim] sample:		253.3 time, 270.8 real, 294.2 MB
[runlim] sample:		262.6 time, 280.8 real, 298.9 MB
[runlim] sample:		271.6 time, 290.8 real, 301.0 MB
[runlim] sample:		280.5 time, 300.8 real, 304.8 MB
[runlim] sample:		290.3 time, 310.8 real, 309.2 MB
CVC4 interrupted by SIGTERM.
[runlim] end:			Tue Jan 29 13:06:25 2019
[runlim] status:		out of time
[runlim] result:		2
[runlim] children:		0
[runlim] real:			320.62 seconds
[runlim] time:			300.06 seconds
[runlim] space:			313.3 MB
[runlim] samples:		3198
