[runlim] version:		1.10fixed
[runlim] time limit:		300 seconds
[runlim] real time limit:	311040000 seconds
[runlim] space limit:		4000 MB
[runlim] argv[0]:		./cvc4
[runlim] argv[1]:		--nl-ext-tplanes
[runlim] argv[2]:		--cbqi-all
[runlim] argv[3]:		/tmp/a5t0bu8u.smt2
[runlim] start:			Tue Jan 29 13:00:08 2019
[runlim] main pid:		7315
/tmp/a5t0bu8u.smt2:4.12: No set-logic command was given before this point.
/tmp/a5t0bu8u.smt2:4.12: CVC4 will make all theories available.
/tmp/a5t0bu8u.smt2:4.12: Consider setting a stricter logic for (likely) better performance.
/tmp/a5t0bu8u.smt2:4.12: To suppress this warning in the future use (set-logic ALL).
[runlim] sample:		10.0 time, 10.4 real, 207.5 MB
[runlim] sample:		20.0 time, 20.5 real, 335.7 MB
[runlim] sample:		30.0 time, 30.4 real, 467.2 MB
[runlim] sample:		39.6 time, 40.4 real, 558.1 MB
[runlim] sample:		49.3 time, 50.4 real, 634.9 MB
[runlim] sample:		59.0 time, 60.4 real, 687.1 MB
[runlim] sample:		68.7 time, 70.4 real, 740.9 MB
[runlim] sample:		78.7 time, 80.4 real, 849.6 MB
[runlim] sample:		88.4 time, 90.4 real, 874.3 MB
[runlim] sample:		98.2 time, 100.4 real, 974.3 MB
[runlim] sample:		107.9 time, 110.4 real, 988.7 MB
[runlim] sample:		117.5 time, 120.4 real, 1089.7 MB
[runlim] sample:		127.5 time, 130.4 real, 1094.1 MB
[runlim] sample:		137.4 time, 140.4 real, 1193.5 MB
[runlim] sample:		147.4 time, 150.4 real, 1215.4 MB
[runlim] sample:		157.4 time, 160.4 real, 1259.1 MB
[runlim] sample:		167.4 time, 170.4 real, 1336.2 MB
[runlim] sample:		177.4 time, 180.4 real, 1344.2 MB
[runlim] sample:		187.4 time, 190.4 real, 1386.2 MB
[runlim] sample:		197.4 time, 200.4 real, 1477.1 MB
[runlim] sample:		207.4 time, 210.4 real, 1489.5 MB
[runlim] sample:		217.2 time, 220.4 real, 1489.7 MB
[runlim] sample:		226.8 time, 230.4 real, 1562.1 MB
[runlim] sample:		236.5 time, 240.4 real, 1633.4 MB
[runlim] sample:		246.2 time, 250.4 real, 1639.6 MB
[runlim] sample:		255.8 time, 260.4 real, 1640.1 MB
[runlim] sample:		265.5 time, 270.4 real, 1708.2 MB
[runlim] sample:		275.1 time, 280.4 real, 1794.6 MB
[runlim] sample:		284.8 time, 290.4 real, 1812.3 MB
[runlim] sample:		294.5 time, 300.4 real, 1812.6 MB
CVC4 interrupted by SIGTERM.
[runlim] end:			Tue Jan 29 13:05:14 2019
[runlim] status:		out of time
[runlim] result:		2
[runlim] children:		0
[runlim] real:			306.27 seconds
[runlim] time:			300.15 seconds
[runlim] space:			1827.8 MB
[runlim] samples:		3058
