[runlim] version:		1.10fixed
[runlim] time limit:		300 seconds
[runlim] real time limit:	311040000 seconds
[runlim] space limit:		4000 MB
[runlim] argv[0]:		./cvc4
[runlim] argv[1]:		--nl-ext-tplanes
[runlim] argv[2]:		--cbqi-all
[runlim] argv[3]:		/tmp/erlHJhfy.smt2
[runlim] start:			Tue Jan 29 13:01:21 2019
[runlim] main pid:		6623
/tmp/erlHJhfy.smt2:4.12: No set-logic command was given before this point.
/tmp/erlHJhfy.smt2:4.12: CVC4 will make all theories available.
/tmp/erlHJhfy.smt2:4.12: Consider setting a stricter logic for (likely) better performance.
/tmp/erlHJhfy.smt2:4.12: To suppress this warning in the future use (set-logic ALL).
[runlim] sample:		10.0 time, 10.5 real, 95.1 MB
[runlim] sample:		19.1 time, 20.5 real, 119.5 MB
[runlim] sample:		28.6 time, 30.5 real, 140.3 MB
[runlim] sample:		38.1 time, 40.5 real, 153.1 MB
[runlim] sample:		48.0 time, 50.5 real, 165.9 MB
[runlim] sample:		58.0 time, 60.5 real, 175.7 MB
[runlim] sample:		67.2 time, 70.5 real, 184.7 MB
[runlim] sample:		75.5 time, 80.5 real, 191.9 MB
[runlim] sample:		85.4 time, 90.5 real, 201.0 MB
[runlim] sample:		93.9 time, 100.5 real, 206.1 MB
[runlim] sample:		103.0 time, 110.5 real, 213.3 MB
[runlim] sample:		112.3 time, 120.5 real, 218.2 MB
[runlim] sample:		120.9 time, 130.5 real, 225.8 MB
[runlim] sample:		128.8 time, 140.5 real, 229.1 MB
[runlim] sample:		137.2 time, 150.5 real, 235.9 MB
[runlim] sample:		144.7 time, 160.5 real, 240.3 MB
[runlim] sample:		154.2 time, 170.5 real, 244.9 MB
[runlim] sample:		162.3 time, 180.5 real, 251.4 MB
[runlim] sample:		170.5 time, 190.5 real, 256.0 MB
[runlim] sample:		179.4 time, 200.5 real, 260.2 MB
[runlim] sample:		187.7 time, 210.5 real, 263.2 MB
[runlim] sample:		197.0 time, 220.5 real, 269.4 MB
[runlim] sample:		206.3 time, 230.5 real, 272.8 MB
[runlim] sample:		215.4 time, 240.5 real, 276.1 MB
[runlim] sample:		224.9 time, 250.5 real, 281.5 MB
[runlim] sample:		234.5 time, 260.5 real, 283.6 MB
[runlim] sample:		244.2 time, 270.5 real, 288.2 MB
[runlim] sample:		254.2 time, 280.5 real, 291.6 MB
[runlim] sample:		262.7 time, 290.5 real, 294.9 MB
[runlim] sample:		270.8 time, 300.5 real, 297.0 MB
[runlim] sample:		279.1 time, 310.5 real, 299.3 MB
[runlim] sample:		288.9 time, 320.5 real, 303.7 MB
[runlim] sample:		298.9 time, 330.5 real, 307.5 MB
CVC4 interrupted by SIGTERM.
[runlim] end:			Tue Jan 29 13:06:52 2019
[runlim] status:		out of time
[runlim] result:		2
[runlim] children:		0
[runlim] real:			331.59 seconds
[runlim] time:			300.05 seconds
[runlim] space:			308.0 MB
[runlim] samples:		3311
