[runlim] version:		1.10fixed
[runlim] time limit:		300 seconds
[runlim] real time limit:	311040000 seconds
[runlim] space limit:		4000 MB
[runlim] argv[0]:		./cvc4
[runlim] argv[1]:		--nl-ext-tplanes
[runlim] argv[2]:		--cbqi-all
[runlim] argv[3]:		/tmp/0Hf8CXqc.smt2
[runlim] start:			Tue Jan 29 13:01:20 2019
[runlim] main pid:		28924
/tmp/0Hf8CXqc.smt2:4.12: No set-logic command was given before this point.
/tmp/0Hf8CXqc.smt2:4.12: CVC4 will make all theories available.
/tmp/0Hf8CXqc.smt2:4.12: Consider setting a stricter logic for (likely) better performance.
/tmp/0Hf8CXqc.smt2:4.12: To suppress this warning in the future use (set-logic ALL).
[runlim] sample:		8.9 time, 10.1 real, 179.2 MB
[runlim] sample:		17.9 time, 20.1 real, 311.6 MB
[runlim] sample:		26.9 time, 30.1 real, 414.8 MB
[runlim] sample:		35.9 time, 40.1 real, 520.6 MB
[runlim] sample:		45.0 time, 50.1 real, 619.9 MB
[runlim] sample:		54.1 time, 60.1 real, 684.8 MB
[runlim] sample:		63.0 time, 70.1 real, 771.1 MB
[runlim] sample:		72.1 time, 80.1 real, 829.8 MB
[runlim] sample:		81.1 time, 90.1 real, 938.4 MB
[runlim] sample:		90.0 time, 100.1 real, 1010.0 MB
[runlim] sample:		99.1 time, 110.1 real, 1069.0 MB
[runlim] sample:		108.1 time, 120.1 real, 1130.5 MB
[runlim] sample:		117.1 time, 130.1 real, 1192.1 MB
[runlim] sample:		126.2 time, 140.1 real, 1253.5 MB
[runlim] sample:		135.3 time, 150.1 real, 1317.7 MB
[runlim] sample:		144.3 time, 160.1 real, 1370.7 MB
[runlim] sample:		153.3 time, 170.1 real, 1437.9 MB
[runlim] sample:		163.0 time, 180.1 real, 1459.6 MB
[runlim] sample:		172.1 time, 190.1 real, 1532.3 MB
[runlim] sample:		181.1 time, 200.1 real, 1601.6 MB
[runlim] sample:		190.1 time, 210.1 real, 1612.9 MB
[runlim] sample:		199.2 time, 220.1 real, 1672.6 MB
[runlim] sample:		208.3 time, 230.1 real, 1736.8 MB
[runlim] sample:		217.2 time, 240.1 real, 1775.7 MB
[runlim] sample:		226.2 time, 250.1 real, 1835.4 MB
[runlim] sample:		235.3 time, 260.1 real, 1855.8 MB
[runlim] sample:		244.4 time, 270.1 real, 1937.1 MB
[runlim] sample:		253.5 time, 280.1 real, 1950.5 MB
[runlim] sample:		262.5 time, 290.1 real, 2037.4 MB
[runlim] sample:		271.4 time, 300.1 real, 2086.1 MB
[runlim] sample:		281.4 time, 310.1 real, 2129.4 MB
[runlim] sample:		291.4 time, 320.1 real, 2204.1 MB
CVC4 interrupted by SIGTERM.
[runlim] end:			Tue Jan 29 13:06:48 2019
[runlim] status:		out of time
[runlim] result:		2
[runlim] children:		0
[runlim] real:			328.79 seconds
[runlim] time:			300.02 seconds
[runlim] space:			2272.3 MB
[runlim] samples:		3286
