[runlim] version:		1.10fixed
[runlim] time limit:		300 seconds
[runlim] real time limit:	311040000 seconds
[runlim] space limit:		4000 MB
[runlim] argv[0]:		./cvc4
[runlim] argv[1]:		--nl-ext-tplanes
[runlim] argv[2]:		--cbqi-all
[runlim] argv[3]:		/tmp/YaHIrIul.smt2
[runlim] start:			Tue Jan 29 12:54:25 2019
[runlim] main pid:		8303
/tmp/YaHIrIul.smt2:4.12: No set-logic command was given before this point.
/tmp/YaHIrIul.smt2:4.12: CVC4 will make all theories available.
/tmp/YaHIrIul.smt2:4.12: Consider setting a stricter logic for (likely) better performance.
/tmp/YaHIrIul.smt2:4.12: To suppress this warning in the future use (set-logic ALL).
[runlim] sample:		9.5 time, 10.6 real, 201.9 MB
[runlim] sample:		18.8 time, 20.6 real, 319.9 MB
[runlim] sample:		27.6 time, 30.6 real, 413.3 MB
[runlim] sample:		37.4 time, 40.6 real, 517.0 MB
[runlim] sample:		46.9 time, 50.6 real, 591.9 MB
[runlim] sample:		56.0 time, 60.6 real, 638.6 MB
[runlim] sample:		65.9 time, 70.6 real, 729.3 MB
[runlim] sample:		75.9 time, 80.6 real, 826.5 MB
[runlim] sample:		85.9 time, 90.6 real, 843.9 MB
[runlim] sample:		95.9 time, 100.6 real, 959.2 MB
[runlim] sample:		105.9 time, 110.6 real, 964.6 MB
[runlim] sample:		115.9 time, 120.6 real, 1076.1 MB
[runlim] sample:		125.9 time, 130.6 real, 1083.9 MB
[runlim] sample:		135.9 time, 140.6 real, 1147.2 MB
[runlim] sample:		145.9 time, 150.6 real, 1203.5 MB
[runlim] sample:		155.9 time, 160.6 real, 1207.9 MB
[runlim] sample:		165.9 time, 170.6 real, 1317.9 MB
[runlim] sample:		175.7 time, 180.6 real, 1333.7 MB
[runlim] sample:		185.7 time, 190.6 real, 1337.3 MB
[runlim] sample:		195.7 time, 200.6 real, 1410.2 MB
[runlim] sample:		205.7 time, 210.6 real, 1474.8 MB
[runlim] sample:		215.7 time, 220.6 real, 1475.1 MB
[runlim] sample:		225.7 time, 230.6 real, 1558.1 MB
[runlim] sample:		235.7 time, 240.6 real, 1619.4 MB
[runlim] sample:		245.7 time, 250.6 real, 1633.1 MB
[runlim] sample:		255.7 time, 260.6 real, 1633.3 MB
[runlim] sample:		264.1 time, 270.6 real, 1686.6 MB
[runlim] sample:		273.6 time, 280.6 real, 1738.9 MB
[runlim] sample:		282.9 time, 290.6 real, 1798.5 MB
[runlim] sample:		292.5 time, 300.6 real, 1798.5 MB
CVC4 interrupted by SIGTERM.
[runlim] end:			Tue Jan 29 12:59:33 2019
[runlim] status:		out of time
[runlim] result:		2
[runlim] children:		0
[runlim] real:			308.19 seconds
[runlim] time:			300.13 seconds
[runlim] space:			1807.9 MB
[runlim] samples:		3076
