[runlim] version:		1.10fixed
[runlim] time limit:		300 seconds
[runlim] real time limit:	311040000 seconds
[runlim] space limit:		4000 MB
[runlim] argv[0]:		./cvc4
[runlim] argv[1]:		--nl-ext-tplanes
[runlim] argv[2]:		--cbqi-all
[runlim] argv[3]:		/tmp/5ZV5dONU.smt2
[runlim] start:			Tue Jan 29 12:52:51 2019
[runlim] main pid:		7233
/tmp/5ZV5dONU.smt2:4.12: No set-logic command was given before this point.
/tmp/5ZV5dONU.smt2:4.12: CVC4 will make all theories available.
/tmp/5ZV5dONU.smt2:4.12: Consider setting a stricter logic for (likely) better performance.
/tmp/5ZV5dONU.smt2:4.12: To suppress this warning in the future use (set-logic ALL).
[runlim] sample:		8.9 time, 10.2 real, 94.4 MB
[runlim] sample:		17.9 time, 20.2 real, 121.2 MB
[runlim] sample:		26.6 time, 30.2 real, 141.2 MB
[runlim] sample:		36.4 time, 40.2 real, 156.7 MB
[runlim] sample:		46.4 time, 50.2 real, 171.9 MB
[runlim] sample:		56.4 time, 60.2 real, 182.2 MB
[runlim] sample:		66.4 time, 70.2 real, 193.8 MB
[runlim] sample:		76.4 time, 80.2 real, 204.3 MB
[runlim] sample:		86.3 time, 90.2 real, 214.1 MB
[runlim] sample:		96.3 time, 100.2 real, 223.6 MB
[runlim] sample:		105.5 time, 110.2 real, 229.7 MB
[runlim] sample:		114.6 time, 120.2 real, 239.8 MB
[runlim] sample:		123.2 time, 130.2 real, 247.7 MB
[runlim] sample:		132.5 time, 140.2 real, 252.5 MB
[runlim] sample:		142.5 time, 150.2 real, 259.0 MB
[runlim] sample:		152.5 time, 160.2 real, 266.7 MB
[runlim] sample:		162.4 time, 170.2 real, 272.6 MB
[runlim] sample:		170.8 time, 180.2 real, 276.7 MB
[runlim] sample:		180.2 time, 190.2 real, 281.9 MB
[runlim] sample:		190.2 time, 200.2 real, 286.5 MB
[runlim] sample:		200.2 time, 210.2 real, 290.9 MB
[runlim] sample:		210.2 time, 220.2 real, 295.0 MB
[runlim] sample:		220.2 time, 230.2 real, 299.7 MB
[runlim] sample:		230.2 time, 240.2 real, 303.8 MB
[runlim] sample:		240.2 time, 250.2 real, 308.2 MB
[runlim] sample:		250.2 time, 260.2 real, 312.3 MB
[runlim] sample:		260.1 time, 270.2 real, 317.2 MB
[runlim] sample:		270.1 time, 280.2 real, 321.3 MB
[runlim] sample:		280.1 time, 290.2 real, 325.7 MB
[runlim] sample:		290.1 time, 300.2 real, 329.3 MB
CVC4 interrupted by SIGTERM.
[runlim] end:			Tue Jan 29 12:58:01 2019
[runlim] status:		out of time
[runlim] result:		2
[runlim] children:		0
[runlim] real:			310.12 seconds
[runlim] time:			300.04 seconds
[runlim] space:			333.4 MB
[runlim] samples:		3099
