[runlim] version:		1.10fixed
[runlim] time limit:		300 seconds
[runlim] real time limit:	311040000 seconds
[runlim] space limit:		4000 MB
[runlim] argv[0]:		./cvc4
[runlim] argv[1]:		--nl-ext-tplanes
[runlim] argv[2]:		--cbqi-all
[runlim] argv[3]:		/tmp/BnhDDb7C.smt2
[runlim] start:			Tue Jan 29 12:45:56 2019
[runlim] main pid:		10336
/tmp/BnhDDb7C.smt2:4.12: No set-logic command was given before this point.
/tmp/BnhDDb7C.smt2:4.12: CVC4 will make all theories available.
/tmp/BnhDDb7C.smt2:4.12: Consider setting a stricter logic for (likely) better performance.
/tmp/BnhDDb7C.smt2:4.12: To suppress this warning in the future use (set-logic ALL).
[runlim] sample:		8.7 time, 10.2 real, 94.6 MB
[runlim] sample:		18.2 time, 20.2 real, 125.3 MB
[runlim] sample:		27.8 time, 30.2 real, 145.7 MB
[runlim] sample:		37.1 time, 40.2 real, 160.9 MB
[runlim] sample:		46.5 time, 50.2 real, 173.5 MB
[runlim] sample:		55.8 time, 60.2 real, 184.4 MB
[runlim] sample:		65.1 time, 70.2 real, 193.9 MB
[runlim] sample:		73.7 time, 80.2 real, 203.7 MB
[runlim] sample:		83.1 time, 90.2 real, 213.2 MB
[runlim] sample:		93.1 time, 100.2 real, 223.5 MB
[runlim] sample:		103.1 time, 110.2 real, 229.7 MB
[runlim] sample:		113.1 time, 120.2 real, 239.8 MB
[runlim] sample:		123.1 time, 130.2 real, 248.0 MB
[runlim] sample:		133.1 time, 140.2 real, 254.9 MB
[runlim] sample:		143.1 time, 150.2 real, 262.1 MB
[runlim] sample:		153.1 time, 160.2 real, 268.3 MB
[runlim] sample:		163.1 time, 170.2 real, 274.0 MB
[runlim] sample:		173.1 time, 180.2 real, 279.9 MB
[runlim] sample:		183.1 time, 190.2 real, 284.3 MB
[runlim] sample:		193.1 time, 200.2 real, 289.4 MB
[runlim] sample:		203.1 time, 210.2 real, 294.3 MB
[runlim] sample:		213.1 time, 220.2 real, 298.9 MB
[runlim] sample:		223.1 time, 230.2 real, 303.8 MB
[runlim] sample:		233.1 time, 240.2 real, 307.7 MB
[runlim] sample:		243.1 time, 250.2 real, 310.8 MB
[runlim] sample:		253.1 time, 260.2 real, 314.9 MB
[runlim] sample:		263.1 time, 270.2 real, 319.0 MB
[runlim] sample:		273.1 time, 280.2 real, 324.7 MB
[runlim] sample:		283.1 time, 290.2 real, 327.0 MB
[runlim] sample:		293.1 time, 300.2 real, 331.1 MB
CVC4 interrupted by SIGTERM.
[runlim] end:			Tue Jan 29 12:51:03 2019
[runlim] status:		out of time
[runlim] result:		2
[runlim] children:		0
[runlim] real:			307.27 seconds
[runlim] time:			300.05 seconds
[runlim] space:			333.4 MB
[runlim] samples:		3070
