[runlim] version:		1.10fixed
[runlim] time limit:		300 seconds
[runlim] real time limit:	311040000 seconds
[runlim] space limit:		4000 MB
[runlim] argv[0]:		./cvc4
[runlim] argv[1]:		--nl-ext-tplanes
[runlim] argv[2]:		--cbqi-all
[runlim] argv[3]:		/tmp/knPmvMap.smt2
[runlim] start:			Tue Jan 29 12:41:58 2019
[runlim] main pid:		24885
/tmp/knPmvMap.smt2:4.12: No set-logic command was given before this point.
/tmp/knPmvMap.smt2:4.12: CVC4 will make all theories available.
/tmp/knPmvMap.smt2:4.12: Consider setting a stricter logic for (likely) better performance.
/tmp/knPmvMap.smt2:4.12: To suppress this warning in the future use (set-logic ALL).
[runlim] sample:		9.7 time, 10.0 real, 105.9 MB
[runlim] sample:		19.4 time, 20.0 real, 140.8 MB
[runlim] sample:		28.2 time, 30.0 real, 159.8 MB
[runlim] sample:		36.8 time, 40.0 real, 174.9 MB
[runlim] sample:		46.8 time, 50.0 real, 190.6 MB
[runlim] sample:		56.5 time, 60.0 real, 205.6 MB
[runlim] sample:		66.4 time, 70.0 real, 221.8 MB
[runlim] sample:		76.4 time, 80.0 real, 232.7 MB
[runlim] sample:		85.5 time, 90.0 real, 241.5 MB
[runlim] sample:		94.4 time, 100.0 real, 253.4 MB
[runlim] sample:		104.4 time, 110.0 real, 260.8 MB
[runlim] sample:		114.4 time, 120.0 real, 270.9 MB
[runlim] sample:		124.3 time, 130.0 real, 279.1 MB
[runlim] sample:		133.7 time, 140.0 real, 286.3 MB
[runlim] sample:		142.1 time, 150.0 real, 292.5 MB
[runlim] sample:		150.3 time, 160.0 real, 297.4 MB
[runlim] sample:		159.4 time, 170.0 real, 302.5 MB
[runlim] sample:		168.4 time, 180.0 real, 307.4 MB
[runlim] sample:		177.9 time, 190.0 real, 312.8 MB
[runlim] sample:		187.2 time, 200.0 real, 317.7 MB
[runlim] sample:		196.5 time, 210.0 real, 322.6 MB
[runlim] sample:		205.8 time, 220.0 real, 328.6 MB
[runlim] sample:		215.8 time, 230.0 real, 333.5 MB
[runlim] sample:		225.8 time, 240.0 real, 339.3 MB
[runlim] sample:		235.8 time, 250.0 real, 343.7 MB
[runlim] sample:		245.8 time, 260.0 real, 348.9 MB
[runlim] sample:		255.8 time, 270.0 real, 353.8 MB
[runlim] sample:		265.8 time, 280.0 real, 357.4 MB
[runlim] sample:		275.8 time, 290.0 real, 361.5 MB
[runlim] sample:		285.8 time, 300.0 real, 367.4 MB
[runlim] sample:		295.8 time, 310.0 real, 373.4 MB
CVC4 interrupted by SIGTERM.
[runlim] end:			Tue Jan 29 12:47:13 2019
[runlim] status:		out of time
[runlim] result:		2
[runlim] children:		0
[runlim] real:			314.34 seconds
[runlim] time:			300.06 seconds
[runlim] space:			374.6 MB
[runlim] samples:		3143
