[runlim] version:		1.10fixed
[runlim] time limit:		300 seconds
[runlim] real time limit:	311040000 seconds
[runlim] space limit:		4000 MB
[runlim] argv[0]:		./cvc4
[runlim] argv[1]:		--nl-ext-tplanes
[runlim] argv[2]:		--cbqi-all
[runlim] argv[3]:		/tmp/WK6FepnC.smt2
[runlim] start:			Tue Jan 29 12:45:16 2019
[runlim] main pid:		1994
/tmp/WK6FepnC.smt2:4.12: No set-logic command was given before this point.
/tmp/WK6FepnC.smt2:4.12: CVC4 will make all theories available.
/tmp/WK6FepnC.smt2:4.12: Consider setting a stricter logic for (likely) better performance.
/tmp/WK6FepnC.smt2:4.12: To suppress this warning in the future use (set-logic ALL).
[runlim] sample:		9.1 time, 10.1 real, 138.1 MB
[runlim] sample:		18.5 time, 20.1 real, 138.1 MB
[runlim] sample:		27.8 time, 30.1 real, 138.9 MB
[runlim] sample:		37.2 time, 40.1 real, 189.4 MB
[runlim] sample:		46.4 time, 50.1 real, 375.6 MB
[runlim] sample:		55.3 time, 60.1 real, 510.6 MB
[runlim] sample:		64.9 time, 70.1 real, 664.1 MB
[runlim] sample:		74.6 time, 80.1 real, 800.4 MB
[runlim] sample:		84.3 time, 90.1 real, 893.0 MB
[runlim] sample:		93.6 time, 100.1 real, 1045.8 MB
[runlim] sample:		103.4 time, 110.1 real, 1130.8 MB
[runlim] sample:		113.4 time, 120.1 real, 1213.2 MB
[runlim] sample:		123.1 time, 130.1 real, 1339.0 MB
[runlim] sample:		133.1 time, 140.1 real, 1386.2 MB
[runlim] sample:		142.3 time, 150.1 real, 1483.6 MB
[runlim] sample:		151.2 time, 160.1 real, 1580.9 MB
[runlim] sample:		161.2 time, 170.1 real, 1661.0 MB
[runlim] sample:		171.2 time, 180.1 real, 1747.3 MB
[runlim] sample:		181.2 time, 190.1 real, 1792.6 MB
[runlim] sample:		191.2 time, 200.1 real, 1887.1 MB
[runlim] sample:		201.2 time, 210.1 real, 2021.6 MB
[runlim] sample:		211.2 time, 220.1 real, 2038.6 MB
[runlim] sample:		221.2 time, 230.1 real, 2128.5 MB
[runlim] sample:		231.2 time, 240.1 real, 2218.7 MB
[runlim] sample:		241.2 time, 250.1 real, 2255.3 MB
[runlim] sample:		251.2 time, 260.1 real, 2315.4 MB
[runlim] sample:		260.4 time, 270.1 real, 2359.6 MB
[runlim] sample:		270.1 time, 280.1 real, 2444.6 MB
[runlim] sample:		279.1 time, 290.1 real, 2480.0 MB
[runlim] sample:		287.5 time, 300.1 real, 2481.0 MB
[runlim] sample:		296.1 time, 310.1 real, 2584.6 MB
[runlim] end:			Tue Jan 29 12:50:29 2019
[runlim] status:		signal(9)
[runlim] result:		11
[runlim] children:		0
[runlim] real:			313.50 seconds
[runlim] time:			299.42 seconds
[runlim] space:			2605.2 MB
[runlim] samples:		3133
