[runlim] version:		1.10fixed
[runlim] time limit:		300 seconds
[runlim] real time limit:	311040000 seconds
[runlim] space limit:		4000 MB
[runlim] argv[0]:		./cvc4
[runlim] argv[1]:		--nl-ext-tplanes
[runlim] argv[2]:		--cbqi-all
[runlim] argv[3]:		/tmp/3LZtPAzG.smt2
[runlim] start:			Tue Jan 29 12:45:29 2019
[runlim] main pid:		21368
/tmp/3LZtPAzG.smt2:4.12: No set-logic command was given before this point.
/tmp/3LZtPAzG.smt2:4.12: CVC4 will make all theories available.
/tmp/3LZtPAzG.smt2:4.12: Consider setting a stricter logic for (likely) better performance.
/tmp/3LZtPAzG.smt2:4.12: To suppress this warning in the future use (set-logic ALL).
[runlim] sample:		8.4 time, 10.3 real, 93.9 MB
[runlim] sample:		17.2 time, 20.3 real, 121.8 MB
[runlim] sample:		26.6 time, 30.3 real, 144.5 MB
[runlim] sample:		36.1 time, 40.3 real, 158.8 MB
[runlim] sample:		45.8 time, 50.3 real, 172.2 MB
[runlim] sample:		55.4 time, 60.3 real, 182.8 MB
[runlim] sample:		65.1 time, 70.3 real, 194.3 MB
[runlim] sample:		75.0 time, 80.3 real, 204.2 MB
[runlim] sample:		85.0 time, 90.3 real, 215.6 MB
[runlim] sample:		94.7 time, 100.3 real, 223.7 MB
[runlim] sample:		104.7 time, 110.3 real, 232.2 MB
[runlim] sample:		114.7 time, 120.3 real, 240.7 MB
[runlim] sample:		124.7 time, 130.3 real, 250.3 MB
[runlim] sample:		134.7 time, 140.3 real, 255.2 MB
[runlim] sample:		144.3 time, 150.3 real, 261.9 MB
[runlim] sample:		154.3 time, 160.3 real, 269.4 MB
[runlim] sample:		163.5 time, 170.3 real, 274.5 MB
[runlim] sample:		173.2 time, 180.3 real, 279.4 MB
[runlim] sample:		181.6 time, 190.3 real, 284.1 MB
[runlim] sample:		190.3 time, 200.3 real, 288.6 MB
[runlim] sample:		199.6 time, 210.3 real, 292.7 MB
[runlim] sample:		208.1 time, 220.3 real, 296.8 MB
[runlim] sample:		216.9 time, 230.3 real, 300.1 MB
[runlim] sample:		226.3 time, 240.3 real, 303.7 MB
[runlim] sample:		236.0 time, 250.3 real, 307.9 MB
[runlim] sample:		245.3 time, 260.3 real, 312.5 MB
[runlim] sample:		255.0 time, 270.3 real, 316.9 MB
[runlim] sample:		264.5 time, 280.3 real, 318.9 MB
[runlim] sample:		273.8 time, 290.3 real, 324.6 MB
[runlim] sample:		283.3 time, 300.3 real, 327.4 MB
[runlim] sample:		293.0 time, 310.3 real, 331.0 MB
CVC4 interrupted by SIGTERM.
[runlim] end:			Tue Jan 29 12:50:46 2019
[runlim] status:		out of time
[runlim] result:		2
[runlim] children:		0
[runlim] real:			317.59 seconds
[runlim] time:			300.03 seconds
[runlim] space:			333.3 MB
[runlim] samples:		3173
