[runlim] version:		1.10fixed
[runlim] time limit:		300 seconds
[runlim] real time limit:	311040000 seconds
[runlim] space limit:		4000 MB
[runlim] argv[0]:		./cvc4
[runlim] argv[1]:		--nl-ext-tplanes
[runlim] argv[2]:		--cbqi-all
[runlim] argv[3]:		/tmp/QMoo12A3.smt2
[runlim] start:			Tue Jan 29 12:43:27 2019
[runlim] main pid:		4397
/tmp/QMoo12A3.smt2:4.12: No set-logic command was given before this point.
/tmp/QMoo12A3.smt2:4.12: CVC4 will make all theories available.
/tmp/QMoo12A3.smt2:4.12: Consider setting a stricter logic for (likely) better performance.
/tmp/QMoo12A3.smt2:4.12: To suppress this warning in the future use (set-logic ALL).
[runlim] sample:		8.4 time, 10.4 real, 98.1 MB
[runlim] sample:		18.1 time, 20.4 real, 134.3 MB
[runlim] sample:		27.8 time, 30.4 real, 157.2 MB
[runlim] sample:		37.4 time, 40.4 real, 174.8 MB
[runlim] sample:		47.1 time, 50.4 real, 190.0 MB
[runlim] sample:		56.5 time, 60.4 real, 203.4 MB
[runlim] sample:		66.2 time, 70.4 real, 213.5 MB
[runlim] sample:		76.2 time, 80.4 real, 227.2 MB
[runlim] sample:		86.1 time, 90.4 real, 240.6 MB
[runlim] sample:		95.7 time, 100.4 real, 250.6 MB
[runlim] sample:		104.8 time, 110.4 real, 258.4 MB
[runlim] sample:		114.2 time, 120.4 real, 268.2 MB
[runlim] sample:		123.9 time, 130.4 real, 275.9 MB
[runlim] sample:		133.6 time, 140.4 real, 283.9 MB
[runlim] sample:		143.6 time, 150.4 real, 290.3 MB
[runlim] sample:		153.6 time, 160.4 real, 297.8 MB
[runlim] sample:		163.6 time, 170.4 real, 302.7 MB
[runlim] sample:		173.6 time, 180.4 real, 311.4 MB
[runlim] sample:		183.4 time, 190.4 real, 316.0 MB
[runlim] sample:		193.2 time, 200.4 real, 321.1 MB
[runlim] sample:		203.2 time, 210.4 real, 327.0 MB
[runlim] sample:		213.2 time, 220.4 real, 331.7 MB
[runlim] sample:		223.2 time, 230.4 real, 336.8 MB
[runlim] sample:		233.2 time, 240.4 real, 342.0 MB
[runlim] sample:		242.7 time, 250.4 real, 346.9 MB
[runlim] sample:		251.5 time, 260.4 real, 350.2 MB
[runlim] sample:		261.5 time, 270.4 real, 354.3 MB
[runlim] sample:		271.5 time, 280.4 real, 359.5 MB
[runlim] sample:		281.2 time, 290.4 real, 364.4 MB
[runlim] sample:		290.0 time, 300.4 real, 374.5 MB
[runlim] sample:		300.0 time, 310.4 real, 376.1 MB
CVC4 interrupted by SIGTERM.
[runlim] end:			Tue Jan 29 12:48:37 2019
[runlim] status:		out of time
[runlim] result:		2
[runlim] children:		0
[runlim] real:			310.39 seconds
[runlim] time:			300.02 seconds
[runlim] space:			376.1 MB
[runlim] samples:		3100
