[runlim] version:		1.10fixed
[runlim] time limit:		300 seconds
[runlim] real time limit:	311040000 seconds
[runlim] space limit:		4000 MB
[runlim] argv[0]:		./cvc4
[runlim] argv[1]:		--nl-ext-tplanes
[runlim] argv[2]:		--cbqi-all
[runlim] argv[3]:		/tmp/uCJlIScB.smt2
[runlim] start:			Tue Jan 29 12:44:59 2019
[runlim] main pid:		6600
/tmp/uCJlIScB.smt2:4.12: No set-logic command was given before this point.
/tmp/uCJlIScB.smt2:4.12: CVC4 will make all theories available.
/tmp/uCJlIScB.smt2:4.12: Consider setting a stricter logic for (likely) better performance.
/tmp/uCJlIScB.smt2:4.12: To suppress this warning in the future use (set-logic ALL).
[runlim] sample:		9.0 time, 10.3 real, 93.6 MB
[runlim] sample:		19.0 time, 20.3 real, 123.8 MB
[runlim] sample:		29.0 time, 30.3 real, 144.5 MB
[runlim] sample:		39.0 time, 40.3 real, 157.7 MB
[runlim] sample:		48.7 time, 50.3 real, 170.0 MB
[runlim] sample:		56.8 time, 60.3 real, 178.5 MB
[runlim] sample:		65.5 time, 70.3 real, 187.0 MB
[runlim] sample:		74.3 time, 80.3 real, 194.0 MB
[runlim] sample:		83.3 time, 90.3 real, 203.4 MB
[runlim] sample:		91.7 time, 100.3 real, 209.3 MB
[runlim] sample:		101.3 time, 110.3 real, 221.7 MB
[runlim] sample:		111.3 time, 120.3 real, 224.3 MB
[runlim] sample:		121.3 time, 130.3 real, 235.8 MB
[runlim] sample:		130.6 time, 140.3 real, 242.2 MB
[runlim] sample:		139.6 time, 150.3 real, 247.4 MB
[runlim] sample:		148.7 time, 160.3 real, 255.8 MB
[runlim] sample:		157.7 time, 170.3 real, 259.3 MB
[runlim] sample:		165.1 time, 180.3 real, 262.9 MB
[runlim] sample:		174.1 time, 190.3 real, 268.8 MB
[runlim] sample:		184.1 time, 200.3 real, 274.0 MB
[runlim] sample:		193.2 time, 210.3 real, 278.4 MB
[runlim] sample:		203.2 time, 220.3 real, 282.7 MB
[runlim] sample:		213.2 time, 230.3 real, 286.8 MB
[runlim] sample:		223.2 time, 240.3 real, 291.2 MB
[runlim] sample:		231.1 time, 250.3 real, 293.5 MB
[runlim] sample:		240.2 time, 260.3 real, 297.1 MB
[runlim] sample:		249.8 time, 270.3 real, 301.3 MB
[runlim] sample:		259.5 time, 280.3 real, 305.4 MB
[runlim] sample:		269.3 time, 290.3 real, 307.4 MB
[runlim] sample:		278.0 time, 300.3 real, 311.8 MB
[runlim] sample:		288.0 time, 310.3 real, 315.4 MB
[runlim] sample:		298.0 time, 320.3 real, 318.8 MB
CVC4 interrupted by SIGTERM.
[runlim] end:			Tue Jan 29 12:50:21 2019
[runlim] status:		out of time
[runlim] result:		2
[runlim] children:		0
[runlim] real:			322.34 seconds
[runlim] time:			300.02 seconds
[runlim] space:			318.8 MB
[runlim] samples:		3220
