[runlim] version:		1.10fixed
[runlim] time limit:		300 seconds
[runlim] real time limit:	311040000 seconds
[runlim] space limit:		4000 MB
[runlim] argv[0]:		./cvc4
[runlim] argv[1]:		--nl-ext-tplanes
[runlim] argv[2]:		--cbqi-all
[runlim] argv[3]:		/tmp/UkWXICOM.smt2
[runlim] start:			Tue Jan 29 12:46:10 2019
[runlim] main pid:		28783
/tmp/UkWXICOM.smt2:4.12: No set-logic command was given before this point.
/tmp/UkWXICOM.smt2:4.12: CVC4 will make all theories available.
/tmp/UkWXICOM.smt2:4.12: Consider setting a stricter logic for (likely) better performance.
/tmp/UkWXICOM.smt2:4.12: To suppress this warning in the future use (set-logic ALL).
[runlim] sample:		8.7 time, 10.8 real, 94.3 MB
[runlim] sample:		17.6 time, 20.8 real, 122.9 MB
[runlim] sample:		27.2 time, 30.8 real, 146.0 MB
[runlim] sample:		35.5 time, 40.8 real, 159.4 MB
[runlim] sample:		44.8 time, 50.8 real, 171.6 MB
[runlim] sample:		53.9 time, 60.8 real, 183.3 MB
[runlim] sample:		63.4 time, 70.8 real, 193.3 MB
[runlim] sample:		72.0 time, 80.8 real, 202.3 MB
[runlim] sample:		80.0 time, 90.8 real, 209.8 MB
[runlim] sample:		88.4 time, 100.8 real, 217.8 MB
[runlim] sample:		97.1 time, 110.8 real, 225.5 MB
[runlim] sample:		106.7 time, 120.8 real, 234.6 MB
[runlim] sample:		116.7 time, 130.8 real, 242.8 MB
[runlim] sample:		126.2 time, 140.8 real, 250.7 MB
[runlim] sample:		135.5 time, 150.8 real, 257.4 MB
[runlim] sample:		145.0 time, 160.8 real, 265.6 MB
[runlim] sample:		155.0 time, 170.8 real, 270.5 MB
[runlim] sample:		165.0 time, 180.8 real, 275.4 MB
[runlim] sample:		175.0 time, 190.8 real, 282.4 MB
[runlim] sample:		185.0 time, 200.8 real, 287.0 MB
[runlim] sample:		195.0 time, 210.8 real, 291.1 MB
[runlim] sample:		205.0 time, 220.8 real, 295.5 MB
[runlim] sample:		214.1 time, 230.8 real, 299.9 MB
[runlim] sample:		223.7 time, 240.8 real, 304.3 MB
[runlim] sample:		233.6 time, 250.8 real, 308.8 MB
[runlim] sample:		243.6 time, 260.8 real, 313.4 MB
[runlim] sample:		253.6 time, 270.8 real, 316.7 MB
[runlim] sample:		262.8 time, 280.8 real, 320.3 MB
[runlim] sample:		272.8 time, 290.8 real, 326.3 MB
[runlim] sample:		282.8 time, 300.8 real, 330.1 MB
[runlim] sample:		292.8 time, 310.8 real, 332.7 MB
CVC4 interrupted by SIGTERM.
[runlim] end:			Tue Jan 29 12:51:28 2019
[runlim] status:		out of time
[runlim] result:		2
[runlim] children:		0
[runlim] real:			318.13 seconds
[runlim] time:			300.07 seconds
[runlim] space:			335.0 MB
[runlim] samples:		3173
