[runlim] version:		1.10fixed
[runlim] time limit:		300 seconds
[runlim] real time limit:	311040000 seconds
[runlim] space limit:		4000 MB
[runlim] argv[0]:		./cvc4
[runlim] argv[1]:		--nl-ext-tplanes
[runlim] argv[2]:		--cbqi-all
[runlim] argv[3]:		/tmp/TG3bdkAk.smt2
[runlim] start:			Tue Jan 29 12:45:01 2019
[runlim] main pid:		19456
/tmp/TG3bdkAk.smt2:4.12: No set-logic command was given before this point.
/tmp/TG3bdkAk.smt2:4.12: CVC4 will make all theories available.
/tmp/TG3bdkAk.smt2:4.12: Consider setting a stricter logic for (likely) better performance.
/tmp/TG3bdkAk.smt2:4.12: To suppress this warning in the future use (set-logic ALL).
[runlim] sample:		10.0 time, 10.7 real, 112.4 MB
[runlim] sample:		19.9 time, 20.7 real, 157.8 MB
[runlim] sample:		29.9 time, 30.7 real, 185.7 MB
[runlim] sample:		39.9 time, 40.7 real, 210.7 MB
[runlim] sample:		49.9 time, 50.7 real, 235.4 MB
[runlim] sample:		59.9 time, 60.7 real, 256.2 MB
[runlim] sample:		69.9 time, 70.7 real, 273.2 MB
[runlim] sample:		79.9 time, 80.7 real, 288.5 MB
[runlim] sample:		89.5 time, 90.7 real, 299.3 MB
[runlim] sample:		99.2 time, 100.7 real, 310.6 MB
[runlim] sample:		108.8 time, 110.7 real, 321.1 MB
[runlim] sample:		118.7 time, 120.7 real, 333.0 MB
[runlim] sample:		128.4 time, 130.7 real, 341.5 MB
[runlim] sample:		138.1 time, 140.7 real, 350.3 MB
[runlim] sample:		147.8 time, 150.7 real, 364.7 MB
[runlim] sample:		157.4 time, 160.7 real, 368.3 MB
[runlim] sample:		167.1 time, 170.7 real, 377.0 MB
[runlim] sample:		176.8 time, 180.7 real, 384.8 MB
[runlim] sample:		186.8 time, 190.7 real, 394.1 MB
[runlim] sample:		196.8 time, 200.7 real, 401.3 MB
[runlim] sample:		206.8 time, 210.7 real, 409.1 MB
[runlim] sample:		216.3 time, 220.7 real, 421.4 MB
[runlim] sample:		226.0 time, 230.7 real, 425.3 MB
[runlim] sample:		234.9 time, 240.7 real, 428.7 MB
[runlim] sample:		244.2 time, 250.7 real, 436.1 MB
[runlim] sample:		254.0 time, 260.7 real, 442.3 MB
[runlim] sample:		263.5 time, 270.7 real, 447.5 MB
[runlim] sample:		273.5 time, 280.7 real, 459.5 MB
[runlim] sample:		283.5 time, 290.7 real, 464.1 MB
[runlim] sample:		293.5 time, 300.7 real, 472.1 MB
CVC4 interrupted by SIGTERM.
[runlim] end:			Tue Jan 29 12:50:08 2019
[runlim] status:		out of time
[runlim] result:		2
[runlim] children:		0
[runlim] real:			307.22 seconds
[runlim] time:			300.01 seconds
[runlim] space:			475.2 MB
[runlim] samples:		3065
