[runlim] version:		1.10fixed
[runlim] time limit:		300 seconds
[runlim] real time limit:	311040000 seconds
[runlim] space limit:		4000 MB
[runlim] argv[0]:		./cvc4
[runlim] argv[1]:		--nl-ext-tplanes
[runlim] argv[2]:		--cbqi-all
[runlim] argv[3]:		/tmp/HXjaR9es.smt2
[runlim] start:			Tue Jan 29 12:46:22 2019
[runlim] main pid:		4193
/tmp/HXjaR9es.smt2:4.12: No set-logic command was given before this point.
/tmp/HXjaR9es.smt2:4.12: CVC4 will make all theories available.
/tmp/HXjaR9es.smt2:4.12: Consider setting a stricter logic for (likely) better performance.
/tmp/HXjaR9es.smt2:4.12: To suppress this warning in the future use (set-logic ALL).
[runlim] sample:		10.0 time, 10.4 real, 88.3 MB
[runlim] sample:		19.8 time, 20.4 real, 109.1 MB
[runlim] sample:		28.4 time, 30.4 real, 126.5 MB
[runlim] sample:		38.0 time, 40.4 real, 140.2 MB
[runlim] sample:		48.0 time, 50.4 real, 150.6 MB
[runlim] sample:		57.5 time, 60.4 real, 158.6 MB
[runlim] sample:		67.1 time, 70.4 real, 166.6 MB
[runlim] sample:		77.0 time, 80.4 real, 173.5 MB
[runlim] sample:		86.7 time, 90.4 real, 179.9 MB
[runlim] sample:		94.8 time, 100.4 real, 185.4 MB
[runlim] sample:		104.5 time, 110.4 real, 190.2 MB
[runlim] sample:		113.6 time, 120.4 real, 195.4 MB
[runlim] sample:		122.1 time, 130.4 real, 200.3 MB
[runlim] sample:		130.8 time, 140.4 real, 204.7 MB
[runlim] sample:		139.0 time, 150.4 real, 211.7 MB
[runlim] sample:		148.9 time, 160.4 real, 214.3 MB
[runlim] sample:		158.7 time, 170.4 real, 218.7 MB
[runlim] sample:		168.6 time, 180.4 real, 225.6 MB
[runlim] sample:		178.6 time, 190.4 real, 227.9 MB
[runlim] sample:		188.6 time, 200.4 real, 236.2 MB
[runlim] sample:		198.6 time, 210.4 real, 239.3 MB
[runlim] sample:		208.5 time, 220.4 real, 244.4 MB
[runlim] sample:		218.5 time, 230.4 real, 248.0 MB
[runlim] sample:		228.5 time, 240.4 real, 251.4 MB
[runlim] sample:		238.5 time, 250.4 real, 254.7 MB
[runlim] sample:		248.5 time, 260.4 real, 260.4 MB
[runlim] sample:		258.5 time, 270.4 real, 264.0 MB
[runlim] sample:		268.5 time, 280.4 real, 266.0 MB
[runlim] sample:		278.5 time, 290.4 real, 269.4 MB
[runlim] sample:		288.5 time, 300.4 real, 273.8 MB
[runlim] sample:		298.5 time, 310.4 real, 275.6 MB
CVC4 interrupted by SIGTERM.
[runlim] end:			Tue Jan 29 12:51:34 2019
[runlim] status:		out of time
[runlim] result:		2
[runlim] children:		0
[runlim] real:			312.03 seconds
[runlim] time:			300.10 seconds
[runlim] space:			277.1 MB
[runlim] samples:		3116
