[runlim] version:		1.10fixed
[runlim] time limit:		300 seconds
[runlim] real time limit:	311040000 seconds
[runlim] space limit:		4000 MB
[runlim] argv[0]:		./cvc4
[runlim] argv[1]:		--nl-ext-tplanes
[runlim] argv[2]:		--cbqi-all
[runlim] argv[3]:		/tmp/6KnzmXiI.smt2
[runlim] start:			Tue Jan 29 12:42:21 2019
[runlim] main pid:		6527
/tmp/6KnzmXiI.smt2:4.12: No set-logic command was given before this point.
/tmp/6KnzmXiI.smt2:4.12: CVC4 will make all theories available.
/tmp/6KnzmXiI.smt2:4.12: Consider setting a stricter logic for (likely) better performance.
/tmp/6KnzmXiI.smt2:4.12: To suppress this warning in the future use (set-logic ALL).
[runlim] sample:		7.6 time, 10.1 real, 63.2 MB
[runlim] sample:		15.3 time, 20.1 real, 76.0 MB
[runlim] sample:		22.9 time, 30.1 real, 88.4 MB
[runlim] sample:		30.6 time, 40.1 real, 100.4 MB
[runlim] sample:		40.6 time, 50.1 real, 113.9 MB
[runlim] sample:		50.5 time, 60.1 real, 121.9 MB
[runlim] sample:		60.5 time, 70.1 real, 125.0 MB
[runlim] sample:		70.5 time, 80.1 real, 134.0 MB
[runlim] sample:		80.5 time, 90.1 real, 137.4 MB
[runlim] sample:		88.9 time, 100.1 real, 147.7 MB
[runlim] sample:		96.9 time, 110.1 real, 148.2 MB
[runlim] sample:		106.3 time, 120.1 real, 166.9 MB
[runlim] sample:		116.0 time, 130.1 real, 169.0 MB
[runlim] sample:		126.0 time, 140.1 real, 169.0 MB
[runlim] sample:		136.0 time, 150.1 real, 170.0 MB
[runlim] sample:		146.0 time, 160.1 real, 180.6 MB
[runlim] sample:		156.0 time, 170.1 real, 181.4 MB
[runlim] sample:		166.0 time, 180.1 real, 185.2 MB
[runlim] sample:		176.0 time, 190.1 real, 185.5 MB
[runlim] sample:		185.5 time, 200.1 real, 195.0 MB
[runlim] sample:		195.0 time, 210.1 real, 203.3 MB
[runlim] sample:		205.0 time, 220.1 real, 207.7 MB
[runlim] sample:		215.0 time, 230.1 real, 209.2 MB
[runlim] sample:		225.0 time, 240.1 real, 212.0 MB
[runlim] sample:		234.9 time, 250.1 real, 213.3 MB
[runlim] sample:		244.8 time, 260.1 real, 216.2 MB
[runlim] sample:		253.3 time, 270.1 real, 216.7 MB
[runlim] sample:		262.6 time, 280.1 real, 255.1 MB
[runlim] sample:		270.9 time, 290.1 real, 255.1 MB
[runlim] sample:		280.7 time, 300.1 real, 255.1 MB
[runlim] sample:		290.7 time, 310.1 real, 256.4 MB
[runlim] end:			Tue Jan 29 12:47:38 2019
[runlim] status:		signal(9)
[runlim] result:		11
[runlim] children:		0
[runlim] real:			317.29 seconds
[runlim] time:			296.70 seconds
[runlim] space:			281.9 MB
[runlim] samples:		3171
