[runlim] version:		1.10fixed
[runlim] time limit:		3600 seconds
[runlim] real time limit:	311040000 seconds
[runlim] space limit:		4000 MB
[runlim] argv[0]:		./cvc4
[runlim] argv[1]:		/tmp/4vRN7QFN.smt2
[runlim] start:			Thu Feb 14 00:53:54 2019
[runlim] main pid:		15554
[runlim] sample:		8.2 time, 10.3 real, 35.3 MB
[runlim] sample:		16.5 time, 20.3 real, 42.5 MB
[runlim] sample:		25.3 time, 30.3 real, 50.0 MB
[runlim] sample:		35.3 time, 40.3 real, 58.9 MB
[runlim] sample:		45.3 time, 50.3 real, 67.4 MB
[runlim] sample:		55.3 time, 60.3 real, 77.1 MB
[runlim] sample:		65.3 time, 70.3 real, 85.9 MB
[runlim] sample:		75.3 time, 80.3 real, 94.4 MB
[runlim] sample:		85.0 time, 90.3 real, 102.6 MB
[runlim] sample:		94.7 time, 100.3 real, 111.2 MB
[runlim] sample:		103.9 time, 110.3 real, 118.4 MB
[runlim] sample:		113.1 time, 120.3 real, 127.6 MB
[runlim] sample:		123.1 time, 130.3 real, 138.7 MB
[runlim] sample:		133.1 time, 140.3 real, 147.3 MB
[runlim] sample:		142.3 time, 150.3 real, 155.2 MB
[runlim] sample:		152.3 time, 160.3 real, 163.2 MB
[runlim] sample:		162.3 time, 170.3 real, 171.2 MB
[runlim] sample:		172.3 time, 180.3 real, 181.0 MB
[runlim] sample:		182.3 time, 190.3 real, 189.0 MB
[runlim] sample:		192.3 time, 200.3 real, 197.0 MB
[runlim] sample:		202.3 time, 210.3 real, 205.8 MB
[runlim] sample:		212.3 time, 220.3 real, 213.8 MB
[runlim] sample:		222.3 time, 230.3 real, 221.7 MB
[runlim] sample:		232.3 time, 240.3 real, 233.3 MB
[runlim] sample:		242.0 time, 250.3 real, 240.8 MB
[runlim] sample:		250.9 time, 260.3 real, 248.8 MB
[runlim] sample:		260.4 time, 270.3 real, 260.9 MB
[runlim] sample:		270.4 time, 280.3 real, 269.6 MB
[runlim] sample:		280.4 time, 290.3 real, 279.2 MB
[runlim] sample:		290.4 time, 300.3 real, 287.9 MB
[runlim] sample:		300.4 time, 310.3 real, 297.0 MB
[runlim] sample:		310.4 time, 320.3 real, 305.7 MB
[runlim] sample:		320.3 time, 330.3 real, 314.8 MB
[runlim] sample:		329.0 time, 340.3 real, 322.0 MB
[runlim] sample:		337.6 time, 350.3 real, 330.7 MB
[runlim] sample:		346.9 time, 360.3 real, 338.0 MB
[runlim] sample:		356.9 time, 370.3 real, 346.7 MB
[runlim] sample:		366.9 time, 380.3 real, 357.3 MB
[runlim] sample:		375.5 time, 390.3 real, 364.2 MB
[runlim] sample:		384.3 time, 400.3 real, 371.5 MB
[runlim] sample:		393.2 time, 410.3 real, 378.2 MB
[runlim] sample:		402.3 time, 420.3 real, 385.4 MB
[runlim] sample:		411.6 time, 430.3 real, 392.4 MB
[runlim] sample:		421.0 time, 440.3 real, 400.9 MB
[runlim] sample:		430.3 time, 450.3 real, 408.9 MB
[runlim] sample:		439.7 time, 460.3 real, 416.4 MB
[runlim] sample:		449.0 time, 470.3 real, 424.7 MB
[runlim] sample:		458.4 time, 480.3 real, 432.7 MB
[runlim] sample:		467.9 time, 490.3 real, 447.9 MB
[runlim] sample:		477.4 time, 500.3 real, 454.6 MB
[runlim] sample:		486.7 time, 510.3 real, 462.6 MB
[runlim] sample:		496.5 time, 520.3 real, 470.6 MB
[runlim] sample:		506.5 time, 530.3 real, 480.4 MB
[runlim] sample:		516.5 time, 540.3 real, 496.1 MB
[runlim] sample:		526.5 time, 550.3 real, 508.2 MB
[runlim] sample:		536.1 time, 560.3 real, 516.2 MB
[runlim] sample:		545.5 time, 570.3 real, 522.4 MB
[runlim] sample:		554.7 time, 580.3 real, 522.6 MB
[runlim] sample:		563.7 time, 590.3 real, 522.9 MB
[runlim] sample:		572.7 time, 600.3 real, 523.2 MB
[runlim] sample:		581.5 time, 610.3 real, 528.3 MB
[runlim] sample:		589.9 time, 620.3 real, 534.5 MB
[runlim] sample:		598.2 time, 630.3 real, 541.5 MB
[runlim] sample:		606.7 time, 640.3 real, 548.7 MB
[runlim] sample:		615.6 time, 650.3 real, 555.4 MB
[runlim] sample:		625.6 time, 660.3 real, 563.4 MB
[runlim] sample:		635.6 time, 670.3 real, 571.6 MB
[runlim] sample:		645.0 time, 680.3 real, 579.1 MB
[runlim] sample:		653.1 time, 690.3 real, 586.3 MB
[runlim] sample:		660.8 time, 700.3 real, 592.3 MB
[runlim] sample:		670.2 time, 710.3 real, 600.2 MB
[runlim] sample:		679.3 time, 720.3 real, 613.4 MB
[runlim] sample:		688.8 time, 730.3 real, 618.6 MB
[runlim] sample:		697.0 time, 740.3 real, 625.8 MB
[runlim] sample:		706.5 time, 750.3 real, 633.8 MB
[runlim] sample:		715.8 time, 760.3 real, 641.0 MB
[runlim] sample:		724.7 time, 770.3 real, 648.5 MB
[runlim] sample:		733.0 time, 780.3 real, 654.9 MB
[runlim] sample:		741.8 time, 790.3 real, 662.1 MB
[runlim] sample:		750.9 time, 800.3 real, 668.8 MB
[runlim] sample:		760.1 time, 810.3 real, 676.6 MB
[runlim] sample:		769.9 time, 820.3 real, 688.7 MB
[runlim] sample:		779.3 time, 830.3 real, 696.2 MB
[runlim] sample:		789.0 time, 840.3 real, 703.4 MB
[runlim] sample:		798.6 time, 850.3 real, 711.1 MB
[runlim] sample:		808.3 time, 860.3 real, 718.8 MB
[runlim] sample:		817.9 time, 870.3 real, 725.8 MB
[runlim] sample:		827.9 time, 880.3 real, 733.8 MB
[runlim] sample:		837.9 time, 890.3 real, 741.0 MB
[runlim] sample:		847.3 time, 900.3 real, 748.5 MB
[runlim] sample:		856.7 time, 910.3 real, 755.7 MB
[runlim] sample:		866.1 time, 920.3 real, 764.0 MB
[runlim] sample:		875.4 time, 930.3 real, 772.0 MB
[runlim] sample:		884.8 time, 940.3 real, 779.2 MB
[runlim] sample:		894.1 time, 950.3 real, 787.4 MB
[runlim] sample:		903.4 time, 960.3 real, 795.4 MB
[runlim] sample:		912.8 time, 970.3 real, 803.4 MB
[runlim] sample:		922.1 time, 980.3 real, 811.7 MB
[runlim] sample:		931.4 time, 990.3 real, 819.1 MB
[runlim] sample:		940.8 time, 1000.3 real, 826.1 MB
[runlim] sample:		950.1 time, 1010.3 real, 848.8 MB
[runlim] sample:		959.7 time, 1020.3 real, 857.0 MB
[runlim] sample:		969.3 time, 1030.3 real, 860.1 MB
[runlim] sample:		979.0 time, 1040.3 real, 867.3 MB
[runlim] sample:		988.6 time, 1050.3 real, 875.1 MB
[runlim] sample:		998.3 time, 1060.3 real, 882.0 MB
[runlim] sample:		1007.9 time, 1070.3 real, 889.8 MB
[runlim] sample:		1017.6 time, 1080.3 real, 898.5 MB
[runlim] sample:		1027.2 time, 1090.3 real, 906.0 MB
[runlim] sample:		1036.9 time, 1100.3 real, 913.0 MB
[runlim] sample:		1046.3 time, 1110.3 real, 924.8 MB
[runlim] sample:		1055.7 time, 1120.3 real, 934.6 MB
[runlim] sample:		1065.1 time, 1130.3 real, 952.7 MB
[runlim] sample:		1074.4 time, 1140.3 real, 956.3 MB
[runlim] sample:		1083.8 time, 1150.3 real, 963.8 MB
[runlim] sample:		1093.0 time, 1160.3 real, 982.1 MB
[runlim] sample:		1102.3 time, 1170.3 real, 985.4 MB
[runlim] sample:		1111.7 time, 1180.3 real, 985.7 MB
[runlim] sample:		1121.1 time, 1190.3 real, 985.9 MB
[runlim] sample:		1131.0 time, 1200.3 real, 986.2 MB
[runlim] sample:		1141.0 time, 1210.3 real, 991.9 MB
[runlim] sample:		1151.0 time, 1220.3 real, 1002.7 MB
[runlim] sample:		1160.8 time, 1230.3 real, 1008.6 MB
[runlim] sample:		1170.5 time, 1240.3 real, 1017.6 MB
[runlim] sample:		1180.2 time, 1250.3 real, 1026.2 MB
[runlim] sample:		1189.8 time, 1260.3 real, 1034.4 MB
[runlim] sample:		1199.4 time, 1270.3 real, 1042.4 MB
[runlim] sample:		1208.8 time, 1280.3 real, 1050.4 MB
[runlim] sample:		1218.1 time, 1290.3 real, 1057.4 MB
[runlim] sample:		1227.5 time, 1300.3 real, 1064.8 MB
[runlim] sample:		1236.8 time, 1310.3 real, 1072.8 MB
[runlim] sample:		1246.2 time, 1320.3 real, 1080.8 MB
[runlim] sample:		1255.6 time, 1330.3 real, 1089.3 MB
[runlim] sample:		1265.0 time, 1340.3 real, 1097.1 MB
[runlim] sample:		1274.3 time, 1350.3 real, 1104.3 MB
[runlim] sample:		1283.6 time, 1360.3 real, 1111.2 MB
[runlim] sample:		1293.0 time, 1370.3 real, 1118.5 MB
[runlim] sample:		1302.2 time, 1380.3 real, 1125.4 MB
[runlim] sample:		1311.6 time, 1390.3 real, 1132.6 MB
[runlim] sample:		1321.2 time, 1400.3 real, 1140.4 MB
[runlim] sample:		1331.2 time, 1410.3 real, 1149.1 MB
[runlim] sample:		1340.6 time, 1420.3 real, 1157.1 MB
[runlim] sample:		1349.9 time, 1430.3 real, 1164.3 MB
[runlim] sample:		1359.2 time, 1440.3 real, 1173.1 MB
[runlim] sample:		1368.6 time, 1450.3 real, 1190.9 MB
[runlim] sample:		1377.9 time, 1460.3 real, 1191.2 MB
[runlim] sample:		1387.2 time, 1470.3 real, 1196.6 MB
[runlim] sample:		1396.5 time, 1480.3 real, 1204.0 MB
[runlim] sample:		1405.7 time, 1490.3 real, 1210.8 MB
[runlim] sample:		1415.1 time, 1500.3 real, 1218.5 MB
[runlim] sample:		1424.3 time, 1510.3 real, 1227.8 MB
[runlim] sample:		1434.1 time, 1520.3 real, 1235.8 MB
[runlim] sample:		1444.1 time, 1530.3 real, 1244.5 MB
[runlim] sample:		1454.1 time, 1540.3 real, 1253.5 MB
[runlim] sample:		1464.1 time, 1550.3 real, 1262.3 MB
[runlim] sample:		1474.1 time, 1560.3 real, 1270.6 MB
[runlim] sample:		1483.7 time, 1570.3 real, 1278.8 MB
[runlim] sample:		1493.0 time, 1580.3 real, 1287.3 MB
[runlim] sample:		1502.6 time, 1590.3 real, 1295.3 MB
[runlim] sample:		1512.6 time, 1600.3 real, 1303.8 MB
[runlim] sample:		1522.6 time, 1610.3 real, 1315.7 MB
[runlim] sample:		1532.6 time, 1620.3 real, 1323.4 MB
[runlim] sample:		1542.6 time, 1630.3 real, 1330.4 MB
[runlim] sample:		1552.6 time, 1640.3 real, 1338.4 MB
[runlim] sample:		1562.6 time, 1650.3 real, 1346.6 MB
[runlim] sample:		1572.6 time, 1660.3 real, 1354.1 MB
[runlim] sample:		1582.4 time, 1670.3 real, 1372.4 MB
[runlim] sample:		1591.7 time, 1680.3 real, 1376.8 MB
[runlim] sample:		1601.5 time, 1690.3 real, 1384.3 MB
[runlim] sample:		1611.5 time, 1700.3 real, 1391.7 MB
[runlim] sample:		1620.8 time, 1710.3 real, 1399.0 MB
[runlim] sample:		1630.0 time, 1720.3 real, 1406.9 MB
[runlim] sample:		1639.8 time, 1730.3 real, 1413.4 MB
[runlim] sample:		1649.8 time, 1740.3 real, 1413.6 MB
[runlim] sample:		1659.8 time, 1750.3 real, 1413.9 MB
[runlim] sample:		1669.6 time, 1760.3 real, 1414.7 MB
[runlim] sample:		1679.6 time, 1770.3 real, 1422.2 MB
[runlim] sample:		1689.6 time, 1780.3 real, 1429.6 MB
[runlim] sample:		1699.6 time, 1790.3 real, 1437.6 MB
[runlim] sample:		1709.6 time, 1800.3 real, 1445.1 MB
[runlim] sample:		1719.6 time, 1810.3 real, 1452.8 MB
[runlim] sample:		1729.6 time, 1820.3 real, 1460.6 MB
[runlim] sample:		1739.2 time, 1830.3 real, 1467.5 MB
[runlim] sample:		1749.1 time, 1840.3 real, 1475.5 MB
[runlim] sample:		1758.9 time, 1850.3 real, 1482.7 MB
[runlim] sample:		1768.1 time, 1860.3 real, 1491.0 MB
[runlim] sample:		1777.4 time, 1870.3 real, 1498.7 MB
[runlim] sample:		1786.4 time, 1880.3 real, 1505.9 MB
[runlim] sample:		1795.7 time, 1890.3 real, 1513.4 MB
[runlim] sample:		1805.0 time, 1900.3 real, 1520.9 MB
[runlim] sample:		1814.3 time, 1910.3 real, 1528.4 MB
[runlim] sample:		1823.8 time, 1920.3 real, 1535.6 MB
[runlim] sample:		1833.4 time, 1930.3 real, 1543.8 MB
[runlim] sample:		1842.5 time, 1940.3 real, 1550.3 MB
[runlim] sample:		1851.5 time, 1950.3 real, 1557.5 MB
[runlim] sample:		1860.5 time, 1960.3 real, 1564.2 MB
[runlim] sample:		1869.5 time, 1970.3 real, 1571.2 MB
[runlim] sample:		1878.5 time, 1980.3 real, 1578.1 MB
[runlim] sample:		1887.5 time, 1990.3 real, 1584.8 MB
[runlim] sample:		1896.5 time, 2000.3 real, 1592.1 MB
[runlim] sample:		1905.6 time, 2010.3 real, 1599.5 MB
[runlim] sample:		1914.7 time, 2020.3 real, 1606.8 MB
[runlim] sample:		1923.9 time, 2030.3 real, 1614.0 MB
[runlim] sample:		1933.1 time, 2040.3 real, 1621.7 MB
[runlim] sample:		1942.2 time, 2050.3 real, 1629.7 MB
[runlim] sample:		1951.5 time, 2060.3 real, 1668.6 MB
[runlim] sample:		1961.2 time, 2070.3 real, 1685.4 MB
[runlim] sample:		1970.8 time, 2080.3 real, 1685.6 MB
[runlim] sample:		1980.5 time, 2090.3 real, 1685.9 MB
[runlim] sample:		1990.2 time, 2100.3 real, 1694.1 MB
[runlim] sample:		1999.8 time, 2110.3 real, 1701.9 MB
[runlim] sample:		2009.5 time, 2120.3 real, 1709.6 MB
[runlim] sample:		2019.2 time, 2130.3 real, 1717.9 MB
[runlim] sample:		2028.8 time, 2140.3 real, 1725.9 MB
[runlim] sample:		2038.5 time, 2150.3 real, 1733.6 MB
[runlim] sample:		2047.7 time, 2160.3 real, 1740.8 MB
[runlim] sample:		2056.6 time, 2170.3 real, 1747.8 MB
[runlim] sample:		2066.2 time, 2180.3 real, 1755.5 MB
[runlim] sample:		2075.5 time, 2190.3 real, 1763.0 MB
[runlim] sample:		2085.5 time, 2200.3 real, 1771.5 MB
[runlim] sample:		2095.4 time, 2210.3 real, 1779.7 MB
[runlim] sample:		2104.5 time, 2220.3 real, 1787.0 MB
[runlim] sample:		2113.8 time, 2230.3 real, 1795.0 MB
[runlim] sample:		2123.8 time, 2240.3 real, 1802.4 MB
[runlim] sample:		2132.9 time, 2250.3 real, 1820.2 MB
[runlim] sample:		2142.6 time, 2260.3 real, 1825.9 MB
[runlim] sample:		2152.6 time, 2270.3 real, 1834.4 MB
[runlim] sample:		2162.6 time, 2280.3 real, 1868.2 MB
[runlim] sample:		2172.6 time, 2290.3 real, 1873.8 MB
[runlim] sample:		2182.4 time, 2300.3 real, 1880.8 MB
[runlim] sample:		2191.8 time, 2310.3 real, 1887.5 MB
[runlim] sample:		2201.5 time, 2320.3 real, 1887.8 MB
[runlim] sample:		2211.1 time, 2330.3 real, 1888.0 MB
[runlim] sample:		2220.8 time, 2340.3 real, 1888.3 MB
[runlim] sample:		2230.8 time, 2350.3 real, 1910.7 MB
[runlim] sample:		2240.8 time, 2360.3 real, 1919.2 MB
[runlim] sample:		2250.8 time, 2370.3 real, 1927.5 MB
[runlim] sample:		2260.8 time, 2380.3 real, 1935.5 MB
[runlim] sample:		2270.8 time, 2390.3 real, 1943.7 MB
[runlim] sample:		2280.8 time, 2400.3 real, 1952.0 MB
[runlim] sample:		2290.8 time, 2410.3 real, 1960.0 MB
[runlim] sample:		2300.8 time, 2420.3 real, 1972.8 MB
[runlim] sample:		2310.8 time, 2430.3 real, 1979.6 MB
[runlim] sample:		2320.8 time, 2440.3 real, 1987.5 MB
[runlim] sample:		2330.8 time, 2450.3 real, 1995.3 MB
[runlim] sample:		2340.8 time, 2460.3 real, 2003.8 MB
[runlim] sample:		2350.5 time, 2470.3 real, 2011.8 MB
[runlim] sample:		2360.2 time, 2480.3 real, 2019.5 MB
[runlim] sample:		2369.8 time, 2490.3 real, 2027.8 MB
[runlim] sample:		2379.2 time, 2500.3 real, 2035.5 MB
[runlim] sample:		2388.3 time, 2510.3 real, 2043.2 MB
[runlim] sample:		2397.5 time, 2520.3 real, 2051.0 MB
[runlim] sample:		2406.5 time, 2530.3 real, 2057.7 MB
[runlim] sample:		2415.9 time, 2540.3 real, 2065.1 MB
[runlim] sample:		2425.2 time, 2550.3 real, 2072.1 MB
[runlim] sample:		2434.6 time, 2560.3 real, 2079.8 MB
[runlim] sample:		2443.7 time, 2570.3 real, 2087.1 MB
[runlim] sample:		2453.0 time, 2580.3 real, 2094.8 MB
[runlim] sample:		2462.4 time, 2590.3 real, 2101.8 MB
[runlim] sample:		2471.4 time, 2600.3 real, 2109.0 MB
[runlim] sample:		2481.4 time, 2610.3 real, 2117.5 MB
[runlim] sample:		2491.4 time, 2620.3 real, 2126.2 MB
[runlim] sample:		2500.8 time, 2630.3 real, 2134.0 MB
[runlim] sample:		2510.1 time, 2640.3 real, 2142.0 MB
[runlim] sample:		2519.4 time, 2650.3 real, 2149.4 MB
[runlim] sample:		2528.8 time, 2660.3 real, 2157.7 MB
[runlim] sample:		2538.8 time, 2670.3 real, 2165.7 MB
[runlim] sample:		2548.7 time, 2680.3 real, 2174.2 MB
[runlim] sample:		2558.0 time, 2690.3 real, 2181.9 MB
[runlim] sample:		2567.9 time, 2700.3 real, 2191.2 MB
[runlim] sample:		2577.9 time, 2710.3 real, 2207.2 MB
[runlim] sample:		2587.8 time, 2720.3 real, 2208.7 MB
[runlim] sample:		2597.1 time, 2730.3 real, 2216.5 MB
[runlim] sample:		2606.4 time, 2740.3 real, 2225.0 MB
[runlim] sample:		2615.8 time, 2750.3 real, 2232.7 MB
[runlim] sample:		2625.1 time, 2760.3 real, 2240.7 MB
[runlim] sample:		2634.5 time, 2770.3 real, 2249.2 MB
[runlim] sample:		2644.1 time, 2780.3 real, 2257.2 MB
[runlim] sample:		2653.4 time, 2790.3 real, 2265.2 MB
[runlim] sample:		2663.3 time, 2800.3 real, 2273.5 MB
[runlim] sample:		2673.3 time, 2810.3 real, 2282.2 MB
[runlim] sample:		2683.3 time, 2820.3 real, 2289.7 MB
[runlim] sample:		2692.9 time, 2830.3 real, 2297.4 MB
[runlim] sample:		2702.6 time, 2840.3 real, 2305.2 MB
[runlim] sample:		2712.1 time, 2850.3 real, 2330.2 MB
[runlim] sample:		2721.7 time, 2860.3 real, 2330.4 MB
[runlim] sample:		2731.7 time, 2870.3 real, 2330.6 MB
[runlim] sample:		2741.7 time, 2880.3 real, 2330.9 MB
[runlim] sample:		2751.7 time, 2890.3 real, 2331.1 MB
[runlim] sample:		2761.0 time, 2900.3 real, 2334.7 MB
[runlim] sample:		2770.3 time, 2910.3 real, 2342.0 MB
[runlim] sample:		2779.5 time, 2920.3 real, 2349.7 MB
[runlim] sample:		2788.7 time, 2930.3 real, 2357.2 MB
[runlim] sample:		2798.1 time, 2940.3 real, 2364.4 MB
[runlim] sample:		2807.2 time, 2950.3 real, 2371.9 MB
[runlim] sample:		2816.5 time, 2960.3 real, 2378.8 MB
[runlim] sample:		2825.8 time, 2970.3 real, 2386.6 MB
[runlim] sample:		2835.6 time, 2980.3 real, 2394.8 MB
[runlim] sample:		2845.6 time, 2990.3 real, 2403.6 MB
[runlim] sample:		2855.6 time, 3000.3 real, 2412.6 MB
[runlim] sample:		2865.6 time, 3010.3 real, 2421.6 MB
[runlim] sample:		2875.6 time, 3020.3 real, 2434.2 MB
[runlim] sample:		2885.1 time, 3030.3 real, 2441.5 MB
[runlim] sample:		2894.4 time, 3040.3 real, 2449.5 MB
[runlim] sample:		2903.4 time, 3050.3 real, 2456.4 MB
[runlim] sample:		2912.5 time, 3060.3 real, 2464.2 MB
[runlim] sample:		2921.8 time, 3070.3 real, 2471.4 MB
[runlim] sample:		2930.8 time, 3080.3 real, 2478.9 MB
[runlim] sample:		2939.8 time, 3090.3 real, 2486.1 MB
[runlim] sample:		2948.9 time, 3100.3 real, 2493.3 MB
[runlim] sample:		2957.9 time, 3110.3 real, 2499.7 MB
[runlim] sample:		2966.9 time, 3120.3 real, 2506.7 MB
[runlim] sample:		2975.9 time, 3130.3 real, 2513.1 MB
[runlim] sample:		2985.3 time, 3140.3 real, 2521.4 MB
[runlim] sample:		2994.7 time, 3150.3 real, 2529.1 MB
[runlim] sample:		3004.1 time, 3160.3 real, 2536.6 MB
[runlim] sample:		3014.1 time, 3170.3 real, 2545.6 MB
[runlim] sample:		3024.1 time, 3180.3 real, 2554.1 MB
[runlim] sample:		3034.1 time, 3190.3 real, 2563.2 MB
[runlim] sample:		3044.1 time, 3200.3 real, 2571.7 MB
[runlim] sample:		3054.1 time, 3210.3 real, 2580.2 MB
[runlim] sample:		3063.8 time, 3220.3 real, 2589.2 MB
[runlim] sample:		3073.8 time, 3230.3 real, 2597.7 MB
[runlim] sample:		3083.8 time, 3240.3 real, 2606.5 MB
[runlim] sample:		3093.8 time, 3250.3 real, 2615.2 MB
[runlim] sample:		3103.8 time, 3260.3 real, 2623.7 MB
[runlim] sample:		3113.8 time, 3270.3 real, 2632.8 MB
[runlim] sample:		3123.8 time, 3280.3 real, 2641.5 MB
[runlim] sample:		3133.8 time, 3290.3 real, 2650.3 MB
[runlim] sample:		3143.5 time, 3300.3 real, 2657.5 MB
[runlim] sample:		3152.9 time, 3310.3 real, 2665.0 MB
[runlim] sample:		3162.3 time, 3320.3 real, 2672.0 MB
[runlim] sample:		3171.4 time, 3330.3 real, 2679.2 MB
[runlim] sample:		3180.5 time, 3340.3 real, 2686.4 MB
[runlim] sample:		3189.6 time, 3350.3 real, 2694.1 MB
[runlim] sample:		3199.5 time, 3360.3 real, 2702.4 MB
[runlim] sample:		3209.5 time, 3370.3 real, 2727.6 MB
[runlim] sample:		3219.4 time, 3380.3 real, 2736.1 MB
[runlim] sample:		3229.5 time, 3390.3 real, 2745.3 MB
[runlim] sample:		3239.4 time, 3400.3 real, 2753.6 MB
[runlim] sample:		3249.4 time, 3410.3 real, 2761.1 MB
[runlim] sample:		3259.4 time, 3420.3 real, 2762.9 MB
[runlim] sample:		3269.4 time, 3430.3 real, 2763.1 MB
[runlim] sample:		3279.4 time, 3440.3 real, 2763.4 MB
[runlim] sample:		3289.4 time, 3450.3 real, 2767.8 MB
[runlim] sample:		3299.4 time, 3460.3 real, 2776.0 MB
[runlim] sample:		3308.7 time, 3470.3 real, 2783.8 MB
[runlim] sample:		3318.0 time, 3480.3 real, 2791.0 MB
[runlim] sample:		3327.3 time, 3490.3 real, 2799.0 MB
[runlim] sample:		3336.7 time, 3500.3 real, 2805.9 MB
[runlim] sample:		3346.3 time, 3510.3 real, 2813.9 MB
[runlim] sample:		3355.6 time, 3520.3 real, 2821.1 MB
[runlim] sample:		3364.9 time, 3530.3 real, 2828.6 MB
[runlim] sample:		3374.0 time, 3540.3 real, 2835.1 MB
[runlim] sample:		3384.0 time, 3550.3 real, 2843.1 MB
[runlim] sample:		3394.0 time, 3560.3 real, 2850.8 MB
[runlim] sample:		3404.0 time, 3570.3 real, 2858.0 MB
[runlim] sample:		3414.0 time, 3580.3 real, 2865.7 MB
[runlim] sample:		3424.0 time, 3590.3 real, 2873.0 MB
[runlim] sample:		3434.0 time, 3600.3 real, 2887.9 MB
[runlim] sample:		3444.0 time, 3610.3 real, 2892.8 MB
[runlim] sample:		3454.0 time, 3620.3 real, 2900.8 MB
[runlim] sample:		3464.0 time, 3630.3 real, 2909.1 MB
[runlim] sample:		3474.0 time, 3640.3 real, 2916.5 MB
[runlim] sample:		3484.0 time, 3650.3 real, 2924.0 MB
[runlim] sample:		3494.0 time, 3660.3 real, 2931.5 MB
[runlim] sample:		3504.0 time, 3670.3 real, 2938.7 MB
[runlim] sample:		3514.0 time, 3680.3 real, 2946.7 MB
[runlim] sample:		3524.0 time, 3690.3 real, 2953.9 MB
[runlim] sample:		3533.5 time, 3700.3 real, 2961.4 MB
[runlim] sample:		3542.7 time, 3710.3 real, 2967.8 MB
[runlim] sample:		3552.7 time, 3720.3 real, 2975.8 MB
[runlim] sample:		3562.7 time, 3730.3 real, 2983.1 MB
[runlim] sample:		3572.0 time, 3740.3 real, 2990.3 MB
[runlim] sample:		3581.1 time, 3750.3 real, 2996.7 MB
[runlim] sample:		3591.1 time, 3760.3 real, 3004.7 MB
CVC4 interrupted by SIGTERM.
[runlim] end:			Thu Feb 14 01:56:43 2019
[runlim] status:		out of time
[runlim] result:		2
[runlim] children:		0
[runlim] real:			3769.32 seconds
[runlim] time:			3600.11 seconds
[runlim] space:			3010.9 MB
[runlim] samples:		37690
