[runlim] version:		1.10fixed
[runlim] time limit:		3600 seconds
[runlim] real time limit:	311040000 seconds
[runlim] space limit:		4000 MB
[runlim] argv[0]:		./cvc4
[runlim] argv[1]:		--nl-ext-tplanes
[runlim] argv[2]:		--fmf-fun-rlv
[runlim] argv[3]:		/tmp/v2bzu3RI.smt2
[runlim] start:			Wed Jan 23 19:22:34 2019
[runlim] main pid:		4662
[runlim] sample:		9.1 time, 10.9 real, 139.2 MB
[runlim] sample:		18.2 time, 20.9 real, 218.8 MB
[runlim] sample:		27.2 time, 30.9 real, 292.2 MB
[runlim] sample:		36.4 time, 40.9 real, 330.7 MB
[runlim] sample:		46.1 time, 50.9 real, 367.3 MB
[runlim] sample:		56.0 time, 60.9 real, 372.2 MB
[runlim] sample:		65.9 time, 70.9 real, 406.4 MB
[runlim] sample:		75.0 time, 80.9 real, 407.0 MB
[runlim] sample:		84.5 time, 90.9 real, 408.5 MB
[runlim] sample:		94.5 time, 100.9 real, 426.6 MB
[runlim] sample:		104.5 time, 110.9 real, 434.0 MB
[runlim] sample:		114.5 time, 120.9 real, 439.7 MB
[runlim] sample:		124.5 time, 130.9 real, 446.4 MB
[runlim] sample:		134.5 time, 140.9 real, 520.1 MB
[runlim] sample:		144.5 time, 150.9 real, 525.5 MB
[runlim] sample:		154.5 time, 160.9 real, 528.3 MB
[runlim] sample:		164.2 time, 170.9 real, 528.3 MB
[runlim] sample:		173.7 time, 180.9 real, 528.3 MB
[runlim] sample:		183.7 time, 190.9 real, 528.3 MB
[runlim] sample:		193.7 time, 200.9 real, 528.3 MB
[runlim] sample:		203.6 time, 210.9 real, 528.6 MB
[runlim] sample:		213.0 time, 220.9 real, 528.8 MB
[runlim] sample:		222.4 time, 230.9 real, 528.8 MB
[runlim] sample:		231.8 time, 240.9 real, 528.8 MB
[runlim] sample:		241.2 time, 250.9 real, 528.8 MB
[runlim] sample:		250.6 time, 260.9 real, 528.8 MB
[runlim] sample:		260.0 time, 270.9 real, 528.8 MB
[runlim] sample:		269.4 time, 280.9 real, 528.8 MB
[runlim] sample:		279.3 time, 290.9 real, 529.1 MB
[runlim] sample:		288.7 time, 300.9 real, 529.1 MB
[runlim] sample:		298.3 time, 310.9 real, 529.1 MB
[runlim] sample:		308.3 time, 320.9 real, 529.1 MB
[runlim] sample:		318.3 time, 330.9 real, 529.1 MB
[runlim] sample:		328.3 time, 340.9 real, 529.1 MB
[runlim] sample:		338.3 time, 350.9 real, 529.1 MB
[runlim] sample:		348.3 time, 360.9 real, 529.1 MB
[runlim] sample:		358.3 time, 370.9 real, 529.1 MB
[runlim] sample:		368.3 time, 380.9 real, 529.1 MB
[runlim] sample:		378.2 time, 390.9 real, 529.6 MB
[runlim] sample:		387.6 time, 400.9 real, 529.6 MB
[runlim] sample:		397.0 time, 410.9 real, 538.6 MB
[runlim] sample:		406.4 time, 420.9 real, 552.8 MB
[runlim] sample:		416.3 time, 430.9 real, 558.5 MB
[runlim] sample:		426.3 time, 440.9 real, 560.0 MB
[runlim] sample:		436.2 time, 450.9 real, 560.0 MB
[runlim] sample:		445.6 time, 460.9 real, 560.0 MB
[runlim] sample:		454.9 time, 470.9 real, 560.0 MB
[runlim] sample:		464.3 time, 480.9 real, 560.0 MB
[runlim] sample:		474.1 time, 490.9 real, 560.3 MB
[runlim] sample:		484.1 time, 500.9 real, 560.5 MB
[runlim] sample:		494.1 time, 510.9 real, 560.8 MB
[runlim] sample:		504.1 time, 520.9 real, 561.3 MB
[runlim] sample:		514.1 time, 530.9 real, 561.3 MB
[runlim] sample:		523.8 time, 540.9 real, 561.3 MB
[runlim] sample:		533.1 time, 550.9 real, 561.3 MB
[runlim] sample:		542.9 time, 560.9 real, 561.3 MB
[runlim] sample:		552.9 time, 570.9 real, 561.3 MB
[runlim] sample:		562.3 time, 580.9 real, 561.3 MB
[runlim] sample:		571.6 time, 590.9 real, 561.3 MB
[runlim] sample:		581.4 time, 600.9 real, 561.3 MB
[runlim] sample:		591.3 time, 610.9 real, 561.3 MB
[runlim] sample:		600.6 time, 620.9 real, 561.3 MB
[runlim] sample:		610.2 time, 630.9 real, 561.3 MB
[runlim] sample:		620.2 time, 640.9 real, 561.3 MB
[runlim] sample:		630.2 time, 650.9 real, 561.3 MB
[runlim] sample:		640.2 time, 660.9 real, 566.7 MB
[runlim] sample:		650.2 time, 670.9 real, 566.7 MB
[runlim] sample:		660.2 time, 680.9 real, 566.7 MB
[runlim] sample:		670.2 time, 690.9 real, 567.0 MB
[runlim] sample:		680.2 time, 700.9 real, 567.0 MB
[runlim] sample:		690.2 time, 710.9 real, 567.0 MB
[runlim] sample:		700.2 time, 720.9 real, 567.0 MB
[runlim] sample:		710.2 time, 730.9 real, 567.0 MB
[runlim] sample:		719.6 time, 740.9 real, 567.0 MB
[runlim] sample:		728.9 time, 750.9 real, 567.0 MB
[runlim] sample:		738.3 time, 760.9 real, 567.0 MB
[runlim] sample:		748.3 time, 770.9 real, 567.0 MB
[runlim] sample:		757.7 time, 780.9 real, 567.0 MB
[runlim] sample:		767.0 time, 790.9 real, 567.0 MB
[runlim] sample:		776.4 time, 800.9 real, 567.0 MB
[runlim] sample:		785.8 time, 810.9 real, 567.0 MB
[runlim] sample:		795.2 time, 820.9 real, 567.0 MB
[runlim] sample:		804.6 time, 830.9 real, 567.0 MB
[runlim] sample:		814.3 time, 840.9 real, 567.0 MB
[runlim] sample:		824.3 time, 850.9 real, 567.0 MB
[runlim] sample:		834.3 time, 860.9 real, 567.2 MB
[runlim] sample:		844.3 time, 870.9 real, 567.2 MB
[runlim] sample:		853.8 time, 880.9 real, 567.2 MB
[runlim] sample:		863.2 time, 890.9 real, 567.2 MB
[runlim] sample:		872.6 time, 900.9 real, 567.2 MB
[runlim] sample:		881.9 time, 910.9 real, 567.2 MB
[runlim] sample:		891.7 time, 920.9 real, 567.2 MB
[runlim] sample:		901.7 time, 930.9 real, 567.2 MB
[runlim] sample:		911.6 time, 940.9 real, 567.2 MB
[runlim] sample:		921.0 time, 950.9 real, 567.2 MB
[runlim] sample:		930.4 time, 960.9 real, 568.5 MB
[runlim] sample:		939.8 time, 970.9 real, 575.0 MB
[runlim] sample:		949.2 time, 980.9 real, 581.4 MB
[runlim] sample:		958.5 time, 990.9 real, 587.3 MB
[runlim] sample:		967.9 time, 1000.9 real, 593.3 MB
[runlim] sample:		977.5 time, 1010.9 real, 599.2 MB
[runlim] sample:		987.5 time, 1020.9 real, 603.6 MB
[runlim] sample:		997.4 time, 1030.9 real, 603.8 MB
[runlim] sample:		1006.8 time, 1040.9 real, 603.8 MB
[runlim] sample:		1016.2 time, 1050.9 real, 603.8 MB
[runlim] sample:		1025.5 time, 1060.9 real, 603.8 MB
[runlim] sample:		1034.9 time, 1070.9 real, 603.8 MB
[runlim] sample:		1044.5 time, 1080.9 real, 603.8 MB
[runlim] sample:		1053.9 time, 1090.9 real, 603.8 MB
[runlim] sample:		1063.2 time, 1100.9 real, 605.9 MB
[runlim] sample:		1072.6 time, 1110.9 real, 606.2 MB
[runlim] sample:		1082.1 time, 1120.9 real, 606.2 MB
[runlim] sample:		1091.5 time, 1130.9 real, 606.2 MB
[runlim] sample:		1101.0 time, 1140.9 real, 606.2 MB
[runlim] sample:		1110.3 time, 1150.9 real, 606.2 MB
[runlim] sample:		1120.0 time, 1160.9 real, 606.2 MB
[runlim] sample:		1129.6 time, 1170.9 real, 606.2 MB
[runlim] sample:		1139.2 time, 1180.9 real, 606.2 MB
[runlim] sample:		1148.8 time, 1190.9 real, 608.7 MB
[runlim] sample:		1158.3 time, 1200.9 real, 612.4 MB
[runlim] sample:		1167.8 time, 1210.9 real, 618.0 MB
[runlim] sample:		1177.2 time, 1220.9 real, 622.1 MB
[runlim] sample:		1186.8 time, 1230.9 real, 625.2 MB
[runlim] sample:		1196.2 time, 1240.9 real, 628.9 MB
[runlim] sample:		1205.7 time, 1250.9 real, 631.9 MB
[runlim] sample:		1215.1 time, 1260.9 real, 636.1 MB
[runlim] sample:		1224.5 time, 1270.9 real, 637.6 MB
[runlim] sample:		1234.0 time, 1280.9 real, 638.6 MB
[runlim] sample:		1243.6 time, 1290.9 real, 638.6 MB
[runlim] sample:		1253.2 time, 1300.9 real, 638.6 MB
[runlim] sample:		1262.6 time, 1310.9 real, 638.6 MB
[runlim] sample:		1272.0 time, 1320.9 real, 638.6 MB
[runlim] sample:		1281.6 time, 1330.9 real, 638.6 MB
[runlim] sample:		1291.3 time, 1340.9 real, 638.6 MB
[runlim] sample:		1301.0 time, 1350.9 real, 638.6 MB
[runlim] sample:		1310.5 time, 1360.9 real, 638.6 MB
[runlim] sample:		1320.1 time, 1370.9 real, 638.6 MB
[runlim] sample:		1329.6 time, 1380.9 real, 640.5 MB
[runlim] sample:		1339.1 time, 1390.9 real, 640.7 MB
[runlim] sample:		1348.7 time, 1400.9 real, 640.7 MB
[runlim] sample:		1358.1 time, 1410.9 real, 640.7 MB
[runlim] sample:		1367.7 time, 1420.9 real, 640.7 MB
[runlim] sample:		1376.9 time, 1430.9 real, 640.7 MB
[runlim] sample:		1386.6 time, 1440.9 real, 640.7 MB
[runlim] sample:		1395.3 time, 1450.9 real, 640.7 MB
[runlim] sample:		1403.7 time, 1460.9 real, 640.7 MB
[runlim] sample:		1411.9 time, 1470.9 real, 640.7 MB
[runlim] sample:		1421.0 time, 1480.9 real, 641.0 MB
[runlim] sample:		1429.7 time, 1490.9 real, 643.8 MB
[runlim] sample:		1438.6 time, 1500.9 real, 646.4 MB
[runlim] sample:		1448.2 time, 1510.9 real, 649.2 MB
[runlim] sample:		1458.0 time, 1520.9 real, 652.3 MB
[runlim] sample:		1468.0 time, 1530.9 real, 655.4 MB
[runlim] sample:		1478.0 time, 1540.9 real, 658.0 MB
[runlim] sample:		1487.9 time, 1550.9 real, 660.8 MB
[runlim] sample:		1497.2 time, 1560.9 real, 663.4 MB
[runlim] sample:		1506.5 time, 1570.9 real, 666.5 MB
[runlim] sample:		1515.9 time, 1580.9 real, 669.8 MB
[runlim] sample:		1525.1 time, 1590.9 real, 671.6 MB
[runlim] sample:		1533.6 time, 1600.9 real, 671.6 MB
[runlim] sample:		1541.8 time, 1610.9 real, 671.6 MB
[runlim] sample:		1550.9 time, 1620.9 real, 671.6 MB
[runlim] sample:		1559.9 time, 1630.9 real, 671.6 MB
[runlim] sample:		1568.8 time, 1640.9 real, 671.6 MB
[runlim] sample:		1578.5 time, 1650.9 real, 671.6 MB
[runlim] sample:		1588.0 time, 1660.9 real, 671.6 MB
[runlim] sample:		1597.6 time, 1670.9 real, 671.6 MB
[runlim] sample:		1607.3 time, 1680.9 real, 671.6 MB
[runlim] sample:		1617.0 time, 1690.9 real, 671.6 MB
[runlim] sample:		1626.7 time, 1700.9 real, 671.6 MB
[runlim] sample:		1636.1 time, 1710.9 real, 671.6 MB
[runlim] sample:		1645.4 time, 1720.9 real, 671.6 MB
[runlim] sample:		1655.3 time, 1730.9 real, 671.6 MB
[runlim] sample:		1665.3 time, 1740.9 real, 674.0 MB
[runlim] sample:		1675.3 time, 1750.9 real, 674.2 MB
[runlim] sample:		1685.3 time, 1760.9 real, 675.0 MB
[runlim] sample:		1695.1 time, 1770.9 real, 675.3 MB
[runlim] sample:		1704.5 time, 1780.9 real, 675.3 MB
[runlim] sample:		1713.8 time, 1790.9 real, 675.3 MB
[runlim] sample:		1723.4 time, 1800.9 real, 675.3 MB
[runlim] sample:		1732.8 time, 1810.9 real, 675.3 MB
[runlim] sample:		1742.5 time, 1820.9 real, 675.3 MB
[runlim] sample:		1752.0 time, 1830.9 real, 675.3 MB
[runlim] sample:		1761.4 time, 1840.9 real, 675.3 MB
[runlim] sample:		1771.0 time, 1850.9 real, 675.3 MB
[runlim] sample:		1780.5 time, 1860.9 real, 675.3 MB
[runlim] sample:		1790.2 time, 1870.9 real, 677.8 MB
[runlim] sample:		1799.9 time, 1880.9 real, 681.2 MB
[runlim] sample:		1809.6 time, 1890.9 real, 684.5 MB
[runlim] sample:		1819.2 time, 1900.9 real, 687.6 MB
[runlim] sample:		1828.6 time, 1910.9 real, 690.7 MB
[runlim] sample:		1838.0 time, 1920.9 real, 693.6 MB
[runlim] sample:		1847.6 time, 1930.9 real, 696.7 MB
[runlim] sample:		1856.9 time, 1940.9 real, 699.7 MB
[runlim] sample:		1866.4 time, 1950.9 real, 702.8 MB
[runlim] sample:		1876.3 time, 1960.9 real, 706.4 MB
[runlim] sample:		1886.3 time, 1970.9 real, 710.6 MB
[runlim] sample:		1896.3 time, 1980.9 real, 714.4 MB
[runlim] sample:		1906.1 time, 1990.9 real, 715.2 MB
[runlim] sample:		1915.4 time, 2000.9 real, 715.2 MB
[runlim] sample:		1924.8 time, 2010.9 real, 715.2 MB
[runlim] sample:		1934.8 time, 2020.9 real, 715.2 MB
[runlim] sample:		1944.8 time, 2030.9 real, 715.2 MB
[runlim] sample:		1954.2 time, 2040.9 real, 715.2 MB
[runlim] sample:		1963.8 time, 2050.9 real, 715.2 MB
[runlim] sample:		1973.3 time, 2060.9 real, 715.2 MB
[runlim] sample:		1982.7 time, 2070.9 real, 715.2 MB
[runlim] sample:		1992.3 time, 2080.9 real, 715.2 MB
[runlim] sample:		2001.7 time, 2090.9 real, 715.2 MB
[runlim] sample:		2011.3 time, 2100.9 real, 715.2 MB
[runlim] sample:		2020.9 time, 2110.9 real, 715.2 MB
[runlim] sample:		2030.4 time, 2120.9 real, 715.2 MB
[runlim] sample:		2039.9 time, 2130.9 real, 715.2 MB
[runlim] sample:		2049.3 time, 2140.9 real, 715.2 MB
[runlim] sample:		2058.7 time, 2150.9 real, 715.2 MB
[runlim] sample:		2068.2 time, 2160.9 real, 715.2 MB
[runlim] sample:		2077.6 time, 2170.9 real, 716.0 MB
[runlim] sample:		2087.3 time, 2180.9 real, 716.8 MB
[runlim] sample:		2096.9 time, 2190.9 real, 717.0 MB
[runlim] sample:		2106.5 time, 2200.9 real, 717.0 MB
[runlim] sample:		2116.0 time, 2210.9 real, 717.0 MB
[runlim] sample:		2125.6 time, 2220.9 real, 717.0 MB
[runlim] sample:		2135.2 time, 2230.9 real, 717.0 MB
[runlim] sample:		2144.7 time, 2240.9 real, 717.0 MB
[runlim] sample:		2154.1 time, 2250.9 real, 717.0 MB
[runlim] sample:		2163.7 time, 2260.9 real, 717.0 MB
[runlim] sample:		2173.2 time, 2270.9 real, 717.0 MB
[runlim] sample:		2182.6 time, 2280.9 real, 717.0 MB
[runlim] sample:		2192.2 time, 2290.9 real, 717.0 MB
[runlim] sample:		2201.6 time, 2300.9 real, 717.0 MB
[runlim] sample:		2211.0 time, 2310.9 real, 719.6 MB
[runlim] sample:		2220.4 time, 2320.9 real, 722.4 MB
[runlim] sample:		2230.1 time, 2330.9 real, 725.5 MB
[runlim] sample:		2240.1 time, 2340.9 real, 728.9 MB
[runlim] sample:		2249.8 time, 2350.9 real, 731.7 MB
[runlim] sample:		2259.8 time, 2360.9 real, 735.1 MB
[runlim] sample:		2269.8 time, 2370.9 real, 737.9 MB
[runlim] sample:		2279.7 time, 2380.9 real, 740.7 MB
[runlim] sample:		2289.2 time, 2390.9 real, 744.3 MB
[runlim] sample:		2298.6 time, 2400.9 real, 747.2 MB
[runlim] sample:		2308.3 time, 2410.9 real, 750.8 MB
[runlim] sample:		2318.2 time, 2420.9 real, 754.1 MB
[runlim] sample:		2328.2 time, 2430.9 real, 754.4 MB
[runlim] sample:		2337.9 time, 2440.9 real, 754.4 MB
[runlim] sample:		2347.5 time, 2450.9 real, 754.4 MB
[runlim] sample:		2357.2 time, 2460.9 real, 754.4 MB
[runlim] sample:		2366.8 time, 2470.9 real, 754.4 MB
[runlim] sample:		2376.2 time, 2480.9 real, 754.4 MB
[runlim] sample:		2385.9 time, 2490.9 real, 754.4 MB
[runlim] sample:		2395.5 time, 2500.9 real, 754.4 MB
[runlim] sample:		2405.1 time, 2510.9 real, 754.4 MB
[runlim] sample:		2414.8 time, 2520.9 real, 754.4 MB
[runlim] sample:		2424.3 time, 2530.9 real, 754.4 MB
[runlim] sample:		2433.9 time, 2540.9 real, 754.4 MB
[runlim] sample:		2443.5 time, 2550.9 real, 754.4 MB
[runlim] sample:		2453.1 time, 2560.9 real, 754.4 MB
[runlim] sample:		2462.8 time, 2570.9 real, 754.4 MB
[runlim] sample:		2472.4 time, 2580.9 real, 754.4 MB
[runlim] sample:		2481.8 time, 2590.9 real, 754.4 MB
[runlim] sample:		2491.2 time, 2600.9 real, 754.4 MB
[runlim] sample:		2500.6 time, 2610.9 real, 754.4 MB
[runlim] sample:		2509.9 time, 2620.9 real, 754.4 MB
[runlim] sample:		2519.3 time, 2630.9 real, 754.4 MB
[runlim] sample:		2528.6 time, 2640.9 real, 754.4 MB
[runlim] sample:		2538.5 time, 2650.9 real, 754.7 MB
[runlim] sample:		2548.5 time, 2660.9 real, 755.4 MB
[runlim] sample:		2558.5 time, 2670.9 real, 755.4 MB
[runlim] sample:		2568.5 time, 2680.9 real, 755.7 MB
[runlim] sample:		2577.9 time, 2690.9 real, 755.7 MB
[runlim] sample:		2587.8 time, 2700.9 real, 755.7 MB
[runlim] sample:		2597.7 time, 2710.9 real, 755.7 MB
[runlim] sample:		2607.0 time, 2720.9 real, 755.7 MB
[runlim] sample:		2616.4 time, 2730.9 real, 755.7 MB
[runlim] sample:		2626.0 time, 2740.9 real, 755.7 MB
[runlim] sample:		2635.7 time, 2750.9 real, 755.7 MB
[runlim] sample:		2645.2 time, 2760.9 real, 755.7 MB
[runlim] sample:		2654.6 time, 2770.9 real, 755.7 MB
[runlim] sample:		2664.1 time, 2780.9 real, 755.7 MB
[runlim] sample:		2673.7 time, 2790.9 real, 755.7 MB
[runlim] sample:		2683.2 time, 2800.9 real, 755.7 MB
[runlim] sample:		2692.8 time, 2810.9 real, 757.0 MB
[runlim] sample:		2702.1 time, 2820.9 real, 759.6 MB
[runlim] sample:		2711.5 time, 2830.9 real, 762.1 MB
[runlim] sample:		2721.2 time, 2840.9 real, 765.0 MB
[runlim] sample:		2730.6 time, 2850.9 real, 768.1 MB
[runlim] sample:		2740.0 time, 2860.9 real, 770.9 MB
[runlim] sample:		2749.6 time, 2870.9 real, 773.7 MB
[runlim] sample:		2759.2 time, 2880.9 real, 776.6 MB
[runlim] sample:		2769.0 time, 2890.9 real, 779.7 MB
[runlim] sample:		2778.9 time, 2900.9 real, 782.5 MB
[runlim] sample:		2788.3 time, 2910.9 real, 786.1 MB
[runlim] sample:		2797.7 time, 2920.9 real, 788.9 MB
[runlim] sample:		2807.2 time, 2930.9 real, 791.3 MB
[runlim] sample:		2816.6 time, 2940.9 real, 791.5 MB
[runlim] sample:		2826.6 time, 2950.9 real, 791.5 MB
[runlim] sample:		2836.6 time, 2960.9 real, 791.5 MB
[runlim] sample:		2846.5 time, 2970.9 real, 791.5 MB
[runlim] sample:		2856.5 time, 2980.9 real, 791.5 MB
[runlim] sample:		2866.3 time, 2990.9 real, 791.5 MB
[runlim] sample:		2876.3 time, 3000.9 real, 791.5 MB
[runlim] sample:		2886.3 time, 3010.9 real, 791.5 MB
[runlim] sample:		2896.3 time, 3020.9 real, 791.5 MB
[runlim] sample:		2906.3 time, 3030.9 real, 791.5 MB
[runlim] sample:		2916.3 time, 3040.9 real, 791.5 MB
[runlim] sample:		2926.2 time, 3050.9 real, 791.5 MB
[runlim] sample:		2935.6 time, 3060.9 real, 791.5 MB
[runlim] sample:		2945.0 time, 3070.9 real, 791.5 MB
[runlim] sample:		2954.8 time, 3080.9 real, 791.5 MB
[runlim] sample:		2964.3 time, 3090.9 real, 791.5 MB
[runlim] sample:		2974.3 time, 3100.9 real, 791.5 MB
[runlim] sample:		2984.3 time, 3110.9 real, 791.5 MB
[runlim] sample:		2994.3 time, 3120.9 real, 791.5 MB
[runlim] sample:		3004.3 time, 3130.9 real, 791.5 MB
[runlim] sample:		3014.3 time, 3140.9 real, 791.5 MB
[runlim] sample:		3024.3 time, 3150.9 real, 791.5 MB
[runlim] sample:		3034.3 time, 3160.9 real, 791.5 MB
[runlim] sample:		3044.3 time, 3170.9 real, 791.5 MB
[runlim] sample:		3054.3 time, 3180.9 real, 791.5 MB
[runlim] sample:		3064.3 time, 3190.9 real, 791.5 MB
[runlim] sample:		3074.2 time, 3200.9 real, 791.5 MB
[runlim] sample:		3084.2 time, 3210.9 real, 791.5 MB
[runlim] sample:		3094.2 time, 3220.9 real, 792.8 MB
[runlim] sample:		3104.2 time, 3230.9 real, 793.3 MB
[runlim] sample:		3114.0 time, 3240.9 real, 793.6 MB
[runlim] sample:		3123.4 time, 3250.9 real, 793.6 MB
[runlim] sample:		3132.8 time, 3260.9 real, 793.6 MB
[runlim] sample:		3142.3 time, 3270.9 real, 793.6 MB
[runlim] sample:		3151.8 time, 3280.9 real, 793.6 MB
[runlim] sample:		3161.1 time, 3290.9 real, 793.6 MB
[runlim] sample:		3170.5 time, 3300.9 real, 793.6 MB
[runlim] sample:		3180.1 time, 3310.9 real, 793.6 MB
[runlim] sample:		3189.7 time, 3320.9 real, 793.6 MB
[runlim] sample:		3199.3 time, 3330.9 real, 793.6 MB
[runlim] sample:		3208.8 time, 3340.9 real, 793.6 MB
[runlim] sample:		3218.2 time, 3350.9 real, 793.6 MB
[runlim] sample:		3227.8 time, 3360.9 real, 793.6 MB
[runlim] sample:		3237.3 time, 3370.9 real, 793.6 MB
[runlim] sample:		3247.0 time, 3380.9 real, 793.6 MB
[runlim] sample:		3256.7 time, 3390.9 real, 794.9 MB
[runlim] sample:		3266.2 time, 3400.9 real, 797.5 MB
[runlim] sample:		3275.8 time, 3410.9 real, 800.0 MB
[runlim] sample:		3285.3 time, 3420.9 real, 802.4 MB
[runlim] sample:		3294.7 time, 3430.9 real, 804.7 MB
[runlim] sample:		3304.1 time, 3440.9 real, 807.0 MB
[runlim] sample:		3313.4 time, 3450.9 real, 809.8 MB
[runlim] sample:		3322.8 time, 3460.9 real, 812.4 MB
[runlim] sample:		3332.2 time, 3470.9 real, 815.2 MB
[runlim] sample:		3341.5 time, 3480.9 real, 818.1 MB
[runlim] sample:		3351.0 time, 3490.9 real, 820.9 MB
[runlim] sample:		3360.6 time, 3500.9 real, 823.8 MB
[runlim] sample:		3370.0 time, 3510.9 real, 826.1 MB
[runlim] sample:		3379.5 time, 3520.9 real, 828.7 MB
[runlim] sample:		3389.3 time, 3530.9 real, 830.7 MB
[runlim] sample:		3399.3 time, 3540.9 real, 831.0 MB
[runlim] sample:		3409.3 time, 3550.9 real, 831.0 MB
[runlim] sample:		3419.2 time, 3560.9 real, 831.0 MB
[runlim] sample:		3428.6 time, 3570.9 real, 831.0 MB
[runlim] sample:		3437.9 time, 3580.9 real, 831.0 MB
[runlim] sample:		3447.3 time, 3590.9 real, 831.0 MB
[runlim] sample:		3456.7 time, 3600.9 real, 831.0 MB
[runlim] sample:		3466.2 time, 3610.9 real, 831.0 MB
[runlim] sample:		3476.2 time, 3620.9 real, 831.0 MB
[runlim] sample:		3485.8 time, 3630.9 real, 831.0 MB
[runlim] sample:		3495.5 time, 3640.9 real, 831.0 MB
[runlim] sample:		3504.9 time, 3650.9 real, 831.0 MB
[runlim] sample:		3514.6 time, 3660.9 real, 831.0 MB
[runlim] sample:		3524.0 time, 3670.9 real, 831.0 MB
[runlim] sample:		3533.8 time, 3680.9 real, 831.0 MB
[runlim] sample:		3543.8 time, 3690.9 real, 831.0 MB
[runlim] sample:		3553.8 time, 3700.9 real, 831.0 MB
[runlim] sample:		3563.8 time, 3710.9 real, 831.0 MB
[runlim] sample:		3573.7 time, 3720.9 real, 831.0 MB
[runlim] sample:		3583.4 time, 3730.9 real, 831.0 MB
[runlim] sample:		3592.5 time, 3740.9 real, 831.0 MB
CVC4 interrupted by SIGTERM.
[runlim] end:			Wed Jan 23 20:25:02 2019
[runlim] status:		out of time
[runlim] result:		2
[runlim] children:		0
[runlim] real:			3748.74 seconds
[runlim] time:			3600.10 seconds
[runlim] space:			831.0 MB
[runlim] samples:		37478
