[runlim] version:		1.10fixed
[runlim] time limit:		300 seconds
[runlim] real time limit:	311040000 seconds
[runlim] space limit:		4000 MB
[runlim] argv[0]:		./cvc4
[runlim] argv[1]:		--nl-ext-tplanes
[runlim] argv[2]:		--fmf-fun-rlv
[runlim] argv[3]:		/tmp/ohBFcsbx.smt2
[runlim] start:			Tue Jan 29 16:26:12 2019
[runlim] main pid:		21480
[runlim] sample:		8.7 time, 10.1 real, 156.0 MB
[runlim] sample:		17.5 time, 20.1 real, 227.7 MB
[runlim] sample:		26.5 time, 30.1 real, 316.0 MB
[runlim] sample:		35.5 time, 40.1 real, 360.8 MB
[runlim] sample:		44.8 time, 50.1 real, 366.0 MB
[runlim] sample:		54.4 time, 60.1 real, 397.2 MB
[runlim] sample:		63.7 time, 70.1 real, 397.9 MB
[runlim] sample:		73.3 time, 80.1 real, 408.2 MB
[runlim] sample:		83.0 time, 90.1 real, 409.0 MB
[runlim] sample:		92.6 time, 100.1 real, 413.1 MB
[runlim] sample:		102.2 time, 110.1 real, 413.4 MB
[runlim] sample:		111.7 time, 120.1 real, 413.7 MB
[runlim] sample:		121.2 time, 130.1 real, 413.7 MB
[runlim] sample:		131.0 time, 140.1 real, 413.9 MB
[runlim] sample:		141.0 time, 150.1 real, 413.9 MB
[runlim] sample:		151.0 time, 160.1 real, 413.9 MB
[runlim] sample:		161.0 time, 170.1 real, 421.4 MB
[runlim] sample:		171.0 time, 180.1 real, 423.7 MB
[runlim] sample:		181.0 time, 190.1 real, 466.0 MB
[runlim] sample:		191.0 time, 200.1 real, 536.3 MB
[runlim] sample:		201.0 time, 210.1 real, 539.4 MB
[runlim] sample:		211.0 time, 220.1 real, 542.0 MB
[runlim] sample:		221.0 time, 230.1 real, 542.0 MB
[runlim] sample:		230.2 time, 240.1 real, 542.0 MB
[runlim] sample:		239.8 time, 250.1 real, 542.0 MB
[runlim] sample:		249.4 time, 260.1 real, 542.0 MB
[runlim] sample:		259.1 time, 270.1 real, 542.0 MB
[runlim] sample:		268.6 time, 280.1 real, 542.0 MB
[runlim] sample:		278.4 time, 290.1 real, 546.3 MB
[runlim] sample:		288.3 time, 300.1 real, 546.9 MB
[runlim] sample:		298.0 time, 310.1 real, 547.1 MB
[runlim] end:			Tue Jan 29 16:31:23 2019
[runlim] status:		signal(9)
[runlim] result:		11
[runlim] children:		0
[runlim] real:			311.69 seconds
[runlim] time:			299.51 seconds
[runlim] space:			558.3 MB
[runlim] samples:		3115
