[runlim] version:		1.10fixed
[runlim] time limit:		3600 seconds
[runlim] real time limit:	311040000 seconds
[runlim] space limit:		4000 MB
[runlim] argv[0]:		./cvc4
[runlim] argv[1]:		--nl-ext-tplanes
[runlim] argv[2]:		--fmf-fun-rlv
[runlim] argv[3]:		/tmp/CU0ISavL.smt2
[runlim] start:			Thu Feb 14 00:57:56 2019
[runlim] main pid:		26401
[runlim] sample:		9.7 time, 10.6 real, 61.4 MB
[runlim] sample:		18.2 time, 20.6 real, 85.5 MB
[runlim] sample:		28.2 time, 30.6 real, 105.2 MB
[runlim] sample:		38.2 time, 40.6 real, 125.7 MB
[runlim] sample:		48.2 time, 50.6 real, 139.6 MB
[runlim] sample:		58.2 time, 60.6 real, 157.4 MB
[runlim] sample:		68.2 time, 70.6 real, 173.5 MB
[runlim] sample:		78.2 time, 80.6 real, 187.7 MB
[runlim] sample:		88.2 time, 90.6 real, 201.1 MB
[runlim] sample:		98.2 time, 100.6 real, 211.9 MB
[runlim] sample:		108.2 time, 110.6 real, 225.3 MB
[runlim] sample:		118.2 time, 120.6 real, 236.1 MB
[runlim] sample:		128.2 time, 130.6 real, 246.9 MB
[runlim] sample:		138.2 time, 140.6 real, 263.2 MB
[runlim] sample:		148.2 time, 150.6 real, 279.2 MB
[runlim] sample:		158.2 time, 160.6 real, 295.7 MB
[runlim] sample:		168.2 time, 170.6 real, 323.5 MB
[runlim] sample:		178.2 time, 180.6 real, 325.4 MB
[runlim] sample:		188.2 time, 190.6 real, 327.7 MB
[runlim] sample:		198.2 time, 200.6 real, 338.0 MB
[runlim] sample:		208.2 time, 210.6 real, 345.7 MB
[runlim] sample:		218.2 time, 220.6 real, 357.8 MB
[runlim] sample:		228.2 time, 230.6 real, 366.9 MB
[runlim] sample:		238.2 time, 240.6 real, 375.4 MB
[runlim] sample:		248.1 time, 250.6 real, 386.5 MB
[runlim] sample:		258.1 time, 260.6 real, 394.7 MB
[runlim] sample:		268.1 time, 270.6 real, 407.9 MB
[runlim] sample:		278.1 time, 280.6 real, 419.5 MB
[runlim] sample:		288.1 time, 290.6 real, 427.2 MB
[runlim] sample:		298.1 time, 300.6 real, 437.2 MB
[runlim] sample:		308.1 time, 310.6 real, 448.8 MB
[runlim] sample:		318.1 time, 320.6 real, 458.1 MB
[runlim] sample:		328.1 time, 330.6 real, 464.3 MB
[runlim] sample:		338.1 time, 340.6 real, 523.1 MB
[runlim] sample:		348.1 time, 350.6 real, 524.7 MB
[runlim] sample:		358.1 time, 360.6 real, 526.2 MB
[runlim] sample:		368.1 time, 370.6 real, 527.8 MB
[runlim] sample:		378.1 time, 380.6 real, 529.3 MB
[runlim] sample:		388.1 time, 390.6 real, 530.9 MB
[runlim] sample:		398.1 time, 400.6 real, 532.7 MB
[runlim] sample:		408.1 time, 410.6 real, 534.2 MB
[runlim] sample:		418.1 time, 420.6 real, 543.0 MB
[runlim] sample:		428.1 time, 430.6 real, 555.1 MB
[runlim] sample:		438.1 time, 440.6 real, 570.1 MB
[runlim] sample:		448.1 time, 450.6 real, 578.6 MB
[runlim] sample:		458.1 time, 460.6 real, 594.0 MB
[runlim] sample:		468.1 time, 470.6 real, 604.9 MB
[runlim] sample:		478.1 time, 480.6 real, 613.6 MB
[runlim] sample:		488.1 time, 490.6 real, 622.1 MB
[runlim] sample:		498.1 time, 500.6 real, 630.9 MB
[runlim] sample:		508.1 time, 510.6 real, 638.1 MB
[runlim] sample:		518.1 time, 520.6 real, 649.2 MB
[runlim] sample:		528.1 time, 530.6 real, 659.0 MB
[runlim] sample:		538.1 time, 540.6 real, 668.0 MB
[runlim] sample:		548.1 time, 550.6 real, 677.6 MB
[runlim] sample:		558.1 time, 560.6 real, 684.5 MB
[runlim] sample:		568.1 time, 570.6 real, 692.5 MB
[runlim] sample:		578.1 time, 580.6 real, 700.5 MB
[runlim] sample:		588.1 time, 590.6 real, 710.8 MB
[runlim] sample:		598.1 time, 600.6 real, 718.6 MB
[runlim] sample:		608.1 time, 610.6 real, 725.5 MB
[runlim] sample:		618.1 time, 620.6 real, 733.3 MB
[runlim] sample:		628.1 time, 630.6 real, 743.1 MB
[runlim] sample:		638.1 time, 640.6 real, 748.5 MB
[runlim] sample:		648.1 time, 650.6 real, 758.0 MB
[runlim] sample:		658.0 time, 660.6 real, 765.8 MB
[runlim] sample:		668.0 time, 670.6 real, 777.9 MB
[runlim] sample:		678.0 time, 680.6 real, 783.3 MB
[runlim] sample:		688.0 time, 690.6 real, 898.1 MB
[runlim] sample:		698.0 time, 700.6 real, 898.1 MB
[runlim] sample:		708.0 time, 710.6 real, 900.4 MB
[runlim] sample:		718.0 time, 720.6 real, 902.7 MB
[runlim] sample:		728.0 time, 730.6 real, 902.7 MB
