[runlim] version:		1.10fixed
[runlim] time limit:		300 seconds
[runlim] real time limit:	311040000 seconds
[runlim] space limit:		4000 MB
[runlim] argv[0]:		./cvc4
[runlim] argv[1]:		--nl-ext-tplanes
[runlim] argv[2]:		--full-saturate-quant
[runlim] argv[3]:		--no-e-matching
[runlim] argv[4]:		/tmp/aaeSJ4yZ.smt2
[runlim] start:			Thu Feb 14 00:00:36 2019
[runlim] main pid:		4817
[runlim] sample:		8.1 time, 10.5 real, 46.1 MB
[runlim] sample:		17.8 time, 20.5 real, 55.7 MB
[runlim] sample:		27.9 time, 30.5 real, 62.9 MB
[runlim] sample:		37.8 time, 40.5 real, 69.4 MB
[runlim] sample:		46.3 time, 50.5 real, 74.3 MB
[runlim] sample:		55.4 time, 60.5 real, 82.0 MB
[runlim] sample:		64.5 time, 70.5 real, 84.9 MB
[runlim] sample:		72.1 time, 80.5 real, 87.5 MB
[runlim] sample:		81.6 time, 90.5 real, 91.6 MB
[runlim] sample:		91.6 time, 100.5 real, 97.7 MB
[runlim] sample:		101.6 time, 110.5 real, 101.6 MB
[runlim] sample:		110.2 time, 120.5 real, 105.7 MB
[runlim] sample:		120.1 time, 130.5 real, 108.0 MB
[runlim] sample:		129.5 time, 140.5 real, 111.3 MB
[runlim] sample:		138.7 time, 150.5 real, 114.2 MB
[runlim] sample:		148.7 time, 160.5 real, 117.1 MB
[runlim] sample:		158.7 time, 170.5 real, 119.9 MB
[runlim] sample:		168.7 time, 180.5 real, 122.8 MB
[runlim] sample:		178.7 time, 190.5 real, 127.4 MB
[runlim] sample:		188.7 time, 200.5 real, 130.4 MB
[runlim] sample:		197.9 time, 210.5 real, 131.9 MB
[runlim] sample:		207.4 time, 220.5 real, 134.7 MB
[runlim] sample:		216.3 time, 230.5 real, 136.7 MB
[runlim] sample:		226.0 time, 240.5 real, 139.3 MB
[runlim] sample:		235.2 time, 250.5 real, 140.3 MB
[runlim] sample:		243.2 time, 260.5 real, 141.6 MB
[runlim] sample:		252.9 time, 270.5 real, 149.3 MB
[runlim] sample:		261.6 time, 280.5 real, 150.9 MB
[runlim] sample:		270.7 time, 290.5 real, 151.4 MB
[runlim] sample:		279.6 time, 300.5 real, 152.7 MB
[runlim] sample:		288.9 time, 310.5 real, 155.1 MB
[runlim] sample:		298.9 time, 320.5 real, 157.0 MB
CVC4 interrupted by SIGTERM.
[runlim] end:			Thu Feb 14 00:05:57 2019
[runlim] status:		out of time
[runlim] result:		2
[runlim] children:		0
[runlim] real:			321.71 seconds
[runlim] time:			300.05 seconds
[runlim] space:			157.0 MB
[runlim] samples:		3212
