[runlim] version:		1.10fixed
[runlim] time limit:		1800 seconds
[runlim] real time limit:	311040000 seconds
[runlim] space limit:		4000 MB
[runlim] argv[0]:		./cvc4
[runlim] argv[1]:		--nl-ext-tplanes
[runlim] argv[2]:		--full-saturate-quant
[runlim] argv[3]:		--no-e-matching
[runlim] argv[4]:		/tmp/bviRbpQ1.smt2
[runlim] start:			Fri Feb 15 03:39:10 2019
[runlim] main pid:		30872
[runlim] sample:		9.6 time, 10.8 real, 42.5 MB
[runlim] sample:		18.9 time, 20.8 real, 54.8 MB
[runlim] sample:		27.6 time, 30.8 real, 61.7 MB
[runlim] sample:		37.5 time, 40.8 real, 68.9 MB
[runlim] sample:		47.0 time, 50.8 real, 74.6 MB
[runlim] sample:		57.0 time, 60.8 real, 78.2 MB
[runlim] sample:		67.0 time, 70.8 real, 83.2 MB
[runlim] sample:		76.9 time, 80.8 real, 86.1 MB
[runlim] sample:		86.9 time, 90.8 real, 91.0 MB
[runlim] sample:		96.9 time, 100.8 real, 93.3 MB
[runlim] sample:		105.8 time, 110.8 real, 94.6 MB
[runlim] sample:		114.8 time, 120.8 real, 99.7 MB
[runlim] sample:		124.7 time, 130.8 real, 106.2 MB
[runlim] sample:		133.1 time, 140.8 real, 109.0 MB
[runlim] sample:		141.4 time, 150.8 real, 109.3 MB
[runlim] sample:		151.0 time, 160.8 real, 117.4 MB
[runlim] sample:		158.9 time, 170.8 real, 118.2 MB
[runlim] sample:		166.8 time, 180.8 real, 120.5 MB
[runlim] sample:		175.1 time, 190.8 real, 119.3 MB
[runlim] sample:		183.2 time, 200.8 real, 127.1 MB
[runlim] sample:		191.8 time, 210.8 real, 135.0 MB
[runlim] sample:		200.7 time, 220.8 real, 135.3 MB
[runlim] sample:		210.1 time, 230.8 real, 135.8 MB
[runlim] sample:		218.8 time, 240.8 real, 137.1 MB
[runlim] sample:		227.9 time, 250.8 real, 137.4 MB
[runlim] sample:		237.5 time, 260.8 real, 141.6 MB
[runlim] sample:		245.8 time, 270.8 real, 141.9 MB
[runlim] sample:		255.2 time, 280.8 real, 142.1 MB
[runlim] sample:		263.9 time, 290.8 real, 142.4 MB
[runlim] sample:		272.3 time, 300.8 real, 143.9 MB
[runlim] sample:		281.9 time, 310.8 real, 148.3 MB
[runlim] sample:		291.7 time, 320.8 real, 150.6 MB
[runlim] sample:		301.6 time, 330.8 real, 151.1 MB
[runlim] sample:		310.9 time, 340.8 real, 151.1 MB
[runlim] sample:		320.5 time, 350.8 real, 151.3 MB
[runlim] sample:		329.8 time, 360.8 real, 151.3 MB
[runlim] sample:		339.8 time, 370.8 real, 176.6 MB
[runlim] sample:		349.8 time, 380.8 real, 179.7 MB
[runlim] sample:		359.8 time, 390.8 real, 179.7 MB
[runlim] sample:		369.8 time, 400.8 real, 179.9 MB
[runlim] sample:		379.8 time, 410.8 real, 180.5 MB
[runlim] sample:		389.8 time, 420.8 real, 180.5 MB
[runlim] sample:		399.8 time, 430.8 real, 195.8 MB
[runlim] sample:		409.8 time, 440.8 real, 195.8 MB
[runlim] sample:		419.8 time, 450.8 real, 197.6 MB
[runlim] sample:		429.8 time, 460.8 real, 197.6 MB
[runlim] sample:		439.8 time, 470.8 real, 200.9 MB
[runlim] sample:		449.8 time, 480.8 real, 200.9 MB
[runlim] sample:		459.8 time, 490.8 real, 201.2 MB
[runlim] sample:		469.8 time, 500.8 real, 201.7 MB
[runlim] sample:		479.8 time, 510.8 real, 202.7 MB
[runlim] sample:		489.8 time, 520.8 real, 204.3 MB
[runlim] sample:		499.8 time, 530.8 real, 205.1 MB
[runlim] sample:		509.8 time, 540.8 real, 205.6 MB
[runlim] sample:		519.7 time, 550.8 real, 205.6 MB
[runlim] sample:		529.7 time, 560.8 real, 206.1 MB
[runlim] sample:		539.7 time, 570.8 real, 206.3 MB
[runlim] sample:		549.7 time, 580.8 real, 206.9 MB
[runlim] sample:		559.7 time, 590.8 real, 208.4 MB
[runlim] sample:		569.7 time, 600.8 real, 208.4 MB
[runlim] sample:		579.7 time, 610.8 real, 209.2 MB
[runlim] sample:		589.7 time, 620.8 real, 210.3 MB
[runlim] sample:		599.7 time, 630.8 real, 211.3 MB
[runlim] sample:		609.7 time, 640.8 real, 211.3 MB
[runlim] sample:		619.7 time, 650.8 real, 211.8 MB
[runlim] sample:		629.7 time, 660.8 real, 211.8 MB
[runlim] sample:		639.7 time, 670.8 real, 212.5 MB
[runlim] sample:		649.7 time, 680.8 real, 212.5 MB
[runlim] sample:		659.7 time, 690.8 real, 212.5 MB
[runlim] sample:		669.7 time, 700.8 real, 212.5 MB
[runlim] sample:		679.7 time, 710.8 real, 212.5 MB
[runlim] sample:		689.7 time, 720.8 real, 212.8 MB
[runlim] sample:		699.7 time, 730.8 real, 212.8 MB
[runlim] sample:		708.1 time, 740.8 real, 213.4 MB
[runlim] sample:		717.6 time, 750.8 real, 213.4 MB
[runlim] sample:		727.6 time, 760.8 real, 213.4 MB
[runlim] sample:		737.6 time, 770.8 real, 213.9 MB
[runlim] sample:		747.6 time, 780.8 real, 213.9 MB
[runlim] sample:		757.6 time, 790.8 real, 213.9 MB
[runlim] sample:		767.6 time, 800.8 real, 213.9 MB
[runlim] sample:		777.2 time, 810.8 real, 213.9 MB
[runlim] sample:		784.8 time, 820.8 real, 213.9 MB
[runlim] sample:		793.6 time, 830.8 real, 213.9 MB
[runlim] sample:		803.1 time, 840.8 real, 213.9 MB
[runlim] sample:		812.7 time, 850.8 real, 213.9 MB
[runlim] sample:		822.3 time, 860.8 real, 214.4 MB
[runlim] sample:		831.2 time, 870.8 real, 214.4 MB
[runlim] sample:		838.9 time, 880.8 real, 214.4 MB
[runlim] sample:		847.6 time, 890.8 real, 214.4 MB
[runlim] sample:		857.6 time, 900.8 real, 214.4 MB
[runlim] sample:		867.4 time, 910.8 real, 214.4 MB
[runlim] sample:		877.1 time, 920.8 real, 214.4 MB
[runlim] sample:		886.8 time, 930.8 real, 214.4 MB
[runlim] sample:		896.8 time, 940.8 real, 214.4 MB
[runlim] sample:		906.7 time, 950.8 real, 214.7 MB
[runlim] sample:		915.6 time, 960.8 real, 214.7 MB
[runlim] sample:		925.0 time, 970.8 real, 214.7 MB
[runlim] sample:		934.4 time, 980.8 real, 214.7 MB
[runlim] sample:		943.8 time, 990.8 real, 214.7 MB
[runlim] sample:		953.8 time, 1000.8 real, 214.7 MB
[runlim] sample:		963.8 time, 1010.8 real, 214.7 MB
[runlim] sample:		973.4 time, 1020.8 real, 214.7 MB
[runlim] sample:		982.7 time, 1030.8 real, 214.7 MB
[runlim] sample:		992.0 time, 1040.8 real, 214.7 MB
[runlim] sample:		1001.2 time, 1050.8 real, 214.7 MB
[runlim] sample:		1010.2 time, 1060.8 real, 214.7 MB
[runlim] sample:		1020.0 time, 1070.8 real, 214.7 MB
[runlim] sample:		1029.8 time, 1080.8 real, 214.7 MB
[runlim] sample:		1039.8 time, 1090.8 real, 214.7 MB
[runlim] sample:		1049.3 time, 1100.8 real, 214.7 MB
[runlim] sample:		1058.4 time, 1110.8 real, 214.7 MB
[runlim] sample:		1067.4 time, 1120.8 real, 214.7 MB
[runlim] sample:		1077.0 time, 1130.8 real, 214.7 MB
[runlim] sample:		1087.0 time, 1140.8 real, 214.7 MB
[runlim] sample:		1096.7 time, 1150.8 real, 214.7 MB
[runlim] sample:		1106.7 time, 1160.8 real, 214.7 MB
[runlim] sample:		1116.7 time, 1170.8 real, 214.7 MB
[runlim] sample:		1126.7 time, 1180.8 real, 214.7 MB
[runlim] sample:		1136.7 time, 1190.8 real, 214.7 MB
[runlim] sample:		1146.7 time, 1200.8 real, 214.7 MB
[runlim] sample:		1156.7 time, 1210.8 real, 214.7 MB
[runlim] sample:		1166.7 time, 1220.8 real, 214.7 MB
[runlim] sample:		1176.7 time, 1230.8 real, 214.7 MB
[runlim] sample:		1186.6 time, 1240.8 real, 214.7 MB
[runlim] sample:		1196.6 time, 1250.8 real, 214.9 MB
[runlim] sample:		1206.6 time, 1260.8 real, 214.9 MB
[runlim] sample:		1216.6 time, 1270.8 real, 214.9 MB
[runlim] sample:		1226.6 time, 1280.8 real, 214.9 MB
[runlim] sample:		1236.6 time, 1290.8 real, 214.9 MB
[runlim] sample:		1246.6 time, 1300.8 real, 214.9 MB
[runlim] sample:		1256.6 time, 1310.8 real, 214.9 MB
[runlim] sample:		1266.6 time, 1320.8 real, 214.9 MB
[runlim] sample:		1276.6 time, 1330.8 real, 214.9 MB
[runlim] sample:		1286.6 time, 1340.8 real, 217.5 MB
[runlim] sample:		1296.6 time, 1350.8 real, 219.0 MB
[runlim] sample:		1306.6 time, 1360.8 real, 219.0 MB
[runlim] sample:		1316.6 time, 1370.8 real, 219.0 MB
[runlim] sample:		1326.6 time, 1380.8 real, 219.0 MB
[runlim] sample:		1336.6 time, 1390.8 real, 219.2 MB
[runlim] sample:		1346.6 time, 1400.8 real, 219.2 MB
[runlim] sample:		1356.6 time, 1410.8 real, 219.2 MB
[runlim] sample:		1366.6 time, 1420.8 real, 219.4 MB
[runlim] sample:		1376.6 time, 1430.8 real, 219.4 MB
[runlim] sample:		1386.6 time, 1440.8 real, 219.4 MB
[runlim] sample:		1396.6 time, 1450.8 real, 219.4 MB
[runlim] sample:		1406.6 time, 1460.8 real, 219.4 MB
[runlim] sample:		1416.6 time, 1470.8 real, 219.4 MB
[runlim] sample:		1426.6 time, 1480.8 real, 219.4 MB
[runlim] sample:		1436.5 time, 1490.8 real, 219.4 MB
[runlim] sample:		1446.5 time, 1500.8 real, 219.4 MB
[runlim] sample:		1456.5 time, 1510.8 real, 219.4 MB
[runlim] sample:		1466.5 time, 1520.8 real, 219.4 MB
[runlim] sample:		1476.5 time, 1530.8 real, 219.4 MB
[runlim] sample:		1486.5 time, 1540.8 real, 220.0 MB
[runlim] sample:		1496.5 time, 1550.8 real, 220.0 MB
[runlim] sample:		1506.5 time, 1560.8 real, 220.0 MB
[runlim] sample:		1516.5 time, 1570.8 real, 220.0 MB
[runlim] sample:		1526.5 time, 1580.8 real, 224.9 MB
[runlim] sample:		1536.5 time, 1590.8 real, 225.3 MB
[runlim] sample:		1546.5 time, 1600.8 real, 225.5 MB
[runlim] sample:		1556.5 time, 1610.8 real, 225.5 MB
[runlim] sample:		1566.5 time, 1620.8 real, 225.5 MB
[runlim] sample:		1576.5 time, 1630.8 real, 225.7 MB
[runlim] sample:		1586.5 time, 1640.8 real, 225.7 MB
[runlim] sample:		1596.5 time, 1650.8 real, 225.7 MB
[runlim] sample:		1606.5 time, 1660.8 real, 225.7 MB
[runlim] sample:		1616.5 time, 1670.8 real, 225.7 MB
[runlim] sample:		1626.5 time, 1680.8 real, 225.7 MB
[runlim] sample:		1636.5 time, 1690.8 real, 225.7 MB
[runlim] sample:		1646.5 time, 1700.8 real, 225.7 MB
[runlim] sample:		1656.5 time, 1710.8 real, 225.7 MB
[runlim] sample:		1666.5 time, 1720.8 real, 225.7 MB
[runlim] sample:		1676.5 time, 1730.8 real, 225.7 MB
[runlim] sample:		1686.5 time, 1740.8 real, 225.7 MB
[runlim] sample:		1696.5 time, 1750.8 real, 225.7 MB
[runlim] sample:		1706.5 time, 1760.8 real, 225.7 MB
[runlim] sample:		1716.5 time, 1770.8 real, 225.7 MB
[runlim] sample:		1726.5 time, 1780.8 real, 225.7 MB
[runlim] sample:		1736.5 time, 1790.8 real, 225.7 MB
[runlim] sample:		1746.5 time, 1800.8 real, 225.7 MB
[runlim] sample:		1756.5 time, 1810.8 real, 228.1 MB
[runlim] sample:		1766.4 time, 1820.8 real, 254.0 MB
[runlim] sample:		1776.4 time, 1830.8 real, 254.0 MB
[runlim] sample:		1786.4 time, 1840.8 real, 254.0 MB
[runlim] sample:		1796.4 time, 1850.8 real, 254.0 MB
CVC4 interrupted by SIGTERM.
[runlim] end:			Fri Feb 15 04:10:04 2019
[runlim] status:		out of time
[runlim] result:		2
[runlim] children:		0
[runlim] real:			1854.39 seconds
[runlim] time:			1800.03 seconds
[runlim] space:			254.0 MB
[runlim] samples:		18536
