[runlim] version:		1.10fixed
[runlim] time limit:		1800 seconds
[runlim] real time limit:	311040000 seconds
[runlim] space limit:		4000 MB
[runlim] argv[0]:		./cvc4
[runlim] argv[1]:		--nl-ext-tplanes
[runlim] argv[2]:		--full-saturate-quant
[runlim] argv[3]:		--no-e-matching
[runlim] argv[4]:		/tmp/DYzgtFTJ.smt2
[runlim] start:			Tue Feb 19 03:35:25 2019
[runlim] main pid:		6825
[runlim] sample:		8.4 time, 10.3 real, 45.5 MB
[runlim] sample:		17.5 time, 20.3 real, 54.0 MB
[runlim] sample:		27.5 time, 30.3 real, 58.9 MB
[runlim] sample:		37.5 time, 40.3 real, 63.5 MB
[runlim] sample:		47.5 time, 50.3 real, 66.6 MB
[runlim] sample:		57.5 time, 60.3 real, 70.5 MB
[runlim] sample:		67.5 time, 70.3 real, 72.9 MB
[runlim] sample:		77.5 time, 80.3 real, 76.0 MB
[runlim] sample:		87.5 time, 90.3 real, 78.3 MB
[runlim] sample:		97.5 time, 100.3 real, 80.7 MB
[runlim] sample:		107.5 time, 110.3 real, 83.5 MB
[runlim] sample:		117.5 time, 120.3 real, 84.8 MB
[runlim] sample:		127.5 time, 130.3 real, 86.9 MB
[runlim] sample:		137.5 time, 140.3 real, 88.5 MB
[runlim] sample:		147.5 time, 150.3 real, 90.8 MB
[runlim] sample:		157.5 time, 160.3 real, 91.6 MB
[runlim] sample:		167.5 time, 170.3 real, 93.1 MB
[runlim] sample:		177.5 time, 180.3 real, 94.1 MB
[runlim] sample:		187.5 time, 190.3 real, 95.7 MB
[runlim] sample:		197.5 time, 200.3 real, 96.4 MB
[runlim] sample:		207.5 time, 210.3 real, 98.5 MB
[runlim] sample:		217.5 time, 220.3 real, 100.4 MB
[runlim] sample:		227.5 time, 230.3 real, 101.7 MB
[runlim] sample:		237.5 time, 240.3 real, 102.5 MB
[runlim] sample:		247.5 time, 250.3 real, 104.1 MB
[runlim] sample:		257.5 time, 260.3 real, 104.6 MB
[runlim] sample:		267.5 time, 270.3 real, 105.9 MB
[runlim] sample:		277.5 time, 280.3 real, 106.6 MB
[runlim] sample:		287.5 time, 290.3 real, 107.7 MB
[runlim] sample:		297.5 time, 300.3 real, 108.7 MB
[runlim] sample:		307.5 time, 310.3 real, 110.2 MB
[runlim] sample:		317.5 time, 320.3 real, 111.0 MB
[runlim] sample:		327.5 time, 330.3 real, 111.8 MB
[runlim] sample:		337.5 time, 340.3 real, 112.8 MB
[runlim] sample:		347.5 time, 350.3 real, 113.3 MB
[runlim] sample:		357.5 time, 360.3 real, 114.3 MB
[runlim] sample:		367.5 time, 370.3 real, 115.4 MB
[runlim] sample:		377.5 time, 380.3 real, 115.9 MB
[runlim] sample:		387.5 time, 390.3 real, 116.4 MB
[runlim] sample:		397.5 time, 400.3 real, 118.2 MB
[runlim] sample:		407.5 time, 410.3 real, 118.2 MB
[runlim] sample:		417.5 time, 420.3 real, 119.0 MB
[runlim] sample:		427.5 time, 430.3 real, 120.3 MB
[runlim] sample:		437.5 time, 440.3 real, 120.8 MB
[runlim] sample:		447.5 time, 450.3 real, 122.1 MB
[runlim] sample:		457.5 time, 460.3 real, 122.3 MB
[runlim] sample:		467.5 time, 470.3 real, 124.1 MB
[runlim] sample:		477.5 time, 480.3 real, 124.4 MB
[runlim] sample:		487.5 time, 490.3 real, 124.9 MB
[runlim] sample:		497.5 time, 500.3 real, 126.2 MB
[runlim] sample:		507.5 time, 510.3 real, 126.5 MB
[runlim] sample:		517.5 time, 520.3 real, 126.5 MB
[runlim] sample:		527.5 time, 530.3 real, 128.0 MB
[runlim] sample:		537.5 time, 540.3 real, 128.3 MB
[runlim] sample:		547.5 time, 550.3 real, 128.5 MB
[runlim] sample:		557.5 time, 560.3 real, 128.8 MB
[runlim] sample:		567.5 time, 570.3 real, 130.4 MB
[runlim] sample:		577.5 time, 580.3 real, 131.4 MB
[runlim] sample:		587.5 time, 590.3 real, 131.4 MB
[runlim] sample:		597.5 time, 600.3 real, 131.9 MB
[runlim] sample:		607.5 time, 610.3 real, 132.7 MB
[runlim] sample:		617.5 time, 620.3 real, 133.2 MB
[runlim] sample:		627.5 time, 630.3 real, 134.0 MB
[runlim] sample:		637.5 time, 640.3 real, 134.0 MB
[runlim] sample:		647.5 time, 650.3 real, 134.7 MB
[runlim] sample:		657.5 time, 660.3 real, 135.0 MB
[runlim] sample:		667.5 time, 670.3 real, 135.5 MB
[runlim] sample:		677.5 time, 680.3 real, 137.8 MB
[runlim] sample:		687.5 time, 690.3 real, 138.0 MB
[runlim] sample:		697.5 time, 700.3 real, 138.6 MB
[runlim] sample:		707.5 time, 710.3 real, 139.1 MB
[runlim] sample:		717.5 time, 720.3 real, 139.3 MB
[runlim] sample:		727.5 time, 730.3 real, 139.8 MB
[runlim] sample:		737.5 time, 740.3 real, 140.6 MB
[runlim] sample:		747.5 time, 750.3 real, 141.9 MB
[runlim] sample:		757.5 time, 760.3 real, 142.4 MB
[runlim] sample:		767.5 time, 770.3 real, 142.7 MB
[runlim] sample:		777.3 time, 780.3 real, 144.0 MB
[runlim] sample:		787.3 time, 790.3 real, 144.0 MB
[runlim] sample:		797.0 time, 800.3 real, 144.7 MB
[runlim] sample:		806.0 time, 810.3 real, 144.7 MB
[runlim] sample:		815.1 time, 820.3 real, 146.0 MB
[runlim] sample:		823.6 time, 830.3 real, 146.3 MB
[runlim] sample:		831.4 time, 840.3 real, 146.3 MB
[runlim] sample:		841.4 time, 850.3 real, 146.5 MB
[runlim] sample:		851.2 time, 860.3 real, 146.8 MB
[runlim] sample:		861.1 time, 870.3 real, 148.6 MB
[runlim] sample:		871.1 time, 880.3 real, 148.9 MB
[runlim] sample:		881.1 time, 890.3 real, 149.1 MB
[runlim] sample:		890.8 time, 900.3 real, 149.9 MB
[runlim] sample:		899.7 time, 910.3 real, 150.7 MB
[runlim] sample:		908.8 time, 920.3 real, 151.1 MB
[runlim] sample:		918.2 time, 930.3 real, 151.1 MB
[runlim] sample:		928.1 time, 940.3 real, 151.3 MB
[runlim] sample:		938.1 time, 950.3 real, 151.6 MB
[runlim] sample:		948.1 time, 960.3 real, 152.6 MB
[runlim] sample:		958.1 time, 970.3 real, 152.9 MB
[runlim] sample:		967.1 time, 980.3 real, 153.1 MB
[runlim] sample:		975.2 time, 990.3 real, 153.1 MB
[runlim] sample:		983.6 time, 1000.3 real, 153.4 MB
[runlim] sample:		992.3 time, 1010.3 real, 154.4 MB
[runlim] sample:		1001.7 time, 1020.3 real, 154.9 MB
[runlim] sample:		1011.1 time, 1030.3 real, 154.9 MB
[runlim] sample:		1020.9 time, 1040.3 real, 155.4 MB
[runlim] sample:		1030.4 time, 1050.3 real, 156.0 MB
[runlim] sample:		1040.4 time, 1060.3 real, 156.7 MB
[runlim] sample:		1050.4 time, 1070.3 real, 157.8 MB
[runlim] sample:		1060.3 time, 1080.3 real, 157.8 MB
[runlim] sample:		1069.9 time, 1090.3 real, 157.8 MB
[runlim] sample:		1079.6 time, 1100.3 real, 158.7 MB
[runlim] sample:		1089.3 time, 1110.3 real, 158.7 MB
[runlim] sample:		1099.1 time, 1120.3 real, 159.5 MB
[runlim] sample:		1108.8 time, 1130.3 real, 159.5 MB
[runlim] sample:		1118.5 time, 1140.3 real, 159.8 MB
[runlim] sample:		1128.2 time, 1150.3 real, 160.3 MB
[runlim] sample:		1137.8 time, 1160.3 real, 161.1 MB
[runlim] sample:		1147.6 time, 1170.3 real, 161.1 MB
[runlim] sample:		1157.6 time, 1180.3 real, 161.3 MB
[runlim] sample:		1167.4 time, 1190.3 real, 161.6 MB
[runlim] sample:		1176.1 time, 1200.3 real, 162.1 MB
[runlim] sample:		1184.8 time, 1210.3 real, 162.1 MB
[runlim] sample:		1194.6 time, 1220.3 real, 162.9 MB
[runlim] sample:		1204.6 time, 1230.3 real, 163.1 MB
[runlim] sample:		1214.6 time, 1240.3 real, 163.1 MB
[runlim] sample:		1224.6 time, 1250.3 real, 163.9 MB
[runlim] sample:		1234.6 time, 1260.3 real, 164.1 MB
[runlim] sample:		1244.6 time, 1270.3 real, 164.9 MB
[runlim] sample:		1254.6 time, 1280.3 real, 164.9 MB
[runlim] sample:		1264.6 time, 1290.3 real, 165.2 MB
[runlim] sample:		1274.6 time, 1300.3 real, 165.4 MB
[runlim] sample:		1284.6 time, 1310.3 real, 165.4 MB
[runlim] sample:		1294.6 time, 1320.3 real, 166.2 MB
[runlim] sample:		1304.6 time, 1330.3 real, 167.2 MB
[runlim] sample:		1314.6 time, 1340.3 real, 167.2 MB
[runlim] sample:		1324.6 time, 1350.3 real, 167.7 MB
[runlim] sample:		1334.4 time, 1360.3 real, 168.0 MB
[runlim] sample:		1344.0 time, 1370.3 real, 168.0 MB
[runlim] sample:		1354.0 time, 1380.3 real, 169.4 MB
[runlim] sample:		1364.0 time, 1390.3 real, 169.7 MB
[runlim] sample:		1373.7 time, 1400.3 real, 169.7 MB
[runlim] sample:		1383.5 time, 1410.3 real, 169.9 MB
[runlim] sample:		1393.5 time, 1420.3 real, 170.2 MB
[runlim] sample:		1403.5 time, 1430.3 real, 170.4 MB
[runlim] sample:		1413.5 time, 1440.3 real, 170.4 MB
[runlim] sample:		1423.5 time, 1450.3 real, 171.7 MB
[runlim] sample:		1433.5 time, 1460.3 real, 171.7 MB
[runlim] sample:		1443.5 time, 1470.3 real, 171.7 MB
[runlim] sample:		1453.5 time, 1480.3 real, 172.0 MB
[runlim] sample:		1463.5 time, 1490.3 real, 172.0 MB
[runlim] sample:		1473.5 time, 1500.3 real, 172.2 MB
[runlim] sample:		1483.5 time, 1510.3 real, 173.3 MB
[runlim] sample:		1493.5 time, 1520.3 real, 173.3 MB
[runlim] sample:		1503.5 time, 1530.3 real, 173.5 MB
[runlim] sample:		1513.5 time, 1540.3 real, 173.5 MB
[runlim] sample:		1523.5 time, 1550.3 real, 173.8 MB
[runlim] sample:		1533.5 time, 1560.3 real, 174.0 MB
[runlim] sample:		1543.5 time, 1570.3 real, 174.0 MB
[runlim] sample:		1553.5 time, 1580.3 real, 177.2 MB
[runlim] sample:		1563.5 time, 1590.3 real, 177.2 MB
[runlim] sample:		1573.5 time, 1600.3 real, 177.7 MB
[runlim] sample:		1583.5 time, 1610.3 real, 177.7 MB
[runlim] sample:		1593.5 time, 1620.3 real, 177.7 MB
[runlim] sample:		1603.5 time, 1630.3 real, 178.3 MB
[runlim] sample:		1613.5 time, 1640.3 real, 178.3 MB
[runlim] sample:		1623.5 time, 1650.3 real, 179.8 MB
[runlim] sample:		1633.5 time, 1660.3 real, 179.8 MB
[runlim] sample:		1643.5 time, 1670.3 real, 179.8 MB
[runlim] sample:		1653.5 time, 1680.3 real, 179.8 MB
[runlim] sample:		1663.5 time, 1690.3 real, 180.3 MB
[runlim] sample:		1673.5 time, 1700.3 real, 180.6 MB
[runlim] sample:		1683.5 time, 1710.3 real, 180.8 MB
[runlim] sample:		1693.5 time, 1720.3 real, 181.9 MB
[runlim] sample:		1703.5 time, 1730.3 real, 181.9 MB
[runlim] sample:		1713.4 time, 1740.3 real, 182.4 MB
[runlim] sample:		1723.4 time, 1750.3 real, 182.4 MB
[runlim] sample:		1733.4 time, 1760.3 real, 182.4 MB
[runlim] sample:		1743.4 time, 1770.3 real, 182.4 MB
[runlim] sample:		1753.4 time, 1780.3 real, 182.6 MB
[runlim] sample:		1763.4 time, 1790.3 real, 183.7 MB
[runlim] sample:		1773.4 time, 1800.3 real, 183.7 MB
[runlim] sample:		1783.4 time, 1810.3 real, 184.2 MB
[runlim] sample:		1793.4 time, 1820.3 real, 184.2 MB
CVC4 interrupted by SIGTERM.
[runlim] end:			Tue Feb 19 04:05:51 2019
[runlim] status:		out of time
[runlim] result:		2
[runlim] children:		0
[runlim] real:			1826.90 seconds
[runlim] time:			1800.02 seconds
[runlim] space:			184.2 MB
[runlim] samples:		18266
