[runlim] version:		1.10fixed
[runlim] time limit:		1800 seconds
[runlim] real time limit:	311040000 seconds
[runlim] space limit:		4000 MB
[runlim] argv[0]:		./cvc4
[runlim] argv[1]:		--nl-ext-tplanes
[runlim] argv[2]:		--full-saturate-quant
[runlim] argv[3]:		--no-e-matching
[runlim] argv[4]:		/tmp/1njOulDf.smt2
[runlim] start:			Fri Feb 15 03:29:18 2019
[runlim] main pid:		21910
[runlim] sample:		9.5 time, 10.7 real, 45.5 MB
[runlim] sample:		19.5 time, 20.7 real, 54.8 MB
[runlim] sample:		29.5 time, 30.7 real, 61.5 MB
[runlim] sample:		39.5 time, 40.7 real, 65.9 MB
[runlim] sample:		47.7 time, 50.7 real, 68.2 MB
[runlim] sample:		55.0 time, 60.7 real, 70.5 MB
[runlim] sample:		63.1 time, 70.7 real, 71.8 MB
[runlim] sample:		73.1 time, 80.7 real, 73.1 MB
[runlim] sample:		83.1 time, 90.7 real, 78.8 MB
[runlim] sample:		93.1 time, 100.7 real, 81.8 MB
[runlim] sample:		103.1 time, 110.7 real, 84.4 MB
[runlim] sample:		113.1 time, 120.7 real, 87.0 MB
[runlim] sample:		123.1 time, 130.7 real, 87.2 MB
[runlim] sample:		131.2 time, 140.7 real, 88.0 MB
[runlim] sample:		138.9 time, 150.7 real, 88.5 MB
[runlim] sample:		147.0 time, 160.7 real, 88.5 MB
[runlim] sample:		155.7 time, 170.7 real, 88.7 MB
[runlim] sample:		164.2 time, 180.7 real, 89.3 MB
[runlim] sample:		171.7 time, 190.7 real, 90.3 MB
[runlim] sample:		179.3 time, 200.7 real, 92.6 MB
[runlim] sample:		186.9 time, 210.7 real, 95.7 MB
[runlim] sample:		196.2 time, 220.7 real, 103.5 MB
[runlim] sample:		206.3 time, 230.7 real, 106.3 MB
[runlim] sample:		216.2 time, 240.7 real, 123.8 MB
[runlim] sample:		226.2 time, 250.7 real, 136.0 MB
[runlim] sample:		236.2 time, 260.7 real, 138.0 MB
[runlim] sample:		246.2 time, 270.7 real, 139.8 MB
[runlim] sample:		256.2 time, 280.7 real, 141.1 MB
[runlim] sample:		266.2 time, 290.7 real, 142.2 MB
[runlim] sample:		276.2 time, 300.7 real, 142.7 MB
[runlim] sample:		286.2 time, 310.7 real, 143.2 MB
[runlim] sample:		296.2 time, 320.7 real, 143.7 MB
[runlim] sample:		306.2 time, 330.7 real, 143.7 MB
[runlim] sample:		316.2 time, 340.7 real, 144.0 MB
[runlim] sample:		326.2 time, 350.7 real, 144.5 MB
[runlim] sample:		336.2 time, 360.7 real, 144.5 MB
[runlim] sample:		344.2 time, 370.7 real, 144.7 MB
[runlim] sample:		354.0 time, 380.7 real, 145.0 MB
[runlim] sample:		363.6 time, 390.7 real, 145.0 MB
[runlim] sample:		373.5 time, 400.7 real, 145.3 MB
[runlim] sample:		383.5 time, 410.7 real, 145.5 MB
[runlim] sample:		393.2 time, 420.7 real, 145.5 MB
[runlim] sample:		400.9 time, 430.7 real, 145.8 MB
[runlim] sample:		408.6 time, 440.7 real, 146.0 MB
[runlim] sample:		417.6 time, 450.7 real, 146.0 MB
[runlim] sample:		427.4 time, 460.7 real, 146.3 MB
[runlim] sample:		436.0 time, 470.7 real, 146.5 MB
[runlim] sample:		445.6 time, 480.7 real, 146.8 MB
[runlim] sample:		455.3 time, 490.7 real, 146.8 MB
[runlim] sample:		465.0 time, 500.7 real, 147.1 MB
[runlim] sample:		474.7 time, 510.7 real, 147.3 MB
[runlim] sample:		484.6 time, 520.7 real, 147.3 MB
[runlim] sample:		494.6 time, 530.7 real, 147.6 MB
[runlim] sample:		504.6 time, 540.7 real, 147.8 MB
[runlim] sample:		514.5 time, 550.7 real, 148.1 MB
[runlim] sample:		524.5 time, 560.7 real, 148.1 MB
[runlim] sample:		534.5 time, 570.7 real, 148.4 MB
[runlim] sample:		544.5 time, 580.7 real, 148.6 MB
[runlim] sample:		554.5 time, 590.7 real, 148.6 MB
[runlim] sample:		564.5 time, 600.7 real, 148.9 MB
[runlim] sample:		574.5 time, 610.7 real, 149.1 MB
[runlim] sample:		584.5 time, 620.7 real, 149.1 MB
[runlim] sample:		594.5 time, 630.7 real, 149.4 MB
[runlim] sample:		604.5 time, 640.7 real, 149.6 MB
[runlim] sample:		614.5 time, 650.7 real, 149.6 MB
[runlim] sample:		624.5 time, 660.7 real, 149.9 MB
[runlim] sample:		634.5 time, 670.6 real, 150.4 MB
[runlim] sample:		644.5 time, 680.7 real, 150.4 MB
[runlim] sample:		654.5 time, 690.7 real, 150.4 MB
[runlim] sample:		664.5 time, 700.7 real, 150.4 MB
[runlim] sample:		674.5 time, 710.7 real, 150.7 MB
[runlim] sample:		684.5 time, 720.7 real, 150.9 MB
[runlim] sample:		694.5 time, 730.7 real, 151.2 MB
[runlim] sample:		704.5 time, 740.7 real, 151.4 MB
[runlim] sample:		714.5 time, 750.7 real, 151.7 MB
[runlim] sample:		724.5 time, 760.7 real, 151.7 MB
[runlim] sample:		734.5 time, 770.7 real, 152.0 MB
[runlim] sample:		744.5 time, 780.7 real, 152.2 MB
[runlim] sample:		754.5 time, 790.7 real, 152.2 MB
[runlim] sample:		764.5 time, 800.7 real, 152.5 MB
[runlim] sample:		774.5 time, 810.7 real, 153.0 MB
[runlim] sample:		784.5 time, 820.7 real, 153.0 MB
[runlim] sample:		794.5 time, 830.7 real, 153.0 MB
[runlim] sample:		804.5 time, 840.7 real, 153.2 MB
[runlim] sample:		814.5 time, 850.7 real, 153.5 MB
[runlim] sample:		824.5 time, 860.7 real, 153.8 MB
[runlim] sample:		834.5 time, 870.7 real, 153.8 MB
[runlim] sample:		844.5 time, 880.7 real, 154.0 MB
[runlim] sample:		854.5 time, 890.7 real, 154.3 MB
[runlim] sample:		864.5 time, 900.6 real, 154.3 MB
[runlim] sample:		874.5 time, 910.7 real, 154.5 MB
[runlim] sample:		884.5 time, 920.7 real, 154.8 MB
[runlim] sample:		894.5 time, 930.7 real, 154.8 MB
[runlim] sample:		904.5 time, 940.7 real, 155.0 MB
[runlim] sample:		914.5 time, 950.7 real, 155.3 MB
[runlim] sample:		924.5 time, 960.7 real, 155.6 MB
[runlim] sample:		934.5 time, 970.6 real, 155.6 MB
[runlim] sample:		944.5 time, 980.7 real, 155.8 MB
[runlim] sample:		954.5 time, 990.7 real, 156.1 MB
[runlim] sample:		964.5 time, 1000.7 real, 156.3 MB
[runlim] sample:		974.5 time, 1010.7 real, 156.3 MB
[runlim] sample:		984.5 time, 1020.7 real, 156.6 MB
[runlim] sample:		994.5 time, 1030.7 real, 157.9 MB
[runlim] sample:		1004.5 time, 1040.7 real, 157.9 MB
[runlim] sample:		1014.5 time, 1050.7 real, 159.9 MB
[runlim] sample:		1024.5 time, 1060.6 real, 159.9 MB
[runlim] sample:		1034.5 time, 1070.6 real, 159.9 MB
[runlim] sample:		1044.5 time, 1080.7 real, 159.9 MB
[runlim] sample:		1054.5 time, 1090.7 real, 159.9 MB
[runlim] sample:		1064.5 time, 1100.7 real, 160.2 MB
[runlim] sample:		1074.5 time, 1110.7 real, 160.2 MB
[runlim] sample:		1084.5 time, 1120.7 real, 160.5 MB
[runlim] sample:		1094.5 time, 1130.7 real, 160.7 MB
[runlim] sample:		1104.5 time, 1140.7 real, 161.2 MB
[runlim] sample:		1114.5 time, 1150.7 real, 161.2 MB
[runlim] sample:		1124.5 time, 1160.7 real, 161.2 MB
[runlim] sample:		1134.5 time, 1170.7 real, 161.5 MB
[runlim] sample:		1144.5 time, 1180.7 real, 161.5 MB
[runlim] sample:		1154.5 time, 1190.7 real, 161.7 MB
[runlim] sample:		1164.5 time, 1200.7 real, 162.0 MB
[runlim] sample:		1174.5 time, 1210.7 real, 162.3 MB
[runlim] sample:		1184.5 time, 1220.7 real, 162.3 MB
[runlim] sample:		1194.5 time, 1230.7 real, 162.5 MB
[runlim] sample:		1204.5 time, 1240.7 real, 162.8 MB
[runlim] sample:		1214.5 time, 1250.7 real, 162.8 MB
[runlim] sample:		1224.5 time, 1260.7 real, 163.0 MB
[runlim] sample:		1234.5 time, 1270.7 real, 163.3 MB
[runlim] sample:		1244.5 time, 1280.7 real, 164.1 MB
[runlim] sample:		1254.5 time, 1290.7 real, 164.1 MB
[runlim] sample:		1264.5 time, 1300.6 real, 164.1 MB
[runlim] sample:		1274.5 time, 1310.7 real, 164.1 MB
[runlim] sample:		1284.5 time, 1320.7 real, 164.3 MB
[runlim] sample:		1294.5 time, 1330.7 real, 164.6 MB
[runlim] sample:		1304.5 time, 1340.7 real, 164.8 MB
[runlim] sample:		1314.5 time, 1350.7 real, 165.1 MB
[runlim] sample:		1324.5 time, 1360.7 real, 165.1 MB
[runlim] sample:		1334.5 time, 1370.7 real, 165.4 MB
[runlim] sample:		1344.5 time, 1380.7 real, 165.9 MB
[runlim] sample:		1354.5 time, 1390.7 real, 165.9 MB
[runlim] sample:		1364.5 time, 1400.7 real, 166.1 MB
[runlim] sample:		1374.5 time, 1410.7 real, 166.4 MB
[runlim] sample:		1384.5 time, 1420.7 real, 166.6 MB
[runlim] sample:		1394.5 time, 1430.7 real, 166.6 MB
[runlim] sample:		1404.5 time, 1440.7 real, 167.2 MB
[runlim] sample:		1414.5 time, 1450.7 real, 167.4 MB
[runlim] sample:		1424.5 time, 1460.7 real, 167.4 MB
[runlim] sample:		1434.5 time, 1470.6 real, 167.7 MB
[runlim] sample:		1444.5 time, 1480.7 real, 167.9 MB
[runlim] sample:		1454.5 time, 1490.7 real, 168.4 MB
[runlim] sample:		1464.4 time, 1500.7 real, 168.4 MB
[runlim] sample:		1474.4 time, 1510.6 real, 168.7 MB
[runlim] sample:		1484.4 time, 1520.7 real, 169.0 MB
[runlim] sample:		1494.4 time, 1530.7 real, 169.2 MB
[runlim] sample:		1504.4 time, 1540.7 real, 169.2 MB
[runlim] sample:		1514.4 time, 1550.7 real, 169.5 MB
[runlim] sample:		1524.4 time, 1560.7 real, 170.8 MB
[runlim] sample:		1534.4 time, 1570.7 real, 170.8 MB
[runlim] sample:		1544.4 time, 1580.7 real, 170.8 MB
[runlim] sample:		1554.4 time, 1590.7 real, 171.0 MB
[runlim] sample:		1564.4 time, 1600.7 real, 171.3 MB
[runlim] sample:		1574.4 time, 1610.7 real, 171.3 MB
[runlim] sample:		1584.4 time, 1620.7 real, 171.8 MB
[runlim] sample:		1594.4 time, 1630.7 real, 172.1 MB
[runlim] sample:		1604.4 time, 1640.7 real, 172.6 MB
[runlim] sample:		1614.4 time, 1650.7 real, 172.6 MB
[runlim] sample:		1624.4 time, 1660.7 real, 173.1 MB
[runlim] sample:		1634.4 time, 1670.7 real, 173.3 MB
[runlim] sample:		1644.4 time, 1680.7 real, 173.3 MB
[runlim] sample:		1654.4 time, 1690.7 real, 173.9 MB
[runlim] sample:		1664.4 time, 1700.7 real, 174.1 MB
[runlim] sample:		1674.4 time, 1710.7 real, 174.1 MB
[runlim] sample:		1684.4 time, 1720.7 real, 174.4 MB
[runlim] sample:		1694.4 time, 1730.7 real, 174.6 MB
[runlim] sample:		1704.4 time, 1740.7 real, 174.9 MB
[runlim] sample:		1714.4 time, 1750.7 real, 175.1 MB
[runlim] sample:		1724.4 time, 1760.7 real, 175.4 MB
[runlim] sample:		1734.4 time, 1770.7 real, 175.7 MB
[runlim] sample:		1744.4 time, 1780.7 real, 175.9 MB
[runlim] sample:		1754.4 time, 1790.7 real, 175.9 MB
[runlim] sample:		1764.4 time, 1800.7 real, 176.2 MB
[runlim] sample:		1774.4 time, 1810.7 real, 176.7 MB
[runlim] sample:		1784.4 time, 1820.7 real, 176.7 MB
[runlim] sample:		1794.4 time, 1830.7 real, 176.9 MB
CVC4 interrupted by SIGTERM.
[runlim] end:			Fri Feb 15 03:59:54 2019
[runlim] status:		out of time
[runlim] result:		2
[runlim] children:		0
[runlim] real:			1836.28 seconds
[runlim] time:			1800.01 seconds
[runlim] space:			176.9 MB
[runlim] samples:		18356
