[runlim] version:		1.10fixed
[runlim] time limit:		1800 seconds
[runlim] real time limit:	311040000 seconds
[runlim] space limit:		4000 MB
[runlim] argv[0]:		./cvc4
[runlim] argv[1]:		--nl-ext-tplanes
[runlim] argv[2]:		--full-saturate-quant
[runlim] argv[3]:		--no-e-matching
[runlim] argv[4]:		/tmp/IkxVGrNZ.smt2
[runlim] start:			Fri Feb 15 03:43:38 2019
[runlim] main pid:		30526
[runlim] sample:		8.5 time, 10.6 real, 45.2 MB
[runlim] sample:		18.5 time, 20.6 real, 53.2 MB
[runlim] sample:		28.5 time, 30.6 real, 57.6 MB
[runlim] sample:		38.5 time, 40.6 real, 62.2 MB
[runlim] sample:		48.5 time, 50.6 real, 68.3 MB
[runlim] sample:		58.5 time, 60.6 real, 71.1 MB
[runlim] sample:		67.8 time, 70.6 real, 73.7 MB
[runlim] sample:		76.9 time, 80.6 real, 75.8 MB
[runlim] sample:		84.7 time, 90.6 real, 77.8 MB
[runlim] sample:		93.1 time, 100.6 real, 79.6 MB
[runlim] sample:		102.4 time, 110.6 real, 82.2 MB
[runlim] sample:		110.4 time, 120.6 real, 83.8 MB
[runlim] sample:		120.1 time, 130.6 real, 86.6 MB
[runlim] sample:		130.1 time, 140.6 real, 95.4 MB
[runlim] sample:		138.9 time, 150.6 real, 95.6 MB
[runlim] sample:		148.1 time, 160.6 real, 95.6 MB
[runlim] sample:		158.1 time, 170.6 real, 96.1 MB
[runlim] sample:		168.1 time, 180.6 real, 98.5 MB
[runlim] sample:		178.1 time, 190.6 real, 99.0 MB
[runlim] sample:		187.6 time, 200.6 real, 101.0 MB
[runlim] sample:		195.9 time, 210.6 real, 101.5 MB
[runlim] sample:		205.3 time, 220.6 real, 103.1 MB
[runlim] sample:		214.7 time, 230.6 real, 103.9 MB
[runlim] sample:		224.7 time, 240.6 real, 105.2 MB
[runlim] sample:		234.6 time, 250.6 real, 105.7 MB
[runlim] sample:		244.2 time, 260.6 real, 107.0 MB
[runlim] sample:		254.1 time, 270.6 real, 107.7 MB
[runlim] sample:		264.0 time, 280.6 real, 109.5 MB
[runlim] sample:		273.9 time, 290.6 real, 110.8 MB
[runlim] sample:		283.1 time, 300.6 real, 111.9 MB
[runlim] sample:		291.6 time, 310.6 real, 113.9 MB
[runlim] sample:		300.3 time, 320.6 real, 116.2 MB
[runlim] sample:		308.6 time, 330.6 real, 117.3 MB
[runlim] sample:		316.7 time, 340.6 real, 118.3 MB
[runlim] sample:		326.7 time, 350.6 real, 120.1 MB
[runlim] sample:		336.7 time, 360.6 real, 120.6 MB
[runlim] sample:		346.7 time, 370.6 real, 122.6 MB
[runlim] sample:		355.8 time, 380.6 real, 122.6 MB
[runlim] sample:		365.8 time, 390.6 real, 122.9 MB
[runlim] sample:		375.8 time, 400.6 real, 124.7 MB
[runlim] sample:		384.8 time, 410.6 real, 126.0 MB
[runlim] sample:		394.8 time, 420.6 real, 127.0 MB
[runlim] sample:		403.6 time, 430.6 real, 128.8 MB
[runlim] sample:		412.8 time, 440.6 real, 130.4 MB
[runlim] sample:		422.8 time, 450.6 real, 130.6 MB
[runlim] sample:		432.8 time, 460.6 real, 131.9 MB
[runlim] sample:		441.4 time, 470.6 real, 131.9 MB
[runlim] sample:		451.1 time, 480.6 real, 132.9 MB
[runlim] sample:		459.5 time, 490.6 real, 134.5 MB
[runlim] sample:		467.9 time, 500.6 real, 134.5 MB
[runlim] sample:		476.4 time, 510.6 real, 135.3 MB
[runlim] sample:		484.9 time, 520.6 real, 135.3 MB
[runlim] sample:		493.4 time, 530.6 real, 136.3 MB
[runlim] sample:		501.9 time, 540.6 real, 137.1 MB
[runlim] sample:		510.3 time, 550.6 real, 137.3 MB
[runlim] sample:		518.8 time, 560.6 real, 137.3 MB
[runlim] sample:		527.2 time, 570.6 real, 137.9 MB
[runlim] sample:		535.7 time, 580.6 real, 139.1 MB
[runlim] sample:		544.2 time, 590.6 real, 139.1 MB
[runlim] sample:		552.7 time, 600.6 real, 140.4 MB
[runlim] sample:		561.9 time, 610.6 real, 140.4 MB
[runlim] sample:		571.6 time, 620.6 real, 140.7 MB
[runlim] sample:		581.6 time, 630.6 real, 141.5 MB
[runlim] sample:		591.6 time, 640.6 real, 141.7 MB
[runlim] sample:		601.6 time, 650.6 real, 150.7 MB
[runlim] sample:		611.6 time, 660.6 real, 154.9 MB
[runlim] sample:		621.6 time, 670.6 real, 155.1 MB
[runlim] sample:		631.6 time, 680.6 real, 155.1 MB
[runlim] sample:		641.6 time, 690.6 real, 155.5 MB
[runlim] sample:		651.6 time, 700.6 real, 155.8 MB
[runlim] sample:		661.6 time, 710.6 real, 158.1 MB
[runlim] sample:		671.6 time, 720.6 real, 158.1 MB
[runlim] sample:		681.6 time, 730.6 real, 158.1 MB
[runlim] sample:		691.6 time, 740.6 real, 158.1 MB
[runlim] sample:		701.6 time, 750.6 real, 158.3 MB
[runlim] sample:		711.6 time, 760.6 real, 158.3 MB
[runlim] sample:		721.6 time, 770.6 real, 158.3 MB
[runlim] sample:		731.6 time, 780.6 real, 158.3 MB
[runlim] sample:		741.6 time, 790.6 real, 159.4 MB
[runlim] sample:		751.6 time, 800.6 real, 159.4 MB
[runlim] sample:		761.6 time, 810.6 real, 159.4 MB
[runlim] sample:		771.6 time, 820.6 real, 159.6 MB
[runlim] sample:		781.6 time, 830.6 real, 159.6 MB
[runlim] sample:		791.6 time, 840.6 real, 159.6 MB
[runlim] sample:		801.6 time, 850.6 real, 161.7 MB
[runlim] sample:		811.6 time, 860.6 real, 161.7 MB
[runlim] sample:		821.6 time, 870.6 real, 161.7 MB
[runlim] sample:		831.6 time, 880.6 real, 163.0 MB
[runlim] sample:		841.6 time, 890.6 real, 163.5 MB
[runlim] sample:		851.6 time, 900.6 real, 165.8 MB
[runlim] sample:		861.6 time, 910.6 real, 165.8 MB
[runlim] sample:		871.6 time, 920.6 real, 165.8 MB
[runlim] sample:		881.5 time, 930.6 real, 167.1 MB
[runlim] sample:		891.5 time, 940.6 real, 167.1 MB
[runlim] sample:		901.5 time, 950.6 real, 168.9 MB
[runlim] sample:		911.5 time, 960.6 real, 168.9 MB
[runlim] sample:		921.5 time, 970.6 real, 168.9 MB
[runlim] sample:		931.5 time, 980.6 real, 168.9 MB
[runlim] sample:		941.5 time, 990.6 real, 169.7 MB
[runlim] sample:		951.5 time, 1000.6 real, 169.7 MB
[runlim] sample:		961.5 time, 1010.6 real, 171.7 MB
[runlim] sample:		971.5 time, 1020.6 real, 171.7 MB
[runlim] sample:		981.5 time, 1030.6 real, 172.0 MB
[runlim] sample:		991.5 time, 1040.6 real, 172.0 MB
[runlim] sample:		1001.5 time, 1050.6 real, 172.0 MB
[runlim] sample:		1011.5 time, 1060.6 real, 173.5 MB
[runlim] sample:		1021.5 time, 1070.6 real, 173.5 MB
[runlim] sample:		1031.5 time, 1080.6 real, 173.8 MB
[runlim] sample:		1041.5 time, 1090.6 real, 173.8 MB
[runlim] sample:		1051.5 time, 1100.6 real, 174.0 MB
[runlim] sample:		1061.5 time, 1110.6 real, 175.6 MB
[runlim] sample:		1071.5 time, 1120.6 real, 175.6 MB
[runlim] sample:		1081.5 time, 1130.6 real, 175.6 MB
[runlim] sample:		1091.3 time, 1140.6 real, 176.1 MB
[runlim] sample:		1101.0 time, 1150.6 real, 176.1 MB
[runlim] sample:		1110.6 time, 1160.6 real, 176.3 MB
[runlim] sample:		1120.3 time, 1170.6 real, 176.3 MB
[runlim] sample:		1130.1 time, 1180.6 real, 178.4 MB
[runlim] sample:		1140.1 time, 1190.6 real, 178.4 MB
[runlim] sample:		1149.9 time, 1200.6 real, 178.4 MB
[runlim] sample:		1159.6 time, 1210.6 real, 178.7 MB
[runlim] sample:		1169.5 time, 1220.6 real, 178.7 MB
[runlim] sample:		1179.5 time, 1230.6 real, 179.2 MB
[runlim] sample:		1189.3 time, 1240.6 real, 179.4 MB
[runlim] sample:		1199.3 time, 1250.6 real, 179.4 MB
[runlim] sample:		1209.3 time, 1260.6 real, 179.4 MB
[runlim] sample:		1219.3 time, 1270.6 real, 179.7 MB
[runlim] sample:		1229.3 time, 1280.6 real, 180.2 MB
[runlim] sample:		1239.3 time, 1290.6 real, 181.0 MB
[runlim] sample:		1247.3 time, 1300.6 real, 181.0 MB
[runlim] sample:		1255.4 time, 1310.6 real, 184.1 MB
[runlim] sample:		1265.4 time, 1320.6 real, 184.1 MB
[runlim] sample:		1274.3 time, 1330.6 real, 184.1 MB
[runlim] sample:		1284.1 time, 1340.6 real, 185.9 MB
[runlim] sample:		1293.0 time, 1350.6 real, 186.1 MB
[runlim] sample:		1301.9 time, 1360.6 real, 186.1 MB
[runlim] sample:		1311.6 time, 1370.6 real, 186.1 MB
[runlim] sample:		1320.6 time, 1380.6 real, 188.2 MB
[runlim] sample:		1330.1 time, 1390.6 real, 188.2 MB
[runlim] sample:		1340.1 time, 1400.6 real, 188.4 MB
[runlim] sample:		1350.1 time, 1410.6 real, 189.0 MB
[runlim] sample:		1360.1 time, 1420.6 real, 189.0 MB
[runlim] sample:		1369.3 time, 1430.6 real, 189.0 MB
[runlim] sample:		1378.6 time, 1440.6 real, 189.2 MB
[runlim] sample:		1387.4 time, 1450.6 real, 191.0 MB
[runlim] sample:		1397.3 time, 1460.6 real, 191.0 MB
[runlim] sample:		1406.9 time, 1470.6 real, 192.1 MB
[runlim] sample:		1415.2 time, 1480.6 real, 192.1 MB
[runlim] sample:		1423.2 time, 1490.6 real, 192.6 MB
[runlim] sample:		1431.2 time, 1500.6 real, 192.8 MB
[runlim] sample:		1440.4 time, 1510.6 real, 192.8 MB
[runlim] sample:		1448.9 time, 1520.6 real, 192.8 MB
[runlim] sample:		1458.6 time, 1530.6 real, 193.9 MB
[runlim] sample:		1468.3 time, 1540.6 real, 193.9 MB
[runlim] sample:		1477.9 time, 1550.6 real, 193.9 MB
[runlim] sample:		1487.8 time, 1560.6 real, 193.9 MB
[runlim] sample:		1497.6 time, 1570.6 real, 194.6 MB
[runlim] sample:		1507.3 time, 1580.6 real, 194.6 MB
[runlim] sample:		1517.1 time, 1590.6 real, 194.6 MB
[runlim] sample:		1527.1 time, 1600.6 real, 194.6 MB
[runlim] sample:		1536.9 time, 1610.6 real, 196.4 MB
[runlim] sample:		1544.9 time, 1620.6 real, 196.4 MB
[runlim] sample:		1553.5 time, 1630.6 real, 196.7 MB
[runlim] sample:		1561.7 time, 1640.6 real, 196.7 MB
[runlim] sample:		1571.6 time, 1650.6 real, 196.9 MB
[runlim] sample:		1581.7 time, 1660.6 real, 196.9 MB
[runlim] sample:		1591.6 time, 1670.6 real, 197.2 MB
[runlim] sample:		1601.6 time, 1680.6 real, 197.5 MB
[runlim] sample:		1611.6 time, 1690.6 real, 199.3 MB
[runlim] sample:		1621.2 time, 1700.6 real, 199.3 MB
[runlim] sample:		1630.7 time, 1710.6 real, 200.0 MB
[runlim] sample:		1640.2 time, 1720.6 real, 200.0 MB
[runlim] sample:		1649.9 time, 1730.6 real, 200.3 MB
[runlim] sample:		1659.2 time, 1740.6 real, 200.3 MB
[runlim] sample:		1668.8 time, 1750.6 real, 200.6 MB
[runlim] sample:		1678.4 time, 1760.6 real, 200.6 MB
[runlim] sample:		1688.1 time, 1770.6 real, 202.4 MB
[runlim] sample:		1698.1 time, 1780.6 real, 202.4 MB
[runlim] sample:		1706.8 time, 1790.6 real, 202.4 MB
[runlim] sample:		1716.2 time, 1800.6 real, 202.4 MB
[runlim] sample:		1725.0 time, 1810.6 real, 202.9 MB
[runlim] sample:		1733.4 time, 1820.6 real, 202.9 MB
[runlim] sample:		1742.2 time, 1830.6 real, 202.9 MB
[runlim] sample:		1751.8 time, 1840.6 real, 202.9 MB
[runlim] sample:		1761.8 time, 1850.6 real, 202.9 MB
[runlim] sample:		1771.8 time, 1860.6 real, 204.4 MB
[runlim] sample:		1781.8 time, 1870.6 real, 204.4 MB
[runlim] sample:		1791.7 time, 1880.6 real, 204.4 MB
CVC4 interrupted by SIGTERM.
[runlim] end:			Fri Feb 15 04:15:07 2019
[runlim] status:		out of time
[runlim] result:		2
[runlim] children:		0
[runlim] real:			1889.11 seconds
[runlim] time:			1800.03 seconds
[runlim] space:			204.4 MB
[runlim] samples:		18885
