[runlim] version:		1.10fixed
[runlim] time limit:		1800 seconds
[runlim] real time limit:	311040000 seconds
[runlim] space limit:		4000 MB
[runlim] argv[0]:		./cvc4
[runlim] argv[1]:		--nl-ext-tplanes
[runlim] argv[2]:		--full-saturate-quant
[runlim] argv[3]:		--no-e-matching
[runlim] argv[4]:		/tmp/5HAJx2iP.smt2
[runlim] start:			Fri Feb 15 03:22:51 2019
[runlim] main pid:		30607
[runlim] sample:		9.6 time, 10.4 real, 46.5 MB
[runlim] sample:		18.8 time, 20.4 real, 53.2 MB
[runlim] sample:		28.8 time, 30.4 real, 60.5 MB
[runlim] sample:		38.3 time, 40.4 real, 66.2 MB
[runlim] sample:		47.6 time, 50.4 real, 70.3 MB
[runlim] sample:		56.2 time, 60.4 real, 72.9 MB
[runlim] sample:		65.7 time, 70.4 real, 77.7 MB
[runlim] sample:		74.8 time, 80.4 real, 81.0 MB
[runlim] sample:		82.1 time, 90.4 real, 101.5 MB
[runlim] sample:		90.1 time, 100.4 real, 103.3 MB
[runlim] sample:		99.1 time, 110.4 real, 103.5 MB
[runlim] sample:		108.3 time, 120.4 real, 103.8 MB
[runlim] sample:		118.0 time, 130.4 real, 104.7 MB
[runlim] sample:		128.0 time, 140.4 real, 105.7 MB
[runlim] sample:		138.0 time, 150.4 real, 108.3 MB
[runlim] sample:		148.0 time, 160.4 real, 108.5 MB
[runlim] sample:		158.0 time, 170.4 real, 108.5 MB
[runlim] sample:		168.0 time, 180.4 real, 111.5 MB
[runlim] sample:		178.0 time, 190.4 real, 113.3 MB
[runlim] sample:		188.0 time, 200.4 real, 115.7 MB
[runlim] sample:		198.0 time, 210.4 real, 117.7 MB
[runlim] sample:		208.0 time, 220.4 real, 120.8 MB
[runlim] sample:		218.0 time, 230.4 real, 123.1 MB
[runlim] sample:		228.0 time, 240.4 real, 125.2 MB
[runlim] sample:		237.2 time, 250.4 real, 127.0 MB
[runlim] sample:		246.9 time, 260.4 real, 129.3 MB
[runlim] sample:		256.7 time, 270.4 real, 130.9 MB
[runlim] sample:		265.1 time, 280.4 real, 133.2 MB
[runlim] sample:		273.2 time, 290.4 real, 134.7 MB
[runlim] sample:		281.6 time, 300.4 real, 136.0 MB
[runlim] sample:		291.4 time, 310.4 real, 137.6 MB
[runlim] sample:		301.4 time, 320.4 real, 137.8 MB
[runlim] sample:		311.4 time, 330.4 real, 139.1 MB
[runlim] sample:		321.4 time, 340.4 real, 141.4 MB
[runlim] sample:		331.1 time, 350.4 real, 206.6 MB
[runlim] sample:		340.2 time, 360.4 real, 209.4 MB
[runlim] sample:		349.4 time, 370.4 real, 209.9 MB
[runlim] sample:		358.6 time, 380.4 real, 209.9 MB
[runlim] sample:		367.8 time, 390.4 real, 210.2 MB
[runlim] sample:		376.7 time, 400.4 real, 210.2 MB
[runlim] sample:		385.7 time, 410.4 real, 210.2 MB
[runlim] sample:		395.1 time, 420.4 real, 217.4 MB
[runlim] sample:		404.8 time, 430.4 real, 219.2 MB
[runlim] sample:		413.8 time, 440.4 real, 220.5 MB
[runlim] sample:		423.0 time, 450.4 real, 220.7 MB
[runlim] sample:		432.2 time, 460.4 real, 223.8 MB
[runlim] sample:		440.7 time, 470.4 real, 224.1 MB
[runlim] sample:		449.9 time, 480.4 real, 225.6 MB
[runlim] sample:		459.0 time, 490.4 real, 227.4 MB
[runlim] sample:		468.2 time, 500.4 real, 227.7 MB
[runlim] sample:		477.1 time, 510.4 real, 227.9 MB
[runlim] sample:		486.2 time, 520.4 real, 228.2 MB
[runlim] sample:		494.6 time, 530.4 real, 230.5 MB
[runlim] sample:		504.1 time, 540.4 real, 230.8 MB
[runlim] sample:		513.3 time, 550.4 real, 232.0 MB
[runlim] sample:		522.7 time, 560.4 real, 233.8 MB
[runlim] sample:		531.9 time, 570.4 real, 234.9 MB
[runlim] sample:		540.7 time, 580.4 real, 236.2 MB
[runlim] sample:		550.2 time, 590.4 real, 236.7 MB
[runlim] sample:		559.4 time, 600.4 real, 238.5 MB
[runlim] sample:		568.8 time, 610.4 real, 238.5 MB
[runlim] sample:		577.2 time, 620.4 real, 239.2 MB
[runlim] sample:		586.2 time, 630.4 real, 241.1 MB
[runlim] sample:		595.2 time, 640.4 real, 241.1 MB
[runlim] sample:		604.0 time, 650.4 real, 245.1 MB
[runlim] sample:		613.3 time, 660.4 real, 245.1 MB
[runlim] sample:		621.6 time, 670.4 real, 245.4 MB
[runlim] sample:		630.6 time, 680.4 real, 245.4 MB
[runlim] sample:		639.9 time, 690.4 real, 246.4 MB
[runlim] sample:		648.4 time, 700.4 real, 246.6 MB
[runlim] sample:		656.9 time, 710.4 real, 246.6 MB
[runlim] sample:		665.5 time, 720.4 real, 246.6 MB
[runlim] sample:		674.6 time, 730.4 real, 247.1 MB
[runlim] sample:		684.5 time, 740.4 real, 248.4 MB
[runlim] sample:		694.3 time, 750.4 real, 251.0 MB
[runlim] sample:		703.4 time, 760.4 real, 251.0 MB
[runlim] sample:		712.8 time, 770.4 real, 253.1 MB
[runlim] sample:		722.5 time, 780.4 real, 253.1 MB
[runlim] sample:		731.7 time, 790.4 real, 254.1 MB
[runlim] sample:		741.5 time, 800.4 real, 255.1 MB
[runlim] sample:		750.7 time, 810.4 real, 255.4 MB
[runlim] sample:		760.5 time, 820.4 real, 256.7 MB
[runlim] sample:		770.5 time, 830.4 real, 256.7 MB
[runlim] sample:		780.5 time, 840.4 real, 256.7 MB
[runlim] sample:		790.5 time, 850.4 real, 256.9 MB
[runlim] sample:		800.5 time, 860.4 real, 258.7 MB
[runlim] sample:		809.8 time, 870.4 real, 260.0 MB
[runlim] sample:		819.3 time, 880.4 real, 262.9 MB
[runlim] sample:		829.3 time, 890.4 real, 263.1 MB
[runlim] sample:		839.3 time, 900.4 real, 263.1 MB
[runlim] sample:		849.3 time, 910.4 real, 263.1 MB
[runlim] sample:		859.3 time, 920.4 real, 263.4 MB
[runlim] sample:		869.3 time, 930.4 real, 264.4 MB
[runlim] sample:		878.9 time, 940.4 real, 264.7 MB
[runlim] sample:		888.8 time, 950.4 real, 269.5 MB
[runlim] sample:		898.8 time, 960.4 real, 269.5 MB
[runlim] sample:		908.9 time, 970.4 real, 271.8 MB
[runlim] sample:		918.8 time, 980.4 real, 271.8 MB
[runlim] sample:		928.8 time, 990.4 real, 272.6 MB
[runlim] sample:		938.8 time, 1000.4 real, 272.6 MB
[runlim] sample:		948.4 time, 1010.4 real, 272.8 MB
[runlim] sample:		956.9 time, 1020.4 real, 273.3 MB
[runlim] sample:		966.6 time, 1030.4 real, 276.2 MB
[runlim] sample:		976.2 time, 1040.4 real, 276.4 MB
[runlim] sample:		985.9 time, 1050.4 real, 276.4 MB
[runlim] sample:		995.9 time, 1060.4 real, 276.4 MB
[runlim] sample:		1005.9 time, 1070.4 real, 276.7 MB
[runlim] sample:		1015.9 time, 1080.4 real, 276.9 MB
[runlim] sample:		1025.9 time, 1090.4 real, 278.2 MB
[runlim] sample:		1035.9 time, 1100.4 real, 280.0 MB
[runlim] sample:		1045.9 time, 1110.4 real, 280.0 MB
[runlim] sample:		1055.9 time, 1120.4 real, 283.1 MB
[runlim] sample:		1065.9 time, 1130.4 real, 283.1 MB
[runlim] sample:		1075.9 time, 1140.4 real, 284.1 MB
[runlim] sample:		1085.9 time, 1150.4 real, 289.5 MB
[runlim] sample:		1095.9 time, 1160.4 real, 289.8 MB
[runlim] sample:		1105.9 time, 1170.4 real, 290.8 MB
[runlim] sample:		1115.9 time, 1180.4 real, 290.8 MB
[runlim] sample:		1125.9 time, 1190.4 real, 291.1 MB
[runlim] sample:		1135.9 time, 1200.4 real, 291.1 MB
[runlim] sample:		1144.8 time, 1210.4 real, 291.1 MB
[runlim] sample:		1154.6 time, 1220.4 real, 292.9 MB
[runlim] sample:		1164.0 time, 1230.4 real, 292.9 MB
[runlim] sample:		1173.8 time, 1240.4 real, 293.4 MB
[runlim] sample:		1183.8 time, 1250.4 real, 293.4 MB
[runlim] sample:		1193.8 time, 1260.4 real, 296.0 MB
[runlim] sample:		1203.1 time, 1270.4 real, 297.0 MB
[runlim] sample:		1212.7 time, 1280.4 real, 297.0 MB
[runlim] sample:		1222.3 time, 1290.4 real, 298.0 MB
[runlim] sample:		1230.8 time, 1300.4 real, 299.1 MB
[runlim] sample:		1240.0 time, 1310.4 real, 299.1 MB
[runlim] sample:		1249.7 time, 1320.4 real, 299.6 MB
[runlim] sample:		1258.5 time, 1330.4 real, 300.6 MB
[runlim] sample:		1268.2 time, 1340.4 real, 300.6 MB
[runlim] sample:		1277.7 time, 1350.4 real, 300.6 MB
[runlim] sample:		1286.5 time, 1360.4 real, 301.6 MB
[runlim] sample:		1295.7 time, 1370.4 real, 301.6 MB
[runlim] sample:		1304.7 time, 1380.4 real, 301.6 MB
[runlim] sample:		1314.6 time, 1390.4 real, 302.7 MB
[runlim] sample:		1324.6 time, 1400.4 real, 302.7 MB
[runlim] sample:		1334.6 time, 1410.4 real, 302.9 MB
[runlim] sample:		1344.6 time, 1420.4 real, 304.2 MB
[runlim] sample:		1354.6 time, 1430.4 real, 304.2 MB
[runlim] sample:		1364.6 time, 1440.4 real, 304.5 MB
[runlim] sample:		1374.6 time, 1450.4 real, 304.7 MB
[runlim] sample:		1384.6 time, 1460.4 real, 304.7 MB
[runlim] sample:		1394.0 time, 1470.4 real, 305.0 MB
[runlim] sample:		1403.4 time, 1480.4 real, 305.0 MB
[runlim] sample:		1413.0 time, 1490.4 real, 305.5 MB
[runlim] sample:		1422.0 time, 1500.4 real, 308.1 MB
[runlim] sample:		1432.0 time, 1510.4 real, 308.1 MB
[runlim] sample:		1442.0 time, 1520.4 real, 309.1 MB
[runlim] sample:		1452.0 time, 1530.4 real, 311.9 MB
[runlim] sample:		1462.0 time, 1540.4 real, 311.9 MB
[runlim] sample:		1472.0 time, 1550.4 real, 311.9 MB
[runlim] sample:		1482.0 time, 1560.4 real, 311.9 MB
[runlim] sample:		1491.6 time, 1570.4 real, 312.2 MB
[runlim] sample:		1501.3 time, 1580.4 real, 312.2 MB
[runlim] sample:		1511.1 time, 1590.4 real, 312.2 MB
[runlim] sample:		1520.7 time, 1600.4 real, 312.2 MB
[runlim] sample:		1530.7 time, 1610.4 real, 312.2 MB
[runlim] sample:		1540.7 time, 1620.4 real, 312.2 MB
[runlim] sample:		1550.7 time, 1630.4 real, 313.2 MB
[runlim] sample:		1560.7 time, 1640.4 real, 315.5 MB
[runlim] sample:		1570.6 time, 1650.4 real, 315.5 MB
[runlim] sample:		1579.6 time, 1660.4 real, 316.6 MB
[runlim] sample:		1588.8 time, 1670.4 real, 318.9 MB
[runlim] sample:		1598.5 time, 1680.4 real, 318.9 MB
[runlim] sample:		1607.2 time, 1690.4 real, 318.9 MB
[runlim] sample:		1617.1 time, 1700.4 real, 318.9 MB
[runlim] sample:		1627.1 time, 1710.4 real, 320.2 MB
[runlim] sample:		1637.1 time, 1720.4 real, 320.2 MB
[runlim] sample:		1647.1 time, 1730.4 real, 320.2 MB
[runlim] sample:		1657.1 time, 1740.4 real, 320.4 MB
[runlim] sample:		1667.1 time, 1750.4 real, 320.7 MB
[runlim] sample:		1677.1 time, 1760.4 real, 320.7 MB
[runlim] sample:		1687.1 time, 1770.4 real, 320.7 MB
[runlim] sample:		1697.1 time, 1780.4 real, 320.7 MB
[runlim] sample:		1707.1 time, 1790.4 real, 324.8 MB
[runlim] sample:		1717.0 time, 1800.4 real, 324.8 MB
[runlim] sample:		1727.0 time, 1810.4 real, 324.8 MB
[runlim] sample:		1737.0 time, 1820.4 real, 324.8 MB
[runlim] sample:		1747.0 time, 1830.4 real, 325.3 MB
[runlim] sample:		1757.0 time, 1840.4 real, 327.4 MB
[runlim] sample:		1767.0 time, 1850.4 real, 327.7 MB
[runlim] sample:		1777.0 time, 1860.4 real, 327.7 MB
[runlim] sample:		1787.0 time, 1870.4 real, 327.7 MB
[runlim] sample:		1797.0 time, 1880.4 real, 327.7 MB
CVC4 interrupted by SIGTERM.
[runlim] end:			Fri Feb 15 03:54:14 2019
[runlim] status:		out of time
[runlim] result:		2
[runlim] children:		0
[runlim] real:			1883.45 seconds
[runlim] time:			1800.02 seconds
[runlim] space:			327.7 MB
[runlim] samples:		18830
