[runlim] version:		1.10fixed
[runlim] time limit:		300 seconds
[runlim] real time limit:	311040000 seconds
[runlim] space limit:		4000 MB
[runlim] argv[0]:		./cvc4
[runlim] argv[1]:		--nl-ext-tplanes
[runlim] argv[2]:		--full-saturate-quant
[runlim] argv[3]:		--no-e-matching
[runlim] argv[4]:		/tmp/2DmbBbGF.smt2
[runlim] start:			Wed Feb 13 23:56:39 2019
[runlim] main pid:		4429
[runlim] sample:		8.1 time, 10.5 real, 46.3 MB
[runlim] sample:		17.8 time, 20.5 real, 58.4 MB
[runlim] sample:		26.6 time, 30.5 real, 66.3 MB
[runlim] sample:		35.8 time, 40.5 real, 73.3 MB
[runlim] sample:		44.3 time, 50.5 real, 77.7 MB
[runlim] sample:		53.1 time, 60.5 real, 83.6 MB
[runlim] sample:		63.0 time, 70.5 real, 87.2 MB
[runlim] sample:		73.0 time, 80.5 real, 89.5 MB
[runlim] sample:		83.0 time, 90.5 real, 95.9 MB
[runlim] sample:		92.1 time, 100.5 real, 99.2 MB
[runlim] sample:		101.6 time, 110.5 real, 103.9 MB
[runlim] sample:		111.6 time, 120.5 real, 104.4 MB
[runlim] sample:		121.6 time, 130.5 real, 111.1 MB
[runlim] sample:		131.6 time, 140.5 real, 113.1 MB
[runlim] sample:		141.6 time, 150.5 real, 116.0 MB
[runlim] sample:		151.6 time, 160.5 real, 119.1 MB
[runlim] sample:		161.3 time, 170.5 real, 123.5 MB
[runlim] sample:		171.2 time, 180.5 real, 125.8 MB
[runlim] sample:		180.3 time, 190.5 real, 127.4 MB
[runlim] sample:		190.0 time, 200.5 real, 129.4 MB
[runlim] sample:		199.7 time, 210.5 real, 133.0 MB
[runlim] sample:		209.4 time, 220.5 real, 133.8 MB
[runlim] sample:		219.3 time, 230.5 real, 134.1 MB
[runlim] sample:		228.5 time, 240.5 real, 134.1 MB
[runlim] sample:		238.1 time, 250.5 real, 138.9 MB
[runlim] sample:		248.1 time, 260.5 real, 140.5 MB
[runlim] sample:		258.1 time, 270.5 real, 143.3 MB
[runlim] sample:		267.9 time, 280.5 real, 144.9 MB
[runlim] sample:		277.6 time, 290.5 real, 149.5 MB
[runlim] sample:		286.8 time, 300.5 real, 149.8 MB
[runlim] sample:		295.9 time, 310.5 real, 151.1 MB
CVC4 interrupted by SIGTERM.
[runlim] end:			Thu Feb 14 00:01:53 2019
[runlim] status:		out of time
[runlim] result:		2
[runlim] children:		0
[runlim] real:			314.89 seconds
[runlim] time:			300.09 seconds
[runlim] space:			153.9 MB
[runlim] samples:		3144
