[runlim] version:		1.10fixed
[runlim] time limit:		1800 seconds
[runlim] real time limit:	311040000 seconds
[runlim] space limit:		4000 MB
[runlim] argv[0]:		./cvc4
[runlim] argv[1]:		--nl-ext-tplanes
[runlim] argv[2]:		--full-saturate-quant
[runlim] argv[3]:		--no-e-matching
[runlim] argv[4]:		/tmp/mMuDms1R.smt2
[runlim] start:			Fri Feb 15 03:22:45 2019
[runlim] main pid:		27571
[runlim] sample:		8.8 time, 10.5 real, 44.4 MB
[runlim] end:			Fri Feb 15 03:22:55 2019
[runlim] status:		ok
[runlim] result:		0
[runlim] children:		0
[runlim] real:			10.51 seconds
[runlim] time:			8.75 seconds
[runlim] space:			44.4 MB
[runlim] samples:		100
