[runlim] version:		1.10fixed
[runlim] time limit:		1800 seconds
[runlim] real time limit:	311040000 seconds
[runlim] space limit:		4000 MB
[runlim] argv[0]:		./cvc4
[runlim] argv[1]:		--nl-ext-tplanes
[runlim] argv[2]:		--full-saturate-quant
[runlim] argv[3]:		--no-e-matching
[runlim] argv[4]:		/tmp/FYIMZRVE.smt2
[runlim] start:			Fri Feb 15 03:20:24 2019
[runlim] main pid:		22025
[runlim] sample:		9.3 time, 10.5 real, 49.2 MB
[runlim] sample:		19.3 time, 20.5 real, 59.4 MB
[runlim] sample:		29.3 time, 30.5 real, 66.1 MB
[runlim] sample:		39.3 time, 40.5 real, 70.3 MB
[runlim] sample:		48.0 time, 50.5 real, 75.6 MB
[runlim] sample:		56.7 time, 60.5 real, 79.2 MB
[runlim] sample:		65.4 time, 70.5 real, 83.1 MB
[runlim] sample:		74.1 time, 80.5 real, 85.1 MB
[runlim] sample:		82.9 time, 90.5 real, 87.7 MB
[runlim] sample:		92.0 time, 100.5 real, 89.8 MB
[runlim] sample:		101.5 time, 110.5 real, 96.2 MB
[runlim] sample:		110.2 time, 120.5 real, 97.8 MB
[runlim] sample:		118.8 time, 130.5 real, 99.8 MB
[runlim] sample:		127.8 time, 140.5 real, 100.9 MB
[runlim] sample:		137.8 time, 150.5 real, 107.8 MB
[runlim] sample:		147.8 time, 160.5 real, 108.1 MB
[runlim] sample:		157.7 time, 170.5 real, 108.6 MB
[runlim] sample:		167.7 time, 180.5 real, 109.1 MB
[runlim] sample:		177.7 time, 190.5 real, 110.4 MB
[runlim] sample:		187.7 time, 200.5 real, 112.5 MB
[runlim] sample:		197.7 time, 210.5 real, 114.0 MB
[runlim] sample:		207.7 time, 220.5 real, 115.3 MB
[runlim] sample:		217.7 time, 230.5 real, 116.8 MB
[runlim] sample:		227.7 time, 240.5 real, 118.9 MB
[runlim] sample:		237.7 time, 250.5 real, 119.9 MB
[runlim] sample:		247.7 time, 260.5 real, 120.5 MB
[runlim] sample:		257.6 time, 270.5 real, 130.9 MB
[runlim] sample:		266.2 time, 280.5 real, 130.9 MB
[runlim] sample:		275.8 time, 290.5 real, 131.2 MB
[runlim] sample:		283.5 time, 300.5 real, 131.2 MB
[runlim] sample:		292.0 time, 310.5 real, 131.7 MB
[runlim] sample:		302.0 time, 320.5 real, 133.0 MB
[runlim] sample:		312.0 time, 330.5 real, 133.5 MB
[runlim] sample:		322.0 time, 340.5 real, 133.5 MB
[runlim] sample:		331.6 time, 350.5 real, 135.1 MB
[runlim] sample:		341.1 time, 360.5 real, 136.1 MB
[runlim] sample:		351.1 time, 370.5 real, 138.0 MB
[runlim] sample:		361.1 time, 380.5 real, 138.6 MB
[runlim] sample:		371.1 time, 390.5 real, 138.8 MB
[runlim] sample:		381.1 time, 400.5 real, 140.4 MB
[runlim] sample:		391.1 time, 410.5 real, 141.2 MB
[runlim] sample:		400.6 time, 420.5 real, 142.0 MB
[runlim] sample:		409.1 time, 430.5 real, 143.0 MB
[runlim] sample:		417.0 time, 440.5 real, 144.0 MB
[runlim] sample:		426.1 time, 450.5 real, 144.8 MB
[runlim] sample:		436.1 time, 460.5 real, 145.8 MB
[runlim] sample:		446.1 time, 470.5 real, 147.1 MB
[runlim] sample:		456.1 time, 480.5 real, 148.7 MB
[runlim] sample:		466.1 time, 490.5 real, 149.4 MB
[runlim] sample:		474.6 time, 500.5 real, 150.2 MB
[runlim] sample:		483.6 time, 510.5 real, 151.2 MB
[runlim] sample:		492.1 time, 520.5 real, 151.7 MB
[runlim] sample:		500.7 time, 530.5 real, 152.0 MB
[runlim] sample:		510.5 time, 540.5 real, 152.0 MB
[runlim] sample:		520.3 time, 550.5 real, 165.4 MB
[runlim] sample:		529.3 time, 560.5 real, 165.7 MB
[runlim] sample:		537.9 time, 570.5 real, 165.7 MB
[runlim] sample:		546.2 time, 580.5 real, 165.9 MB
[runlim] sample:		556.2 time, 590.5 real, 165.9 MB
[runlim] sample:		566.2 time, 600.5 real, 166.2 MB
[runlim] sample:		576.2 time, 610.5 real, 166.2 MB
[runlim] sample:		586.2 time, 620.5 real, 166.7 MB
[runlim] sample:		596.2 time, 630.5 real, 167.0 MB
[runlim] sample:		606.2 time, 640.5 real, 167.2 MB
[runlim] sample:		616.2 time, 650.5 real, 167.2 MB
[runlim] sample:		626.2 time, 660.5 real, 167.7 MB
[runlim] sample:		636.2 time, 670.5 real, 168.8 MB
[runlim] sample:		646.2 time, 680.5 real, 169.3 MB
[runlim] sample:		656.2 time, 690.5 real, 171.4 MB
[runlim] sample:		666.2 time, 700.5 real, 171.4 MB
[runlim] sample:		676.2 time, 710.5 real, 171.9 MB
[runlim] sample:		686.2 time, 720.5 real, 171.9 MB
[runlim] sample:		696.2 time, 730.5 real, 172.4 MB
[runlim] sample:		706.2 time, 740.5 real, 173.4 MB
[runlim] sample:		716.2 time, 750.5 real, 174.2 MB
[runlim] sample:		726.2 time, 760.5 real, 174.2 MB
[runlim] sample:		736.2 time, 770.5 real, 177.3 MB
[runlim] sample:		746.1 time, 780.5 real, 187.6 MB
[runlim] sample:		756.1 time, 790.5 real, 187.9 MB
[runlim] sample:		766.1 time, 800.5 real, 188.4 MB
[runlim] sample:		776.1 time, 810.5 real, 188.4 MB
[runlim] sample:		786.1 time, 820.5 real, 188.4 MB
[runlim] sample:		796.1 time, 830.5 real, 189.9 MB
[runlim] sample:		806.1 time, 840.5 real, 190.2 MB
[runlim] sample:		816.1 time, 850.5 real, 190.2 MB
[runlim] sample:		826.1 time, 860.5 real, 190.2 MB
[runlim] sample:		836.1 time, 870.5 real, 190.2 MB
[runlim] sample:		846.1 time, 880.5 real, 190.7 MB
[runlim] sample:		856.1 time, 890.5 real, 190.7 MB
[runlim] sample:		866.1 time, 900.5 real, 190.7 MB
[runlim] sample:		876.1 time, 910.5 real, 190.7 MB
[runlim] sample:		886.1 time, 920.5 real, 191.0 MB
[runlim] sample:		896.1 time, 930.5 real, 191.0 MB
[runlim] sample:		906.1 time, 940.5 real, 191.2 MB
[runlim] sample:		916.1 time, 950.5 real, 191.2 MB
[runlim] sample:		926.1 time, 960.5 real, 191.5 MB
[runlim] sample:		936.1 time, 970.5 real, 191.5 MB
[runlim] sample:		946.1 time, 980.5 real, 191.7 MB
[runlim] sample:		956.1 time, 990.5 real, 192.5 MB
[runlim] sample:		966.1 time, 1000.5 real, 193.3 MB
[runlim] sample:		976.1 time, 1010.5 real, 193.8 MB
[runlim] sample:		986.1 time, 1020.5 real, 194.6 MB
[runlim] sample:		996.1 time, 1030.5 real, 195.1 MB
[runlim] sample:		1006.1 time, 1040.5 real, 196.4 MB
[runlim] sample:		1016.1 time, 1050.5 real, 196.9 MB
[runlim] sample:		1026.1 time, 1060.5 real, 196.9 MB
[runlim] sample:		1036.1 time, 1070.5 real, 196.9 MB
[runlim] sample:		1046.1 time, 1080.5 real, 196.9 MB
[runlim] sample:		1056.1 time, 1090.5 real, 197.9 MB
[runlim] sample:		1066.1 time, 1100.5 real, 198.4 MB
[runlim] sample:		1076.1 time, 1110.5 real, 199.7 MB
[runlim] sample:		1086.1 time, 1120.5 real, 199.7 MB
[runlim] sample:		1096.1 time, 1130.5 real, 200.2 MB
[runlim] sample:		1106.1 time, 1140.5 real, 200.5 MB
[runlim] sample:		1116.1 time, 1150.5 real, 201.3 MB
[runlim] sample:		1126.1 time, 1160.5 real, 201.5 MB
[runlim] sample:		1136.1 time, 1170.5 real, 202.3 MB
[runlim] sample:		1146.1 time, 1180.5 real, 202.8 MB
[runlim] sample:		1156.1 time, 1190.5 real, 204.1 MB
[runlim] sample:		1166.1 time, 1200.5 real, 204.4 MB
[runlim] sample:		1176.1 time, 1210.5 real, 204.6 MB
[runlim] sample:		1186.1 time, 1220.5 real, 204.6 MB
[runlim] sample:		1196.1 time, 1230.5 real, 205.4 MB
[runlim] sample:		1206.1 time, 1240.5 real, 205.4 MB
[runlim] sample:		1216.1 time, 1250.5 real, 206.2 MB
[runlim] sample:		1226.1 time, 1260.5 real, 206.2 MB
[runlim] sample:		1236.1 time, 1270.5 real, 207.2 MB
[runlim] sample:		1246.1 time, 1280.5 real, 207.2 MB
[runlim] sample:		1256.1 time, 1290.5 real, 208.0 MB
[runlim] sample:		1266.1 time, 1300.5 real, 208.0 MB
[runlim] sample:		1276.1 time, 1310.5 real, 208.2 MB
[runlim] sample:		1286.1 time, 1320.5 real, 208.7 MB
[runlim] sample:		1296.1 time, 1330.5 real, 209.0 MB
[runlim] sample:		1306.1 time, 1340.5 real, 209.0 MB
[runlim] sample:		1316.1 time, 1350.5 real, 209.0 MB
[runlim] sample:		1326.1 time, 1360.5 real, 209.0 MB
[runlim] sample:		1336.0 time, 1370.5 real, 209.5 MB
[runlim] sample:		1346.0 time, 1380.5 real, 209.5 MB
[runlim] sample:		1356.0 time, 1390.5 real, 210.0 MB
[runlim] sample:		1366.0 time, 1400.5 real, 211.0 MB
[runlim] sample:		1376.0 time, 1410.5 real, 235.9 MB
[runlim] sample:		1386.0 time, 1420.5 real, 236.7 MB
[runlim] sample:		1396.0 time, 1430.5 real, 236.7 MB
[runlim] sample:		1406.0 time, 1440.5 real, 236.9 MB
[runlim] sample:		1416.0 time, 1450.5 real, 236.9 MB
[runlim] sample:		1426.0 time, 1460.5 real, 238.7 MB
[runlim] sample:		1435.7 time, 1470.5 real, 238.7 MB
[runlim] sample:		1445.6 time, 1480.5 real, 238.7 MB
[runlim] sample:		1455.0 time, 1490.5 real, 239.0 MB
[runlim] sample:		1464.5 time, 1500.5 real, 239.0 MB
[runlim] sample:		1474.5 time, 1510.5 real, 239.0 MB
[runlim] sample:		1484.5 time, 1520.5 real, 239.0 MB
[runlim] sample:		1494.3 time, 1530.5 real, 239.2 MB
[runlim] sample:		1502.2 time, 1540.5 real, 239.2 MB
[runlim] sample:		1510.5 time, 1550.5 real, 239.2 MB
[runlim] sample:		1518.8 time, 1560.5 real, 239.2 MB
[runlim] sample:		1526.7 time, 1570.5 real, 239.2 MB
[runlim] sample:		1533.7 time, 1580.5 real, 239.2 MB
[runlim] sample:		1542.6 time, 1590.5 real, 239.2 MB
[runlim] sample:		1552.6 time, 1600.5 real, 240.0 MB
[runlim] sample:		1562.6 time, 1610.5 real, 240.0 MB
[runlim] sample:		1572.6 time, 1620.5 real, 240.0 MB
[runlim] sample:		1582.6 time, 1630.5 real, 240.0 MB
[runlim] sample:		1591.5 time, 1640.5 real, 240.3 MB
[runlim] sample:		1601.5 time, 1650.5 real, 240.3 MB
[runlim] sample:		1611.5 time, 1660.5 real, 240.8 MB
[runlim] sample:		1621.1 time, 1670.5 real, 241.0 MB
[runlim] sample:		1630.1 time, 1680.5 real, 241.0 MB
[runlim] sample:		1638.6 time, 1690.5 real, 241.0 MB
[runlim] sample:		1647.0 time, 1700.5 real, 241.0 MB
[runlim] sample:		1656.2 time, 1710.5 real, 241.8 MB
[runlim] sample:		1665.8 time, 1720.5 real, 241.8 MB
[runlim] sample:		1675.6 time, 1730.5 real, 242.1 MB
[runlim] sample:		1685.6 time, 1740.5 real, 242.1 MB
[runlim] sample:		1695.6 time, 1750.5 real, 255.7 MB
[runlim] sample:		1705.6 time, 1760.5 real, 255.7 MB
[runlim] sample:		1715.6 time, 1770.5 real, 255.7 MB
[runlim] sample:		1725.6 time, 1780.5 real, 255.7 MB
[runlim] sample:		1735.6 time, 1790.5 real, 256.0 MB
[runlim] sample:		1745.6 time, 1800.5 real, 256.0 MB
[runlim] sample:		1755.6 time, 1810.5 real, 256.0 MB
[runlim] sample:		1765.6 time, 1820.5 real, 256.0 MB
[runlim] sample:		1775.6 time, 1830.5 real, 256.0 MB
[runlim] sample:		1785.5 time, 1840.5 real, 256.2 MB
[runlim] sample:		1795.6 time, 1850.5 real, 256.2 MB
CVC4 interrupted by SIGTERM.
[runlim] end:			Fri Feb 15 03:51:19 2019
[runlim] status:		out of time
[runlim] result:		2
[runlim] children:		0
[runlim] real:			1855.04 seconds
[runlim] time:			1800.05 seconds
[runlim] space:			257.0 MB
[runlim] samples:		18545
