[runlim] version:		1.10fixed
[runlim] time limit:		1800 seconds
[runlim] real time limit:	311040000 seconds
[runlim] space limit:		4000 MB
[runlim] argv[0]:		./cvc4
[runlim] argv[1]:		--nl-ext-tplanes
[runlim] argv[2]:		--full-saturate-quant
[runlim] argv[3]:		--no-e-matching
[runlim] argv[4]:		/tmp/tLq4xKs0.smt2
[runlim] start:			Tue Feb 19 03:34:44 2019
[runlim] main pid:		26482
[runlim] sample:		9.4 time, 10.1 real, 63.9 MB
[runlim] sample:		17.8 time, 20.1 real, 106.1 MB
[runlim] sample:		26.5 time, 30.1 real, 145.1 MB
[runlim] sample:		35.6 time, 40.1 real, 183.1 MB
[runlim] sample:		45.6 time, 50.1 real, 225.9 MB
[runlim] sample:		54.7 time, 60.1 real, 267.9 MB
[runlim] sample:		64.7 time, 70.1 real, 309.1 MB
[runlim] sample:		74.1 time, 80.1 real, 347.7 MB
[runlim] sample:		83.5 time, 90.1 real, 384.6 MB
[runlim] sample:		92.8 time, 100.1 real, 427.7 MB
[runlim] sample:		101.5 time, 110.1 real, 468.9 MB
[runlim] sample:		111.5 time, 120.1 real, 491.4 MB
[runlim] sample:		120.5 time, 130.1 real, 528.2 MB
[runlim] sample:		129.6 time, 140.1 real, 564.3 MB
[runlim] sample:		138.6 time, 150.1 real, 602.9 MB
[runlim] sample:		147.1 time, 160.1 real, 636.0 MB
[runlim] sample:		156.5 time, 170.1 real, 679.0 MB
[runlim] sample:		166.1 time, 180.1 real, 718.5 MB
[runlim] sample:		176.1 time, 190.1 real, 759.0 MB
[runlim] sample:		185.9 time, 200.1 real, 809.3 MB
[runlim] sample:		193.3 time, 210.1 real, 837.4 MB
[runlim] sample:		200.8 time, 220.1 real, 867.1 MB
[runlim] sample:		209.7 time, 230.1 real, 915.5 MB
[runlim] sample:		219.5 time, 240.1 real, 934.5 MB
[runlim] sample:		229.5 time, 250.1 real, 974.4 MB
[runlim] sample:		239.5 time, 260.1 real, 1013.9 MB
[runlim] sample:		249.5 time, 270.1 real, 1053.6 MB
[runlim] sample:		259.5 time, 280.1 real, 1092.8 MB
[runlim] sample:		269.5 time, 290.1 real, 1134.8 MB
[runlim] sample:		279.5 time, 300.1 real, 1176.3 MB
[runlim] sample:		289.5 time, 310.1 real, 1215.5 MB
[runlim] sample:		299.5 time, 320.1 real, 1257.8 MB
[runlim] sample:		309.5 time, 330.1 real, 1304.5 MB
[runlim] sample:		318.9 time, 340.1 real, 1339.1 MB
[runlim] sample:		328.3 time, 350.1 real, 1345.8 MB
[runlim] sample:		337.7 time, 360.1 real, 1381.9 MB
[runlim] sample:		347.0 time, 370.1 real, 1418.1 MB
[runlim] sample:		356.4 time, 380.1 real, 1454.7 MB
[runlim] sample:		366.2 time, 390.1 real, 1493.1 MB
[runlim] sample:		376.2 time, 400.1 real, 1532.1 MB
[runlim] sample:		386.2 time, 410.1 real, 1595.2 MB
[runlim] sample:		396.2 time, 420.1 real, 1634.3 MB
[runlim] sample:		406.2 time, 430.1 real, 1673.8 MB
[runlim] sample:		416.2 time, 440.1 real, 1713.0 MB
[runlim] sample:		426.2 time, 450.1 real, 1784.4 MB
[runlim] sample:		436.2 time, 460.1 real, 1796.0 MB
[runlim] sample:		446.1 time, 470.1 real, 1839.3 MB
[runlim] sample:		456.1 time, 480.1 real, 1879.3 MB
[runlim] sample:		466.1 time, 490.1 real, 1923.6 MB
[runlim] sample:		476.1 time, 500.1 real, 1963.6 MB
[runlim] sample:		486.1 time, 510.1 real, 2003.3 MB
[runlim] sample:		496.1 time, 520.1 real, 2043.0 MB
[runlim] sample:		506.0 time, 530.1 real, 2082.4 MB
[runlim] sample:		515.8 time, 540.1 real, 2121.6 MB
[runlim] sample:		525.7 time, 550.1 real, 2161.3 MB
[runlim] sample:		534.9 time, 560.1 real, 2197.1 MB
[runlim] sample:		542.8 time, 570.1 real, 2235.8 MB
[runlim] sample:		551.4 time, 580.1 real, 2236.6 MB
[runlim] sample:		559.9 time, 590.1 real, 2261.1 MB
[runlim] sample:		568.5 time, 600.1 real, 2294.8 MB
[runlim] sample:		577.1 time, 610.1 real, 2332.5 MB
[runlim] sample:		585.7 time, 620.1 real, 2366.5 MB
[runlim] sample:		595.0 time, 630.1 real, 2403.1 MB
[runlim] sample:		605.0 time, 640.1 real, 2442.6 MB
[runlim] sample:		615.0 time, 650.1 real, 2482.0 MB
[runlim] sample:		625.0 time, 660.1 real, 2521.5 MB
[runlim] sample:		635.0 time, 670.1 real, 2560.6 MB
[runlim] sample:		645.0 time, 680.1 real, 2616.3 MB
[runlim] sample:		655.0 time, 690.1 real, 2641.1 MB
[runlim] sample:		665.0 time, 700.1 real, 2651.7 MB
[runlim] sample:		675.0 time, 710.1 real, 2690.3 MB
[runlim] sample:		685.0 time, 720.1 real, 2729.5 MB
[runlim] sample:		695.0 time, 730.1 real, 2775.4 MB
[runlim] sample:		705.0 time, 740.1 real, 2814.9 MB
[runlim] sample:		714.7 time, 750.1 real, 2852.5 MB
[runlim] sample:		723.2 time, 760.1 real, 2885.0 MB
[runlim] sample:		731.8 time, 770.1 real, 2917.2 MB
[runlim] sample:		740.3 time, 780.1 real, 2949.4 MB
[runlim] sample:		748.6 time, 790.1 real, 2980.9 MB
[runlim] sample:		757.4 time, 800.1 real, 3014.4 MB
[runlim] sample:		765.9 time, 810.1 real, 3045.1 MB
[runlim] sample:		774.1 time, 820.1 real, 3046.9 MB
[runlim] sample:		782.6 time, 830.1 real, 3062.4 MB
[runlim] sample:		792.6 time, 840.1 real, 3100.8 MB
[runlim] sample:		802.6 time, 850.1 real, 3157.5 MB
[runlim] sample:		812.1 time, 860.1 real, 3224.3 MB
[runlim] sample:		821.9 time, 870.1 real, 3263.2 MB
[runlim] sample:		831.9 time, 880.1 real, 3303.5 MB
[runlim] sample:		841.7 time, 890.1 real, 3343.2 MB
[runlim] sample:		851.4 time, 900.1 real, 3382.1 MB
[runlim] sample:		861.1 time, 910.1 real, 3420.3 MB
[runlim] sample:		870.8 time, 920.1 real, 3458.9 MB
[runlim] sample:		879.7 time, 930.1 real, 3512.6 MB
[runlim] sample:		888.2 time, 940.1 real, 3518.7 MB
[runlim] sample:		897.9 time, 950.1 real, 3577.8 MB
[runlim] sample:		907.7 time, 960.1 real, 3606.4 MB
[runlim] sample:		917.7 time, 970.1 real, 3645.6 MB
[runlim] sample:		927.7 time, 980.1 real, 3717.3 MB
[runlim] sample:		937.5 time, 990.1 real, 3756.2 MB
[runlim] sample:		947.3 time, 1000.1 real, 3795.4 MB
[runlim] sample:		957.3 time, 1010.1 real, 3835.1 MB
[runlim] sample:		967.3 time, 1020.1 real, 3875.3 MB
[runlim] sample:		977.3 time, 1030.1 real, 3915.0 MB
[runlim] sample:		987.3 time, 1040.1 real, 3955.0 MB
[runlim] sample:		997.3 time, 1050.1 real, 3988.8 MB
[runlim] sample:		1007.3 time, 1060.1 real, 3991.3 MB
CVC4 interrupted by SIGTERM.
[runlim] end:			Tue Feb 19 03:52:30 2019
[runlim] status:		out of memory
[runlim] result:		3
[runlim] children:		0
[runlim] real:			1066.27 seconds
[runlim] time:			1013.24 seconds
[runlim] space:			4000.4 MB
[runlim] samples:		10661
