[runlim] version:		1.10fixed
[runlim] time limit:		1800 seconds
[runlim] real time limit:	311040000 seconds
[runlim] space limit:		4000 MB
[runlim] argv[0]:		./cvc4
[runlim] argv[1]:		--nl-ext-tplanes
[runlim] argv[2]:		--full-saturate-quant
[runlim] argv[3]:		--no-e-matching
[runlim] argv[4]:		/tmp/ygItvRni.smt2
[runlim] start:			Tue Feb 19 03:28:09 2019
[runlim] main pid:		1081
[runlim] sample:		8.0 time, 10.2 real, 48.8 MB
[runlim] sample:		18.0 time, 20.2 real, 58.5 MB
[runlim] sample:		26.3 time, 30.2 real, 62.8 MB
[runlim] sample:		34.9 time, 40.2 real, 66.2 MB
[runlim] sample:		44.3 time, 50.2 real, 69.1 MB
[runlim] sample:		52.3 time, 60.2 real, 71.9 MB
[runlim] sample:		62.3 time, 70.2 real, 75.0 MB
[runlim] sample:		72.3 time, 80.2 real, 78.2 MB
[runlim] sample:		82.3 time, 90.2 real, 80.2 MB
[runlim] sample:		92.3 time, 100.2 real, 82.6 MB
[runlim] sample:		102.3 time, 110.2 real, 84.8 MB
[runlim] sample:		112.0 time, 120.2 real, 86.6 MB
[runlim] sample:		121.1 time, 130.2 real, 88.2 MB
[runlim] sample:		130.8 time, 140.2 real, 89.7 MB
[runlim] sample:		140.8 time, 150.2 real, 91.5 MB
[runlim] sample:		150.8 time, 160.2 real, 92.6 MB
[runlim] sample:		160.8 time, 170.2 real, 94.6 MB
[runlim] sample:		170.8 time, 180.2 real, 96.7 MB
[runlim] sample:		180.8 time, 190.2 real, 98.2 MB
[runlim] sample:		190.8 time, 200.2 real, 99.8 MB
[runlim] sample:		200.3 time, 210.2 real, 100.8 MB
[runlim] sample:		208.6 time, 220.2 real, 102.5 MB
[runlim] sample:		217.2 time, 230.2 real, 103.5 MB
[runlim] sample:		226.5 time, 240.2 real, 104.8 MB
[runlim] sample:		235.7 time, 250.2 real, 105.9 MB
[runlim] sample:		244.3 time, 260.2 real, 105.9 MB
[runlim] sample:		253.8 time, 270.2 real, 107.7 MB
[runlim] sample:		263.4 time, 280.2 real, 108.7 MB
[runlim] sample:		273.1 time, 290.2 real, 110.0 MB
[runlim] sample:		282.7 time, 300.2 real, 111.3 MB
[runlim] sample:		292.4 time, 310.2 real, 112.3 MB
[runlim] sample:		301.8 time, 320.2 real, 112.8 MB
[runlim] sample:		311.2 time, 330.2 real, 113.3 MB
[runlim] sample:		320.7 time, 340.2 real, 114.6 MB
[runlim] sample:		330.7 time, 350.2 real, 114.9 MB
[runlim] sample:		340.7 time, 360.2 real, 116.4 MB
[runlim] sample:		349.7 time, 370.2 real, 116.7 MB
[runlim] sample:		358.2 time, 380.2 real, 117.7 MB
[runlim] sample:		367.2 time, 390.2 real, 118.2 MB
[runlim] sample:		375.5 time, 400.2 real, 119.0 MB
[runlim] sample:		384.0 time, 410.2 real, 119.5 MB
[runlim] sample:		392.9 time, 420.2 real, 120.5 MB
[runlim] sample:		401.3 time, 430.2 real, 121.8 MB
[runlim] sample:		409.9 time, 440.2 real, 122.1 MB
[runlim] sample:		419.1 time, 450.2 real, 122.6 MB
[runlim] sample:		429.1 time, 460.2 real, 123.6 MB
[runlim] sample:		439.1 time, 470.2 real, 124.4 MB
[runlim] sample:		448.5 time, 480.2 real, 125.4 MB
[runlim] sample:		458.2 time, 490.2 real, 126.2 MB
[runlim] sample:		465.8 time, 500.2 real, 126.7 MB
[runlim] sample:		475.0 time, 510.2 real, 127.2 MB
[runlim] sample:		484.2 time, 520.2 real, 128.0 MB
[runlim] sample:		494.2 time, 530.2 real, 129.3 MB
[runlim] sample:		504.2 time, 540.2 real, 129.5 MB
[runlim] sample:		514.1 time, 550.2 real, 130.0 MB
[runlim] sample:		522.4 time, 560.2 real, 130.5 MB
[runlim] sample:		532.4 time, 570.2 real, 131.1 MB
[runlim] sample:		542.4 time, 580.2 real, 132.2 MB
[runlim] sample:		552.4 time, 590.2 real, 132.5 MB
[runlim] sample:		562.4 time, 600.2 real, 134.0 MB
[runlim] sample:		572.4 time, 610.2 real, 134.3 MB
[runlim] sample:		580.7 time, 620.2 real, 134.3 MB
[runlim] sample:		590.4 time, 630.2 real, 135.6 MB
[runlim] sample:		600.4 time, 640.2 real, 135.6 MB
[runlim] sample:		610.4 time, 650.2 real, 136.4 MB
[runlim] sample:		620.4 time, 660.2 real, 138.5 MB
[runlim] sample:		630.4 time, 670.2 real, 138.5 MB
[runlim] sample:		639.9 time, 680.2 real, 139.1 MB
[runlim] sample:		647.6 time, 690.2 real, 139.9 MB
[runlim] sample:		657.6 time, 700.2 real, 140.7 MB
[runlim] sample:		667.6 time, 710.2 real, 141.2 MB
[runlim] sample:		677.5 time, 720.2 real, 142.5 MB
[runlim] sample:		687.5 time, 730.2 real, 143.4 MB
[runlim] sample:		697.5 time, 740.2 real, 144.4 MB
[runlim] sample:		707.5 time, 750.2 real, 145.2 MB
[runlim] sample:		717.3 time, 760.2 real, 145.5 MB
[runlim] sample:		727.3 time, 770.2 real, 146.8 MB
[runlim] sample:		737.2 time, 780.2 real, 146.8 MB
[runlim] sample:		747.2 time, 790.2 real, 147.0 MB
[runlim] sample:		757.2 time, 800.2 real, 147.3 MB
[runlim] sample:		765.5 time, 810.2 real, 147.5 MB
[runlim] sample:		773.5 time, 820.2 real, 148.6 MB
[runlim] sample:		782.5 time, 830.2 real, 148.8 MB
[runlim] sample:		790.7 time, 840.2 real, 149.8 MB
[runlim] sample:		800.3 time, 850.2 real, 150.1 MB
[runlim] sample:		809.9 time, 860.2 real, 150.6 MB
[runlim] sample:		818.9 time, 870.2 real, 151.6 MB
[runlim] sample:		828.0 time, 880.2 real, 151.6 MB
[runlim] sample:		837.6 time, 890.2 real, 152.1 MB
[runlim] sample:		847.0 time, 900.2 real, 153.4 MB
[runlim] sample:		855.3 time, 910.2 real, 153.7 MB
[runlim] sample:		864.7 time, 920.2 real, 153.7 MB
[runlim] sample:		874.3 time, 930.2 real, 154.2 MB
[runlim] sample:		883.7 time, 940.2 real, 155.0 MB
[runlim] sample:		893.4 time, 950.2 real, 155.2 MB
[runlim] sample:		903.0 time, 960.2 real, 155.2 MB
[runlim] sample:		912.7 time, 970.2 real, 155.7 MB
[runlim] sample:		922.6 time, 980.2 real, 155.7 MB
[runlim] sample:		932.6 time, 990.2 real, 156.5 MB
[runlim] sample:		942.6 time, 1000.2 real, 157.5 MB
[runlim] sample:		952.6 time, 1010.2 real, 158.1 MB
[runlim] sample:		962.6 time, 1020.2 real, 158.1 MB
[runlim] sample:		972.6 time, 1030.2 real, 158.6 MB
[runlim] sample:		980.8 time, 1040.2 real, 159.3 MB
[runlim] sample:		990.5 time, 1050.2 real, 159.6 MB
[runlim] sample:		1000.5 time, 1060.2 real, 159.8 MB
[runlim] sample:		1009.2 time, 1070.2 real, 160.4 MB
[runlim] sample:		1018.9 time, 1080.2 real, 160.9 MB
[runlim] sample:		1028.5 time, 1090.2 real, 160.9 MB
[runlim] sample:		1038.2 time, 1100.2 real, 162.2 MB
[runlim] sample:		1048.0 time, 1110.2 real, 162.7 MB
[runlim] sample:		1057.4 time, 1120.2 real, 162.9 MB
[runlim] sample:		1067.0 time, 1130.2 real, 162.9 MB
[runlim] sample:		1076.3 time, 1140.2 real, 163.4 MB
[runlim] sample:		1085.5 time, 1150.2 real, 164.0 MB
[runlim] sample:		1093.4 time, 1160.2 real, 164.5 MB
[runlim] sample:		1101.5 time, 1170.2 real, 165.2 MB
[runlim] sample:		1110.2 time, 1180.2 real, 165.2 MB
[runlim] sample:		1119.4 time, 1190.2 real, 165.2 MB
[runlim] sample:		1126.8 time, 1200.2 real, 165.2 MB
[runlim] sample:		1134.5 time, 1210.2 real, 166.0 MB
[runlim] sample:		1144.3 time, 1220.2 real, 166.5 MB
[runlim] sample:		1154.3 time, 1230.2 real, 167.0 MB
[runlim] sample:		1164.3 time, 1240.2 real, 167.6 MB
[runlim] sample:		1174.3 time, 1250.2 real, 167.8 MB
[runlim] sample:		1184.3 time, 1260.2 real, 168.3 MB
[runlim] sample:		1194.3 time, 1270.2 real, 168.6 MB
[runlim] sample:		1204.3 time, 1280.2 real, 169.3 MB
[runlim] sample:		1214.3 time, 1290.2 real, 169.9 MB
[runlim] sample:		1224.3 time, 1300.2 real, 170.1 MB
[runlim] sample:		1234.3 time, 1310.2 real, 170.1 MB
[runlim] sample:		1242.2 time, 1320.2 real, 170.4 MB
[runlim] sample:		1251.0 time, 1330.2 real, 170.9 MB
[runlim] sample:		1259.7 time, 1340.2 real, 170.9 MB
[runlim] sample:		1268.2 time, 1350.2 real, 172.2 MB
[runlim] sample:		1277.6 time, 1360.2 real, 172.2 MB
[runlim] sample:		1286.5 time, 1370.2 real, 172.2 MB
[runlim] sample:		1296.5 time, 1380.2 real, 172.4 MB
[runlim] sample:		1306.5 time, 1390.2 real, 172.7 MB
[runlim] sample:		1316.5 time, 1400.2 real, 172.9 MB
[runlim] sample:		1326.5 time, 1410.2 real, 172.9 MB
[runlim] sample:		1335.7 time, 1420.2 real, 174.9 MB
[runlim] sample:		1345.3 time, 1430.2 real, 175.4 MB
[runlim] sample:		1354.9 time, 1440.2 real, 175.4 MB
[runlim] sample:		1364.6 time, 1450.2 real, 175.6 MB
[runlim] sample:		1374.2 time, 1460.2 real, 175.6 MB
[runlim] sample:		1384.2 time, 1470.2 real, 176.5 MB
[runlim] sample:		1393.6 time, 1480.2 real, 177.5 MB
[runlim] sample:		1403.0 time, 1490.2 real, 177.5 MB
[runlim] sample:		1412.7 time, 1500.2 real, 178.0 MB
[runlim] sample:		1422.3 time, 1510.2 real, 178.0 MB
[runlim] sample:		1431.8 time, 1520.2 real, 178.3 MB
[runlim] sample:		1441.2 time, 1530.2 real, 178.3 MB
[runlim] sample:		1450.6 time, 1540.2 real, 178.8 MB
[runlim] sample:		1460.1 time, 1550.2 real, 180.5 MB
[runlim] sample:		1469.7 time, 1560.2 real, 180.5 MB
[runlim] sample:		1479.3 time, 1570.2 real, 182.0 MB
[runlim] sample:		1489.3 time, 1580.2 real, 182.3 MB
[runlim] sample:		1499.3 time, 1590.2 real, 182.3 MB
[runlim] sample:		1509.3 time, 1600.2 real, 182.3 MB
[runlim] sample:		1519.3 time, 1610.2 real, 182.3 MB
[runlim] sample:		1529.3 time, 1620.2 real, 185.5 MB
[runlim] sample:		1539.1 time, 1630.2 real, 185.5 MB
[runlim] sample:		1548.8 time, 1640.2 real, 185.7 MB
[runlim] sample:		1558.5 time, 1650.2 real, 185.7 MB
[runlim] sample:		1568.1 time, 1660.2 real, 186.0 MB
[runlim] sample:		1577.8 time, 1670.2 real, 186.0 MB
[runlim] sample:		1587.4 time, 1680.2 real, 186.5 MB
[runlim] sample:		1597.2 time, 1690.2 real, 186.5 MB
[runlim] sample:		1607.2 time, 1700.2 real, 187.8 MB
[runlim] sample:		1617.0 time, 1710.2 real, 187.8 MB
[runlim] sample:		1626.3 time, 1720.2 real, 188.3 MB
[runlim] sample:		1636.3 time, 1730.2 real, 188.3 MB
[runlim] sample:		1645.8 time, 1740.2 real, 188.5 MB
[runlim] sample:		1655.4 time, 1750.2 real, 188.5 MB
[runlim] sample:		1665.0 time, 1760.2 real, 189.0 MB
[runlim] sample:		1674.7 time, 1770.2 real, 189.0 MB
[runlim] sample:		1684.2 time, 1780.2 real, 190.1 MB
[runlim] sample:		1693.5 time, 1790.2 real, 190.1 MB
[runlim] sample:		1702.9 time, 1800.2 real, 190.6 MB
[runlim] sample:		1712.4 time, 1810.2 real, 190.6 MB
[runlim] sample:		1721.9 time, 1820.2 real, 190.8 MB
[runlim] sample:		1731.6 time, 1830.2 real, 190.8 MB
[runlim] sample:		1741.2 time, 1840.2 real, 191.6 MB
[runlim] sample:		1750.9 time, 1850.2 real, 191.6 MB
[runlim] sample:		1760.4 time, 1860.2 real, 192.6 MB
[runlim] sample:		1769.9 time, 1870.2 real, 192.6 MB
[runlim] sample:		1779.3 time, 1880.2 real, 192.9 MB
[runlim] sample:		1789.0 time, 1890.2 real, 192.9 MB
[runlim] sample:		1798.7 time, 1900.2 real, 193.9 MB
CVC4 interrupted by SIGTERM.
[runlim] end:			Tue Feb 19 03:59:50 2019
[runlim] status:		out of time
[runlim] result:		2
[runlim] children:		0
[runlim] real:			1901.76 seconds
[runlim] time:			1800.10 seconds
[runlim] space:			193.9 MB
[runlim] samples:		19015
