[runlim] version:		1.10fixed
[runlim] time limit:		1800 seconds
[runlim] real time limit:	311040000 seconds
[runlim] space limit:		4000 MB
[runlim] argv[0]:		./cvc4
[runlim] argv[1]:		--nl-ext-tplanes
[runlim] argv[2]:		--full-saturate-quant
[runlim] argv[3]:		--no-e-matching
[runlim] argv[4]:		/tmp/J8PD7lRO.smt2
[runlim] start:			Fri Feb 15 03:41:58 2019
[runlim] main pid:		30499
[runlim] sample:		8.0 time, 10.6 real, 47.3 MB
[runlim] sample:		18.0 time, 20.6 real, 56.8 MB
[runlim] sample:		28.0 time, 30.6 real, 62.9 MB
[runlim] sample:		37.5 time, 40.6 real, 67.8 MB
[runlim] sample:		47.5 time, 50.6 real, 71.4 MB
[runlim] sample:		57.5 time, 60.6 real, 74.8 MB
[runlim] sample:		67.5 time, 70.6 real, 79.1 MB
[runlim] sample:		77.5 time, 80.6 real, 82.0 MB
[runlim] sample:		87.2 time, 90.6 real, 84.8 MB
[runlim] sample:		97.2 time, 100.6 real, 86.9 MB
[runlim] sample:		107.2 time, 110.6 real, 91.4 MB
[runlim] sample:		117.2 time, 120.6 real, 92.1 MB
[runlim] sample:		127.2 time, 130.6 real, 94.2 MB
[runlim] sample:		137.2 time, 140.6 real, 95.5 MB
[runlim] sample:		146.9 time, 150.6 real, 97.5 MB
[runlim] sample:		156.9 time, 160.6 real, 98.8 MB
[runlim] sample:		166.4 time, 170.6 real, 100.6 MB
[runlim] sample:		176.4 time, 180.6 real, 103.0 MB
[runlim] sample:		186.4 time, 190.6 real, 104.2 MB
[runlim] sample:		196.4 time, 200.6 real, 105.3 MB
[runlim] sample:		206.4 time, 210.6 real, 106.8 MB
[runlim] sample:		216.4 time, 220.6 real, 108.6 MB
[runlim] sample:		226.4 time, 230.6 real, 109.4 MB
[runlim] sample:		236.4 time, 240.6 real, 110.7 MB
[runlim] sample:		246.4 time, 250.6 real, 111.7 MB
[runlim] sample:		256.4 time, 260.6 real, 112.2 MB
[runlim] sample:		266.4 time, 270.6 real, 114.0 MB
[runlim] sample:		276.4 time, 280.6 real, 115.3 MB
[runlim] sample:		286.4 time, 290.6 real, 116.1 MB
[runlim] sample:		295.3 time, 300.6 real, 117.4 MB
[runlim] sample:		305.3 time, 310.6 real, 117.6 MB
[runlim] sample:		315.0 time, 320.6 real, 118.6 MB
[runlim] sample:		325.0 time, 330.6 real, 119.7 MB
[runlim] sample:		334.6 time, 340.6 real, 121.7 MB
[runlim] sample:		344.4 time, 350.6 real, 122.8 MB
[runlim] sample:		354.4 time, 360.6 real, 124.1 MB
[runlim] sample:		364.4 time, 370.6 real, 124.9 MB
[runlim] sample:		374.3 time, 380.6 real, 126.7 MB
[runlim] sample:		383.1 time, 390.6 real, 127.7 MB
[runlim] sample:		392.5 time, 400.6 real, 128.2 MB
[runlim] sample:		401.4 time, 410.6 real, 129.3 MB
[runlim] sample:		409.6 time, 420.6 real, 130.8 MB
[runlim] sample:		417.7 time, 430.6 real, 131.2 MB
[runlim] sample:		425.9 time, 440.6 real, 132.0 MB
[runlim] sample:		433.8 time, 450.6 real, 132.3 MB
[runlim] sample:		441.7 time, 460.6 real, 132.8 MB
[runlim] sample:		449.4 time, 470.6 real, 133.3 MB
[runlim] sample:		457.7 time, 480.6 real, 134.3 MB
[runlim] sample:		467.7 time, 490.6 real, 135.1 MB
[runlim] sample:		477.7 time, 500.6 real, 135.3 MB
[runlim] sample:		487.6 time, 510.6 real, 136.4 MB
[runlim] sample:		497.6 time, 520.6 real, 136.9 MB
[runlim] sample:		507.6 time, 530.6 real, 137.1 MB
[runlim] sample:		517.6 time, 540.6 real, 138.5 MB
[runlim] sample:		525.5 time, 550.6 real, 139.0 MB
[runlim] sample:		533.5 time, 560.6 real, 139.2 MB
[runlim] sample:		542.8 time, 570.6 real, 140.9 MB
[runlim] sample:		551.0 time, 580.6 real, 141.4 MB
[runlim] sample:		560.9 time, 590.6 real, 144.0 MB
[runlim] sample:		570.9 time, 600.6 real, 144.0 MB
[runlim] sample:		580.9 time, 610.6 real, 144.5 MB
[runlim] sample:		590.9 time, 620.6 real, 146.3 MB
[runlim] sample:		600.9 time, 630.6 real, 146.3 MB
[runlim] sample:		610.9 time, 640.6 real, 147.1 MB
[runlim] sample:		620.9 time, 650.6 real, 147.1 MB
[runlim] sample:		630.9 time, 660.6 real, 147.3 MB
[runlim] sample:		640.8 time, 670.6 real, 147.9 MB
[runlim] sample:		650.8 time, 680.6 real, 148.6 MB
[runlim] sample:		660.8 time, 690.6 real, 149.7 MB
[runlim] sample:		670.8 time, 700.6 real, 150.2 MB
[runlim] sample:		680.6 time, 710.6 real, 151.7 MB
[runlim] sample:		690.3 time, 720.6 real, 152.0 MB
[runlim] sample:		700.3 time, 730.6 real, 152.5 MB
[runlim] sample:		710.3 time, 740.6 real, 153.8 MB
[runlim] sample:		720.3 time, 750.6 real, 154.8 MB
[runlim] sample:		730.3 time, 760.6 real, 155.1 MB
[runlim] sample:		740.3 time, 770.6 real, 155.8 MB
[runlim] sample:		750.3 time, 780.6 real, 156.1 MB
[runlim] sample:		760.3 time, 790.6 real, 158.4 MB
[runlim] sample:		770.3 time, 800.6 real, 158.4 MB
[runlim] sample:		780.3 time, 810.6 real, 158.4 MB
[runlim] sample:		790.3 time, 820.6 real, 158.6 MB
[runlim] sample:		800.3 time, 830.6 real, 159.7 MB
[runlim] sample:		810.3 time, 840.6 real, 159.7 MB
[runlim] sample:		820.3 time, 850.6 real, 160.4 MB
[runlim] sample:		830.3 time, 860.6 real, 161.2 MB
[runlim] sample:		840.3 time, 870.6 real, 166.6 MB
[runlim] sample:		850.3 time, 880.6 real, 166.8 MB
[runlim] sample:		860.3 time, 890.6 real, 166.8 MB
[runlim] sample:		870.3 time, 900.6 real, 167.8 MB
[runlim] sample:		880.3 time, 910.6 real, 167.8 MB
[runlim] sample:		890.3 time, 920.6 real, 167.8 MB
[runlim] sample:		900.3 time, 930.6 real, 168.1 MB
[runlim] sample:		910.3 time, 940.6 real, 168.3 MB
[runlim] sample:		920.3 time, 950.6 real, 169.4 MB
[runlim] sample:		930.3 time, 960.6 real, 169.6 MB
[runlim] sample:		940.3 time, 970.6 real, 169.9 MB
[runlim] sample:		950.3 time, 980.6 real, 170.2 MB
[runlim] sample:		960.3 time, 990.6 real, 171.2 MB
[runlim] sample:		970.3 time, 1000.6 real, 171.2 MB
[runlim] sample:		980.3 time, 1010.6 real, 171.7 MB
[runlim] sample:		990.3 time, 1020.6 real, 172.0 MB
[runlim] sample:		1000.3 time, 1030.6 real, 173.5 MB
[runlim] sample:		1010.3 time, 1040.6 real, 173.5 MB
[runlim] sample:		1020.3 time, 1050.6 real, 174.0 MB
[runlim] sample:		1030.3 time, 1060.6 real, 174.5 MB
[runlim] sample:		1040.3 time, 1070.6 real, 174.5 MB
[runlim] sample:		1050.3 time, 1080.6 real, 174.8 MB
[runlim] sample:		1060.3 time, 1090.6 real, 175.6 MB
[runlim] sample:		1070.3 time, 1100.6 real, 175.8 MB
[runlim] sample:		1080.3 time, 1110.6 real, 176.3 MB
[runlim] sample:		1090.3 time, 1120.6 real, 176.3 MB
[runlim] sample:		1100.3 time, 1130.6 real, 176.3 MB
[runlim] sample:		1110.3 time, 1140.6 real, 177.4 MB
[runlim] sample:		1120.3 time, 1150.6 real, 177.9 MB
[runlim] sample:		1130.3 time, 1160.6 real, 178.1 MB
[runlim] sample:		1140.3 time, 1170.6 real, 179.2 MB
[runlim] sample:		1150.3 time, 1180.6 real, 179.2 MB
[runlim] sample:		1160.3 time, 1190.6 real, 179.4 MB
[runlim] sample:		1170.3 time, 1200.6 real, 179.9 MB
[runlim] sample:		1180.3 time, 1210.6 real, 180.2 MB
[runlim] sample:		1190.3 time, 1220.6 real, 180.5 MB
[runlim] sample:		1200.3 time, 1230.6 real, 180.7 MB
[runlim] sample:		1210.3 time, 1240.6 real, 181.7 MB
[runlim] sample:		1220.3 time, 1250.6 real, 181.7 MB
[runlim] sample:		1230.3 time, 1260.6 real, 182.0 MB
[runlim] sample:		1240.3 time, 1270.6 real, 182.8 MB
[runlim] sample:		1250.3 time, 1280.6 real, 183.0 MB
[runlim] sample:		1260.3 time, 1290.6 real, 184.3 MB
[runlim] sample:		1270.3 time, 1300.6 real, 184.3 MB
[runlim] sample:		1280.3 time, 1310.6 real, 184.8 MB
[runlim] sample:		1290.3 time, 1320.6 real, 185.3 MB
[runlim] sample:		1300.3 time, 1330.6 real, 185.3 MB
[runlim] sample:		1310.3 time, 1340.6 real, 185.6 MB
[runlim] sample:		1320.2 time, 1350.6 real, 187.1 MB
[runlim] sample:		1329.8 time, 1360.6 real, 187.1 MB
[runlim] sample:		1339.8 time, 1370.6 real, 187.1 MB
[runlim] sample:		1349.8 time, 1380.6 real, 187.4 MB
[runlim] sample:		1359.8 time, 1390.6 real, 187.4 MB
[runlim] sample:		1369.6 time, 1400.6 real, 187.9 MB
[runlim] sample:		1379.5 time, 1410.6 real, 189.2 MB
[runlim] sample:		1388.8 time, 1420.6 real, 189.2 MB
[runlim] sample:		1398.2 time, 1430.6 real, 190.2 MB
[runlim] sample:		1407.2 time, 1440.6 real, 190.5 MB
[runlim] sample:		1416.2 time, 1450.6 real, 190.5 MB
[runlim] sample:		1426.2 time, 1460.6 real, 190.5 MB
[runlim] sample:		1436.2 time, 1470.6 real, 192.0 MB
[runlim] sample:		1446.2 time, 1480.6 real, 192.0 MB
[runlim] sample:		1456.2 time, 1490.6 real, 192.6 MB
[runlim] sample:		1466.2 time, 1500.6 real, 192.6 MB
[runlim] sample:		1476.2 time, 1510.6 real, 192.6 MB
[runlim] sample:		1486.2 time, 1520.6 real, 192.8 MB
[runlim] sample:		1496.2 time, 1530.6 real, 194.4 MB
[runlim] sample:		1506.2 time, 1540.6 real, 194.4 MB
[runlim] sample:		1516.2 time, 1550.6 real, 195.4 MB
[runlim] sample:		1525.9 time, 1560.6 real, 195.4 MB
[runlim] sample:		1535.6 time, 1570.6 real, 195.6 MB
[runlim] sample:		1545.3 time, 1580.6 real, 195.6 MB
[runlim] sample:		1555.0 time, 1590.6 real, 198.2 MB
[runlim] sample:		1564.7 time, 1600.6 real, 199.3 MB
[runlim] sample:		1574.7 time, 1610.6 real, 199.3 MB
[runlim] sample:		1584.7 time, 1620.6 real, 199.3 MB
[runlim] sample:		1594.7 time, 1630.6 real, 199.3 MB
[runlim] sample:		1604.7 time, 1640.6 real, 199.5 MB
[runlim] sample:		1614.7 time, 1650.6 real, 199.5 MB
[runlim] sample:		1624.7 time, 1660.6 real, 199.8 MB
[runlim] sample:		1634.7 time, 1670.6 real, 199.8 MB
[runlim] sample:		1644.7 time, 1680.6 real, 200.0 MB
[runlim] sample:		1654.7 time, 1690.6 real, 200.5 MB
[runlim] sample:		1664.7 time, 1700.6 real, 200.5 MB
[runlim] sample:		1674.7 time, 1710.6 real, 200.8 MB
[runlim] sample:		1684.7 time, 1720.6 real, 200.8 MB
[runlim] sample:		1694.7 time, 1730.6 real, 202.3 MB
[runlim] sample:		1704.7 time, 1740.6 real, 202.6 MB
[runlim] sample:		1714.7 time, 1750.6 real, 202.6 MB
[runlim] sample:		1724.7 time, 1760.6 real, 202.9 MB
[runlim] sample:		1734.7 time, 1770.6 real, 202.9 MB
[runlim] sample:		1744.7 time, 1780.6 real, 203.4 MB
[runlim] sample:		1754.7 time, 1790.6 real, 203.4 MB
[runlim] sample:		1764.3 time, 1800.6 real, 204.4 MB
[runlim] sample:		1773.4 time, 1810.6 real, 204.4 MB
[runlim] sample:		1782.1 time, 1820.6 real, 204.4 MB
[runlim] sample:		1791.8 time, 1830.6 real, 204.4 MB
CVC4 interrupted by SIGTERM.
[runlim] end:			Fri Feb 15 04:12:37 2019
[runlim] status:		out of time
[runlim] result:		2
[runlim] children:		0
[runlim] real:			1839.66 seconds
[runlim] time:			1800.02 seconds
[runlim] space:			204.9 MB
[runlim] samples:		18390
