[runlim] version:		1.10fixed
[runlim] time limit:		1800 seconds
[runlim] real time limit:	311040000 seconds
[runlim] space limit:		4000 MB
[runlim] argv[0]:		./cvc4
[runlim] argv[1]:		--nl-ext-tplanes
[runlim] argv[2]:		--full-saturate-quant
[runlim] argv[3]:		--no-e-matching
[runlim] argv[4]:		/tmp/eoU8QNXd.smt2
[runlim] start:			Tue Feb 19 03:10:12 2019
[runlim] main pid:		20866
[runlim] sample:		9.4 time, 10.7 real, 47.3 MB
[runlim] sample:		19.4 time, 20.7 real, 57.4 MB
[runlim] sample:		29.1 time, 30.7 real, 70.8 MB
[runlim] sample:		39.1 time, 40.7 real, 72.6 MB
[runlim] sample:		49.1 time, 50.7 real, 77.2 MB
[runlim] sample:		59.1 time, 60.7 real, 78.2 MB
[runlim] sample:		69.1 time, 70.7 real, 82.6 MB
[runlim] sample:		79.1 time, 80.7 real, 89.5 MB
[runlim] sample:		89.1 time, 90.7 real, 91.8 MB
[runlim] sample:		99.1 time, 100.7 real, 92.5 MB
[runlim] sample:		109.1 time, 110.7 real, 96.5 MB
[runlim] sample:		119.1 time, 120.7 real, 96.5 MB
[runlim] sample:		129.1 time, 130.7 real, 98.7 MB
[runlim] sample:		138.3 time, 140.7 real, 98.7 MB
[runlim] sample:		146.7 time, 150.7 real, 98.7 MB
[runlim] sample:		155.0 time, 160.7 real, 99.0 MB
[runlim] sample:		163.4 time, 170.7 real, 99.2 MB
[runlim] sample:		173.4 time, 180.7 real, 99.2 MB
[runlim] sample:		183.4 time, 190.7 real, 99.7 MB
[runlim] sample:		193.4 time, 200.7 real, 99.7 MB
[runlim] sample:		203.4 time, 210.7 real, 99.9 MB
[runlim] sample:		213.4 time, 220.7 real, 99.9 MB
[runlim] sample:		223.4 time, 230.7 real, 100.1 MB
[runlim] sample:		233.4 time, 240.7 real, 100.1 MB
[runlim] sample:		243.4 time, 250.7 real, 100.4 MB
[runlim] sample:		253.4 time, 260.7 real, 100.4 MB
[runlim] sample:		263.4 time, 270.7 real, 100.4 MB
[runlim] sample:		273.4 time, 280.7 real, 100.8 MB
[runlim] sample:		283.4 time, 290.7 real, 101.3 MB
[runlim] sample:		293.4 time, 300.7 real, 101.3 MB
[runlim] sample:		303.4 time, 310.7 real, 101.3 MB
[runlim] sample:		313.4 time, 320.7 real, 101.3 MB
[runlim] sample:		323.4 time, 330.7 real, 101.7 MB
[runlim] sample:		333.4 time, 340.7 real, 101.7 MB
[runlim] sample:		343.4 time, 350.7 real, 101.7 MB
[runlim] sample:		353.4 time, 360.7 real, 105.3 MB
[runlim] sample:		363.4 time, 370.7 real, 105.5 MB
[runlim] sample:		373.4 time, 380.7 real, 105.9 MB
[runlim] sample:		383.4 time, 390.7 real, 105.9 MB
[runlim] sample:		393.4 time, 400.7 real, 105.9 MB
[runlim] sample:		403.4 time, 410.7 real, 107.4 MB
[runlim] sample:		413.4 time, 420.7 real, 107.6 MB
[runlim] sample:		423.4 time, 430.7 real, 109.4 MB
[runlim] sample:		433.4 time, 440.7 real, 110.4 MB
[runlim] sample:		443.4 time, 450.7 real, 110.7 MB
[runlim] sample:		453.4 time, 460.7 real, 110.7 MB
[runlim] sample:		463.4 time, 470.7 real, 110.7 MB
[runlim] sample:		473.4 time, 480.7 real, 110.9 MB
[runlim] sample:		483.4 time, 490.7 real, 111.5 MB
[runlim] sample:		493.4 time, 500.7 real, 112.3 MB
[runlim] sample:		503.4 time, 510.7 real, 112.3 MB
[runlim] sample:		513.4 time, 520.7 real, 112.3 MB
[runlim] sample:		523.3 time, 530.7 real, 112.6 MB
[runlim] sample:		533.3 time, 540.7 real, 112.6 MB
[runlim] sample:		543.3 time, 550.7 real, 115.8 MB
[runlim] sample:		553.3 time, 560.7 real, 115.8 MB
[runlim] sample:		563.3 time, 570.7 real, 116.0 MB
[runlim] sample:		573.3 time, 580.7 real, 116.9 MB
[runlim] sample:		583.3 time, 590.7 real, 117.1 MB
[runlim] sample:		593.3 time, 600.7 real, 118.0 MB
[runlim] sample:		603.3 time, 610.7 real, 119.0 MB
[runlim] sample:		613.3 time, 620.7 real, 120.5 MB
[runlim] sample:		623.3 time, 630.7 real, 121.7 MB
[runlim] sample:		633.3 time, 640.7 real, 123.3 MB
[runlim] sample:		643.3 time, 650.7 real, 123.3 MB
[runlim] sample:		653.3 time, 660.7 real, 123.3 MB
[runlim] sample:		663.3 time, 670.7 real, 123.5 MB
[runlim] sample:		673.3 time, 680.7 real, 124.3 MB
[runlim] sample:		683.3 time, 690.7 real, 125.2 MB
[runlim] sample:		693.3 time, 700.7 real, 125.5 MB
[runlim] sample:		703.3 time, 710.7 real, 129.3 MB
[runlim] sample:		713.3 time, 720.7 real, 130.3 MB
[runlim] sample:		723.3 time, 730.7 real, 130.6 MB
[runlim] sample:		733.3 time, 740.7 real, 130.6 MB
[runlim] sample:		743.3 time, 750.7 real, 137.8 MB
[runlim] sample:		753.3 time, 760.7 real, 137.8 MB
[runlim] sample:		763.3 time, 770.7 real, 139.0 MB
[runlim] sample:		773.3 time, 780.7 real, 139.0 MB
[runlim] sample:		783.3 time, 790.7 real, 139.2 MB
[runlim] sample:		793.3 time, 800.7 real, 139.4 MB
[runlim] sample:		803.3 time, 810.7 real, 139.9 MB
[runlim] sample:		813.3 time, 820.7 real, 140.2 MB
[runlim] sample:		823.3 time, 830.7 real, 140.2 MB
[runlim] sample:		833.3 time, 840.7 real, 142.0 MB
[runlim] sample:		843.3 time, 850.7 real, 142.0 MB
[runlim] sample:		853.3 time, 860.7 real, 142.0 MB
[runlim] sample:		863.3 time, 870.7 real, 142.0 MB
[runlim] sample:		873.3 time, 880.7 real, 142.0 MB
[runlim] sample:		883.3 time, 890.7 real, 142.0 MB
[runlim] sample:		893.3 time, 900.7 real, 142.0 MB
[runlim] sample:		903.3 time, 910.7 real, 142.0 MB
[runlim] sample:		913.3 time, 920.7 real, 142.0 MB
[runlim] sample:		923.3 time, 930.7 real, 142.0 MB
[runlim] sample:		933.3 time, 940.7 real, 142.0 MB
[runlim] sample:		943.3 time, 950.7 real, 142.0 MB
[runlim] sample:		953.3 time, 960.7 real, 143.7 MB
[runlim] sample:		963.3 time, 970.7 real, 143.7 MB
[runlim] sample:		973.3 time, 980.7 real, 144.0 MB
[runlim] sample:		983.3 time, 990.7 real, 144.0 MB
[runlim] sample:		993.3 time, 1000.7 real, 144.0 MB
[runlim] sample:		1003.3 time, 1010.7 real, 144.0 MB
[runlim] sample:		1013.3 time, 1020.7 real, 144.0 MB
[runlim] sample:		1023.3 time, 1030.7 real, 144.0 MB
[runlim] sample:		1033.3 time, 1040.7 real, 152.2 MB
[runlim] sample:		1043.3 time, 1050.7 real, 152.2 MB
[runlim] sample:		1053.3 time, 1060.7 real, 152.4 MB
[runlim] sample:		1063.3 time, 1070.7 real, 153.6 MB
[runlim] sample:		1073.2 time, 1080.7 real, 153.6 MB
[runlim] sample:		1083.2 time, 1090.7 real, 153.6 MB
[runlim] sample:		1093.2 time, 1100.7 real, 153.8 MB
[runlim] sample:		1103.2 time, 1110.7 real, 153.8 MB
[runlim] sample:		1113.2 time, 1120.7 real, 154.6 MB
[runlim] sample:		1123.2 time, 1130.7 real, 156.2 MB
[runlim] sample:		1133.2 time, 1140.7 real, 156.5 MB
[runlim] sample:		1143.2 time, 1150.7 real, 156.5 MB
[runlim] sample:		1153.2 time, 1160.7 real, 156.5 MB
[runlim] sample:		1163.2 time, 1170.7 real, 156.7 MB
[runlim] sample:		1173.2 time, 1180.7 real, 156.7 MB
[runlim] sample:		1183.1 time, 1190.7 real, 156.7 MB
[runlim] sample:		1193.1 time, 1200.7 real, 157.9 MB
[runlim] sample:		1203.1 time, 1210.7 real, 157.9 MB
[runlim] sample:		1213.1 time, 1220.7 real, 158.1 MB
[runlim] sample:		1223.1 time, 1230.7 real, 158.3 MB
[runlim] sample:		1233.1 time, 1240.7 real, 158.3 MB
[runlim] sample:		1243.1 time, 1250.7 real, 158.9 MB
[runlim] sample:		1253.1 time, 1260.7 real, 160.2 MB
[runlim] sample:		1263.1 time, 1270.7 real, 160.5 MB
[runlim] sample:		1273.1 time, 1280.7 real, 160.5 MB
[runlim] sample:		1283.1 time, 1290.7 real, 160.7 MB
[runlim] sample:		1293.1 time, 1300.7 real, 160.7 MB
[runlim] sample:		1303.1 time, 1310.7 real, 160.7 MB
[runlim] sample:		1313.1 time, 1320.7 real, 160.7 MB
[runlim] sample:		1323.1 time, 1330.7 real, 160.7 MB
[runlim] sample:		1333.0 time, 1340.7 real, 160.7 MB
[runlim] sample:		1343.0 time, 1350.7 real, 160.7 MB
[runlim] sample:		1353.0 time, 1360.7 real, 161.2 MB
[runlim] sample:		1363.0 time, 1370.7 real, 161.2 MB
[runlim] sample:		1373.0 time, 1380.7 real, 161.4 MB
[runlim] sample:		1383.0 time, 1390.7 real, 161.4 MB
[runlim] sample:		1393.0 time, 1400.7 real, 161.4 MB
[runlim] sample:		1403.0 time, 1410.7 real, 161.4 MB
[runlim] sample:		1413.0 time, 1420.7 real, 161.4 MB
[runlim] sample:		1423.0 time, 1430.7 real, 161.4 MB
[runlim] sample:		1433.0 time, 1440.7 real, 161.4 MB
[runlim] sample:		1443.0 time, 1450.7 real, 169.7 MB
[runlim] sample:		1453.0 time, 1460.7 real, 169.7 MB
[runlim] sample:		1463.0 time, 1470.7 real, 171.5 MB
[runlim] sample:		1473.0 time, 1480.7 real, 172.9 MB
[runlim] sample:		1483.0 time, 1490.7 real, 172.9 MB
[runlim] sample:		1493.0 time, 1500.7 real, 173.1 MB
[runlim] sample:		1503.0 time, 1510.7 real, 173.1 MB
[runlim] sample:		1513.0 time, 1520.7 real, 173.1 MB
[runlim] sample:		1523.0 time, 1530.7 real, 173.6 MB
[runlim] sample:		1533.0 time, 1540.7 real, 173.6 MB
[runlim] sample:		1542.9 time, 1550.7 real, 173.6 MB
[runlim] sample:		1552.9 time, 1560.7 real, 173.6 MB
[runlim] sample:		1562.9 time, 1570.7 real, 173.6 MB
[runlim] sample:		1572.9 time, 1580.7 real, 173.6 MB
[runlim] sample:		1582.9 time, 1590.7 real, 175.1 MB
[runlim] sample:		1592.9 time, 1600.7 real, 175.1 MB
[runlim] sample:		1602.9 time, 1610.7 real, 175.4 MB
[runlim] sample:		1612.9 time, 1620.7 real, 180.2 MB
[runlim] sample:		1622.9 time, 1630.7 real, 181.5 MB
[runlim] sample:		1632.9 time, 1640.7 real, 183.0 MB
[runlim] sample:		1642.9 time, 1650.7 real, 183.0 MB
[runlim] sample:		1652.9 time, 1660.7 real, 183.0 MB
[runlim] sample:		1662.9 time, 1670.7 real, 183.3 MB
[runlim] sample:		1672.9 time, 1680.7 real, 183.8 MB
[runlim] sample:		1682.9 time, 1690.7 real, 184.3 MB
[runlim] sample:		1692.9 time, 1700.7 real, 184.8 MB
[runlim] sample:		1702.9 time, 1710.7 real, 185.1 MB
[runlim] sample:		1712.9 time, 1720.7 real, 185.9 MB
[runlim] sample:		1722.8 time, 1730.7 real, 186.4 MB
[runlim] sample:		1732.8 time, 1740.7 real, 186.9 MB
[runlim] sample:		1742.8 time, 1750.7 real, 187.4 MB
[runlim] sample:		1752.8 time, 1760.7 real, 187.7 MB
[runlim] sample:		1762.8 time, 1770.7 real, 188.5 MB
[runlim] sample:		1772.8 time, 1780.7 real, 189.0 MB
[runlim] sample:		1782.8 time, 1790.7 real, 189.5 MB
[runlim] sample:		1792.8 time, 1800.7 real, 190.0 MB
CVC4 interrupted by SIGTERM.
[runlim] end:			Tue Feb 19 03:40:19 2019
[runlim] status:		out of time
[runlim] result:		2
[runlim] children:		0
[runlim] real:			1807.93 seconds
[runlim] time:			1800.02 seconds
[runlim] space:			190.5 MB
[runlim] samples:		18072
