[runlim] version:		1.10fixed
[runlim] time limit:		1800 seconds
[runlim] real time limit:	311040000 seconds
[runlim] space limit:		4000 MB
[runlim] argv[0]:		./cvc4
[runlim] argv[1]:		--nl-ext-tplanes
[runlim] argv[2]:		--full-saturate-quant
[runlim] argv[3]:		--no-e-matching
[runlim] argv[4]:		/tmp/vsnZ9JPN.smt2
[runlim] start:			Fri Feb 15 03:22:22 2019
[runlim] main pid:		23315
[runlim] sample:		8.8 time, 10.2 real, 45.4 MB
[runlim] sample:		18.8 time, 20.2 real, 52.6 MB
[runlim] sample:		26.7 time, 30.2 real, 52.6 MB
[runlim] sample:		35.3 time, 40.2 real, 52.6 MB
[runlim] sample:		44.1 time, 50.2 real, 53.1 MB
[runlim] sample:		51.8 time, 60.2 real, 53.1 MB
[runlim] sample:		61.2 time, 70.2 real, 53.6 MB
[runlim] sample:		71.0 time, 80.2 real, 53.9 MB
[runlim] sample:		80.3 time, 90.2 real, 54.1 MB
[runlim] sample:		90.3 time, 100.2 real, 54.4 MB
[runlim] sample:		99.8 time, 110.2 real, 54.6 MB
[runlim] sample:		108.8 time, 120.2 real, 54.9 MB
[runlim] sample:		118.2 time, 130.2 real, 55.4 MB
[runlim] sample:		128.2 time, 140.2 real, 55.7 MB
[runlim] sample:		138.2 time, 150.2 real, 55.9 MB
[runlim] sample:		148.2 time, 160.2 real, 56.2 MB
[runlim] sample:		158.2 time, 170.2 real, 56.4 MB
[runlim] sample:		168.2 time, 180.2 real, 56.7 MB
[runlim] sample:		178.2 time, 190.2 real, 57.0 MB
[runlim] sample:		187.5 time, 200.2 real, 57.2 MB
[runlim] sample:		196.3 time, 210.2 real, 57.5 MB
[runlim] sample:		204.7 time, 220.2 real, 57.7 MB
[runlim] sample:		213.0 time, 230.2 real, 58.0 MB
[runlim] sample:		222.2 time, 240.2 real, 58.2 MB
[runlim] sample:		230.9 time, 250.2 real, 58.5 MB
[runlim] sample:		240.3 time, 260.2 real, 59.0 MB
[runlim] sample:		249.6 time, 270.2 real, 59.3 MB
[runlim] sample:		259.6 time, 280.2 real, 59.5 MB
[runlim] sample:		269.6 time, 290.2 real, 59.8 MB
[runlim] sample:		279.6 time, 300.2 real, 60.1 MB
[runlim] sample:		289.6 time, 310.2 real, 60.3 MB
[runlim] sample:		299.6 time, 320.2 real, 60.8 MB
[runlim] sample:		309.3 time, 330.2 real, 61.1 MB
[runlim] sample:		319.3 time, 340.2 real, 61.3 MB
[runlim] sample:		329.3 time, 350.2 real, 61.6 MB
[runlim] sample:		339.2 time, 360.2 real, 61.9 MB
[runlim] sample:		348.6 time, 370.2 real, 62.1 MB
[runlim] sample:		358.6 time, 380.2 real, 62.4 MB
[runlim] sample:		368.6 time, 390.2 real, 62.9 MB
[runlim] sample:		378.6 time, 400.2 real, 63.1 MB
[runlim] sample:		388.6 time, 410.2 real, 63.4 MB
[runlim] sample:		398.6 time, 420.2 real, 63.6 MB
[runlim] sample:		408.6 time, 430.2 real, 64.2 MB
[runlim] sample:		418.4 time, 440.2 real, 64.4 MB
[runlim] sample:		427.1 time, 450.2 real, 65.0 MB
[runlim] sample:		435.7 time, 460.2 real, 65.3 MB
[runlim] sample:		445.0 time, 470.2 real, 65.6 MB
[runlim] sample:		454.4 time, 480.2 real, 65.8 MB
[runlim] sample:		463.7 time, 490.2 real, 66.1 MB
[runlim] sample:		472.6 time, 500.2 real, 66.3 MB
[runlim] sample:		481.7 time, 510.2 real, 66.6 MB
[runlim] sample:		491.0 time, 520.2 real, 67.1 MB
[runlim] sample:		500.4 time, 530.2 real, 67.4 MB
[runlim] sample:		509.1 time, 540.2 real, 67.6 MB
[runlim] sample:		517.8 time, 550.2 real, 67.9 MB
[runlim] sample:		526.5 time, 560.2 real, 67.9 MB
[runlim] sample:		535.2 time, 570.2 real, 68.4 MB
[runlim] sample:		543.9 time, 580.2 real, 68.6 MB
[runlim] sample:		552.5 time, 590.2 real, 68.9 MB
[runlim] sample:		561.2 time, 600.2 real, 68.9 MB
[runlim] sample:		571.1 time, 610.2 real, 69.2 MB
[runlim] sample:		581.1 time, 620.2 real, 69.7 MB
[runlim] sample:		591.0 time, 630.2 real, 69.9 MB
[runlim] sample:		599.6 time, 640.2 real, 70.2 MB
[runlim] sample:		608.3 time, 650.2 real, 70.4 MB
[runlim] sample:		617.0 time, 660.2 real, 70.7 MB
[runlim] sample:		626.2 time, 670.2 real, 71.0 MB
[runlim] sample:		635.6 time, 680.2 real, 72.0 MB
[runlim] sample:		644.6 time, 690.2 real, 72.0 MB
[runlim] sample:		654.5 time, 700.2 real, 72.2 MB
[runlim] sample:		664.5 time, 710.2 real, 72.5 MB
[runlim] sample:		674.5 time, 720.2 real, 72.8 MB
[runlim] sample:		684.5 time, 730.2 real, 73.0 MB
[runlim] sample:		694.4 time, 740.2 real, 73.3 MB
[runlim] sample:		704.4 time, 750.2 real, 74.1 MB
[runlim] sample:		714.4 time, 760.2 real, 74.6 MB
[runlim] sample:		724.0 time, 770.2 real, 74.9 MB
[runlim] sample:		733.7 time, 780.2 real, 75.1 MB
[runlim] sample:		743.3 time, 790.2 real, 75.4 MB
[runlim] sample:		753.2 time, 800.2 real, 75.6 MB
[runlim] sample:		763.2 time, 810.2 real, 76.1 MB
[runlim] sample:		773.2 time, 820.2 real, 76.4 MB
[runlim] sample:		783.2 time, 830.2 real, 76.7 MB
[runlim] sample:		793.2 time, 840.2 real, 76.9 MB
[runlim] sample:		803.2 time, 850.2 real, 77.2 MB
[runlim] sample:		813.2 time, 860.2 real, 77.4 MB
[runlim] sample:		823.2 time, 870.2 real, 77.7 MB
[runlim] sample:		833.2 time, 880.2 real, 78.2 MB
[runlim] sample:		843.2 time, 890.2 real, 78.5 MB
[runlim] sample:		853.2 time, 900.2 real, 78.7 MB
[runlim] sample:		863.2 time, 910.2 real, 79.0 MB
[runlim] sample:		873.2 time, 920.2 real, 79.2 MB
[runlim] sample:		883.2 time, 930.2 real, 79.5 MB
[runlim] sample:		893.2 time, 940.2 real, 79.7 MB
[runlim] sample:		903.2 time, 950.2 real, 80.0 MB
[runlim] sample:		913.2 time, 960.2 real, 80.3 MB
[runlim] sample:		923.2 time, 970.2 real, 80.8 MB
[runlim] sample:		933.1 time, 980.2 real, 81.0 MB
[runlim] sample:		943.1 time, 990.2 real, 81.3 MB
[runlim] sample:		953.1 time, 1000.2 real, 81.6 MB
[runlim] sample:		963.1 time, 1010.2 real, 81.8 MB
[runlim] sample:		973.1 time, 1020.2 real, 82.3 MB
[runlim] sample:		983.1 time, 1030.2 real, 82.3 MB
[runlim] sample:		993.1 time, 1040.2 real, 83.1 MB
[runlim] sample:		1003.1 time, 1050.2 real, 83.3 MB
[runlim] sample:		1013.1 time, 1060.2 real, 83.6 MB
[runlim] sample:		1023.1 time, 1070.2 real, 83.9 MB
[runlim] sample:		1033.1 time, 1080.2 real, 84.1 MB
[runlim] sample:		1043.1 time, 1090.2 real, 84.4 MB
[runlim] sample:		1053.1 time, 1100.2 real, 84.6 MB
[runlim] sample:		1063.1 time, 1110.2 real, 84.9 MB
[runlim] sample:		1073.1 time, 1120.2 real, 85.7 MB
[runlim] sample:		1083.1 time, 1130.2 real, 85.7 MB
[runlim] sample:		1093.1 time, 1140.2 real, 85.7 MB
[runlim] sample:		1103.1 time, 1150.2 real, 85.9 MB
[runlim] sample:		1113.1 time, 1160.2 real, 86.2 MB
[runlim] sample:		1123.1 time, 1170.2 real, 86.7 MB
[runlim] sample:		1133.1 time, 1180.2 real, 86.7 MB
[runlim] sample:		1143.1 time, 1190.2 real, 87.2 MB
[runlim] sample:		1153.1 time, 1200.2 real, 87.5 MB
[runlim] sample:		1163.1 time, 1210.2 real, 87.7 MB
[runlim] sample:		1173.1 time, 1220.2 real, 88.0 MB
[runlim] sample:		1183.1 time, 1230.2 real, 88.2 MB
[runlim] sample:		1193.1 time, 1240.2 real, 88.5 MB
[runlim] sample:		1203.1 time, 1250.2 real, 88.8 MB
[runlim] sample:		1213.0 time, 1260.2 real, 89.0 MB
[runlim] sample:		1223.0 time, 1270.2 real, 89.3 MB
[runlim] sample:		1233.0 time, 1280.2 real, 89.5 MB
[runlim] sample:		1243.0 time, 1290.2 real, 89.8 MB
[runlim] sample:		1253.0 time, 1300.2 real, 90.0 MB
[runlim] sample:		1263.0 time, 1310.2 real, 90.3 MB
[runlim] sample:		1273.0 time, 1320.2 real, 90.8 MB
[runlim] sample:		1283.0 time, 1330.2 real, 91.1 MB
[runlim] sample:		1293.0 time, 1340.2 real, 91.3 MB
[runlim] sample:		1303.0 time, 1350.2 real, 91.8 MB
[runlim] sample:		1313.0 time, 1360.2 real, 91.8 MB
[runlim] sample:		1323.0 time, 1370.2 real, 92.1 MB
[runlim] sample:		1333.0 time, 1380.2 real, 92.3 MB
[runlim] sample:		1343.0 time, 1390.2 real, 92.9 MB
[runlim] sample:		1353.0 time, 1400.2 real, 93.1 MB
[runlim] sample:		1363.0 time, 1410.2 real, 93.4 MB
[runlim] sample:		1373.0 time, 1420.2 real, 93.9 MB
[runlim] sample:		1383.0 time, 1430.2 real, 93.9 MB
[runlim] sample:		1393.0 time, 1440.2 real, 94.1 MB
[runlim] sample:		1403.0 time, 1450.2 real, 94.7 MB
[runlim] sample:		1413.0 time, 1460.2 real, 94.9 MB
[runlim] sample:		1423.0 time, 1470.2 real, 95.2 MB
[runlim] sample:		1433.0 time, 1480.2 real, 95.4 MB
[runlim] sample:		1443.0 time, 1490.2 real, 95.7 MB
[runlim] sample:		1453.0 time, 1500.2 real, 96.0 MB
[runlim] sample:		1463.0 time, 1510.2 real, 96.2 MB
[runlim] sample:		1473.0 time, 1520.2 real, 96.5 MB
[runlim] sample:		1483.0 time, 1530.2 real, 96.7 MB
[runlim] sample:		1493.0 time, 1540.2 real, 97.0 MB
[runlim] sample:		1502.9 time, 1550.2 real, 97.2 MB
[runlim] sample:		1512.9 time, 1560.2 real, 97.5 MB
[runlim] sample:		1522.9 time, 1570.2 real, 97.8 MB
[runlim] sample:		1532.9 time, 1580.2 real, 98.0 MB
[runlim] sample:		1542.9 time, 1590.2 real, 98.3 MB
[runlim] sample:		1552.9 time, 1600.2 real, 98.5 MB
[runlim] sample:		1562.9 time, 1610.2 real, 99.0 MB
[runlim] sample:		1572.9 time, 1620.2 real, 99.3 MB
[runlim] sample:		1582.9 time, 1630.2 real, 99.8 MB
[runlim] sample:		1592.9 time, 1640.2 real, 100.1 MB
[runlim] sample:		1602.9 time, 1650.2 real, 100.3 MB
[runlim] sample:		1612.9 time, 1660.2 real, 100.6 MB
[runlim] sample:		1622.9 time, 1670.2 real, 100.8 MB
[runlim] sample:		1632.9 time, 1680.2 real, 101.1 MB
[runlim] sample:		1642.9 time, 1690.2 real, 101.4 MB
[runlim] sample:		1652.9 time, 1700.2 real, 101.6 MB
[runlim] sample:		1662.9 time, 1710.2 real, 101.9 MB
[runlim] sample:		1672.9 time, 1720.2 real, 102.1 MB
[runlim] sample:		1682.9 time, 1730.2 real, 102.4 MB
[runlim] sample:		1692.9 time, 1740.2 real, 102.6 MB
[runlim] sample:		1702.9 time, 1750.2 real, 102.9 MB
[runlim] sample:		1712.9 time, 1760.2 real, 103.4 MB
[runlim] sample:		1722.9 time, 1770.2 real, 103.7 MB
[runlim] sample:		1732.9 time, 1780.2 real, 103.9 MB
[runlim] sample:		1742.8 time, 1790.2 real, 104.2 MB
[runlim] sample:		1752.8 time, 1800.2 real, 104.4 MB
[runlim] sample:		1762.8 time, 1810.2 real, 104.7 MB
[runlim] sample:		1772.8 time, 1820.2 real, 105.0 MB
[runlim] sample:		1782.8 time, 1830.2 real, 105.2 MB
[runlim] sample:		1792.8 time, 1840.2 real, 105.5 MB
CVC4 interrupted by SIGTERM.
[runlim] end:			Fri Feb 15 03:53:09 2019
[runlim] status:		out of time
[runlim] result:		2
[runlim] children:		0
[runlim] real:			1847.38 seconds
[runlim] time:			1800.03 seconds
[runlim] space:			105.7 MB
[runlim] samples:		18472
