[runlim] version:		1.10fixed
[runlim] time limit:		1800 seconds
[runlim] real time limit:	311040000 seconds
[runlim] space limit:		4000 MB
[runlim] argv[0]:		./cvc4
[runlim] argv[1]:		--nl-ext-tplanes
[runlim] argv[2]:		--full-saturate-quant
[runlim] argv[3]:		--no-e-matching
[runlim] argv[4]:		/tmp/IfRbSFbk.smt2
[runlim] start:			Fri Feb 15 03:40:54 2019
[runlim] main pid:		15305
[runlim] sample:		9.8 time, 10.7 real, 48.8 MB
[runlim] sample:		19.8 time, 20.7 real, 58.2 MB
[runlim] sample:		29.8 time, 30.6 real, 62.4 MB
[runlim] sample:		39.3 time, 40.6 real, 67.0 MB
[runlim] sample:		48.7 time, 50.7 real, 70.1 MB
[runlim] sample:		58.7 time, 60.6 real, 70.9 MB
[runlim] sample:		68.7 time, 70.6 real, 71.6 MB
[runlim] sample:		77.8 time, 80.7 real, 73.4 MB
[runlim] sample:		87.2 time, 90.6 real, 73.4 MB
[runlim] sample:		95.7 time, 100.6 real, 73.7 MB
[runlim] sample:		104.0 time, 110.7 real, 77.7 MB
[runlim] sample:		113.4 time, 120.7 real, 81.3 MB
[runlim] sample:		122.1 time, 130.7 real, 83.4 MB
[runlim] sample:		130.5 time, 140.7 real, 84.9 MB
[runlim] sample:		140.5 time, 150.7 real, 87.5 MB
[runlim] sample:		150.5 time, 160.7 real, 90.1 MB
[runlim] sample:		160.5 time, 170.6 real, 91.9 MB
[runlim] sample:		169.2 time, 180.6 real, 94.2 MB
[runlim] sample:		177.8 time, 190.7 real, 95.8 MB
[runlim] sample:		186.5 time, 200.6 real, 97.3 MB
[runlim] sample:		195.4 time, 210.6 real, 98.6 MB
[runlim] sample:		205.4 time, 220.6 real, 100.6 MB
[runlim] sample:		214.7 time, 230.7 real, 102.2 MB
[runlim] sample:		224.4 time, 240.6 real, 103.2 MB
[runlim] sample:		234.1 time, 250.6 real, 105.3 MB
[runlim] sample:		242.8 time, 260.6 real, 107.1 MB
[runlim] sample:		251.4 time, 270.7 real, 107.9 MB
[runlim] sample:		260.9 time, 280.6 real, 108.9 MB
[runlim] sample:		270.2 time, 290.6 real, 113.1 MB
[runlim] sample:		279.1 time, 300.6 real, 118.9 MB
[runlim] sample:		288.0 time, 310.7 real, 120.2 MB
[runlim] sample:		298.0 time, 320.7 real, 121.2 MB
[runlim] sample:		308.0 time, 330.6 real, 122.5 MB
[runlim] sample:		318.0 time, 340.7 real, 124.1 MB
[runlim] sample:		328.0 time, 350.6 real, 124.6 MB
[runlim] sample:		337.8 time, 360.7 real, 125.9 MB
[runlim] sample:		347.8 time, 370.6 real, 126.9 MB
[runlim] sample:		356.9 time, 380.6 real, 129.7 MB
[runlim] sample:		366.3 time, 390.6 real, 132.6 MB
[runlim] sample:		376.0 time, 400.6 real, 132.6 MB
[runlim] sample:		385.7 time, 410.7 real, 133.6 MB
[runlim] sample:		395.4 time, 420.6 real, 134.6 MB
[runlim] sample:		405.1 time, 430.7 real, 137.7 MB
[runlim] sample:		414.8 time, 440.6 real, 138.2 MB
[runlim] sample:		423.8 time, 450.7 real, 139.8 MB
[runlim] sample:		433.5 time, 460.6 real, 140.3 MB
[runlim] sample:		443.5 time, 470.6 real, 141.6 MB
[runlim] sample:		453.1 time, 480.6 real, 142.4 MB
[runlim] sample:		460.8 time, 490.6 real, 142.9 MB
[runlim] sample:		468.7 time, 500.6 real, 145.4 MB
[runlim] sample:		478.4 time, 510.6 real, 147.2 MB
[runlim] sample:		487.4 time, 520.7 real, 150.9 MB
[runlim] sample:		496.0 time, 530.6 real, 150.9 MB
[runlim] sample:		503.9 time, 540.7 real, 152.2 MB
[runlim] sample:		513.7 time, 550.6 real, 154.8 MB
[runlim] sample:		522.3 time, 560.6 real, 155.3 MB
[runlim] sample:		532.2 time, 570.7 real, 156.6 MB
[runlim] sample:		542.2 time, 580.7 real, 161.0 MB
[runlim] sample:		552.2 time, 590.6 real, 162.2 MB
[runlim] sample:		562.2 time, 600.7 real, 166.9 MB
[runlim] sample:		572.2 time, 610.7 real, 166.9 MB
[runlim] sample:		581.7 time, 620.6 real, 166.9 MB
[runlim] sample:		591.4 time, 630.7 real, 166.9 MB
[runlim] sample:		599.8 time, 640.7 real, 166.9 MB
[runlim] sample:		609.4 time, 650.6 real, 166.9 MB
[runlim] sample:		619.4 time, 660.6 real, 168.7 MB
[runlim] sample:		629.4 time, 670.6 real, 171.0 MB
[runlim] sample:		639.4 time, 680.6 real, 171.0 MB
[runlim] sample:		649.4 time, 690.6 real, 171.0 MB
[runlim] sample:		659.2 time, 700.6 real, 171.3 MB
[runlim] sample:		668.4 time, 710.6 real, 171.3 MB
[runlim] sample:		678.0 time, 720.6 real, 173.8 MB
[runlim] sample:		687.7 time, 730.6 real, 175.6 MB
[runlim] sample:		697.4 time, 740.6 real, 175.9 MB
[runlim] sample:		707.1 time, 750.6 real, 176.6 MB
[runlim] sample:		716.1 time, 760.6 real, 177.2 MB
[runlim] sample:		724.5 time, 770.6 real, 178.7 MB
[runlim] sample:		734.5 time, 780.6 real, 179.5 MB
[runlim] sample:		744.5 time, 790.6 real, 181.5 MB
[runlim] sample:		754.5 time, 800.6 real, 183.3 MB
[runlim] sample:		764.5 time, 810.6 real, 184.1 MB
[runlim] sample:		774.5 time, 820.6 real, 188.5 MB
[runlim] sample:		784.5 time, 830.6 real, 190.0 MB
[runlim] sample:		794.5 time, 840.6 real, 191.9 MB
[runlim] sample:		804.5 time, 850.6 real, 192.2 MB
[runlim] sample:		814.5 time, 860.6 real, 192.7 MB
[runlim] sample:		823.5 time, 870.6 real, 194.0 MB
[runlim] sample:		832.3 time, 880.6 real, 195.3 MB
[runlim] sample:		842.3 time, 890.6 real, 195.5 MB
[runlim] sample:		852.3 time, 900.6 real, 198.6 MB
[runlim] sample:		862.3 time, 910.6 real, 209.1 MB
[runlim] sample:		870.4 time, 920.6 real, 209.1 MB
[runlim] sample:		880.3 time, 930.6 real, 209.1 MB
[runlim] sample:		890.3 time, 940.6 real, 209.1 MB
[runlim] sample:		898.2 time, 950.6 real, 209.1 MB
[runlim] sample:		907.9 time, 960.6 real, 209.1 MB
[runlim] sample:		917.2 time, 970.6 real, 209.1 MB
[runlim] sample:		926.6 time, 980.6 real, 209.1 MB
[runlim] sample:		936.6 time, 990.6 real, 209.1 MB
[runlim] sample:		946.6 time, 1000.6 real, 211.8 MB
[runlim] sample:		956.6 time, 1010.6 real, 212.6 MB
[runlim] sample:		966.0 time, 1020.6 real, 213.9 MB
[runlim] sample:		974.4 time, 1030.6 real, 213.9 MB
[runlim] sample:		982.7 time, 1040.6 real, 214.4 MB
[runlim] sample:		991.4 time, 1050.6 real, 215.2 MB
[runlim] sample:		1000.3 time, 1060.6 real, 215.4 MB
[runlim] sample:		1009.4 time, 1070.6 real, 216.5 MB
[runlim] sample:		1019.3 time, 1080.6 real, 217.0 MB
[runlim] sample:		1028.6 time, 1090.6 real, 217.8 MB
[runlim] sample:		1037.7 time, 1100.6 real, 218.0 MB
[runlim] sample:		1046.7 time, 1110.6 real, 218.8 MB
[runlim] sample:		1055.2 time, 1120.6 real, 219.0 MB
[runlim] sample:		1064.2 time, 1130.6 real, 223.2 MB
[runlim] sample:		1072.7 time, 1140.6 real, 236.2 MB
[runlim] sample:		1081.0 time, 1150.7 real, 236.2 MB
[runlim] sample:		1091.0 time, 1160.6 real, 236.2 MB
[runlim] sample:		1101.0 time, 1170.6 real, 236.2 MB
[runlim] sample:		1111.0 time, 1180.6 real, 236.2 MB
[runlim] sample:		1119.9 time, 1190.6 real, 236.2 MB
[runlim] sample:		1128.8 time, 1200.6 real, 236.2 MB
[runlim] sample:		1137.6 time, 1210.6 real, 236.2 MB
[runlim] sample:		1146.6 time, 1220.6 real, 236.2 MB
[runlim] sample:		1155.9 time, 1230.6 real, 236.2 MB
[runlim] sample:		1165.9 time, 1240.6 real, 236.2 MB
[runlim] sample:		1175.9 time, 1250.6 real, 236.2 MB
[runlim] sample:		1185.9 time, 1260.6 real, 236.2 MB
[runlim] sample:		1195.2 time, 1270.6 real, 236.2 MB
[runlim] sample:		1204.1 time, 1280.6 real, 236.2 MB
[runlim] sample:		1213.0 time, 1290.6 real, 237.3 MB
[runlim] sample:		1222.5 time, 1300.6 real, 237.5 MB
[runlim] sample:		1232.4 time, 1310.7 real, 237.5 MB
[runlim] sample:		1242.4 time, 1320.6 real, 242.9 MB
[runlim] sample:		1252.4 time, 1330.6 real, 242.9 MB
[runlim] sample:		1262.4 time, 1340.6 real, 242.9 MB
[runlim] sample:		1272.4 time, 1350.6 real, 242.9 MB
[runlim] sample:		1282.4 time, 1360.6 real, 242.9 MB
[runlim] sample:		1292.4 time, 1370.6 real, 242.9 MB
[runlim] sample:		1302.4 time, 1380.6 real, 242.9 MB
[runlim] sample:		1312.4 time, 1390.6 real, 242.9 MB
[runlim] sample:		1322.4 time, 1400.6 real, 245.5 MB
[runlim] sample:		1332.4 time, 1410.7 real, 245.5 MB
[runlim] sample:		1342.4 time, 1420.6 real, 249.6 MB
[runlim] sample:		1352.4 time, 1430.6 real, 251.7 MB
[runlim] sample:		1362.4 time, 1440.6 real, 255.3 MB
[runlim] sample:		1371.7 time, 1450.6 real, 258.1 MB
[runlim] sample:		1379.9 time, 1460.6 real, 258.1 MB
[runlim] sample:		1388.3 time, 1470.6 real, 259.9 MB
[runlim] sample:		1396.8 time, 1480.6 real, 259.9 MB
[runlim] sample:		1406.2 time, 1490.6 real, 263.5 MB
[runlim] sample:		1415.0 time, 1500.6 real, 265.3 MB
[runlim] sample:		1423.5 time, 1510.6 real, 266.1 MB
[runlim] sample:		1432.7 time, 1520.6 real, 266.8 MB
[runlim] sample:		1442.7 time, 1530.6 real, 267.4 MB
[runlim] sample:		1452.7 time, 1540.6 real, 267.6 MB
[runlim] sample:		1462.7 time, 1550.6 real, 268.1 MB
[runlim] sample:		1472.7 time, 1560.6 real, 269.4 MB
[runlim] sample:		1482.7 time, 1570.6 real, 269.4 MB
[runlim] sample:		1492.7 time, 1580.6 real, 270.2 MB
[runlim] sample:		1502.7 time, 1590.6 real, 274.0 MB
[runlim] sample:		1512.7 time, 1600.7 real, 274.0 MB
[runlim] sample:		1522.7 time, 1610.6 real, 276.1 MB
[runlim] sample:		1532.7 time, 1620.6 real, 279.2 MB
[runlim] sample:		1542.7 time, 1630.6 real, 279.2 MB
[runlim] sample:		1552.7 time, 1640.6 real, 279.7 MB
[runlim] sample:		1562.7 time, 1650.6 real, 284.3 MB
[runlim] sample:		1572.6 time, 1660.6 real, 285.9 MB
[runlim] sample:		1582.6 time, 1670.6 real, 286.9 MB
[runlim] sample:		1592.4 time, 1680.6 real, 287.7 MB
[runlim] sample:		1602.4 time, 1690.6 real, 292.3 MB
[runlim] sample:		1610.7 time, 1700.6 real, 292.3 MB
[runlim] sample:		1619.0 time, 1710.6 real, 292.3 MB
[runlim] sample:		1627.3 time, 1720.6 real, 292.3 MB
[runlim] sample:		1636.7 time, 1730.6 real, 293.1 MB
[runlim] sample:		1646.7 time, 1740.6 real, 296.2 MB
[runlim] sample:		1656.7 time, 1750.6 real, 296.2 MB
[runlim] sample:		1666.7 time, 1760.6 real, 298.2 MB
[runlim] sample:		1676.7 time, 1770.6 real, 300.5 MB
[runlim] sample:		1686.7 time, 1780.6 real, 300.8 MB
[runlim] sample:		1696.7 time, 1790.6 real, 302.9 MB
[runlim] sample:		1706.7 time, 1800.6 real, 302.9 MB
[runlim] sample:		1716.7 time, 1810.6 real, 302.9 MB
[runlim] sample:		1726.7 time, 1820.6 real, 302.9 MB
[runlim] sample:		1736.7 time, 1830.7 real, 302.9 MB
[runlim] sample:		1746.6 time, 1840.6 real, 303.1 MB
[runlim] sample:		1756.6 time, 1850.7 real, 303.1 MB
[runlim] sample:		1766.6 time, 1860.6 real, 303.1 MB
[runlim] sample:		1776.6 time, 1870.7 real, 303.1 MB
[runlim] end:			Fri Feb 15 04:12:12 2019
[runlim] status:		signal(9)
[runlim] result:		11
[runlim] children:		0
[runlim] real:			1878.83 seconds
[runlim] time:			1784.74 seconds
[runlim] space:			303.4 MB
[runlim] samples:		18781
