[runlim] version:		1.10fixed
[runlim] time limit:		1800 seconds
[runlim] real time limit:	311040000 seconds
[runlim] space limit:		4000 MB
[runlim] argv[0]:		./cvc4
[runlim] argv[1]:		--nl-ext-tplanes
[runlim] argv[2]:		--full-saturate-quant
[runlim] argv[3]:		--no-e-matching
[runlim] argv[4]:		/tmp/1meF64c0.smt2
[runlim] start:			Tue Feb 19 03:08:58 2019
[runlim] main pid:		11255
[runlim] sample:		9.3 time, 10.2 real, 42.3 MB
[runlim] sample:		18.7 time, 20.2 real, 49.9 MB
[runlim] sample:		28.0 time, 30.2 real, 53.5 MB
[runlim] sample:		38.0 time, 40.2 real, 55.8 MB
[runlim] sample:		47.1 time, 50.2 real, 57.6 MB
[runlim] sample:		54.9 time, 60.2 real, 59.4 MB
[runlim] sample:		63.8 time, 70.2 real, 60.4 MB
[runlim] sample:		73.8 time, 80.2 real, 62.0 MB
[runlim] sample:		83.5 time, 90.2 real, 63.5 MB
[runlim] sample:		93.1 time, 100.2 real, 65.1 MB
[runlim] sample:		103.1 time, 110.2 real, 66.4 MB
[runlim] sample:		113.1 time, 120.2 real, 67.8 MB
[runlim] sample:		123.1 time, 130.2 real, 69.3 MB
[runlim] sample:		133.1 time, 140.2 real, 70.6 MB
[runlim] sample:		143.1 time, 150.2 real, 71.6 MB
[runlim] sample:		153.1 time, 160.2 real, 73.7 MB
[runlim] sample:		163.0 time, 170.2 real, 74.2 MB
[runlim] sample:		172.1 time, 180.2 real, 77.0 MB
[runlim] sample:		180.8 time, 190.2 real, 77.5 MB
[runlim] sample:		190.8 time, 200.2 real, 78.3 MB
[runlim] sample:		200.8 time, 210.2 real, 79.0 MB
[runlim] sample:		210.8 time, 220.2 real, 80.1 MB
[runlim] sample:		219.9 time, 230.2 real, 81.9 MB
[runlim] sample:		228.7 time, 240.2 real, 82.6 MB
[runlim] sample:		237.7 time, 250.2 real, 83.7 MB
[runlim] sample:		247.4 time, 260.2 real, 84.2 MB
[runlim] sample:		256.7 time, 270.2 real, 84.7 MB
[runlim] sample:		264.8 time, 280.2 real, 85.7 MB
[runlim] sample:		274.4 time, 290.2 real, 86.2 MB
[runlim] sample:		283.8 time, 300.2 real, 87.0 MB
[runlim] sample:		293.1 time, 310.2 real, 87.8 MB
[runlim] sample:		302.5 time, 320.2 real, 88.6 MB
[runlim] sample:		311.1 time, 330.2 real, 88.8 MB
[runlim] sample:		320.1 time, 340.2 real, 90.4 MB
[runlim] sample:		330.1 time, 350.2 real, 91.1 MB
[runlim] sample:		340.1 time, 360.2 real, 91.7 MB
[runlim] sample:		349.4 time, 370.2 real, 92.2 MB
[runlim] sample:		358.0 time, 380.2 real, 93.2 MB
[runlim] sample:		366.6 time, 390.2 real, 93.2 MB
[runlim] sample:		374.6 time, 400.2 real, 94.2 MB
[runlim] sample:		382.8 time, 410.2 real, 94.2 MB
[runlim] sample:		392.1 time, 420.2 real, 94.8 MB
[runlim] sample:		400.1 time, 430.2 real, 95.3 MB
[runlim] sample:		409.3 time, 440.2 real, 96.0 MB
[runlim] sample:		419.3 time, 450.2 real, 97.6 MB
[runlim] sample:		429.3 time, 460.2 real, 98.1 MB
[runlim] sample:		439.3 time, 470.2 real, 98.4 MB
[runlim] sample:		449.3 time, 480.2 real, 98.4 MB
[runlim] sample:		459.3 time, 490.2 real, 99.4 MB
[runlim] sample:		469.3 time, 500.2 real, 100.2 MB
[runlim] sample:		479.3 time, 510.2 real, 100.4 MB
[runlim] sample:		489.0 time, 520.2 real, 101.2 MB
[runlim] sample:		498.1 time, 530.2 real, 101.7 MB
[runlim] sample:		507.2 time, 540.2 real, 102.2 MB
[runlim] sample:		515.9 time, 550.2 real, 102.7 MB
[runlim] sample:		525.4 time, 560.2 real, 103.2 MB
[runlim] sample:		535.4 time, 570.2 real, 103.2 MB
[runlim] sample:		544.1 time, 580.2 real, 104.3 MB
[runlim] sample:		552.7 time, 590.2 real, 104.3 MB
[runlim] sample:		562.7 time, 600.2 real, 105.3 MB
[runlim] sample:		572.7 time, 610.2 real, 105.6 MB
[runlim] sample:		582.7 time, 620.2 real, 107.6 MB
[runlim] sample:		592.7 time, 630.2 real, 107.6 MB
[runlim] sample:		601.8 time, 640.2 real, 108.1 MB
[runlim] sample:		611.1 time, 650.2 real, 108.4 MB
[runlim] sample:		621.1 time, 660.2 real, 108.4 MB
[runlim] sample:		631.1 time, 670.2 real, 109.2 MB
[runlim] sample:		641.1 time, 680.2 real, 109.4 MB
[runlim] sample:		650.8 time, 690.2 real, 110.2 MB
[runlim] sample:		660.6 time, 700.2 real, 110.2 MB
[runlim] sample:		670.6 time, 710.2 real, 111.5 MB
[runlim] sample:		680.6 time, 720.2 real, 111.7 MB
[runlim] sample:		690.6 time, 730.2 real, 112.0 MB
[runlim] sample:		700.6 time, 740.2 real, 112.5 MB
[runlim] sample:		710.5 time, 750.2 real, 112.8 MB
[runlim] sample:		719.6 time, 760.2 real, 113.0 MB
[runlim] sample:		729.0 time, 770.2 real, 113.3 MB
[runlim] sample:		738.5 time, 780.2 real, 114.1 MB
[runlim] sample:		748.5 time, 790.2 real, 114.1 MB
[runlim] sample:		758.5 time, 800.2 real, 114.3 MB
[runlim] sample:		768.5 time, 810.2 real, 117.5 MB
[runlim] sample:		777.2 time, 820.2 real, 117.5 MB
[runlim] sample:		786.6 time, 830.2 real, 117.5 MB
[runlim] sample:		795.2 time, 840.2 real, 118.3 MB
[runlim] sample:		803.7 time, 850.2 real, 118.3 MB
[runlim] sample:		812.3 time, 860.2 real, 118.3 MB
[runlim] sample:		820.8 time, 870.2 real, 119.3 MB
[runlim] sample:		830.8 time, 880.2 real, 119.6 MB
[runlim] sample:		840.8 time, 890.2 real, 120.1 MB
[runlim] sample:		850.7 time, 900.2 real, 120.3 MB
[runlim] sample:		860.0 time, 910.2 real, 120.6 MB
[runlim] sample:		870.0 time, 920.2 real, 121.1 MB
[runlim] sample:		880.0 time, 930.2 real, 121.1 MB
[runlim] sample:		890.0 time, 940.2 real, 121.1 MB
[runlim] sample:		900.0 time, 950.2 real, 122.1 MB
[runlim] sample:		910.0 time, 960.2 real, 122.1 MB
[runlim] sample:		918.7 time, 970.2 real, 122.1 MB
[runlim] sample:		928.4 time, 980.2 real, 123.2 MB
[runlim] sample:		937.9 time, 990.2 real, 123.2 MB
[runlim] sample:		946.9 time, 1000.2 real, 123.2 MB
[runlim] sample:		954.3 time, 1010.2 real, 123.7 MB
[runlim] sample:		963.3 time, 1020.2 real, 123.7 MB
[runlim] sample:		970.7 time, 1030.2 real, 123.7 MB
[runlim] sample:		978.9 time, 1040.2 real, 124.5 MB
[runlim] sample:		988.9 time, 1050.2 real, 124.7 MB
[runlim] sample:		998.9 time, 1060.2 real, 126.0 MB
[runlim] sample:		1008.8 time, 1070.2 real, 126.5 MB
[runlim] sample:		1017.6 time, 1080.2 real, 126.5 MB
[runlim] sample:		1027.0 time, 1090.2 real, 126.8 MB
[runlim] sample:		1037.0 time, 1100.2 real, 126.8 MB
[runlim] sample:		1046.2 time, 1110.2 real, 127.3 MB
[runlim] sample:		1056.0 time, 1120.2 real, 127.3 MB
[runlim] sample:		1066.0 time, 1130.2 real, 127.3 MB
[runlim] sample:		1076.0 time, 1140.2 real, 128.1 MB
[runlim] sample:		1084.4 time, 1150.2 real, 128.1 MB
[runlim] sample:		1091.7 time, 1160.2 real, 128.3 MB
[runlim] sample:		1101.5 time, 1170.2 real, 129.1 MB
[runlim] sample:		1110.3 time, 1180.2 real, 129.1 MB
[runlim] sample:		1118.2 time, 1190.2 real, 129.1 MB
[runlim] sample:		1127.6 time, 1200.2 real, 129.1 MB
[runlim] sample:		1137.0 time, 1210.2 real, 130.7 MB
[runlim] sample:		1146.2 time, 1220.2 real, 130.7 MB
[runlim] sample:		1155.5 time, 1230.2 real, 130.9 MB
[runlim] sample:		1163.6 time, 1240.2 real, 130.9 MB
[runlim] sample:		1171.9 time, 1250.2 real, 131.9 MB
[runlim] sample:		1180.4 time, 1260.2 real, 131.9 MB
[runlim] sample:		1190.3 time, 1270.2 real, 131.9 MB
[runlim] sample:		1200.3 time, 1280.2 real, 132.7 MB
[runlim] sample:		1210.3 time, 1290.2 real, 132.7 MB
[runlim] sample:		1220.2 time, 1300.2 real, 132.7 MB
[runlim] sample:		1228.9 time, 1310.2 real, 132.7 MB
[runlim] sample:		1238.7 time, 1320.2 real, 134.5 MB
[runlim] sample:		1248.6 time, 1330.2 real, 134.5 MB
[runlim] sample:		1258.6 time, 1340.2 real, 134.5 MB
[runlim] sample:		1268.2 time, 1350.2 real, 135.0 MB
[runlim] sample:		1277.4 time, 1360.2 real, 135.0 MB
[runlim] sample:		1285.8 time, 1370.2 real, 135.0 MB
[runlim] sample:		1294.0 time, 1380.2 real, 135.0 MB
[runlim] sample:		1303.5 time, 1390.2 real, 136.1 MB
[runlim] sample:		1312.7 time, 1400.2 real, 136.3 MB
[runlim] sample:		1322.4 time, 1410.2 real, 136.3 MB
[runlim] sample:		1331.9 time, 1420.2 real, 136.3 MB
[runlim] sample:		1341.9 time, 1430.2 real, 137.4 MB
[runlim] sample:		1351.9 time, 1440.2 real, 137.4 MB
[runlim] sample:		1361.7 time, 1450.2 real, 137.4 MB
[runlim] sample:		1371.7 time, 1460.2 real, 137.4 MB
[runlim] sample:		1381.7 time, 1470.2 real, 138.1 MB
[runlim] sample:		1391.7 time, 1480.2 real, 138.1 MB
[runlim] sample:		1401.7 time, 1490.2 real, 138.1 MB
[runlim] sample:		1411.7 time, 1500.2 real, 138.4 MB
[runlim] sample:		1421.7 time, 1510.2 real, 139.2 MB
[runlim] sample:		1431.2 time, 1520.2 real, 139.2 MB
[runlim] sample:		1439.3 time, 1530.2 real, 139.2 MB
[runlim] sample:		1447.7 time, 1540.2 real, 139.2 MB
[runlim] sample:		1457.2 time, 1550.2 real, 140.2 MB
[runlim] sample:		1466.6 time, 1560.2 real, 140.4 MB
[runlim] sample:		1475.3 time, 1570.2 real, 140.4 MB
[runlim] sample:		1483.7 time, 1580.2 real, 140.4 MB
[runlim] sample:		1492.8 time, 1590.2 real, 140.4 MB
[runlim] sample:		1502.2 time, 1600.2 real, 141.5 MB
[runlim] sample:		1511.8 time, 1610.2 real, 141.5 MB
[runlim] sample:		1519.9 time, 1620.2 real, 142.8 MB
[runlim] sample:		1529.9 time, 1630.2 real, 142.8 MB
[runlim] sample:		1539.9 time, 1640.2 real, 142.8 MB
[runlim] sample:		1549.9 time, 1650.2 real, 142.8 MB
[runlim] sample:		1559.5 time, 1660.2 real, 144.0 MB
[runlim] sample:		1568.4 time, 1670.2 real, 144.0 MB
[runlim] sample:		1578.2 time, 1680.2 real, 144.0 MB
[runlim] sample:		1588.2 time, 1690.2 real, 144.0 MB
[runlim] sample:		1598.2 time, 1700.2 real, 144.3 MB
[runlim] sample:		1608.2 time, 1710.2 real, 144.3 MB
[runlim] sample:		1617.3 time, 1720.2 real, 144.8 MB
[runlim] sample:		1625.0 time, 1730.2 real, 144.8 MB
[runlim] sample:		1632.7 time, 1740.2 real, 144.8 MB
[runlim] sample:		1641.2 time, 1750.2 real, 144.8 MB
[runlim] sample:		1650.2 time, 1760.2 real, 144.8 MB
[runlim] sample:		1660.2 time, 1770.2 real, 146.6 MB
[runlim] sample:		1669.7 time, 1780.2 real, 146.6 MB
[runlim] sample:		1679.1 time, 1790.2 real, 146.6 MB
[runlim] sample:		1689.1 time, 1800.2 real, 146.6 MB
[runlim] sample:		1699.1 time, 1810.2 real, 146.6 MB
[runlim] sample:		1708.2 time, 1820.2 real, 147.9 MB
[runlim] sample:		1717.4 time, 1830.2 real, 147.9 MB
[runlim] sample:		1727.4 time, 1840.2 real, 147.9 MB
[runlim] sample:		1737.4 time, 1850.2 real, 147.9 MB
[runlim] sample:		1747.4 time, 1860.2 real, 148.2 MB
[runlim] sample:		1757.4 time, 1870.2 real, 148.2 MB
[runlim] sample:		1767.4 time, 1880.2 real, 148.2 MB
[runlim] sample:		1777.4 time, 1890.2 real, 148.4 MB
[runlim] sample:		1787.4 time, 1900.2 real, 148.4 MB
[runlim] sample:		1797.4 time, 1910.2 real, 149.5 MB
[runlim] end:			Tue Feb 19 03:40:50 2019
[runlim] status:		signal(9)
[runlim] result:		11
[runlim] children:		0
[runlim] real:			1912.75 seconds
[runlim] time:			1799.89 seconds
[runlim] space:			149.5 MB
[runlim] samples:		19125
