[runlim] version:		1.10fixed
[runlim] time limit:		300 seconds
[runlim] real time limit:	311040000 seconds
[runlim] space limit:		4000 MB
[runlim] argv[0]:		./cvc4
[runlim] argv[1]:		--nl-ext-tplanes
[runlim] argv[2]:		--full-saturate-quant
[runlim] argv[3]:		--no-e-matching
[runlim] argv[4]:		/tmp/JteHlwdb.smt2
[runlim] start:			Wed Feb 13 23:55:17 2019
[runlim] main pid:		4450
[runlim] sample:		9.3 time, 11.0 real, 53.2 MB
[runlim] sample:		18.9 time, 21.0 real, 63.3 MB
[runlim] sample:		27.6 time, 31.0 real, 71.5 MB
[runlim] sample:		36.7 time, 41.0 real, 80.4 MB
[runlim] sample:		46.3 time, 51.0 real, 85.8 MB
[runlim] sample:		56.0 time, 61.0 real, 88.9 MB
[runlim] sample:		65.7 time, 71.0 real, 95.4 MB
[runlim] sample:		75.3 time, 81.0 real, 99.2 MB
[runlim] sample:		85.0 time, 91.0 real, 103.6 MB
[runlim] sample:		94.7 time, 101.0 real, 103.9 MB
[runlim] sample:		104.3 time, 111.0 real, 108.0 MB
[runlim] sample:		114.0 time, 121.0 real, 110.3 MB
[runlim] sample:		123.7 time, 131.0 real, 111.6 MB
[runlim] sample:		133.4 time, 141.0 real, 114.9 MB
[runlim] sample:		143.1 time, 151.0 real, 116.8 MB
[runlim] sample:		152.7 time, 161.0 real, 126.3 MB
[runlim] sample:		162.6 time, 171.0 real, 130.7 MB
[runlim] sample:		172.6 time, 181.0 real, 130.7 MB
[runlim] sample:		182.6 time, 191.0 real, 136.4 MB
[runlim] sample:		192.6 time, 201.0 real, 139.2 MB
[runlim] sample:		202.6 time, 211.0 real, 141.3 MB
[runlim] sample:		212.6 time, 221.0 real, 142.3 MB
[runlim] sample:		222.6 time, 231.0 real, 143.4 MB
[runlim] sample:		232.6 time, 241.0 real, 144.1 MB
[runlim] sample:		242.6 time, 251.0 real, 146.2 MB
[runlim] sample:		252.6 time, 261.0 real, 147.0 MB
[runlim] sample:		262.6 time, 271.0 real, 148.2 MB
[runlim] sample:		272.6 time, 281.0 real, 149.8 MB
[runlim] sample:		282.6 time, 291.0 real, 151.3 MB
[runlim] sample:		292.6 time, 301.0 real, 153.1 MB
CVC4 interrupted by SIGTERM.
[runlim] end:			Thu Feb 14 00:00:25 2019
[runlim] status:		out of time
[runlim] result:		2
[runlim] children:		0
[runlim] real:			308.49 seconds
[runlim] time:			300.08 seconds
[runlim] space:			154.7 MB
[runlim] samples:		3075
