[runlim] version:		1.10fixed
[runlim] time limit:		300 seconds
[runlim] real time limit:	311040000 seconds
[runlim] space limit:		4000 MB
[runlim] argv[0]:		./cvc4
[runlim] argv[1]:		--nl-ext-tplanes
[runlim] argv[2]:		--full-saturate-quant
[runlim] argv[3]:		--no-e-matching
[runlim] argv[4]:		/tmp/bX0QFbJI.smt2
[runlim] start:			Wed Feb 13 23:55:55 2019
[runlim] main pid:		16638
[runlim] sample:		8.9 time, 10.4 real, 37.6 MB
[runlim] sample:		18.4 time, 20.4 real, 52.0 MB
[runlim] sample:		28.1 time, 30.4 real, 66.2 MB
[runlim] sample:		37.9 time, 40.4 real, 74.9 MB
[runlim] sample:		47.9 time, 50.4 real, 85.7 MB
[runlim] sample:		57.9 time, 60.4 real, 95.8 MB
[runlim] sample:		67.9 time, 70.4 real, 102.2 MB
[runlim] sample:		77.9 time, 80.4 real, 114.9 MB
[runlim] sample:		87.9 time, 90.4 real, 119.6 MB
[runlim] sample:		97.9 time, 100.4 real, 129.6 MB
[runlim] sample:		107.9 time, 110.4 real, 133.7 MB
[runlim] sample:		117.9 time, 120.4 real, 142.2 MB
[runlim] sample:		127.9 time, 130.4 real, 161.1 MB
[runlim] sample:		137.9 time, 140.4 real, 162.9 MB
[runlim] sample:		147.9 time, 150.4 real, 164.4 MB
[runlim] sample:		157.9 time, 160.4 real, 168.3 MB
[runlim] sample:		167.9 time, 170.4 real, 178.9 MB
[runlim] sample:		177.9 time, 180.4 real, 180.9 MB
[runlim] sample:		187.9 time, 190.4 real, 188.9 MB
[runlim] sample:		197.9 time, 200.4 real, 196.7 MB
[runlim] sample:		207.9 time, 210.4 real, 200.5 MB
[runlim] sample:		217.8 time, 220.4 real, 207.0 MB
[runlim] sample:		227.9 time, 230.4 real, 240.6 MB
[runlim] sample:		237.9 time, 240.4 real, 242.6 MB
[runlim] sample:		247.8 time, 250.4 real, 243.9 MB
[runlim] sample:		257.9 time, 260.4 real, 245.7 MB
[runlim] sample:		267.9 time, 270.4 real, 247.3 MB
[runlim] sample:		277.9 time, 280.4 real, 247.8 MB
[runlim] sample:		287.8 time, 290.4 real, 249.8 MB
[runlim] sample:		297.8 time, 300.4 real, 253.4 MB
CVC4 interrupted by SIGTERM.
[runlim] end:			Thu Feb 14 00:00:57 2019
[runlim] status:		out of time
[runlim] result:		2
[runlim] children:		0
[runlim] real:			302.61 seconds
[runlim] time:			300.04 seconds
[runlim] space:			254.7 MB
[runlim] samples:		3022
