[runlim] version:		1.10fixed
[runlim] time limit:		300 seconds
[runlim] real time limit:	311040000 seconds
[runlim] space limit:		4000 MB
[runlim] argv[0]:		./cvc4
[runlim] argv[1]:		--nl-ext-tplanes
[runlim] argv[2]:		--full-saturate-quant
[runlim] argv[3]:		--no-e-matching
[runlim] argv[4]:		/tmp/3pgEvBgE.smt2
[runlim] start:			Wed Feb 13 23:55:38 2019
[runlim] main pid:		20383
[runlim] sample:		8.9 time, 10.4 real, 54.9 MB
[runlim] sample:		18.6 time, 20.4 real, 66.7 MB
[runlim] sample:		27.6 time, 30.4 real, 76.0 MB
[runlim] sample:		37.1 time, 40.4 real, 84.5 MB
[runlim] sample:		46.9 time, 50.4 real, 89.4 MB
[runlim] sample:		56.9 time, 60.4 real, 95.3 MB
[runlim] sample:		66.9 time, 70.4 real, 100.5 MB
[runlim] sample:		76.9 time, 80.4 real, 107.7 MB
[runlim] sample:		86.9 time, 90.4 real, 124.7 MB
[runlim] sample:		96.9 time, 100.4 real, 125.0 MB
[runlim] sample:		106.9 time, 110.4 real, 125.5 MB
[runlim] sample:		116.9 time, 120.4 real, 128.3 MB
[runlim] sample:		126.9 time, 130.4 real, 138.9 MB
[runlim] sample:		136.9 time, 140.4 real, 139.1 MB
[runlim] sample:		146.9 time, 150.4 real, 139.1 MB
[runlim] sample:		156.9 time, 160.4 real, 141.7 MB
[runlim] sample:		166.9 time, 170.4 real, 144.3 MB
[runlim] sample:		176.9 time, 180.4 real, 145.8 MB
[runlim] sample:		186.9 time, 190.4 real, 148.4 MB
[runlim] sample:		196.9 time, 200.4 real, 151.0 MB
[runlim] sample:		206.9 time, 210.4 real, 152.0 MB
[runlim] sample:		216.9 time, 220.4 real, 168.8 MB
[runlim] sample:		226.9 time, 230.4 real, 168.8 MB
[runlim] sample:		236.9 time, 240.4 real, 169.0 MB
[runlim] sample:		246.9 time, 250.4 real, 169.0 MB
[runlim] sample:		256.9 time, 260.4 real, 169.3 MB
[runlim] sample:		266.9 time, 270.4 real, 169.3 MB
[runlim] sample:		276.9 time, 280.4 real, 171.1 MB
[runlim] sample:		286.9 time, 290.4 real, 199.5 MB
[runlim] sample:		296.9 time, 300.4 real, 199.7 MB
CVC4 interrupted by SIGTERM.
[runlim] end:			Thu Feb 14 00:00:41 2019
[runlim] status:		out of time
[runlim] result:		2
[runlim] children:		0
[runlim] real:			303.67 seconds
[runlim] time:			300.07 seconds
[runlim] space:			199.7 MB
[runlim] samples:		3032
