[runlim] version:		1.10fixed
[runlim] time limit:		1800 seconds
[runlim] real time limit:	311040000 seconds
[runlim] space limit:		4000 MB
[runlim] argv[0]:		./cvc4
[runlim] argv[1]:		--nl-ext-tplanes
[runlim] argv[2]:		--full-saturate-quant
[runlim] argv[3]:		--no-e-matching
[runlim] argv[4]:		/tmp/GY5yWM9f.smt2
[runlim] start:			Tue Feb 19 03:35:30 2019
[runlim] main pid:		17009
[runlim] sample:		9.0 time, 10.3 real, 43.2 MB
[runlim] sample:		19.0 time, 20.3 real, 49.1 MB
[runlim] sample:		29.0 time, 30.3 real, 52.2 MB
[runlim] sample:		39.0 time, 40.3 real, 56.6 MB
[runlim] sample:		49.0 time, 50.3 real, 59.5 MB
[runlim] sample:		59.0 time, 60.3 real, 62.6 MB
[runlim] sample:		69.0 time, 70.3 real, 64.6 MB
[runlim] sample:		79.0 time, 80.3 real, 66.4 MB
[runlim] sample:		89.0 time, 90.3 real, 68.5 MB
[runlim] sample:		99.0 time, 100.3 real, 70.3 MB
[runlim] sample:		109.0 time, 110.3 real, 72.1 MB
[runlim] sample:		119.0 time, 120.3 real, 74.8 MB
[runlim] sample:		129.0 time, 130.3 real, 76.9 MB
[runlim] sample:		139.0 time, 140.3 real, 79.5 MB
[runlim] sample:		149.0 time, 150.3 real, 79.8 MB
[runlim] sample:		159.0 time, 160.3 real, 80.5 MB
[runlim] sample:		169.0 time, 170.3 real, 81.6 MB
[runlim] sample:		179.0 time, 180.3 real, 83.1 MB
[runlim] sample:		189.0 time, 190.3 real, 84.4 MB
[runlim] sample:		199.0 time, 200.3 real, 85.4 MB
[runlim] sample:		209.0 time, 210.3 real, 85.8 MB
[runlim] sample:		219.0 time, 220.3 real, 87.1 MB
[runlim] sample:		229.0 time, 230.3 real, 87.9 MB
[runlim] sample:		239.0 time, 240.3 real, 89.1 MB
[runlim] sample:		249.0 time, 250.3 real, 90.2 MB
[runlim] sample:		259.0 time, 260.3 real, 90.9 MB
[runlim] sample:		269.0 time, 270.3 real, 92.2 MB
[runlim] sample:		279.0 time, 280.3 real, 93.0 MB
[runlim] sample:		289.0 time, 290.3 real, 93.3 MB
[runlim] sample:		299.0 time, 300.3 real, 94.3 MB
[runlim] sample:		309.0 time, 310.3 real, 94.8 MB
[runlim] sample:		319.0 time, 320.3 real, 95.8 MB
[runlim] sample:		329.0 time, 330.3 real, 96.6 MB
[runlim] sample:		339.0 time, 340.3 real, 97.6 MB
[runlim] sample:		349.0 time, 350.3 real, 98.9 MB
[runlim] sample:		359.0 time, 360.3 real, 99.2 MB
[runlim] sample:		369.0 time, 370.3 real, 100.2 MB
[runlim] sample:		379.0 time, 380.3 real, 101.0 MB
[runlim] sample:		389.0 time, 390.3 real, 101.8 MB
[runlim] sample:		399.0 time, 400.3 real, 103.3 MB
[runlim] sample:		409.0 time, 410.3 real, 104.1 MB
[runlim] sample:		419.0 time, 420.3 real, 104.4 MB
[runlim] sample:		429.0 time, 430.3 real, 105.7 MB
[runlim] sample:		439.0 time, 440.3 real, 106.2 MB
[runlim] sample:		449.0 time, 450.3 real, 106.7 MB
[runlim] sample:		459.0 time, 460.3 real, 107.2 MB
[runlim] sample:		469.0 time, 470.3 real, 107.2 MB
[runlim] sample:		479.0 time, 480.3 real, 107.7 MB
[runlim] sample:		489.0 time, 490.3 real, 108.5 MB
[runlim] sample:		499.0 time, 500.3 real, 108.7 MB
[runlim] sample:		509.0 time, 510.3 real, 108.7 MB
[runlim] sample:		519.0 time, 520.3 real, 108.7 MB
[runlim] sample:		529.0 time, 530.3 real, 109.0 MB
[runlim] sample:		539.0 time, 540.3 real, 109.0 MB
[runlim] sample:		549.0 time, 550.3 real, 109.0 MB
[runlim] sample:		559.0 time, 560.3 real, 110.0 MB
[runlim] sample:		569.0 time, 570.3 real, 110.0 MB
[runlim] sample:		579.0 time, 580.3 real, 110.0 MB
[runlim] sample:		589.0 time, 590.3 real, 110.0 MB
[runlim] sample:		599.0 time, 600.3 real, 110.0 MB
[runlim] sample:		609.0 time, 610.3 real, 110.0 MB
[runlim] sample:		619.0 time, 620.3 real, 110.5 MB
[runlim] sample:		629.0 time, 630.3 real, 111.3 MB
[runlim] sample:		639.0 time, 640.3 real, 112.3 MB
[runlim] sample:		649.0 time, 650.3 real, 112.6 MB
[runlim] sample:		659.0 time, 660.3 real, 112.8 MB
[runlim] sample:		669.0 time, 670.3 real, 113.6 MB
[runlim] sample:		679.0 time, 680.3 real, 114.4 MB
[runlim] sample:		689.0 time, 690.3 real, 114.6 MB
[runlim] sample:		699.0 time, 700.3 real, 114.9 MB
[runlim] sample:		709.0 time, 710.3 real, 115.7 MB
[runlim] sample:		719.0 time, 720.3 real, 116.2 MB
[runlim] sample:		729.0 time, 730.3 real, 116.7 MB
[runlim] sample:		739.0 time, 740.3 real, 117.7 MB
[runlim] sample:		748.5 time, 750.3 real, 117.7 MB
[runlim] sample:		758.0 time, 760.3 real, 118.2 MB
[runlim] sample:		766.7 time, 770.3 real, 119.0 MB
[runlim] sample:		775.0 time, 780.3 real, 119.8 MB
[runlim] sample:		783.2 time, 790.3 real, 120.0 MB
[runlim] sample:		792.3 time, 800.3 real, 120.0 MB
[runlim] sample:		800.5 time, 810.3 real, 120.0 MB
[runlim] sample:		808.9 time, 820.3 real, 120.0 MB
[runlim] sample:		818.1 time, 830.3 real, 120.0 MB
[runlim] sample:		827.1 time, 840.3 real, 120.0 MB
[runlim] sample:		836.1 time, 850.3 real, 121.1 MB
[runlim] sample:		845.0 time, 860.3 real, 121.3 MB
[runlim] sample:		854.6 time, 870.3 real, 121.8 MB
[runlim] sample:		863.7 time, 880.3 real, 122.1 MB
[runlim] sample:		873.7 time, 890.3 real, 123.1 MB
[runlim] sample:		882.8 time, 900.3 real, 123.4 MB
[runlim] sample:		892.6 time, 910.3 real, 124.2 MB
[runlim] sample:		902.1 time, 920.3 real, 124.2 MB
[runlim] sample:		911.5 time, 930.3 real, 124.5 MB
[runlim] sample:		921.5 time, 940.3 real, 124.5 MB
[runlim] sample:		930.8 time, 950.3 real, 124.7 MB
[runlim] sample:		938.7 time, 960.3 real, 124.7 MB
[runlim] sample:		947.9 time, 970.3 real, 124.7 MB
[runlim] sample:		956.6 time, 980.3 real, 125.5 MB
[runlim] sample:		965.7 time, 990.3 real, 125.5 MB
[runlim] sample:		975.4 time, 1000.3 real, 125.7 MB
[runlim] sample:		985.4 time, 1010.3 real, 126.0 MB
[runlim] sample:		995.4 time, 1020.3 real, 126.0 MB
[runlim] sample:		1005.4 time, 1030.3 real, 126.0 MB
[runlim] sample:		1015.4 time, 1040.3 real, 127.3 MB
[runlim] sample:		1025.4 time, 1050.3 real, 127.3 MB
[runlim] sample:		1035.4 time, 1060.3 real, 127.8 MB
[runlim] sample:		1045.4 time, 1070.3 real, 128.3 MB
[runlim] sample:		1055.4 time, 1080.3 real, 128.6 MB
[runlim] sample:		1065.4 time, 1090.3 real, 128.8 MB
[runlim] sample:		1075.4 time, 1100.3 real, 129.6 MB
[runlim] sample:		1085.4 time, 1110.3 real, 130.1 MB
[runlim] sample:		1095.4 time, 1120.3 real, 130.6 MB
[runlim] sample:		1105.4 time, 1130.3 real, 130.9 MB
[runlim] sample:		1115.4 time, 1140.3 real, 131.4 MB
[runlim] sample:		1125.4 time, 1150.3 real, 131.9 MB
[runlim] sample:		1135.4 time, 1160.3 real, 132.3 MB
[runlim] sample:		1145.4 time, 1170.3 real, 132.6 MB
[runlim] sample:		1155.4 time, 1180.3 real, 132.8 MB
[runlim] sample:		1165.4 time, 1190.3 real, 133.1 MB
[runlim] sample:		1175.4 time, 1200.3 real, 133.3 MB
[runlim] sample:		1185.4 time, 1210.3 real, 135.4 MB
[runlim] sample:		1195.4 time, 1220.3 real, 135.4 MB
[runlim] sample:		1205.4 time, 1230.3 real, 135.7 MB
[runlim] sample:		1215.4 time, 1240.3 real, 136.2 MB
[runlim] sample:		1225.4 time, 1250.3 real, 136.7 MB
[runlim] sample:		1235.4 time, 1260.3 real, 137.0 MB
[runlim] sample:		1245.4 time, 1270.3 real, 137.2 MB
[runlim] sample:		1255.4 time, 1280.3 real, 137.8 MB
[runlim] sample:		1265.4 time, 1290.3 real, 138.0 MB
[runlim] sample:		1275.4 time, 1300.3 real, 138.3 MB
[runlim] sample:		1285.4 time, 1310.3 real, 140.1 MB
[runlim] sample:		1295.4 time, 1320.3 real, 140.1 MB
[runlim] sample:		1305.4 time, 1330.3 real, 140.1 MB
[runlim] sample:		1315.4 time, 1340.3 real, 140.6 MB
[runlim] sample:		1325.4 time, 1350.3 real, 141.1 MB
[runlim] sample:		1335.4 time, 1360.3 real, 141.1 MB
[runlim] sample:		1345.4 time, 1370.3 real, 141.9 MB
[runlim] sample:		1355.4 time, 1380.3 real, 142.1 MB
[runlim] sample:		1365.4 time, 1390.3 real, 142.1 MB
[runlim] sample:		1375.4 time, 1400.3 real, 142.4 MB
[runlim] sample:		1385.4 time, 1410.3 real, 142.9 MB
[runlim] sample:		1395.4 time, 1420.3 real, 143.7 MB
[runlim] sample:		1405.4 time, 1430.3 real, 143.7 MB
[runlim] sample:		1415.4 time, 1440.3 real, 144.2 MB
[runlim] sample:		1425.4 time, 1450.3 real, 145.0 MB
[runlim] sample:		1435.4 time, 1460.3 real, 145.5 MB
[runlim] sample:		1445.4 time, 1470.3 real, 145.5 MB
[runlim] sample:		1455.4 time, 1480.3 real, 145.5 MB
[runlim] sample:		1465.4 time, 1490.3 real, 145.5 MB
[runlim] sample:		1475.4 time, 1500.3 real, 145.7 MB
[runlim] sample:		1485.4 time, 1510.3 real, 145.7 MB
[runlim] sample:		1495.4 time, 1520.3 real, 145.7 MB
[runlim] sample:		1505.4 time, 1530.3 real, 146.5 MB
[runlim] sample:		1515.4 time, 1540.3 real, 146.5 MB
[runlim] sample:		1525.4 time, 1550.3 real, 146.8 MB
[runlim] sample:		1535.4 time, 1560.3 real, 146.8 MB
[runlim] sample:		1545.4 time, 1570.3 real, 147.0 MB
[runlim] sample:		1555.4 time, 1580.3 real, 147.0 MB
[runlim] sample:		1565.4 time, 1590.3 real, 147.0 MB
[runlim] sample:		1575.4 time, 1600.3 real, 147.0 MB
[runlim] sample:		1585.4 time, 1610.3 real, 148.3 MB
[runlim] sample:		1595.4 time, 1620.3 real, 148.5 MB
[runlim] sample:		1605.4 time, 1630.3 real, 148.5 MB
[runlim] sample:		1615.4 time, 1640.3 real, 148.5 MB
[runlim] sample:		1625.4 time, 1650.3 real, 149.3 MB
[runlim] sample:		1635.4 time, 1660.3 real, 149.3 MB
[runlim] sample:		1645.4 time, 1670.3 real, 149.3 MB
[runlim] sample:		1655.4 time, 1680.3 real, 150.1 MB
[runlim] sample:		1665.4 time, 1690.3 real, 150.4 MB
[runlim] sample:		1675.4 time, 1700.3 real, 150.6 MB
[runlim] sample:		1685.4 time, 1710.3 real, 151.1 MB
[runlim] sample:		1695.4 time, 1720.3 real, 151.1 MB
[runlim] sample:		1705.3 time, 1730.3 real, 150.9 MB
[runlim] sample:		1715.3 time, 1740.3 real, 150.9 MB
[runlim] sample:		1725.3 time, 1750.3 real, 150.9 MB
[runlim] sample:		1735.3 time, 1760.3 real, 151.2 MB
[runlim] sample:		1745.3 time, 1770.3 real, 151.2 MB
[runlim] sample:		1755.3 time, 1780.3 real, 151.2 MB
[runlim] sample:		1765.3 time, 1790.3 real, 151.2 MB
[runlim] sample:		1775.3 time, 1800.3 real, 151.9 MB
[runlim] sample:		1785.3 time, 1810.3 real, 151.9 MB
[runlim] sample:		1795.3 time, 1820.3 real, 152.2 MB
CVC4 interrupted by SIGTERM.
[runlim] end:			Tue Feb 19 04:05:54 2019
[runlim] status:		out of time
[runlim] result:		2
[runlim] children:		0
[runlim] real:			1824.98 seconds
[runlim] time:			1800.04 seconds
[runlim] space:			152.2 MB
[runlim] samples:		18247
