[runlim] version:		1.10fixed
[runlim] time limit:		1800 seconds
[runlim] real time limit:	311040000 seconds
[runlim] space limit:		4000 MB
[runlim] argv[0]:		./cvc4
[runlim] argv[1]:		--nl-ext-tplanes
[runlim] argv[2]:		--full-saturate-quant
[runlim] argv[3]:		--no-e-matching
[runlim] argv[4]:		/tmp/EeVAWvdQ.smt2
[runlim] start:			Fri Feb  8 21:31:48 2019
[runlim] main pid:		10863
[runlim] sample:		9.9 time, 10.7 real, 45.7 MB
[runlim] sample:		19.9 time, 20.7 real, 50.2 MB
[runlim] sample:		29.9 time, 30.7 real, 63.6 MB
[runlim] sample:		39.9 time, 40.7 real, 73.9 MB
[runlim] sample:		48.9 time, 50.7 real, 75.7 MB
[runlim] sample:		58.7 time, 60.7 real, 77.3 MB
[runlim] sample:		68.4 time, 70.7 real, 78.8 MB
[runlim] sample:		77.2 time, 80.7 real, 82.2 MB
[runlim] sample:		85.9 time, 90.7 real, 83.4 MB
[runlim] sample:		94.4 time, 100.7 real, 85.5 MB
[runlim] sample:		103.0 time, 110.7 real, 86.2 MB
[runlim] sample:		111.4 time, 120.7 real, 90.6 MB
[runlim] sample:		120.3 time, 130.7 real, 95.5 MB
[runlim] sample:		130.0 time, 140.7 real, 100.3 MB
[runlim] sample:		139.0 time, 150.7 real, 101.6 MB
[runlim] sample:		146.4 time, 160.7 real, 102.2 MB
[runlim] sample:		155.0 time, 170.7 real, 105.2 MB
[runlim] sample:		162.9 time, 180.7 real, 107.5 MB
[runlim] sample:		171.4 time, 190.7 real, 110.6 MB
[runlim] sample:		180.5 time, 200.7 real, 110.8 MB
[runlim] sample:		189.7 time, 210.7 real, 113.4 MB
[runlim] sample:		198.9 time, 220.7 real, 117.8 MB
[runlim] sample:		208.7 time, 230.7 real, 118.2 MB
[runlim] sample:		216.6 time, 240.7 real, 119.7 MB
[runlim] sample:		225.2 time, 250.7 real, 120.2 MB
[runlim] sample:		233.5 time, 260.7 real, 121.7 MB
[runlim] sample:		242.9 time, 270.7 real, 122.4 MB
[runlim] sample:		252.5 time, 280.7 real, 123.1 MB
[runlim] sample:		261.5 time, 290.7 real, 131.9 MB
[runlim] sample:		271.1 time, 300.7 real, 136.5 MB
[runlim] sample:		280.7 time, 310.7 real, 137.4 MB
[runlim] sample:		290.4 time, 320.7 real, 140.3 MB
[runlim] sample:		300.1 time, 330.7 real, 141.8 MB
[runlim] sample:		309.8 time, 340.7 real, 143.0 MB
[runlim] sample:		319.5 time, 350.7 real, 144.0 MB
[runlim] sample:		329.1 time, 360.7 real, 144.8 MB
[runlim] sample:		338.8 time, 370.7 real, 147.8 MB
[runlim] sample:		348.5 time, 380.7 real, 148.6 MB
[runlim] sample:		358.2 time, 390.7 real, 149.0 MB
[runlim] sample:		367.9 time, 400.7 real, 151.8 MB
[runlim] sample:		377.6 time, 410.7 real, 156.9 MB
[runlim] sample:		387.2 time, 420.7 real, 157.9 MB
[runlim] sample:		396.9 time, 430.7 real, 161.8 MB
[runlim] sample:		406.7 time, 440.7 real, 162.5 MB
[runlim] sample:		416.7 time, 450.7 real, 163.0 MB
[runlim] sample:		426.7 time, 460.7 real, 167.6 MB
[runlim] sample:		436.7 time, 470.7 real, 181.7 MB
[runlim] sample:		446.7 time, 480.7 real, 184.8 MB
[runlim] sample:		456.7 time, 490.7 real, 187.6 MB
[runlim] sample:		466.7 time, 500.7 real, 193.2 MB
[runlim] sample:		476.7 time, 510.7 real, 194.4 MB
[runlim] sample:		486.7 time, 520.7 real, 195.4 MB
[runlim] sample:		496.7 time, 530.7 real, 195.9 MB
[runlim] sample:		506.7 time, 540.7 real, 197.2 MB
[runlim] sample:		516.7 time, 550.7 real, 200.2 MB
[runlim] sample:		526.7 time, 560.7 real, 201.2 MB
[runlim] sample:		536.7 time, 570.7 real, 201.9 MB
[runlim] sample:		546.7 time, 580.7 real, 202.1 MB
[runlim] sample:		556.7 time, 590.7 real, 202.6 MB
[runlim] sample:		566.7 time, 600.7 real, 203.9 MB
[runlim] sample:		576.7 time, 610.7 real, 208.2 MB
[runlim] sample:		586.7 time, 620.7 real, 209.2 MB
[runlim] sample:		596.7 time, 630.7 real, 209.8 MB
[runlim] sample:		606.7 time, 640.7 real, 212.6 MB
[runlim] sample:		616.7 time, 650.7 real, 215.4 MB
[runlim] sample:		626.7 time, 660.7 real, 217.7 MB
[runlim] sample:		636.7 time, 670.7 real, 219.5 MB
[runlim] sample:		646.7 time, 680.7 real, 230.6 MB
[runlim] sample:		656.7 time, 690.7 real, 239.1 MB
[runlim] sample:		666.7 time, 700.7 real, 239.3 MB
[runlim] sample:		676.7 time, 710.7 real, 239.8 MB
[runlim] sample:		686.7 time, 720.7 real, 240.0 MB
[runlim] sample:		696.7 time, 730.7 real, 240.3 MB
[runlim] sample:		706.7 time, 740.7 real, 240.5 MB
[runlim] sample:		716.7 time, 750.7 real, 240.8 MB
[runlim] sample:		726.7 time, 760.7 real, 241.3 MB
[runlim] sample:		736.7 time, 770.7 real, 242.6 MB
[runlim] sample:		746.7 time, 780.7 real, 243.1 MB
[runlim] sample:		756.7 time, 790.7 real, 244.9 MB
[runlim] sample:		766.7 time, 800.7 real, 245.6 MB
[runlim] sample:		776.7 time, 810.7 real, 245.9 MB
[runlim] sample:		786.7 time, 820.7 real, 266.5 MB
[runlim] sample:		796.7 time, 830.7 real, 273.7 MB
[runlim] sample:		806.7 time, 840.7 real, 274.0 MB
[runlim] sample:		816.7 time, 850.7 real, 274.2 MB
[runlim] sample:		826.7 time, 860.7 real, 274.2 MB
[runlim] sample:		836.7 time, 870.7 real, 278.1 MB
[runlim] sample:		846.7 time, 880.7 real, 278.3 MB
[runlim] sample:		856.7 time, 890.7 real, 278.3 MB
[runlim] sample:		866.7 time, 900.7 real, 278.6 MB
[runlim] sample:		876.6 time, 910.7 real, 278.8 MB
[runlim] sample:		886.6 time, 920.7 real, 278.8 MB
[runlim] sample:		896.6 time, 930.7 real, 279.1 MB
[runlim] sample:		906.6 time, 940.7 real, 279.1 MB
[runlim] sample:		916.6 time, 950.7 real, 297.6 MB
[runlim] sample:		926.6 time, 960.7 real, 298.4 MB
[runlim] sample:		936.6 time, 970.7 real, 299.2 MB
[runlim] sample:		946.6 time, 980.7 real, 299.2 MB
[runlim] sample:		956.6 time, 990.7 real, 299.4 MB
[runlim] sample:		966.6 time, 1000.7 real, 299.4 MB
[runlim] sample:		976.6 time, 1010.7 real, 299.7 MB
[runlim] sample:		986.6 time, 1020.7 real, 299.7 MB
[runlim] sample:		996.6 time, 1030.7 real, 307.9 MB
[runlim] sample:		1006.6 time, 1040.7 real, 308.9 MB
[runlim] sample:		1016.6 time, 1050.7 real, 309.2 MB
[runlim] sample:		1026.6 time, 1060.7 real, 309.4 MB
[runlim] sample:		1036.6 time, 1070.7 real, 309.4 MB
[runlim] sample:		1046.6 time, 1080.7 real, 310.2 MB
[runlim] sample:		1056.6 time, 1090.7 real, 310.2 MB
[runlim] sample:		1066.6 time, 1100.7 real, 310.4 MB
[runlim] sample:		1076.6 time, 1110.7 real, 310.4 MB
[runlim] sample:		1086.6 time, 1120.7 real, 310.7 MB
[runlim] sample:		1096.6 time, 1130.7 real, 310.7 MB
[runlim] sample:		1106.6 time, 1140.7 real, 311.4 MB
[runlim] sample:		1116.6 time, 1150.7 real, 312.5 MB
[runlim] sample:		1126.6 time, 1160.7 real, 312.5 MB
[runlim] sample:		1136.6 time, 1170.7 real, 312.7 MB
[runlim] sample:		1146.6 time, 1180.7 real, 312.7 MB
[runlim] sample:		1156.6 time, 1190.7 real, 312.7 MB
[runlim] sample:		1166.6 time, 1200.7 real, 313.0 MB
[runlim] sample:		1176.6 time, 1210.7 real, 321.2 MB
[runlim] sample:		1186.6 time, 1220.7 real, 321.2 MB
[runlim] sample:		1196.6 time, 1230.7 real, 321.4 MB
[runlim] sample:		1206.6 time, 1240.7 real, 321.4 MB
[runlim] sample:		1216.6 time, 1250.7 real, 321.4 MB
[runlim] sample:		1226.6 time, 1260.7 real, 321.7 MB
[runlim] sample:		1236.6 time, 1270.7 real, 321.9 MB
[runlim] sample:		1246.6 time, 1280.7 real, 322.2 MB
[runlim] sample:		1256.6 time, 1290.7 real, 322.2 MB
[runlim] sample:		1266.6 time, 1300.7 real, 351.1 MB
[runlim] sample:		1276.6 time, 1310.7 real, 365.5 MB
[runlim] sample:		1286.6 time, 1320.7 real, 365.5 MB
[runlim] sample:		1296.6 time, 1330.7 real, 367.8 MB
[runlim] sample:		1306.6 time, 1340.7 real, 367.8 MB
[runlim] sample:		1316.6 time, 1350.7 real, 368.1 MB
[runlim] sample:		1326.6 time, 1360.7 real, 368.1 MB
[runlim] sample:		1336.6 time, 1370.7 real, 368.3 MB
[runlim] sample:		1346.6 time, 1380.7 real, 368.3 MB
[runlim] sample:		1356.6 time, 1390.7 real, 368.3 MB
[runlim] sample:		1366.6 time, 1400.7 real, 368.6 MB
[runlim] sample:		1376.6 time, 1410.7 real, 368.6 MB
[runlim] sample:		1386.6 time, 1420.7 real, 368.6 MB
[runlim] sample:		1396.6 time, 1430.7 real, 368.8 MB
[runlim] sample:		1406.6 time, 1440.7 real, 368.8 MB
[runlim] sample:		1416.6 time, 1450.7 real, 369.1 MB
[runlim] sample:		1426.6 time, 1460.7 real, 369.3 MB
[runlim] sample:		1436.6 time, 1470.7 real, 369.3 MB
[runlim] sample:		1446.6 time, 1480.7 real, 369.3 MB
[runlim] sample:		1456.6 time, 1490.7 real, 378.8 MB
[runlim] sample:		1466.6 time, 1500.7 real, 384.5 MB
[runlim] sample:		1476.6 time, 1510.7 real, 385.0 MB
[runlim] sample:		1486.6 time, 1520.7 real, 385.0 MB
[runlim] sample:		1496.6 time, 1530.7 real, 385.3 MB
[runlim] sample:		1506.6 time, 1540.7 real, 385.4 MB
[runlim] sample:		1516.6 time, 1550.7 real, 385.4 MB
[runlim] sample:		1526.6 time, 1560.7 real, 385.4 MB
[runlim] sample:		1536.6 time, 1570.7 real, 385.4 MB
[runlim] sample:		1546.6 time, 1580.7 real, 385.6 MB
[runlim] sample:		1556.6 time, 1590.7 real, 385.6 MB
[runlim] sample:		1566.6 time, 1600.7 real, 385.6 MB
[runlim] sample:		1576.6 time, 1610.7 real, 385.6 MB
[runlim] sample:		1586.6 time, 1620.7 real, 385.9 MB
[runlim] sample:		1596.6 time, 1630.7 real, 385.9 MB
[runlim] sample:		1606.6 time, 1640.7 real, 385.9 MB
[runlim] sample:		1616.6 time, 1650.7 real, 387.7 MB
[runlim] sample:		1626.6 time, 1660.7 real, 387.7 MB
[runlim] sample:		1636.6 time, 1670.7 real, 387.9 MB
[runlim] sample:		1646.6 time, 1680.7 real, 387.9 MB
[runlim] sample:		1656.6 time, 1690.7 real, 392.0 MB
[runlim] sample:		1666.6 time, 1700.7 real, 398.5 MB
[runlim] sample:		1676.6 time, 1710.7 real, 408.3 MB
[runlim] sample:		1686.6 time, 1720.7 real, 408.5 MB
[runlim] sample:		1696.6 time, 1730.7 real, 408.8 MB
[runlim] sample:		1706.6 time, 1740.7 real, 408.8 MB
[runlim] sample:		1716.6 time, 1750.7 real, 409.0 MB
[runlim] sample:		1726.6 time, 1760.7 real, 409.0 MB
[runlim] sample:		1736.6 time, 1770.7 real, 409.8 MB
[runlim] sample:		1746.6 time, 1780.7 real, 409.8 MB
[runlim] sample:		1756.6 time, 1790.7 real, 409.8 MB
[runlim] sample:		1766.6 time, 1800.7 real, 410.0 MB
[runlim] sample:		1776.6 time, 1810.7 real, 410.0 MB
[runlim] sample:		1786.6 time, 1820.7 real, 410.0 MB
[runlim] sample:		1796.6 time, 1830.7 real, 410.3 MB
CVC4 interrupted by SIGTERM.
[runlim] end:			Fri Feb  8 22:02:22 2019
[runlim] status:		out of time
[runlim] result:		2
[runlim] children:		0
[runlim] real:			1834.23 seconds
[runlim] time:			1800.08 seconds
[runlim] space:			410.3 MB
[runlim] samples:		18335
