[runlim] version:		1.10fixed
[runlim] time limit:		1800 seconds
[runlim] real time limit:	311040000 seconds
[runlim] space limit:		4000 MB
[runlim] argv[0]:		./cvc4
[runlim] argv[1]:		--nl-ext-tplanes
[runlim] argv[2]:		--full-saturate-quant
[runlim] argv[3]:		--no-e-matching
[runlim] argv[4]:		/tmp/zFln5ecC.smt2
[runlim] start:			Sat Feb  9 19:59:16 2019
[runlim] main pid:		10809
[runlim] sample:		9.3 time, 10.7 real, 49.8 MB
[runlim] end:			Sat Feb  9 19:59:29 2019
[runlim] status:		ok
[runlim] result:		0
[runlim] children:		0
[runlim] real:			13.25 seconds
[runlim] time:			11.63 seconds
[runlim] space:			51.9 MB
[runlim] samples:		125
