[runlim] version:		1.10fixed
[runlim] time limit:		300 seconds
[runlim] real time limit:	311040000 seconds
[runlim] space limit:		4000 MB
[runlim] argv[0]:		./cvc4
[runlim] argv[1]:		--nl-ext-tplanes
[runlim] argv[2]:		--full-saturate-quant
[runlim] argv[3]:		--no-e-matching
[runlim] argv[4]:		/tmp/OgI1KRnj.smt2
[runlim] start:			Mon Jan 28 16:24:43 2019
[runlim] main pid:		19927
[runlim] sample:		8.8 time, 10.4 real, 48.2 MB
[runlim] sample:		17.6 time, 20.4 real, 57.9 MB
[runlim] sample:		27.5 time, 30.4 real, 63.4 MB
[runlim] sample:		37.5 time, 40.4 real, 68.2 MB
[runlim] sample:		47.5 time, 50.4 real, 72.9 MB
[runlim] sample:		57.5 time, 60.4 real, 77.3 MB
[runlim] sample:		67.5 time, 70.4 real, 80.2 MB
[runlim] sample:		77.5 time, 80.4 real, 83.0 MB
[runlim] sample:		87.5 time, 90.4 real, 84.6 MB
[runlim] sample:		97.5 time, 100.4 real, 84.8 MB
[runlim] sample:		107.5 time, 110.4 real, 86.4 MB
[runlim] sample:		117.5 time, 120.4 real, 90.2 MB
[runlim] sample:		127.5 time, 130.4 real, 92.8 MB
[runlim] sample:		137.5 time, 140.4 real, 96.4 MB
[runlim] sample:		147.5 time, 150.4 real, 97.7 MB
[runlim] sample:		157.5 time, 160.4 real, 100.2 MB
[runlim] sample:		167.5 time, 170.4 real, 101.5 MB
[runlim] sample:		177.5 time, 180.4 real, 103.1 MB
[runlim] sample:		187.5 time, 190.4 real, 104.9 MB
[runlim] sample:		197.5 time, 200.4 real, 106.2 MB
[runlim] sample:		207.5 time, 210.4 real, 106.2 MB
[runlim] sample:		217.5 time, 220.4 real, 106.2 MB
[runlim] sample:		227.5 time, 230.4 real, 106.2 MB
[runlim] sample:		237.5 time, 240.4 real, 106.4 MB
[runlim] sample:		247.5 time, 250.4 real, 108.2 MB
[runlim] sample:		257.5 time, 260.4 real, 109.2 MB
[runlim] sample:		267.5 time, 270.4 real, 111.6 MB
[runlim] sample:		277.5 time, 280.4 real, 111.8 MB
[runlim] sample:		287.5 time, 290.4 real, 111.8 MB
[runlim] sample:		297.5 time, 300.4 real, 111.8 MB
CVC4 interrupted by SIGTERM.
[runlim] end:			Mon Jan 28 16:29:46 2019
[runlim] status:		out of time
[runlim] result:		2
[runlim] children:		0
[runlim] real:			303.05 seconds
[runlim] time:			300.06 seconds
[runlim] space:			112.1 MB
[runlim] samples:		3026
