[runlim] version:		1.10fixed
[runlim] time limit:		1800 seconds
[runlim] real time limit:	311040000 seconds
[runlim] space limit:		4000 MB
[runlim] argv[0]:		./cvc4
[runlim] argv[1]:		--nl-ext-tplanes
[runlim] argv[2]:		--full-saturate-quant
[runlim] argv[3]:		--no-e-matching
[runlim] argv[4]:		/tmp/OfwU1Uln.smt2
[runlim] start:			Sun Feb  3 12:17:12 2019
[runlim] main pid:		20443
[runlim] sample:		10.0 time, 10.8 real, 57.8 MB
[runlim] sample:		20.0 time, 20.8 real, 96.9 MB
[runlim] sample:		30.0 time, 30.8 real, 136.3 MB
[runlim] sample:		40.0 time, 40.8 real, 173.5 MB
[runlim] sample:		50.0 time, 50.8 real, 209.3 MB
[runlim] sample:		59.7 time, 60.8 real, 251.4 MB
[runlim] sample:		69.0 time, 70.8 real, 284.6 MB
[runlim] sample:		78.3 time, 80.8 real, 318.9 MB
[runlim] sample:		87.7 time, 90.8 real, 354.0 MB
[runlim] sample:		97.1 time, 100.8 real, 388.5 MB
[runlim] sample:		106.9 time, 110.8 real, 429.3 MB
[runlim] sample:		116.3 time, 120.8 real, 469.0 MB
[runlim] sample:		124.9 time, 130.8 real, 478.7 MB
[runlim] sample:		133.6 time, 140.8 real, 507.3 MB
[runlim] sample:		142.2 time, 150.8 real, 535.7 MB
[runlim] sample:		151.6 time, 160.8 real, 568.9 MB
[runlim] sample:		161.4 time, 170.8 real, 600.6 MB
[runlim] sample:		171.2 time, 180.8 real, 631.8 MB
[runlim] sample:		180.8 time, 190.8 real, 667.6 MB
[runlim] sample:		190.5 time, 200.8 real, 698.5 MB
[runlim] sample:		200.2 time, 210.8 real, 729.7 MB
[runlim] sample:		210.2 time, 220.8 real, 763.0 MB
[runlim] sample:		220.2 time, 230.8 real, 794.7 MB
[runlim] sample:		230.1 time, 240.8 real, 839.3 MB
[runlim] sample:		239.7 time, 250.8 real, 884.2 MB
[runlim] sample:		249.5 time, 260.8 real, 902.7 MB
[runlim] sample:		259.1 time, 270.8 real, 920.0 MB
[runlim] sample:		269.1 time, 280.8 real, 960.2 MB
[runlim] sample:		279.0 time, 290.8 real, 992.1 MB
[runlim] sample:		288.6 time, 300.8 real, 1023.1 MB
[runlim] sample:		298.3 time, 310.8 real, 1054.0 MB
[runlim] sample:		308.0 time, 320.8 real, 1085.2 MB
[runlim] sample:		317.6 time, 330.8 real, 1119.5 MB
[runlim] sample:		327.2 time, 340.8 real, 1151.3 MB
[runlim] sample:		336.9 time, 350.8 real, 1182.5 MB
[runlim] sample:		346.6 time, 360.8 real, 1213.4 MB
[runlim] sample:		356.4 time, 370.8 real, 1247.4 MB
[runlim] sample:		366.4 time, 380.8 real, 1282.2 MB
[runlim] sample:		376.4 time, 390.8 real, 1317.1 MB
[runlim] sample:		386.4 time, 400.8 real, 1324.5 MB
[runlim] sample:		396.4 time, 410.8 real, 1357.5 MB
[runlim] sample:		406.4 time, 420.8 real, 1389.7 MB
[runlim] sample:		416.4 time, 430.8 real, 1422.5 MB
[runlim] sample:		426.4 time, 440.8 real, 1455.2 MB
[runlim] sample:		436.4 time, 450.8 real, 1489.2 MB
[runlim] sample:		446.4 time, 460.8 real, 1521.5 MB
[runlim] sample:		456.4 time, 470.8 real, 1554.5 MB
[runlim] sample:		466.2 time, 480.8 real, 1585.9 MB
[runlim] sample:		475.6 time, 490.8 real, 1640.3 MB
[runlim] sample:		483.6 time, 500.8 real, 1666.9 MB
[runlim] sample:		491.3 time, 510.8 real, 1693.2 MB
[runlim] sample:		499.8 time, 520.8 real, 1730.8 MB
[runlim] sample:		508.1 time, 530.8 real, 1767.4 MB
[runlim] sample:		516.2 time, 540.8 real, 1772.3 MB
[runlim] sample:		524.4 time, 550.8 real, 1800.4 MB
[runlim] sample:		533.5 time, 560.8 real, 1830.8 MB
[runlim] sample:		543.5 time, 570.8 real, 1884.7 MB
[runlim] sample:		553.5 time, 580.8 real, 1918.4 MB
[runlim] sample:		563.5 time, 590.8 real, 1952.5 MB
[runlim] sample:		573.5 time, 600.8 real, 1986.5 MB
[runlim] sample:		583.3 time, 610.8 real, 2019.2 MB
[runlim] sample:		592.6 time, 620.8 real, 2050.9 MB
[runlim] sample:		601.3 time, 630.8 real, 2079.7 MB
[runlim] sample:		611.0 time, 640.8 real, 2111.4 MB
[runlim] sample:		620.3 time, 650.8 real, 2141.6 MB
[runlim] sample:		628.5 time, 660.8 real, 2169.7 MB
[runlim] sample:		636.2 time, 670.8 real, 2200.6 MB
[runlim] sample:		643.9 time, 680.8 real, 2201.6 MB
[runlim] sample:		652.4 time, 690.8 real, 2218.7 MB
[runlim] sample:		662.0 time, 700.8 real, 2250.9 MB
[runlim] sample:		671.6 time, 710.8 real, 2284.4 MB
[runlim] sample:		681.2 time, 720.8 real, 2317.1 MB
[runlim] sample:		690.9 time, 730.8 real, 2351.4 MB
[runlim] sample:		700.5 time, 740.8 real, 2385.5 MB
[runlim] sample:		710.2 time, 750.8 real, 2418.5 MB
[runlim] sample:		719.8 time, 760.8 real, 2452.2 MB
[runlim] sample:		729.5 time, 770.8 real, 2486.0 MB
[runlim] sample:		739.2 time, 780.8 real, 2518.8 MB
[runlim] sample:		748.9 time, 790.8 real, 2550.7 MB
[runlim] sample:		758.3 time, 800.8 real, 2580.9 MB
[runlim] sample:		767.3 time, 810.8 real, 2582.7 MB
[runlim] sample:		777.0 time, 820.8 real, 2608.2 MB
[runlim] sample:		786.6 time, 830.8 real, 2656.8 MB
[runlim] sample:		796.3 time, 840.8 real, 2689.6 MB
[runlim] sample:		806.0 time, 850.8 real, 2728.3 MB
[runlim] sample:		815.7 time, 860.8 real, 2759.7 MB
[runlim] sample:		825.3 time, 870.8 real, 2792.2 MB
[runlim] sample:		835.0 time, 880.8 real, 2824.4 MB
[runlim] sample:		844.7 time, 890.8 real, 2856.1 MB
[runlim] sample:		854.4 time, 900.8 real, 2888.6 MB
[runlim] sample:		864.1 time, 910.8 real, 2920.8 MB
[runlim] sample:		873.2 time, 920.8 real, 2951.8 MB
[runlim] sample:		882.9 time, 930.8 real, 2982.7 MB
[runlim] sample:		892.5 time, 940.8 real, 2998.2 MB
[runlim] sample:		902.2 time, 950.8 real, 3002.1 MB
[runlim] sample:		911.8 time, 960.8 real, 3033.5 MB
[runlim] sample:		921.5 time, 970.8 real, 3064.7 MB
[runlim] sample:		930.5 time, 980.8 real, 3094.4 MB
[runlim] sample:		940.3 time, 990.8 real, 3126.8 MB
[runlim] sample:		950.0 time, 1000.8 real, 3158.3 MB
[runlim] sample:		959.6 time, 1010.8 real, 3191.3 MB
[runlim] sample:		969.2 time, 1020.8 real, 3270.5 MB
[runlim] sample:		978.9 time, 1030.8 real, 3301.6 MB
[runlim] sample:		988.2 time, 1040.8 real, 3332.8 MB
[runlim] sample:		997.2 time, 1050.8 real, 3363.3 MB
[runlim] sample:		1006.2 time, 1060.8 real, 3394.2 MB
[runlim] sample:		1016.0 time, 1070.8 real, 3445.8 MB
[runlim] sample:		1026.0 time, 1080.8 real, 3467.2 MB
[runlim] sample:		1036.0 time, 1090.8 real, 3472.1 MB
[runlim] sample:		1046.0 time, 1100.8 real, 3535.7 MB
[runlim] sample:		1056.0 time, 1110.8 real, 3567.7 MB
[runlim] sample:		1066.0 time, 1120.8 real, 3600.7 MB
[runlim] sample:		1076.0 time, 1130.8 real, 3632.9 MB
[runlim] sample:		1086.0 time, 1140.8 real, 3665.9 MB
[runlim] sample:		1096.0 time, 1150.8 real, 3699.5 MB
[runlim] sample:		1106.0 time, 1160.8 real, 3733.7 MB
[runlim] sample:		1116.0 time, 1170.8 real, 3798.9 MB
[runlim] sample:		1126.0 time, 1180.8 real, 3831.9 MB
[runlim] sample:		1136.0 time, 1190.8 real, 3865.4 MB
[runlim] sample:		1146.0 time, 1200.8 real, 3898.4 MB
[runlim] sample:		1156.0 time, 1210.8 real, 3927.0 MB
[runlim] sample:		1166.0 time, 1220.8 real, 3929.3 MB
[runlim] sample:		1176.0 time, 1230.8 real, 3947.4 MB
[runlim] sample:		1186.0 time, 1240.8 real, 3980.1 MB
CVC4 interrupted by SIGTERM.
[runlim] end:			Sun Feb  3 12:37:59 2019
[runlim] status:		out of memory
[runlim] result:		3
[runlim] children:		0
[runlim] real:			1247.00 seconds
[runlim] time:			1192.05 seconds
[runlim] space:			4000.2 MB
[runlim] samples:		12461
