[runlim] version:		1.10fixed
[runlim] time limit:		300 seconds
[runlim] real time limit:	311040000 seconds
[runlim] space limit:		4000 MB
[runlim] argv[0]:		./cvc4
[runlim] argv[1]:		--nl-ext-tplanes
[runlim] argv[2]:		--full-saturate-quant
[runlim] argv[3]:		--no-e-matching
[runlim] argv[4]:		/tmp/vunJfOdx.smt2
[runlim] start:			Mon Jan 28 15:57:58 2019
[runlim] main pid:		11854
[runlim] sample:		8.5 time, 10.4 real, 47.0 MB
[runlim] sample:		18.4 time, 20.4 real, 57.1 MB
[runlim] sample:		28.4 time, 30.4 real, 68.5 MB
[runlim] sample:		38.4 time, 40.4 real, 75.2 MB
[runlim] sample:		48.4 time, 50.4 real, 79.1 MB
[runlim] sample:		58.4 time, 60.4 real, 85.8 MB
[runlim] sample:		68.4 time, 70.4 real, 94.9 MB
[runlim] sample:		78.4 time, 80.4 real, 103.4 MB
[runlim] sample:		88.1 time, 90.4 real, 109.5 MB
[runlim] sample:		96.5 time, 100.4 real, 114.7 MB
[runlim] sample:		104.9 time, 110.4 real, 118.7 MB
[runlim] sample:		112.8 time, 120.4 real, 122.8 MB
[runlim] sample:		121.7 time, 130.4 real, 126.4 MB
[runlim] sample:		131.4 time, 140.4 real, 131.2 MB
[runlim] sample:		141.4 time, 150.4 real, 135.9 MB
[runlim] sample:		151.4 time, 160.4 real, 140.7 MB
[runlim] sample:		161.4 time, 170.4 real, 143.8 MB
[runlim] sample:		171.4 time, 180.4 real, 148.0 MB
[runlim] sample:		181.4 time, 190.4 real, 153.9 MB
[runlim] sample:		191.3 time, 200.4 real, 156.7 MB
[runlim] sample:		201.3 time, 210.4 real, 161.9 MB
[runlim] sample:		211.3 time, 220.4 real, 165.5 MB
[runlim] sample:		221.3 time, 230.4 real, 168.3 MB
[runlim] sample:		231.3 time, 240.4 real, 171.9 MB
[runlim] sample:		241.3 time, 250.4 real, 174.2 MB
[runlim] sample:		251.3 time, 260.4 real, 177.3 MB
[runlim] sample:		261.3 time, 270.4 real, 179.6 MB
[runlim] sample:		271.3 time, 280.4 real, 182.2 MB
[runlim] sample:		281.3 time, 290.4 real, 185.6 MB
[runlim] sample:		291.3 time, 300.4 real, 187.9 MB
CVC4 interrupted by SIGTERM.
[runlim] end:			Mon Jan 28 16:03:07 2019
[runlim] status:		out of time
[runlim] result:		2
[runlim] children:		0
[runlim] real:			309.13 seconds
[runlim] time:			300.04 seconds
[runlim] space:			190.2 MB
[runlim] samples:		3087
