[runlim] version:		1.10fixed
[runlim] time limit:		300 seconds
[runlim] real time limit:	311040000 seconds
[runlim] space limit:		4000 MB
[runlim] argv[0]:		./cvc4
[runlim] argv[1]:		--nl-ext-tplanes
[runlim] argv[2]:		--full-saturate-quant
[runlim] argv[3]:		--no-e-matching
[runlim] argv[4]:		/tmp/CnyaWFC6.smt2
[runlim] start:			Mon Jan 28 16:24:03 2019
[runlim] main pid:		28958
[runlim] sample:		9.8 time, 10.6 real, 46.1 MB
[runlim] sample:		19.8 time, 20.6 real, 56.2 MB
[runlim] sample:		29.8 time, 30.6 real, 65.5 MB
[runlim] sample:		39.8 time, 40.6 real, 74.2 MB
[runlim] sample:		48.8 time, 50.6 real, 79.4 MB
[runlim] sample:		58.8 time, 60.6 real, 86.6 MB
[runlim] sample:		68.8 time, 70.6 real, 93.5 MB
[runlim] sample:		78.7 time, 80.6 real, 98.7 MB
[runlim] sample:		87.1 time, 90.6 real, 103.6 MB
[runlim] sample:		96.4 time, 100.6 real, 107.4 MB
[runlim] sample:		105.6 time, 110.6 real, 112.6 MB
[runlim] sample:		115.5 time, 120.6 real, 117.2 MB
[runlim] sample:		125.5 time, 130.6 real, 121.9 MB
[runlim] sample:		135.5 time, 140.6 real, 126.5 MB
[runlim] sample:		145.5 time, 150.6 real, 129.3 MB
[runlim] sample:		155.5 time, 160.6 real, 136.8 MB
[runlim] sample:		165.5 time, 170.6 real, 139.1 MB
[runlim] sample:		175.3 time, 180.6 real, 142.2 MB
[runlim] sample:		185.3 time, 190.6 real, 145.1 MB
[runlim] sample:		195.0 time, 200.6 real, 148.2 MB
[runlim] sample:		205.0 time, 210.6 real, 152.8 MB
[runlim] sample:		215.0 time, 220.6 real, 154.9 MB
[runlim] sample:		225.0 time, 230.6 real, 159.2 MB
[runlim] sample:		235.0 time, 240.6 real, 162.1 MB
[runlim] sample:		245.0 time, 250.6 real, 164.1 MB
[runlim] sample:		255.0 time, 260.6 real, 166.4 MB
[runlim] sample:		265.0 time, 270.6 real, 170.3 MB
[runlim] sample:		275.0 time, 280.6 real, 172.6 MB
[runlim] sample:		285.0 time, 290.6 real, 174.9 MB
[runlim] sample:		295.0 time, 300.6 real, 177.3 MB
CVC4 interrupted by SIGTERM.
[runlim] end:			Mon Jan 28 16:29:08 2019
[runlim] status:		out of time
[runlim] result:		2
[runlim] children:		0
[runlim] real:			305.73 seconds
[runlim] time:			300.10 seconds
[runlim] space:			177.5 MB
[runlim] samples:		3051
