[runlim] version:		1.10fixed
[runlim] time limit:		1800 seconds
[runlim] real time limit:	311040000 seconds
[runlim] space limit:		4000 MB
[runlim] argv[0]:		./cvc4
[runlim] argv[1]:		--nl-ext-tplanes
[runlim] argv[2]:		--full-saturate-quant
[runlim] argv[3]:		--no-e-matching
[runlim] argv[4]:		/tmp/GAocSP6k.smt2
[runlim] start:			Fri Feb 15 01:46:54 2019
[runlim] main pid:		9763
[runlim] sample:		9.4 time, 10.5 real, 47.3 MB
[runlim] end:			Fri Feb 15 01:47:09 2019
[runlim] status:		ok
[runlim] result:		0
[runlim] children:		0
[runlim] real:			15.77 seconds
[runlim] time:			14.12 seconds
[runlim] space:			54.0 MB
[runlim] samples:		152
