[runlim] version:		1.10fixed
[runlim] time limit:		300 seconds
[runlim] real time limit:	311040000 seconds
[runlim] space limit:		4000 MB
[runlim] argv[0]:		./cvc4
[runlim] argv[1]:		--nl-ext-tplanes
[runlim] argv[2]:		--full-saturate-quant
[runlim] argv[3]:		--no-e-matching
[runlim] argv[4]:		/tmp/dGUgCYaV.smt2
[runlim] start:			Mon Jan 28 16:24:19 2019
[runlim] main pid:		20453
[runlim] sample:		9.9 time, 11.0 real, 51.4 MB
[runlim] sample:		19.9 time, 21.0 real, 65.1 MB
[runlim] sample:		29.9 time, 31.0 real, 70.7 MB
[runlim] sample:		39.9 time, 41.0 real, 79.5 MB
[runlim] sample:		49.9 time, 51.0 real, 80.3 MB
[runlim] sample:		59.9 time, 61.0 real, 84.4 MB
[runlim] sample:		69.9 time, 71.0 real, 92.6 MB
[runlim] sample:		79.9 time, 81.0 real, 97.4 MB
[runlim] sample:		89.9 time, 91.0 real, 99.2 MB
[runlim] sample:		99.9 time, 101.0 real, 102.1 MB
[runlim] sample:		109.9 time, 111.0 real, 103.4 MB
[runlim] sample:		119.9 time, 121.0 real, 110.6 MB
[runlim] sample:		129.9 time, 131.0 real, 110.6 MB
[runlim] sample:		139.9 time, 141.0 real, 110.8 MB
[runlim] sample:		149.9 time, 151.0 real, 111.1 MB
[runlim] sample:		159.9 time, 161.0 real, 111.3 MB
[runlim] sample:		169.9 time, 171.0 real, 111.3 MB
[runlim] sample:		179.9 time, 181.0 real, 111.3 MB
[runlim] sample:		189.9 time, 191.0 real, 111.9 MB
[runlim] sample:		199.9 time, 201.0 real, 111.9 MB
[runlim] sample:		209.9 time, 211.0 real, 111.9 MB
[runlim] sample:		219.9 time, 221.0 real, 112.1 MB
[runlim] sample:		229.9 time, 231.0 real, 112.1 MB
[runlim] sample:		239.9 time, 241.0 real, 112.4 MB
[runlim] sample:		249.9 time, 251.0 real, 112.4 MB
[runlim] sample:		259.9 time, 261.0 real, 112.6 MB
[runlim] sample:		269.9 time, 271.0 real, 112.9 MB
[runlim] sample:		279.9 time, 281.0 real, 112.9 MB
[runlim] sample:		289.9 time, 291.0 real, 113.1 MB
[runlim] sample:		299.9 time, 301.0 real, 113.1 MB
CVC4 interrupted by SIGTERM.
[runlim] end:			Mon Jan 28 16:29:20 2019
[runlim] status:		out of time
[runlim] result:		2
[runlim] children:		0
[runlim] real:			301.19 seconds
[runlim] time:			300.09 seconds
[runlim] space:			113.1 MB
[runlim] samples:		3002
