[runlim] version:		1.10fixed
[runlim] time limit:		300 seconds
[runlim] real time limit:	311040000 seconds
[runlim] space limit:		4000 MB
[runlim] argv[0]:		./cvc4
[runlim] argv[1]:		--nl-ext-tplanes
[runlim] argv[2]:		--full-saturate-quant
[runlim] argv[3]:		--no-e-matching
[runlim] argv[4]:		/tmp/jZMMRSLJ.smt2
[runlim] start:			Tue Jan 29 13:59:41 2019
[runlim] main pid:		27150
[runlim] sample:		9.0 time, 10.5 real, 53.5 MB
[runlim] sample:		17.4 time, 20.5 real, 60.4 MB
[runlim] sample:		25.8 time, 30.5 real, 65.6 MB
[runlim] sample:		34.6 time, 40.5 real, 71.6 MB
[runlim] sample:		44.6 time, 50.5 real, 78.3 MB
[runlim] sample:		54.6 time, 60.5 real, 83.7 MB
[runlim] sample:		64.6 time, 70.5 real, 87.8 MB
[runlim] sample:		74.6 time, 80.5 real, 92.3 MB
[runlim] sample:		84.5 time, 90.5 real, 101.4 MB
[runlim] sample:		94.5 time, 100.5 real, 101.9 MB
[runlim] sample:		104.5 time, 110.5 real, 103.7 MB
[runlim] sample:		112.8 time, 120.5 real, 112.9 MB
[runlim] sample:		121.1 time, 130.5 real, 113.4 MB
[runlim] sample:		130.7 time, 140.5 real, 116.5 MB
[runlim] sample:		140.7 time, 150.5 real, 121.5 MB
[runlim] sample:		150.7 time, 160.5 real, 123.0 MB
[runlim] sample:		160.7 time, 170.5 real, 123.3 MB
[runlim] sample:		169.8 time, 180.5 real, 123.5 MB
[runlim] sample:		178.7 time, 190.5 real, 125.1 MB
[runlim] sample:		188.7 time, 200.5 real, 126.6 MB
[runlim] sample:		198.7 time, 210.5 real, 128.9 MB
[runlim] sample:		208.7 time, 220.5 real, 140.5 MB
[runlim] sample:		218.7 time, 230.5 real, 140.5 MB
[runlim] sample:		228.7 time, 240.5 real, 141.3 MB
[runlim] sample:		238.7 time, 250.5 real, 142.6 MB
[runlim] sample:		248.7 time, 260.5 real, 143.1 MB
[runlim] sample:		258.7 time, 270.5 real, 143.6 MB
[runlim] sample:		268.7 time, 280.5 real, 150.3 MB
[runlim] sample:		278.7 time, 290.5 real, 151.1 MB
[runlim] sample:		288.7 time, 300.5 real, 151.3 MB
[runlim] sample:		298.7 time, 310.5 real, 152.6 MB
CVC4 interrupted by SIGTERM.
[runlim] end:			Tue Jan 29 14:04:52 2019
[runlim] status:		out of time
[runlim] result:		2
[runlim] children:		0
[runlim] real:			311.79 seconds
[runlim] time:			300.01 seconds
[runlim] space:			152.6 MB
[runlim] samples:		3113
