[runlim] version:		1.10fixed
[runlim] time limit:		300 seconds
[runlim] real time limit:	311040000 seconds
[runlim] space limit:		4000 MB
[runlim] argv[0]:		./cvc4
[runlim] argv[1]:		--nl-ext-tplanes
[runlim] argv[2]:		--full-saturate-quant
[runlim] argv[3]:		--no-e-matching
[runlim] argv[4]:		/tmp/yJ1Qlr0X.smt2
[runlim] start:			Mon Jan 28 16:26:37 2019
[runlim] main pid:		17611
[runlim] sample:		9.2 time, 10.4 real, 48.4 MB
[runlim] sample:		19.2 time, 20.4 real, 59.5 MB
[runlim] sample:		28.3 time, 30.4 real, 63.4 MB
[runlim] sample:		37.7 time, 40.4 real, 66.2 MB
[runlim] sample:		46.9 time, 50.4 real, 68.6 MB
[runlim] sample:		56.2 time, 60.4 real, 71.4 MB
[runlim] sample:		65.6 time, 70.4 real, 74.0 MB
[runlim] sample:		75.2 time, 80.4 real, 76.8 MB
[runlim] sample:		85.2 time, 90.4 real, 80.2 MB
[runlim] sample:		95.2 time, 100.4 real, 83.5 MB
[runlim] sample:		105.2 time, 110.4 real, 86.9 MB
[runlim] sample:		115.2 time, 120.4 real, 90.0 MB
[runlim] sample:		124.8 time, 130.4 real, 92.8 MB
[runlim] sample:		134.5 time, 140.4 real, 95.7 MB
[runlim] sample:		143.8 time, 150.4 real, 98.3 MB
[runlim] sample:		153.1 time, 160.4 real, 101.1 MB
[runlim] sample:		163.1 time, 170.4 real, 104.2 MB
[runlim] sample:		173.1 time, 180.4 real, 107.0 MB
[runlim] sample:		183.1 time, 190.4 real, 110.4 MB
[runlim] sample:		193.1 time, 200.4 real, 113.2 MB
[runlim] sample:		202.6 time, 210.4 real, 116.0 MB
[runlim] sample:		212.0 time, 220.4 real, 118.6 MB
[runlim] sample:		221.6 time, 230.4 real, 121.3 MB
[runlim] sample:		231.0 time, 240.4 real, 124.8 MB
[runlim] sample:		240.7 time, 250.4 real, 127.2 MB
[runlim] sample:		250.3 time, 260.4 real, 130.1 MB
[runlim] sample:		260.0 time, 270.4 real, 133.4 MB
[runlim] sample:		269.6 time, 280.4 real, 136.5 MB
[runlim] sample:		279.6 time, 290.4 real, 139.1 MB
[runlim] sample:		289.5 time, 300.4 real, 142.5 MB
[runlim] end:			Mon Jan 28 16:31:47 2019
[runlim] status:		signal(9)
[runlim] result:		11
[runlim] children:		0
[runlim] real:			310.27 seconds
[runlim] time:			299.17 seconds
[runlim] space:			145.3 MB
[runlim] samples:		3098
