[runlim] version:		1.10fixed
[runlim] time limit:		1800 seconds
[runlim] real time limit:	311040000 seconds
[runlim] space limit:		4000 MB
[runlim] argv[0]:		./cvc4
[runlim] argv[1]:		--nl-ext-tplanes
[runlim] argv[2]:		--full-saturate-quant
[runlim] argv[3]:		--no-e-matching
[runlim] argv[4]:		/tmp/BmVoq5Vz.smt2
[runlim] start:			Sat Feb  9 19:49:42 2019
[runlim] main pid:		15599
[runlim] sample:		8.9 time, 10.3 real, 53.0 MB
[runlim] sample:		18.0 time, 20.3 real, 64.3 MB
[runlim] sample:		27.0 time, 30.3 real, 72.5 MB
[runlim] sample:		36.4 time, 40.3 real, 78.7 MB
[runlim] sample:		45.5 time, 50.3 real, 85.9 MB
[runlim] sample:		55.5 time, 60.3 real, 91.0 MB
[runlim] sample:		65.5 time, 70.3 real, 97.2 MB
[runlim] sample:		75.5 time, 80.3 real, 101.2 MB
[runlim] sample:		85.5 time, 90.3 real, 107.7 MB
[runlim] sample:		95.5 time, 100.3 real, 112.1 MB
[runlim] sample:		105.5 time, 110.3 real, 115.4 MB
[runlim] sample:		115.3 time, 120.3 real, 118.2 MB
[runlim] sample:		125.3 time, 130.3 real, 121.9 MB
[runlim] sample:		135.3 time, 140.3 real, 125.5 MB
[runlim] sample:		144.2 time, 150.3 real, 127.5 MB
[runlim] sample:		154.2 time, 160.3 real, 129.8 MB
[runlim] sample:		164.2 time, 170.3 real, 131.4 MB
[runlim] sample:		174.2 time, 180.3 real, 134.2 MB
[runlim] sample:		184.2 time, 190.3 real, 137.3 MB
[runlim] sample:		193.6 time, 200.3 real, 139.1 MB
[runlim] sample:		203.5 time, 210.3 real, 143.0 MB
[runlim] sample:		213.5 time, 220.3 real, 144.2 MB
[runlim] sample:		222.1 time, 230.3 real, 146.3 MB
[runlim] sample:		231.7 time, 240.3 real, 147.9 MB
[runlim] sample:		240.9 time, 250.3 real, 149.1 MB
[runlim] sample:		249.9 time, 260.3 real, 150.9 MB
[runlim] sample:		259.3 time, 270.3 real, 152.8 MB
[runlim] sample:		267.3 time, 280.3 real, 156.9 MB
[runlim] sample:		277.1 time, 290.3 real, 158.5 MB
[runlim] sample:		286.0 time, 300.3 real, 159.8 MB
[runlim] sample:		295.6 time, 310.3 real, 161.3 MB
[runlim] sample:		305.3 time, 320.3 real, 162.8 MB
[runlim] sample:		313.8 time, 330.3 real, 165.2 MB
[runlim] sample:		322.2 time, 340.3 real, 166.7 MB
[runlim] sample:		330.4 time, 350.3 real, 172.1 MB
[runlim] sample:		339.7 time, 360.3 real, 174.4 MB
[runlim] sample:		348.2 time, 370.3 real, 175.5 MB
[runlim] sample:		357.6 time, 380.3 real, 177.0 MB
[runlim] sample:		367.4 time, 390.3 real, 178.8 MB
[runlim] sample:		377.0 time, 400.3 real, 179.9 MB
[runlim] sample:		386.0 time, 410.3 real, 180.9 MB
[runlim] sample:		395.7 time, 420.3 real, 182.9 MB
[runlim] sample:		405.2 time, 430.3 real, 184.5 MB
[runlim] sample:		414.0 time, 440.3 real, 187.3 MB
[runlim] sample:		422.3 time, 450.3 real, 187.3 MB
[runlim] sample:		430.5 time, 460.3 real, 189.1 MB
[runlim] sample:		439.0 time, 470.3 real, 189.9 MB
[runlim] sample:		448.2 time, 480.3 real, 192.2 MB
[runlim] sample:		457.4 time, 490.3 real, 193.5 MB
[runlim] sample:		466.5 time, 500.3 real, 194.5 MB
[runlim] sample:		475.8 time, 510.3 real, 195.6 MB
[runlim] sample:		485.1 time, 520.3 real, 197.1 MB
[runlim] sample:		494.4 time, 530.3 real, 197.9 MB
[runlim] sample:		504.0 time, 540.3 real, 198.7 MB
[runlim] sample:		514.0 time, 550.3 real, 200.2 MB
[runlim] sample:		524.0 time, 560.3 real, 201.5 MB
[runlim] sample:		534.0 time, 570.3 real, 203.0 MB
[runlim] sample:		544.0 time, 580.3 real, 204.6 MB
[runlim] sample:		554.0 time, 590.3 real, 205.1 MB
[runlim] sample:		563.4 time, 600.3 real, 206.4 MB
[runlim] sample:		572.7 time, 610.3 real, 207.2 MB
[runlim] sample:		582.1 time, 620.3 real, 207.9 MB
[runlim] sample:		591.5 time, 630.3 real, 209.2 MB
[runlim] sample:		600.5 time, 640.3 real, 210.0 MB
[runlim] sample:		610.1 time, 650.3 real, 211.0 MB
[runlim] sample:		619.6 time, 660.3 real, 212.1 MB
[runlim] sample:		629.0 time, 670.3 real, 215.2 MB
[runlim] sample:		638.3 time, 680.3 real, 215.7 MB
[runlim] sample:		647.8 time, 690.3 real, 216.0 MB
[runlim] sample:		657.2 time, 700.3 real, 217.0 MB
[runlim] sample:		666.8 time, 710.3 real, 218.5 MB
[runlim] sample:		676.8 time, 720.3 real, 220.6 MB
[runlim] sample:		686.8 time, 730.3 real, 221.4 MB
[runlim] sample:		696.8 time, 740.3 real, 222.6 MB
[runlim] sample:		706.8 time, 750.3 real, 223.4 MB
[runlim] sample:		716.8 time, 760.3 real, 224.7 MB
[runlim] sample:		726.8 time, 770.3 real, 225.5 MB
[runlim] sample:		736.6 time, 780.3 real, 226.0 MB
[runlim] sample:		745.5 time, 790.3 real, 227.0 MB
[runlim] sample:		755.3 time, 800.3 real, 228.3 MB
[runlim] sample:		765.3 time, 810.3 real, 229.9 MB
[runlim] sample:		775.3 time, 820.3 real, 230.9 MB
[runlim] sample:		783.7 time, 830.3 real, 231.9 MB
[runlim] sample:		792.0 time, 840.3 real, 232.7 MB
[runlim] sample:		801.7 time, 850.3 real, 233.7 MB
[runlim] sample:		811.4 time, 860.3 real, 235.0 MB
[runlim] sample:		821.1 time, 870.3 real, 235.8 MB
[runlim] sample:		830.8 time, 880.3 real, 236.8 MB
[runlim] sample:		840.5 time, 890.3 real, 237.9 MB
[runlim] sample:		850.1 time, 900.3 real, 238.9 MB
[runlim] sample:		860.0 time, 910.3 real, 239.7 MB
[runlim] sample:		870.0 time, 920.3 real, 240.7 MB
[runlim] sample:		880.0 time, 930.3 real, 241.7 MB
[runlim] sample:		890.0 time, 940.3 real, 242.5 MB
[runlim] sample:		900.0 time, 950.3 real, 243.3 MB
[runlim] sample:		910.0 time, 960.3 real, 244.3 MB
[runlim] sample:		920.0 time, 970.3 real, 244.8 MB
[runlim] sample:		930.0 time, 980.3 real, 247.6 MB
[runlim] sample:		940.0 time, 990.3 real, 247.9 MB
[runlim] sample:		950.0 time, 1000.3 real, 247.9 MB
[runlim] sample:		959.9 time, 1010.3 real, 248.9 MB
[runlim] sample:		969.9 time, 1020.3 real, 249.7 MB
[runlim] sample:		979.9 time, 1030.3 real, 250.2 MB
[runlim] sample:		989.1 time, 1040.3 real, 251.3 MB
[runlim] sample:		998.6 time, 1050.3 real, 252.0 MB
[runlim] sample:		1008.3 time, 1060.3 real, 253.1 MB
[runlim] sample:		1017.8 time, 1070.3 real, 253.8 MB
[runlim] sample:		1026.6 time, 1080.3 real, 254.9 MB
[runlim] sample:		1036.4 time, 1090.3 real, 255.1 MB
[runlim] sample:		1046.4 time, 1100.3 real, 255.4 MB
[runlim] sample:		1056.4 time, 1110.3 real, 255.4 MB
[runlim] sample:		1065.8 time, 1120.3 real, 255.6 MB
[runlim] sample:		1075.8 time, 1130.3 real, 256.4 MB
[runlim] sample:		1085.8 time, 1140.3 real, 258.7 MB
[runlim] sample:		1095.8 time, 1150.3 real, 258.7 MB
[runlim] sample:		1104.7 time, 1160.3 real, 260.5 MB
[runlim] sample:		1112.9 time, 1170.3 real, 260.5 MB
[runlim] sample:		1122.6 time, 1180.3 real, 262.6 MB
[runlim] sample:		1131.9 time, 1190.3 real, 264.1 MB
[runlim] sample:		1141.0 time, 1200.3 real, 264.4 MB
[runlim] sample:		1151.0 time, 1210.3 real, 264.7 MB
[runlim] sample:		1161.0 time, 1220.3 real, 264.7 MB
[runlim] sample:		1171.0 time, 1230.3 real, 265.4 MB
[runlim] sample:		1181.0 time, 1240.3 real, 265.9 MB
[runlim] sample:		1190.4 time, 1250.3 real, 266.7 MB
[runlim] sample:		1198.8 time, 1260.3 real, 267.8 MB
[runlim] sample:		1207.8 time, 1270.3 real, 267.8 MB
[runlim] sample:		1215.8 time, 1280.3 real, 269.0 MB
[runlim] sample:		1224.8 time, 1290.3 real, 274.2 MB
[runlim] sample:		1234.3 time, 1300.3 real, 274.2 MB
[runlim] sample:		1242.3 time, 1310.3 real, 275.0 MB
[runlim] sample:		1250.4 time, 1320.3 real, 276.3 MB
[runlim] sample:		1259.2 time, 1330.3 real, 276.3 MB
[runlim] sample:		1268.9 time, 1340.3 real, 276.8 MB
[runlim] sample:		1278.7 time, 1350.3 real, 277.3 MB
[runlim] sample:		1288.4 time, 1360.3 real, 278.3 MB
[runlim] sample:		1298.1 time, 1370.3 real, 278.6 MB
[runlim] sample:		1307.8 time, 1380.3 real, 279.4 MB
[runlim] sample:		1317.5 time, 1390.3 real, 280.4 MB
[runlim] sample:		1327.4 time, 1400.3 real, 281.7 MB
[runlim] sample:		1337.4 time, 1410.3 real, 281.7 MB
[runlim] sample:		1347.4 time, 1420.3 real, 281.7 MB
[runlim] sample:		1357.4 time, 1430.3 real, 282.7 MB
[runlim] sample:		1367.4 time, 1440.3 real, 284.0 MB
[runlim] sample:		1377.2 time, 1450.3 real, 284.8 MB
[runlim] sample:		1387.2 time, 1460.3 real, 285.0 MB
[runlim] sample:		1397.2 time, 1470.3 real, 285.6 MB
[runlim] sample:		1407.2 time, 1480.3 real, 286.6 MB
[runlim] sample:		1417.2 time, 1490.3 real, 287.1 MB
[runlim] sample:		1427.2 time, 1500.3 real, 287.4 MB
[runlim] sample:		1436.9 time, 1510.3 real, 288.4 MB
[runlim] sample:		1446.6 time, 1520.3 real, 289.2 MB
[runlim] sample:		1456.3 time, 1530.3 real, 289.4 MB
[runlim] sample:		1466.0 time, 1540.3 real, 298.4 MB
[runlim] sample:		1475.7 time, 1550.3 real, 299.5 MB
[runlim] sample:		1485.4 time, 1560.3 real, 299.7 MB
[runlim] sample:		1495.1 time, 1570.3 real, 300.5 MB
[runlim] sample:		1504.8 time, 1580.3 real, 301.8 MB
[runlim] sample:		1514.5 time, 1590.3 real, 303.3 MB
[runlim] sample:		1524.4 time, 1600.3 real, 304.4 MB
[runlim] sample:		1534.4 time, 1610.3 real, 304.4 MB
[runlim] sample:		1544.4 time, 1620.3 real, 305.4 MB
[runlim] sample:		1554.4 time, 1630.3 real, 305.7 MB
[runlim] sample:		1564.4 time, 1640.3 real, 306.7 MB
[runlim] sample:		1574.1 time, 1650.3 real, 307.2 MB
[runlim] sample:		1583.8 time, 1660.3 real, 307.5 MB
[runlim] sample:		1593.7 time, 1670.3 real, 308.0 MB
[runlim] sample:		1603.7 time, 1680.3 real, 309.0 MB
[runlim] sample:		1613.6 time, 1690.3 real, 309.3 MB
[runlim] sample:		1622.4 time, 1700.3 real, 310.0 MB
[runlim] sample:		1632.1 time, 1710.3 real, 310.8 MB
[runlim] sample:		1641.7 time, 1720.3 real, 310.8 MB
[runlim] sample:		1651.4 time, 1730.3 real, 311.3 MB
[runlim] sample:		1661.1 time, 1740.3 real, 312.3 MB
[runlim] sample:		1670.7 time, 1750.3 real, 312.6 MB
[runlim] sample:		1680.4 time, 1760.3 real, 313.6 MB
[runlim] sample:		1689.7 time, 1770.3 real, 314.9 MB
[runlim] sample:		1699.7 time, 1780.3 real, 314.9 MB
[runlim] sample:		1709.7 time, 1790.3 real, 315.7 MB
[runlim] sample:		1719.7 time, 1800.3 real, 316.5 MB
[runlim] sample:		1729.7 time, 1810.3 real, 316.5 MB
[runlim] sample:		1739.7 time, 1820.3 real, 317.2 MB
[runlim] sample:		1749.7 time, 1830.3 real, 317.5 MB
[runlim] sample:		1759.7 time, 1840.3 real, 318.0 MB
[runlim] sample:		1769.7 time, 1850.3 real, 318.5 MB
[runlim] sample:		1779.7 time, 1860.3 real, 319.0 MB
[runlim] sample:		1789.7 time, 1870.3 real, 320.3 MB
[runlim] sample:		1799.7 time, 1880.3 real, 320.3 MB
CVC4 interrupted by SIGTERM.
[runlim] end:			Sat Feb  9 20:21:02 2019
[runlim] status:		out of time
[runlim] result:		2
[runlim] children:		0
[runlim] real:			1880.74 seconds
[runlim] time:			1800.07 seconds
[runlim] space:			320.3 MB
[runlim] samples:		18804
