[runlim] version:		1.10fixed
[runlim] time limit:		300 seconds
[runlim] real time limit:	311040000 seconds
[runlim] space limit:		4000 MB
[runlim] argv[0]:		./cvc4
[runlim] argv[1]:		--nl-ext-tplanes
[runlim] argv[2]:		--full-saturate-quant
[runlim] argv[3]:		--no-e-matching
[runlim] argv[4]:		/tmp/Ermil5Te.smt2
[runlim] start:			Mon Jan 28 16:26:37 2019
[runlim] main pid:		5979
[runlim] sample:		8.0 time, 10.7 real, 57.9 MB
[runlim] sample:		17.3 time, 20.7 real, 71.8 MB
[runlim] sample:		25.4 time, 30.7 real, 80.6 MB
[runlim] sample:		33.5 time, 40.7 real, 89.5 MB
[runlim] sample:		43.5 time, 50.7 real, 96.5 MB
[runlim] sample:		52.9 time, 60.7 real, 101.7 MB
[runlim] sample:		62.9 time, 70.7 real, 109.6 MB
[runlim] sample:		72.6 time, 80.7 real, 115.0 MB
[runlim] sample:		82.0 time, 90.7 real, 121.2 MB
[runlim] sample:		91.8 time, 100.7 real, 124.6 MB
[runlim] sample:		101.8 time, 110.7 real, 128.7 MB
[runlim] sample:		111.8 time, 120.7 real, 132.8 MB
[runlim] sample:		121.8 time, 130.7 real, 138.0 MB
[runlim] sample:		131.8 time, 140.7 real, 142.3 MB
[runlim] sample:		141.8 time, 150.7 real, 146.2 MB
[runlim] sample:		151.8 time, 160.7 real, 149.0 MB
[runlim] sample:		161.8 time, 170.7 real, 150.6 MB
[runlim] sample:		171.5 time, 180.7 real, 155.2 MB
[runlim] sample:		181.5 time, 190.7 real, 156.9 MB
[runlim] sample:		190.4 time, 200.7 real, 163.9 MB
[runlim] sample:		200.3 time, 210.7 real, 165.2 MB
[runlim] sample:		210.3 time, 220.7 real, 169.1 MB
[runlim] sample:		220.3 time, 230.7 real, 171.6 MB
[runlim] sample:		230.3 time, 240.7 real, 175.0 MB
[runlim] sample:		240.3 time, 250.7 real, 178.1 MB
[runlim] sample:		250.3 time, 260.7 real, 179.9 MB
[runlim] sample:		260.3 time, 270.7 real, 186.7 MB
[runlim] sample:		270.3 time, 280.7 real, 189.0 MB
[runlim] sample:		280.3 time, 290.7 real, 190.8 MB
[runlim] sample:		290.3 time, 300.7 real, 191.3 MB
CVC4 interrupted by SIGTERM.
[runlim] end:			Mon Jan 28 16:31:47 2019
[runlim] status:		out of time
[runlim] result:		2
[runlim] children:		0
[runlim] real:			310.49 seconds
[runlim] time:			300.10 seconds
[runlim] space:			195.5 MB
[runlim] samples:		3098
