[runlim] version:		1.10fixed
[runlim] time limit:		300 seconds
[runlim] real time limit:	311040000 seconds
[runlim] space limit:		4000 MB
[runlim] argv[0]:		./cvc4
[runlim] argv[1]:		--nl-ext-tplanes
[runlim] argv[2]:		--full-saturate-quant
[runlim] argv[3]:		--no-e-matching
[runlim] argv[4]:		/tmp/DgoE9MH8.smt2
[runlim] start:			Tue Jan 29 13:56:18 2019
[runlim] main pid:		12192
[runlim] sample:		9.0 time, 10.4 real, 47.8 MB
[runlim] sample:		18.7 time, 20.4 real, 57.4 MB
[runlim] sample:		26.4 time, 30.4 real, 58.0 MB
[runlim] sample:		36.2 time, 40.4 real, 59.2 MB
[runlim] end:			Tue Jan 29 13:57:04 2019
[runlim] status:		ok
[runlim] result:		0
[runlim] children:		0
[runlim] real:			46.34 seconds
[runlim] time:			42.05 seconds
[runlim] space:			60.2 MB
[runlim] samples:		459
