[runlim] version:		1.10fixed
[runlim] time limit:		300 seconds
[runlim] real time limit:	311040000 seconds
[runlim] space limit:		4000 MB
[runlim] argv[0]:		./cvc4
[runlim] argv[1]:		--nl-ext-tplanes
[runlim] argv[2]:		--full-saturate-quant
[runlim] argv[3]:		--no-e-matching
[runlim] argv[4]:		/tmp/DRtxx6dI.smt2
[runlim] start:			Tue Jan 29 13:58:54 2019
[runlim] main pid:		18364
[runlim] sample:		7.7 time, 10.8 real, 52.8 MB
[runlim] sample:		16.6 time, 20.8 real, 65.7 MB
[runlim] sample:		24.6 time, 30.8 real, 74.8 MB
[runlim] sample:		34.6 time, 40.8 real, 83.6 MB
[runlim] sample:		44.6 time, 50.8 real, 89.9 MB
[runlim] sample:		54.6 time, 60.8 real, 96.8 MB
[runlim] sample:		64.3 time, 70.8 real, 101.7 MB
[runlim] sample:		72.8 time, 80.8 real, 106.1 MB
[runlim] sample:		81.9 time, 90.8 real, 109.9 MB
[runlim] sample:		91.8 time, 100.8 real, 113.8 MB
[runlim] sample:		101.8 time, 110.8 real, 117.3 MB
[runlim] sample:		111.3 time, 120.8 real, 120.7 MB
[runlim] sample:		120.2 time, 130.8 real, 124.8 MB
[runlim] sample:		129.8 time, 140.8 real, 128.1 MB
[runlim] sample:		138.8 time, 150.8 real, 130.4 MB
[runlim] sample:		147.6 time, 160.8 real, 133.6 MB
[runlim] sample:		157.3 time, 170.8 real, 136.9 MB
[runlim] sample:		167.3 time, 180.8 real, 140.0 MB
[runlim] sample:		177.3 time, 190.8 real, 143.6 MB
[runlim] sample:		187.3 time, 200.8 real, 145.9 MB
[runlim] sample:		197.3 time, 210.8 real, 148.6 MB
[runlim] sample:		207.3 time, 220.8 real, 151.4 MB
[runlim] sample:		217.3 time, 230.8 real, 153.2 MB
[runlim] sample:		227.3 time, 240.8 real, 155.5 MB
[runlim] sample:		237.3 time, 250.8 real, 157.8 MB
[runlim] sample:		247.3 time, 260.8 real, 160.2 MB
[runlim] sample:		257.3 time, 270.8 real, 161.8 MB
[runlim] sample:		267.3 time, 280.8 real, 164.1 MB
[runlim] sample:		277.3 time, 290.8 real, 165.9 MB
[runlim] sample:		287.3 time, 300.8 real, 167.9 MB
[runlim] sample:		297.3 time, 310.8 real, 169.7 MB
CVC4 interrupted by SIGTERM.
[runlim] end:			Tue Jan 29 14:04:07 2019
[runlim] status:		out of time
[runlim] result:		2
[runlim] children:		0
[runlim] real:			313.57 seconds
[runlim] time:			300.03 seconds
[runlim] space:			170.2 MB
[runlim] samples:		3127
