[runlim] version:		1.10fixed
[runlim] time limit:		300 seconds
[runlim] real time limit:	311040000 seconds
[runlim] space limit:		4000 MB
[runlim] argv[0]:		./cvc4
[runlim] argv[1]:		--nl-ext-tplanes
[runlim] argv[2]:		--full-saturate-quant
[runlim] argv[3]:		--no-e-matching
[runlim] argv[4]:		/tmp/e5z8pDaL.smt2
[runlim] start:			Tue Jan 29 13:29:42 2019
[runlim] main pid:		9055
[runlim] sample:		8.4 time, 10.5 real, 50.3 MB
[runlim] sample:		17.2 time, 20.5 real, 59.2 MB
[runlim] sample:		27.1 time, 30.5 real, 65.9 MB
[runlim] sample:		37.0 time, 40.5 real, 71.0 MB
[runlim] sample:		47.0 time, 50.5 real, 76.1 MB
[runlim] sample:		57.0 time, 60.5 real, 81.3 MB
[runlim] sample:		67.0 time, 70.5 real, 84.7 MB
[runlim] sample:		77.0 time, 80.5 real, 87.0 MB
[runlim] sample:		87.0 time, 90.5 real, 89.6 MB
[runlim] sample:		97.0 time, 100.5 real, 92.6 MB
[runlim] sample:		107.0 time, 110.5 real, 95.2 MB
[runlim] sample:		117.0 time, 120.5 real, 97.8 MB
[runlim] sample:		127.0 time, 130.5 real, 101.1 MB
[runlim] sample:		137.0 time, 140.5 real, 103.2 MB
[runlim] sample:		147.0 time, 150.5 real, 105.5 MB
[runlim] sample:		157.0 time, 160.5 real, 106.5 MB
[runlim] sample:		167.0 time, 170.5 real, 108.3 MB
[runlim] sample:		177.0 time, 180.5 real, 109.9 MB
[runlim] sample:		187.0 time, 190.5 real, 111.4 MB
[runlim] sample:		197.0 time, 200.5 real, 112.7 MB
[runlim] sample:		206.7 time, 210.5 real, 114.0 MB
[runlim] sample:		215.7 time, 220.5 real, 115.0 MB
[runlim] sample:		223.9 time, 230.5 real, 116.6 MB
[runlim] sample:		232.7 time, 240.5 real, 117.9 MB
[runlim] sample:		241.9 time, 250.5 real, 120.4 MB
[runlim] sample:		251.4 time, 260.5 real, 121.0 MB
[runlim] sample:		260.4 time, 270.5 real, 122.5 MB
[runlim] sample:		268.6 time, 280.5 real, 123.8 MB
[runlim] sample:		276.6 time, 290.5 real, 124.8 MB
[runlim] sample:		286.6 time, 300.5 real, 125.9 MB
[runlim] sample:		296.6 time, 310.5 real, 127.9 MB
CVC4 interrupted by SIGTERM.
[runlim] end:			Tue Jan 29 13:34:55 2019
[runlim] status:		out of time
[runlim] result:		2
[runlim] children:		0
[runlim] real:			313.96 seconds
[runlim] time:			300.06 seconds
[runlim] space:			128.2 MB
[runlim] samples:		3134
