[runlim] version:		1.10fixed
[runlim] time limit:		300 seconds
[runlim] real time limit:	311040000 seconds
[runlim] space limit:		4000 MB
[runlim] argv[0]:		./cvc4
[runlim] argv[1]:		--nl-ext-tplanes
[runlim] argv[2]:		--full-saturate-quant
[runlim] argv[3]:		--no-e-matching
[runlim] argv[4]:		/tmp/TvG5t1fl.smt2
[runlim] start:			Mon Jan 28 16:26:00 2019
[runlim] main pid:		12902
[runlim] sample:		9.0 time, 10.1 real, 52.7 MB
[runlim] sample:		18.3 time, 20.1 real, 66.3 MB
[runlim] sample:		27.9 time, 30.1 real, 74.4 MB
[runlim] sample:		37.9 time, 40.1 real, 81.9 MB
[runlim] sample:		47.9 time, 50.1 real, 90.7 MB
[runlim] sample:		57.9 time, 60.1 real, 97.6 MB
[runlim] sample:		67.8 time, 70.1 real, 103.6 MB
[runlim] sample:		77.8 time, 80.1 real, 108.6 MB
[runlim] sample:		87.8 time, 90.1 real, 114.3 MB
[runlim] sample:		97.8 time, 100.1 real, 121.3 MB
[runlim] sample:		107.8 time, 110.1 real, 124.4 MB
[runlim] sample:		117.8 time, 120.1 real, 129.5 MB
[runlim] sample:		127.8 time, 130.1 real, 131.3 MB
[runlim] sample:		137.8 time, 140.1 real, 133.4 MB
[runlim] sample:		147.8 time, 150.1 real, 133.9 MB
[runlim] sample:		157.8 time, 160.1 real, 136.4 MB
[runlim] sample:		167.8 time, 170.1 real, 142.2 MB
[runlim] sample:		177.8 time, 180.1 real, 147.8 MB
[runlim] sample:		187.8 time, 190.1 real, 153.7 MB
[runlim] sample:		197.8 time, 200.1 real, 154.8 MB
[runlim] sample:		207.8 time, 210.1 real, 157.1 MB
[runlim] sample:		217.8 time, 220.1 real, 161.7 MB
[runlim] sample:		227.8 time, 230.1 real, 162.2 MB
[runlim] sample:		237.8 time, 240.1 real, 166.3 MB
[runlim] sample:		247.0 time, 250.1 real, 166.6 MB
[runlim] sample:		256.6 time, 260.1 real, 167.1 MB
[runlim] sample:		266.4 time, 270.1 real, 172.5 MB
[runlim] sample:		276.4 time, 280.1 real, 177.4 MB
[runlim] sample:		286.4 time, 290.1 real, 183.6 MB
[runlim] sample:		295.9 time, 300.1 real, 187.2 MB
CVC4 interrupted by SIGTERM.
[runlim] end:			Mon Jan 28 16:31:04 2019
[runlim] status:		out of time
[runlim] result:		2
[runlim] children:		0
[runlim] real:			304.49 seconds
[runlim] time:			300.09 seconds
[runlim] space:			187.2 MB
[runlim] samples:		3044
