[runlim] version:		1.10fixed
[runlim] time limit:		300 seconds
[runlim] real time limit:	311040000 seconds
[runlim] space limit:		4000 MB
[runlim] argv[0]:		./cvc4
[runlim] argv[1]:		--nl-ext-tplanes
[runlim] argv[2]:		--full-saturate-quant
[runlim] argv[3]:		--no-e-matching
[runlim] argv[4]:		/tmp/PzyD0kxC.smt2
[runlim] start:			Mon Jan 28 16:01:47 2019
[runlim] main pid:		17748
[runlim] sample:		7.7 time, 10.3 real, 44.7 MB
[runlim] sample:		15.4 time, 20.3 real, 69.3 MB
[runlim] sample:		23.1 time, 30.3 real, 94.3 MB
[runlim] sample:		30.9 time, 40.3 real, 118.2 MB
[runlim] sample:		40.2 time, 50.3 real, 148.7 MB
[runlim] sample:		49.5 time, 60.3 real, 178.9 MB
[runlim] sample:		58.9 time, 70.3 real, 207.5 MB
[runlim] sample:		68.3 time, 80.3 real, 243.2 MB
[runlim] sample:		77.4 time, 90.3 real, 271.3 MB
[runlim] sample:		86.7 time, 100.3 real, 298.9 MB
[runlim] sample:		95.9 time, 110.3 real, 327.5 MB
[runlim] sample:		105.8 time, 120.3 real, 359.2 MB
[runlim] sample:		115.8 time, 130.3 real, 389.8 MB
[runlim] sample:		125.1 time, 140.3 real, 424.3 MB
[runlim] sample:		135.1 time, 150.3 real, 461.2 MB
[runlim] sample:		145.1 time, 160.3 real, 481.3 MB
[runlim] sample:		155.1 time, 170.3 real, 503.5 MB
[runlim] sample:		165.1 time, 180.3 real, 533.4 MB
[runlim] sample:		175.1 time, 190.3 real, 562.8 MB
[runlim] sample:		185.1 time, 200.3 real, 596.3 MB
[runlim] sample:		195.1 time, 210.3 real, 625.1 MB
[runlim] sample:		205.1 time, 220.3 real, 657.9 MB
[runlim] sample:		215.1 time, 230.3 real, 687.8 MB
[runlim] sample:		223.7 time, 240.3 real, 713.8 MB
[runlim] sample:		231.8 time, 250.3 real, 738.5 MB
[runlim] sample:		240.7 time, 260.3 real, 765.1 MB
[runlim] sample:		250.7 time, 270.3 real, 806.2 MB
[runlim] sample:		259.7 time, 280.3 real, 832.5 MB
[runlim] sample:		269.3 time, 290.3 real, 862.7 MB
[runlim] sample:		279.3 time, 300.3 real, 905.0 MB
[runlim] sample:		289.0 time, 310.3 real, 926.4 MB
[runlim] end:			Mon Jan 28 16:07:04 2019
[runlim] status:		signal(9)
[runlim] result:		11
[runlim] children:		0
[runlim] real:			317.30 seconds
[runlim] time:			295.88 seconds
[runlim] space:			937.2 MB
[runlim] samples:		3169
