[runlim] version:		1.10fixed
[runlim] time limit:		1800 seconds
[runlim] real time limit:	311040000 seconds
[runlim] space limit:		4000 MB
[runlim] argv[0]:		./cvc4
[runlim] argv[1]:		--nl-ext-tplanes
[runlim] argv[2]:		--full-saturate-quant
[runlim] argv[3]:		--no-e-matching
[runlim] argv[4]:		/tmp/gOc1P2YD.smt2
[runlim] start:			Sun Feb  3 12:17:43 2019
[runlim] main pid:		13876
[runlim] sample:		9.6 time, 10.4 real, 49.1 MB
[runlim] sample:		18.1 time, 20.4 real, 60.5 MB
[runlim] sample:		26.5 time, 30.4 real, 67.4 MB
[runlim] sample:		35.1 time, 40.4 real, 73.0 MB
[runlim] sample:		44.8 time, 50.4 real, 78.4 MB
[runlim] sample:		54.5 time, 60.4 real, 82.8 MB
[runlim] sample:		64.2 time, 70.4 real, 87.8 MB
[runlim] sample:		73.8 time, 80.4 real, 91.0 MB
[runlim] sample:		83.5 time, 90.4 real, 95.1 MB
[runlim] sample:		92.9 time, 100.4 real, 98.5 MB
[runlim] sample:		102.6 time, 110.4 real, 101.6 MB
[runlim] sample:		112.3 time, 120.4 real, 104.9 MB
[runlim] sample:		121.9 time, 130.4 real, 109.0 MB
[runlim] sample:		130.8 time, 140.4 real, 114.5 MB
[runlim] sample:		139.4 time, 150.4 real, 114.7 MB
[runlim] sample:		148.8 time, 160.4 real, 115.3 MB
[runlim] sample:		158.6 time, 170.4 real, 117.7 MB
[runlim] sample:		168.2 time, 180.4 real, 119.7 MB
[runlim] sample:		177.4 time, 190.4 real, 122.0 MB
[runlim] sample:		187.4 time, 200.4 real, 123.8 MB
[runlim] sample:		197.4 time, 210.4 real, 126.7 MB
[runlim] sample:		207.1 time, 220.4 real, 130.5 MB
[runlim] sample:		216.8 time, 230.4 real, 133.3 MB
[runlim] sample:		226.5 time, 240.4 real, 141.5 MB
[runlim] sample:		235.5 time, 250.4 real, 144.1 MB
[runlim] sample:		244.8 time, 260.4 real, 147.0 MB
[runlim] sample:		254.1 time, 270.4 real, 147.7 MB
[runlim] sample:		263.9 time, 280.4 real, 161.6 MB
[runlim] sample:		273.9 time, 290.4 real, 162.6 MB
[runlim] sample:		283.9 time, 300.4 real, 162.6 MB
[runlim] sample:		293.9 time, 310.4 real, 162.8 MB
[runlim] sample:		303.7 time, 320.4 real, 163.6 MB
[runlim] sample:		313.7 time, 330.4 real, 164.3 MB
[runlim] sample:		323.4 time, 340.4 real, 164.9 MB
[runlim] sample:		333.1 time, 350.4 real, 166.1 MB
[runlim] sample:		342.8 time, 360.4 real, 168.2 MB
[runlim] sample:		352.7 time, 370.4 real, 168.4 MB
[runlim] sample:		362.4 time, 380.4 real, 168.7 MB
[runlim] sample:		372.3 time, 390.4 real, 185.6 MB
[runlim] sample:		382.2 time, 400.4 real, 185.9 MB
[runlim] sample:		391.9 time, 410.4 real, 185.9 MB
[runlim] sample:		401.8 time, 420.4 real, 186.1 MB
[runlim] sample:		411.8 time, 430.4 real, 187.2 MB
[runlim] sample:		421.8 time, 440.4 real, 187.2 MB
[runlim] sample:		431.6 time, 450.4 real, 187.4 MB
[runlim] sample:		441.3 time, 460.4 real, 187.4 MB
[runlim] sample:		451.1 time, 470.4 real, 187.9 MB
[runlim] sample:		460.8 time, 480.4 real, 187.9 MB
[runlim] sample:		470.7 time, 490.4 real, 188.2 MB
[runlim] sample:		480.7 time, 500.4 real, 188.4 MB
[runlim] sample:		490.4 time, 510.4 real, 188.4 MB
[runlim] sample:		499.7 time, 520.4 real, 190.5 MB
[runlim] sample:		508.3 time, 530.4 real, 190.5 MB
[runlim] sample:		517.0 time, 540.4 real, 191.0 MB
[runlim] sample:		525.6 time, 550.4 real, 193.1 MB
[runlim] sample:		534.6 time, 560.4 real, 193.3 MB
[runlim] sample:		544.3 time, 570.4 real, 195.4 MB
[runlim] sample:		554.0 time, 580.4 real, 195.9 MB
[runlim] sample:		563.1 time, 590.4 real, 196.9 MB
[runlim] sample:		571.7 time, 600.4 real, 199.5 MB
[runlim] sample:		580.4 time, 610.4 real, 200.0 MB
[runlim] sample:		589.1 time, 620.4 real, 200.8 MB
[runlim] sample:		597.8 time, 630.4 real, 203.6 MB
[runlim] sample:		606.5 time, 640.4 real, 204.4 MB
[runlim] sample:		615.1 time, 650.4 real, 206.2 MB
[runlim] sample:		623.8 time, 660.4 real, 207.7 MB
[runlim] sample:		633.5 time, 670.4 real, 208.3 MB
[runlim] sample:		643.1 time, 680.4 real, 210.3 MB
[runlim] sample:		652.8 time, 690.4 real, 211.1 MB
[runlim] sample:		661.9 time, 700.4 real, 211.1 MB
[runlim] sample:		670.7 time, 710.4 real, 212.4 MB
[runlim] sample:		680.4 time, 720.4 real, 212.6 MB
[runlim] sample:		688.6 time, 730.4 real, 214.2 MB
[runlim] sample:		696.3 time, 740.4 real, 214.9 MB
[runlim] sample:		704.3 time, 750.4 real, 217.0 MB
[runlim] sample:		713.8 time, 760.4 real, 217.5 MB
[runlim] sample:		722.1 time, 770.4 real, 219.1 MB
[runlim] sample:		730.3 time, 780.4 real, 219.1 MB
[runlim] sample:		739.6 time, 790.4 real, 219.3 MB
[runlim] sample:		749.6 time, 800.4 real, 221.4 MB
[runlim] sample:		759.6 time, 810.4 real, 221.9 MB
[runlim] sample:		769.6 time, 820.4 real, 222.7 MB
[runlim] sample:		778.9 time, 830.4 real, 223.2 MB
[runlim] sample:		787.7 time, 840.4 real, 223.7 MB
[runlim] sample:		797.7 time, 850.4 real, 224.7 MB
[runlim] sample:		806.1 time, 860.4 real, 225.5 MB
[runlim] sample:		815.2 time, 870.4 real, 226.5 MB
[runlim] sample:		824.4 time, 880.4 real, 227.6 MB
[runlim] sample:		833.0 time, 890.4 real, 228.8 MB
[runlim] sample:		841.7 time, 900.4 real, 229.1 MB
[runlim] sample:		849.6 time, 910.4 real, 229.6 MB
[runlim] sample:		858.2 time, 920.4 real, 230.9 MB
[runlim] sample:		867.4 time, 930.4 real, 231.7 MB
[runlim] sample:		876.4 time, 940.4 real, 233.2 MB
[runlim] sample:		885.5 time, 950.4 real, 233.7 MB
[runlim] sample:		894.5 time, 960.4 real, 235.5 MB
[runlim] sample:		904.2 time, 970.4 real, 235.5 MB
[runlim] sample:		913.9 time, 980.4 real, 236.6 MB
[runlim] sample:		923.6 time, 990.4 real, 237.6 MB
[runlim] sample:		933.5 time, 1000.4 real, 237.6 MB
[runlim] sample:		943.5 time, 1010.4 real, 239.7 MB
[runlim] sample:		953.5 time, 1020.4 real, 240.7 MB
[runlim] sample:		963.5 time, 1030.4 real, 240.9 MB
[runlim] sample:		973.5 time, 1040.4 real, 240.9 MB
[runlim] sample:		983.5 time, 1050.4 real, 241.5 MB
[runlim] sample:		993.5 time, 1060.4 real, 243.6 MB
[runlim] sample:		1003.5 time, 1070.4 real, 245.9 MB
[runlim] sample:		1013.5 time, 1080.4 real, 248.2 MB
[runlim] sample:		1023.5 time, 1090.4 real, 249.2 MB
[runlim] sample:		1033.5 time, 1100.4 real, 250.5 MB
[runlim] sample:		1043.5 time, 1110.4 real, 251.8 MB
[runlim] sample:		1053.5 time, 1120.4 real, 253.9 MB
[runlim] sample:		1063.5 time, 1130.4 real, 255.9 MB
[runlim] sample:		1073.5 time, 1140.4 real, 255.9 MB
[runlim] sample:		1083.5 time, 1150.4 real, 256.2 MB
[runlim] sample:		1093.5 time, 1160.4 real, 256.7 MB
[runlim] sample:		1103.5 time, 1170.4 real, 256.7 MB
[runlim] sample:		1113.5 time, 1180.4 real, 258.5 MB
[runlim] sample:		1123.5 time, 1190.4 real, 258.5 MB
[runlim] sample:		1133.5 time, 1200.4 real, 271.6 MB
[runlim] sample:		1143.5 time, 1210.4 real, 291.9 MB
[runlim] sample:		1153.5 time, 1220.4 real, 293.7 MB
[runlim] sample:		1163.5 time, 1230.4 real, 296.5 MB
[runlim] sample:		1173.5 time, 1240.4 real, 296.8 MB
[runlim] sample:		1183.5 time, 1250.4 real, 296.8 MB
[runlim] sample:		1193.5 time, 1260.4 real, 297.0 MB
[runlim] sample:		1203.5 time, 1270.4 real, 297.5 MB
[runlim] sample:		1213.5 time, 1280.4 real, 297.8 MB
[runlim] sample:		1223.5 time, 1290.4 real, 297.8 MB
[runlim] sample:		1233.5 time, 1300.4 real, 298.0 MB
[runlim] sample:		1243.5 time, 1310.4 real, 298.0 MB
[runlim] sample:		1253.5 time, 1320.4 real, 298.8 MB
[runlim] sample:		1263.5 time, 1330.4 real, 300.4 MB
[runlim] sample:		1273.5 time, 1340.4 real, 301.1 MB
[runlim] sample:		1283.5 time, 1350.4 real, 301.4 MB
[runlim] sample:		1293.5 time, 1360.4 real, 301.4 MB
[runlim] sample:		1303.5 time, 1370.4 real, 301.6 MB
[runlim] sample:		1313.5 time, 1380.4 real, 301.9 MB
[runlim] sample:		1323.5 time, 1390.4 real, 302.1 MB
[runlim] sample:		1333.5 time, 1400.4 real, 302.1 MB
[runlim] sample:		1343.5 time, 1410.4 real, 302.4 MB
[runlim] sample:		1353.5 time, 1420.4 real, 302.9 MB
[runlim] sample:		1363.5 time, 1430.4 real, 303.2 MB
[runlim] sample:		1373.5 time, 1440.4 real, 303.2 MB
[runlim] sample:		1383.5 time, 1450.4 real, 303.4 MB
[runlim] sample:		1393.5 time, 1460.4 real, 303.7 MB
[runlim] sample:		1403.5 time, 1470.4 real, 303.9 MB
[runlim] sample:		1413.5 time, 1480.4 real, 303.9 MB
[runlim] sample:		1423.5 time, 1490.4 real, 304.7 MB
[runlim] sample:		1433.5 time, 1500.4 real, 305.8 MB
[runlim] sample:		1443.5 time, 1510.4 real, 306.1 MB
[runlim] sample:		1453.5 time, 1520.4 real, 306.8 MB
[runlim] sample:		1463.5 time, 1530.4 real, 308.1 MB
[runlim] sample:		1473.5 time, 1540.4 real, 309.2 MB
[runlim] sample:		1483.5 time, 1550.4 real, 310.2 MB
[runlim] sample:		1493.5 time, 1560.4 real, 311.2 MB
[runlim] sample:		1503.5 time, 1570.4 real, 311.7 MB
[runlim] sample:		1513.5 time, 1580.4 real, 312.7 MB
[runlim] sample:		1523.5 time, 1590.4 real, 313.2 MB
[runlim] sample:		1533.5 time, 1600.4 real, 314.5 MB
[runlim] sample:		1543.5 time, 1610.4 real, 315.0 MB
[runlim] sample:		1553.5 time, 1620.4 real, 317.1 MB
[runlim] sample:		1563.5 time, 1630.4 real, 317.6 MB
[runlim] sample:		1573.5 time, 1640.4 real, 318.7 MB
[runlim] sample:		1583.5 time, 1650.4 real, 320.7 MB
[runlim] sample:		1593.5 time, 1660.4 real, 321.0 MB
[runlim] sample:		1603.5 time, 1670.4 real, 321.2 MB
[runlim] sample:		1613.5 time, 1680.4 real, 323.0 MB
[runlim] sample:		1623.5 time, 1690.4 real, 323.3 MB
[runlim] sample:		1633.5 time, 1700.4 real, 327.1 MB
[runlim] sample:		1643.5 time, 1710.4 real, 327.7 MB
[runlim] sample:		1653.5 time, 1720.4 real, 327.7 MB
[runlim] sample:		1663.5 time, 1730.4 real, 340.2 MB
[runlim] sample:		1673.5 time, 1740.4 real, 351.4 MB
[runlim] sample:		1683.5 time, 1750.4 real, 352.4 MB
[runlim] sample:		1693.5 time, 1760.4 real, 353.7 MB
[runlim] sample:		1703.5 time, 1770.4 real, 359.1 MB
[runlim] sample:		1713.5 time, 1780.4 real, 370.2 MB
[runlim] sample:		1723.5 time, 1790.4 real, 370.4 MB
[runlim] sample:		1733.5 time, 1800.4 real, 371.2 MB
[runlim] sample:		1743.5 time, 1810.4 real, 375.6 MB
[runlim] sample:		1753.5 time, 1820.4 real, 375.6 MB
[runlim] sample:		1763.5 time, 1830.4 real, 380.2 MB
[runlim] sample:		1773.5 time, 1840.4 real, 380.5 MB
[runlim] sample:		1783.5 time, 1850.4 real, 381.0 MB
[runlim] sample:		1793.4 time, 1860.4 real, 394.4 MB
[runlim] end:			Sun Feb  3 12:48:49 2019
[runlim] status:		signal(9)
[runlim] result:		11
[runlim] children:		0
[runlim] real:			1866.92 seconds
[runlim] time:			1799.94 seconds
[runlim] space:			434.9 MB
[runlim] samples:		18665
