[runlim] version:		1.10fixed
[runlim] time limit:		1800 seconds
[runlim] real time limit:	311040000 seconds
[runlim] space limit:		4000 MB
[runlim] argv[0]:		./cvc4
[runlim] argv[1]:		--nl-ext-tplanes
[runlim] argv[2]:		--full-saturate-quant
[runlim] argv[3]:		--no-e-matching
[runlim] argv[4]:		/tmp/JrEQRpfb.smt2
[runlim] start:			Fri Feb  8 21:20:35 2019
[runlim] main pid:		23337
[runlim] sample:		9.4 time, 10.3 real, 49.3 MB
[runlim] sample:		19.4 time, 20.3 real, 62.1 MB
[runlim] sample:		29.1 time, 30.3 real, 69.1 MB
[runlim] sample:		38.8 time, 40.3 real, 76.3 MB
[runlim] sample:		48.4 time, 50.3 real, 79.6 MB
[runlim] sample:		58.0 time, 60.3 real, 82.8 MB
[runlim] sample:		67.7 time, 70.3 real, 88.2 MB
[runlim] sample:		77.3 time, 80.3 real, 94.5 MB
[runlim] sample:		87.0 time, 90.3 real, 107.3 MB
[runlim] sample:		96.9 time, 100.3 real, 111.9 MB
[runlim] sample:		106.7 time, 110.3 real, 115.8 MB
[runlim] sample:		116.3 time, 120.3 real, 168.2 MB
[runlim] sample:		125.9 time, 130.3 real, 169.2 MB
[runlim] sample:		135.6 time, 140.3 real, 172.1 MB
[runlim] sample:		145.2 time, 150.3 real, 173.6 MB
[runlim] sample:		154.7 time, 160.3 real, 174.9 MB
[runlim] sample:		164.7 time, 170.3 real, 175.4 MB
[runlim] sample:		173.8 time, 180.3 real, 175.7 MB
[runlim] sample:		183.8 time, 190.3 real, 176.2 MB
[runlim] sample:		193.8 time, 200.3 real, 176.2 MB
[runlim] sample:		203.7 time, 210.3 real, 179.5 MB
[runlim] sample:		213.3 time, 220.3 real, 179.8 MB
[runlim] sample:		223.0 time, 230.3 real, 179.8 MB
[runlim] sample:		232.8 time, 240.3 real, 180.0 MB
[runlim] sample:		242.8 time, 250.3 real, 180.0 MB
[runlim] sample:		252.3 time, 260.3 real, 180.0 MB
[runlim] sample:		261.6 time, 270.3 real, 182.9 MB
[runlim] sample:		271.1 time, 280.3 real, 183.6 MB
[runlim] sample:		280.6 time, 290.3 real, 184.4 MB
[runlim] sample:		290.6 time, 300.3 real, 184.4 MB
[runlim] sample:		299.9 time, 310.3 real, 184.6 MB
[runlim] sample:		309.5 time, 320.3 real, 184.6 MB
[runlim] sample:		319.2 time, 330.3 real, 184.6 MB
[runlim] sample:		328.8 time, 340.3 real, 184.9 MB
[runlim] sample:		338.7 time, 350.3 real, 184.9 MB
[runlim] sample:		348.5 time, 360.3 real, 185.1 MB
[runlim] sample:		358.1 time, 370.3 real, 185.1 MB
[runlim] sample:		367.8 time, 380.3 real, 185.1 MB
[runlim] sample:		377.6 time, 390.3 real, 185.9 MB
[runlim] sample:		387.6 time, 400.3 real, 224.5 MB
[runlim] sample:		397.6 time, 410.3 real, 225.0 MB
[runlim] sample:		407.6 time, 420.3 real, 225.3 MB
[runlim] sample:		417.5 time, 430.3 real, 225.3 MB
[runlim] sample:		427.1 time, 440.3 real, 226.8 MB
[runlim] sample:		436.8 time, 450.3 real, 228.9 MB
[runlim] sample:		446.4 time, 460.3 real, 229.7 MB
[runlim] sample:		456.1 time, 470.3 real, 229.9 MB
[runlim] sample:		465.7 time, 480.3 real, 230.2 MB
[runlim] sample:		475.4 time, 490.3 real, 230.4 MB
[runlim] sample:		484.2 time, 500.3 real, 230.7 MB
[runlim] sample:		494.2 time, 510.3 real, 231.0 MB
[runlim] sample:		504.2 time, 520.3 real, 231.0 MB
[runlim] sample:		514.2 time, 530.3 real, 231.7 MB
[runlim] sample:		524.2 time, 540.3 real, 232.0 MB
[runlim] sample:		533.0 time, 550.3 real, 232.0 MB
[runlim] sample:		541.4 time, 560.3 real, 232.2 MB
[runlim] sample:		550.2 time, 570.3 real, 232.2 MB
[runlim] sample:		560.2 time, 580.3 real, 232.5 MB
[runlim] sample:		569.9 time, 590.3 real, 234.0 MB
[runlim] sample:		579.5 time, 600.3 real, 234.0 MB
[runlim] sample:		589.2 time, 610.3 real, 234.3 MB
[runlim] sample:		599.1 time, 620.3 real, 234.3 MB
[runlim] sample:		609.1 time, 630.3 real, 234.3 MB
[runlim] sample:		619.1 time, 640.3 real, 234.6 MB
[runlim] sample:		629.1 time, 650.3 real, 234.6 MB
[runlim] sample:		639.1 time, 660.3 real, 234.8 MB
[runlim] sample:		649.1 time, 670.3 real, 235.1 MB
[runlim] sample:		659.1 time, 680.3 real, 235.3 MB
[runlim] sample:		669.1 time, 690.3 real, 235.3 MB
[runlim] sample:		679.1 time, 700.3 real, 235.9 MB
[runlim] sample:		689.0 time, 710.3 real, 238.4 MB
[runlim] sample:		699.0 time, 720.3 real, 238.7 MB
[runlim] sample:		708.6 time, 730.3 real, 238.7 MB
[runlim] sample:		718.3 time, 740.3 real, 238.9 MB
[runlim] sample:		728.2 time, 750.3 real, 238.9 MB
[runlim] sample:		737.6 time, 760.3 real, 238.9 MB
[runlim] sample:		747.2 time, 770.3 real, 239.2 MB
[runlim] sample:		756.5 time, 780.3 real, 239.2 MB
[runlim] sample:		765.8 time, 790.3 real, 239.2 MB
[runlim] sample:		774.4 time, 800.3 real, 239.5 MB
[runlim] sample:		784.2 time, 810.3 real, 239.5 MB
[runlim] sample:		794.2 time, 820.3 real, 239.7 MB
[runlim] sample:		804.1 time, 830.3 real, 239.7 MB
[runlim] sample:		813.8 time, 840.3 real, 240.0 MB
[runlim] sample:		823.7 time, 850.3 real, 240.5 MB
[runlim] sample:		833.7 time, 860.3 real, 240.8 MB
[runlim] sample:		843.7 time, 870.3 real, 241.0 MB
[runlim] sample:		853.7 time, 880.3 real, 241.3 MB
[runlim] sample:		863.7 time, 890.3 real, 241.5 MB
[runlim] sample:		873.7 time, 900.3 real, 241.8 MB
[runlim] sample:		882.3 time, 910.3 real, 242.0 MB
[runlim] sample:		890.3 time, 920.3 real, 242.3 MB
[runlim] sample:		900.0 time, 930.3 real, 242.6 MB
[runlim] sample:		909.7 time, 940.3 real, 242.8 MB
[runlim] sample:		918.6 time, 950.3 real, 243.1 MB
[runlim] sample:		928.6 time, 960.3 real, 243.3 MB
[runlim] sample:		936.9 time, 970.3 real, 248.2 MB
[runlim] sample:		945.5 time, 980.3 real, 248.5 MB
[runlim] sample:		955.2 time, 990.3 real, 248.5 MB
[runlim] sample:		965.2 time, 1000.3 real, 248.7 MB
[runlim] sample:		975.2 time, 1010.3 real, 248.7 MB
[runlim] sample:		985.2 time, 1020.3 real, 248.7 MB
[runlim] sample:		995.2 time, 1030.3 real, 249.0 MB
[runlim] sample:		1005.2 time, 1040.3 real, 249.0 MB
[runlim] sample:		1015.0 time, 1050.3 real, 249.0 MB
[runlim] sample:		1024.7 time, 1060.3 real, 249.3 MB
[runlim] sample:		1034.1 time, 1070.3 real, 249.3 MB
[runlim] sample:		1043.1 time, 1080.3 real, 249.5 MB
[runlim] sample:		1052.6 time, 1090.3 real, 249.5 MB
[runlim] sample:		1062.2 time, 1100.3 real, 249.5 MB
[runlim] sample:		1070.4 time, 1110.3 real, 249.8 MB
[runlim] sample:		1079.6 time, 1120.3 real, 249.8 MB
[runlim] sample:		1089.3 time, 1130.3 real, 249.8 MB
[runlim] sample:		1099.2 time, 1140.3 real, 250.0 MB
[runlim] sample:		1109.2 time, 1150.3 real, 250.0 MB
[runlim] sample:		1119.2 time, 1160.3 real, 250.3 MB
[runlim] sample:		1129.2 time, 1170.3 real, 250.3 MB
[runlim] sample:		1139.2 time, 1180.3 real, 250.3 MB
[runlim] sample:		1149.2 time, 1190.3 real, 250.5 MB
[runlim] sample:		1159.2 time, 1200.3 real, 250.5 MB
[runlim] sample:		1169.2 time, 1210.3 real, 250.8 MB
[runlim] sample:		1179.2 time, 1220.3 real, 250.8 MB
[runlim] sample:		1189.2 time, 1230.3 real, 251.1 MB
[runlim] sample:		1199.2 time, 1240.3 real, 251.3 MB
[runlim] sample:		1209.1 time, 1250.3 real, 251.6 MB
[runlim] sample:		1219.1 time, 1260.3 real, 251.8 MB
[runlim] sample:		1229.1 time, 1270.3 real, 252.1 MB
[runlim] sample:		1239.1 time, 1280.3 real, 252.4 MB
[runlim] sample:		1248.8 time, 1290.3 real, 252.6 MB
[runlim] sample:		1258.5 time, 1300.3 real, 252.9 MB
[runlim] sample:		1267.1 time, 1310.3 real, 253.1 MB
[runlim] sample:		1277.1 time, 1320.3 real, 253.4 MB
[runlim] sample:		1287.1 time, 1330.3 real, 253.6 MB
[runlim] sample:		1295.7 time, 1340.3 real, 253.9 MB
[runlim] sample:		1305.4 time, 1350.3 real, 254.2 MB
[runlim] sample:		1314.9 time, 1360.3 real, 254.4 MB
[runlim] sample:		1324.9 time, 1370.3 real, 254.7 MB
[runlim] sample:		1334.3 time, 1380.3 real, 254.9 MB
[runlim] sample:		1344.0 time, 1390.3 real, 255.2 MB
[runlim] sample:		1353.5 time, 1400.3 real, 255.4 MB
[runlim] sample:		1362.4 time, 1410.3 real, 255.7 MB
[runlim] sample:		1370.9 time, 1420.3 real, 256.0 MB
[runlim] sample:		1380.9 time, 1430.3 real, 256.2 MB
[runlim] sample:		1390.8 time, 1440.3 real, 256.5 MB
[runlim] sample:		1399.0 time, 1450.3 real, 256.7 MB
[runlim] sample:		1407.6 time, 1460.3 real, 257.0 MB
[runlim] sample:		1417.6 time, 1470.3 real, 257.2 MB
[runlim] sample:		1427.6 time, 1480.3 real, 257.5 MB
[runlim] sample:		1437.4 time, 1490.3 real, 257.8 MB
[runlim] sample:		1447.1 time, 1500.3 real, 258.1 MB
[runlim] sample:		1456.8 time, 1510.3 real, 258.4 MB
[runlim] sample:		1466.4 time, 1520.3 real, 258.6 MB
[runlim] sample:		1476.1 time, 1530.3 real, 258.6 MB
[runlim] sample:		1485.7 time, 1540.3 real, 259.2 MB
[runlim] sample:		1495.4 time, 1550.3 real, 259.4 MB
[runlim] sample:		1505.0 time, 1560.3 real, 259.7 MB
[runlim] sample:		1514.7 time, 1570.3 real, 259.9 MB
[runlim] sample:		1524.4 time, 1580.3 real, 259.9 MB
[runlim] sample:		1534.0 time, 1590.3 real, 260.5 MB
[runlim] sample:		1543.9 time, 1600.3 real, 260.7 MB
[runlim] sample:		1552.8 time, 1610.3 real, 260.7 MB
[runlim] sample:		1562.8 time, 1620.3 real, 261.2 MB
[runlim] sample:		1572.5 time, 1630.3 real, 261.5 MB
[runlim] sample:		1581.9 time, 1640.3 real, 261.7 MB
[runlim] sample:		1590.2 time, 1650.3 real, 261.7 MB
[runlim] sample:		1599.7 time, 1660.3 real, 262.0 MB
[runlim] sample:		1609.3 time, 1670.3 real, 262.3 MB
[runlim] sample:		1619.1 time, 1680.3 real, 262.5 MB
[runlim] sample:		1629.1 time, 1690.3 real, 262.8 MB
[runlim] sample:		1639.0 time, 1700.3 real, 263.0 MB
[runlim] sample:		1648.8 time, 1710.3 real, 263.3 MB
[runlim] sample:		1658.5 time, 1720.3 real, 263.5 MB
[runlim] sample:		1668.3 time, 1730.3 real, 263.8 MB
[runlim] sample:		1677.7 time, 1740.3 real, 264.3 MB
[runlim] sample:		1686.6 time, 1750.3 real, 264.3 MB
[runlim] sample:		1695.0 time, 1760.3 real, 264.6 MB
[runlim] sample:		1703.3 time, 1770.3 real, 264.8 MB
[runlim] sample:		1712.7 time, 1780.3 real, 265.1 MB
[runlim] sample:		1722.1 time, 1790.3 real, 265.4 MB
[runlim] sample:		1730.5 time, 1800.3 real, 265.6 MB
[runlim] sample:		1739.5 time, 1810.3 real, 265.9 MB
[runlim] sample:		1749.0 time, 1820.3 real, 266.1 MB
[runlim] sample:		1758.7 time, 1830.3 real, 266.4 MB
[runlim] sample:		1768.3 time, 1840.3 real, 266.6 MB
[runlim] sample:		1778.3 time, 1850.3 real, 266.9 MB
[runlim] sample:		1787.2 time, 1860.3 real, 267.2 MB
[runlim] sample:		1797.2 time, 1870.3 real, 267.4 MB
CVC4 interrupted by SIGTERM.
[runlim] end:			Fri Feb  8 21:51:48 2019
[runlim] status:		out of time
[runlim] result:		2
[runlim] children:		0
[runlim] real:			1873.09 seconds
[runlim] time:			1800.02 seconds
[runlim] space:			267.4 MB
[runlim] samples:		18728
