[runlim] version:		1.10fixed
[runlim] time limit:		300 seconds
[runlim] real time limit:	311040000 seconds
[runlim] space limit:		4000 MB
[runlim] argv[0]:		./cvc4
[runlim] argv[1]:		--nl-ext-tplanes
[runlim] argv[2]:		--full-saturate-quant
[runlim] argv[3]:		--no-e-matching
[runlim] argv[4]:		/tmp/AWdxV6KU.smt2
[runlim] start:			Mon Jan 28 16:26:05 2019
[runlim] main pid:		437
[runlim] sample:		9.1 time, 10.4 real, 58.5 MB
[runlim] sample:		18.4 time, 20.4 real, 69.8 MB
[runlim] sample:		28.4 time, 30.4 real, 80.2 MB
[runlim] sample:		37.7 time, 40.4 real, 87.4 MB
[runlim] sample:		47.7 time, 50.4 real, 90.8 MB
[runlim] sample:		57.7 time, 60.4 real, 96.9 MB
[runlim] sample:		67.7 time, 70.4 real, 102.6 MB
[runlim] sample:		77.7 time, 80.4 real, 107.2 MB
[runlim] sample:		87.7 time, 90.4 real, 111.8 MB
[runlim] sample:		97.7 time, 100.4 real, 115.2 MB
[runlim] sample:		107.7 time, 110.4 real, 115.4 MB
[runlim] sample:		116.7 time, 120.4 real, 115.9 MB
[runlim] sample:		125.8 time, 130.4 real, 118.8 MB
[runlim] sample:		135.8 time, 140.4 real, 122.6 MB
[runlim] sample:		145.8 time, 150.4 real, 125.7 MB
[runlim] sample:		155.8 time, 160.4 real, 129.3 MB
[runlim] sample:		165.8 time, 170.4 real, 132.7 MB
[runlim] sample:		175.8 time, 180.4 real, 136.0 MB
[runlim] sample:		185.8 time, 190.4 real, 138.8 MB
[runlim] sample:		195.8 time, 200.4 real, 141.7 MB
[runlim] sample:		205.8 time, 210.4 real, 145.8 MB
[runlim] sample:		215.8 time, 220.4 real, 148.9 MB
[runlim] sample:		225.8 time, 230.4 real, 151.2 MB
[runlim] sample:		235.3 time, 240.4 real, 153.7 MB
[runlim] sample:		244.4 time, 250.4 real, 153.9 MB
[runlim] sample:		254.4 time, 260.4 real, 154.2 MB
[runlim] sample:		264.1 time, 270.4 real, 154.4 MB
[runlim] sample:		274.1 time, 280.4 real, 154.9 MB
[runlim] sample:		284.1 time, 290.4 real, 156.4 MB
[runlim] sample:		294.0 time, 300.4 real, 156.4 MB
CVC4 interrupted by SIGTERM.
[runlim] end:			Mon Jan 28 16:31:11 2019
[runlim] status:		out of time
[runlim] result:		2
[runlim] children:		0
[runlim] real:			306.44 seconds
[runlim] time:			300.04 seconds
[runlim] space:			158.5 MB
[runlim] samples:		3060
