[runlim] version:		1.10fixed
[runlim] time limit:		300 seconds
[runlim] real time limit:	311040000 seconds
[runlim] space limit:		4000 MB
[runlim] argv[0]:		./cvc4
[runlim] argv[1]:		--nl-ext-tplanes
[runlim] argv[2]:		--full-saturate-quant
[runlim] argv[3]:		--no-e-matching
[runlim] argv[4]:		/tmp/tRoCE0T6.smt2
[runlim] start:			Mon Jan 28 10:43:54 2019
[runlim] main pid:		28027
[runlim] sample:		9.3 time, 10.8 real, 44.7 MB
[runlim] sample:		19.0 time, 20.8 real, 56.3 MB
[runlim] sample:		28.4 time, 30.8 real, 66.1 MB
[runlim] sample:		38.4 time, 40.8 real, 73.8 MB
[runlim] sample:		47.1 time, 50.8 real, 81.6 MB
[runlim] sample:		56.9 time, 60.8 real, 89.0 MB
[runlim] sample:		66.8 time, 70.8 real, 89.0 MB
[runlim] sample:		76.8 time, 80.8 real, 89.0 MB
[runlim] sample:		86.2 time, 90.8 real, 89.0 MB
[runlim] sample:		95.2 time, 100.8 real, 89.0 MB
[runlim] sample:		104.3 time, 110.8 real, 89.0 MB
[runlim] sample:		113.6 time, 120.8 real, 89.0 MB
[runlim] sample:		123.2 time, 130.8 real, 89.0 MB
[runlim] sample:		132.9 time, 140.8 real, 89.0 MB
[runlim] sample:		142.5 time, 150.8 real, 89.0 MB
[runlim] sample:		152.2 time, 160.8 real, 89.0 MB
[runlim] sample:		161.8 time, 170.8 real, 90.0 MB
[runlim] sample:		171.4 time, 180.8 real, 90.0 MB
[runlim] sample:		181.1 time, 190.8 real, 90.0 MB
[runlim] sample:		190.8 time, 200.8 real, 90.0 MB
[runlim] sample:		200.4 time, 210.8 real, 90.0 MB
[runlim] sample:		210.0 time, 220.8 real, 90.0 MB
[runlim] sample:		219.7 time, 230.8 real, 90.0 MB
[runlim] sample:		229.3 time, 240.8 real, 90.0 MB
[runlim] sample:		239.0 time, 250.8 real, 90.2 MB
[runlim] sample:		248.6 time, 260.8 real, 90.2 MB
[runlim] sample:		258.3 time, 270.8 real, 90.2 MB
[runlim] sample:		268.2 time, 280.8 real, 90.2 MB
[runlim] sample:		277.5 time, 290.8 real, 90.2 MB
[runlim] sample:		287.4 time, 300.8 real, 90.5 MB
[runlim] sample:		297.4 time, 310.8 real, 90.5 MB
[runlim] end:			Mon Jan 28 10:49:05 2019
[runlim] status:		signal(9)
[runlim] result:		11
[runlim] children:		0
[runlim] real:			311.27 seconds
[runlim] time:			297.77 seconds
[runlim] space:			90.5 MB
[runlim] samples:		3104
