[runlim] version:		1.10fixed
[runlim] time limit:		300 seconds
[runlim] real time limit:	311040000 seconds
[runlim] space limit:		4000 MB
[runlim] argv[0]:		./cvc4
[runlim] argv[1]:		--nl-ext-tplanes
[runlim] argv[2]:		--full-saturate-quant
[runlim] argv[3]:		--no-e-matching
[runlim] argv[4]:		/tmp/z5MjZ73W.smt2
[runlim] start:			Mon Jan 28 16:27:17 2019
[runlim] main pid:		29229
[runlim] sample:		7.4 time, 10.7 real, 53.0 MB
[runlim] sample:		16.0 time, 20.7 real, 65.6 MB
[runlim] sample:		23.9 time, 30.7 real, 73.8 MB
[runlim] sample:		33.8 time, 40.7 real, 82.0 MB
[runlim] sample:		43.8 time, 50.7 real, 87.4 MB
[runlim] sample:		53.8 time, 60.7 real, 92.9 MB
[runlim] sample:		63.8 time, 70.7 real, 98.7 MB
[runlim] sample:		73.8 time, 80.7 real, 102.6 MB
[runlim] sample:		83.8 time, 90.7 real, 106.7 MB
[runlim] sample:		93.8 time, 100.7 real, 110.6 MB
[runlim] sample:		103.8 time, 110.7 real, 113.7 MB
[runlim] sample:		113.8 time, 120.7 real, 116.8 MB
[runlim] sample:		123.7 time, 130.7 real, 119.6 MB
[runlim] sample:		133.7 time, 140.7 real, 122.4 MB
[runlim] sample:		143.7 time, 150.7 real, 126.5 MB
[runlim] sample:		153.7 time, 160.7 real, 129.0 MB
[runlim] sample:		163.4 time, 170.7 real, 131.3 MB
[runlim] sample:		172.7 time, 180.7 real, 135.2 MB
[runlim] sample:		181.5 time, 190.7 real, 136.8 MB
[runlim] sample:		189.8 time, 200.7 real, 138.7 MB
[runlim] sample:		198.1 time, 210.7 real, 140.5 MB
[runlim] sample:		206.5 time, 220.7 real, 141.8 MB
[runlim] sample:		214.8 time, 230.7 real, 143.3 MB
[runlim] sample:		223.2 time, 240.7 real, 145.4 MB
[runlim] sample:		231.5 time, 250.7 real, 147.7 MB
[runlim] sample:		240.1 time, 260.7 real, 149.0 MB
[runlim] sample:		250.1 time, 270.7 real, 151.3 MB
[runlim] sample:		260.1 time, 280.7 real, 152.9 MB
[runlim] sample:		270.1 time, 290.7 real, 154.4 MB
[runlim] sample:		280.1 time, 300.7 real, 155.7 MB
[runlim] sample:		290.1 time, 310.7 real, 157.5 MB
[runlim] end:			Mon Jan 28 16:32:33 2019
[runlim] status:		signal(9)
[runlim] result:		11
[runlim] children:		0
[runlim] real:			316.73 seconds
[runlim] time:			296.11 seconds
[runlim] space:			158.0 MB
[runlim] samples:		3160
