[runlim] version:		1.10fixed
[runlim] time limit:		1800 seconds
[runlim] real time limit:	311040000 seconds
[runlim] space limit:		4000 MB
[runlim] argv[0]:		./cvc4
[runlim] argv[1]:		--nl-ext-tplanes
[runlim] argv[2]:		--full-saturate-quant
[runlim] argv[3]:		--no-e-matching
[runlim] argv[4]:		/tmp/o4GT27GG.smt2
[runlim] start:			Sun Feb  3 12:18:47 2019
[runlim] main pid:		28290
[runlim] sample:		10.0 time, 10.6 real, 100.5 MB
[runlim] sample:		20.0 time, 20.6 real, 190.8 MB
[runlim] sample:		30.0 time, 30.6 real, 282.5 MB
[runlim] sample:		40.0 time, 40.6 real, 330.5 MB
[runlim] sample:		50.0 time, 50.6 real, 380.3 MB
[runlim] sample:		60.0 time, 60.6 real, 433.2 MB
[runlim] sample:		69.9 time, 70.6 real, 480.1 MB
[runlim] sample:		79.6 time, 80.6 real, 504.4 MB
[runlim] sample:		89.6 time, 90.6 real, 548.4 MB
[runlim] sample:		99.6 time, 100.6 real, 595.6 MB
[runlim] sample:		109.6 time, 110.6 real, 639.6 MB
[runlim] sample:		119.2 time, 120.6 real, 685.4 MB
[runlim] sample:		128.2 time, 130.6 real, 724.4 MB
[runlim] sample:		137.8 time, 140.6 real, 768.2 MB
[runlim] sample:		147.2 time, 150.6 real, 823.6 MB
[runlim] sample:		156.6 time, 160.6 real, 872.8 MB
[runlim] sample:		166.6 time, 170.6 real, 916.4 MB
[runlim] sample:		176.6 time, 180.6 real, 952.7 MB
[runlim] sample:		186.6 time, 190.6 real, 999.9 MB
[runlim] sample:		196.6 time, 200.6 real, 1047.6 MB
[runlim] sample:		206.6 time, 210.6 real, 1095.5 MB
[runlim] sample:		216.6 time, 220.6 real, 1145.3 MB
[runlim] sample:		226.6 time, 230.6 real, 1195.8 MB
[runlim] sample:		236.6 time, 240.6 real, 1243.8 MB
[runlim] sample:		246.6 time, 250.6 real, 1309.0 MB
[runlim] sample:		256.6 time, 260.6 real, 1339.5 MB
[runlim] sample:		266.6 time, 270.6 real, 1349.6 MB
[runlim] sample:		276.6 time, 280.6 real, 1397.5 MB
[runlim] sample:		286.6 time, 290.6 real, 1444.2 MB
[runlim] sample:		296.6 time, 300.6 real, 1491.1 MB
[runlim] sample:		306.6 time, 310.6 real, 1539.8 MB
[runlim] sample:		316.6 time, 320.6 real, 1609.6 MB
[runlim] sample:		326.6 time, 330.6 real, 1656.8 MB
[runlim] sample:		336.6 time, 340.6 real, 1703.7 MB
[runlim] sample:		346.6 time, 350.6 real, 1768.7 MB
[runlim] sample:		356.6 time, 360.6 real, 1796.5 MB
[runlim] sample:		366.6 time, 370.6 real, 1848.6 MB
[runlim] sample:		376.6 time, 380.6 real, 1900.9 MB
[runlim] sample:		386.6 time, 390.6 real, 1949.6 MB
[runlim] sample:		396.6 time, 400.6 real, 1997.3 MB
[runlim] sample:		406.6 time, 410.6 real, 2045.5 MB
[runlim] sample:		416.6 time, 420.6 real, 2093.2 MB
[runlim] sample:		426.6 time, 430.6 real, 2140.6 MB
[runlim] sample:		436.6 time, 440.6 real, 2189.3 MB
[runlim] sample:		446.6 time, 450.6 real, 2236.8 MB
[runlim] sample:		456.6 time, 460.6 real, 2237.6 MB
[runlim] sample:		466.6 time, 470.6 real, 2273.7 MB
[runlim] sample:		476.6 time, 480.6 real, 2321.9 MB
[runlim] sample:		486.6 time, 490.6 real, 2372.4 MB
[runlim] sample:		496.6 time, 500.6 real, 2419.9 MB
[runlim] sample:		506.6 time, 510.6 real, 2467.6 MB
[runlim] sample:		516.6 time, 520.6 real, 2515.5 MB
[runlim] sample:		526.6 time, 530.6 real, 2562.4 MB
[runlim] sample:		536.6 time, 540.6 real, 2624.7 MB
[runlim] sample:		546.6 time, 550.6 real, 2642.3 MB
[runlim] sample:		556.6 time, 560.6 real, 2667.8 MB
[runlim] sample:		566.6 time, 570.6 real, 2715.5 MB
[runlim] sample:		576.6 time, 580.6 real, 2773.2 MB
[runlim] sample:		586.6 time, 590.6 real, 2811.4 MB
[runlim] sample:		596.6 time, 600.6 real, 2856.5 MB
[runlim] sample:		606.6 time, 610.6 real, 2901.1 MB
[runlim] sample:		616.6 time, 620.6 real, 2946.2 MB
[runlim] sample:		626.6 time, 630.6 real, 2990.3 MB
[runlim] sample:		636.6 time, 640.6 real, 3035.2 MB
[runlim] sample:		646.6 time, 650.6 real, 3048.1 MB
[runlim] sample:		656.6 time, 660.6 real, 3048.6 MB
[runlim] sample:		666.6 time, 670.6 real, 3088.5 MB
[runlim] sample:		676.5 time, 680.6 real, 3134.9 MB
[runlim] sample:		686.5 time, 690.6 real, 3228.2 MB
[runlim] sample:		696.5 time, 700.6 real, 3274.6 MB
[runlim] sample:		706.5 time, 710.6 real, 3320.7 MB
[runlim] sample:		716.5 time, 720.6 real, 3367.1 MB
[runlim] sample:		726.5 time, 730.6 real, 3413.8 MB
[runlim] sample:		736.5 time, 740.6 real, 3460.4 MB
[runlim] sample:		746.5 time, 750.6 real, 3524.4 MB
[runlim] sample:		756.5 time, 760.6 real, 3528.8 MB
[runlim] sample:		766.5 time, 770.6 real, 3595.0 MB
[runlim] sample:		776.5 time, 780.6 real, 3640.9 MB
[runlim] sample:		786.5 time, 790.6 real, 3719.2 MB
[runlim] sample:		796.5 time, 800.6 real, 3768.7 MB
[runlim] sample:		806.5 time, 810.6 real, 3816.9 MB
[runlim] sample:		816.5 time, 820.6 real, 3865.6 MB
[runlim] sample:		826.5 time, 830.6 real, 3913.3 MB
[runlim] sample:		836.5 time, 840.6 real, 3960.8 MB
[runlim] sample:		846.5 time, 850.6 real, 3993.0 MB
[runlim] sample:		856.5 time, 860.6 real, 3993.0 MB
CVC4 interrupted by SIGTERM.
[runlim] end:			Sun Feb  3 12:33:16 2019
[runlim] status:		out of memory
[runlim] result:		3
[runlim] children:		0
[runlim] real:			869.65 seconds
[runlim] time:			865.54 seconds
[runlim] space:			4000.5 MB
[runlim] samples:		8690
