[runlim] version:		1.10fixed
[runlim] time limit:		1800 seconds
[runlim] real time limit:	311040000 seconds
[runlim] space limit:		4000 MB
[runlim] argv[0]:		./cvc4
[runlim] argv[1]:		--nl-ext-tplanes
[runlim] argv[2]:		--full-saturate-quant
[runlim] argv[3]:		--no-e-matching
[runlim] argv[4]:		/tmp/wXH4Pnkt.smt2
[runlim] start:			Fri Feb  8 21:40:39 2019
[runlim] main pid:		14572
[runlim] sample:		9.3 time, 10.9 real, 52.6 MB
[runlim] end:			Fri Feb  8 21:40:57 2019
[runlim] status:		ok
[runlim] result:		0
[runlim] children:		0
[runlim] real:			18.83 seconds
[runlim] time:			16.67 seconds
[runlim] space:			56.1 MB
[runlim] samples:		179
