[runlim] version:		1.10fixed
[runlim] time limit:		1800 seconds
[runlim] real time limit:	311040000 seconds
[runlim] space limit:		4000 MB
[runlim] argv[0]:		./cvc4
[runlim] argv[1]:		--nl-ext-tplanes
[runlim] argv[2]:		--full-saturate-quant
[runlim] argv[3]:		--no-e-matching
[runlim] argv[4]:		/tmp/4L3JPiwF.smt2
[runlim] start:			Sun Feb  3 00:21:13 2019
[runlim] main pid:		13285
[runlim] sample:		8.6 time, 10.2 real, 47.3 MB
[runlim] sample:		17.3 time, 20.2 real, 55.7 MB
[runlim] sample:		26.2 time, 30.2 real, 60.6 MB
[runlim] sample:		35.0 time, 40.2 real, 64.8 MB
[runlim] sample:		44.2 time, 50.2 real, 69.1 MB
[runlim] sample:		54.2 time, 60.2 real, 73.0 MB
[runlim] sample:		64.2 time, 70.2 real, 76.4 MB
[runlim] sample:		74.2 time, 80.2 real, 79.5 MB
[runlim] sample:		84.2 time, 90.2 real, 81.6 MB
[runlim] sample:		94.2 time, 100.2 real, 83.9 MB
[runlim] sample:		104.2 time, 110.2 real, 85.7 MB
[runlim] sample:		114.2 time, 120.2 real, 88.9 MB
[runlim] sample:		123.1 time, 130.2 real, 91.2 MB
[runlim] sample:		131.8 time, 140.2 real, 93.5 MB
[runlim] sample:		140.4 time, 150.2 real, 95.0 MB
[runlim] sample:		149.1 time, 160.2 real, 96.6 MB
[runlim] sample:		157.8 time, 170.2 real, 97.1 MB
[runlim] sample:		166.4 time, 180.2 real, 98.7 MB
[runlim] sample:		175.1 time, 190.2 real, 99.9 MB
[runlim] sample:		183.7 time, 200.2 real, 100.7 MB
[runlim] sample:		192.4 time, 210.2 real, 101.5 MB
[runlim] sample:		201.3 time, 220.2 real, 103.0 MB
[runlim] sample:		210.1 time, 230.2 real, 104.6 MB
[runlim] sample:		218.8 time, 240.2 real, 105.9 MB
[runlim] sample:		227.5 time, 250.2 real, 106.4 MB
[runlim] sample:		236.4 time, 260.2 real, 106.9 MB
[runlim] sample:		245.5 time, 270.2 real, 108.4 MB
[runlim] sample:		254.5 time, 280.2 real, 109.7 MB
[runlim] sample:		263.4 time, 290.2 real, 111.3 MB
[runlim] sample:		272.1 time, 300.2 real, 112.6 MB
[runlim] sample:		280.8 time, 310.2 real, 113.6 MB
[runlim] sample:		289.4 time, 320.2 real, 115.1 MB
[runlim] sample:		298.1 time, 330.2 real, 115.9 MB
[runlim] sample:		307.0 time, 340.2 real, 116.9 MB
[runlim] sample:		316.3 time, 350.2 real, 117.7 MB
[runlim] sample:		326.3 time, 360.2 real, 119.1 MB
[runlim] sample:		336.3 time, 370.2 real, 119.6 MB
[runlim] sample:		345.5 time, 380.2 real, 119.9 MB
[runlim] sample:		354.2 time, 390.2 real, 120.4 MB
[runlim] sample:		363.1 time, 400.2 real, 120.9 MB
[runlim] sample:		372.3 time, 410.2 real, 122.5 MB
[runlim] sample:		382.3 time, 420.2 real, 123.0 MB
[runlim] sample:		392.1 time, 430.2 real, 123.8 MB
[runlim] sample:		401.8 time, 440.2 real, 124.5 MB
[runlim] sample:		411.6 time, 450.2 real, 126.8 MB
[runlim] sample:		421.3 time, 460.2 real, 127.4 MB
[runlim] sample:		431.0 time, 470.2 real, 128.2 MB
[runlim] sample:		440.7 time, 480.2 real, 129.0 MB
[runlim] sample:		450.4 time, 490.2 real, 130.0 MB
[runlim] sample:		460.0 time, 500.2 real, 130.3 MB
[runlim] sample:		469.7 time, 510.2 real, 131.0 MB
[runlim] sample:		479.5 time, 520.2 real, 132.1 MB
[runlim] sample:		489.3 time, 530.2 real, 132.3 MB
[runlim] sample:		499.3 time, 540.2 real, 132.3 MB
[runlim] sample:		509.3 time, 550.2 real, 133.4 MB
[runlim] sample:		519.3 time, 560.2 real, 133.9 MB
[runlim] sample:		529.1 time, 570.2 real, 135.2 MB
[runlim] sample:		538.7 time, 580.2 real, 136.2 MB
[runlim] sample:		548.5 time, 590.2 real, 136.6 MB
[runlim] sample:		558.5 time, 600.2 real, 138.8 MB
[runlim] sample:		568.5 time, 610.2 real, 139.5 MB
[runlim] sample:		578.5 time, 620.2 real, 140.1 MB
[runlim] sample:		588.5 time, 630.2 real, 142.4 MB
[runlim] sample:		598.5 time, 640.2 real, 142.4 MB
[runlim] sample:		608.5 time, 650.2 real, 143.2 MB
[runlim] sample:		618.5 time, 660.2 real, 143.7 MB
[runlim] sample:		628.5 time, 670.2 real, 144.2 MB
[runlim] sample:		638.5 time, 680.2 real, 144.7 MB
[runlim] sample:		648.5 time, 690.2 real, 145.5 MB
[runlim] sample:		658.2 time, 700.2 real, 145.7 MB
[runlim] sample:		667.9 time, 710.2 real, 146.2 MB
[runlim] sample:		677.5 time, 720.2 real, 147.0 MB
[runlim] sample:		687.2 time, 730.2 real, 147.5 MB
[runlim] sample:		696.8 time, 740.2 real, 147.5 MB
[runlim] sample:		706.7 time, 750.2 real, 147.5 MB
[runlim] sample:		716.7 time, 760.2 real, 147.8 MB
[runlim] sample:		726.7 time, 770.2 real, 148.3 MB
[runlim] sample:		736.7 time, 780.2 real, 148.8 MB
[runlim] sample:		746.7 time, 790.2 real, 149.6 MB
[runlim] sample:		756.7 time, 800.2 real, 150.1 MB
[runlim] sample:		766.7 time, 810.2 real, 150.6 MB
[runlim] sample:		776.7 time, 820.2 real, 151.1 MB
[runlim] sample:		786.7 time, 830.2 real, 151.7 MB
[runlim] sample:		796.7 time, 840.2 real, 151.7 MB
[runlim] sample:		806.7 time, 850.2 real, 152.7 MB
[runlim] sample:		816.7 time, 860.2 real, 153.7 MB
[runlim] sample:		826.4 time, 870.2 real, 154.8 MB
[runlim] sample:		836.2 time, 880.2 real, 155.5 MB
[runlim] sample:		846.2 time, 890.2 real, 155.5 MB
[runlim] sample:		856.2 time, 900.2 real, 156.0 MB
[runlim] sample:		866.2 time, 910.2 real, 156.8 MB
[runlim] sample:		876.2 time, 920.2 real, 157.6 MB
[runlim] sample:		886.2 time, 930.2 real, 158.6 MB
[runlim] sample:		896.2 time, 940.2 real, 160.7 MB
[runlim] sample:		906.2 time, 950.2 real, 163.0 MB
[runlim] sample:		916.2 time, 960.2 real, 163.5 MB
[runlim] sample:		926.2 time, 970.2 real, 165.6 MB
[runlim] sample:		936.2 time, 980.2 real, 166.1 MB
[runlim] sample:		945.9 time, 990.2 real, 166.1 MB
[runlim] sample:		955.5 time, 1000.2 real, 166.1 MB
[runlim] sample:		965.0 time, 1010.2 real, 166.1 MB
[runlim] sample:		973.9 time, 1020.2 real, 166.1 MB
[runlim] sample:		983.6 time, 1030.2 real, 166.8 MB
[runlim] sample:		993.2 time, 1040.2 real, 167.6 MB
[runlim] sample:		1002.3 time, 1050.2 real, 168.1 MB
[runlim] sample:		1011.0 time, 1060.2 real, 168.4 MB
[runlim] sample:		1021.0 time, 1070.2 real, 168.6 MB
[runlim] sample:		1031.0 time, 1080.2 real, 169.4 MB
[runlim] sample:		1041.0 time, 1090.2 real, 169.4 MB
[runlim] sample:		1051.0 time, 1100.2 real, 170.2 MB
[runlim] sample:		1060.8 time, 1110.2 real, 170.7 MB
[runlim] sample:		1069.8 time, 1120.2 real, 171.2 MB
[runlim] sample:		1079.5 time, 1130.2 real, 171.7 MB
[runlim] sample:		1089.5 time, 1140.2 real, 172.5 MB
[runlim] sample:		1099.5 time, 1150.2 real, 172.8 MB
[runlim] sample:		1109.4 time, 1160.2 real, 173.0 MB
[runlim] sample:		1119.3 time, 1170.2 real, 173.5 MB
[runlim] sample:		1129.2 time, 1180.2 real, 174.1 MB
[runlim] sample:		1138.9 time, 1190.2 real, 174.3 MB
[runlim] sample:		1148.8 time, 1200.2 real, 174.6 MB
[runlim] sample:		1158.8 time, 1210.2 real, 175.1 MB
[runlim] sample:		1168.8 time, 1220.2 real, 175.6 MB
[runlim] sample:		1178.8 time, 1230.2 real, 175.9 MB
[runlim] sample:		1188.8 time, 1240.2 real, 176.4 MB
[runlim] sample:		1198.8 time, 1250.2 real, 176.6 MB
[runlim] sample:		1208.8 time, 1260.2 real, 177.4 MB
[runlim] sample:		1218.7 time, 1270.2 real, 177.9 MB
[runlim] sample:		1228.7 time, 1280.2 real, 178.2 MB
[runlim] sample:		1238.4 time, 1290.2 real, 178.7 MB
[runlim] sample:		1247.5 time, 1300.2 real, 179.0 MB
[runlim] sample:		1256.3 time, 1310.2 real, 179.0 MB
[runlim] sample:		1266.3 time, 1320.2 real, 179.2 MB
[runlim] sample:		1276.2 time, 1330.2 real, 179.5 MB
[runlim] sample:		1286.1 time, 1340.2 real, 179.5 MB
[runlim] sample:		1296.1 time, 1350.2 real, 179.5 MB
[runlim] sample:		1305.8 time, 1360.2 real, 179.5 MB
[runlim] sample:		1315.8 time, 1370.2 real, 179.5 MB
[runlim] sample:		1325.8 time, 1380.2 real, 179.5 MB
[runlim] sample:		1335.8 time, 1390.2 real, 180.2 MB
[runlim] sample:		1345.8 time, 1400.2 real, 181.0 MB
[runlim] sample:		1355.8 time, 1410.2 real, 181.3 MB
[runlim] sample:		1365.8 time, 1420.2 real, 181.5 MB
[runlim] sample:		1375.8 time, 1430.2 real, 181.5 MB
[runlim] sample:		1385.7 time, 1440.2 real, 181.5 MB
[runlim] sample:		1395.4 time, 1450.2 real, 181.5 MB
[runlim] sample:		1405.0 time, 1460.2 real, 182.3 MB
[runlim] sample:		1414.9 time, 1470.2 real, 183.1 MB
[runlim] sample:		1424.6 time, 1480.2 real, 183.3 MB
[runlim] sample:		1434.3 time, 1490.2 real, 183.6 MB
[runlim] sample:		1444.2 time, 1500.2 real, 184.6 MB
[runlim] sample:		1453.9 time, 1510.2 real, 184.6 MB
[runlim] sample:		1463.9 time, 1520.2 real, 184.9 MB
[runlim] sample:		1473.2 time, 1530.2 real, 185.1 MB
[runlim] sample:		1482.3 time, 1540.2 real, 185.7 MB
[runlim] sample:		1490.6 time, 1550.2 real, 186.2 MB
[runlim] sample:		1498.2 time, 1560.2 real, 186.4 MB
[runlim] sample:		1507.2 time, 1570.2 real, 186.4 MB
[runlim] sample:		1515.6 time, 1580.2 real, 186.7 MB
[runlim] sample:		1524.2 time, 1590.2 real, 187.2 MB
[runlim] sample:		1532.9 time, 1600.2 real, 187.5 MB
[runlim] sample:		1541.9 time, 1610.2 real, 187.5 MB
[runlim] sample:		1551.1 time, 1620.2 real, 188.0 MB
[runlim] sample:		1559.9 time, 1630.2 real, 188.5 MB
[runlim] sample:		1569.3 time, 1640.2 real, 189.0 MB
[runlim] sample:		1578.8 time, 1650.2 real, 189.0 MB
[runlim] sample:		1588.2 time, 1660.2 real, 189.8 MB
[runlim] sample:		1597.1 time, 1670.2 real, 190.0 MB
[runlim] sample:		1605.0 time, 1680.2 real, 190.3 MB
[runlim] sample:		1613.5 time, 1690.2 real, 190.5 MB
[runlim] sample:		1621.4 time, 1700.2 real, 191.1 MB
[runlim] sample:		1629.6 time, 1710.2 real, 191.3 MB
[runlim] sample:		1638.2 time, 1720.2 real, 191.8 MB
[runlim] sample:		1647.2 time, 1730.2 real, 191.8 MB
[runlim] sample:		1656.1 time, 1740.2 real, 191.8 MB
[runlim] sample:		1665.8 time, 1750.2 real, 192.3 MB
[runlim] sample:		1675.4 time, 1760.2 real, 192.6 MB
[runlim] sample:		1685.1 time, 1770.2 real, 193.4 MB
[runlim] sample:		1694.2 time, 1780.2 real, 193.4 MB
[runlim] sample:		1703.5 time, 1790.2 real, 193.9 MB
[runlim] sample:		1713.2 time, 1800.2 real, 194.2 MB
[runlim] sample:		1723.1 time, 1810.2 real, 194.9 MB
[runlim] sample:		1733.1 time, 1820.2 real, 194.9 MB
[runlim] sample:		1743.1 time, 1830.2 real, 195.7 MB
[runlim] sample:		1753.1 time, 1840.2 real, 196.0 MB
[runlim] sample:		1763.1 time, 1850.2 real, 196.7 MB
[runlim] sample:		1773.1 time, 1860.2 real, 196.7 MB
[runlim] sample:		1783.1 time, 1870.2 real, 196.7 MB
[runlim] sample:		1793.1 time, 1880.2 real, 196.7 MB
CVC4 interrupted by SIGTERM.
[runlim] end:			Sun Feb  3 00:52:40 2019
[runlim] status:		out of time
[runlim] result:		2
[runlim] children:		0
[runlim] real:			1887.20 seconds
[runlim] time:			1800.08 seconds
[runlim] space:			196.7 MB
[runlim] samples:		18870
