[runlim] version:		1.10fixed
[runlim] time limit:		300 seconds
[runlim] real time limit:	311040000 seconds
[runlim] space limit:		4000 MB
[runlim] argv[0]:		./cvc4
[runlim] argv[1]:		--nl-ext-tplanes
[runlim] argv[2]:		--full-saturate-quant
[runlim] argv[3]:		--no-e-matching
[runlim] argv[4]:		/tmp/Xx92yjaD.smt2
[runlim] start:			Mon Jan 28 16:26:53 2019
[runlim] main pid:		27006
[runlim] sample:		9.4 time, 10.7 real, 48.5 MB
[runlim] sample:		18.8 time, 20.7 real, 56.2 MB
[runlim] sample:		28.7 time, 30.7 real, 62.6 MB
[runlim] sample:		38.2 time, 40.7 real, 67.0 MB
[runlim] sample:		47.9 time, 50.7 real, 70.3 MB
[runlim] sample:		57.9 time, 60.7 real, 74.2 MB
[runlim] sample:		67.9 time, 70.7 real, 77.8 MB
[runlim] sample:		77.9 time, 80.7 real, 79.6 MB
[runlim] sample:		87.9 time, 90.7 real, 82.5 MB
[runlim] sample:		97.9 time, 100.7 real, 84.5 MB
[runlim] sample:		107.9 time, 110.7 real, 86.6 MB
[runlim] sample:		117.9 time, 120.7 real, 88.6 MB
[runlim] sample:		127.9 time, 130.7 real, 91.2 MB
[runlim] sample:		137.9 time, 140.7 real, 93.2 MB
[runlim] sample:		147.9 time, 150.7 real, 94.8 MB
[runlim] sample:		157.9 time, 160.7 real, 96.3 MB
[runlim] sample:		167.9 time, 170.7 real, 98.4 MB
[runlim] sample:		177.9 time, 180.7 real, 99.9 MB
[runlim] sample:		187.3 time, 190.7 real, 101.2 MB
[runlim] sample:		197.0 time, 200.7 real, 102.2 MB
[runlim] sample:		206.7 time, 210.7 real, 103.5 MB
[runlim] sample:		216.2 time, 220.7 real, 105.1 MB
[runlim] sample:		225.8 time, 230.7 real, 106.4 MB
[runlim] sample:		235.8 time, 240.7 real, 107.1 MB
[runlim] sample:		245.8 time, 250.7 real, 108.2 MB
[runlim] sample:		255.8 time, 260.7 real, 110.0 MB
[runlim] sample:		265.7 time, 270.7 real, 110.7 MB
[runlim] sample:		275.7 time, 280.7 real, 111.8 MB
[runlim] sample:		285.7 time, 290.7 real, 112.8 MB
[runlim] sample:		295.6 time, 300.7 real, 113.8 MB
CVC4 interrupted by SIGTERM.
[runlim] end:			Mon Jan 28 16:31:58 2019
[runlim] status:		out of time
[runlim] result:		2
[runlim] children:		0
[runlim] real:			305.20 seconds
[runlim] time:			300.01 seconds
[runlim] space:			114.1 MB
[runlim] samples:		3045
