[runlim] version:		1.10fixed
[runlim] time limit:		300 seconds
[runlim] real time limit:	311040000 seconds
[runlim] space limit:		4000 MB
[runlim] argv[0]:		./cvc4
[runlim] argv[1]:		--nl-ext-tplanes
[runlim] argv[2]:		--full-saturate-quant
[runlim] argv[3]:		--no-e-matching
[runlim] argv[4]:		/tmp/MUVssNxc.smt2
[runlim] start:			Tue Jan 29 13:55:47 2019
[runlim] main pid:		9050
[runlim] sample:		9.8 time, 10.7 real, 47.7 MB
[runlim] end:			Tue Jan 29 13:56:04 2019
[runlim] status:		ok
[runlim] result:		0
[runlim] children:		0
[runlim] real:			17.89 seconds
[runlim] time:			16.44 seconds
[runlim] space:			52.2 MB
[runlim] samples:		171
