[runlim] version:		1.10fixed
[runlim] time limit:		300 seconds
[runlim] real time limit:	311040000 seconds
[runlim] space limit:		4000 MB
[runlim] argv[0]:		./cvc4
[runlim] argv[1]:		--nl-ext-tplanes
[runlim] argv[2]:		--full-saturate-quant
[runlim] argv[3]:		--no-e-matching
[runlim] argv[4]:		/tmp/jZE80Vfk.smt2
[runlim] start:			Mon Jan 28 10:49:04 2019
[runlim] main pid:		460
[runlim] sample:		9.5 time, 10.8 real, 50.8 MB
[runlim] sample:		19.5 time, 20.8 real, 63.4 MB
[runlim] sample:		29.5 time, 30.8 real, 71.3 MB
[runlim] sample:		39.5 time, 40.8 real, 79.8 MB
[runlim] sample:		49.5 time, 50.8 real, 85.5 MB
[runlim] sample:		59.5 time, 60.8 real, 93.8 MB
[runlim] sample:		69.5 time, 70.8 real, 96.7 MB
[runlim] sample:		78.4 time, 80.8 real, 106.6 MB
[runlim] sample:		87.4 time, 90.8 real, 108.1 MB
[runlim] sample:		96.8 time, 100.8 real, 112.3 MB
[runlim] sample:		106.1 time, 110.8 real, 119.3 MB
[runlim] sample:		115.5 time, 120.8 real, 124.0 MB
[runlim] sample:		124.9 time, 130.8 real, 124.7 MB
[runlim] sample:		134.3 time, 140.8 real, 128.3 MB
[runlim] sample:		143.6 time, 150.8 real, 136.3 MB
[runlim] sample:		153.0 time, 160.8 real, 138.4 MB
[runlim] sample:		162.4 time, 170.8 real, 138.9 MB
[runlim] sample:		171.7 time, 180.8 real, 142.0 MB
[runlim] sample:		181.7 time, 190.8 real, 145.4 MB
[runlim] sample:		191.7 time, 200.8 real, 154.9 MB
[runlim] sample:		201.2 time, 210.8 real, 155.1 MB
[runlim] sample:		210.7 time, 220.8 real, 155.7 MB
[runlim] sample:		220.4 time, 230.8 real, 155.9 MB
[runlim] sample:		229.8 time, 240.8 real, 157.7 MB
[runlim] sample:		239.1 time, 250.8 real, 160.8 MB
[runlim] sample:		248.5 time, 260.8 real, 173.2 MB
[runlim] sample:		257.9 time, 270.8 real, 173.5 MB
[runlim] sample:		267.1 time, 280.8 real, 173.7 MB
[runlim] sample:		276.8 time, 290.8 real, 174.2 MB
[runlim] sample:		286.7 time, 300.8 real, 174.5 MB
[runlim] sample:		296.7 time, 310.8 real, 176.3 MB
CVC4 interrupted by SIGTERM.
[runlim] end:			Mon Jan 28 10:54:18 2019
[runlim] status:		out of time
[runlim] result:		2
[runlim] children:		0
[runlim] real:			314.12 seconds
[runlim] time:			300.01 seconds
[runlim] space:			176.8 MB
[runlim] samples:		3133
