[runlim] version:		1.10fixed
[runlim] time limit:		300 seconds
[runlim] real time limit:	311040000 seconds
[runlim] space limit:		4000 MB
[runlim] argv[0]:		./cvc4
[runlim] argv[1]:		--nl-ext-tplanes
[runlim] argv[2]:		--full-saturate-quant
[runlim] argv[3]:		--no-e-matching
[runlim] argv[4]:		/tmp/LVLPOfqT.smt2
[runlim] start:			Tue Jan 29 13:59:53 2019
[runlim] main pid:		13044
[runlim] sample:		8.1 time, 10.9 real, 41.8 MB
[runlim] sample:		17.9 time, 20.9 real, 46.2 MB
[runlim] sample:		27.6 time, 30.9 real, 47.4 MB
[runlim] sample:		37.2 time, 40.9 real, 56.7 MB
[runlim] sample:		47.0 time, 50.9 real, 70.4 MB
[runlim] sample:		57.0 time, 60.9 real, 70.6 MB
[runlim] sample:		67.0 time, 70.9 real, 70.9 MB
[runlim] sample:		77.0 time, 80.9 real, 70.9 MB
[runlim] sample:		87.0 time, 90.9 real, 71.6 MB
[runlim] sample:		97.0 time, 100.9 real, 71.6 MB
[runlim] sample:		106.8 time, 110.9 real, 71.6 MB
[runlim] sample:		115.7 time, 120.9 real, 71.6 MB
[runlim] sample:		125.7 time, 130.9 real, 71.6 MB
[runlim] sample:		135.7 time, 140.9 real, 71.6 MB
[runlim] sample:		144.5 time, 150.9 real, 71.6 MB
[runlim] sample:		154.0 time, 160.9 real, 71.6 MB
[runlim] sample:		163.3 time, 170.9 real, 71.9 MB
[runlim] sample:		171.9 time, 180.9 real, 71.9 MB
[runlim] sample:		181.8 time, 190.9 real, 72.2 MB
[runlim] sample:		191.8 time, 200.9 real, 72.4 MB
[runlim] sample:		201.8 time, 210.9 real, 72.7 MB
[runlim] sample:		211.8 time, 220.9 real, 72.9 MB
[runlim] sample:		221.8 time, 230.9 real, 72.9 MB
[runlim] sample:		231.8 time, 240.9 real, 73.2 MB
[runlim] sample:		241.8 time, 250.9 real, 73.4 MB
[runlim] sample:		251.8 time, 260.9 real, 73.7 MB
[runlim] sample:		261.1 time, 270.9 real, 74.0 MB
[runlim] sample:		269.7 time, 280.9 real, 74.0 MB
[runlim] sample:		279.7 time, 290.9 real, 74.2 MB
[runlim] sample:		289.7 time, 300.9 real, 74.5 MB
[runlim] sample:		299.7 time, 310.9 real, 75.2 MB
CVC4 interrupted by SIGTERM.
[runlim] end:			Tue Jan 29 14:05:04 2019
[runlim] status:		out of time
[runlim] result:		2
[runlim] children:		0
[runlim] real:			311.22 seconds
[runlim] time:			300.02 seconds
[runlim] space:			75.2 MB
[runlim] samples:		3103
