[runlim] version:		1.10fixed
[runlim] time limit:		300 seconds
[runlim] real time limit:	311040000 seconds
[runlim] space limit:		4000 MB
[runlim] argv[0]:		./cvc4
[runlim] argv[1]:		--nl-ext-tplanes
[runlim] argv[2]:		--full-saturate-quant
[runlim] argv[3]:		--no-e-matching
[runlim] argv[4]:		/tmp/WytO73xM.smt2
[runlim] start:			Mon Jan 28 16:28:51 2019
[runlim] main pid:		8500
[runlim] sample:		8.4 time, 10.9 real, 46.7 MB
[runlim] sample:		17.4 time, 20.9 real, 57.2 MB
[runlim] sample:		26.1 time, 30.9 real, 63.9 MB
[runlim] sample:		36.1 time, 40.9 real, 69.3 MB
[runlim] sample:		46.1 time, 50.9 real, 74.8 MB
[runlim] sample:		56.1 time, 60.9 real, 78.2 MB
[runlim] sample:		66.1 time, 70.9 real, 80.5 MB
[runlim] sample:		75.8 time, 80.9 real, 83.3 MB
[runlim] sample:		85.8 time, 90.9 real, 88.2 MB
[runlim] sample:		95.8 time, 100.9 real, 90.5 MB
[runlim] sample:		105.8 time, 110.9 real, 90.8 MB
[runlim] sample:		115.8 time, 120.9 real, 93.0 MB
[runlim] sample:		125.8 time, 130.9 real, 97.1 MB
[runlim] sample:		135.8 time, 140.9 real, 97.6 MB
[runlim] sample:		145.8 time, 150.9 real, 98.9 MB
[runlim] sample:		155.8 time, 160.9 real, 101.5 MB
[runlim] sample:		165.8 time, 170.9 real, 103.3 MB
[runlim] sample:		175.8 time, 180.9 real, 104.3 MB
[runlim] sample:		185.8 time, 190.9 real, 105.8 MB
[runlim] sample:		195.8 time, 200.9 real, 107.6 MB
[runlim] sample:		205.8 time, 210.9 real, 109.4 MB
[runlim] sample:		215.8 time, 220.9 real, 110.7 MB
[runlim] sample:		225.8 time, 230.9 real, 111.8 MB
[runlim] sample:		235.8 time, 240.9 real, 113.8 MB
[runlim] sample:		245.8 time, 250.9 real, 115.1 MB
[runlim] sample:		255.8 time, 260.9 real, 116.9 MB
[runlim] sample:		265.8 time, 270.9 real, 118.2 MB
[runlim] sample:		275.8 time, 280.9 real, 119.0 MB
[runlim] sample:		285.8 time, 290.9 real, 121.0 MB
[runlim] sample:		295.8 time, 300.9 real, 121.8 MB
CVC4 interrupted by SIGTERM.
[runlim] end:			Mon Jan 28 16:33:56 2019
[runlim] status:		out of time
[runlim] result:		2
[runlim] children:		0
[runlim] real:			305.10 seconds
[runlim] time:			300.02 seconds
[runlim] space:			122.1 MB
[runlim] samples:		3042
