[runlim] version:		1.10fixed
[runlim] time limit:		300 seconds
[runlim] real time limit:	311040000 seconds
[runlim] space limit:		4000 MB
[runlim] argv[0]:		./cvc4
[runlim] argv[1]:		--nl-ext-tplanes
[runlim] argv[2]:		--full-saturate-quant
[runlim] argv[3]:		--no-e-matching
[runlim] argv[4]:		/tmp/B03PWDYD.smt2
[runlim] start:			Mon Jan 28 15:59:56 2019
[runlim] main pid:		17794
[runlim] sample:		8.1 time, 10.5 real, 49.8 MB
[runlim] sample:		16.7 time, 20.5 real, 62.6 MB
[runlim] sample:		26.7 time, 30.5 real, 70.8 MB
[runlim] sample:		36.7 time, 40.5 real, 73.6 MB
[runlim] sample:		46.7 time, 50.5 real, 83.0 MB
[runlim] sample:		56.7 time, 60.5 real, 88.7 MB
[runlim] sample:		65.4 time, 70.5 real, 91.0 MB
[runlim] sample:		74.2 time, 80.5 real, 93.0 MB
[runlim] sample:		83.2 time, 90.5 real, 95.3 MB
[runlim] sample:		91.6 time, 100.5 real, 97.4 MB
[runlim] sample:		100.4 time, 110.5 real, 99.9 MB
[runlim] sample:		110.1 time, 120.5 real, 104.0 MB
[runlim] sample:		119.8 time, 130.5 real, 106.3 MB
[runlim] sample:		129.6 time, 140.5 real, 107.4 MB
[runlim] sample:		139.6 time, 150.5 real, 107.6 MB
[runlim] sample:		149.6 time, 160.5 real, 108.7 MB
[runlim] sample:		159.6 time, 170.5 real, 108.9 MB
[runlim] sample:		169.6 time, 180.5 real, 109.9 MB
[runlim] sample:		179.6 time, 190.5 real, 110.4 MB
[runlim] sample:		188.7 time, 200.5 real, 110.7 MB
[runlim] sample:		197.4 time, 210.5 real, 111.2 MB
[runlim] sample:		207.4 time, 220.5 real, 112.9 MB
[runlim] sample:		217.4 time, 230.5 real, 113.2 MB
[runlim] sample:		227.4 time, 240.5 real, 113.4 MB
[runlim] sample:		237.1 time, 250.5 real, 113.6 MB
[runlim] sample:		245.9 time, 260.5 real, 113.6 MB
[runlim] sample:		255.6 time, 270.5 real, 114.1 MB
[runlim] sample:		264.5 time, 280.5 real, 114.3 MB
[runlim] sample:		273.8 time, 290.5 real, 114.8 MB
[runlim] sample:		282.5 time, 300.5 real, 114.8 MB
[runlim] sample:		291.1 time, 310.5 real, 115.3 MB
[runlim] end:			Mon Jan 28 16:05:13 2019
[runlim] status:		signal(9)
[runlim] result:		11
[runlim] children:		0
[runlim] real:			317.46 seconds
[runlim] time:			297.48 seconds
[runlim] space:			115.6 MB
[runlim] samples:		3169
