[runlim] version:		1.10fixed
[runlim] time limit:		300 seconds
[runlim] real time limit:	311040000 seconds
[runlim] space limit:		4000 MB
[runlim] argv[0]:		./cvc4
[runlim] argv[1]:		--nl-ext-tplanes
[runlim] argv[2]:		--full-saturate-quant
[runlim] argv[3]:		--no-e-matching
[runlim] argv[4]:		/tmp/YKpmwEPH.smt2
[runlim] start:			Tue Jan 29 13:53:23 2019
[runlim] main pid:		13716
[runlim] sample:		7.8 time, 10.4 real, 41.5 MB
[runlim] sample:		16.4 time, 20.4 real, 50.6 MB
[runlim] sample:		25.9 time, 30.4 real, 57.4 MB
[runlim] sample:		33.9 time, 40.4 real, 61.8 MB
[runlim] sample:		42.8 time, 50.4 real, 65.2 MB
[runlim] sample:		51.7 time, 60.4 real, 68.8 MB
[runlim] sample:		60.0 time, 70.4 real, 72.1 MB
[runlim] sample:		69.2 time, 80.4 real, 75.2 MB
[runlim] sample:		78.4 time, 90.4 real, 79.0 MB
[runlim] sample:		87.7 time, 100.4 real, 82.1 MB
[runlim] sample:		97.0 time, 110.4 real, 84.7 MB
[runlim] sample:		106.3 time, 120.4 real, 87.5 MB
[runlim] sample:		115.7 time, 130.4 real, 89.1 MB
[runlim] sample:		125.6 time, 140.4 real, 91.9 MB
[runlim] sample:		135.6 time, 150.4 real, 94.5 MB
[runlim] sample:		145.6 time, 160.4 real, 97.1 MB
[runlim] sample:		155.6 time, 170.4 real, 98.9 MB
[runlim] sample:		165.6 time, 180.4 real, 100.4 MB
[runlim] sample:		175.6 time, 190.4 real, 102.8 MB
[runlim] sample:		185.6 time, 200.4 real, 104.8 MB
[runlim] sample:		195.6 time, 210.4 real, 106.4 MB
[runlim] sample:		205.6 time, 220.4 real, 107.9 MB
[runlim] sample:		215.5 time, 230.4 real, 109.7 MB
[runlim] sample:		225.6 time, 240.4 real, 111.0 MB
[runlim] sample:		235.6 time, 250.4 real, 112.3 MB
[runlim] sample:		245.6 time, 260.4 real, 113.6 MB
[runlim] sample:		255.6 time, 270.4 real, 115.4 MB
[runlim] sample:		265.5 time, 280.4 real, 116.9 MB
[runlim] sample:		275.5 time, 290.4 real, 118.2 MB
[runlim] sample:		285.5 time, 300.4 real, 120.3 MB
[runlim] sample:		295.5 time, 310.4 real, 121.0 MB
CVC4 interrupted by SIGTERM.
[runlim] end:			Tue Jan 29 13:58:37 2019
[runlim] status:		out of time
[runlim] result:		2
[runlim] children:		0
[runlim] real:			314.94 seconds
[runlim] time:			300.03 seconds
[runlim] space:			121.3 MB
[runlim] samples:		3145
