[runlim] version:		1.10fixed
[runlim] time limit:		300 seconds
[runlim] real time limit:	311040000 seconds
[runlim] space limit:		4000 MB
[runlim] argv[0]:		./cvc4
[runlim] argv[1]:		--nl-ext-tplanes
[runlim] argv[2]:		--full-saturate-quant
[runlim] argv[3]:		--no-e-matching
[runlim] argv[4]:		/tmp/KxubsNdg.smt2
[runlim] start:			Mon Jan 28 16:19:01 2019
[runlim] main pid:		31909
[runlim] sample:		9.8 time, 10.8 real, 45.1 MB
[runlim] sample:		19.7 time, 20.8 real, 57.7 MB
[runlim] sample:		29.7 time, 30.8 real, 62.4 MB
[runlim] sample:		39.0 time, 40.8 real, 66.2 MB
[runlim] sample:		48.8 time, 50.8 real, 71.6 MB
[runlim] sample:		58.7 time, 60.8 real, 85.8 MB
[runlim] sample:		68.7 time, 70.8 real, 89.4 MB
[runlim] sample:		78.4 time, 80.8 real, 89.7 MB
[runlim] sample:		88.4 time, 90.8 real, 89.9 MB
[runlim] sample:		98.4 time, 100.8 real, 93.1 MB
[runlim] sample:		108.4 time, 110.8 real, 96.9 MB
[runlim] sample:		118.4 time, 120.8 real, 99.5 MB
[runlim] sample:		128.4 time, 130.8 real, 103.9 MB
[runlim] sample:		138.4 time, 140.8 real, 107.2 MB
[runlim] sample:		147.7 time, 150.8 real, 110.1 MB
[runlim] sample:		157.7 time, 160.8 real, 111.1 MB
[runlim] sample:		167.7 time, 170.8 real, 114.5 MB
[runlim] sample:		177.6 time, 180.8 real, 116.8 MB
[runlim] sample:		187.3 time, 190.8 real, 160.6 MB
[runlim] sample:		196.9 time, 200.8 real, 160.6 MB
[runlim] sample:		206.6 time, 210.8 real, 160.9 MB
[runlim] sample:		214.9 time, 220.8 real, 160.9 MB
[runlim] sample:		224.8 time, 230.8 real, 162.7 MB
[runlim] sample:		234.7 time, 240.8 real, 164.5 MB
[runlim] sample:		244.7 time, 250.8 real, 164.5 MB
[runlim] sample:		254.7 time, 260.8 real, 169.1 MB
[runlim] sample:		264.7 time, 270.8 real, 169.1 MB
[runlim] sample:		274.3 time, 280.8 real, 169.4 MB
[runlim] sample:		283.3 time, 290.8 real, 170.1 MB
[runlim] sample:		292.3 time, 300.8 real, 170.6 MB
CVC4 interrupted by SIGTERM.
[runlim] end:			Mon Jan 28 16:24:10 2019
[runlim] status:		out of time
[runlim] result:		2
[runlim] children:		0
[runlim] real:			309.08 seconds
[runlim] time:			300.08 seconds
[runlim] space:			174.5 MB
[runlim] samples:		3083
