[runlim] version:		1.10fixed
[runlim] time limit:		1800 seconds
[runlim] real time limit:	311040000 seconds
[runlim] space limit:		4000 MB
[runlim] argv[0]:		./cvc4
[runlim] argv[1]:		--nl-ext-tplanes
[runlim] argv[2]:		--full-saturate-quant
[runlim] argv[3]:		--no-e-matching
[runlim] argv[4]:		/tmp/hsF19mYj.smt2
[runlim] start:			Sat Feb  9 20:28:24 2019
[runlim] main pid:		24209
[runlim] sample:		9.3 time, 10.6 real, 48.0 MB
[runlim] sample:		18.7 time, 20.6 real, 59.4 MB
[runlim] sample:		28.4 time, 30.6 real, 65.9 MB
[runlim] sample:		38.1 time, 40.6 real, 72.2 MB
[runlim] sample:		47.9 time, 50.6 real, 76.6 MB
[runlim] sample:		57.9 time, 60.6 real, 81.7 MB
[runlim] sample:		66.0 time, 70.6 real, 86.8 MB
[runlim] sample:		75.3 time, 80.6 real, 88.6 MB
[runlim] sample:		85.2 time, 90.6 real, 91.7 MB
[runlim] sample:		95.2 time, 100.6 real, 95.3 MB
[runlim] sample:		105.2 time, 110.6 real, 98.2 MB
[runlim] sample:		115.2 time, 120.6 real, 100.8 MB
[runlim] sample:		125.2 time, 130.6 real, 103.3 MB
[runlim] sample:		134.9 time, 140.6 real, 106.4 MB
[runlim] sample:		143.9 time, 150.6 real, 108.5 MB
[runlim] sample:		153.6 time, 160.6 real, 110.8 MB
[runlim] sample:		162.3 time, 170.6 real, 112.1 MB
[runlim] sample:		171.8 time, 180.6 real, 115.8 MB
[runlim] sample:		180.6 time, 190.6 real, 117.8 MB
[runlim] sample:		189.6 time, 200.6 real, 119.6 MB
[runlim] sample:		198.2 time, 210.6 real, 120.7 MB
[runlim] sample:		207.5 time, 220.6 real, 123.2 MB
[runlim] sample:		217.5 time, 230.6 real, 124.5 MB
[runlim] sample:		227.5 time, 240.6 real, 126.9 MB
[runlim] sample:		237.5 time, 250.6 real, 128.7 MB
[runlim] sample:		247.5 time, 260.6 real, 132.6 MB
[runlim] sample:		257.5 time, 270.6 real, 134.9 MB
[runlim] sample:		266.6 time, 280.6 real, 136.0 MB
[runlim] sample:		275.4 time, 290.6 real, 138.6 MB
[runlim] sample:		284.2 time, 300.6 real, 139.8 MB
[runlim] sample:		293.6 time, 310.6 real, 140.9 MB
[runlim] sample:		303.5 time, 320.6 real, 145.0 MB
[runlim] sample:		313.5 time, 330.6 real, 145.2 MB
[runlim] sample:		323.5 time, 340.6 real, 146.0 MB
[runlim] sample:		333.5 time, 350.6 real, 148.3 MB
[runlim] sample:		343.5 time, 360.6 real, 149.6 MB
[runlim] sample:		353.5 time, 370.6 real, 151.0 MB
[runlim] sample:		363.5 time, 380.6 real, 154.4 MB
[runlim] sample:		373.5 time, 390.6 real, 156.4 MB
[runlim] sample:		383.5 time, 400.6 real, 158.8 MB
[runlim] sample:		393.5 time, 410.6 real, 159.0 MB
[runlim] sample:		402.8 time, 420.6 real, 160.1 MB
[runlim] sample:		412.8 time, 430.6 real, 161.3 MB
[runlim] sample:		422.8 time, 440.6 real, 164.2 MB
[runlim] sample:		432.8 time, 450.6 real, 165.2 MB
[runlim] sample:		442.8 time, 460.6 real, 166.2 MB
[runlim] sample:		452.8 time, 470.6 real, 166.5 MB
[runlim] sample:		462.8 time, 480.6 real, 166.5 MB
[runlim] sample:		472.8 time, 490.6 real, 167.3 MB
[runlim] sample:		482.8 time, 500.6 real, 168.6 MB
[runlim] sample:		492.1 time, 510.6 real, 169.8 MB
[runlim] sample:		502.0 time, 520.6 real, 170.9 MB
[runlim] sample:		512.0 time, 530.6 real, 174.0 MB
[runlim] sample:		522.0 time, 540.6 real, 174.2 MB
[runlim] sample:		532.0 time, 550.6 real, 174.5 MB
[runlim] sample:		541.3 time, 560.6 real, 174.7 MB
[runlim] sample:		550.0 time, 570.6 real, 175.8 MB
[runlim] sample:		558.7 time, 580.6 real, 176.3 MB
[runlim] sample:		567.6 time, 590.6 real, 177.3 MB
[runlim] sample:		576.2 time, 600.6 real, 179.4 MB
[runlim] sample:		585.7 time, 610.6 real, 179.9 MB
[runlim] sample:		595.4 time, 620.6 real, 181.2 MB
[runlim] sample:		605.0 time, 630.6 real, 181.6 MB
[runlim] sample:		614.7 time, 640.6 real, 183.0 MB
[runlim] sample:		624.4 time, 650.6 real, 183.8 MB
[runlim] sample:		634.0 time, 660.6 real, 184.8 MB
[runlim] sample:		643.7 time, 670.6 real, 187.4 MB
[runlim] sample:		653.6 time, 680.6 real, 187.9 MB
[runlim] sample:		663.6 time, 690.6 real, 188.2 MB
[runlim] sample:		673.6 time, 700.6 real, 188.4 MB
[runlim] sample:		683.6 time, 710.6 real, 189.4 MB
[runlim] sample:		693.6 time, 720.6 real, 190.2 MB
[runlim] sample:		703.6 time, 730.6 real, 190.5 MB
[runlim] sample:		713.6 time, 740.6 real, 191.8 MB
[runlim] sample:		723.6 time, 750.6 real, 192.3 MB
[runlim] sample:		733.5 time, 760.6 real, 192.8 MB
[runlim] sample:		743.5 time, 770.6 real, 194.1 MB
[runlim] sample:		753.5 time, 780.6 real, 194.6 MB
[runlim] sample:		763.5 time, 790.6 real, 195.4 MB
[runlim] sample:		773.5 time, 800.6 real, 196.7 MB
[runlim] sample:		783.5 time, 810.6 real, 197.7 MB
[runlim] sample:		793.3 time, 820.6 real, 198.7 MB
[runlim] sample:		802.7 time, 830.6 real, 200.0 MB
[runlim] sample:		811.5 time, 840.6 real, 202.1 MB
[runlim] sample:		820.3 time, 850.6 real, 202.1 MB
[runlim] sample:		829.0 time, 860.6 real, 202.3 MB
[runlim] sample:		837.6 time, 870.6 real, 205.2 MB
[runlim] sample:		846.5 time, 880.6 real, 205.7 MB
[runlim] sample:		855.4 time, 890.6 real, 206.7 MB
[runlim] sample:		864.1 time, 900.6 real, 207.2 MB
[runlim] sample:		873.9 time, 910.6 real, 208.2 MB
[runlim] sample:		883.9 time, 920.6 real, 209.3 MB
[runlim] sample:		893.9 time, 930.6 real, 209.8 MB
[runlim] sample:		903.9 time, 940.6 real, 211.6 MB
[runlim] sample:		913.9 time, 950.6 real, 211.9 MB
[runlim] sample:		923.9 time, 960.6 real, 212.6 MB
[runlim] sample:		933.9 time, 970.6 real, 213.1 MB
[runlim] sample:		943.9 time, 980.6 real, 214.4 MB
[runlim] sample:		953.9 time, 990.6 real, 215.2 MB
[runlim] sample:		963.9 time, 1000.6 real, 216.2 MB
[runlim] sample:		973.9 time, 1010.6 real, 216.5 MB
[runlim] sample:		983.8 time, 1020.6 real, 217.3 MB
[runlim] sample:		993.8 time, 1030.6 real, 218.3 MB
[runlim] sample:		1003.5 time, 1040.6 real, 218.6 MB
[runlim] sample:		1012.6 time, 1050.6 real, 220.1 MB
[runlim] sample:		1022.0 time, 1060.6 real, 220.4 MB
[runlim] sample:		1031.3 time, 1070.6 real, 220.6 MB
[runlim] sample:		1040.6 time, 1080.6 real, 221.9 MB
[runlim] sample:		1049.9 time, 1090.6 real, 223.8 MB
[runlim] sample:		1059.3 time, 1100.6 real, 224.9 MB
[runlim] sample:		1068.6 time, 1110.6 real, 225.4 MB
[runlim] sample:		1078.4 time, 1120.6 real, 226.2 MB
[runlim] sample:		1087.2 time, 1130.6 real, 226.2 MB
[runlim] sample:		1097.1 time, 1140.6 real, 226.9 MB
[runlim] sample:		1107.1 time, 1150.6 real, 228.0 MB
[runlim] sample:		1117.1 time, 1160.6 real, 228.2 MB
[runlim] sample:		1127.0 time, 1170.6 real, 232.6 MB
[runlim] sample:		1135.9 time, 1180.6 real, 232.9 MB
[runlim] sample:		1145.5 time, 1190.6 real, 232.9 MB
[runlim] sample:		1155.4 time, 1200.6 real, 233.1 MB
[runlim] sample:		1165.4 time, 1210.6 real, 233.4 MB
[runlim] sample:		1175.4 time, 1220.6 real, 233.6 MB
[runlim] sample:		1185.4 time, 1230.6 real, 235.1 MB
[runlim] sample:		1195.4 time, 1240.6 real, 235.6 MB
[runlim] sample:		1205.4 time, 1250.6 real, 235.8 MB
[runlim] sample:		1215.4 time, 1260.6 real, 236.1 MB
[runlim] sample:		1224.7 time, 1270.6 real, 236.1 MB
[runlim] sample:		1234.7 time, 1280.6 real, 237.4 MB
[runlim] sample:		1244.0 time, 1290.6 real, 238.4 MB
[runlim] sample:		1253.3 time, 1300.6 real, 238.7 MB
[runlim] sample:		1262.6 time, 1310.6 real, 238.7 MB
[runlim] sample:		1272.6 time, 1320.6 real, 244.4 MB
[runlim] sample:		1282.6 time, 1330.6 real, 244.4 MB
[runlim] sample:		1292.3 time, 1340.6 real, 244.7 MB
[runlim] sample:		1301.5 time, 1350.6 real, 245.0 MB
[runlim] sample:		1310.2 time, 1360.6 real, 246.5 MB
[runlim] sample:		1319.2 time, 1370.6 real, 247.5 MB
[runlim] sample:		1329.2 time, 1380.6 real, 247.5 MB
[runlim] sample:		1338.9 time, 1390.6 real, 247.8 MB
[runlim] sample:		1348.2 time, 1400.6 real, 248.3 MB
[runlim] sample:		1358.2 time, 1410.6 real, 249.9 MB
[runlim] sample:		1367.9 time, 1420.6 real, 250.6 MB
[runlim] sample:		1376.7 time, 1430.6 real, 251.4 MB
[runlim] sample:		1386.1 time, 1440.6 real, 252.2 MB
[runlim] sample:		1395.7 time, 1450.6 real, 252.7 MB
[runlim] sample:		1405.7 time, 1460.6 real, 254.5 MB
[runlim] sample:		1414.9 time, 1470.6 real, 254.5 MB
[runlim] sample:		1423.9 time, 1480.6 real, 255.5 MB
[runlim] sample:		1432.6 time, 1490.6 real, 255.5 MB
[runlim] sample:		1441.9 time, 1500.6 real, 256.8 MB
[runlim] sample:		1450.8 time, 1510.6 real, 257.1 MB
[runlim] sample:		1460.6 time, 1520.6 real, 258.1 MB
[runlim] sample:		1468.6 time, 1530.6 real, 259.1 MB
[runlim] sample:		1477.1 time, 1540.6 real, 259.1 MB
[runlim] sample:		1486.4 time, 1550.6 real, 259.6 MB
[runlim] sample:		1495.0 time, 1560.6 real, 259.9 MB
[runlim] sample:		1503.7 time, 1570.6 real, 260.2 MB
[runlim] sample:		1512.8 time, 1580.6 real, 260.7 MB
[runlim] sample:		1520.8 time, 1590.6 real, 260.9 MB
[runlim] sample:		1528.9 time, 1600.6 real, 262.0 MB
[runlim] sample:		1537.6 time, 1610.6 real, 263.0 MB
[runlim] sample:		1546.2 time, 1620.6 real, 263.2 MB
[runlim] sample:		1555.6 time, 1630.6 real, 263.2 MB
[runlim] sample:		1564.8 time, 1640.6 real, 263.5 MB
[runlim] sample:		1573.9 time, 1650.6 real, 264.0 MB
[runlim] sample:		1583.3 time, 1660.6 real, 264.8 MB
[runlim] sample:		1592.6 time, 1670.6 real, 265.3 MB
[runlim] sample:		1602.0 time, 1680.6 real, 265.8 MB
[runlim] sample:		1611.7 time, 1690.6 real, 266.6 MB
[runlim] sample:		1620.9 time, 1700.6 real, 267.1 MB
[runlim] sample:		1629.4 time, 1710.6 real, 267.6 MB
[runlim] sample:		1637.6 time, 1720.6 real, 268.4 MB
[runlim] sample:		1646.5 time, 1730.6 real, 269.4 MB
[runlim] sample:		1655.3 time, 1740.6 real, 270.0 MB
[runlim] sample:		1664.9 time, 1750.6 real, 270.5 MB
[runlim] sample:		1674.5 time, 1760.6 real, 271.0 MB
[runlim] sample:		1684.5 time, 1770.6 real, 272.0 MB
[runlim] sample:		1694.5 time, 1780.6 real, 272.0 MB
[runlim] sample:		1704.2 time, 1790.6 real, 273.6 MB
[runlim] sample:		1713.9 time, 1800.6 real, 273.8 MB
[runlim] sample:		1723.6 time, 1810.6 real, 273.8 MB
[runlim] sample:		1733.4 time, 1820.6 real, 274.1 MB
[runlim] sample:		1743.3 time, 1830.6 real, 274.6 MB
[runlim] sample:		1752.9 time, 1840.6 real, 275.6 MB
[runlim] sample:		1762.2 time, 1850.6 real, 276.4 MB
[runlim] sample:		1771.6 time, 1860.6 real, 277.2 MB
[runlim] sample:		1780.9 time, 1870.6 real, 277.2 MB
[runlim] sample:		1790.4 time, 1880.6 real, 279.5 MB
[runlim] sample:		1799.7 time, 1890.6 real, 280.0 MB
CVC4 interrupted by SIGTERM.
[runlim] end:			Sat Feb  9 20:59:55 2019
[runlim] status:		out of time
[runlim] result:		2
[runlim] children:		0
[runlim] real:			1891.05 seconds
[runlim] time:			1800.08 seconds
[runlim] space:			280.0 MB
[runlim] samples:		18904
