[runlim] version:		1.10fixed
[runlim] time limit:		300 seconds
[runlim] real time limit:	311040000 seconds
[runlim] space limit:		4000 MB
[runlim] argv[0]:		./cvc4
[runlim] argv[1]:		--nl-ext-tplanes
[runlim] argv[2]:		--full-saturate-quant
[runlim] argv[3]:		--no-e-matching
[runlim] argv[4]:		/tmp/Nhfnjqtl.smt2
[runlim] start:			Tue Jan 29 13:52:58 2019
[runlim] main pid:		6732
[runlim] sample:		7.7 time, 11.0 real, 42.1 MB
[runlim] end:			Tue Jan 29 13:53:09 2019
[runlim] status:		ok
[runlim] result:		0
[runlim] children:		0
[runlim] real:			11.98 seconds
[runlim] time:			8.43 seconds
[runlim] space:			42.6 MB
[runlim] samples:		110
