[runlim] version:		1.10fixed
[runlim] time limit:		300 seconds
[runlim] real time limit:	311040000 seconds
[runlim] space limit:		4000 MB
[runlim] argv[0]:		./cvc4
[runlim] argv[1]:		--nl-ext-tplanes
[runlim] argv[2]:		--full-saturate-quant
[runlim] argv[3]:		--no-e-matching
[runlim] argv[4]:		/tmp/wDx9XS46.smt2
[runlim] start:			Tue Jan 29 13:53:45 2019
[runlim] main pid:		10924
[runlim] sample:		7.7 time, 10.5 real, 43.4 MB
[runlim] sample:		17.1 time, 20.5 real, 53.5 MB
[runlim] sample:		27.1 time, 30.5 real, 61.5 MB
[runlim] sample:		37.1 time, 40.5 real, 68.5 MB
[runlim] sample:		47.1 time, 50.5 real, 73.9 MB
[runlim] sample:		57.1 time, 60.5 real, 80.0 MB
[runlim] sample:		67.1 time, 70.5 real, 84.6 MB
[runlim] sample:		77.1 time, 80.5 real, 87.4 MB
[runlim] sample:		87.1 time, 90.5 real, 92.9 MB
[runlim] sample:		96.6 time, 100.5 real, 96.0 MB
[runlim] sample:		105.2 time, 110.5 real, 97.8 MB
[runlim] sample:		113.8 time, 120.5 real, 102.1 MB
[runlim] sample:		122.5 time, 130.5 real, 103.2 MB
[runlim] sample:		131.1 time, 140.5 real, 106.0 MB
[runlim] sample:		140.5 time, 150.5 real, 107.8 MB
[runlim] sample:		150.5 time, 160.5 real, 113.4 MB
[runlim] sample:		160.5 time, 170.5 real, 114.9 MB
[runlim] sample:		170.5 time, 180.5 real, 116.0 MB
[runlim] sample:		180.5 time, 190.5 real, 117.0 MB
[runlim] sample:		190.1 time, 200.5 real, 120.4 MB
[runlim] sample:		199.8 time, 210.5 real, 125.3 MB
[runlim] sample:		209.4 time, 220.5 real, 126.0 MB
[runlim] sample:		219.1 time, 230.5 real, 127.6 MB
[runlim] sample:		229.1 time, 240.5 real, 129.9 MB
[runlim] sample:		239.1 time, 250.5 real, 133.0 MB
[runlim] sample:		249.1 time, 260.5 real, 134.3 MB
[runlim] sample:		259.1 time, 270.5 real, 136.1 MB
[runlim] sample:		269.1 time, 280.5 real, 140.6 MB
[runlim] sample:		278.8 time, 290.5 real, 142.9 MB
[runlim] sample:		288.5 time, 300.5 real, 144.2 MB
[runlim] sample:		298.4 time, 310.5 real, 145.7 MB
CVC4 interrupted by SIGTERM.
[runlim] end:			Tue Jan 29 13:58:57 2019
[runlim] status:		out of time
[runlim] result:		2
[runlim] children:		0
[runlim] real:			312.19 seconds
[runlim] time:			300.05 seconds
[runlim] space:			145.7 MB
[runlim] samples:		3117
