[runlim] version:		1.10fixed
[runlim] time limit:		300 seconds
[runlim] real time limit:	311040000 seconds
[runlim] space limit:		4000 MB
[runlim] argv[0]:		./cvc4
[runlim] argv[1]:		--nl-ext-tplanes
[runlim] argv[2]:		--full-saturate-quant
[runlim] argv[3]:		--no-e-matching
[runlim] argv[4]:		/tmp/pf8RbU1j.smt2
[runlim] start:			Mon Jan 28 16:19:54 2019
[runlim] main pid:		17676
[runlim] sample:		8.4 time, 10.7 real, 39.7 MB
[runlim] sample:		16.8 time, 20.7 real, 47.3 MB
[runlim] sample:		26.2 time, 30.7 real, 58.6 MB
[runlim] sample:		36.2 time, 40.7 real, 63.7 MB
[runlim] sample:		46.1 time, 50.7 real, 69.2 MB
[runlim] sample:		56.0 time, 60.7 real, 74.4 MB
[runlim] sample:		65.7 time, 70.7 real, 89.8 MB
[runlim] sample:		75.6 time, 80.7 real, 89.8 MB
[runlim] sample:		85.6 time, 90.7 real, 91.3 MB
[runlim] sample:		95.6 time, 100.7 real, 97.0 MB
[runlim] sample:		105.6 time, 110.7 real, 97.3 MB
[runlim] sample:		115.6 time, 120.7 real, 99.6 MB
[runlim] sample:		125.6 time, 130.7 real, 101.7 MB
[runlim] sample:		135.6 time, 140.7 real, 101.7 MB
[runlim] sample:		145.6 time, 150.7 real, 108.4 MB
[runlim] sample:		155.6 time, 160.7 real, 113.3 MB
[runlim] sample:		165.6 time, 170.7 real, 113.3 MB
[runlim] sample:		175.6 time, 180.7 real, 113.3 MB
[runlim] sample:		185.6 time, 190.7 real, 113.3 MB
[runlim] sample:		195.6 time, 200.7 real, 113.5 MB
[runlim] sample:		205.6 time, 210.7 real, 118.2 MB
[runlim] sample:		215.6 time, 220.7 real, 118.4 MB
[runlim] sample:		225.6 time, 230.7 real, 123.1 MB
[runlim] sample:		235.6 time, 240.7 real, 123.4 MB
[runlim] sample:		245.6 time, 250.7 real, 128.5 MB
[runlim] sample:		255.6 time, 260.7 real, 132.7 MB
[runlim] sample:		265.6 time, 270.7 real, 133.0 MB
[runlim] sample:		275.6 time, 280.7 real, 133.0 MB
[runlim] sample:		285.6 time, 290.7 real, 133.0 MB
[runlim] sample:		295.6 time, 300.7 real, 133.0 MB
CVC4 interrupted by SIGTERM.
[runlim] end:			Mon Jan 28 16:24:59 2019
[runlim] status:		out of time
[runlim] result:		2
[runlim] children:		0
[runlim] real:			305.20 seconds
[runlim] time:			300.09 seconds
[runlim] space:			133.0 MB
[runlim] samples:		3045
