[runlim] version:		1.10fixed
[runlim] time limit:		300 seconds
[runlim] real time limit:	311040000 seconds
[runlim] space limit:		4000 MB
[runlim] argv[0]:		./cvc4
[runlim] argv[1]:		--nl-ext-tplanes
[runlim] argv[2]:		--full-saturate-quant
[runlim] argv[3]:		--no-e-matching
[runlim] argv[4]:		/tmp/dFOf8rkq.smt2
[runlim] start:			Mon Jan 28 16:23:13 2019
[runlim] main pid:		2236
[runlim] sample:		8.0 time, 10.1 real, 38.6 MB
[runlim] sample:		17.4 time, 20.1 real, 43.5 MB
[runlim] sample:		26.8 time, 30.1 real, 46.3 MB
[runlim] sample:		36.8 time, 40.1 real, 46.3 MB
[runlim] sample:		45.9 time, 50.1 real, 46.3 MB
[runlim] sample:		55.9 time, 60.1 real, 46.3 MB
[runlim] sample:		65.8 time, 70.1 real, 46.3 MB
[runlim] sample:		75.5 time, 80.1 real, 46.3 MB
[runlim] sample:		84.6 time, 90.1 real, 46.3 MB
[runlim] sample:		92.1 time, 100.1 real, 46.3 MB
[runlim] sample:		102.0 time, 110.1 real, 46.3 MB
[runlim] sample:		112.0 time, 120.1 real, 46.3 MB
[runlim] sample:		122.0 time, 130.1 real, 46.3 MB
[runlim] sample:		131.6 time, 140.1 real, 46.6 MB
[runlim] sample:		139.2 time, 150.1 real, 46.6 MB
[runlim] sample:		146.8 time, 160.1 real, 46.9 MB
[runlim] sample:		156.8 time, 170.1 real, 46.9 MB
[runlim] sample:		166.8 time, 180.1 real, 47.1 MB
[runlim] sample:		176.8 time, 190.1 real, 47.4 MB
[runlim] sample:		186.8 time, 200.1 real, 47.4 MB
[runlim] sample:		196.8 time, 210.1 real, 47.6 MB
[runlim] sample:		206.8 time, 220.1 real, 47.6 MB
[runlim] sample:		216.4 time, 230.1 real, 47.9 MB
[runlim] sample:		226.4 time, 240.1 real, 48.1 MB
[runlim] sample:		236.4 time, 250.1 real, 48.1 MB
[runlim] sample:		244.4 time, 260.1 real, 48.4 MB
[runlim] sample:		254.2 time, 270.1 real, 48.4 MB
[runlim] sample:		264.2 time, 280.1 real, 48.7 MB
[runlim] sample:		273.5 time, 290.1 real, 48.7 MB
[runlim] sample:		282.9 time, 300.1 real, 49.2 MB
[runlim] sample:		292.4 time, 310.1 real, 49.4 MB
CVC4 interrupted by SIGTERM.
[runlim] end:			Mon Jan 28 16:28:30 2019
[runlim] status:		out of time
[runlim] result:		2
[runlim] children:		0
[runlim] real:			317.83 seconds
[runlim] time:			300.10 seconds
[runlim] space:			49.4 MB
[runlim] samples:		3177
