[runlim] version:		1.10fixed
[runlim] time limit:		300 seconds
[runlim] real time limit:	311040000 seconds
[runlim] space limit:		4000 MB
[runlim] argv[0]:		./cvc4
[runlim] argv[1]:		--nl-ext-tplanes
[runlim] argv[2]:		--full-saturate-quant
[runlim] argv[3]:		--no-e-matching
[runlim] argv[4]:		/tmp/VgOtnU9X.smt2
[runlim] start:			Tue Jan 29 13:40:28 2019
[runlim] main pid:		17103
[runlim] sample:		8.0 time, 10.0 real, 43.1 MB
[runlim] sample:		16.4 time, 20.0 real, 52.3 MB
[runlim] sample:		25.0 time, 30.0 real, 59.0 MB
[runlim] sample:		34.0 time, 40.0 real, 64.4 MB
[runlim] sample:		43.0 time, 50.0 real, 69.7 MB
[runlim] sample:		52.4 time, 60.0 real, 75.1 MB
[runlim] sample:		62.0 time, 70.0 real, 80.6 MB
[runlim] sample:		71.7 time, 80.0 real, 85.0 MB
[runlim] sample:		81.4 time, 90.0 real, 90.1 MB
[runlim] sample:		91.4 time, 100.0 real, 93.8 MB
[runlim] sample:		101.3 time, 110.0 real, 96.1 MB
[runlim] sample:		111.3 time, 120.0 real, 98.7 MB
[runlim] sample:		121.3 time, 130.0 real, 101.8 MB
[runlim] sample:		131.3 time, 140.0 real, 106.2 MB
[runlim] sample:		141.3 time, 150.0 real, 108.8 MB
[runlim] sample:		151.3 time, 160.0 real, 111.3 MB
[runlim] sample:		160.2 time, 170.0 real, 113.7 MB
[runlim] sample:		169.6 time, 180.0 real, 116.7 MB
[runlim] sample:		179.6 time, 190.0 real, 118.8 MB
[runlim] sample:		189.6 time, 200.0 real, 120.9 MB
[runlim] sample:		199.6 time, 210.0 real, 125.1 MB
[runlim] sample:		208.3 time, 220.0 real, 126.7 MB
[runlim] sample:		217.1 time, 230.0 real, 128.5 MB
[runlim] sample:		226.7 time, 240.0 real, 130.8 MB
[runlim] sample:		236.4 time, 250.0 real, 134.7 MB
[runlim] sample:		244.8 time, 260.0 real, 135.7 MB
[runlim] sample:		254.0 time, 270.0 real, 138.8 MB
[runlim] sample:		263.7 time, 280.0 real, 140.1 MB
[runlim] sample:		273.3 time, 290.0 real, 142.4 MB
[runlim] sample:		282.2 time, 300.0 real, 145.5 MB
[runlim] sample:		292.1 time, 310.0 real, 147.3 MB
CVC4 interrupted by SIGTERM.
[runlim] end:			Tue Jan 29 13:45:46 2019
[runlim] status:		out of time
[runlim] result:		2
[runlim] children:		0
[runlim] real:			318.27 seconds
[runlim] time:			300.03 seconds
[runlim] space:			148.9 MB
[runlim] samples:		3182
