[runlim] version:		1.10fixed
[runlim] time limit:		300 seconds
[runlim] real time limit:	311040000 seconds
[runlim] space limit:		4000 MB
[runlim] argv[0]:		./cvc4
[runlim] argv[1]:		--nl-ext-tplanes
[runlim] argv[2]:		--full-saturate-quant
[runlim] argv[3]:		--no-e-matching
[runlim] argv[4]:		/tmp/4PzyJpcJ.smt2
[runlim] start:			Mon Jan 28 16:19:49 2019
[runlim] main pid:		32597
[runlim] sample:		9.8 time, 10.9 real, 46.4 MB
[runlim] sample:		18.6 time, 20.9 real, 54.3 MB
[runlim] sample:		27.4 time, 30.9 real, 61.3 MB
[runlim] sample:		36.0 time, 40.9 real, 71.5 MB
[runlim] sample:		45.2 time, 50.9 real, 83.3 MB
[runlim] sample:		54.8 time, 60.9 real, 83.6 MB
[runlim] sample:		63.5 time, 70.9 real, 83.6 MB
[runlim] sample:		73.5 time, 80.9 real, 87.1 MB
[runlim] sample:		83.5 time, 90.9 real, 94.8 MB
[runlim] sample:		93.5 time, 100.9 real, 95.1 MB
[runlim] sample:		102.7 time, 110.9 real, 102.6 MB
[runlim] sample:		112.7 time, 120.9 real, 107.0 MB
[runlim] sample:		122.5 time, 130.9 real, 111.1 MB
[runlim] sample:		132.1 time, 140.9 real, 112.1 MB
[runlim] sample:		141.9 time, 150.9 real, 118.9 MB
[runlim] sample:		151.9 time, 160.9 real, 119.1 MB
[runlim] sample:		161.9 time, 170.9 real, 131.7 MB
[runlim] sample:		171.9 time, 180.9 real, 136.6 MB
[runlim] sample:		181.9 time, 190.9 real, 136.6 MB
[runlim] sample:		191.4 time, 200.9 real, 136.9 MB
[runlim] sample:		200.0 time, 210.9 real, 143.3 MB
[runlim] sample:		208.8 time, 220.9 real, 143.3 MB
[runlim] sample:		218.4 time, 230.9 real, 145.2 MB
[runlim] sample:		227.8 time, 240.9 real, 145.2 MB
[runlim] sample:		237.5 time, 250.9 real, 145.4 MB
[runlim] sample:		247.3 time, 260.9 real, 146.2 MB
[runlim] sample:		257.3 time, 270.9 real, 151.1 MB
[runlim] sample:		267.3 time, 280.9 real, 151.1 MB
[runlim] sample:		277.0 time, 290.9 real, 151.1 MB
[runlim] sample:		287.0 time, 300.9 real, 151.1 MB
[runlim] sample:		297.0 time, 310.9 real, 151.1 MB
CVC4 interrupted by SIGTERM.
[runlim] end:			Mon Jan 28 16:25:03 2019
[runlim] status:		out of time
[runlim] result:		2
[runlim] children:		0
[runlim] real:			314.04 seconds
[runlim] time:			300.09 seconds
[runlim] space:			151.3 MB
[runlim] samples:		3131
