[runlim] version:		1.10fixed
[runlim] time limit:		300 seconds
[runlim] real time limit:	311040000 seconds
[runlim] space limit:		4000 MB
[runlim] argv[0]:		./cvc4
[runlim] argv[1]:		--nl-ext-tplanes
[runlim] argv[2]:		--full-saturate-quant
[runlim] argv[3]:		--no-e-matching
[runlim] argv[4]:		/tmp/7IuZGnfW.smt2
[runlim] start:			Tue Jan 29 13:43:50 2019
[runlim] main pid:		4356
[runlim] sample:		8.7 time, 10.9 real, 41.8 MB
[runlim] sample:		17.5 time, 20.9 real, 52.1 MB
[runlim] sample:		27.5 time, 30.9 real, 69.0 MB
[runlim] sample:		37.5 time, 40.9 real, 73.9 MB
[runlim] sample:		47.5 time, 50.9 real, 76.4 MB
[runlim] sample:		57.5 time, 60.9 real, 84.2 MB
[runlim] sample:		66.2 time, 70.9 real, 87.5 MB
[runlim] sample:		75.8 time, 80.9 real, 87.8 MB
[runlim] sample:		85.8 time, 90.9 real, 88.0 MB
[runlim] sample:		95.8 time, 100.9 real, 92.6 MB
[runlim] sample:		105.8 time, 110.9 real, 95.7 MB
[runlim] sample:		114.7 time, 120.9 real, 99.3 MB
[runlim] sample:		124.4 time, 130.9 real, 103.1 MB
[runlim] sample:		134.0 time, 140.9 real, 107.0 MB
[runlim] sample:		143.7 time, 150.9 real, 132.6 MB
[runlim] sample:		152.6 time, 160.9 real, 150.4 MB
[runlim] sample:		161.0 time, 170.9 real, 150.4 MB
[runlim] sample:		170.5 time, 180.9 real, 150.4 MB
[runlim] sample:		179.9 time, 190.9 real, 152.5 MB
[runlim] sample:		189.3 time, 200.9 real, 152.7 MB
[runlim] sample:		197.7 time, 210.9 real, 152.7 MB
[runlim] sample:		206.8 time, 220.9 real, 153.0 MB
[runlim] sample:		215.5 time, 230.9 real, 153.2 MB
[runlim] sample:		224.0 time, 240.9 real, 153.5 MB
[runlim] sample:		233.5 time, 250.9 real, 153.5 MB
[runlim] sample:		243.4 time, 260.9 real, 153.8 MB
[runlim] sample:		253.3 time, 270.9 real, 154.0 MB
[runlim] sample:		263.4 time, 280.9 real, 155.3 MB
[runlim] sample:		273.4 time, 290.9 real, 155.6 MB
[runlim] sample:		283.3 time, 300.9 real, 155.8 MB
[runlim] sample:		293.3 time, 310.9 real, 156.3 MB
[runlim] end:			Tue Jan 29 13:49:06 2019
[runlim] status:		signal(9)
[runlim] result:		11
[runlim] children:		0
[runlim] real:			316.19 seconds
[runlim] time:			298.53 seconds
[runlim] space:			157.6 MB
[runlim] samples:		3152
