[runlim] version:		1.10fixed
[runlim] time limit:		1800 seconds
[runlim] real time limit:	311040000 seconds
[runlim] space limit:		4000 MB
[runlim] argv[0]:		./cvc4
[runlim] argv[1]:		--nl-ext-tplanes
[runlim] argv[2]:		--full-saturate-quant
[runlim] argv[3]:		--no-e-matching
[runlim] argv[4]:		/tmp/7aGcZ7Bk.smt2
[runlim] start:			Thu Jan 31 03:35:32 2019
[runlim] main pid:		28962
[runlim] sample:		9.8 time, 10.7 real, 70.7 MB
[runlim] sample:		19.8 time, 20.7 real, 123.5 MB
[runlim] sample:		29.8 time, 30.7 real, 176.0 MB
[runlim] sample:		39.8 time, 40.7 real, 205.2 MB
[runlim] sample:		49.8 time, 50.7 real, 238.5 MB
[runlim] sample:		59.8 time, 60.7 real, 284.3 MB
[runlim] sample:		69.8 time, 70.7 real, 335.2 MB
[runlim] sample:		79.8 time, 80.7 real, 382.9 MB
[runlim] sample:		89.8 time, 90.7 real, 436.8 MB
[runlim] sample:		99.8 time, 100.7 real, 480.9 MB
[runlim] sample:		109.8 time, 110.7 real, 521.9 MB
[runlim] sample:		119.8 time, 120.7 real, 575.1 MB
[runlim] sample:		129.8 time, 130.7 real, 621.3 MB
[runlim] sample:		139.8 time, 140.7 real, 672.5 MB
[runlim] sample:		149.8 time, 150.7 real, 720.0 MB
[runlim] sample:		159.8 time, 160.7 real, 767.7 MB
[runlim] sample:		169.8 time, 170.7 real, 826.0 MB
[runlim] sample:		179.8 time, 180.7 real, 880.1 MB
[runlim] sample:		189.8 time, 190.7 real, 926.8 MB
[runlim] sample:		199.8 time, 200.7 real, 960.5 MB
[runlim] sample:		209.8 time, 210.7 real, 997.9 MB
[runlim] sample:		219.7 time, 220.7 real, 1030.9 MB
[runlim] sample:		229.7 time, 230.7 real, 1057.7 MB
[runlim] sample:		239.7 time, 240.7 real, 1083.8 MB
[runlim] sample:		249.7 time, 250.7 real, 1108.8 MB
[runlim] sample:		259.6 time, 260.7 real, 1145.3 MB
[runlim] sample:		269.6 time, 270.7 real, 1188.8 MB
[runlim] sample:		279.6 time, 280.7 real, 1229.6 MB
[runlim] sample:		289.6 time, 290.7 real, 1272.9 MB
[runlim] sample:		299.6 time, 300.7 real, 1319.7 MB
[runlim] sample:		309.6 time, 310.7 real, 1341.9 MB
[runlim] sample:		319.6 time, 320.7 real, 1357.9 MB
[runlim] sample:		329.6 time, 330.7 real, 1385.2 MB
[runlim] sample:		339.6 time, 340.7 real, 1412.2 MB
[runlim] sample:		349.6 time, 350.7 real, 1439.6 MB
[runlim] sample:		359.5 time, 360.7 real, 1465.9 MB
[runlim] sample:		369.4 time, 370.7 real, 1492.4 MB
[runlim] sample:		379.4 time, 380.7 real, 1519.2 MB
[runlim] sample:		389.4 time, 390.7 real, 1546.8 MB
[runlim] sample:		399.4 time, 400.7 real, 1596.8 MB
[runlim] sample:		409.4 time, 410.7 real, 1623.3 MB
[runlim] sample:		419.4 time, 420.7 real, 1649.1 MB
[runlim] sample:		429.4 time, 430.7 real, 1674.9 MB
[runlim] sample:		439.4 time, 440.7 real, 1701.2 MB
[runlim] sample:		449.4 time, 450.7 real, 1726.7 MB
[runlim] sample:		459.4 time, 460.7 real, 1762.6 MB
[runlim] sample:		469.4 time, 470.7 real, 1799.2 MB
[runlim] sample:		479.4 time, 480.7 real, 1803.8 MB
[runlim] sample:		489.4 time, 490.7 real, 1846.3 MB
[runlim] sample:		499.4 time, 500.7 real, 1872.0 MB
[runlim] sample:		509.4 time, 510.7 real, 1902.2 MB
[runlim] sample:		519.4 time, 520.7 real, 1928.2 MB
[runlim] sample:		529.4 time, 530.7 real, 1954.0 MB
[runlim] sample:		539.4 time, 540.7 real, 1980.6 MB
[runlim] sample:		549.4 time, 550.7 real, 2006.4 MB
[runlim] sample:		559.4 time, 560.7 real, 2033.4 MB
[runlim] sample:		569.4 time, 570.7 real, 2060.0 MB
[runlim] sample:		579.4 time, 580.7 real, 2085.8 MB
[runlim] sample:		589.4 time, 590.7 real, 2111.5 MB
[runlim] sample:		599.4 time, 600.7 real, 2137.9 MB
[runlim] sample:		609.4 time, 610.7 real, 2163.7 MB
[runlim] sample:		619.4 time, 620.7 real, 2190.0 MB
[runlim] sample:		629.4 time, 630.7 real, 2215.5 MB
[runlim] sample:		639.4 time, 640.7 real, 2240.8 MB
[runlim] sample:		649.4 time, 650.7 real, 2241.8 MB
[runlim] sample:		659.4 time, 660.7 real, 2267.1 MB
[runlim] sample:		669.4 time, 670.7 real, 2292.4 MB
[runlim] sample:		679.4 time, 680.7 real, 2318.4 MB
[runlim] sample:		689.4 time, 690.7 real, 2347.8 MB
[runlim] sample:		699.4 time, 700.7 real, 2373.8 MB
[runlim] sample:		709.4 time, 710.7 real, 2399.1 MB
[runlim] sample:		719.4 time, 720.7 real, 2425.9 MB
[runlim] sample:		729.4 time, 730.7 real, 2452.2 MB
[runlim] sample:		739.4 time, 740.7 real, 2477.5 MB
[runlim] sample:		749.4 time, 750.7 real, 2503.5 MB
[runlim] sample:		759.4 time, 760.7 real, 2528.8 MB
[runlim] sample:		769.4 time, 770.7 real, 2554.8 MB
[runlim] sample:		779.4 time, 780.7 real, 2580.1 MB
[runlim] sample:		789.4 time, 790.7 real, 2621.9 MB
[runlim] sample:		799.4 time, 800.7 real, 2645.7 MB
[runlim] sample:		809.4 time, 810.7 real, 2647.5 MB
[runlim] sample:		819.4 time, 820.7 real, 2665.2 MB
[runlim] sample:		829.4 time, 830.7 real, 2690.8 MB
[runlim] sample:		839.4 time, 840.7 real, 2716.6 MB
[runlim] sample:		849.4 time, 850.7 real, 2741.8 MB
[runlim] sample:		859.4 time, 860.7 real, 2779.2 MB
[runlim] sample:		869.4 time, 870.7 real, 2798.5 MB
[runlim] sample:		879.4 time, 880.7 real, 2825.3 MB
[runlim] sample:		889.4 time, 890.7 real, 2851.4 MB
[runlim] sample:		899.4 time, 900.7 real, 2876.9 MB
[runlim] sample:		909.4 time, 910.7 real, 2902.7 MB
[runlim] sample:		919.4 time, 920.7 real, 2928.2 MB
[runlim] sample:		929.4 time, 930.7 real, 2953.7 MB
[runlim] sample:		939.4 time, 940.7 real, 2979.5 MB
[runlim] sample:		949.4 time, 950.7 real, 3004.8 MB
[runlim] sample:		959.4 time, 960.7 real, 3030.6 MB
[runlim] sample:		969.4 time, 970.7 real, 3052.5 MB
[runlim] sample:		979.4 time, 980.7 real, 3054.3 MB
[runlim] sample:		989.4 time, 990.7 real, 3069.5 MB
[runlim] sample:		999.4 time, 1000.7 real, 3095.3 MB
[runlim] sample:		1009.4 time, 1010.7 real, 3121.1 MB
[runlim] sample:		1019.4 time, 1020.7 real, 3146.3 MB
[runlim] sample:		1029.4 time, 1030.7 real, 3220.1 MB
[runlim] sample:		1039.4 time, 1040.7 real, 3247.2 MB
[runlim] sample:		1049.4 time, 1050.7 real, 3273.8 MB
[runlim] sample:		1059.4 time, 1060.7 real, 3299.0 MB
[runlim] sample:		1069.4 time, 1070.7 real, 3325.1 MB
[runlim] sample:		1079.4 time, 1080.7 real, 3350.6 MB
[runlim] sample:		1089.4 time, 1090.7 real, 3376.6 MB
[runlim] sample:		1099.4 time, 1100.7 real, 3401.9 MB
[runlim] sample:		1109.4 time, 1110.7 real, 3427.9 MB
[runlim] sample:		1119.4 time, 1120.7 real, 3453.2 MB
[runlim] sample:		1129.4 time, 1130.7 real, 3509.4 MB
[runlim] sample:		1139.4 time, 1140.7 real, 3527.5 MB
[runlim] sample:		1149.4 time, 1150.7 real, 3535.4 MB
[runlim] sample:		1159.4 time, 1160.7 real, 3588.3 MB
[runlim] sample:		1169.4 time, 1170.7 real, 3599.6 MB
[runlim] sample:		1179.4 time, 1180.7 real, 3624.9 MB
[runlim] sample:		1189.4 time, 1190.7 real, 3651.2 MB
[runlim] sample:		1199.4 time, 1200.7 real, 3709.4 MB
[runlim] sample:		1209.4 time, 1210.7 real, 3737.0 MB
[runlim] sample:		1219.4 time, 1220.7 real, 3763.3 MB
[runlim] sample:		1229.4 time, 1230.7 real, 3788.8 MB
[runlim] sample:		1239.4 time, 1240.7 real, 3815.1 MB
[runlim] sample:		1249.4 time, 1250.7 real, 3840.7 MB
[runlim] sample:		1259.4 time, 1260.7 real, 3867.0 MB
[runlim] sample:		1269.4 time, 1270.7 real, 3892.5 MB
[runlim] sample:		1279.4 time, 1280.7 real, 3918.3 MB
[runlim] sample:		1289.4 time, 1290.7 real, 3944.0 MB
[runlim] sample:		1299.4 time, 1300.7 real, 3969.8 MB
[runlim] sample:		1309.4 time, 1310.7 real, 3995.3 MB
CVC4 interrupted by SIGTERM.
[runlim] end:			Thu Jan 31 03:57:27 2019
[runlim] status:		out of memory
[runlim] result:		3
[runlim] children:		0
[runlim] real:			1315.26 seconds
[runlim] time:			1313.90 seconds
[runlim] space:			4002.3 MB
[runlim] samples:		13145
