[runlim] version:		1.10fixed
[runlim] time limit:		300 seconds
[runlim] real time limit:	311040000 seconds
[runlim] space limit:		4000 MB
[runlim] argv[0]:		./cvc4
[runlim] argv[1]:		--nl-ext-tplanes
[runlim] argv[2]:		--full-saturate-quant
[runlim] argv[3]:		--no-e-matching
[runlim] argv[4]:		/tmp/AiykBwp6.smt2
[runlim] start:			Wed Feb 13 23:40:25 2019
[runlim] main pid:		19568
[runlim] sample:		9.4 time, 10.1 real, 51.0 MB
[runlim] sample:		19.4 time, 20.1 real, 81.9 MB
[runlim] sample:		29.4 time, 30.1 real, 111.7 MB
[runlim] sample:		39.4 time, 40.1 real, 145.1 MB
[runlim] sample:		49.4 time, 50.1 real, 175.3 MB
[runlim] sample:		59.4 time, 60.1 real, 203.9 MB
[runlim] sample:		69.3 time, 70.1 real, 239.0 MB
[runlim] sample:		79.3 time, 80.1 real, 269.5 MB
[runlim] sample:		89.3 time, 90.1 real, 298.4 MB
[runlim] sample:		99.3 time, 100.1 real, 328.8 MB
[runlim] sample:		109.3 time, 110.1 real, 359.4 MB
[runlim] sample:		119.3 time, 120.1 real, 388.3 MB
[runlim] sample:		129.3 time, 130.1 real, 424.5 MB
[runlim] sample:		139.3 time, 140.1 real, 462.1 MB
[runlim] sample:		149.3 time, 150.1 real, 481.5 MB
[runlim] sample:		159.3 time, 160.1 real, 506.8 MB
[runlim] sample:		169.3 time, 170.1 real, 535.4 MB
[runlim] sample:		179.3 time, 180.1 real, 564.0 MB
[runlim] sample:		189.3 time, 190.1 real, 596.0 MB
[runlim] sample:		199.3 time, 200.1 real, 625.6 MB
[runlim] sample:		209.3 time, 210.1 real, 660.3 MB
[runlim] sample:		219.3 time, 220.1 real, 691.8 MB
[runlim] sample:		229.3 time, 230.1 real, 723.0 MB
[runlim] sample:		239.3 time, 240.1 real, 754.1 MB
[runlim] sample:		249.3 time, 250.1 real, 785.3 MB
[runlim] sample:		259.3 time, 260.1 real, 827.9 MB
[runlim] sample:		269.3 time, 270.1 real, 860.9 MB
[runlim] sample:		279.3 time, 280.1 real, 904.2 MB
[runlim] sample:		288.9 time, 290.1 real, 926.1 MB
[runlim] sample:		298.2 time, 300.1 real, 940.3 MB
CVC4 interrupted by SIGTERM.
[runlim] end:			Wed Feb 13 23:45:27 2019
[runlim] status:		out of time
[runlim] result:		2
[runlim] children:		0
[runlim] real:			302.02 seconds
[runlim] time:			300.08 seconds
[runlim] space:			946.0 MB
[runlim] samples:		3019
