[runlim] version:		1.10fixed
[runlim] time limit:		1800 seconds
[runlim] real time limit:	311040000 seconds
[runlim] space limit:		4000 MB
[runlim] argv[0]:		./cvc4
[runlim] argv[1]:		--nl-ext-tplanes
[runlim] argv[2]:		--full-saturate-quant
[runlim] argv[3]:		--no-e-matching
[runlim] argv[4]:		/tmp/fbeHYFgx.smt2
[runlim] start:			Tue Feb 19 02:15:24 2019
[runlim] main pid:		19333
[runlim] sample:		8.8 time, 10.2 real, 47.0 MB
[runlim] sample:		17.4 time, 20.2 real, 53.4 MB
[runlim] sample:		25.1 time, 30.2 real, 58.3 MB
[runlim] sample:		34.6 time, 40.2 real, 62.8 MB
[runlim] sample:		43.2 time, 50.2 real, 65.1 MB
[runlim] sample:		52.4 time, 60.2 real, 68.5 MB
[runlim] sample:		60.8 time, 70.2 real, 71.0 MB
[runlim] sample:		69.7 time, 80.2 real, 73.1 MB
[runlim] sample:		77.7 time, 90.2 real, 75.9 MB
[runlim] sample:		85.7 time, 100.2 real, 77.7 MB
[runlim] sample:		94.8 time, 110.2 real, 79.8 MB
[runlim] sample:		104.3 time, 120.2 real, 82.3 MB
[runlim] sample:		114.3 time, 130.2 real, 84.4 MB
[runlim] sample:		124.0 time, 140.2 real, 85.7 MB
[runlim] sample:		133.3 time, 150.2 real, 87.5 MB
[runlim] sample:		142.7 time, 160.2 real, 89.3 MB
[runlim] sample:		152.0 time, 170.2 real, 90.8 MB
[runlim] sample:		161.3 time, 180.2 real, 92.1 MB
[runlim] sample:		170.7 time, 190.2 real, 93.1 MB
[runlim] sample:		180.0 time, 200.2 real, 94.5 MB
[runlim] sample:		189.3 time, 210.2 real, 95.8 MB
[runlim] sample:		198.6 time, 220.2 real, 97.0 MB
[runlim] sample:		208.3 time, 230.2 real, 98.3 MB
[runlim] sample:		218.0 time, 240.2 real, 99.6 MB
[runlim] sample:		227.7 time, 250.2 real, 100.6 MB
[runlim] sample:		237.7 time, 260.2 real, 101.9 MB
[runlim] sample:		247.7 time, 270.2 real, 104.4 MB
[runlim] sample:		257.7 time, 280.2 real, 105.1 MB
[runlim] sample:		267.7 time, 290.2 real, 106.1 MB
[runlim] sample:		277.7 time, 300.2 real, 107.2 MB
[runlim] sample:		287.7 time, 310.2 real, 108.5 MB
[runlim] sample:		297.4 time, 320.2 real, 109.5 MB
[runlim] sample:		307.1 time, 330.2 real, 110.0 MB
[runlim] sample:		316.8 time, 340.2 real, 110.8 MB
[runlim] sample:		326.5 time, 350.2 real, 111.8 MB
[runlim] sample:		336.3 time, 360.2 real, 112.3 MB
[runlim] sample:		346.3 time, 370.2 real, 113.6 MB
[runlim] sample:		356.3 time, 380.2 real, 113.9 MB
[runlim] sample:		365.8 time, 390.2 real, 115.4 MB
[runlim] sample:		375.1 time, 400.2 real, 115.9 MB
[runlim] sample:		384.5 time, 410.2 real, 116.9 MB
[runlim] sample:		393.8 time, 420.2 real, 117.4 MB
[runlim] sample:		403.2 time, 430.2 real, 117.7 MB
[runlim] sample:		412.5 time, 440.2 real, 118.2 MB
[runlim] sample:		421.9 time, 450.2 real, 119.8 MB
[runlim] sample:		430.2 time, 460.2 real, 120.5 MB
[runlim] sample:		439.2 time, 470.2 real, 120.8 MB
[runlim] sample:		449.2 time, 480.2 real, 121.3 MB
[runlim] sample:		457.7 time, 490.2 real, 122.6 MB
[runlim] sample:		466.9 time, 500.2 real, 123.3 MB
[runlim] sample:		476.4 time, 510.2 real, 123.6 MB
[runlim] sample:		486.4 time, 520.2 real, 124.9 MB
[runlim] sample:		496.4 time, 530.2 real, 125.4 MB
[runlim] sample:		506.4 time, 540.2 real, 125.9 MB
[runlim] sample:		516.4 time, 550.2 real, 126.2 MB
[runlim] sample:		526.4 time, 560.2 real, 126.9 MB
[runlim] sample:		536.4 time, 570.2 real, 128.0 MB
[runlim] sample:		546.4 time, 580.2 real, 129.2 MB
[runlim] sample:		556.4 time, 590.2 real, 129.8 MB
[runlim] sample:		566.4 time, 600.2 real, 129.8 MB
[runlim] sample:		576.4 time, 610.2 real, 130.5 MB
[runlim] sample:		586.4 time, 620.2 real, 131.4 MB
[runlim] sample:		596.4 time, 630.2 real, 131.4 MB
[runlim] sample:		606.4 time, 640.2 real, 132.5 MB
[runlim] sample:		616.4 time, 650.2 real, 133.0 MB
[runlim] sample:		626.4 time, 660.2 real, 133.8 MB
[runlim] sample:		636.4 time, 670.2 real, 134.4 MB
[runlim] sample:		646.4 time, 680.2 real, 134.9 MB
[runlim] sample:		656.4 time, 690.2 real, 135.1 MB
[runlim] sample:		666.4 time, 700.2 real, 135.9 MB
[runlim] sample:		676.4 time, 710.2 real, 136.2 MB
[runlim] sample:		686.4 time, 720.2 real, 138.6 MB
[runlim] sample:		696.4 time, 730.2 real, 138.6 MB
[runlim] sample:		706.4 time, 740.2 real, 139.1 MB
[runlim] sample:		716.4 time, 750.2 real, 139.3 MB
[runlim] sample:		726.4 time, 760.2 real, 140.6 MB
[runlim] sample:		736.4 time, 770.2 real, 141.4 MB
[runlim] sample:		746.3 time, 780.2 real, 141.9 MB
[runlim] sample:		756.3 time, 790.2 real, 141.9 MB
[runlim] sample:		766.3 time, 800.2 real, 142.7 MB
[runlim] sample:		776.3 time, 810.2 real, 143.0 MB
[runlim] sample:		786.3 time, 820.2 real, 143.7 MB
[runlim] sample:		796.4 time, 830.2 real, 144.5 MB
[runlim] sample:		806.3 time, 840.2 real, 144.8 MB
[runlim] sample:		816.3 time, 850.2 real, 145.3 MB
[runlim] sample:		826.3 time, 860.2 real, 146.3 MB
[runlim] sample:		836.3 time, 870.2 real, 146.3 MB
[runlim] sample:		845.9 time, 880.2 real, 147.3 MB
[runlim] sample:		855.9 time, 890.2 real, 148.1 MB
[runlim] sample:		865.9 time, 900.2 real, 148.6 MB
[runlim] sample:		875.8 time, 910.2 real, 149.1 MB
[runlim] sample:		884.4 time, 920.2 real, 149.4 MB
[runlim] sample:		893.0 time, 930.2 real, 149.9 MB
[runlim] sample:		901.4 time, 940.2 real, 149.9 MB
[runlim] sample:		911.3 time, 950.2 real, 150.7 MB
[runlim] sample:		921.3 time, 960.2 real, 150.9 MB
[runlim] sample:		931.3 time, 970.2 real, 151.2 MB
[runlim] sample:		941.3 time, 980.2 real, 151.9 MB
[runlim] sample:		951.3 time, 990.2 real, 152.2 MB
[runlim] sample:		961.3 time, 1000.2 real, 152.7 MB
[runlim] sample:		971.3 time, 1010.2 real, 154.3 MB
[runlim] sample:		981.3 time, 1020.2 real, 154.3 MB
[runlim] sample:		991.3 time, 1030.2 real, 154.5 MB
[runlim] sample:		1001.3 time, 1040.2 real, 155.3 MB
[runlim] sample:		1011.3 time, 1050.2 real, 155.8 MB
[runlim] sample:		1021.2 time, 1060.2 real, 156.3 MB
[runlim] sample:		1031.2 time, 1070.2 real, 156.3 MB
[runlim] sample:		1041.2 time, 1080.2 real, 156.8 MB
[runlim] sample:		1051.2 time, 1090.2 real, 157.3 MB
[runlim] sample:		1061.2 time, 1100.2 real, 157.6 MB
[runlim] sample:		1071.2 time, 1110.2 real, 157.9 MB
[runlim] sample:		1081.0 time, 1120.2 real, 158.4 MB
[runlim] sample:		1089.6 time, 1130.2 real, 159.1 MB
[runlim] sample:		1098.2 time, 1140.2 real, 159.1 MB
[runlim] sample:		1106.8 time, 1150.2 real, 159.4 MB
[runlim] sample:		1115.5 time, 1160.2 real, 159.4 MB
[runlim] sample:		1124.2 time, 1170.2 real, 159.9 MB
[runlim] sample:		1133.3 time, 1180.2 real, 160.9 MB
[runlim] sample:		1142.2 time, 1190.2 real, 160.9 MB
[runlim] sample:		1150.9 time, 1200.2 real, 161.2 MB
[runlim] sample:		1159.8 time, 1210.2 real, 161.7 MB
[runlim] sample:		1168.9 time, 1220.2 real, 161.7 MB
[runlim] sample:		1178.5 time, 1230.2 real, 162.0 MB
[runlim] sample:		1188.2 time, 1240.2 real, 162.5 MB
[runlim] sample:		1197.8 time, 1250.2 real, 162.5 MB
[runlim] sample:		1207.4 time, 1260.2 real, 163.2 MB
[runlim] sample:		1217.1 time, 1270.2 real, 163.5 MB
[runlim] sample:		1226.7 time, 1280.2 real, 163.5 MB
[runlim] sample:		1236.4 time, 1290.2 real, 164.0 MB
[runlim] sample:		1246.0 time, 1300.2 real, 164.8 MB
[runlim] sample:		1255.6 time, 1310.2 real, 165.1 MB
[runlim] sample:		1265.3 time, 1320.2 real, 165.3 MB
[runlim] sample:		1274.9 time, 1330.2 real, 165.8 MB
[runlim] sample:		1284.6 time, 1340.2 real, 166.1 MB
[runlim] sample:		1294.2 time, 1350.2 real, 166.6 MB
[runlim] sample:		1303.8 time, 1360.2 real, 167.4 MB
[runlim] sample:		1313.5 time, 1370.2 real, 167.4 MB
[runlim] sample:		1323.1 time, 1380.2 real, 167.6 MB
[runlim] sample:		1332.8 time, 1390.2 real, 167.6 MB
[runlim] sample:		1342.4 time, 1400.2 real, 168.7 MB
[runlim] sample:		1352.1 time, 1410.2 real, 169.0 MB
[runlim] sample:		1361.7 time, 1420.2 real, 169.0 MB
[runlim] sample:		1371.4 time, 1430.2 real, 169.7 MB
[runlim] sample:		1381.0 time, 1440.2 real, 169.7 MB
[runlim] sample:		1390.7 time, 1450.2 real, 170.0 MB
[runlim] sample:		1400.3 time, 1460.2 real, 170.5 MB
[runlim] sample:		1410.0 time, 1470.2 real, 170.8 MB
[runlim] sample:		1419.7 time, 1480.2 real, 171.0 MB
[runlim] sample:		1429.4 time, 1490.2 real, 172.1 MB
[runlim] sample:		1439.0 time, 1500.2 real, 172.1 MB
[runlim] sample:		1448.7 time, 1510.2 real, 172.6 MB
[runlim] sample:		1458.4 time, 1520.2 real, 173.9 MB
[runlim] sample:		1468.0 time, 1530.2 real, 173.9 MB
[runlim] sample:		1477.7 time, 1540.2 real, 173.9 MB
[runlim] sample:		1487.4 time, 1550.2 real, 174.4 MB
[runlim] sample:		1497.0 time, 1560.2 real, 174.4 MB
[runlim] sample:		1506.7 time, 1570.2 real, 174.7 MB
[runlim] sample:		1516.4 time, 1580.2 real, 175.4 MB
[runlim] sample:		1526.0 time, 1590.2 real, 175.4 MB
[runlim] sample:		1535.7 time, 1600.2 real, 175.7 MB
[runlim] sample:		1544.4 time, 1610.2 real, 175.7 MB
[runlim] sample:		1553.1 time, 1620.2 real, 177.1 MB
[runlim] sample:		1562.0 time, 1630.2 real, 177.1 MB
[runlim] sample:		1571.7 time, 1640.2 real, 177.6 MB
[runlim] sample:		1581.1 time, 1650.2 real, 177.6 MB
[runlim] sample:		1590.8 time, 1660.2 real, 177.8 MB
[runlim] sample:		1600.5 time, 1670.2 real, 177.8 MB
[runlim] sample:		1610.2 time, 1680.2 real, 178.4 MB
[runlim] sample:		1619.9 time, 1690.2 real, 178.9 MB
[runlim] sample:		1629.2 time, 1700.2 real, 179.1 MB
[runlim] sample:		1638.5 time, 1710.2 real, 179.1 MB
[runlim] sample:		1648.2 time, 1720.2 real, 179.1 MB
[runlim] sample:		1657.9 time, 1730.2 real, 180.2 MB
[runlim] sample:		1667.0 time, 1740.2 real, 180.2 MB
[runlim] sample:		1675.6 time, 1750.2 real, 180.7 MB
[runlim] sample:		1685.4 time, 1760.2 real, 181.2 MB
[runlim] sample:		1695.4 time, 1770.2 real, 181.2 MB
[runlim] sample:		1705.4 time, 1780.2 real, 181.2 MB
[runlim] sample:		1715.4 time, 1790.2 real, 181.4 MB
[runlim] sample:		1725.3 time, 1800.2 real, 182.3 MB
[runlim] sample:		1735.0 time, 1810.2 real, 182.3 MB
[runlim] sample:		1744.7 time, 1820.2 real, 182.8 MB
[runlim] sample:		1754.4 time, 1830.2 real, 182.8 MB
[runlim] sample:		1764.1 time, 1840.2 real, 183.4 MB
[runlim] sample:		1773.0 time, 1850.2 real, 183.4 MB
[runlim] sample:		1781.8 time, 1860.2 real, 184.2 MB
[runlim] sample:		1791.5 time, 1870.2 real, 184.2 MB
CVC4 interrupted by SIGTERM.
[runlim] end:			Tue Feb 19 02:46:42 2019
[runlim] status:		out of time
[runlim] result:		2
[runlim] children:		0
[runlim] real:			1878.99 seconds
[runlim] time:			1800.06 seconds
[runlim] space:			184.7 MB
[runlim] samples:		18788
