[runlim] version:		1.10fixed
[runlim] time limit:		1800 seconds
[runlim] real time limit:	311040000 seconds
[runlim] space limit:		4000 MB
[runlim] argv[0]:		./cvc4
[runlim] argv[1]:		--nl-ext-tplanes
[runlim] argv[2]:		--full-saturate-quant
[runlim] argv[3]:		--no-e-matching
[runlim] argv[4]:		/tmp/qPGrl7lr.smt2
[runlim] start:			Sun Feb  3 12:54:19 2019
[runlim] main pid:		19620
[runlim] sample:		9.8 time, 11.0 real, 55.0 MB
[runlim] sample:		19.8 time, 21.0 real, 68.2 MB
[runlim] sample:		29.6 time, 31.0 real, 76.3 MB
[runlim] sample:		39.4 time, 41.0 real, 83.7 MB
[runlim] sample:		49.1 time, 51.0 real, 88.9 MB
[runlim] sample:		58.9 time, 61.0 real, 103.9 MB
[runlim] sample:		68.9 time, 71.0 real, 103.9 MB
[runlim] sample:		78.9 time, 81.0 real, 103.9 MB
[runlim] sample:		88.9 time, 91.0 real, 103.9 MB
[runlim] sample:		98.9 time, 101.0 real, 103.9 MB
[runlim] sample:		108.8 time, 111.0 real, 103.9 MB
[runlim] sample:		118.5 time, 121.0 real, 103.9 MB
[runlim] sample:		128.3 time, 131.0 real, 104.3 MB
[runlim] sample:		138.3 time, 141.0 real, 104.3 MB
[runlim] sample:		148.1 time, 151.0 real, 104.3 MB
[runlim] sample:		157.9 time, 161.0 real, 104.3 MB
[runlim] sample:		167.9 time, 171.0 real, 108.1 MB
[runlim] sample:		177.9 time, 181.0 real, 111.0 MB
[runlim] sample:		187.8 time, 191.0 real, 114.1 MB
[runlim] sample:		197.7 time, 201.0 real, 118.2 MB
[runlim] sample:		207.7 time, 211.0 real, 120.0 MB
[runlim] sample:		217.7 time, 221.0 real, 121.3 MB
[runlim] sample:		227.7 time, 231.0 real, 127.9 MB
[runlim] sample:		237.7 time, 241.0 real, 130.2 MB
[runlim] sample:		247.6 time, 251.0 real, 132.8 MB
[runlim] sample:		257.3 time, 261.0 real, 133.5 MB
[runlim] sample:		267.0 time, 271.0 real, 134.7 MB
[runlim] sample:		276.7 time, 281.0 real, 135.0 MB
[runlim] sample:		286.4 time, 291.0 real, 135.0 MB
[runlim] sample:		296.1 time, 301.0 real, 143.7 MB
[runlim] sample:		305.7 time, 311.0 real, 143.7 MB
[runlim] sample:		315.4 time, 321.0 real, 144.0 MB
[runlim] sample:		325.1 time, 331.0 real, 149.1 MB
[runlim] sample:		334.8 time, 341.0 real, 149.4 MB
[runlim] sample:		344.8 time, 351.0 real, 152.5 MB
[runlim] sample:		354.8 time, 361.0 real, 155.9 MB
[runlim] sample:		364.8 time, 371.0 real, 156.1 MB
[runlim] sample:		374.8 time, 381.0 real, 162.1 MB
[runlim] sample:		384.6 time, 391.0 real, 162.3 MB
[runlim] sample:		394.6 time, 401.0 real, 162.3 MB
[runlim] sample:		404.6 time, 411.0 real, 167.2 MB
[runlim] sample:		414.6 time, 421.0 real, 167.2 MB
[runlim] sample:		424.6 time, 431.0 real, 167.5 MB
[runlim] sample:		434.6 time, 441.0 real, 172.4 MB
[runlim] sample:		444.6 time, 451.0 real, 172.6 MB
[runlim] sample:		454.6 time, 461.0 real, 172.6 MB
[runlim] sample:		464.6 time, 471.0 real, 172.6 MB
[runlim] sample:		474.6 time, 481.0 real, 173.1 MB
[runlim] sample:		484.6 time, 491.0 real, 187.0 MB
[runlim] sample:		494.6 time, 501.0 real, 187.0 MB
[runlim] sample:		504.6 time, 511.0 real, 187.0 MB
[runlim] sample:		514.6 time, 521.0 real, 187.2 MB
[runlim] sample:		524.6 time, 531.0 real, 184.2 MB
[runlim] sample:		534.3 time, 541.0 real, 184.2 MB
[runlim] sample:		544.0 time, 551.0 real, 184.2 MB
[runlim] sample:		553.7 time, 561.0 real, 185.0 MB
[runlim] sample:		563.7 time, 571.0 real, 198.2 MB
[runlim] sample:		573.7 time, 581.0 real, 190.1 MB
[runlim] sample:		583.7 time, 591.0 real, 190.1 MB
[runlim] sample:		593.7 time, 601.0 real, 196.5 MB
[runlim] sample:		603.7 time, 611.0 real, 196.5 MB
[runlim] sample:		613.7 time, 621.0 real, 197.3 MB
[runlim] sample:		623.7 time, 631.0 real, 209.1 MB
[runlim] sample:		633.7 time, 641.0 real, 203.2 MB
[runlim] sample:		643.7 time, 651.0 real, 203.2 MB
[runlim] sample:		653.7 time, 661.0 real, 203.2 MB
[runlim] sample:		663.7 time, 671.0 real, 206.2 MB
[runlim] sample:		673.7 time, 681.0 real, 217.1 MB
[runlim] sample:		683.7 time, 691.0 real, 217.1 MB
[runlim] sample:		693.7 time, 701.0 real, 217.1 MB
[runlim] sample:		703.7 time, 711.0 real, 217.4 MB
[runlim] sample:		713.7 time, 721.0 real, 217.4 MB
[runlim] sample:		723.7 time, 731.0 real, 217.4 MB
[runlim] sample:		733.7 time, 741.0 real, 217.4 MB
[runlim] sample:		743.7 time, 751.0 real, 223.3 MB
[runlim] sample:		753.7 time, 761.0 real, 223.3 MB
[runlim] sample:		763.7 time, 771.0 real, 223.3 MB
[runlim] sample:		773.7 time, 781.0 real, 223.3 MB
[runlim] sample:		783.7 time, 791.0 real, 223.3 MB
[runlim] sample:		793.7 time, 801.0 real, 223.3 MB
[runlim] sample:		803.7 time, 811.0 real, 223.6 MB
[runlim] sample:		813.7 time, 821.0 real, 223.6 MB
[runlim] sample:		823.7 time, 831.0 real, 224.1 MB
[runlim] sample:		833.7 time, 841.0 real, 224.1 MB
[runlim] sample:		843.7 time, 851.0 real, 224.1 MB
[runlim] sample:		853.7 time, 861.0 real, 237.2 MB
[runlim] sample:		863.7 time, 871.0 real, 237.2 MB
[runlim] sample:		873.7 time, 881.0 real, 237.2 MB
[runlim] sample:		883.7 time, 891.0 real, 237.2 MB
[runlim] sample:		893.7 time, 901.0 real, 237.5 MB
[runlim] sample:		903.7 time, 911.0 real, 237.5 MB
[runlim] sample:		913.7 time, 921.0 real, 243.1 MB
[runlim] sample:		923.7 time, 931.0 real, 243.1 MB
[runlim] sample:		933.7 time, 941.0 real, 243.1 MB
[runlim] sample:		943.7 time, 951.0 real, 243.4 MB
[runlim] sample:		953.7 time, 961.0 real, 243.4 MB
[runlim] sample:		963.7 time, 971.0 real, 243.4 MB
[runlim] sample:		973.7 time, 981.0 real, 243.4 MB
[runlim] sample:		983.7 time, 991.0 real, 247.5 MB
[runlim] sample:		993.7 time, 1001.0 real, 247.5 MB
[runlim] sample:		1003.7 time, 1011.0 real, 247.5 MB
[runlim] sample:		1013.7 time, 1021.0 real, 247.5 MB
[runlim] sample:		1023.7 time, 1031.0 real, 247.8 MB
[runlim] sample:		1033.7 time, 1041.0 real, 247.8 MB
[runlim] sample:		1043.7 time, 1051.0 real, 247.8 MB
[runlim] sample:		1053.7 time, 1061.0 real, 247.8 MB
[runlim] sample:		1063.7 time, 1071.0 real, 247.8 MB
[runlim] sample:		1073.7 time, 1081.0 real, 247.8 MB
[runlim] sample:		1083.7 time, 1091.0 real, 247.8 MB
[runlim] sample:		1093.7 time, 1101.0 real, 247.8 MB
[runlim] sample:		1103.7 time, 1111.0 real, 247.8 MB
[runlim] sample:		1113.7 time, 1121.0 real, 260.9 MB
[runlim] sample:		1123.7 time, 1131.0 real, 260.9 MB
[runlim] sample:		1133.7 time, 1141.0 real, 260.9 MB
[runlim] sample:		1143.7 time, 1151.0 real, 260.9 MB
[runlim] sample:		1153.7 time, 1161.0 real, 260.9 MB
[runlim] sample:		1163.7 time, 1171.0 real, 261.2 MB
[runlim] sample:		1173.7 time, 1181.0 real, 261.2 MB
[runlim] sample:		1183.7 time, 1191.0 real, 261.2 MB
[runlim] sample:		1193.7 time, 1201.0 real, 266.1 MB
[runlim] sample:		1203.7 time, 1211.0 real, 266.1 MB
[runlim] sample:		1213.7 time, 1221.0 real, 250.4 MB
[runlim] sample:		1223.7 time, 1231.0 real, 251.4 MB
[runlim] sample:		1233.7 time, 1241.0 real, 251.4 MB
[runlim] sample:		1243.7 time, 1251.0 real, 251.7 MB
[runlim] sample:		1253.7 time, 1261.0 real, 251.7 MB
[runlim] sample:		1263.7 time, 1271.0 real, 255.9 MB
[runlim] sample:		1273.7 time, 1281.0 real, 276.8 MB
[runlim] sample:		1283.7 time, 1291.0 real, 276.8 MB
[runlim] sample:		1293.7 time, 1301.0 real, 259.4 MB
[runlim] sample:		1303.7 time, 1311.0 real, 260.7 MB
[runlim] sample:		1313.7 time, 1321.0 real, 261.0 MB
[runlim] sample:		1323.7 time, 1331.0 real, 261.0 MB
[runlim] sample:		1333.6 time, 1341.0 real, 261.7 MB
[runlim] sample:		1343.6 time, 1351.0 real, 281.8 MB
[runlim] sample:		1353.6 time, 1361.0 real, 283.4 MB
[runlim] sample:		1363.6 time, 1371.0 real, 266.1 MB
[runlim] sample:		1373.6 time, 1381.0 real, 267.1 MB
[runlim] sample:		1383.6 time, 1391.0 real, 267.1 MB
[runlim] sample:		1393.6 time, 1401.0 real, 268.1 MB
[runlim] sample:		1403.6 time, 1411.0 real, 268.1 MB
[runlim] sample:		1413.6 time, 1421.0 real, 271.0 MB
[runlim] sample:		1423.6 time, 1431.0 real, 272.3 MB
[runlim] sample:		1433.6 time, 1441.0 real, 272.3 MB
[runlim] sample:		1443.6 time, 1451.0 real, 273.6 MB
[runlim] sample:		1453.6 time, 1461.0 real, 273.6 MB
[runlim] sample:		1463.5 time, 1471.0 real, 273.6 MB
[runlim] sample:		1473.5 time, 1481.0 real, 273.8 MB
[runlim] sample:		1483.5 time, 1491.0 real, 273.8 MB
[runlim] sample:		1493.5 time, 1501.0 real, 303.3 MB
[runlim] sample:		1503.5 time, 1511.0 real, 304.6 MB
[runlim] sample:		1513.5 time, 1521.0 real, 286.6 MB
[runlim] sample:		1523.5 time, 1531.0 real, 286.6 MB
[runlim] sample:		1533.5 time, 1541.0 real, 288.1 MB
[runlim] sample:		1543.5 time, 1551.0 real, 288.1 MB
[runlim] sample:		1553.5 time, 1561.0 real, 288.1 MB
[runlim] sample:		1563.5 time, 1571.0 real, 288.1 MB
[runlim] sample:		1573.5 time, 1581.0 real, 288.1 MB
[runlim] sample:		1583.5 time, 1591.0 real, 292.2 MB
[runlim] sample:		1593.5 time, 1601.0 real, 312.1 MB
[runlim] sample:		1603.5 time, 1611.0 real, 292.2 MB
[runlim] sample:		1613.5 time, 1621.0 real, 292.2 MB
[runlim] sample:		1623.5 time, 1631.0 real, 292.2 MB
[runlim] sample:		1633.5 time, 1641.0 real, 295.3 MB
[runlim] sample:		1643.5 time, 1651.0 real, 295.3 MB
[runlim] sample:		1653.5 time, 1661.0 real, 295.3 MB
[runlim] sample:		1663.5 time, 1671.0 real, 295.3 MB
[runlim] sample:		1673.5 time, 1681.0 real, 295.3 MB
[runlim] sample:		1683.5 time, 1691.0 real, 305.3 MB
[runlim] sample:		1693.5 time, 1701.0 real, 319.0 MB
[runlim] sample:		1703.5 time, 1711.0 real, 297.8 MB
[runlim] sample:		1713.5 time, 1721.0 real, 297.8 MB
[runlim] sample:		1723.5 time, 1731.0 real, 297.8 MB
[runlim] sample:		1733.5 time, 1741.0 real, 299.6 MB
[runlim] sample:		1743.5 time, 1751.0 real, 300.4 MB
[runlim] sample:		1753.5 time, 1761.0 real, 300.4 MB
[runlim] sample:		1763.5 time, 1771.0 real, 305.0 MB
[runlim] sample:		1773.5 time, 1781.0 real, 305.0 MB
[runlim] sample:		1783.5 time, 1791.0 real, 305.0 MB
[runlim] sample:		1793.5 time, 1801.0 real, 306.0 MB
CVC4 interrupted by SIGTERM.
[runlim] end:			Sun Feb  3 13:24:26 2019
[runlim] status:		out of time
[runlim] result:		2
[runlim] children:		0
[runlim] real:			1807.62 seconds
[runlim] time:			1800.06 seconds
[runlim] space:			319.0 MB
[runlim] samples:		18066
