[runlim] version:		1.10fixed
[runlim] time limit:		300 seconds
[runlim] real time limit:	311040000 seconds
[runlim] space limit:		4000 MB
[runlim] argv[0]:		./cvc4
[runlim] argv[1]:		--nl-ext-tplanes
[runlim] argv[2]:		--full-saturate-quant
[runlim] argv[3]:		--no-e-matching
[runlim] argv[4]:		/tmp/b5rprwQY.smt2
[runlim] start:			Mon Jan 28 10:49:23 2019
[runlim] main pid:		20930
[runlim] sample:		7.8 time, 10.8 real, 39.0 MB
[runlim] end:			Mon Jan 28 10:49:38 2019
[runlim] status:		ok
[runlim] result:		0
[runlim] children:		0
[runlim] real:			15.05 seconds
[runlim] time:			11.08 seconds
[runlim] space:			40.0 MB
[runlim] samples:		142
