[runlim] version:		1.10fixed
[runlim] time limit:		1800 seconds
[runlim] real time limit:	311040000 seconds
[runlim] space limit:		4000 MB
[runlim] argv[0]:		./cvc4
[runlim] argv[1]:		--nl-ext-tplanes
[runlim] argv[2]:		--full-saturate-quant
[runlim] argv[3]:		--no-e-matching
[runlim] argv[4]:		/tmp/BCRofWEY.smt2
[runlim] start:			Tue Feb 19 02:05:13 2019
[runlim] main pid:		26471
[runlim] sample:		9.3 time, 10.7 real, 54.5 MB
[runlim] sample:		19.3 time, 20.7 real, 67.7 MB
[runlim] sample:		29.3 time, 30.7 real, 78.5 MB
[runlim] sample:		37.9 time, 40.7 real, 86.6 MB
[runlim] sample:		47.1 time, 50.7 real, 92.4 MB
[runlim] sample:		55.7 time, 60.7 real, 98.1 MB
[runlim] sample:		63.9 time, 70.7 real, 102.2 MB
[runlim] sample:		73.9 time, 80.7 real, 107.6 MB
[runlim] sample:		83.9 time, 90.7 real, 111.2 MB
[runlim] sample:		93.9 time, 100.7 real, 115.8 MB
[runlim] sample:		102.3 time, 110.7 real, 119.2 MB
[runlim] sample:		112.3 time, 120.7 real, 122.0 MB
[runlim] sample:		121.8 time, 130.7 real, 127.6 MB
[runlim] sample:		131.8 time, 140.7 real, 130.2 MB
[runlim] sample:		141.8 time, 150.7 real, 133.3 MB
[runlim] sample:		151.7 time, 160.7 real, 136.9 MB
[runlim] sample:		161.7 time, 170.7 real, 140.7 MB
[runlim] sample:		171.7 time, 180.7 real, 143.6 MB
[runlim] sample:		181.7 time, 190.7 real, 146.7 MB
[runlim] sample:		191.7 time, 200.7 real, 151.0 MB
[runlim] sample:		201.3 time, 210.7 real, 154.4 MB
[runlim] sample:		211.0 time, 220.7 real, 157.5 MB
[runlim] sample:		219.8 time, 230.7 real, 157.8 MB
[runlim] sample:		228.6 time, 240.7 real, 160.5 MB
[runlim] sample:		238.4 time, 250.7 real, 163.1 MB
[runlim] sample:		248.4 time, 260.7 real, 165.7 MB
[runlim] sample:		258.4 time, 270.7 real, 167.0 MB
[runlim] sample:		268.4 time, 280.7 real, 169.0 MB
[runlim] sample:		278.4 time, 290.7 real, 171.9 MB
[runlim] sample:		288.4 time, 300.7 real, 173.4 MB
[runlim] sample:		298.4 time, 310.7 real, 175.0 MB
[runlim] sample:		308.4 time, 320.7 real, 178.1 MB
[runlim] sample:		318.4 time, 330.7 real, 179.1 MB
[runlim] sample:		328.4 time, 340.7 real, 181.1 MB
[runlim] sample:		338.4 time, 350.7 real, 183.7 MB
[runlim] sample:		348.4 time, 360.7 real, 184.8 MB
[runlim] sample:		358.4 time, 370.7 real, 187.1 MB
[runlim] sample:		368.4 time, 380.7 real, 188.1 MB
[runlim] sample:		378.4 time, 390.7 real, 189.7 MB
[runlim] sample:		388.4 time, 400.7 real, 193.0 MB
[runlim] sample:		398.4 time, 410.7 real, 194.8 MB
[runlim] sample:		408.4 time, 420.7 real, 195.8 MB
[runlim] sample:		418.4 time, 430.7 real, 197.4 MB
[runlim] sample:		428.4 time, 440.7 real, 198.2 MB
[runlim] sample:		438.4 time, 450.7 real, 199.4 MB
[runlim] sample:		448.4 time, 460.7 real, 200.2 MB
[runlim] sample:		458.4 time, 470.7 real, 202.0 MB
[runlim] sample:		468.4 time, 480.7 real, 204.1 MB
[runlim] sample:		478.4 time, 490.7 real, 205.4 MB
[runlim] sample:		488.4 time, 500.7 real, 206.1 MB
[runlim] sample:		498.4 time, 510.7 real, 208.5 MB
[runlim] sample:		508.4 time, 520.7 real, 209.2 MB
[runlim] sample:		518.4 time, 530.7 real, 211.3 MB
[runlim] sample:		528.4 time, 540.7 real, 212.3 MB
[runlim] sample:		538.4 time, 550.7 real, 216.5 MB
[runlim] sample:		548.4 time, 560.7 real, 217.2 MB
[runlim] sample:		558.4 time, 570.7 real, 219.6 MB
[runlim] sample:		568.4 time, 580.7 real, 219.6 MB
[runlim] sample:		578.4 time, 590.7 real, 222.4 MB
[runlim] sample:		588.4 time, 600.7 real, 222.7 MB
[runlim] sample:		598.4 time, 610.7 real, 224.7 MB
[runlim] sample:		608.4 time, 620.7 real, 225.5 MB
[runlim] sample:		618.4 time, 630.7 real, 226.0 MB
[runlim] sample:		628.4 time, 640.7 real, 228.3 MB
[runlim] sample:		638.4 time, 650.7 real, 229.1 MB
[runlim] sample:		648.4 time, 660.7 real, 231.2 MB
[runlim] sample:		658.4 time, 670.7 real, 232.2 MB
[runlim] sample:		668.4 time, 680.7 real, 233.0 MB
[runlim] sample:		678.4 time, 690.7 real, 234.8 MB
[runlim] sample:		688.4 time, 700.7 real, 236.6 MB
[runlim] sample:		698.4 time, 710.7 real, 236.9 MB
[runlim] sample:		708.4 time, 720.7 real, 239.7 MB
[runlim] sample:		718.4 time, 730.7 real, 239.7 MB
[runlim] sample:		728.4 time, 740.7 real, 239.7 MB
[runlim] sample:		738.4 time, 750.7 real, 241.5 MB
[runlim] sample:		748.4 time, 760.7 real, 243.3 MB
[runlim] sample:		758.4 time, 770.7 real, 243.6 MB
[runlim] sample:		768.4 time, 780.7 real, 244.8 MB
[runlim] sample:		778.4 time, 790.7 real, 245.4 MB
[runlim] sample:		788.4 time, 800.7 real, 245.4 MB
[runlim] sample:		798.4 time, 810.7 real, 247.4 MB
[runlim] sample:		808.4 time, 820.7 real, 247.7 MB
[runlim] sample:		818.4 time, 830.7 real, 248.2 MB
[runlim] sample:		828.4 time, 840.7 real, 255.1 MB
[runlim] sample:		838.4 time, 850.7 real, 255.6 MB
[runlim] sample:		848.4 time, 860.7 real, 256.1 MB
[runlim] sample:		858.4 time, 870.7 real, 258.9 MB
[runlim] sample:		868.4 time, 880.7 real, 259.2 MB
[runlim] sample:		878.4 time, 890.7 real, 259.7 MB
[runlim] sample:		888.4 time, 900.7 real, 262.0 MB
[runlim] sample:		898.4 time, 910.7 real, 262.0 MB
[runlim] sample:		908.4 time, 920.7 real, 262.6 MB
[runlim] sample:		918.4 time, 930.7 real, 266.4 MB
[runlim] sample:		928.4 time, 940.7 real, 266.7 MB
[runlim] sample:		938.4 time, 950.7 real, 266.7 MB
[runlim] sample:		948.4 time, 960.7 real, 268.7 MB
[runlim] sample:		958.4 time, 970.7 real, 269.5 MB
[runlim] sample:		968.4 time, 980.7 real, 270.0 MB
[runlim] sample:		978.4 time, 990.7 real, 272.1 MB
[runlim] sample:		988.4 time, 1000.7 real, 272.6 MB
[runlim] sample:		998.4 time, 1010.7 real, 272.6 MB
[runlim] sample:		1008.4 time, 1020.7 real, 275.7 MB
[runlim] sample:		1018.4 time, 1030.7 real, 275.7 MB
[runlim] sample:		1028.3 time, 1040.7 real, 279.6 MB
[runlim] sample:		1038.3 time, 1050.7 real, 279.6 MB
[runlim] sample:		1048.3 time, 1060.7 real, 280.9 MB
[runlim] sample:		1058.3 time, 1070.7 real, 281.1 MB
[runlim] sample:		1068.3 time, 1080.7 real, 281.4 MB
[runlim] sample:		1078.3 time, 1090.7 real, 283.9 MB
[runlim] sample:		1088.3 time, 1100.7 real, 284.2 MB
[runlim] sample:		1098.3 time, 1110.7 real, 284.2 MB
[runlim] sample:		1108.3 time, 1120.7 real, 286.5 MB
[runlim] sample:		1118.3 time, 1130.7 real, 287.3 MB
[runlim] sample:		1128.3 time, 1140.7 real, 287.3 MB
[runlim] sample:		1138.3 time, 1150.7 real, 287.6 MB
[runlim] sample:		1148.3 time, 1160.7 real, 289.9 MB
[runlim] sample:		1158.3 time, 1170.7 real, 290.1 MB
[runlim] sample:		1168.3 time, 1180.7 real, 290.1 MB
[runlim] sample:		1178.3 time, 1190.7 real, 290.9 MB
[runlim] sample:		1188.3 time, 1200.7 real, 293.7 MB
[runlim] sample:		1198.3 time, 1210.7 real, 296.6 MB
[runlim] sample:		1208.3 time, 1220.7 real, 297.1 MB
[runlim] sample:		1218.3 time, 1230.7 real, 297.1 MB
[runlim] sample:		1228.3 time, 1240.7 real, 297.1 MB
[runlim] sample:		1238.3 time, 1250.7 real, 298.4 MB
[runlim] sample:		1248.3 time, 1260.7 real, 299.9 MB
[runlim] sample:		1258.3 time, 1270.7 real, 299.9 MB
[runlim] sample:		1268.3 time, 1280.7 real, 300.7 MB
[runlim] sample:		1278.3 time, 1290.7 real, 300.9 MB
[runlim] sample:		1288.3 time, 1300.7 real, 300.9 MB
[runlim] sample:		1298.3 time, 1310.7 real, 302.0 MB
[runlim] sample:		1308.3 time, 1320.7 real, 302.0 MB
[runlim] sample:		1318.3 time, 1330.7 real, 305.1 MB
[runlim] sample:		1328.3 time, 1340.7 real, 306.9 MB
[runlim] sample:		1338.3 time, 1350.7 real, 306.9 MB
[runlim] sample:		1348.3 time, 1360.7 real, 306.9 MB
[runlim] sample:		1358.3 time, 1370.7 real, 310.2 MB
[runlim] sample:		1368.3 time, 1380.7 real, 310.2 MB
[runlim] sample:		1378.3 time, 1390.7 real, 310.5 MB
[runlim] sample:		1388.3 time, 1400.7 real, 310.5 MB
[runlim] sample:		1398.3 time, 1410.7 real, 314.9 MB
[runlim] sample:		1408.3 time, 1420.7 real, 314.9 MB
[runlim] sample:		1418.3 time, 1430.7 real, 314.9 MB
[runlim] sample:		1428.3 time, 1440.7 real, 315.1 MB
[runlim] sample:		1438.3 time, 1450.7 real, 315.1 MB
[runlim] sample:		1448.3 time, 1460.7 real, 315.1 MB
[runlim] sample:		1458.3 time, 1470.7 real, 317.2 MB
[runlim] sample:		1468.3 time, 1480.7 real, 317.2 MB
[runlim] sample:		1478.3 time, 1490.7 real, 320.0 MB
[runlim] sample:		1488.3 time, 1500.7 real, 320.0 MB
[runlim] sample:		1498.3 time, 1510.7 real, 320.0 MB
[runlim] sample:		1508.3 time, 1520.7 real, 322.1 MB
[runlim] sample:		1518.3 time, 1530.7 real, 322.3 MB
[runlim] sample:		1528.3 time, 1540.7 real, 323.1 MB
[runlim] sample:		1538.3 time, 1550.7 real, 326.4 MB
[runlim] sample:		1548.3 time, 1560.7 real, 326.4 MB
[runlim] sample:		1558.3 time, 1570.7 real, 326.4 MB
[runlim] sample:		1568.3 time, 1580.7 real, 326.7 MB
[runlim] sample:		1578.3 time, 1590.7 real, 327.7 MB
[runlim] sample:		1588.3 time, 1600.7 real, 327.7 MB
[runlim] sample:		1598.3 time, 1610.7 real, 328.0 MB
[runlim] sample:		1608.3 time, 1620.7 real, 328.0 MB
[runlim] sample:		1618.3 time, 1630.7 real, 328.0 MB
[runlim] sample:		1628.3 time, 1640.7 real, 328.3 MB
[runlim] sample:		1638.3 time, 1650.7 real, 329.5 MB
[runlim] sample:		1648.3 time, 1660.7 real, 329.5 MB
[runlim] sample:		1658.3 time, 1670.7 real, 329.5 MB
[runlim] sample:		1668.3 time, 1680.7 real, 329.5 MB
[runlim] sample:		1678.3 time, 1690.7 real, 329.8 MB
[runlim] sample:		1688.3 time, 1700.7 real, 333.7 MB
[runlim] sample:		1698.3 time, 1710.7 real, 333.7 MB
[runlim] sample:		1708.3 time, 1720.7 real, 333.7 MB
[runlim] sample:		1718.3 time, 1730.7 real, 333.7 MB
[runlim] sample:		1728.3 time, 1740.7 real, 333.7 MB
[runlim] sample:		1738.3 time, 1750.7 real, 336.5 MB
[runlim] sample:		1748.3 time, 1760.7 real, 336.5 MB
[runlim] sample:		1758.3 time, 1770.7 real, 336.8 MB
[runlim] sample:		1768.3 time, 1780.7 real, 336.8 MB
[runlim] sample:		1778.3 time, 1790.7 real, 336.8 MB
[runlim] sample:		1788.3 time, 1800.7 real, 339.6 MB
[runlim] sample:		1798.3 time, 1810.7 real, 339.6 MB
CVC4 interrupted by SIGTERM.
[runlim] end:			Tue Feb 19 02:35:25 2019
[runlim] status:		out of time
[runlim] result:		2
[runlim] children:		0
[runlim] real:			1812.49 seconds
[runlim] time:			1800.07 seconds
[runlim] space:			339.6 MB
[runlim] samples:		18118
