[runlim] version:		1.10fixed
[runlim] time limit:		300 seconds
[runlim] real time limit:	311040000 seconds
[runlim] space limit:		4000 MB
[runlim] argv[0]:		./cvc4
[runlim] argv[1]:		--nl-ext-tplanes
[runlim] argv[2]:		--full-saturate-quant
[runlim] argv[3]:		--no-e-matching
[runlim] argv[4]:		/tmp/7j7aOU6u.smt2
[runlim] start:			Tue Jan 29 13:43:42 2019
[runlim] main pid:		30636
[runlim] sample:		8.0 time, 10.9 real, 39.2 MB
[runlim] sample:		16.0 time, 20.9 real, 48.3 MB
[runlim] sample:		25.8 time, 30.9 real, 51.2 MB
[runlim] sample:		35.8 time, 40.9 real, 57.8 MB
[runlim] sample:		45.8 time, 50.9 real, 63.5 MB
[runlim] sample:		55.3 time, 60.9 real, 67.1 MB
[runlim] sample:		64.7 time, 70.9 real, 70.5 MB
[runlim] sample:		73.9 time, 80.9 real, 77.7 MB
[runlim] sample:		83.5 time, 90.9 real, 82.1 MB
[runlim] sample:		92.8 time, 100.9 real, 84.5 MB
[runlim] sample:		102.2 time, 110.9 real, 87.6 MB
[runlim] sample:		112.0 time, 120.9 real, 91.9 MB
[runlim] sample:		121.6 time, 130.9 real, 95.3 MB
[runlim] sample:		130.9 time, 140.9 real, 97.3 MB
[runlim] sample:		140.8 time, 150.9 real, 97.9 MB
[runlim] sample:		150.3 time, 160.9 real, 98.6 MB
[runlim] sample:		158.9 time, 170.9 real, 102.2 MB
[runlim] sample:		167.2 time, 180.9 real, 103.0 MB
[runlim] sample:		177.2 time, 190.9 real, 106.6 MB
[runlim] sample:		186.3 time, 200.9 real, 110.5 MB
[runlim] sample:		195.7 time, 210.9 real, 112.8 MB
[runlim] sample:		205.3 time, 220.9 real, 112.8 MB
[runlim] sample:		215.0 time, 230.9 real, 112.8 MB
[runlim] sample:		224.8 time, 240.9 real, 116.7 MB
[runlim] sample:		234.8 time, 250.9 real, 116.7 MB
[runlim] sample:		244.6 time, 260.9 real, 116.9 MB
[runlim] sample:		254.1 time, 270.9 real, 116.9 MB
[runlim] sample:		263.2 time, 280.9 real, 123.6 MB
[runlim] sample:		272.8 time, 290.9 real, 123.6 MB
[runlim] sample:		282.6 time, 300.9 real, 129.8 MB
[runlim] sample:		292.6 time, 310.9 real, 129.8 MB
CVC4 interrupted by SIGTERM.
[runlim] end:			Tue Jan 29 13:49:00 2019
[runlim] status:		out of time
[runlim] result:		2
[runlim] children:		0
[runlim] real:			318.34 seconds
[runlim] time:			300.03 seconds
[runlim] space:			131.1 MB
[runlim] samples:		3174
