[runlim] version:		1.10fixed
[runlim] time limit:		300 seconds
[runlim] real time limit:	311040000 seconds
[runlim] space limit:		4000 MB
[runlim] argv[0]:		./cvc4
[runlim] argv[1]:		--nl-ext-tplanes
[runlim] argv[2]:		--full-saturate-quant
[runlim] argv[3]:		--no-e-matching
[runlim] argv[4]:		/tmp/0s3fYsLc.smt2
[runlim] start:			Tue Jan 29 13:54:18 2019
[runlim] main pid:		8938
[runlim] sample:		9.4 time, 10.2 real, 47.3 MB
[runlim] sample:		19.2 time, 20.2 real, 57.3 MB
[runlim] sample:		29.2 time, 30.2 real, 64.9 MB
[runlim] sample:		38.9 time, 40.2 real, 70.8 MB
[runlim] sample:		48.1 time, 50.2 real, 76.6 MB
[runlim] sample:		57.5 time, 60.2 real, 81.7 MB
[runlim] sample:		67.5 time, 70.2 real, 85.3 MB
[runlim] sample:		77.5 time, 80.2 real, 90.5 MB
[runlim] sample:		87.5 time, 90.2 real, 96.4 MB
[runlim] sample:		97.5 time, 100.2 real, 97.2 MB
[runlim] sample:		106.8 time, 110.2 real, 100.0 MB
[runlim] sample:		116.1 time, 120.2 real, 104.7 MB
[runlim] sample:		125.8 time, 130.2 real, 109.8 MB
[runlim] sample:		135.8 time, 140.2 real, 112.1 MB
[runlim] sample:		145.5 time, 150.2 real, 112.6 MB
[runlim] sample:		155.3 time, 160.2 real, 116.7 MB
[runlim] sample:		164.9 time, 170.2 real, 118.3 MB
[runlim] sample:		173.2 time, 180.2 real, 119.2 MB
[runlim] sample:		181.3 time, 190.2 real, 120.7 MB
[runlim] sample:		189.4 time, 200.2 real, 123.5 MB
[runlim] sample:		197.2 time, 210.2 real, 126.4 MB
[runlim] sample:		205.9 time, 220.2 real, 132.0 MB
[runlim] sample:		213.9 time, 230.2 real, 133.1 MB
[runlim] sample:		222.5 time, 240.2 real, 134.3 MB
[runlim] sample:		231.6 time, 250.2 real, 136.3 MB
[runlim] sample:		241.4 time, 260.2 real, 139.4 MB
[runlim] sample:		251.4 time, 270.2 real, 140.7 MB
[runlim] sample:		261.4 time, 280.2 real, 142.2 MB
[runlim] sample:		270.2 time, 290.2 real, 145.1 MB
[runlim] sample:		277.4 time, 300.2 real, 146.1 MB
[runlim] sample:		284.2 time, 310.2 real, 149.2 MB
[runlim] sample:		293.8 time, 320.2 real, 149.7 MB
CVC4 interrupted by SIGTERM.
[runlim] end:			Tue Jan 29 13:59:44 2019
[runlim] status:		out of time
[runlim] result:		2
[runlim] children:		0
[runlim] real:			326.94 seconds
[runlim] time:			300.06 seconds
[runlim] space:			150.0 MB
[runlim] samples:		3267
