[runlim] version:		1.10fixed
[runlim] time limit:		1800 seconds
[runlim] real time limit:	311040000 seconds
[runlim] space limit:		4000 MB
[runlim] argv[0]:		./cvc4
[runlim] argv[1]:		--nl-ext-tplanes
[runlim] argv[2]:		--full-saturate-quant
[runlim] argv[3]:		--no-e-matching
[runlim] argv[4]:		/tmp/7jpIYQlc.smt2
[runlim] start:			Fri Feb 15 02:14:13 2019
[runlim] main pid:		28807
[runlim] sample:		7.7 time, 10.7 real, 49.9 MB
[runlim] sample:		17.1 time, 20.7 real, 63.6 MB
[runlim] sample:		25.7 time, 30.7 real, 72.4 MB
[runlim] sample:		33.7 time, 40.7 real, 80.6 MB
[runlim] sample:		42.1 time, 50.7 real, 87.0 MB
[runlim] sample:		50.9 time, 60.7 real, 91.1 MB
[runlim] sample:		59.1 time, 70.7 real, 96.3 MB
[runlim] sample:		67.3 time, 80.7 real, 102.3 MB
[runlim] sample:		75.8 time, 90.7 real, 104.8 MB
[runlim] sample:		83.7 time, 100.7 real, 108.7 MB
[runlim] sample:		91.5 time, 110.7 real, 111.3 MB
[runlim] sample:		100.3 time, 120.7 real, 116.5 MB
[runlim] sample:		110.3 time, 130.7 real, 120.6 MB
[runlim] sample:		120.3 time, 140.7 real, 123.4 MB
[runlim] sample:		129.7 time, 150.7 real, 128.1 MB
[runlim] sample:		138.3 time, 160.7 real, 130.9 MB
[runlim] sample:		146.9 time, 170.7 real, 132.4 MB
[runlim] sample:		155.9 time, 180.7 real, 135.0 MB
[runlim] sample:		165.5 time, 190.7 real, 138.1 MB
[runlim] sample:		175.1 time, 200.7 real, 141.5 MB
[runlim] sample:		183.3 time, 210.7 real, 143.3 MB
[runlim] sample:		191.5 time, 220.7 real, 146.4 MB
[runlim] sample:		199.7 time, 230.7 real, 147.9 MB
[runlim] sample:		207.9 time, 240.7 real, 150.0 MB
[runlim] sample:		217.2 time, 250.7 real, 152.5 MB
[runlim] sample:		226.5 time, 260.7 real, 156.3 MB
[runlim] sample:		236.3 time, 270.7 real, 162.0 MB
[runlim] sample:		246.2 time, 280.7 real, 164.8 MB
[runlim] sample:		256.3 time, 290.7 real, 165.6 MB
[runlim] sample:		266.2 time, 300.7 real, 167.1 MB
[runlim] sample:		276.2 time, 310.7 real, 168.4 MB
[runlim] sample:		286.2 time, 320.7 real, 170.0 MB
[runlim] sample:		296.2 time, 330.7 real, 172.3 MB
[runlim] sample:		306.2 time, 340.7 real, 173.6 MB
[runlim] sample:		314.3 time, 350.7 real, 180.9 MB
[runlim] sample:		324.3 time, 360.7 real, 184.8 MB
[runlim] sample:		333.5 time, 370.7 real, 185.3 MB
[runlim] sample:		341.5 time, 380.7 real, 186.3 MB
[runlim] sample:		349.5 time, 390.7 real, 188.4 MB
[runlim] sample:		358.9 time, 400.7 real, 188.9 MB
[runlim] sample:		368.7 time, 410.7 real, 189.9 MB
[runlim] sample:		376.8 time, 420.7 real, 189.9 MB
[runlim] sample:		386.7 time, 430.7 real, 192.8 MB
[runlim] sample:		396.7 time, 440.7 real, 193.8 MB
[runlim] sample:		406.6 time, 450.7 real, 195.3 MB
[runlim] sample:		416.6 time, 460.7 real, 201.0 MB
[runlim] sample:		425.5 time, 470.7 real, 204.6 MB
[runlim] sample:		435.5 time, 480.7 real, 204.6 MB
[runlim] sample:		445.5 time, 490.7 real, 205.1 MB
[runlim] sample:		455.1 time, 500.7 real, 205.6 MB
[runlim] sample:		463.4 time, 510.7 real, 206.7 MB
[runlim] sample:		471.7 time, 520.7 real, 206.9 MB
[runlim] sample:		480.1 time, 530.7 real, 209.3 MB
[runlim] sample:		488.4 time, 540.7 real, 210.0 MB
[runlim] sample:		496.7 time, 550.7 real, 210.5 MB
[runlim] sample:		505.1 time, 560.7 real, 212.4 MB
[runlim] sample:		513.4 time, 570.7 real, 212.6 MB
[runlim] sample:		522.2 time, 580.7 real, 216.5 MB
[runlim] sample:		532.1 time, 590.7 real, 218.5 MB
[runlim] sample:		541.5 time, 600.7 real, 220.9 MB
[runlim] sample:		549.9 time, 610.7 real, 221.6 MB
[runlim] sample:		558.2 time, 620.7 real, 221.9 MB
[runlim] sample:		566.5 time, 630.7 real, 223.2 MB
[runlim] sample:		574.9 time, 640.7 real, 223.2 MB
[runlim] sample:		583.7 time, 650.7 real, 224.2 MB
[runlim] sample:		593.3 time, 660.7 real, 224.2 MB
[runlim] sample:		603.1 time, 670.7 real, 225.5 MB
[runlim] sample:		612.6 time, 680.7 real, 226.5 MB
[runlim] sample:		622.4 time, 690.7 real, 226.5 MB
[runlim] sample:		632.4 time, 700.7 real, 228.3 MB
[runlim] sample:		642.1 time, 710.7 real, 228.6 MB
[runlim] sample:		652.1 time, 720.7 real, 233.2 MB
[runlim] sample:		662.0 time, 730.7 real, 235.8 MB
[runlim] sample:		672.0 time, 740.7 real, 236.8 MB
[runlim] sample:		682.0 time, 750.7 real, 237.6 MB
[runlim] sample:		692.0 time, 760.7 real, 237.9 MB
[runlim] sample:		702.0 time, 770.7 real, 239.4 MB
[runlim] sample:		712.0 time, 780.7 real, 240.4 MB
[runlim] sample:		722.0 time, 790.7 real, 240.4 MB
[runlim] sample:		732.0 time, 800.7 real, 243.0 MB
[runlim] sample:		742.0 time, 810.7 real, 243.8 MB
[runlim] sample:		751.5 time, 820.7 real, 244.3 MB
[runlim] sample:		760.3 time, 830.7 real, 244.8 MB
[runlim] sample:		768.6 time, 840.7 real, 245.8 MB
[runlim] sample:		778.0 time, 850.7 real, 245.8 MB
[runlim] sample:		788.0 time, 860.7 real, 254.8 MB
[runlim] sample:		798.0 time, 870.7 real, 256.3 MB
[runlim] sample:		807.8 time, 880.7 real, 258.4 MB
[runlim] sample:		817.7 time, 890.7 real, 258.6 MB
[runlim] sample:		827.4 time, 900.7 real, 260.2 MB
[runlim] sample:		837.1 time, 910.7 real, 260.2 MB
[runlim] sample:		847.1 time, 920.7 real, 261.2 MB
[runlim] sample:		857.1 time, 930.7 real, 261.2 MB
[runlim] sample:		867.1 time, 940.7 real, 261.7 MB
[runlim] sample:		876.5 time, 950.7 real, 261.7 MB
[runlim] sample:		886.2 time, 960.7 real, 263.8 MB
[runlim] sample:		895.9 time, 970.7 real, 263.8 MB
[runlim] sample:		905.6 time, 980.7 real, 263.8 MB
[runlim] sample:		914.1 time, 990.7 real, 264.8 MB
[runlim] sample:		922.7 time, 1000.7 real, 264.8 MB
[runlim] sample:		931.4 time, 1010.7 real, 266.8 MB
[runlim] sample:		939.1 time, 1020.7 real, 267.1 MB
[runlim] sample:		947.5 time, 1030.7 real, 268.9 MB
[runlim] sample:		957.1 time, 1040.7 real, 275.1 MB
[runlim] sample:		966.8 time, 1050.7 real, 284.5 MB
[runlim] sample:		976.2 time, 1060.7 real, 284.5 MB
[runlim] sample:		985.0 time, 1070.7 real, 286.8 MB
[runlim] sample:		993.7 time, 1080.7 real, 286.8 MB
[runlim] sample:		1001.8 time, 1090.7 real, 287.1 MB
[runlim] sample:		1011.8 time, 1100.7 real, 288.1 MB
[runlim] sample:		1019.7 time, 1110.7 real, 288.1 MB
[runlim] sample:		1029.3 time, 1120.7 real, 288.4 MB
[runlim] sample:		1039.3 time, 1130.7 real, 288.4 MB
[runlim] sample:		1049.3 time, 1140.7 real, 288.4 MB
[runlim] sample:		1059.3 time, 1150.7 real, 289.4 MB
[runlim] sample:		1069.0 time, 1160.7 real, 289.4 MB
[runlim] sample:		1078.0 time, 1170.7 real, 289.4 MB
[runlim] sample:		1086.8 time, 1180.7 real, 289.4 MB
[runlim] sample:		1096.8 time, 1190.7 real, 289.6 MB
[runlim] sample:		1106.5 time, 1200.7 real, 292.5 MB
[runlim] sample:		1114.3 time, 1210.7 real, 292.5 MB
[runlim] sample:		1124.2 time, 1220.7 real, 293.0 MB
[runlim] sample:		1134.2 time, 1230.7 real, 296.6 MB
[runlim] sample:		1144.2 time, 1240.7 real, 296.9 MB
[runlim] sample:		1154.2 time, 1250.7 real, 299.7 MB
[runlim] sample:		1164.2 time, 1260.7 real, 303.3 MB
[runlim] sample:		1173.2 time, 1270.7 real, 303.3 MB
[runlim] sample:		1183.2 time, 1280.7 real, 305.4 MB
[runlim] sample:		1193.2 time, 1290.7 real, 305.4 MB
[runlim] sample:		1201.8 time, 1300.7 real, 305.6 MB
[runlim] sample:		1211.7 time, 1310.7 real, 305.6 MB
[runlim] sample:		1221.0 time, 1320.7 real, 305.6 MB
[runlim] sample:		1230.3 time, 1330.7 real, 305.6 MB
[runlim] sample:		1240.3 time, 1340.7 real, 305.9 MB
[runlim] sample:		1249.5 time, 1350.7 real, 305.9 MB
[runlim] sample:		1257.2 time, 1360.7 real, 306.4 MB
[runlim] sample:		1265.0 time, 1370.7 real, 306.9 MB
[runlim] sample:		1272.7 time, 1380.7 real, 307.2 MB
[runlim] sample:		1280.8 time, 1390.7 real, 307.2 MB
[runlim] sample:		1290.7 time, 1400.7 real, 307.4 MB
[runlim] sample:		1300.4 time, 1410.7 real, 307.4 MB
[runlim] sample:		1309.9 time, 1420.7 real, 311.0 MB
[runlim] sample:		1319.8 time, 1430.7 real, 311.0 MB
[runlim] sample:		1328.9 time, 1440.7 real, 311.3 MB
[runlim] sample:		1337.6 time, 1450.7 real, 311.3 MB
[runlim] sample:		1346.8 time, 1460.7 real, 315.9 MB
[runlim] sample:		1356.1 time, 1470.7 real, 316.2 MB
[runlim] sample:		1365.4 time, 1480.7 real, 318.0 MB
[runlim] sample:		1374.6 time, 1490.7 real, 320.6 MB
[runlim] sample:		1383.8 time, 1500.7 real, 320.6 MB
[runlim] sample:		1392.7 time, 1510.7 real, 322.4 MB
[runlim] sample:		1401.9 time, 1520.7 real, 322.4 MB
[runlim] sample:		1411.2 time, 1530.7 real, 322.6 MB
[runlim] sample:		1420.5 time, 1540.7 real, 322.6 MB
[runlim] sample:		1429.9 time, 1550.7 real, 322.6 MB
[runlim] sample:		1438.9 time, 1560.7 real, 322.6 MB
[runlim] sample:		1448.4 time, 1570.7 real, 323.1 MB
[runlim] sample:		1458.4 time, 1580.7 real, 323.1 MB
[runlim] sample:		1468.3 time, 1590.7 real, 323.4 MB
[runlim] sample:		1478.3 time, 1600.7 real, 323.4 MB
[runlim] sample:		1488.3 time, 1610.7 real, 324.9 MB
[runlim] sample:		1498.3 time, 1620.7 real, 324.9 MB
[runlim] sample:		1508.3 time, 1630.7 real, 324.9 MB
[runlim] sample:		1518.0 time, 1640.7 real, 324.9 MB
[runlim] sample:		1527.1 time, 1650.7 real, 331.4 MB
[runlim] sample:		1536.8 time, 1660.7 real, 331.4 MB
[runlim] sample:		1546.8 time, 1670.7 real, 331.4 MB
[runlim] sample:		1556.8 time, 1680.7 real, 331.4 MB
[runlim] sample:		1566.8 time, 1690.7 real, 332.4 MB
[runlim] sample:		1576.8 time, 1700.7 real, 334.2 MB
[runlim] sample:		1585.4 time, 1710.7 real, 334.7 MB
[runlim] sample:		1594.6 time, 1720.7 real, 336.8 MB
[runlim] sample:		1604.2 time, 1730.7 real, 337.6 MB
[runlim] sample:		1613.4 time, 1740.7 real, 337.6 MB
[runlim] sample:		1622.7 time, 1750.7 real, 337.6 MB
[runlim] sample:		1632.1 time, 1760.7 real, 337.6 MB
[runlim] sample:		1641.4 time, 1770.7 real, 337.6 MB
[runlim] sample:		1650.8 time, 1780.7 real, 337.6 MB
[runlim] sample:		1660.1 time, 1790.7 real, 337.6 MB
[runlim] sample:		1669.5 time, 1800.7 real, 337.8 MB
[runlim] sample:		1678.3 time, 1810.7 real, 337.8 MB
[runlim] sample:		1687.4 time, 1820.7 real, 337.8 MB
[runlim] sample:		1697.4 time, 1830.7 real, 338.4 MB
[runlim] sample:		1707.4 time, 1840.7 real, 338.4 MB
[runlim] sample:		1717.4 time, 1850.7 real, 344.0 MB
[runlim] sample:		1727.0 time, 1860.7 real, 344.0 MB
[runlim] sample:		1736.1 time, 1870.7 real, 344.3 MB
[runlim] sample:		1745.4 time, 1880.7 real, 344.3 MB
[runlim] sample:		1754.8 time, 1890.7 real, 344.3 MB
[runlim] sample:		1764.1 time, 1900.7 real, 344.3 MB
[runlim] sample:		1773.4 time, 1910.7 real, 344.3 MB
[runlim] sample:		1782.8 time, 1920.7 real, 344.3 MB
[runlim] sample:		1792.5 time, 1930.7 real, 344.3 MB
CVC4 interrupted by SIGTERM.
[runlim] end:			Fri Feb 15 02:46:31 2019
[runlim] status:		out of time
[runlim] result:		2
[runlim] children:		0
[runlim] real:			1938.96 seconds
[runlim] time:			1800.06 seconds
[runlim] space:			349.7 MB
[runlim] samples:		19382
