[runlim] version:		1.10fixed
[runlim] time limit:		1800 seconds
[runlim] real time limit:	311040000 seconds
[runlim] space limit:		4000 MB
[runlim] argv[0]:		./cvc4
[runlim] argv[1]:		--nl-ext-tplanes
[runlim] argv[2]:		--full-saturate-quant
[runlim] argv[3]:		--no-e-matching
[runlim] argv[4]:		/tmp/V3TpIFc5.smt2
[runlim] start:			Sun Feb  3 12:53:49 2019
[runlim] main pid:		19551
[runlim] sample:		10.0 time, 10.2 real, 47.3 MB
[runlim] sample:		20.0 time, 20.2 real, 69.0 MB
[runlim] sample:		30.0 time, 30.2 real, 77.5 MB
[runlim] sample:		40.0 time, 40.2 real, 82.6 MB
[runlim] sample:		50.0 time, 50.2 real, 88.5 MB
[runlim] sample:		60.0 time, 60.2 real, 92.4 MB
[runlim] sample:		70.0 time, 70.2 real, 104.0 MB
[runlim] sample:		80.0 time, 80.2 real, 116.6 MB
[runlim] sample:		90.0 time, 90.2 real, 117.1 MB
[runlim] sample:		100.0 time, 100.2 real, 123.6 MB
[runlim] sample:		110.0 time, 110.2 real, 123.8 MB
[runlim] sample:		120.0 time, 120.2 real, 124.1 MB
[runlim] sample:		130.0 time, 130.2 real, 124.9 MB
[runlim] sample:		140.0 time, 140.2 real, 125.6 MB
[runlim] sample:		150.0 time, 150.2 real, 126.4 MB
[runlim] sample:		160.0 time, 160.2 real, 126.7 MB
[runlim] sample:		170.0 time, 170.2 real, 126.9 MB
[runlim] sample:		180.0 time, 180.2 real, 129.0 MB
[runlim] sample:		190.0 time, 190.2 real, 130.8 MB
[runlim] sample:		200.0 time, 200.2 real, 132.9 MB
[runlim] sample:		210.0 time, 210.2 real, 135.2 MB
[runlim] sample:		220.0 time, 220.2 real, 137.2 MB
[runlim] sample:		230.0 time, 230.2 real, 138.3 MB
[runlim] sample:		240.0 time, 240.2 real, 140.6 MB
[runlim] sample:		250.0 time, 250.2 real, 143.2 MB
[runlim] sample:		260.0 time, 260.2 real, 147.6 MB
[runlim] sample:		270.0 time, 270.2 real, 148.1 MB
[runlim] sample:		280.0 time, 280.2 real, 150.9 MB
[runlim] sample:		290.0 time, 290.2 real, 152.7 MB
[runlim] sample:		300.0 time, 300.2 real, 154.8 MB
[runlim] sample:		310.0 time, 310.2 real, 156.1 MB
[runlim] sample:		320.0 time, 320.2 real, 157.6 MB
[runlim] sample:		330.0 time, 330.2 real, 159.4 MB
[runlim] sample:		340.0 time, 340.2 real, 162.5 MB
[runlim] sample:		350.0 time, 350.2 real, 164.0 MB
[runlim] sample:		360.0 time, 360.2 real, 166.9 MB
[runlim] sample:		370.0 time, 370.2 real, 167.1 MB
[runlim] sample:		380.0 time, 380.2 real, 171.8 MB
[runlim] sample:		390.0 time, 390.2 real, 172.0 MB
[runlim] sample:		400.0 time, 400.2 real, 173.8 MB
[runlim] sample:		410.0 time, 410.2 real, 175.9 MB
[runlim] sample:		420.0 time, 420.2 real, 178.0 MB
[runlim] sample:		430.0 time, 430.2 real, 179.8 MB
[runlim] sample:		440.0 time, 440.2 real, 180.8 MB
[runlim] sample:		450.0 time, 450.2 real, 182.9 MB
[runlim] sample:		460.0 time, 460.2 real, 184.4 MB
[runlim] sample:		470.0 time, 470.2 real, 185.2 MB
[runlim] sample:		480.0 time, 480.2 real, 185.9 MB
[runlim] sample:		490.0 time, 490.2 real, 187.7 MB
[runlim] sample:		500.0 time, 500.2 real, 189.3 MB
[runlim] sample:		510.0 time, 510.2 real, 191.6 MB
[runlim] sample:		520.0 time, 520.2 real, 192.1 MB
[runlim] sample:		530.0 time, 530.2 real, 195.7 MB
[runlim] sample:		540.0 time, 540.2 real, 196.0 MB
[runlim] sample:		550.0 time, 550.2 real, 197.0 MB
[runlim] sample:		560.0 time, 560.2 real, 197.3 MB
[runlim] sample:		570.0 time, 570.2 real, 200.1 MB
[runlim] sample:		580.0 time, 580.2 real, 200.9 MB
[runlim] sample:		590.0 time, 590.2 real, 202.7 MB
[runlim] sample:		600.0 time, 600.2 real, 203.7 MB
[runlim] sample:		610.0 time, 610.2 real, 205.0 MB
[runlim] sample:		620.0 time, 620.2 real, 207.8 MB
[runlim] sample:		630.0 time, 630.2 real, 207.8 MB
[runlim] sample:		640.0 time, 640.2 real, 209.1 MB
[runlim] sample:		650.0 time, 650.2 real, 209.9 MB
[runlim] sample:		660.0 time, 660.2 real, 211.7 MB
[runlim] sample:		670.0 time, 670.2 real, 212.2 MB
[runlim] sample:		680.0 time, 680.2 real, 213.2 MB
[runlim] sample:		690.0 time, 690.2 real, 215.8 MB
[runlim] sample:		700.0 time, 700.2 real, 216.1 MB
[runlim] sample:		710.0 time, 710.2 real, 217.1 MB
[runlim] sample:		720.0 time, 720.2 real, 218.7 MB
[runlim] sample:		730.0 time, 730.2 real, 219.2 MB
[runlim] sample:		740.0 time, 740.2 real, 220.5 MB
[runlim] sample:		750.0 time, 750.2 real, 221.5 MB
[runlim] sample:		760.0 time, 760.2 real, 223.3 MB
[runlim] sample:		770.0 time, 770.2 real, 223.8 MB
[runlim] sample:		780.0 time, 780.2 real, 225.4 MB
[runlim] sample:		790.0 time, 790.2 real, 225.9 MB
[runlim] sample:		800.0 time, 800.2 real, 227.4 MB
[runlim] sample:		810.0 time, 810.2 real, 227.9 MB
[runlim] sample:		820.0 time, 820.2 real, 229.0 MB
[runlim] sample:		830.0 time, 830.2 real, 230.2 MB
[runlim] sample:		840.0 time, 840.2 real, 230.8 MB
[runlim] sample:		850.0 time, 850.2 real, 232.6 MB
[runlim] sample:		860.0 time, 860.2 real, 233.3 MB
[runlim] sample:		870.0 time, 870.2 real, 234.4 MB
[runlim] sample:		880.0 time, 880.2 real, 235.4 MB
[runlim] sample:		890.0 time, 890.2 real, 236.9 MB
[runlim] sample:		900.0 time, 900.2 real, 237.2 MB
[runlim] sample:		910.0 time, 910.2 real, 240.0 MB
[runlim] sample:		920.0 time, 920.2 real, 242.6 MB
[runlim] sample:		930.0 time, 930.2 real, 242.9 MB
[runlim] sample:		940.0 time, 940.2 real, 242.9 MB
[runlim] sample:		950.0 time, 950.2 real, 243.6 MB
[runlim] sample:		960.0 time, 960.2 real, 244.2 MB
[runlim] sample:		970.0 time, 970.2 real, 247.2 MB
[runlim] sample:		980.0 time, 980.2 real, 248.0 MB
[runlim] sample:		990.0 time, 990.2 real, 249.6 MB
[runlim] sample:		1000.0 time, 1000.2 real, 251.1 MB
[runlim] sample:		1010.0 time, 1010.2 real, 253.2 MB
[runlim] sample:		1020.0 time, 1020.2 real, 255.8 MB
[runlim] sample:		1030.0 time, 1030.2 real, 257.8 MB
[runlim] sample:		1040.0 time, 1040.2 real, 258.6 MB
[runlim] sample:		1050.0 time, 1050.2 real, 259.1 MB
[runlim] sample:		1060.0 time, 1060.2 real, 262.7 MB
[runlim] sample:		1070.0 time, 1070.2 real, 263.0 MB
[runlim] sample:		1080.0 time, 1080.2 real, 263.7 MB
[runlim] sample:		1090.0 time, 1090.2 real, 265.3 MB
[runlim] sample:		1100.0 time, 1100.2 real, 266.3 MB
[runlim] sample:		1110.0 time, 1110.2 real, 267.3 MB
[runlim] sample:		1120.0 time, 1120.2 real, 268.1 MB
[runlim] sample:		1130.0 time, 1130.2 real, 271.5 MB
[runlim] sample:		1140.0 time, 1140.2 real, 271.7 MB
[runlim] sample:		1150.0 time, 1150.2 real, 274.3 MB
[runlim] sample:		1160.0 time, 1160.2 real, 274.8 MB
[runlim] sample:		1170.0 time, 1170.2 real, 276.1 MB
[runlim] sample:		1180.0 time, 1180.2 real, 277.6 MB
[runlim] sample:		1190.0 time, 1190.2 real, 278.7 MB
[runlim] sample:		1200.0 time, 1200.2 real, 278.9 MB
[runlim] sample:		1210.0 time, 1210.2 real, 281.0 MB
[runlim] sample:		1220.0 time, 1220.2 real, 282.3 MB
[runlim] sample:		1230.0 time, 1230.2 real, 283.8 MB
[runlim] sample:		1240.0 time, 1240.2 real, 285.9 MB
[runlim] sample:		1250.0 time, 1250.2 real, 286.4 MB
[runlim] sample:		1260.0 time, 1260.2 real, 289.0 MB
[runlim] sample:		1270.0 time, 1270.2 real, 289.7 MB
[runlim] sample:		1280.0 time, 1280.2 real, 290.3 MB
[runlim] sample:		1290.0 time, 1290.2 real, 292.1 MB
[runlim] sample:		1300.0 time, 1300.2 real, 293.6 MB
[runlim] sample:		1310.0 time, 1310.2 real, 296.9 MB
[runlim] sample:		1320.0 time, 1320.2 real, 297.7 MB
[runlim] sample:		1330.0 time, 1330.2 real, 298.0 MB
[runlim] sample:		1340.0 time, 1340.2 real, 298.5 MB
[runlim] sample:		1350.0 time, 1350.2 real, 299.3 MB
[runlim] sample:		1360.0 time, 1360.2 real, 301.8 MB
[runlim] sample:		1369.9 time, 1370.2 real, 304.9 MB
[runlim] sample:		1379.9 time, 1380.2 real, 305.5 MB
[runlim] sample:		1389.9 time, 1390.2 real, 306.0 MB
[runlim] sample:		1399.9 time, 1400.2 real, 306.7 MB
[runlim] sample:		1409.9 time, 1410.2 real, 315.2 MB
[runlim] sample:		1419.9 time, 1420.2 real, 315.5 MB
[runlim] sample:		1429.9 time, 1430.2 real, 315.8 MB
[runlim] sample:		1439.9 time, 1440.2 real, 317.1 MB
[runlim] sample:		1449.9 time, 1450.2 real, 317.6 MB
[runlim] sample:		1459.9 time, 1460.2 real, 318.6 MB
[runlim] sample:		1469.9 time, 1470.2 real, 318.9 MB
[runlim] sample:		1479.9 time, 1480.2 real, 321.2 MB
[runlim] sample:		1489.9 time, 1490.2 real, 326.4 MB
[runlim] sample:		1499.8 time, 1500.2 real, 326.4 MB
[runlim] sample:		1509.7 time, 1510.2 real, 326.6 MB
[runlim] sample:		1519.7 time, 1520.2 real, 327.4 MB
[runlim] sample:		1529.7 time, 1530.2 real, 328.9 MB
[runlim] sample:		1539.7 time, 1540.2 real, 329.2 MB
[runlim] sample:		1549.7 time, 1550.2 real, 329.5 MB
[runlim] sample:		1559.7 time, 1560.2 real, 330.8 MB
[runlim] sample:		1569.7 time, 1570.2 real, 331.3 MB
[runlim] sample:		1579.7 time, 1580.2 real, 331.5 MB
[runlim] sample:		1589.7 time, 1590.2 real, 333.1 MB
[runlim] sample:		1599.7 time, 1600.2 real, 333.3 MB
[runlim] sample:		1609.7 time, 1610.2 real, 335.4 MB
[runlim] sample:		1619.7 time, 1620.2 real, 335.6 MB
[runlim] sample:		1629.7 time, 1630.2 real, 336.7 MB
[runlim] sample:		1639.7 time, 1640.2 real, 338.2 MB
[runlim] sample:		1649.7 time, 1650.2 real, 338.2 MB
[runlim] sample:		1659.7 time, 1660.2 real, 338.5 MB
[runlim] sample:		1669.7 time, 1670.2 real, 339.0 MB
[runlim] sample:		1679.7 time, 1680.2 real, 339.5 MB
[runlim] sample:		1689.7 time, 1690.2 real, 340.8 MB
[runlim] sample:		1699.7 time, 1700.2 real, 341.0 MB
[runlim] sample:		1709.7 time, 1710.2 real, 342.3 MB
[runlim] sample:		1719.7 time, 1720.2 real, 342.6 MB
[runlim] sample:		1729.7 time, 1730.2 real, 342.6 MB
[runlim] sample:		1739.7 time, 1740.2 real, 343.1 MB
[runlim] sample:		1749.7 time, 1750.2 real, 343.1 MB
[runlim] sample:		1759.7 time, 1760.2 real, 343.4 MB
[runlim] sample:		1769.7 time, 1770.2 real, 343.6 MB
[runlim] sample:		1779.7 time, 1780.2 real, 344.9 MB
[runlim] sample:		1789.7 time, 1790.2 real, 345.7 MB
[runlim] sample:		1799.7 time, 1800.2 real, 346.2 MB
CVC4 interrupted by SIGTERM.
[runlim] end:			Sun Feb  3 13:23:49 2019
[runlim] status:		out of time
[runlim] result:		2
[runlim] children:		0
[runlim] real:			1800.61 seconds
[runlim] time:			1800.09 seconds
[runlim] space:			346.2 MB
[runlim] samples:		18004
