[runlim] version:		1.10fixed
[runlim] time limit:		300 seconds
[runlim] real time limit:	311040000 seconds
[runlim] space limit:		4000 MB
[runlim] argv[0]:		./cvc4
[runlim] argv[1]:		--nl-ext-tplanes
[runlim] argv[2]:		--full-saturate-quant
[runlim] argv[3]:		--no-e-matching
[runlim] argv[4]:		/tmp/TVldBcug.smt2
[runlim] start:			Mon Jan 28 16:23:49 2019
[runlim] main pid:		16110
[runlim] sample:		8.3 time, 10.3 real, 45.5 MB
[runlim] sample:		17.2 time, 20.3 real, 55.0 MB
[runlim] sample:		26.4 time, 30.3 real, 61.7 MB
[runlim] sample:		35.8 time, 40.3 real, 68.1 MB
[runlim] sample:		45.4 time, 50.3 real, 73.0 MB
[runlim] sample:		55.4 time, 60.3 real, 79.5 MB
[runlim] sample:		65.4 time, 70.3 real, 83.6 MB
[runlim] sample:		75.4 time, 80.3 real, 87.0 MB
[runlim] sample:		85.4 time, 90.3 real, 91.9 MB
[runlim] sample:		95.4 time, 100.3 real, 96.0 MB
[runlim] sample:		105.4 time, 110.3 real, 98.6 MB
[runlim] sample:		115.4 time, 120.3 real, 102.7 MB
[runlim] sample:		125.4 time, 130.3 real, 104.7 MB
[runlim] sample:		135.4 time, 140.3 real, 108.9 MB
[runlim] sample:		145.4 time, 150.3 real, 112.0 MB
[runlim] sample:		155.4 time, 160.3 real, 113.5 MB
[runlim] sample:		165.4 time, 170.3 real, 116.6 MB
[runlim] sample:		175.4 time, 180.3 real, 118.4 MB
[runlim] sample:		185.4 time, 190.3 real, 121.2 MB
[runlim] sample:		195.4 time, 200.3 real, 126.6 MB
[runlim] sample:		205.4 time, 210.3 real, 128.5 MB
[runlim] sample:		215.4 time, 220.3 real, 130.5 MB
[runlim] sample:		225.4 time, 230.3 real, 131.8 MB
[runlim] sample:		235.4 time, 240.3 real, 133.1 MB
[runlim] sample:		245.4 time, 250.3 real, 137.2 MB
[runlim] sample:		255.4 time, 260.3 real, 137.5 MB
[runlim] sample:		265.4 time, 270.3 real, 139.8 MB
[runlim] sample:		275.4 time, 280.3 real, 141.6 MB
[runlim] sample:		285.4 time, 290.3 real, 143.4 MB
[runlim] sample:		295.4 time, 300.3 real, 148.4 MB
CVC4 interrupted by SIGTERM.
[runlim] end:			Mon Jan 28 16:28:54 2019
[runlim] status:		out of time
[runlim] result:		2
[runlim] children:		0
[runlim] real:			305.05 seconds
[runlim] time:			300.07 seconds
[runlim] space:			148.7 MB
[runlim] samples:		3047
