[runlim] version:		1.10fixed
[runlim] time limit:		1800 seconds
[runlim] real time limit:	311040000 seconds
[runlim] space limit:		4000 MB
[runlim] argv[0]:		./cvc4
[runlim] argv[1]:		--nl-ext-tplanes
[runlim] argv[2]:		--full-saturate-quant
[runlim] argv[3]:		--no-e-matching
[runlim] argv[4]:		/tmp/hgyyWgPW.smt2
[runlim] start:			Tue Feb 19 02:02:08 2019
[runlim] main pid:		27398
[runlim] sample:		8.0 time, 10.4 real, 42.0 MB
[runlim] sample:		16.0 time, 20.4 real, 49.8 MB
[runlim] sample:		24.0 time, 30.4 real, 54.9 MB
[runlim] sample:		33.1 time, 40.4 real, 58.8 MB
[runlim] sample:		43.1 time, 50.4 real, 62.7 MB
[runlim] sample:		53.1 time, 60.4 real, 66.8 MB
[runlim] sample:		62.3 time, 70.4 real, 69.6 MB
[runlim] sample:		71.8 time, 80.4 real, 71.9 MB
[runlim] sample:		81.8 time, 90.4 real, 74.8 MB
[runlim] sample:		91.8 time, 100.4 real, 77.5 MB
[runlim] sample:		101.7 time, 110.4 real, 79.6 MB
[runlim] sample:		111.5 time, 120.4 real, 81.9 MB
[runlim] sample:		121.2 time, 130.4 real, 86.3 MB
[runlim] sample:		129.8 time, 140.4 real, 88.1 MB
[runlim] sample:		138.8 time, 150.4 real, 89.4 MB
[runlim] sample:		147.6 time, 160.4 real, 91.0 MB
[runlim] sample:		156.0 time, 170.4 real, 92.5 MB
[runlim] sample:		164.7 time, 180.4 real, 94.1 MB
[runlim] sample:		173.8 time, 190.4 real, 95.6 MB
[runlim] sample:		182.0 time, 200.4 real, 96.4 MB
[runlim] sample:		189.9 time, 210.4 real, 98.4 MB
[runlim] sample:		197.1 time, 220.4 real, 98.7 MB
[runlim] sample:		205.1 time, 230.4 real, 100.0 MB
[runlim] sample:		214.8 time, 240.4 real, 100.8 MB
[runlim] sample:		223.4 time, 250.4 real, 102.6 MB
[runlim] sample:		232.6 time, 260.4 real, 102.8 MB
[runlim] sample:		242.1 time, 270.4 real, 104.9 MB
[runlim] sample:		248.8 time, 280.4 real, 105.4 MB
[runlim] sample:		257.6 time, 290.4 real, 106.2 MB
[runlim] sample:		267.0 time, 300.4 real, 107.4 MB
[runlim] sample:		275.9 time, 310.4 real, 108.7 MB
[runlim] sample:		283.9 time, 320.4 real, 109.8 MB
[runlim] sample:		291.9 time, 330.4 real, 110.3 MB
[runlim] sample:		300.4 time, 340.4 real, 112.3 MB
[runlim] sample:		309.7 time, 350.4 real, 112.3 MB
[runlim] sample:		318.9 time, 360.4 real, 113.9 MB
[runlim] sample:		328.0 time, 370.4 real, 114.7 MB
[runlim] sample:		337.8 time, 380.4 real, 115.2 MB
[runlim] sample:		347.8 time, 390.4 real, 115.4 MB
[runlim] sample:		357.8 time, 400.4 real, 117.2 MB
[runlim] sample:		367.6 time, 410.4 real, 118.0 MB
[runlim] sample:		377.3 time, 420.4 real, 119.8 MB
[runlim] sample:		387.1 time, 430.4 real, 119.8 MB
[runlim] sample:		397.1 time, 440.4 real, 119.8 MB
[runlim] sample:		407.1 time, 450.4 real, 122.4 MB
[runlim] sample:		417.0 time, 460.4 real, 122.4 MB
[runlim] sample:		427.0 time, 470.4 real, 123.4 MB
[runlim] sample:		437.1 time, 480.4 real, 125.9 MB
[runlim] sample:		447.1 time, 490.4 real, 126.2 MB
[runlim] sample:		457.0 time, 500.4 real, 127.7 MB
[runlim] sample:		467.0 time, 510.4 real, 128.5 MB
[runlim] sample:		477.0 time, 520.4 real, 128.6 MB
[runlim] sample:		487.0 time, 530.4 real, 130.2 MB
[runlim] sample:		497.0 time, 540.4 real, 131.5 MB
[runlim] sample:		507.0 time, 550.4 real, 131.7 MB
[runlim] sample:		517.0 time, 560.4 real, 132.2 MB
[runlim] sample:		527.0 time, 570.4 real, 134.1 MB
[runlim] sample:		536.9 time, 580.4 real, 135.2 MB
[runlim] sample:		545.8 time, 590.4 real, 135.2 MB
[runlim] sample:		554.9 time, 600.4 real, 139.0 MB
[runlim] sample:		564.2 time, 610.4 real, 139.2 MB
[runlim] sample:		574.1 time, 620.4 real, 139.2 MB
[runlim] sample:		584.1 time, 630.4 real, 141.8 MB
[runlim] sample:		594.1 time, 640.4 real, 142.0 MB
[runlim] sample:		604.1 time, 650.4 real, 142.0 MB
[runlim] sample:		613.7 time, 660.4 real, 142.0 MB
[runlim] sample:		623.2 time, 670.4 real, 143.1 MB
[runlim] sample:		632.4 time, 680.4 real, 144.5 MB
[runlim] sample:		641.8 time, 690.4 real, 144.5 MB
[runlim] sample:		650.5 time, 700.4 real, 144.5 MB
[runlim] sample:		659.2 time, 710.4 real, 144.8 MB
[runlim] sample:		668.5 time, 720.4 real, 146.3 MB
[runlim] sample:		678.3 time, 730.4 real, 146.6 MB
[runlim] sample:		688.3 time, 740.4 real, 147.9 MB
[runlim] sample:		698.3 time, 750.4 real, 149.1 MB
[runlim] sample:		708.3 time, 760.4 real, 150.2 MB
[runlim] sample:		718.3 time, 770.4 real, 150.2 MB
[runlim] sample:		728.3 time, 780.4 real, 150.4 MB
[runlim] sample:		738.3 time, 790.4 real, 152.5 MB
[runlim] sample:		748.3 time, 800.4 real, 152.5 MB
[runlim] sample:		758.2 time, 810.4 real, 152.5 MB
[runlim] sample:		767.5 time, 820.4 real, 152.5 MB
[runlim] sample:		776.9 time, 830.4 real, 153.0 MB
[runlim] sample:		786.2 time, 840.4 real, 155.1 MB
[runlim] sample:		795.6 time, 850.4 real, 156.6 MB
[runlim] sample:		804.9 time, 860.4 real, 156.6 MB
[runlim] sample:		814.3 time, 870.4 real, 156.6 MB
[runlim] sample:		823.6 time, 880.4 real, 157.1 MB
[runlim] sample:		833.0 time, 890.4 real, 157.1 MB
[runlim] sample:		842.3 time, 900.4 real, 157.7 MB
[runlim] sample:		851.6 time, 910.4 real, 157.7 MB
[runlim] sample:		861.0 time, 920.4 real, 158.2 MB
[runlim] sample:		870.3 time, 930.4 real, 160.7 MB
[runlim] sample:		879.6 time, 940.4 real, 161.0 MB
[runlim] sample:		889.0 time, 950.4 real, 161.0 MB
[runlim] sample:		898.3 time, 960.4 real, 161.0 MB
[runlim] sample:		907.7 time, 970.4 real, 163.3 MB
[runlim] sample:		917.0 time, 980.4 real, 163.3 MB
[runlim] sample:		926.4 time, 990.4 real, 163.3 MB
[runlim] sample:		936.3 time, 1000.4 real, 163.3 MB
[runlim] sample:		946.3 time, 1010.4 real, 164.1 MB
[runlim] sample:		956.3 time, 1020.4 real, 166.2 MB
[runlim] sample:		966.3 time, 1030.4 real, 166.2 MB
[runlim] sample:		976.3 time, 1040.4 real, 166.2 MB
[runlim] sample:		986.3 time, 1050.4 real, 167.2 MB
[runlim] sample:		996.3 time, 1060.4 real, 167.2 MB
[runlim] sample:		1006.3 time, 1070.4 real, 169.2 MB
[runlim] sample:		1016.3 time, 1080.4 real, 169.5 MB
[runlim] sample:		1026.3 time, 1090.4 real, 169.5 MB
[runlim] sample:		1036.3 time, 1100.4 real, 169.5 MB
[runlim] sample:		1046.3 time, 1110.4 real, 169.5 MB
[runlim] sample:		1056.3 time, 1120.4 real, 170.0 MB
[runlim] sample:		1066.3 time, 1130.4 real, 171.8 MB
[runlim] sample:		1076.3 time, 1140.4 real, 171.8 MB
[runlim] sample:		1086.3 time, 1150.4 real, 171.8 MB
[runlim] sample:		1096.3 time, 1160.4 real, 171.8 MB
[runlim] sample:		1106.2 time, 1170.4 real, 172.3 MB
[runlim] sample:		1116.2 time, 1180.4 real, 174.9 MB
[runlim] sample:		1126.2 time, 1190.4 real, 174.9 MB
[runlim] sample:		1136.3 time, 1200.4 real, 174.9 MB
[runlim] sample:		1146.2 time, 1210.4 real, 175.2 MB
[runlim] sample:		1156.2 time, 1220.4 real, 175.4 MB
[runlim] sample:		1166.2 time, 1230.4 real, 177.2 MB
[runlim] sample:		1176.2 time, 1240.4 real, 177.8 MB
[runlim] sample:		1186.2 time, 1250.4 real, 178.0 MB
[runlim] sample:		1196.2 time, 1260.4 real, 178.0 MB
[runlim] sample:		1206.2 time, 1270.4 real, 178.5 MB
[runlim] sample:		1216.2 time, 1280.4 real, 178.5 MB
[runlim] sample:		1226.2 time, 1290.4 real, 179.3 MB
[runlim] sample:		1236.2 time, 1300.4 real, 179.3 MB
[runlim] sample:		1246.2 time, 1310.4 real, 179.3 MB
[runlim] sample:		1256.2 time, 1320.4 real, 179.3 MB
[runlim] sample:		1266.2 time, 1330.4 real, 179.8 MB
[runlim] sample:		1276.2 time, 1340.4 real, 182.1 MB
[runlim] sample:		1286.2 time, 1350.4 real, 182.1 MB
[runlim] sample:		1296.2 time, 1360.4 real, 182.7 MB
[runlim] sample:		1306.2 time, 1370.4 real, 182.7 MB
[runlim] sample:		1316.2 time, 1380.4 real, 182.7 MB
[runlim] sample:		1326.2 time, 1390.4 real, 182.7 MB
[runlim] sample:		1336.2 time, 1400.4 real, 183.2 MB
[runlim] sample:		1346.2 time, 1410.4 real, 185.0 MB
[runlim] sample:		1356.2 time, 1420.4 real, 185.0 MB
[runlim] sample:		1366.2 time, 1430.4 real, 185.2 MB
[runlim] sample:		1376.2 time, 1440.4 real, 185.2 MB
[runlim] sample:		1386.2 time, 1450.4 real, 185.2 MB
[runlim] sample:		1396.2 time, 1460.4 real, 185.2 MB
[runlim] sample:		1406.2 time, 1470.4 real, 187.8 MB
[runlim] sample:		1416.2 time, 1480.4 real, 187.8 MB
[runlim] sample:		1426.2 time, 1490.4 real, 187.8 MB
[runlim] sample:		1436.2 time, 1500.4 real, 187.8 MB
[runlim] sample:		1446.2 time, 1510.4 real, 187.8 MB
[runlim] sample:		1456.2 time, 1520.4 real, 188.1 MB
[runlim] sample:		1466.2 time, 1530.4 real, 190.6 MB
[runlim] sample:		1476.2 time, 1540.4 real, 190.6 MB
[runlim] sample:		1486.2 time, 1550.4 real, 190.6 MB
[runlim] sample:		1496.2 time, 1560.4 real, 191.9 MB
[runlim] sample:		1506.2 time, 1570.4 real, 191.9 MB
[runlim] sample:		1516.2 time, 1580.4 real, 192.7 MB
[runlim] sample:		1526.2 time, 1590.4 real, 195.3 MB
[runlim] sample:		1536.2 time, 1600.4 real, 195.3 MB
[runlim] sample:		1546.2 time, 1610.4 real, 195.3 MB
[runlim] sample:		1556.2 time, 1620.4 real, 195.3 MB
[runlim] sample:		1566.2 time, 1630.4 real, 195.3 MB
[runlim] sample:		1576.2 time, 1640.4 real, 195.3 MB
[runlim] sample:		1586.2 time, 1650.4 real, 196.6 MB
[runlim] sample:		1596.2 time, 1660.4 real, 196.6 MB
[runlim] sample:		1606.2 time, 1670.4 real, 196.6 MB
[runlim] sample:		1616.0 time, 1680.4 real, 196.6 MB
[runlim] sample:		1626.0 time, 1690.4 real, 196.6 MB
[runlim] sample:		1636.0 time, 1700.4 real, 196.8 MB
[runlim] sample:		1646.0 time, 1710.4 real, 196.8 MB
[runlim] sample:		1656.0 time, 1720.4 real, 198.1 MB
[runlim] sample:		1666.0 time, 1730.4 real, 198.1 MB
[runlim] sample:		1675.8 time, 1740.4 real, 198.1 MB
[runlim] sample:		1684.8 time, 1750.4 real, 198.1 MB
[runlim] sample:		1693.6 time, 1760.4 real, 198.4 MB
[runlim] sample:		1702.6 time, 1770.4 real, 198.6 MB
[runlim] sample:		1712.2 time, 1780.4 real, 198.6 MB
[runlim] sample:		1722.2 time, 1790.4 real, 200.4 MB
[runlim] sample:		1732.2 time, 1800.4 real, 200.4 MB
[runlim] sample:		1742.2 time, 1810.4 real, 200.7 MB
[runlim] sample:		1752.1 time, 1820.4 real, 200.7 MB
[runlim] sample:		1762.1 time, 1830.4 real, 200.7 MB
[runlim] sample:		1772.1 time, 1840.4 real, 201.0 MB
[runlim] sample:		1782.1 time, 1850.4 real, 203.5 MB
[runlim] sample:		1792.1 time, 1860.4 real, 203.8 MB
CVC4 interrupted by SIGTERM.
[runlim] end:			Tue Feb 19 02:33:16 2019
[runlim] status:		out of time
[runlim] result:		2
[runlim] children:		0
[runlim] real:			1868.33 seconds
[runlim] time:			1800.03 seconds
[runlim] space:			203.8 MB
[runlim] samples:		18679
