[runlim] version:		1.10fixed
[runlim] time limit:		300 seconds
[runlim] real time limit:	311040000 seconds
[runlim] space limit:		4000 MB
[runlim] argv[0]:		./cvc4
[runlim] argv[1]:		--nl-ext-tplanes
[runlim] argv[2]:		--full-saturate-quant
[runlim] argv[3]:		--no-e-matching
[runlim] argv[4]:		/tmp/zHlwh7Mz.smt2
[runlim] start:			Mon Jan 28 16:19:08 2019
[runlim] main pid:		4145
[runlim] sample:		9.0 time, 10.1 real, 46.7 MB
[runlim] sample:		19.0 time, 20.1 real, 56.5 MB
[runlim] sample:		28.9 time, 30.1 real, 64.0 MB
[runlim] sample:		38.6 time, 40.1 real, 69.1 MB
[runlim] sample:		48.2 time, 50.1 real, 76.0 MB
[runlim] sample:		57.9 time, 60.1 real, 80.5 MB
[runlim] sample:		67.5 time, 70.1 real, 84.8 MB
[runlim] sample:		77.5 time, 80.1 real, 88.4 MB
[runlim] sample:		87.5 time, 90.1 real, 93.6 MB
[runlim] sample:		97.1 time, 100.1 real, 95.9 MB
[runlim] sample:		106.8 time, 110.1 real, 100.3 MB
[runlim] sample:		116.5 time, 120.1 real, 102.4 MB
[runlim] sample:		126.3 time, 130.1 real, 106.0 MB
[runlim] sample:		136.3 time, 140.1 real, 109.6 MB
[runlim] sample:		146.3 time, 150.1 real, 112.4 MB
[runlim] sample:		156.3 time, 160.1 real, 114.7 MB
[runlim] sample:		166.3 time, 170.1 real, 117.3 MB
[runlim] sample:		176.3 time, 180.1 real, 119.4 MB
[runlim] sample:		186.3 time, 190.1 real, 124.6 MB
[runlim] sample:		196.3 time, 200.1 real, 125.9 MB
[runlim] sample:		206.3 time, 210.1 real, 128.5 MB
[runlim] sample:		216.3 time, 220.1 real, 129.8 MB
[runlim] sample:		226.3 time, 230.1 real, 131.6 MB
[runlim] sample:		236.3 time, 240.1 real, 134.3 MB
[runlim] sample:		246.3 time, 250.1 real, 135.6 MB
[runlim] sample:		256.3 time, 260.1 real, 137.9 MB
[runlim] sample:		266.3 time, 270.1 real, 139.9 MB
[runlim] sample:		276.3 time, 280.1 real, 141.7 MB
[runlim] sample:		286.3 time, 290.1 real, 146.2 MB
[runlim] sample:		296.3 time, 300.1 real, 147.0 MB
CVC4 interrupted by SIGTERM.
[runlim] end:			Mon Jan 28 16:24:11 2019
[runlim] status:		out of time
[runlim] result:		2
[runlim] children:		0
[runlim] real:			303.87 seconds
[runlim] time:			300.09 seconds
[runlim] space:			148.0 MB
[runlim] samples:		3038
