[runlim] version:		1.10fixed
[runlim] time limit:		300 seconds
[runlim] real time limit:	311040000 seconds
[runlim] space limit:		4000 MB
[runlim] argv[0]:		./cvc4
[runlim] argv[1]:		--nl-ext-tplanes
[runlim] argv[2]:		--full-saturate-quant
[runlim] argv[3]:		--no-e-matching
[runlim] argv[4]:		/tmp/I102UWjN.smt2
[runlim] start:			Mon Jan 28 16:19:39 2019
[runlim] main pid:		18843
[runlim] sample:		8.2 time, 10.7 real, 38.4 MB
[runlim] sample:		18.2 time, 20.7 real, 46.1 MB
[runlim] sample:		28.2 time, 30.7 real, 51.5 MB
[runlim] sample:		38.2 time, 40.7 real, 61.5 MB
[runlim] sample:		48.2 time, 50.7 real, 61.5 MB
[runlim] sample:		58.2 time, 60.7 real, 62.5 MB
[runlim] sample:		68.2 time, 70.7 real, 63.8 MB
[runlim] sample:		78.2 time, 80.7 real, 64.8 MB
[runlim] sample:		88.2 time, 90.7 real, 66.1 MB
[runlim] sample:		98.2 time, 100.7 real, 67.2 MB
[runlim] sample:		108.2 time, 110.7 real, 68.2 MB
[runlim] sample:		118.2 time, 120.7 real, 69.5 MB
[runlim] sample:		128.2 time, 130.7 real, 70.5 MB
[runlim] sample:		136.3 time, 140.7 real, 71.5 MB
[runlim] sample:		144.0 time, 150.7 real, 72.3 MB
[runlim] sample:		153.1 time, 160.7 real, 73.3 MB
[runlim] sample:		160.8 time, 170.7 real, 74.1 MB
[runlim] sample:		168.5 time, 180.7 real, 75.2 MB
[runlim] sample:		176.2 time, 190.7 real, 76.7 MB
[runlim] sample:		184.2 time, 200.7 real, 77.2 MB
[runlim] sample:		193.7 time, 210.7 real, 78.2 MB
[runlim] sample:		203.5 time, 220.7 real, 79.8 MB
[runlim] sample:		213.5 time, 230.7 real, 80.6 MB
[runlim] sample:		223.5 time, 240.7 real, 81.9 MB
[runlim] sample:		233.5 time, 250.7 real, 82.9 MB
[runlim] sample:		243.5 time, 260.7 real, 84.2 MB
[runlim] sample:		253.5 time, 270.7 real, 85.5 MB
[runlim] sample:		263.5 time, 280.7 real, 86.7 MB
[runlim] sample:		273.5 time, 290.7 real, 87.8 MB
[runlim] sample:		283.5 time, 300.7 real, 88.8 MB
[runlim] sample:		293.5 time, 310.7 real, 89.8 MB
CVC4 interrupted by SIGTERM.
[runlim] end:			Mon Jan 28 16:24:56 2019
[runlim] status:		out of time
[runlim] result:		2
[runlim] children:		0
[runlim] real:			317.27 seconds
[runlim] time:			300.10 seconds
[runlim] space:			90.6 MB
[runlim] samples:		3166
