[runlim] version:		1.10fixed
[runlim] time limit:		300 seconds
[runlim] real time limit:	311040000 seconds
[runlim] space limit:		4000 MB
[runlim] argv[0]:		./cvc4
[runlim] argv[1]:		--nl-ext-tplanes
[runlim] argv[2]:		--full-saturate-quant
[runlim] argv[3]:		--no-e-matching
[runlim] argv[4]:		/tmp/5OJPgueT.smt2
[runlim] start:			Mon Jan 28 16:22:06 2019
[runlim] main pid:		25530
[runlim] sample:		8.4 time, 10.5 real, 45.5 MB
[runlim] sample:		16.7 time, 20.5 real, 54.8 MB
[runlim] sample:		25.6 time, 30.5 real, 56.4 MB
[runlim] sample:		35.4 time, 40.5 real, 66.0 MB
[runlim] sample:		44.2 time, 50.5 real, 74.8 MB
[runlim] sample:		52.9 time, 60.5 real, 78.5 MB
[runlim] sample:		61.5 time, 70.5 real, 81.3 MB
[runlim] sample:		70.7 time, 80.5 real, 85.4 MB
[runlim] sample:		80.5 time, 90.5 real, 90.6 MB
[runlim] sample:		90.4 time, 100.5 real, 92.2 MB
[runlim] sample:		100.4 time, 110.5 real, 95.3 MB
[runlim] sample:		110.4 time, 120.5 real, 98.6 MB
[runlim] sample:		120.4 time, 130.5 real, 99.7 MB
[runlim] sample:		130.4 time, 140.5 real, 100.7 MB
[runlim] sample:		140.4 time, 150.5 real, 101.2 MB
[runlim] sample:		150.4 time, 160.5 real, 102.7 MB
[runlim] sample:		160.4 time, 170.5 real, 102.7 MB
[runlim] sample:		170.4 time, 180.5 real, 102.7 MB
[runlim] sample:		180.4 time, 190.5 real, 102.7 MB
[runlim] sample:		190.4 time, 200.5 real, 102.7 MB
[runlim] sample:		200.4 time, 210.5 real, 103.0 MB
[runlim] sample:		210.4 time, 220.5 real, 103.0 MB
[runlim] sample:		220.4 time, 230.5 real, 103.0 MB
[runlim] sample:		230.4 time, 240.5 real, 103.0 MB
[runlim] sample:		240.4 time, 250.5 real, 103.0 MB
[runlim] sample:		250.4 time, 260.5 real, 103.0 MB
[runlim] sample:		260.4 time, 270.5 real, 103.0 MB
[runlim] sample:		270.3 time, 280.5 real, 103.0 MB
[runlim] sample:		280.0 time, 290.5 real, 103.2 MB
[runlim] sample:		289.8 time, 300.5 real, 103.2 MB
[runlim] sample:		299.6 time, 310.5 real, 103.2 MB
CVC4 interrupted by SIGTERM.
[runlim] end:			Mon Jan 28 16:27:17 2019
[runlim] status:		out of time
[runlim] result:		2
[runlim] children:		0
[runlim] real:			311.05 seconds
[runlim] time:			300.07 seconds
[runlim] space:			103.2 MB
[runlim] samples:		3105
