[runlim] version:		1.10fixed
[runlim] time limit:		1800 seconds
[runlim] real time limit:	311040000 seconds
[runlim] space limit:		4000 MB
[runlim] argv[0]:		./cvc4
[runlim] argv[1]:		--nl-ext-tplanes
[runlim] argv[2]:		--full-saturate-quant
[runlim] argv[3]:		--no-e-matching
[runlim] argv[4]:		/tmp/T7lT2dLw.smt2
[runlim] start:			Sun Feb  3 01:42:50 2019
[runlim] main pid:		29047
[runlim] sample:		9.8 time, 10.1 real, 51.6 MB
[runlim] sample:		19.3 time, 20.1 real, 61.1 MB
[runlim] sample:		28.3 time, 30.1 real, 69.2 MB
[runlim] sample:		36.8 time, 40.1 real, 77.0 MB
[runlim] sample:		45.1 time, 50.1 real, 80.8 MB
[runlim] sample:		53.7 time, 60.1 real, 85.5 MB
[runlim] sample:		62.5 time, 70.1 real, 89.1 MB
[runlim] sample:		70.9 time, 80.1 real, 92.2 MB
[runlim] sample:		79.6 time, 90.1 real, 93.7 MB
[runlim] sample:		88.4 time, 100.1 real, 97.1 MB
[runlim] sample:		97.0 time, 110.1 real, 98.6 MB
[runlim] sample:		105.7 time, 120.1 real, 102.0 MB
[runlim] sample:		114.7 time, 130.1 real, 106.3 MB
[runlim] sample:		124.7 time, 140.1 real, 108.7 MB
[runlim] sample:		134.7 time, 150.1 real, 109.7 MB
[runlim] sample:		144.7 time, 160.1 real, 113.9 MB
[runlim] sample:		154.7 time, 170.1 real, 120.7 MB
[runlim] sample:		164.5 time, 180.1 real, 122.2 MB
[runlim] sample:		173.2 time, 190.1 real, 123.8 MB
[runlim] sample:		181.9 time, 200.1 real, 125.8 MB
[runlim] sample:		190.9 time, 210.1 real, 127.9 MB
[runlim] sample:		199.4 time, 220.1 real, 129.7 MB
[runlim] sample:		208.8 time, 230.1 real, 131.2 MB
[runlim] sample:		217.8 time, 240.1 real, 132.8 MB
[runlim] sample:		226.9 time, 250.1 real, 134.3 MB
[runlim] sample:		236.1 time, 260.1 real, 135.6 MB
[runlim] sample:		245.5 time, 270.1 real, 136.6 MB
[runlim] sample:		253.7 time, 280.1 real, 137.7 MB
[runlim] sample:		261.7 time, 290.1 real, 138.4 MB
[runlim] sample:		269.9 time, 300.1 real, 139.2 MB
[runlim] sample:		279.2 time, 310.1 real, 140.2 MB
[runlim] sample:		288.6 time, 320.1 real, 141.3 MB
[runlim] sample:		297.6 time, 330.1 real, 142.1 MB
[runlim] sample:		305.6 time, 340.1 real, 143.3 MB
[runlim] sample:		313.6 time, 350.1 real, 152.4 MB
[runlim] sample:		321.7 time, 360.1 real, 152.4 MB
[runlim] sample:		330.2 time, 370.1 real, 152.9 MB
[runlim] sample:		339.3 time, 380.1 real, 156.7 MB
[runlim] sample:		348.7 time, 390.1 real, 157.0 MB
[runlim] sample:		358.1 time, 400.1 real, 158.5 MB
[runlim] sample:		366.6 time, 410.1 real, 158.8 MB
[runlim] sample:		375.2 time, 420.1 real, 158.8 MB
[runlim] sample:		385.2 time, 430.1 real, 159.1 MB
[runlim] sample:		395.2 time, 440.1 real, 159.1 MB
[runlim] sample:		405.2 time, 450.1 real, 159.3 MB
[runlim] sample:		415.2 time, 460.1 real, 159.8 MB
[runlim] sample:		425.2 time, 470.1 real, 161.9 MB
[runlim] sample:		435.2 time, 480.1 real, 162.7 MB
[runlim] sample:		445.2 time, 490.1 real, 162.9 MB
[runlim] sample:		455.0 time, 500.1 real, 165.2 MB
[runlim] sample:		465.0 time, 510.1 real, 165.8 MB
[runlim] sample:		474.9 time, 520.1 real, 167.6 MB
[runlim] sample:		484.9 time, 530.1 real, 167.6 MB
[runlim] sample:		494.9 time, 540.1 real, 172.7 MB
[runlim] sample:		504.9 time, 550.1 real, 173.0 MB
[runlim] sample:		513.7 time, 560.1 real, 177.1 MB
[runlim] sample:		523.7 time, 570.1 real, 177.1 MB
[runlim] sample:		533.7 time, 580.1 real, 177.9 MB
[runlim] sample:		543.7 time, 590.1 real, 178.1 MB
[runlim] sample:		553.7 time, 600.1 real, 178.1 MB
[runlim] sample:		563.7 time, 610.1 real, 179.4 MB
[runlim] sample:		573.7 time, 620.1 real, 179.4 MB
[runlim] sample:		583.7 time, 630.1 real, 181.5 MB
[runlim] sample:		593.7 time, 640.1 real, 181.7 MB
[runlim] sample:		603.3 time, 650.1 real, 183.5 MB
[runlim] sample:		613.2 time, 660.1 real, 183.8 MB
[runlim] sample:		622.2 time, 670.1 real, 184.1 MB
[runlim] sample:		630.4 time, 680.1 real, 186.1 MB
[runlim] sample:		638.5 time, 690.1 real, 186.4 MB
[runlim] sample:		646.0 time, 700.1 real, 186.4 MB
[runlim] sample:		655.0 time, 710.1 real, 187.4 MB
[runlim] sample:		663.2 time, 720.1 real, 187.7 MB
[runlim] sample:		672.3 time, 730.1 real, 187.7 MB
[runlim] sample:		682.0 time, 740.1 real, 187.9 MB
[runlim] sample:		691.8 time, 750.1 real, 188.2 MB
[runlim] sample:		701.8 time, 760.1 real, 188.2 MB
[runlim] sample:		710.9 time, 770.1 real, 188.2 MB
[runlim] sample:		718.6 time, 780.1 real, 188.4 MB
[runlim] sample:		728.1 time, 790.1 real, 188.4 MB
[runlim] sample:		738.1 time, 800.1 real, 188.4 MB
[runlim] sample:		748.1 time, 810.1 real, 188.4 MB
[runlim] sample:		757.8 time, 820.1 real, 188.7 MB
[runlim] sample:		766.6 time, 830.1 real, 189.0 MB
[runlim] sample:		775.3 time, 840.1 real, 189.0 MB
[runlim] sample:		784.1 time, 850.1 real, 189.2 MB
[runlim] sample:		792.9 time, 860.1 real, 191.3 MB
[runlim] sample:		802.7 time, 870.1 real, 191.5 MB
[runlim] sample:		812.3 time, 880.1 real, 191.8 MB
[runlim] sample:		822.3 time, 890.1 real, 192.1 MB
[runlim] sample:		831.8 time, 900.1 real, 192.1 MB
[runlim] sample:		841.7 time, 910.1 real, 192.1 MB
[runlim] sample:		851.3 time, 920.1 real, 200.0 MB
[runlim] sample:		860.9 time, 930.1 real, 200.0 MB
[runlim] sample:		870.4 time, 940.1 real, 200.5 MB
[runlim] sample:		880.3 time, 950.1 real, 201.6 MB
[runlim] sample:		890.1 time, 960.1 real, 202.1 MB
[runlim] sample:		899.8 time, 970.1 real, 202.3 MB
[runlim] sample:		909.4 time, 980.1 real, 211.7 MB
[runlim] sample:		919.1 time, 990.1 real, 211.7 MB
[runlim] sample:		928.7 time, 1000.1 real, 213.3 MB
[runlim] sample:		938.4 time, 1010.1 real, 214.3 MB
[runlim] sample:		948.3 time, 1020.1 real, 214.3 MB
[runlim] sample:		957.7 time, 1030.1 real, 215.8 MB
[runlim] sample:		967.3 time, 1040.1 real, 216.6 MB
[runlim] sample:		976.6 time, 1050.1 real, 216.6 MB
[runlim] sample:		986.3 time, 1060.1 real, 217.6 MB
[runlim] sample:		996.3 time, 1070.1 real, 217.6 MB
[runlim] sample:		1006.3 time, 1080.1 real, 218.7 MB
[runlim] sample:		1016.3 time, 1090.1 real, 220.7 MB
[runlim] sample:		1026.3 time, 1100.1 real, 221.0 MB
[runlim] sample:		1036.3 time, 1110.1 real, 222.0 MB
[runlim] sample:		1046.3 time, 1120.1 real, 222.0 MB
[runlim] sample:		1056.3 time, 1130.1 real, 222.3 MB
[runlim] sample:		1066.3 time, 1140.1 real, 223.6 MB
[runlim] sample:		1076.3 time, 1150.1 real, 223.8 MB
[runlim] sample:		1086.3 time, 1160.1 real, 224.8 MB
[runlim] sample:		1096.3 time, 1170.1 real, 224.8 MB
[runlim] sample:		1106.3 time, 1180.1 real, 224.8 MB
[runlim] sample:		1116.3 time, 1190.1 real, 226.1 MB
[runlim] sample:		1126.3 time, 1200.1 real, 226.6 MB
[runlim] sample:		1136.3 time, 1210.1 real, 226.9 MB
[runlim] sample:		1146.3 time, 1220.1 real, 227.2 MB
[runlim] sample:		1156.3 time, 1230.1 real, 227.9 MB
[runlim] sample:		1166.3 time, 1240.1 real, 228.2 MB
[runlim] sample:		1176.3 time, 1250.1 real, 231.8 MB
[runlim] sample:		1186.3 time, 1260.1 real, 244.4 MB
[runlim] sample:		1196.3 time, 1270.1 real, 247.3 MB
[runlim] sample:		1206.3 time, 1280.1 real, 247.3 MB
[runlim] sample:		1216.3 time, 1290.1 real, 247.3 MB
[runlim] sample:		1226.3 time, 1300.1 real, 247.3 MB
[runlim] sample:		1236.3 time, 1310.1 real, 248.0 MB
[runlim] sample:		1246.3 time, 1320.1 real, 248.0 MB
[runlim] sample:		1256.3 time, 1330.1 real, 248.0 MB
[runlim] sample:		1266.3 time, 1340.1 real, 248.0 MB
[runlim] sample:		1276.3 time, 1350.1 real, 248.0 MB
[runlim] sample:		1286.3 time, 1360.1 real, 248.0 MB
[runlim] sample:		1296.3 time, 1370.1 real, 248.3 MB
[runlim] sample:		1306.3 time, 1380.1 real, 248.3 MB
[runlim] sample:		1316.3 time, 1390.1 real, 248.3 MB
[runlim] sample:		1326.3 time, 1400.1 real, 248.3 MB
[runlim] sample:		1336.2 time, 1410.1 real, 248.3 MB
[runlim] sample:		1346.2 time, 1420.1 real, 248.3 MB
[runlim] sample:		1356.3 time, 1430.1 real, 248.3 MB
[runlim] sample:		1366.2 time, 1440.1 real, 248.3 MB
[runlim] sample:		1376.2 time, 1450.1 real, 248.5 MB
[runlim] sample:		1386.3 time, 1460.1 real, 248.5 MB
[runlim] sample:		1396.2 time, 1470.1 real, 248.5 MB
[runlim] sample:		1406.2 time, 1480.1 real, 249.3 MB
[runlim] sample:		1416.2 time, 1490.1 real, 249.3 MB
[runlim] sample:		1426.2 time, 1500.1 real, 249.3 MB
[runlim] sample:		1436.2 time, 1510.1 real, 249.3 MB
[runlim] sample:		1446.2 time, 1520.1 real, 249.8 MB
[runlim] sample:		1456.2 time, 1530.1 real, 249.8 MB
[runlim] sample:		1466.2 time, 1540.1 real, 249.8 MB
[runlim] sample:		1476.2 time, 1550.1 real, 249.8 MB
[runlim] sample:		1486.2 time, 1560.1 real, 249.8 MB
[runlim] sample:		1496.2 time, 1570.1 real, 249.8 MB
[runlim] sample:		1506.2 time, 1580.1 real, 249.8 MB
[runlim] sample:		1516.2 time, 1590.1 real, 250.1 MB
[runlim] sample:		1526.2 time, 1600.1 real, 250.1 MB
[runlim] sample:		1536.2 time, 1610.1 real, 250.1 MB
[runlim] sample:		1546.2 time, 1620.1 real, 250.1 MB
[runlim] sample:		1556.2 time, 1630.1 real, 250.1 MB
[runlim] sample:		1566.2 time, 1640.1 real, 250.1 MB
[runlim] sample:		1576.2 time, 1650.1 real, 250.1 MB
[runlim] sample:		1586.2 time, 1660.1 real, 250.1 MB
[runlim] sample:		1596.2 time, 1670.1 real, 250.3 MB
[runlim] sample:		1606.2 time, 1680.1 real, 250.3 MB
[runlim] sample:		1616.2 time, 1690.1 real, 250.3 MB
[runlim] sample:		1626.2 time, 1700.1 real, 250.3 MB
[runlim] sample:		1636.2 time, 1710.1 real, 250.3 MB
[runlim] sample:		1646.2 time, 1720.1 real, 250.3 MB
[runlim] sample:		1656.2 time, 1730.1 real, 250.3 MB
[runlim] sample:		1666.2 time, 1740.1 real, 250.3 MB
[runlim] sample:		1676.2 time, 1750.1 real, 250.3 MB
[runlim] sample:		1686.2 time, 1760.1 real, 250.3 MB
[runlim] sample:		1696.2 time, 1770.1 real, 250.3 MB
[runlim] sample:		1706.2 time, 1780.1 real, 250.3 MB
[runlim] sample:		1716.2 time, 1790.1 real, 250.6 MB
[runlim] sample:		1726.2 time, 1800.1 real, 250.6 MB
[runlim] sample:		1736.2 time, 1810.1 real, 250.6 MB
[runlim] sample:		1746.2 time, 1820.1 real, 250.6 MB
[runlim] sample:		1756.2 time, 1830.1 real, 250.6 MB
[runlim] sample:		1766.2 time, 1840.1 real, 250.6 MB
[runlim] sample:		1776.2 time, 1850.1 real, 250.6 MB
[runlim] sample:		1786.2 time, 1860.1 real, 250.6 MB
[runlim] sample:		1796.2 time, 1870.1 real, 250.6 MB
CVC4 interrupted by SIGTERM.
[runlim] end:			Sun Feb  3 02:14:03 2019
[runlim] status:		out of time
[runlim] result:		2
[runlim] children:		0
[runlim] real:			1873.90 seconds
[runlim] time:			1800.01 seconds
[runlim] space:			250.6 MB
[runlim] samples:		18738
