[runlim] version:		1.10fixed
[runlim] time limit:		300 seconds
[runlim] real time limit:	311040000 seconds
[runlim] space limit:		4000 MB
[runlim] argv[0]:		./cvc4
[runlim] argv[1]:		--nl-ext-tplanes
[runlim] argv[2]:		--full-saturate-quant
[runlim] argv[3]:		--no-e-matching
[runlim] argv[4]:		/tmp/l6l8MGsC.smt2
[runlim] start:			Mon Jan 28 16:21:27 2019
[runlim] main pid:		5317
[runlim] sample:		9.2 time, 10.2 real, 43.1 MB
[runlim] sample:		17.5 time, 20.2 real, 48.9 MB
[runlim] sample:		27.2 time, 30.2 real, 57.9 MB
[runlim] sample:		36.8 time, 40.2 real, 64.7 MB
[runlim] sample:		46.3 time, 50.2 real, 71.4 MB
[runlim] sample:		56.0 time, 60.2 real, 74.0 MB
[runlim] sample:		66.0 time, 70.2 real, 78.6 MB
[runlim] sample:		76.0 time, 80.2 real, 81.5 MB
[runlim] sample:		86.0 time, 90.2 real, 84.6 MB
[runlim] sample:		96.0 time, 100.2 real, 91.3 MB
[runlim] sample:		105.8 time, 110.2 real, 92.3 MB
[runlim] sample:		115.6 time, 120.2 real, 95.7 MB
[runlim] sample:		125.3 time, 130.2 real, 98.0 MB
[runlim] sample:		135.3 time, 140.2 real, 98.0 MB
[runlim] sample:		145.3 time, 150.2 real, 102.6 MB
[runlim] sample:		155.3 time, 160.2 real, 104.2 MB
[runlim] sample:		165.3 time, 170.2 real, 107.5 MB
[runlim] sample:		175.2 time, 180.2 real, 110.1 MB
[runlim] sample:		185.2 time, 190.2 real, 113.4 MB
[runlim] sample:		195.2 time, 200.2 real, 117.3 MB
[runlim] sample:		205.2 time, 210.2 real, 119.9 MB
[runlim] sample:		215.2 time, 220.2 real, 122.5 MB
[runlim] sample:		225.2 time, 230.2 real, 125.6 MB
[runlim] sample:		235.2 time, 240.2 real, 126.1 MB
[runlim] sample:		245.2 time, 250.2 real, 127.9 MB
[runlim] sample:		255.2 time, 260.2 real, 127.9 MB
[runlim] sample:		265.2 time, 270.2 real, 127.9 MB
[runlim] sample:		275.2 time, 280.2 real, 128.1 MB
[runlim] sample:		285.2 time, 290.2 real, 128.1 MB
[runlim] sample:		295.2 time, 300.2 real, 135.1 MB
CVC4 interrupted by SIGTERM.
[runlim] end:			Mon Jan 28 16:26:32 2019
[runlim] status:		out of time
[runlim] result:		2
[runlim] children:		0
[runlim] real:			305.04 seconds
[runlim] time:			300.03 seconds
[runlim] space:			135.1 MB
[runlim] samples:		3048
