[runlim] version:		1.10fixed
[runlim] time limit:		300 seconds
[runlim] real time limit:	311040000 seconds
[runlim] space limit:		4000 MB
[runlim] argv[0]:		./cvc4
[runlim] argv[1]:		--nl-ext-tplanes
[runlim] argv[2]:		--full-saturate-quant
[runlim] argv[3]:		--no-e-matching
[runlim] argv[4]:		/tmp/j61Nuwd0.smt2
[runlim] start:			Mon Jan 28 10:49:21 2019
[runlim] main pid:		16829
[runlim] sample:		9.5 time, 11.0 real, 41.4 MB
[runlim] end:			Mon Jan 28 10:49:35 2019
[runlim] status:		ok
[runlim] result:		0
[runlim] children:		0
[runlim] real:			14.89 seconds
[runlim] time:			13.25 seconds
[runlim] space:			41.7 MB
[runlim] samples:		139
