[runlim] version:		1.10fixed
[runlim] time limit:		300 seconds
[runlim] real time limit:	311040000 seconds
[runlim] space limit:		4000 MB
[runlim] argv[0]:		./cvc4
[runlim] argv[1]:		--nl-ext-tplanes
[runlim] argv[2]:		--full-saturate-quant
[runlim] argv[3]:		--no-e-matching
[runlim] argv[4]:		/tmp/kXBQoOuQ.smt2
[runlim] start:			Tue Jan 29 13:54:12 2019
[runlim] main pid:		14020
[runlim] sample:		9.2 time, 10.7 real, 38.0 MB
[runlim] sample:		18.8 time, 20.7 real, 43.9 MB
[runlim] sample:		28.1 time, 30.7 real, 48.3 MB
[runlim] sample:		37.4 time, 40.7 real, 57.2 MB
[runlim] sample:		46.7 time, 50.7 real, 69.0 MB
[runlim] sample:		56.5 time, 60.7 real, 69.8 MB
[runlim] sample:		66.5 time, 70.7 real, 80.6 MB
[runlim] sample:		76.5 time, 80.7 real, 83.5 MB
[runlim] sample:		86.0 time, 90.7 real, 90.2 MB
[runlim] sample:		95.7 time, 100.7 real, 92.2 MB
[runlim] sample:		105.3 time, 110.7 real, 96.8 MB
[runlim] sample:		115.0 time, 120.7 real, 116.1 MB
[runlim] sample:		124.6 time, 130.7 real, 120.0 MB
[runlim] sample:		134.2 time, 140.7 real, 120.0 MB
[runlim] sample:		143.9 time, 150.7 real, 121.0 MB
[runlim] sample:		153.9 time, 160.7 real, 122.1 MB
[runlim] sample:		163.9 time, 170.7 real, 125.9 MB
[runlim] sample:		173.9 time, 180.7 real, 126.2 MB
[runlim] sample:		182.2 time, 190.7 real, 126.4 MB
[runlim] sample:		191.1 time, 200.7 real, 126.7 MB
[runlim] sample:		201.1 time, 210.7 real, 127.0 MB
[runlim] sample:		211.1 time, 220.7 real, 127.7 MB
[runlim] sample:		221.1 time, 230.7 real, 129.3 MB
[runlim] sample:		231.1 time, 240.7 real, 132.6 MB
[runlim] sample:		241.1 time, 250.7 real, 135.2 MB
[runlim] sample:		250.7 time, 260.7 real, 137.5 MB
[runlim] sample:		260.2 time, 270.7 real, 138.3 MB
[runlim] sample:		268.3 time, 280.7 real, 143.5 MB
[runlim] sample:		277.4 time, 290.7 real, 145.0 MB
[runlim] sample:		287.4 time, 300.7 real, 145.5 MB
[runlim] sample:		297.4 time, 310.7 real, 148.9 MB
CVC4 interrupted by SIGTERM.
[runlim] end:			Tue Jan 29 13:59:25 2019
[runlim] status:		out of time
[runlim] result:		2
[runlim] children:		0
[runlim] real:			313.35 seconds
[runlim] time:			300.04 seconds
[runlim] space:			148.9 MB
[runlim] samples:		3126
