[runlim] version:		1.10fixed
[runlim] time limit:		1800 seconds
[runlim] real time limit:	311040000 seconds
[runlim] space limit:		4000 MB
[runlim] argv[0]:		./cvc4
[runlim] argv[1]:		--nl-ext-tplanes
[runlim] argv[2]:		--full-saturate-quant
[runlim] argv[3]:		--no-e-matching
[runlim] argv[4]:		/tmp/myK8Fffq.smt2
[runlim] start:			Thu Jan 31 03:02:00 2019
[runlim] main pid:		8927
[runlim] sample:		10.0 time, 10.6 real, 39.8 MB
[runlim] end:			Thu Jan 31 03:02:11 2019
[runlim] status:		ok
[runlim] result:		0
[runlim] children:		0
[runlim] real:			11.93 seconds
[runlim] time:			11.30 seconds
[runlim] space:			40.1 MB
[runlim] samples:		113
