[runlim] version:		1.10fixed
[runlim] time limit:		300 seconds
[runlim] real time limit:	311040000 seconds
[runlim] space limit:		4000 MB
[runlim] argv[0]:		./cvc4
[runlim] argv[1]:		--nl-ext-tplanes
[runlim] argv[2]:		--full-saturate-quant
[runlim] argv[3]:		--no-e-matching
[runlim] argv[4]:		/tmp/n5dRHSWN.smt2
[runlim] start:			Mon Jan 28 16:23:07 2019
[runlim] main pid:		19147
[runlim] sample:		7.8 time, 10.4 real, 41.0 MB
[runlim] sample:		17.8 time, 20.4 real, 46.8 MB
[runlim] sample:		27.8 time, 30.4 real, 48.6 MB
[runlim] sample:		37.8 time, 40.4 real, 50.1 MB
[runlim] sample:		47.8 time, 50.4 real, 57.5 MB
[runlim] sample:		57.8 time, 60.4 real, 60.3 MB
[runlim] sample:		67.7 time, 70.4 real, 65.7 MB
[runlim] sample:		76.6 time, 80.4 real, 68.1 MB
[runlim] sample:		86.6 time, 90.4 real, 76.3 MB
[runlim] sample:		96.6 time, 100.4 real, 77.1 MB
[runlim] sample:		106.6 time, 110.4 real, 77.8 MB
[runlim] sample:		116.1 time, 120.4 real, 77.8 MB
[runlim] sample:		126.0 time, 130.4 real, 77.8 MB
[runlim] sample:		136.1 time, 140.4 real, 77.8 MB
[runlim] sample:		145.6 time, 150.4 real, 77.8 MB
[runlim] sample:		154.9 time, 160.4 real, 77.8 MB
[runlim] sample:		164.9 time, 170.4 real, 77.8 MB
[runlim] sample:		174.9 time, 180.4 real, 77.8 MB
[runlim] sample:		184.9 time, 190.4 real, 77.8 MB
[runlim] sample:		194.9 time, 200.4 real, 77.8 MB
[runlim] sample:		204.8 time, 210.4 real, 77.8 MB
[runlim] sample:		214.2 time, 220.4 real, 77.8 MB
[runlim] sample:		224.0 time, 230.4 real, 77.8 MB
[runlim] sample:		232.6 time, 240.4 real, 77.8 MB
[runlim] sample:		240.2 time, 250.4 real, 77.8 MB
[runlim] sample:		249.1 time, 260.4 real, 78.1 MB
[runlim] sample:		258.7 time, 270.4 real, 78.1 MB
[runlim] sample:		268.3 time, 280.4 real, 78.1 MB
[runlim] sample:		278.3 time, 290.4 real, 78.1 MB
[runlim] sample:		288.2 time, 300.4 real, 78.1 MB
[runlim] sample:		297.0 time, 310.4 real, 78.1 MB
CVC4 interrupted by SIGTERM.
[runlim] end:			Mon Jan 28 16:28:21 2019
[runlim] status:		out of time
[runlim] result:		2
[runlim] children:		0
[runlim] real:			314.38 seconds
[runlim] time:			300.07 seconds
[runlim] space:			78.1 MB
[runlim] samples:		3140
