[runlim] version:		1.10fixed
[runlim] time limit:		1800 seconds
[runlim] real time limit:	311040000 seconds
[runlim] space limit:		4000 MB
[runlim] argv[0]:		./cvc4
[runlim] argv[1]:		--nl-ext-tplanes
[runlim] argv[2]:		--full-saturate-quant
[runlim] argv[3]:		--no-e-matching
[runlim] argv[4]:		/tmp/fQPgdf0d.smt2
[runlim] start:			Fri Feb  8 21:51:40 2019
[runlim] main pid:		13740
[runlim] sample:		7.7 time, 10.7 real, 43.9 MB
[runlim] sample:		15.4 time, 20.7 real, 54.2 MB
[runlim] sample:		23.8 time, 30.7 real, 65.4 MB
[runlim] sample:		32.9 time, 40.7 real, 68.3 MB
[runlim] sample:		42.2 time, 50.7 real, 78.1 MB
[runlim] sample:		51.2 time, 60.7 real, 81.5 MB
[runlim] sample:		61.2 time, 70.7 real, 82.3 MB
[runlim] sample:		71.2 time, 80.7 real, 84.4 MB
[runlim] sample:		81.2 time, 90.7 real, 89.2 MB
[runlim] sample:		89.6 time, 100.7 real, 92.9 MB
[runlim] sample:		99.3 time, 110.7 real, 97.0 MB
[runlim] sample:		109.1 time, 120.7 real, 99.6 MB
[runlim] sample:		116.8 time, 130.7 real, 102.6 MB
[runlim] sample:		126.2 time, 140.7 real, 107.3 MB
[runlim] sample:		136.2 time, 150.7 real, 108.1 MB
[runlim] sample:		146.2 time, 160.7 real, 114.0 MB
[runlim] sample:		154.0 time, 170.7 real, 114.2 MB
[runlim] sample:		161.6 time, 180.7 real, 117.6 MB
[runlim] sample:		169.8 time, 190.7 real, 119.1 MB
[runlim] sample:		179.5 time, 200.7 real, 121.2 MB
[runlim] sample:		189.2 time, 210.7 real, 124.5 MB
[runlim] sample:		199.2 time, 220.7 real, 125.6 MB
[runlim] sample:		209.2 time, 230.7 real, 127.6 MB
[runlim] sample:		219.2 time, 240.7 real, 129.4 MB
[runlim] sample:		228.8 time, 250.7 real, 132.0 MB
[runlim] sample:		238.7 time, 260.7 real, 134.8 MB
[runlim] sample:		248.6 time, 270.7 real, 139.2 MB
[runlim] sample:		258.3 time, 280.7 real, 140.3 MB
[runlim] sample:		268.0 time, 290.7 real, 143.1 MB
[runlim] sample:		277.2 time, 300.7 real, 144.4 MB
[runlim] sample:		287.2 time, 310.7 real, 145.9 MB
[runlim] sample:		295.9 time, 320.7 real, 147.2 MB
[runlim] sample:		303.6 time, 330.7 real, 150.3 MB
[runlim] sample:		311.3 time, 340.7 real, 150.6 MB
[runlim] sample:		319.0 time, 350.7 real, 150.8 MB
[runlim] sample:		328.4 time, 360.7 real, 152.9 MB
[runlim] sample:		336.2 time, 370.7 real, 154.2 MB
[runlim] sample:		345.4 time, 380.7 real, 157.3 MB
[runlim] sample:		354.7 time, 390.7 real, 158.8 MB
[runlim] sample:		364.7 time, 400.7 real, 159.6 MB
[runlim] sample:		374.7 time, 410.7 real, 160.9 MB
[runlim] sample:		384.7 time, 420.7 real, 162.7 MB
[runlim] sample:		394.5 time, 430.7 real, 163.7 MB
[runlim] sample:		402.2 time, 440.7 real, 165.5 MB
[runlim] sample:		409.9 time, 450.7 real, 167.3 MB
[runlim] sample:		418.5 time, 460.7 real, 168.4 MB
[runlim] sample:		428.5 time, 470.7 real, 171.2 MB
[runlim] sample:		438.5 time, 480.7 real, 172.0 MB
[runlim] sample:		446.8 time, 490.7 real, 173.0 MB
[runlim] sample:		456.6 time, 500.7 real, 174.0 MB
[runlim] sample:		466.2 time, 510.7 real, 175.6 MB
[runlim] sample:		476.0 time, 520.7 real, 176.1 MB
[runlim] sample:		485.7 time, 530.7 real, 177.9 MB
[runlim] sample:		495.4 time, 540.7 real, 178.9 MB
[runlim] sample:		505.4 time, 550.7 real, 180.5 MB
[runlim] sample:		515.4 time, 560.7 real, 181.3 MB
[runlim] sample:		525.4 time, 570.7 real, 183.3 MB
[runlim] sample:		535.4 time, 580.7 real, 184.6 MB
[runlim] sample:		545.4 time, 590.7 real, 185.9 MB
[runlim] sample:		555.4 time, 600.7 real, 186.4 MB
[runlim] sample:		565.4 time, 610.7 real, 189.8 MB
[runlim] sample:		575.4 time, 620.7 real, 190.0 MB
[runlim] sample:		585.4 time, 630.7 real, 190.8 MB
[runlim] sample:		595.3 time, 640.7 real, 191.8 MB
[runlim] sample:		605.3 time, 650.7 real, 193.4 MB
[runlim] sample:		615.3 time, 660.7 real, 195.2 MB
[runlim] sample:		625.3 time, 670.7 real, 195.9 MB
[runlim] sample:		635.3 time, 680.7 real, 196.5 MB
[runlim] sample:		645.3 time, 690.7 real, 198.8 MB
[runlim] sample:		655.3 time, 700.7 real, 200.1 MB
[runlim] sample:		665.3 time, 710.7 real, 202.4 MB
[runlim] sample:		675.3 time, 720.7 real, 202.6 MB
[runlim] sample:		685.3 time, 730.7 real, 202.9 MB
[runlim] sample:		695.3 time, 740.7 real, 204.7 MB
[runlim] sample:		705.3 time, 750.7 real, 205.2 MB
[runlim] sample:		715.3 time, 760.7 real, 207.5 MB
[runlim] sample:		725.3 time, 770.7 real, 208.3 MB
[runlim] sample:		735.3 time, 780.7 real, 209.6 MB
[runlim] sample:		745.3 time, 790.7 real, 210.1 MB
[runlim] sample:		755.3 time, 800.7 real, 210.9 MB
[runlim] sample:		765.3 time, 810.7 real, 212.2 MB
[runlim] sample:		775.3 time, 820.7 real, 213.5 MB
[runlim] sample:		785.3 time, 830.7 real, 214.0 MB
[runlim] sample:		795.3 time, 840.7 real, 215.3 MB
[runlim] sample:		805.3 time, 850.7 real, 216.3 MB
[runlim] sample:		815.3 time, 860.7 real, 216.6 MB
[runlim] sample:		825.3 time, 870.7 real, 216.8 MB
[runlim] sample:		835.3 time, 880.7 real, 219.6 MB
[runlim] sample:		845.2 time, 890.7 real, 221.2 MB
[runlim] sample:		855.3 time, 900.7 real, 221.7 MB
[runlim] sample:		865.3 time, 910.7 real, 222.7 MB
[runlim] sample:		875.3 time, 920.7 real, 224.3 MB
[runlim] sample:		885.2 time, 930.7 real, 225.1 MB
[runlim] sample:		895.2 time, 940.7 real, 225.8 MB
[runlim] sample:		905.2 time, 950.7 real, 226.1 MB
[runlim] sample:		915.2 time, 960.7 real, 227.6 MB
[runlim] sample:		925.2 time, 970.7 real, 228.4 MB
[runlim] sample:		935.2 time, 980.7 real, 229.2 MB
[runlim] sample:		945.2 time, 990.7 real, 231.0 MB
[runlim] sample:		955.2 time, 1000.7 real, 232.8 MB
[runlim] sample:		965.2 time, 1010.7 real, 235.4 MB
[runlim] sample:		975.2 time, 1020.7 real, 235.9 MB
[runlim] sample:		985.2 time, 1030.7 real, 237.7 MB
[runlim] sample:		995.2 time, 1040.7 real, 238.4 MB
[runlim] sample:		1005.2 time, 1050.7 real, 240.2 MB
[runlim] sample:		1015.2 time, 1060.7 real, 240.8 MB
[runlim] sample:		1025.2 time, 1070.7 real, 241.0 MB
[runlim] sample:		1035.2 time, 1080.7 real, 241.6 MB
[runlim] sample:		1045.2 time, 1090.7 real, 244.4 MB
[runlim] sample:		1055.2 time, 1100.7 real, 245.2 MB
[runlim] sample:		1065.2 time, 1110.7 real, 247.0 MB
[runlim] sample:		1075.2 time, 1120.7 real, 247.5 MB
[runlim] sample:		1085.2 time, 1130.7 real, 247.7 MB
[runlim] sample:		1095.2 time, 1140.7 real, 249.0 MB
[runlim] sample:		1105.2 time, 1150.7 real, 249.0 MB
[runlim] sample:		1115.2 time, 1160.7 real, 250.1 MB
[runlim] sample:		1125.2 time, 1170.7 real, 251.9 MB
[runlim] sample:		1135.2 time, 1180.7 real, 252.4 MB
[runlim] sample:		1145.2 time, 1190.7 real, 253.1 MB
[runlim] sample:		1155.2 time, 1200.7 real, 253.4 MB
[runlim] sample:		1165.2 time, 1210.7 real, 254.2 MB
[runlim] sample:		1175.2 time, 1220.7 real, 255.2 MB
[runlim] sample:		1185.2 time, 1230.7 real, 256.5 MB
[runlim] sample:		1195.2 time, 1240.7 real, 256.8 MB
[runlim] sample:		1205.2 time, 1250.7 real, 260.1 MB
[runlim] sample:		1215.2 time, 1260.7 real, 261.4 MB
[runlim] sample:		1225.2 time, 1270.7 real, 261.9 MB
[runlim] sample:		1235.2 time, 1280.7 real, 263.5 MB
[runlim] sample:		1245.2 time, 1290.7 real, 264.0 MB
[runlim] sample:		1255.2 time, 1300.7 real, 264.5 MB
[runlim] sample:		1265.2 time, 1310.7 real, 264.7 MB
[runlim] sample:		1275.2 time, 1320.7 real, 266.5 MB
[runlim] sample:		1285.2 time, 1330.7 real, 267.1 MB
[runlim] sample:		1295.2 time, 1340.7 real, 267.3 MB
[runlim] sample:		1305.2 time, 1350.7 real, 267.6 MB
[runlim] sample:		1315.2 time, 1360.7 real, 269.6 MB
[runlim] sample:		1325.2 time, 1370.7 real, 269.9 MB
[runlim] sample:		1335.2 time, 1380.7 real, 270.9 MB
[runlim] sample:		1345.2 time, 1390.7 real, 271.4 MB
[runlim] sample:		1355.2 time, 1400.7 real, 272.5 MB
[runlim] sample:		1365.2 time, 1410.7 real, 273.0 MB
[runlim] sample:		1375.2 time, 1420.7 real, 273.5 MB
[runlim] sample:		1385.2 time, 1430.7 real, 275.8 MB
[runlim] sample:		1395.2 time, 1440.7 real, 276.1 MB
[runlim] sample:		1405.2 time, 1450.7 real, 276.1 MB
[runlim] sample:		1415.2 time, 1460.7 real, 276.3 MB
[runlim] sample:		1425.2 time, 1470.7 real, 276.6 MB
[runlim] sample:		1435.2 time, 1480.7 real, 278.9 MB
[runlim] sample:		1445.2 time, 1490.7 real, 279.2 MB
[runlim] sample:		1455.2 time, 1500.7 real, 281.2 MB
[runlim] sample:		1465.2 time, 1510.7 real, 282.0 MB
[runlim] sample:		1475.2 time, 1520.7 real, 284.1 MB
[runlim] sample:		1485.2 time, 1530.7 real, 284.8 MB
[runlim] sample:		1495.2 time, 1540.7 real, 287.4 MB
[runlim] sample:		1505.2 time, 1550.7 real, 287.7 MB
[runlim] sample:		1515.2 time, 1560.7 real, 288.4 MB
[runlim] sample:		1525.2 time, 1570.7 real, 289.2 MB
[runlim] sample:		1535.2 time, 1580.7 real, 289.7 MB
[runlim] sample:		1545.2 time, 1590.7 real, 290.2 MB
[runlim] sample:		1555.2 time, 1600.7 real, 291.0 MB
[runlim] sample:		1565.2 time, 1610.7 real, 293.1 MB
[runlim] sample:		1575.2 time, 1620.7 real, 293.3 MB
[runlim] sample:		1585.2 time, 1630.7 real, 293.9 MB
[runlim] sample:		1595.2 time, 1640.7 real, 294.1 MB
[runlim] sample:		1605.2 time, 1650.7 real, 300.4 MB
[runlim] sample:		1615.2 time, 1660.7 real, 300.8 MB
[runlim] sample:		1625.2 time, 1670.7 real, 302.8 MB
[runlim] sample:		1635.2 time, 1680.7 real, 303.1 MB
[runlim] sample:		1645.1 time, 1690.7 real, 304.6 MB
[runlim] sample:		1655.1 time, 1700.7 real, 304.9 MB
[runlim] sample:		1665.1 time, 1710.7 real, 305.4 MB
[runlim] sample:		1675.1 time, 1720.7 real, 306.9 MB
[runlim] sample:		1685.1 time, 1730.7 real, 307.4 MB
[runlim] sample:		1695.1 time, 1740.7 real, 309.0 MB
[runlim] sample:		1705.1 time, 1750.7 real, 312.8 MB
[runlim] sample:		1715.1 time, 1760.7 real, 312.8 MB
[runlim] sample:		1725.1 time, 1770.7 real, 313.1 MB
[runlim] sample:		1735.1 time, 1780.7 real, 314.7 MB
[runlim] sample:		1745.1 time, 1790.7 real, 314.9 MB
[runlim] sample:		1755.1 time, 1800.7 real, 315.2 MB
[runlim] sample:		1765.1 time, 1810.7 real, 315.7 MB
[runlim] sample:		1775.1 time, 1820.7 real, 315.9 MB
[runlim] sample:		1785.1 time, 1830.7 real, 316.5 MB
[runlim] sample:		1795.1 time, 1840.7 real, 318.5 MB
CVC4 interrupted by SIGTERM.
[runlim] end:			Fri Feb  8 22:22:25 2019
[runlim] status:		out of time
[runlim] result:		2
[runlim] children:		0
[runlim] real:			1845.67 seconds
[runlim] time:			1800.03 seconds
[runlim] space:			319.0 MB
[runlim] samples:		18449
