[runlim] version:		1.10fixed
[runlim] time limit:		1800 seconds
[runlim] real time limit:	311040000 seconds
[runlim] space limit:		4000 MB
[runlim] argv[0]:		./cvc4
[runlim] argv[1]:		--nl-ext-tplanes
[runlim] argv[2]:		--full-saturate-quant
[runlim] argv[3]:		--no-e-matching
[runlim] argv[4]:		/tmp/dy5paogL.smt2
[runlim] start:			Sun Feb  3 01:09:26 2019
[runlim] main pid:		19319
[runlim] sample:		8.7 time, 10.3 real, 47.9 MB
[runlim] sample:		18.7 time, 20.3 real, 61.4 MB
[runlim] sample:		28.6 time, 30.3 real, 68.1 MB
[runlim] sample:		38.5 time, 40.3 real, 75.0 MB
[runlim] sample:		48.2 time, 50.3 real, 79.6 MB
[runlim] sample:		56.8 time, 60.3 real, 84.4 MB
[runlim] sample:		64.6 time, 70.3 real, 87.3 MB
[runlim] sample:		73.3 time, 80.3 real, 91.9 MB
[runlim] sample:		82.7 time, 90.3 real, 95.0 MB
[runlim] sample:		91.0 time, 100.3 real, 98.4 MB
[runlim] sample:		99.1 time, 110.3 real, 102.7 MB
[runlim] sample:		107.1 time, 120.3 real, 105.8 MB
[runlim] sample:		115.5 time, 130.3 real, 108.4 MB
[runlim] sample:		125.2 time, 140.3 real, 112.1 MB
[runlim] sample:		134.3 time, 150.3 real, 114.9 MB
[runlim] sample:		143.0 time, 160.3 real, 117.5 MB
[runlim] sample:		151.3 time, 170.3 real, 119.7 MB
[runlim] sample:		160.8 time, 180.3 real, 123.4 MB
[runlim] sample:		170.7 time, 190.3 real, 127.4 MB
[runlim] sample:		180.7 time, 200.3 real, 129.7 MB
[runlim] sample:		190.7 time, 210.3 real, 132.0 MB
[runlim] sample:		200.5 time, 220.3 real, 135.6 MB
[runlim] sample:		210.1 time, 230.3 real, 137.9 MB
[runlim] sample:		218.5 time, 240.3 real, 139.7 MB
[runlim] sample:		228.3 time, 250.3 real, 141.8 MB
[runlim] sample:		238.3 time, 260.3 real, 144.3 MB
[runlim] sample:		247.9 time, 270.3 real, 146.1 MB
[runlim] sample:		255.9 time, 280.3 real, 150.5 MB
[runlim] sample:		264.3 time, 290.3 real, 152.1 MB
[runlim] sample:		273.4 time, 300.3 real, 155.2 MB
[runlim] sample:		283.1 time, 310.3 real, 157.0 MB
[runlim] sample:		293.1 time, 320.3 real, 159.3 MB
[runlim] sample:		302.7 time, 330.3 real, 161.4 MB
[runlim] sample:		312.5 time, 340.3 real, 163.4 MB
[runlim] sample:		322.5 time, 350.3 real, 165.0 MB
[runlim] sample:		332.5 time, 360.3 real, 167.3 MB
[runlim] sample:		342.5 time, 370.3 real, 168.6 MB
[runlim] sample:		352.1 time, 380.3 real, 170.6 MB
[runlim] sample:		360.6 time, 390.3 real, 172.2 MB
[runlim] sample:		369.8 time, 400.3 real, 173.7 MB
[runlim] sample:		378.7 time, 410.3 real, 175.5 MB
[runlim] sample:		387.1 time, 420.3 real, 177.6 MB
[runlim] sample:		396.4 time, 430.3 real, 179.9 MB
[runlim] sample:		405.5 time, 440.3 real, 182.0 MB
[runlim] sample:		414.7 time, 450.3 real, 183.5 MB
[runlim] sample:		424.1 time, 460.3 real, 185.1 MB
[runlim] sample:		433.3 time, 470.3 real, 186.3 MB
[runlim] sample:		442.3 time, 480.3 real, 188.1 MB
[runlim] sample:		451.8 time, 490.3 real, 189.6 MB
[runlim] sample:		461.4 time, 500.3 real, 191.2 MB
[runlim] sample:		471.1 time, 510.3 real, 193.5 MB
[runlim] sample:		480.4 time, 520.3 real, 195.5 MB
[runlim] sample:		489.8 time, 530.3 real, 198.6 MB
[runlim] sample:		499.1 time, 540.3 real, 200.4 MB
[runlim] sample:		508.3 time, 550.3 real, 202.0 MB
[runlim] sample:		517.6 time, 560.3 real, 202.5 MB
[runlim] sample:		526.6 time, 570.3 real, 204.6 MB
[runlim] sample:		535.6 time, 580.3 real, 206.9 MB
[runlim] sample:		544.6 time, 590.3 real, 209.2 MB
[runlim] sample:		553.6 time, 600.3 real, 210.2 MB
[runlim] sample:		562.6 time, 610.3 real, 211.2 MB
[runlim] sample:		571.6 time, 620.3 real, 213.3 MB
[runlim] sample:		580.5 time, 630.3 real, 213.6 MB
[runlim] sample:		589.6 time, 640.3 real, 214.3 MB
[runlim] sample:		598.6 time, 650.3 real, 215.4 MB
[runlim] sample:		607.6 time, 660.3 real, 216.7 MB
[runlim] sample:		616.9 time, 670.3 real, 220.8 MB
[runlim] sample:		626.3 time, 680.3 real, 222.1 MB
[runlim] sample:		636.3 time, 690.3 real, 224.6 MB
[runlim] sample:		646.3 time, 700.3 real, 225.4 MB
[runlim] sample:		656.3 time, 710.3 real, 227.0 MB
[runlim] sample:		666.3 time, 720.3 real, 228.3 MB
[runlim] sample:		676.3 time, 730.3 real, 230.6 MB
[runlim] sample:		686.3 time, 740.3 real, 232.4 MB
[runlim] sample:		696.3 time, 750.3 real, 235.2 MB
[runlim] sample:		706.3 time, 760.3 real, 237.3 MB
[runlim] sample:		716.3 time, 770.3 real, 238.6 MB
[runlim] sample:		726.3 time, 780.3 real, 239.6 MB
[runlim] sample:		736.3 time, 790.3 real, 240.6 MB
[runlim] sample:		746.3 time, 800.3 real, 241.7 MB
[runlim] sample:		756.3 time, 810.3 real, 243.5 MB
[runlim] sample:		766.3 time, 820.3 real, 245.5 MB
[runlim] sample:		776.3 time, 830.3 real, 246.3 MB
[runlim] sample:		786.3 time, 840.3 real, 247.6 MB
[runlim] sample:		796.3 time, 850.3 real, 249.1 MB
[runlim] sample:		806.3 time, 860.3 real, 249.9 MB
[runlim] sample:		816.3 time, 870.3 real, 250.9 MB
[runlim] sample:		826.3 time, 880.3 real, 251.5 MB
[runlim] sample:		836.3 time, 890.3 real, 252.2 MB
[runlim] sample:		846.3 time, 900.3 real, 252.7 MB
[runlim] sample:		856.3 time, 910.3 real, 254.1 MB
[runlim] sample:		866.3 time, 920.3 real, 254.9 MB
[runlim] sample:		876.3 time, 930.3 real, 257.5 MB
[runlim] sample:		886.3 time, 940.3 real, 258.5 MB
[runlim] sample:		896.3 time, 950.3 real, 260.0 MB
[runlim] sample:		906.2 time, 960.3 real, 261.3 MB
[runlim] sample:		915.9 time, 970.3 real, 265.7 MB
[runlim] sample:		925.6 time, 980.3 real, 267.5 MB
[runlim] sample:		935.3 time, 990.3 real, 267.7 MB
[runlim] sample:		945.0 time, 1000.3 real, 269.3 MB
[runlim] sample:		954.6 time, 1010.3 real, 269.5 MB
[runlim] sample:		964.3 time, 1020.3 real, 271.6 MB
[runlim] sample:		974.0 time, 1030.3 real, 272.4 MB
[runlim] sample:		983.7 time, 1040.3 real, 272.9 MB
[runlim] sample:		993.4 time, 1050.3 real, 274.4 MB
[runlim] sample:		1003.0 time, 1060.3 real, 274.7 MB
[runlim] sample:		1012.7 time, 1070.3 real, 276.0 MB
[runlim] sample:		1022.7 time, 1080.3 real, 277.8 MB
[runlim] sample:		1032.7 time, 1090.3 real, 278.8 MB
[runlim] sample:		1042.7 time, 1100.3 real, 279.6 MB
[runlim] sample:		1052.7 time, 1110.3 real, 280.6 MB
[runlim] sample:		1062.7 time, 1120.3 real, 283.2 MB
[runlim] sample:		1072.7 time, 1130.3 real, 284.0 MB
[runlim] sample:		1082.7 time, 1140.3 real, 286.5 MB
[runlim] sample:		1092.7 time, 1150.3 real, 287.3 MB
[runlim] sample:		1102.7 time, 1160.3 real, 288.9 MB
[runlim] sample:		1112.7 time, 1170.3 real, 290.7 MB
[runlim] sample:		1122.7 time, 1180.3 real, 291.9 MB
[runlim] sample:		1132.7 time, 1190.3 real, 293.5 MB
[runlim] sample:		1142.7 time, 1200.3 real, 294.8 MB
[runlim] sample:		1152.4 time, 1210.3 real, 295.6 MB
[runlim] sample:		1162.4 time, 1220.3 real, 296.8 MB
[runlim] sample:		1172.4 time, 1230.3 real, 297.1 MB
[runlim] sample:		1181.0 time, 1240.3 real, 297.6 MB
[runlim] sample:		1189.8 time, 1250.3 real, 299.9 MB
[runlim] sample:		1198.4 time, 1260.3 real, 299.9 MB
[runlim] sample:		1206.9 time, 1270.3 real, 300.4 MB
[runlim] sample:		1216.5 time, 1280.3 real, 301.7 MB
[runlim] sample:		1226.3 time, 1290.3 real, 301.7 MB
[runlim] sample:		1236.3 time, 1300.3 real, 303.0 MB
[runlim] sample:		1246.2 time, 1310.3 real, 303.8 MB
[runlim] sample:		1256.2 time, 1320.3 real, 304.6 MB
[runlim] sample:		1266.2 time, 1330.3 real, 305.3 MB
[runlim] sample:		1276.2 time, 1340.3 real, 309.0 MB
[runlim] sample:		1286.2 time, 1350.3 real, 309.7 MB
[runlim] sample:		1296.2 time, 1360.3 real, 310.0 MB
[runlim] sample:		1306.1 time, 1370.3 real, 310.2 MB
[runlim] sample:		1315.8 time, 1380.3 real, 311.0 MB
[runlim] sample:		1325.2 time, 1390.3 real, 312.3 MB
[runlim] sample:		1334.1 time, 1400.3 real, 312.8 MB
[runlim] sample:		1343.9 time, 1410.3 real, 313.6 MB
[runlim] sample:		1353.9 time, 1420.3 real, 314.6 MB
[runlim] sample:		1363.9 time, 1430.3 real, 315.7 MB
[runlim] sample:		1373.9 time, 1440.3 real, 316.9 MB
[runlim] sample:		1383.9 time, 1450.3 real, 321.6 MB
[runlim] sample:		1393.9 time, 1460.3 real, 321.8 MB
[runlim] sample:		1403.9 time, 1470.3 real, 322.1 MB
[runlim] sample:		1413.9 time, 1480.3 real, 322.4 MB
[runlim] sample:		1423.9 time, 1490.3 real, 323.1 MB
[runlim] sample:		1433.9 time, 1500.3 real, 324.2 MB
[runlim] sample:		1443.9 time, 1510.3 real, 326.0 MB
[runlim] sample:		1453.9 time, 1520.3 real, 327.8 MB
[runlim] sample:		1463.9 time, 1530.3 real, 330.1 MB
[runlim] sample:		1473.9 time, 1540.3 real, 331.6 MB
[runlim] sample:		1483.9 time, 1550.3 real, 332.7 MB
[runlim] sample:		1493.9 time, 1560.3 real, 333.7 MB
[runlim] sample:		1503.9 time, 1570.3 real, 334.5 MB
[runlim] sample:		1513.9 time, 1580.3 real, 335.5 MB
[runlim] sample:		1523.9 time, 1590.3 real, 336.5 MB
[runlim] sample:		1533.9 time, 1600.3 real, 337.1 MB
[runlim] sample:		1543.9 time, 1610.3 real, 338.1 MB
[runlim] sample:		1553.9 time, 1620.3 real, 339.1 MB
[runlim] sample:		1563.9 time, 1630.3 real, 340.4 MB
[runlim] sample:		1573.9 time, 1640.3 real, 341.9 MB
[runlim] sample:		1583.9 time, 1650.3 real, 343.8 MB
[runlim] sample:		1593.9 time, 1660.3 real, 345.3 MB
[runlim] sample:		1603.9 time, 1670.3 real, 347.9 MB
[runlim] sample:		1613.9 time, 1680.3 real, 348.4 MB
[runlim] sample:		1623.9 time, 1690.3 real, 349.9 MB
[runlim] sample:		1633.9 time, 1700.3 real, 350.2 MB
[runlim] sample:		1643.9 time, 1710.3 real, 351.2 MB
[runlim] sample:		1653.9 time, 1720.3 real, 352.0 MB
[runlim] sample:		1663.9 time, 1730.3 real, 354.1 MB
[runlim] sample:		1673.9 time, 1740.3 real, 354.8 MB
[runlim] sample:		1683.9 time, 1750.3 real, 355.9 MB
[runlim] sample:		1693.9 time, 1760.3 real, 356.4 MB
[runlim] sample:		1703.9 time, 1770.3 real, 357.7 MB
[runlim] sample:		1713.9 time, 1780.3 real, 358.2 MB
[runlim] sample:		1723.9 time, 1790.3 real, 360.2 MB
[runlim] sample:		1733.9 time, 1800.3 real, 360.5 MB
[runlim] sample:		1743.9 time, 1810.3 real, 361.8 MB
[runlim] sample:		1753.9 time, 1820.3 real, 363.3 MB
[runlim] sample:		1763.9 time, 1830.3 real, 364.6 MB
[runlim] sample:		1773.9 time, 1840.3 real, 365.1 MB
[runlim] sample:		1783.9 time, 1850.3 real, 365.4 MB
[runlim] sample:		1793.9 time, 1860.3 real, 366.4 MB
CVC4 interrupted by SIGTERM.
[runlim] end:			Sun Feb  3 01:40:32 2019
[runlim] status:		out of time
[runlim] result:		2
[runlim] children:		0
[runlim] real:			1866.52 seconds
[runlim] time:			1800.08 seconds
[runlim] space:			366.7 MB
[runlim] samples:		18662
