[runlim] version:		1.10fixed
[runlim] time limit:		1800 seconds
[runlim] real time limit:	311040000 seconds
[runlim] space limit:		4000 MB
[runlim] argv[0]:		./cvc4
[runlim] argv[1]:		--nl-ext-tplanes
[runlim] argv[2]:		--full-saturate-quant
[runlim] argv[3]:		--no-e-matching
[runlim] argv[4]:		/tmp/YSzWmijD.smt2
[runlim] start:			Tue Feb 19 03:07:15 2019
[runlim] main pid:		21391
[runlim] sample:		8.4 time, 10.5 real, 35.0 MB
[runlim] sample:		17.2 time, 20.5 real, 38.9 MB
[runlim] sample:		26.3 time, 30.5 real, 40.9 MB
[runlim] sample:		35.3 time, 40.5 real, 43.0 MB
[runlim] sample:		44.4 time, 50.5 real, 44.5 MB
[runlim] sample:		54.4 time, 60.5 real, 46.6 MB
[runlim] sample:		64.2 time, 70.5 real, 47.9 MB
[runlim] sample:		74.0 time, 80.5 real, 49.9 MB
[runlim] sample:		83.7 time, 90.5 real, 50.7 MB
[runlim] sample:		93.4 time, 100.5 real, 51.5 MB
[runlim] sample:		103.0 time, 110.5 real, 52.3 MB
[runlim] sample:		112.7 time, 120.5 real, 53.3 MB
[runlim] sample:		121.7 time, 130.5 real, 54.1 MB
[runlim] sample:		130.9 time, 140.5 real, 55.1 MB
[runlim] sample:		140.6 time, 150.5 real, 55.6 MB
[runlim] sample:		150.2 time, 160.5 real, 56.6 MB
[runlim] sample:		159.6 time, 170.5 real, 56.9 MB
[runlim] sample:		169.6 time, 180.5 real, 58.4 MB
[runlim] sample:		179.6 time, 190.5 real, 59.2 MB
[runlim] sample:		189.6 time, 200.5 real, 60.0 MB
[runlim] sample:		199.6 time, 210.5 real, 60.5 MB
[runlim] sample:		209.6 time, 220.5 real, 61.0 MB
[runlim] sample:		219.6 time, 230.5 real, 62.3 MB
[runlim] sample:		229.6 time, 240.5 real, 62.6 MB
[runlim] sample:		239.0 time, 250.5 real, 62.8 MB
[runlim] sample:		247.7 time, 260.5 real, 63.6 MB
[runlim] sample:		257.5 time, 270.5 real, 64.1 MB
[runlim] sample:		267.5 time, 280.5 real, 64.6 MB
[runlim] sample:		277.5 time, 290.5 real, 65.1 MB
[runlim] sample:		287.5 time, 300.5 real, 65.6 MB
[runlim] sample:		297.4 time, 310.5 real, 66.2 MB
[runlim] sample:		307.4 time, 320.5 real, 66.4 MB
[runlim] sample:		317.4 time, 330.5 real, 66.9 MB
[runlim] sample:		327.4 time, 340.5 real, 67.7 MB
[runlim] sample:		337.4 time, 350.5 real, 68.0 MB
[runlim] sample:		347.4 time, 360.5 real, 68.5 MB
[runlim] sample:		357.4 time, 370.5 real, 69.0 MB
[runlim] sample:		367.4 time, 380.5 real, 69.3 MB
[runlim] sample:		377.4 time, 390.5 real, 69.8 MB
[runlim] sample:		387.4 time, 400.5 real, 70.5 MB
[runlim] sample:		397.4 time, 410.5 real, 71.1 MB
[runlim] sample:		407.4 time, 420.5 real, 71.1 MB
[runlim] sample:		417.3 time, 430.5 real, 71.6 MB
[runlim] sample:		426.5 time, 440.5 real, 72.1 MB
[runlim] sample:		436.5 time, 450.5 real, 72.3 MB
[runlim] sample:		446.5 time, 460.5 real, 72.9 MB
[runlim] sample:		456.5 time, 470.5 real, 73.1 MB
[runlim] sample:		466.5 time, 480.5 real, 73.9 MB
[runlim] sample:		476.5 time, 490.5 real, 74.4 MB
[runlim] sample:		486.5 time, 500.5 real, 74.9 MB
[runlim] sample:		495.8 time, 510.5 real, 75.2 MB
[runlim] sample:		505.2 time, 520.5 real, 75.4 MB
[runlim] sample:		514.8 time, 530.5 real, 75.4 MB
[runlim] sample:		524.8 time, 540.5 real, 76.0 MB
[runlim] sample:		534.2 time, 550.5 real, 77.0 MB
[runlim] sample:		543.3 time, 560.5 real, 77.5 MB
[runlim] sample:		552.5 time, 570.5 real, 77.8 MB
[runlim] sample:		561.8 time, 580.5 real, 78.0 MB
[runlim] sample:		571.1 time, 590.5 real, 78.3 MB
[runlim] sample:		580.6 time, 600.5 real, 78.5 MB
[runlim] sample:		590.2 time, 610.5 real, 78.8 MB
[runlim] sample:		599.5 time, 620.5 real, 79.3 MB
[runlim] sample:		608.2 time, 630.5 real, 79.3 MB
[runlim] sample:		617.3 time, 640.5 real, 79.6 MB
[runlim] sample:		627.3 time, 650.5 real, 80.1 MB
[runlim] sample:		637.3 time, 660.5 real, 80.6 MB
[runlim] sample:		647.3 time, 670.5 real, 80.9 MB
[runlim] sample:		657.3 time, 680.5 real, 81.1 MB
[runlim] sample:		667.3 time, 690.5 real, 81.4 MB
[runlim] sample:		677.3 time, 700.5 real, 81.6 MB
[runlim] sample:		687.2 time, 710.5 real, 81.9 MB
[runlim] sample:		697.2 time, 720.5 real, 82.1 MB
[runlim] sample:		707.2 time, 730.5 real, 82.7 MB
[runlim] sample:		716.7 time, 740.5 real, 82.7 MB
[runlim] sample:		726.3 time, 750.5 real, 83.0 MB
[runlim] sample:		736.0 time, 760.5 real, 83.3 MB
[runlim] sample:		745.7 time, 770.5 real, 83.3 MB
[runlim] sample:		755.3 time, 780.5 real, 83.5 MB
[runlim] sample:		765.0 time, 790.5 real, 84.3 MB
[runlim] sample:		774.6 time, 800.5 real, 84.6 MB
[runlim] sample:		784.3 time, 810.5 real, 84.6 MB
[runlim] sample:		794.0 time, 820.5 real, 84.8 MB
[runlim] sample:		803.6 time, 830.5 real, 84.8 MB
[runlim] sample:		813.3 time, 840.5 real, 85.1 MB
[runlim] sample:		822.9 time, 850.5 real, 85.3 MB
[runlim] sample:		832.6 time, 860.5 real, 85.9 MB
[runlim] sample:		840.8 time, 870.5 real, 86.1 MB
[runlim] sample:		848.9 time, 880.5 real, 86.4 MB
[runlim] sample:		856.9 time, 890.5 real, 86.4 MB
[runlim] sample:		864.5 time, 900.5 real, 86.4 MB
[runlim] sample:		872.7 time, 910.5 real, 86.6 MB
[runlim] sample:		882.4 time, 920.5 real, 86.9 MB
[runlim] sample:		892.0 time, 930.5 real, 87.1 MB
[runlim] sample:		901.7 time, 940.5 real, 87.1 MB
[runlim] sample:		911.3 time, 950.5 real, 87.4 MB
[runlim] sample:		920.7 time, 960.5 real, 88.6 MB
[runlim] sample:		928.4 time, 970.5 real, 88.6 MB
[runlim] sample:		936.8 time, 980.5 real, 88.8 MB
[runlim] sample:		946.8 time, 990.5 real, 88.8 MB
[runlim] sample:		956.8 time, 1000.5 real, 89.1 MB
[runlim] sample:		966.8 time, 1010.5 real, 89.1 MB
[runlim] sample:		976.8 time, 1020.5 real, 89.3 MB
[runlim] sample:		986.8 time, 1030.5 real, 89.8 MB
[runlim] sample:		996.8 time, 1040.5 real, 90.4 MB
[runlim] sample:		1006.8 time, 1050.5 real, 90.4 MB
[runlim] sample:		1016.8 time, 1060.5 real, 90.6 MB
[runlim] sample:		1026.8 time, 1070.5 real, 90.6 MB
[runlim] sample:		1036.2 time, 1080.5 real, 90.9 MB
[runlim] sample:		1045.2 time, 1090.5 real, 91.1 MB
[runlim] sample:		1054.3 time, 1100.5 real, 91.1 MB
[runlim] sample:		1063.9 time, 1110.5 real, 91.6 MB
[runlim] sample:		1073.6 time, 1120.5 real, 91.9 MB
[runlim] sample:		1083.2 time, 1130.5 real, 91.9 MB
[runlim] sample:		1092.8 time, 1140.5 real, 92.2 MB
[runlim] sample:		1102.8 time, 1150.5 real, 92.4 MB
[runlim] sample:		1112.8 time, 1160.5 real, 92.4 MB
[runlim] sample:		1122.8 time, 1170.5 real, 92.7 MB
[runlim] sample:		1132.8 time, 1180.5 real, 92.7 MB
[runlim] sample:		1141.3 time, 1190.5 real, 92.9 MB
[runlim] sample:		1150.0 time, 1200.5 real, 93.2 MB
[runlim] sample:		1160.0 time, 1210.5 real, 93.5 MB
[runlim] sample:		1170.0 time, 1220.5 real, 93.7 MB
[runlim] sample:		1179.4 time, 1230.5 real, 94.0 MB
[runlim] sample:		1187.5 time, 1240.5 real, 94.0 MB
[runlim] sample:		1197.2 time, 1250.5 real, 94.0 MB
[runlim] sample:		1207.2 time, 1260.5 real, 94.2 MB
[runlim] sample:		1217.2 time, 1270.5 real, 94.2 MB
[runlim] sample:		1227.2 time, 1280.5 real, 94.5 MB
[runlim] sample:		1237.0 time, 1290.5 real, 95.0 MB
[runlim] sample:		1245.1 time, 1300.5 real, 95.3 MB
[runlim] sample:		1253.7 time, 1310.5 real, 95.3 MB
[runlim] sample:		1263.7 time, 1320.5 real, 95.5 MB
[runlim] sample:		1273.2 time, 1330.5 real, 95.8 MB
[runlim] sample:		1282.1 time, 1340.5 real, 95.8 MB
[runlim] sample:		1292.0 time, 1350.5 real, 95.8 MB
[runlim] sample:		1302.0 time, 1360.5 real, 96.3 MB
[runlim] sample:		1311.9 time, 1370.5 real, 96.5 MB
[runlim] sample:		1321.9 time, 1380.5 real, 96.8 MB
[runlim] sample:		1331.9 time, 1390.5 real, 98.3 MB
[runlim] sample:		1341.9 time, 1400.5 real, 98.3 MB
[runlim] sample:		1351.9 time, 1410.5 real, 98.8 MB
[runlim] sample:		1361.9 time, 1420.5 real, 98.8 MB
[runlim] sample:		1371.9 time, 1430.5 real, 98.8 MB
[runlim] sample:		1381.9 time, 1440.5 real, 98.8 MB
[runlim] sample:		1391.9 time, 1450.5 real, 99.0 MB
[runlim] sample:		1401.8 time, 1460.5 real, 99.0 MB
[runlim] sample:		1411.8 time, 1470.5 real, 99.5 MB
[runlim] sample:		1421.8 time, 1480.5 real, 99.5 MB
[runlim] sample:		1431.8 time, 1490.5 real, 100.1 MB
[runlim] sample:		1441.8 time, 1500.5 real, 100.3 MB
[runlim] sample:		1451.8 time, 1510.5 real, 100.3 MB
[runlim] sample:		1461.8 time, 1520.5 real, 100.3 MB
[runlim] sample:		1471.8 time, 1530.5 real, 100.3 MB
[runlim] sample:		1481.8 time, 1540.5 real, 100.6 MB
[runlim] sample:		1491.8 time, 1550.5 real, 100.8 MB
[runlim] sample:		1501.8 time, 1560.5 real, 101.1 MB
[runlim] sample:		1511.8 time, 1570.5 real, 101.1 MB
[runlim] sample:		1521.8 time, 1580.5 real, 101.6 MB
[runlim] sample:		1531.8 time, 1590.5 real, 101.6 MB
[runlim] sample:		1541.8 time, 1600.5 real, 101.9 MB
[runlim] sample:		1551.8 time, 1610.5 real, 102.1 MB
[runlim] sample:		1561.8 time, 1620.5 real, 102.1 MB
[runlim] sample:		1571.8 time, 1630.5 real, 102.3 MB
[runlim] sample:		1581.8 time, 1640.5 real, 102.5 MB
[runlim] sample:		1591.8 time, 1650.5 real, 102.8 MB
[runlim] sample:		1601.8 time, 1660.5 real, 102.8 MB
[runlim] sample:		1611.8 time, 1670.5 real, 102.8 MB
[runlim] sample:		1621.8 time, 1680.5 real, 103.1 MB
[runlim] sample:		1631.8 time, 1690.5 real, 103.1 MB
[runlim] sample:		1641.8 time, 1700.5 real, 103.8 MB
[runlim] sample:		1651.8 time, 1710.5 real, 103.8 MB
[runlim] sample:		1661.8 time, 1720.5 real, 103.8 MB
[runlim] sample:		1671.8 time, 1730.5 real, 104.1 MB
[runlim] sample:		1681.8 time, 1740.5 real, 104.1 MB
[runlim] sample:		1691.8 time, 1750.5 real, 104.1 MB
[runlim] sample:		1701.8 time, 1760.5 real, 104.4 MB
[runlim] sample:		1711.8 time, 1770.5 real, 104.4 MB
[runlim] sample:		1721.7 time, 1780.5 real, 104.4 MB
[runlim] sample:		1731.7 time, 1790.5 real, 104.6 MB
[runlim] sample:		1741.7 time, 1800.5 real, 104.9 MB
[runlim] sample:		1751.7 time, 1810.5 real, 105.1 MB
[runlim] sample:		1761.7 time, 1820.5 real, 105.1 MB
[runlim] sample:		1771.7 time, 1830.5 real, 105.4 MB
[runlim] sample:		1781.7 time, 1840.5 real, 106.2 MB
[runlim] end:			Tue Feb 19 03:38:04 2019
[runlim] status:		signal(9)
[runlim] result:		11
[runlim] children:		0
[runlim] real:			1849.53 seconds
[runlim] time:			1790.72 seconds
[runlim] space:			106.2 MB
[runlim] samples:		18490
