[runlim] version:		1.10fixed
[runlim] time limit:		1800 seconds
[runlim] real time limit:	311040000 seconds
[runlim] space limit:		4000 MB
[runlim] argv[0]:		./cvc4
[runlim] argv[1]:		--nl-ext-tplanes
[runlim] argv[2]:		--full-saturate-quant
[runlim] argv[3]:		--no-e-matching
[runlim] argv[4]:		/tmp/V0mcWbQa.smt2
[runlim] start:			Fri Feb  8 22:43:26 2019
[runlim] main pid:		23817
[runlim] sample:		9.4 time, 10.1 real, 43.9 MB
[runlim] sample:		19.1 time, 20.1 real, 46.7 MB
[runlim] sample:		28.2 time, 30.1 real, 46.9 MB
[runlim] sample:		37.2 time, 40.1 real, 47.4 MB
[runlim] sample:		46.6 time, 50.1 real, 48.2 MB
[runlim] sample:		56.0 time, 60.1 real, 48.7 MB
[runlim] sample:		66.0 time, 70.1 real, 49.2 MB
[runlim] sample:		76.0 time, 80.1 real, 49.7 MB
[runlim] sample:		84.9 time, 90.1 real, 50.3 MB
[runlim] sample:		94.5 time, 100.1 real, 50.5 MB
[runlim] sample:		104.0 time, 110.1 real, 51.0 MB
[runlim] sample:		114.0 time, 120.1 real, 51.8 MB
[runlim] sample:		123.7 time, 130.1 real, 52.1 MB
[runlim] sample:		133.1 time, 140.1 real, 52.6 MB
[runlim] sample:		142.6 time, 150.1 real, 53.1 MB
[runlim] sample:		152.3 time, 160.1 real, 53.4 MB
[runlim] sample:		162.3 time, 170.1 real, 53.9 MB
[runlim] sample:		172.3 time, 180.1 real, 54.6 MB
[runlim] sample:		181.7 time, 190.1 real, 54.9 MB
[runlim] sample:		191.2 time, 200.1 real, 55.4 MB
[runlim] sample:		200.4 time, 210.1 real, 55.9 MB
[runlim] sample:		209.8 time, 220.1 real, 56.4 MB
[runlim] sample:		219.4 time, 230.1 real, 56.7 MB
[runlim] sample:		228.7 time, 240.1 real, 57.2 MB
[runlim] sample:		238.2 time, 250.1 real, 57.7 MB
[runlim] sample:		247.9 time, 260.1 real, 58.0 MB
[runlim] sample:		257.8 time, 270.1 real, 58.5 MB
[runlim] sample:		267.8 time, 280.1 real, 59.3 MB
[runlim] sample:		277.8 time, 290.1 real, 59.5 MB
[runlim] sample:		287.8 time, 300.1 real, 60.0 MB
[runlim] sample:		297.4 time, 310.1 real, 60.6 MB
[runlim] sample:		307.1 time, 320.1 real, 61.1 MB
[runlim] sample:		316.4 time, 330.1 real, 61.3 MB
[runlim] sample:		325.9 time, 340.1 real, 62.3 MB
[runlim] sample:		335.9 time, 350.1 real, 62.8 MB
[runlim] sample:		345.3 time, 360.1 real, 62.8 MB
[runlim] sample:		355.2 time, 370.1 real, 63.6 MB
[runlim] sample:		365.2 time, 380.1 real, 64.1 MB
[runlim] sample:		375.2 time, 390.1 real, 64.4 MB
[runlim] sample:		385.2 time, 400.1 real, 64.9 MB
[runlim] sample:		395.2 time, 410.1 real, 65.4 MB
[runlim] sample:		405.2 time, 420.1 real, 65.9 MB
[runlim] sample:		415.2 time, 430.1 real, 66.2 MB
[runlim] sample:		425.2 time, 440.1 real, 66.7 MB
[runlim] sample:		435.2 time, 450.1 real, 67.2 MB
[runlim] sample:		443.9 time, 460.1 real, 68.3 MB
[runlim] sample:		453.2 time, 470.1 real, 68.3 MB
[runlim] sample:		462.6 time, 480.1 real, 69.0 MB
[runlim] sample:		471.7 time, 490.1 real, 69.5 MB
[runlim] sample:		480.8 time, 500.1 real, 69.5 MB
[runlim] sample:		490.6 time, 510.1 real, 70.1 MB
[runlim] sample:		500.3 time, 520.1 real, 70.6 MB
[runlim] sample:		510.0 time, 530.1 real, 71.3 MB
[runlim] sample:		519.8 time, 540.1 real, 71.9 MB
[runlim] sample:		529.8 time, 550.1 real, 72.1 MB
[runlim] sample:		539.6 time, 560.1 real, 72.6 MB
[runlim] sample:		549.3 time, 570.1 real, 72.6 MB
[runlim] sample:		559.0 time, 580.1 real, 73.1 MB
[runlim] sample:		568.7 time, 590.1 real, 73.9 MB
[runlim] sample:		578.3 time, 600.1 real, 74.2 MB
[runlim] sample:		588.0 time, 610.1 real, 74.7 MB
[runlim] sample:		597.7 time, 620.1 real, 75.2 MB
[runlim] sample:		607.5 time, 630.1 real, 75.7 MB
[runlim] sample:		617.5 time, 640.1 real, 76.0 MB
[runlim] sample:		627.4 time, 650.1 real, 76.5 MB
[runlim] sample:		637.0 time, 660.1 real, 77.0 MB
[runlim] sample:		646.7 time, 670.1 real, 77.5 MB
[runlim] sample:		656.4 time, 680.1 real, 77.8 MB
[runlim] sample:		666.2 time, 690.1 real, 78.3 MB
[runlim] sample:		675.5 time, 700.1 real, 78.8 MB
[runlim] sample:		685.5 time, 710.1 real, 79.1 MB
[runlim] sample:		694.2 time, 720.1 real, 79.6 MB
[runlim] sample:		702.9 time, 730.1 real, 79.8 MB
[runlim] sample:		711.5 time, 740.1 real, 81.0 MB
[runlim] sample:		721.1 time, 750.1 real, 81.2 MB
[runlim] sample:		729.9 time, 760.1 real, 81.5 MB
[runlim] sample:		738.5 time, 770.1 real, 82.0 MB
[runlim] sample:		748.0 time, 780.1 real, 82.5 MB
[runlim] sample:		758.0 time, 790.1 real, 83.0 MB
[runlim] sample:		768.0 time, 800.1 real, 83.3 MB
[runlim] sample:		778.0 time, 810.1 real, 83.8 MB
[runlim] sample:		788.0 time, 820.1 real, 84.3 MB
[runlim] sample:		798.0 time, 830.1 real, 84.6 MB
[runlim] sample:		808.0 time, 840.1 real, 85.1 MB
[runlim] sample:		818.0 time, 850.1 real, 85.6 MB
[runlim] sample:		828.0 time, 860.1 real, 85.8 MB
[runlim] sample:		837.4 time, 870.1 real, 86.1 MB
[runlim] sample:		847.4 time, 880.1 real, 86.6 MB
[runlim] sample:		857.4 time, 890.1 real, 87.1 MB
[runlim] sample:		867.4 time, 900.1 real, 87.4 MB
[runlim] sample:		877.4 time, 910.1 real, 87.9 MB
[runlim] sample:		887.4 time, 920.1 real, 88.4 MB
[runlim] sample:		897.4 time, 930.1 real, 88.9 MB
[runlim] sample:		907.4 time, 940.1 real, 88.9 MB
[runlim] sample:		917.4 time, 950.1 real, 89.4 MB
[runlim] sample:		927.4 time, 960.1 real, 90.0 MB
[runlim] sample:		937.4 time, 970.1 real, 90.5 MB
[runlim] sample:		947.4 time, 980.1 real, 90.7 MB
[runlim] sample:		957.4 time, 990.1 real, 91.3 MB
[runlim] sample:		967.4 time, 1000.1 real, 91.8 MB
[runlim] sample:		977.4 time, 1010.1 real, 92.0 MB
[runlim] sample:		987.4 time, 1020.1 real, 92.3 MB
[runlim] sample:		997.4 time, 1030.1 real, 92.8 MB
[runlim] sample:		1007.4 time, 1040.1 real, 93.3 MB
[runlim] sample:		1017.4 time, 1050.1 real, 93.6 MB
[runlim] sample:		1027.3 time, 1060.1 real, 93.8 MB
[runlim] sample:		1037.3 time, 1070.1 real, 94.3 MB
[runlim] sample:		1047.3 time, 1080.1 real, 94.9 MB
[runlim] sample:		1057.3 time, 1090.1 real, 95.1 MB
[runlim] sample:		1067.3 time, 1100.1 real, 95.6 MB
[runlim] sample:		1077.3 time, 1110.1 real, 95.9 MB
[runlim] sample:		1087.3 time, 1120.1 real, 96.7 MB
[runlim] sample:		1097.3 time, 1130.1 real, 96.9 MB
[runlim] sample:		1107.3 time, 1140.1 real, 97.2 MB
[runlim] sample:		1117.3 time, 1150.1 real, 97.9 MB
[runlim] sample:		1127.3 time, 1160.1 real, 98.5 MB
[runlim] sample:		1137.3 time, 1170.1 real, 98.5 MB
[runlim] sample:		1147.3 time, 1180.1 real, 99.0 MB
[runlim] sample:		1157.3 time, 1190.1 real, 99.5 MB
[runlim] sample:		1167.3 time, 1200.1 real, 100.0 MB
[runlim] sample:		1177.3 time, 1210.1 real, 100.0 MB
[runlim] sample:		1187.3 time, 1220.1 real, 100.5 MB
[runlim] sample:		1197.2 time, 1230.1 real, 101.0 MB
[runlim] sample:		1207.2 time, 1240.1 real, 101.6 MB
[runlim] sample:		1217.2 time, 1250.1 real, 101.6 MB
[runlim] sample:		1227.2 time, 1260.1 real, 102.1 MB
[runlim] sample:		1237.2 time, 1270.1 real, 102.6 MB
[runlim] sample:		1247.2 time, 1280.1 real, 103.1 MB
[runlim] sample:		1257.2 time, 1290.1 real, 103.4 MB
[runlim] sample:		1267.2 time, 1300.1 real, 103.6 MB
[runlim] sample:		1277.2 time, 1310.1 real, 104.1 MB
[runlim] sample:		1287.2 time, 1320.1 real, 104.6 MB
[runlim] sample:		1297.2 time, 1330.1 real, 105.1 MB
[runlim] sample:		1307.2 time, 1340.1 real, 105.4 MB
[runlim] sample:		1317.2 time, 1350.1 real, 106.8 MB
[runlim] sample:		1327.2 time, 1360.1 real, 107.1 MB
[runlim] sample:		1337.2 time, 1370.1 real, 107.6 MB
[runlim] sample:		1347.2 time, 1380.1 real, 107.8 MB
[runlim] sample:		1357.2 time, 1390.1 real, 109.9 MB
[runlim] sample:		1367.2 time, 1400.1 real, 109.9 MB
[runlim] sample:		1377.2 time, 1410.1 real, 110.2 MB
[runlim] sample:		1387.2 time, 1420.1 real, 110.4 MB
[runlim] sample:		1397.2 time, 1430.1 real, 110.9 MB
[runlim] sample:		1407.2 time, 1440.1 real, 111.4 MB
[runlim] sample:		1417.1 time, 1450.1 real, 111.7 MB
[runlim] sample:		1427.1 time, 1460.1 real, 112.0 MB
[runlim] sample:		1437.1 time, 1470.1 real, 113.0 MB
[runlim] sample:		1447.1 time, 1480.1 real, 113.5 MB
[runlim] sample:		1457.1 time, 1490.1 real, 113.8 MB
[runlim] sample:		1467.1 time, 1500.1 real, 114.0 MB
[runlim] sample:		1477.1 time, 1510.1 real, 114.5 MB
[runlim] sample:		1487.1 time, 1520.1 real, 115.1 MB
[runlim] sample:		1497.1 time, 1530.1 real, 115.3 MB
[runlim] sample:		1507.1 time, 1540.1 real, 115.6 MB
[runlim] sample:		1517.1 time, 1550.1 real, 115.8 MB
[runlim] sample:		1527.1 time, 1560.1 real, 116.3 MB
[runlim] sample:		1537.1 time, 1570.1 real, 116.9 MB
[runlim] sample:		1547.1 time, 1580.1 real, 116.9 MB
[runlim] sample:		1557.1 time, 1590.1 real, 117.4 MB
[runlim] sample:		1567.0 time, 1600.1 real, 117.9 MB
[runlim] sample:		1577.0 time, 1610.1 real, 118.4 MB
[runlim] sample:		1587.0 time, 1620.1 real, 118.4 MB
[runlim] sample:		1597.0 time, 1630.1 real, 119.2 MB
[runlim] sample:		1607.0 time, 1640.1 real, 119.7 MB
[runlim] sample:		1617.0 time, 1650.1 real, 120.2 MB
[runlim] sample:		1627.0 time, 1660.1 real, 120.2 MB
[runlim] sample:		1637.0 time, 1670.1 real, 120.7 MB
[runlim] sample:		1647.0 time, 1680.1 real, 121.2 MB
[runlim] sample:		1657.0 time, 1690.1 real, 121.7 MB
[runlim] sample:		1667.0 time, 1700.1 real, 121.7 MB
[runlim] sample:		1677.0 time, 1710.1 real, 122.0 MB
[runlim] sample:		1687.0 time, 1720.1 real, 122.5 MB
[runlim] sample:		1697.0 time, 1730.1 real, 123.0 MB
[runlim] sample:		1707.0 time, 1740.1 real, 123.3 MB
[runlim] sample:		1717.0 time, 1750.1 real, 123.5 MB
[runlim] sample:		1727.0 time, 1760.1 real, 124.1 MB
[runlim] sample:		1737.0 time, 1770.1 real, 124.6 MB
[runlim] sample:		1747.0 time, 1780.1 real, 124.8 MB
[runlim] sample:		1757.0 time, 1790.1 real, 125.1 MB
[runlim] sample:		1767.0 time, 1800.1 real, 125.4 MB
[runlim] sample:		1777.0 time, 1810.1 real, 125.9 MB
[runlim] sample:		1786.9 time, 1820.1 real, 126.4 MB
[runlim] sample:		1796.9 time, 1830.1 real, 126.4 MB
CVC4 interrupted by SIGTERM.
[runlim] end:			Fri Feb  8 23:13:59 2019
[runlim] status:		out of time
[runlim] result:		2
[runlim] children:		0
[runlim] real:			1833.19 seconds
[runlim] time:			1800.04 seconds
[runlim] space:			126.6 MB
[runlim] samples:		18331
