[runlim] version:		1.10fixed
[runlim] time limit:		300 seconds
[runlim] real time limit:	311040000 seconds
[runlim] space limit:		4000 MB
[runlim] argv[0]:		./cvc4
[runlim] argv[1]:		--nl-ext-tplanes
[runlim] argv[2]:		--full-saturate-quant
[runlim] argv[3]:		--no-e-matching
[runlim] argv[4]:		/tmp/1gJZqOVf.smt2
[runlim] start:			Mon Jan 28 16:32:09 2019
[runlim] main pid:		17572
[runlim] sample:		8.7 time, 10.0 real, 41.3 MB
[runlim] sample:		18.7 time, 20.0 real, 49.3 MB
[runlim] sample:		28.7 time, 30.0 real, 55.1 MB
[runlim] sample:		38.7 time, 40.0 real, 60.1 MB
[runlim] sample:		48.6 time, 50.0 real, 64.2 MB
[runlim] sample:		58.6 time, 60.0 real, 67.1 MB
[runlim] sample:		68.7 time, 70.0 real, 70.7 MB
[runlim] sample:		78.7 time, 80.0 real, 72.7 MB
[runlim] sample:		88.5 time, 90.0 real, 74.8 MB
[runlim] sample:		98.5 time, 100.0 real, 77.4 MB
[runlim] sample:		106.6 time, 110.0 real, 79.8 MB
[runlim] sample:		115.6 time, 120.0 real, 81.6 MB
[runlim] sample:		124.6 time, 130.0 real, 82.9 MB
[runlim] sample:		133.6 time, 140.0 real, 84.5 MB
[runlim] sample:		143.2 time, 150.0 real, 86.0 MB
[runlim] sample:		153.2 time, 160.0 real, 87.5 MB
[runlim] sample:		163.2 time, 170.0 real, 89.1 MB
[runlim] sample:		173.2 time, 180.0 real, 92.6 MB
[runlim] sample:		183.2 time, 190.0 real, 93.9 MB
[runlim] sample:		193.2 time, 200.0 real, 94.9 MB
[runlim] sample:		202.2 time, 210.0 real, 96.5 MB
[runlim] sample:		211.7 time, 220.0 real, 97.2 MB
[runlim] sample:		221.7 time, 230.0 real, 98.8 MB
[runlim] sample:		231.2 time, 240.0 real, 100.1 MB
[runlim] sample:		239.2 time, 250.0 real, 101.1 MB
[runlim] sample:		248.3 time, 260.0 real, 102.1 MB
[runlim] sample:		258.3 time, 270.0 real, 103.2 MB
[runlim] sample:		268.3 time, 280.0 real, 104.2 MB
[runlim] sample:		278.3 time, 290.0 real, 105.2 MB
[runlim] sample:		288.3 time, 300.0 real, 106.5 MB
[runlim] sample:		298.1 time, 310.0 real, 107.8 MB
CVC4 interrupted by SIGTERM.
[runlim] end:			Mon Jan 28 16:37:21 2019
[runlim] status:		out of time
[runlim] result:		2
[runlim] children:		0
[runlim] real:			312.17 seconds
[runlim] time:			300.02 seconds
[runlim] space:			107.8 MB
[runlim] samples:		3121
