[runlim] version:		1.10fixed
[runlim] time limit:		300 seconds
[runlim] real time limit:	311040000 seconds
[runlim] space limit:		4000 MB
[runlim] argv[0]:		./cvc4
[runlim] argv[1]:		--nl-ext-tplanes
[runlim] argv[2]:		--full-saturate-quant
[runlim] argv[3]:		--no-e-matching
[runlim] argv[4]:		/tmp/oi5paYCu.smt2
[runlim] start:			Tue Jan 29 14:04:22 2019
[runlim] main pid:		11912
[runlim] sample:		7.9 time, 11.0 real, 39.6 MB
[runlim] sample:		15.7 time, 21.0 real, 45.8 MB
[runlim] sample:		24.2 time, 31.0 real, 50.7 MB
[runlim] sample:		33.2 time, 41.0 real, 54.7 MB
[runlim] sample:		41.6 time, 51.0 real, 58.0 MB
[runlim] sample:		50.5 time, 61.0 real, 61.8 MB
[runlim] sample:		59.6 time, 71.0 real, 64.6 MB
[runlim] sample:		69.0 time, 81.0 real, 67.4 MB
[runlim] sample:		78.7 time, 91.0 real, 69.2 MB
[runlim] sample:		88.7 time, 101.0 real, 71.5 MB
[runlim] sample:		98.7 time, 111.0 real, 73.9 MB
[runlim] sample:		108.7 time, 121.0 real, 75.4 MB
[runlim] sample:		118.7 time, 131.0 real, 77.2 MB
[runlim] sample:		128.7 time, 141.0 real, 79.3 MB
[runlim] sample:		138.7 time, 151.0 real, 80.8 MB
[runlim] sample:		148.7 time, 161.0 real, 82.1 MB
[runlim] sample:		158.7 time, 171.0 real, 83.4 MB
[runlim] sample:		168.7 time, 181.0 real, 85.7 MB
[runlim] sample:		178.7 time, 191.0 real, 87.0 MB
[runlim] sample:		188.7 time, 201.0 real, 88.5 MB
[runlim] sample:		198.7 time, 211.0 real, 89.6 MB
[runlim] sample:		208.7 time, 221.0 real, 90.9 MB
[runlim] sample:		218.7 time, 231.0 real, 91.6 MB
[runlim] sample:		228.7 time, 241.0 real, 92.7 MB
[runlim] sample:		238.7 time, 251.0 real, 93.7 MB
[runlim] sample:		248.7 time, 261.0 real, 95.0 MB
[runlim] sample:		258.4 time, 271.0 real, 98.3 MB
[runlim] sample:		268.4 time, 281.0 real, 99.1 MB
[runlim] sample:		278.4 time, 291.0 real, 100.4 MB
[runlim] sample:		288.1 time, 301.0 real, 101.1 MB
[runlim] sample:		297.8 time, 311.0 real, 102.4 MB
CVC4 interrupted by SIGTERM.
[runlim] end:			Tue Jan 29 14:09:35 2019
[runlim] status:		out of time
[runlim] result:		2
[runlim] children:		0
[runlim] real:			313.80 seconds
[runlim] time:			300.02 seconds
[runlim] space:			102.7 MB
[runlim] samples:		3128
