[runlim] version:		1.10fixed
[runlim] time limit:		1800 seconds
[runlim] real time limit:	311040000 seconds
[runlim] space limit:		4000 MB
[runlim] argv[0]:		./cvc4
[runlim] argv[1]:		--nl-ext-tplanes
[runlim] argv[2]:		--full-saturate-quant
[runlim] argv[3]:		--no-e-matching
[runlim] argv[4]:		/tmp/Vk0TK1wx.smt2
[runlim] start:			Thu Jan 31 04:42:23 2019
[runlim] main pid:		22750
[runlim] sample:		10.0 time, 10.1 real, 54.5 MB
[runlim] sample:		20.0 time, 20.1 real, 66.5 MB
[runlim] sample:		30.0 time, 30.1 real, 77.1 MB
[runlim] sample:		40.0 time, 40.1 real, 84.6 MB
[runlim] sample:		50.0 time, 50.1 real, 90.6 MB
[runlim] sample:		60.0 time, 60.1 real, 95.8 MB
[runlim] sample:		68.7 time, 70.1 real, 98.4 MB
[runlim] sample:		77.0 time, 80.1 real, 101.5 MB
[runlim] sample:		86.4 time, 90.1 real, 104.3 MB
[runlim] sample:		96.2 time, 100.1 real, 106.4 MB
[runlim] sample:		106.2 time, 110.1 real, 110.5 MB
[runlim] sample:		115.6 time, 120.1 real, 112.5 MB
[runlim] sample:		125.2 time, 130.1 real, 114.4 MB
[runlim] sample:		134.2 time, 140.1 real, 116.9 MB
[runlim] sample:		143.2 time, 150.1 real, 119.8 MB
[runlim] sample:		152.2 time, 160.1 real, 122.1 MB
[runlim] sample:		161.2 time, 170.1 real, 124.6 MB
[runlim] sample:		171.1 time, 180.1 real, 126.4 MB
[runlim] sample:		181.1 time, 190.1 real, 129.0 MB
[runlim] sample:		191.1 time, 200.1 real, 130.8 MB
[runlim] sample:		201.1 time, 210.1 real, 132.7 MB
[runlim] sample:		210.3 time, 220.1 real, 134.6 MB
[runlim] sample:		220.3 time, 230.1 real, 137.7 MB
[runlim] sample:		230.3 time, 240.1 real, 140.1 MB
[runlim] sample:		240.3 time, 250.1 real, 141.1 MB
[runlim] sample:		249.7 time, 260.1 real, 145.5 MB
[runlim] sample:		258.8 time, 270.1 real, 149.2 MB
[runlim] sample:		267.8 time, 280.1 real, 152.3 MB
[runlim] sample:		277.1 time, 290.1 real, 153.3 MB
[runlim] sample:		287.1 time, 300.1 real, 153.6 MB
[runlim] sample:		297.1 time, 310.1 real, 156.1 MB
[runlim] sample:		306.5 time, 320.1 real, 157.4 MB
[runlim] sample:		315.5 time, 330.1 real, 158.7 MB
[runlim] sample:		324.6 time, 340.1 real, 160.8 MB
[runlim] sample:		333.6 time, 350.1 real, 161.8 MB
[runlim] sample:		342.6 time, 360.1 real, 163.9 MB
[runlim] sample:		351.7 time, 370.1 real, 165.7 MB
[runlim] sample:		360.7 time, 380.1 real, 168.2 MB
[runlim] sample:		370.2 time, 390.1 real, 170.0 MB
[runlim] sample:		379.9 time, 400.1 real, 171.6 MB
[runlim] sample:		389.9 time, 410.1 real, 173.8 MB
[runlim] sample:		399.9 time, 420.1 real, 175.1 MB
[runlim] sample:		409.9 time, 430.1 real, 176.9 MB
[runlim] sample:		419.9 time, 440.1 real, 179.9 MB
[runlim] sample:		429.9 time, 450.1 real, 180.6 MB
[runlim] sample:		439.9 time, 460.1 real, 182.7 MB
[runlim] sample:		449.6 time, 470.1 real, 184.2 MB
[runlim] sample:		458.6 time, 480.1 real, 186.3 MB
[runlim] sample:		467.6 time, 490.1 real, 187.9 MB
[runlim] sample:		476.6 time, 500.1 real, 189.7 MB
[runlim] sample:		486.3 time, 510.1 real, 191.7 MB
[runlim] sample:		495.3 time, 520.1 real, 192.7 MB
[runlim] sample:		504.3 time, 530.1 real, 193.0 MB
[runlim] sample:		513.8 time, 540.1 real, 194.9 MB
[runlim] sample:		523.0 time, 550.1 real, 197.2 MB
[runlim] sample:		532.5 time, 560.1 real, 197.4 MB
[runlim] sample:		542.5 time, 570.1 real, 199.0 MB
[runlim] sample:		552.5 time, 580.1 real, 199.4 MB
[runlim] sample:		562.5 time, 590.1 real, 199.7 MB
[runlim] sample:		572.4 time, 600.1 real, 201.7 MB
[runlim] sample:		581.4 time, 610.1 real, 203.0 MB
[runlim] sample:		590.5 time, 620.1 real, 204.3 MB
[runlim] sample:		600.5 time, 630.1 real, 204.6 MB
[runlim] sample:		609.5 time, 640.1 real, 206.5 MB
[runlim] sample:		618.4 time, 650.1 real, 206.8 MB
[runlim] sample:		627.4 time, 660.1 real, 207.9 MB
[runlim] sample:		636.5 time, 670.1 real, 208.4 MB
[runlim] sample:		645.5 time, 680.1 real, 209.7 MB
[runlim] sample:		654.5 time, 690.1 real, 211.5 MB
[runlim] sample:		663.5 time, 700.1 real, 211.7 MB
[runlim] sample:		672.5 time, 710.1 real, 212.0 MB
[runlim] sample:		681.7 time, 720.1 real, 213.8 MB
[runlim] sample:		691.7 time, 730.1 real, 215.8 MB
[runlim] sample:		701.7 time, 740.1 real, 216.8 MB
[runlim] sample:		711.7 time, 750.1 real, 217.3 MB
[runlim] sample:		721.7 time, 760.1 real, 217.9 MB
[runlim] sample:		731.6 time, 770.1 real, 218.9 MB
[runlim] sample:		739.9 time, 780.1 real, 219.4 MB
[runlim] sample:		748.2 time, 790.1 real, 220.4 MB
[runlim] sample:		756.6 time, 800.1 real, 220.9 MB
[runlim] sample:		765.9 time, 810.1 real, 221.2 MB
[runlim] sample:		775.9 time, 820.1 real, 223.3 MB
[runlim] sample:		785.0 time, 830.1 real, 225.3 MB
[runlim] sample:		795.0 time, 840.1 real, 225.3 MB
[runlim] sample:		805.0 time, 850.1 real, 225.3 MB
[runlim] sample:		814.2 time, 860.1 real, 225.3 MB
[runlim] sample:		824.2 time, 870.1 real, 226.6 MB
[runlim] sample:		832.9 time, 880.1 real, 227.9 MB
[runlim] sample:		842.2 time, 890.1 real, 229.2 MB
[runlim] sample:		852.2 time, 900.1 real, 229.2 MB
[runlim] sample:		861.9 time, 910.1 real, 231.2 MB
[runlim] sample:		871.6 time, 920.1 real, 231.2 MB
[runlim] sample:		881.6 time, 930.1 real, 231.5 MB
[runlim] sample:		891.6 time, 940.1 real, 233.5 MB
[runlim] sample:		901.6 time, 950.1 real, 234.6 MB
[runlim] sample:		911.6 time, 960.1 real, 234.8 MB
[runlim] sample:		921.5 time, 970.1 real, 234.8 MB
[runlim] sample:		931.5 time, 980.1 real, 236.3 MB
[runlim] sample:		941.5 time, 990.1 real, 237.6 MB
[runlim] sample:		951.5 time, 1000.1 real, 237.9 MB
[runlim] sample:		960.7 time, 1010.1 real, 237.9 MB
[runlim] sample:		970.0 time, 1020.1 real, 238.4 MB
[runlim] sample:		979.5 time, 1030.1 real, 238.4 MB
[runlim] sample:		988.5 time, 1040.1 real, 238.4 MB
[runlim] sample:		997.5 time, 1050.1 real, 238.4 MB
[runlim] sample:		1007.5 time, 1060.1 real, 238.6 MB
[runlim] sample:		1017.5 time, 1070.1 real, 238.6 MB
[runlim] sample:		1026.9 time, 1080.1 real, 238.6 MB
[runlim] sample:		1036.4 time, 1090.1 real, 238.6 MB
[runlim] sample:		1046.4 time, 1100.1 real, 238.9 MB
[runlim] sample:		1055.9 time, 1110.1 real, 238.9 MB
[runlim] sample:		1064.2 time, 1120.1 real, 238.9 MB
[runlim] sample:		1074.0 time, 1130.1 real, 239.1 MB
[runlim] sample:		1083.6 time, 1140.1 real, 239.1 MB
[runlim] sample:		1093.5 time, 1150.1 real, 239.4 MB
[runlim] sample:		1103.5 time, 1160.1 real, 239.9 MB
[runlim] sample:		1112.9 time, 1170.1 real, 240.6 MB
[runlim] sample:		1122.0 time, 1180.1 real, 241.4 MB
[runlim] sample:		1131.1 time, 1190.1 real, 243.2 MB
[runlim] sample:		1141.1 time, 1200.1 real, 243.5 MB
[runlim] sample:		1151.1 time, 1210.1 real, 244.2 MB
[runlim] sample:		1159.6 time, 1220.1 real, 244.2 MB
[runlim] sample:		1168.0 time, 1230.1 real, 244.7 MB
[runlim] sample:		1177.9 time, 1240.1 real, 245.0 MB
[runlim] sample:		1186.8 time, 1250.1 real, 245.2 MB
[runlim] sample:		1196.8 time, 1260.1 real, 245.2 MB
[runlim] sample:		1206.8 time, 1270.1 real, 247.0 MB
[runlim] sample:		1216.8 time, 1280.1 real, 249.1 MB
[runlim] sample:		1226.8 time, 1290.1 real, 249.8 MB
[runlim] sample:		1236.8 time, 1300.1 real, 249.8 MB
[runlim] sample:		1246.8 time, 1310.1 real, 249.8 MB
[runlim] sample:		1256.8 time, 1320.1 real, 251.4 MB
[runlim] sample:		1266.8 time, 1330.1 real, 251.6 MB
[runlim] sample:		1276.8 time, 1340.1 real, 252.1 MB
[runlim] sample:		1286.8 time, 1350.1 real, 252.4 MB
[runlim] sample:		1296.8 time, 1360.1 real, 252.4 MB
[runlim] sample:		1306.8 time, 1370.1 real, 253.1 MB
[runlim] sample:		1316.8 time, 1380.1 real, 255.2 MB
[runlim] sample:		1326.8 time, 1390.1 real, 256.5 MB
[runlim] sample:		1336.8 time, 1400.1 real, 256.5 MB
[runlim] sample:		1346.8 time, 1410.1 real, 256.5 MB
[runlim] sample:		1356.8 time, 1420.1 real, 256.5 MB
[runlim] sample:		1366.8 time, 1430.1 real, 258.5 MB
[runlim] sample:		1376.8 time, 1440.1 real, 258.7 MB
[runlim] sample:		1386.8 time, 1450.1 real, 258.7 MB
[runlim] sample:		1396.8 time, 1460.1 real, 259.4 MB
[runlim] sample:		1406.8 time, 1470.1 real, 261.7 MB
[runlim] sample:		1416.8 time, 1480.1 real, 263.0 MB
[runlim] sample:		1426.7 time, 1490.1 real, 263.3 MB
[runlim] sample:		1436.7 time, 1500.1 real, 263.5 MB
[runlim] sample:		1446.7 time, 1510.1 real, 263.6 MB
[runlim] sample:		1456.7 time, 1520.1 real, 263.6 MB
[runlim] sample:		1466.7 time, 1530.1 real, 263.8 MB
[runlim] sample:		1476.7 time, 1540.1 real, 263.8 MB
[runlim] sample:		1486.7 time, 1550.1 real, 264.1 MB
[runlim] sample:		1496.7 time, 1560.1 real, 264.1 MB
[runlim] sample:		1506.7 time, 1570.1 real, 264.1 MB
[runlim] sample:		1516.7 time, 1580.1 real, 264.1 MB
[runlim] sample:		1526.7 time, 1590.1 real, 264.3 MB
[runlim] sample:		1536.7 time, 1600.1 real, 264.8 MB
[runlim] sample:		1546.7 time, 1610.1 real, 265.8 MB
[runlim] sample:		1556.7 time, 1620.1 real, 266.6 MB
[runlim] sample:		1566.7 time, 1630.1 real, 266.6 MB
[runlim] sample:		1576.7 time, 1640.1 real, 266.6 MB
[runlim] sample:		1586.7 time, 1650.1 real, 266.9 MB
[runlim] sample:		1596.7 time, 1660.1 real, 266.9 MB
[runlim] sample:		1606.7 time, 1670.1 real, 267.1 MB
[runlim] sample:		1616.7 time, 1680.1 real, 267.9 MB
[runlim] sample:		1626.7 time, 1690.1 real, 268.1 MB
[runlim] sample:		1636.7 time, 1700.1 real, 269.7 MB
[runlim] sample:		1646.7 time, 1710.1 real, 278.5 MB
[runlim] sample:		1656.7 time, 1720.1 real, 281.1 MB
[runlim] sample:		1666.7 time, 1730.1 real, 283.9 MB
[runlim] sample:		1676.7 time, 1740.1 real, 284.1 MB
[runlim] sample:		1686.7 time, 1750.1 real, 286.6 MB
[runlim] sample:		1696.7 time, 1760.1 real, 286.8 MB
[runlim] sample:		1706.6 time, 1770.1 real, 286.8 MB
[runlim] sample:		1716.6 time, 1780.1 real, 286.8 MB
[runlim] sample:		1726.6 time, 1790.1 real, 286.8 MB
[runlim] sample:		1736.6 time, 1800.1 real, 286.8 MB
[runlim] sample:		1746.6 time, 1810.1 real, 288.0 MB
[runlim] sample:		1756.6 time, 1820.1 real, 288.3 MB
[runlim] sample:		1766.6 time, 1830.1 real, 288.5 MB
[runlim] sample:		1776.6 time, 1840.1 real, 288.5 MB
[runlim] sample:		1786.6 time, 1850.1 real, 288.8 MB
[runlim] sample:		1796.6 time, 1860.1 real, 288.8 MB
CVC4 interrupted by SIGTERM.
[runlim] end:			Thu Jan 31 05:13:26 2019
[runlim] status:		out of time
[runlim] result:		2
[runlim] children:		0
[runlim] real:			1863.48 seconds
[runlim] time:			1800.01 seconds
[runlim] space:			289.0 MB
[runlim] samples:		18634
