[runlim] version:		1.10fixed
[runlim] time limit:		1800 seconds
[runlim] real time limit:	311040000 seconds
[runlim] space limit:		4000 MB
[runlim] argv[0]:		./cvc4
[runlim] argv[1]:		--nl-ext-tplanes
[runlim] argv[2]:		--full-saturate-quant
[runlim] argv[3]:		--no-e-matching
[runlim] argv[4]:		/tmp/kQCMAMvg.smt2
[runlim] start:			Thu Jan 31 04:43:23 2019
[runlim] main pid:		21744
[runlim] sample:		8.4 time, 10.9 real, 41.4 MB
[runlim] sample:		16.5 time, 20.9 real, 47.8 MB
[runlim] sample:		25.6 time, 30.9 real, 53.5 MB
[runlim] sample:		35.1 time, 40.9 real, 59.4 MB
[runlim] sample:		45.0 time, 50.9 real, 62.5 MB
[runlim] sample:		54.9 time, 60.9 real, 65.8 MB
[runlim] sample:		64.3 time, 70.9 real, 68.7 MB
[runlim] sample:		74.1 time, 80.9 real, 71.5 MB
[runlim] sample:		84.1 time, 90.9 real, 73.6 MB
[runlim] sample:		94.1 time, 100.9 real, 75.9 MB
[runlim] sample:		104.0 time, 110.9 real, 77.7 MB
[runlim] sample:		113.3 time, 120.9 real, 80.5 MB
[runlim] sample:		122.7 time, 130.9 real, 82.8 MB
[runlim] sample:		132.3 time, 140.9 real, 83.9 MB
[runlim] sample:		142.0 time, 150.9 real, 85.7 MB
[runlim] sample:		151.3 time, 160.9 real, 87.2 MB
[runlim] sample:		160.7 time, 170.9 real, 88.5 MB
[runlim] sample:		170.1 time, 180.9 real, 89.8 MB
[runlim] sample:		179.5 time, 190.9 real, 94.2 MB
[runlim] sample:		188.9 time, 200.9 real, 94.4 MB
[runlim] sample:		198.2 time, 210.9 real, 95.7 MB
[runlim] sample:		207.6 time, 220.9 real, 97.0 MB
[runlim] sample:		217.0 time, 230.9 real, 98.3 MB
[runlim] sample:		227.0 time, 240.9 real, 99.3 MB
[runlim] sample:		237.0 time, 250.9 real, 100.9 MB
[runlim] sample:		246.9 time, 260.9 real, 101.9 MB
[runlim] sample:		256.2 time, 270.9 real, 102.9 MB
[runlim] sample:		265.6 time, 280.9 real, 104.2 MB
[runlim] sample:		275.6 time, 290.9 real, 105.3 MB
[runlim] sample:		285.6 time, 300.9 real, 106.5 MB
[runlim] sample:		295.6 time, 310.9 real, 108.1 MB
[runlim] sample:		305.6 time, 320.9 real, 108.9 MB
[runlim] sample:		315.6 time, 330.9 real, 109.6 MB
[runlim] sample:		325.6 time, 340.9 real, 110.4 MB
[runlim] sample:		335.6 time, 350.9 real, 111.4 MB
[runlim] sample:		345.6 time, 360.9 real, 112.2 MB
[runlim] sample:		355.6 time, 370.9 real, 113.5 MB
[runlim] sample:		365.6 time, 380.9 real, 114.3 MB
[runlim] sample:		375.6 time, 390.9 real, 115.3 MB
[runlim] sample:		385.6 time, 400.9 real, 116.1 MB
[runlim] sample:		395.4 time, 410.9 real, 117.1 MB
[runlim] sample:		404.7 time, 420.9 real, 118.1 MB
[runlim] sample:		414.1 time, 430.9 real, 118.7 MB
[runlim] sample:		424.1 time, 440.9 real, 119.2 MB
[runlim] sample:		434.1 time, 450.9 real, 120.7 MB
[runlim] sample:		444.1 time, 460.9 real, 121.5 MB
[runlim] sample:		453.8 time, 470.9 real, 122.3 MB
[runlim] sample:		463.2 time, 480.9 real, 122.8 MB
[runlim] sample:		472.5 time, 490.9 real, 123.3 MB
[runlim] sample:		481.9 time, 500.9 real, 123.8 MB
[runlim] sample:		491.2 time, 510.9 real, 124.6 MB
[runlim] sample:		500.5 time, 520.9 real, 125.6 MB
[runlim] sample:		510.1 time, 530.9 real, 125.9 MB
[runlim] sample:		519.7 time, 540.9 real, 126.6 MB
[runlim] sample:		529.4 time, 550.9 real, 127.4 MB
[runlim] sample:		538.8 time, 560.9 real, 127.7 MB
[runlim] sample:		548.2 time, 570.9 real, 128.5 MB
[runlim] sample:		557.5 time, 580.9 real, 129.2 MB
[runlim] sample:		567.1 time, 590.9 real, 129.5 MB
[runlim] sample:		576.5 time, 600.9 real, 130.5 MB
[runlim] sample:		586.3 time, 610.9 real, 130.5 MB
[runlim] sample:		595.9 time, 620.9 real, 131.0 MB
[runlim] sample:		605.2 time, 630.9 real, 131.3 MB
[runlim] sample:		615.2 time, 640.9 real, 132.1 MB
[runlim] sample:		624.9 time, 650.9 real, 132.6 MB
[runlim] sample:		634.8 time, 660.9 real, 133.1 MB
[runlim] sample:		644.6 time, 670.9 real, 137.2 MB
[runlim] sample:		654.5 time, 680.9 real, 137.2 MB
[runlim] sample:		664.5 time, 690.9 real, 137.5 MB
[runlim] sample:		674.1 time, 700.9 real, 137.5 MB
[runlim] sample:		683.8 time, 710.9 real, 137.7 MB
[runlim] sample:		693.1 time, 720.9 real, 138.5 MB
[runlim] sample:		702.5 time, 730.9 real, 138.5 MB
[runlim] sample:		711.8 time, 740.9 real, 139.5 MB
[runlim] sample:		721.3 time, 750.9 real, 140.0 MB
[runlim] sample:		730.7 time, 760.9 real, 140.3 MB
[runlim] sample:		740.0 time, 770.9 real, 141.1 MB
[runlim] sample:		749.4 time, 780.9 real, 141.6 MB
[runlim] sample:		758.8 time, 790.9 real, 142.1 MB
[runlim] sample:		768.8 time, 800.9 real, 142.6 MB
[runlim] sample:		778.8 time, 810.9 real, 143.1 MB
[runlim] sample:		788.8 time, 820.9 real, 143.6 MB
[runlim] sample:		798.8 time, 830.9 real, 144.4 MB
[runlim] sample:		808.4 time, 840.9 real, 144.7 MB
[runlim] sample:		817.7 time, 850.9 real, 146.0 MB
[runlim] sample:		827.1 time, 860.9 real, 146.2 MB
[runlim] sample:		836.4 time, 870.9 real, 147.0 MB
[runlim] sample:		846.0 time, 880.9 real, 147.3 MB
[runlim] sample:		856.0 time, 890.9 real, 148.0 MB
[runlim] sample:		866.0 time, 900.9 real, 148.5 MB
[runlim] sample:		876.0 time, 910.9 real, 149.3 MB
[runlim] sample:		886.0 time, 920.9 real, 149.6 MB
[runlim] sample:		896.0 time, 930.9 real, 150.3 MB
[runlim] sample:		906.0 time, 940.9 real, 150.3 MB
[runlim] sample:		916.0 time, 950.9 real, 158.6 MB
[runlim] sample:		926.0 time, 960.9 real, 158.6 MB
[runlim] sample:		936.0 time, 970.9 real, 158.6 MB
[runlim] sample:		946.0 time, 980.9 real, 158.6 MB
[runlim] sample:		956.0 time, 990.9 real, 158.6 MB
[runlim] sample:		966.0 time, 1000.9 real, 158.9 MB
[runlim] sample:		976.0 time, 1010.9 real, 158.9 MB
[runlim] sample:		986.0 time, 1020.9 real, 159.4 MB
[runlim] sample:		996.0 time, 1030.9 real, 159.6 MB
[runlim] sample:		1006.0 time, 1040.9 real, 160.1 MB
[runlim] sample:		1016.0 time, 1050.9 real, 160.4 MB
[runlim] sample:		1026.0 time, 1060.9 real, 160.9 MB
[runlim] sample:		1036.0 time, 1070.9 real, 161.2 MB
[runlim] sample:		1046.0 time, 1080.9 real, 161.7 MB
[runlim] sample:		1056.0 time, 1090.9 real, 161.9 MB
[runlim] sample:		1066.0 time, 1100.9 real, 162.2 MB
[runlim] sample:		1076.0 time, 1110.9 real, 162.7 MB
[runlim] sample:		1086.0 time, 1120.9 real, 163.0 MB
[runlim] sample:		1096.0 time, 1130.9 real, 163.5 MB
[runlim] sample:		1106.0 time, 1140.9 real, 163.7 MB
[runlim] sample:		1116.0 time, 1150.9 real, 164.5 MB
[runlim] sample:		1126.0 time, 1160.9 real, 164.8 MB
[runlim] sample:		1136.0 time, 1170.9 real, 165.3 MB
[runlim] sample:		1146.0 time, 1180.9 real, 165.6 MB
[runlim] sample:		1156.0 time, 1190.9 real, 165.6 MB
[runlim] sample:		1166.0 time, 1200.9 real, 166.6 MB
[runlim] sample:		1176.0 time, 1210.9 real, 166.8 MB
[runlim] sample:		1186.0 time, 1220.9 real, 167.1 MB
[runlim] sample:		1196.0 time, 1230.9 real, 167.4 MB
[runlim] sample:		1206.0 time, 1240.9 real, 167.6 MB
[runlim] sample:		1216.0 time, 1250.9 real, 168.4 MB
[runlim] sample:		1226.0 time, 1260.9 real, 168.4 MB
[runlim] sample:		1236.0 time, 1270.9 real, 168.9 MB
[runlim] sample:		1246.0 time, 1280.9 real, 169.2 MB
[runlim] sample:		1256.0 time, 1290.9 real, 169.4 MB
[runlim] sample:		1266.0 time, 1300.9 real, 170.4 MB
[runlim] sample:		1276.0 time, 1310.9 real, 170.7 MB
[runlim] sample:		1286.0 time, 1320.9 real, 171.0 MB
[runlim] sample:		1296.0 time, 1330.9 real, 171.5 MB
[runlim] sample:		1306.0 time, 1340.9 real, 171.5 MB
[runlim] sample:		1316.0 time, 1350.9 real, 172.2 MB
[runlim] sample:		1326.0 time, 1360.9 real, 172.8 MB
[runlim] sample:		1336.0 time, 1370.9 real, 173.5 MB
[runlim] sample:		1346.0 time, 1380.9 real, 173.8 MB
[runlim] sample:		1356.0 time, 1390.9 real, 173.8 MB
[runlim] sample:		1366.0 time, 1400.9 real, 174.6 MB
[runlim] sample:		1376.0 time, 1410.9 real, 175.1 MB
[runlim] sample:		1386.0 time, 1420.9 real, 175.1 MB
[runlim] sample:		1396.0 time, 1430.9 real, 175.9 MB
[runlim] sample:		1406.0 time, 1440.9 real, 175.9 MB
[runlim] sample:		1416.0 time, 1450.9 real, 176.1 MB
[runlim] sample:		1426.0 time, 1460.9 real, 177.1 MB
[runlim] sample:		1436.0 time, 1470.9 real, 177.1 MB
[runlim] sample:		1446.0 time, 1480.9 real, 177.7 MB
[runlim] sample:		1456.0 time, 1490.9 real, 178.2 MB
[runlim] sample:		1466.0 time, 1500.9 real, 178.2 MB
[runlim] sample:		1476.0 time, 1510.9 real, 179.0 MB
[runlim] sample:		1486.0 time, 1520.9 real, 179.5 MB
[runlim] sample:		1496.0 time, 1530.9 real, 179.5 MB
[runlim] sample:		1506.0 time, 1540.9 real, 180.0 MB
[runlim] sample:		1516.0 time, 1550.9 real, 180.5 MB
[runlim] sample:		1526.0 time, 1560.9 real, 180.5 MB
[runlim] sample:		1536.0 time, 1570.9 real, 181.3 MB
[runlim] sample:		1546.0 time, 1580.9 real, 181.8 MB
[runlim] sample:		1556.0 time, 1590.9 real, 182.0 MB
[runlim] sample:		1566.0 time, 1600.9 real, 182.3 MB
[runlim] sample:		1576.0 time, 1610.9 real, 182.6 MB
[runlim] sample:		1586.0 time, 1620.9 real, 183.1 MB
[runlim] sample:		1596.0 time, 1630.9 real, 183.6 MB
[runlim] sample:		1606.0 time, 1640.9 real, 183.9 MB
[runlim] sample:		1616.0 time, 1650.9 real, 183.9 MB
[runlim] sample:		1626.0 time, 1660.9 real, 184.1 MB
[runlim] sample:		1636.0 time, 1670.9 real, 184.4 MB
[runlim] sample:		1646.0 time, 1680.9 real, 184.4 MB
[runlim] sample:		1656.0 time, 1690.9 real, 184.6 MB
[runlim] sample:		1666.0 time, 1700.9 real, 185.4 MB
[runlim] sample:		1676.0 time, 1710.9 real, 185.4 MB
[runlim] sample:		1686.0 time, 1720.9 real, 185.4 MB
[runlim] sample:		1696.0 time, 1730.9 real, 185.9 MB
[runlim] sample:		1706.0 time, 1740.9 real, 185.9 MB
[runlim] sample:		1716.0 time, 1750.9 real, 186.4 MB
[runlim] sample:		1726.0 time, 1760.9 real, 186.7 MB
[runlim] sample:		1736.0 time, 1770.9 real, 186.9 MB
[runlim] sample:		1746.0 time, 1780.9 real, 186.9 MB
[runlim] sample:		1756.0 time, 1790.9 real, 187.2 MB
[runlim] sample:		1766.0 time, 1800.9 real, 187.2 MB
[runlim] sample:		1776.0 time, 1810.9 real, 188.0 MB
[runlim] sample:		1786.0 time, 1820.9 real, 188.5 MB
[runlim] sample:		1796.0 time, 1830.9 real, 189.0 MB
CVC4 interrupted by SIGTERM.
[runlim] end:			Thu Jan 31 05:13:57 2019
[runlim] status:		out of time
[runlim] result:		2
[runlim] children:		0
[runlim] real:			1834.88 seconds
[runlim] time:			1800.01 seconds
[runlim] space:			189.0 MB
[runlim] samples:		18340
