[runlim] version:		1.10fixed
[runlim] time limit:		1800 seconds
[runlim] real time limit:	311040000 seconds
[runlim] space limit:		4000 MB
[runlim] argv[0]:		./cvc4
[runlim] argv[1]:		--nl-ext-tplanes
[runlim] argv[2]:		--full-saturate-quant
[runlim] argv[3]:		--no-e-matching
[runlim] argv[4]:		/tmp/99lwVY3U.smt2
[runlim] start:			Sat Feb  9 21:09:51 2019
[runlim] main pid:		12860
[runlim] sample:		8.7 time, 10.1 real, 32.4 MB
[runlim] sample:		17.4 time, 20.1 real, 33.7 MB
[runlim] sample:		27.1 time, 30.1 real, 35.0 MB
[runlim] sample:		37.1 time, 40.1 real, 36.8 MB
[runlim] sample:		47.1 time, 50.1 real, 38.1 MB
[runlim] sample:		57.1 time, 60.1 real, 39.7 MB
[runlim] sample:		66.7 time, 70.1 real, 41.5 MB
[runlim] sample:		75.8 time, 80.1 real, 42.5 MB
[runlim] sample:		85.5 time, 90.1 real, 44.6 MB
[runlim] sample:		95.0 time, 100.1 real, 45.8 MB
[runlim] sample:		103.7 time, 110.1 real, 46.9 MB
[runlim] sample:		113.4 time, 120.1 real, 48.4 MB
[runlim] sample:		122.6 time, 130.1 real, 49.4 MB
[runlim] sample:		132.3 time, 140.1 real, 51.0 MB
[runlim] sample:		142.0 time, 150.1 real, 52.3 MB
[runlim] sample:		151.7 time, 160.1 real, 53.8 MB
[runlim] sample:		161.1 time, 170.1 real, 54.9 MB
[runlim] sample:		170.8 time, 180.1 real, 56.4 MB
[runlim] sample:		179.8 time, 190.1 real, 57.4 MB
[runlim] sample:		189.4 time, 200.1 real, 58.7 MB
[runlim] sample:		198.4 time, 210.1 real, 59.8 MB
[runlim] sample:		208.2 time, 220.1 real, 62.6 MB
[runlim] sample:		218.2 time, 230.1 real, 63.1 MB
[runlim] sample:		228.0 time, 240.1 real, 64.9 MB
[runlim] sample:		237.6 time, 250.1 real, 65.9 MB
[runlim] sample:		247.3 time, 260.1 real, 67.2 MB
[runlim] sample:		257.1 time, 270.1 real, 68.3 MB
[runlim] sample:		266.5 time, 280.1 real, 69.5 MB
[runlim] sample:		275.6 time, 290.1 real, 70.3 MB
[runlim] sample:		285.6 time, 300.1 real, 72.1 MB
[runlim] sample:		295.1 time, 310.1 real, 72.9 MB
[runlim] sample:		304.8 time, 320.1 real, 74.4 MB
[runlim] sample:		314.4 time, 330.1 real, 75.2 MB
[runlim] sample:		323.3 time, 340.1 real, 76.5 MB
[runlim] sample:		333.1 time, 350.1 real, 77.8 MB
[runlim] sample:		342.8 time, 360.1 real, 78.8 MB
[runlim] sample:		352.1 time, 370.1 real, 80.1 MB
[runlim] sample:		362.0 time, 380.1 real, 81.1 MB
[runlim] sample:		372.0 time, 390.1 real, 82.2 MB
[runlim] sample:		381.5 time, 400.1 real, 83.2 MB
[runlim] sample:		391.1 time, 410.1 real, 84.5 MB
[runlim] sample:		400.8 time, 420.1 real, 85.5 MB
[runlim] sample:		410.5 time, 430.1 real, 86.3 MB
[runlim] sample:		420.2 time, 440.1 real, 87.6 MB
[runlim] sample:		429.8 time, 450.1 real, 88.4 MB
[runlim] sample:		439.5 time, 460.1 real, 89.4 MB
[runlim] sample:		449.2 time, 470.1 real, 90.2 MB
[runlim] sample:		458.9 time, 480.1 real, 91.4 MB
[runlim] sample:		468.5 time, 490.1 real, 92.5 MB
[runlim] sample:		478.1 time, 500.1 real, 93.3 MB
[runlim] sample:		487.8 time, 510.1 real, 94.3 MB
[runlim] sample:		497.5 time, 520.1 real, 95.1 MB
[runlim] sample:		507.1 time, 530.1 real, 96.1 MB
[runlim] sample:		516.8 time, 540.1 real, 97.1 MB
[runlim] sample:		526.4 time, 550.1 real, 97.6 MB
[runlim] sample:		536.1 time, 560.1 real, 99.2 MB
[runlim] sample:		545.7 time, 570.1 real, 100.0 MB
[runlim] sample:		555.4 time, 580.1 real, 100.7 MB
[runlim] sample:		565.0 time, 590.1 real, 101.8 MB
[runlim] sample:		574.7 time, 600.1 real, 103.8 MB
[runlim] sample:		584.4 time, 610.1 real, 104.3 MB
[runlim] sample:		594.0 time, 620.1 real, 105.9 MB
[runlim] sample:		603.7 time, 630.1 real, 107.9 MB
[runlim] sample:		613.3 time, 640.1 real, 108.5 MB
[runlim] sample:		623.0 time, 650.1 real, 109.5 MB
[runlim] sample:		632.6 time, 660.1 real, 110.3 MB
[runlim] sample:		642.3 time, 670.1 real, 111.0 MB
[runlim] sample:		652.0 time, 680.1 real, 112.1 MB
[runlim] sample:		661.6 time, 690.1 real, 112.6 MB
[runlim] sample:		671.3 time, 700.1 real, 113.4 MB
[runlim] sample:		680.9 time, 710.1 real, 114.4 MB
[runlim] sample:		690.6 time, 720.1 real, 115.2 MB
[runlim] sample:		700.3 time, 730.1 real, 115.9 MB
[runlim] sample:		710.0 time, 740.1 real, 117.0 MB
[runlim] sample:		719.6 time, 750.1 real, 117.5 MB
[runlim] sample:		729.3 time, 760.1 real, 118.2 MB
[runlim] sample:		739.0 time, 770.1 real, 119.3 MB
[runlim] sample:		748.6 time, 780.1 real, 119.8 MB
[runlim] sample:		758.3 time, 790.1 real, 120.8 MB
[runlim] sample:		767.8 time, 800.1 real, 121.6 MB
[runlim] sample:		777.2 time, 810.1 real, 122.1 MB
[runlim] sample:		787.0 time, 820.1 real, 123.1 MB
[runlim] sample:		797.0 time, 830.1 real, 124.2 MB
[runlim] sample:		807.0 time, 840.1 real, 124.7 MB
[runlim] sample:		817.0 time, 850.1 real, 125.5 MB
[runlim] sample:		826.7 time, 860.1 real, 127.5 MB
[runlim] sample:		836.1 time, 870.1 real, 127.8 MB
[runlim] sample:		845.4 time, 880.1 real, 128.8 MB
[runlim] sample:		854.8 time, 890.1 real, 129.6 MB
[runlim] sample:		864.6 time, 900.1 real, 130.1 MB
[runlim] sample:		874.6 time, 910.1 real, 130.9 MB
[runlim] sample:		884.6 time, 920.1 real, 131.9 MB
[runlim] sample:		894.2 time, 930.1 real, 132.4 MB
[runlim] sample:		904.0 time, 940.1 real, 133.7 MB
[runlim] sample:		913.8 time, 950.1 real, 134.5 MB
[runlim] sample:		923.1 time, 960.1 real, 135.5 MB
[runlim] sample:		932.0 time, 970.1 real, 136.0 MB
[runlim] sample:		940.7 time, 980.1 real, 137.1 MB
[runlim] sample:		949.4 time, 990.1 real, 137.8 MB
[runlim] sample:		958.6 time, 1000.1 real, 138.3 MB
[runlim] sample:		968.6 time, 1010.1 real, 139.1 MB
[runlim] sample:		978.6 time, 1020.1 real, 140.2 MB
[runlim] sample:		988.5 time, 1030.1 real, 141.7 MB
[runlim] sample:		998.5 time, 1040.1 real, 142.0 MB
[runlim] sample:		1008.6 time, 1050.1 real, 142.7 MB
[runlim] sample:		1018.2 time, 1060.1 real, 143.5 MB
[runlim] sample:		1028.2 time, 1070.1 real, 144.0 MB
[runlim] sample:		1038.2 time, 1080.1 real, 144.8 MB
[runlim] sample:		1048.2 time, 1090.1 real, 145.6 MB
[runlim] sample:		1058.2 time, 1100.1 real, 146.3 MB
[runlim] sample:		1068.2 time, 1110.1 real, 146.9 MB
[runlim] sample:		1077.5 time, 1120.1 real, 147.6 MB
[runlim] sample:		1087.0 time, 1130.1 real, 148.4 MB
[runlim] sample:		1096.6 time, 1140.1 real, 148.7 MB
[runlim] sample:		1104.6 time, 1150.1 real, 149.4 MB
[runlim] sample:		1113.8 time, 1160.1 real, 150.2 MB
[runlim] sample:		1123.2 time, 1170.1 real, 151.0 MB
[runlim] sample:		1131.5 time, 1180.1 real, 151.0 MB
[runlim] sample:		1139.9 time, 1190.1 real, 151.7 MB
[runlim] sample:		1148.7 time, 1200.1 real, 152.5 MB
[runlim] sample:		1158.1 time, 1210.1 real, 153.3 MB
[runlim] sample:		1168.0 time, 1220.1 real, 153.8 MB
[runlim] sample:		1178.0 time, 1230.1 real, 154.3 MB
[runlim] sample:		1188.0 time, 1240.1 real, 155.1 MB
[runlim] sample:		1198.0 time, 1250.1 real, 155.9 MB
[runlim] sample:		1208.0 time, 1260.1 real, 156.1 MB
[runlim] sample:		1217.7 time, 1270.1 real, 156.9 MB
[runlim] sample:		1227.1 time, 1280.1 real, 157.7 MB
[runlim] sample:		1236.6 time, 1290.1 real, 158.2 MB
[runlim] sample:		1245.9 time, 1300.1 real, 158.7 MB
[runlim] sample:		1254.7 time, 1310.1 real, 159.2 MB
[runlim] sample:		1263.3 time, 1320.1 real, 160.0 MB
[runlim] sample:		1271.7 time, 1330.1 real, 160.5 MB
[runlim] sample:		1280.2 time, 1340.1 real, 160.8 MB
[runlim] sample:		1289.0 time, 1350.1 real, 161.5 MB
[runlim] sample:		1298.6 time, 1360.1 real, 162.3 MB
[runlim] sample:		1308.3 time, 1370.1 real, 162.8 MB
[runlim] sample:		1318.0 time, 1380.1 real, 163.1 MB
[runlim] sample:		1327.9 time, 1390.1 real, 163.9 MB
[runlim] sample:		1337.9 time, 1400.1 real, 164.6 MB
[runlim] sample:		1347.9 time, 1410.1 real, 165.1 MB
[runlim] sample:		1357.9 time, 1420.1 real, 165.7 MB
[runlim] sample:		1367.8 time, 1430.1 real, 166.4 MB
[runlim] sample:		1377.8 time, 1440.1 real, 167.2 MB
[runlim] sample:		1387.8 time, 1450.1 real, 167.7 MB
[runlim] sample:		1397.8 time, 1460.1 real, 168.5 MB
[runlim] sample:		1407.8 time, 1470.1 real, 169.3 MB
[runlim] sample:		1417.8 time, 1480.1 real, 169.8 MB
[runlim] sample:		1427.8 time, 1490.1 real, 170.3 MB
[runlim] sample:		1437.8 time, 1500.1 real, 170.8 MB
[runlim] sample:		1447.8 time, 1510.1 real, 171.6 MB
[runlim] sample:		1457.8 time, 1520.1 real, 172.6 MB
[runlim] sample:		1467.8 time, 1530.1 real, 172.6 MB
[runlim] sample:		1477.6 time, 1540.1 real, 173.4 MB
[runlim] sample:		1487.2 time, 1550.1 real, 175.5 MB
[runlim] sample:		1497.2 time, 1560.1 real, 175.5 MB
[runlim] sample:		1507.2 time, 1570.1 real, 175.5 MB
[runlim] sample:		1517.2 time, 1580.1 real, 176.2 MB
[runlim] sample:		1527.2 time, 1590.1 real, 176.7 MB
[runlim] sample:		1537.2 time, 1600.1 real, 177.5 MB
[runlim] sample:		1547.2 time, 1610.1 real, 177.8 MB
[runlim] sample:		1557.2 time, 1620.1 real, 178.3 MB
[runlim] sample:		1567.2 time, 1630.1 real, 179.1 MB
[runlim] sample:		1576.6 time, 1640.1 real, 179.8 MB
[runlim] sample:		1585.3 time, 1650.1 real, 180.4 MB
[runlim] sample:		1594.2 time, 1660.1 real, 180.4 MB
[runlim] sample:		1603.2 time, 1670.1 real, 181.1 MB
[runlim] sample:		1612.3 time, 1680.1 real, 181.6 MB
[runlim] sample:		1621.8 time, 1690.1 real, 182.4 MB
[runlim] sample:		1631.8 time, 1700.1 real, 182.7 MB
[runlim] sample:		1641.7 time, 1710.1 real, 183.2 MB
[runlim] sample:		1651.2 time, 1720.1 real, 184.0 MB
[runlim] sample:		1659.5 time, 1730.1 real, 184.5 MB
[runlim] sample:		1667.9 time, 1740.1 real, 185.0 MB
[runlim] sample:		1676.4 time, 1750.1 real, 185.0 MB
[runlim] sample:		1685.0 time, 1760.1 real, 189.1 MB
[runlim] sample:		1695.0 time, 1770.1 real, 189.1 MB
[runlim] sample:		1705.0 time, 1780.1 real, 189.1 MB
[runlim] sample:		1715.0 time, 1790.1 real, 191.2 MB
[runlim] sample:		1725.0 time, 1800.1 real, 191.2 MB
[runlim] sample:		1735.0 time, 1810.1 real, 191.4 MB
[runlim] sample:		1745.0 time, 1820.1 real, 191.9 MB
[runlim] sample:		1755.0 time, 1830.1 real, 192.7 MB
[runlim] sample:		1764.9 time, 1840.1 real, 192.7 MB
[runlim] sample:		1774.0 time, 1850.1 real, 193.5 MB
[runlim] sample:		1782.7 time, 1860.1 real, 194.0 MB
[runlim] sample:		1791.1 time, 1870.1 real, 194.5 MB
[runlim] sample:		1799.6 time, 1880.1 real, 195.0 MB
CVC4 interrupted by SIGTERM.
[runlim] end:			Sat Feb  9 21:41:11 2019
[runlim] status:		out of time
[runlim] result:		2
[runlim] children:		0
[runlim] real:			1880.57 seconds
[runlim] time:			1800.02 seconds
[runlim] space:			195.0 MB
[runlim] samples:		18805
