[runlim] version:		1.10fixed
[runlim] time limit:		1800 seconds
[runlim] real time limit:	311040000 seconds
[runlim] space limit:		4000 MB
[runlim] argv[0]:		./cvc4
[runlim] argv[1]:		--nl-ext-tplanes
[runlim] argv[2]:		--full-saturate-quant
[runlim] argv[3]:		--no-e-matching
[runlim] argv[4]:		/tmp/Dnhcm7Ji.smt2
[runlim] start:			Sat Feb  9 21:00:40 2019
[runlim] main pid:		16025
[runlim] sample:		8.5 time, 10.2 real, 47.2 MB
[runlim] sample:		18.5 time, 20.2 real, 77.7 MB
[runlim] sample:		28.0 time, 30.2 real, 104.5 MB
[runlim] sample:		35.7 time, 40.2 real, 129.9 MB
[runlim] sample:		44.7 time, 50.2 real, 154.6 MB
[runlim] sample:		54.6 time, 60.2 real, 183.0 MB
[runlim] sample:		62.5 time, 70.2 real, 204.7 MB
[runlim] sample:		71.9 time, 80.2 real, 233.7 MB
[runlim] sample:		80.3 time, 90.2 real, 260.8 MB
[runlim] sample:		89.4 time, 100.2 real, 286.0 MB
[runlim] sample:		99.4 time, 110.2 real, 316.2 MB
[runlim] sample:		108.8 time, 120.2 real, 344.2 MB
[runlim] sample:		117.3 time, 130.2 real, 367.2 MB
[runlim] sample:		126.7 time, 140.2 real, 393.5 MB
[runlim] sample:		136.7 time, 150.2 real, 428.3 MB
[runlim] sample:		146.7 time, 160.2 real, 463.4 MB
[runlim] sample:		156.7 time, 170.2 real, 481.1 MB
[runlim] sample:		166.7 time, 180.2 real, 503.8 MB
[runlim] sample:		176.7 time, 190.2 real, 533.5 MB
[runlim] sample:		186.7 time, 200.2 real, 562.6 MB
[runlim] sample:		196.7 time, 210.2 real, 595.5 MB
[runlim] sample:		206.0 time, 220.2 real, 621.5 MB
[runlim] sample:		215.0 time, 230.2 real, 649.6 MB
[runlim] sample:		224.0 time, 240.2 real, 673.0 MB
[runlim] sample:		233.1 time, 250.2 real, 696.5 MB
[runlim] sample:		242.7 time, 260.2 real, 721.8 MB
[runlim] sample:		252.4 time, 270.2 real, 746.8 MB
[runlim] sample:		262.0 time, 280.2 real, 771.8 MB
[runlim] sample:		271.4 time, 290.2 real, 807.7 MB
[runlim] sample:		281.0 time, 300.2 real, 832.9 MB
[runlim] sample:		290.5 time, 310.2 real, 859.5 MB
[runlim] sample:		299.5 time, 320.2 real, 894.8 MB
[runlim] sample:		308.6 time, 330.2 real, 917.7 MB
[runlim] sample:		318.3 time, 340.2 real, 928.3 MB
[runlim] sample:		328.0 time, 350.2 real, 954.1 MB
[runlim] sample:		337.6 time, 360.2 real, 979.4 MB
[runlim] sample:		346.8 time, 370.2 real, 1003.3 MB
[runlim] sample:		355.8 time, 380.2 real, 1027.3 MB
[runlim] sample:		364.8 time, 390.2 real, 1050.8 MB
[runlim] sample:		373.9 time, 400.2 real, 1074.2 MB
[runlim] sample:		382.9 time, 410.2 real, 1097.9 MB
[runlim] sample:		391.9 time, 420.2 real, 1126.4 MB
[runlim] sample:		401.4 time, 430.2 real, 1149.1 MB
[runlim] sample:		410.9 time, 440.2 real, 1175.9 MB
[runlim] sample:		419.9 time, 450.2 real, 1199.4 MB
[runlim] sample:		428.9 time, 460.2 real, 1223.1 MB
[runlim] sample:		438.1 time, 470.2 real, 1247.1 MB
[runlim] sample:		447.2 time, 480.2 real, 1273.1 MB
[runlim] sample:		456.2 time, 490.2 real, 1305.2 MB
[runlim] sample:		465.3 time, 500.2 real, 1328.9 MB
[runlim] sample:		474.3 time, 510.2 real, 1340.3 MB
[runlim] sample:		483.4 time, 520.2 real, 1349.3 MB
[runlim] sample:		492.6 time, 530.2 real, 1373.3 MB
[runlim] sample:		502.3 time, 540.2 real, 1398.6 MB
[runlim] sample:		512.0 time, 550.2 real, 1424.1 MB
[runlim] sample:		521.7 time, 560.2 real, 1448.6 MB
[runlim] sample:		531.3 time, 570.2 real, 1474.1 MB
[runlim] sample:		540.9 time, 580.2 real, 1499.2 MB
[runlim] sample:		549.9 time, 590.2 real, 1522.4 MB
[runlim] sample:		559.0 time, 600.2 real, 1545.6 MB
[runlim] sample:		568.0 time, 610.2 real, 1593.3 MB
[runlim] sample:		577.0 time, 620.2 real, 1617.0 MB
[runlim] sample:		586.1 time, 630.2 real, 1640.5 MB
[runlim] sample:		595.3 time, 640.2 real, 1664.7 MB
[runlim] sample:		605.0 time, 650.2 real, 1690.2 MB
[runlim] sample:		614.6 time, 660.2 real, 1715.0 MB
[runlim] sample:		624.3 time, 670.2 real, 1750.1 MB
[runlim] sample:		634.0 time, 680.2 real, 1791.8 MB
[runlim] sample:		643.7 time, 690.2 real, 1797.2 MB
[runlim] sample:		653.4 time, 700.2 real, 1831.5 MB
[runlim] sample:		663.4 time, 710.2 real, 1858.6 MB
[runlim] sample:		673.4 time, 720.2 real, 1893.1 MB
[runlim] sample:		683.4 time, 730.2 real, 1917.1 MB
[runlim] sample:		693.4 time, 740.2 real, 1944.4 MB
[runlim] sample:		702.5 time, 750.2 real, 1968.9 MB
[runlim] sample:		712.4 time, 760.2 real, 1995.7 MB
[runlim] sample:		722.4 time, 770.2 real, 2023.1 MB
[runlim] sample:		732.4 time, 780.2 real, 2050.4 MB
[runlim] sample:		742.4 time, 790.2 real, 2077.7 MB
[runlim] sample:		752.4 time, 800.2 real, 2104.8 MB
[runlim] sample:		762.1 time, 810.2 real, 2133.1 MB
[runlim] sample:		771.8 time, 820.2 real, 2160.7 MB
[runlim] sample:		781.4 time, 830.2 real, 2189.0 MB
[runlim] sample:		791.1 time, 840.2 real, 2237.8 MB
[runlim] sample:		800.8 time, 850.2 real, 2238.3 MB
[runlim] sample:		810.8 time, 860.2 real, 2242.1 MB
[runlim] sample:		820.8 time, 870.2 real, 2268.7 MB
[runlim] sample:		830.8 time, 880.2 real, 2294.7 MB
[runlim] sample:		840.8 time, 890.2 real, 2320.8 MB
[runlim] sample:		850.8 time, 900.2 real, 2351.5 MB
[runlim] sample:		860.8 time, 910.2 real, 2377.2 MB
[runlim] sample:		870.8 time, 920.2 real, 2403.0 MB
[runlim] sample:		880.8 time, 930.2 real, 2429.1 MB
[runlim] sample:		890.8 time, 940.2 real, 2455.1 MB
[runlim] sample:		900.8 time, 950.2 real, 2481.7 MB
[runlim] sample:		910.8 time, 960.2 real, 2508.5 MB
[runlim] sample:		920.8 time, 970.2 real, 2535.3 MB
[runlim] sample:		930.8 time, 980.2 real, 2561.3 MB
[runlim] sample:		940.7 time, 990.2 real, 2586.8 MB
[runlim] sample:		950.8 time, 1000.2 real, 2630.0 MB
[runlim] sample:		960.8 time, 1010.2 real, 2643.7 MB
[runlim] sample:		970.7 time, 1020.2 real, 2648.3 MB
[runlim] sample:		980.7 time, 1030.2 real, 2674.6 MB
[runlim] sample:		990.7 time, 1040.2 real, 2701.2 MB
[runlim] sample:		1000.7 time, 1050.2 real, 2728.3 MB
[runlim] sample:		1010.7 time, 1060.2 real, 2754.8 MB
[runlim] sample:		1020.7 time, 1070.2 real, 2787.8 MB
[runlim] sample:		1030.7 time, 1080.2 real, 2814.4 MB
[runlim] sample:		1040.7 time, 1090.2 real, 2840.4 MB
[runlim] sample:		1050.7 time, 1100.2 real, 2867.2 MB
[runlim] sample:		1060.7 time, 1110.2 real, 2894.3 MB
[runlim] sample:		1070.7 time, 1120.2 real, 2920.8 MB
[runlim] sample:		1080.7 time, 1130.2 real, 2946.9 MB
[runlim] sample:		1090.7 time, 1140.2 real, 2972.9 MB
[runlim] sample:		1100.7 time, 1150.2 real, 2999.5 MB
[runlim] sample:		1110.7 time, 1160.2 real, 3025.3 MB
[runlim] sample:		1120.7 time, 1170.2 real, 3048.5 MB
[runlim] sample:		1130.7 time, 1180.2 real, 3050.5 MB
[runlim] sample:		1140.7 time, 1190.2 real, 3066.2 MB
[runlim] sample:		1150.7 time, 1200.2 real, 3092.3 MB
[runlim] sample:		1160.7 time, 1210.2 real, 3118.6 MB
[runlim] sample:		1170.7 time, 1220.2 real, 3193.5 MB
[runlim] sample:		1180.7 time, 1230.2 real, 3219.5 MB
[runlim] sample:		1190.7 time, 1240.2 real, 3245.8 MB
[runlim] sample:		1200.7 time, 1250.2 real, 3272.3 MB
[runlim] sample:		1210.7 time, 1260.2 real, 3298.6 MB
[runlim] sample:		1220.7 time, 1270.2 real, 3325.4 MB
[runlim] sample:		1230.7 time, 1280.2 real, 3351.7 MB
[runlim] sample:		1240.7 time, 1290.2 real, 3377.8 MB
[runlim] sample:		1250.7 time, 1300.2 real, 3404.1 MB
[runlim] sample:		1260.7 time, 1310.2 real, 3431.1 MB
[runlim] sample:		1270.7 time, 1320.2 real, 3457.2 MB
[runlim] sample:		1280.7 time, 1330.2 real, 3504.6 MB
[runlim] sample:		1290.7 time, 1340.2 real, 3531.9 MB
[runlim] sample:		1300.7 time, 1350.2 real, 3532.5 MB
[runlim] sample:		1310.7 time, 1360.2 real, 3582.7 MB
[runlim] sample:		1320.7 time, 1370.2 real, 3605.7 MB
[runlim] sample:		1330.7 time, 1380.2 real, 3631.7 MB
[runlim] sample:		1340.7 time, 1390.2 real, 3658.3 MB
[runlim] sample:		1350.7 time, 1400.2 real, 3718.0 MB
[runlim] sample:		1360.7 time, 1410.2 real, 3744.8 MB
[runlim] sample:		1370.7 time, 1420.2 real, 3771.3 MB
[runlim] sample:		1380.7 time, 1430.2 real, 3798.2 MB
[runlim] sample:		1390.7 time, 1440.2 real, 3825.0 MB
[runlim] sample:		1400.7 time, 1450.2 real, 3851.8 MB
[runlim] sample:		1410.7 time, 1460.2 real, 3878.6 MB
[runlim] sample:		1420.7 time, 1470.2 real, 3905.7 MB
[runlim] sample:		1430.7 time, 1480.2 real, 3932.2 MB
[runlim] sample:		1440.7 time, 1490.2 real, 3959.0 MB
[runlim] sample:		1450.7 time, 1500.2 real, 3985.6 MB
[runlim] sample:		1460.7 time, 1510.2 real, 3995.9 MB
[runlim] sample:		1470.7 time, 1520.2 real, 3996.4 MB
CVC4 interrupted by SIGTERM.
[runlim] end:			Sat Feb  9 21:26:02 2019
[runlim] status:		out of memory
[runlim] result:		3
[runlim] children:		0
[runlim] real:			1522.24 seconds
[runlim] time:			1472.67 seconds
[runlim] space:			4000.0 MB
[runlim] samples:		15220
