[runlim] version:		1.10fixed
[runlim] time limit:		300 seconds
[runlim] real time limit:	311040000 seconds
[runlim] space limit:		4000 MB
[runlim] argv[0]:		./cvc4
[runlim] argv[1]:		--nl-ext-tplanes
[runlim] argv[2]:		--full-saturate-quant
[runlim] argv[3]:		--no-e-matching
[runlim] argv[4]:		/tmp/62DeKgS2.smt2
[runlim] start:			Wed Feb 13 23:50:10 2019
[runlim] main pid:		23455
[runlim] sample:		9.1 time, 10.2 real, 32.1 MB
[runlim] sample:		19.1 time, 20.2 real, 33.1 MB
[runlim] sample:		29.1 time, 30.2 real, 34.7 MB
[runlim] sample:		39.1 time, 40.2 real, 36.0 MB
[runlim] sample:		49.1 time, 50.2 real, 37.0 MB
[runlim] sample:		59.1 time, 60.2 real, 38.5 MB
[runlim] sample:		69.1 time, 70.2 real, 39.6 MB
[runlim] sample:		79.1 time, 80.2 real, 41.1 MB
[runlim] sample:		89.1 time, 90.2 real, 42.4 MB
[runlim] sample:		98.0 time, 100.2 real, 43.4 MB
[runlim] sample:		106.7 time, 110.2 real, 44.5 MB
[runlim] sample:		115.7 time, 120.2 real, 45.5 MB
[runlim] sample:		125.0 time, 130.2 real, 46.5 MB
[runlim] sample:		135.0 time, 140.2 real, 48.1 MB
[runlim] sample:		145.0 time, 150.2 real, 49.1 MB
[runlim] sample:		155.0 time, 160.2 real, 50.1 MB
[runlim] sample:		165.0 time, 170.2 real, 51.4 MB
[runlim] sample:		175.0 time, 180.2 real, 52.5 MB
[runlim] sample:		185.0 time, 190.2 real, 53.7 MB
[runlim] sample:		195.0 time, 200.2 real, 54.5 MB
[runlim] sample:		205.0 time, 210.2 real, 55.8 MB
[runlim] sample:		215.0 time, 220.2 real, 56.6 MB
[runlim] sample:		225.0 time, 230.2 real, 57.9 MB
[runlim] sample:		235.0 time, 240.2 real, 58.6 MB
[runlim] sample:		245.0 time, 250.2 real, 59.9 MB
[runlim] sample:		255.0 time, 260.2 real, 61.7 MB
[runlim] sample:		265.0 time, 270.2 real, 63.0 MB
[runlim] sample:		275.0 time, 280.2 real, 63.8 MB
[runlim] sample:		285.0 time, 290.2 real, 65.3 MB
[runlim] sample:		295.0 time, 300.2 real, 66.1 MB
CVC4 interrupted by SIGTERM.
[runlim] end:			Wed Feb 13 23:55:15 2019
[runlim] status:		out of time
[runlim] result:		2
[runlim] children:		0
[runlim] real:			305.23 seconds
[runlim] time:			300.01 seconds
[runlim] space:			66.6 MB
[runlim] samples:		3050
