[runlim] version:		1.10fixed
[runlim] time limit:		300 seconds
[runlim] real time limit:	311040000 seconds
[runlim] space limit:		4000 MB
[runlim] argv[0]:		./cvc4
[runlim] argv[1]:		--nl-ext-tplanes
[runlim] argv[2]:		--full-saturate-quant
[runlim] argv[3]:		--no-e-matching
[runlim] argv[4]:		/tmp/GezpdeV5.smt2
[runlim] start:			Wed Feb 13 23:50:53 2019
[runlim] main pid:		7636
[runlim] sample:		9.9 time, 10.4 real, 44.0 MB
[runlim] sample:		19.9 time, 20.4 real, 51.8 MB
[runlim] sample:		29.9 time, 30.4 real, 57.2 MB
[runlim] sample:		39.1 time, 40.4 real, 61.0 MB
[runlim] sample:		47.6 time, 50.4 real, 64.4 MB
[runlim] sample:		56.2 time, 60.4 real, 66.7 MB
[runlim] sample:		65.2 time, 70.4 real, 69.5 MB
[runlim] sample:		74.7 time, 80.4 real, 71.3 MB
[runlim] sample:		84.7 time, 90.4 real, 73.9 MB
[runlim] sample:		94.7 time, 100.4 real, 75.5 MB
[runlim] sample:		104.4 time, 110.4 real, 78.8 MB
[runlim] sample:		112.8 time, 120.4 real, 80.1 MB
[runlim] sample:		121.2 time, 130.4 real, 81.1 MB
[runlim] sample:		129.5 time, 140.4 real, 83.4 MB
[runlim] sample:		137.9 time, 150.4 real, 85.0 MB
[runlim] sample:		147.6 time, 160.4 real, 86.5 MB
[runlim] sample:		157.3 time, 170.4 real, 87.8 MB
[runlim] sample:		166.5 time, 180.4 real, 88.8 MB
[runlim] sample:		176.5 time, 190.4 real, 90.6 MB
[runlim] sample:		185.6 time, 200.4 real, 91.9 MB
[runlim] sample:		194.6 time, 210.4 real, 93.5 MB
[runlim] sample:		204.0 time, 220.4 real, 94.7 MB
[runlim] sample:		213.0 time, 230.4 real, 95.6 MB
[runlim] sample:		222.7 time, 240.4 real, 97.2 MB
[runlim] sample:		232.7 time, 250.4 real, 98.0 MB
[runlim] sample:		242.7 time, 260.4 real, 99.1 MB
[runlim] sample:		252.7 time, 270.4 real, 100.6 MB
[runlim] sample:		261.8 time, 280.4 real, 101.1 MB
[runlim] sample:		271.8 time, 290.4 real, 102.4 MB
[runlim] sample:		281.8 time, 300.4 real, 103.7 MB
[runlim] sample:		291.8 time, 310.4 real, 104.5 MB
CVC4 interrupted by SIGTERM.
[runlim] end:			Wed Feb 13 23:56:11 2019
[runlim] status:		out of time
[runlim] result:		2
[runlim] children:		0
[runlim] real:			318.77 seconds
[runlim] time:			300.05 seconds
[runlim] space:			105.0 MB
[runlim] samples:		3183
