[runlim] version:		1.10fixed
[runlim] time limit:		300 seconds
[runlim] real time limit:	311040000 seconds
[runlim] space limit:		4000 MB
[runlim] argv[0]:		./cvc4
[runlim] argv[1]:		--nl-ext-tplanes
[runlim] argv[2]:		--full-saturate-quant
[runlim] argv[3]:		--no-e-matching
[runlim] argv[4]:		/tmp/Uqhj71dl.smt2
[runlim] start:			Mon Jan 28 16:38:16 2019
[runlim] main pid:		7134
[runlim] sample:		9.4 time, 10.5 real, 41.1 MB
[runlim] sample:		17.5 time, 20.5 real, 46.7 MB
[runlim] sample:		25.6 time, 30.5 real, 50.5 MB
[runlim] sample:		34.1 time, 40.5 real, 53.8 MB
[runlim] sample:		44.1 time, 50.5 real, 56.7 MB
[runlim] sample:		53.2 time, 60.5 real, 59.0 MB
[runlim] sample:		62.8 time, 70.5 real, 61.3 MB
[runlim] sample:		72.8 time, 80.5 real, 63.4 MB
[runlim] sample:		82.3 time, 90.5 real, 64.6 MB
[runlim] sample:		90.9 time, 100.5 real, 66.7 MB
[runlim] sample:		100.5 time, 110.5 real, 68.0 MB
[runlim] sample:		110.2 time, 120.5 real, 69.6 MB
[runlim] sample:		119.8 time, 130.5 real, 71.4 MB
[runlim] sample:		129.7 time, 140.5 real, 72.7 MB
[runlim] sample:		139.7 time, 150.5 real, 74.2 MB
[runlim] sample:		149.7 time, 160.5 real, 75.7 MB
[runlim] sample:		159.4 time, 170.5 real, 76.5 MB
[runlim] sample:		168.8 time, 180.5 real, 78.8 MB
[runlim] sample:		178.5 time, 190.5 real, 79.8 MB
[runlim] sample:		188.1 time, 200.5 real, 80.6 MB
[runlim] sample:		197.8 time, 210.5 real, 81.6 MB
[runlim] sample:		207.4 time, 220.5 real, 82.4 MB
[runlim] sample:		217.1 time, 230.5 real, 83.4 MB
[runlim] sample:		226.8 time, 240.5 real, 84.7 MB
[runlim] sample:		236.4 time, 250.5 real, 85.0 MB
[runlim] sample:		246.4 time, 260.5 real, 86.3 MB
[runlim] sample:		256.4 time, 270.5 real, 86.8 MB
[runlim] sample:		266.4 time, 280.5 real, 88.3 MB
[runlim] sample:		276.1 time, 290.5 real, 88.8 MB
[runlim] sample:		285.9 time, 300.5 real, 89.6 MB
[runlim] sample:		295.9 time, 310.5 real, 90.4 MB
[runlim] end:			Mon Jan 28 16:43:29 2019
[runlim] status:		signal(9)
[runlim] result:		11
[runlim] children:		0
[runlim] real:			313.01 seconds
[runlim] time:			298.37 seconds
[runlim] space:			90.6 MB
[runlim] samples:		3125
