[runlim] version:		1.10fixed
[runlim] time limit:		300 seconds
[runlim] real time limit:	311040000 seconds
[runlim] space limit:		4000 MB
[runlim] argv[0]:		./cvc4
[runlim] argv[1]:		--nl-ext-tplanes
[runlim] argv[2]:		--full-saturate-quant
[runlim] argv[3]:		--no-e-matching
[runlim] argv[4]:		/tmp/jrEvjwbb.smt2
[runlim] start:			Mon Jan 28 16:39:27 2019
[runlim] main pid:		5381
[runlim] sample:		8.3 time, 10.2 real, 42.2 MB
[runlim] sample:		18.1 time, 20.2 real, 50.6 MB
[runlim] sample:		26.9 time, 30.2 real, 54.4 MB
[runlim] sample:		35.6 time, 40.2 real, 58.6 MB
[runlim] sample:		44.2 time, 50.2 real, 62.1 MB
[runlim] sample:		54.2 time, 60.2 real, 65.7 MB
[runlim] sample:		63.5 time, 70.2 real, 68.8 MB
[runlim] sample:		71.8 time, 80.2 real, 71.2 MB
[runlim] sample:		81.1 time, 90.2 real, 73.7 MB
[runlim] sample:		91.1 time, 100.2 real, 76.1 MB
[runlim] sample:		101.1 time, 110.2 real, 77.9 MB
[runlim] sample:		111.1 time, 120.2 real, 79.9 MB
[runlim] sample:		120.9 time, 130.2 real, 82.9 MB
[runlim] sample:		129.5 time, 140.2 real, 85.0 MB
[runlim] sample:		138.6 time, 150.2 real, 87.1 MB
[runlim] sample:		147.9 time, 160.2 real, 88.6 MB
[runlim] sample:		157.9 time, 170.2 real, 92.0 MB
[runlim] sample:		167.8 time, 180.2 real, 93.8 MB
[runlim] sample:		176.7 time, 190.2 real, 95.1 MB
[runlim] sample:		186.1 time, 200.2 real, 96.7 MB
[runlim] sample:		194.4 time, 210.2 real, 97.7 MB
[runlim] sample:		202.8 time, 220.2 real, 99.0 MB
[runlim] sample:		212.6 time, 230.2 real, 100.3 MB
[runlim] sample:		222.6 time, 240.2 real, 102.1 MB
[runlim] sample:		231.8 time, 250.2 real, 102.8 MB
[runlim] sample:		241.1 time, 260.2 real, 104.1 MB
[runlim] sample:		250.9 time, 270.2 real, 105.4 MB
[runlim] sample:		260.9 time, 280.2 real, 106.2 MB
[runlim] sample:		270.9 time, 290.2 real, 107.7 MB
[runlim] sample:		280.9 time, 300.2 real, 108.5 MB
[runlim] sample:		290.4 time, 310.2 real, 110.1 MB
CVC4 interrupted by SIGTERM.
[runlim] end:			Mon Jan 28 16:44:46 2019
[runlim] status:		out of time
[runlim] result:		2
[runlim] children:		0
[runlim] real:			319.94 seconds
[runlim] time:			300.06 seconds
[runlim] space:			110.8 MB
[runlim] samples:		3197
