[runlim] version:		1.10fixed
[runlim] time limit:		300 seconds
[runlim] real time limit:	311040000 seconds
[runlim] space limit:		4000 MB
[runlim] argv[0]:		./cvc4
[runlim] argv[1]:		--nl-ext-tplanes
[runlim] argv[2]:		--full-saturate-quant
[runlim] argv[3]:		--no-e-matching
[runlim] argv[4]:		/tmp/Gml9y3PU.smt2
[runlim] start:			Mon Jan 28 16:34:57 2019
[runlim] main pid:		20511
[runlim] sample:		8.7 time, 10.1 real, 41.4 MB
[runlim] sample:		18.6 time, 20.1 real, 49.9 MB
[runlim] sample:		28.6 time, 30.1 real, 54.5 MB
[runlim] sample:		38.6 time, 40.1 real, 59.1 MB
[runlim] sample:		48.3 time, 50.1 real, 63.0 MB
[runlim] sample:		57.8 time, 60.1 real, 66.1 MB
[runlim] sample:		67.4 time, 70.1 real, 69.2 MB
[runlim] sample:		77.1 time, 80.1 real, 70.2 MB
[runlim] sample:		86.8 time, 90.1 real, 72.2 MB
[runlim] sample:		96.4 time, 100.1 real, 74.4 MB
[runlim] sample:		105.7 time, 110.1 real, 76.5 MB
[runlim] sample:		115.0 time, 120.1 real, 77.8 MB
[runlim] sample:		124.4 time, 130.1 real, 79.9 MB
[runlim] sample:		133.5 time, 140.1 real, 81.6 MB
[runlim] sample:		142.6 time, 150.1 real, 83.9 MB
[runlim] sample:		151.8 time, 160.1 real, 83.5 MB
[runlim] sample:		160.9 time, 170.1 real, 88.9 MB
[runlim] sample:		169.9 time, 180.1 real, 90.2 MB
[runlim] sample:		179.0 time, 190.1 real, 89.4 MB
[runlim] sample:		188.6 time, 200.1 real, 91.0 MB
[runlim] sample:		198.6 time, 210.1 real, 93.0 MB
[runlim] sample:		208.5 time, 220.1 real, 93.5 MB
[runlim] sample:		217.8 time, 230.1 real, 94.8 MB
[runlim] sample:		227.5 time, 240.1 real, 96.7 MB
[runlim] sample:		236.5 time, 250.1 real, 97.7 MB
[runlim] sample:		246.2 time, 260.1 real, 98.6 MB
[runlim] sample:		255.8 time, 270.1 real, 101.0 MB
[runlim] sample:		265.4 time, 280.1 real, 103.4 MB
[runlim] sample:		275.1 time, 290.1 real, 103.0 MB
[runlim] sample:		284.9 time, 300.1 real, 102.1 MB
[runlim] sample:		294.9 time, 310.1 real, 101.4 MB
CVC4 interrupted by SIGTERM.
[runlim] end:			Mon Jan 28 16:40:12 2019
[runlim] status:		out of time
[runlim] result:		2
[runlim] children:		0
[runlim] real:			315.24 seconds
[runlim] time:			300.03 seconds
[runlim] space:			106.3 MB
[runlim] samples:		3151
