[runlim] version:		1.10fixed
[runlim] time limit:		300 seconds
[runlim] real time limit:	311040000 seconds
[runlim] space limit:		4000 MB
[runlim] argv[0]:		./cvc4
[runlim] argv[1]:		--nl-ext-tplanes
[runlim] argv[2]:		--full-saturate-quant
[runlim] argv[3]:		--no-e-matching
[runlim] argv[4]:		/tmp/Thwp7Y1y.smt2
[runlim] start:			Tue Jan 29 14:05:48 2019
[runlim] main pid:		6811
[runlim] sample:		9.6 time, 10.5 real, 44.0 MB
[runlim] sample:		19.5 time, 20.5 real, 52.1 MB
[runlim] sample:		29.4 time, 30.5 real, 58.4 MB
[runlim] sample:		37.8 time, 40.5 real, 62.1 MB
[runlim] sample:		46.5 time, 50.5 real, 65.1 MB
[runlim] sample:		55.4 time, 60.5 real, 67.7 MB
[runlim] sample:		65.4 time, 70.5 real, 71.6 MB
[runlim] sample:		75.0 time, 80.5 real, 73.7 MB
[runlim] sample:		85.0 time, 90.5 real, 77.3 MB
[runlim] sample:		95.0 time, 100.5 real, 79.6 MB
[runlim] sample:		105.0 time, 110.5 real, 80.9 MB
[runlim] sample:		115.0 time, 120.5 real, 83.2 MB
[runlim] sample:		124.0 time, 130.5 real, 85.3 MB
[runlim] sample:		133.3 time, 140.5 real, 89.5 MB
[runlim] sample:		142.6 time, 150.5 real, 90.3 MB
[runlim] sample:		151.6 time, 160.5 real, 92.3 MB
[runlim] sample:		161.6 time, 170.5 real, 94.1 MB
[runlim] sample:		171.6 time, 180.5 real, 95.4 MB
[runlim] sample:		181.2 time, 190.5 real, 97.2 MB
[runlim] sample:		191.2 time, 200.5 real, 98.3 MB
[runlim] sample:		201.2 time, 210.5 real, 100.3 MB
[runlim] sample:		211.2 time, 220.5 real, 100.6 MB
[runlim] sample:		221.2 time, 230.5 real, 101.4 MB
[runlim] sample:		231.2 time, 240.5 real, 102.4 MB
[runlim] sample:		241.2 time, 250.5 real, 104.2 MB
[runlim] sample:		251.2 time, 260.5 real, 105.2 MB
[runlim] sample:		261.2 time, 270.5 real, 106.5 MB
[runlim] sample:		271.2 time, 280.5 real, 107.5 MB
[runlim] sample:		281.2 time, 290.5 real, 108.8 MB
[runlim] sample:		290.9 time, 300.5 real, 110.6 MB
CVC4 interrupted by SIGTERM.
[runlim] end:			Tue Jan 29 14:10:58 2019
[runlim] status:		out of time
[runlim] result:		2
[runlim] children:		0
[runlim] real:			310.05 seconds
[runlim] time:			300.06 seconds
[runlim] space:			111.4 MB
[runlim] samples:		3095
