[runlim] version:		1.10fixed
[runlim] time limit:		300 seconds
[runlim] real time limit:	311040000 seconds
[runlim] space limit:		4000 MB
[runlim] argv[0]:		./cvc4
[runlim] argv[1]:		--nl-ext-tplanes
[runlim] argv[2]:		--full-saturate-quant
[runlim] argv[3]:		--no-e-matching
[runlim] argv[4]:		/tmp/3c59Wi67.smt2
[runlim] start:			Tue Jan 29 14:06:25 2019
[runlim] main pid:		26735
[runlim] sample:		8.3 time, 10.5 real, 57.2 MB
[runlim] sample:		17.6 time, 20.5 real, 71.8 MB
[runlim] sample:		27.3 time, 30.5 real, 83.1 MB
[runlim] sample:		35.8 time, 40.5 real, 90.0 MB
[runlim] sample:		44.1 time, 50.5 real, 96.2 MB
[runlim] sample:		52.5 time, 60.5 real, 101.6 MB
[runlim] sample:		60.9 time, 70.5 real, 107.5 MB
[runlim] sample:		70.9 time, 80.5 real, 112.1 MB
[runlim] sample:		79.7 time, 90.5 real, 116.2 MB
[runlim] sample:		88.1 time, 100.5 real, 122.5 MB
[runlim] sample:		97.2 time, 110.5 real, 127.7 MB
[runlim] sample:		106.5 time, 120.5 real, 131.3 MB
[runlim] sample:		115.5 time, 130.5 real, 134.9 MB
[runlim] sample:		124.8 time, 140.5 real, 137.5 MB
[runlim] sample:		134.6 time, 150.5 real, 142.2 MB
[runlim] sample:		144.6 time, 160.5 real, 145.8 MB
[runlim] sample:		154.6 time, 170.5 real, 151.2 MB
[runlim] sample:		164.6 time, 180.5 real, 152.5 MB
[runlim] sample:		174.6 time, 190.5 real, 157.9 MB
[runlim] sample:		184.6 time, 200.5 real, 159.5 MB
[runlim] sample:		194.6 time, 210.5 real, 162.8 MB
[runlim] sample:		204.6 time, 220.5 real, 168.5 MB
[runlim] sample:		214.6 time, 230.5 real, 171.9 MB
[runlim] sample:		224.6 time, 240.5 real, 172.7 MB
[runlim] sample:		234.6 time, 250.5 real, 175.2 MB
[runlim] sample:		244.6 time, 260.5 real, 178.3 MB
[runlim] sample:		254.6 time, 270.5 real, 179.1 MB
[runlim] sample:		264.6 time, 280.5 real, 183.7 MB
[runlim] sample:		274.6 time, 290.5 real, 186.3 MB
[runlim] sample:		284.5 time, 300.5 real, 192.0 MB
[runlim] sample:		294.5 time, 310.5 real, 194.1 MB
CVC4 interrupted by SIGTERM.
[runlim] end:			Tue Jan 29 14:11:41 2019
[runlim] status:		out of time
[runlim] result:		2
[runlim] children:		0
[runlim] real:			316.02 seconds
[runlim] time:			300.04 seconds
[runlim] space:			195.4 MB
[runlim] samples:		3155
