[runlim] version:		1.10fixed
[runlim] time limit:		300 seconds
[runlim] real time limit:	311040000 seconds
[runlim] space limit:		4000 MB
[runlim] argv[0]:		./cvc4
[runlim] argv[1]:		--nl-ext-tplanes
[runlim] argv[2]:		--full-saturate-quant
[runlim] argv[3]:		--no-e-matching
[runlim] argv[4]:		/tmp/5LJLpeJD.smt2
[runlim] start:			Mon Jan 28 16:36:46 2019
[runlim] main pid:		514
[runlim] sample:		8.4 time, 10.3 real, 41.7 MB
[runlim] sample:		17.0 time, 20.3 real, 62.8 MB
[runlim] sample:		26.2 time, 30.3 real, 86.2 MB
[runlim] sample:		36.1 time, 40.3 real, 110.1 MB
[runlim] sample:		46.1 time, 50.3 real, 137.9 MB
[runlim] sample:		56.0 time, 60.3 real, 161.1 MB
[runlim] sample:		66.0 time, 70.3 real, 185.0 MB
[runlim] sample:		76.0 time, 80.3 real, 208.7 MB
[runlim] sample:		86.0 time, 90.3 real, 238.3 MB
[runlim] sample:		95.5 time, 100.3 real, 261.5 MB
[runlim] sample:		103.5 time, 110.3 real, 280.3 MB
[runlim] sample:		113.3 time, 120.3 real, 303.0 MB
[runlim] sample:		123.2 time, 130.3 real, 326.5 MB
[runlim] sample:		133.0 time, 140.3 real, 350.8 MB
[runlim] sample:		142.0 time, 150.3 real, 371.2 MB
[runlim] sample:		151.2 time, 160.3 real, 392.1 MB
[runlim] sample:		160.5 time, 170.3 real, 419.9 MB
[runlim] sample:		169.8 time, 180.3 real, 441.3 MB
[runlim] sample:		179.3 time, 190.3 real, 469.6 MB
[runlim] sample:		189.3 time, 200.3 real, 482.7 MB
[runlim] sample:		199.1 time, 210.3 real, 499.4 MB
[runlim] sample:		208.9 time, 220.3 real, 521.9 MB
[runlim] sample:		218.3 time, 230.3 real, 544.0 MB
[runlim] sample:		228.0 time, 240.3 real, 567.0 MB
[runlim] sample:		237.9 time, 250.3 real, 593.9 MB
[runlim] sample:		247.7 time, 260.3 real, 616.6 MB
[runlim] sample:		257.7 time, 270.3 real, 639.9 MB
[runlim] sample:		267.7 time, 280.3 real, 667.6 MB
[runlim] sample:		277.7 time, 290.3 real, 690.8 MB
[runlim] sample:		287.7 time, 300.3 real, 714.0 MB
[runlim] sample:		297.7 time, 310.3 real, 737.0 MB
CVC4 interrupted by SIGTERM.
[runlim] end:			Mon Jan 28 16:41:58 2019
[runlim] status:		out of time
[runlim] result:		2
[runlim] children:		0
[runlim] real:			312.79 seconds
[runlim] time:			300.10 seconds
[runlim] space:			742.4 MB
[runlim] samples:		3124
