[runlim] version:		1.10fixed
[runlim] time limit:		300 seconds
[runlim] real time limit:	311040000 seconds
[runlim] space limit:		4000 MB
[runlim] argv[0]:		./cvc4
[runlim] argv[1]:		--nl-ext-tplanes
[runlim] argv[2]:		--full-saturate-quant
[runlim] argv[3]:		--no-e-matching
[runlim] argv[4]:		/tmp/JvfklQ6u.smt2
[runlim] start:			Tue Jan 29 14:10:31 2019
[runlim] main pid:		14782
[runlim] sample:		8.6 time, 10.8 real, 41.5 MB
[runlim] sample:		18.1 time, 20.8 real, 48.2 MB
[runlim] sample:		28.1 time, 30.8 real, 53.4 MB
[runlim] sample:		38.1 time, 40.8 real, 57.4 MB
[runlim] sample:		48.1 time, 50.8 real, 60.8 MB
[runlim] sample:		58.1 time, 60.8 real, 64.6 MB
[runlim] sample:		68.1 time, 70.8 real, 67.2 MB
[runlim] sample:		78.1 time, 80.8 real, 69.5 MB
[runlim] sample:		88.1 time, 90.8 real, 71.8 MB
[runlim] sample:		98.0 time, 100.8 real, 73.9 MB
[runlim] sample:		107.4 time, 110.8 real, 75.9 MB
[runlim] sample:		116.6 time, 120.8 real, 77.5 MB
[runlim] sample:		126.6 time, 130.8 real, 79.5 MB
[runlim] sample:		136.5 time, 140.8 real, 80.6 MB
[runlim] sample:		146.2 time, 150.8 real, 82.6 MB
[runlim] sample:		155.9 time, 160.8 real, 84.7 MB
[runlim] sample:		165.1 time, 170.8 real, 86.0 MB
[runlim] sample:		173.9 time, 180.8 real, 87.9 MB
[runlim] sample:		182.1 time, 190.8 real, 88.9 MB
[runlim] sample:		191.8 time, 200.8 real, 90.2 MB
[runlim] sample:		201.8 time, 210.8 real, 91.5 MB
[runlim] sample:		211.8 time, 220.8 real, 92.5 MB
[runlim] sample:		221.8 time, 230.8 real, 93.8 MB
[runlim] sample:		231.3 time, 240.8 real, 95.1 MB
[runlim] sample:		240.6 time, 250.8 real, 96.1 MB
[runlim] sample:		249.3 time, 260.8 real, 98.9 MB
[runlim] sample:		258.0 time, 270.8 real, 99.4 MB
[runlim] sample:		267.3 time, 280.8 real, 100.9 MB
[runlim] sample:		276.8 time, 290.8 real, 101.7 MB
[runlim] sample:		286.7 time, 300.8 real, 102.7 MB
[runlim] sample:		296.7 time, 310.8 real, 103.5 MB
CVC4 interrupted by SIGTERM.
[runlim] end:			Tue Jan 29 14:15:45 2019
[runlim] status:		out of time
[runlim] result:		2
[runlim] children:		0
[runlim] real:			314.20 seconds
[runlim] time:			300.07 seconds
[runlim] space:			104.0 MB
[runlim] samples:		3134
