[runlim] version:		1.10fixed
[runlim] time limit:		300 seconds
[runlim] real time limit:	311040000 seconds
[runlim] space limit:		4000 MB
[runlim] argv[0]:		./cvc4
[runlim] argv[1]:		--nl-ext-tplanes
[runlim] argv[2]:		--full-saturate-quant
[runlim] argv[3]:		--no-e-matching
[runlim] argv[4]:		/tmp/cKd1lhwJ.smt2
[runlim] start:			Tue Jan 29 14:05:09 2019
[runlim] main pid:		28505
[runlim] sample:		9.2 time, 10.3 real, 41.2 MB
[runlim] sample:		18.8 time, 20.3 real, 48.3 MB
[runlim] sample:		28.8 time, 30.3 real, 53.1 MB
[runlim] sample:		38.8 time, 40.3 real, 56.5 MB
[runlim] sample:		48.8 time, 50.3 real, 60.2 MB
[runlim] sample:		58.8 time, 60.3 real, 62.7 MB
[runlim] sample:		68.8 time, 70.3 real, 66.8 MB
[runlim] sample:		78.8 time, 80.3 real, 68.6 MB
[runlim] sample:		88.8 time, 90.3 real, 70.9 MB
[runlim] sample:		98.8 time, 100.3 real, 73.2 MB
[runlim] sample:		108.8 time, 110.3 real, 75.0 MB
[runlim] sample:		118.8 time, 120.3 real, 76.6 MB
[runlim] sample:		128.8 time, 130.3 real, 78.4 MB
[runlim] sample:		138.8 time, 140.3 real, 79.9 MB
[runlim] sample:		148.8 time, 150.3 real, 81.4 MB
[runlim] sample:		158.8 time, 160.3 real, 82.7 MB
[runlim] sample:		168.8 time, 170.3 real, 84.8 MB
[runlim] sample:		178.8 time, 180.3 real, 86.1 MB
[runlim] sample:		188.8 time, 190.3 real, 87.6 MB
[runlim] sample:		198.8 time, 200.3 real, 89.6 MB
[runlim] sample:		208.8 time, 210.3 real, 90.9 MB
[runlim] sample:		218.7 time, 220.3 real, 92.2 MB
[runlim] sample:		228.7 time, 230.3 real, 93.5 MB
[runlim] sample:		238.7 time, 240.3 real, 94.3 MB
[runlim] sample:		248.1 time, 250.3 real, 95.5 MB
[runlim] sample:		256.3 time, 260.3 real, 96.3 MB
[runlim] sample:		266.3 time, 270.3 real, 97.3 MB
[runlim] sample:		276.3 time, 280.3 real, 98.1 MB
[runlim] sample:		286.3 time, 290.3 real, 100.9 MB
[runlim] sample:		296.3 time, 300.3 real, 101.9 MB
CVC4 interrupted by SIGTERM.
[runlim] end:			Tue Jan 29 14:10:12 2019
[runlim] status:		out of time
[runlim] result:		2
[runlim] children:		0
[runlim] real:			303.99 seconds
[runlim] time:			300.04 seconds
[runlim] space:			102.8 MB
[runlim] samples:		3037
