[runlim] version:		1.10fixed
[runlim] time limit:		300 seconds
[runlim] real time limit:	311040000 seconds
[runlim] space limit:		4000 MB
[runlim] argv[0]:		./cvc4
[runlim] argv[1]:		--nl-ext-tplanes
[runlim] argv[2]:		--full-saturate-quant
[runlim] argv[3]:		--no-e-matching
[runlim] argv[4]:		/tmp/3TfQuVDU.smt2
[runlim] start:			Mon Jan 28 16:38:50 2019
[runlim] main pid:		18053
[runlim] sample:		9.5 time, 10.8 real, 42.2 MB
[runlim] sample:		19.2 time, 20.8 real, 48.6 MB
[runlim] sample:		28.5 time, 30.8 real, 53.2 MB
[runlim] sample:		37.4 time, 40.8 real, 57.0 MB
[runlim] sample:		46.4 time, 50.8 real, 59.6 MB
[runlim] sample:		55.4 time, 60.8 real, 62.4 MB
[runlim] sample:		65.0 time, 70.8 real, 66.1 MB
[runlim] sample:		75.0 time, 80.8 real, 68.4 MB
[runlim] sample:		85.0 time, 90.8 real, 71.0 MB
[runlim] sample:		95.0 time, 100.8 real, 73.1 MB
[runlim] sample:		105.0 time, 110.8 real, 75.1 MB
[runlim] sample:		115.0 time, 120.8 real, 76.4 MB
[runlim] sample:		125.0 time, 130.8 real, 78.5 MB
[runlim] sample:		135.0 time, 140.8 real, 80.0 MB
[runlim] sample:		145.0 time, 150.8 real, 82.1 MB
[runlim] sample:		155.0 time, 160.8 real, 83.6 MB
[runlim] sample:		165.0 time, 170.8 real, 85.4 MB
[runlim] sample:		175.0 time, 180.8 real, 87.6 MB
[runlim] sample:		185.0 time, 190.8 real, 88.9 MB
[runlim] sample:		195.0 time, 200.8 real, 90.1 MB
[runlim] sample:		205.0 time, 210.8 real, 91.4 MB
[runlim] sample:		215.0 time, 220.8 real, 92.5 MB
[runlim] sample:		225.0 time, 230.8 real, 93.5 MB
[runlim] sample:		235.0 time, 240.8 real, 95.0 MB
[runlim] sample:		245.0 time, 250.8 real, 96.3 MB
[runlim] sample:		255.0 time, 260.8 real, 99.1 MB
[runlim] sample:		265.0 time, 270.8 real, 99.9 MB
[runlim] sample:		274.8 time, 280.8 real, 101.2 MB
[runlim] sample:		283.8 time, 290.8 real, 102.2 MB
[runlim] sample:		293.7 time, 300.8 real, 103.2 MB
CVC4 interrupted by SIGTERM.
[runlim] end:			Mon Jan 28 16:43:57 2019
[runlim] status:		out of time
[runlim] result:		2
[runlim] children:		0
[runlim] real:			307.52 seconds
[runlim] time:			300.06 seconds
[runlim] space:			104.0 MB
[runlim] samples:		3067
