[runlim] version:		1.10fixed
[runlim] time limit:		300 seconds
[runlim] real time limit:	311040000 seconds
[runlim] space limit:		4000 MB
[runlim] argv[0]:		./cvc4
[runlim] argv[1]:		--nl-ext-tplanes
[runlim] argv[2]:		--full-saturate-quant
[runlim] argv[3]:		--no-e-matching
[runlim] argv[4]:		/tmp/x4H5ZCey.smt2
[runlim] start:			Tue Jan 29 14:09:51 2019
[runlim] main pid:		10943
[runlim] sample:		8.0 time, 10.7 real, 44.7 MB
[runlim] sample:		17.1 time, 20.7 real, 55.1 MB
[runlim] sample:		27.1 time, 30.7 real, 64.4 MB
[runlim] sample:		37.1 time, 40.7 real, 73.3 MB
[runlim] sample:		47.1 time, 50.7 real, 78.2 MB
[runlim] sample:		57.0 time, 60.7 real, 81.5 MB
[runlim] sample:		67.0 time, 70.7 real, 87.5 MB
[runlim] sample:		77.0 time, 80.7 real, 90.0 MB
[runlim] sample:		87.0 time, 90.7 real, 93.9 MB
[runlim] sample:		97.0 time, 100.7 real, 96.2 MB
[runlim] sample:		107.0 time, 110.7 real, 100.4 MB
[runlim] sample:		117.0 time, 120.7 real, 110.2 MB
[runlim] sample:		127.0 time, 130.7 real, 112.0 MB
[runlim] sample:		137.0 time, 140.7 real, 113.8 MB
[runlim] sample:		147.0 time, 150.7 real, 116.6 MB
[runlim] sample:		157.0 time, 160.7 real, 118.2 MB
[runlim] sample:		167.0 time, 170.7 real, 122.1 MB
[runlim] sample:		177.0 time, 180.7 real, 125.7 MB
[runlim] sample:		187.0 time, 190.7 real, 127.7 MB
[runlim] sample:		197.0 time, 200.7 real, 129.5 MB
[runlim] sample:		207.0 time, 210.7 real, 131.6 MB
[runlim] sample:		217.0 time, 220.7 real, 132.6 MB
[runlim] sample:		227.0 time, 230.7 real, 134.4 MB
[runlim] sample:		237.0 time, 240.7 real, 134.4 MB
[runlim] sample:		246.9 time, 250.7 real, 138.0 MB
[runlim] sample:		256.9 time, 260.7 real, 140.9 MB
[runlim] sample:		266.9 time, 270.7 real, 144.2 MB
[runlim] sample:		276.9 time, 280.7 real, 145.3 MB
[runlim] sample:		286.9 time, 290.7 real, 147.1 MB
[runlim] sample:		296.9 time, 300.7 real, 149.4 MB
CVC4 interrupted by SIGTERM.
[runlim] end:			Tue Jan 29 14:14:54 2019
[runlim] status:		out of time
[runlim] result:		2
[runlim] children:		0
[runlim] real:			303.83 seconds
[runlim] time:			300.03 seconds
[runlim] space:			149.4 MB
[runlim] samples:		3031
