[runlim] version:		1.10fixed
[runlim] time limit:		300 seconds
[runlim] real time limit:	311040000 seconds
[runlim] space limit:		4000 MB
[runlim] argv[0]:		./cvc4
[runlim] argv[1]:		--nl-ext-tplanes
[runlim] argv[2]:		--full-saturate-quant
[runlim] argv[3]:		--no-e-matching
[runlim] argv[4]:		/tmp/yf5zZxyt.smt2
[runlim] start:			Tue Jan 29 14:07:37 2019
[runlim] main pid:		30651
[runlim] sample:		9.4 time, 10.1 real, 40.8 MB
[runlim] sample:		19.4 time, 20.1 real, 48.7 MB
[runlim] sample:		28.3 time, 30.1 real, 52.6 MB
[runlim] sample:		38.2 time, 40.1 real, 55.9 MB
[runlim] sample:		48.2 time, 50.1 real, 58.2 MB
[runlim] sample:		58.2 time, 60.1 real, 60.0 MB
[runlim] sample:		68.2 time, 70.1 real, 62.6 MB
[runlim] sample:		78.2 time, 80.1 real, 64.7 MB
[runlim] sample:		88.2 time, 90.1 real, 66.2 MB
[runlim] sample:		98.2 time, 100.1 real, 68.3 MB
[runlim] sample:		108.2 time, 110.1 real, 70.2 MB
[runlim] sample:		118.2 time, 120.1 real, 71.2 MB
[runlim] sample:		128.2 time, 130.1 real, 72.5 MB
[runlim] sample:		138.2 time, 140.1 real, 73.8 MB
[runlim] sample:		148.2 time, 150.1 real, 74.5 MB
[runlim] sample:		158.2 time, 160.1 real, 76.9 MB
[runlim] sample:		168.2 time, 170.1 real, 77.9 MB
[runlim] sample:		178.2 time, 180.1 real, 79.0 MB
[runlim] sample:		188.2 time, 190.1 real, 79.7 MB
[runlim] sample:		198.2 time, 200.1 real, 80.8 MB
[runlim] sample:		208.2 time, 210.1 real, 81.5 MB
[runlim] sample:		218.2 time, 220.1 real, 82.6 MB
[runlim] sample:		228.2 time, 230.1 real, 83.1 MB
[runlim] sample:		238.2 time, 240.1 real, 84.4 MB
[runlim] sample:		248.2 time, 250.1 real, 85.4 MB
[runlim] sample:		258.1 time, 260.1 real, 86.4 MB
[runlim] sample:		268.1 time, 270.1 real, 87.7 MB
[runlim] sample:		278.1 time, 280.1 real, 88.0 MB
[runlim] sample:		288.1 time, 290.1 real, 88.7 MB
[runlim] sample:		298.1 time, 300.1 real, 89.5 MB
CVC4 interrupted by SIGTERM.
[runlim] end:			Tue Jan 29 14:12:39 2019
[runlim] status:		out of time
[runlim] result:		2
[runlim] children:		0
[runlim] real:			302.07 seconds
[runlim] time:			300.04 seconds
[runlim] space:			89.5 MB
[runlim] samples:		3019
