[runlim] version:		1.10fixed
[runlim] time limit:		300 seconds
[runlim] real time limit:	311040000 seconds
[runlim] space limit:		4000 MB
[runlim] argv[0]:		./cvc4
[runlim] argv[1]:		--nl-ext-tplanes
[runlim] argv[2]:		--full-saturate-quant
[runlim] argv[3]:		--no-e-matching
[runlim] argv[4]:		/tmp/anP9dR1O.smt2
[runlim] start:			Mon Jan 28 16:37:17 2019
[runlim] main pid:		27791
[runlim] sample:		8.7 time, 10.1 real, 43.7 MB
[runlim] sample:		18.3 time, 20.1 real, 50.6 MB
[runlim] sample:		28.0 time, 30.1 real, 55.8 MB
[runlim] sample:		37.8 time, 40.1 real, 60.6 MB
[runlim] sample:		47.4 time, 50.1 real, 63.4 MB
[runlim] sample:		57.0 time, 60.1 real, 67.8 MB
[runlim] sample:		66.4 time, 70.1 real, 70.1 MB
[runlim] sample:		76.2 time, 80.1 real, 72.7 MB
[runlim] sample:		86.2 time, 90.1 real, 75.0 MB
[runlim] sample:		96.0 time, 100.1 real, 76.6 MB
[runlim] sample:		105.7 time, 110.1 real, 78.6 MB
[runlim] sample:		115.4 time, 120.1 real, 80.4 MB
[runlim] sample:		125.4 time, 130.1 real, 83.0 MB
[runlim] sample:		135.4 time, 140.1 real, 85.1 MB
[runlim] sample:		145.4 time, 150.1 real, 86.3 MB
[runlim] sample:		155.4 time, 160.1 real, 88.2 MB
[runlim] sample:		165.4 time, 170.1 real, 89.2 MB
[runlim] sample:		175.4 time, 180.1 real, 90.2 MB
[runlim] sample:		185.4 time, 190.1 real, 92.7 MB
[runlim] sample:		195.4 time, 200.1 real, 94.2 MB
[runlim] sample:		205.4 time, 210.1 real, 95.3 MB
[runlim] sample:		215.4 time, 220.1 real, 96.6 MB
[runlim] sample:		225.1 time, 230.1 real, 97.8 MB
[runlim] sample:		234.7 time, 240.1 real, 98.6 MB
[runlim] sample:		244.0 time, 250.1 real, 99.9 MB
[runlim] sample:		253.8 time, 260.1 real, 100.9 MB
[runlim] sample:		263.8 time, 270.1 real, 104.1 MB
[runlim] sample:		273.8 time, 280.1 real, 104.9 MB
[runlim] sample:		283.8 time, 290.1 real, 106.0 MB
[runlim] sample:		293.8 time, 300.1 real, 107.5 MB
CVC4 interrupted by SIGTERM.
[runlim] end:			Mon Jan 28 16:42:23 2019
[runlim] status:		out of time
[runlim] result:		2
[runlim] children:		0
[runlim] real:			306.40 seconds
[runlim] time:			300.08 seconds
[runlim] space:			108.3 MB
[runlim] samples:		3063
