[runlim] version:		1.10fixed
[runlim] time limit:		300 seconds
[runlim] real time limit:	311040000 seconds
[runlim] space limit:		4000 MB
[runlim] argv[0]:		./cvc4
[runlim] argv[1]:		--nl-ext-tplanes
[runlim] argv[2]:		--full-saturate-quant
[runlim] argv[3]:		--no-e-matching
[runlim] argv[4]:		/tmp/7LJm7n4m.smt2
[runlim] start:			Tue Jan 29 14:05:21 2019
[runlim] main pid:		8150
[runlim] sample:		8.0 time, 10.0 real, 41.9 MB
[runlim] sample:		16.3 time, 20.0 real, 48.1 MB
[runlim] sample:		24.3 time, 30.0 real, 53.0 MB
[runlim] sample:		33.4 time, 40.0 real, 57.1 MB
[runlim] sample:		43.4 time, 50.0 real, 61.5 MB
[runlim] sample:		52.6 time, 60.0 real, 65.4 MB
[runlim] sample:		62.6 time, 70.0 real, 68.0 MB
[runlim] sample:		72.5 time, 80.0 real, 70.5 MB
[runlim] sample:		82.5 time, 90.0 real, 74.1 MB
[runlim] sample:		92.5 time, 100.0 real, 76.4 MB
[runlim] sample:		102.6 time, 110.0 real, 78.8 MB
[runlim] sample:		112.6 time, 120.0 real, 81.1 MB
[runlim] sample:		122.5 time, 130.0 real, 82.9 MB
[runlim] sample:		132.5 time, 140.0 real, 85.2 MB
[runlim] sample:		142.5 time, 150.0 real, 86.0 MB
[runlim] sample:		152.2 time, 160.0 real, 86.8 MB
[runlim] sample:		161.5 time, 170.0 real, 87.5 MB
[runlim] sample:		171.4 time, 180.0 real, 88.8 MB
[runlim] sample:		181.4 time, 190.0 real, 89.8 MB
[runlim] sample:		191.4 time, 200.0 real, 90.6 MB
[runlim] sample:		201.4 time, 210.0 real, 91.9 MB
[runlim] sample:		211.4 time, 220.0 real, 93.4 MB
[runlim] sample:		221.4 time, 230.0 real, 95.0 MB
[runlim] sample:		231.4 time, 240.0 real, 95.5 MB
[runlim] sample:		240.8 time, 250.0 real, 96.5 MB
[runlim] sample:		250.8 time, 260.0 real, 97.8 MB
[runlim] sample:		260.8 time, 270.0 real, 98.9 MB
[runlim] sample:		270.6 time, 280.0 real, 100.1 MB
[runlim] sample:		279.5 time, 290.0 real, 101.2 MB
[runlim] sample:		289.1 time, 300.0 real, 103.2 MB
[runlim] sample:		298.8 time, 310.0 real, 104.5 MB
CVC4 interrupted by SIGTERM.
[runlim] end:			Tue Jan 29 14:10:32 2019
[runlim] status:		out of time
[runlim] result:		2
[runlim] children:		0
[runlim] real:			311.35 seconds
[runlim] time:			300.05 seconds
[runlim] space:			104.8 MB
[runlim] samples:		3113
