[runlim] version:		1.10fixed
[runlim] time limit:		300 seconds
[runlim] real time limit:	311040000 seconds
[runlim] space limit:		4000 MB
[runlim] argv[0]:		./cvc4
[runlim] argv[1]:		--nl-ext-tplanes
[runlim] argv[2]:		--full-saturate-quant
[runlim] argv[3]:		--no-e-matching
[runlim] argv[4]:		/tmp/d7ThMqZS.smt2
[runlim] start:			Tue Jan 29 14:08:40 2019
[runlim] main pid:		8979
[runlim] sample:		9.8 time, 10.6 real, 45.9 MB
[runlim] sample:		19.3 time, 20.6 real, 51.9 MB
[runlim] sample:		29.1 time, 30.6 real, 57.0 MB
[runlim] sample:		39.1 time, 40.6 real, 62.3 MB
[runlim] sample:		49.1 time, 50.6 real, 65.4 MB
[runlim] sample:		59.1 time, 60.6 real, 69.4 MB
[runlim] sample:		69.1 time, 70.6 real, 71.7 MB
[runlim] sample:		79.1 time, 80.6 real, 74.0 MB
[runlim] sample:		89.1 time, 90.6 real, 76.9 MB
[runlim] sample:		99.1 time, 100.6 real, 78.4 MB
[runlim] sample:		109.1 time, 110.6 real, 80.5 MB
[runlim] sample:		119.1 time, 120.6 real, 82.3 MB
[runlim] sample:		129.1 time, 130.6 real, 83.8 MB
[runlim] sample:		139.1 time, 140.6 real, 85.9 MB
[runlim] sample:		149.1 time, 150.6 real, 87.9 MB
[runlim] sample:		159.1 time, 160.6 real, 90.2 MB
[runlim] sample:		169.1 time, 170.6 real, 91.8 MB
[runlim] sample:		179.1 time, 180.6 real, 93.3 MB
[runlim] sample:		189.1 time, 190.6 real, 95.1 MB
[runlim] sample:		198.7 time, 200.6 real, 96.2 MB
[runlim] sample:		207.7 time, 210.6 real, 97.2 MB
[runlim] sample:		217.0 time, 220.6 real, 100.4 MB
[runlim] sample:		226.6 time, 230.6 real, 101.7 MB
[runlim] sample:		235.9 time, 240.6 real, 102.5 MB
[runlim] sample:		244.9 time, 250.6 real, 103.5 MB
[runlim] sample:		254.5 time, 260.6 real, 104.5 MB
[runlim] sample:		264.2 time, 270.6 real, 105.6 MB
[runlim] sample:		273.2 time, 280.6 real, 106.9 MB
[runlim] sample:		282.8 time, 290.6 real, 107.9 MB
[runlim] sample:		292.5 time, 300.6 real, 108.4 MB
CVC4 interrupted by SIGTERM.
[runlim] end:			Tue Jan 29 14:13:48 2019
[runlim] status:		out of time
[runlim] result:		2
[runlim] children:		0
[runlim] real:			308.19 seconds
[runlim] time:			300.02 seconds
[runlim] space:			109.4 MB
[runlim] samples:		3076
