[runlim] version:		1.10fixed
[runlim] time limit:		300 seconds
[runlim] real time limit:	311040000 seconds
[runlim] space limit:		4000 MB
[runlim] argv[0]:		./cvc4
[runlim] argv[1]:		--nl-ext-tplanes
[runlim] argv[2]:		--full-saturate-quant
[runlim] argv[3]:		--no-e-matching
[runlim] argv[4]:		/tmp/PiUH3XSi.smt2
[runlim] start:			Mon Jan 28 16:35:39 2019
[runlim] main pid:		5261
[runlim] sample:		9.1 time, 10.8 real, 41.4 MB
[runlim] sample:		19.1 time, 20.8 real, 49.2 MB
[runlim] sample:		29.1 time, 30.8 real, 54.4 MB
[runlim] sample:		39.1 time, 40.8 real, 57.7 MB
[runlim] sample:		49.1 time, 50.8 real, 61.3 MB
[runlim] sample:		58.8 time, 60.8 real, 63.9 MB
[runlim] sample:		68.1 time, 70.8 real, 67.4 MB
[runlim] sample:		77.7 time, 80.8 real, 69.5 MB
[runlim] sample:		87.5 time, 90.8 real, 71.5 MB
[runlim] sample:		97.1 time, 100.8 real, 74.1 MB
[runlim] sample:		106.6 time, 110.8 real, 75.9 MB
[runlim] sample:		116.1 time, 120.8 real, 77.5 MB
[runlim] sample:		125.7 time, 130.8 real, 79.0 MB
[runlim] sample:		135.1 time, 140.8 real, 80.6 MB
[runlim] sample:		144.8 time, 150.8 real, 81.8 MB
[runlim] sample:		154.8 time, 160.8 real, 84.2 MB
[runlim] sample:		164.8 time, 170.8 real, 85.5 MB
[runlim] sample:		174.8 time, 180.8 real, 87.0 MB
[runlim] sample:		184.3 time, 190.8 real, 88.3 MB
[runlim] sample:		193.7 time, 200.8 real, 89.3 MB
[runlim] sample:		203.0 time, 210.8 real, 91.6 MB
[runlim] sample:		212.9 time, 220.8 real, 92.7 MB
[runlim] sample:		222.7 time, 230.8 real, 93.7 MB
[runlim] sample:		232.6 time, 240.8 real, 95.0 MB
[runlim] sample:		242.6 time, 250.8 real, 96.0 MB
[runlim] sample:		252.6 time, 260.8 real, 96.8 MB
[runlim] sample:		261.6 time, 270.8 real, 97.8 MB
[runlim] sample:		271.1 time, 280.8 real, 98.8 MB
[runlim] sample:		280.7 time, 290.8 real, 99.9 MB
[runlim] sample:		290.4 time, 300.8 real, 102.4 MB
[runlim] sample:		300.1 time, 310.8 real, 103.2 MB
CVC4 interrupted by SIGTERM.
[runlim] end:			Mon Jan 28 16:40:49 2019
[runlim] status:		out of time
[runlim] result:		2
[runlim] children:		0
[runlim] real:			310.81 seconds
[runlim] time:			300.05 seconds
[runlim] space:			103.2 MB
[runlim] samples:		3100
