[runlim] version:		1.10fixed
[runlim] time limit:		300 seconds
[runlim] real time limit:	311040000 seconds
[runlim] space limit:		4000 MB
[runlim] argv[0]:		./cvc4
[runlim] argv[1]:		--nl-ext-tplanes
[runlim] argv[2]:		--full-saturate-quant
[runlim] argv[3]:		--no-e-matching
[runlim] argv[4]:		/tmp/SU7X67nn.smt2
[runlim] start:			Tue Jan 29 14:09:25 2019
[runlim] main pid:		19100
[runlim] sample:		8.8 time, 11.0 real, 44.3 MB
[runlim] sample:		17.3 time, 21.0 real, 52.8 MB
[runlim] sample:		27.0 time, 31.0 real, 61.5 MB
[runlim] sample:		36.5 time, 41.0 real, 66.4 MB
[runlim] sample:		45.4 time, 51.0 real, 69.5 MB
[runlim] sample:		55.4 time, 61.0 real, 73.6 MB
[runlim] sample:		65.2 time, 71.0 real, 77.0 MB
[runlim] sample:		74.0 time, 81.0 real, 80.5 MB
[runlim] sample:		83.3 time, 91.0 real, 83.6 MB
[runlim] sample:		92.4 time, 101.0 real, 85.4 MB
[runlim] sample:		101.4 time, 111.0 real, 87.7 MB
[runlim] sample:		110.9 time, 121.0 real, 90.5 MB
[runlim] sample:		119.6 time, 131.0 real, 93.8 MB
[runlim] sample:		128.0 time, 141.0 real, 95.6 MB
[runlim] sample:		136.1 time, 151.0 real, 97.4 MB
[runlim] sample:		144.8 time, 161.0 real, 98.5 MB
[runlim] sample:		154.8 time, 171.0 real, 100.5 MB
[runlim] sample:		164.8 time, 181.0 real, 101.8 MB
[runlim] sample:		174.6 time, 191.0 real, 103.6 MB
[runlim] sample:		183.4 time, 201.0 real, 104.9 MB
[runlim] sample:		191.2 time, 211.0 real, 106.2 MB
[runlim] sample:		200.2 time, 221.0 real, 108.8 MB
[runlim] sample:		207.8 time, 231.0 real, 109.0 MB
[runlim] sample:		215.6 time, 241.0 real, 110.3 MB
[runlim] sample:		224.1 time, 251.0 real, 111.1 MB
[runlim] sample:		232.5 time, 261.0 real, 112.9 MB
[runlim] sample:		241.2 time, 271.0 real, 113.4 MB
[runlim] sample:		250.0 time, 281.0 real, 114.2 MB
[runlim] sample:		259.3 time, 291.0 real, 115.5 MB
[runlim] sample:		268.7 time, 301.0 real, 116.2 MB
[runlim] sample:		278.0 time, 311.0 real, 116.5 MB
[runlim] sample:		287.4 time, 321.0 real, 118.3 MB
[runlim] sample:		296.8 time, 331.0 real, 119.8 MB
[runlim] end:			Tue Jan 29 14:14:58 2019
[runlim] status:		signal(9)
[runlim] result:		11
[runlim] children:		0
[runlim] real:			333.70 seconds
[runlim] time:			299.27 seconds
[runlim] space:			121.9 MB
[runlim] samples:		3327
