[runlim] version:		1.10fixed
[runlim] time limit:		300 seconds
[runlim] real time limit:	311040000 seconds
[runlim] space limit:		4000 MB
[runlim] argv[0]:		./cvc4
[runlim] argv[1]:		--nl-ext-tplanes
[runlim] argv[2]:		--full-saturate-quant
[runlim] argv[3]:		--no-e-matching
[runlim] argv[4]:		/tmp/aNpK2hnD.smt2
[runlim] start:			Tue Jan 29 14:08:46 2019
[runlim] main pid:		7838
[runlim] sample:		9.4 time, 11.0 real, 45.1 MB
[runlim] sample:		18.3 time, 21.0 real, 52.8 MB
[runlim] sample:		28.3 time, 31.0 real, 57.9 MB
[runlim] sample:		38.3 time, 41.0 real, 61.8 MB
[runlim] sample:		48.3 time, 51.0 real, 65.7 MB
[runlim] sample:		58.3 time, 61.0 real, 69.0 MB
[runlim] sample:		66.9 time, 71.0 real, 71.3 MB
[runlim] sample:		76.6 time, 81.0 real, 74.4 MB
[runlim] sample:		86.0 time, 91.0 real, 78.6 MB
[runlim] sample:		95.4 time, 101.0 real, 80.1 MB
[runlim] sample:		105.2 time, 111.0 real, 82.7 MB
[runlim] sample:		115.2 time, 121.0 real, 85.5 MB
[runlim] sample:		125.0 time, 131.0 real, 87.8 MB
[runlim] sample:		135.0 time, 141.0 real, 89.4 MB
[runlim] sample:		143.9 time, 151.0 real, 91.4 MB
[runlim] sample:		153.9 time, 161.0 real, 93.0 MB
[runlim] sample:		163.9 time, 171.0 real, 95.3 MB
[runlim] sample:		173.5 time, 181.0 real, 97.1 MB
[runlim] sample:		182.3 time, 191.0 real, 97.4 MB
[runlim] sample:		191.7 time, 201.0 real, 99.4 MB
[runlim] sample:		201.2 time, 211.0 real, 100.7 MB
[runlim] sample:		211.2 time, 221.0 real, 102.3 MB
[runlim] sample:		221.2 time, 231.0 real, 104.1 MB
[runlim] sample:		231.2 time, 241.0 real, 104.8 MB
[runlim] sample:		241.2 time, 251.0 real, 105.9 MB
[runlim] sample:		250.2 time, 261.0 real, 106.9 MB
[runlim] sample:		259.2 time, 271.0 real, 107.9 MB
[runlim] sample:		268.3 time, 281.0 real, 109.0 MB
[runlim] sample:		277.5 time, 291.0 real, 110.8 MB
[runlim] sample:		286.9 time, 301.0 real, 111.3 MB
[runlim] sample:		296.2 time, 311.0 real, 112.0 MB
CVC4 interrupted by SIGTERM.
[runlim] end:			Tue Jan 29 14:14:01 2019
[runlim] status:		out of time
[runlim] result:		2
[runlim] children:		0
[runlim] real:			315.20 seconds
[runlim] time:			300.05 seconds
[runlim] space:			112.0 MB
[runlim] samples:		3142
