[runlim] version:		1.10fixed
[runlim] time limit:		300 seconds
[runlim] real time limit:	311040000 seconds
[runlim] space limit:		4000 MB
[runlim] argv[0]:		./cvc4
[runlim] argv[1]:		--nl-ext-tplanes
[runlim] argv[2]:		--full-saturate-quant
[runlim] argv[3]:		--no-e-matching
[runlim] argv[4]:		/tmp/2LhbXHUy.smt2
[runlim] start:			Tue Jan 29 14:10:36 2019
[runlim] main pid:		12890
[runlim] sample:		9.8 time, 10.9 real, 50.1 MB
[runlim] sample:		19.8 time, 20.9 real, 59.9 MB
[runlim] sample:		29.8 time, 30.9 real, 66.9 MB
[runlim] sample:		38.6 time, 40.9 real, 70.2 MB
[runlim] sample:		48.1 time, 50.9 real, 76.8 MB
[runlim] sample:		58.1 time, 60.9 real, 80.7 MB
[runlim] sample:		68.1 time, 70.9 real, 85.0 MB
[runlim] sample:		78.1 time, 80.9 real, 90.6 MB
[runlim] sample:		87.3 time, 90.9 real, 92.7 MB
[runlim] sample:		96.7 time, 100.9 real, 95.0 MB
[runlim] sample:		106.3 time, 110.9 real, 100.4 MB
[runlim] sample:		115.0 time, 120.9 real, 100.9 MB
[runlim] sample:		125.0 time, 130.9 real, 102.5 MB
[runlim] sample:		134.9 time, 140.9 real, 104.8 MB
[runlim] sample:		143.8 time, 150.9 real, 109.4 MB
[runlim] sample:		152.5 time, 160.9 real, 112.0 MB
[runlim] sample:		161.2 time, 170.9 real, 112.3 MB
[runlim] sample:		170.1 time, 180.9 real, 112.3 MB
[runlim] sample:		179.0 time, 190.9 real, 113.1 MB
[runlim] sample:		188.0 time, 200.9 real, 113.9 MB
[runlim] sample:		197.5 time, 210.9 real, 120.0 MB
[runlim] sample:		207.5 time, 220.9 real, 124.1 MB
[runlim] sample:		217.5 time, 230.9 real, 124.1 MB
[runlim] sample:		227.5 time, 240.9 real, 124.1 MB
[runlim] sample:		237.5 time, 250.9 real, 125.7 MB
[runlim] sample:		247.5 time, 260.9 real, 127.5 MB
[runlim] sample:		257.5 time, 270.9 real, 129.8 MB
[runlim] sample:		267.5 time, 280.9 real, 136.7 MB
[runlim] sample:		277.5 time, 290.9 real, 136.9 MB
[runlim] sample:		287.3 time, 300.9 real, 136.9 MB
[runlim] sample:		295.2 time, 310.9 real, 136.9 MB
CVC4 interrupted by SIGTERM.
[runlim] end:			Tue Jan 29 14:15:52 2019
[runlim] status:		out of time
[runlim] result:		2
[runlim] children:		0
[runlim] real:			316.94 seconds
[runlim] time:			300.01 seconds
[runlim] space:			138.2 MB
[runlim] samples:		3160
