[runlim] version:		1.10fixed
[runlim] time limit:		300 seconds
[runlim] real time limit:	311040000 seconds
[runlim] space limit:		4000 MB
[runlim] argv[0]:		./cvc4
[runlim] argv[1]:		--nl-ext-tplanes
[runlim] argv[2]:		--full-saturate-quant
[runlim] argv[3]:		--no-e-matching
[runlim] argv[4]:		/tmp/HcWRvBTP.smt2
[runlim] start:			Tue Jan 29 14:08:49 2019
[runlim] main pid:		13778
[runlim] sample:		8.5 time, 10.3 real, 42.1 MB
[runlim] sample:		18.4 time, 20.3 real, 49.5 MB
[runlim] sample:		28.2 time, 30.3 real, 54.6 MB
[runlim] sample:		38.2 time, 40.3 real, 57.7 MB
[runlim] sample:		46.9 time, 50.3 real, 61.0 MB
[runlim] sample:		56.9 time, 60.3 real, 63.8 MB
[runlim] sample:		66.9 time, 70.3 real, 66.2 MB
[runlim] sample:		76.9 time, 80.3 real, 69.9 MB
[runlim] sample:		86.8 time, 90.3 real, 71.7 MB
[runlim] sample:		96.5 time, 100.3 real, 74.3 MB
[runlim] sample:		105.2 time, 110.3 real, 76.1 MB
[runlim] sample:		115.2 time, 120.3 real, 77.6 MB
[runlim] sample:		125.2 time, 130.3 real, 79.2 MB
[runlim] sample:		135.2 time, 140.3 real, 80.7 MB
[runlim] sample:		144.8 time, 150.3 real, 82.3 MB
[runlim] sample:		153.9 time, 160.3 real, 84.1 MB
[runlim] sample:		163.5 time, 170.3 real, 85.4 MB
[runlim] sample:		172.1 time, 180.3 real, 86.6 MB
[runlim] sample:		181.8 time, 190.3 real, 88.2 MB
[runlim] sample:		191.5 time, 200.3 real, 89.7 MB
[runlim] sample:		200.9 time, 210.3 real, 91.5 MB
[runlim] sample:		210.5 time, 220.3 real, 92.6 MB
[runlim] sample:		220.2 time, 230.3 real, 94.1 MB
[runlim] sample:		230.1 time, 240.3 real, 95.1 MB
[runlim] sample:		240.1 time, 250.3 real, 95.9 MB
[runlim] sample:		249.6 time, 260.3 real, 96.9 MB
[runlim] sample:		259.1 time, 270.3 real, 98.0 MB
[runlim] sample:		268.8 time, 280.3 real, 98.8 MB
[runlim] sample:		278.2 time, 290.3 real, 99.8 MB
[runlim] sample:		287.9 time, 300.3 real, 100.8 MB
[runlim] sample:		297.3 time, 310.3 real, 103.4 MB
CVC4 interrupted by SIGTERM.
[runlim] end:			Tue Jan 29 14:14:02 2019
[runlim] status:		out of time
[runlim] result:		2
[runlim] children:		0
[runlim] real:			313.30 seconds
[runlim] time:			300.02 seconds
[runlim] space:			103.6 MB
[runlim] samples:		3130
