[runlim] version:		1.10fixed
[runlim] time limit:		300 seconds
[runlim] real time limit:	311040000 seconds
[runlim] space limit:		4000 MB
[runlim] argv[0]:		./cvc4
[runlim] argv[1]:		--nl-ext-tplanes
[runlim] argv[2]:		--full-saturate-quant
[runlim] argv[3]:		--no-e-matching
[runlim] argv[4]:		/tmp/gUoVWw2D.smt2
[runlim] start:			Mon Jan 28 16:38:56 2019
[runlim] main pid:		23718
[runlim] sample:		7.6 time, 10.5 real, 40.0 MB
[runlim] sample:		15.3 time, 20.5 real, 46.1 MB
[runlim] sample:		22.9 time, 30.5 real, 50.5 MB
[runlim] sample:		32.0 time, 40.5 real, 54.6 MB
[runlim] sample:		39.7 time, 50.5 real, 57.5 MB
[runlim] sample:		48.9 time, 60.5 real, 60.6 MB
[runlim] sample:		58.8 time, 70.5 real, 64.5 MB
[runlim] sample:		68.8 time, 80.5 real, 67.1 MB
[runlim] sample:		77.7 time, 90.5 real, 68.9 MB
[runlim] sample:		85.6 time, 100.5 real, 71.2 MB
[runlim] sample:		95.6 time, 110.5 real, 73.3 MB
[runlim] sample:		105.4 time, 120.5 real, 75.4 MB
[runlim] sample:		113.7 time, 130.5 real, 76.6 MB
[runlim] sample:		122.0 time, 140.5 real, 78.2 MB
[runlim] sample:		130.2 time, 150.5 real, 79.5 MB
[runlim] sample:		139.2 time, 160.5 real, 81.0 MB
[runlim] sample:		149.2 time, 170.5 real, 82.6 MB
[runlim] sample:		159.2 time, 180.5 real, 84.4 MB
[runlim] sample:		169.2 time, 190.5 real, 85.9 MB
[runlim] sample:		179.2 time, 200.5 real, 88.3 MB
[runlim] sample:		189.2 time, 210.5 real, 89.3 MB
[runlim] sample:		199.2 time, 220.5 real, 90.3 MB
[runlim] sample:		209.2 time, 230.5 real, 91.9 MB
[runlim] sample:		218.9 time, 240.5 real, 93.2 MB
[runlim] sample:		228.8 time, 250.5 real, 94.2 MB
[runlim] sample:		238.5 time, 260.5 real, 95.2 MB
[runlim] sample:		248.1 time, 270.5 real, 96.3 MB
[runlim] sample:		257.8 time, 280.5 real, 99.2 MB
[runlim] sample:		267.8 time, 290.5 real, 100.3 MB
[runlim] sample:		276.9 time, 300.5 real, 101.3 MB
[runlim] sample:		285.8 time, 310.5 real, 102.1 MB
[runlim] sample:		295.0 time, 320.5 real, 103.1 MB
[runlim] end:			Mon Jan 28 16:44:20 2019
[runlim] status:		signal(9)
[runlim] result:		11
[runlim] children:		0
[runlim] real:			324.23 seconds
[runlim] time:			298.45 seconds
[runlim] space:			103.4 MB
[runlim] samples:		3237
