[runlim] version:		1.10fixed
[runlim] time limit:		300 seconds
[runlim] real time limit:	311040000 seconds
[runlim] space limit:		4000 MB
[runlim] argv[0]:		./cvc4
[runlim] argv[1]:		--nl-ext-tplanes
[runlim] argv[2]:		--full-saturate-quant
[runlim] argv[3]:		--no-e-matching
[runlim] argv[4]:		/tmp/UYljSIvE.smt2
[runlim] start:			Tue Jan 29 13:45:59 2019
[runlim] main pid:		11522
/tmp/UYljSIvE.smt2:4.12: No set-logic command was given before this point.
/tmp/UYljSIvE.smt2:4.12: CVC4 will make all theories available.
/tmp/UYljSIvE.smt2:4.12: Consider setting a stricter logic for (likely) better performance.
/tmp/UYljSIvE.smt2:4.12: To suppress this warning in the future use (set-logic ALL).
[runlim] sample:		9.5 time, 10.9 real, 56.6 MB
[runlim] sample:		19.5 time, 20.9 real, 93.4 MB
[runlim] sample:		29.2 time, 30.9 real, 130.1 MB
[runlim] sample:		39.1 time, 40.9 real, 162.7 MB
[runlim] sample:		47.4 time, 50.9 real, 190.9 MB
[runlim] sample:		57.0 time, 60.9 real, 230.2 MB
[runlim] sample:		66.1 time, 70.9 real, 262.7 MB
[runlim] sample:		76.0 time, 80.9 real, 298.2 MB
[runlim] sample:		85.2 time, 90.9 real, 330.0 MB
[runlim] sample:		95.2 time, 100.9 real, 363.8 MB
[runlim] sample:		105.2 time, 110.9 real, 404.4 MB
[runlim] sample:		115.0 time, 120.9 real, 439.0 MB
[runlim] sample:		124.7 time, 130.9 real, 467.2 MB
[runlim] sample:		134.6 time, 140.9 real, 486.5 MB
[runlim] sample:		144.6 time, 150.9 real, 521.1 MB
[runlim] sample:		153.9 time, 160.9 real, 554.8 MB
[runlim] sample:		162.2 time, 170.9 real, 582.4 MB
[runlim] sample:		171.9 time, 180.9 real, 614.4 MB
[runlim] sample:		181.9 time, 190.9 real, 651.4 MB
[runlim] sample:		191.3 time, 200.9 real, 681.8 MB
[runlim] sample:		200.9 time, 210.9 real, 713.3 MB
[runlim] sample:		210.9 time, 220.9 real, 745.0 MB
[runlim] sample:		220.9 time, 230.9 real, 788.8 MB
[runlim] sample:		230.2 time, 240.9 real, 820.8 MB
[runlim] sample:		239.8 time, 250.9 real, 863.3 MB
[runlim] sample:		249.8 time, 260.9 real, 890.0 MB
[runlim] sample:		259.8 time, 270.9 real, 904.6 MB
[runlim] sample:		269.8 time, 280.9 real, 937.9 MB
[runlim] sample:		279.8 time, 290.9 real, 970.1 MB
[runlim] sample:		289.8 time, 300.9 real, 1002.1 MB
[runlim] sample:		298.2 time, 310.9 real, 1029.7 MB
CVC4 interrupted by SIGTERM.
[runlim] end:			Tue Jan 29 13:51:11 2019
[runlim] status:		out of time
[runlim] result:		2
[runlim] children:		0
[runlim] real:			312.75 seconds
[runlim] time:			300.03 seconds
[runlim] space:			1035.9 MB
[runlim] samples:		3118
