[runlim] version:		1.10fixed
[runlim] time limit:		1800 seconds
[runlim] real time limit:	311040000 seconds
[runlim] space limit:		4000 MB
[runlim] argv[0]:		./cvc4
[runlim] argv[1]:		--nl-ext-tplanes
[runlim] argv[2]:		--full-saturate-quant
[runlim] argv[3]:		--no-e-matching
[runlim] argv[4]:		/tmp/lrRX8tRR.smt2
[runlim] start:			Sat Feb  9 20:30:47 2019
[runlim] main pid:		12281
/tmp/lrRX8tRR.smt2:4.12: No set-logic command was given before this point.
/tmp/lrRX8tRR.smt2:4.12: CVC4 will make all theories available.
/tmp/lrRX8tRR.smt2:4.12: Consider setting a stricter logic for (likely) better performance.
/tmp/lrRX8tRR.smt2:4.12: To suppress this warning in the future use (set-logic ALL).
[runlim] sample:		9.5 time, 10.7 real, 44.4 MB
[runlim] sample:		19.5 time, 20.7 real, 54.2 MB
[runlim] sample:		29.5 time, 30.7 real, 55.5 MB
[runlim] sample:		39.5 time, 40.7 real, 58.1 MB
[runlim] sample:		49.5 time, 50.7 real, 60.4 MB
[runlim] sample:		59.5 time, 60.7 real, 62.2 MB
[runlim] sample:		69.5 time, 70.7 real, 74.1 MB
[runlim] sample:		79.5 time, 80.7 real, 74.1 MB
[runlim] sample:		89.5 time, 90.7 real, 74.1 MB
[runlim] sample:		99.5 time, 100.7 real, 74.1 MB
[runlim] sample:		109.5 time, 110.7 real, 74.1 MB
[runlim] sample:		119.5 time, 120.7 real, 74.1 MB
[runlim] sample:		129.4 time, 130.7 real, 74.1 MB
[runlim] sample:		139.4 time, 140.7 real, 74.1 MB
[runlim] sample:		149.4 time, 150.7 real, 74.1 MB
[runlim] sample:		159.4 time, 160.7 real, 74.1 MB
[runlim] sample:		169.4 time, 170.7 real, 74.1 MB
[runlim] sample:		179.4 time, 180.7 real, 74.1 MB
[runlim] sample:		189.4 time, 190.7 real, 74.1 MB
[runlim] sample:		199.4 time, 200.7 real, 74.1 MB
[runlim] sample:		209.4 time, 210.7 real, 74.1 MB
[runlim] sample:		219.4 time, 220.7 real, 74.1 MB
[runlim] sample:		229.4 time, 230.7 real, 74.1 MB
[runlim] sample:		239.4 time, 240.7 real, 74.1 MB
[runlim] sample:		249.4 time, 250.7 real, 74.1 MB
[runlim] sample:		259.4 time, 260.7 real, 74.1 MB
[runlim] sample:		269.4 time, 270.7 real, 74.1 MB
[runlim] sample:		279.4 time, 280.7 real, 74.1 MB
[runlim] sample:		289.4 time, 290.7 real, 74.1 MB
[runlim] sample:		299.4 time, 300.7 real, 74.1 MB
[runlim] sample:		309.4 time, 310.7 real, 74.1 MB
[runlim] sample:		319.4 time, 320.7 real, 74.1 MB
[runlim] sample:		329.4 time, 330.7 real, 74.1 MB
[runlim] sample:		339.4 time, 340.7 real, 74.1 MB
[runlim] sample:		349.4 time, 350.7 real, 74.1 MB
[runlim] sample:		359.4 time, 360.7 real, 74.1 MB
[runlim] sample:		369.4 time, 370.7 real, 74.1 MB
[runlim] sample:		379.4 time, 380.7 real, 74.1 MB
[runlim] sample:		389.4 time, 390.7 real, 74.1 MB
[runlim] sample:		399.4 time, 400.7 real, 74.1 MB
[runlim] sample:		409.4 time, 410.7 real, 74.1 MB
[runlim] sample:		419.4 time, 420.7 real, 74.1 MB
[runlim] sample:		429.4 time, 430.7 real, 74.1 MB
[runlim] sample:		439.4 time, 440.7 real, 74.1 MB
[runlim] sample:		449.4 time, 450.7 real, 74.1 MB
[runlim] sample:		459.4 time, 460.7 real, 74.1 MB
[runlim] sample:		469.4 time, 470.7 real, 74.1 MB
[runlim] sample:		479.4 time, 480.7 real, 74.1 MB
[runlim] sample:		489.4 time, 490.7 real, 74.1 MB
[runlim] sample:		499.4 time, 500.7 real, 74.1 MB
[runlim] sample:		509.4 time, 510.7 real, 74.1 MB
[runlim] sample:		519.4 time, 520.7 real, 74.1 MB
[runlim] sample:		529.4 time, 530.7 real, 74.1 MB
[runlim] sample:		539.4 time, 540.7 real, 74.1 MB
[runlim] sample:		549.4 time, 550.7 real, 74.1 MB
[runlim] sample:		559.4 time, 560.7 real, 74.1 MB
[runlim] sample:		569.4 time, 570.7 real, 74.1 MB
[runlim] sample:		579.4 time, 580.7 real, 74.1 MB
[runlim] sample:		589.4 time, 590.7 real, 74.1 MB
[runlim] sample:		599.4 time, 600.7 real, 74.1 MB
[runlim] sample:		609.4 time, 610.7 real, 74.1 MB
[runlim] sample:		619.4 time, 620.7 real, 74.1 MB
[runlim] sample:		629.4 time, 630.7 real, 74.3 MB
[runlim] sample:		639.4 time, 640.7 real, 74.3 MB
[runlim] sample:		649.4 time, 650.7 real, 74.3 MB
[runlim] sample:		659.4 time, 660.7 real, 74.6 MB
[runlim] sample:		669.4 time, 670.7 real, 74.6 MB
[runlim] sample:		679.4 time, 680.7 real, 74.6 MB
[runlim] sample:		689.4 time, 690.7 real, 74.8 MB
[runlim] sample:		699.4 time, 700.7 real, 74.8 MB
[runlim] sample:		709.4 time, 710.7 real, 75.1 MB
[runlim] sample:		719.4 time, 720.7 real, 75.1 MB
[runlim] sample:		729.3 time, 730.7 real, 75.3 MB
[runlim] sample:		739.3 time, 740.7 real, 75.3 MB
[runlim] sample:		749.3 time, 750.7 real, 75.3 MB
[runlim] sample:		759.3 time, 760.7 real, 75.6 MB
[runlim] sample:		767.7 time, 770.7 real, 75.6 MB
[runlim] sample:		776.4 time, 780.7 real, 75.9 MB
[runlim] sample:		786.4 time, 790.7 real, 75.9 MB
[runlim] sample:		796.3 time, 800.7 real, 75.9 MB
[runlim] sample:		805.9 time, 810.7 real, 76.1 MB
[runlim] sample:		814.6 time, 820.7 real, 76.1 MB
[runlim] sample:		823.9 time, 830.7 real, 76.1 MB
[runlim] sample:		832.5 time, 840.7 real, 76.4 MB
[runlim] sample:		842.5 time, 850.7 real, 76.4 MB
[runlim] sample:		852.5 time, 860.7 real, 76.6 MB
[runlim] sample:		862.2 time, 870.7 real, 76.6 MB
[runlim] sample:		871.3 time, 880.7 real, 77.2 MB
[runlim] sample:		880.7 time, 890.7 real, 77.2 MB
[runlim] sample:		889.9 time, 900.7 real, 77.2 MB
[runlim] sample:		899.0 time, 910.7 real, 77.4 MB
[runlim] sample:		908.3 time, 920.7 real, 77.4 MB
[runlim] sample:		917.7 time, 930.7 real, 77.4 MB
[runlim] sample:		927.0 time, 940.7 real, 77.7 MB
[runlim] sample:		936.3 time, 950.7 real, 77.7 MB
[runlim] sample:		945.6 time, 960.7 real, 77.9 MB
[runlim] sample:		954.0 time, 970.7 real, 77.9 MB
[runlim] sample:		963.2 time, 980.7 real, 77.9 MB
[runlim] sample:		972.5 time, 990.7 real, 78.2 MB
[runlim] sample:		981.9 time, 1000.7 real, 78.2 MB
[runlim] sample:		991.1 time, 1010.7 real, 78.2 MB
[runlim] sample:		999.7 time, 1020.7 real, 78.4 MB
[runlim] sample:		1008.9 time, 1030.7 real, 78.4 MB
[runlim] sample:		1018.5 time, 1040.7 real, 78.4 MB
[runlim] sample:		1028.2 time, 1050.7 real, 78.7 MB
[runlim] sample:		1037.9 time, 1060.7 real, 78.7 MB
[runlim] sample:		1047.2 time, 1070.7 real, 78.7 MB
[runlim] sample:		1055.6 time, 1080.7 real, 79.0 MB
[runlim] sample:		1064.9 time, 1090.7 real, 79.2 MB
[runlim] sample:		1074.3 time, 1100.7 real, 79.2 MB
[runlim] sample:		1084.0 time, 1110.7 real, 79.2 MB
[runlim] sample:		1094.0 time, 1120.7 real, 79.5 MB
[runlim] sample:		1103.4 time, 1130.7 real, 79.5 MB
[runlim] sample:		1112.0 time, 1140.7 real, 79.5 MB
[runlim] sample:		1120.8 time, 1150.7 real, 79.5 MB
[runlim] sample:		1129.1 time, 1160.7 real, 79.7 MB
[runlim] sample:		1137.9 time, 1170.7 real, 79.7 MB
[runlim] sample:		1147.2 time, 1180.7 real, 79.7 MB
[runlim] sample:		1156.5 time, 1190.7 real, 80.0 MB
[runlim] sample:		1166.4 time, 1200.7 real, 80.0 MB
[runlim] sample:		1176.4 time, 1210.7 real, 80.2 MB
[runlim] sample:		1186.4 time, 1220.7 real, 80.2 MB
[runlim] sample:		1196.4 time, 1230.7 real, 80.2 MB
[runlim] sample:		1204.7 time, 1240.7 real, 80.5 MB
[runlim] sample:		1214.3 time, 1250.7 real, 80.5 MB
[runlim] sample:		1224.1 time, 1260.7 real, 80.5 MB
[runlim] sample:		1234.1 time, 1270.7 real, 80.8 MB
[runlim] sample:		1244.1 time, 1280.7 real, 80.8 MB
[runlim] sample:		1254.1 time, 1290.7 real, 81.0 MB
[runlim] sample:		1264.0 time, 1300.7 real, 81.0 MB
[runlim] sample:		1274.0 time, 1310.7 real, 81.0 MB
[runlim] sample:		1284.0 time, 1320.7 real, 81.3 MB
[runlim] sample:		1294.0 time, 1330.7 real, 81.3 MB
[runlim] sample:		1304.0 time, 1340.7 real, 81.5 MB
[runlim] sample:		1313.9 time, 1350.7 real, 81.5 MB
[runlim] sample:		1323.3 time, 1360.7 real, 81.8 MB
[runlim] sample:		1331.6 time, 1370.7 real, 81.8 MB
[runlim] sample:		1341.3 time, 1380.7 real, 81.8 MB
[runlim] sample:		1351.3 time, 1390.7 real, 82.1 MB
[runlim] sample:		1361.3 time, 1400.7 real, 82.1 MB
[runlim] sample:		1370.5 time, 1410.7 real, 82.1 MB
[runlim] sample:		1379.0 time, 1420.7 real, 82.3 MB
[runlim] sample:		1387.7 time, 1430.7 real, 82.3 MB
[runlim] sample:		1396.2 time, 1440.7 real, 82.6 MB
[runlim] sample:		1404.9 time, 1450.7 real, 82.6 MB
[runlim] sample:		1414.5 time, 1460.7 real, 82.6 MB
[runlim] sample:		1424.5 time, 1470.7 real, 82.8 MB
[runlim] sample:		1434.5 time, 1480.7 real, 82.8 MB
[runlim] sample:		1444.3 time, 1490.7 real, 82.8 MB
[runlim] sample:		1454.1 time, 1500.7 real, 83.1 MB
[runlim] sample:		1463.1 time, 1510.7 real, 83.1 MB
[runlim] sample:		1472.0 time, 1520.7 real, 83.3 MB
[runlim] sample:		1480.5 time, 1530.7 real, 83.3 MB
[runlim] sample:		1489.9 time, 1540.7 real, 83.3 MB
[runlim] sample:		1498.4 time, 1550.7 real, 83.6 MB
[runlim] sample:		1507.5 time, 1560.7 real, 83.6 MB
[runlim] sample:		1516.9 time, 1570.7 real, 83.6 MB
[runlim] sample:		1525.3 time, 1580.7 real, 83.9 MB
[runlim] sample:		1535.0 time, 1590.7 real, 83.9 MB
[runlim] sample:		1545.0 time, 1600.7 real, 84.1 MB
[runlim] sample:		1555.0 time, 1610.7 real, 84.1 MB
[runlim] sample:		1565.0 time, 1620.7 real, 84.1 MB
[runlim] sample:		1574.9 time, 1630.7 real, 84.6 MB
[runlim] sample:		1583.4 time, 1640.7 real, 84.6 MB
[runlim] sample:		1593.2 time, 1650.7 real, 84.6 MB
[runlim] sample:		1603.2 time, 1660.7 real, 84.9 MB
[runlim] sample:		1613.2 time, 1670.7 real, 84.9 MB
[runlim] sample:		1623.2 time, 1680.7 real, 85.1 MB
[runlim] sample:		1633.2 time, 1690.7 real, 85.1 MB
[runlim] sample:		1643.2 time, 1700.7 real, 85.4 MB
[runlim] sample:		1653.2 time, 1710.7 real, 85.4 MB
[runlim] sample:		1663.2 time, 1720.7 real, 85.7 MB
[runlim] sample:		1673.2 time, 1730.7 real, 85.9 MB
[runlim] sample:		1683.2 time, 1740.7 real, 85.9 MB
[runlim] sample:		1693.2 time, 1750.7 real, 85.9 MB
[runlim] sample:		1703.2 time, 1760.7 real, 85.9 MB
[runlim] sample:		1713.2 time, 1770.7 real, 86.6 MB
[runlim] sample:		1722.8 time, 1780.7 real, 86.6 MB
[runlim] sample:		1732.2 time, 1790.7 real, 86.6 MB
[runlim] sample:		1741.8 time, 1800.7 real, 86.9 MB
[runlim] sample:		1750.2 time, 1810.7 real, 86.9 MB
[runlim] sample:		1759.4 time, 1820.7 real, 87.2 MB
[runlim] sample:		1769.4 time, 1830.7 real, 87.2 MB
[runlim] sample:		1779.4 time, 1840.7 real, 87.2 MB
[runlim] sample:		1789.4 time, 1850.7 real, 87.4 MB
[runlim] sample:		1799.2 time, 1860.7 real, 87.4 MB
CVC4 interrupted by SIGTERM.
[runlim] end:			Sat Feb  9 21:01:48 2019
[runlim] status:		out of time
[runlim] result:		2
[runlim] children:		0
[runlim] real:			1861.65 seconds
[runlim] time:			1800.08 seconds
[runlim] space:			87.4 MB
[runlim] samples:		18609
