[runlim] version:		1.10fixed
[runlim] time limit:		300 seconds
[runlim] real time limit:	311040000 seconds
[runlim] space limit:		4000 MB
[runlim] argv[0]:		./cvc4
[runlim] argv[1]:		--nl-ext-tplanes
[runlim] argv[2]:		--full-saturate-quant
[runlim] argv[3]:		--no-e-matching
[runlim] argv[4]:		/tmp/P0w0PdEi.smt2
[runlim] start:			Mon Jan 28 16:15:04 2019
[runlim] main pid:		8856
/tmp/P0w0PdEi.smt2:4.12: No set-logic command was given before this point.
/tmp/P0w0PdEi.smt2:4.12: CVC4 will make all theories available.
/tmp/P0w0PdEi.smt2:4.12: Consider setting a stricter logic for (likely) better performance.
/tmp/P0w0PdEi.smt2:4.12: To suppress this warning in the future use (set-logic ALL).
[runlim] sample:		8.1 time, 10.6 real, 43.6 MB
[runlim] sample:		17.6 time, 20.6 real, 53.1 MB
[runlim] sample:		27.1 time, 30.6 real, 63.5 MB
[runlim] sample:		35.7 time, 40.6 real, 66.1 MB
[runlim] sample:		45.3 time, 50.6 real, 72.8 MB
[runlim] sample:		54.9 time, 60.6 real, 76.6 MB
[runlim] sample:		64.5 time, 70.6 real, 80.4 MB
[runlim] sample:		74.3 time, 80.6 real, 84.2 MB
[runlim] sample:		84.3 time, 90.6 real, 86.2 MB
[runlim] sample:		93.0 time, 100.6 real, 87.8 MB
[runlim] sample:		101.7 time, 110.6 real, 92.3 MB
[runlim] sample:		111.0 time, 120.6 real, 94.6 MB
[runlim] sample:		120.2 time, 130.6 real, 98.5 MB
[runlim] sample:		129.9 time, 140.6 real, 99.3 MB
[runlim] sample:		139.7 time, 150.6 real, 101.8 MB
[runlim] sample:		149.6 time, 160.6 real, 105.1 MB
[runlim] sample:		159.5 time, 170.6 real, 105.6 MB
[runlim] sample:		169.5 time, 180.6 real, 105.9 MB
[runlim] sample:		179.4 time, 190.6 real, 106.9 MB
[runlim] sample:		189.4 time, 200.6 real, 108.4 MB
[runlim] sample:		199.4 time, 210.6 real, 109.4 MB
[runlim] sample:		209.4 time, 220.6 real, 110.5 MB
[runlim] sample:		219.4 time, 230.6 real, 111.2 MB
[runlim] sample:		229.4 time, 240.6 real, 121.3 MB
[runlim] sample:		239.4 time, 250.6 real, 122.0 MB
[runlim] sample:		249.4 time, 260.6 real, 122.3 MB
[runlim] sample:		259.4 time, 270.6 real, 122.6 MB
[runlim] sample:		269.4 time, 280.6 real, 124.4 MB
[runlim] sample:		279.4 time, 290.6 real, 126.2 MB
[runlim] sample:		289.4 time, 300.6 real, 130.0 MB
[runlim] sample:		299.4 time, 310.6 real, 132.1 MB
CVC4 interrupted by SIGTERM.
[runlim] end:			Mon Jan 28 16:20:15 2019
[runlim] status:		out of time
[runlim] result:		2
[runlim] children:		0
[runlim] real:			311.23 seconds
[runlim] time:			300.03 seconds
[runlim] space:			132.1 MB
[runlim] samples:		3106
