[runlim] version:		1.10fixed
[runlim] time limit:		1800 seconds
[runlim] real time limit:	311040000 seconds
[runlim] space limit:		4000 MB
[runlim] argv[0]:		./cvc4
[runlim] argv[1]:		--nl-ext-tplanes
[runlim] argv[2]:		--full-saturate-quant
[runlim] argv[3]:		--no-e-matching
[runlim] argv[4]:		/tmp/KxCpo9Hc.smt2
[runlim] start:			Fri Feb  8 22:11:25 2019
[runlim] main pid:		7206
/tmp/KxCpo9Hc.smt2:4.12: No set-logic command was given before this point.
/tmp/KxCpo9Hc.smt2:4.12: CVC4 will make all theories available.
/tmp/KxCpo9Hc.smt2:4.12: Consider setting a stricter logic for (likely) better performance.
/tmp/KxCpo9Hc.smt2:4.12: To suppress this warning in the future use (set-logic ALL).
[runlim] sample:		9.3 time, 10.9 real, 55.5 MB
[runlim] sample:		19.3 time, 20.9 real, 67.2 MB
[runlim] sample:		29.4 time, 30.9 real, 76.1 MB
[runlim] sample:		39.3 time, 40.9 real, 83.7 MB
[runlim] sample:		49.3 time, 50.9 real, 89.6 MB
[runlim] sample:		59.3 time, 60.9 real, 95.5 MB
[runlim] sample:		69.3 time, 70.9 real, 100.2 MB
[runlim] sample:		79.3 time, 80.9 real, 104.3 MB
[runlim] sample:		89.1 time, 90.9 real, 108.4 MB
[runlim] sample:		99.1 time, 100.9 real, 112.8 MB
[runlim] sample:		109.1 time, 110.9 real, 116.5 MB
[runlim] sample:		119.1 time, 120.9 real, 120.1 MB
[runlim] sample:		128.8 time, 130.9 real, 123.8 MB
[runlim] sample:		138.8 time, 140.9 real, 126.4 MB
[runlim] sample:		148.8 time, 150.9 real, 129.0 MB
[runlim] sample:		158.8 time, 160.9 real, 131.5 MB
[runlim] sample:		168.8 time, 170.9 real, 134.6 MB
[runlim] sample:		178.8 time, 180.9 real, 138.0 MB
[runlim] sample:		188.7 time, 190.9 real, 140.6 MB
[runlim] sample:		197.2 time, 200.9 real, 143.7 MB
[runlim] sample:		205.3 time, 210.9 real, 144.7 MB
[runlim] sample:		213.4 time, 220.9 real, 146.0 MB
[runlim] sample:		221.4 time, 230.9 real, 147.5 MB
[runlim] sample:		229.5 time, 240.9 real, 150.9 MB
[runlim] sample:		238.8 time, 250.9 real, 152.7 MB
[runlim] sample:		248.8 time, 260.9 real, 154.5 MB
[runlim] sample:		258.0 time, 270.9 real, 156.3 MB
[runlim] sample:		266.1 time, 280.9 real, 161.3 MB
[runlim] sample:		274.8 time, 290.9 real, 162.6 MB
[runlim] sample:		284.8 time, 300.9 real, 164.4 MB
[runlim] sample:		294.8 time, 310.9 real, 167.0 MB
[runlim] sample:		304.8 time, 320.9 real, 168.5 MB
[runlim] sample:		314.8 time, 330.9 real, 173.0 MB
[runlim] sample:		324.8 time, 340.9 real, 173.5 MB
[runlim] sample:		334.8 time, 350.9 real, 175.6 MB
[runlim] sample:		344.7 time, 360.9 real, 177.1 MB
[runlim] sample:		354.7 time, 370.9 real, 178.7 MB
[runlim] sample:		364.7 time, 380.9 real, 180.5 MB
[runlim] sample:		374.7 time, 390.9 real, 182.8 MB
[runlim] sample:		384.7 time, 400.9 real, 184.6 MB
[runlim] sample:		394.7 time, 410.9 real, 185.9 MB
[runlim] sample:		404.7 time, 420.9 real, 187.4 MB
[runlim] sample:		414.4 time, 430.9 real, 188.7 MB
[runlim] sample:		423.4 time, 440.9 real, 190.0 MB
[runlim] sample:		433.4 time, 450.9 real, 192.5 MB
[runlim] sample:		443.4 time, 460.9 real, 193.6 MB
[runlim] sample:		452.8 time, 470.9 real, 194.9 MB
[runlim] sample:		462.1 time, 480.9 real, 196.4 MB
[runlim] sample:		471.8 time, 490.9 real, 197.7 MB
[runlim] sample:		481.8 time, 500.9 real, 199.0 MB
[runlim] sample:		491.5 time, 510.9 real, 200.0 MB
[runlim] sample:		501.5 time, 520.9 real, 200.8 MB
[runlim] sample:		511.5 time, 530.9 real, 202.3 MB
[runlim] sample:		521.5 time, 540.9 real, 203.6 MB
[runlim] sample:		531.5 time, 550.9 real, 205.1 MB
[runlim] sample:		541.5 time, 560.9 real, 206.4 MB
[runlim] sample:		551.5 time, 570.9 real, 207.7 MB
[runlim] sample:		561.5 time, 580.9 real, 209.0 MB
[runlim] sample:		571.5 time, 590.9 real, 210.5 MB
[runlim] sample:		581.5 time, 600.9 real, 211.6 MB
[runlim] sample:		591.3 time, 610.9 real, 214.6 MB
[runlim] sample:		601.1 time, 620.9 real, 216.4 MB
[runlim] sample:		611.1 time, 630.9 real, 216.6 MB
[runlim] sample:		621.1 time, 640.9 real, 219.0 MB
[runlim] sample:		631.1 time, 650.9 real, 222.2 MB
[runlim] sample:		641.1 time, 660.9 real, 222.5 MB
[runlim] sample:		651.1 time, 670.9 real, 222.5 MB
[runlim] sample:		661.1 time, 680.9 real, 223.3 MB
[runlim] sample:		671.1 time, 690.9 real, 224.3 MB
[runlim] sample:		681.1 time, 700.9 real, 225.3 MB
[runlim] sample:		691.0 time, 710.9 real, 226.6 MB
[runlim] sample:		700.0 time, 720.9 real, 227.6 MB
[runlim] sample:		708.9 time, 730.9 real, 227.9 MB
[runlim] sample:		718.9 time, 740.9 real, 230.7 MB
[runlim] sample:		728.9 time, 750.9 real, 230.7 MB
[runlim] sample:		738.5 time, 760.9 real, 232.0 MB
[runlim] sample:		748.2 time, 770.9 real, 232.2 MB
[runlim] sample:		758.2 time, 780.9 real, 233.5 MB
[runlim] sample:		767.9 time, 790.9 real, 233.5 MB
[runlim] sample:		777.0 time, 800.9 real, 235.1 MB
[runlim] sample:		786.3 time, 810.9 real, 236.4 MB
[runlim] sample:		795.6 time, 820.9 real, 236.6 MB
[runlim] sample:		805.1 time, 830.9 real, 237.9 MB
[runlim] sample:		815.1 time, 840.9 real, 238.4 MB
[runlim] sample:		825.1 time, 850.9 real, 239.7 MB
[runlim] sample:		835.1 time, 860.9 real, 240.5 MB
[runlim] sample:		845.1 time, 870.9 real, 241.3 MB
[runlim] sample:		855.1 time, 880.9 real, 242.5 MB
[runlim] sample:		864.4 time, 890.9 real, 242.8 MB
[runlim] sample:		874.0 time, 900.9 real, 244.1 MB
[runlim] sample:		883.4 time, 910.9 real, 245.6 MB
[runlim] sample:		892.5 time, 920.9 real, 246.1 MB
[runlim] sample:		901.2 time, 930.9 real, 246.9 MB
[runlim] sample:		910.0 time, 940.9 real, 247.2 MB
[runlim] sample:		918.6 time, 950.9 real, 248.2 MB
[runlim] sample:		927.9 time, 960.9 real, 248.7 MB
[runlim] sample:		937.5 time, 970.9 real, 250.0 MB
[runlim] sample:		947.5 time, 980.9 real, 251.0 MB
[runlim] sample:		956.1 time, 990.9 real, 251.3 MB
[runlim] sample:		964.7 time, 1000.9 real, 252.8 MB
[runlim] sample:		972.9 time, 1010.9 real, 253.1 MB
[runlim] sample:		981.0 time, 1020.9 real, 253.8 MB
[runlim] sample:		989.2 time, 1030.9 real, 254.1 MB
[runlim] sample:		997.9 time, 1040.9 real, 255.4 MB
[runlim] sample:		1006.9 time, 1050.9 real, 255.6 MB
[runlim] sample:		1016.2 time, 1060.9 real, 256.4 MB
[runlim] sample:		1025.5 time, 1070.9 real, 256.7 MB
[runlim] sample:		1034.8 time, 1080.9 real, 258.5 MB
[runlim] sample:		1043.6 time, 1090.9 real, 260.3 MB
[runlim] sample:		1053.0 time, 1100.9 real, 262.0 MB
[runlim] sample:		1062.3 time, 1110.9 real, 262.3 MB
[runlim] sample:		1072.1 time, 1120.9 real, 262.8 MB
[runlim] sample:		1082.1 time, 1130.9 real, 267.8 MB
[runlim] sample:		1092.1 time, 1140.9 real, 268.0 MB
[runlim] sample:		1100.3 time, 1150.9 real, 269.3 MB
[runlim] sample:		1108.3 time, 1160.9 real, 269.6 MB
[runlim] sample:		1117.2 time, 1170.9 real, 270.1 MB
[runlim] sample:		1126.9 time, 1180.9 real, 270.6 MB
[runlim] sample:		1136.1 time, 1190.9 real, 271.9 MB
[runlim] sample:		1145.9 time, 1200.9 real, 273.4 MB
[runlim] sample:		1155.6 time, 1210.9 real, 273.7 MB
[runlim] sample:		1165.6 time, 1220.9 real, 274.7 MB
[runlim] sample:		1175.6 time, 1230.9 real, 275.2 MB
[runlim] sample:		1185.6 time, 1240.9 real, 277.6 MB
[runlim] sample:		1195.6 time, 1250.9 real, 277.6 MB
[runlim] sample:		1205.6 time, 1260.9 real, 278.1 MB
[runlim] sample:		1215.6 time, 1270.9 real, 279.3 MB
[runlim] sample:		1225.6 time, 1280.9 real, 281.9 MB
[runlim] sample:		1235.6 time, 1290.9 real, 282.2 MB
[runlim] sample:		1245.6 time, 1300.9 real, 282.2 MB
[runlim] sample:		1255.6 time, 1310.9 real, 283.2 MB
[runlim] sample:		1265.6 time, 1320.9 real, 283.4 MB
[runlim] sample:		1275.6 time, 1330.9 real, 284.5 MB
[runlim] sample:		1285.6 time, 1340.9 real, 284.7 MB
[runlim] sample:		1295.6 time, 1350.9 real, 286.8 MB
[runlim] sample:		1305.6 time, 1360.9 real, 286.8 MB
[runlim] sample:		1315.6 time, 1370.9 real, 288.1 MB
[runlim] sample:		1325.6 time, 1380.9 real, 289.1 MB
[runlim] sample:		1335.6 time, 1390.9 real, 289.6 MB
[runlim] sample:		1345.6 time, 1400.9 real, 290.9 MB
[runlim] sample:		1355.6 time, 1410.9 real, 291.4 MB
[runlim] sample:		1365.6 time, 1420.9 real, 291.9 MB
[runlim] sample:		1375.6 time, 1430.9 real, 292.4 MB
[runlim] sample:		1385.6 time, 1440.9 real, 293.5 MB
[runlim] sample:		1395.6 time, 1450.9 real, 294.2 MB
[runlim] sample:		1405.6 time, 1460.9 real, 295.3 MB
[runlim] sample:		1415.6 time, 1470.9 real, 295.8 MB
[runlim] sample:		1425.6 time, 1480.9 real, 296.8 MB
[runlim] sample:		1435.6 time, 1490.9 real, 297.6 MB
[runlim] sample:		1445.6 time, 1500.9 real, 298.1 MB
[runlim] sample:		1455.6 time, 1510.9 real, 298.6 MB
[runlim] sample:		1465.6 time, 1520.9 real, 299.6 MB
[runlim] sample:		1475.6 time, 1530.9 real, 300.2 MB
[runlim] sample:		1485.6 time, 1540.9 real, 300.4 MB
[runlim] sample:		1495.6 time, 1550.9 real, 301.2 MB
[runlim] sample:		1505.6 time, 1560.9 real, 303.5 MB
[runlim] sample:		1515.6 time, 1570.9 real, 303.5 MB
[runlim] sample:		1525.6 time, 1580.9 real, 304.8 MB
[runlim] sample:		1535.6 time, 1590.9 real, 308.6 MB
[runlim] sample:		1545.6 time, 1600.9 real, 308.9 MB
[runlim] sample:		1555.6 time, 1610.9 real, 309.2 MB
[runlim] sample:		1565.6 time, 1620.9 real, 309.2 MB
[runlim] sample:		1575.6 time, 1630.9 real, 309.9 MB
[runlim] sample:		1585.6 time, 1640.9 real, 311.5 MB
[runlim] sample:		1595.6 time, 1650.9 real, 312.2 MB
[runlim] sample:		1605.6 time, 1660.9 real, 313.0 MB
[runlim] sample:		1615.6 time, 1670.9 real, 313.3 MB
[runlim] sample:		1625.6 time, 1680.9 real, 314.0 MB
[runlim] sample:		1635.6 time, 1690.9 real, 314.6 MB
[runlim] sample:		1645.6 time, 1700.9 real, 315.3 MB
[runlim] sample:		1655.6 time, 1710.9 real, 315.6 MB
[runlim] sample:		1665.6 time, 1720.9 real, 316.6 MB
[runlim] sample:		1675.6 time, 1730.9 real, 317.1 MB
[runlim] sample:		1685.6 time, 1740.9 real, 318.1 MB
[runlim] sample:		1695.6 time, 1750.9 real, 318.7 MB
[runlim] sample:		1705.5 time, 1760.9 real, 319.7 MB
[runlim] sample:		1715.6 time, 1770.9 real, 320.5 MB
[runlim] sample:		1725.6 time, 1780.9 real, 321.2 MB
[runlim] sample:		1735.5 time, 1790.9 real, 321.7 MB
[runlim] sample:		1745.5 time, 1800.9 real, 322.3 MB
[runlim] sample:		1755.5 time, 1810.9 real, 323.8 MB
[runlim] sample:		1765.5 time, 1820.9 real, 323.8 MB
[runlim] sample:		1775.5 time, 1830.9 real, 324.8 MB
[runlim] sample:		1785.5 time, 1840.9 real, 325.3 MB
[runlim] sample:		1795.5 time, 1850.9 real, 326.1 MB
[runlim] end:			Fri Feb  8 22:42:20 2019
[runlim] status:		signal(9)
[runlim] result:		11
[runlim] children:		0
[runlim] real:			1855.23 seconds
[runlim] time:			1799.84 seconds
[runlim] space:			326.4 MB
[runlim] samples:		18543
