[runlim] version:		1.10fixed
[runlim] time limit:		1800 seconds
[runlim] real time limit:	311040000 seconds
[runlim] space limit:		4000 MB
[runlim] argv[0]:		./cvc4
[runlim] argv[1]:		--nl-ext-tplanes
[runlim] argv[2]:		--full-saturate-quant
[runlim] argv[3]:		--no-e-matching
[runlim] argv[4]:		/tmp/MGmGk8RL.smt2
[runlim] start:			Sat Feb  9 20:48:23 2019
[runlim] main pid:		12272
/tmp/MGmGk8RL.smt2:4.12: No set-logic command was given before this point.
/tmp/MGmGk8RL.smt2:4.12: CVC4 will make all theories available.
/tmp/MGmGk8RL.smt2:4.12: Consider setting a stricter logic for (likely) better performance.
/tmp/MGmGk8RL.smt2:4.12: To suppress this warning in the future use (set-logic ALL).
[runlim] sample:		9.2 time, 10.2 real, 46.9 MB
[runlim] sample:		19.2 time, 20.2 real, 55.7 MB
[runlim] sample:		29.2 time, 30.2 real, 61.4 MB
[runlim] sample:		39.1 time, 40.2 real, 65.6 MB
[runlim] sample:		49.1 time, 50.2 real, 68.9 MB
[runlim] sample:		59.1 time, 60.2 real, 72.7 MB
[runlim] sample:		69.1 time, 70.2 real, 76.4 MB
[runlim] sample:		79.1 time, 80.2 real, 79.1 MB
[runlim] sample:		88.2 time, 90.2 real, 81.7 MB
[runlim] sample:		97.3 time, 100.2 real, 84.9 MB
[runlim] sample:		106.4 time, 110.2 real, 86.7 MB
[runlim] sample:		115.9 time, 120.2 real, 88.7 MB
[runlim] sample:		125.9 time, 130.2 real, 90.8 MB
[runlim] sample:		135.9 time, 140.2 real, 92.3 MB
[runlim] sample:		145.9 time, 150.2 real, 94.7 MB
[runlim] sample:		155.9 time, 160.2 real, 95.4 MB
[runlim] sample:		165.9 time, 170.2 real, 98.0 MB
[runlim] sample:		175.8 time, 180.2 real, 99.5 MB
[runlim] sample:		184.9 time, 190.2 real, 101.4 MB
[runlim] sample:		194.2 time, 200.2 real, 102.7 MB
[runlim] sample:		203.0 time, 210.2 real, 103.2 MB
[runlim] sample:		212.3 time, 220.2 real, 105.3 MB
[runlim] sample:		221.9 time, 230.2 real, 106.0 MB
[runlim] sample:		231.9 time, 240.2 real, 107.8 MB
[runlim] sample:		240.8 time, 250.2 real, 108.6 MB
[runlim] sample:		250.0 time, 260.2 real, 109.4 MB
[runlim] sample:		260.0 time, 270.2 real, 111.2 MB
[runlim] sample:		270.0 time, 280.2 real, 111.7 MB
[runlim] sample:		280.0 time, 290.2 real, 112.5 MB
[runlim] sample:		290.0 time, 300.2 real, 114.5 MB
[runlim] sample:		300.0 time, 310.2 real, 116.7 MB
[runlim] sample:		310.0 time, 320.2 real, 116.7 MB
[runlim] sample:		319.9 time, 330.2 real, 118.5 MB
[runlim] sample:		329.9 time, 340.2 real, 118.8 MB
[runlim] sample:		339.7 time, 350.2 real, 119.9 MB
[runlim] sample:		349.2 time, 360.2 real, 121.9 MB
[runlim] sample:		359.1 time, 370.2 real, 122.2 MB
[runlim] sample:		369.1 time, 380.2 real, 122.9 MB
[runlim] sample:		378.8 time, 390.2 real, 125.0 MB
[runlim] sample:		388.8 time, 400.2 real, 125.7 MB
[runlim] sample:		397.9 time, 410.2 real, 126.0 MB
[runlim] sample:		406.8 time, 420.2 real, 126.2 MB
[runlim] sample:		415.0 time, 430.2 real, 127.8 MB
[runlim] sample:		424.0 time, 440.2 real, 128.3 MB
[runlim] sample:		433.5 time, 450.2 real, 128.8 MB
[runlim] sample:		443.5 time, 460.2 real, 129.3 MB
[runlim] sample:		452.4 time, 470.2 real, 132.6 MB
[runlim] sample:		461.1 time, 480.2 real, 132.6 MB
[runlim] sample:		470.1 time, 490.2 real, 132.9 MB
[runlim] sample:		479.2 time, 500.2 real, 133.4 MB
[runlim] sample:		488.4 time, 510.2 real, 136.1 MB
[runlim] sample:		498.3 time, 520.2 real, 136.4 MB
[runlim] sample:		508.4 time, 530.2 real, 136.6 MB
[runlim] sample:		517.6 time, 540.2 real, 136.9 MB
[runlim] sample:		525.3 time, 550.2 real, 137.7 MB
[runlim] sample:		534.9 time, 560.2 real, 138.9 MB
[runlim] sample:		544.9 time, 570.2 real, 138.9 MB
[runlim] sample:		554.5 time, 580.2 real, 139.5 MB
[runlim] sample:		564.3 time, 590.2 real, 140.0 MB
[runlim] sample:		574.3 time, 600.2 real, 141.0 MB
[runlim] sample:		583.1 time, 610.2 real, 142.8 MB
[runlim] sample:		592.7 time, 620.2 real, 143.1 MB
[runlim] sample:		601.5 time, 630.2 real, 143.1 MB
[runlim] sample:		611.2 time, 640.2 real, 143.3 MB
[runlim] sample:		621.2 time, 650.2 real, 144.6 MB
[runlim] sample:		631.2 time, 660.2 real, 145.9 MB
[runlim] sample:		641.2 time, 670.2 real, 145.9 MB
[runlim] sample:		650.9 time, 680.2 real, 146.2 MB
[runlim] sample:		658.7 time, 690.2 real, 146.9 MB
[runlim] sample:		668.3 time, 700.2 real, 148.0 MB
[runlim] sample:		677.9 time, 710.2 real, 151.0 MB
[runlim] sample:		687.9 time, 720.2 real, 151.0 MB
[runlim] sample:		697.8 time, 730.2 real, 151.3 MB
[runlim] sample:		707.5 time, 740.2 real, 151.3 MB
[runlim] sample:		717.2 time, 750.2 real, 152.0 MB
[runlim] sample:		727.0 time, 760.2 real, 152.0 MB
[runlim] sample:		737.0 time, 770.2 real, 152.3 MB
[runlim] sample:		747.0 time, 780.2 real, 153.3 MB
[runlim] sample:		756.9 time, 790.2 real, 154.1 MB
[runlim] sample:		766.9 time, 800.2 real, 154.6 MB
[runlim] sample:		776.9 time, 810.2 real, 154.9 MB
[runlim] sample:		786.9 time, 820.2 real, 155.4 MB
[runlim] sample:		796.9 time, 830.2 real, 155.9 MB
[runlim] sample:		806.9 time, 840.2 real, 156.2 MB
[runlim] sample:		816.0 time, 850.2 real, 156.9 MB
[runlim] sample:		825.1 time, 860.2 real, 159.8 MB
[runlim] sample:		834.1 time, 870.2 real, 159.8 MB
[runlim] sample:		843.1 time, 880.2 real, 159.8 MB
[runlim] sample:		852.1 time, 890.2 real, 160.0 MB
[runlim] sample:		861.1 time, 900.2 real, 160.0 MB
[runlim] sample:		870.2 time, 910.2 real, 161.6 MB
[runlim] sample:		879.3 time, 920.2 real, 162.6 MB
[runlim] sample:		888.7 time, 930.2 real, 162.9 MB
[runlim] sample:		898.7 time, 940.2 real, 162.9 MB
[runlim] sample:		908.7 time, 950.2 real, 163.1 MB
[runlim] sample:		918.7 time, 960.2 real, 163.4 MB
[runlim] sample:		928.5 time, 970.2 real, 164.7 MB
[runlim] sample:		938.1 time, 980.2 real, 166.2 MB
[runlim] sample:		947.8 time, 990.2 real, 166.5 MB
[runlim] sample:		957.5 time, 1000.2 real, 166.5 MB
[runlim] sample:		967.5 time, 1010.2 real, 167.0 MB
[runlim] sample:		977.4 time, 1020.2 real, 167.8 MB
[runlim] sample:		987.1 time, 1030.2 real, 168.0 MB
[runlim] sample:		996.7 time, 1040.2 real, 169.6 MB
[runlim] sample:		1006.4 time, 1050.2 real, 169.8 MB
[runlim] sample:		1016.1 time, 1060.2 real, 169.8 MB
[runlim] sample:		1025.8 time, 1070.2 real, 169.8 MB
[runlim] sample:		1035.5 time, 1080.2 real, 170.1 MB
[runlim] sample:		1045.2 time, 1090.2 real, 171.4 MB
[runlim] sample:		1055.1 time, 1100.2 real, 172.4 MB
[runlim] sample:		1065.1 time, 1110.2 real, 172.6 MB
[runlim] sample:		1075.1 time, 1120.2 real, 172.6 MB
[runlim] sample:		1085.1 time, 1130.2 real, 173.7 MB
[runlim] sample:		1094.8 time, 1140.2 real, 173.7 MB
[runlim] sample:		1104.7 time, 1150.2 real, 173.7 MB
[runlim] sample:		1114.7 time, 1160.2 real, 175.0 MB
[runlim] sample:		1124.8 time, 1170.2 real, 178.8 MB
[runlim] sample:		1133.8 time, 1180.2 real, 178.8 MB
[runlim] sample:		1143.6 time, 1190.2 real, 178.8 MB
[runlim] sample:		1152.8 time, 1200.2 real, 179.0 MB
[runlim] sample:		1161.1 time, 1210.2 real, 179.0 MB
[runlim] sample:		1170.2 time, 1220.2 real, 179.3 MB
[runlim] sample:		1179.8 time, 1230.2 real, 181.1 MB
[runlim] sample:		1188.0 time, 1240.2 real, 182.1 MB
[runlim] sample:		1195.8 time, 1250.2 real, 182.9 MB
[runlim] sample:		1203.6 time, 1260.2 real, 182.9 MB
[runlim] sample:		1213.0 time, 1270.2 real, 182.9 MB
[runlim] sample:		1223.0 time, 1280.2 real, 183.1 MB
[runlim] sample:		1231.8 time, 1290.2 real, 183.1 MB
[runlim] sample:		1240.0 time, 1300.2 real, 183.1 MB
[runlim] sample:		1249.3 time, 1310.2 real, 184.7 MB
[runlim] sample:		1258.9 time, 1320.2 real, 186.2 MB
[runlim] sample:		1268.1 time, 1330.2 real, 186.3 MB
[runlim] sample:		1277.4 time, 1340.2 real, 186.8 MB
[runlim] sample:		1286.1 time, 1350.2 real, 186.8 MB
[runlim] sample:		1295.7 time, 1360.2 real, 187.1 MB
[runlim] sample:		1305.1 time, 1370.2 real, 187.3 MB
[runlim] sample:		1313.9 time, 1380.2 real, 187.6 MB
[runlim] sample:		1323.0 time, 1390.2 real, 188.9 MB
[runlim] sample:		1331.8 time, 1400.2 real, 189.7 MB
[runlim] sample:		1341.2 time, 1410.2 real, 190.2 MB
[runlim] sample:		1351.2 time, 1420.2 real, 190.2 MB
[runlim] sample:		1361.2 time, 1430.2 real, 190.4 MB
[runlim] sample:		1371.2 time, 1440.2 real, 190.7 MB
[runlim] sample:		1381.2 time, 1450.2 real, 190.7 MB
[runlim] sample:		1391.2 time, 1460.2 real, 190.7 MB
[runlim] sample:		1401.2 time, 1470.2 real, 191.7 MB
[runlim] sample:		1411.2 time, 1480.2 real, 192.8 MB
[runlim] sample:		1421.2 time, 1490.2 real, 193.3 MB
[runlim] sample:		1431.2 time, 1500.2 real, 193.3 MB
[runlim] sample:		1441.2 time, 1510.2 real, 193.3 MB
[runlim] sample:		1451.1 time, 1520.2 real, 193.5 MB
[runlim] sample:		1461.2 time, 1530.2 real, 193.5 MB
[runlim] sample:		1471.2 time, 1540.2 real, 193.8 MB
[runlim] sample:		1481.1 time, 1550.2 real, 194.8 MB
[runlim] sample:		1491.1 time, 1560.2 real, 196.6 MB
[runlim] sample:		1501.1 time, 1570.2 real, 196.9 MB
[runlim] sample:		1511.1 time, 1580.2 real, 196.9 MB
[runlim] sample:		1521.1 time, 1590.2 real, 197.1 MB
[runlim] sample:		1531.1 time, 1600.2 real, 197.1 MB
[runlim] sample:		1541.1 time, 1610.2 real, 197.1 MB
[runlim] sample:		1551.1 time, 1620.2 real, 197.1 MB
[runlim] sample:		1561.1 time, 1630.2 real, 198.4 MB
[runlim] sample:		1571.1 time, 1640.2 real, 199.5 MB
[runlim] sample:		1581.1 time, 1650.2 real, 199.5 MB
[runlim] sample:		1591.1 time, 1660.2 real, 199.7 MB
[runlim] sample:		1601.1 time, 1670.2 real, 199.7 MB
[runlim] sample:		1611.1 time, 1680.2 real, 199.7 MB
[runlim] sample:		1621.1 time, 1690.2 real, 199.7 MB
[runlim] sample:		1631.1 time, 1700.2 real, 199.7 MB
[runlim] sample:		1641.1 time, 1710.2 real, 200.2 MB
[runlim] sample:		1651.1 time, 1720.2 real, 201.0 MB
[runlim] sample:		1661.1 time, 1730.2 real, 202.8 MB
[runlim] sample:		1671.1 time, 1740.2 real, 202.8 MB
[runlim] sample:		1681.1 time, 1750.2 real, 203.1 MB
[runlim] sample:		1691.1 time, 1760.2 real, 203.1 MB
[runlim] sample:		1701.1 time, 1770.2 real, 203.1 MB
[runlim] sample:		1711.1 time, 1780.2 real, 203.1 MB
[runlim] sample:		1721.1 time, 1790.2 real, 203.3 MB
[runlim] sample:		1731.1 time, 1800.2 real, 203.3 MB
[runlim] sample:		1741.1 time, 1810.2 real, 204.6 MB
[runlim] sample:		1751.1 time, 1820.2 real, 205.9 MB
[runlim] sample:		1761.1 time, 1830.2 real, 205.9 MB
[runlim] sample:		1771.1 time, 1840.2 real, 206.2 MB
[runlim] sample:		1781.1 time, 1850.2 real, 206.2 MB
[runlim] sample:		1791.1 time, 1860.2 real, 206.2 MB
CVC4 interrupted by SIGTERM.
[runlim] end:			Sat Feb  9 21:19:32 2019
[runlim] status:		out of time
[runlim] result:		2
[runlim] children:		0
[runlim] real:			1869.23 seconds
[runlim] time:			1800.08 seconds
[runlim] space:			206.2 MB
[runlim] samples:		18690
