[runlim] version:		1.10fixed
[runlim] time limit:		1800 seconds
[runlim] real time limit:	311040000 seconds
[runlim] space limit:		4000 MB
[runlim] argv[0]:		./cvc4
[runlim] argv[1]:		--nl-ext-tplanes
[runlim] argv[2]:		--full-saturate-quant
[runlim] argv[3]:		--no-e-matching
[runlim] argv[4]:		/tmp/sJcWZZf5.smt2
[runlim] start:			Sat Feb  9 20:37:48 2019
[runlim] main pid:		27281
/tmp/sJcWZZf5.smt2:4.12: No set-logic command was given before this point.
/tmp/sJcWZZf5.smt2:4.12: CVC4 will make all theories available.
/tmp/sJcWZZf5.smt2:4.12: Consider setting a stricter logic for (likely) better performance.
/tmp/sJcWZZf5.smt2:4.12: To suppress this warning in the future use (set-logic ALL).
[runlim] sample:		8.5 time, 10.6 real, 38.5 MB
[runlim] end:			Sat Feb  9 20:38:00 2019
[runlim] status:		ok
[runlim] result:		0
[runlim] children:		0
[runlim] real:			12.38 seconds
[runlim] time:			10.19 seconds
[runlim] space:			39.4 MB
[runlim] samples:		118
