[runlim] version:		1.10fixed
[runlim] time limit:		1800 seconds
[runlim] real time limit:	311040000 seconds
[runlim] space limit:		4000 MB
[runlim] argv[0]:		./cvc4
[runlim] argv[1]:		--nl-ext-tplanes
[runlim] argv[2]:		--full-saturate-quant
[runlim] argv[3]:		--no-e-matching
[runlim] argv[4]:		/tmp/ZBSV0bey.smt2
[runlim] start:			Tue Feb 19 02:37:11 2019
[runlim] main pid:		29936
/tmp/ZBSV0bey.smt2:4.12: No set-logic command was given before this point.
/tmp/ZBSV0bey.smt2:4.12: CVC4 will make all theories available.
/tmp/ZBSV0bey.smt2:4.12: Consider setting a stricter logic for (likely) better performance.
/tmp/ZBSV0bey.smt2:4.12: To suppress this warning in the future use (set-logic ALL).
[runlim] sample:		8.8 time, 10.1 real, 40.6 MB
[runlim] sample:		18.2 time, 20.1 real, 48.5 MB
[runlim] sample:		27.1 time, 30.1 real, 53.9 MB
[runlim] sample:		37.1 time, 40.1 real, 58.7 MB
[runlim] sample:		47.1 time, 50.1 real, 61.8 MB
[runlim] sample:		56.1 time, 60.1 real, 65.1 MB
[runlim] sample:		65.2 time, 70.1 real, 68.5 MB
[runlim] sample:		74.2 time, 80.1 real, 72.4 MB
[runlim] sample:		83.5 time, 90.1 real, 75.0 MB
[runlim] sample:		91.9 time, 100.1 real, 77.3 MB
[runlim] sample:		100.7 time, 110.1 real, 79.6 MB
[runlim] sample:		109.8 time, 120.1 real, 81.7 MB
[runlim] sample:		119.1 time, 130.1 real, 82.9 MB
[runlim] sample:		128.2 time, 140.1 real, 84.5 MB
[runlim] sample:		137.8 time, 150.1 real, 86.8 MB
[runlim] sample:		146.7 time, 160.1 real, 88.6 MB
[runlim] sample:		156.3 time, 170.1 real, 90.2 MB
[runlim] sample:		165.9 time, 180.1 real, 91.4 MB
[runlim] sample:		175.9 time, 190.1 real, 92.5 MB
[runlim] sample:		185.5 time, 200.1 real, 94.8 MB
[runlim] sample:		194.9 time, 210.1 real, 96.1 MB
[runlim] sample:		204.9 time, 220.1 real, 97.1 MB
[runlim] sample:		214.9 time, 230.1 real, 98.4 MB
[runlim] sample:		224.9 time, 240.1 real, 99.7 MB
[runlim] sample:		234.9 time, 250.1 real, 100.5 MB
[runlim] sample:		244.7 time, 260.1 real, 102.3 MB
[runlim] sample:		254.1 time, 270.1 real, 103.1 MB
[runlim] sample:		263.4 time, 280.1 real, 104.1 MB
[runlim] sample:		272.8 time, 290.1 real, 104.6 MB
[runlim] sample:		282.6 time, 300.1 real, 105.4 MB
[runlim] sample:		292.0 time, 310.1 real, 106.4 MB
[runlim] sample:		301.4 time, 320.1 real, 107.2 MB
[runlim] sample:		310.4 time, 330.1 real, 108.2 MB
[runlim] sample:		320.1 time, 340.1 real, 109.2 MB
[runlim] sample:		329.8 time, 350.1 real, 109.8 MB
[runlim] sample:		339.3 time, 360.1 real, 110.5 MB
[runlim] sample:		348.6 time, 370.1 real, 111.6 MB
[runlim] sample:		357.9 time, 380.1 real, 114.1 MB
[runlim] sample:		367.3 time, 390.1 real, 114.6 MB
[runlim] sample:		376.5 time, 400.1 real, 115.6 MB
[runlim] sample:		386.5 time, 410.1 real, 116.1 MB
[runlim] sample:		396.5 time, 420.1 real, 117.2 MB
[runlim] sample:		406.2 time, 430.1 real, 117.7 MB
[runlim] sample:		415.9 time, 440.1 real, 119.7 MB
[runlim] sample:		425.0 time, 450.1 real, 119.7 MB
[runlim] sample:		434.7 time, 460.1 real, 120.2 MB
[runlim] sample:		444.4 time, 470.1 real, 120.7 MB
[runlim] sample:		454.0 time, 480.1 real, 121.5 MB
[runlim] sample:		463.7 time, 490.1 real, 122.3 MB
[runlim] sample:		473.1 time, 500.1 real, 123.3 MB
[runlim] sample:		482.4 time, 510.1 real, 123.6 MB
[runlim] sample:		491.4 time, 520.1 real, 123.6 MB
[runlim] sample:		501.0 time, 530.1 real, 124.3 MB
[runlim] sample:		510.4 time, 540.1 real, 124.9 MB
[runlim] sample:		520.2 time, 550.1 real, 125.4 MB
[runlim] sample:		529.8 time, 560.1 real, 126.1 MB
[runlim] sample:		539.5 time, 570.1 real, 127.6 MB
[runlim] sample:		549.5 time, 580.1 real, 128.3 MB
[runlim] sample:		559.5 time, 590.1 real, 128.3 MB
[runlim] sample:		569.5 time, 600.1 real, 128.9 MB
[runlim] sample:		579.5 time, 610.1 real, 129.9 MB
[runlim] sample:		589.5 time, 620.1 real, 130.9 MB
[runlim] sample:		599.5 time, 630.1 real, 132.0 MB
[runlim] sample:		609.3 time, 640.1 real, 132.0 MB
[runlim] sample:		619.3 time, 650.1 real, 132.5 MB
[runlim] sample:		629.3 time, 660.1 real, 133.2 MB
[runlim] sample:		639.3 time, 670.1 real, 133.8 MB
[runlim] sample:		649.3 time, 680.1 real, 134.5 MB
[runlim] sample:		658.6 time, 690.1 real, 136.9 MB
[runlim] sample:		668.6 time, 700.1 real, 136.9 MB
[runlim] sample:		678.6 time, 710.1 real, 138.9 MB
[runlim] sample:		688.6 time, 720.1 real, 138.9 MB
[runlim] sample:		698.6 time, 730.1 real, 138.9 MB
[runlim] sample:		707.4 time, 740.1 real, 139.9 MB
[runlim] sample:		715.1 time, 750.1 real, 140.2 MB
[runlim] sample:		723.0 time, 760.1 real, 140.2 MB
[runlim] sample:		732.1 time, 770.1 real, 140.7 MB
[runlim] sample:		740.9 time, 780.1 real, 141.0 MB
[runlim] sample:		750.5 time, 790.1 real, 142.0 MB
[runlim] sample:		760.2 time, 800.1 real, 142.5 MB
[runlim] sample:		770.0 time, 810.1 real, 142.8 MB
[runlim] sample:		780.0 time, 820.1 real, 143.6 MB
[runlim] sample:		790.0 time, 830.1 real, 143.6 MB
[runlim] sample:		800.0 time, 840.1 real, 144.1 MB
[runlim] sample:		809.2 time, 850.1 real, 144.1 MB
[runlim] sample:		818.9 time, 860.1 real, 145.1 MB
[runlim] sample:		827.2 time, 870.1 real, 145.6 MB
[runlim] sample:		837.2 time, 880.1 real, 145.9 MB
[runlim] sample:		847.2 time, 890.1 real, 147.2 MB
[runlim] sample:		857.2 time, 900.1 real, 147.4 MB
[runlim] sample:		867.2 time, 910.1 real, 147.7 MB
[runlim] sample:		877.2 time, 920.1 real, 148.2 MB
[runlim] sample:		887.2 time, 930.1 real, 148.4 MB
[runlim] sample:		897.2 time, 940.1 real, 148.7 MB
[runlim] sample:		907.1 time, 950.1 real, 149.0 MB
[runlim] sample:		916.8 time, 960.1 real, 150.0 MB
[runlim] sample:		926.8 time, 970.1 real, 150.0 MB
[runlim] sample:		936.8 time, 980.1 real, 151.0 MB
[runlim] sample:		946.8 time, 990.1 real, 151.0 MB
[runlim] sample:		956.8 time, 1000.1 real, 151.5 MB
[runlim] sample:		966.8 time, 1010.1 real, 152.3 MB
[runlim] sample:		976.8 time, 1020.1 real, 153.1 MB
[runlim] sample:		986.8 time, 1030.1 real, 153.3 MB
[runlim] sample:		996.8 time, 1040.1 real, 153.9 MB
[runlim] sample:		1006.5 time, 1050.1 real, 154.1 MB
[runlim] sample:		1016.5 time, 1060.1 real, 156.2 MB
[runlim] sample:		1026.5 time, 1070.1 real, 156.2 MB
[runlim] sample:		1036.5 time, 1080.1 real, 156.7 MB
[runlim] sample:		1046.5 time, 1090.1 real, 158.2 MB
[runlim] sample:		1056.5 time, 1100.1 real, 158.2 MB
[runlim] sample:		1066.5 time, 1110.1 real, 158.8 MB
[runlim] sample:		1076.5 time, 1120.1 real, 158.8 MB
[runlim] sample:		1086.5 time, 1130.1 real, 159.3 MB
[runlim] sample:		1096.5 time, 1140.1 real, 159.5 MB
[runlim] sample:		1106.5 time, 1150.1 real, 159.8 MB
[runlim] sample:		1116.5 time, 1160.1 real, 159.8 MB
[runlim] sample:		1126.3 time, 1170.1 real, 160.8 MB
[runlim] sample:		1136.3 time, 1180.1 real, 160.8 MB
[runlim] sample:		1146.3 time, 1190.1 real, 161.3 MB
[runlim] sample:		1156.3 time, 1200.1 real, 161.6 MB
[runlim] sample:		1166.3 time, 1210.1 real, 162.1 MB
[runlim] sample:		1176.2 time, 1220.1 real, 162.9 MB
[runlim] sample:		1186.2 time, 1230.1 real, 162.9 MB
[runlim] sample:		1196.2 time, 1240.1 real, 163.1 MB
[runlim] sample:		1206.1 time, 1250.1 real, 163.4 MB
[runlim] sample:		1216.1 time, 1260.1 real, 163.7 MB
[runlim] sample:		1226.1 time, 1270.1 real, 164.2 MB
[runlim] sample:		1236.1 time, 1280.1 real, 164.2 MB
[runlim] sample:		1246.1 time, 1290.1 real, 164.7 MB
[runlim] sample:		1256.1 time, 1300.1 real, 165.2 MB
[runlim] sample:		1266.0 time, 1310.1 real, 167.6 MB
[runlim] sample:		1276.0 time, 1320.1 real, 167.6 MB
[runlim] sample:		1286.0 time, 1330.1 real, 169.2 MB
[runlim] sample:		1296.0 time, 1340.1 real, 170.5 MB
[runlim] sample:		1306.0 time, 1350.1 real, 170.5 MB
[runlim] sample:		1316.0 time, 1360.1 real, 170.5 MB
[runlim] sample:		1326.0 time, 1370.1 real, 170.5 MB
[runlim] sample:		1336.0 time, 1380.1 real, 170.5 MB
[runlim] sample:		1346.0 time, 1390.1 real, 170.7 MB
[runlim] sample:		1356.0 time, 1400.1 real, 170.7 MB
[runlim] sample:		1366.0 time, 1410.1 real, 170.7 MB
[runlim] sample:		1376.0 time, 1420.1 real, 170.7 MB
[runlim] sample:		1386.0 time, 1430.1 real, 170.7 MB
[runlim] sample:		1396.0 time, 1440.1 real, 171.0 MB
[runlim] sample:		1406.0 time, 1450.1 real, 171.0 MB
[runlim] sample:		1416.0 time, 1460.1 real, 171.7 MB
[runlim] sample:		1426.0 time, 1470.1 real, 172.5 MB
[runlim] sample:		1436.0 time, 1480.1 real, 172.5 MB
[runlim] sample:		1446.0 time, 1490.1 real, 173.0 MB
[runlim] sample:		1456.0 time, 1500.1 real, 173.3 MB
[runlim] sample:		1466.0 time, 1510.1 real, 173.6 MB
[runlim] sample:		1476.0 time, 1520.1 real, 174.1 MB
[runlim] sample:		1486.0 time, 1530.1 real, 174.3 MB
[runlim] sample:		1495.9 time, 1540.1 real, 174.3 MB
[runlim] sample:		1505.9 time, 1550.1 real, 174.8 MB
[runlim] sample:		1515.9 time, 1560.1 real, 175.1 MB
[runlim] sample:		1525.9 time, 1570.1 real, 175.1 MB
[runlim] sample:		1535.9 time, 1580.1 real, 176.1 MB
[runlim] sample:		1545.9 time, 1590.1 real, 176.1 MB
[runlim] sample:		1555.9 time, 1600.1 real, 176.1 MB
[runlim] sample:		1565.9 time, 1610.1 real, 176.9 MB
[runlim] sample:		1575.9 time, 1620.1 real, 176.9 MB
[runlim] sample:		1585.9 time, 1630.1 real, 178.2 MB
[runlim] sample:		1595.9 time, 1640.1 real, 178.2 MB
[runlim] sample:		1605.9 time, 1650.1 real, 178.2 MB
[runlim] sample:		1615.9 time, 1660.1 real, 178.7 MB
[runlim] sample:		1625.9 time, 1670.1 real, 178.7 MB
[runlim] sample:		1635.9 time, 1680.1 real, 179.0 MB
[runlim] sample:		1645.9 time, 1690.1 real, 179.2 MB
[runlim] sample:		1655.9 time, 1700.1 real, 179.7 MB
[runlim] sample:		1665.8 time, 1710.1 real, 179.7 MB
[runlim] sample:		1675.8 time, 1720.1 real, 180.3 MB
[runlim] sample:		1685.8 time, 1730.1 real, 180.3 MB
[runlim] sample:		1695.8 time, 1740.1 real, 180.3 MB
[runlim] sample:		1705.8 time, 1750.1 real, 180.8 MB
[runlim] sample:		1715.8 time, 1760.1 real, 181.8 MB
[runlim] sample:		1725.8 time, 1770.1 real, 181.8 MB
[runlim] sample:		1735.8 time, 1780.1 real, 182.1 MB
[runlim] sample:		1745.8 time, 1790.1 real, 182.3 MB
[runlim] sample:		1755.8 time, 1800.1 real, 182.3 MB
[runlim] sample:		1765.8 time, 1810.1 real, 183.3 MB
[runlim] sample:		1775.8 time, 1820.1 real, 183.3 MB
[runlim] sample:		1785.8 time, 1830.1 real, 183.3 MB
[runlim] sample:		1795.8 time, 1840.1 real, 184.1 MB
CVC4 interrupted by SIGTERM.
[runlim] end:			Tue Feb 19 03:07:55 2019
[runlim] status:		out of time
[runlim] result:		2
[runlim] children:		0
[runlim] real:			1844.47 seconds
[runlim] time:			1800.08 seconds
[runlim] space:			184.1 MB
[runlim] samples:		18443
