[runlim] version:		1.10fixed
[runlim] time limit:		1800 seconds
[runlim] real time limit:	311040000 seconds
[runlim] space limit:		4000 MB
[runlim] argv[0]:		./cvc4
[runlim] argv[1]:		--nl-ext-tplanes
[runlim] argv[2]:		--full-saturate-quant
[runlim] argv[3]:		--no-e-matching
[runlim] argv[4]:		/tmp/USUTDK9V.smt2
[runlim] start:			Sat Feb  9 20:31:14 2019
[runlim] main pid:		932
/tmp/USUTDK9V.smt2:4.12: No set-logic command was given before this point.
/tmp/USUTDK9V.smt2:4.12: CVC4 will make all theories available.
/tmp/USUTDK9V.smt2:4.12: Consider setting a stricter logic for (likely) better performance.
/tmp/USUTDK9V.smt2:4.12: To suppress this warning in the future use (set-logic ALL).
[runlim] sample:		7.3 time, 10.4 real, 40.1 MB
[runlim] sample:		15.5 time, 20.4 real, 45.7 MB
[runlim] sample:		25.5 time, 30.4 real, 59.3 MB
[runlim] sample:		35.5 time, 40.4 real, 70.0 MB
[runlim] sample:		45.5 time, 50.4 real, 76.2 MB
[runlim] sample:		53.0 time, 60.4 real, 82.1 MB
[runlim] sample:		62.2 time, 70.4 real, 85.4 MB
[runlim] sample:		72.2 time, 80.4 real, 87.0 MB
[runlim] sample:		81.9 time, 90.4 real, 92.1 MB
[runlim] sample:		90.7 time, 100.4 real, 94.7 MB
[runlim] sample:		100.7 time, 110.4 real, 105.4 MB
[runlim] sample:		110.7 time, 120.4 real, 105.4 MB
[runlim] sample:		119.4 time, 130.4 real, 105.4 MB
[runlim] sample:		129.4 time, 140.4 real, 105.4 MB
[runlim] sample:		138.1 time, 150.4 real, 105.4 MB
[runlim] sample:		146.3 time, 160.4 real, 105.4 MB
[runlim] sample:		156.3 time, 170.4 real, 105.4 MB
[runlim] sample:		166.3 time, 180.4 real, 105.4 MB
[runlim] sample:		176.3 time, 190.4 real, 105.4 MB
[runlim] sample:		185.7 time, 200.4 real, 105.4 MB
[runlim] sample:		195.4 time, 210.4 real, 105.4 MB
[runlim] sample:		205.4 time, 220.4 real, 105.4 MB
[runlim] sample:		214.6 time, 230.4 real, 105.4 MB
[runlim] sample:		223.1 time, 240.4 real, 105.4 MB
[runlim] sample:		233.1 time, 250.4 real, 105.4 MB
[runlim] sample:		243.1 time, 260.4 real, 105.4 MB
[runlim] sample:		253.1 time, 270.4 real, 105.4 MB
[runlim] sample:		262.7 time, 280.4 real, 105.4 MB
[runlim] sample:		272.7 time, 290.4 real, 105.4 MB
[runlim] sample:		282.7 time, 300.4 real, 105.4 MB
[runlim] sample:		292.7 time, 310.4 real, 105.4 MB
[runlim] sample:		302.6 time, 320.4 real, 105.4 MB
[runlim] sample:		312.7 time, 330.4 real, 105.4 MB
[runlim] sample:		320.9 time, 340.4 real, 105.4 MB
[runlim] sample:		330.9 time, 350.4 real, 105.4 MB
[runlim] sample:		340.9 time, 360.4 real, 105.4 MB
[runlim] sample:		350.9 time, 370.4 real, 105.4 MB
[runlim] sample:		360.9 time, 380.4 real, 105.4 MB
[runlim] sample:		370.9 time, 390.4 real, 105.4 MB
[runlim] sample:		380.9 time, 400.4 real, 105.4 MB
[runlim] sample:		390.5 time, 410.4 real, 105.4 MB
[runlim] sample:		398.2 time, 420.4 real, 105.4 MB
[runlim] sample:		406.4 time, 430.4 real, 105.4 MB
[runlim] sample:		415.2 time, 440.4 real, 105.4 MB
[runlim] sample:		425.2 time, 450.4 real, 105.4 MB
[runlim] sample:		435.2 time, 460.4 real, 105.4 MB
[runlim] sample:		444.3 time, 470.4 real, 105.4 MB
[runlim] sample:		454.3 time, 480.4 real, 105.4 MB
[runlim] sample:		464.1 time, 490.4 real, 105.4 MB
[runlim] sample:		473.9 time, 500.4 real, 105.4 MB
[runlim] sample:		483.4 time, 510.4 real, 105.4 MB
[runlim] sample:		493.4 time, 520.4 real, 105.4 MB
[runlim] sample:		503.1 time, 530.4 real, 105.4 MB
[runlim] sample:		513.0 time, 540.4 real, 105.4 MB
[runlim] sample:		522.4 time, 550.4 real, 105.4 MB
[runlim] sample:		530.1 time, 560.4 real, 105.4 MB
[runlim] sample:		538.5 time, 570.4 real, 105.4 MB
[runlim] sample:		546.7 time, 580.4 real, 105.4 MB
[runlim] sample:		554.9 time, 590.4 real, 105.4 MB
[runlim] sample:		563.9 time, 600.4 real, 105.4 MB
[runlim] sample:		571.9 time, 610.4 real, 105.4 MB
[runlim] sample:		581.2 time, 620.4 real, 105.4 MB
[runlim] sample:		591.2 time, 630.4 real, 105.4 MB
[runlim] sample:		601.2 time, 640.4 real, 105.4 MB
[runlim] sample:		611.1 time, 650.4 real, 105.4 MB
[runlim] sample:		621.1 time, 660.4 real, 105.4 MB
[runlim] sample:		630.3 time, 670.4 real, 105.4 MB
[runlim] sample:		640.1 time, 680.4 real, 105.4 MB
[runlim] sample:		650.1 time, 690.4 real, 105.4 MB
[runlim] sample:		657.4 time, 700.4 real, 105.4 MB
[runlim] sample:		665.4 time, 710.4 real, 105.4 MB
[runlim] sample:		673.4 time, 720.4 real, 105.4 MB
[runlim] sample:		682.0 time, 730.4 real, 105.4 MB
[runlim] sample:		690.3 time, 740.4 real, 105.4 MB
[runlim] sample:		698.8 time, 750.4 real, 105.4 MB
[runlim] sample:		707.8 time, 760.4 real, 105.7 MB
[runlim] sample:		716.6 time, 770.4 real, 105.7 MB
[runlim] sample:		726.2 time, 780.4 real, 105.7 MB
[runlim] sample:		736.0 time, 790.4 real, 105.7 MB
[runlim] sample:		745.4 time, 800.4 real, 105.7 MB
[runlim] sample:		754.7 time, 810.4 real, 105.7 MB
[runlim] sample:		764.1 time, 820.4 real, 105.7 MB
[runlim] sample:		773.4 time, 830.4 real, 105.7 MB
[runlim] sample:		782.7 time, 840.4 real, 105.7 MB
[runlim] sample:		792.0 time, 850.4 real, 105.7 MB
[runlim] sample:		801.6 time, 860.4 real, 105.7 MB
[runlim] sample:		811.6 time, 870.4 real, 105.7 MB
[runlim] sample:		820.9 time, 880.4 real, 105.7 MB
[runlim] sample:		830.2 time, 890.4 real, 105.7 MB
[runlim] sample:		840.2 time, 900.4 real, 105.7 MB
[runlim] sample:		850.0 time, 910.4 real, 105.7 MB
[runlim] sample:		859.8 time, 920.4 real, 105.7 MB
[runlim] sample:		869.6 time, 930.4 real, 105.7 MB
[runlim] sample:		879.1 time, 940.4 real, 105.7 MB
[runlim] sample:		888.5 time, 950.4 real, 105.7 MB
[runlim] sample:		897.8 time, 960.4 real, 105.7 MB
[runlim] sample:		907.5 time, 970.4 real, 105.7 MB
[runlim] sample:		917.5 time, 980.4 real, 105.7 MB
[runlim] sample:		927.3 time, 990.4 real, 105.7 MB
[runlim] sample:		937.3 time, 1000.4 real, 105.7 MB
[runlim] sample:		947.3 time, 1010.4 real, 105.7 MB
[runlim] sample:		957.3 time, 1020.4 real, 105.7 MB
[runlim] sample:		967.3 time, 1030.4 real, 105.7 MB
[runlim] sample:		977.3 time, 1040.4 real, 105.7 MB
[runlim] sample:		987.3 time, 1050.4 real, 105.7 MB
[runlim] sample:		997.3 time, 1060.4 real, 105.7 MB
[runlim] sample:		1007.3 time, 1070.4 real, 105.7 MB
[runlim] sample:		1017.3 time, 1080.4 real, 105.7 MB
[runlim] sample:		1027.3 time, 1090.4 real, 105.7 MB
[runlim] sample:		1037.3 time, 1100.4 real, 105.7 MB
[runlim] sample:		1047.3 time, 1110.4 real, 105.7 MB
[runlim] sample:		1057.3 time, 1120.4 real, 105.7 MB
[runlim] sample:		1067.3 time, 1130.4 real, 105.7 MB
[runlim] sample:		1077.3 time, 1140.4 real, 105.7 MB
[runlim] sample:		1087.3 time, 1150.4 real, 105.7 MB
[runlim] sample:		1097.3 time, 1160.4 real, 105.7 MB
[runlim] sample:		1107.3 time, 1170.4 real, 105.7 MB
[runlim] sample:		1117.3 time, 1180.4 real, 105.7 MB
[runlim] sample:		1127.3 time, 1190.4 real, 105.7 MB
[runlim] sample:		1137.3 time, 1200.4 real, 105.7 MB
[runlim] sample:		1147.3 time, 1210.4 real, 105.7 MB
[runlim] sample:		1157.3 time, 1220.4 real, 105.7 MB
[runlim] sample:		1167.3 time, 1230.4 real, 105.7 MB
[runlim] sample:		1177.3 time, 1240.4 real, 105.7 MB
[runlim] sample:		1187.3 time, 1250.4 real, 105.7 MB
[runlim] sample:		1197.3 time, 1260.4 real, 105.7 MB
[runlim] sample:		1207.3 time, 1270.4 real, 105.7 MB
[runlim] sample:		1217.3 time, 1280.4 real, 105.7 MB
[runlim] sample:		1227.3 time, 1290.4 real, 105.7 MB
[runlim] sample:		1237.3 time, 1300.4 real, 105.7 MB
[runlim] sample:		1247.3 time, 1310.4 real, 105.7 MB
[runlim] sample:		1257.3 time, 1320.4 real, 105.7 MB
[runlim] sample:		1267.3 time, 1330.4 real, 105.7 MB
[runlim] sample:		1277.3 time, 1340.4 real, 105.7 MB
[runlim] sample:		1287.3 time, 1350.4 real, 105.7 MB
[runlim] sample:		1297.3 time, 1360.4 real, 105.7 MB
[runlim] sample:		1307.3 time, 1370.4 real, 105.7 MB
[runlim] sample:		1317.3 time, 1380.4 real, 105.7 MB
[runlim] sample:		1327.2 time, 1390.4 real, 105.7 MB
[runlim] sample:		1337.2 time, 1400.4 real, 105.7 MB
[runlim] sample:		1347.2 time, 1410.4 real, 105.7 MB
[runlim] sample:		1357.2 time, 1420.4 real, 105.7 MB
[runlim] sample:		1367.2 time, 1430.4 real, 105.7 MB
[runlim] sample:		1377.2 time, 1440.4 real, 105.7 MB
[runlim] sample:		1387.2 time, 1450.4 real, 105.7 MB
[runlim] sample:		1397.2 time, 1460.4 real, 105.7 MB
[runlim] sample:		1407.2 time, 1470.4 real, 105.7 MB
[runlim] sample:		1417.2 time, 1480.4 real, 105.7 MB
[runlim] sample:		1427.2 time, 1490.4 real, 105.7 MB
[runlim] sample:		1437.2 time, 1500.4 real, 105.7 MB
[runlim] sample:		1447.2 time, 1510.4 real, 105.7 MB
[runlim] sample:		1457.2 time, 1520.4 real, 105.7 MB
[runlim] sample:		1467.2 time, 1530.4 real, 105.7 MB
[runlim] sample:		1477.2 time, 1540.4 real, 105.7 MB
[runlim] sample:		1487.2 time, 1550.4 real, 105.7 MB
[runlim] sample:		1497.2 time, 1560.4 real, 105.7 MB
[runlim] sample:		1507.2 time, 1570.4 real, 105.7 MB
[runlim] sample:		1517.2 time, 1580.4 real, 105.7 MB
[runlim] sample:		1527.2 time, 1590.4 real, 105.7 MB
[runlim] sample:		1537.2 time, 1600.4 real, 105.7 MB
[runlim] sample:		1547.2 time, 1610.4 real, 105.7 MB
[runlim] sample:		1557.2 time, 1620.4 real, 105.7 MB
[runlim] sample:		1567.2 time, 1630.4 real, 105.7 MB
[runlim] sample:		1577.2 time, 1640.4 real, 105.7 MB
[runlim] sample:		1587.2 time, 1650.4 real, 105.7 MB
[runlim] sample:		1597.2 time, 1660.4 real, 105.7 MB
[runlim] sample:		1607.2 time, 1670.4 real, 105.7 MB
[runlim] sample:		1617.2 time, 1680.4 real, 105.7 MB
[runlim] sample:		1627.2 time, 1690.4 real, 105.7 MB
[runlim] sample:		1637.2 time, 1700.4 real, 105.7 MB
[runlim] sample:		1647.2 time, 1710.4 real, 105.7 MB
[runlim] sample:		1657.2 time, 1720.4 real, 105.7 MB
[runlim] sample:		1667.2 time, 1730.4 real, 105.7 MB
[runlim] sample:		1677.2 time, 1740.4 real, 105.7 MB
[runlim] sample:		1687.2 time, 1750.4 real, 105.7 MB
[runlim] sample:		1697.2 time, 1760.4 real, 105.7 MB
[runlim] sample:		1707.2 time, 1770.4 real, 105.7 MB
[runlim] sample:		1717.2 time, 1780.4 real, 105.7 MB
[runlim] sample:		1727.2 time, 1790.4 real, 105.7 MB
[runlim] sample:		1737.2 time, 1800.4 real, 105.7 MB
[runlim] sample:		1747.2 time, 1810.4 real, 105.7 MB
[runlim] sample:		1757.2 time, 1820.4 real, 105.7 MB
[runlim] sample:		1767.2 time, 1830.4 real, 105.7 MB
[runlim] sample:		1777.2 time, 1840.4 real, 105.7 MB
[runlim] sample:		1787.2 time, 1850.4 real, 105.7 MB
[runlim] sample:		1797.2 time, 1860.4 real, 105.7 MB
CVC4 interrupted by SIGTERM.
[runlim] end:			Sat Feb  9 21:02:17 2019
[runlim] status:		out of time
[runlim] result:		2
[runlim] children:		0
[runlim] real:			1863.34 seconds
[runlim] time:			1800.04 seconds
[runlim] space:			105.7 MB
[runlim] samples:		18629
