[runlim] version:		1.10fixed
[runlim] time limit:		1800 seconds
[runlim] real time limit:	311040000 seconds
[runlim] space limit:		4000 MB
[runlim] argv[0]:		./cvc4
[runlim] argv[1]:		--nl-ext-tplanes
[runlim] argv[2]:		--full-saturate-quant
[runlim] argv[3]:		--no-e-matching
[runlim] argv[4]:		/tmp/fv6j7rUj.smt2
[runlim] start:			Sat Feb  9 20:40:30 2019
[runlim] main pid:		15224
/tmp/fv6j7rUj.smt2:4.12: No set-logic command was given before this point.
/tmp/fv6j7rUj.smt2:4.12: CVC4 will make all theories available.
/tmp/fv6j7rUj.smt2:4.12: Consider setting a stricter logic for (likely) better performance.
/tmp/fv6j7rUj.smt2:4.12: To suppress this warning in the future use (set-logic ALL).
[runlim] sample:		8.8 time, 10.4 real, 45.5 MB
[runlim] sample:		18.8 time, 20.4 real, 54.3 MB
[runlim] sample:		28.6 time, 30.4 real, 60.5 MB
[runlim] sample:		38.2 time, 40.4 real, 67.5 MB
[runlim] sample:		47.9 time, 50.4 real, 77.8 MB
[runlim] sample:		57.8 time, 60.4 real, 79.3 MB
[runlim] sample:		67.5 time, 70.4 real, 83.7 MB
[runlim] sample:		77.2 time, 80.4 real, 92.7 MB
[runlim] sample:		87.0 time, 90.4 real, 96.0 MB
[runlim] sample:		97.0 time, 100.4 real, 97.8 MB
[runlim] sample:		107.0 time, 110.4 real, 99.3 MB
[runlim] sample:		117.0 time, 120.4 real, 100.6 MB
[runlim] sample:		127.0 time, 130.4 real, 102.8 MB
[runlim] sample:		135.6 time, 140.4 real, 104.4 MB
[runlim] sample:		145.3 time, 150.4 real, 106.2 MB
[runlim] sample:		153.1 time, 160.4 real, 107.2 MB
[runlim] sample:		162.5 time, 170.4 real, 109.8 MB
[runlim] sample:		171.3 time, 180.4 real, 110.8 MB
[runlim] sample:		181.3 time, 190.4 real, 112.1 MB
[runlim] sample:		191.3 time, 200.4 real, 113.9 MB
[runlim] sample:		201.3 time, 210.4 real, 114.9 MB
[runlim] sample:		211.3 time, 220.4 real, 116.0 MB
[runlim] sample:		221.3 time, 230.4 real, 117.0 MB
[runlim] sample:		229.3 time, 240.4 real, 119.3 MB
[runlim] sample:		238.3 time, 250.4 real, 120.1 MB
[runlim] sample:		248.0 time, 260.4 real, 123.2 MB
[runlim] sample:		258.0 time, 270.4 real, 125.0 MB
[runlim] sample:		267.9 time, 280.4 real, 126.0 MB
[runlim] sample:		277.8 time, 290.4 real, 127.3 MB
[runlim] sample:		287.4 time, 300.4 real, 129.1 MB
[runlim] sample:		297.3 time, 310.4 real, 130.4 MB
[runlim] sample:		307.1 time, 320.4 real, 132.7 MB
[runlim] sample:		317.0 time, 330.4 real, 134.0 MB
[runlim] sample:		327.0 time, 340.4 real, 134.5 MB
[runlim] sample:		336.9 time, 350.4 real, 135.8 MB
[runlim] sample:		346.4 time, 360.4 real, 137.3 MB
[runlim] sample:		354.6 time, 370.4 real, 138.6 MB
[runlim] sample:		363.8 time, 380.4 real, 139.9 MB
[runlim] sample:		373.5 time, 390.4 real, 140.4 MB
[runlim] sample:		383.5 time, 400.4 real, 141.7 MB
[runlim] sample:		393.5 time, 410.4 real, 143.0 MB
[runlim] sample:		403.5 time, 420.4 real, 143.2 MB
[runlim] sample:		413.5 time, 430.4 real, 147.9 MB
[runlim] sample:		423.5 time, 440.4 real, 149.4 MB
[runlim] sample:		433.5 time, 450.4 real, 150.5 MB
[runlim] sample:		442.9 time, 460.4 real, 151.5 MB
[runlim] sample:		452.1 time, 470.4 real, 152.3 MB
[runlim] sample:		461.2 time, 480.4 real, 152.5 MB
[runlim] sample:		470.6 time, 490.4 real, 153.8 MB
[runlim] sample:		479.5 time, 500.4 real, 155.6 MB
[runlim] sample:		489.1 time, 510.4 real, 156.6 MB
[runlim] sample:		499.1 time, 520.4 real, 158.4 MB
[runlim] sample:		509.1 time, 530.4 real, 158.9 MB
[runlim] sample:		519.0 time, 540.4 real, 160.2 MB
[runlim] sample:		529.0 time, 550.4 real, 161.5 MB
[runlim] sample:		539.0 time, 560.4 real, 162.6 MB
[runlim] sample:		549.0 time, 570.4 real, 162.6 MB
[runlim] sample:		558.9 time, 580.4 real, 163.8 MB
[runlim] sample:		568.9 time, 590.4 real, 164.4 MB
[runlim] sample:		578.5 time, 600.4 real, 164.6 MB
[runlim] sample:		587.8 time, 610.4 real, 164.9 MB
[runlim] sample:		597.6 time, 620.4 real, 166.4 MB
[runlim] sample:		607.6 time, 630.4 real, 168.7 MB
[runlim] sample:		617.6 time, 640.4 real, 169.8 MB
[runlim] sample:		627.6 time, 650.4 real, 170.5 MB
[runlim] sample:		636.9 time, 660.4 real, 170.8 MB
[runlim] sample:		646.9 time, 670.4 real, 170.8 MB
[runlim] sample:		656.0 time, 680.4 real, 172.8 MB
[runlim] sample:		665.7 time, 690.4 real, 177.2 MB
[runlim] sample:		675.0 time, 700.4 real, 179.0 MB
[runlim] sample:		684.4 time, 710.4 real, 180.6 MB
[runlim] sample:		693.3 time, 720.4 real, 181.3 MB
[runlim] sample:		702.0 time, 730.4 real, 182.1 MB
[runlim] sample:		710.8 time, 740.4 real, 182.1 MB
[runlim] sample:		719.9 time, 750.4 real, 183.1 MB
[runlim] sample:		729.3 time, 760.4 real, 184.9 MB
[runlim] sample:		738.5 time, 770.4 real, 185.2 MB
[runlim] sample:		747.5 time, 780.4 real, 189.3 MB
[runlim] sample:		757.4 time, 790.4 real, 200.2 MB
[runlim] sample:		767.2 time, 800.4 real, 200.7 MB
[runlim] sample:		776.9 time, 810.4 real, 200.7 MB
[runlim] sample:		786.9 time, 820.4 real, 200.7 MB
[runlim] sample:		796.5 time, 830.4 real, 200.9 MB
[runlim] sample:		806.2 time, 840.4 real, 201.2 MB
[runlim] sample:		815.9 time, 850.4 real, 204.8 MB
[runlim] sample:		825.9 time, 860.4 real, 205.0 MB
[runlim] sample:		835.9 time, 870.4 real, 210.5 MB
[runlim] sample:		845.9 time, 880.4 real, 210.7 MB
[runlim] sample:		855.9 time, 890.4 real, 212.0 MB
[runlim] sample:		865.9 time, 900.4 real, 212.8 MB
[runlim] sample:		875.9 time, 910.4 real, 212.8 MB
[runlim] sample:		885.9 time, 920.4 real, 212.8 MB
[runlim] sample:		895.6 time, 930.4 real, 212.8 MB
[runlim] sample:		905.3 time, 940.4 real, 212.8 MB
[runlim] sample:		914.6 time, 950.4 real, 212.8 MB
[runlim] sample:		924.2 time, 960.4 real, 212.8 MB
[runlim] sample:		932.5 time, 970.4 real, 212.8 MB
[runlim] sample:		940.2 time, 980.4 real, 212.8 MB
[runlim] sample:		947.9 time, 990.4 real, 212.8 MB
[runlim] sample:		957.9 time, 1000.4 real, 212.8 MB
[runlim] sample:		967.9 time, 1010.4 real, 212.8 MB
[runlim] sample:		977.9 time, 1020.4 real, 212.8 MB
[runlim] sample:		987.9 time, 1030.4 real, 212.8 MB
[runlim] sample:		997.9 time, 1040.4 real, 212.8 MB
[runlim] sample:		1007.0 time, 1050.4 real, 212.8 MB
[runlim] sample:		1015.4 time, 1060.4 real, 213.0 MB
[runlim] sample:		1025.4 time, 1070.4 real, 213.0 MB
[runlim] sample:		1035.4 time, 1080.4 real, 213.0 MB
[runlim] sample:		1045.4 time, 1090.4 real, 213.0 MB
[runlim] sample:		1055.4 time, 1100.4 real, 213.0 MB
[runlim] sample:		1065.4 time, 1110.4 real, 213.0 MB
[runlim] sample:		1074.6 time, 1120.4 real, 213.0 MB
[runlim] sample:		1083.2 time, 1130.4 real, 213.3 MB
[runlim] sample:		1091.9 time, 1140.4 real, 213.3 MB
[runlim] sample:		1100.8 time, 1150.4 real, 213.3 MB
[runlim] sample:		1109.8 time, 1160.4 real, 213.3 MB
[runlim] sample:		1118.8 time, 1170.4 real, 236.6 MB
[runlim] sample:		1128.8 time, 1180.4 real, 258.1 MB
[runlim] sample:		1138.8 time, 1190.4 real, 258.6 MB
[runlim] sample:		1148.7 time, 1200.4 real, 258.6 MB
[runlim] sample:		1158.7 time, 1210.4 real, 258.6 MB
[runlim] sample:		1168.7 time, 1220.4 real, 258.9 MB
[runlim] sample:		1177.8 time, 1230.4 real, 258.9 MB
[runlim] sample:		1187.8 time, 1240.4 real, 258.9 MB
[runlim] sample:		1197.4 time, 1250.4 real, 258.9 MB
[runlim] sample:		1207.1 time, 1260.4 real, 258.9 MB
[runlim] sample:		1217.0 time, 1270.4 real, 258.9 MB
[runlim] sample:		1227.0 time, 1280.4 real, 258.9 MB
[runlim] sample:		1237.0 time, 1290.4 real, 258.9 MB
[runlim] sample:		1247.0 time, 1300.4 real, 258.9 MB
[runlim] sample:		1257.0 time, 1310.4 real, 258.9 MB
[runlim] sample:		1267.0 time, 1320.4 real, 259.1 MB
[runlim] sample:		1277.0 time, 1330.4 real, 259.1 MB
[runlim] sample:		1287.0 time, 1340.4 real, 259.1 MB
[runlim] sample:		1297.0 time, 1350.4 real, 259.1 MB
[runlim] sample:		1307.0 time, 1360.4 real, 259.1 MB
[runlim] sample:		1317.0 time, 1370.4 real, 259.1 MB
[runlim] sample:		1327.0 time, 1380.4 real, 259.4 MB
[runlim] sample:		1337.0 time, 1390.4 real, 259.4 MB
[runlim] sample:		1347.0 time, 1400.4 real, 259.4 MB
[runlim] sample:		1356.7 time, 1410.4 real, 259.7 MB
[runlim] sample:		1366.3 time, 1420.4 real, 259.7 MB
[runlim] sample:		1375.9 time, 1430.4 real, 259.7 MB
[runlim] sample:		1385.9 time, 1440.4 real, 259.9 MB
[runlim] sample:		1395.9 time, 1450.4 real, 266.6 MB
[runlim] sample:		1405.9 time, 1460.4 real, 268.0 MB
[runlim] sample:		1415.7 time, 1470.4 real, 269.5 MB
[runlim] sample:		1425.0 time, 1480.4 real, 269.7 MB
[runlim] sample:		1434.6 time, 1490.4 real, 274.1 MB
[runlim] sample:		1443.5 time, 1500.4 real, 274.4 MB
[runlim] sample:		1452.8 time, 1510.4 real, 274.6 MB
[runlim] sample:		1462.8 time, 1520.4 real, 275.4 MB
[runlim] sample:		1472.8 time, 1530.4 real, 276.9 MB
[runlim] sample:		1482.8 time, 1540.4 real, 278.5 MB
[runlim] sample:		1492.8 time, 1550.4 real, 279.0 MB
[runlim] sample:		1501.9 time, 1560.4 real, 279.0 MB
[runlim] sample:		1511.2 time, 1570.4 real, 279.0 MB
[runlim] sample:		1520.7 time, 1580.4 real, 282.6 MB
[runlim] sample:		1530.7 time, 1590.4 real, 282.8 MB
[runlim] sample:		1540.1 time, 1600.4 real, 282.8 MB
[runlim] sample:		1550.1 time, 1610.4 real, 282.8 MB
[runlim] sample:		1560.1 time, 1620.4 real, 282.8 MB
[runlim] sample:		1570.1 time, 1630.4 real, 282.8 MB
[runlim] sample:		1580.1 time, 1640.4 real, 283.1 MB
[runlim] sample:		1589.9 time, 1650.4 real, 287.2 MB
[runlim] sample:		1599.9 time, 1660.4 real, 289.0 MB
[runlim] sample:		1609.6 time, 1670.4 real, 289.5 MB
[runlim] sample:		1618.3 time, 1680.4 real, 290.1 MB
[runlim] sample:		1627.9 time, 1690.4 real, 290.6 MB
[runlim] sample:		1637.3 time, 1700.4 real, 291.3 MB
[runlim] sample:		1644.9 time, 1710.4 real, 291.6 MB
[runlim] sample:		1654.9 time, 1720.4 real, 293.4 MB
[runlim] sample:		1664.9 time, 1730.4 real, 294.2 MB
[runlim] sample:		1674.9 time, 1740.4 real, 294.2 MB
[runlim] sample:		1684.9 time, 1750.4 real, 294.4 MB
[runlim] sample:		1694.6 time, 1760.4 real, 294.4 MB
[runlim] sample:		1703.7 time, 1770.4 real, 294.7 MB
[runlim] sample:		1711.6 time, 1780.4 real, 294.7 MB
[runlim] sample:		1719.7 time, 1790.4 real, 294.7 MB
[runlim] sample:		1729.7 time, 1800.4 real, 294.7 MB
[runlim] sample:		1738.9 time, 1810.4 real, 294.7 MB
[runlim] sample:		1748.2 time, 1820.4 real, 302.4 MB
[runlim] sample:		1757.5 time, 1830.4 real, 305.2 MB
[runlim] sample:		1767.2 time, 1840.4 real, 306.0 MB
[runlim] sample:		1775.4 time, 1850.4 real, 307.3 MB
[runlim] sample:		1783.7 time, 1860.4 real, 307.8 MB
[runlim] sample:		1791.6 time, 1870.4 real, 307.8 MB
[runlim] sample:		1799.5 time, 1880.4 real, 309.8 MB
CVC4 interrupted by SIGTERM.
[runlim] end:			Sat Feb  9 21:11:51 2019
[runlim] status:		out of time
[runlim] result:		2
[runlim] children:		0
[runlim] real:			1881.09 seconds
[runlim] time:			1800.07 seconds
[runlim] space:			309.8 MB
[runlim] samples:		18807
