[runlim] version:		1.10fixed
[runlim] time limit:		1800 seconds
[runlim] real time limit:	311040000 seconds
[runlim] space limit:		4000 MB
[runlim] argv[0]:		./cvc4
[runlim] argv[1]:		--nl-ext-tplanes
[runlim] argv[2]:		--full-saturate-quant
[runlim] argv[3]:		--no-e-matching
[runlim] argv[4]:		/tmp/BPQ4XYIy.smt2
[runlim] start:			Fri Feb  8 22:27:33 2019
[runlim] main pid:		24929
/tmp/BPQ4XYIy.smt2:4.12: No set-logic command was given before this point.
/tmp/BPQ4XYIy.smt2:4.12: CVC4 will make all theories available.
/tmp/BPQ4XYIy.smt2:4.12: Consider setting a stricter logic for (likely) better performance.
/tmp/BPQ4XYIy.smt2:4.12: To suppress this warning in the future use (set-logic ALL).
[runlim] sample:		8.8 time, 11.0 real, 50.8 MB
[runlim] sample:		17.9 time, 21.0 real, 60.8 MB
[runlim] sample:		27.9 time, 31.0 real, 66.3 MB
[runlim] sample:		36.7 time, 41.0 real, 74.8 MB
[runlim] sample:		44.6 time, 51.0 real, 76.1 MB
[runlim] sample:		54.0 time, 61.0 real, 84.8 MB
[runlim] sample:		64.0 time, 71.0 real, 88.5 MB
[runlim] sample:		74.0 time, 81.0 real, 95.9 MB
[runlim] sample:		84.0 time, 91.0 real, 96.7 MB
[runlim] sample:		93.7 time, 101.0 real, 96.7 MB
[runlim] sample:		103.4 time, 111.0 real, 96.7 MB
[runlim] sample:		113.1 time, 121.0 real, 96.7 MB
[runlim] sample:		122.8 time, 131.0 real, 97.0 MB
[runlim] sample:		132.4 time, 141.0 real, 97.0 MB
[runlim] sample:		142.1 time, 151.0 real, 97.0 MB
[runlim] sample:		152.1 time, 161.0 real, 97.2 MB
[runlim] sample:		162.1 time, 171.0 real, 97.2 MB
[runlim] sample:		171.8 time, 181.0 real, 97.2 MB
[runlim] sample:		181.8 time, 191.0 real, 97.2 MB
[runlim] sample:		191.6 time, 201.0 real, 97.2 MB
[runlim] sample:		201.3 time, 211.0 real, 97.2 MB
[runlim] sample:		211.0 time, 221.0 real, 97.2 MB
[runlim] sample:		220.6 time, 231.0 real, 97.2 MB
[runlim] sample:		230.3 time, 241.0 real, 97.2 MB
[runlim] sample:		240.0 time, 251.0 real, 97.2 MB
[runlim] sample:		249.7 time, 261.0 real, 97.2 MB
[runlim] sample:		259.6 time, 271.0 real, 97.2 MB
[runlim] sample:		269.6 time, 281.0 real, 97.2 MB
[runlim] sample:		279.4 time, 291.0 real, 97.2 MB
[runlim] sample:		287.8 time, 301.0 real, 97.2 MB
[runlim] sample:		297.8 time, 311.0 real, 97.2 MB
[runlim] sample:		307.3 time, 321.0 real, 97.2 MB
[runlim] sample:		317.3 time, 331.0 real, 97.2 MB
[runlim] sample:		327.0 time, 341.0 real, 97.2 MB
[runlim] sample:		336.8 time, 351.0 real, 97.2 MB
[runlim] sample:		346.8 time, 361.0 real, 97.2 MB
[runlim] sample:		356.8 time, 371.0 real, 97.2 MB
[runlim] sample:		366.5 time, 381.0 real, 97.2 MB
[runlim] sample:		376.4 time, 391.0 real, 97.2 MB
[runlim] sample:		386.3 time, 401.0 real, 97.2 MB
[runlim] sample:		396.0 time, 411.0 real, 97.2 MB
[runlim] sample:		405.7 time, 421.0 real, 97.2 MB
[runlim] sample:		415.3 time, 431.0 real, 97.2 MB
[runlim] sample:		425.3 time, 441.0 real, 97.2 MB
[runlim] sample:		435.3 time, 451.0 real, 97.2 MB
[runlim] sample:		444.9 time, 461.0 real, 97.2 MB
[runlim] sample:		453.7 time, 471.0 real, 97.2 MB
[runlim] sample:		462.2 time, 481.0 real, 97.2 MB
[runlim] sample:		472.2 time, 491.0 real, 97.2 MB
[runlim] sample:		482.2 time, 501.0 real, 97.2 MB
[runlim] sample:		492.2 time, 511.0 real, 97.2 MB
[runlim] sample:		502.0 time, 521.0 real, 97.2 MB
[runlim] sample:		511.7 time, 531.0 real, 97.2 MB
[runlim] sample:		521.3 time, 541.0 real, 97.2 MB
[runlim] sample:		531.0 time, 551.0 real, 97.2 MB
[runlim] sample:		540.7 time, 561.0 real, 97.2 MB
[runlim] sample:		550.4 time, 571.0 real, 97.2 MB
[runlim] sample:		560.0 time, 581.0 real, 97.2 MB
[runlim] sample:		569.7 time, 591.0 real, 97.2 MB
[runlim] sample:		579.6 time, 601.0 real, 97.2 MB
[runlim] sample:		589.5 time, 611.0 real, 97.2 MB
[runlim] sample:		599.1 time, 621.0 real, 97.2 MB
[runlim] sample:		608.2 time, 631.0 real, 97.2 MB
[runlim] sample:		617.0 time, 641.0 real, 97.2 MB
[runlim] sample:		627.0 time, 651.0 real, 97.5 MB
[runlim] sample:		636.5 time, 661.0 real, 97.5 MB
[runlim] sample:		645.1 time, 671.0 real, 97.7 MB
[runlim] sample:		654.0 time, 681.0 real, 97.7 MB
[runlim] sample:		662.7 time, 691.0 real, 97.7 MB
[runlim] sample:		672.7 time, 701.0 real, 97.7 MB
[runlim] sample:		682.7 time, 711.0 real, 98.0 MB
[runlim] sample:		692.7 time, 721.0 real, 98.0 MB
[runlim] sample:		702.7 time, 731.0 real, 98.0 MB
[runlim] sample:		711.2 time, 741.0 real, 98.0 MB
[runlim] sample:		719.2 time, 751.0 real, 98.2 MB
[runlim] sample:		727.3 time, 761.0 real, 98.2 MB
[runlim] sample:		736.6 time, 771.0 real, 98.2 MB
[runlim] sample:		745.8 time, 781.0 real, 98.2 MB
[runlim] sample:		754.2 time, 791.0 real, 98.2 MB
[runlim] sample:		763.5 time, 801.0 real, 98.5 MB
[runlim] sample:		773.4 time, 811.0 real, 98.5 MB
[runlim] sample:		783.4 time, 821.0 real, 98.5 MB
[runlim] sample:		792.3 time, 831.0 real, 98.8 MB
[runlim] sample:		800.3 time, 841.0 real, 98.8 MB
[runlim] sample:		809.5 time, 851.0 real, 98.8 MB
[runlim] sample:		818.8 time, 861.0 real, 98.8 MB
[runlim] sample:		828.4 time, 871.0 real, 99.0 MB
[runlim] sample:		837.6 time, 881.0 real, 99.0 MB
[runlim] sample:		847.1 time, 891.0 real, 99.0 MB
[runlim] sample:		857.1 time, 901.0 real, 99.0 MB
[runlim] sample:		867.1 time, 911.0 real, 99.3 MB
[runlim] sample:		877.1 time, 921.0 real, 99.3 MB
[runlim] sample:		887.1 time, 931.0 real, 99.3 MB
[runlim] sample:		897.1 time, 941.0 real, 99.5 MB
[runlim] sample:		907.1 time, 951.0 real, 99.5 MB
[runlim] sample:		917.1 time, 961.0 real, 99.8 MB
[runlim] sample:		927.1 time, 971.0 real, 99.8 MB
[runlim] sample:		937.1 time, 981.0 real, 99.8 MB
[runlim] sample:		947.1 time, 991.0 real, 99.8 MB
[runlim] sample:		955.7 time, 1001.0 real, 100.0 MB
[runlim] sample:		964.9 time, 1011.0 real, 100.0 MB
[runlim] sample:		973.5 time, 1021.0 real, 100.0 MB
[runlim] sample:		983.3 time, 1031.0 real, 100.0 MB
[runlim] sample:		993.3 time, 1041.0 real, 100.3 MB
[runlim] sample:		1003.3 time, 1051.0 real, 100.3 MB
[runlim] sample:		1013.1 time, 1061.0 real, 100.3 MB
[runlim] sample:		1023.0 time, 1071.0 real, 100.6 MB
[runlim] sample:		1033.0 time, 1081.0 real, 100.8 MB
[runlim] sample:		1043.0 time, 1091.0 real, 100.8 MB
[runlim] sample:		1053.0 time, 1101.0 real, 100.8 MB
[runlim] sample:		1063.0 time, 1111.0 real, 100.8 MB
[runlim] sample:		1073.0 time, 1121.0 real, 101.1 MB
[runlim] sample:		1083.0 time, 1131.0 real, 101.3 MB
[runlim] sample:		1093.0 time, 1141.0 real, 101.3 MB
[runlim] sample:		1103.0 time, 1151.0 real, 101.3 MB
[runlim] sample:		1113.0 time, 1161.0 real, 101.3 MB
[runlim] sample:		1123.0 time, 1171.0 real, 101.3 MB
[runlim] sample:		1133.0 time, 1181.0 real, 101.3 MB
[runlim] sample:		1143.0 time, 1191.0 real, 101.3 MB
[runlim] sample:		1153.0 time, 1201.0 real, 101.6 MB
[runlim] sample:		1163.0 time, 1211.0 real, 101.6 MB
[runlim] sample:		1173.0 time, 1221.0 real, 101.6 MB
[runlim] sample:		1183.0 time, 1231.0 real, 101.6 MB
[runlim] sample:		1193.0 time, 1241.0 real, 101.8 MB
[runlim] sample:		1203.0 time, 1251.0 real, 101.8 MB
[runlim] sample:		1212.9 time, 1261.0 real, 101.8 MB
[runlim] sample:		1222.9 time, 1271.0 real, 102.1 MB
[runlim] sample:		1232.9 time, 1281.0 real, 102.1 MB
[runlim] sample:		1242.9 time, 1291.0 real, 102.1 MB
[runlim] sample:		1252.9 time, 1301.0 real, 102.1 MB
[runlim] sample:		1262.9 time, 1311.0 real, 102.4 MB
[runlim] sample:		1272.9 time, 1321.0 real, 102.4 MB
[runlim] sample:		1282.9 time, 1331.0 real, 102.4 MB
[runlim] sample:		1292.9 time, 1341.0 real, 102.6 MB
[runlim] sample:		1302.9 time, 1351.0 real, 102.6 MB
[runlim] sample:		1312.9 time, 1361.0 real, 102.6 MB
[runlim] sample:		1322.9 time, 1371.0 real, 102.9 MB
[runlim] sample:		1332.9 time, 1381.0 real, 102.9 MB
[runlim] sample:		1342.9 time, 1391.0 real, 102.9 MB
[runlim] sample:		1352.9 time, 1401.0 real, 102.9 MB
[runlim] sample:		1362.9 time, 1411.0 real, 103.1 MB
[runlim] sample:		1372.9 time, 1421.0 real, 103.1 MB
[runlim] sample:		1382.9 time, 1431.0 real, 103.1 MB
[runlim] sample:		1392.9 time, 1441.0 real, 103.1 MB
[runlim] sample:		1402.9 time, 1451.0 real, 103.4 MB
[runlim] sample:		1412.9 time, 1461.0 real, 103.4 MB
[runlim] sample:		1422.9 time, 1471.0 real, 103.4 MB
[runlim] sample:		1432.9 time, 1481.0 real, 103.6 MB
[runlim] sample:		1442.9 time, 1491.0 real, 103.6 MB
[runlim] sample:		1452.9 time, 1501.0 real, 103.6 MB
[runlim] sample:		1462.9 time, 1511.0 real, 103.9 MB
[runlim] sample:		1472.9 time, 1521.0 real, 103.9 MB
[runlim] sample:		1482.9 time, 1531.0 real, 103.9 MB
[runlim] sample:		1492.9 time, 1541.0 real, 104.2 MB
[runlim] sample:		1502.9 time, 1551.0 real, 104.2 MB
[runlim] sample:		1512.9 time, 1561.0 real, 104.2 MB
[runlim] sample:		1522.9 time, 1571.0 real, 104.2 MB
[runlim] sample:		1532.9 time, 1581.0 real, 104.4 MB
[runlim] sample:		1542.9 time, 1591.0 real, 104.4 MB
[runlim] sample:		1552.9 time, 1601.0 real, 104.4 MB
[runlim] sample:		1562.9 time, 1611.0 real, 104.4 MB
[runlim] sample:		1572.9 time, 1621.0 real, 104.7 MB
[runlim] sample:		1582.9 time, 1631.0 real, 104.7 MB
[runlim] sample:		1592.9 time, 1641.0 real, 104.7 MB
[runlim] sample:		1602.9 time, 1651.0 real, 104.7 MB
[runlim] sample:		1612.9 time, 1661.0 real, 104.9 MB
[runlim] sample:		1622.9 time, 1671.0 real, 104.9 MB
[runlim] sample:		1632.9 time, 1681.0 real, 104.9 MB
[runlim] sample:		1642.9 time, 1691.0 real, 105.2 MB
[runlim] sample:		1652.9 time, 1701.0 real, 105.2 MB
[runlim] sample:		1662.9 time, 1711.0 real, 105.2 MB
[runlim] sample:		1672.9 time, 1721.0 real, 105.5 MB
[runlim] sample:		1682.9 time, 1731.0 real, 105.5 MB
[runlim] sample:		1692.9 time, 1741.0 real, 105.5 MB
[runlim] sample:		1702.9 time, 1751.0 real, 105.7 MB
[runlim] sample:		1712.9 time, 1761.0 real, 105.7 MB
[runlim] sample:		1722.9 time, 1771.0 real, 105.7 MB
[runlim] sample:		1732.9 time, 1781.0 real, 105.7 MB
[runlim] sample:		1742.9 time, 1791.0 real, 106.0 MB
[runlim] sample:		1752.9 time, 1801.0 real, 106.0 MB
[runlim] sample:		1762.9 time, 1811.0 real, 106.0 MB
[runlim] sample:		1772.9 time, 1821.0 real, 106.0 MB
[runlim] sample:		1782.9 time, 1831.0 real, 106.2 MB
[runlim] sample:		1792.9 time, 1841.0 real, 106.2 MB
CVC4 interrupted by SIGTERM.
[runlim] end:			Fri Feb  8 22:58:21 2019
[runlim] status:		out of time
[runlim] result:		2
[runlim] children:		0
[runlim] real:			1848.17 seconds
[runlim] time:			1800.06 seconds
[runlim] space:			106.2 MB
[runlim] samples:		18472
