[runlim] version:		1.10fixed
[runlim] time limit:		300 seconds
[runlim] real time limit:	311040000 seconds
[runlim] space limit:		4000 MB
[runlim] argv[0]:		./cvc4
[runlim] argv[1]:		--nl-ext-tplanes
[runlim] argv[2]:		--full-saturate-quant
[runlim] argv[3]:		--no-e-matching
[runlim] argv[4]:		/tmp/KNPwbHlE.smt2
[runlim] start:			Mon Jan 28 16:14:48 2019
[runlim] main pid:		19564
/tmp/KNPwbHlE.smt2:4.12: No set-logic command was given before this point.
/tmp/KNPwbHlE.smt2:4.12: CVC4 will make all theories available.
/tmp/KNPwbHlE.smt2:4.12: Consider setting a stricter logic for (likely) better performance.
/tmp/KNPwbHlE.smt2:4.12: To suppress this warning in the future use (set-logic ALL).
[runlim] sample:		9.9 time, 10.1 real, 45.0 MB
[runlim] sample:		19.9 time, 20.1 real, 53.6 MB
[runlim] sample:		29.9 time, 30.1 real, 59.9 MB
[runlim] sample:		39.9 time, 40.1 real, 64.5 MB
[runlim] sample:		49.9 time, 50.1 real, 69.7 MB
[runlim] sample:		59.9 time, 60.1 real, 73.3 MB
[runlim] sample:		69.4 time, 70.1 real, 76.9 MB
[runlim] sample:		79.1 time, 80.1 real, 79.2 MB
[runlim] sample:		89.1 time, 90.1 real, 82.3 MB
[runlim] sample:		98.0 time, 100.1 real, 84.9 MB
[runlim] sample:		107.5 time, 110.1 real, 88.7 MB
[runlim] sample:		115.0 time, 120.1 real, 90.7 MB
[runlim] sample:		122.6 time, 130.1 real, 91.5 MB
[runlim] sample:		131.8 time, 140.1 real, 94.3 MB
[runlim] sample:		139.4 time, 150.1 real, 96.2 MB
[runlim] sample:		148.7 time, 160.1 real, 98.8 MB
[runlim] sample:		158.7 time, 170.1 real, 100.8 MB
[runlim] sample:		168.7 time, 180.1 real, 104.9 MB
[runlim] sample:		178.7 time, 190.1 real, 106.4 MB
[runlim] sample:		188.7 time, 200.1 real, 108.8 MB
[runlim] sample:		198.7 time, 210.1 real, 110.1 MB
[runlim] sample:		208.7 time, 220.1 real, 112.4 MB
[runlim] sample:		217.9 time, 230.1 real, 113.4 MB
[runlim] sample:		226.7 time, 240.1 real, 115.2 MB
[runlim] sample:		235.2 time, 250.1 real, 117.5 MB
[runlim] sample:		244.0 time, 260.1 real, 118.1 MB
[runlim] sample:		253.6 time, 270.1 real, 119.1 MB
[runlim] sample:		263.6 time, 280.1 real, 121.1 MB
[runlim] sample:		273.6 time, 290.1 real, 123.0 MB
[runlim] sample:		283.6 time, 300.1 real, 124.0 MB
[runlim] sample:		293.6 time, 310.1 real, 125.3 MB
CVC4 interrupted by SIGTERM.
[runlim] end:			Mon Jan 28 16:20:04 2019
[runlim] status:		out of time
[runlim] result:		2
[runlim] children:		0
[runlim] real:			316.47 seconds
[runlim] time:			300.02 seconds
[runlim] space:			125.8 MB
[runlim] samples:		3164
