[runlim] version:		1.10fixed
[runlim] time limit:		300 seconds
[runlim] real time limit:	311040000 seconds
[runlim] space limit:		4000 MB
[runlim] argv[0]:		./cvc4
[runlim] argv[1]:		--nl-ext-tplanes
[runlim] argv[2]:		--full-saturate-quant
[runlim] argv[3]:		--no-e-matching
[runlim] argv[4]:		/tmp/DMbx1E8M.smt2
[runlim] start:			Tue Jan 29 13:48:46 2019
[runlim] main pid:		10723
/tmp/DMbx1E8M.smt2:4.12: No set-logic command was given before this point.
/tmp/DMbx1E8M.smt2:4.12: CVC4 will make all theories available.
/tmp/DMbx1E8M.smt2:4.12: Consider setting a stricter logic for (likely) better performance.
/tmp/DMbx1E8M.smt2:4.12: To suppress this warning in the future use (set-logic ALL).
[runlim] sample:		9.1 time, 10.5 real, 30.1 MB
[runlim] sample:		19.1 time, 20.5 real, 30.4 MB
[runlim] sample:		28.4 time, 30.5 real, 31.1 MB
[runlim] sample:		38.1 time, 40.5 real, 32.2 MB
[runlim] sample:		47.9 time, 50.5 real, 32.4 MB
[runlim] sample:		57.8 time, 60.5 real, 33.2 MB
[runlim] sample:		67.5 time, 70.5 real, 34.0 MB
[runlim] sample:		77.4 time, 80.5 real, 34.5 MB
[runlim] sample:		87.1 time, 90.5 real, 35.3 MB
[runlim] sample:		96.6 time, 100.5 real, 36.0 MB
[runlim] sample:		105.5 time, 110.5 real, 36.3 MB
[runlim] sample:		114.2 time, 120.5 real, 36.8 MB
[runlim] sample:		124.2 time, 130.5 real, 37.6 MB
[runlim] sample:		134.1 time, 140.5 real, 38.1 MB
[runlim] sample:		143.4 time, 150.5 real, 38.6 MB
[runlim] sample:		153.1 time, 160.5 real, 39.6 MB
[runlim] sample:		162.2 time, 170.5 real, 40.7 MB
[runlim] sample:		172.2 time, 180.5 real, 40.9 MB
[runlim] sample:		182.1 time, 190.5 real, 41.7 MB
[runlim] sample:		191.9 time, 200.5 real, 42.5 MB
[runlim] sample:		201.9 time, 210.5 real, 43.3 MB
[runlim] sample:		211.9 time, 220.5 real, 43.5 MB
[runlim] sample:		221.4 time, 230.5 real, 44.3 MB
[runlim] sample:		231.3 time, 240.5 real, 45.6 MB
[runlim] sample:		241.3 time, 250.5 real, 46.1 MB
[runlim] sample:		251.2 time, 260.5 real, 46.6 MB
[runlim] sample:		261.2 time, 270.5 real, 47.4 MB
[runlim] sample:		271.1 time, 280.5 real, 48.2 MB
[runlim] sample:		281.0 time, 290.5 real, 48.4 MB
[runlim] sample:		290.9 time, 300.5 real, 48.9 MB
CVC4 interrupted by SIGTERM.
[runlim] end:			Tue Jan 29 13:53:55 2019
[runlim] status:		out of time
[runlim] result:		2
[runlim] children:		0
[runlim] real:			309.88 seconds
[runlim] time:			300.01 seconds
[runlim] space:			49.7 MB
[runlim] samples:		3094
