[runlim] version:		1.10fixed
[runlim] time limit:		1800 seconds
[runlim] real time limit:	311040000 seconds
[runlim] space limit:		4000 MB
[runlim] argv[0]:		./cvc4
[runlim] argv[1]:		--nl-ext-tplanes
[runlim] argv[2]:		--full-saturate-quant
[runlim] argv[3]:		--no-e-matching
[runlim] argv[4]:		/tmp/6HrNqjIi.smt2
[runlim] start:			Fri Feb 15 02:26:27 2019
[runlim] main pid:		19698
/tmp/6HrNqjIi.smt2:4.12: No set-logic command was given before this point.
/tmp/6HrNqjIi.smt2:4.12: CVC4 will make all theories available.
/tmp/6HrNqjIi.smt2:4.12: Consider setting a stricter logic for (likely) better performance.
/tmp/6HrNqjIi.smt2:4.12: To suppress this warning in the future use (set-logic ALL).
[runlim] sample:		8.2 time, 10.0 real, 43.8 MB
[runlim] sample:		16.3 time, 20.0 real, 50.6 MB
[runlim] sample:		24.4 time, 30.0 real, 50.6 MB
[runlim] sample:		33.4 time, 40.0 real, 58.4 MB
[runlim] sample:		43.1 time, 50.0 real, 61.2 MB
[runlim] sample:		51.6 time, 60.0 real, 66.5 MB
[runlim] sample:		59.6 time, 70.0 real, 69.9 MB
[runlim] sample:		67.7 time, 80.0 real, 71.4 MB
[runlim] sample:		77.5 time, 90.0 real, 77.1 MB
[runlim] sample:		87.5 time, 100.0 real, 82.1 MB
[runlim] sample:		97.5 time, 110.0 real, 90.4 MB
[runlim] sample:		107.5 time, 120.0 real, 92.2 MB
[runlim] sample:		117.5 time, 130.0 real, 97.5 MB
[runlim] sample:		127.5 time, 140.0 real, 100.0 MB
[runlim] sample:		137.5 time, 150.0 real, 102.9 MB
[runlim] sample:		145.8 time, 160.0 real, 105.2 MB
[runlim] sample:		155.0 time, 170.0 real, 106.2 MB
[runlim] sample:		163.8 time, 180.0 real, 108.8 MB
[runlim] sample:		173.2 time, 190.0 real, 108.8 MB
[runlim] sample:		182.8 time, 200.0 real, 109.1 MB
[runlim] sample:		191.4 time, 210.0 real, 112.4 MB
[runlim] sample:		201.1 time, 220.0 real, 113.5 MB
[runlim] sample:		211.1 time, 230.0 real, 117.1 MB
[runlim] sample:		221.0 time, 240.0 real, 123.8 MB
[runlim] sample:		231.0 time, 250.0 real, 126.1 MB
[runlim] sample:		241.0 time, 260.0 real, 126.6 MB
[runlim] sample:		251.0 time, 270.0 real, 128.9 MB
[runlim] sample:		261.0 time, 280.0 real, 129.2 MB
[runlim] sample:		271.0 time, 290.0 real, 129.8 MB
[runlim] sample:		281.0 time, 300.0 real, 130.8 MB
[runlim] sample:		291.0 time, 310.0 real, 131.3 MB
[runlim] sample:		301.0 time, 320.0 real, 134.7 MB
[runlim] sample:		311.0 time, 330.0 real, 135.5 MB
[runlim] sample:		321.0 time, 340.0 real, 135.7 MB
[runlim] sample:		331.0 time, 350.0 real, 135.7 MB
[runlim] sample:		341.0 time, 360.0 real, 135.7 MB
[runlim] sample:		351.0 time, 370.0 real, 136.0 MB
[runlim] sample:		361.0 time, 380.0 real, 136.8 MB
[runlim] sample:		371.0 time, 390.0 real, 137.3 MB
[runlim] sample:		381.0 time, 400.0 real, 138.0 MB
[runlim] sample:		391.0 time, 410.0 real, 138.3 MB
[runlim] sample:		401.0 time, 420.0 real, 138.3 MB
[runlim] sample:		411.0 time, 430.0 real, 138.3 MB
[runlim] sample:		421.0 time, 440.0 real, 138.3 MB
[runlim] sample:		431.0 time, 450.0 real, 138.8 MB
[runlim] sample:		441.0 time, 460.0 real, 138.8 MB
[runlim] sample:		451.0 time, 470.0 real, 138.8 MB
[runlim] sample:		461.0 time, 480.0 real, 144.5 MB
[runlim] sample:		471.0 time, 490.0 real, 145.5 MB
[runlim] sample:		481.0 time, 500.0 real, 145.8 MB
[runlim] sample:		491.0 time, 510.0 real, 154.0 MB
[runlim] sample:		501.0 time, 520.0 real, 155.6 MB
[runlim] sample:		511.0 time, 530.0 real, 155.8 MB
[runlim] sample:		521.0 time, 540.0 real, 156.1 MB
[runlim] sample:		531.0 time, 550.0 real, 156.1 MB
[runlim] sample:		540.9 time, 560.0 real, 156.6 MB
[runlim] sample:		550.9 time, 570.0 real, 158.9 MB
[runlim] sample:		560.9 time, 580.0 real, 158.9 MB
[runlim] sample:		570.9 time, 590.0 real, 159.2 MB
[runlim] sample:		580.8 time, 600.0 real, 161.5 MB
[runlim] sample:		590.8 time, 610.0 real, 165.9 MB
[runlim] sample:		600.4 time, 620.0 real, 168.5 MB
[runlim] sample:		608.8 time, 630.0 real, 171.0 MB
[runlim] sample:		617.2 time, 640.0 real, 172.1 MB
[runlim] sample:		625.5 time, 650.0 real, 172.1 MB
[runlim] sample:		633.4 time, 660.0 real, 172.1 MB
[runlim] sample:		641.5 time, 670.0 real, 172.3 MB
[runlim] sample:		650.2 time, 680.0 real, 172.3 MB
[runlim] sample:		658.5 time, 690.0 real, 172.6 MB
[runlim] sample:		667.5 time, 700.0 real, 172.6 MB
[runlim] sample:		677.5 time, 710.0 real, 173.1 MB
[runlim] sample:		687.5 time, 720.0 real, 173.1 MB
[runlim] sample:		697.5 time, 730.0 real, 173.4 MB
[runlim] sample:		706.9 time, 740.0 real, 173.4 MB
[runlim] sample:		713.9 time, 750.0 real, 173.4 MB
[runlim] sample:		721.9 time, 760.0 real, 173.4 MB
[runlim] sample:		729.9 time, 770.0 real, 173.4 MB
[runlim] sample:		739.6 time, 780.0 real, 173.4 MB
[runlim] sample:		749.6 time, 790.0 real, 173.9 MB
[runlim] sample:		757.1 time, 800.0 real, 173.9 MB
[runlim] sample:		766.2 time, 810.0 real, 174.1 MB
[runlim] sample:		773.1 time, 820.0 real, 177.0 MB
[runlim] sample:		782.5 time, 830.0 real, 177.5 MB
[runlim] sample:		792.3 time, 840.0 real, 177.5 MB
[runlim] sample:		801.8 time, 850.0 real, 178.0 MB
[runlim] sample:		811.8 time, 860.0 real, 180.6 MB
[runlim] sample:		821.3 time, 870.0 real, 180.6 MB
[runlim] sample:		830.2 time, 880.0 real, 187.0 MB
[runlim] sample:		839.6 time, 890.0 real, 187.9 MB
[runlim] sample:		848.7 time, 900.0 real, 189.1 MB
[runlim] sample:		857.6 time, 910.0 real, 189.9 MB
[runlim] sample:		867.5 time, 920.0 real, 189.9 MB
[runlim] sample:		877.1 time, 930.0 real, 190.9 MB
[runlim] sample:		886.5 time, 940.0 real, 192.0 MB
[runlim] sample:		896.4 time, 950.0 real, 195.1 MB
[runlim] sample:		905.8 time, 960.0 real, 195.6 MB
[runlim] sample:		914.1 time, 970.0 real, 195.8 MB
[runlim] sample:		922.7 time, 980.0 real, 195.8 MB
[runlim] sample:		932.4 time, 990.0 real, 196.1 MB
[runlim] sample:		941.9 time, 1000.0 real, 196.1 MB
[runlim] sample:		951.6 time, 1010.0 real, 196.4 MB
[runlim] sample:		961.0 time, 1020.0 real, 196.4 MB
[runlim] sample:		970.7 time, 1030.0 real, 196.4 MB
[runlim] sample:		979.9 time, 1040.0 real, 196.4 MB
[runlim] sample:		988.2 time, 1050.0 real, 196.7 MB
[runlim] sample:		996.6 time, 1060.0 real, 196.7 MB
[runlim] sample:		1005.4 time, 1070.0 real, 199.0 MB
[runlim] sample:		1014.3 time, 1080.0 real, 199.2 MB
[runlim] sample:		1024.3 time, 1090.0 real, 199.2 MB
[runlim] sample:		1034.3 time, 1100.0 real, 199.2 MB
[runlim] sample:		1044.2 time, 1110.0 real, 199.5 MB
[runlim] sample:		1053.3 time, 1120.0 real, 202.3 MB
[runlim] sample:		1062.1 time, 1130.0 real, 202.3 MB
[runlim] sample:		1071.5 time, 1140.0 real, 202.6 MB
[runlim] sample:		1081.4 time, 1150.0 real, 203.1 MB
[runlim] sample:		1091.2 time, 1160.0 real, 203.1 MB
[runlim] sample:		1100.3 time, 1170.0 real, 203.1 MB
[runlim] sample:		1110.3 time, 1180.0 real, 203.4 MB
[runlim] sample:		1120.3 time, 1190.0 real, 203.9 MB
[runlim] sample:		1130.3 time, 1200.0 real, 203.9 MB
[runlim] sample:		1140.3 time, 1210.0 real, 203.9 MB
[runlim] sample:		1149.8 time, 1220.0 real, 203.9 MB
[runlim] sample:		1159.0 time, 1230.0 real, 203.9 MB
[runlim] sample:		1168.9 time, 1240.0 real, 203.9 MB
[runlim] sample:		1178.9 time, 1250.0 real, 203.9 MB
[runlim] sample:		1188.9 time, 1260.0 real, 204.1 MB
[runlim] sample:		1198.5 time, 1270.0 real, 204.1 MB
[runlim] sample:		1206.5 time, 1280.0 real, 204.1 MB
[runlim] sample:		1214.8 time, 1290.0 real, 204.1 MB
[runlim] sample:		1224.6 time, 1300.0 real, 207.2 MB
[runlim] sample:		1234.6 time, 1310.0 real, 211.1 MB
[runlim] sample:		1244.6 time, 1320.0 real, 211.1 MB
[runlim] sample:		1254.6 time, 1330.0 real, 211.1 MB
[runlim] sample:		1264.6 time, 1340.0 real, 211.1 MB
[runlim] sample:		1274.6 time, 1350.0 real, 211.4 MB
[runlim] sample:		1284.0 time, 1360.0 real, 211.4 MB
[runlim] sample:		1292.8 time, 1370.0 real, 211.4 MB
[runlim] sample:		1301.5 time, 1380.0 real, 211.4 MB
[runlim] sample:		1311.5 time, 1390.0 real, 211.4 MB
[runlim] sample:		1321.0 time, 1400.0 real, 213.2 MB
[runlim] sample:		1329.5 time, 1410.0 real, 216.3 MB
[runlim] sample:		1339.5 time, 1420.0 real, 216.3 MB
[runlim] sample:		1349.5 time, 1430.0 real, 216.5 MB
[runlim] sample:		1359.5 time, 1440.0 real, 216.5 MB
[runlim] sample:		1369.5 time, 1450.0 real, 217.0 MB
[runlim] sample:		1379.5 time, 1460.0 real, 217.0 MB
[runlim] sample:		1389.5 time, 1470.0 real, 217.0 MB
[runlim] sample:		1399.5 time, 1480.0 real, 217.0 MB
[runlim] sample:		1409.5 time, 1490.0 real, 217.0 MB
[runlim] sample:		1419.5 time, 1500.0 real, 217.0 MB
[runlim] sample:		1429.4 time, 1510.0 real, 217.0 MB
[runlim] sample:		1439.4 time, 1520.0 real, 217.0 MB
[runlim] sample:		1449.4 time, 1530.0 real, 217.3 MB
[runlim] sample:		1459.4 time, 1540.0 real, 217.3 MB
[runlim] sample:		1469.4 time, 1550.0 real, 222.6 MB
[runlim] sample:		1477.9 time, 1560.0 real, 222.8 MB
[runlim] sample:		1486.9 time, 1570.0 real, 222.8 MB
[runlim] sample:		1496.2 time, 1580.0 real, 222.8 MB
[runlim] sample:		1506.2 time, 1590.0 real, 223.1 MB
[runlim] sample:		1516.1 time, 1600.0 real, 223.1 MB
[runlim] sample:		1524.7 time, 1610.0 real, 223.1 MB
[runlim] sample:		1534.7 time, 1620.0 real, 223.3 MB
[runlim] sample:		1544.7 time, 1630.0 real, 223.3 MB
[runlim] sample:		1554.6 time, 1640.0 real, 223.8 MB
[runlim] sample:		1564.6 time, 1650.0 real, 228.0 MB
[runlim] sample:		1574.1 time, 1660.0 real, 228.0 MB
[runlim] sample:		1581.8 time, 1670.0 real, 228.0 MB
[runlim] sample:		1590.1 time, 1680.0 real, 228.0 MB
[runlim] sample:		1600.1 time, 1690.0 real, 228.0 MB
[runlim] sample:		1610.1 time, 1700.0 real, 228.0 MB
[runlim] sample:		1620.1 time, 1710.0 real, 228.0 MB
[runlim] sample:		1629.9 time, 1720.0 real, 228.5 MB
[runlim] sample:		1638.3 time, 1730.0 real, 228.5 MB
[runlim] sample:		1647.2 time, 1740.0 real, 228.5 MB
[runlim] sample:		1657.2 time, 1750.0 real, 228.5 MB
[runlim] sample:		1666.3 time, 1760.0 real, 228.5 MB
[runlim] sample:		1674.0 time, 1770.0 real, 228.7 MB
[runlim] sample:		1681.7 time, 1780.0 real, 228.7 MB
[runlim] sample:		1689.3 time, 1790.0 real, 228.7 MB
[runlim] sample:		1698.7 time, 1800.0 real, 233.1 MB
[runlim] sample:		1708.7 time, 1810.0 real, 233.1 MB
[runlim] sample:		1718.6 time, 1820.0 real, 233.1 MB
[runlim] sample:		1728.5 time, 1830.0 real, 233.1 MB
[runlim] sample:		1738.5 time, 1840.0 real, 233.4 MB
[runlim] sample:		1748.5 time, 1850.0 real, 233.4 MB
[runlim] sample:		1758.5 time, 1860.0 real, 233.4 MB
[runlim] sample:		1767.1 time, 1870.0 real, 233.4 MB
[runlim] sample:		1777.0 time, 1880.0 real, 233.4 MB
[runlim] sample:		1787.0 time, 1890.0 real, 233.4 MB
[runlim] sample:		1797.0 time, 1900.0 real, 233.9 MB
CVC4 interrupted by SIGTERM.
[runlim] end:			Fri Feb 15 02:58:10 2019
[runlim] status:		out of time
[runlim] result:		2
[runlim] children:		0
[runlim] real:			1903.03 seconds
[runlim] time:			1800.03 seconds
[runlim] space:			233.9 MB
[runlim] samples:		19030
