[runlim] version:		1.10fixed
[runlim] time limit:		300 seconds
[runlim] real time limit:	311040000 seconds
[runlim] space limit:		4000 MB
[runlim] argv[0]:		./cvc4
[runlim] argv[1]:		--nl-ext-tplanes
[runlim] argv[2]:		--full-saturate-quant
[runlim] argv[3]:		--no-e-matching
[runlim] argv[4]:		/tmp/0z2m5KiK.smt2
[runlim] start:			Tue Jan 29 13:47:37 2019
[runlim] main pid:		10480
/tmp/0z2m5KiK.smt2:4.12: No set-logic command was given before this point.
/tmp/0z2m5KiK.smt2:4.12: CVC4 will make all theories available.
/tmp/0z2m5KiK.smt2:4.12: Consider setting a stricter logic for (likely) better performance.
/tmp/0z2m5KiK.smt2:4.12: To suppress this warning in the future use (set-logic ALL).
[runlim] sample:		9.8 time, 11.0 real, 47.1 MB
[runlim] sample:		19.1 time, 21.0 real, 57.9 MB
[runlim] end:			Tue Jan 29 13:48:06 2019
[runlim] status:		ok
[runlim] result:		0
[runlim] children:		0
[runlim] real:			29.90 seconds
[runlim] time:			27.98 seconds
[runlim] space:			60.7 MB
[runlim] samples:		289
