[runlim] version:		1.10fixed
[runlim] time limit:		300 seconds
[runlim] real time limit:	311040000 seconds
[runlim] space limit:		4000 MB
[runlim] argv[0]:		./cvc4
[runlim] argv[1]:		--nl-ext-tplanes
[runlim] argv[2]:		--full-saturate-quant
[runlim] argv[3]:		--no-e-matching
[runlim] argv[4]:		/tmp/VjXtUOzr.smt2
[runlim] start:			Wed Feb 13 23:45:25 2019
[runlim] main pid:		966
/tmp/VjXtUOzr.smt2:4.12: No set-logic command was given before this point.
/tmp/VjXtUOzr.smt2:4.12: CVC4 will make all theories available.
/tmp/VjXtUOzr.smt2:4.12: Consider setting a stricter logic for (likely) better performance.
/tmp/VjXtUOzr.smt2:4.12: To suppress this warning in the future use (set-logic ALL).
[runlim] end:			Wed Feb 13 23:45:33 2019
[runlim] status:		ok
[runlim] result:		0
[runlim] children:		0
[runlim] real:			8.10 seconds
[runlim] time:			7.65 seconds
[runlim] space:			43.2 MB
[runlim] samples:		79
