[runlim] version:		1.10fixed
[runlim] time limit:		300 seconds
[runlim] real time limit:	311040000 seconds
[runlim] space limit:		4000 MB
[runlim] argv[0]:		./cvc4
[runlim] argv[1]:		--nl-ext-tplanes
[runlim] argv[2]:		--full-saturate-quant
[runlim] argv[3]:		--no-e-matching
[runlim] argv[4]:		/tmp/uCTgveop.smt2
[runlim] start:			Tue Jan 29 13:38:46 2019
[runlim] main pid:		25555
/tmp/uCTgveop.smt2:4.12: No set-logic command was given before this point.
/tmp/uCTgveop.smt2:4.12: CVC4 will make all theories available.
/tmp/uCTgveop.smt2:4.12: Consider setting a stricter logic for (likely) better performance.
/tmp/uCTgveop.smt2:4.12: To suppress this warning in the future use (set-logic ALL).
[runlim] sample:		8.7 time, 10.3 real, 46.2 MB
[runlim] sample:		18.6 time, 20.3 real, 55.1 MB
[runlim] sample:		28.6 time, 30.3 real, 58.3 MB
[runlim] sample:		38.3 time, 40.3 real, 58.5 MB
[runlim] sample:		47.4 time, 50.3 real, 59.0 MB
[runlim] sample:		57.4 time, 60.3 real, 59.8 MB
[runlim] sample:		67.4 time, 70.3 real, 60.6 MB
[runlim] sample:		77.4 time, 80.3 real, 60.8 MB
[runlim] sample:		87.1 time, 90.3 real, 61.3 MB
[runlim] sample:		97.1 time, 100.3 real, 62.1 MB
[runlim] sample:		107.1 time, 110.3 real, 62.6 MB
[runlim] sample:		117.1 time, 120.3 real, 62.9 MB
[runlim] sample:		127.1 time, 130.3 real, 63.7 MB
[runlim] sample:		137.1 time, 140.3 real, 64.4 MB
[runlim] sample:		147.1 time, 150.3 real, 65.0 MB
[runlim] sample:		157.1 time, 160.3 real, 65.2 MB
[runlim] sample:		167.1 time, 170.3 real, 66.0 MB
[runlim] sample:		177.1 time, 180.3 real, 66.8 MB
[runlim] sample:		187.1 time, 190.3 real, 67.3 MB
[runlim] sample:		197.1 time, 200.3 real, 67.8 MB
[runlim] sample:		207.1 time, 210.3 real, 68.3 MB
[runlim] sample:		217.1 time, 220.3 real, 69.1 MB
[runlim] sample:		227.1 time, 230.3 real, 69.6 MB
[runlim] sample:		237.0 time, 240.3 real, 70.1 MB
[runlim] sample:		245.6 time, 250.3 real, 70.6 MB
[runlim] sample:		253.8 time, 260.3 real, 71.4 MB
[runlim] sample:		263.8 time, 270.3 real, 71.9 MB
[runlim] sample:		273.8 time, 280.3 real, 72.9 MB
[runlim] sample:		283.8 time, 290.3 real, 73.2 MB
[runlim] sample:		293.8 time, 300.3 real, 73.7 MB
CVC4 interrupted by SIGTERM.
[runlim] end:			Tue Jan 29 13:43:52 2019
[runlim] status:		out of time
[runlim] result:		2
[runlim] children:		0
[runlim] real:			306.56 seconds
[runlim] time:			300.02 seconds
[runlim] space:			74.6 MB
[runlim] samples:		3062
