[runlim] version:		1.10fixed
[runlim] time limit:		300 seconds
[runlim] real time limit:	311040000 seconds
[runlim] space limit:		4000 MB
[runlim] argv[0]:		./cvc4
[runlim] argv[1]:		--nl-ext-tplanes
[runlim] argv[2]:		--full-saturate-quant
[runlim] argv[3]:		--no-e-matching
[runlim] argv[4]:		/tmp/rDnbpRIn.smt2
[runlim] start:			Tue Jan 29 13:39:06 2019
[runlim] main pid:		4981
/tmp/rDnbpRIn.smt2:4.12: No set-logic command was given before this point.
/tmp/rDnbpRIn.smt2:4.12: CVC4 will make all theories available.
/tmp/rDnbpRIn.smt2:4.12: Consider setting a stricter logic for (likely) better performance.
/tmp/rDnbpRIn.smt2:4.12: To suppress this warning in the future use (set-logic ALL).
[runlim] sample:		9.6 time, 10.0 real, 39.5 MB
[runlim] sample:		18.8 time, 20.0 real, 41.5 MB
[runlim] sample:		28.7 time, 30.0 real, 42.0 MB
[runlim] sample:		38.7 time, 40.0 real, 42.2 MB
[runlim] sample:		48.1 time, 50.0 real, 42.5 MB
[runlim] sample:		58.1 time, 60.0 real, 42.8 MB
[runlim] sample:		68.1 time, 70.0 real, 42.8 MB
[runlim] sample:		78.1 time, 80.0 real, 43.0 MB
[runlim] sample:		88.1 time, 90.0 real, 43.3 MB
[runlim] sample:		98.1 time, 100.0 real, 43.8 MB
[runlim] sample:		108.1 time, 110.0 real, 44.0 MB
[runlim] sample:		118.1 time, 120.0 real, 44.0 MB
[runlim] sample:		128.1 time, 130.0 real, 44.3 MB
[runlim] sample:		138.1 time, 140.0 real, 44.6 MB
[runlim] sample:		147.9 time, 150.0 real, 45.3 MB
[runlim] sample:		157.3 time, 160.0 real, 45.3 MB
[runlim] sample:		166.7 time, 170.0 real, 45.3 MB
[runlim] sample:		176.0 time, 180.0 real, 45.6 MB
[runlim] sample:		185.4 time, 190.0 real, 46.1 MB
[runlim] sample:		194.8 time, 200.0 real, 46.4 MB
[runlim] sample:		204.1 time, 210.0 real, 46.6 MB
[runlim] sample:		212.8 time, 220.0 real, 47.1 MB
[runlim] sample:		221.5 time, 230.0 real, 47.1 MB
[runlim] sample:		230.2 time, 240.0 real, 47.1 MB
[runlim] sample:		240.0 time, 250.0 real, 47.4 MB
[runlim] sample:		250.0 time, 260.0 real, 47.9 MB
[runlim] sample:		260.0 time, 270.0 real, 48.2 MB
[runlim] sample:		270.0 time, 280.0 real, 48.2 MB
[runlim] sample:		280.0 time, 290.0 real, 48.4 MB
[runlim] sample:		289.5 time, 300.0 real, 48.7 MB
[runlim] sample:		297.6 time, 310.0 real, 48.9 MB
CVC4 interrupted by SIGTERM.
[runlim] end:			Tue Jan 29 13:44:19 2019
[runlim] status:		out of time
[runlim] result:		2
[runlim] children:		0
[runlim] real:			312.83 seconds
[runlim] time:			300.02 seconds
[runlim] space:			49.2 MB
[runlim] samples:		3128
