[runlim] version:		1.10fixed
[runlim] time limit:		300 seconds
[runlim] real time limit:	311040000 seconds
[runlim] space limit:		4000 MB
[runlim] argv[0]:		./cvc4
[runlim] argv[1]:		--nl-ext-tplanes
[runlim] argv[2]:		--full-saturate-quant
[runlim] argv[3]:		--no-e-matching
[runlim] argv[4]:		/tmp/dc1mEZmp.smt2
[runlim] start:			Tue Jan 29 13:36:43 2019
[runlim] main pid:		30107
/tmp/dc1mEZmp.smt2:4.12: No set-logic command was given before this point.
/tmp/dc1mEZmp.smt2:4.12: CVC4 will make all theories available.
/tmp/dc1mEZmp.smt2:4.12: Consider setting a stricter logic for (likely) better performance.
/tmp/dc1mEZmp.smt2:4.12: To suppress this warning in the future use (set-logic ALL).
[runlim] sample:		9.3 time, 10.5 real, 46.1 MB
[runlim] sample:		19.2 time, 20.5 real, 59.0 MB
[runlim] sample:		28.9 time, 30.5 real, 72.1 MB
[runlim] sample:		38.2 time, 40.5 real, 77.5 MB
[runlim] sample:		48.1 time, 50.5 real, 77.5 MB
[runlim] sample:		58.1 time, 60.5 real, 77.5 MB
[runlim] sample:		68.0 time, 70.5 real, 77.5 MB
[runlim] sample:		77.7 time, 80.5 real, 77.5 MB
[runlim] sample:		87.6 time, 90.5 real, 77.5 MB
[runlim] sample:		97.3 time, 100.5 real, 77.5 MB
[runlim] sample:		106.7 time, 110.5 real, 77.5 MB
[runlim] sample:		115.8 time, 120.5 real, 77.5 MB
[runlim] sample:		124.8 time, 130.5 real, 77.5 MB
[runlim] sample:		133.7 time, 140.5 real, 77.5 MB
[runlim] sample:		142.7 time, 150.5 real, 77.5 MB
[runlim] sample:		151.7 time, 160.5 real, 77.5 MB
[runlim] sample:		160.6 time, 170.5 real, 77.5 MB
[runlim] sample:		169.9 time, 180.5 real, 77.5 MB
[runlim] sample:		179.2 time, 190.5 real, 77.5 MB
[runlim] sample:		188.8 time, 200.5 real, 77.5 MB
[runlim] sample:		198.7 time, 210.5 real, 77.5 MB
[runlim] sample:		207.7 time, 220.5 real, 77.5 MB
[runlim] sample:		216.9 time, 230.5 real, 77.5 MB
[runlim] sample:		226.3 time, 240.5 real, 77.5 MB
[runlim] sample:		235.6 time, 250.5 real, 77.5 MB
[runlim] sample:		245.4 time, 260.5 real, 77.5 MB
[runlim] sample:		255.4 time, 270.5 real, 77.5 MB
[runlim] sample:		265.4 time, 280.5 real, 77.5 MB
[runlim] sample:		275.3 time, 290.5 real, 77.5 MB
[runlim] sample:		284.2 time, 300.5 real, 77.5 MB
[runlim] sample:		293.6 time, 310.5 real, 77.5 MB
CVC4 interrupted by SIGTERM.
[runlim] end:			Tue Jan 29 13:42:00 2019
[runlim] status:		out of time
[runlim] result:		2
[runlim] children:		0
[runlim] real:			317.05 seconds
[runlim] time:			300.09 seconds
[runlim] space:			77.5 MB
[runlim] samples:		3165
