[runlim] version:		1.10fixed
[runlim] time limit:		300 seconds
[runlim] real time limit:	311040000 seconds
[runlim] space limit:		4000 MB
[runlim] argv[0]:		./cvc4
[runlim] argv[1]:		--nl-ext-tplanes
[runlim] argv[2]:		--full-saturate-quant
[runlim] argv[3]:		--no-e-matching
[runlim] argv[4]:		/tmp/UdYGblHI.smt2
[runlim] start:			Mon Jan 28 16:03:23 2019
[runlim] main pid:		28734
/tmp/UdYGblHI.smt2:4.12: No set-logic command was given before this point.
/tmp/UdYGblHI.smt2:4.12: CVC4 will make all theories available.
/tmp/UdYGblHI.smt2:4.12: Consider setting a stricter logic for (likely) better performance.
/tmp/UdYGblHI.smt2:4.12: To suppress this warning in the future use (set-logic ALL).
[runlim] sample:		9.5 time, 10.1 real, 41.6 MB
[runlim] sample:		19.4 time, 20.1 real, 48.5 MB
[runlim] sample:		29.4 time, 30.1 real, 53.7 MB
[runlim] sample:		39.4 time, 40.1 real, 60.4 MB
[runlim] sample:		49.4 time, 50.1 real, 60.4 MB
[runlim] sample:		59.4 time, 60.1 real, 61.7 MB
[runlim] sample:		69.4 time, 70.1 real, 64.7 MB
[runlim] sample:		78.2 time, 80.1 real, 71.6 MB
[runlim] sample:		88.2 time, 90.1 real, 71.9 MB
[runlim] sample:		98.2 time, 100.1 real, 72.4 MB
[runlim] sample:		108.2 time, 110.1 real, 73.7 MB
[runlim] sample:		118.2 time, 120.1 real, 76.3 MB
[runlim] sample:		127.6 time, 130.1 real, 79.4 MB
[runlim] sample:		136.3 time, 140.1 real, 80.9 MB
[runlim] sample:		144.9 time, 150.1 real, 81.9 MB
[runlim] sample:		153.6 time, 160.1 real, 84.4 MB
[runlim] sample:		162.2 time, 170.1 real, 85.2 MB
[runlim] sample:		170.9 time, 180.1 real, 87.4 MB
[runlim] sample:		180.2 time, 190.1 real, 88.4 MB
[runlim] sample:		189.8 time, 200.1 real, 90.0 MB
[runlim] sample:		199.5 time, 210.1 real, 91.3 MB
[runlim] sample:		209.1 time, 220.1 real, 92.8 MB
[runlim] sample:		218.6 time, 230.1 real, 94.1 MB
[runlim] sample:		228.3 time, 240.1 real, 95.9 MB
[runlim] sample:		237.6 time, 250.1 real, 97.5 MB
[runlim] sample:		247.6 time, 260.1 real, 99.5 MB
[runlim] sample:		257.6 time, 270.1 real, 101.1 MB
[runlim] sample:		267.3 time, 280.1 real, 102.1 MB
[runlim] sample:		276.7 time, 290.1 real, 102.9 MB
[runlim] sample:		286.4 time, 300.1 real, 103.4 MB
[runlim] sample:		296.4 time, 310.1 real, 104.7 MB
CVC4 interrupted by SIGTERM.
[runlim] end:			Mon Jan 28 16:08:36 2019
[runlim] status:		out of time
[runlim] result:		2
[runlim] children:		0
[runlim] real:			313.78 seconds
[runlim] time:			300.05 seconds
[runlim] space:			104.7 MB
[runlim] samples:		3137
