[runlim] version:		1.10fixed
[runlim] time limit:		300 seconds
[runlim] real time limit:	311040000 seconds
[runlim] space limit:		4000 MB
[runlim] argv[0]:		./cvc4
[runlim] argv[1]:		--nl-ext-tplanes
[runlim] argv[2]:		--full-saturate-quant
[runlim] argv[3]:		--no-e-matching
[runlim] argv[4]:		/tmp/0uUBtkGO.smt2
[runlim] start:			Mon Jan 28 16:06:15 2019
[runlim] main pid:		18185
/tmp/0uUBtkGO.smt2:4.12: No set-logic command was given before this point.
/tmp/0uUBtkGO.smt2:4.12: CVC4 will make all theories available.
/tmp/0uUBtkGO.smt2:4.12: Consider setting a stricter logic for (likely) better performance.
/tmp/0uUBtkGO.smt2:4.12: To suppress this warning in the future use (set-logic ALL).
[runlim] sample:		9.5 time, 10.8 real, 57.3 MB
[runlim] sample:		18.9 time, 20.8 real, 70.3 MB
[runlim] sample:		27.6 time, 30.8 real, 79.1 MB
[runlim] sample:		36.9 time, 40.8 real, 88.2 MB
[runlim] sample:		46.2 time, 50.8 real, 95.4 MB
[runlim] sample:		55.6 time, 60.8 real, 100.8 MB
[runlim] sample:		65.1 time, 70.8 real, 105.2 MB
[runlim] sample:		75.0 time, 80.8 real, 111.0 MB
[runlim] sample:		84.3 time, 90.8 real, 116.1 MB
[runlim] sample:		93.6 time, 100.8 real, 120.5 MB
[runlim] sample:		102.9 time, 110.8 real, 125.1 MB
[runlim] sample:		112.8 time, 120.8 real, 128.5 MB
[runlim] sample:		122.8 time, 130.8 real, 132.4 MB
[runlim] sample:		132.8 time, 140.8 real, 134.4 MB
[runlim] sample:		142.8 time, 150.8 real, 137.4 MB
[runlim] sample:		152.2 time, 160.8 real, 143.5 MB
[runlim] sample:		162.1 time, 170.8 real, 146.9 MB
[runlim] sample:		172.1 time, 180.8 real, 149.7 MB
[runlim] sample:		182.1 time, 190.8 real, 153.1 MB
[runlim] sample:		192.1 time, 200.8 real, 156.4 MB
[runlim] sample:		202.1 time, 210.8 real, 159.8 MB
[runlim] sample:		212.1 time, 220.8 real, 161.9 MB
[runlim] sample:		222.1 time, 230.8 real, 163.9 MB
[runlim] sample:		232.1 time, 240.8 real, 166.5 MB
[runlim] sample:		242.1 time, 250.8 real, 171.3 MB
[runlim] sample:		252.1 time, 260.8 real, 173.3 MB
[runlim] sample:		262.1 time, 270.8 real, 176.2 MB
[runlim] sample:		272.0 time, 280.8 real, 178.0 MB
[runlim] sample:		282.0 time, 290.8 real, 180.0 MB
[runlim] sample:		292.0 time, 300.8 real, 182.1 MB
CVC4 interrupted by SIGTERM.
[runlim] end:			Mon Jan 28 16:11:23 2019
[runlim] status:		out of time
[runlim] result:		2
[runlim] children:		0
[runlim] real:			308.82 seconds
[runlim] time:			300.04 seconds
[runlim] space:			184.2 MB
[runlim] samples:		3080
