[runlim] version:		1.10fixed
[runlim] time limit:		300 seconds
[runlim] real time limit:	311040000 seconds
[runlim] space limit:		4000 MB
[runlim] argv[0]:		./cvc4
[runlim] argv[1]:		--nl-ext-tplanes
[runlim] argv[2]:		--full-saturate-quant
[runlim] argv[3]:		--no-e-matching
[runlim] argv[4]:		/tmp/7SrhJ9e5.smt2
[runlim] start:			Tue Jan 29 13:37:34 2019
[runlim] main pid:		8921
/tmp/7SrhJ9e5.smt2:4.12: No set-logic command was given before this point.
/tmp/7SrhJ9e5.smt2:4.12: CVC4 will make all theories available.
/tmp/7SrhJ9e5.smt2:4.12: Consider setting a stricter logic for (likely) better performance.
/tmp/7SrhJ9e5.smt2:4.12: To suppress this warning in the future use (set-logic ALL).
[runlim] sample:		9.3 time, 10.5 real, 51.8 MB
[runlim] sample:		19.2 time, 20.5 real, 62.4 MB
[runlim] sample:		29.2 time, 30.5 real, 70.4 MB
[runlim] sample:		39.2 time, 40.5 real, 78.6 MB
[runlim] sample:		49.2 time, 50.5 real, 85.1 MB
[runlim] sample:		59.2 time, 60.5 real, 90.5 MB
[runlim] sample:		69.2 time, 70.5 real, 95.3 MB
[runlim] sample:		79.2 time, 80.5 real, 100.2 MB
[runlim] sample:		89.2 time, 90.5 real, 105.2 MB
[runlim] sample:		99.2 time, 100.5 real, 109.3 MB
[runlim] sample:		109.2 time, 110.5 real, 113.4 MB
[runlim] sample:		119.2 time, 120.5 real, 116.2 MB
[runlim] sample:		129.2 time, 130.5 real, 120.1 MB
[runlim] sample:		139.2 time, 140.5 real, 123.8 MB
[runlim] sample:		149.2 time, 150.5 real, 127.4 MB
[runlim] sample:		157.7 time, 160.5 real, 129.8 MB
[runlim] sample:		167.7 time, 170.5 real, 132.3 MB
[runlim] sample:		177.2 time, 180.5 real, 136.0 MB
[runlim] sample:		186.2 time, 190.5 real, 140.1 MB
[runlim] sample:		196.2 time, 200.5 real, 142.9 MB
[runlim] sample:		206.2 time, 210.5 real, 146.5 MB
[runlim] sample:		216.2 time, 220.5 real, 148.6 MB
[runlim] sample:		226.2 time, 230.5 real, 151.2 MB
[runlim] sample:		236.2 time, 240.5 real, 153.5 MB
[runlim] sample:		246.2 time, 250.5 real, 156.8 MB
[runlim] sample:		256.2 time, 260.5 real, 159.1 MB
[runlim] sample:		266.2 time, 270.5 real, 163.8 MB
[runlim] sample:		276.2 time, 280.5 real, 165.3 MB
[runlim] sample:		286.2 time, 290.5 real, 167.6 MB
[runlim] sample:		296.2 time, 300.5 real, 170.0 MB
CVC4 interrupted by SIGTERM.
[runlim] end:			Tue Jan 29 13:42:38 2019
[runlim] status:		out of time
[runlim] result:		2
[runlim] children:		0
[runlim] real:			304.41 seconds
[runlim] time:			300.08 seconds
[runlim] space:			170.5 MB
[runlim] samples:		3039
