[runlim] version:		1.10fixed
[runlim] time limit:		300 seconds
[runlim] real time limit:	311040000 seconds
[runlim] space limit:		4000 MB
[runlim] argv[0]:		./cvc4
[runlim] argv[1]:		--nl-ext-tplanes
[runlim] argv[2]:		--full-saturate-quant
[runlim] argv[3]:		--no-e-matching
[runlim] argv[4]:		/tmp/F17yYYWb.smt2
[runlim] start:			Mon Jan 28 16:07:44 2019
[runlim] main pid:		25930
/tmp/F17yYYWb.smt2:4.12: No set-logic command was given before this point.
/tmp/F17yYYWb.smt2:4.12: CVC4 will make all theories available.
/tmp/F17yYYWb.smt2:4.12: Consider setting a stricter logic for (likely) better performance.
/tmp/F17yYYWb.smt2:4.12: To suppress this warning in the future use (set-logic ALL).
[runlim] sample:		7.6 time, 10.4 real, 48.4 MB
[runlim] sample:		16.7 time, 20.4 real, 58.0 MB
[runlim] sample:		26.7 time, 30.4 real, 65.4 MB
[runlim] sample:		36.7 time, 40.4 real, 70.3 MB
[runlim] sample:		46.7 time, 50.4 real, 75.6 MB
[runlim] sample:		56.7 time, 60.4 real, 79.7 MB
[runlim] sample:		66.7 time, 70.4 real, 83.9 MB
[runlim] sample:		76.7 time, 80.4 real, 87.8 MB
[runlim] sample:		86.7 time, 90.4 real, 91.1 MB
[runlim] sample:		96.6 time, 100.4 real, 94.5 MB
[runlim] sample:		106.6 time, 110.4 real, 96.3 MB
[runlim] sample:		116.6 time, 120.4 real, 98.9 MB
[runlim] sample:		125.1 time, 130.4 real, 101.5 MB
[runlim] sample:		134.4 time, 140.4 real, 103.6 MB
[runlim] sample:		143.8 time, 150.4 real, 105.4 MB
[runlim] sample:		153.7 time, 160.4 real, 108.2 MB
[runlim] sample:		163.5 time, 170.4 real, 110.0 MB
[runlim] sample:		173.3 time, 180.4 real, 111.6 MB
[runlim] sample:		183.3 time, 190.4 real, 113.1 MB
[runlim] sample:		193.3 time, 200.4 real, 114.9 MB
[runlim] sample:		203.3 time, 210.4 real, 116.7 MB
[runlim] sample:		213.3 time, 220.4 real, 118.3 MB
[runlim] sample:		223.3 time, 230.4 real, 119.8 MB
[runlim] sample:		233.3 time, 240.4 real, 121.6 MB
[runlim] sample:		243.3 time, 250.4 real, 122.9 MB
[runlim] sample:		253.3 time, 260.4 real, 125.3 MB
[runlim] sample:		263.3 time, 270.4 real, 126.8 MB
[runlim] sample:		273.3 time, 280.4 real, 127.6 MB
[runlim] sample:		283.3 time, 290.4 real, 128.9 MB
[runlim] sample:		293.3 time, 300.4 real, 131.4 MB
CVC4 interrupted by SIGTERM.
[runlim] end:			Mon Jan 28 16:12:51 2019
[runlim] status:		out of time
[runlim] result:		2
[runlim] children:		0
[runlim] real:			307.13 seconds
[runlim] time:			300.03 seconds
[runlim] space:			132.7 MB
[runlim] samples:		3067
