[runlim] version:		1.10fixed
[runlim] time limit:		300 seconds
[runlim] real time limit:	311040000 seconds
[runlim] space limit:		4000 MB
[runlim] argv[0]:		./cvc4
[runlim] argv[1]:		--nl-ext-tplanes
[runlim] argv[2]:		--full-saturate-quant
[runlim] argv[3]:		--no-e-matching
[runlim] argv[4]:		/tmp/Jg0fu3xe.smt2
[runlim] start:			Mon Jan 28 16:07:13 2019
[runlim] main pid:		15875
/tmp/Jg0fu3xe.smt2:4.12: No set-logic command was given before this point.
/tmp/Jg0fu3xe.smt2:4.12: CVC4 will make all theories available.
/tmp/Jg0fu3xe.smt2:4.12: Consider setting a stricter logic for (likely) better performance.
/tmp/Jg0fu3xe.smt2:4.12: To suppress this warning in the future use (set-logic ALL).
[runlim] sample:		8.8 time, 10.0 real, 43.5 MB
[runlim] end:			Mon Jan 28 16:07:26 2019
[runlim] status:		ok
[runlim] result:		0
[runlim] children:		0
[runlim] real:			13.38 seconds
[runlim] time:			11.93 seconds
[runlim] space:			49.4 MB
[runlim] samples:		133
