[runlim] version:		1.10fixed
[runlim] time limit:		300 seconds
[runlim] real time limit:	311040000 seconds
[runlim] space limit:		4000 MB
[runlim] argv[0]:		./cvc4
[runlim] argv[1]:		--nl-ext-tplanes
[runlim] argv[2]:		--full-saturate-quant
[runlim] argv[3]:		--no-e-matching
[runlim] argv[4]:		/tmp/WgqbGrTh.smt2
[runlim] start:			Mon Jan 28 16:08:17 2019
[runlim] main pid:		5869
/tmp/WgqbGrTh.smt2:4.12: No set-logic command was given before this point.
/tmp/WgqbGrTh.smt2:4.12: CVC4 will make all theories available.
/tmp/WgqbGrTh.smt2:4.12: Consider setting a stricter logic for (likely) better performance.
/tmp/WgqbGrTh.smt2:4.12: To suppress this warning in the future use (set-logic ALL).
[runlim] sample:		8.7 time, 10.9 real, 42.7 MB
[runlim] sample:		18.7 time, 20.9 real, 51.5 MB
[runlim] sample:		28.7 time, 30.9 real, 68.5 MB
[runlim] sample:		38.7 time, 40.9 real, 84.2 MB
[runlim] sample:		48.7 time, 50.9 real, 84.5 MB
[runlim] sample:		58.7 time, 60.9 real, 85.0 MB
[runlim] sample:		68.2 time, 70.9 real, 86.0 MB
[runlim] sample:		78.2 time, 80.9 real, 93.7 MB
[runlim] sample:		87.2 time, 90.9 real, 95.3 MB
[runlim] sample:		97.2 time, 100.9 real, 95.5 MB
[runlim] sample:		106.3 time, 110.9 real, 95.5 MB
[runlim] sample:		115.4 time, 120.9 real, 95.5 MB
[runlim] sample:		124.1 time, 130.9 real, 95.5 MB
[runlim] sample:		133.4 time, 140.9 real, 95.5 MB
[runlim] sample:		142.6 time, 150.9 real, 95.5 MB
[runlim] sample:		152.6 time, 160.9 real, 95.5 MB
[runlim] sample:		162.6 time, 170.9 real, 95.8 MB
[runlim] sample:		172.6 time, 180.9 real, 95.8 MB
[runlim] sample:		182.6 time, 190.9 real, 95.8 MB
[runlim] sample:		192.4 time, 200.9 real, 95.8 MB
[runlim] sample:		200.8 time, 210.9 real, 95.8 MB
[runlim] sample:		209.1 time, 220.9 real, 95.8 MB
[runlim] sample:		217.4 time, 230.9 real, 95.8 MB
[runlim] sample:		227.4 time, 240.9 real, 95.8 MB
[runlim] sample:		237.4 time, 250.9 real, 95.8 MB
[runlim] sample:		247.3 time, 260.9 real, 95.8 MB
[runlim] sample:		257.1 time, 270.9 real, 95.8 MB
[runlim] sample:		266.2 time, 280.9 real, 95.8 MB
[runlim] sample:		274.6 time, 290.9 real, 95.8 MB
[runlim] sample:		283.6 time, 300.9 real, 95.8 MB
[runlim] sample:		292.8 time, 310.9 real, 95.8 MB
CVC4 interrupted by SIGTERM.
[runlim] end:			Mon Jan 28 16:13:35 2019
[runlim] status:		out of time
[runlim] result:		2
[runlim] children:		0
[runlim] real:			318.90 seconds
[runlim] time:			300.05 seconds
[runlim] space:			95.8 MB
[runlim] samples:		3180
