[runlim] version:		1.10fixed
[runlim] time limit:		300 seconds
[runlim] real time limit:	311040000 seconds
[runlim] space limit:		4000 MB
[runlim] argv[0]:		./cvc4
[runlim] argv[1]:		--nl-ext-tplanes
[runlim] argv[2]:		--full-saturate-quant
[runlim] argv[3]:		--no-e-matching
[runlim] argv[4]:		/tmp/bnn7RinJ.smt2
[runlim] start:			Tue Jan 29 13:37:34 2019
[runlim] main pid:		5864
/tmp/bnn7RinJ.smt2:4.12: No set-logic command was given before this point.
/tmp/bnn7RinJ.smt2:4.12: CVC4 will make all theories available.
/tmp/bnn7RinJ.smt2:4.12: Consider setting a stricter logic for (likely) better performance.
/tmp/bnn7RinJ.smt2:4.12: To suppress this warning in the future use (set-logic ALL).
[runlim] sample:		9.1 time, 10.0 real, 43.9 MB
[runlim] sample:		19.1 time, 20.0 real, 55.9 MB
[runlim] sample:		27.9 time, 30.0 real, 64.3 MB
[runlim] sample:		37.5 time, 40.0 real, 72.4 MB
[runlim] sample:		47.5 time, 50.0 real, 80.6 MB
[runlim] sample:		57.5 time, 60.0 real, 84.5 MB
[runlim] sample:		66.7 time, 70.0 real, 85.8 MB
[runlim] sample:		75.5 time, 80.0 real, 86.3 MB
[runlim] sample:		84.5 time, 90.0 real, 86.8 MB
[runlim] sample:		93.5 time, 100.0 real, 88.6 MB
[runlim] sample:		102.2 time, 110.0 real, 91.4 MB
[runlim] sample:		111.6 time, 120.0 real, 102.8 MB
[runlim] sample:		121.4 time, 130.0 real, 102.8 MB
[runlim] sample:		131.4 time, 140.0 real, 103.0 MB
[runlim] sample:		140.6 time, 150.0 real, 103.0 MB
[runlim] sample:		150.3 time, 160.0 real, 103.0 MB
[runlim] sample:		160.1 time, 170.0 real, 103.5 MB
[runlim] sample:		170.0 time, 180.0 real, 103.8 MB
[runlim] sample:		180.0 time, 190.0 real, 104.3 MB
[runlim] sample:		189.6 time, 200.0 real, 104.6 MB
[runlim] sample:		199.5 time, 210.0 real, 104.6 MB
[runlim] sample:		209.2 time, 220.0 real, 104.6 MB
[runlim] sample:		218.9 time, 230.0 real, 104.8 MB
[runlim] sample:		228.7 time, 240.0 real, 105.6 MB
[runlim] sample:		238.4 time, 250.0 real, 106.6 MB
[runlim] sample:		247.6 time, 260.0 real, 107.7 MB
[runlim] sample:		257.6 time, 270.0 real, 108.4 MB
[runlim] sample:		267.3 time, 280.0 real, 114.6 MB
[runlim] sample:		277.1 time, 290.0 real, 115.3 MB
[runlim] sample:		287.0 time, 300.0 real, 121.5 MB
[runlim] sample:		297.0 time, 310.0 real, 122.8 MB
CVC4 interrupted by SIGTERM.
[runlim] end:			Tue Jan 29 13:42:47 2019
[runlim] status:		out of time
[runlim] result:		2
[runlim] children:		0
[runlim] real:			313.07 seconds
[runlim] time:			300.01 seconds
[runlim] space:			122.8 MB
[runlim] samples:		3130
