[runlim] version:		1.10fixed
[runlim] time limit:		300 seconds
[runlim] real time limit:	311040000 seconds
[runlim] space limit:		4000 MB
[runlim] argv[0]:		./cvc4
[runlim] argv[1]:		--nl-ext-tplanes
[runlim] argv[2]:		--full-saturate-quant
[runlim] argv[3]:		--no-e-matching
[runlim] argv[4]:		/tmp/FTCbEIWR.smt2
[runlim] start:			Tue Jan 29 13:37:42 2019
[runlim] main pid:		29215
/tmp/FTCbEIWR.smt2:4.12: No set-logic command was given before this point.
/tmp/FTCbEIWR.smt2:4.12: CVC4 will make all theories available.
/tmp/FTCbEIWR.smt2:4.12: Consider setting a stricter logic for (likely) better performance.
/tmp/FTCbEIWR.smt2:4.12: To suppress this warning in the future use (set-logic ALL).
[runlim] sample:		9.6 time, 10.5 real, 49.8 MB
[runlim] sample:		19.6 time, 20.5 real, 61.4 MB
[runlim] sample:		29.6 time, 30.5 real, 69.4 MB
[runlim] sample:		39.6 time, 40.5 real, 77.1 MB
[runlim] sample:		49.6 time, 50.5 real, 84.3 MB
[runlim] sample:		59.6 time, 60.5 real, 89.4 MB
[runlim] sample:		69.5 time, 70.5 real, 94.9 MB
[runlim] sample:		79.3 time, 80.5 real, 98.5 MB
[runlim] sample:		89.3 time, 90.5 real, 102.6 MB
[runlim] sample:		99.3 time, 100.5 real, 105.9 MB
[runlim] sample:		109.3 time, 110.5 real, 110.1 MB
[runlim] sample:		119.3 time, 120.5 real, 112.9 MB
[runlim] sample:		129.3 time, 130.5 real, 119.1 MB
[runlim] sample:		139.3 time, 140.5 real, 121.2 MB
[runlim] sample:		148.6 time, 150.5 real, 124.0 MB
[runlim] sample:		158.0 time, 160.5 real, 131.4 MB
[runlim] sample:		167.3 time, 170.5 real, 134.0 MB
[runlim] sample:		176.9 time, 180.5 real, 137.3 MB
[runlim] sample:		186.6 time, 190.5 real, 139.9 MB
[runlim] sample:		196.3 time, 200.5 real, 142.5 MB
[runlim] sample:		206.0 time, 210.5 real, 144.5 MB
[runlim] sample:		215.3 time, 220.5 real, 147.6 MB
[runlim] sample:		224.3 time, 230.5 real, 149.7 MB
[runlim] sample:		233.3 time, 240.5 real, 151.2 MB
[runlim] sample:		242.3 time, 250.5 real, 153.8 MB
[runlim] sample:		252.3 time, 260.5 real, 155.6 MB
[runlim] sample:		262.1 time, 270.5 real, 157.7 MB
[runlim] sample:		272.0 time, 280.5 real, 159.2 MB
[runlim] sample:		282.0 time, 290.5 real, 161.8 MB
[runlim] sample:		292.0 time, 300.5 real, 163.1 MB
CVC4 interrupted by SIGTERM.
[runlim] end:			Tue Jan 29 13:42:50 2019
[runlim] status:		out of time
[runlim] result:		2
[runlim] children:		0
[runlim] real:			308.65 seconds
[runlim] time:			300.09 seconds
[runlim] space:			164.9 MB
[runlim] samples:		3081
