[runlim] version:		1.10fixed
[runlim] time limit:		300 seconds
[runlim] real time limit:	311040000 seconds
[runlim] space limit:		4000 MB
[runlim] argv[0]:		./cvc4
[runlim] argv[1]:		--nl-ext-tplanes
[runlim] argv[2]:		--full-saturate-quant
[runlim] argv[3]:		--no-e-matching
[runlim] argv[4]:		/tmp/uc1mGTNC.smt2
[runlim] start:			Tue Jan 29 13:35:46 2019
[runlim] main pid:		25031
/tmp/uc1mGTNC.smt2:4.12: No set-logic command was given before this point.
/tmp/uc1mGTNC.smt2:4.12: CVC4 will make all theories available.
/tmp/uc1mGTNC.smt2:4.12: Consider setting a stricter logic for (likely) better performance.
/tmp/uc1mGTNC.smt2:4.12: To suppress this warning in the future use (set-logic ALL).
[runlim] sample:		9.3 time, 10.9 real, 45.8 MB
[runlim] sample:		19.2 time, 20.9 real, 55.9 MB
[runlim] sample:		28.9 time, 30.9 real, 66.2 MB
[runlim] sample:		38.8 time, 40.9 real, 72.6 MB
[runlim] end:			Tue Jan 29 13:36:28 2019
[runlim] status:		ok
[runlim] result:		0
[runlim] children:		0
[runlim] real:			42.93 seconds
[runlim] time:			40.84 seconds
[runlim] space:			77.7 MB
[runlim] samples:		420
