[runlim] version:		1.10fixed
[runlim] time limit:		3600 seconds
[runlim] real time limit:	311040000 seconds
[runlim] space limit:		4000 MB
[runlim] argv[0]:		./cvc4
[runlim] argv[1]:		--nl-ext-tplanes
[runlim] argv[2]:		--full-saturate-quant
[runlim] argv[3]:		--no-e-matching
[runlim] argv[4]:		/tmp/08REr1Gy.smt2
[runlim] start:			Thu Feb 14 01:59:05 2019
[runlim] main pid:		18388
[runlim] sample:		8.4 time, 10.4 real, 53.0 MB
[runlim] sample:		16.8 time, 20.4 real, 66.1 MB
[runlim] sample:		25.9 time, 30.4 real, 77.2 MB
[runlim] sample:		35.9 time, 40.4 real, 85.2 MB
[runlim] sample:		45.9 time, 50.4 real, 91.3 MB
[runlim] sample:		55.9 time, 60.4 real, 97.0 MB
[runlim] sample:		65.9 time, 70.4 real, 103.9 MB
[runlim] sample:		75.9 time, 80.4 real, 113.0 MB
[runlim] sample:		85.9 time, 90.4 real, 116.3 MB
[runlim] sample:		95.9 time, 100.4 real, 120.7 MB
[runlim] sample:		105.9 time, 110.4 real, 124.8 MB
[runlim] sample:		115.9 time, 120.4 real, 127.9 MB
[runlim] sample:		125.9 time, 130.4 real, 132.3 MB
[runlim] sample:		135.9 time, 140.4 real, 134.9 MB
[runlim] sample:		145.9 time, 150.4 real, 137.7 MB
[runlim] sample:		155.9 time, 160.4 real, 141.6 MB
[runlim] sample:		165.9 time, 170.4 real, 143.9 MB
[runlim] sample:		175.9 time, 180.4 real, 147.0 MB
[runlim] sample:		184.4 time, 190.4 real, 149.3 MB
[runlim] sample:		193.8 time, 200.4 real, 151.3 MB
[runlim] sample:		202.1 time, 210.4 real, 152.6 MB
[runlim] sample:		212.1 time, 220.4 real, 155.7 MB
[runlim] sample:		222.1 time, 230.4 real, 158.3 MB
[runlim] sample:		232.0 time, 240.4 real, 159.3 MB
[runlim] sample:		240.9 time, 250.4 real, 161.1 MB
[runlim] sample:		250.9 time, 260.4 real, 162.9 MB
[runlim] sample:		260.9 time, 270.4 real, 164.5 MB
[runlim] sample:		270.9 time, 280.4 real, 166.5 MB
[runlim] sample:		280.9 time, 290.4 real, 172.5 MB
[runlim] sample:		289.7 time, 300.4 real, 174.3 MB
[runlim] sample:		297.6 time, 310.4 real, 175.6 MB
[runlim] sample:		307.3 time, 320.4 real, 177.4 MB
[runlim] sample:		317.3 time, 330.4 real, 187.6 MB
[runlim] sample:		327.3 time, 340.4 real, 188.4 MB
[runlim] sample:		336.4 time, 350.4 real, 189.7 MB
[runlim] sample:		345.3 time, 360.4 real, 192.3 MB
[runlim] sample:		355.0 time, 370.4 real, 193.6 MB
[runlim] sample:		364.9 time, 380.4 real, 195.1 MB
[runlim] sample:		374.9 time, 390.4 real, 196.9 MB
[runlim] sample:		384.9 time, 400.4 real, 197.9 MB
[runlim] sample:		394.9 time, 410.4 real, 199.5 MB
[runlim] sample:		404.9 time, 420.4 real, 200.8 MB
[runlim] sample:		414.9 time, 430.4 real, 201.3 MB
[runlim] sample:		424.9 time, 440.4 real, 203.4 MB
[runlim] sample:		434.9 time, 450.4 real, 205.2 MB
[runlim] sample:		444.9 time, 460.4 real, 207.2 MB
[runlim] sample:		454.9 time, 470.4 real, 209.0 MB
[runlim] sample:		464.9 time, 480.4 real, 210.1 MB
[runlim] sample:		474.9 time, 490.4 real, 212.1 MB
[runlim] sample:		484.9 time, 500.4 real, 213.1 MB
[runlim] sample:		494.9 time, 510.4 real, 213.9 MB
[runlim] sample:		504.9 time, 520.4 real, 215.0 MB
[runlim] sample:		514.9 time, 530.4 real, 216.2 MB
[runlim] sample:		524.9 time, 540.4 real, 218.3 MB
[runlim] sample:		534.9 time, 550.4 real, 218.8 MB
[runlim] sample:		544.9 time, 560.4 real, 220.1 MB
[runlim] sample:		554.9 time, 570.4 real, 222.2 MB
[runlim] sample:		564.9 time, 580.4 real, 223.5 MB
[runlim] sample:		574.9 time, 590.4 real, 224.7 MB
[runlim] sample:		584.9 time, 600.4 real, 226.0 MB
[runlim] sample:		594.9 time, 610.4 real, 226.5 MB
[runlim] sample:		604.9 time, 620.4 real, 228.1 MB
[runlim] sample:		614.9 time, 630.4 real, 229.4 MB
[runlim] sample:		624.9 time, 640.4 real, 230.4 MB
[runlim] sample:		634.9 time, 650.4 real, 230.9 MB
[runlim] sample:		644.9 time, 660.4 real, 232.2 MB
[runlim] sample:		654.9 time, 670.4 real, 232.7 MB
[runlim] sample:		664.9 time, 680.4 real, 233.5 MB
[runlim] sample:		674.9 time, 690.4 real, 235.6 MB
[runlim] sample:		684.9 time, 700.4 real, 236.6 MB
[runlim] sample:		694.9 time, 710.4 real, 237.4 MB
[runlim] sample:		704.9 time, 720.4 real, 238.7 MB
[runlim] sample:		714.9 time, 730.4 real, 239.7 MB
[runlim] sample:		724.9 time, 740.4 real, 241.8 MB
[runlim] sample:		734.9 time, 750.4 real, 242.3 MB
[runlim] sample:		744.9 time, 760.4 real, 243.3 MB
[runlim] sample:		754.9 time, 770.4 real, 244.3 MB
[runlim] sample:		764.9 time, 780.4 real, 245.4 MB
[runlim] sample:		774.9 time, 790.4 real, 246.4 MB
[runlim] sample:		784.9 time, 800.4 real, 247.4 MB
[runlim] sample:		794.9 time, 810.4 real, 247.9 MB
[runlim] sample:		804.9 time, 820.4 real, 248.5 MB
[runlim] sample:		814.9 time, 830.4 real, 250.5 MB
[runlim] sample:		824.9 time, 840.4 real, 251.0 MB
[runlim] sample:		834.9 time, 850.4 real, 252.1 MB
[runlim] sample:		844.9 time, 860.4 real, 252.8 MB
[runlim] sample:		854.8 time, 870.4 real, 253.9 MB
[runlim] sample:		864.8 time, 880.4 real, 254.9 MB
[runlim] sample:		874.8 time, 890.4 real, 255.7 MB
[runlim] sample:		884.8 time, 900.4 real, 256.4 MB
[runlim] sample:		894.8 time, 910.4 real, 257.2 MB
[runlim] sample:		904.8 time, 920.4 real, 257.5 MB
[runlim] sample:		914.8 time, 930.4 real, 258.8 MB
[runlim] sample:		924.8 time, 940.4 real, 259.8 MB
[runlim] sample:		934.8 time, 950.4 real, 260.3 MB
[runlim] sample:		944.8 time, 960.4 real, 262.6 MB
[runlim] sample:		954.8 time, 970.4 real, 263.2 MB
[runlim] sample:		964.8 time, 980.4 real, 263.9 MB
[runlim] sample:		974.8 time, 990.4 real, 264.7 MB
[runlim] sample:		984.8 time, 1000.4 real, 265.5 MB
[runlim] sample:		994.8 time, 1010.4 real, 266.0 MB
[runlim] sample:		1004.8 time, 1020.4 real, 267.5 MB
[runlim] sample:		1014.8 time, 1030.4 real, 267.8 MB
[runlim] sample:		1024.8 time, 1040.4 real, 268.8 MB
[runlim] sample:		1034.8 time, 1050.4 real, 269.3 MB
[runlim] sample:		1044.8 time, 1060.4 real, 270.1 MB
[runlim] sample:		1054.8 time, 1070.4 real, 271.1 MB
[runlim] sample:		1064.8 time, 1080.4 real, 272.2 MB
[runlim] sample:		1074.8 time, 1090.4 real, 273.2 MB
[runlim] sample:		1084.8 time, 1100.4 real, 274.2 MB
[runlim] sample:		1094.8 time, 1110.4 real, 275.0 MB
[runlim] sample:		1104.8 time, 1120.4 real, 275.5 MB
[runlim] sample:		1114.8 time, 1130.4 real, 276.0 MB
[runlim] sample:		1124.8 time, 1140.4 real, 276.8 MB
[runlim] sample:		1134.8 time, 1150.4 real, 277.3 MB
[runlim] sample:		1144.8 time, 1160.4 real, 277.3 MB
[runlim] sample:		1154.8 time, 1170.4 real, 277.8 MB
[runlim] sample:		1164.8 time, 1180.4 real, 278.9 MB
[runlim] sample:		1174.8 time, 1190.4 real, 279.6 MB
[runlim] sample:		1184.8 time, 1200.4 real, 280.4 MB
[runlim] sample:		1194.8 time, 1210.4 real, 281.2 MB
[runlim] sample:		1204.8 time, 1220.4 real, 281.7 MB
[runlim] sample:		1214.8 time, 1230.4 real, 282.7 MB
[runlim] sample:		1224.8 time, 1240.4 real, 283.8 MB
[runlim] sample:		1234.8 time, 1250.4 real, 285.3 MB
[runlim] sample:		1244.8 time, 1260.4 real, 286.9 MB
[runlim] sample:		1254.8 time, 1270.4 real, 287.6 MB
[runlim] sample:		1264.8 time, 1280.4 real, 288.4 MB
[runlim] sample:		1274.8 time, 1290.4 real, 288.9 MB
[runlim] sample:		1284.8 time, 1300.4 real, 289.7 MB
[runlim] sample:		1294.8 time, 1310.4 real, 291.0 MB
[runlim] sample:		1304.8 time, 1320.4 real, 291.5 MB
[runlim] sample:		1314.7 time, 1330.4 real, 292.3 MB
[runlim] sample:		1324.7 time, 1340.4 real, 293.0 MB
[runlim] sample:		1334.7 time, 1350.4 real, 294.1 MB
[runlim] sample:		1344.7 time, 1360.4 real, 294.6 MB
[runlim] sample:		1354.7 time, 1370.4 real, 295.4 MB
[runlim] sample:		1364.7 time, 1380.4 real, 295.6 MB
[runlim] sample:		1374.7 time, 1390.4 real, 296.1 MB
[runlim] sample:		1384.7 time, 1400.4 real, 296.9 MB
[runlim] sample:		1394.7 time, 1410.4 real, 297.4 MB
[runlim] sample:		1404.7 time, 1420.4 real, 298.2 MB
[runlim] sample:		1414.7 time, 1430.4 real, 299.0 MB
[runlim] sample:		1424.7 time, 1440.4 real, 299.0 MB
[runlim] sample:		1434.7 time, 1450.4 real, 300.0 MB
[runlim] sample:		1444.7 time, 1460.4 real, 300.8 MB
[runlim] sample:		1454.7 time, 1470.4 real, 302.1 MB
[runlim] sample:		1464.7 time, 1480.4 real, 302.8 MB
[runlim] sample:		1474.7 time, 1490.4 real, 303.4 MB
[runlim] sample:		1484.7 time, 1500.4 real, 303.9 MB
[runlim] sample:		1494.7 time, 1510.4 real, 303.9 MB
[runlim] sample:		1504.7 time, 1520.4 real, 304.4 MB
[runlim] sample:		1514.7 time, 1530.4 real, 313.0 MB
[runlim] sample:		1524.7 time, 1540.4 real, 314.3 MB
[runlim] sample:		1534.7 time, 1550.4 real, 316.9 MB
[runlim] sample:		1544.7 time, 1560.4 real, 316.9 MB
[runlim] sample:		1554.7 time, 1570.4 real, 317.1 MB
[runlim] sample:		1564.7 time, 1580.4 real, 317.9 MB
[runlim] sample:		1574.6 time, 1590.4 real, 318.2 MB
[runlim] sample:		1584.6 time, 1600.4 real, 318.7 MB
[runlim] sample:		1594.6 time, 1610.4 real, 320.0 MB
[runlim] sample:		1604.6 time, 1620.4 real, 320.2 MB
[runlim] sample:		1614.6 time, 1630.4 real, 320.7 MB
[runlim] sample:		1624.6 time, 1640.4 real, 321.0 MB
[runlim] sample:		1634.6 time, 1650.4 real, 321.2 MB
[runlim] sample:		1644.6 time, 1660.4 real, 322.0 MB
[runlim] sample:		1654.6 time, 1670.4 real, 322.5 MB
[runlim] sample:		1664.6 time, 1680.4 real, 323.3 MB
[runlim] sample:		1674.6 time, 1690.4 real, 324.3 MB
[runlim] sample:		1684.6 time, 1700.4 real, 325.9 MB
[runlim] sample:		1694.6 time, 1710.4 real, 343.7 MB
[runlim] sample:		1704.6 time, 1720.4 real, 343.7 MB
[runlim] sample:		1714.6 time, 1730.4 real, 344.5 MB
[runlim] sample:		1724.6 time, 1740.4 real, 345.5 MB
[runlim] sample:		1734.6 time, 1750.4 real, 346.5 MB
[runlim] sample:		1744.6 time, 1760.4 real, 347.3 MB
[runlim] sample:		1754.6 time, 1770.4 real, 347.3 MB
[runlim] sample:		1764.6 time, 1780.4 real, 347.8 MB
[runlim] sample:		1774.6 time, 1790.4 real, 348.3 MB
[runlim] sample:		1784.6 time, 1800.4 real, 349.3 MB
[runlim] sample:		1794.6 time, 1810.4 real, 349.3 MB
[runlim] sample:		1804.6 time, 1820.4 real, 350.1 MB
[runlim] sample:		1814.6 time, 1830.4 real, 350.9 MB
[runlim] sample:		1824.6 time, 1840.4 real, 351.7 MB
[runlim] sample:		1834.6 time, 1850.4 real, 351.7 MB
[runlim] sample:		1844.2 time, 1860.4 real, 352.4 MB
[runlim] sample:		1853.4 time, 1870.4 real, 353.5 MB
[runlim] sample:		1862.4 time, 1880.4 real, 353.5 MB
[runlim] sample:		1872.0 time, 1890.4 real, 354.2 MB
[runlim] sample:		1881.7 time, 1900.4 real, 355.0 MB
[runlim] sample:		1890.8 time, 1910.4 real, 355.0 MB
[runlim] sample:		1899.8 time, 1920.4 real, 355.8 MB
[runlim] sample:		1908.8 time, 1930.4 real, 356.6 MB
[runlim] sample:		1918.3 time, 1940.4 real, 356.6 MB
[runlim] sample:		1927.4 time, 1950.4 real, 357.1 MB
[runlim] sample:		1937.0 time, 1960.4 real, 357.9 MB
[runlim] sample:		1946.6 time, 1970.4 real, 358.1 MB
[runlim] sample:		1955.4 time, 1980.4 real, 358.9 MB
[runlim] sample:		1964.8 time, 1990.4 real, 358.9 MB
[runlim] sample:		1974.8 time, 2000.4 real, 359.7 MB
[runlim] sample:		1984.8 time, 2010.4 real, 360.4 MB
[runlim] sample:		1994.8 time, 2020.4 real, 360.4 MB
[runlim] sample:		2003.9 time, 2030.4 real, 361.5 MB
[runlim] sample:		2013.0 time, 2040.4 real, 362.0 MB
[runlim] sample:		2022.6 time, 2050.4 real, 362.0 MB
[runlim] sample:		2032.1 time, 2060.4 real, 362.5 MB
[runlim] sample:		2041.7 time, 2070.4 real, 363.3 MB
[runlim] sample:		2051.1 time, 2080.4 real, 363.3 MB
[runlim] sample:		2060.7 time, 2090.4 real, 363.8 MB
[runlim] sample:		2070.2 time, 2100.4 real, 364.3 MB
[runlim] sample:		2079.8 time, 2110.4 real, 364.8 MB
[runlim] sample:		2089.4 time, 2120.4 real, 366.1 MB
[runlim] sample:		2098.7 time, 2130.4 real, 366.1 MB
[runlim] sample:		2107.8 time, 2140.4 real, 366.9 MB
[runlim] sample:		2116.4 time, 2150.4 real, 367.1 MB
[runlim] sample:		2125.6 time, 2160.4 real, 367.4 MB
[runlim] sample:		2135.0 time, 2170.4 real, 368.7 MB
[runlim] sample:		2144.2 time, 2180.4 real, 368.7 MB
[runlim] sample:		2153.9 time, 2190.4 real, 368.9 MB
[runlim] sample:		2163.9 time, 2200.4 real, 369.2 MB
[runlim] sample:		2173.8 time, 2210.4 real, 369.2 MB
[runlim] sample:		2183.4 time, 2220.4 real, 369.7 MB
[runlim] sample:		2193.4 time, 2230.4 real, 370.5 MB
[runlim] sample:		2202.9 time, 2240.4 real, 370.5 MB
[runlim] sample:		2212.5 time, 2250.4 real, 370.7 MB
[runlim] sample:		2221.4 time, 2260.4 real, 371.0 MB
[runlim] sample:		2231.4 time, 2270.4 real, 371.8 MB
[runlim] sample:		2240.8 time, 2280.4 real, 372.3 MB
[runlim] sample:		2249.4 time, 2290.4 real, 372.5 MB
[runlim] sample:		2258.7 time, 2300.4 real, 373.3 MB
[runlim] sample:		2268.1 time, 2310.4 real, 373.3 MB
[runlim] sample:		2277.3 time, 2320.4 real, 374.3 MB
[runlim] sample:		2286.6 time, 2330.4 real, 375.4 MB
[runlim] sample:		2295.7 time, 2340.4 real, 375.6 MB
[runlim] sample:		2305.7 time, 2350.4 real, 376.4 MB
[runlim] sample:		2315.7 time, 2360.4 real, 376.4 MB
[runlim] sample:		2325.6 time, 2370.4 real, 377.7 MB
[runlim] sample:		2335.0 time, 2380.4 real, 378.7 MB
[runlim] sample:		2344.1 time, 2390.4 real, 378.7 MB
[runlim] sample:		2353.1 time, 2400.4 real, 380.0 MB
[runlim] sample:		2362.4 time, 2410.4 real, 380.0 MB
[runlim] sample:		2371.8 time, 2420.4 real, 381.1 MB
[runlim] sample:		2381.7 time, 2430.4 real, 381.1 MB
[runlim] sample:		2391.7 time, 2440.4 real, 382.3 MB
[runlim] sample:		2401.7 time, 2450.4 real, 383.4 MB
[runlim] sample:		2411.7 time, 2460.4 real, 383.4 MB
[runlim] sample:		2421.3 time, 2470.4 real, 384.1 MB
[runlim] sample:		2431.2 time, 2480.4 real, 384.1 MB
[runlim] sample:		2440.3 time, 2490.4 real, 384.9 MB
[runlim] sample:		2450.1 time, 2500.4 real, 385.7 MB
[runlim] sample:		2459.5 time, 2510.4 real, 385.9 MB
[runlim] sample:		2468.6 time, 2520.4 real, 386.7 MB
[runlim] sample:		2478.1 time, 2530.4 real, 386.7 MB
[runlim] sample:		2487.3 time, 2540.4 real, 387.2 MB
[runlim] sample:		2496.5 time, 2550.4 real, 387.2 MB
[runlim] sample:		2505.6 time, 2560.4 real, 388.3 MB
[runlim] sample:		2515.2 time, 2570.4 real, 388.3 MB
[runlim] sample:		2524.7 time, 2580.4 real, 389.0 MB
[runlim] sample:		2534.6 time, 2590.4 real, 389.3 MB
[runlim] sample:		2544.2 time, 2600.4 real, 389.8 MB
[runlim] sample:		2553.8 time, 2610.4 real, 391.1 MB
[runlim] sample:		2563.1 time, 2620.4 real, 391.1 MB
[runlim] sample:		2571.8 time, 2630.4 real, 391.4 MB
[runlim] sample:		2580.7 time, 2640.4 real, 391.4 MB
[runlim] sample:		2590.0 time, 2650.4 real, 392.1 MB
[runlim] sample:		2599.6 time, 2660.4 real, 392.1 MB
[runlim] sample:		2608.3 time, 2670.4 real, 392.9 MB
[runlim] sample:		2617.1 time, 2680.4 real, 392.9 MB
[runlim] sample:		2626.9 time, 2690.4 real, 393.7 MB
[runlim] sample:		2635.9 time, 2700.4 real, 393.7 MB
[runlim] sample:		2645.0 time, 2710.4 real, 394.2 MB
[runlim] sample:		2655.0 time, 2720.4 real, 394.2 MB
[runlim] sample:		2664.9 time, 2730.4 real, 395.0 MB
[runlim] sample:		2674.9 time, 2740.4 real, 395.0 MB
[runlim] sample:		2684.3 time, 2750.4 real, 396.0 MB
[runlim] sample:		2694.0 time, 2760.4 real, 396.0 MB
[runlim] sample:		2703.4 time, 2770.4 real, 397.3 MB
[runlim] sample:		2713.0 time, 2780.4 real, 397.3 MB
[runlim] sample:		2722.5 time, 2790.4 real, 398.1 MB
[runlim] sample:		2731.7 time, 2800.4 real, 398.6 MB
[runlim] sample:		2741.4 time, 2810.4 real, 398.8 MB
[runlim] sample:		2751.0 time, 2820.4 real, 399.6 MB
[runlim] sample:		2760.8 time, 2830.4 real, 399.9 MB
[runlim] sample:		2770.8 time, 2840.4 real, 400.1 MB
[runlim] sample:		2780.8 time, 2850.4 real, 400.4 MB
[runlim] sample:		2790.5 time, 2860.4 real, 401.4 MB
[runlim] sample:		2800.5 time, 2870.4 real, 401.7 MB
[runlim] sample:		2810.5 time, 2880.4 real, 402.2 MB
[runlim] sample:		2820.5 time, 2890.4 real, 402.2 MB
[runlim] sample:		2830.5 time, 2900.4 real, 402.7 MB
[runlim] sample:		2840.5 time, 2910.4 real, 402.7 MB
[runlim] sample:		2850.5 time, 2920.4 real, 403.0 MB
[runlim] sample:		2860.5 time, 2930.4 real, 403.7 MB
[runlim] sample:		2870.5 time, 2940.4 real, 404.2 MB
[runlim] sample:		2880.5 time, 2950.4 real, 404.5 MB
[runlim] sample:		2890.5 time, 2960.4 real, 404.5 MB
[runlim] sample:		2900.5 time, 2970.4 real, 405.3 MB
[runlim] sample:		2910.5 time, 2980.4 real, 405.3 MB
[runlim] sample:		2920.5 time, 2990.4 real, 406.3 MB
[runlim] sample:		2930.5 time, 3000.4 real, 406.3 MB
[runlim] sample:		2940.5 time, 3010.4 real, 407.1 MB
[runlim] sample:		2950.5 time, 3020.4 real, 407.1 MB
[runlim] sample:		2960.5 time, 3030.4 real, 408.4 MB
[runlim] sample:		2970.5 time, 3040.4 real, 408.4 MB
[runlim] sample:		2980.5 time, 3050.4 real, 409.1 MB
[runlim] sample:		2990.5 time, 3060.4 real, 409.1 MB
[runlim] sample:		3000.5 time, 3070.4 real, 409.4 MB
[runlim] sample:		3010.5 time, 3080.4 real, 409.4 MB
[runlim] sample:		3020.5 time, 3090.4 real, 409.9 MB
[runlim] sample:		3030.4 time, 3100.4 real, 409.9 MB
[runlim] sample:		3040.4 time, 3110.4 real, 410.4 MB
[runlim] sample:		3050.2 time, 3120.4 real, 410.4 MB
[runlim] sample:		3059.8 time, 3130.4 real, 410.7 MB
[runlim] sample:		3069.3 time, 3140.4 real, 410.7 MB
[runlim] sample:		3078.9 time, 3150.4 real, 411.7 MB
[runlim] sample:		3088.6 time, 3160.4 real, 411.7 MB
[runlim] sample:		3098.2 time, 3170.4 real, 412.8 MB
[runlim] sample:		3107.8 time, 3180.4 real, 412.8 MB
[runlim] sample:		3117.1 time, 3190.4 real, 412.8 MB
[runlim] sample:		3126.4 time, 3200.4 real, 412.8 MB
[runlim] sample:		3135.8 time, 3210.4 real, 413.8 MB
[runlim] sample:		3145.5 time, 3220.4 real, 413.8 MB
[runlim] sample:		3155.5 time, 3230.4 real, 414.6 MB
[runlim] sample:		3165.5 time, 3240.4 real, 415.1 MB
[runlim] sample:		3175.4 time, 3250.4 real, 415.1 MB
[runlim] sample:		3185.3 time, 3260.4 real, 415.6 MB
[runlim] sample:		3194.6 time, 3270.4 real, 415.6 MB
[runlim] sample:		3204.6 time, 3280.4 real, 415.6 MB
[runlim] sample:		3214.6 time, 3290.4 real, 415.6 MB
[runlim] sample:		3224.6 time, 3300.4 real, 416.4 MB
[runlim] sample:		3234.6 time, 3310.4 real, 416.4 MB
[runlim] sample:		3243.9 time, 3320.4 real, 416.6 MB
[runlim] sample:		3252.8 time, 3330.4 real, 416.6 MB
[runlim] sample:		3261.5 time, 3340.4 real, 417.9 MB
[runlim] sample:		3270.1 time, 3350.4 real, 418.2 MB
[runlim] sample:		3278.8 time, 3360.4 real, 418.2 MB
[runlim] sample:		3287.8 time, 3370.4 real, 418.9 MB
[runlim] sample:		3297.6 time, 3380.4 real, 418.9 MB
[runlim] sample:		3307.3 time, 3390.4 real, 420.2 MB
[runlim] sample:		3316.9 time, 3400.4 real, 420.2 MB
[runlim] sample:		3326.9 time, 3410.4 real, 421.8 MB
[runlim] sample:		3336.9 time, 3420.4 real, 421.8 MB
[runlim] sample:		3346.9 time, 3430.4 real, 423.1 MB
[runlim] sample:		3356.9 time, 3440.4 real, 423.1 MB
[runlim] sample:		3366.9 time, 3450.4 real, 423.6 MB
[runlim] sample:		3376.9 time, 3460.4 real, 423.6 MB
[runlim] sample:		3386.9 time, 3470.4 real, 424.6 MB
[runlim] sample:		3396.9 time, 3480.4 real, 424.6 MB
[runlim] sample:		3406.8 time, 3490.4 real, 425.4 MB
[runlim] sample:		3416.8 time, 3500.4 real, 425.6 MB
[runlim] sample:		3426.8 time, 3510.4 real, 426.4 MB
[runlim] sample:		3436.8 time, 3520.4 real, 426.7 MB
[runlim] sample:		3446.8 time, 3530.4 real, 428.0 MB
[runlim] sample:		3456.8 time, 3540.4 real, 428.2 MB
[runlim] sample:		3466.8 time, 3550.4 real, 428.7 MB
[runlim] sample:		3476.8 time, 3560.4 real, 429.0 MB
[runlim] sample:		3486.8 time, 3570.4 real, 429.8 MB
[runlim] sample:		3496.8 time, 3580.4 real, 430.0 MB
[runlim] sample:		3506.8 time, 3590.4 real, 430.8 MB
[runlim] sample:		3516.8 time, 3600.4 real, 431.1 MB
[runlim] sample:		3526.8 time, 3610.4 real, 431.1 MB
[runlim] sample:		3536.8 time, 3620.4 real, 431.8 MB
[runlim] sample:		3546.8 time, 3630.4 real, 432.3 MB
[runlim] sample:		3556.8 time, 3640.4 real, 433.1 MB
[runlim] sample:		3566.8 time, 3650.4 real, 433.4 MB
[runlim] sample:		3576.8 time, 3660.4 real, 435.2 MB
[runlim] sample:		3586.8 time, 3670.4 real, 435.2 MB
[runlim] sample:		3596.8 time, 3680.4 real, 436.2 MB
CVC4 interrupted by SIGTERM.
[runlim] end:			Thu Feb 14 03:00:28 2019
[runlim] status:		out of time
[runlim] result:		2
[runlim] children:		0
[runlim] real:			3683.75 seconds
[runlim] time:			3600.10 seconds
[runlim] space:			436.2 MB
[runlim] samples:		36833
