[runlim] version:		1.10fixed
[runlim] time limit:		3600 seconds
[runlim] real time limit:	311040000 seconds
[runlim] space limit:		4000 MB
[runlim] argv[0]:		./cvc4
[runlim] argv[1]:		--nl-ext-tplanes
[runlim] argv[2]:		--full-saturate-quant
[runlim] argv[3]:		--no-e-matching
[runlim] argv[4]:		/tmp/A1KSGV5F.smt2
[runlim] start:			Thu Feb 14 01:58:31 2019
[runlim] main pid:		18365
[runlim] sample:		7.7 time, 10.5 real, 44.1 MB
[runlim] sample:		17.0 time, 20.5 real, 52.0 MB
[runlim] sample:		26.5 time, 30.5 real, 53.1 MB
[runlim] sample:		35.5 time, 40.5 real, 53.6 MB
[runlim] sample:		45.5 time, 50.5 real, 55.9 MB
[runlim] sample:		55.5 time, 60.5 real, 57.2 MB
[runlim] sample:		65.5 time, 70.5 real, 58.0 MB
[runlim] sample:		75.5 time, 80.5 real, 58.7 MB
[runlim] sample:		85.5 time, 90.5 real, 60.7 MB
[runlim] sample:		95.5 time, 100.5 real, 61.8 MB
[runlim] sample:		105.5 time, 110.5 real, 64.1 MB
[runlim] sample:		115.5 time, 120.5 real, 64.6 MB
[runlim] sample:		125.5 time, 130.5 real, 65.1 MB
[runlim] sample:		135.5 time, 140.5 real, 67.5 MB
[runlim] sample:		145.5 time, 150.5 real, 67.7 MB
[runlim] sample:		155.5 time, 160.5 real, 67.7 MB
[runlim] sample:		165.5 time, 170.5 real, 69.0 MB
[runlim] sample:		175.5 time, 180.5 real, 70.0 MB
[runlim] sample:		185.5 time, 190.5 real, 75.1 MB
[runlim] sample:		195.5 time, 200.5 real, 77.2 MB
[runlim] sample:		205.5 time, 210.5 real, 77.2 MB
[runlim] sample:		215.3 time, 220.5 real, 77.2 MB
[runlim] sample:		225.0 time, 230.5 real, 77.2 MB
[runlim] sample:		234.6 time, 240.5 real, 77.2 MB
[runlim] sample:		244.3 time, 250.5 real, 77.2 MB
[runlim] sample:		253.9 time, 260.5 real, 77.2 MB
[runlim] sample:		263.6 time, 270.5 real, 77.2 MB
[runlim] sample:		273.5 time, 280.5 real, 77.2 MB
[runlim] sample:		283.5 time, 290.5 real, 77.2 MB
[runlim] sample:		293.5 time, 300.5 real, 77.2 MB
[runlim] sample:		303.5 time, 310.5 real, 77.2 MB
[runlim] sample:		313.5 time, 320.5 real, 77.2 MB
[runlim] sample:		323.5 time, 330.5 real, 77.2 MB
[runlim] sample:		333.5 time, 340.5 real, 77.2 MB
[runlim] sample:		343.3 time, 350.5 real, 77.2 MB
[runlim] sample:		353.0 time, 360.5 real, 77.2 MB
[runlim] sample:		362.7 time, 370.5 real, 77.2 MB
[runlim] sample:		372.4 time, 380.5 real, 77.2 MB
[runlim] sample:		382.1 time, 390.5 real, 77.2 MB
[runlim] sample:		392.1 time, 400.5 real, 77.2 MB
[runlim] sample:		401.9 time, 410.5 real, 77.2 MB
[runlim] sample:		411.6 time, 420.5 real, 77.2 MB
[runlim] sample:		421.4 time, 430.5 real, 77.2 MB
[runlim] sample:		430.8 time, 440.5 real, 77.2 MB
[runlim] sample:		439.8 time, 450.5 real, 77.2 MB
[runlim] sample:		448.9 time, 460.5 real, 77.5 MB
[runlim] sample:		458.5 time, 470.5 real, 77.5 MB
[runlim] sample:		468.3 time, 480.5 real, 77.5 MB
[runlim] sample:		477.3 time, 490.5 real, 77.5 MB
[runlim] sample:		486.8 time, 500.5 real, 77.5 MB
[runlim] sample:		496.2 time, 510.5 real, 77.5 MB
[runlim] sample:		506.2 time, 520.5 real, 77.5 MB
[runlim] sample:		516.2 time, 530.5 real, 77.5 MB
[runlim] sample:		526.2 time, 540.5 real, 77.5 MB
[runlim] sample:		536.0 time, 550.5 real, 78.5 MB
[runlim] sample:		546.0 time, 560.5 real, 78.5 MB
[runlim] sample:		556.0 time, 570.5 real, 78.5 MB
[runlim] sample:		566.0 time, 580.5 real, 78.5 MB
[runlim] sample:		576.0 time, 590.5 real, 78.5 MB
[runlim] sample:		585.9 time, 600.5 real, 78.8 MB
[runlim] sample:		594.9 time, 610.5 real, 79.0 MB
[runlim] sample:		603.9 time, 620.5 real, 79.0 MB
[runlim] sample:		613.0 time, 630.5 real, 79.3 MB
[runlim] sample:		623.0 time, 640.5 real, 79.5 MB
[runlim] sample:		632.4 time, 650.5 real, 79.8 MB
[runlim] sample:		642.4 time, 660.5 real, 80.0 MB
[runlim] sample:		652.4 time, 670.5 real, 80.3 MB
[runlim] sample:		661.1 time, 680.5 real, 80.3 MB
[runlim] sample:		670.4 time, 690.5 real, 80.6 MB
[runlim] sample:		679.5 time, 700.5 real, 80.8 MB
[runlim] sample:		689.2 time, 710.5 real, 81.1 MB
[runlim] sample:		699.2 time, 720.5 real, 81.3 MB
[runlim] sample:		707.7 time, 730.5 real, 81.3 MB
[runlim] sample:		717.7 time, 740.5 real, 81.6 MB
[runlim] sample:		727.7 time, 750.5 real, 82.1 MB
[runlim] sample:		737.7 time, 760.5 real, 82.4 MB
[runlim] sample:		747.7 time, 770.5 real, 82.6 MB
[runlim] sample:		757.7 time, 780.5 real, 82.9 MB
[runlim] sample:		767.7 time, 790.5 real, 83.1 MB
[runlim] sample:		777.4 time, 800.5 real, 83.4 MB
[runlim] sample:		787.1 time, 810.5 real, 83.4 MB
[runlim] sample:		797.0 time, 820.5 real, 83.6 MB
[runlim] sample:		806.3 time, 830.5 real, 83.9 MB
[runlim] sample:		816.3 time, 840.5 real, 84.2 MB
[runlim] sample:		826.2 time, 850.5 real, 84.4 MB
[runlim] sample:		835.0 time, 860.5 real, 84.7 MB
[runlim] sample:		845.0 time, 870.5 real, 84.9 MB
[runlim] sample:		854.9 time, 880.5 real, 84.9 MB
[runlim] sample:		864.8 time, 890.5 real, 85.2 MB
[runlim] sample:		873.8 time, 900.5 real, 85.5 MB
[runlim] sample:		883.8 time, 910.5 real, 85.7 MB
[runlim] sample:		893.8 time, 920.5 real, 86.0 MB
[runlim] sample:		903.8 time, 930.5 real, 86.2 MB
[runlim] sample:		913.8 time, 940.5 real, 86.5 MB
[runlim] sample:		923.8 time, 950.5 real, 87.0 MB
[runlim] sample:		933.8 time, 960.5 real, 87.0 MB
[runlim] sample:		943.7 time, 970.5 real, 87.3 MB
[runlim] sample:		952.6 time, 980.5 real, 87.5 MB
[runlim] sample:		962.6 time, 990.5 real, 87.5 MB
[runlim] sample:		972.6 time, 1000.5 real, 87.8 MB
[runlim] sample:		982.0 time, 1010.5 real, 88.0 MB
[runlim] sample:		991.7 time, 1020.5 real, 88.3 MB
[runlim] sample:		1001.7 time, 1030.5 real, 88.5 MB
[runlim] sample:		1011.7 time, 1040.5 real, 88.8 MB
[runlim] sample:		1021.7 time, 1050.5 real, 89.1 MB
[runlim] sample:		1031.7 time, 1060.5 real, 89.3 MB
[runlim] sample:		1041.6 time, 1070.5 real, 89.3 MB
[runlim] sample:		1051.1 time, 1080.5 real, 89.6 MB
[runlim] sample:		1060.8 time, 1090.5 real, 89.8 MB
[runlim] sample:		1069.6 time, 1100.5 real, 90.4 MB
[runlim] sample:		1079.0 time, 1110.5 real, 90.4 MB
[runlim] sample:		1087.9 time, 1120.5 real, 90.4 MB
[runlim] sample:		1097.8 time, 1130.5 real, 90.6 MB
[runlim] sample:		1107.3 time, 1140.5 real, 90.9 MB
[runlim] sample:		1117.2 time, 1150.5 real, 91.1 MB
[runlim] sample:		1126.7 time, 1160.5 real, 91.1 MB
[runlim] sample:		1136.5 time, 1170.5 real, 91.6 MB
[runlim] sample:		1146.5 time, 1180.5 real, 91.9 MB
[runlim] sample:		1156.1 time, 1190.5 real, 91.9 MB
[runlim] sample:		1166.1 time, 1200.5 real, 92.2 MB
[runlim] sample:		1176.1 time, 1210.5 real, 92.4 MB
[runlim] sample:		1186.1 time, 1220.5 real, 92.7 MB
[runlim] sample:		1196.1 time, 1230.5 real, 93.4 MB
[runlim] sample:		1206.1 time, 1240.5 real, 93.4 MB
[runlim] sample:		1216.1 time, 1250.5 real, 93.7 MB
[runlim] sample:		1226.0 time, 1260.5 real, 93.7 MB
[runlim] sample:		1234.7 time, 1270.5 real, 93.7 MB
[runlim] sample:		1244.1 time, 1280.5 real, 94.0 MB
[runlim] sample:		1253.7 time, 1290.5 real, 94.2 MB
[runlim] sample:		1262.7 time, 1300.5 real, 94.2 MB
[runlim] sample:		1271.7 time, 1310.5 real, 94.5 MB
[runlim] sample:		1280.9 time, 1320.5 real, 94.7 MB
[runlim] sample:		1290.5 time, 1330.5 real, 95.0 MB
[runlim] sample:		1299.5 time, 1340.5 real, 95.2 MB
[runlim] sample:		1308.6 time, 1350.5 real, 95.2 MB
[runlim] sample:		1318.2 time, 1360.5 real, 95.5 MB
[runlim] sample:		1327.7 time, 1370.5 real, 95.8 MB
[runlim] sample:		1337.0 time, 1380.5 real, 95.8 MB
[runlim] sample:		1346.4 time, 1390.5 real, 96.3 MB
[runlim] sample:		1355.7 time, 1400.5 real, 96.3 MB
[runlim] sample:		1365.1 time, 1410.5 real, 96.5 MB
[runlim] sample:		1374.4 time, 1420.5 real, 96.8 MB
[runlim] sample:		1384.0 time, 1430.5 real, 97.0 MB
[runlim] sample:		1393.4 time, 1440.5 real, 97.0 MB
[runlim] sample:		1402.8 time, 1450.5 real, 97.3 MB
[runlim] sample:		1412.2 time, 1460.5 real, 97.6 MB
[runlim] sample:		1421.5 time, 1470.5 real, 97.8 MB
[runlim] sample:		1430.9 time, 1480.5 real, 97.8 MB
[runlim] sample:		1440.6 time, 1490.5 real, 98.1 MB
[runlim] sample:		1450.2 time, 1500.5 real, 98.3 MB
[runlim] sample:		1459.5 time, 1510.5 real, 98.6 MB
[runlim] sample:		1468.8 time, 1520.5 real, 98.8 MB
[runlim] sample:		1478.2 time, 1530.5 real, 99.1 MB
[runlim] sample:		1487.6 time, 1540.5 real, 99.4 MB
[runlim] sample:		1497.0 time, 1550.5 real, 99.9 MB
[runlim] sample:		1506.5 time, 1560.5 real, 100.1 MB
[runlim] sample:		1516.2 time, 1570.5 real, 100.1 MB
[runlim] sample:		1525.2 time, 1580.5 real, 100.4 MB
[runlim] sample:		1533.9 time, 1590.5 real, 100.7 MB
[runlim] sample:		1542.5 time, 1600.5 real, 100.9 MB
[runlim] sample:		1551.7 time, 1610.5 real, 100.9 MB
[runlim] sample:		1561.3 time, 1620.5 real, 101.2 MB
[runlim] sample:		1570.7 time, 1630.5 real, 101.4 MB
[runlim] sample:		1580.1 time, 1640.5 real, 101.7 MB
[runlim] sample:		1589.5 time, 1650.5 real, 101.9 MB
[runlim] sample:		1598.8 time, 1660.5 real, 101.9 MB
[runlim] sample:		1608.2 time, 1670.5 real, 102.2 MB
[runlim] sample:		1617.5 time, 1680.5 real, 102.5 MB
[runlim] sample:		1627.5 time, 1690.5 real, 102.7 MB
[runlim] sample:		1637.5 time, 1700.5 real, 102.7 MB
[runlim] sample:		1647.5 time, 1710.5 real, 103.0 MB
[runlim] sample:		1657.2 time, 1720.5 real, 103.2 MB
[runlim] sample:		1666.9 time, 1730.5 real, 103.5 MB
[runlim] sample:		1676.3 time, 1740.5 real, 103.7 MB
[runlim] sample:		1685.6 time, 1750.5 real, 104.0 MB
[runlim] sample:		1695.2 time, 1760.5 real, 104.0 MB
[runlim] sample:		1704.5 time, 1770.5 real, 104.3 MB
[runlim] sample:		1713.9 time, 1780.5 real, 104.5 MB
[runlim] sample:		1723.8 time, 1790.5 real, 104.8 MB
[runlim] sample:		1733.1 time, 1800.5 real, 105.0 MB
[runlim] sample:		1742.7 time, 1810.5 real, 105.0 MB
[runlim] sample:		1752.3 time, 1820.5 real, 105.3 MB
[runlim] sample:		1762.1 time, 1830.5 real, 105.5 MB
[runlim] sample:		1772.1 time, 1840.5 real, 105.8 MB
[runlim] sample:		1782.1 time, 1850.5 real, 106.1 MB
[runlim] sample:		1791.2 time, 1860.5 real, 106.1 MB
[runlim] sample:		1799.9 time, 1870.5 real, 106.3 MB
[runlim] sample:		1809.3 time, 1880.5 real, 106.6 MB
[runlim] sample:		1818.9 time, 1890.5 real, 106.8 MB
[runlim] sample:		1828.8 time, 1900.5 real, 106.8 MB
[runlim] sample:		1838.8 time, 1910.5 real, 107.1 MB
[runlim] sample:		1848.8 time, 1920.5 real, 107.3 MB
[runlim] sample:		1858.8 time, 1930.5 real, 107.6 MB
[runlim] sample:		1868.8 time, 1940.5 real, 107.9 MB
[runlim] sample:		1878.8 time, 1950.5 real, 108.1 MB
[runlim] sample:		1888.8 time, 1960.5 real, 108.1 MB
[runlim] sample:		1898.8 time, 1970.5 real, 108.4 MB
[runlim] sample:		1908.8 time, 1980.5 real, 108.6 MB
[runlim] sample:		1918.8 time, 1990.5 real, 108.9 MB
[runlim] sample:		1928.8 time, 2000.5 real, 109.2 MB
[runlim] sample:		1938.8 time, 2010.5 real, 109.4 MB
[runlim] sample:		1948.8 time, 2020.5 real, 109.7 MB
[runlim] sample:		1958.8 time, 2030.5 real, 109.7 MB
[runlim] sample:		1968.8 time, 2040.5 real, 109.9 MB
[runlim] sample:		1978.8 time, 2050.5 real, 110.2 MB
[runlim] sample:		1988.8 time, 2060.5 real, 110.4 MB
[runlim] sample:		1998.8 time, 2070.5 real, 110.7 MB
[runlim] sample:		2008.8 time, 2080.5 real, 110.7 MB
[runlim] sample:		2018.8 time, 2090.5 real, 111.0 MB
[runlim] sample:		2028.8 time, 2100.5 real, 111.2 MB
[runlim] sample:		2038.8 time, 2110.5 real, 111.5 MB
[runlim] sample:		2048.8 time, 2120.5 real, 111.5 MB
[runlim] sample:		2058.8 time, 2130.5 real, 111.7 MB
[runlim] sample:		2068.8 time, 2140.5 real, 112.0 MB
[runlim] sample:		2078.8 time, 2150.5 real, 112.2 MB
[runlim] sample:		2088.8 time, 2160.5 real, 112.5 MB
[runlim] sample:		2098.8 time, 2170.5 real, 112.5 MB
[runlim] sample:		2108.8 time, 2180.5 real, 112.8 MB
[runlim] sample:		2118.8 time, 2190.5 real, 113.0 MB
[runlim] sample:		2128.8 time, 2200.5 real, 113.3 MB
[runlim] sample:		2138.8 time, 2210.5 real, 113.5 MB
[runlim] sample:		2148.8 time, 2220.5 real, 113.8 MB
[runlim] sample:		2158.8 time, 2230.5 real, 113.8 MB
[runlim] sample:		2168.8 time, 2240.5 real, 114.1 MB
[runlim] sample:		2178.8 time, 2250.5 real, 114.3 MB
[runlim] sample:		2188.8 time, 2260.5 real, 114.3 MB
[runlim] sample:		2198.8 time, 2270.5 real, 114.6 MB
[runlim] sample:		2208.8 time, 2280.5 real, 114.8 MB
[runlim] sample:		2218.8 time, 2290.5 real, 115.1 MB
[runlim] sample:		2228.8 time, 2300.5 real, 115.1 MB
[runlim] sample:		2238.8 time, 2310.5 real, 115.3 MB
[runlim] sample:		2248.8 time, 2320.5 real, 115.6 MB
[runlim] sample:		2258.8 time, 2330.5 real, 115.9 MB
[runlim] sample:		2268.8 time, 2340.5 real, 116.1 MB
[runlim] sample:		2278.8 time, 2350.5 real, 116.1 MB
[runlim] sample:		2288.8 time, 2360.5 real, 118.2 MB
[runlim] sample:		2298.8 time, 2370.5 real, 118.2 MB
[runlim] sample:		2308.8 time, 2380.5 real, 118.2 MB
[runlim] sample:		2318.8 time, 2390.5 real, 118.2 MB
[runlim] sample:		2328.8 time, 2400.5 real, 118.2 MB
[runlim] sample:		2338.8 time, 2410.5 real, 118.4 MB
[runlim] sample:		2348.8 time, 2420.5 real, 118.9 MB
[runlim] sample:		2358.8 time, 2430.5 real, 118.9 MB
[runlim] sample:		2368.7 time, 2440.5 real, 118.9 MB
[runlim] sample:		2378.7 time, 2450.5 real, 119.2 MB
[runlim] sample:		2388.7 time, 2460.5 real, 119.5 MB
[runlim] sample:		2398.7 time, 2470.5 real, 119.7 MB
[runlim] sample:		2408.7 time, 2480.5 real, 119.7 MB
[runlim] sample:		2418.7 time, 2490.5 real, 120.0 MB
[runlim] sample:		2428.7 time, 2500.5 real, 120.2 MB
[runlim] sample:		2438.7 time, 2510.5 real, 120.5 MB
[runlim] sample:		2448.7 time, 2520.5 real, 120.7 MB
[runlim] sample:		2458.7 time, 2530.5 real, 121.0 MB
[runlim] sample:		2468.7 time, 2540.5 real, 121.0 MB
[runlim] sample:		2478.7 time, 2550.5 real, 121.3 MB
[runlim] sample:		2488.7 time, 2560.5 real, 121.5 MB
[runlim] sample:		2498.7 time, 2570.5 real, 122.5 MB
[runlim] sample:		2508.7 time, 2580.5 real, 122.5 MB
[runlim] sample:		2518.7 time, 2590.5 real, 122.8 MB
[runlim] sample:		2528.7 time, 2600.5 real, 122.8 MB
[runlim] sample:		2538.7 time, 2610.5 real, 123.1 MB
[runlim] sample:		2548.7 time, 2620.5 real, 123.3 MB
[runlim] sample:		2558.7 time, 2630.5 real, 123.6 MB
[runlim] sample:		2568.7 time, 2640.5 real, 123.8 MB
[runlim] sample:		2578.7 time, 2650.5 real, 124.1 MB
[runlim] sample:		2588.7 time, 2660.5 real, 124.4 MB
[runlim] sample:		2598.7 time, 2670.5 real, 124.4 MB
[runlim] sample:		2608.7 time, 2680.5 real, 124.6 MB
[runlim] sample:		2618.7 time, 2690.5 real, 124.9 MB
[runlim] sample:		2628.7 time, 2700.5 real, 125.1 MB
[runlim] sample:		2638.7 time, 2710.5 real, 125.4 MB
[runlim] sample:		2648.7 time, 2720.5 real, 125.6 MB
[runlim] sample:		2658.7 time, 2730.5 real, 125.9 MB
[runlim] sample:		2668.7 time, 2740.5 real, 125.9 MB
[runlim] sample:		2678.7 time, 2750.5 real, 126.2 MB
[runlim] sample:		2688.7 time, 2760.5 real, 126.4 MB
[runlim] sample:		2698.7 time, 2770.5 real, 126.7 MB
[runlim] sample:		2708.7 time, 2780.5 real, 126.9 MB
[runlim] sample:		2718.7 time, 2790.5 real, 126.9 MB
[runlim] sample:		2728.7 time, 2800.5 real, 127.2 MB
[runlim] sample:		2738.7 time, 2810.5 real, 127.4 MB
[runlim] sample:		2748.7 time, 2820.5 real, 127.7 MB
[runlim] sample:		2758.7 time, 2830.5 real, 128.0 MB
[runlim] sample:		2768.7 time, 2840.5 real, 128.2 MB
[runlim] sample:		2778.7 time, 2850.5 real, 128.5 MB
[runlim] sample:		2788.7 time, 2860.5 real, 128.5 MB
[runlim] sample:		2798.7 time, 2870.5 real, 128.7 MB
[runlim] sample:		2808.7 time, 2880.5 real, 129.0 MB
[runlim] sample:		2818.7 time, 2890.5 real, 129.2 MB
[runlim] sample:		2828.7 time, 2900.5 real, 129.8 MB
[runlim] sample:		2838.7 time, 2910.5 real, 129.8 MB
[runlim] sample:		2848.7 time, 2920.5 real, 129.8 MB
[runlim] sample:		2858.7 time, 2930.5 real, 131.1 MB
[runlim] sample:		2868.7 time, 2940.5 real, 131.1 MB
[runlim] sample:		2878.7 time, 2950.5 real, 131.1 MB
[runlim] sample:		2888.7 time, 2960.5 real, 131.1 MB
[runlim] sample:		2898.7 time, 2970.5 real, 131.1 MB
[runlim] sample:		2908.7 time, 2980.5 real, 131.1 MB
[runlim] sample:		2918.7 time, 2990.5 real, 131.6 MB
[runlim] sample:		2928.7 time, 3000.5 real, 131.6 MB
[runlim] sample:		2938.7 time, 3010.5 real, 131.8 MB
[runlim] sample:		2948.7 time, 3020.5 real, 132.1 MB
[runlim] sample:		2958.7 time, 3030.5 real, 132.1 MB
[runlim] sample:		2968.7 time, 3040.5 real, 132.3 MB
[runlim] sample:		2978.7 time, 3050.5 real, 132.6 MB
[runlim] sample:		2988.7 time, 3060.5 real, 132.9 MB
[runlim] sample:		2998.7 time, 3070.5 real, 133.1 MB
[runlim] sample:		3008.7 time, 3080.5 real, 133.9 MB
[runlim] sample:		3018.7 time, 3090.5 real, 133.9 MB
[runlim] sample:		3028.7 time, 3100.5 real, 133.9 MB
[runlim] sample:		3038.7 time, 3110.5 real, 134.1 MB
[runlim] sample:		3048.7 time, 3120.5 real, 134.4 MB
[runlim] sample:		3058.7 time, 3130.5 real, 134.7 MB
[runlim] sample:		3068.7 time, 3140.5 real, 134.7 MB
[runlim] sample:		3078.7 time, 3150.5 real, 134.9 MB
[runlim] sample:		3088.7 time, 3160.5 real, 135.2 MB
[runlim] sample:		3098.6 time, 3170.5 real, 135.4 MB
[runlim] sample:		3108.6 time, 3180.5 real, 135.4 MB
[runlim] sample:		3118.6 time, 3190.5 real, 135.7 MB
[runlim] sample:		3128.6 time, 3200.5 real, 136.0 MB
[runlim] sample:		3138.6 time, 3210.5 real, 136.2 MB
[runlim] sample:		3148.6 time, 3220.5 real, 136.5 MB
[runlim] sample:		3158.6 time, 3230.5 real, 136.5 MB
[runlim] sample:		3168.6 time, 3240.5 real, 136.7 MB
[runlim] sample:		3178.6 time, 3250.5 real, 137.0 MB
[runlim] sample:		3188.6 time, 3260.5 real, 137.2 MB
[runlim] sample:		3198.6 time, 3270.5 real, 137.8 MB
[runlim] sample:		3208.6 time, 3280.5 real, 137.8 MB
[runlim] sample:		3218.6 time, 3290.5 real, 138.0 MB
[runlim] sample:		3228.6 time, 3300.5 real, 138.3 MB
[runlim] sample:		3238.6 time, 3310.5 real, 138.5 MB
[runlim] sample:		3248.6 time, 3320.5 real, 138.8 MB
[runlim] sample:		3258.6 time, 3330.5 real, 138.8 MB
[runlim] sample:		3268.6 time, 3340.5 real, 139.0 MB
[runlim] sample:		3278.6 time, 3350.5 real, 139.3 MB
[runlim] sample:		3288.6 time, 3360.5 real, 139.6 MB
[runlim] sample:		3298.6 time, 3370.5 real, 139.8 MB
[runlim] sample:		3308.6 time, 3380.5 real, 139.8 MB
[runlim] sample:		3318.6 time, 3390.5 real, 140.3 MB
[runlim] sample:		3328.6 time, 3400.5 real, 140.3 MB
[runlim] sample:		3338.6 time, 3410.5 real, 140.6 MB
[runlim] sample:		3348.6 time, 3420.5 real, 140.9 MB
[runlim] sample:		3358.6 time, 3430.5 real, 141.9 MB
[runlim] sample:		3368.6 time, 3440.5 real, 141.9 MB
[runlim] sample:		3378.6 time, 3450.5 real, 141.9 MB
[runlim] sample:		3388.6 time, 3460.5 real, 142.1 MB
[runlim] sample:		3398.6 time, 3470.5 real, 142.4 MB
[runlim] sample:		3408.6 time, 3480.5 real, 142.7 MB
[runlim] sample:		3418.6 time, 3490.5 real, 142.7 MB
[runlim] sample:		3428.6 time, 3500.5 real, 142.9 MB
[runlim] sample:		3438.6 time, 3510.5 real, 143.2 MB
[runlim] sample:		3448.6 time, 3520.5 real, 143.4 MB
[runlim] sample:		3458.6 time, 3530.5 real, 143.7 MB
[runlim] sample:		3468.6 time, 3540.5 real, 143.9 MB
[runlim] sample:		3478.6 time, 3550.5 real, 144.5 MB
[runlim] sample:		3488.6 time, 3560.5 real, 144.7 MB
[runlim] sample:		3498.6 time, 3570.5 real, 145.0 MB
[runlim] sample:		3508.6 time, 3580.5 real, 145.2 MB
[runlim] sample:		3518.6 time, 3590.5 real, 145.7 MB
[runlim] sample:		3528.6 time, 3600.5 real, 146.0 MB
[runlim] sample:		3538.6 time, 3610.5 real, 146.3 MB
[runlim] sample:		3548.6 time, 3620.5 real, 146.8 MB
[runlim] sample:		3558.6 time, 3630.5 real, 147.3 MB
[runlim] sample:		3568.6 time, 3640.5 real, 147.6 MB
[runlim] sample:		3578.6 time, 3650.5 real, 147.8 MB
[runlim] sample:		3588.6 time, 3660.5 real, 148.3 MB
[runlim] sample:		3598.6 time, 3670.5 real, 148.6 MB
CVC4 interrupted by SIGTERM.
[runlim] end:			Thu Feb 14 02:59:42 2019
[runlim] status:		out of time
[runlim] result:		2
[runlim] children:		0
[runlim] real:			3671.99 seconds
[runlim] time:			3600.10 seconds
[runlim] space:			148.6 MB
[runlim] samples:		36715
