[runlim] version:		1.10fixed
[runlim] time limit:		3600 seconds
[runlim] real time limit:	311040000 seconds
[runlim] space limit:		4000 MB
[runlim] argv[0]:		./cvc4
[runlim] argv[1]:		--nl-ext-tplanes
[runlim] argv[2]:		--full-saturate-quant
[runlim] argv[3]:		--no-e-matching
[runlim] argv[4]:		/tmp/M3BVz8kp.smt2
[runlim] start:			Thu Feb 14 01:59:10 2019
[runlim] main pid:		17592
[runlim] sample:		9.3 time, 10.3 real, 41.6 MB
[runlim] sample:		19.1 time, 20.3 real, 42.4 MB
[runlim] sample:		29.1 time, 30.3 real, 43.4 MB
[runlim] sample:		39.1 time, 40.3 real, 44.7 MB
[runlim] sample:		49.0 time, 50.3 real, 46.2 MB
[runlim] sample:		58.8 time, 60.3 real, 47.3 MB
[runlim] sample:		67.4 time, 70.3 real, 48.3 MB
[runlim] sample:		76.3 time, 80.3 real, 49.6 MB
[runlim] sample:		85.5 time, 90.3 real, 50.6 MB
[runlim] sample:		94.2 time, 100.3 real, 51.9 MB
[runlim] sample:		103.9 time, 110.3 real, 52.9 MB
[runlim] sample:		113.9 time, 120.3 real, 53.7 MB
[runlim] sample:		123.9 time, 130.3 real, 55.2 MB
[runlim] sample:		133.8 time, 140.3 real, 56.5 MB
[runlim] sample:		143.5 time, 150.3 real, 57.3 MB
[runlim] sample:		153.2 time, 160.3 real, 68.2 MB
[runlim] sample:		163.1 time, 170.3 real, 68.5 MB
[runlim] sample:		172.9 time, 180.3 real, 72.2 MB
[runlim] sample:		182.6 time, 190.3 real, 72.5 MB
[runlim] sample:		192.3 time, 200.3 real, 72.7 MB
[runlim] sample:		202.0 time, 210.3 real, 73.7 MB
[runlim] sample:		211.8 time, 220.3 real, 74.0 MB
[runlim] sample:		221.7 time, 230.3 real, 74.3 MB
[runlim] sample:		231.5 time, 240.3 real, 74.5 MB
[runlim] sample:		241.5 time, 250.3 real, 75.0 MB
[runlim] sample:		251.5 time, 260.3 real, 75.3 MB
[runlim] sample:		261.5 time, 270.3 real, 75.5 MB
[runlim] sample:		271.5 time, 280.3 real, 76.1 MB
[runlim] sample:		281.5 time, 290.3 real, 76.3 MB
[runlim] sample:		291.2 time, 300.3 real, 76.6 MB
[runlim] sample:		300.9 time, 310.3 real, 77.6 MB
[runlim] sample:		310.7 time, 320.3 real, 77.6 MB
[runlim] sample:		320.6 time, 330.3 real, 78.1 MB
[runlim] sample:		330.6 time, 340.3 real, 78.4 MB
[runlim] sample:		339.8 time, 350.3 real, 78.7 MB
[runlim] sample:		348.4 time, 360.3 real, 79.2 MB
[runlim] sample:		358.4 time, 370.3 real, 79.7 MB
[runlim] sample:		368.4 time, 380.3 real, 79.9 MB
[runlim] sample:		378.4 time, 390.3 real, 80.2 MB
[runlim] sample:		387.0 time, 400.3 real, 80.5 MB
[runlim] sample:		396.8 time, 410.3 real, 80.7 MB
[runlim] sample:		406.8 time, 420.3 real, 81.0 MB
[runlim] sample:		416.2 time, 430.3 real, 81.5 MB
[runlim] sample:		426.1 time, 440.3 real, 81.7 MB
[runlim] sample:		436.1 time, 450.3 real, 82.0 MB
[runlim] sample:		446.1 time, 460.3 real, 82.5 MB
[runlim] sample:		456.1 time, 470.3 real, 82.8 MB
[runlim] sample:		465.9 time, 480.3 real, 83.0 MB
[runlim] sample:		475.6 time, 490.3 real, 83.3 MB
[runlim] sample:		483.9 time, 500.3 real, 83.8 MB
[runlim] sample:		493.9 time, 510.3 real, 84.1 MB
[runlim] sample:		501.9 time, 520.3 real, 84.6 MB
[runlim] sample:		511.0 time, 530.3 real, 84.8 MB
[runlim] sample:		520.6 time, 540.3 real, 85.1 MB
[runlim] sample:		528.8 time, 550.3 real, 85.6 MB
[runlim] sample:		538.1 time, 560.3 real, 85.9 MB
[runlim] sample:		547.9 time, 570.3 real, 86.1 MB
[runlim] sample:		557.5 time, 580.3 real, 86.4 MB
[runlim] sample:		567.1 time, 590.3 real, 86.9 MB
[runlim] sample:		575.2 time, 600.3 real, 86.9 MB
[runlim] sample:		583.0 time, 610.3 real, 87.4 MB
[runlim] sample:		591.8 time, 620.3 real, 87.7 MB
[runlim] sample:		599.9 time, 630.3 real, 87.9 MB
[runlim] sample:		609.0 time, 640.3 real, 87.9 MB
[runlim] sample:		617.6 time, 650.3 real, 88.4 MB
[runlim] sample:		626.1 time, 660.3 real, 88.7 MB
[runlim] sample:		634.6 time, 670.3 real, 89.0 MB
[runlim] sample:		643.7 time, 680.3 real, 89.0 MB
[runlim] sample:		653.3 time, 690.3 real, 89.5 MB
[runlim] sample:		663.0 time, 700.3 real, 90.0 MB
[runlim] sample:		672.3 time, 710.3 real, 90.2 MB
[runlim] sample:		678.9 time, 720.3 real, 90.5 MB
[runlim] sample:		686.6 time, 730.3 real, 90.8 MB
[runlim] sample:		695.4 time, 740.3 real, 91.0 MB
[runlim] sample:		705.1 time, 750.3 real, 91.3 MB
[runlim] sample:		714.2 time, 760.3 real, 91.5 MB
[runlim] sample:		723.3 time, 770.3 real, 92.0 MB
[runlim] sample:		731.9 time, 780.3 real, 92.3 MB
[runlim] sample:		740.3 time, 790.3 real, 92.6 MB
[runlim] sample:		749.0 time, 800.3 real, 92.8 MB
[runlim] sample:		758.3 time, 810.3 real, 93.1 MB
[runlim] sample:		767.4 time, 820.3 real, 93.3 MB
[runlim] sample:		777.1 time, 830.3 real, 93.6 MB
[runlim] sample:		786.6 time, 840.3 real, 94.1 MB
[runlim] sample:		796.1 time, 850.3 real, 94.4 MB
[runlim] sample:		805.1 time, 860.3 real, 94.6 MB
[runlim] sample:		814.7 time, 870.3 real, 94.9 MB
[runlim] sample:		824.3 time, 880.3 real, 95.1 MB
[runlim] sample:		833.8 time, 890.3 real, 95.6 MB
[runlim] sample:		843.4 time, 900.3 real, 95.6 MB
[runlim] sample:		853.1 time, 910.3 real, 96.2 MB
[runlim] sample:		862.8 time, 920.3 real, 96.4 MB
[runlim] sample:		872.2 time, 930.3 real, 96.7 MB
[runlim] sample:		881.6 time, 940.3 real, 96.9 MB
[runlim] sample:		891.3 time, 950.3 real, 97.2 MB
[runlim] sample:		901.0 time, 960.3 real, 97.7 MB
[runlim] sample:		910.7 time, 970.3 real, 97.9 MB
[runlim] sample:		920.4 time, 980.3 real, 98.4 MB
[runlim] sample:		929.5 time, 990.3 real, 98.7 MB
[runlim] sample:		939.1 time, 1000.3 real, 99.2 MB
[runlim] sample:		948.8 time, 1010.3 real, 99.2 MB
[runlim] sample:		958.5 time, 1020.3 real, 99.7 MB
[runlim] sample:		967.7 time, 1030.3 real, 100.0 MB
[runlim] sample:		976.8 time, 1040.3 real, 100.2 MB
[runlim] sample:		985.8 time, 1050.3 real, 100.5 MB
[runlim] sample:		994.9 time, 1060.3 real, 100.8 MB
[runlim] sample:		1004.0 time, 1070.3 real, 101.3 MB
[runlim] sample:		1013.1 time, 1080.3 real, 101.3 MB
[runlim] sample:		1022.2 time, 1090.3 real, 101.8 MB
[runlim] sample:		1031.2 time, 1100.3 real, 102.1 MB
[runlim] sample:		1040.4 time, 1110.3 real, 102.3 MB
[runlim] sample:		1050.1 time, 1120.3 real, 102.6 MB
[runlim] sample:		1059.7 time, 1130.3 real, 102.8 MB
[runlim] sample:		1069.4 time, 1140.3 real, 103.3 MB
[runlim] sample:		1079.0 time, 1150.3 real, 103.6 MB
[runlim] sample:		1088.7 time, 1160.3 real, 103.6 MB
[runlim] sample:		1098.3 time, 1170.3 real, 103.9 MB
[runlim] sample:		1108.0 time, 1180.3 real, 104.4 MB
[runlim] sample:		1117.7 time, 1190.3 real, 104.6 MB
[runlim] sample:		1127.3 time, 1200.3 real, 104.9 MB
[runlim] sample:		1137.0 time, 1210.3 real, 105.1 MB
[runlim] sample:		1146.6 time, 1220.3 real, 105.4 MB
[runlim] sample:		1156.3 time, 1230.3 real, 105.9 MB
[runlim] sample:		1166.0 time, 1240.3 real, 106.2 MB
[runlim] sample:		1175.6 time, 1250.3 real, 106.4 MB
[runlim] sample:		1185.3 time, 1260.3 real, 106.7 MB
[runlim] sample:		1194.9 time, 1270.3 real, 107.2 MB
[runlim] sample:		1204.6 time, 1280.3 real, 107.2 MB
[runlim] sample:		1214.2 time, 1290.3 real, 109.3 MB
[runlim] sample:		1223.9 time, 1300.3 real, 109.3 MB
[runlim] sample:		1233.5 time, 1310.3 real, 109.3 MB
[runlim] sample:		1243.2 time, 1320.3 real, 109.5 MB
[runlim] sample:		1252.9 time, 1330.3 real, 109.8 MB
[runlim] sample:		1262.5 time, 1340.3 real, 110.0 MB
[runlim] sample:		1272.2 time, 1350.3 real, 110.6 MB
[runlim] sample:		1281.9 time, 1360.3 real, 110.6 MB
[runlim] sample:		1291.5 time, 1370.3 real, 111.1 MB
[runlim] sample:		1301.2 time, 1380.3 real, 111.3 MB
[runlim] sample:		1310.9 time, 1390.3 real, 111.6 MB
[runlim] sample:		1320.6 time, 1400.3 real, 111.8 MB
[runlim] sample:		1330.2 time, 1410.3 real, 112.1 MB
[runlim] sample:		1339.9 time, 1420.3 real, 112.6 MB
[runlim] sample:		1349.5 time, 1430.3 real, 112.9 MB
[runlim] sample:		1359.2 time, 1440.3 real, 113.1 MB
[runlim] sample:		1368.9 time, 1450.3 real, 113.4 MB
[runlim] sample:		1378.2 time, 1460.3 real, 113.6 MB
[runlim] sample:		1387.3 time, 1470.3 real, 113.9 MB
[runlim] sample:		1396.8 time, 1480.3 real, 116.0 MB
[runlim] sample:		1406.5 time, 1490.3 real, 116.0 MB
[runlim] sample:		1416.2 time, 1500.3 real, 116.0 MB
[runlim] sample:		1425.3 time, 1510.3 real, 116.2 MB
[runlim] sample:		1434.4 time, 1520.3 real, 116.5 MB
[runlim] sample:		1443.6 time, 1530.3 real, 116.7 MB
[runlim] sample:		1453.3 time, 1540.3 real, 117.2 MB
[runlim] sample:		1463.0 time, 1550.3 real, 117.2 MB
[runlim] sample:		1472.7 time, 1560.3 real, 117.5 MB
[runlim] sample:		1482.4 time, 1570.3 real, 118.0 MB
[runlim] sample:		1491.9 time, 1580.3 real, 118.3 MB
[runlim] sample:		1501.6 time, 1590.3 real, 118.5 MB
[runlim] sample:		1511.3 time, 1600.3 real, 118.5 MB
[runlim] sample:		1520.9 time, 1610.3 real, 118.8 MB
[runlim] sample:		1530.6 time, 1620.3 real, 119.3 MB
[runlim] sample:		1540.3 time, 1630.3 real, 120.1 MB
[runlim] sample:		1550.0 time, 1640.3 real, 120.1 MB
[runlim] sample:		1559.7 time, 1650.3 real, 120.8 MB
[runlim] sample:		1569.3 time, 1660.3 real, 121.1 MB
[runlim] sample:		1578.9 time, 1670.3 real, 121.1 MB
[runlim] sample:		1588.6 time, 1680.3 real, 121.4 MB
[runlim] sample:		1597.9 time, 1690.3 real, 121.6 MB
[runlim] sample:		1607.5 time, 1700.3 real, 121.9 MB
[runlim] sample:		1617.5 time, 1710.3 real, 122.1 MB
[runlim] sample:		1627.5 time, 1720.3 real, 122.4 MB
[runlim] sample:		1637.5 time, 1730.3 real, 122.9 MB
[runlim] sample:		1647.5 time, 1740.3 real, 123.2 MB
[runlim] sample:		1657.5 time, 1750.3 real, 123.4 MB
[runlim] sample:		1667.1 time, 1760.3 real, 123.7 MB
[runlim] sample:		1676.6 time, 1770.3 real, 123.9 MB
[runlim] sample:		1685.9 time, 1780.3 real, 124.2 MB
[runlim] sample:		1695.6 time, 1790.3 real, 124.7 MB
[runlim] sample:		1705.3 time, 1800.3 real, 124.7 MB
[runlim] sample:		1715.0 time, 1810.3 real, 125.2 MB
[runlim] sample:		1724.7 time, 1820.3 real, 125.5 MB
[runlim] sample:		1734.3 time, 1830.3 real, 126.0 MB
[runlim] sample:		1744.0 time, 1840.3 real, 126.0 MB
[runlim] sample:		1753.8 time, 1850.3 real, 126.5 MB
[runlim] sample:		1762.9 time, 1860.3 real, 126.8 MB
[runlim] sample:		1772.6 time, 1870.3 real, 127.3 MB
[runlim] sample:		1782.3 time, 1880.3 real, 127.3 MB
[runlim] sample:		1791.5 time, 1890.3 real, 127.5 MB
[runlim] sample:		1800.9 time, 1900.3 real, 128.1 MB
[runlim] sample:		1810.4 time, 1910.3 real, 128.3 MB
[runlim] sample:		1819.4 time, 1920.3 real, 128.3 MB
[runlim] sample:		1828.4 time, 1930.3 real, 128.6 MB
[runlim] sample:		1837.5 time, 1940.3 real, 128.8 MB
[runlim] sample:		1846.5 time, 1950.3 real, 129.1 MB
[runlim] sample:		1855.7 time, 1960.3 real, 129.3 MB
[runlim] sample:		1865.4 time, 1970.3 real, 130.1 MB
[runlim] sample:		1875.1 time, 1980.3 real, 130.1 MB
[runlim] sample:		1884.3 time, 1990.3 real, 130.4 MB
[runlim] sample:		1894.0 time, 2000.3 real, 130.6 MB
[runlim] sample:		1903.2 time, 2010.3 real, 130.9 MB
[runlim] sample:		1912.4 time, 2020.3 real, 131.2 MB
[runlim] sample:		1921.7 time, 2030.3 real, 131.4 MB
[runlim] sample:		1931.2 time, 2040.3 real, 131.7 MB
[runlim] sample:		1940.9 time, 2050.3 real, 131.9 MB
[runlim] sample:		1950.6 time, 2060.3 real, 132.2 MB
[runlim] sample:		1960.3 time, 2070.3 real, 132.4 MB
[runlim] sample:		1969.7 time, 2080.3 real, 133.0 MB
[runlim] sample:		1979.4 time, 2090.3 real, 133.2 MB
[runlim] sample:		1989.0 time, 2100.3 real, 133.5 MB
[runlim] sample:		1998.7 time, 2110.3 real, 133.7 MB
[runlim] sample:		2008.3 time, 2120.3 real, 134.0 MB
[runlim] sample:		2018.0 time, 2130.3 real, 134.2 MB
[runlim] sample:		2027.7 time, 2140.3 real, 134.8 MB
[runlim] sample:		2037.4 time, 2150.3 real, 134.8 MB
[runlim] sample:		2047.1 time, 2160.3 real, 135.0 MB
[runlim] sample:		2056.5 time, 2170.3 real, 135.5 MB
[runlim] sample:		2065.5 time, 2180.3 real, 135.8 MB
[runlim] sample:		2074.5 time, 2190.3 real, 135.8 MB
[runlim] sample:		2083.6 time, 2200.3 real, 136.0 MB
[runlim] sample:		2093.3 time, 2210.3 real, 136.3 MB
[runlim] sample:		2103.0 time, 2220.3 real, 137.1 MB
[runlim] sample:		2112.7 time, 2230.3 real, 137.1 MB
[runlim] sample:		2122.3 time, 2240.3 real, 137.3 MB
[runlim] sample:		2131.9 time, 2250.3 real, 137.6 MB
[runlim] sample:		2141.6 time, 2260.3 real, 137.8 MB
[runlim] sample:		2151.2 time, 2270.3 real, 138.4 MB
[runlim] sample:		2160.9 time, 2280.3 real, 138.4 MB
[runlim] sample:		2170.5 time, 2290.3 real, 138.6 MB
[runlim] sample:		2180.2 time, 2300.3 real, 138.9 MB
[runlim] sample:		2189.8 time, 2310.3 real, 139.9 MB
[runlim] sample:		2199.5 time, 2320.3 real, 140.2 MB
[runlim] sample:		2209.1 time, 2330.3 real, 140.2 MB
[runlim] sample:		2218.7 time, 2340.3 real, 140.4 MB
[runlim] sample:		2228.1 time, 2350.3 real, 140.9 MB
[runlim] sample:		2237.7 time, 2360.3 real, 141.2 MB
[runlim] sample:		2247.2 time, 2370.3 real, 141.5 MB
[runlim] sample:		2256.7 time, 2380.3 real, 141.7 MB
[runlim] sample:		2266.4 time, 2390.3 real, 142.0 MB
[runlim] sample:		2276.1 time, 2400.3 real, 142.7 MB
[runlim] sample:		2285.8 time, 2410.3 real, 142.7 MB
[runlim] sample:		2295.5 time, 2420.3 real, 143.2 MB
[runlim] sample:		2305.2 time, 2430.3 real, 143.5 MB
[runlim] sample:		2314.9 time, 2440.3 real, 143.7 MB
[runlim] sample:		2324.6 time, 2450.3 real, 144.0 MB
[runlim] sample:		2334.2 time, 2460.3 real, 144.3 MB
[runlim] sample:		2343.9 time, 2470.3 real, 144.8 MB
[runlim] sample:		2353.6 time, 2480.3 real, 145.0 MB
[runlim] sample:		2363.3 time, 2490.3 real, 145.3 MB
[runlim] sample:		2372.9 time, 2500.3 real, 145.8 MB
[runlim] sample:		2382.4 time, 2510.3 real, 146.1 MB
[runlim] sample:		2391.4 time, 2520.3 real, 146.3 MB
[runlim] sample:		2401.1 time, 2530.3 real, 146.8 MB
[runlim] sample:		2410.7 time, 2540.3 real, 146.8 MB
[runlim] sample:		2420.4 time, 2550.3 real, 147.3 MB
[runlim] sample:		2429.8 time, 2560.3 real, 147.6 MB
[runlim] sample:		2439.1 time, 2570.3 real, 147.9 MB
[runlim] sample:		2448.8 time, 2580.3 real, 148.1 MB
[runlim] sample:		2458.5 time, 2590.3 real, 148.4 MB
[runlim] sample:		2468.1 time, 2600.3 real, 148.6 MB
[runlim] sample:		2477.4 time, 2610.3 real, 148.9 MB
[runlim] sample:		2486.9 time, 2620.3 real, 149.1 MB
[runlim] sample:		2496.5 time, 2630.3 real, 149.4 MB
[runlim] sample:		2506.2 time, 2640.3 real, 149.7 MB
[runlim] sample:		2515.7 time, 2650.3 real, 149.9 MB
[runlim] sample:		2525.3 time, 2660.3 real, 150.2 MB
[runlim] sample:		2535.0 time, 2670.3 real, 150.4 MB
[runlim] sample:		2544.7 time, 2680.3 real, 150.7 MB
[runlim] sample:		2554.4 time, 2690.3 real, 151.0 MB
[runlim] sample:		2564.1 time, 2700.3 real, 151.5 MB
[runlim] sample:		2573.8 time, 2710.3 real, 151.5 MB
[runlim] sample:		2583.5 time, 2720.3 real, 151.7 MB
[runlim] sample:		2593.2 time, 2730.3 real, 152.0 MB
[runlim] sample:		2602.8 time, 2740.3 real, 152.5 MB
[runlim] sample:		2612.5 time, 2750.3 real, 152.8 MB
[runlim] sample:		2622.2 time, 2760.3 real, 152.8 MB
[runlim] sample:		2631.8 time, 2770.3 real, 153.3 MB
[runlim] sample:		2641.4 time, 2780.3 real, 153.5 MB
[runlim] sample:		2650.9 time, 2790.3 real, 155.6 MB
[runlim] sample:		2660.2 time, 2800.3 real, 155.6 MB
[runlim] sample:		2669.8 time, 2810.3 real, 155.6 MB
[runlim] sample:		2679.5 time, 2820.3 real, 155.6 MB
[runlim] sample:		2689.2 time, 2830.3 real, 155.8 MB
[runlim] sample:		2698.3 time, 2840.3 real, 156.1 MB
[runlim] sample:		2707.4 time, 2850.3 real, 156.4 MB
[runlim] sample:		2717.1 time, 2860.3 real, 156.6 MB
[runlim] sample:		2726.6 time, 2870.3 real, 156.9 MB
[runlim] sample:		2736.3 time, 2880.3 real, 157.1 MB
[runlim] sample:		2746.0 time, 2890.3 real, 157.4 MB
[runlim] sample:		2755.7 time, 2900.3 real, 157.7 MB
[runlim] sample:		2765.4 time, 2910.3 real, 157.9 MB
[runlim] sample:		2775.1 time, 2920.3 real, 158.4 MB
[runlim] sample:		2784.8 time, 2930.3 real, 158.4 MB
[runlim] sample:		2794.2 time, 2940.3 real, 158.7 MB
[runlim] sample:		2803.5 time, 2950.3 real, 158.9 MB
[runlim] sample:		2812.8 time, 2960.3 real, 159.2 MB
[runlim] sample:		2822.2 time, 2970.3 real, 159.5 MB
[runlim] sample:		2831.5 time, 2980.3 real, 159.7 MB
[runlim] sample:		2840.8 time, 2990.3 real, 160.0 MB
[runlim] sample:		2850.7 time, 3000.3 real, 160.7 MB
[runlim] sample:		2860.7 time, 3010.3 real, 160.7 MB
[runlim] sample:		2870.3 time, 3020.3 real, 160.7 MB
[runlim] sample:		2879.8 time, 3030.3 real, 161.0 MB
[runlim] sample:		2889.3 time, 3040.3 real, 161.3 MB
[runlim] sample:		2898.5 time, 3050.3 real, 161.5 MB
[runlim] sample:		2908.2 time, 3060.3 real, 162.0 MB
[runlim] sample:		2917.9 time, 3070.3 real, 162.0 MB
[runlim] sample:		2927.2 time, 3080.3 real, 162.5 MB
[runlim] sample:		2936.3 time, 3090.3 real, 162.8 MB
[runlim] sample:		2945.7 time, 3100.3 real, 163.1 MB
[runlim] sample:		2955.3 time, 3110.3 real, 163.3 MB
[runlim] sample:		2964.9 time, 3120.3 real, 163.3 MB
[runlim] sample:		2974.6 time, 3130.3 real, 163.8 MB
[runlim] sample:		2984.3 time, 3140.3 real, 164.1 MB
[runlim] sample:		2994.0 time, 3150.3 real, 164.3 MB
[runlim] sample:		3003.7 time, 3160.3 real, 164.6 MB
[runlim] sample:		3013.3 time, 3170.3 real, 164.6 MB
[runlim] sample:		3023.1 time, 3180.3 real, 165.1 MB
[runlim] sample:		3032.8 time, 3190.3 real, 165.4 MB
[runlim] sample:		3042.3 time, 3200.3 real, 165.6 MB
[runlim] sample:		3051.6 time, 3210.3 real, 166.1 MB
[runlim] sample:		3060.7 time, 3220.3 real, 166.1 MB
[runlim] sample:		3069.8 time, 3230.3 real, 166.7 MB
[runlim] sample:		3079.0 time, 3240.3 real, 166.9 MB
[runlim] sample:		3088.4 time, 3250.3 real, 167.2 MB
[runlim] sample:		3097.6 time, 3260.3 real, 167.2 MB
[runlim] sample:		3105.7 time, 3270.3 real, 167.4 MB
[runlim] sample:		3115.5 time, 3280.3 real, 167.7 MB
[runlim] sample:		3124.0 time, 3290.3 real, 168.7 MB
[runlim] sample:		3131.9 time, 3300.3 real, 168.7 MB
[runlim] sample:		3139.7 time, 3310.3 real, 168.7 MB
[runlim] sample:		3149.3 time, 3320.3 real, 168.7 MB
[runlim] sample:		3159.3 time, 3330.3 real, 169.0 MB
[runlim] sample:		3169.2 time, 3340.3 real, 169.2 MB
[runlim] sample:		3179.2 time, 3350.3 real, 169.5 MB
[runlim] sample:		3189.2 time, 3360.3 real, 169.5 MB
[runlim] sample:		3199.2 time, 3370.3 real, 169.8 MB
[runlim] sample:		3209.2 time, 3380.3 real, 170.3 MB
[runlim] sample:		3219.2 time, 3390.3 real, 170.5 MB
[runlim] sample:		3228.4 time, 3400.3 real, 170.8 MB
[runlim] sample:		3237.6 time, 3410.3 real, 170.8 MB
[runlim] sample:		3245.8 time, 3420.3 real, 171.0 MB
[runlim] sample:		3254.0 time, 3430.3 real, 171.3 MB
[runlim] sample:		3262.5 time, 3440.3 real, 171.6 MB
[runlim] sample:		3271.0 time, 3450.3 real, 171.8 MB
[runlim] sample:		3279.1 time, 3460.3 real, 171.8 MB
[runlim] sample:		3287.7 time, 3470.3 real, 172.1 MB
[runlim] sample:		3296.9 time, 3480.3 real, 172.3 MB
[runlim] sample:		3306.7 time, 3490.3 real, 172.6 MB
[runlim] sample:		3315.4 time, 3500.3 real, 172.8 MB
[runlim] sample:		3324.1 time, 3510.3 real, 173.1 MB
[runlim] sample:		3333.1 time, 3520.3 real, 173.4 MB
[runlim] sample:		3341.8 time, 3530.3 real, 173.4 MB
[runlim] sample:		3350.4 time, 3540.3 real, 173.9 MB
[runlim] sample:		3359.0 time, 3550.3 real, 174.1 MB
[runlim] sample:		3368.3 time, 3560.3 real, 174.1 MB
[runlim] sample:		3378.0 time, 3570.3 real, 174.4 MB
[runlim] sample:		3388.0 time, 3580.3 real, 174.9 MB
[runlim] sample:		3398.0 time, 3590.3 real, 175.2 MB
[runlim] sample:		3408.0 time, 3600.3 real, 175.4 MB
[runlim] sample:		3418.0 time, 3610.3 real, 175.4 MB
[runlim] sample:		3428.0 time, 3620.3 real, 175.7 MB
[runlim] sample:		3438.0 time, 3630.3 real, 176.2 MB
[runlim] sample:		3448.0 time, 3640.3 real, 176.4 MB
[runlim] sample:		3458.0 time, 3650.3 real, 176.4 MB
[runlim] sample:		3468.0 time, 3660.3 real, 176.7 MB
[runlim] sample:		3478.0 time, 3670.3 real, 177.2 MB
[runlim] sample:		3488.0 time, 3680.3 real, 177.5 MB
[runlim] sample:		3497.3 time, 3690.3 real, 177.7 MB
[runlim] sample:		3505.0 time, 3700.3 real, 177.7 MB
[runlim] sample:		3515.0 time, 3710.3 real, 178.0 MB
[runlim] sample:		3525.0 time, 3720.3 real, 178.2 MB
[runlim] sample:		3535.0 time, 3730.3 real, 178.8 MB
[runlim] sample:		3545.0 time, 3740.3 real, 178.8 MB
[runlim] sample:		3555.0 time, 3750.3 real, 179.0 MB
[runlim] sample:		3565.0 time, 3760.3 real, 179.3 MB
[runlim] sample:		3575.0 time, 3770.3 real, 179.8 MB
[runlim] sample:		3585.0 time, 3780.3 real, 180.1 MB
[runlim] end:			Thu Feb 14 03:02:12 2019
[runlim] status:		signal(9)
[runlim] result:		11
[runlim] children:		0
[runlim] real:			3782.45 seconds
[runlim] time:			3587.09 seconds
[runlim] space:			180.1 MB
[runlim] samples:		37821
