[runlim] version:		1.10fixed
[runlim] time limit:		3600 seconds
[runlim] real time limit:	311040000 seconds
[runlim] space limit:		4000 MB
[runlim] argv[0]:		./cvc4
[runlim] argv[1]:		--nl-ext-tplanes
[runlim] argv[2]:		--full-saturate-quant
[runlim] argv[3]:		--no-e-matching
[runlim] argv[4]:		/tmp/m6cpLWLt.smt2
[runlim] start:			Thu Feb 14 01:59:15 2019
[runlim] main pid:		32372
[runlim] sample:		8.3 time, 10.7 real, 50.3 MB
[runlim] sample:		18.3 time, 20.7 real, 56.4 MB
[runlim] sample:		28.2 time, 30.7 real, 71.8 MB
[runlim] sample:		38.2 time, 40.7 real, 75.7 MB
[runlim] sample:		48.2 time, 50.7 real, 81.9 MB
[runlim] sample:		58.2 time, 60.7 real, 86.5 MB
[runlim] sample:		68.2 time, 70.7 real, 91.8 MB
[runlim] sample:		78.2 time, 80.7 real, 95.7 MB
[runlim] sample:		88.2 time, 90.7 real, 99.3 MB
[runlim] sample:		98.2 time, 100.7 real, 102.1 MB
[runlim] sample:		107.8 time, 110.7 real, 103.9 MB
[runlim] sample:		116.7 time, 120.7 real, 106.5 MB
[runlim] sample:		124.3 time, 130.7 real, 107.8 MB
[runlim] sample:		132.0 time, 140.7 real, 109.6 MB
[runlim] sample:		140.5 time, 150.7 real, 111.1 MB
[runlim] sample:		148.2 time, 160.7 real, 112.2 MB
[runlim] sample:		156.2 time, 170.7 real, 113.4 MB
[runlim] sample:		166.2 time, 180.7 real, 117.0 MB
[runlim] sample:		176.2 time, 190.7 real, 118.8 MB
[runlim] sample:		186.1 time, 200.7 real, 120.1 MB
[runlim] sample:		196.1 time, 210.7 real, 121.9 MB
[runlim] sample:		206.1 time, 220.7 real, 123.5 MB
[runlim] sample:		216.1 time, 230.7 real, 124.2 MB
[runlim] sample:		226.1 time, 240.7 real, 125.8 MB
[runlim] sample:		236.1 time, 250.7 real, 127.3 MB
[runlim] sample:		246.1 time, 260.7 real, 128.6 MB
[runlim] sample:		256.1 time, 270.7 real, 129.4 MB
[runlim] sample:		266.1 time, 280.7 real, 131.2 MB
[runlim] sample:		276.1 time, 290.7 real, 135.3 MB
[runlim] sample:		286.1 time, 300.7 real, 135.6 MB
[runlim] sample:		296.1 time, 310.7 real, 136.6 MB
[runlim] sample:		306.1 time, 320.7 real, 136.9 MB
[runlim] sample:		316.1 time, 330.7 real, 138.7 MB
[runlim] sample:		326.1 time, 340.7 real, 139.7 MB
[runlim] sample:		336.1 time, 350.7 real, 141.0 MB
[runlim] sample:		346.1 time, 360.7 real, 144.1 MB
[runlim] sample:		356.1 time, 370.7 real, 144.6 MB
[runlim] sample:		366.1 time, 380.7 real, 145.6 MB
[runlim] sample:		376.1 time, 390.7 real, 146.9 MB
[runlim] sample:		386.1 time, 400.7 real, 147.7 MB
[runlim] sample:		396.1 time, 410.7 real, 148.7 MB
[runlim] sample:		406.1 time, 420.7 real, 150.3 MB
[runlim] sample:		416.1 time, 430.7 real, 150.5 MB
[runlim] sample:		426.1 time, 440.7 real, 151.5 MB
[runlim] sample:		436.1 time, 450.7 real, 152.6 MB
[runlim] sample:		446.1 time, 460.7 real, 153.3 MB
[runlim] sample:		456.1 time, 470.7 real, 154.6 MB
[runlim] sample:		466.1 time, 480.7 real, 155.7 MB
[runlim] sample:		476.1 time, 490.7 real, 155.9 MB
[runlim] sample:		486.1 time, 500.7 real, 156.4 MB
[runlim] sample:		496.1 time, 510.7 real, 157.2 MB
[runlim] sample:		506.1 time, 520.7 real, 157.7 MB
[runlim] sample:		516.1 time, 530.7 real, 158.2 MB
[runlim] sample:		526.1 time, 540.7 real, 159.0 MB
[runlim] sample:		536.1 time, 550.7 real, 160.0 MB
[runlim] sample:		546.1 time, 560.7 real, 160.6 MB
[runlim] sample:		556.1 time, 570.7 real, 161.3 MB
[runlim] sample:		566.1 time, 580.7 real, 162.4 MB
[runlim] sample:		576.1 time, 590.7 real, 163.4 MB
[runlim] sample:		586.1 time, 600.7 real, 163.6 MB
[runlim] sample:		596.1 time, 610.7 real, 164.7 MB
[runlim] sample:		606.1 time, 620.7 real, 165.7 MB
[runlim] sample:		616.1 time, 630.7 real, 165.7 MB
[runlim] sample:		626.1 time, 640.7 real, 168.8 MB
[runlim] sample:		636.1 time, 650.7 real, 169.6 MB
[runlim] sample:		646.1 time, 660.7 real, 169.6 MB
[runlim] sample:		656.1 time, 670.7 real, 170.6 MB
[runlim] sample:		666.1 time, 680.7 real, 171.6 MB
[runlim] sample:		676.1 time, 690.7 real, 171.9 MB
[runlim] sample:		686.1 time, 700.7 real, 173.2 MB
[runlim] sample:		696.1 time, 710.7 real, 173.9 MB
[runlim] sample:		706.1 time, 720.7 real, 174.7 MB
[runlim] sample:		716.1 time, 730.7 real, 175.2 MB
[runlim] sample:		726.1 time, 740.7 real, 175.5 MB
[runlim] sample:		736.1 time, 750.7 real, 175.7 MB
[runlim] sample:		746.1 time, 760.7 real, 175.7 MB
[runlim] sample:		756.1 time, 770.7 real, 175.7 MB
[runlim] sample:		766.1 time, 780.7 real, 176.0 MB
[runlim] sample:		776.1 time, 790.7 real, 177.8 MB
[runlim] sample:		786.1 time, 800.7 real, 178.1 MB
[runlim] sample:		796.1 time, 810.7 real, 179.9 MB
[runlim] sample:		806.1 time, 820.7 real, 180.1 MB
[runlim] sample:		816.1 time, 830.7 real, 184.2 MB
[runlim] sample:		826.1 time, 840.7 real, 184.2 MB
[runlim] sample:		836.1 time, 850.7 real, 185.0 MB
[runlim] sample:		846.1 time, 860.7 real, 185.0 MB
[runlim] sample:		856.1 time, 870.7 real, 185.5 MB
[runlim] sample:		866.1 time, 880.7 real, 186.0 MB
[runlim] sample:		876.1 time, 890.7 real, 186.0 MB
[runlim] sample:		886.1 time, 900.7 real, 187.3 MB
[runlim] sample:		896.1 time, 910.7 real, 187.3 MB
[runlim] sample:		906.1 time, 920.7 real, 188.1 MB
[runlim] sample:		916.1 time, 930.7 real, 188.4 MB
[runlim] sample:		926.1 time, 940.7 real, 189.1 MB
[runlim] sample:		936.1 time, 950.7 real, 189.1 MB
[runlim] sample:		946.1 time, 960.7 real, 190.4 MB
[runlim] sample:		956.1 time, 970.7 real, 190.7 MB
[runlim] sample:		966.1 time, 980.7 real, 191.5 MB
[runlim] sample:		976.1 time, 990.7 real, 191.7 MB
[runlim] sample:		986.1 time, 1000.7 real, 192.5 MB
[runlim] sample:		996.1 time, 1010.7 real, 192.7 MB
[runlim] sample:		1006.1 time, 1020.7 real, 193.8 MB
[runlim] sample:		1016.1 time, 1030.7 real, 193.8 MB
[runlim] sample:		1026.1 time, 1040.7 real, 194.6 MB
[runlim] sample:		1036.1 time, 1050.7 real, 194.6 MB
[runlim] sample:		1046.1 time, 1060.7 real, 195.6 MB
[runlim] sample:		1056.1 time, 1070.7 real, 195.6 MB
[runlim] sample:		1066.1 time, 1080.7 real, 195.6 MB
[runlim] sample:		1076.1 time, 1090.7 real, 196.4 MB
[runlim] sample:		1086.1 time, 1100.7 real, 196.4 MB
[runlim] sample:		1096.1 time, 1110.7 real, 198.7 MB
[runlim] sample:		1106.1 time, 1120.7 real, 198.7 MB
[runlim] sample:		1116.1 time, 1130.7 real, 199.2 MB
[runlim] sample:		1126.1 time, 1140.7 real, 199.2 MB
[runlim] sample:		1136.1 time, 1150.7 real, 199.2 MB
[runlim] sample:		1146.1 time, 1160.7 real, 200.5 MB
[runlim] sample:		1156.1 time, 1170.7 real, 200.7 MB
[runlim] sample:		1166.1 time, 1180.7 real, 201.2 MB
[runlim] sample:		1176.0 time, 1190.7 real, 201.2 MB
[runlim] sample:		1186.0 time, 1200.7 real, 201.2 MB
[runlim] sample:		1196.0 time, 1210.7 real, 202.0 MB
[runlim] sample:		1206.0 time, 1220.7 real, 202.0 MB
[runlim] sample:		1216.0 time, 1230.7 real, 203.3 MB
[runlim] sample:		1226.0 time, 1240.7 real, 203.3 MB
[runlim] sample:		1236.0 time, 1250.7 real, 204.1 MB
[runlim] sample:		1246.0 time, 1260.7 real, 204.1 MB
[runlim] sample:		1256.0 time, 1270.7 real, 204.1 MB
[runlim] sample:		1266.0 time, 1280.7 real, 205.1 MB
[runlim] sample:		1276.0 time, 1290.7 real, 205.1 MB
[runlim] sample:		1286.0 time, 1300.7 real, 205.1 MB
[runlim] sample:		1296.0 time, 1310.7 real, 213.4 MB
[runlim] sample:		1306.0 time, 1320.7 real, 213.4 MB
[runlim] sample:		1316.0 time, 1330.7 real, 213.4 MB
[runlim] sample:		1326.0 time, 1340.7 real, 213.4 MB
[runlim] sample:		1336.0 time, 1350.7 real, 213.6 MB
[runlim] sample:		1346.0 time, 1360.7 real, 213.6 MB
[runlim] sample:		1356.0 time, 1370.7 real, 213.6 MB
[runlim] sample:		1366.0 time, 1380.7 real, 213.6 MB
[runlim] sample:		1376.0 time, 1390.7 real, 213.6 MB
[runlim] sample:		1386.0 time, 1400.7 real, 213.6 MB
[runlim] sample:		1396.0 time, 1410.7 real, 214.1 MB
[runlim] sample:		1406.0 time, 1420.7 real, 214.1 MB
[runlim] sample:		1416.0 time, 1430.7 real, 215.4 MB
[runlim] sample:		1426.0 time, 1440.7 real, 215.4 MB
[runlim] sample:		1436.0 time, 1450.7 real, 215.4 MB
[runlim] sample:		1446.0 time, 1460.7 real, 217.0 MB
[runlim] sample:		1456.0 time, 1470.7 real, 217.0 MB
[runlim] sample:		1466.0 time, 1480.7 real, 217.0 MB
[runlim] sample:		1476.0 time, 1490.7 real, 218.2 MB
[runlim] sample:		1486.0 time, 1500.7 real, 218.5 MB
[runlim] sample:		1496.0 time, 1510.7 real, 218.5 MB
[runlim] sample:		1506.0 time, 1520.7 real, 219.3 MB
[runlim] sample:		1516.0 time, 1530.7 real, 219.3 MB
[runlim] sample:		1526.0 time, 1540.7 real, 220.8 MB
[runlim] sample:		1536.0 time, 1550.7 real, 220.8 MB
[runlim] sample:		1546.0 time, 1560.7 real, 221.1 MB
[runlim] sample:		1556.0 time, 1570.7 real, 221.3 MB
[runlim] sample:		1566.0 time, 1580.7 real, 221.3 MB
[runlim] sample:		1576.0 time, 1590.7 real, 221.3 MB
[runlim] sample:		1586.0 time, 1600.7 real, 222.6 MB
[runlim] sample:		1596.0 time, 1610.7 real, 222.6 MB
[runlim] sample:		1606.0 time, 1620.7 real, 222.6 MB
[runlim] sample:		1616.0 time, 1630.7 real, 223.7 MB
[runlim] sample:		1626.0 time, 1640.7 real, 225.2 MB
[runlim] sample:		1636.0 time, 1650.7 real, 225.2 MB
[runlim] sample:		1646.0 time, 1660.7 real, 225.2 MB
[runlim] sample:		1656.0 time, 1670.7 real, 225.2 MB
[runlim] sample:		1666.0 time, 1680.7 real, 225.2 MB
[runlim] sample:		1676.0 time, 1690.7 real, 225.2 MB
[runlim] sample:		1686.0 time, 1700.7 real, 225.5 MB
[runlim] sample:		1696.0 time, 1710.7 real, 225.5 MB
[runlim] sample:		1706.0 time, 1720.7 real, 226.0 MB
[runlim] sample:		1716.0 time, 1730.7 real, 226.5 MB
[runlim] sample:		1726.0 time, 1740.7 real, 226.5 MB
[runlim] sample:		1736.0 time, 1750.7 real, 227.5 MB
[runlim] sample:		1746.0 time, 1760.7 real, 227.5 MB
[runlim] sample:		1756.0 time, 1770.7 real, 228.0 MB
[runlim] sample:		1766.0 time, 1780.7 real, 228.5 MB
[runlim] sample:		1776.0 time, 1790.7 real, 228.5 MB
[runlim] sample:		1786.0 time, 1800.7 real, 229.1 MB
[runlim] sample:		1796.0 time, 1810.7 real, 230.1 MB
[runlim] sample:		1806.0 time, 1820.7 real, 230.1 MB
[runlim] sample:		1816.0 time, 1830.7 real, 230.1 MB
[runlim] sample:		1826.0 time, 1840.7 real, 230.1 MB
[runlim] sample:		1835.6 time, 1850.7 real, 230.4 MB
[runlim] sample:		1845.6 time, 1860.7 real, 230.4 MB
[runlim] sample:		1855.6 time, 1870.7 real, 230.4 MB
[runlim] sample:		1865.6 time, 1880.7 real, 231.4 MB
[runlim] sample:		1875.6 time, 1890.7 real, 231.4 MB
[runlim] sample:		1885.6 time, 1900.7 real, 231.9 MB
[runlim] sample:		1895.6 time, 1910.7 real, 232.9 MB
[runlim] sample:		1905.3 time, 1920.7 real, 232.9 MB
[runlim] sample:		1915.2 time, 1930.7 real, 232.9 MB
[runlim] sample:		1924.8 time, 1940.7 real, 234.0 MB
[runlim] sample:		1934.6 time, 1950.7 real, 234.0 MB
[runlim] sample:		1944.2 time, 1960.7 real, 234.5 MB
[runlim] sample:		1952.9 time, 1970.7 real, 234.5 MB
[runlim] sample:		1961.7 time, 1980.7 real, 235.0 MB
[runlim] sample:		1970.1 time, 1990.7 real, 235.0 MB
[runlim] sample:		1978.7 time, 2000.7 real, 235.0 MB
[runlim] sample:		1988.1 time, 2010.7 real, 235.0 MB
[runlim] sample:		1995.7 time, 2020.7 real, 235.5 MB
[runlim] sample:		2004.5 time, 2030.7 real, 235.8 MB
[runlim] sample:		2012.8 time, 2040.7 real, 235.8 MB
[runlim] sample:		2022.3 time, 2050.7 real, 235.8 MB
[runlim] sample:		2031.7 time, 2060.7 real, 237.3 MB
[runlim] sample:		2040.5 time, 2070.7 real, 238.3 MB
[runlim] sample:		2049.2 time, 2080.7 real, 238.3 MB
[runlim] sample:		2058.9 time, 2090.7 real, 238.3 MB
[runlim] sample:		2068.6 time, 2100.7 real, 238.3 MB
[runlim] sample:		2078.0 time, 2110.7 real, 238.3 MB
[runlim] sample:		2087.2 time, 2120.7 real, 238.6 MB
[runlim] sample:		2096.2 time, 2130.7 real, 238.6 MB
[runlim] sample:		2104.1 time, 2140.7 real, 240.4 MB
[runlim] sample:		2111.8 time, 2150.7 real, 240.4 MB
[runlim] sample:		2121.0 time, 2160.7 real, 240.6 MB
[runlim] sample:		2130.7 time, 2170.7 real, 240.6 MB
[runlim] sample:		2140.5 time, 2180.7 real, 241.7 MB
[runlim] sample:		2149.6 time, 2190.7 real, 241.7 MB
[runlim] sample:		2159.2 time, 2200.7 real, 241.7 MB
[runlim] sample:		2169.1 time, 2210.7 real, 242.2 MB
[runlim] sample:		2178.7 time, 2220.7 real, 242.5 MB
[runlim] sample:		2188.7 time, 2230.7 real, 242.5 MB
[runlim] sample:		2198.7 time, 2240.7 real, 242.5 MB
[runlim] sample:		2208.7 time, 2250.7 real, 242.5 MB
[runlim] sample:		2218.6 time, 2260.7 real, 244.3 MB
[runlim] sample:		2227.6 time, 2270.7 real, 245.5 MB
[runlim] sample:		2236.4 time, 2280.7 real, 245.5 MB
[runlim] sample:		2246.1 time, 2290.7 real, 245.5 MB
[runlim] sample:		2255.2 time, 2300.7 real, 245.8 MB
[runlim] sample:		2264.0 time, 2310.7 real, 245.8 MB
[runlim] sample:		2274.0 time, 2320.7 real, 246.6 MB
[runlim] sample:		2283.9 time, 2330.7 real, 246.6 MB
[runlim] sample:		2293.9 time, 2340.7 real, 246.6 MB
[runlim] sample:		2303.9 time, 2350.7 real, 246.6 MB
[runlim] sample:		2313.4 time, 2360.7 real, 246.6 MB
[runlim] sample:		2323.3 time, 2370.7 real, 246.6 MB
[runlim] sample:		2333.3 time, 2380.7 real, 246.6 MB
[runlim] sample:		2343.1 time, 2390.7 real, 246.6 MB
[runlim] sample:		2352.7 time, 2400.7 real, 246.6 MB
[runlim] sample:		2362.7 time, 2410.7 real, 246.8 MB
[runlim] sample:		2372.5 time, 2420.7 real, 246.8 MB
[runlim] sample:		2382.1 time, 2430.7 real, 246.8 MB
[runlim] sample:		2392.1 time, 2440.7 real, 246.8 MB
[runlim] sample:		2401.5 time, 2450.7 real, 246.8 MB
[runlim] sample:		2410.8 time, 2460.7 real, 248.9 MB
[runlim] sample:		2420.8 time, 2470.7 real, 248.9 MB
[runlim] sample:		2430.4 time, 2480.7 real, 248.9 MB
[runlim] sample:		2439.7 time, 2490.7 real, 249.2 MB
[runlim] sample:		2449.4 time, 2500.7 real, 252.0 MB
[runlim] sample:		2458.6 time, 2510.7 real, 252.0 MB
[runlim] sample:		2467.6 time, 2520.7 real, 252.0 MB
[runlim] sample:		2476.6 time, 2530.7 real, 252.2 MB
[runlim] sample:		2485.9 time, 2540.7 real, 252.2 MB
[runlim] sample:		2495.6 time, 2550.7 real, 252.2 MB
[runlim] sample:		2505.2 time, 2560.7 real, 252.2 MB
[runlim] sample:		2514.3 time, 2570.7 real, 252.2 MB
[runlim] sample:		2524.0 time, 2580.7 real, 252.2 MB
[runlim] sample:		2533.7 time, 2590.7 real, 252.8 MB
[runlim] sample:		2543.4 time, 2600.7 real, 253.5 MB
[runlim] sample:		2553.0 time, 2610.7 real, 253.5 MB
[runlim] sample:		2562.9 time, 2620.7 real, 253.8 MB
[runlim] sample:		2572.6 time, 2630.7 real, 253.8 MB
[runlim] sample:		2581.7 time, 2640.7 real, 253.8 MB
[runlim] sample:		2590.8 time, 2650.7 real, 253.8 MB
[runlim] sample:		2599.8 time, 2660.7 real, 253.8 MB
[runlim] sample:		2608.9 time, 2670.7 real, 253.8 MB
[runlim] sample:		2618.0 time, 2680.7 real, 254.3 MB
[runlim] sample:		2627.1 time, 2690.7 real, 254.3 MB
[runlim] sample:		2636.1 time, 2700.7 real, 254.8 MB
[runlim] sample:		2645.8 time, 2710.7 real, 254.8 MB
[runlim] sample:		2655.8 time, 2720.7 real, 255.3 MB
[runlim] sample:		2665.8 time, 2730.7 real, 255.8 MB
[runlim] sample:		2675.7 time, 2740.7 real, 255.8 MB
[runlim] sample:		2685.7 time, 2750.7 real, 257.4 MB
[runlim] sample:		2695.7 time, 2760.7 real, 257.4 MB
[runlim] sample:		2705.4 time, 2770.7 real, 258.2 MB
[runlim] sample:		2715.1 time, 2780.7 real, 258.2 MB
[runlim] sample:		2724.8 time, 2790.7 real, 258.2 MB
[runlim] sample:		2734.5 time, 2800.7 real, 258.4 MB
[runlim] sample:		2744.2 time, 2810.7 real, 259.2 MB
[runlim] sample:		2753.9 time, 2820.7 real, 259.2 MB
[runlim] sample:		2763.6 time, 2830.7 real, 259.7 MB
[runlim] sample:		2773.3 time, 2840.7 real, 259.7 MB
[runlim] sample:		2783.0 time, 2850.7 real, 259.7 MB
[runlim] sample:		2792.7 time, 2860.7 real, 260.0 MB
[runlim] sample:		2802.4 time, 2870.7 real, 260.0 MB
[runlim] sample:		2812.1 time, 2880.7 real, 260.2 MB
[runlim] sample:		2821.8 time, 2890.7 real, 260.2 MB
[runlim] sample:		2831.5 time, 2900.7 real, 262.5 MB
[runlim] sample:		2841.2 time, 2910.7 real, 262.5 MB
[runlim] sample:		2850.9 time, 2920.7 real, 262.5 MB
[runlim] sample:		2860.9 time, 2930.7 real, 264.1 MB
[runlim] sample:		2870.9 time, 2940.7 real, 264.1 MB
[runlim] sample:		2880.9 time, 2950.7 real, 264.1 MB
[runlim] sample:		2890.9 time, 2960.7 real, 264.1 MB
[runlim] sample:		2900.9 time, 2970.7 real, 264.1 MB
[runlim] sample:		2909.9 time, 2980.7 real, 264.1 MB
[runlim] sample:		2919.4 time, 2990.7 real, 264.9 MB
[runlim] sample:		2928.6 time, 3000.7 real, 264.9 MB
[runlim] sample:		2937.7 time, 3010.7 real, 264.9 MB
[runlim] sample:		2946.7 time, 3020.7 real, 264.9 MB
[runlim] sample:		2955.7 time, 3030.7 real, 264.9 MB
[runlim] sample:		2965.1 time, 3040.7 real, 265.6 MB
[runlim] sample:		2974.7 time, 3050.7 real, 265.9 MB
[runlim] sample:		2984.2 time, 3060.7 real, 265.9 MB
[runlim] sample:		2993.9 time, 3070.7 real, 265.9 MB
[runlim] sample:		3003.6 time, 3080.7 real, 265.9 MB
[runlim] sample:		3013.6 time, 3090.7 real, 265.9 MB
[runlim] sample:		3023.6 time, 3100.7 real, 265.9 MB
[runlim] sample:		3033.6 time, 3110.7 real, 265.9 MB
[runlim] sample:		3043.6 time, 3120.7 real, 265.9 MB
[runlim] sample:		3053.6 time, 3130.7 real, 265.9 MB
[runlim] sample:		3063.6 time, 3140.7 real, 265.9 MB
[runlim] sample:		3073.0 time, 3150.7 real, 265.9 MB
[runlim] sample:		3082.7 time, 3160.7 real, 265.9 MB
[runlim] sample:		3091.7 time, 3170.7 real, 266.1 MB
[runlim] sample:		3100.7 time, 3180.7 real, 266.1 MB
[runlim] sample:		3109.8 time, 3190.7 real, 266.1 MB
[runlim] sample:		3118.8 time, 3200.7 real, 266.1 MB
[runlim] sample:		3127.8 time, 3210.7 real, 266.1 MB
[runlim] sample:		3136.9 time, 3220.7 real, 266.1 MB
[runlim] sample:		3145.9 time, 3230.7 real, 266.1 MB
[runlim] sample:		3154.9 time, 3240.7 real, 267.4 MB
[runlim] sample:		3164.0 time, 3250.7 real, 267.4 MB
[runlim] sample:		3173.9 time, 3260.7 real, 269.0 MB
[runlim] sample:		3183.8 time, 3270.7 real, 269.0 MB
[runlim] sample:		3193.5 time, 3280.7 real, 269.0 MB
[runlim] sample:		3203.2 time, 3290.7 real, 271.0 MB
[runlim] sample:		3212.6 time, 3300.7 real, 272.6 MB
[runlim] sample:		3222.3 time, 3310.7 real, 272.6 MB
[runlim] sample:		3232.0 time, 3320.7 real, 272.6 MB
[runlim] sample:		3241.7 time, 3330.7 real, 272.6 MB
[runlim] sample:		3251.4 time, 3340.7 real, 274.4 MB
[runlim] sample:		3261.1 time, 3350.7 real, 274.4 MB
[runlim] sample:		3270.8 time, 3360.7 real, 274.4 MB
[runlim] sample:		3280.5 time, 3370.7 real, 274.4 MB
[runlim] sample:		3290.2 time, 3380.7 real, 274.4 MB
[runlim] sample:		3299.9 time, 3390.7 real, 274.9 MB
[runlim] sample:		3309.6 time, 3400.7 real, 274.9 MB
[runlim] sample:		3319.3 time, 3410.7 real, 274.9 MB
[runlim] sample:		3329.0 time, 3420.7 real, 274.9 MB
[runlim] sample:		3338.7 time, 3430.7 real, 275.1 MB
[runlim] sample:		3348.4 time, 3440.7 real, 275.1 MB
[runlim] sample:		3358.1 time, 3450.7 real, 275.1 MB
[runlim] sample:		3368.0 time, 3460.7 real, 275.1 MB
[runlim] sample:		3378.0 time, 3470.7 real, 275.1 MB
[runlim] sample:		3388.0 time, 3480.7 real, 275.1 MB
[runlim] sample:		3398.0 time, 3490.7 real, 275.7 MB
[runlim] sample:		3408.0 time, 3500.7 real, 275.7 MB
[runlim] sample:		3418.0 time, 3510.7 real, 275.7 MB
[runlim] sample:		3428.0 time, 3520.7 real, 275.7 MB
[runlim] sample:		3437.9 time, 3530.7 real, 275.7 MB
[runlim] sample:		3447.9 time, 3540.7 real, 276.9 MB
[runlim] sample:		3457.8 time, 3550.7 real, 277.5 MB
[runlim] sample:		3467.7 time, 3560.7 real, 277.5 MB
[runlim] sample:		3477.5 time, 3570.7 real, 277.5 MB
[runlim] sample:		3487.5 time, 3580.7 real, 277.5 MB
[runlim] sample:		3497.5 time, 3590.7 real, 277.5 MB
[runlim] sample:		3507.5 time, 3600.7 real, 277.7 MB
[runlim] sample:		3517.2 time, 3610.7 real, 277.7 MB
[runlim] sample:		3526.7 time, 3620.7 real, 278.5 MB
[runlim] sample:		3535.7 time, 3630.7 real, 278.8 MB
[runlim] sample:		3544.6 time, 3640.7 real, 278.8 MB
[runlim] sample:		3553.8 time, 3650.7 real, 278.8 MB
[runlim] sample:		3563.8 time, 3660.7 real, 278.8 MB
[runlim] sample:		3573.7 time, 3670.7 real, 279.0 MB
[runlim] sample:		3583.6 time, 3680.7 real, 279.5 MB
[runlim] sample:		3592.1 time, 3690.7 real, 279.8 MB
CVC4 interrupted by SIGTERM.
[runlim] end:			Thu Feb 14 03:00:53 2019
[runlim] status:		out of time
[runlim] result:		2
[runlim] children:		0
[runlim] real:			3698.63 seconds
[runlim] time:			3600.03 seconds
[runlim] space:			279.8 MB
[runlim] samples:		36979
