[runlim] version:		1.10fixed
[runlim] time limit:		300 seconds
[runlim] real time limit:	311040000 seconds
[runlim] space limit:		4000 MB
[runlim] argv[0]:		./cvc4
[runlim] argv[1]:		--nl-ext-tplanes
[runlim] argv[2]:		--full-saturate-quant
[runlim] argv[3]:		--no-e-matching
[runlim] argv[4]:		/tmp/JPjvxi9W.smt2
[runlim] start:			Mon Jan 28 19:49:18 2019
[runlim] main pid:		8604
[runlim] sample:		9.6 time, 11.0 real, 43.1 MB
[runlim] sample:		19.6 time, 21.0 real, 50.9 MB
[runlim] sample:		29.6 time, 31.0 real, 55.3 MB
[runlim] sample:		39.6 time, 41.0 real, 59.4 MB
[runlim] sample:		49.6 time, 51.0 real, 63.7 MB
[runlim] sample:		59.3 time, 61.0 real, 66.8 MB
[runlim] sample:		67.6 time, 71.0 real, 69.4 MB
[runlim] sample:		76.8 time, 81.0 real, 72.0 MB
[runlim] sample:		86.6 time, 91.0 real, 74.0 MB
[runlim] sample:		95.9 time, 101.0 real, 76.9 MB
[runlim] sample:		105.7 time, 111.0 real, 78.7 MB
[runlim] sample:		115.7 time, 121.0 real, 82.5 MB
[runlim] sample:		125.7 time, 131.0 real, 83.6 MB
[runlim] sample:		135.7 time, 141.0 real, 85.4 MB
[runlim] sample:		145.7 time, 151.0 real, 87.7 MB
[runlim] sample:		155.7 time, 161.0 real, 91.6 MB
[runlim] sample:		165.7 time, 171.0 real, 93.1 MB
[runlim] sample:		175.7 time, 181.0 real, 94.9 MB
[runlim] sample:		185.2 time, 191.0 real, 96.2 MB
[runlim] sample:		194.3 time, 201.0 real, 97.7 MB
[runlim] sample:		203.3 time, 211.0 real, 98.5 MB
[runlim] sample:		212.8 time, 221.0 real, 100.1 MB
[runlim] sample:		221.7 time, 231.0 real, 101.6 MB
[runlim] sample:		229.7 time, 241.0 real, 102.4 MB
[runlim] sample:		238.3 time, 251.0 real, 103.4 MB
[runlim] sample:		247.1 time, 261.0 real, 104.7 MB
[runlim] sample:		256.2 time, 271.0 real, 105.5 MB
[runlim] sample:		265.1 time, 281.0 real, 106.2 MB
[runlim] sample:		273.2 time, 291.0 real, 107.5 MB
[runlim] sample:		282.7 time, 301.0 real, 108.6 MB
[runlim] sample:		291.3 time, 311.0 real, 109.6 MB
CVC4 interrupted by SIGTERM.
[runlim] end:			Mon Jan 28 19:54:38 2019
[runlim] status:		out of time
[runlim] result:		2
[runlim] children:		0
[runlim] real:			320.02 seconds
[runlim] time:			300.03 seconds
[runlim] space:			110.6 MB
[runlim] samples:		3190
