[runlim] version:		1.10fixed
[runlim] time limit:		3600 seconds
[runlim] real time limit:	311040000 seconds
[runlim] space limit:		4000 MB
[runlim] argv[0]:		./cvc4
[runlim] argv[1]:		--nl-ext-tplanes
[runlim] argv[2]:		--full-saturate-quant
[runlim] argv[3]:		--no-e-matching
[runlim] argv[4]:		/tmp/fVVJq0e6.smt2
[runlim] start:			Thu Feb 14 01:57:36 2019
[runlim] main pid:		13148
[runlim] sample:		8.6 time, 10.1 real, 51.2 MB
[runlim] sample:		18.6 time, 20.1 real, 64.3 MB
[runlim] sample:		28.6 time, 30.1 real, 74.7 MB
[runlim] sample:		38.6 time, 40.1 real, 82.9 MB
[runlim] sample:		48.6 time, 50.1 real, 91.4 MB
[runlim] sample:		58.6 time, 60.1 real, 97.1 MB
[runlim] sample:		68.6 time, 70.1 real, 102.5 MB
[runlim] sample:		78.4 time, 80.1 real, 108.3 MB
[runlim] sample:		87.8 time, 90.1 real, 111.4 MB
[runlim] sample:		96.8 time, 100.1 real, 116.1 MB
[runlim] sample:		106.3 time, 110.1 real, 119.7 MB
[runlim] sample:		115.2 time, 120.1 real, 121.5 MB
[runlim] sample:		123.9 time, 130.1 real, 125.3 MB
[runlim] sample:		133.9 time, 140.1 real, 129.4 MB
[runlim] sample:		143.9 time, 150.1 real, 134.2 MB
[runlim] sample:		153.9 time, 160.1 real, 136.8 MB
[runlim] sample:		163.9 time, 170.1 real, 140.9 MB
[runlim] sample:		173.7 time, 180.1 real, 147.8 MB
[runlim] sample:		183.0 time, 190.1 real, 149.9 MB
[runlim] sample:		192.3 time, 200.1 real, 152.2 MB
[runlim] sample:		201.5 time, 210.1 real, 153.0 MB
[runlim] sample:		210.6 time, 220.1 real, 158.9 MB
[runlim] sample:		219.6 time, 230.1 real, 161.2 MB
[runlim] sample:		229.2 time, 240.1 real, 162.5 MB
[runlim] sample:		238.5 time, 250.1 real, 163.8 MB
[runlim] sample:		247.8 time, 260.1 real, 166.9 MB
[runlim] sample:		257.2 time, 270.1 real, 167.2 MB
[runlim] sample:		266.8 time, 280.1 real, 170.3 MB
[runlim] sample:		276.4 time, 290.1 real, 173.9 MB
[runlim] sample:		285.3 time, 300.1 real, 175.9 MB
[runlim] sample:		295.3 time, 310.1 real, 177.2 MB
[runlim] sample:		305.3 time, 320.1 real, 179.3 MB
[runlim] sample:		314.0 time, 330.1 real, 181.8 MB
[runlim] sample:		323.7 time, 340.1 real, 183.6 MB
[runlim] sample:		333.4 time, 350.1 real, 184.2 MB
[runlim] sample:		342.3 time, 360.1 real, 184.4 MB
[runlim] sample:		351.3 time, 370.1 real, 188.5 MB
[runlim] sample:		359.5 time, 380.1 real, 192.1 MB
[runlim] sample:		368.2 time, 390.1 real, 193.2 MB
[runlim] sample:		377.9 time, 400.1 real, 193.9 MB
[runlim] sample:		387.5 time, 410.1 real, 194.5 MB
[runlim] sample:		396.9 time, 420.1 real, 195.7 MB
[runlim] sample:		405.3 time, 430.1 real, 198.3 MB
[runlim] sample:		414.4 time, 440.1 real, 199.4 MB
[runlim] sample:		423.2 time, 450.1 real, 201.2 MB
[runlim] sample:		432.0 time, 460.1 real, 201.4 MB
[runlim] sample:		442.0 time, 470.1 real, 201.7 MB
[runlim] sample:		452.0 time, 480.1 real, 206.1 MB
[runlim] sample:		462.0 time, 490.1 real, 208.1 MB
[runlim] sample:		472.0 time, 500.1 real, 209.9 MB
[runlim] sample:		481.8 time, 510.1 real, 210.2 MB
[runlim] sample:		491.0 time, 520.1 real, 211.2 MB
[runlim] sample:		499.7 time, 530.1 real, 213.3 MB
[runlim] sample:		508.9 time, 540.1 real, 215.1 MB
[runlim] sample:		518.3 time, 550.1 real, 217.9 MB
[runlim] sample:		527.9 time, 560.1 real, 218.4 MB
[runlim] sample:		537.9 time, 570.1 real, 220.2 MB
[runlim] sample:		547.9 time, 580.1 real, 221.0 MB
[runlim] sample:		557.5 time, 590.1 real, 221.7 MB
[runlim] sample:		567.0 time, 600.1 real, 224.0 MB
[runlim] sample:		576.5 time, 610.1 real, 227.1 MB
[runlim] sample:		585.4 time, 620.1 real, 229.4 MB
[runlim] sample:		595.4 time, 630.1 real, 230.4 MB
[runlim] sample:		604.8 time, 640.1 real, 230.4 MB
[runlim] sample:		613.5 time, 650.1 real, 230.7 MB
[runlim] sample:		623.1 time, 660.1 real, 230.9 MB
[runlim] sample:		632.4 time, 670.1 real, 232.0 MB
[runlim] sample:		642.4 time, 680.1 real, 233.5 MB
[runlim] sample:		652.3 time, 690.1 real, 234.8 MB
[runlim] sample:		662.0 time, 700.1 real, 236.3 MB
[runlim] sample:		671.5 time, 710.1 real, 237.1 MB
[runlim] sample:		681.1 time, 720.1 real, 237.9 MB
[runlim] sample:		690.5 time, 730.1 real, 243.0 MB
[runlim] sample:		700.2 time, 740.1 real, 244.6 MB
[runlim] sample:		710.2 time, 750.1 real, 244.6 MB
[runlim] sample:		720.2 time, 760.1 real, 246.6 MB
[runlim] sample:		730.2 time, 770.1 real, 250.0 MB
[runlim] sample:		740.2 time, 780.1 real, 251.8 MB
[runlim] sample:		750.2 time, 790.1 real, 254.1 MB
[runlim] sample:		759.9 time, 800.1 real, 254.4 MB
[runlim] sample:		768.8 time, 810.1 real, 254.4 MB
[runlim] sample:		777.2 time, 820.1 real, 254.6 MB
[runlim] sample:		786.3 time, 830.1 real, 254.6 MB
[runlim] sample:		795.3 time, 840.1 real, 255.9 MB
[runlim] sample:		804.9 time, 850.1 real, 257.7 MB
[runlim] sample:		814.5 time, 860.1 real, 259.2 MB
[runlim] sample:		824.2 time, 870.1 real, 259.8 MB
[runlim] sample:		834.2 time, 880.1 real, 259.8 MB
[runlim] sample:		844.2 time, 890.1 real, 260.3 MB
[runlim] sample:		854.1 time, 900.1 real, 260.5 MB
[runlim] sample:		863.5 time, 910.1 real, 261.3 MB
[runlim] sample:		872.8 time, 920.1 real, 262.9 MB
[runlim] sample:		882.1 time, 930.1 real, 263.9 MB
[runlim] sample:		891.5 time, 940.1 real, 273.3 MB
[runlim] sample:		900.8 time, 950.1 real, 273.5 MB
[runlim] sample:		910.1 time, 960.1 real, 274.0 MB
[runlim] sample:		919.8 time, 970.1 real, 275.3 MB
[runlim] sample:		929.8 time, 980.1 real, 281.0 MB
[runlim] sample:		939.8 time, 990.1 real, 283.6 MB
[runlim] sample:		949.8 time, 1000.1 real, 283.6 MB
[runlim] sample:		959.8 time, 1010.1 real, 283.8 MB
[runlim] sample:		969.2 time, 1020.1 real, 284.1 MB
[runlim] sample:		978.8 time, 1030.1 real, 284.3 MB
[runlim] sample:		988.6 time, 1040.1 real, 285.9 MB
[runlim] sample:		998.6 time, 1050.1 real, 288.2 MB
[runlim] sample:		1008.6 time, 1060.1 real, 288.4 MB
[runlim] sample:		1018.5 time, 1070.1 real, 288.7 MB
[runlim] sample:		1028.5 time, 1080.1 real, 289.0 MB
[runlim] sample:		1038.5 time, 1090.1 real, 289.7 MB
[runlim] sample:		1048.5 time, 1100.1 real, 290.2 MB
[runlim] sample:		1058.5 time, 1110.1 real, 292.0 MB
[runlim] sample:		1068.5 time, 1120.1 real, 293.6 MB
[runlim] sample:		1078.4 time, 1130.1 real, 294.6 MB
[runlim] sample:		1087.8 time, 1140.1 real, 295.1 MB
[runlim] sample:		1097.1 time, 1150.1 real, 296.2 MB
[runlim] sample:		1106.3 time, 1160.1 real, 297.4 MB
[runlim] sample:		1114.6 time, 1170.1 real, 297.7 MB
[runlim] sample:		1123.4 time, 1180.1 real, 297.7 MB
[runlim] sample:		1133.1 time, 1190.1 real, 300.3 MB
[runlim] sample:		1142.2 time, 1200.1 real, 300.8 MB
[runlim] sample:		1151.8 time, 1210.1 real, 304.7 MB
[runlim] sample:		1160.7 time, 1220.1 real, 307.8 MB
[runlim] sample:		1169.1 time, 1230.1 real, 307.8 MB
[runlim] sample:		1178.7 time, 1240.1 real, 308.3 MB
[runlim] sample:		1187.5 time, 1250.1 real, 308.3 MB
[runlim] sample:		1196.2 time, 1260.1 real, 308.5 MB
[runlim] sample:		1204.8 time, 1270.1 real, 308.5 MB
[runlim] sample:		1213.5 time, 1280.1 real, 308.8 MB
[runlim] sample:		1223.2 time, 1290.1 real, 308.8 MB
[runlim] sample:		1233.2 time, 1300.1 real, 310.6 MB
[runlim] sample:		1243.2 time, 1310.1 real, 311.1 MB
[runlim] sample:		1253.2 time, 1320.1 real, 311.4 MB
[runlim] sample:		1263.2 time, 1330.1 real, 311.6 MB
[runlim] sample:		1273.2 time, 1340.1 real, 312.9 MB
[runlim] sample:		1283.2 time, 1350.1 real, 312.9 MB
[runlim] sample:		1293.2 time, 1360.1 real, 314.5 MB
[runlim] sample:		1303.2 time, 1370.1 real, 316.3 MB
[runlim] sample:		1313.2 time, 1380.1 real, 317.5 MB
[runlim] sample:		1323.2 time, 1390.1 real, 318.1 MB
[runlim] sample:		1333.2 time, 1400.1 real, 318.1 MB
[runlim] sample:		1343.2 time, 1410.1 real, 319.1 MB
[runlim] sample:		1353.2 time, 1420.1 real, 320.1 MB
[runlim] sample:		1363.2 time, 1430.1 real, 321.4 MB
[runlim] sample:		1373.2 time, 1440.1 real, 322.7 MB
[runlim] sample:		1383.1 time, 1450.1 real, 323.0 MB
[runlim] sample:		1391.7 time, 1460.1 real, 323.0 MB
[runlim] sample:		1400.8 time, 1470.1 real, 323.0 MB
[runlim] sample:		1410.0 time, 1480.1 real, 325.0 MB
[runlim] sample:		1419.3 time, 1490.1 real, 325.8 MB
[runlim] sample:		1429.3 time, 1500.1 real, 329.1 MB
[runlim] sample:		1439.0 time, 1510.1 real, 332.0 MB
[runlim] sample:		1448.3 time, 1520.1 real, 332.2 MB
[runlim] sample:		1458.2 time, 1530.1 real, 332.2 MB
[runlim] sample:		1467.9 time, 1540.1 real, 332.5 MB
[runlim] sample:		1477.2 time, 1550.1 real, 332.7 MB
[runlim] sample:		1486.6 time, 1560.1 real, 332.7 MB
[runlim] sample:		1495.8 time, 1570.1 real, 332.7 MB
[runlim] sample:		1504.4 time, 1580.1 real, 335.3 MB
[runlim] sample:		1513.1 time, 1590.1 real, 335.3 MB
[runlim] sample:		1522.1 time, 1600.1 real, 351.6 MB
[runlim] sample:		1531.4 time, 1610.1 real, 351.9 MB
[runlim] sample:		1540.3 time, 1620.1 real, 352.4 MB
[runlim] sample:		1548.9 time, 1630.1 real, 352.4 MB
[runlim] sample:		1557.6 time, 1640.1 real, 352.4 MB
[runlim] sample:		1566.3 time, 1650.1 real, 352.7 MB
[runlim] sample:		1575.3 time, 1660.1 real, 352.9 MB
[runlim] sample:		1584.7 time, 1670.1 real, 352.9 MB
[runlim] sample:		1594.7 time, 1680.1 real, 353.7 MB
[runlim] sample:		1604.7 time, 1690.1 real, 353.7 MB
[runlim] sample:		1614.1 time, 1700.1 real, 353.7 MB
[runlim] sample:		1623.0 time, 1710.1 real, 353.9 MB
[runlim] sample:		1631.6 time, 1720.1 real, 354.5 MB
[runlim] sample:		1640.4 time, 1730.1 real, 354.5 MB
[runlim] sample:		1649.5 time, 1740.1 real, 354.7 MB
[runlim] sample:		1658.5 time, 1750.1 real, 354.7 MB
[runlim] sample:		1667.8 time, 1760.1 real, 354.7 MB
[runlim] sample:		1676.5 time, 1770.1 real, 355.0 MB
[runlim] sample:		1685.2 time, 1780.1 real, 355.0 MB
[runlim] sample:		1693.8 time, 1790.1 real, 355.7 MB
[runlim] sample:		1702.5 time, 1800.1 real, 355.7 MB
[runlim] sample:		1711.7 time, 1810.1 real, 356.0 MB
[runlim] sample:		1721.7 time, 1820.1 real, 356.0 MB
[runlim] sample:		1731.7 time, 1830.1 real, 356.0 MB
[runlim] sample:		1741.7 time, 1840.1 real, 356.2 MB
[runlim] sample:		1751.7 time, 1850.1 real, 356.2 MB
[runlim] sample:		1761.7 time, 1860.1 real, 357.0 MB
[runlim] sample:		1771.7 time, 1870.1 real, 357.8 MB
[runlim] sample:		1780.8 time, 1880.1 real, 358.1 MB
[runlim] sample:		1790.5 time, 1890.1 real, 358.1 MB
[runlim] sample:		1800.5 time, 1900.1 real, 358.3 MB
[runlim] sample:		1810.5 time, 1910.1 real, 358.3 MB
[runlim] sample:		1820.5 time, 1920.1 real, 358.3 MB
[runlim] sample:		1830.5 time, 1930.1 real, 358.6 MB
[runlim] sample:		1840.5 time, 1940.1 real, 358.6 MB
[runlim] sample:		1850.4 time, 1950.1 real, 359.1 MB
[runlim] sample:		1860.4 time, 1960.1 real, 361.1 MB
[runlim] sample:		1870.4 time, 1970.1 real, 361.1 MB
[runlim] sample:		1880.4 time, 1980.1 real, 361.1 MB
[runlim] sample:		1890.4 time, 1990.1 real, 361.1 MB
[runlim] sample:		1900.4 time, 2000.1 real, 361.4 MB
[runlim] sample:		1910.3 time, 2010.1 real, 361.4 MB
[runlim] sample:		1920.3 time, 2020.1 real, 361.4 MB
[runlim] sample:		1930.3 time, 2030.1 real, 362.4 MB
[runlim] sample:		1939.4 time, 2040.1 real, 362.4 MB
[runlim] sample:		1948.5 time, 2050.1 real, 364.5 MB
[runlim] sample:		1958.0 time, 2060.1 real, 364.7 MB
[runlim] sample:		1966.9 time, 2070.1 real, 365.8 MB
[runlim] sample:		1976.1 time, 2080.1 real, 366.3 MB
[runlim] sample:		1985.5 time, 2090.1 real, 366.3 MB
[runlim] sample:		1995.5 time, 2100.1 real, 367.1 MB
[runlim] sample:		2005.5 time, 2110.1 real, 367.1 MB
[runlim] sample:		2015.5 time, 2120.1 real, 367.8 MB
[runlim] sample:		2025.5 time, 2130.1 real, 368.1 MB
[runlim] sample:		2035.5 time, 2140.1 real, 369.1 MB
[runlim] sample:		2045.5 time, 2150.1 real, 370.4 MB
[runlim] sample:		2055.5 time, 2160.1 real, 370.4 MB
[runlim] sample:		2065.5 time, 2170.1 real, 371.4 MB
[runlim] sample:		2075.5 time, 2180.1 real, 371.4 MB
[runlim] sample:		2085.5 time, 2190.1 real, 372.2 MB
[runlim] sample:		2095.5 time, 2200.1 real, 373.0 MB
[runlim] sample:		2105.5 time, 2210.1 real, 373.0 MB
[runlim] sample:		2115.5 time, 2220.1 real, 374.3 MB
[runlim] sample:		2125.5 time, 2230.1 real, 374.5 MB
[runlim] sample:		2135.5 time, 2240.1 real, 374.5 MB
[runlim] sample:		2144.7 time, 2250.1 real, 375.8 MB
[runlim] sample:		2153.6 time, 2260.1 real, 375.8 MB
[runlim] sample:		2162.3 time, 2270.1 real, 383.0 MB
[runlim] sample:		2171.5 time, 2280.1 real, 383.0 MB
[runlim] sample:		2181.4 time, 2290.1 real, 387.9 MB
[runlim] sample:		2191.4 time, 2300.1 real, 388.2 MB
[runlim] sample:		2201.4 time, 2310.1 real, 388.5 MB
[runlim] sample:		2211.4 time, 2320.1 real, 388.5 MB
[runlim] sample:		2221.4 time, 2330.1 real, 388.7 MB
[runlim] sample:		2231.4 time, 2340.1 real, 388.7 MB
[runlim] sample:		2240.3 time, 2350.1 real, 388.7 MB
[runlim] sample:		2249.1 time, 2360.1 real, 389.0 MB
[runlim] sample:		2258.3 time, 2370.1 real, 389.0 MB
[runlim] sample:		2267.6 time, 2380.1 real, 389.0 MB
[runlim] sample:		2276.5 time, 2390.1 real, 389.2 MB
[runlim] sample:		2285.8 time, 2400.1 real, 389.2 MB
[runlim] sample:		2294.4 time, 2410.1 real, 389.2 MB
[runlim] sample:		2303.4 time, 2420.1 real, 389.2 MB
[runlim] sample:		2312.3 time, 2430.1 real, 389.5 MB
[runlim] sample:		2321.3 time, 2440.1 real, 389.5 MB
[runlim] sample:		2330.6 time, 2450.1 real, 389.7 MB
[runlim] sample:		2339.7 time, 2460.1 real, 389.7 MB
[runlim] sample:		2348.8 time, 2470.1 real, 389.7 MB
[runlim] sample:		2357.8 time, 2480.1 real, 389.7 MB
[runlim] sample:		2367.3 time, 2490.1 real, 390.8 MB
[runlim] sample:		2376.5 time, 2500.1 real, 390.8 MB
[runlim] sample:		2385.6 time, 2510.1 real, 391.8 MB
[runlim] sample:		2395.2 time, 2520.1 real, 391.8 MB
[runlim] sample:		2404.7 time, 2530.1 real, 392.1 MB
[runlim] sample:		2413.7 time, 2540.1 real, 392.1 MB
[runlim] sample:		2422.7 time, 2550.1 real, 392.6 MB
[runlim] sample:		2431.7 time, 2560.1 real, 392.6 MB
[runlim] sample:		2440.5 time, 2570.1 real, 394.1 MB
[runlim] sample:		2449.8 time, 2580.1 real, 394.1 MB
[runlim] sample:		2458.6 time, 2590.1 real, 395.7 MB
[runlim] sample:		2467.5 time, 2600.1 real, 395.7 MB
[runlim] sample:		2477.5 time, 2610.1 real, 396.4 MB
[runlim] sample:		2487.5 time, 2620.1 real, 396.7 MB
[runlim] sample:		2497.5 time, 2630.1 real, 398.0 MB
[runlim] sample:		2507.5 time, 2640.1 real, 398.0 MB
[runlim] sample:		2517.5 time, 2650.1 real, 399.0 MB
[runlim] sample:		2527.5 time, 2660.1 real, 399.0 MB
[runlim] sample:		2537.5 time, 2670.1 real, 400.8 MB
[runlim] sample:		2547.4 time, 2680.1 real, 400.8 MB
[runlim] sample:		2557.4 time, 2690.1 real, 402.1 MB
[runlim] sample:		2567.4 time, 2700.1 real, 402.1 MB
[runlim] sample:		2577.4 time, 2710.1 real, 402.9 MB
[runlim] sample:		2587.4 time, 2720.1 real, 402.9 MB
[runlim] sample:		2597.4 time, 2730.1 real, 403.9 MB
[runlim] sample:		2607.4 time, 2740.1 real, 403.9 MB
[runlim] sample:		2617.2 time, 2750.1 real, 406.0 MB
[runlim] sample:		2626.8 time, 2760.1 real, 406.0 MB
[runlim] sample:		2636.5 time, 2770.1 real, 406.0 MB
[runlim] sample:		2646.5 time, 2780.1 real, 406.0 MB
[runlim] sample:		2656.1 time, 2790.1 real, 411.9 MB
[runlim] sample:		2666.1 time, 2800.1 real, 411.9 MB
[runlim] sample:		2676.1 time, 2810.1 real, 416.8 MB
[runlim] sample:		2686.1 time, 2820.1 real, 416.8 MB
[runlim] sample:		2696.1 time, 2830.1 real, 416.8 MB
[runlim] sample:		2706.0 time, 2840.1 real, 417.1 MB
[runlim] sample:		2715.9 time, 2850.1 real, 417.1 MB
[runlim] sample:		2725.9 time, 2860.1 real, 417.3 MB
[runlim] sample:		2735.8 time, 2870.1 real, 417.3 MB
[runlim] sample:		2744.3 time, 2880.1 real, 417.3 MB
[runlim] sample:		2753.8 time, 2890.1 real, 417.3 MB
[runlim] sample:		2763.6 time, 2900.1 real, 417.6 MB
[runlim] sample:		2772.4 time, 2910.1 real, 417.6 MB
[runlim] sample:		2780.4 time, 2920.1 real, 417.6 MB
[runlim] sample:		2788.4 time, 2930.1 real, 418.1 MB
[runlim] sample:		2797.1 time, 2940.1 real, 418.1 MB
[runlim] sample:		2807.0 time, 2950.1 real, 418.3 MB
[runlim] sample:		2817.0 time, 2960.1 real, 418.3 MB
[runlim] sample:		2825.9 time, 2970.1 real, 418.3 MB
[runlim] sample:		2835.1 time, 2980.1 real, 418.3 MB
[runlim] sample:		2845.1 time, 2990.1 real, 418.9 MB
[runlim] sample:		2855.1 time, 3000.1 real, 419.1 MB
[runlim] sample:		2864.4 time, 3010.1 real, 419.1 MB
[runlim] sample:		2873.4 time, 3020.1 real, 421.7 MB
[runlim] sample:		2883.4 time, 3030.1 real, 421.7 MB
[runlim] sample:		2893.0 time, 3040.1 real, 421.7 MB
[runlim] sample:		2902.4 time, 3050.1 real, 421.9 MB
[runlim] sample:		2910.6 time, 3060.1 real, 421.9 MB
[runlim] sample:		2919.0 time, 3070.1 real, 422.2 MB
[runlim] sample:		2928.0 time, 3080.1 real, 422.2 MB
[runlim] sample:		2937.5 time, 3090.1 real, 422.2 MB
[runlim] sample:		2946.7 time, 3100.1 real, 423.2 MB
[runlim] sample:		2955.4 time, 3110.1 real, 423.2 MB
[runlim] sample:		2964.0 time, 3120.1 real, 425.0 MB
[runlim] sample:		2972.7 time, 3130.1 real, 425.0 MB
[runlim] sample:		2982.2 time, 3140.1 real, 425.0 MB
[runlim] sample:		2991.6 time, 3150.1 real, 426.8 MB
[runlim] sample:		3000.0 time, 3160.1 real, 426.8 MB
[runlim] sample:		3009.9 time, 3170.1 real, 428.1 MB
[runlim] sample:		3018.7 time, 3180.1 real, 428.1 MB
[runlim] sample:		3027.7 time, 3190.1 real, 428.1 MB
[runlim] sample:		3037.6 time, 3200.1 real, 428.9 MB
[runlim] sample:		3047.1 time, 3210.1 real, 428.9 MB
[runlim] sample:		3055.7 time, 3220.1 real, 430.2 MB
[runlim] sample:		3065.7 time, 3230.1 real, 430.2 MB
[runlim] sample:		3075.7 time, 3240.1 real, 430.2 MB
[runlim] sample:		3085.7 time, 3250.1 real, 431.5 MB
[runlim] sample:		3094.9 time, 3260.1 real, 431.5 MB
[runlim] sample:		3104.8 time, 3270.1 real, 433.0 MB
[runlim] sample:		3114.3 time, 3280.1 real, 433.0 MB
[runlim] sample:		3124.3 time, 3290.1 real, 433.0 MB
[runlim] sample:		3134.3 time, 3300.1 real, 434.1 MB
[runlim] sample:		3144.3 time, 3310.1 real, 434.1 MB
[runlim] sample:		3154.0 time, 3320.1 real, 434.8 MB
[runlim] sample:		3164.0 time, 3330.1 real, 434.8 MB
[runlim] sample:		3174.0 time, 3340.1 real, 436.1 MB
[runlim] sample:		3184.0 time, 3350.1 real, 436.4 MB
[runlim] sample:		3193.9 time, 3360.1 real, 436.4 MB
[runlim] sample:		3203.5 time, 3370.1 real, 437.7 MB
[runlim] sample:		3212.2 time, 3380.1 real, 437.7 MB
[runlim] sample:		3221.1 time, 3390.1 real, 437.9 MB
[runlim] sample:		3230.8 time, 3400.1 real, 437.9 MB
[runlim] sample:		3240.8 time, 3410.1 real, 438.2 MB
[runlim] sample:		3250.8 time, 3420.1 real, 438.2 MB
[runlim] sample:		3260.8 time, 3430.1 real, 438.2 MB
[runlim] sample:		3270.8 time, 3440.1 real, 444.4 MB
[runlim] sample:		3279.7 time, 3450.1 real, 448.0 MB
[runlim] sample:		3289.7 time, 3460.1 real, 448.7 MB
[runlim] sample:		3299.7 time, 3470.1 real, 448.7 MB
[runlim] sample:		3309.7 time, 3480.1 real, 448.7 MB
[runlim] sample:		3319.4 time, 3490.1 real, 448.7 MB
[runlim] sample:		3328.9 time, 3500.1 real, 449.0 MB
[runlim] sample:		3338.9 time, 3510.1 real, 449.0 MB
[runlim] sample:		3348.9 time, 3520.1 real, 449.0 MB
[runlim] sample:		3358.4 time, 3530.1 real, 449.0 MB
[runlim] sample:		3368.0 time, 3540.1 real, 449.3 MB
[runlim] sample:		3378.0 time, 3550.1 real, 449.3 MB
[runlim] sample:		3388.0 time, 3560.1 real, 449.3 MB
[runlim] sample:		3398.0 time, 3570.1 real, 452.3 MB
[runlim] sample:		3408.0 time, 3580.1 real, 452.3 MB
[runlim] sample:		3418.0 time, 3590.1 real, 452.3 MB
[runlim] sample:		3428.0 time, 3600.1 real, 452.3 MB
[runlim] sample:		3438.0 time, 3610.1 real, 452.3 MB
[runlim] sample:		3448.0 time, 3620.1 real, 452.6 MB
[runlim] sample:		3457.8 time, 3630.1 real, 452.6 MB
[runlim] sample:		3467.7 time, 3640.1 real, 452.9 MB
[runlim] sample:		3477.7 time, 3650.1 real, 452.9 MB
[runlim] sample:		3487.7 time, 3660.1 real, 452.9 MB
[runlim] sample:		3497.7 time, 3670.1 real, 453.9 MB
[runlim] sample:		3507.7 time, 3680.1 real, 453.9 MB
[runlim] sample:		3517.7 time, 3690.1 real, 455.2 MB
[runlim] sample:		3526.2 time, 3700.1 real, 455.2 MB
[runlim] sample:		3535.3 time, 3710.1 real, 455.2 MB
[runlim] sample:		3545.3 time, 3720.1 real, 455.2 MB
[runlim] sample:		3555.3 time, 3730.1 real, 455.2 MB
[runlim] sample:		3565.3 time, 3740.1 real, 455.7 MB
[runlim] sample:		3575.3 time, 3750.1 real, 455.7 MB
[runlim] sample:		3585.3 time, 3760.1 real, 457.2 MB
[runlim] sample:		3595.3 time, 3770.1 real, 457.2 MB
CVC4 interrupted by SIGTERM.
[runlim] end:			Thu Feb 14 03:00:30 2019
[runlim] status:		out of time
[runlim] result:		2
[runlim] children:		0
[runlim] real:			3774.96 seconds
[runlim] time:			3600.10 seconds
[runlim] space:			457.2 MB
[runlim] samples:		37748
