[runlim] version:		1.10fixed
[runlim] time limit:		3600 seconds
[runlim] real time limit:	311040000 seconds
[runlim] space limit:		4000 MB
[runlim] argv[0]:		./cvc4
[runlim] argv[1]:		/tmp/wm3YpM1d.sy
[runlim] start:			Sun Jan 27 22:30:30 2019
[runlim] main pid:		29899
[runlim] sample:		9.7 time, 10.7 real, 132.7 MB
[runlim] sample:		19.6 time, 20.7 real, 257.7 MB
[runlim] sample:		29.6 time, 30.7 real, 381.2 MB
[runlim] sample:		39.6 time, 40.7 real, 479.5 MB
[runlim] sample:		49.6 time, 50.7 real, 574.1 MB
[runlim] sample:		59.6 time, 60.7 real, 606.6 MB
[runlim] sample:		69.6 time, 70.7 real, 666.1 MB
[runlim] sample:		79.6 time, 80.7 real, 796.2 MB
[runlim] sample:		89.6 time, 90.7 real, 918.9 MB
[runlim] sample:		99.6 time, 100.7 real, 979.5 MB
[runlim] sample:		109.6 time, 110.7 real, 1038.0 MB
[runlim] sample:		119.6 time, 120.7 real, 1102.7 MB
[runlim] sample:		129.6 time, 130.7 real, 1166.1 MB
[runlim] sample:		139.6 time, 140.7 real, 1232.7 MB
[runlim] sample:		149.6 time, 150.7 real, 1295.3 MB
[runlim] sample:		159.6 time, 160.7 real, 1355.1 MB
[runlim] sample:		169.6 time, 170.7 real, 1441.8 MB
[runlim] sample:		179.6 time, 180.7 real, 1565.3 MB
[runlim] sample:		189.6 time, 190.7 real, 1609.9 MB
[runlim] sample:		199.6 time, 200.7 real, 1718.4 MB
[runlim] sample:		209.6 time, 210.7 real, 1763.5 MB
[runlim] sample:		219.6 time, 220.7 real, 1808.9 MB
[runlim] sample:		229.6 time, 230.7 real, 1853.8 MB
[runlim] sample:		239.6 time, 240.7 real, 1900.7 MB
[runlim] sample:		249.6 time, 250.7 real, 1959.5 MB
[runlim] sample:		259.6 time, 260.7 real, 2021.4 MB
[runlim] sample:		269.6 time, 270.7 real, 2082.5 MB
[runlim] sample:		279.6 time, 280.7 real, 2159.5 MB
[runlim] sample:		289.6 time, 290.7 real, 2217.3 MB
[runlim] sample:		299.6 time, 300.7 real, 2274.5 MB
[runlim] sample:		309.6 time, 310.7 real, 2338.2 MB
[runlim] sample:		319.6 time, 320.7 real, 2407.6 MB
[runlim] sample:		329.6 time, 330.7 real, 2475.1 MB
[runlim] sample:		339.6 time, 340.7 real, 2538.5 MB
[runlim] sample:		349.6 time, 350.7 real, 2612.5 MB
[runlim] sample:		359.6 time, 360.7 real, 2667.7 MB
[runlim] sample:		369.6 time, 370.7 real, 2854.7 MB
[runlim] sample:		379.6 time, 380.7 real, 2979.1 MB
[runlim] sample:		389.6 time, 390.7 real, 3043.3 MB
[runlim] sample:		399.6 time, 400.7 real, 3108.3 MB
[runlim] sample:		409.6 time, 410.7 real, 3173.5 MB
[runlim] sample:		419.6 time, 420.7 real, 3237.2 MB
[runlim] sample:		429.6 time, 430.7 real, 3299.8 MB
[runlim] sample:		439.6 time, 440.7 real, 3368.7 MB
[runlim] sample:		449.6 time, 450.7 real, 3431.3 MB
[runlim] sample:		459.6 time, 460.7 real, 3493.7 MB
[runlim] sample:		469.6 time, 470.7 real, 3558.7 MB
[runlim] sample:		479.6 time, 480.7 real, 3748.1 MB
[runlim] sample:		489.6 time, 490.7 real, 3811.8 MB
[runlim] sample:		499.6 time, 500.7 real, 3879.3 MB
[runlim] sample:		509.6 time, 510.7 real, 3946.9 MB
CVC4 interrupted by SIGTERM.
[runlim] end:			Sun Jan 27 22:39:06 2019
[runlim] status:		out of memory
[runlim] result:		3
[runlim] children:		0
[runlim] real:			516.58 seconds
[runlim] time:			515.55 seconds
[runlim] space:			4002.0 MB
[runlim] samples:		5159
