[runlim] version:		1.10fixed
[runlim] time limit:		3600 seconds
[runlim] real time limit:	311040000 seconds
[runlim] space limit:		4000 MB
[runlim] argv[0]:		./cvc4
[runlim] argv[1]:		/tmp/d6KYaxpZ.sy
[runlim] start:			Sun Jan 27 22:30:30 2019
[runlim] main pid:		7187
[runlim] sample:		9.5 time, 11.0 real, 47.2 MB
[runlim] sample:		19.5 time, 21.0 real, 65.5 MB
[runlim] sample:		29.5 time, 31.0 real, 79.2 MB
[runlim] sample:		39.5 time, 41.0 real, 102.9 MB
[runlim] sample:		49.5 time, 51.0 real, 115.8 MB
[runlim] sample:		59.5 time, 61.0 real, 134.9 MB
[runlim] sample:		69.5 time, 71.0 real, 150.1 MB
[runlim] sample:		79.5 time, 81.0 real, 167.4 MB
[runlim] sample:		89.5 time, 91.0 real, 198.0 MB
[runlim] sample:		99.5 time, 101.0 real, 213.9 MB
[runlim] sample:		109.5 time, 111.0 real, 238.4 MB
[runlim] sample:		119.5 time, 121.0 real, 256.0 MB
[runlim] sample:		129.5 time, 131.0 real, 273.5 MB
[runlim] sample:		139.5 time, 141.0 real, 284.1 MB
[runlim] sample:		149.5 time, 151.0 real, 296.2 MB
[runlim] sample:		159.5 time, 161.0 real, 303.1 MB
[runlim] sample:		169.5 time, 171.0 real, 311.9 MB
[runlim] sample:		179.5 time, 181.0 real, 324.8 MB
[runlim] sample:		189.5 time, 191.0 real, 338.5 MB
[runlim] sample:		199.5 time, 201.0 real, 380.5 MB
[runlim] sample:		209.5 time, 211.0 real, 391.0 MB
[runlim] sample:		219.5 time, 221.0 real, 404.2 MB
[runlim] sample:		229.5 time, 231.0 real, 443.4 MB
[runlim] sample:		239.5 time, 241.0 real, 443.6 MB
[runlim] sample:		249.5 time, 251.0 real, 455.2 MB
[runlim] sample:		259.5 time, 261.0 real, 460.1 MB
[runlim] sample:		269.5 time, 271.0 real, 460.9 MB
[runlim] sample:		279.5 time, 281.0 real, 466.3 MB
[runlim] sample:		289.5 time, 291.0 real, 480.2 MB
[runlim] sample:		299.5 time, 301.0 real, 492.9 MB
[runlim] sample:		309.5 time, 311.0 real, 503.9 MB
[runlim] sample:		319.5 time, 321.0 real, 515.8 MB
[runlim] sample:		329.5 time, 331.0 real, 530.0 MB
[runlim] sample:		339.5 time, 341.0 real, 545.5 MB
[runlim] sample:		349.5 time, 351.0 real, 569.7 MB
[runlim] sample:		359.5 time, 361.0 real, 580.0 MB
[runlim] sample:		369.5 time, 371.0 real, 593.4 MB
[runlim] sample:		379.5 time, 381.0 real, 606.0 MB
[runlim] sample:		389.5 time, 391.0 real, 618.7 MB
[runlim] sample:		399.5 time, 401.0 real, 633.6 MB
[runlim] sample:		409.5 time, 411.0 real, 681.7 MB
[runlim] sample:		419.5 time, 421.0 real, 696.9 MB
[runlim] sample:		429.5 time, 431.0 real, 712.6 MB
[runlim] sample:		439.5 time, 441.0 real, 751.5 MB
[runlim] sample:		449.5 time, 451.0 real, 760.0 MB
[runlim] sample:		459.5 time, 461.0 real, 775.2 MB
[runlim] sample:		469.5 time, 471.0 real, 787.6 MB
[runlim] sample:		479.5 time, 481.0 real, 798.7 MB
[runlim] sample:		489.5 time, 491.0 real, 809.3 MB
[runlim] sample:		499.5 time, 501.0 real, 821.6 MB
[runlim] sample:		509.5 time, 511.0 real, 834.0 MB
[runlim] sample:		519.5 time, 521.0 real, 844.8 MB
[runlim] sample:		529.5 time, 531.0 real, 853.6 MB
[runlim] sample:		539.5 time, 541.0 real, 862.9 MB
[runlim] sample:		549.5 time, 551.0 real, 874.5 MB
[runlim] sample:		559.5 time, 561.0 real, 950.0 MB
[runlim] sample:		569.5 time, 571.0 real, 950.0 MB
[runlim] sample:		579.5 time, 581.0 real, 950.3 MB
[runlim] sample:		589.5 time, 591.0 real, 962.4 MB
[runlim] sample:		599.5 time, 601.0 real, 975.0 MB
[runlim] sample:		609.5 time, 611.0 real, 987.2 MB
[runlim] sample:		619.5 time, 621.0 real, 1000.8 MB
[runlim] sample:		629.5 time, 631.0 real, 1014.7 MB
[runlim] sample:		639.5 time, 641.0 real, 1028.7 MB
[runlim] sample:		649.5 time, 651.0 real, 1039.5 MB
[runlim] sample:		659.5 time, 661.0 real, 1061.4 MB
[runlim] sample:		669.5 time, 671.0 real, 1076.9 MB
[runlim] sample:		679.5 time, 681.0 real, 1088.0 MB
[runlim] sample:		689.5 time, 691.0 real, 1098.8 MB
[runlim] sample:		699.5 time, 701.0 real, 1111.9 MB
[runlim] sample:		709.5 time, 711.0 real, 1123.8 MB
[runlim] sample:		719.5 time, 721.0 real, 1136.2 MB
[runlim] sample:		729.5 time, 731.0 real, 1148.5 MB
[runlim] sample:		739.5 time, 741.0 real, 1161.4 MB
[runlim] sample:		749.5 time, 751.0 real, 1172.8 MB
[runlim] sample:		759.5 time, 761.0 real, 1184.6 MB
[runlim] sample:		769.5 time, 771.0 real, 1198.6 MB
[runlim] sample:		779.5 time, 781.0 real, 1210.9 MB
[runlim] sample:		789.5 time, 791.0 real, 1227.4 MB
[runlim] sample:		799.5 time, 801.0 real, 1245.2 MB
[runlim] sample:		809.5 time, 811.0 real, 1262.0 MB
[runlim] sample:		819.5 time, 821.0 real, 1281.8 MB
[runlim] sample:		829.5 time, 831.0 real, 1372.5 MB
[runlim] sample:		839.5 time, 841.0 real, 1394.2 MB
[runlim] sample:		849.5 time, 851.0 real, 1411.4 MB
[runlim] sample:		859.5 time, 861.0 real, 1427.2 MB
[runlim] sample:		869.5 time, 871.0 real, 1473.8 MB
[runlim] sample:		879.5 time, 881.0 real, 1490.6 MB
[runlim] sample:		889.5 time, 891.0 real, 1505.8 MB
[runlim] sample:		899.5 time, 901.0 real, 1528.5 MB
[runlim] sample:		909.5 time, 911.0 real, 1551.4 MB
[runlim] sample:		919.5 time, 921.0 real, 1574.6 MB
[runlim] sample:		929.5 time, 931.0 real, 1595.3 MB
[runlim] sample:		939.5 time, 941.0 real, 1608.2 MB
[runlim] sample:		949.5 time, 951.0 real, 1620.0 MB
[runlim] sample:		959.5 time, 961.0 real, 1634.5 MB
[runlim] sample:		969.5 time, 971.0 real, 1649.4 MB
[runlim] sample:		979.5 time, 981.0 real, 1662.8 MB
[runlim] sample:		989.5 time, 991.0 real, 1680.1 MB
[runlim] sample:		999.5 time, 1001.0 real, 1695.8 MB
[runlim] sample:		1009.5 time, 1011.0 real, 1776.4 MB
[runlim] sample:		1019.5 time, 1021.0 real, 1792.7 MB
[runlim] sample:		1029.5 time, 1031.0 real, 1807.9 MB
[runlim] sample:		1039.5 time, 1041.0 real, 1822.0 MB
[runlim] sample:		1049.5 time, 1051.0 real, 1834.9 MB
[runlim] sample:		1059.5 time, 1061.0 real, 1852.7 MB
[runlim] sample:		1069.5 time, 1071.0 real, 1871.3 MB
[runlim] sample:		1079.5 time, 1081.0 real, 1887.3 MB
[runlim] sample:		1089.5 time, 1091.0 real, 1903.3 MB
[runlim] sample:		1099.5 time, 1101.0 real, 1918.2 MB
[runlim] sample:		1109.5 time, 1111.0 real, 1931.9 MB
[runlim] sample:		1119.5 time, 1121.0 real, 1945.3 MB
[runlim] sample:		1129.5 time, 1131.0 real, 1960.5 MB
[runlim] sample:		1139.5 time, 1141.0 real, 1974.2 MB
[runlim] sample:		1149.5 time, 1151.0 real, 1987.0 MB
[runlim] sample:		1159.5 time, 1161.0 real, 1997.6 MB
[runlim] sample:		1169.5 time, 1171.0 real, 2011.5 MB
[runlim] sample:		1179.5 time, 1181.0 real, 2023.9 MB
[runlim] sample:		1189.5 time, 1191.0 real, 2043.2 MB
[runlim] sample:		1199.5 time, 1201.0 real, 2062.3 MB
[runlim] sample:		1209.5 time, 1211.0 real, 2079.9 MB
[runlim] sample:		1219.5 time, 1221.0 real, 2100.0 MB
[runlim] sample:		1229.5 time, 1231.0 real, 2123.2 MB
[runlim] sample:		1239.5 time, 1241.0 real, 2143.5 MB
[runlim] sample:		1249.5 time, 1251.0 real, 2163.4 MB
[runlim] sample:		1259.5 time, 1261.0 real, 2183.0 MB
[runlim] sample:		1269.5 time, 1271.0 real, 2193.8 MB
[runlim] sample:		1279.5 time, 1281.0 real, 2212.1 MB
[runlim] sample:		1289.5 time, 1291.0 real, 2241.0 MB
[runlim] sample:		1299.5 time, 1301.0 real, 2241.0 MB
[runlim] sample:		1309.5 time, 1311.0 real, 2254.9 MB
[runlim] sample:		1319.5 time, 1321.0 real, 2300.0 MB
[runlim] sample:		1329.5 time, 1331.0 real, 2301.1 MB
[runlim] sample:		1339.5 time, 1341.0 real, 2317.3 MB
[runlim] sample:		1349.5 time, 1351.0 real, 2333.0 MB
[runlim] sample:		1359.5 time, 1361.0 real, 2338.4 MB
[runlim] sample:		1369.5 time, 1371.0 real, 2343.6 MB
[runlim] sample:		1379.5 time, 1381.0 real, 2347.2 MB
[runlim] sample:		1389.5 time, 1391.0 real, 2355.2 MB
[runlim] sample:		1399.5 time, 1401.0 real, 2366.5 MB
[runlim] sample:		1409.5 time, 1411.0 real, 2378.1 MB
[runlim] sample:		1419.5 time, 1421.0 real, 2389.5 MB
[runlim] sample:		1429.5 time, 1431.0 real, 2400.8 MB
[runlim] sample:		1439.5 time, 1441.0 real, 2412.4 MB
[runlim] sample:		1449.5 time, 1451.0 real, 2423.0 MB
[runlim] sample:		1459.5 time, 1461.0 real, 2431.8 MB
[runlim] sample:		1469.5 time, 1471.0 real, 2440.3 MB
[runlim] sample:		1479.5 time, 1481.0 real, 2451.4 MB
[runlim] sample:		1489.5 time, 1491.0 real, 2462.4 MB
[runlim] sample:		1499.5 time, 1501.0 real, 2472.8 MB
[runlim] sample:		1509.5 time, 1511.0 real, 2478.9 MB
[runlim] sample:		1519.5 time, 1521.0 real, 2486.4 MB
[runlim] sample:		1529.5 time, 1531.0 real, 2493.4 MB
[runlim] sample:		1539.5 time, 1541.0 real, 2499.1 MB
[runlim] sample:		1549.5 time, 1551.0 real, 2504.7 MB
[runlim] sample:		1559.5 time, 1561.0 real, 2510.4 MB
[runlim] sample:		1569.5 time, 1571.0 real, 2515.0 MB
[runlim] sample:		1579.5 time, 1581.0 real, 2518.9 MB
[runlim] sample:		1589.5 time, 1591.0 real, 2524.3 MB
[runlim] sample:		1599.5 time, 1601.0 real, 2532.1 MB
[runlim] sample:		1609.5 time, 1611.0 real, 2536.4 MB
[runlim] sample:		1619.5 time, 1621.0 real, 2542.4 MB
[runlim] sample:		1629.5 time, 1631.0 real, 2549.6 MB
[runlim] sample:		1639.5 time, 1641.0 real, 2556.8 MB
[runlim] sample:		1649.5 time, 1651.0 real, 2566.3 MB
[runlim] sample:		1659.5 time, 1661.0 real, 2572.3 MB
[runlim] sample:		1669.5 time, 1671.0 real, 2577.9 MB
[runlim] sample:		1679.5 time, 1681.0 real, 2586.7 MB
[runlim] sample:		1689.5 time, 1691.0 real, 2588.8 MB
[runlim] sample:		1699.5 time, 1701.0 real, 2597.5 MB
[runlim] sample:		1709.5 time, 1711.0 real, 2607.6 MB
[runlim] sample:		1719.5 time, 1721.0 real, 2617.4 MB
[runlim] sample:		1729.5 time, 1731.0 real, 2627.4 MB
[runlim] sample:		1739.5 time, 1741.0 real, 2634.7 MB
[runlim] sample:		1749.5 time, 1751.0 real, 2643.7 MB
[runlim] sample:		1759.5 time, 1761.0 real, 2648.3 MB
[runlim] sample:		1769.5 time, 1771.0 real, 2658.6 MB
[runlim] sample:		1779.5 time, 1781.0 real, 2669.2 MB
[runlim] sample:		1789.5 time, 1791.0 real, 2679.3 MB
[runlim] sample:		1799.5 time, 1801.0 real, 2689.1 MB
[runlim] sample:		1809.5 time, 1811.0 real, 2700.2 MB
[runlim] sample:		1819.5 time, 1821.0 real, 2715.4 MB
[runlim] sample:		1829.5 time, 1831.0 real, 2728.8 MB
[runlim] sample:		1839.5 time, 1841.0 real, 2884.6 MB
[runlim] sample:		1849.5 time, 1851.0 real, 2899.3 MB
[runlim] sample:		1859.5 time, 1861.0 real, 2983.1 MB
[runlim] sample:		1869.5 time, 1871.0 real, 2998.8 MB
[runlim] sample:		1879.5 time, 1881.0 real, 3015.1 MB
[runlim] sample:		1889.5 time, 1891.0 real, 3030.3 MB
[runlim] sample:		1899.5 time, 1901.0 real, 3042.2 MB
[runlim] sample:		1909.5 time, 1911.0 real, 3057.9 MB
[runlim] sample:		1919.5 time, 1921.0 real, 3075.4 MB
[runlim] sample:		1929.5 time, 1931.0 real, 3088.6 MB
[runlim] sample:		1939.5 time, 1941.0 real, 3100.9 MB
[runlim] sample:		1949.5 time, 1951.0 real, 3107.9 MB
[runlim] sample:		1959.5 time, 1961.0 real, 3126.2 MB
[runlim] sample:		1969.5 time, 1971.0 real, 3143.0 MB
[runlim] sample:		1979.5 time, 1981.0 real, 3151.7 MB
[runlim] sample:		1989.5 time, 1991.0 real, 3170.3 MB
[runlim] sample:		1999.5 time, 2001.0 real, 3183.7 MB
[runlim] sample:		2009.5 time, 2011.0 real, 3195.3 MB
[runlim] sample:		2019.5 time, 2021.0 real, 3203.8 MB
[runlim] sample:		2029.5 time, 2031.0 real, 3212.3 MB
[runlim] sample:		2039.5 time, 2041.0 real, 3223.4 MB
[runlim] sample:		2049.5 time, 2051.0 real, 3238.6 MB
[runlim] sample:		2059.5 time, 2061.0 real, 3255.9 MB
[runlim] sample:		2069.5 time, 2071.0 real, 3276.2 MB
[runlim] sample:		2079.5 time, 2081.0 real, 3290.7 MB
[runlim] sample:		2089.5 time, 2091.0 real, 3506.4 MB
[runlim] sample:		2099.5 time, 2101.0 real, 3450.9 MB
[runlim] sample:		2109.5 time, 2111.0 real, 3467.9 MB
[runlim] sample:		2119.5 time, 2121.0 real, 3482.8 MB
[runlim] sample:		2129.5 time, 2131.0 real, 3500.1 MB
[runlim] sample:		2139.5 time, 2141.0 real, 3512.7 MB
[runlim] sample:		2149.5 time, 2151.0 real, 3527.2 MB
[runlim] sample:		2159.5 time, 2161.0 real, 3538.0 MB
[runlim] sample:		2169.5 time, 2171.0 real, 3549.9 MB
[runlim] sample:		2179.5 time, 2181.0 real, 3561.5 MB
[runlim] sample:		2189.5 time, 2191.0 real, 3572.0 MB
[runlim] sample:		2199.5 time, 2201.0 real, 3582.6 MB
[runlim] sample:		2209.5 time, 2211.0 real, 3594.7 MB
[runlim] sample:		2219.5 time, 2221.0 real, 3604.8 MB
[runlim] sample:		2229.5 time, 2231.0 real, 3612.5 MB
[runlim] sample:		2239.5 time, 2241.0 real, 3619.5 MB
[runlim] sample:		2249.5 time, 2251.0 real, 3625.4 MB
[runlim] sample:		2259.5 time, 2261.0 real, 3633.4 MB
[runlim] sample:		2269.5 time, 2271.0 real, 3641.9 MB
[runlim] sample:		2279.5 time, 2281.0 real, 3651.2 MB
[runlim] sample:		2289.5 time, 2291.0 real, 3660.2 MB
[runlim] sample:		2299.5 time, 2301.0 real, 3670.8 MB
[runlim] sample:		2309.5 time, 2311.0 real, 3678.3 MB
[runlim] sample:		2319.5 time, 2321.0 real, 3686.8 MB
[runlim] sample:		2329.5 time, 2331.0 real, 3695.3 MB
[runlim] sample:		2339.5 time, 2341.0 real, 3706.1 MB
[runlim] sample:		2349.5 time, 2351.0 real, 3715.1 MB
[runlim] sample:		2359.5 time, 2361.0 real, 3724.7 MB
[runlim] sample:		2369.5 time, 2371.0 real, 3738.1 MB
[runlim] sample:		2379.5 time, 2381.0 real, 3750.2 MB
[runlim] sample:		2389.5 time, 2391.0 real, 3763.6 MB
[runlim] sample:		2399.5 time, 2401.0 real, 3777.3 MB
[runlim] sample:		2409.5 time, 2411.0 real, 3790.9 MB
[runlim] sample:		2419.5 time, 2421.0 real, 3804.1 MB
[runlim] sample:		2429.5 time, 2431.0 real, 3816.7 MB
[runlim] sample:		2439.5 time, 2441.0 real, 3829.8 MB
[runlim] sample:		2449.5 time, 2451.0 real, 3841.2 MB
[runlim] sample:		2459.5 time, 2461.0 real, 3850.5 MB
[runlim] sample:		2469.5 time, 2471.0 real, 3859.5 MB
[runlim] sample:		2479.5 time, 2481.0 real, 3870.1 MB
[runlim] sample:		2489.5 time, 2491.0 real, 3880.1 MB
[runlim] sample:		2499.5 time, 2501.0 real, 3890.4 MB
[runlim] sample:		2509.5 time, 2511.0 real, 3901.5 MB
[runlim] sample:		2519.5 time, 2521.0 real, 3912.1 MB
[runlim] sample:		2529.5 time, 2531.0 real, 3919.8 MB
[runlim] sample:		2539.5 time, 2541.0 real, 3926.3 MB
[runlim] sample:		2549.5 time, 2551.0 real, 3935.8 MB
[runlim] sample:		2559.5 time, 2561.0 real, 3945.9 MB
[runlim] sample:		2569.5 time, 2571.0 real, 3959.8 MB
[runlim] sample:		2579.5 time, 2581.0 real, 3973.7 MB
[runlim] sample:		2589.5 time, 2591.0 real, 3988.1 MB
[runlim] sample:		2599.5 time, 2601.0 real, 4000.0 MB
CVC4 interrupted by SIGTERM.
[runlim] end:			Sun Jan 27 23:13:51 2019
[runlim] status:		out of memory
[runlim] result:		3
[runlim] children:		0
[runlim] real:			2601.09 seconds
[runlim] time:			2599.57 seconds
[runlim] space:			4000.0 MB
[runlim] samples:		26001
