[runlim] version:		1.10fixed
[runlim] time limit:		1800 seconds
[runlim] real time limit:	311040000 seconds
[runlim] space limit:		4000 MB
[runlim] argv[0]:		./cvc4
[runlim] argv[1]:		--nl-ext-tplanes
[runlim] argv[2]:		/tmp/mGW8rLNb.smt2
[runlim] start:			Tue Feb 19 01:15:00 2019
[runlim] main pid:		26711
[runlim] sample:		9.9 time, 10.2 real, 88.5 MB
[runlim] sample:		19.9 time, 20.2 real, 132.6 MB
[runlim] sample:		29.9 time, 30.2 real, 170.7 MB
[runlim] sample:		39.1 time, 40.2 real, 199.0 MB
[runlim] sample:		48.1 time, 50.2 real, 227.3 MB
[runlim] sample:		56.6 time, 60.2 real, 255.1 MB
[runlim] sample:		66.3 time, 70.2 real, 285.8 MB
[runlim] sample:		76.3 time, 80.2 real, 313.7 MB
[runlim] sample:		86.3 time, 90.2 real, 335.9 MB
[runlim] sample:		95.9 time, 100.2 real, 364.3 MB
[runlim] sample:		105.9 time, 110.2 real, 391.7 MB
[runlim] sample:		115.3 time, 120.2 real, 412.8 MB
[runlim] sample:		125.3 time, 130.2 real, 439.6 MB
[runlim] sample:		135.3 time, 140.2 real, 468.2 MB
[runlim] sample:		145.3 time, 150.2 real, 492.1 MB
[runlim] sample:		155.3 time, 160.2 real, 516.9 MB
[runlim] sample:		165.3 time, 170.2 real, 535.5 MB
[runlim] sample:		175.0 time, 180.2 real, 553.8 MB
[runlim] sample:		183.3 time, 190.2 real, 571.8 MB
[runlim] sample:		191.7 time, 200.2 real, 591.1 MB
[runlim] sample:		200.0 time, 210.2 real, 605.1 MB
[runlim] sample:		209.1 time, 220.2 real, 618.0 MB
[runlim] sample:		219.1 time, 230.2 real, 638.9 MB
[runlim] sample:		229.1 time, 240.2 real, 657.9 MB
[runlim] sample:		239.0 time, 250.2 real, 682.8 MB
[runlim] sample:		249.0 time, 260.2 real, 695.7 MB
[runlim] sample:		259.0 time, 270.2 real, 717.0 MB
[runlim] sample:		269.0 time, 280.2 real, 735.1 MB
[runlim] sample:		277.4 time, 290.2 real, 749.3 MB
[runlim] sample:		285.7 time, 300.2 real, 764.2 MB
[runlim] sample:		295.0 time, 310.2 real, 777.9 MB
[runlim] sample:		305.0 time, 320.2 real, 792.3 MB
[runlim] sample:		315.0 time, 330.2 real, 806.8 MB
[runlim] sample:		325.0 time, 340.2 real, 828.9 MB
[runlim] sample:		335.0 time, 350.2 real, 844.9 MB
[runlim] sample:		345.0 time, 360.2 real, 871.4 MB
[runlim] sample:		353.6 time, 370.2 real, 877.6 MB
[runlim] sample:		362.0 time, 380.2 real, 895.6 MB
[runlim] sample:		370.8 time, 390.2 real, 927.3 MB
[runlim] sample:		380.8 time, 400.2 real, 939.9 MB
[runlim] sample:		390.8 time, 410.2 real, 956.2 MB
[runlim] sample:		400.4 time, 420.2 real, 974.4 MB
[runlim] sample:		408.9 time, 430.2 real, 981.1 MB
[runlim] sample:		418.9 time, 440.2 real, 1002.2 MB
[runlim] sample:		427.8 time, 450.2 real, 1021.8 MB
[runlim] sample:		436.1 time, 460.2 real, 1030.0 MB
[runlim] sample:		444.5 time, 470.2 real, 1039.6 MB
[runlim] sample:		452.8 time, 480.2 real, 1054.2 MB
[runlim] sample:		461.6 time, 490.2 real, 1071.0 MB
[runlim] sample:		470.1 time, 500.2 real, 1079.2 MB
[runlim] sample:		479.4 time, 510.2 real, 1089.3 MB
[runlim] sample:		488.9 time, 520.2 real, 1104.2 MB
[runlim] sample:		498.6 time, 530.2 real, 1123.3 MB
[runlim] sample:		508.6 time, 540.2 real, 1132.3 MB
[runlim] sample:		518.6 time, 550.2 real, 1149.5 MB
[runlim] sample:		528.6 time, 560.2 real, 1166.0 MB
[runlim] sample:		538.6 time, 570.2 real, 1179.4 MB
[runlim] sample:		548.6 time, 580.2 real, 1199.0 MB
[runlim] sample:		558.3 time, 590.2 real, 1206.7 MB
[runlim] sample:		567.5 time, 600.2 real, 1214.3 MB
[runlim] sample:		577.0 time, 610.2 real, 1232.3 MB
[runlim] sample:		586.6 time, 620.2 real, 1244.4 MB
[runlim] sample:		596.6 time, 630.2 real, 1253.0 MB
[runlim] sample:		605.7 time, 640.2 real, 1275.4 MB
[runlim] sample:		615.1 time, 650.2 real, 1283.4 MB
[runlim] sample:		625.0 time, 660.2 real, 1292.9 MB
[runlim] sample:		635.0 time, 670.2 real, 1323.3 MB
[runlim] sample:		645.0 time, 680.2 real, 1331.3 MB
[runlim] sample:		655.0 time, 690.2 real, 1349.8 MB
[runlim] sample:		665.0 time, 700.2 real, 1359.9 MB
[runlim] sample:		675.0 time, 710.2 real, 1369.6 MB
[runlim] sample:		684.9 time, 720.2 real, 1379.4 MB
[runlim] sample:		694.8 time, 730.2 real, 1399.3 MB
[runlim] sample:		704.3 time, 740.2 real, 1408.0 MB
[runlim] sample:		714.3 time, 750.2 real, 1417.3 MB
[runlim] sample:		723.6 time, 760.2 real, 1437.1 MB
[runlim] sample:		733.0 time, 770.2 real, 1447.2 MB
[runlim] sample:		743.0 time, 780.2 real, 1456.9 MB
[runlim] sample:		752.1 time, 790.2 real, 1466.7 MB
[runlim] sample:		761.9 time, 800.2 real, 1478.1 MB
[runlim] sample:		771.9 time, 810.2 real, 1495.3 MB
[runlim] sample:		781.9 time, 820.2 real, 1514.4 MB
[runlim] sample:		791.9 time, 830.2 real, 1526.5 MB
[runlim] sample:		801.9 time, 840.2 real, 1535.0 MB
[runlim] sample:		811.9 time, 850.2 real, 1544.8 MB
[runlim] sample:		821.9 time, 860.2 real, 1554.6 MB
[runlim] sample:		831.9 time, 870.2 real, 1564.3 MB
[runlim] sample:		841.7 time, 880.2 real, 1585.2 MB
[runlim] sample:		850.7 time, 890.2 real, 1595.5 MB
[runlim] sample:		860.2 time, 900.2 real, 1606.6 MB
[runlim] sample:		869.9 time, 910.2 real, 1617.1 MB
[runlim] sample:		879.9 time, 920.2 real, 1628.2 MB
[runlim] sample:		889.9 time, 930.2 real, 1638.5 MB
[runlim] sample:		899.9 time, 940.2 real, 1649.9 MB
[runlim] sample:		909.9 time, 950.2 real, 1673.0 MB
[runlim] sample:		919.9 time, 960.2 real, 1675.6 MB
[runlim] sample:		929.9 time, 970.2 real, 1684.9 MB
[runlim] sample:		939.9 time, 980.2 real, 1694.7 MB
[runlim] sample:		949.9 time, 990.2 real, 1709.6 MB
[runlim] sample:		959.9 time, 1000.2 real, 1720.4 MB
[runlim] sample:		968.5 time, 1010.2 real, 1731.0 MB
[runlim] sample:		977.8 time, 1020.2 real, 1758.9 MB
[runlim] sample:		987.6 time, 1030.2 real, 1769.8 MB
[runlim] sample:		997.0 time, 1040.2 real, 1790.9 MB
[runlim] sample:		1006.3 time, 1050.2 real, 1804.0 MB
[runlim] sample:		1016.2 time, 1060.2 real, 1815.9 MB
[runlim] sample:		1026.2 time, 1070.2 real, 1824.6 MB
[runlim] sample:		1035.5 time, 1080.2 real, 1864.1 MB
[runlim] sample:		1045.1 time, 1090.2 real, 1864.1 MB
[runlim] sample:		1054.8 time, 1100.2 real, 1881.3 MB
[runlim] sample:		1064.3 time, 1110.2 real, 1895.8 MB
[runlim] sample:		1074.3 time, 1120.2 real, 1897.3 MB
[runlim] sample:		1084.3 time, 1130.2 real, 1906.9 MB
[runlim] sample:		1094.3 time, 1140.2 real, 1919.5 MB
[runlim] sample:		1104.3 time, 1150.2 real, 1930.6 MB
[runlim] sample:		1112.5 time, 1160.2 real, 1942.0 MB
[runlim] sample:		1121.2 time, 1170.2 real, 1978.6 MB
[runlim] sample:		1128.9 time, 1180.2 real, 1978.6 MB
[runlim] sample:		1137.8 time, 1190.2 real, 1981.7 MB
[runlim] sample:		1146.3 time, 1200.2 real, 1993.3 MB
[runlim] sample:		1156.2 time, 1210.2 real, 2005.7 MB
[runlim] sample:		1166.1 time, 1220.2 real, 2017.3 MB
[runlim] sample:		1176.1 time, 1230.2 real, 2028.9 MB
[runlim] sample:		1186.1 time, 1240.2 real, 2033.2 MB
[runlim] sample:		1196.1 time, 1250.2 real, 2053.1 MB
[runlim] sample:		1206.1 time, 1260.2 real, 2064.9 MB
[runlim] sample:		1216.1 time, 1270.2 real, 2065.2 MB
[runlim] sample:		1226.1 time, 1280.2 real, 2076.8 MB
[runlim] sample:		1236.1 time, 1290.2 real, 2088.6 MB
[runlim] sample:		1246.1 time, 1300.2 real, 2099.7 MB
[runlim] sample:		1256.1 time, 1310.2 real, 2111.3 MB
[runlim] sample:		1266.1 time, 1320.2 real, 2123.6 MB
[runlim] sample:		1276.1 time, 1330.2 real, 2136.0 MB
[runlim] sample:		1286.1 time, 1340.2 real, 2153.3 MB
[runlim] sample:		1296.1 time, 1350.2 real, 2160.2 MB
[runlim] sample:		1306.1 time, 1360.2 real, 2163.1 MB
[runlim] sample:		1316.1 time, 1370.2 real, 2172.3 MB
[runlim] sample:		1326.1 time, 1380.2 real, 2184.2 MB
[runlim] sample:		1336.1 time, 1390.2 real, 2196.0 MB
[runlim] sample:		1346.1 time, 1400.2 real, 2207.9 MB
[runlim] sample:		1356.1 time, 1410.2 real, 2220.0 MB
[runlim] sample:		1366.1 time, 1420.2 real, 2220.2 MB
[runlim] sample:		1375.4 time, 1430.2 real, 2232.1 MB
[runlim] sample:		1383.7 time, 1440.2 real, 2243.9 MB
[runlim] sample:		1391.3 time, 1450.2 real, 2247.3 MB
[runlim] sample:		1399.6 time, 1460.2 real, 2256.5 MB
[runlim] sample:		1408.1 time, 1470.2 real, 2272.5 MB
[runlim] sample:		1418.1 time, 1480.2 real, 2284.1 MB
[runlim] sample:		1428.1 time, 1490.2 real, 2287.4 MB
[runlim] sample:		1438.1 time, 1500.2 real, 2296.2 MB
[runlim] sample:		1448.1 time, 1510.2 real, 2315.0 MB
[runlim] sample:		1458.1 time, 1520.2 real, 2322.7 MB
[runlim] sample:		1468.1 time, 1530.2 real, 2334.8 MB
[runlim] sample:		1478.1 time, 1540.2 real, 2335.1 MB
[runlim] sample:		1487.4 time, 1550.2 real, 2373.0 MB
[runlim] sample:		1496.4 time, 1560.2 real, 2374.0 MB
[runlim] sample:		1505.0 time, 1570.2 real, 2374.0 MB
[runlim] sample:		1513.3 time, 1580.2 real, 2376.3 MB
[runlim] sample:		1522.0 time, 1590.2 real, 2386.6 MB
[runlim] sample:		1529.7 time, 1600.2 real, 2386.6 MB
[runlim] sample:		1538.8 time, 1610.2 real, 2397.4 MB
[runlim] sample:		1548.8 time, 1620.2 real, 2412.1 MB
[runlim] sample:		1558.8 time, 1630.2 real, 2412.3 MB
[runlim] sample:		1568.8 time, 1640.2 real, 2425.0 MB
[runlim] sample:		1578.8 time, 1650.2 real, 2438.1 MB
[runlim] sample:		1588.8 time, 1660.2 real, 2441.7 MB
[runlim] sample:		1598.8 time, 1670.2 real, 2451.7 MB
[runlim] sample:		1608.7 time, 1680.2 real, 2464.6 MB
[runlim] sample:		1616.8 time, 1690.2 real, 2478.0 MB
[runlim] sample:		1625.8 time, 1700.2 real, 2478.3 MB
[runlim] sample:		1635.0 time, 1710.2 real, 2491.7 MB
[runlim] sample:		1644.3 time, 1720.2 real, 2504.6 MB
[runlim] sample:		1653.7 time, 1730.2 real, 2504.8 MB
[runlim] sample:		1663.6 time, 1740.2 real, 2522.9 MB
[runlim] sample:		1673.6 time, 1750.2 real, 2535.8 MB
[runlim] sample:		1683.6 time, 1760.2 real, 2536.1 MB
[runlim] sample:		1693.6 time, 1770.2 real, 2549.2 MB
[runlim] sample:		1703.6 time, 1780.2 real, 2561.6 MB
[runlim] sample:		1712.9 time, 1790.2 real, 2561.8 MB
[runlim] sample:		1720.6 time, 1800.2 real, 2574.2 MB
[runlim] sample:		1728.9 time, 1810.2 real, 2574.4 MB
[runlim] sample:		1738.6 time, 1820.2 real, 2604.5 MB
[runlim] sample:		1747.6 time, 1830.2 real, 2617.3 MB
[runlim] sample:		1756.1 time, 1840.2 real, 2630.8 MB
[runlim] sample:		1764.9 time, 1850.2 real, 2631.2 MB
[runlim] sample:		1773.6 time, 1860.2 real, 2644.9 MB
[runlim] sample:		1783.6 time, 1870.2 real, 2644.9 MB
[runlim] sample:		1793.6 time, 1880.2 real, 2659.3 MB
CVC4 interrupted by SIGTERM.
[runlim] end:			Tue Feb 19 01:46:26 2019
[runlim] status:		out of time
[runlim] result:		2
[runlim] children:		0
[runlim] real:			1886.80 seconds
[runlim] time:			1800.20 seconds
[runlim] space:			2659.3 MB
[runlim] samples:		18866
