[runlim] version:		1.10fixed
[runlim] time limit:		1800 seconds
[runlim] real time limit:	311040000 seconds
[runlim] space limit:		4000 MB
[runlim] argv[0]:		./cvc4
[runlim] argv[1]:		--nl-ext-tplanes
[runlim] argv[2]:		/tmp/XckB4kFJ.smt2
[runlim] start:			Tue Feb 19 01:17:01 2019
[runlim] main pid:		2569
[runlim] sample:		8.2 time, 10.5 real, 83.4 MB
[runlim] sample:		18.2 time, 20.5 real, 122.0 MB
[runlim] sample:		28.1 time, 30.5 real, 150.0 MB
[runlim] sample:		37.7 time, 40.5 real, 171.5 MB
[runlim] sample:		46.1 time, 50.5 real, 195.6 MB
[runlim] sample:		55.9 time, 60.5 real, 215.1 MB
[runlim] sample:		65.5 time, 70.5 real, 233.6 MB
[runlim] sample:		75.5 time, 80.5 real, 253.4 MB
[runlim] sample:		85.5 time, 90.5 real, 272.2 MB
[runlim] sample:		95.5 time, 100.5 real, 292.9 MB
[runlim] sample:		105.4 time, 110.5 real, 303.0 MB
[runlim] sample:		115.2 time, 120.5 real, 323.3 MB
[runlim] sample:		124.4 time, 130.5 real, 333.9 MB
[runlim] sample:		133.3 time, 140.5 real, 344.7 MB
[runlim] sample:		141.6 time, 150.5 real, 354.8 MB
[runlim] sample:		150.8 time, 160.5 real, 370.2 MB
[runlim] sample:		160.6 time, 170.5 real, 382.5 MB
[runlim] sample:		169.0 time, 180.5 real, 394.0 MB
[runlim] sample:		178.8 time, 190.5 real, 404.6 MB
[runlim] sample:		188.5 time, 200.5 real, 415.7 MB
[runlim] sample:		198.5 time, 210.5 real, 431.6 MB
[runlim] sample:		208.5 time, 220.5 real, 443.1 MB
[runlim] sample:		218.5 time, 230.5 real, 464.3 MB
[runlim] sample:		228.5 time, 240.5 real, 475.9 MB
[runlim] sample:		238.5 time, 250.5 real, 488.5 MB
[runlim] sample:		248.5 time, 260.5 real, 501.1 MB
[runlim] sample:		258.5 time, 270.5 real, 508.8 MB
[runlim] sample:		268.5 time, 280.5 real, 513.7 MB
[runlim] sample:		278.5 time, 290.5 real, 528.4 MB
[runlim] sample:		288.5 time, 300.5 real, 542.8 MB
[runlim] sample:		298.5 time, 310.5 real, 556.9 MB
[runlim] sample:		308.5 time, 320.5 real, 556.9 MB
[runlim] sample:		318.5 time, 330.5 real, 570.6 MB
[runlim] sample:		328.5 time, 340.5 real, 585.5 MB
[runlim] sample:		338.5 time, 350.5 real, 592.0 MB
[runlim] sample:		348.5 time, 360.5 real, 598.9 MB
[runlim] sample:		358.5 time, 370.5 real, 613.1 MB
[runlim] sample:		368.5 time, 380.5 real, 619.8 MB
[runlim] sample:		378.5 time, 390.5 real, 628.3 MB
[runlim] sample:		388.5 time, 400.5 real, 641.5 MB
[runlim] sample:		398.5 time, 410.5 real, 641.5 MB
[runlim] sample:		408.5 time, 420.5 real, 655.7 MB
[runlim] sample:		418.5 time, 430.5 real, 662.9 MB
[runlim] sample:		428.4 time, 440.5 real, 673.2 MB
[runlim] sample:		438.4 time, 450.5 real, 691.5 MB
[runlim] sample:		448.4 time, 460.5 real, 691.5 MB
[runlim] sample:		458.4 time, 470.5 real, 706.4 MB
[runlim] sample:		468.4 time, 480.5 real, 706.4 MB
[runlim] sample:		478.4 time, 490.5 real, 725.1 MB
[runlim] sample:		488.4 time, 500.5 real, 725.1 MB
[runlim] sample:		498.4 time, 510.5 real, 740.4 MB
[runlim] sample:		508.4 time, 520.5 real, 740.4 MB
[runlim] sample:		518.4 time, 530.5 real, 755.8 MB
[runlim] sample:		528.4 time, 540.5 real, 755.8 MB
[runlim] sample:		538.4 time, 550.5 real, 771.8 MB
[runlim] sample:		548.4 time, 560.5 real, 771.8 MB
[runlim] sample:		558.4 time, 570.5 real, 787.2 MB
[runlim] sample:		568.4 time, 580.5 real, 787.2 MB
[runlim] sample:		578.4 time, 590.5 real, 803.7 MB
[runlim] sample:		588.4 time, 600.5 real, 803.7 MB
[runlim] sample:		598.4 time, 610.5 real, 811.9 MB
[runlim] sample:		608.4 time, 620.5 real, 820.4 MB
[runlim] sample:		618.4 time, 630.5 real, 820.4 MB
[runlim] sample:		628.4 time, 640.5 real, 836.9 MB
[runlim] sample:		638.4 time, 650.5 real, 836.9 MB
[runlim] sample:		648.4 time, 660.5 real, 864.7 MB
[runlim] sample:		658.4 time, 670.5 real, 864.7 MB
[runlim] sample:		668.4 time, 680.5 real, 871.7 MB
[runlim] sample:		678.4 time, 690.5 real, 880.4 MB
[runlim] sample:		688.4 time, 700.5 real, 880.4 MB
[runlim] sample:		698.4 time, 710.5 real, 903.9 MB
[runlim] sample:		708.4 time, 720.5 real, 903.9 MB
[runlim] sample:		718.4 time, 730.5 real, 925.0 MB
[runlim] sample:		728.4 time, 740.5 real, 934.8 MB
[runlim] sample:		738.4 time, 750.5 real, 934.8 MB
[runlim] sample:		748.4 time, 760.5 real, 951.8 MB
[runlim] sample:		758.4 time, 770.5 real, 951.8 MB
[runlim] sample:		768.4 time, 780.5 real, 957.4 MB
[runlim] sample:		778.4 time, 790.5 real, 968.2 MB
[runlim] sample:		788.4 time, 800.5 real, 968.2 MB
[runlim] sample:		798.4 time, 810.5 real, 988.6 MB
[runlim] sample:		808.4 time, 820.5 real, 988.6 MB
[runlim] sample:		818.4 time, 830.5 real, 991.4 MB
[runlim] sample:		828.3 time, 840.5 real, 1004.8 MB
[runlim] sample:		838.3 time, 850.5 real, 1004.8 MB
[runlim] sample:		848.1 time, 860.5 real, 1030.1 MB
[runlim] sample:		858.0 time, 870.5 real, 1030.3 MB
[runlim] sample:		867.5 time, 880.5 real, 1030.3 MB
[runlim] sample:		876.7 time, 890.5 real, 1047.6 MB
[runlim] sample:		885.4 time, 900.5 real, 1047.6 MB
[runlim] sample:		893.2 time, 910.5 real, 1047.6 MB
[runlim] sample:		900.7 time, 920.5 real, 1049.1 MB
[runlim] sample:		909.1 time, 930.5 real, 1063.8 MB
[runlim] sample:		917.7 time, 940.5 real, 1063.8 MB
[runlim] sample:		927.3 time, 950.5 real, 1063.8 MB
[runlim] sample:		937.0 time, 960.5 real, 1082.9 MB
[runlim] sample:		947.0 time, 970.5 real, 1082.9 MB
[runlim] sample:		957.0 time, 980.5 real, 1082.9 MB
[runlim] sample:		964.3 time, 990.5 real, 1092.2 MB
[runlim] sample:		973.0 time, 1000.5 real, 1101.4 MB
[runlim] sample:		983.0 time, 1010.5 real, 1101.4 MB
[runlim] sample:		993.0 time, 1020.5 real, 1101.4 MB
[runlim] sample:		1003.0 time, 1030.5 real, 1122.5 MB
[runlim] sample:		1013.0 time, 1040.5 real, 1122.5 MB
[runlim] sample:		1023.0 time, 1050.5 real, 1122.5 MB
[runlim] sample:		1032.4 time, 1060.5 real, 1142.4 MB
[runlim] sample:		1041.1 time, 1070.5 real, 1142.4 MB
[runlim] sample:		1048.8 time, 1080.5 real, 1142.4 MB
[runlim] sample:		1057.3 time, 1090.5 real, 1147.8 MB
[runlim] sample:		1065.7 time, 1100.5 real, 1160.9 MB
[runlim] sample:		1075.4 time, 1110.5 real, 1160.9 MB
[runlim] sample:		1085.0 time, 1120.5 real, 1160.9 MB
[runlim] sample:		1094.3 time, 1130.5 real, 1181.0 MB
[runlim] sample:		1103.7 time, 1140.5 real, 1181.2 MB
[runlim] sample:		1113.0 time, 1150.5 real, 1181.2 MB
[runlim] sample:		1122.3 time, 1160.5 real, 1181.2 MB
[runlim] sample:		1131.7 time, 1170.5 real, 1202.9 MB
[runlim] sample:		1141.6 time, 1180.5 real, 1202.9 MB
[runlim] sample:		1151.6 time, 1190.5 real, 1202.9 MB
[runlim] sample:		1161.6 time, 1200.5 real, 1222.7 MB
[runlim] sample:		1171.6 time, 1210.5 real, 1222.7 MB
[runlim] sample:		1181.6 time, 1220.5 real, 1222.7 MB
[runlim] sample:		1191.3 time, 1230.5 real, 1233.0 MB
[runlim] sample:		1200.7 time, 1240.5 real, 1242.5 MB
[runlim] sample:		1209.7 time, 1250.5 real, 1242.5 MB
[runlim] sample:		1217.7 time, 1260.5 real, 1242.5 MB
[runlim] sample:		1226.0 time, 1270.5 real, 1245.1 MB
[runlim] sample:		1234.0 time, 1280.5 real, 1262.4 MB
[runlim] sample:		1242.0 time, 1290.5 real, 1262.4 MB
[runlim] sample:		1251.4 time, 1300.5 real, 1262.4 MB
[runlim] sample:		1261.4 time, 1310.5 real, 1262.4 MB
[runlim] sample:		1271.4 time, 1320.5 real, 1290.1 MB
[runlim] sample:		1281.4 time, 1330.5 real, 1290.1 MB
[runlim] sample:		1291.4 time, 1340.5 real, 1290.1 MB
[runlim] sample:		1301.4 time, 1350.5 real, 1290.1 MB
[runlim] sample:		1311.4 time, 1360.5 real, 1306.6 MB
[runlim] sample:		1321.4 time, 1370.5 real, 1306.6 MB
[runlim] sample:		1331.4 time, 1380.5 real, 1306.6 MB
[runlim] sample:		1341.4 time, 1390.5 real, 1315.3 MB
[runlim] sample:		1351.4 time, 1400.5 real, 1336.0 MB
[runlim] sample:		1361.4 time, 1410.5 real, 1336.0 MB
[runlim] sample:		1371.4 time, 1420.5 real, 1336.0 MB
[runlim] sample:		1381.4 time, 1430.5 real, 1357.4 MB
[runlim] sample:		1391.4 time, 1440.5 real, 1357.4 MB
[runlim] sample:		1401.3 time, 1450.5 real, 1357.4 MB
[runlim] sample:		1411.3 time, 1460.5 real, 1357.4 MB
[runlim] sample:		1421.3 time, 1470.5 real, 1381.4 MB
[runlim] sample:		1431.3 time, 1480.5 real, 1381.4 MB
[runlim] sample:		1441.3 time, 1490.5 real, 1381.4 MB
[runlim] sample:		1451.3 time, 1500.5 real, 1381.4 MB
[runlim] sample:		1461.3 time, 1510.5 real, 1399.4 MB
[runlim] sample:		1471.3 time, 1520.5 real, 1399.4 MB
[runlim] sample:		1481.3 time, 1530.5 real, 1399.4 MB
[runlim] sample:		1491.3 time, 1540.5 real, 1399.4 MB
[runlim] sample:		1501.3 time, 1550.5 real, 1421.1 MB
[runlim] sample:		1511.3 time, 1560.5 real, 1421.1 MB
[runlim] sample:		1521.3 time, 1570.5 real, 1421.1 MB
[runlim] sample:		1531.3 time, 1580.5 real, 1421.1 MB
[runlim] sample:		1541.3 time, 1590.5 real, 1443.8 MB
[runlim] sample:		1551.3 time, 1600.5 real, 1443.8 MB
[runlim] sample:		1561.3 time, 1610.5 real, 1443.8 MB
[runlim] sample:		1571.3 time, 1620.5 real, 1443.8 MB
[runlim] sample:		1581.3 time, 1630.5 real, 1454.9 MB
[runlim] sample:		1591.3 time, 1640.5 real, 1466.0 MB
[runlim] sample:		1601.3 time, 1650.5 real, 1466.0 MB
[runlim] sample:		1611.3 time, 1660.5 real, 1466.0 MB
[runlim] sample:		1621.3 time, 1670.5 real, 1477.1 MB
[runlim] sample:		1631.3 time, 1680.5 real, 1487.6 MB
[runlim] sample:		1641.3 time, 1690.5 real, 1487.6 MB
[runlim] sample:		1651.3 time, 1700.5 real, 1487.6 MB
[runlim] sample:		1661.3 time, 1710.5 real, 1487.6 MB
[runlim] sample:		1671.3 time, 1720.5 real, 1518.3 MB
[runlim] sample:		1681.3 time, 1730.5 real, 1518.3 MB
[runlim] sample:		1691.3 time, 1740.5 real, 1518.3 MB
[runlim] sample:		1701.3 time, 1750.5 real, 1518.3 MB
[runlim] sample:		1711.3 time, 1760.5 real, 1529.7 MB
[runlim] sample:		1721.3 time, 1770.5 real, 1540.0 MB
[runlim] sample:		1731.3 time, 1780.5 real, 1540.0 MB
[runlim] sample:		1741.3 time, 1790.5 real, 1540.0 MB
[runlim] sample:		1751.3 time, 1800.5 real, 1540.0 MB
[runlim] sample:		1761.3 time, 1810.5 real, 1550.8 MB
[runlim] sample:		1771.3 time, 1820.5 real, 1561.6 MB
[runlim] sample:		1781.3 time, 1830.5 real, 1561.6 MB
[runlim] sample:		1791.3 time, 1840.5 real, 1561.6 MB
CVC4 interrupted by SIGTERM.
[runlim] end:			Tue Feb 19 01:47:50 2019
[runlim] status:		out of time
[runlim] result:		2
[runlim] children:		0
[runlim] real:			1849.39 seconds
[runlim] time:			1800.06 seconds
[runlim] space:			1561.6 MB
[runlim] samples:		18488
