[runlim] version:		1.10fixed
[runlim] time limit:		1800 seconds
[runlim] real time limit:	311040000 seconds
[runlim] space limit:		4000 MB
[runlim] argv[0]:		./cvc4
[runlim] argv[1]:		--nl-ext-tplanes
[runlim] argv[2]:		/tmp/cuKAGzqC.smt2
[runlim] start:			Fri Feb 15 01:12:48 2019
[runlim] main pid:		27874
[runlim] sample:		7.4 time, 10.1 real, 41.3 MB
[runlim] sample:		17.3 time, 20.1 real, 54.0 MB
[runlim] sample:		27.3 time, 30.1 real, 74.4 MB
[runlim] sample:		35.8 time, 40.1 real, 82.4 MB
[runlim] sample:		45.8 time, 50.1 real, 92.4 MB
[runlim] sample:		55.8 time, 60.1 real, 101.4 MB
[runlim] sample:		65.8 time, 70.1 real, 105.5 MB
[runlim] sample:		74.9 time, 80.1 real, 106.3 MB
[runlim] sample:		84.9 time, 90.1 real, 108.6 MB
[runlim] sample:		93.8 time, 100.1 real, 115.6 MB
[runlim] sample:		101.3 time, 110.1 real, 254.4 MB
[runlim] sample:		111.1 time, 120.1 real, 279.8 MB
[runlim] sample:		121.1 time, 130.1 real, 282.9 MB
[runlim] sample:		130.6 time, 140.1 real, 282.9 MB
[runlim] sample:		139.9 time, 150.1 real, 282.9 MB
[runlim] sample:		149.7 time, 160.1 real, 282.9 MB
[runlim] sample:		159.7 time, 170.1 real, 282.9 MB
[runlim] sample:		169.7 time, 180.1 real, 282.9 MB
[runlim] sample:		179.7 time, 190.1 real, 282.9 MB
[runlim] sample:		189.7 time, 200.1 real, 282.9 MB
[runlim] sample:		199.7 time, 210.1 real, 282.9 MB
[runlim] sample:		209.5 time, 220.1 real, 282.9 MB
[runlim] sample:		219.4 time, 230.1 real, 282.9 MB
[runlim] sample:		229.4 time, 240.1 real, 283.1 MB
[runlim] sample:		239.4 time, 250.1 real, 283.1 MB
[runlim] sample:		249.4 time, 260.1 real, 283.1 MB
[runlim] sample:		259.4 time, 270.1 real, 283.4 MB
[runlim] sample:		269.4 time, 280.1 real, 283.4 MB
[runlim] sample:		277.9 time, 290.1 real, 283.7 MB
[runlim] sample:		287.9 time, 300.1 real, 283.7 MB
[runlim] sample:		297.9 time, 310.1 real, 283.7 MB
[runlim] sample:		307.9 time, 320.1 real, 283.7 MB
[runlim] sample:		317.9 time, 330.1 real, 283.7 MB
[runlim] sample:		327.9 time, 340.1 real, 283.7 MB
[runlim] sample:		337.9 time, 350.1 real, 283.7 MB
[runlim] sample:		347.9 time, 360.1 real, 283.7 MB
[runlim] sample:		357.9 time, 370.1 real, 283.7 MB
[runlim] sample:		367.9 time, 380.1 real, 283.7 MB
[runlim] sample:		377.9 time, 390.1 real, 283.7 MB
[runlim] sample:		387.9 time, 400.1 real, 283.7 MB
[runlim] sample:		397.8 time, 410.1 real, 283.9 MB
[runlim] sample:		407.8 time, 420.1 real, 283.9 MB
[runlim] sample:		417.8 time, 430.1 real, 284.2 MB
[runlim] sample:		427.8 time, 440.1 real, 284.4 MB
[runlim] sample:		437.8 time, 450.1 real, 284.7 MB
[runlim] sample:		447.8 time, 460.1 real, 284.7 MB
[runlim] sample:		457.8 time, 470.1 real, 285.2 MB
[runlim] sample:		467.8 time, 480.1 real, 285.4 MB
[runlim] sample:		477.8 time, 490.1 real, 285.7 MB
[runlim] sample:		487.8 time, 500.1 real, 285.7 MB
[runlim] sample:		497.8 time, 510.1 real, 287.2 MB
[runlim] sample:		507.8 time, 520.1 real, 287.2 MB
[runlim] sample:		517.8 time, 530.1 real, 287.8 MB
[runlim] sample:		527.8 time, 540.1 real, 287.8 MB
[runlim] sample:		537.8 time, 550.1 real, 288.0 MB
[runlim] sample:		547.8 time, 560.1 real, 289.6 MB
[runlim] sample:		557.8 time, 570.1 real, 291.9 MB
[runlim] sample:		567.8 time, 580.1 real, 292.4 MB
[runlim] sample:		577.8 time, 590.1 real, 294.4 MB
[runlim] sample:		587.6 time, 600.1 real, 294.4 MB
[runlim] sample:		596.0 time, 610.1 real, 294.4 MB
[runlim] sample:		604.0 time, 620.1 real, 294.7 MB
[runlim] sample:		611.8 time, 630.1 real, 294.7 MB
[runlim] sample:		620.1 time, 640.1 real, 297.8 MB
[runlim] sample:		628.5 time, 650.1 real, 365.5 MB
[runlim] sample:		637.6 time, 660.1 real, 388.4 MB
[runlim] sample:		646.0 time, 670.1 real, 407.7 MB
[runlim] sample:		654.6 time, 680.1 real, 436.5 MB
[runlim] sample:		663.7 time, 690.1 real, 436.5 MB
[runlim] sample:		672.5 time, 700.1 real, 437.8 MB
[runlim] sample:		679.6 time, 710.1 real, 437.8 MB
[runlim] sample:		688.8 time, 720.1 real, 437.8 MB
[runlim] sample:		698.0 time, 730.1 real, 438.0 MB
[runlim] sample:		707.1 time, 740.1 real, 438.0 MB
[runlim] sample:		714.9 time, 750.1 real, 438.0 MB
[runlim] sample:		723.3 time, 760.1 real, 438.0 MB
[runlim] sample:		732.3 time, 770.1 real, 438.0 MB
[runlim] sample:		741.3 time, 780.1 real, 438.0 MB
[runlim] sample:		750.9 time, 790.1 real, 438.0 MB
[runlim] sample:		759.6 time, 800.1 real, 438.0 MB
[runlim] sample:		767.5 time, 810.1 real, 438.3 MB
[runlim] sample:		775.6 time, 820.1 real, 450.2 MB
[runlim] sample:		784.1 time, 830.1 real, 474.4 MB
[runlim] sample:		793.0 time, 840.1 real, 500.2 MB
[runlim] sample:		802.8 time, 850.1 real, 524.1 MB
[runlim] sample:		812.7 time, 860.1 real, 531.4 MB
[runlim] sample:		822.7 time, 870.1 real, 531.4 MB
[runlim] sample:		832.7 time, 880.1 real, 531.4 MB
[runlim] sample:		842.7 time, 890.1 real, 533.7 MB
[runlim] sample:		852.7 time, 900.1 real, 538.3 MB
[runlim] sample:		862.7 time, 910.1 real, 538.8 MB
[runlim] sample:		872.7 time, 920.1 real, 538.8 MB
[runlim] sample:		882.7 time, 930.1 real, 538.8 MB
[runlim] sample:		892.6 time, 940.1 real, 540.6 MB
[runlim] sample:		902.2 time, 950.1 real, 540.6 MB
[runlim] sample:		911.9 time, 960.1 real, 544.8 MB
[runlim] sample:		921.5 time, 970.1 real, 544.8 MB
[runlim] sample:		931.2 time, 980.1 real, 545.3 MB
[runlim] sample:		940.9 time, 990.1 real, 545.3 MB
[runlim] sample:		950.5 time, 1000.1 real, 545.5 MB
[runlim] sample:		960.2 time, 1010.1 real, 547.3 MB
[runlim] sample:		969.9 time, 1020.1 real, 547.3 MB
[runlim] sample:		979.6 time, 1030.1 real, 547.3 MB
[runlim] sample:		989.3 time, 1040.1 real, 551.2 MB
[runlim] sample:		999.0 time, 1050.1 real, 551.2 MB
[runlim] sample:		1008.6 time, 1060.1 real, 552.0 MB
[runlim] sample:		1018.3 time, 1070.1 real, 552.0 MB
[runlim] sample:		1027.7 time, 1080.1 real, 552.0 MB
[runlim] sample:		1037.2 time, 1090.1 real, 553.8 MB
[runlim] sample:		1046.9 time, 1100.1 real, 553.8 MB
[runlim] sample:		1056.5 time, 1110.1 real, 553.8 MB
[runlim] sample:		1066.2 time, 1120.1 real, 555.5 MB
[runlim] sample:		1076.2 time, 1130.1 real, 555.5 MB
[runlim] sample:		1086.2 time, 1140.1 real, 555.5 MB
[runlim] sample:		1096.2 time, 1150.1 real, 555.5 MB
[runlim] sample:		1106.2 time, 1160.1 real, 555.5 MB
[runlim] sample:		1116.2 time, 1170.1 real, 555.8 MB
[runlim] sample:		1126.2 time, 1180.1 real, 555.8 MB
[runlim] sample:		1136.2 time, 1190.1 real, 555.8 MB
[runlim] sample:		1146.2 time, 1200.1 real, 555.8 MB
[runlim] sample:		1156.2 time, 1210.1 real, 555.8 MB
[runlim] sample:		1166.2 time, 1220.1 real, 556.0 MB
[runlim] sample:		1176.2 time, 1230.1 real, 563.0 MB
[runlim] sample:		1186.2 time, 1240.1 real, 564.0 MB
[runlim] sample:		1196.2 time, 1250.1 real, 564.0 MB
[runlim] sample:		1206.2 time, 1260.1 real, 564.0 MB
[runlim] sample:		1216.2 time, 1270.1 real, 564.0 MB
[runlim] sample:		1226.2 time, 1280.1 real, 564.0 MB
[runlim] sample:		1236.2 time, 1290.1 real, 564.0 MB
[runlim] sample:		1246.2 time, 1300.1 real, 564.0 MB
[runlim] sample:		1256.2 time, 1310.1 real, 564.0 MB
[runlim] sample:		1266.2 time, 1320.1 real, 564.3 MB
[runlim] sample:		1276.2 time, 1330.1 real, 567.4 MB
[runlim] sample:		1286.2 time, 1340.1 real, 567.4 MB
[runlim] sample:		1296.2 time, 1350.1 real, 567.4 MB
[runlim] sample:		1306.2 time, 1360.1 real, 567.4 MB
[runlim] sample:		1316.2 time, 1370.1 real, 567.4 MB
[runlim] sample:		1326.2 time, 1380.1 real, 567.4 MB
[runlim] sample:		1336.2 time, 1390.1 real, 567.4 MB
[runlim] sample:		1346.2 time, 1400.1 real, 567.4 MB
[runlim] sample:		1356.2 time, 1410.1 real, 567.4 MB
[runlim] sample:		1366.2 time, 1420.1 real, 567.4 MB
[runlim] sample:		1376.2 time, 1430.1 real, 567.4 MB
[runlim] sample:		1386.2 time, 1440.1 real, 567.4 MB
[runlim] sample:		1396.2 time, 1450.1 real, 567.4 MB
[runlim] sample:		1406.2 time, 1460.1 real, 567.4 MB
[runlim] sample:		1416.2 time, 1470.1 real, 567.4 MB
[runlim] sample:		1426.2 time, 1480.1 real, 567.4 MB
[runlim] sample:		1436.2 time, 1490.1 real, 567.6 MB
[runlim] sample:		1446.2 time, 1500.1 real, 567.6 MB
[runlim] sample:		1456.2 time, 1510.1 real, 567.6 MB
[runlim] sample:		1466.2 time, 1520.1 real, 567.6 MB
[runlim] sample:		1476.2 time, 1530.1 real, 567.6 MB
[runlim] sample:		1486.2 time, 1540.1 real, 567.6 MB
[runlim] sample:		1496.2 time, 1550.1 real, 567.6 MB
[runlim] sample:		1506.2 time, 1560.1 real, 567.6 MB
[runlim] sample:		1516.2 time, 1570.1 real, 567.6 MB
[runlim] sample:		1526.1 time, 1580.1 real, 567.6 MB
[runlim] sample:		1536.1 time, 1590.1 real, 567.6 MB
[runlim] sample:		1546.1 time, 1600.1 real, 567.6 MB
[runlim] sample:		1556.1 time, 1610.1 real, 567.6 MB
[runlim] sample:		1566.1 time, 1620.1 real, 567.6 MB
[runlim] sample:		1576.1 time, 1630.1 real, 567.8 MB
[runlim] sample:		1586.1 time, 1640.1 real, 567.8 MB
[runlim] sample:		1596.1 time, 1650.1 real, 567.8 MB
[runlim] sample:		1606.1 time, 1660.1 real, 567.8 MB
[runlim] sample:		1616.1 time, 1670.1 real, 567.8 MB
[runlim] sample:		1626.1 time, 1680.1 real, 567.8 MB
[runlim] sample:		1636.1 time, 1690.1 real, 567.8 MB
[runlim] sample:		1646.1 time, 1700.1 real, 567.8 MB
[runlim] sample:		1656.1 time, 1710.1 real, 567.8 MB
[runlim] sample:		1666.1 time, 1720.1 real, 573.9 MB
[runlim] sample:		1676.1 time, 1730.1 real, 573.9 MB
[runlim] sample:		1686.1 time, 1740.1 real, 581.4 MB
[runlim] sample:		1696.1 time, 1750.1 real, 581.4 MB
[runlim] sample:		1706.1 time, 1760.1 real, 581.4 MB
[runlim] sample:		1716.1 time, 1770.1 real, 581.4 MB
[runlim] sample:		1726.1 time, 1780.1 real, 581.4 MB
[runlim] sample:		1736.1 time, 1790.1 real, 581.4 MB
[runlim] sample:		1746.1 time, 1800.1 real, 581.4 MB
[runlim] sample:		1756.1 time, 1810.1 real, 581.4 MB
[runlim] sample:		1766.1 time, 1820.1 real, 581.4 MB
[runlim] sample:		1776.1 time, 1830.1 real, 581.4 MB
[runlim] sample:		1786.1 time, 1840.1 real, 581.4 MB
[runlim] sample:		1796.1 time, 1850.1 real, 581.4 MB
CVC4 interrupted by SIGTERM.
[runlim] end:			Fri Feb 15 01:43:42 2019
[runlim] status:		out of time
[runlim] result:		2
[runlim] children:		0
[runlim] real:			1854.16 seconds
[runlim] time:			1800.09 seconds
[runlim] space:			581.4 MB
[runlim] samples:		18540
