[runlim] version:		1.10fixed
[runlim] time limit:		300 seconds
[runlim] real time limit:	311040000 seconds
[runlim] space limit:		4000 MB
[runlim] argv[0]:		./cvc4
[runlim] argv[1]:		--nl-ext-tplanes
[runlim] argv[2]:		/tmp/cBf5bqG8.smt2
[runlim] start:			Tue Jan 29 11:47:29 2019
[runlim] main pid:		376
[runlim] sample:		9.6 time, 10.8 real, 82.4 MB
[runlim] sample:		19.3 time, 20.8 real, 101.1 MB
[runlim] sample:		28.9 time, 30.8 real, 113.4 MB
[runlim] sample:		38.5 time, 40.8 real, 126.2 MB
[runlim] sample:		47.1 time, 50.8 real, 134.0 MB
[runlim] sample:		55.9 time, 60.8 real, 141.8 MB
[runlim] sample:		64.1 time, 70.8 real, 146.4 MB
[runlim] sample:		72.7 time, 80.8 real, 151.5 MB
[runlim] sample:		81.7 time, 90.8 real, 157.9 MB
[runlim] sample:		91.7 time, 100.8 real, 161.3 MB
[runlim] sample:		101.7 time, 110.8 real, 169.0 MB
[runlim] sample:		111.7 time, 120.8 real, 172.6 MB
[runlim] sample:		121.1 time, 130.8 real, 176.2 MB
[runlim] sample:		129.7 time, 140.8 real, 179.6 MB
[runlim] sample:		139.5 time, 150.8 real, 184.2 MB
[runlim] sample:		147.4 time, 160.8 real, 188.3 MB
[runlim] sample:		156.1 time, 170.8 real, 191.7 MB
[runlim] sample:		165.3 time, 180.8 real, 192.2 MB
[runlim] sample:		173.9 time, 190.8 real, 195.8 MB
[runlim] sample:		181.5 time, 200.8 real, 201.2 MB
[runlim] sample:		189.4 time, 210.8 real, 204.8 MB
[runlim] sample:		198.7 time, 220.8 real, 205.3 MB
[runlim] sample:		208.4 time, 230.8 real, 209.4 MB
[runlim] sample:		217.4 time, 240.8 real, 214.4 MB
[runlim] sample:		226.2 time, 250.8 real, 214.4 MB
[runlim] sample:		235.2 time, 260.8 real, 218.0 MB
[runlim] sample:		243.7 time, 270.8 real, 221.6 MB
[runlim] sample:		252.5 time, 280.8 real, 221.6 MB
[runlim] sample:		261.1 time, 290.8 real, 225.2 MB
[runlim] sample:		270.4 time, 300.8 real, 227.3 MB
[runlim] sample:		278.7 time, 310.8 real, 229.1 MB
[runlim] sample:		286.6 time, 320.8 real, 232.4 MB
[runlim] sample:		294.9 time, 330.8 real, 236.6 MB
CVC4 interrupted by SIGTERM.
[runlim] end:			Tue Jan 29 11:53:06 2019
[runlim] status:		out of time
[runlim] result:		2
[runlim] children:		0
[runlim] real:			337.37 seconds
[runlim] time:			300.07 seconds
[runlim] space:			236.6 MB
[runlim] samples:		3365
