[runlim] version:		1.10fixed
[runlim] time limit:		300 seconds
[runlim] real time limit:	311040000 seconds
[runlim] space limit:		4000 MB
[runlim] argv[0]:		./cvc4
[runlim] argv[1]:		--nl-ext-tplanes
[runlim] argv[2]:		/tmp/hkkszd1q.smt2
[runlim] start:			Tue Jan 29 11:18:33 2019
[runlim] main pid:		29403
[runlim] sample:		9.5 time, 10.5 real, 201.5 MB
[runlim] sample:		19.4 time, 20.5 real, 234.3 MB
[runlim] sample:		29.5 time, 30.5 real, 381.7 MB
[runlim] sample:		38.3 time, 40.5 real, 381.7 MB
[runlim] sample:		46.0 time, 50.5 real, 381.9 MB
[runlim] sample:		55.9 time, 60.5 real, 382.2 MB
[runlim] sample:		65.5 time, 70.5 real, 382.7 MB
[runlim] sample:		75.2 time, 80.5 real, 383.2 MB
[runlim] sample:		84.8 time, 90.5 real, 384.0 MB
[runlim] sample:		94.5 time, 100.5 real, 384.3 MB
[runlim] sample:		104.1 time, 110.5 real, 384.5 MB
[runlim] sample:		114.0 time, 120.5 real, 384.5 MB
[runlim] sample:		124.0 time, 130.5 real, 384.8 MB
[runlim] sample:		134.0 time, 140.5 real, 385.3 MB
[runlim] sample:		142.8 time, 150.5 real, 388.6 MB
[runlim] sample:		150.5 time, 160.5 real, 388.9 MB
[runlim] sample:		158.1 time, 170.5 real, 389.6 MB
[runlim] sample:		165.8 time, 180.5 real, 389.6 MB
[runlim] sample:		173.6 time, 190.5 real, 402.5 MB
[runlim] sample:		182.8 time, 200.5 real, 403.0 MB
[runlim] sample:		192.4 time, 210.5 real, 403.0 MB
[runlim] sample:		202.1 time, 220.5 real, 403.3 MB
[runlim] sample:		211.7 time, 230.5 real, 403.3 MB
[runlim] sample:		221.4 time, 240.5 real, 403.3 MB
[runlim] sample:		230.8 time, 250.5 real, 403.5 MB
[runlim] sample:		239.0 time, 260.5 real, 403.5 MB
[runlim] sample:		248.2 time, 270.5 real, 403.5 MB
[runlim] sample:		256.8 time, 280.5 real, 403.5 MB
[runlim] sample:		266.8 time, 290.5 real, 418.7 MB
[runlim] sample:		276.8 time, 300.5 real, 444.5 MB
[runlim] sample:		286.8 time, 310.5 real, 456.8 MB
[runlim] end:			Tue Jan 29 11:23:53 2019
[runlim] status:		signal(9)
[runlim] result:		11
[runlim] children:		0
[runlim] real:			320.21 seconds
[runlim] time:			296.38 seconds
[runlim] space:			561.0 MB
[runlim] samples:		3196
