[runlim] version:		1.10fixed
[runlim] time limit:		300 seconds
[runlim] real time limit:	311040000 seconds
[runlim] space limit:		4000 MB
[runlim] argv[0]:		./cvc4
[runlim] argv[1]:		--nl-ext-tplanes
[runlim] argv[2]:		/tmp/kXap5HH6.smt2
[runlim] start:			Tue Jan 29 11:18:53 2019
[runlim] main pid:		14416
[runlim] sample:		9.2 time, 10.2 real, 180.9 MB
[runlim] sample:		18.9 time, 20.2 real, 286.6 MB
[runlim] sample:		28.5 time, 30.2 real, 381.7 MB
[runlim] sample:		38.2 time, 40.2 real, 470.9 MB
[runlim] sample:		47.8 time, 50.2 real, 540.0 MB
[runlim] sample:		57.5 time, 60.2 real, 609.5 MB
[runlim] sample:		67.1 time, 70.2 real, 678.4 MB
[runlim] sample:		76.8 time, 80.2 real, 724.3 MB
[runlim] sample:		86.4 time, 90.2 real, 784.3 MB
[runlim] sample:		96.0 time, 100.2 real, 835.6 MB
[runlim] sample:		105.7 time, 110.2 real, 896.7 MB
[runlim] sample:		115.4 time, 120.2 real, 949.0 MB
[runlim] sample:		125.0 time, 130.2 real, 992.9 MB
[runlim] sample:		134.7 time, 140.2 real, 1038.0 MB
[runlim] sample:		144.3 time, 150.2 real, 1074.5 MB
[runlim] sample:		153.9 time, 160.2 real, 1126.4 MB
[runlim] sample:		163.6 time, 170.2 real, 1194.1 MB
[runlim] sample:		173.3 time, 180.2 real, 1208.1 MB
[runlim] sample:		182.9 time, 190.2 real, 1266.7 MB
[runlim] sample:		192.6 time, 200.2 real, 1294.5 MB
[runlim] sample:		202.2 time, 210.2 real, 1331.3 MB
[runlim] sample:		211.9 time, 220.2 real, 1382.3 MB
[runlim] sample:		221.6 time, 230.2 real, 1416.0 MB
[runlim] sample:		231.2 time, 240.2 real, 1453.6 MB
[runlim] sample:		241.0 time, 250.2 real, 1487.0 MB
[runlim] sample:		251.0 time, 260.2 real, 1518.4 MB
[runlim] sample:		261.0 time, 270.2 real, 1579.1 MB
[runlim] sample:		271.0 time, 280.2 real, 1603.3 MB
[runlim] sample:		281.0 time, 290.2 real, 1645.5 MB
[runlim] sample:		291.0 time, 300.2 real, 1667.6 MB
[runlim] end:			Tue Jan 29 11:23:57 2019
[runlim] status:		signal(9)
[runlim] result:		11
[runlim] children:		0
[runlim] real:			304.12 seconds
[runlim] time:			294.86 seconds
[runlim] space:			1691.1 MB
[runlim] samples:		3039
