[runlim] version:		1.10fixed
[runlim] time limit:		300 seconds
[runlim] real time limit:	311040000 seconds
[runlim] space limit:		4000 MB
[runlim] argv[0]:		./cvc4
[runlim] argv[1]:		--nl-ext-tplanes
[runlim] argv[2]:		/tmp/vHAtbbPd.smt2
[runlim] start:			Mon Jan 28 10:26:06 2019
[runlim] main pid:		26964
[runlim] sample:		8.7 time, 10.5 real, 127.8 MB
[runlim] sample:		17.4 time, 20.5 real, 185.8 MB
[runlim] sample:		26.2 time, 30.5 real, 226.0 MB
[runlim] sample:		35.3 time, 40.5 real, 270.3 MB
[runlim] sample:		44.6 time, 50.5 real, 315.2 MB
[runlim] sample:		53.3 time, 60.5 real, 350.2 MB
[runlim] sample:		62.4 time, 70.5 real, 383.9 MB
[runlim] sample:		72.4 time, 80.5 real, 406.1 MB
[runlim] sample:		82.0 time, 90.5 real, 425.9 MB
[runlim] sample:		91.8 time, 100.5 real, 457.7 MB
[runlim] sample:		101.8 time, 110.5 real, 480.6 MB
[runlim] sample:		111.6 time, 120.5 real, 510.7 MB
[runlim] sample:		121.6 time, 130.5 real, 525.6 MB
[runlim] sample:		131.6 time, 140.5 real, 551.5 MB
[runlim] sample:		141.6 time, 150.5 real, 572.2 MB
[runlim] sample:		151.6 time, 160.5 real, 594.6 MB
[runlim] sample:		161.6 time, 170.5 real, 595.6 MB
[runlim] sample:		171.6 time, 180.5 real, 640.1 MB
[runlim] sample:		181.6 time, 190.5 real, 641.2 MB
[runlim] sample:		191.6 time, 200.5 real, 673.2 MB
[runlim] sample:		201.6 time, 210.5 real, 691.2 MB
[runlim] sample:		211.6 time, 220.5 real, 697.4 MB
[runlim] sample:		221.6 time, 230.5 real, 715.8 MB
[runlim] sample:		231.0 time, 240.5 real, 743.7 MB
[runlim] sample:		240.5 time, 250.5 real, 743.9 MB
[runlim] sample:		250.2 time, 260.5 real, 764.0 MB
[runlim] sample:		259.7 time, 270.5 real, 768.9 MB
[runlim] sample:		269.0 time, 280.5 real, 786.1 MB
[runlim] sample:		278.5 time, 290.5 real, 794.9 MB
[runlim] sample:		288.1 time, 300.5 real, 795.2 MB
[runlim] sample:		297.8 time, 310.5 real, 795.2 MB
CVC4 interrupted by SIGTERM.
[runlim] end:			Mon Jan 28 10:31:18 2019
[runlim] status:		out of time
[runlim] result:		2
[runlim] children:		0
[runlim] real:			312.82 seconds
[runlim] time:			300.01 seconds
[runlim] space:			795.2 MB
[runlim] samples:		3123
