[runlim] version:		1.10fixed
[runlim] time limit:		300 seconds
[runlim] real time limit:	311040000 seconds
[runlim] space limit:		4000 MB
[runlim] argv[0]:		./cvc4
[runlim] argv[1]:		--nl-ext-tplanes
[runlim] argv[2]:		/tmp/B5ZrF5Bx.smt2
[runlim] start:			Tue Jan 29 11:44:38 2019
[runlim] main pid:		8134
[runlim] sample:		9.7 time, 10.9 real, 58.7 MB
[runlim] sample:		19.7 time, 20.9 real, 69.8 MB
[runlim] sample:		29.7 time, 30.9 real, 77.9 MB
[runlim] sample:		39.1 time, 40.9 real, 82.0 MB
[runlim] sample:		47.1 time, 50.9 real, 87.5 MB
[runlim] sample:		55.9 time, 60.9 real, 90.6 MB
[runlim] sample:		64.9 time, 70.9 real, 95.2 MB
[runlim] sample:		74.9 time, 80.9 real, 99.1 MB
[runlim] sample:		83.9 time, 90.9 real, 101.7 MB
[runlim] sample:		93.0 time, 100.9 real, 104.8 MB
[runlim] sample:		102.1 time, 110.9 real, 105.8 MB
[runlim] sample:		110.8 time, 120.9 real, 109.2 MB
[runlim] sample:		120.4 time, 130.9 real, 110.7 MB
[runlim] sample:		128.8 time, 140.9 real, 111.7 MB
[runlim] sample:		137.5 time, 150.9 real, 116.1 MB
[runlim] sample:		147.5 time, 160.9 real, 117.4 MB
[runlim] sample:		156.2 time, 170.9 real, 118.9 MB
[runlim] sample:		165.9 time, 180.9 real, 120.3 MB
[runlim] sample:		175.9 time, 190.9 real, 123.3 MB
[runlim] sample:		185.9 time, 200.9 real, 125.4 MB
[runlim] sample:		195.0 time, 210.9 real, 126.9 MB
[runlim] sample:		204.1 time, 220.9 real, 128.5 MB
[runlim] sample:		213.6 time, 230.9 real, 129.8 MB
[runlim] sample:		223.4 time, 240.9 real, 131.6 MB
[runlim] sample:		233.4 time, 250.9 real, 133.4 MB
[runlim] sample:		243.3 time, 260.9 real, 134.9 MB
[runlim] sample:		253.0 time, 270.9 real, 136.0 MB
[runlim] sample:		262.7 time, 280.9 real, 137.5 MB
[runlim] sample:		272.6 time, 290.9 real, 139.3 MB
[runlim] sample:		282.6 time, 300.9 real, 140.9 MB
[runlim] sample:		292.6 time, 310.9 real, 142.1 MB
CVC4 interrupted by SIGTERM.
[runlim] end:			Tue Jan 29 11:49:56 2019
[runlim] status:		out of time
[runlim] result:		2
[runlim] children:		0
[runlim] real:			318.44 seconds
[runlim] time:			300.10 seconds
[runlim] space:			142.1 MB
[runlim] samples:		3175
