[runlim] version:		1.10fixed
[runlim] time limit:		300 seconds
[runlim] real time limit:	311040000 seconds
[runlim] space limit:		4000 MB
[runlim] argv[0]:		./cvc4
[runlim] argv[1]:		--nl-ext-tplanes
[runlim] argv[2]:		/tmp/XZEqWiQM.smt2
[runlim] start:			Tue Jan 29 11:18:31 2019
[runlim] main pid:		21363
[runlim] sample:		9.0 time, 10.5 real, 41.7 MB
[runlim] sample:		19.0 time, 20.5 real, 55.1 MB
[runlim] sample:		29.0 time, 30.5 real, 65.0 MB
[runlim] sample:		39.0 time, 40.5 real, 68.3 MB
[runlim] sample:		49.0 time, 50.5 real, 69.9 MB
[runlim] sample:		59.0 time, 60.5 real, 70.9 MB
[runlim] sample:		69.0 time, 70.5 real, 72.4 MB
[runlim] sample:		79.0 time, 80.5 real, 73.2 MB
[runlim] sample:		89.0 time, 90.5 real, 74.7 MB
[runlim] sample:		98.9 time, 100.5 real, 75.5 MB
[runlim] sample:		108.9 time, 110.5 real, 76.8 MB
[runlim] sample:		118.9 time, 120.5 real, 77.8 MB
[runlim] sample:		128.9 time, 130.5 real, 78.9 MB
[runlim] sample:		138.9 time, 140.5 real, 80.4 MB
[runlim] sample:		148.9 time, 150.5 real, 81.2 MB
[runlim] sample:		158.9 time, 160.5 real, 82.7 MB
[runlim] sample:		168.9 time, 170.5 real, 83.8 MB
[runlim] sample:		178.9 time, 180.5 real, 85.0 MB
[runlim] sample:		188.9 time, 190.5 real, 85.8 MB
[runlim] sample:		198.9 time, 200.5 real, 87.4 MB
[runlim] sample:		208.9 time, 210.5 real, 88.1 MB
[runlim] sample:		218.9 time, 220.5 real, 89.4 MB
[runlim] sample:		228.9 time, 230.5 real, 90.2 MB
[runlim] sample:		238.9 time, 240.5 real, 91.5 MB
[runlim] sample:		248.9 time, 250.5 real, 92.5 MB
[runlim] sample:		258.9 time, 260.5 real, 93.6 MB
[runlim] sample:		268.9 time, 270.5 real, 94.6 MB
[runlim] sample:		278.9 time, 280.5 real, 95.9 MB
[runlim] sample:		288.9 time, 290.5 real, 98.4 MB
[runlim] sample:		298.9 time, 300.5 real, 99.2 MB
CVC4 interrupted by SIGTERM.
[runlim] end:			Tue Jan 29 11:23:32 2019
[runlim] status:		out of time
[runlim] result:		2
[runlim] children:		0
[runlim] real:			301.74 seconds
[runlim] time:			300.10 seconds
[runlim] space:			99.5 MB
[runlim] samples:		3012
