[runlim] version:		1.10fixed
[runlim] time limit:		300 seconds
[runlim] real time limit:	311040000 seconds
[runlim] space limit:		4000 MB
[runlim] argv[0]:		./cvc4
[runlim] argv[1]:		--nl-ext-tplanes
[runlim] argv[2]:		/tmp/iFkmsuX4.smt2
[runlim] start:			Tue Jan 29 11:18:45 2019
[runlim] main pid:		1303
[runlim] sample:		9.5 time, 10.3 real, 199.1 MB
[runlim] sample:		19.3 time, 20.3 real, 322.5 MB
[runlim] sample:		28.4 time, 30.3 real, 409.1 MB
[runlim] sample:		38.0 time, 40.3 real, 475.2 MB
[runlim] sample:		48.0 time, 50.3 real, 475.2 MB
[runlim] sample:		58.0 time, 60.3 real, 475.2 MB
[runlim] sample:		68.0 time, 70.3 real, 532.2 MB
[runlim] sample:		78.0 time, 80.3 real, 533.3 MB
[runlim] sample:		88.0 time, 90.3 real, 537.6 MB
[runlim] sample:		98.0 time, 100.3 real, 538.4 MB
[runlim] sample:		108.0 time, 110.3 real, 546.1 MB
[runlim] sample:		117.0 time, 120.3 real, 549.4 MB
[runlim] sample:		126.7 time, 130.3 real, 549.7 MB
[runlim] sample:		136.5 time, 140.3 real, 576.4 MB
[runlim] sample:		146.5 time, 150.3 real, 604.5 MB
[runlim] sample:		156.5 time, 160.3 real, 621.9 MB
[runlim] sample:		165.9 time, 170.3 real, 704.1 MB
[runlim] sample:		174.9 time, 180.3 real, 755.9 MB
[runlim] sample:		184.2 time, 190.3 real, 803.5 MB
[runlim] sample:		193.4 time, 200.3 real, 852.5 MB
[runlim] sample:		203.4 time, 210.3 real, 912.7 MB
[runlim] sample:		213.4 time, 220.3 real, 971.8 MB
[runlim] sample:		223.4 time, 230.3 real, 1029.9 MB
[runlim] sample:		233.4 time, 240.3 real, 1085.7 MB
[runlim] sample:		243.4 time, 250.3 real, 1139.9 MB
[runlim] sample:		252.3 time, 260.3 real, 1175.5 MB
[runlim] sample:		260.7 time, 270.3 real, 1227.3 MB
[runlim] sample:		270.7 time, 280.3 real, 1280.3 MB
[runlim] sample:		280.7 time, 290.3 real, 1315.3 MB
[runlim] sample:		290.7 time, 300.3 real, 1359.8 MB
CVC4 interrupted by SIGTERM.
[runlim] end:			Tue Jan 29 11:23:54 2019
[runlim] status:		out of time
[runlim] result:		2
[runlim] children:		0
[runlim] real:			309.76 seconds
[runlim] time:			300.10 seconds
[runlim] space:			1359.8 MB
[runlim] samples:		3094
