[runlim] version:		1.10fixed
[runlim] time limit:		300 seconds
[runlim] real time limit:	311040000 seconds
[runlim] space limit:		4000 MB
[runlim] argv[0]:		./cvc4
[runlim] argv[1]:		--nl-ext-tplanes
[runlim] argv[2]:		/tmp/oDKw1Nqd.smt2
[runlim] start:			Mon Jan 28 10:27:58 2019
[runlim] main pid:		6680
[runlim] sample:		9.3 time, 10.8 real, 105.2 MB
[runlim] sample:		19.3 time, 20.8 real, 239.4 MB
[runlim] sample:		29.3 time, 30.8 real, 343.4 MB
[runlim] sample:		39.3 time, 40.8 real, 374.3 MB
[runlim] sample:		49.2 time, 50.8 real, 392.4 MB
[runlim] sample:		58.0 time, 60.8 real, 414.0 MB
[runlim] sample:		66.9 time, 70.8 real, 414.0 MB
[runlim] sample:		75.8 time, 80.8 real, 414.0 MB
[runlim] sample:		85.0 time, 90.8 real, 414.0 MB
[runlim] sample:		95.0 time, 100.8 real, 414.0 MB
[runlim] sample:		105.0 time, 110.8 real, 414.0 MB
[runlim] sample:		113.7 time, 120.8 real, 414.0 MB
[runlim] sample:		122.5 time, 130.8 real, 414.0 MB
[runlim] sample:		131.9 time, 140.8 real, 420.2 MB
[runlim] sample:		141.1 time, 150.8 real, 490.7 MB
[runlim] sample:		150.1 time, 160.8 real, 552.2 MB
[runlim] sample:		159.2 time, 170.8 real, 614.7 MB
[runlim] sample:		168.3 time, 180.8 real, 682.4 MB
[runlim] sample:		177.8 time, 190.8 real, 726.2 MB
[runlim] sample:		187.8 time, 200.8 real, 782.5 MB
[runlim] sample:		197.8 time, 210.8 real, 836.0 MB
[runlim] sample:		207.6 time, 220.8 real, 895.7 MB
[runlim] sample:		216.6 time, 230.8 real, 948.1 MB
[runlim] sample:		226.1 time, 240.8 real, 993.2 MB
[runlim] sample:		235.3 time, 250.8 real, 1027.4 MB
[runlim] sample:		244.7 time, 260.8 real, 1073.9 MB
[runlim] sample:		254.7 time, 270.8 real, 1126.4 MB
[runlim] sample:		263.9 time, 280.8 real, 1158.1 MB
[runlim] sample:		273.7 time, 290.8 real, 1204.9 MB
[runlim] sample:		283.7 time, 300.8 real, 1266.3 MB
[runlim] sample:		292.8 time, 310.8 real, 1292.8 MB
CVC4 interrupted by SIGTERM.
[runlim] end:			Mon Jan 28 10:33:16 2019
[runlim] status:		out of time
[runlim] result:		2
[runlim] children:		0
[runlim] real:			318.49 seconds
[runlim] time:			300.07 seconds
[runlim] space:			1319.8 MB
[runlim] samples:		3176
