[runlim] version:		1.10fixed
[runlim] time limit:		1800 seconds
[runlim] real time limit:	311040000 seconds
[runlim] space limit:		4000 MB
[runlim] argv[0]:		./cvc4
[runlim] argv[1]:		--nl-ext-tplanes
[runlim] argv[2]:		/tmp/Fs8VKVID.smt2
[runlim] start:			Mon Feb 18 23:59:45 2019
[runlim] main pid:		24521
[runlim] sample:		9.2 time, 10.7 real, 56.9 MB
[runlim] sample:		18.9 time, 20.7 real, 68.4 MB
[runlim] sample:		28.5 time, 30.7 real, 77.0 MB
[runlim] sample:		38.2 time, 40.7 real, 82.9 MB
[runlim] sample:		47.9 time, 50.7 real, 86.2 MB
[runlim] sample:		57.6 time, 60.7 real, 90.7 MB
[runlim] sample:		67.3 time, 70.7 real, 94.5 MB
[runlim] sample:		77.0 time, 80.7 real, 98.9 MB
[runlim] sample:		86.7 time, 90.7 real, 100.4 MB
[runlim] sample:		96.4 time, 100.7 real, 105.2 MB
[runlim] sample:		106.1 time, 110.7 real, 107.0 MB
[runlim] sample:		115.8 time, 120.7 real, 109.1 MB
[runlim] sample:		124.9 time, 130.7 real, 113.5 MB
[runlim] sample:		134.4 time, 140.7 real, 115.0 MB
[runlim] sample:		143.6 time, 150.7 real, 116.8 MB
[runlim] sample:		152.6 time, 160.7 real, 118.6 MB
[runlim] sample:		161.9 time, 170.7 real, 120.6 MB
[runlim] sample:		171.8 time, 180.7 real, 122.4 MB
[runlim] sample:		181.8 time, 190.7 real, 122.4 MB
[runlim] sample:		191.8 time, 200.7 real, 124.9 MB
[runlim] sample:		201.8 time, 210.7 real, 126.8 MB
[runlim] sample:		211.8 time, 220.7 real, 128.6 MB
[runlim] sample:		221.8 time, 230.7 real, 133.2 MB
[runlim] sample:		231.8 time, 240.7 real, 134.2 MB
[runlim] sample:		241.5 time, 250.7 real, 134.2 MB
[runlim] sample:		250.7 time, 260.7 real, 135.8 MB
[runlim] sample:		260.2 time, 270.7 real, 137.8 MB
[runlim] sample:		269.7 time, 280.7 real, 137.8 MB
[runlim] sample:		278.9 time, 290.7 real, 140.1 MB
[runlim] sample:		288.6 time, 300.7 real, 142.7 MB
[runlim] sample:		298.0 time, 310.7 real, 142.7 MB
[runlim] sample:		307.7 time, 320.7 real, 144.0 MB
[runlim] sample:		317.4 time, 330.7 real, 146.1 MB
[runlim] sample:		327.1 time, 340.7 real, 146.1 MB
[runlim] sample:		336.8 time, 350.7 real, 147.9 MB
[runlim] sample:		346.5 time, 360.7 real, 147.9 MB
[runlim] sample:		356.2 time, 370.7 real, 149.4 MB
[runlim] sample:		365.6 time, 380.7 real, 151.2 MB
[runlim] sample:		374.3 time, 390.7 real, 151.2 MB
[runlim] sample:		383.0 time, 400.7 real, 153.0 MB
[runlim] sample:		391.6 time, 410.7 real, 153.0 MB
[runlim] sample:		400.4 time, 420.7 real, 153.0 MB
[runlim] sample:		410.1 time, 430.7 real, 154.8 MB
[runlim] sample:		419.4 time, 440.7 real, 154.8 MB
[runlim] sample:		429.0 time, 450.7 real, 156.9 MB
[runlim] sample:		439.0 time, 460.7 real, 156.9 MB
[runlim] sample:		449.0 time, 470.7 real, 159.2 MB
[runlim] sample:		457.9 time, 480.7 real, 159.2 MB
[runlim] sample:		466.5 time, 490.7 real, 160.8 MB
[runlim] sample:		475.2 time, 500.7 real, 160.8 MB
[runlim] sample:		484.6 time, 510.7 real, 163.1 MB
[runlim] sample:		494.4 time, 520.7 real, 163.1 MB
[runlim] sample:		504.3 time, 530.7 real, 165.1 MB
[runlim] sample:		514.3 time, 540.7 real, 165.1 MB
[runlim] sample:		524.3 time, 550.7 real, 165.1 MB
[runlim] sample:		534.3 time, 560.7 real, 166.9 MB
[runlim] sample:		544.3 time, 570.7 real, 166.9 MB
[runlim] sample:		554.3 time, 580.7 real, 168.5 MB
[runlim] sample:		564.2 time, 590.7 real, 168.5 MB
[runlim] sample:		573.9 time, 600.7 real, 170.3 MB
[runlim] sample:		583.9 time, 610.7 real, 170.3 MB
[runlim] sample:		592.8 time, 620.7 real, 170.3 MB
[runlim] sample:		602.8 time, 630.7 real, 172.1 MB
[runlim] sample:		611.6 time, 640.7 real, 172.1 MB
[runlim] sample:		621.2 time, 650.7 real, 174.1 MB
[runlim] sample:		630.9 time, 660.7 real, 174.1 MB
[runlim] sample:		640.6 time, 670.7 real, 174.1 MB
[runlim] sample:		650.3 time, 680.7 real, 176.2 MB
[runlim] sample:		660.0 time, 690.7 real, 176.2 MB
[runlim] sample:		669.7 time, 700.7 real, 176.2 MB
[runlim] sample:		679.4 time, 710.7 real, 179.3 MB
[runlim] sample:		689.1 time, 720.7 real, 179.3 MB
[runlim] sample:		698.8 time, 730.7 real, 179.3 MB
[runlim] sample:		708.3 time, 740.7 real, 181.3 MB
[runlim] sample:		718.0 time, 750.7 real, 181.3 MB
[runlim] sample:		727.5 time, 760.7 real, 181.3 MB
[runlim] sample:		737.5 time, 770.7 real, 183.1 MB
[runlim] sample:		747.5 time, 780.7 real, 183.1 MB
[runlim] sample:		757.5 time, 790.7 real, 184.9 MB
[runlim] sample:		767.2 time, 800.7 real, 184.9 MB
[runlim] sample:		776.8 time, 810.7 real, 184.9 MB
[runlim] sample:		786.8 time, 820.7 real, 187.2 MB
[runlim] sample:		796.5 time, 830.7 real, 187.2 MB
[runlim] sample:		805.3 time, 840.7 real, 187.2 MB
[runlim] sample:		813.6 time, 850.7 real, 187.2 MB
[runlim] sample:		821.9 time, 860.7 real, 189.3 MB
[runlim] sample:		830.2 time, 870.7 real, 189.3 MB
[runlim] sample:		838.5 time, 880.7 real, 189.3 MB
[runlim] sample:		846.9 time, 890.7 real, 190.9 MB
[runlim] sample:		855.3 time, 900.7 real, 191.1 MB
[runlim] sample:		865.1 time, 910.7 real, 191.1 MB
[runlim] sample:		875.1 time, 920.7 real, 191.1 MB
[runlim] sample:		884.5 time, 930.7 real, 192.9 MB
[runlim] sample:		893.1 time, 940.7 real, 192.9 MB
[runlim] sample:		902.2 time, 950.7 real, 192.9 MB
[runlim] sample:		911.3 time, 960.7 real, 192.9 MB
[runlim] sample:		920.5 time, 970.7 real, 196.6 MB
[runlim] sample:		929.1 time, 980.7 real, 196.6 MB
[runlim] sample:		937.4 time, 990.7 real, 196.6 MB
[runlim] sample:		946.9 time, 1000.7 real, 196.6 MB
[runlim] sample:		955.6 time, 1010.7 real, 198.7 MB
[runlim] sample:		964.7 time, 1020.7 real, 198.7 MB
[runlim] sample:		973.8 time, 1030.7 real, 198.7 MB
[runlim] sample:		982.5 time, 1040.7 real, 201.3 MB
[runlim] sample:		991.9 time, 1050.7 real, 201.3 MB
[runlim] sample:		1001.2 time, 1060.7 real, 201.3 MB
[runlim] sample:		1010.6 time, 1070.7 real, 201.3 MB
[runlim] sample:		1020.0 time, 1080.7 real, 203.9 MB
[runlim] sample:		1029.4 time, 1090.7 real, 203.9 MB
[runlim] sample:		1038.8 time, 1100.7 real, 203.9 MB
[runlim] sample:		1048.2 time, 1110.7 real, 203.9 MB
[runlim] sample:		1057.6 time, 1120.7 real, 205.2 MB
[runlim] sample:		1067.0 time, 1130.7 real, 205.2 MB
[runlim] sample:		1076.4 time, 1140.7 real, 205.2 MB
[runlim] sample:		1085.8 time, 1150.7 real, 205.2 MB
[runlim] sample:		1095.2 time, 1160.7 real, 207.5 MB
[runlim] sample:		1104.6 time, 1170.7 real, 207.5 MB
[runlim] sample:		1114.0 time, 1180.7 real, 207.5 MB
[runlim] sample:		1123.3 time, 1190.7 real, 207.5 MB
[runlim] sample:		1132.7 time, 1200.7 real, 210.1 MB
[runlim] sample:		1142.1 time, 1210.7 real, 210.1 MB
[runlim] sample:		1151.5 time, 1220.7 real, 210.1 MB
[runlim] sample:		1160.8 time, 1230.7 real, 210.1 MB
[runlim] sample:		1170.2 time, 1240.7 real, 211.6 MB
[runlim] sample:		1179.6 time, 1250.7 real, 211.6 MB
[runlim] sample:		1189.0 time, 1260.7 real, 211.6 MB
[runlim] sample:		1198.4 time, 1270.7 real, 211.6 MB
[runlim] sample:		1207.8 time, 1280.7 real, 213.4 MB
[runlim] sample:		1217.2 time, 1290.7 real, 213.4 MB
[runlim] sample:		1226.6 time, 1300.7 real, 213.4 MB
[runlim] sample:		1236.0 time, 1310.7 real, 213.4 MB
[runlim] sample:		1245.4 time, 1320.7 real, 213.4 MB
[runlim] sample:		1254.8 time, 1330.7 real, 215.2 MB
[runlim] sample:		1264.2 time, 1340.7 real, 215.2 MB
[runlim] sample:		1273.5 time, 1350.7 real, 215.2 MB
[runlim] sample:		1283.0 time, 1360.7 real, 215.2 MB
[runlim] sample:		1292.3 time, 1370.7 real, 217.0 MB
[runlim] sample:		1301.7 time, 1380.7 real, 217.0 MB
[runlim] sample:		1311.1 time, 1390.7 real, 217.0 MB
[runlim] sample:		1320.5 time, 1400.7 real, 217.0 MB
[runlim] sample:		1329.9 time, 1410.7 real, 217.0 MB
[runlim] sample:		1339.3 time, 1420.7 real, 218.8 MB
[runlim] sample:		1348.7 time, 1430.7 real, 218.8 MB
[runlim] sample:		1358.1 time, 1440.7 real, 218.8 MB
[runlim] sample:		1367.5 time, 1450.7 real, 218.8 MB
[runlim] sample:		1376.9 time, 1460.7 real, 221.5 MB
[runlim] sample:		1386.2 time, 1470.7 real, 221.5 MB
[runlim] sample:		1395.6 time, 1480.7 real, 221.5 MB
[runlim] sample:		1405.0 time, 1490.7 real, 221.5 MB
[runlim] sample:		1414.4 time, 1500.7 real, 221.5 MB
[runlim] sample:		1423.8 time, 1510.7 real, 223.3 MB
[runlim] sample:		1433.2 time, 1520.7 real, 223.3 MB
[runlim] sample:		1442.5 time, 1530.7 real, 223.3 MB
[runlim] sample:		1451.9 time, 1540.7 real, 223.3 MB
[runlim] sample:		1461.3 time, 1550.7 real, 223.3 MB
[runlim] sample:		1470.7 time, 1560.7 real, 225.1 MB
[runlim] sample:		1480.0 time, 1570.7 real, 225.1 MB
[runlim] sample:		1489.4 time, 1580.7 real, 225.1 MB
[runlim] sample:		1498.8 time, 1590.7 real, 225.1 MB
[runlim] sample:		1508.2 time, 1600.7 real, 225.1 MB
[runlim] sample:		1517.6 time, 1610.7 real, 226.6 MB
[runlim] sample:		1527.0 time, 1620.7 real, 226.6 MB
[runlim] sample:		1536.4 time, 1630.7 real, 226.6 MB
[runlim] sample:		1545.8 time, 1640.7 real, 226.6 MB
[runlim] sample:		1555.2 time, 1650.7 real, 226.6 MB
[runlim] sample:		1564.6 time, 1660.7 real, 228.7 MB
[runlim] sample:		1574.0 time, 1670.7 real, 228.7 MB
[runlim] sample:		1583.4 time, 1680.7 real, 228.7 MB
[runlim] sample:		1592.7 time, 1690.7 real, 228.7 MB
[runlim] sample:		1602.1 time, 1700.7 real, 228.7 MB
[runlim] sample:		1611.5 time, 1710.7 real, 230.8 MB
[runlim] sample:		1620.9 time, 1720.7 real, 230.8 MB
[runlim] sample:		1630.2 time, 1730.7 real, 230.8 MB
[runlim] sample:		1639.6 time, 1740.7 real, 230.8 MB
[runlim] sample:		1649.0 time, 1750.7 real, 230.8 MB
[runlim] sample:		1658.4 time, 1760.7 real, 232.6 MB
[runlim] sample:		1667.8 time, 1770.7 real, 232.6 MB
[runlim] sample:		1677.2 time, 1780.7 real, 232.6 MB
[runlim] sample:		1686.6 time, 1790.7 real, 232.6 MB
[runlim] sample:		1696.0 time, 1800.7 real, 232.6 MB
[runlim] sample:		1705.4 time, 1810.7 real, 232.6 MB
[runlim] sample:		1714.4 time, 1820.7 real, 236.4 MB
[runlim] sample:		1724.4 time, 1830.7 real, 236.4 MB
[runlim] sample:		1734.3 time, 1840.7 real, 236.4 MB
[runlim] sample:		1743.5 time, 1850.7 real, 236.4 MB
[runlim] sample:		1753.0 time, 1860.7 real, 236.4 MB
[runlim] sample:		1763.0 time, 1870.7 real, 238.0 MB
[runlim] sample:		1773.0 time, 1880.7 real, 238.0 MB
[runlim] sample:		1783.0 time, 1890.7 real, 238.0 MB
[runlim] end:			Tue Feb 19 00:31:17 2019
[runlim] status:		signal(9)
[runlim] result:		11
[runlim] children:		0
[runlim] real:			1892.10 seconds
[runlim] time:			1784.45 seconds
[runlim] space:			238.0 MB
[runlim] samples:		18914
