[runlim] version:		1.10fixed
[runlim] time limit:		300 seconds
[runlim] real time limit:	311040000 seconds
[runlim] space limit:		4000 MB
[runlim] argv[0]:		./cvc4
[runlim] argv[1]:		--nl-ext-tplanes
[runlim] argv[2]:		/tmp/cqljPoxo.smt2
[runlim] start:			Mon Jan 28 15:11:11 2019
[runlim] main pid:		26420
[runlim] sample:		8.3 time, 10.7 real, 63.2 MB
[runlim] sample:		18.2 time, 20.7 real, 78.4 MB
[runlim] sample:		26.9 time, 30.7 real, 88.3 MB
[runlim] sample:		34.9 time, 40.7 real, 93.5 MB
[runlim] sample:		44.1 time, 50.7 real, 100.7 MB
[runlim] sample:		54.1 time, 60.7 real, 106.1 MB
[runlim] sample:		63.8 time, 70.7 real, 111.6 MB
[runlim] sample:		72.6 time, 80.7 real, 115.8 MB
[runlim] sample:		82.6 time, 90.7 real, 119.1 MB
[runlim] sample:		92.6 time, 100.7 real, 123.3 MB
[runlim] sample:		101.3 time, 110.7 real, 129.3 MB
[runlim] sample:		111.3 time, 120.7 real, 133.0 MB
[runlim] sample:		120.3 time, 130.7 real, 134.5 MB
[runlim] sample:		128.3 time, 140.7 real, 138.1 MB
[runlim] sample:		138.3 time, 150.7 real, 139.7 MB
[runlim] sample:		148.3 time, 160.7 real, 144.6 MB
[runlim] sample:		158.3 time, 170.7 real, 146.1 MB
[runlim] sample:		168.1 time, 180.7 real, 150.0 MB
[runlim] sample:		175.4 time, 190.7 real, 151.3 MB
[runlim] sample:		183.1 time, 200.7 real, 152.3 MB
[runlim] sample:		193.1 time, 210.7 real, 156.5 MB
[runlim] sample:		203.1 time, 220.7 real, 158.0 MB
[runlim] sample:		213.1 time, 230.7 real, 159.8 MB
[runlim] sample:		223.0 time, 240.7 real, 161.9 MB
[runlim] sample:		233.0 time, 250.7 real, 163.7 MB
[runlim] sample:		243.0 time, 260.7 real, 165.5 MB
[runlim] sample:		253.0 time, 270.7 real, 167.4 MB
[runlim] sample:		263.0 time, 280.7 real, 169.2 MB
[runlim] sample:		273.0 time, 290.7 real, 171.0 MB
[runlim] sample:		283.0 time, 300.7 real, 172.8 MB
[runlim] sample:		293.0 time, 310.7 real, 174.6 MB
[runlim] end:			Mon Jan 28 15:16:25 2019
[runlim] status:		signal(9)
[runlim] result:		11
[runlim] children:		0
[runlim] real:			314.19 seconds
[runlim] time:			296.50 seconds
[runlim] space:			174.6 MB
[runlim] samples:		3135
