[runlim] version:		1.10fixed
[runlim] time limit:		300 seconds
[runlim] real time limit:	311040000 seconds
[runlim] space limit:		4000 MB
[runlim] argv[0]:		./cvc4
[runlim] argv[1]:		--nl-ext-tplanes
[runlim] argv[2]:		/tmp/O87hpLfg.smt2
[runlim] start:			Tue Jan 29 11:44:42 2019
[runlim] main pid:		21347
[runlim] sample:		9.7 time, 10.2 real, 31.2 MB
[runlim] sample:		19.6 time, 20.2 real, 36.4 MB
[runlim] sample:		29.6 time, 30.2 real, 41.0 MB
[runlim] sample:		39.6 time, 40.2 real, 45.4 MB
[runlim] sample:		49.6 time, 50.2 real, 49.0 MB
[runlim] sample:		59.6 time, 60.2 real, 52.1 MB
[runlim] sample:		69.4 time, 70.2 real, 55.4 MB
[runlim] sample:		79.4 time, 80.2 real, 58.3 MB
[runlim] sample:		89.4 time, 90.2 real, 61.9 MB
[runlim] sample:		99.4 time, 100.2 real, 65.2 MB
[runlim] sample:		109.4 time, 110.2 real, 67.8 MB
[runlim] sample:		119.4 time, 120.2 real, 70.1 MB
[runlim] sample:		129.4 time, 130.2 real, 72.4 MB
[runlim] sample:		139.4 time, 140.2 real, 74.5 MB
[runlim] sample:		149.4 time, 150.2 real, 77.9 MB
[runlim] sample:		159.2 time, 160.2 real, 79.7 MB
[runlim] sample:		168.9 time, 170.2 real, 81.5 MB
[runlim] sample:		178.9 time, 180.2 real, 83.8 MB
[runlim] sample:		188.9 time, 190.2 real, 85.6 MB
[runlim] sample:		198.9 time, 200.2 real, 87.1 MB
[runlim] sample:		208.6 time, 210.2 real, 89.7 MB
[runlim] sample:		218.3 time, 220.2 real, 91.3 MB
[runlim] sample:		227.3 time, 230.2 real, 92.6 MB
[runlim] sample:		236.1 time, 240.2 real, 94.4 MB
[runlim] sample:		244.0 time, 250.2 real, 95.9 MB
[runlim] sample:		252.4 time, 260.2 real, 97.4 MB
[runlim] sample:		260.6 time, 270.2 real, 99.2 MB
[runlim] sample:		268.7 time, 280.2 real, 100.5 MB
[runlim] sample:		277.8 time, 290.2 real, 102.1 MB
[runlim] sample:		287.6 time, 300.2 real, 105.2 MB
[runlim] sample:		297.6 time, 310.2 real, 107.0 MB
CVC4 interrupted by SIGTERM.
[runlim] end:			Tue Jan 29 11:49:54 2019
[runlim] status:		out of time
[runlim] result:		2
[runlim] children:		0
[runlim] real:			312.72 seconds
[runlim] time:			300.05 seconds
[runlim] space:			107.0 MB
[runlim] samples:		3125
