[runlim] version:		1.10fixed
[runlim] time limit:		300 seconds
[runlim] real time limit:	311040000 seconds
[runlim] space limit:		4000 MB
[runlim] argv[0]:		./cvc4
[runlim] argv[1]:		--nl-ext-tplanes
[runlim] argv[2]:		/tmp/TV0Qo09i.smt2
[runlim] start:			Mon Jan 28 15:10:53 2019
[runlim] main pid:		11158
[runlim] sample:		7.3 time, 10.8 real, 57.4 MB
[runlim] sample:		16.4 time, 20.8 real, 68.1 MB
[runlim] sample:		26.4 time, 30.8 real, 77.5 MB
[runlim] sample:		36.4 time, 40.8 real, 85.0 MB
[runlim] sample:		46.4 time, 50.8 real, 91.2 MB
[runlim] sample:		56.4 time, 60.8 real, 94.5 MB
[runlim] sample:		66.4 time, 70.8 real, 99.7 MB
[runlim] sample:		76.4 time, 80.8 real, 104.6 MB
[runlim] sample:		86.4 time, 90.8 real, 105.9 MB
[runlim] sample:		96.4 time, 100.8 real, 109.7 MB
[runlim] sample:		106.4 time, 110.8 real, 113.3 MB
[runlim] sample:		116.4 time, 120.8 real, 115.4 MB
[runlim] sample:		126.4 time, 130.8 real, 119.2 MB
[runlim] sample:		136.4 time, 140.8 real, 121.1 MB
[runlim] sample:		146.4 time, 150.8 real, 123.1 MB
[runlim] sample:		156.4 time, 160.8 real, 126.2 MB
[runlim] sample:		166.4 time, 170.8 real, 128.8 MB
[runlim] sample:		176.4 time, 180.8 real, 130.6 MB
[runlim] sample:		186.4 time, 190.8 real, 132.4 MB
[runlim] sample:		196.4 time, 200.8 real, 134.6 MB
[runlim] sample:		206.4 time, 210.8 real, 136.1 MB
[runlim] sample:		216.4 time, 220.8 real, 139.0 MB
[runlim] sample:		226.4 time, 230.8 real, 140.2 MB
[runlim] sample:		236.4 time, 240.8 real, 142.6 MB
[runlim] sample:		246.4 time, 250.8 real, 144.6 MB
[runlim] sample:		256.4 time, 260.8 real, 146.1 MB
[runlim] sample:		266.4 time, 270.8 real, 146.1 MB
[runlim] sample:		276.4 time, 280.8 real, 148.1 MB
[runlim] sample:		286.4 time, 290.8 real, 149.6 MB
[runlim] sample:		296.4 time, 300.8 real, 151.9 MB
CVC4 interrupted by SIGTERM.
[runlim] end:			Mon Jan 28 15:15:57 2019
[runlim] status:		out of time
[runlim] result:		2
[runlim] children:		0
[runlim] real:			304.53 seconds
[runlim] time:			300.05 seconds
[runlim] space:			151.9 MB
[runlim] samples:		3037
