[runlim] version:		1.10fixed
[runlim] time limit:		300 seconds
[runlim] real time limit:	311040000 seconds
[runlim] space limit:		4000 MB
[runlim] argv[0]:		./cvc4
[runlim] argv[1]:		--nl-ext-tplanes
[runlim] argv[2]:		/tmp/gDc5JLXP.smt2
[runlim] start:			Tue Jan 29 11:45:36 2019
[runlim] main pid:		31554
[runlim] sample:		9.4 time, 10.9 real, 196.3 MB
[runlim] sample:		19.4 time, 20.9 real, 250.8 MB
[runlim] sample:		28.5 time, 30.9 real, 272.9 MB
[runlim] sample:		37.5 time, 40.9 real, 299.5 MB
[runlim] sample:		46.5 time, 50.9 real, 351.9 MB
[runlim] sample:		55.2 time, 60.9 real, 378.2 MB
[runlim] sample:		64.7 time, 70.9 real, 383.9 MB
[runlim] sample:		74.2 time, 80.9 real, 401.6 MB
[runlim] sample:		84.0 time, 90.9 real, 427.7 MB
[runlim] sample:		94.0 time, 100.9 real, 427.7 MB
[runlim] sample:		103.2 time, 110.9 real, 482.7 MB
[runlim] sample:		112.4 time, 120.9 real, 503.4 MB
[runlim] sample:		121.9 time, 131.0 real, 512.0 MB
[runlim] sample:		131.1 time, 140.9 real, 535.1 MB
[runlim] sample:		141.0 time, 150.9 real, 535.1 MB
[runlim] sample:		151.0 time, 160.9 real, 564.5 MB
[runlim] sample:		161.0 time, 170.9 real, 564.5 MB
[runlim] sample:		171.0 time, 180.9 real, 574.5 MB
[runlim] sample:		181.0 time, 190.9 real, 601.8 MB
[runlim] sample:		191.0 time, 200.9 real, 601.8 MB
[runlim] sample:		201.0 time, 210.9 real, 607.5 MB
[runlim] sample:		211.0 time, 220.9 real, 641.5 MB
[runlim] sample:		220.8 time, 230.9 real, 641.5 MB
[runlim] sample:		230.6 time, 240.9 real, 652.9 MB
[runlim] sample:		239.7 time, 250.9 real, 676.6 MB
[runlim] sample:		249.0 time, 260.9 real, 676.6 MB
[runlim] sample:		258.3 time, 270.9 real, 676.6 MB
[runlim] sample:		267.9 time, 280.9 real, 693.4 MB
[runlim] sample:		277.9 time, 290.9 real, 715.0 MB
[runlim] sample:		287.8 time, 300.9 real, 715.0 MB
[runlim] sample:		297.8 time, 310.9 real, 722.5 MB
CVC4 interrupted by SIGTERM.
[runlim] end:			Tue Jan 29 11:50:49 2019
[runlim] status:		out of time
[runlim] result:		2
[runlim] children:		0
[runlim] real:			313.30 seconds
[runlim] time:			300.08 seconds
[runlim] space:			722.5 MB
[runlim] samples:		3123
