[runlim] version:		1.10fixed
[runlim] time limit:		300 seconds
[runlim] real time limit:	311040000 seconds
[runlim] space limit:		4000 MB
[runlim] argv[0]:		./cvc4
[runlim] argv[1]:		--nl-ext-tplanes
[runlim] argv[2]:		/tmp/X2cGIY5W.smt2
[runlim] start:			Mon Jan 28 15:11:01 2019
[runlim] main pid:		5079
[runlim] sample:		9.6 time, 11.0 real, 31.4 MB
[runlim] sample:		19.3 time, 21.0 real, 35.0 MB
[runlim] sample:		29.3 time, 31.0 real, 38.1 MB
[runlim] sample:		39.3 time, 41.0 real, 40.1 MB
[runlim] sample:		47.3 time, 51.0 real, 41.4 MB
[runlim] sample:		57.2 time, 61.0 real, 44.0 MB
[runlim] sample:		66.3 time, 71.0 real, 45.8 MB
[runlim] sample:		75.0 time, 81.0 real, 46.8 MB
[runlim] sample:		84.7 time, 91.0 real, 48.6 MB
[runlim] sample:		93.3 time, 101.0 real, 49.9 MB
[runlim] sample:		103.3 time, 111.0 real, 51.5 MB
[runlim] sample:		113.3 time, 121.0 real, 53.1 MB
[runlim] sample:		122.2 time, 131.0 real, 53.9 MB
[runlim] sample:		131.6 time, 141.0 real, 55.2 MB
[runlim] sample:		141.6 time, 151.0 real, 56.5 MB
[runlim] sample:		151.5 time, 161.0 real, 57.5 MB
[runlim] sample:		161.5 time, 171.0 real, 58.8 MB
[runlim] sample:		171.5 time, 181.0 real, 59.8 MB
[runlim] sample:		181.5 time, 191.0 real, 60.8 MB
[runlim] sample:		191.5 time, 201.0 real, 61.9 MB
[runlim] sample:		201.0 time, 211.0 real, 62.9 MB
[runlim] sample:		210.3 time, 221.0 real, 63.7 MB
[runlim] sample:		220.3 time, 231.0 real, 65.0 MB
[runlim] sample:		230.0 time, 241.0 real, 65.7 MB
[runlim] sample:		239.0 time, 251.0 real, 67.5 MB
[runlim] sample:		248.8 time, 261.0 real, 68.2 MB
[runlim] sample:		256.9 time, 271.0 real, 68.8 MB
[runlim] sample:		266.8 time, 281.0 real, 70.1 MB
[runlim] sample:		276.8 time, 291.0 real, 71.1 MB
[runlim] sample:		286.8 time, 301.0 real, 72.1 MB
[runlim] sample:		296.8 time, 311.0 real, 72.9 MB
CVC4 interrupted by SIGTERM.
[runlim] end:			Mon Jan 28 15:16:15 2019
[runlim] status:		out of time
[runlim] result:		2
[runlim] children:		0
[runlim] real:			314.29 seconds
[runlim] time:			300.10 seconds
[runlim] space:			73.1 MB
[runlim] samples:		3133
