[runlim] version:		1.10fixed
[runlim] time limit:		300 seconds
[runlim] real time limit:	311040000 seconds
[runlim] space limit:		4000 MB
[runlim] argv[0]:		./cvc4
[runlim] argv[1]:		--nl-ext-tplanes
[runlim] argv[2]:		/tmp/ZcEpkLHj.smt2
[runlim] start:			Mon Jan 28 10:25:57 2019
[runlim] main pid:		16790
[runlim] sample:		9.6 time, 10.5 real, 196.0 MB
[runlim] sample:		19.3 time, 20.5 real, 315.5 MB
[runlim] sample:		29.0 time, 30.5 real, 413.6 MB
[runlim] sample:		38.6 time, 40.5 real, 502.2 MB
[runlim] sample:		48.0 time, 50.5 real, 567.6 MB
[runlim] sample:		57.3 time, 60.5 real, 653.0 MB
[runlim] sample:		67.3 time, 70.5 real, 719.2 MB
[runlim] sample:		75.9 time, 80.5 real, 765.6 MB
[runlim] sample:		85.1 time, 90.5 real, 832.8 MB
[runlim] sample:		95.1 time, 100.5 real, 902.3 MB
[runlim] sample:		105.1 time, 110.5 real, 960.7 MB
[runlim] sample:		114.7 time, 120.5 real, 999.8 MB
[runlim] sample:		124.7 time, 130.5 real, 1057.8 MB
[runlim] sample:		134.2 time, 140.5 real, 1115.1 MB
[runlim] sample:		143.8 time, 150.5 real, 1154.8 MB
[runlim] sample:		153.8 time, 160.5 real, 1227.8 MB
[runlim] sample:		163.8 time, 170.5 real, 1267.1 MB
[runlim] sample:		173.8 time, 180.5 real, 1322.7 MB
[runlim] sample:		183.8 time, 190.5 real, 1354.6 MB
[runlim] sample:		193.8 time, 200.5 real, 1410.2 MB
[runlim] sample:		203.8 time, 210.5 real, 1441.9 MB
[runlim] sample:		213.8 time, 220.5 real, 1475.1 MB
[runlim] sample:		223.8 time, 230.5 real, 1530.2 MB
[runlim] sample:		233.8 time, 240.5 real, 1546.9 MB
[runlim] sample:		242.6 time, 250.5 real, 1592.0 MB
[runlim] sample:		250.8 time, 260.5 real, 1617.7 MB
[runlim] sample:		259.1 time, 270.5 real, 1647.3 MB
[runlim] sample:		267.8 time, 280.5 real, 1683.6 MB
[runlim] sample:		277.8 time, 290.5 real, 1728.7 MB
[runlim] sample:		287.4 time, 300.5 real, 1780.8 MB
[runlim] sample:		296.5 time, 310.5 real, 1799.3 MB
CVC4 interrupted by SIGTERM.
[runlim] end:			Mon Jan 28 10:31:11 2019
[runlim] status:		out of time
[runlim] result:		2
[runlim] children:		0
[runlim] real:			314.11 seconds
[runlim] time:			300.01 seconds
[runlim] space:			1799.3 MB
[runlim] samples:		3135
