[runlim] version:		1.10fixed
[runlim] time limit:		300 seconds
[runlim] real time limit:	311040000 seconds
[runlim] space limit:		4000 MB
[runlim] argv[0]:		./cvc4
[runlim] argv[1]:		--nl-ext-tplanes
[runlim] argv[2]:		/tmp/F8cZVuKC.smt2
[runlim] start:			Tue Jan 29 11:44:53 2019
[runlim] main pid:		17094
[runlim] sample:		9.1 time, 10.4 real, 159.6 MB
[runlim] sample:		18.9 time, 20.4 real, 282.1 MB
[runlim] sample:		28.2 time, 30.4 real, 384.5 MB
[runlim] sample:		37.4 time, 40.4 real, 467.2 MB
[runlim] sample:		47.0 time, 50.4 real, 540.7 MB
[runlim] sample:		57.0 time, 60.4 real, 622.8 MB
[runlim] sample:		67.0 time, 70.4 real, 699.1 MB
[runlim] sample:		77.0 time, 80.4 real, 767.1 MB
[runlim] sample:		87.0 time, 90.4 real, 822.2 MB
[runlim] sample:		97.0 time, 100.4 real, 883.0 MB
[runlim] sample:		107.0 time, 110.4 real, 945.0 MB
[runlim] sample:		116.3 time, 120.4 real, 1004.8 MB
[runlim] sample:		125.9 time, 130.4 real, 1050.4 MB
[runlim] sample:		135.2 time, 140.4 real, 1090.7 MB
[runlim] sample:		145.2 time, 150.4 real, 1144.5 MB
[runlim] sample:		155.2 time, 160.4 real, 1208.8 MB
[runlim] sample:		164.3 time, 170.4 real, 1257.4 MB
[runlim] sample:		174.3 time, 180.4 real, 1292.2 MB
[runlim] sample:		183.8 time, 190.4 real, 1350.6 MB
[runlim] sample:		193.1 time, 200.4 real, 1384.6 MB
[runlim] sample:		202.5 time, 210.4 real, 1418.3 MB
[runlim] sample:		212.5 time, 220.4 real, 1471.1 MB
[runlim] sample:		222.5 time, 230.4 real, 1487.1 MB
[runlim] sample:		232.5 time, 240.4 real, 1548.8 MB
[runlim] sample:		242.5 time, 250.4 real, 1577.0 MB
[runlim] sample:		252.5 time, 260.4 real, 1618.4 MB
[runlim] sample:		262.5 time, 270.4 real, 1644.4 MB
[runlim] sample:		272.5 time, 280.4 real, 1688.6 MB
[runlim] sample:		282.5 time, 290.4 real, 1703.8 MB
[runlim] sample:		292.5 time, 300.4 real, 1770.3 MB
CVC4 interrupted by SIGTERM.
[runlim] end:			Tue Jan 29 11:50:01 2019
[runlim] status:		out of time
[runlim] result:		2
[runlim] children:		0
[runlim] real:			308.10 seconds
[runlim] time:			300.17 seconds
[runlim] space:			1816.1 MB
[runlim] samples:		3077
