[runlim] version:		1.10fixed
[runlim] time limit:		300 seconds
[runlim] real time limit:	311040000 seconds
[runlim] space limit:		4000 MB
[runlim] argv[0]:		./cvc4
[runlim] argv[1]:		--nl-ext-tplanes
[runlim] argv[2]:		/tmp/QWBtNTMw.smt2
[runlim] start:			Mon Jan 28 10:28:03 2019
[runlim] main pid:		13154
[runlim] sample:		8.6 time, 10.8 real, 124.0 MB
[runlim] sample:		18.2 time, 20.8 real, 198.2 MB
[runlim] sample:		28.1 time, 30.8 real, 248.7 MB
[runlim] sample:		37.2 time, 40.8 real, 287.4 MB
[runlim] sample:		47.1 time, 50.8 real, 336.2 MB
[runlim] sample:		57.1 time, 60.8 real, 382.3 MB
[runlim] sample:		67.1 time, 70.8 real, 411.4 MB
[runlim] sample:		77.1 time, 80.8 real, 467.4 MB
[runlim] sample:		87.1 time, 90.8 real, 503.4 MB
[runlim] sample:		97.1 time, 100.8 real, 544.1 MB
[runlim] sample:		107.1 time, 110.8 real, 550.0 MB
[runlim] sample:		117.0 time, 120.8 real, 565.2 MB
[runlim] sample:		127.0 time, 130.8 real, 589.8 MB
[runlim] sample:		137.0 time, 140.8 real, 608.4 MB
[runlim] sample:		146.9 time, 150.8 real, 610.4 MB
[runlim] sample:		156.9 time, 160.8 real, 633.8 MB
[runlim] sample:		166.9 time, 170.8 real, 662.9 MB
[runlim] sample:		176.9 time, 180.8 real, 684.7 MB
[runlim] sample:		186.9 time, 190.8 real, 699.2 MB
[runlim] sample:		196.4 time, 200.8 real, 704.0 MB
[runlim] sample:		205.7 time, 210.8 real, 725.1 MB
[runlim] sample:		215.0 time, 220.8 real, 725.4 MB
[runlim] sample:		224.8 time, 230.8 real, 749.3 MB
[runlim] sample:		234.8 time, 240.8 real, 769.1 MB
[runlim] sample:		244.8 time, 250.8 real, 769.4 MB
[runlim] sample:		254.8 time, 260.8 real, 792.0 MB
[runlim] sample:		264.8 time, 270.8 real, 792.6 MB
[runlim] sample:		274.8 time, 280.8 real, 812.9 MB
[runlim] sample:		284.8 time, 290.8 real, 833.5 MB
[runlim] sample:		294.8 time, 300.8 real, 836.1 MB
CVC4 interrupted by SIGTERM.
[runlim] end:			Mon Jan 28 10:33:09 2019
[runlim] status:		out of time
[runlim] result:		2
[runlim] children:		0
[runlim] real:			306.17 seconds
[runlim] time:			300.10 seconds
[runlim] space:			836.3 MB
[runlim] samples:		3053
