[runlim] version:		1.10fixed
[runlim] time limit:		300 seconds
[runlim] real time limit:	311040000 seconds
[runlim] space limit:		4000 MB
[runlim] argv[0]:		./cvc4
[runlim] argv[1]:		--nl-ext-tplanes
[runlim] argv[2]:		/tmp/w4iIoTbC.smt2
[runlim] start:			Mon Jan 28 14:50:00 2019
[runlim] main pid:		26707
[runlim] sample:		9.0 time, 11.0 real, 120.4 MB
[runlim] sample:		18.9 time, 21.0 real, 120.4 MB
[runlim] sample:		28.4 time, 31.0 real, 122.1 MB
[runlim] sample:		38.1 time, 41.0 real, 123.1 MB
[runlim] sample:		48.1 time, 51.0 real, 123.9 MB
[runlim] sample:		58.1 time, 61.0 real, 124.1 MB
[runlim] sample:		68.1 time, 71.0 real, 150.8 MB
[runlim] sample:		78.1 time, 81.0 real, 150.8 MB
[runlim] sample:		88.1 time, 91.0 real, 150.8 MB
[runlim] sample:		98.1 time, 101.0 real, 150.8 MB
[runlim] sample:		108.1 time, 111.0 real, 150.2 MB
[runlim] sample:		118.1 time, 121.0 real, 150.2 MB
[runlim] sample:		128.1 time, 131.0 real, 150.2 MB
[runlim] sample:		138.1 time, 141.0 real, 151.4 MB
[runlim] sample:		148.1 time, 151.0 real, 151.9 MB
[runlim] sample:		158.1 time, 161.0 real, 151.9 MB
[runlim] sample:		168.1 time, 171.0 real, 152.1 MB
[runlim] sample:		178.1 time, 181.0 real, 152.1 MB
[runlim] sample:		188.1 time, 191.0 real, 152.1 MB
[runlim] sample:		198.1 time, 201.0 real, 152.6 MB
[runlim] sample:		208.1 time, 211.0 real, 152.6 MB
[runlim] sample:		218.1 time, 221.0 real, 154.6 MB
[runlim] sample:		228.1 time, 231.0 real, 155.0 MB
[runlim] sample:		238.1 time, 241.0 real, 155.2 MB
[runlim] sample:		248.1 time, 251.0 real, 155.2 MB
[runlim] sample:		258.1 time, 261.0 real, 156.2 MB
[runlim] sample:		268.1 time, 271.0 real, 156.2 MB
[runlim] sample:		278.1 time, 281.0 real, 156.5 MB
[runlim] sample:		288.1 time, 291.0 real, 159.8 MB
[runlim] sample:		298.1 time, 301.0 real, 160.3 MB
CVC4 interrupted by SIGTERM.
[runlim] end:			Mon Jan 28 14:55:03 2019
[runlim] status:		out of time
[runlim] result:		2
[runlim] children:		0
[runlim] real:			303.01 seconds
[runlim] time:			300.05 seconds
[runlim] space:			160.3 MB
[runlim] samples:		3020
