[runlim] version:		1.10fixed
[runlim] time limit:		300 seconds
[runlim] real time limit:	311040000 seconds
[runlim] space limit:		4000 MB
[runlim] argv[0]:		./cvc4
[runlim] argv[1]:		--nl-ext-tplanes
[runlim] argv[2]:		/tmp/ns5u41Ce.smt2
[runlim] start:			Mon Jan 28 14:59:43 2019
[runlim] main pid:		3873
[runlim] sample:		8.6 time, 10.3 real, 43.7 MB
[runlim] sample:		17.9 time, 20.3 real, 57.9 MB
[runlim] sample:		27.8 time, 30.3 real, 64.9 MB
[runlim] sample:		37.8 time, 40.3 real, 69.7 MB
[runlim] sample:		47.3 time, 50.3 real, 72.8 MB
[runlim] sample:		57.2 time, 60.3 real, 75.1 MB
[runlim] sample:		67.0 time, 70.3 real, 77.2 MB
[runlim] sample:		77.0 time, 80.3 real, 80.3 MB
[runlim] sample:		87.0 time, 90.3 real, 82.3 MB
[runlim] sample:		97.0 time, 100.3 real, 92.7 MB
[runlim] sample:		107.0 time, 110.3 real, 95.0 MB
[runlim] sample:		117.0 time, 120.3 real, 98.1 MB
[runlim] sample:		127.0 time, 130.3 real, 115.0 MB
[runlim] sample:		137.0 time, 140.3 real, 191.2 MB
[runlim] sample:		147.0 time, 150.3 real, 192.2 MB
[runlim] sample:		157.0 time, 160.3 real, 192.5 MB
[runlim] sample:		167.0 time, 170.3 real, 192.5 MB
[runlim] sample:		177.0 time, 180.3 real, 192.8 MB
[runlim] sample:		187.0 time, 190.3 real, 194.6 MB
[runlim] sample:		197.0 time, 200.3 real, 233.2 MB
[runlim] sample:		207.0 time, 210.3 real, 239.7 MB
[runlim] sample:		217.0 time, 220.3 real, 245.1 MB
[runlim] sample:		227.0 time, 230.3 real, 252.6 MB
[runlim] sample:		237.0 time, 240.3 real, 256.2 MB
[runlim] sample:		247.0 time, 250.3 real, 256.2 MB
[runlim] sample:		257.0 time, 260.3 real, 256.2 MB
[runlim] sample:		267.0 time, 270.3 real, 256.4 MB
[runlim] sample:		277.0 time, 280.3 real, 256.4 MB
[runlim] sample:		287.0 time, 290.3 real, 256.4 MB
[runlim] sample:		297.0 time, 300.3 real, 256.4 MB
CVC4 interrupted by SIGTERM.
[runlim] end:			Mon Jan 28 15:04:46 2019
[runlim] status:		out of time
[runlim] result:		2
[runlim] children:		0
[runlim] real:			303.44 seconds
[runlim] time:			300.06 seconds
[runlim] space:			256.4 MB
[runlim] samples:		3031
