[runlim] version:		1.10fixed
[runlim] time limit:		1800 seconds
[runlim] real time limit:	311040000 seconds
[runlim] space limit:		4000 MB
[runlim] argv[0]:		./cvc4
[runlim] argv[1]:		--nl-ext-tplanes
[runlim] argv[2]:		/tmp/CIXzzXop.smt2
[runlim] start:			Thu Feb 14 23:45:10 2019
[runlim] main pid:		14689
[runlim] sample:		9.0 time, 10.7 real, 41.8 MB
[runlim] sample:		17.2 time, 20.7 real, 59.7 MB
[runlim] sample:		25.4 time, 30.8 real, 76.3 MB
[runlim] sample:		34.2 time, 40.8 real, 85.2 MB
[runlim] sample:		43.5 time, 50.8 real, 101.2 MB
[runlim] sample:		52.2 time, 60.8 real, 104.5 MB
[runlim] sample:		62.1 time, 70.8 real, 104.7 MB
[runlim] sample:		72.1 time, 80.8 real, 107.0 MB
[runlim] sample:		82.0 time, 90.8 real, 109.9 MB
[runlim] sample:		91.7 time, 100.8 real, 111.1 MB
[runlim] sample:		101.4 time, 110.8 real, 111.6 MB
[runlim] sample:		111.1 time, 120.8 real, 113.7 MB
[runlim] sample:		121.0 time, 130.8 real, 114.0 MB
[runlim] sample:		130.9 time, 140.8 real, 115.2 MB
[runlim] sample:		140.6 time, 150.8 real, 119.3 MB
[runlim] sample:		150.6 time, 160.8 real, 119.3 MB
[runlim] sample:		160.6 time, 170.8 real, 119.3 MB
[runlim] sample:		170.4 time, 180.8 real, 119.3 MB
[runlim] sample:		180.1 time, 190.8 real, 120.3 MB
[runlim] sample:		190.1 time, 200.7 real, 128.0 MB
[runlim] sample:		199.8 time, 210.7 real, 132.2 MB
[runlim] sample:		209.8 time, 220.7 real, 136.3 MB
[runlim] sample:		219.8 time, 230.7 real, 136.8 MB
[runlim] sample:		229.6 time, 240.8 real, 137.3 MB
[runlim] sample:		238.9 time, 250.8 real, 137.5 MB
[runlim] sample:		247.9 time, 260.8 real, 141.0 MB
[runlim] sample:		257.9 time, 270.8 real, 141.2 MB
[runlim] sample:		267.6 time, 280.8 real, 141.4 MB
[runlim] sample:		275.6 time, 290.8 real, 141.7 MB
[runlim] sample:		283.6 time, 300.8 real, 141.9 MB
[runlim] sample:		291.6 time, 310.8 real, 141.9 MB
[runlim] sample:		301.3 time, 320.7 real, 141.9 MB
[runlim] sample:		309.7 time, 330.8 real, 141.9 MB
[runlim] sample:		317.8 time, 340.7 real, 141.9 MB
[runlim] sample:		326.9 time, 350.8 real, 143.6 MB
[runlim] sample:		336.0 time, 360.8 real, 143.6 MB
[runlim] sample:		345.7 time, 370.7 real, 143.8 MB
[runlim] sample:		355.4 time, 380.8 real, 143.8 MB
[runlim] sample:		365.1 time, 390.8 real, 149.2 MB
[runlim] sample:		374.8 time, 400.7 real, 150.2 MB
[runlim] sample:		384.5 time, 410.8 real, 153.3 MB
[runlim] sample:		394.1 time, 420.8 real, 156.8 MB
[runlim] sample:		403.8 time, 430.7 real, 157.0 MB
[runlim] sample:		413.6 time, 440.8 real, 171.7 MB
[runlim] sample:		423.6 time, 450.7 real, 172.5 MB
[runlim] sample:		433.6 time, 460.7 real, 172.7 MB
[runlim] sample:		443.6 time, 470.7 real, 177.3 MB
[runlim] sample:		453.3 time, 480.7 real, 177.6 MB
[runlim] sample:		463.0 time, 490.7 real, 177.6 MB
[runlim] sample:		472.7 time, 500.8 real, 177.8 MB
[runlim] sample:		482.6 time, 510.8 real, 178.0 MB
[runlim] sample:		492.4 time, 520.7 real, 182.1 MB
[runlim] sample:		502.2 time, 530.8 real, 181.3 MB
[runlim] sample:		512.2 time, 540.8 real, 181.8 MB
[runlim] sample:		522.0 time, 550.8 real, 189.0 MB
[runlim] sample:		531.7 time, 560.7 real, 189.2 MB
[runlim] sample:		541.6 time, 570.7 real, 189.2 MB
[runlim] sample:		551.6 time, 580.8 real, 189.4 MB
[runlim] sample:		560.7 time, 590.7 real, 189.7 MB
[runlim] sample:		570.7 time, 600.7 real, 189.9 MB
[runlim] sample:		579.0 time, 610.8 real, 194.5 MB
[runlim] sample:		587.6 time, 620.8 real, 194.5 MB
[runlim] sample:		595.6 time, 630.8 real, 194.5 MB
[runlim] sample:		604.9 time, 640.7 real, 194.7 MB
[runlim] sample:		613.1 time, 650.8 real, 197.0 MB
[runlim] sample:		621.6 time, 660.8 real, 203.7 MB
[runlim] sample:		630.7 time, 670.7 real, 203.9 MB
[runlim] sample:		639.8 time, 680.7 real, 204.2 MB
[runlim] sample:		649.0 time, 690.8 real, 204.2 MB
[runlim] sample:		658.5 time, 700.8 real, 204.4 MB
[runlim] sample:		667.7 time, 710.8 real, 204.4 MB
[runlim] sample:		675.8 time, 720.8 real, 204.4 MB
[runlim] sample:		685.0 time, 730.8 real, 205.4 MB
[runlim] sample:		693.5 time, 740.8 real, 208.2 MB
[runlim] sample:		702.6 time, 750.8 real, 208.5 MB
[runlim] sample:		712.6 time, 760.8 real, 208.5 MB
[runlim] sample:		722.4 time, 770.7 real, 208.7 MB
[runlim] sample:		732.1 time, 780.8 real, 208.7 MB
[runlim] sample:		742.1 time, 790.7 real, 209.0 MB
[runlim] sample:		752.1 time, 800.7 real, 218.2 MB
[runlim] sample:		762.0 time, 810.8 real, 218.5 MB
[runlim] sample:		772.0 time, 820.7 real, 226.2 MB
[runlim] sample:		782.0 time, 830.8 real, 227.2 MB
[runlim] sample:		791.7 time, 840.7 real, 228.2 MB
[runlim] sample:		801.4 time, 850.8 real, 230.0 MB
[runlim] sample:		811.1 time, 860.7 real, 231.1 MB
[runlim] sample:		820.9 time, 870.8 real, 232.1 MB
[runlim] sample:		830.9 time, 880.7 real, 235.2 MB
[runlim] sample:		840.9 time, 890.7 real, 235.2 MB
[runlim] sample:		850.9 time, 900.8 real, 235.2 MB
[runlim] sample:		860.9 time, 910.8 real, 236.2 MB
[runlim] sample:		870.9 time, 920.7 real, 236.2 MB
[runlim] sample:		880.9 time, 930.7 real, 236.5 MB
[runlim] sample:		890.9 time, 940.7 real, 237.2 MB
[runlim] sample:		900.9 time, 950.7 real, 237.2 MB
[runlim] sample:		910.9 time, 960.7 real, 238.8 MB
[runlim] sample:		920.7 time, 970.8 real, 239.4 MB
[runlim] sample:		930.4 time, 980.7 real, 241.7 MB
[runlim] sample:		940.1 time, 990.7 real, 242.0 MB
[runlim] sample:		949.8 time, 1000.7 real, 242.5 MB
[runlim] sample:		959.0 time, 1010.8 real, 244.0 MB
[runlim] sample:		969.0 time, 1020.7 real, 245.0 MB
[runlim] sample:		979.0 time, 1030.8 real, 245.3 MB
[runlim] sample:		988.3 time, 1040.8 real, 245.3 MB
[runlim] sample:		998.3 time, 1050.8 real, 246.3 MB
[runlim] sample:		1008.3 time, 1060.8 real, 246.8 MB
[runlim] sample:		1016.9 time, 1070.7 real, 246.8 MB
[runlim] sample:		1026.8 time, 1080.7 real, 247.6 MB
[runlim] sample:		1035.1 time, 1090.7 real, 247.6 MB
[runlim] sample:		1044.5 time, 1100.7 real, 247.8 MB
[runlim] sample:		1054.4 time, 1110.8 real, 249.4 MB
[runlim] sample:		1064.3 time, 1120.7 real, 251.2 MB
[runlim] sample:		1074.0 time, 1130.7 real, 251.7 MB
[runlim] sample:		1083.7 time, 1140.8 real, 251.9 MB
[runlim] sample:		1093.5 time, 1150.8 real, 252.2 MB
[runlim] sample:		1102.9 time, 1160.7 real, 253.5 MB
[runlim] sample:		1112.7 time, 1170.8 real, 253.5 MB
[runlim] sample:		1122.6 time, 1180.8 real, 254.0 MB
[runlim] sample:		1132.6 time, 1190.7 real, 254.7 MB
[runlim] sample:		1142.2 time, 1200.8 real, 262.7 MB
[runlim] sample:		1151.7 time, 1210.7 real, 262.7 MB
[runlim] sample:		1161.1 time, 1220.8 real, 263.0 MB
[runlim] sample:		1170.8 time, 1230.7 real, 263.0 MB
[runlim] sample:		1180.5 time, 1240.8 real, 263.0 MB
[runlim] sample:		1190.1 time, 1250.8 real, 263.0 MB
[runlim] sample:		1199.8 time, 1260.8 real, 263.2 MB
[runlim] sample:		1209.3 time, 1270.7 real, 263.2 MB
[runlim] sample:		1219.3 time, 1280.8 real, 263.2 MB
[runlim] sample:		1229.0 time, 1290.7 real, 263.2 MB
[runlim] sample:		1236.9 time, 1300.7 real, 263.4 MB
[runlim] sample:		1246.3 time, 1310.8 real, 263.4 MB
[runlim] sample:		1255.7 time, 1320.7 real, 263.4 MB
[runlim] sample:		1265.7 time, 1330.8 real, 264.7 MB
[runlim] sample:		1275.7 time, 1340.7 real, 264.7 MB
[runlim] sample:		1284.6 time, 1350.7 real, 265.2 MB
[runlim] sample:		1292.8 time, 1360.8 real, 265.2 MB
[runlim] sample:		1301.7 time, 1370.8 real, 265.2 MB
[runlim] sample:		1310.8 time, 1380.7 real, 265.5 MB
[runlim] sample:		1320.0 time, 1390.7 real, 267.3 MB
[runlim] sample:		1329.7 time, 1400.7 real, 274.9 MB
[runlim] sample:		1339.5 time, 1410.8 real, 274.9 MB
[runlim] sample:		1349.5 time, 1420.7 real, 275.4 MB
[runlim] sample:		1359.5 time, 1430.7 real, 275.6 MB
[runlim] sample:		1369.5 time, 1440.7 real, 275.6 MB
[runlim] sample:		1379.5 time, 1450.7 real, 275.6 MB
[runlim] sample:		1389.3 time, 1460.8 real, 275.6 MB
[runlim] sample:		1399.0 time, 1470.8 real, 275.6 MB
[runlim] sample:		1408.7 time, 1480.7 real, 275.6 MB
[runlim] sample:		1418.6 time, 1490.7 real, 275.6 MB
[runlim] sample:		1428.5 time, 1500.8 real, 275.6 MB
[runlim] sample:		1437.8 time, 1510.8 real, 275.6 MB
[runlim] sample:		1447.3 time, 1520.8 real, 275.6 MB
[runlim] sample:		1456.2 time, 1530.7 real, 275.6 MB
[runlim] sample:		1465.9 time, 1540.8 real, 275.6 MB
[runlim] sample:		1474.0 time, 1550.8 real, 275.6 MB
[runlim] sample:		1482.0 time, 1560.8 real, 275.6 MB
[runlim] sample:		1490.3 time, 1570.8 real, 275.6 MB
[runlim] sample:		1500.1 time, 1580.8 real, 275.6 MB
[runlim] sample:		1509.8 time, 1590.7 real, 275.6 MB
[runlim] sample:		1519.5 time, 1600.8 real, 275.6 MB
[runlim] sample:		1529.2 time, 1610.7 real, 275.6 MB
[runlim] sample:		1539.1 time, 1620.8 real, 275.9 MB
[runlim] sample:		1548.6 time, 1630.7 real, 275.9 MB
[runlim] sample:		1557.7 time, 1640.8 real, 275.9 MB
[runlim] sample:		1566.2 time, 1650.7 real, 275.9 MB
[runlim] sample:		1574.6 time, 1660.8 real, 275.9 MB
[runlim] sample:		1582.8 time, 1670.7 real, 275.9 MB
[runlim] sample:		1591.5 time, 1680.7 real, 275.9 MB
[runlim] sample:		1599.0 time, 1690.8 real, 275.9 MB
[runlim] sample:		1607.9 time, 1700.7 real, 275.9 MB
[runlim] sample:		1617.8 time, 1710.8 real, 275.9 MB
[runlim] sample:		1627.6 time, 1720.7 real, 275.9 MB
[runlim] sample:		1637.5 time, 1730.7 real, 275.9 MB
[runlim] sample:		1646.5 time, 1740.8 real, 275.9 MB
[runlim] sample:		1653.8 time, 1750.8 real, 275.9 MB
[runlim] sample:		1662.9 time, 1760.7 real, 275.9 MB
[runlim] sample:		1672.5 time, 1770.8 real, 275.9 MB
[runlim] sample:		1682.2 time, 1780.7 real, 275.9 MB
[runlim] sample:		1691.9 time, 1790.8 real, 275.9 MB
[runlim] sample:		1701.2 time, 1800.8 real, 275.9 MB
[runlim] sample:		1709.8 time, 1810.8 real, 275.9 MB
[runlim] sample:		1718.5 time, 1820.8 real, 275.9 MB
[runlim] sample:		1727.5 time, 1830.8 real, 275.9 MB
[runlim] sample:		1735.9 time, 1840.8 real, 275.9 MB
[runlim] sample:		1745.5 time, 1850.8 real, 276.1 MB
[runlim] sample:		1754.8 time, 1860.7 real, 276.1 MB
[runlim] sample:		1764.8 time, 1870.8 real, 276.1 MB
[runlim] sample:		1774.5 time, 1880.7 real, 276.1 MB
[runlim] sample:		1783.1 time, 1890.8 real, 276.1 MB
[runlim] sample:		1792.2 time, 1900.8 real, 276.1 MB
CVC4 interrupted by SIGTERM.
[runlim] end:			Fri Feb 15 00:16:59 2019
[runlim] status:		out of time
[runlim] result:		2
[runlim] children:		0
[runlim] real:			1909.77 seconds
[runlim] time:			1800.09 seconds
[runlim] space:			276.1 MB
[runlim] samples:		19090
