[runlim] version:		1.10fixed
[runlim] time limit:		1800 seconds
[runlim] real time limit:	311040000 seconds
[runlim] space limit:		4000 MB
[runlim] argv[0]:		./cvc4
[runlim] argv[1]:		--nl-ext-tplanes
[runlim] argv[2]:		/tmp/vLdSosNc.smt2
[runlim] start:			Mon Feb 18 23:59:48 2019
[runlim] main pid:		21531
[runlim] sample:		9.7 time, 10.3 real, 53.6 MB
[runlim] sample:		17.6 time, 20.3 real, 62.9 MB
[runlim] sample:		26.9 time, 30.3 real, 67.9 MB
[runlim] sample:		35.9 time, 40.3 real, 82.6 MB
[runlim] sample:		45.1 time, 50.3 real, 97.6 MB
[runlim] sample:		54.6 time, 60.3 real, 99.2 MB
[runlim] sample:		63.8 time, 70.3 real, 99.4 MB
[runlim] sample:		72.3 time, 80.3 real, 103.3 MB
[runlim] sample:		81.0 time, 90.3 real, 117.4 MB
[runlim] sample:		90.4 time, 100.3 real, 121.8 MB
[runlim] sample:		98.8 time, 110.3 real, 121.8 MB
[runlim] sample:		107.8 time, 120.3 real, 124.4 MB
[runlim] sample:		117.0 time, 130.3 real, 124.4 MB
[runlim] sample:		126.0 time, 140.3 real, 126.8 MB
[runlim] sample:		135.3 time, 150.3 real, 127.0 MB
[runlim] sample:		144.7 time, 160.3 real, 133.7 MB
[runlim] end:			Tue Feb 19 00:02:28 2019
[runlim] status:		ok
[runlim] result:		0
[runlim] children:		0
[runlim] real:			160.41 seconds
[runlim] time:			144.75 seconds
[runlim] space:			133.7 MB
[runlim] samples:		1601
