[runlim] version:		1.10fixed
[runlim] time limit:		300 seconds
[runlim] real time limit:	311040000 seconds
[runlim] space limit:		4000 MB
[runlim] argv[0]:		./cvc4
[runlim] argv[1]:		--nl-ext-tplanes
[runlim] argv[2]:		/tmp/cgvzuyx5.smt2
[runlim] start:			Tue Jan 29 11:32:25 2019
[runlim] main pid:		17047
[runlim] sample:		9.1 time, 10.3 real, 42.1 MB
[runlim] sample:		18.4 time, 20.3 real, 53.7 MB
[runlim] sample:		27.7 time, 30.3 real, 56.5 MB
[runlim] sample:		37.0 time, 40.3 real, 59.6 MB
[runlim] sample:		46.3 time, 50.3 real, 62.2 MB
[runlim] sample:		55.6 time, 60.3 real, 65.0 MB
[runlim] sample:		65.0 time, 70.3 real, 67.8 MB
[runlim] sample:		74.8 time, 80.3 real, 72.0 MB
[runlim] sample:		84.8 time, 90.3 real, 77.1 MB
[runlim] sample:		94.8 time, 100.3 real, 81.8 MB
[runlim] sample:		103.9 time, 110.3 real, 84.9 MB
[runlim] sample:		113.8 time, 120.3 real, 88.2 MB
[runlim] sample:		123.8 time, 130.3 real, 90.3 MB
[runlim] sample:		133.4 time, 140.3 real, 92.8 MB
[runlim] sample:		143.4 time, 150.3 real, 95.7 MB
[runlim] sample:		153.4 time, 160.3 real, 98.5 MB
[runlim] sample:		163.4 time, 170.3 real, 101.3 MB
[runlim] sample:		173.4 time, 180.3 real, 104.4 MB
[runlim] sample:		183.4 time, 190.3 real, 108.3 MB
[runlim] sample:		193.4 time, 200.3 real, 111.4 MB
[runlim] sample:		202.3 time, 210.3 real, 114.0 MB
[runlim] sample:		211.1 time, 220.3 real, 118.4 MB
[runlim] sample:		220.7 time, 230.3 real, 120.9 MB
[runlim] sample:		230.4 time, 240.3 real, 124.3 MB
[runlim] sample:		240.0 time, 250.3 real, 126.6 MB
[runlim] sample:		249.7 time, 260.3 real, 129.4 MB
[runlim] sample:		258.3 time, 270.3 real, 132.0 MB
[runlim] sample:		266.9 time, 280.3 real, 134.6 MB
[runlim] sample:		276.2 time, 290.3 real, 136.9 MB
[runlim] sample:		285.4 time, 300.3 real, 140.8 MB
[runlim] sample:		295.4 time, 310.3 real, 144.1 MB
CVC4 interrupted by SIGTERM.
[runlim] end:			Tue Jan 29 11:37:39 2019
[runlim] status:		out of time
[runlim] result:		2
[runlim] children:		0
[runlim] real:			314.95 seconds
[runlim] time:			300.05 seconds
[runlim] space:			145.4 MB
[runlim] samples:		3146
