[runlim] version:		1.10fixed
[runlim] time limit:		300 seconds
[runlim] real time limit:	311040000 seconds
[runlim] space limit:		4000 MB
[runlim] argv[0]:		./cvc4
[runlim] argv[1]:		--nl-ext-tplanes
[runlim] argv[2]:		/tmp/xuyETNF3.smt2
[runlim] start:			Tue Jan 29 11:32:19 2019
[runlim] main pid:		7207
[runlim] sample:		9.2 time, 10.5 real, 62.0 MB
[runlim] sample:		19.2 time, 20.5 real, 77.6 MB
[runlim] sample:		29.2 time, 30.5 real, 116.2 MB
[runlim] sample:		39.2 time, 40.5 real, 123.3 MB
[runlim] sample:		49.2 time, 50.5 real, 125.4 MB
[runlim] sample:		59.2 time, 60.5 real, 172.0 MB
[runlim] sample:		69.2 time, 70.5 real, 172.2 MB
[runlim] sample:		79.2 time, 80.5 real, 176.1 MB
[runlim] sample:		89.2 time, 90.5 real, 177.1 MB
[runlim] sample:		99.2 time, 100.5 real, 180.0 MB
[runlim] sample:		109.2 time, 110.5 real, 181.8 MB
[runlim] sample:		119.2 time, 120.5 real, 185.1 MB
[runlim] sample:		129.2 time, 130.5 real, 187.2 MB
[runlim] sample:		139.2 time, 140.5 real, 189.0 MB
[runlim] sample:		149.2 time, 150.5 real, 190.8 MB
[runlim] sample:		159.2 time, 160.5 real, 191.1 MB
[runlim] sample:		169.1 time, 170.5 real, 194.2 MB
[runlim] sample:		179.1 time, 180.5 real, 201.8 MB
[runlim] sample:		189.1 time, 190.5 real, 201.8 MB
[runlim] sample:		199.2 time, 200.5 real, 204.3 MB
[runlim] sample:		209.1 time, 210.5 real, 204.6 MB
[runlim] sample:		219.1 time, 220.5 real, 211.0 MB
[runlim] sample:		229.1 time, 230.5 real, 211.0 MB
[runlim] sample:		239.1 time, 240.5 real, 211.0 MB
[runlim] sample:		249.1 time, 250.5 real, 211.0 MB
[runlim] sample:		259.1 time, 260.5 real, 211.0 MB
[runlim] sample:		269.1 time, 270.5 real, 211.0 MB
[runlim] sample:		279.1 time, 280.5 real, 211.0 MB
[runlim] sample:		289.1 time, 290.5 real, 211.0 MB
[runlim] sample:		299.1 time, 300.5 real, 211.0 MB
CVC4 interrupted by SIGTERM.
[runlim] end:			Tue Jan 29 11:37:20 2019
[runlim] status:		out of time
[runlim] result:		2
[runlim] children:		0
[runlim] real:			301.42 seconds
[runlim] time:			300.03 seconds
[runlim] space:			211.0 MB
[runlim] samples:		3009
