[runlim] version:		1.10fixed
[runlim] time limit:		300 seconds
[runlim] real time limit:	311040000 seconds
[runlim] space limit:		4000 MB
[runlim] argv[0]:		./cvc4
[runlim] argv[1]:		--nl-ext-tplanes
[runlim] argv[2]:		/tmp/7izMo7Yv.smt2
[runlim] start:			Mon Jan 28 15:10:15 2019
[runlim] main pid:		20783
[runlim] sample:		7.6 time, 10.9 real, 46.3 MB
[runlim] sample:		17.2 time, 20.9 real, 60.7 MB
[runlim] sample:		26.1 time, 30.9 real, 71.1 MB
[runlim] sample:		35.4 time, 40.9 real, 84.0 MB
[runlim] sample:		45.4 time, 50.9 real, 93.2 MB
[runlim] sample:		55.4 time, 60.9 real, 103.7 MB
[runlim] sample:		65.4 time, 70.9 real, 112.0 MB
[runlim] sample:		75.4 time, 80.9 real, 119.0 MB
[runlim] sample:		85.1 time, 90.9 real, 127.3 MB
[runlim] sample:		95.1 time, 100.9 real, 135.8 MB
[runlim] sample:		105.1 time, 110.9 real, 143.5 MB
[runlim] sample:		115.1 time, 120.9 real, 151.1 MB
[runlim] sample:		125.1 time, 130.9 real, 151.8 MB
[runlim] sample:		135.1 time, 140.9 real, 160.1 MB
[runlim] sample:		145.0 time, 150.9 real, 168.3 MB
[runlim] sample:		153.6 time, 160.9 real, 169.1 MB
[runlim] sample:		161.9 time, 170.9 real, 177.1 MB
[runlim] sample:		171.4 time, 180.9 real, 177.6 MB
[runlim] sample:		181.1 time, 190.9 real, 186.9 MB
[runlim] sample:		190.8 time, 200.9 real, 192.7 MB
[runlim] sample:		200.5 time, 210.9 real, 198.4 MB
[runlim] sample:		210.2 time, 220.9 real, 202.6 MB
[runlim] sample:		219.9 time, 230.9 real, 208.3 MB
[runlim] sample:		229.6 time, 240.9 real, 214.4 MB
[runlim] sample:		239.3 time, 250.9 real, 220.2 MB
[runlim] sample:		249.0 time, 260.9 real, 224.1 MB
[runlim] sample:		258.8 time, 270.9 real, 230.0 MB
[runlim] sample:		268.8 time, 280.9 real, 230.0 MB
[runlim] sample:		278.8 time, 290.9 real, 243.2 MB
[runlim] sample:		288.7 time, 300.9 real, 244.2 MB
[runlim] sample:		298.7 time, 310.9 real, 248.8 MB
CVC4 interrupted by SIGTERM.
[runlim] end:			Mon Jan 28 15:15:27 2019
[runlim] status:		out of time
[runlim] result:		2
[runlim] children:		0
[runlim] real:			312.20 seconds
[runlim] time:			300.04 seconds
[runlim] space:			248.8 MB
[runlim] samples:		3113
