[runlim] version:		1.10fixed
[runlim] time limit:		300 seconds
[runlim] real time limit:	311040000 seconds
[runlim] space limit:		4000 MB
[runlim] argv[0]:		./cvc4
[runlim] argv[1]:		--nl-ext-tplanes
[runlim] argv[2]:		/tmp/q72jS3N8.smt2
[runlim] start:			Mon Jan 28 15:10:42 2019
[runlim] main pid:		26671
[runlim] sample:		8.1 time, 10.2 real, 77.8 MB
[runlim] sample:		16.6 time, 20.2 real, 87.3 MB
[runlim] sample:		26.6 time, 30.2 real, 129.2 MB
[runlim] sample:		36.6 time, 40.2 real, 138.2 MB
[runlim] sample:		46.6 time, 50.2 real, 138.2 MB
[runlim] sample:		56.6 time, 60.2 real, 138.2 MB
[runlim] sample:		65.6 time, 70.2 real, 140.1 MB
[runlim] sample:		74.3 time, 80.2 real, 140.1 MB
[runlim] sample:		83.8 time, 90.2 real, 140.1 MB
[runlim] sample:		93.8 time, 100.2 real, 140.1 MB
[runlim] sample:		102.8 time, 110.2 real, 140.1 MB
[runlim] sample:		111.8 time, 120.2 real, 140.9 MB
[runlim] sample:		120.6 time, 130.2 real, 140.9 MB
[runlim] sample:		130.6 time, 140.2 real, 182.7 MB
[runlim] sample:		140.6 time, 150.2 real, 187.1 MB
[runlim] sample:		150.6 time, 160.2 real, 192.5 MB
[runlim] sample:		160.6 time, 170.2 real, 197.2 MB
[runlim] sample:		170.6 time, 180.2 real, 200.0 MB
[runlim] sample:		180.6 time, 190.2 real, 201.4 MB
[runlim] sample:		190.2 time, 200.2 real, 201.4 MB
[runlim] sample:		200.1 time, 210.2 real, 201.4 MB
[runlim] sample:		209.8 time, 220.2 real, 201.4 MB
[runlim] sample:		219.5 time, 230.2 real, 201.4 MB
[runlim] sample:		229.4 time, 240.2 real, 201.4 MB
[runlim] sample:		238.0 time, 250.2 real, 201.4 MB
[runlim] sample:		247.7 time, 260.2 real, 201.4 MB
[runlim] sample:		257.7 time, 270.2 real, 201.4 MB
[runlim] sample:		267.7 time, 280.2 real, 206.8 MB
[runlim] sample:		276.7 time, 290.2 real, 206.8 MB
[runlim] sample:		285.3 time, 300.2 real, 206.8 MB
[runlim] sample:		294.6 time, 310.2 real, 206.8 MB
[runlim] end:			Mon Jan 28 15:15:57 2019
[runlim] status:		signal(9)
[runlim] result:		11
[runlim] children:		0
[runlim] real:			315.72 seconds
[runlim] time:			299.81 seconds
[runlim] space:			206.8 MB
[runlim] samples:		3154
