[runlim] version:		1.10fixed
[runlim] time limit:		300 seconds
[runlim] real time limit:	311040000 seconds
[runlim] space limit:		4000 MB
[runlim] argv[0]:		./cvc4
[runlim] argv[1]:		--nl-ext-tplanes
[runlim] argv[2]:		/tmp/8D6JFoHL.smt2
[runlim] start:			Mon Jan 28 15:10:41 2019
[runlim] main pid:		28953
[runlim] sample:		9.4 time, 10.8 real, 100.9 MB
[runlim] sample:		19.1 time, 20.8 real, 142.9 MB
[runlim] sample:		28.0 time, 30.8 real, 172.7 MB
[runlim] sample:		37.8 time, 40.8 real, 197.3 MB
[runlim] sample:		47.5 time, 50.8 real, 224.7 MB
[runlim] sample:		57.2 time, 60.8 real, 255.7 MB
[runlim] sample:		65.9 time, 70.8 real, 272.7 MB
[runlim] sample:		74.1 time, 80.8 real, 291.3 MB
[runlim] sample:		82.3 time, 90.8 real, 302.1 MB
[runlim] sample:		91.2 time, 100.8 real, 323.0 MB
[runlim] sample:		99.7 time, 110.8 real, 335.6 MB
[runlim] sample:		107.9 time, 120.8 real, 356.5 MB
[runlim] sample:		117.1 time, 130.8 real, 367.9 MB
[runlim] sample:		127.1 time, 140.8 real, 384.1 MB
[runlim] sample:		137.1 time, 150.8 real, 402.6 MB
[runlim] sample:		146.8 time, 160.8 real, 418.2 MB
[runlim] sample:		156.8 time, 170.8 real, 435.7 MB
[runlim] sample:		166.8 time, 180.8 real, 462.0 MB
[runlim] sample:		176.8 time, 190.8 real, 470.5 MB
[runlim] sample:		186.8 time, 200.8 real, 489.1 MB
[runlim] sample:		196.8 time, 210.8 real, 497.6 MB
[runlim] sample:		206.3 time, 220.8 real, 509.9 MB
[runlim] sample:		214.8 time, 230.8 real, 522.3 MB
[runlim] sample:		223.1 time, 240.8 real, 535.4 MB
[runlim] sample:		230.8 time, 250.8 real, 542.9 MB
[runlim] sample:		240.2 time, 260.8 real, 557.6 MB
[runlim] sample:		250.2 time, 270.8 real, 564.3 MB
[runlim] sample:		260.2 time, 280.8 real, 579.3 MB
[runlim] sample:		270.2 time, 290.8 real, 592.4 MB
[runlim] sample:		280.2 time, 300.8 real, 607.1 MB
[runlim] sample:		290.2 time, 310.8 real, 621.2 MB
CVC4 interrupted by SIGTERM.
[runlim] end:			Mon Jan 28 15:16:01 2019
[runlim] status:		out of time
[runlim] result:		2
[runlim] children:		0
[runlim] real:			320.60 seconds
[runlim] time:			300.03 seconds
[runlim] space:			636.7 MB
[runlim] samples:		3198
