[runlim] version:		1.10fixed
[runlim] time limit:		300 seconds
[runlim] real time limit:	311040000 seconds
[runlim] space limit:		4000 MB
[runlim] argv[0]:		./cvc4
[runlim] argv[1]:		--nl-ext-tplanes
[runlim] argv[2]:		/tmp/6GO13eVO.smt2
[runlim] start:			Mon Jan 28 10:28:14 2019
[runlim] main pid:		25273
[runlim] sample:		9.3 time, 10.4 real, 65.9 MB
[runlim] sample:		19.1 time, 20.4 real, 88.9 MB
[runlim] sample:		28.9 time, 30.4 real, 93.8 MB
[runlim] sample:		38.8 time, 40.4 real, 95.1 MB
[runlim] sample:		48.6 time, 50.4 real, 102.6 MB
[runlim] sample:		58.6 time, 60.4 real, 102.8 MB
[runlim] sample:		68.6 time, 70.4 real, 103.6 MB
[runlim] sample:		78.4 time, 80.4 real, 112.4 MB
[runlim] sample:		88.0 time, 90.4 real, 156.0 MB
[runlim] sample:		98.0 time, 100.4 real, 156.0 MB
[runlim] sample:		107.8 time, 110.4 real, 156.3 MB
[runlim] sample:		117.8 time, 120.4 real, 156.3 MB
[runlim] sample:		127.8 time, 130.4 real, 156.5 MB
[runlim] sample:		137.8 time, 140.4 real, 157.5 MB
[runlim] sample:		147.8 time, 150.4 real, 162.4 MB
[runlim] sample:		157.8 time, 160.4 real, 165.3 MB
[runlim] sample:		167.8 time, 170.4 real, 166.3 MB
[runlim] sample:		177.8 time, 180.4 real, 169.1 MB
[runlim] sample:		187.8 time, 190.4 real, 179.3 MB
[runlim] sample:		197.8 time, 200.4 real, 179.6 MB
[runlim] sample:		207.8 time, 210.4 real, 179.6 MB
[runlim] sample:		217.8 time, 220.4 real, 179.6 MB
[runlim] sample:		227.8 time, 230.4 real, 179.6 MB
[runlim] sample:		237.8 time, 240.4 real, 179.6 MB
[runlim] sample:		247.8 time, 250.4 real, 179.6 MB
[runlim] sample:		257.8 time, 260.4 real, 179.9 MB
[runlim] sample:		267.8 time, 270.4 real, 179.9 MB
[runlim] sample:		277.8 time, 280.4 real, 179.9 MB
[runlim] sample:		287.8 time, 290.4 real, 179.9 MB
[runlim] sample:		297.8 time, 300.4 real, 179.9 MB
CVC4 interrupted by SIGTERM.
[runlim] end:			Mon Jan 28 10:33:16 2019
[runlim] status:		out of time
[runlim] result:		2
[runlim] children:		0
[runlim] real:			302.74 seconds
[runlim] time:			300.06 seconds
[runlim] space:			179.9 MB
[runlim] samples:		3023
