[runlim] version:		1.10fixed
[runlim] time limit:		1800 seconds
[runlim] real time limit:	311040000 seconds
[runlim] space limit:		4000 MB
[runlim] argv[0]:		./cvc4
[runlim] argv[1]:		--nl-ext-tplanes
[runlim] argv[2]:		/tmp/FNokWNlc.smt2
[runlim] start:			Mon Feb 18 23:59:47 2019
[runlim] main pid:		17661
[runlim] sample:		10.0 time, 10.3 real, 71.2 MB
[runlim] sample:		20.0 time, 20.3 real, 125.3 MB
[runlim] sample:		30.0 time, 30.3 real, 184.4 MB
[runlim] sample:		40.0 time, 40.3 real, 220.8 MB
[runlim] sample:		50.0 time, 50.3 real, 266.4 MB
[runlim] sample:		60.0 time, 60.3 real, 309.2 MB
[runlim] sample:		70.0 time, 70.3 real, 349.4 MB
[runlim] sample:		80.0 time, 80.3 real, 391.2 MB
[runlim] sample:		90.0 time, 90.3 real, 428.9 MB
[runlim] sample:		100.0 time, 100.3 real, 510.6 MB
[runlim] sample:		110.0 time, 110.3 real, 520.9 MB
[runlim] sample:		120.0 time, 120.3 real, 558.8 MB
[runlim] sample:		129.9 time, 130.3 real, 596.7 MB
[runlim] sample:		139.9 time, 140.3 real, 631.7 MB
[runlim] sample:		149.9 time, 150.3 real, 668.9 MB
[runlim] sample:		159.9 time, 160.3 real, 703.4 MB
[runlim] sample:		169.9 time, 170.3 real, 739.2 MB
[runlim] sample:		179.9 time, 180.3 real, 868.7 MB
[runlim] sample:		189.9 time, 190.3 real, 875.9 MB
[runlim] sample:		199.9 time, 200.3 real, 883.9 MB
[runlim] sample:		209.9 time, 210.3 real, 892.2 MB
[runlim] sample:		219.9 time, 220.3 real, 911.5 MB
[runlim] sample:		229.9 time, 230.3 real, 943.7 MB
[runlim] sample:		239.9 time, 240.3 real, 982.9 MB
[runlim] sample:		249.9 time, 250.3 real, 1020.1 MB
[runlim] sample:		259.9 time, 260.3 real, 1061.0 MB
[runlim] sample:		269.9 time, 270.3 real, 1098.9 MB
[runlim] sample:		279.9 time, 280.3 real, 1135.3 MB
[runlim] sample:		289.9 time, 290.3 real, 1172.2 MB
[runlim] sample:		299.9 time, 300.3 real, 1204.1 MB
[runlim] sample:		309.9 time, 310.3 real, 1237.9 MB
[runlim] sample:		319.9 time, 320.3 real, 1270.4 MB
[runlim] sample:		329.9 time, 330.3 real, 1542.9 MB
[runlim] sample:		339.9 time, 340.3 real, 1550.9 MB
[runlim] sample:		349.9 time, 350.3 real, 1559.1 MB
[runlim] sample:		359.9 time, 360.3 real, 1567.6 MB
[runlim] sample:		369.9 time, 370.3 real, 1575.9 MB
[runlim] sample:		379.9 time, 380.3 real, 1583.9 MB
[runlim] sample:		389.9 time, 390.3 real, 1592.4 MB
[runlim] sample:		399.9 time, 400.3 real, 1599.9 MB
[runlim] sample:		409.9 time, 410.3 real, 1607.9 MB
[runlim] sample:		419.9 time, 420.3 real, 1616.1 MB
[runlim] sample:		429.9 time, 430.3 real, 1623.6 MB
[runlim] sample:		439.9 time, 440.3 real, 1651.7 MB
[runlim] sample:		449.9 time, 450.3 real, 1682.9 MB
[runlim] sample:		459.9 time, 460.3 real, 1712.0 MB
[runlim] sample:		469.9 time, 470.3 real, 1741.7 MB
[runlim] sample:		479.9 time, 480.3 real, 1768.7 MB
[runlim] sample:		489.9 time, 490.3 real, 1800.4 MB
[runlim] sample:		499.9 time, 500.3 real, 1829.8 MB
[runlim] sample:		509.9 time, 510.3 real, 1860.0 MB
[runlim] sample:		519.9 time, 520.3 real, 1896.4 MB
[runlim] sample:		529.9 time, 530.3 real, 1930.9 MB
[runlim] sample:		539.9 time, 540.3 real, 1960.3 MB
[runlim] sample:		549.9 time, 550.3 real, 1988.4 MB
[runlim] sample:		559.8 time, 560.3 real, 2017.5 MB
[runlim] sample:		569.8 time, 570.3 real, 2046.9 MB
[runlim] sample:		579.8 time, 580.3 real, 2075.0 MB
[runlim] sample:		589.8 time, 590.3 real, 2104.9 MB
[runlim] sample:		599.8 time, 600.3 real, 2133.8 MB
[runlim] sample:		609.8 time, 610.3 real, 2165.2 MB
[runlim] sample:		619.8 time, 620.3 real, 2192.3 MB
[runlim] sample:		629.8 time, 630.3 real, 2721.2 MB
[runlim] sample:		639.8 time, 640.3 real, 2728.7 MB
[runlim] sample:		649.8 time, 650.3 real, 2737.2 MB
[runlim] sample:		659.8 time, 660.3 real, 2743.6 MB
[runlim] sample:		669.8 time, 670.3 real, 2752.4 MB
[runlim] sample:		679.8 time, 680.3 real, 2761.4 MB
[runlim] sample:		689.8 time, 690.3 real, 2768.9 MB
[runlim] sample:		699.8 time, 700.3 real, 2777.9 MB
[runlim] sample:		709.8 time, 710.3 real, 2784.4 MB
[runlim] sample:		719.8 time, 720.3 real, 2793.1 MB
[runlim] sample:		729.8 time, 730.3 real, 2800.9 MB
[runlim] sample:		739.8 time, 740.3 real, 2808.6 MB
[runlim] sample:		749.8 time, 750.3 real, 2817.9 MB
[runlim] sample:		759.8 time, 760.3 real, 2824.6 MB
[runlim] sample:		769.8 time, 770.3 real, 2833.9 MB
[runlim] sample:		779.8 time, 780.3 real, 2840.6 MB
[runlim] sample:		789.8 time, 790.3 real, 2847.5 MB
[runlim] sample:		799.8 time, 800.3 real, 2857.1 MB
[runlim] sample:		809.8 time, 810.3 real, 2864.0 MB
[runlim] sample:		819.8 time, 820.3 real, 2872.6 MB
[runlim] sample:		829.8 time, 830.3 real, 2889.3 MB
[runlim] sample:		839.8 time, 840.3 real, 2920.0 MB
[runlim] sample:		849.8 time, 850.3 real, 2946.5 MB
[runlim] sample:		859.8 time, 860.3 real, 2972.6 MB
[runlim] sample:		869.8 time, 870.3 real, 3000.4 MB
[runlim] sample:		879.7 time, 880.3 real, 3029.3 MB
[runlim] sample:		889.7 time, 890.3 real, 3056.6 MB
[runlim] sample:		899.7 time, 900.3 real, 3083.7 MB
[runlim] sample:		909.7 time, 910.3 real, 3112.3 MB
[runlim] sample:		919.7 time, 920.3 real, 3139.4 MB
[runlim] sample:		929.7 time, 930.3 real, 3168.3 MB
[runlim] sample:		939.7 time, 940.3 real, 3194.8 MB
[runlim] sample:		949.7 time, 950.3 real, 3226.0 MB
[runlim] sample:		959.7 time, 960.3 real, 3249.7 MB
[runlim] sample:		969.7 time, 970.3 real, 3280.2 MB
[runlim] sample:		979.7 time, 980.3 real, 3306.2 MB
[runlim] sample:		989.7 time, 990.3 real, 3334.6 MB
[runlim] sample:		999.7 time, 1000.3 real, 3362.7 MB
[runlim] sample:		1009.7 time, 1010.3 real, 3391.3 MB
[runlim] sample:		1019.7 time, 1020.3 real, 3422.5 MB
[runlim] sample:		1029.7 time, 1030.3 real, 3449.5 MB
[runlim] sample:		1039.7 time, 1040.3 real, 3474.3 MB
[runlim] sample:		1049.7 time, 1050.3 real, 3503.7 MB
[runlim] sample:		1059.7 time, 1060.3 real, 3532.8 MB
[runlim] sample:		1069.7 time, 1070.3 real, 3560.1 MB
[runlim] sample:		1079.7 time, 1080.3 real, 3590.3 MB
[runlim] sample:		1089.7 time, 1090.3 real, 3615.6 MB
[runlim] sample:		1099.7 time, 1100.3 real, 3644.4 MB
[runlim] sample:		1109.7 time, 1110.3 real, 3669.4 MB
[runlim] sample:		1119.7 time, 1120.3 real, 3693.7 MB
[runlim] sample:		1129.7 time, 1130.3 real, 3724.9 MB
[runlim] sample:		1139.7 time, 1140.3 real, 3752.5 MB
[runlim] sample:		1149.7 time, 1150.3 real, 3776.4 MB
[runlim] sample:		1159.7 time, 1160.3 real, 3806.9 MB
[runlim] sample:		1169.7 time, 1170.3 real, 3832.4 MB
[runlim] sample:		1179.7 time, 1180.3 real, 3857.1 MB
[runlim] sample:		1189.7 time, 1190.3 real, 3887.3 MB
[runlim] sample:		1199.7 time, 1200.3 real, 3913.6 MB
CVC4 interrupted by SIGTERM.
[runlim] end:			Tue Feb 19 00:19:49 2019
[runlim] status:		out of memory
[runlim] result:		3
[runlim] children:		0
[runlim] real:			1202.26 seconds
[runlim] time:			1201.55 seconds
[runlim] space:			4038.6 MB
[runlim] samples:		12019
