[runlim] version:		1.10fixed
[runlim] time limit:		300 seconds
[runlim] real time limit:	311040000 seconds
[runlim] space limit:		4000 MB
[runlim] argv[0]:		./cvc4
[runlim] argv[1]:		--nl-ext-tplanes
[runlim] argv[2]:		/tmp/BA4c8Pu9.smt2
[runlim] start:			Mon Jan 28 15:10:31 2019
[runlim] main pid:		31779
[runlim] sample:		9.0 time, 10.4 real, 96.8 MB
[runlim] sample:		19.0 time, 20.4 real, 137.2 MB
[runlim] sample:		28.8 time, 30.4 real, 163.3 MB
[runlim] sample:		38.8 time, 40.4 real, 188.1 MB
[runlim] sample:		48.8 time, 50.4 real, 210.3 MB
[runlim] sample:		58.8 time, 60.4 real, 229.3 MB
[runlim] sample:		68.8 time, 70.4 real, 249.2 MB
[runlim] sample:		78.8 time, 80.4 real, 267.2 MB
[runlim] sample:		88.7 time, 90.4 real, 286.4 MB
[runlim] sample:		98.8 time, 100.4 real, 297.5 MB
[runlim] sample:		108.7 time, 110.4 real, 311.9 MB
[runlim] sample:		118.7 time, 120.4 real, 331.8 MB
[runlim] sample:		128.7 time, 130.4 real, 342.9 MB
[runlim] sample:		138.7 time, 140.4 real, 353.4 MB
[runlim] sample:		148.7 time, 150.4 real, 365.0 MB
[runlim] sample:		158.7 time, 160.4 real, 377.1 MB
[runlim] sample:		168.7 time, 170.4 real, 392.1 MB
[runlim] sample:		178.7 time, 180.4 real, 402.7 MB
[runlim] sample:		188.7 time, 190.4 real, 413.5 MB
[runlim] sample:		198.7 time, 200.4 real, 425.3 MB
[runlim] sample:		208.7 time, 210.4 real, 438.7 MB
[runlim] sample:		218.7 time, 220.4 real, 458.3 MB
[runlim] sample:		228.7 time, 230.4 real, 470.4 MB
[runlim] sample:		238.7 time, 240.4 real, 478.9 MB
[runlim] sample:		248.7 time, 250.4 real, 485.1 MB
[runlim] sample:		258.3 time, 260.4 real, 497.2 MB
[runlim] sample:		268.1 time, 270.4 real, 510.3 MB
[runlim] sample:		278.1 time, 280.4 real, 511.1 MB
[runlim] sample:		288.1 time, 290.4 real, 522.4 MB
[runlim] sample:		298.1 time, 300.4 real, 535.6 MB
CVC4 interrupted by SIGTERM.
[runlim] end:			Mon Jan 28 15:15:33 2019
[runlim] status:		out of time
[runlim] result:		2
[runlim] children:		0
[runlim] real:			302.42 seconds
[runlim] time:			300.05 seconds
[runlim] space:			535.6 MB
[runlim] samples:		3020
