[runlim] version:		1.10fixed
[runlim] time limit:		300 seconds
[runlim] real time limit:	311040000 seconds
[runlim] space limit:		4000 MB
[runlim] argv[0]:		./cvc4
[runlim] argv[1]:		--nl-ext-tplanes
[runlim] argv[2]:		/tmp/njrWZqJQ.smt2
[runlim] start:			Mon Jan 28 15:10:28 2019
[runlim] main pid:		30798
[runlim] sample:		8.8 time, 10.5 real, 64.6 MB
[runlim] sample:		18.8 time, 20.5 real, 84.4 MB
[runlim] sample:		28.8 time, 30.5 real, 123.6 MB
[runlim] sample:		38.8 time, 40.5 real, 127.7 MB
[runlim] sample:		48.8 time, 50.5 real, 140.3 MB
[runlim] sample:		58.8 time, 60.5 real, 141.1 MB
[runlim] sample:		68.5 time, 70.5 real, 183.6 MB
[runlim] sample:		78.5 time, 80.5 real, 195.6 MB
[runlim] sample:		88.5 time, 90.5 real, 195.6 MB
[runlim] sample:		98.5 time, 100.5 real, 197.7 MB
[runlim] sample:		108.5 time, 110.5 real, 198.1 MB
[runlim] sample:		118.5 time, 120.5 real, 198.3 MB
[runlim] sample:		128.4 time, 130.5 real, 198.3 MB
[runlim] sample:		138.4 time, 140.5 real, 198.3 MB
[runlim] sample:		148.2 time, 150.5 real, 199.3 MB
[runlim] sample:		158.2 time, 160.5 real, 214.9 MB
[runlim] sample:		168.1 time, 170.5 real, 214.9 MB
[runlim] sample:		177.8 time, 180.5 real, 214.9 MB
[runlim] sample:		187.2 time, 190.5 real, 215.2 MB
[runlim] sample:		196.4 time, 200.5 real, 215.2 MB
[runlim] sample:		206.4 time, 210.5 real, 215.2 MB
[runlim] sample:		216.4 time, 220.5 real, 215.2 MB
[runlim] sample:		226.4 time, 230.5 real, 215.2 MB
[runlim] sample:		236.4 time, 240.5 real, 215.4 MB
[runlim] sample:		246.4 time, 250.5 real, 215.4 MB
[runlim] sample:		256.4 time, 260.5 real, 215.4 MB
[runlim] sample:		265.4 time, 270.5 real, 215.4 MB
[runlim] sample:		274.4 time, 280.5 real, 215.7 MB
[runlim] sample:		283.4 time, 290.5 real, 215.9 MB
[runlim] sample:		292.4 time, 300.5 real, 224.9 MB
[runlim] end:			Mon Jan 28 15:15:36 2019
[runlim] status:		signal(9)
[runlim] result:		11
[runlim] children:		0
[runlim] real:			308.84 seconds
[runlim] time:			299.86 seconds
[runlim] space:			227.5 MB
[runlim] samples:		3083
