[runlim] version:		1.10fixed
[runlim] time limit:		300 seconds
[runlim] real time limit:	311040000 seconds
[runlim] space limit:		4000 MB
[runlim] argv[0]:		./cvc4
[runlim] argv[1]:		--nl-ext-tplanes
[runlim] argv[2]:		/tmp/u3aSKN7z.smt2
[runlim] start:			Tue Jan 29 11:43:15 2019
[runlim] main pid:		10418
[runlim] sample:		10.0 time, 10.3 real, 55.7 MB
[runlim] sample:		20.0 time, 20.3 real, 70.8 MB
[runlim] sample:		30.0 time, 30.3 real, 101.6 MB
[runlim] sample:		40.0 time, 40.3 real, 104.2 MB
[runlim] sample:		50.0 time, 50.3 real, 106.7 MB
[runlim] sample:		60.0 time, 60.3 real, 109.1 MB
[runlim] sample:		70.0 time, 70.3 real, 113.3 MB
[runlim] sample:		80.0 time, 80.3 real, 113.3 MB
[runlim] sample:		90.0 time, 90.3 real, 113.3 MB
[runlim] sample:		100.0 time, 100.3 real, 113.3 MB
[runlim] sample:		110.0 time, 110.3 real, 113.5 MB
[runlim] sample:		120.0 time, 120.3 real, 115.6 MB
[runlim] sample:		130.0 time, 130.3 real, 115.8 MB
[runlim] sample:		140.0 time, 140.3 real, 115.8 MB
[runlim] sample:		150.0 time, 150.3 real, 115.8 MB
[runlim] sample:		160.0 time, 160.3 real, 132.3 MB
[runlim] sample:		170.0 time, 170.3 real, 132.3 MB
[runlim] sample:		180.0 time, 180.3 real, 132.3 MB
[runlim] sample:		189.9 time, 190.3 real, 132.3 MB
[runlim] sample:		199.9 time, 200.3 real, 132.3 MB
[runlim] sample:		209.9 time, 210.3 real, 132.3 MB
[runlim] sample:		219.9 time, 220.3 real, 132.3 MB
[runlim] sample:		229.9 time, 230.3 real, 150.7 MB
[runlim] sample:		239.9 time, 240.3 real, 150.7 MB
[runlim] sample:		249.9 time, 250.3 real, 153.1 MB
[runlim] sample:		259.9 time, 260.3 real, 153.1 MB
[runlim] sample:		269.9 time, 270.3 real, 153.1 MB
[runlim] sample:		279.9 time, 280.3 real, 153.1 MB
[runlim] sample:		289.9 time, 290.3 real, 153.1 MB
[runlim] sample:		299.9 time, 300.3 real, 153.1 MB
CVC4 interrupted by SIGTERM.
[runlim] end:			Tue Jan 29 11:48:15 2019
[runlim] status:		out of time
[runlim] result:		2
[runlim] children:		0
[runlim] real:			300.37 seconds
[runlim] time:			300.04 seconds
[runlim] space:			153.1 MB
[runlim] samples:		3001
