[runlim] version:		1.10fixed
[runlim] time limit:		1800 seconds
[runlim] real time limit:	311040000 seconds
[runlim] space limit:		4000 MB
[runlim] argv[0]:		./cvc4
[runlim] argv[1]:		--nl-ext-tplanes
[runlim] argv[2]:		/tmp/z8fSA8v1.smt2
[runlim] start:			Tue Feb 19 01:02:05 2019
[runlim] main pid:		31402
[runlim] sample:		7.6 time, 10.5 real, 56.6 MB
[runlim] sample:		17.6 time, 20.5 real, 67.0 MB
[runlim] sample:		26.9 time, 30.5 real, 76.1 MB
[runlim] sample:		36.9 time, 40.5 real, 82.8 MB
[runlim] sample:		46.9 time, 50.5 real, 87.8 MB
[runlim] sample:		56.9 time, 60.5 real, 93.2 MB
[runlim] sample:		66.9 time, 70.5 real, 96.8 MB
[runlim] sample:		76.9 time, 80.5 real, 99.9 MB
[runlim] sample:		86.9 time, 90.5 real, 103.8 MB
[runlim] sample:		96.9 time, 100.5 real, 107.1 MB
[runlim] sample:		106.9 time, 110.5 real, 109.6 MB
[runlim] sample:		116.9 time, 120.5 real, 112.7 MB
[runlim] sample:		126.9 time, 130.5 real, 114.5 MB
[runlim] sample:		136.9 time, 140.5 real, 117.8 MB
[runlim] sample:		146.9 time, 150.5 real, 119.6 MB
[runlim] sample:		156.9 time, 160.5 real, 121.2 MB
[runlim] sample:		166.9 time, 170.5 real, 123.0 MB
[runlim] sample:		176.9 time, 180.5 real, 125.3 MB
[runlim] sample:		186.9 time, 190.5 real, 127.6 MB
[runlim] sample:		196.9 time, 200.5 real, 129.2 MB
[runlim] sample:		206.9 time, 210.5 real, 133.3 MB
[runlim] sample:		216.9 time, 220.5 real, 134.1 MB
[runlim] sample:		226.9 time, 230.5 real, 135.9 MB
[runlim] sample:		236.9 time, 240.5 real, 138.2 MB
[runlim] sample:		246.9 time, 250.5 real, 139.8 MB
[runlim] sample:		256.9 time, 260.5 real, 142.0 MB
[runlim] sample:		266.9 time, 270.5 real, 143.3 MB
[runlim] sample:		276.9 time, 280.5 real, 143.5 MB
[runlim] sample:		286.9 time, 290.5 real, 145.0 MB
[runlim] sample:		296.9 time, 300.5 real, 146.9 MB
[runlim] sample:		306.9 time, 310.5 real, 148.5 MB
[runlim] sample:		316.9 time, 320.5 real, 148.5 MB
[runlim] sample:		326.9 time, 330.5 real, 150.3 MB
[runlim] sample:		336.9 time, 340.5 real, 152.8 MB
[runlim] sample:		346.9 time, 350.5 real, 154.9 MB
[runlim] sample:		356.9 time, 360.5 real, 154.9 MB
[runlim] sample:		366.9 time, 370.5 real, 156.7 MB
[runlim] sample:		376.9 time, 380.5 real, 158.2 MB
[runlim] sample:		386.9 time, 390.5 real, 158.2 MB
[runlim] sample:		396.9 time, 400.5 real, 160.0 MB
[runlim] sample:		406.9 time, 410.5 real, 161.6 MB
[runlim] sample:		416.9 time, 420.5 real, 161.6 MB
[runlim] sample:		426.9 time, 430.5 real, 163.4 MB
[runlim] sample:		436.9 time, 440.5 real, 163.4 MB
[runlim] sample:		446.9 time, 450.5 real, 164.9 MB
[runlim] sample:		456.8 time, 460.5 real, 167.5 MB
[runlim] sample:		466.8 time, 470.5 real, 167.5 MB
[runlim] sample:		476.9 time, 480.5 real, 169.9 MB
[runlim] sample:		486.9 time, 490.5 real, 169.9 MB
[runlim] sample:		496.9 time, 500.5 real, 171.2 MB
[runlim] sample:		506.9 time, 510.5 real, 172.3 MB
[runlim] sample:		516.9 time, 520.5 real, 172.8 MB
[runlim] sample:		526.9 time, 530.5 real, 174.6 MB
[runlim] sample:		536.9 time, 540.5 real, 174.6 MB
[runlim] sample:		546.9 time, 550.5 real, 175.6 MB
[runlim] sample:		556.9 time, 560.5 real, 176.1 MB
[runlim] sample:		566.9 time, 570.5 real, 177.1 MB
[runlim] sample:		576.9 time, 580.5 real, 178.1 MB
[runlim] sample:		586.9 time, 590.5 real, 178.6 MB
[runlim] sample:		596.8 time, 600.5 real, 179.7 MB
[runlim] sample:		606.8 time, 610.5 real, 179.7 MB
[runlim] sample:		616.8 time, 620.5 real, 181.2 MB
[runlim] sample:		626.8 time, 630.5 real, 181.2 MB
[runlim] sample:		636.8 time, 640.5 real, 183.0 MB
[runlim] sample:		646.8 time, 650.5 real, 183.0 MB
[runlim] sample:		656.8 time, 660.5 real, 185.1 MB
[runlim] sample:		666.8 time, 670.5 real, 185.1 MB
[runlim] sample:		676.8 time, 680.5 real, 187.1 MB
[runlim] sample:		686.8 time, 690.5 real, 187.1 MB
[runlim] sample:		696.8 time, 700.5 real, 187.1 MB
[runlim] sample:		706.8 time, 710.5 real, 189.1 MB
[runlim] sample:		716.8 time, 720.5 real, 189.1 MB
[runlim] sample:		726.8 time, 730.5 real, 190.9 MB
[runlim] sample:		736.8 time, 740.5 real, 190.9 MB
[runlim] sample:		746.8 time, 750.5 real, 192.4 MB
[runlim] sample:		756.8 time, 760.5 real, 192.4 MB
[runlim] sample:		766.8 time, 770.5 real, 192.4 MB
[runlim] sample:		776.8 time, 780.5 real, 194.0 MB
[runlim] sample:		786.8 time, 790.5 real, 194.0 MB
[runlim] sample:		796.8 time, 800.5 real, 195.8 MB
[runlim] sample:		806.8 time, 810.5 real, 195.8 MB
[runlim] sample:		816.8 time, 820.5 real, 195.8 MB
[runlim] sample:		826.8 time, 830.5 real, 197.3 MB
[runlim] sample:		836.8 time, 840.5 real, 197.3 MB
[runlim] sample:		846.8 time, 850.5 real, 199.1 MB
[runlim] sample:		856.8 time, 860.5 real, 199.1 MB
[runlim] sample:		866.8 time, 870.5 real, 199.1 MB
[runlim] sample:		876.8 time, 880.5 real, 200.9 MB
[runlim] sample:		886.8 time, 890.5 real, 200.9 MB
[runlim] sample:		896.8 time, 900.5 real, 200.9 MB
[runlim] sample:		906.8 time, 910.5 real, 204.5 MB
[runlim] sample:		916.8 time, 920.5 real, 204.5 MB
[runlim] sample:		926.8 time, 930.5 real, 204.5 MB
[runlim] sample:		936.8 time, 940.5 real, 206.0 MB
[runlim] sample:		946.8 time, 950.5 real, 206.0 MB
[runlim] sample:		956.8 time, 960.5 real, 207.8 MB
[runlim] sample:		966.8 time, 970.5 real, 207.8 MB
[runlim] sample:		976.8 time, 980.5 real, 207.8 MB
[runlim] sample:		986.8 time, 990.5 real, 209.4 MB
[runlim] sample:		996.8 time, 1000.5 real, 209.4 MB
[runlim] sample:		1006.6 time, 1010.5 real, 209.4 MB
[runlim] sample:		1014.7 time, 1020.5 real, 209.4 MB
[runlim] sample:		1023.7 time, 1030.5 real, 211.2 MB
[runlim] sample:		1031.4 time, 1040.5 real, 211.2 MB
[runlim] sample:		1039.5 time, 1050.5 real, 211.2 MB
[runlim] sample:		1048.7 time, 1060.5 real, 213.0 MB
[runlim] sample:		1057.3 time, 1070.5 real, 213.0 MB
[runlim] sample:		1065.7 time, 1080.5 real, 213.0 MB
[runlim] sample:		1074.7 time, 1090.5 real, 213.0 MB
[runlim] sample:		1083.7 time, 1100.5 real, 214.5 MB
[runlim] sample:		1093.7 time, 1110.5 real, 214.5 MB
[runlim] sample:		1102.0 time, 1120.5 real, 214.5 MB
[runlim] sample:		1110.5 time, 1130.5 real, 214.5 MB
[runlim] sample:		1120.5 time, 1140.5 real, 216.3 MB
[runlim] sample:		1130.5 time, 1150.5 real, 216.3 MB
[runlim] sample:		1140.5 time, 1160.5 real, 216.3 MB
[runlim] sample:		1149.7 time, 1170.5 real, 217.9 MB
[runlim] sample:		1158.2 time, 1180.5 real, 217.9 MB
[runlim] sample:		1166.4 time, 1190.5 real, 217.9 MB
[runlim] sample:		1175.1 time, 1200.5 real, 217.9 MB
[runlim] sample:		1183.0 time, 1210.5 real, 219.7 MB
[runlim] sample:		1190.4 time, 1220.5 real, 219.7 MB
[runlim] sample:		1198.9 time, 1230.5 real, 219.7 MB
[runlim] sample:		1208.2 time, 1240.5 real, 219.7 MB
[runlim] sample:		1217.8 time, 1250.5 real, 221.7 MB
[runlim] sample:		1226.4 time, 1260.5 real, 221.7 MB
[runlim] sample:		1236.0 time, 1270.5 real, 221.7 MB
[runlim] sample:		1244.7 time, 1280.5 real, 221.7 MB
[runlim] sample:		1254.7 time, 1290.5 real, 223.5 MB
[runlim] sample:		1263.7 time, 1300.5 real, 223.5 MB
[runlim] sample:		1273.5 time, 1310.5 real, 223.5 MB
[runlim] sample:		1283.5 time, 1320.5 real, 223.5 MB
[runlim] sample:		1293.5 time, 1330.5 real, 225.3 MB
[runlim] sample:		1303.4 time, 1340.5 real, 225.3 MB
[runlim] sample:		1313.0 time, 1350.5 real, 225.3 MB
[runlim] sample:		1322.7 time, 1360.5 real, 226.6 MB
[runlim] sample:		1332.5 time, 1370.5 real, 226.6 MB
[runlim] sample:		1342.5 time, 1380.5 real, 226.6 MB
[runlim] sample:		1352.2 time, 1390.5 real, 226.6 MB
[runlim] sample:		1361.9 time, 1400.5 real, 228.4 MB
[runlim] sample:		1371.6 time, 1410.5 real, 228.4 MB
[runlim] sample:		1381.2 time, 1420.5 real, 228.4 MB
[runlim] sample:		1390.9 time, 1430.5 real, 228.4 MB
[runlim] sample:		1400.5 time, 1440.5 real, 230.2 MB
[runlim] sample:		1410.2 time, 1450.5 real, 230.2 MB
[runlim] sample:		1419.9 time, 1460.5 real, 230.2 MB
[runlim] sample:		1429.7 time, 1470.5 real, 230.2 MB
[runlim] sample:		1439.4 time, 1480.5 real, 233.3 MB
[runlim] sample:		1449.1 time, 1490.5 real, 233.3 MB
[runlim] sample:		1458.7 time, 1500.5 real, 233.3 MB
[runlim] sample:		1468.4 time, 1510.5 real, 233.3 MB
[runlim] sample:		1478.0 time, 1520.5 real, 235.4 MB
[runlim] sample:		1487.7 time, 1530.5 real, 235.4 MB
[runlim] sample:		1497.4 time, 1540.5 real, 235.4 MB
[runlim] sample:		1507.0 time, 1550.5 real, 235.4 MB
[runlim] sample:		1516.7 time, 1560.5 real, 238.7 MB
[runlim] sample:		1526.6 time, 1570.5 real, 238.7 MB
[runlim] sample:		1536.2 time, 1580.5 real, 238.7 MB
[runlim] sample:		1546.2 time, 1590.5 real, 238.7 MB
[runlim] sample:		1556.2 time, 1600.5 real, 239.8 MB
[runlim] sample:		1565.8 time, 1610.5 real, 239.8 MB
[runlim] sample:		1575.5 time, 1620.5 real, 239.8 MB
[runlim] sample:		1584.6 time, 1630.5 real, 239.8 MB
[runlim] sample:		1593.6 time, 1640.5 real, 241.6 MB
[runlim] sample:		1601.8 time, 1650.5 real, 241.6 MB
[runlim] sample:		1611.0 time, 1660.5 real, 241.6 MB
[runlim] sample:		1621.0 time, 1670.5 real, 241.6 MB
[runlim] sample:		1630.7 time, 1680.5 real, 241.6 MB
[runlim] sample:		1640.7 time, 1690.5 real, 243.4 MB
[runlim] sample:		1650.7 time, 1700.5 real, 243.4 MB
[runlim] sample:		1660.7 time, 1710.5 real, 243.4 MB
[runlim] sample:		1670.7 time, 1720.5 real, 243.4 MB
[runlim] sample:		1680.7 time, 1730.5 real, 245.4 MB
[runlim] sample:		1690.7 time, 1740.5 real, 245.4 MB
[runlim] sample:		1698.7 time, 1750.5 real, 245.4 MB
[runlim] sample:		1708.0 time, 1760.5 real, 245.4 MB
[runlim] sample:		1717.3 time, 1770.5 real, 247.5 MB
[runlim] sample:		1726.0 time, 1780.5 real, 247.5 MB
[runlim] sample:		1735.6 time, 1790.5 real, 247.5 MB
[runlim] sample:		1745.6 time, 1800.5 real, 247.5 MB
[runlim] sample:		1755.6 time, 1810.5 real, 247.5 MB
[runlim] sample:		1765.6 time, 1820.5 real, 249.0 MB
[runlim] sample:		1775.6 time, 1830.5 real, 249.0 MB
[runlim] sample:		1785.6 time, 1840.5 real, 249.0 MB
[runlim] sample:		1795.6 time, 1850.5 real, 249.0 MB
CVC4 interrupted by SIGTERM.
[runlim] end:			Tue Feb 19 01:33:00 2019
[runlim] status:		out of time
[runlim] result:		2
[runlim] children:		0
[runlim] real:			1855.07 seconds
[runlim] time:			1800.09 seconds
[runlim] space:			249.0 MB
[runlim] samples:		18545
