[runlim] version:		1.10fixed
[runlim] time limit:		1800 seconds
[runlim] real time limit:	311040000 seconds
[runlim] space limit:		4000 MB
[runlim] argv[0]:		./cvc4
[runlim] argv[1]:		--nl-ext-tplanes
[runlim] argv[2]:		/tmp/N8bnwN5N.smt2
[runlim] start:			Fri Feb 15 00:48:15 2019
[runlim] main pid:		25591
[runlim] sample:		8.9 time, 10.6 real, 58.0 MB
[runlim] sample:		17.8 time, 20.6 real, 95.3 MB
[runlim] sample:		26.6 time, 30.6 real, 133.4 MB
[runlim] sample:		36.4 time, 40.6 real, 173.5 MB
[runlim] sample:		46.4 time, 50.6 real, 215.4 MB
[runlim] sample:		56.4 time, 60.6 real, 260.2 MB
[runlim] sample:		66.4 time, 70.6 real, 299.6 MB
[runlim] sample:		76.3 time, 80.6 real, 341.7 MB
[runlim] sample:		86.4 time, 90.6 real, 380.6 MB
[runlim] sample:		96.3 time, 100.6 real, 428.0 MB
[runlim] sample:		106.0 time, 110.6 real, 477.8 MB
[runlim] sample:		115.7 time, 120.6 real, 491.2 MB
[runlim] sample:		125.3 time, 130.6 real, 528.8 MB
[runlim] sample:		135.0 time, 140.6 real, 574.5 MB
[runlim] sample:		144.6 time, 150.6 real, 609.3 MB
[runlim] sample:		154.3 time, 160.6 real, 652.2 MB
[runlim] sample:		163.9 time, 170.6 real, 691.2 MB
[runlim] sample:		173.6 time, 180.6 real, 730.6 MB
[runlim] sample:		183.3 time, 190.6 real, 768.5 MB
[runlim] sample:		192.9 time, 200.6 real, 819.5 MB
[runlim] sample:		202.6 time, 210.6 real, 859.4 MB
[runlim] sample:		212.2 time, 220.6 real, 910.8 MB
[runlim] sample:		221.9 time, 230.6 real, 930.6 MB
[runlim] sample:		231.6 time, 240.6 real, 970.0 MB
[runlim] sample:		241.2 time, 250.6 real, 1010.0 MB
[runlim] sample:		250.9 time, 260.6 real, 1047.9 MB
[runlim] sample:		260.6 time, 270.6 real, 1087.6 MB
[runlim] sample:		270.2 time, 280.6 real, 1128.9 MB
[runlim] sample:		279.9 time, 290.6 real, 1170.4 MB
[runlim] sample:		289.6 time, 300.6 real, 1209.1 MB
[runlim] sample:		299.2 time, 310.6 real, 1248.8 MB
[runlim] sample:		308.9 time, 320.6 real, 1290.8 MB
[runlim] sample:		318.6 time, 330.6 real, 1338.9 MB
[runlim] sample:		328.2 time, 340.6 real, 1341.2 MB
[runlim] sample:		337.9 time, 350.6 real, 1376.6 MB
[runlim] sample:		347.6 time, 360.6 real, 1416.5 MB
[runlim] sample:		357.2 time, 370.6 real, 1456.2 MB
[runlim] sample:		366.9 time, 380.6 real, 1496.1 MB
[runlim] sample:		376.6 time, 390.6 real, 1535.8 MB
[runlim] sample:		386.3 time, 400.6 real, 1599.1 MB
[runlim] sample:		395.9 time, 410.6 real, 1639.3 MB
[runlim] sample:		405.6 time, 420.6 real, 1679.6 MB
[runlim] sample:		415.3 time, 430.6 real, 1719.5 MB
[runlim] sample:		425.0 time, 440.6 real, 1787.1 MB
[runlim] sample:		435.0 time, 450.6 real, 1798.7 MB
[runlim] sample:		445.0 time, 460.6 real, 1848.2 MB
[runlim] sample:		455.0 time, 470.6 real, 1895.3 MB
[runlim] sample:		465.0 time, 480.6 real, 1936.1 MB
[runlim] sample:		474.8 time, 490.6 real, 1976.8 MB
[runlim] sample:		484.8 time, 500.6 real, 2019.1 MB
[runlim] sample:		494.8 time, 510.6 real, 2060.6 MB
[runlim] sample:		504.8 time, 520.6 real, 2102.6 MB
[runlim] sample:		514.8 time, 530.6 real, 2144.0 MB
[runlim] sample:		524.8 time, 540.6 real, 2186.0 MB
[runlim] sample:		534.8 time, 550.6 real, 2238.9 MB
[runlim] sample:		544.8 time, 560.6 real, 2239.4 MB
[runlim] sample:		554.8 time, 570.6 real, 2258.0 MB
[runlim] sample:		564.8 time, 580.6 real, 2300.0 MB
[runlim] sample:		574.8 time, 590.6 real, 2344.9 MB
[runlim] sample:		584.8 time, 600.6 real, 2384.3 MB
[runlim] sample:		594.8 time, 610.6 real, 2424.0 MB
[runlim] sample:		604.8 time, 620.6 real, 2463.7 MB
[runlim] sample:		614.8 time, 630.6 real, 2503.4 MB
[runlim] sample:		624.8 time, 640.6 real, 2543.1 MB
[runlim] sample:		634.8 time, 650.6 real, 2582.6 MB
[runlim] sample:		644.8 time, 660.6 real, 2637.7 MB
[runlim] sample:		654.8 time, 670.6 real, 2645.5 MB
[runlim] sample:		664.8 time, 680.6 real, 2670.7 MB
[runlim] sample:		674.8 time, 690.6 real, 2709.7 MB
[runlim] sample:		684.8 time, 700.6 real, 2747.8 MB
[runlim] sample:		694.8 time, 710.6 real, 2791.6 MB
[runlim] sample:		704.8 time, 720.6 real, 2829.8 MB
[runlim] sample:		714.8 time, 730.6 real, 2868.5 MB
[runlim] sample:		724.8 time, 740.6 real, 2906.4 MB
[runlim] sample:		734.8 time, 750.6 real, 2944.5 MB
[runlim] sample:		744.8 time, 760.6 real, 2984.5 MB
[runlim] sample:		754.8 time, 770.6 real, 3025.0 MB
[runlim] sample:		764.8 time, 780.6 real, 3051.5 MB
[runlim] sample:		774.8 time, 790.6 real, 3051.5 MB
[runlim] sample:		784.8 time, 800.6 real, 3074.5 MB
[runlim] sample:		794.8 time, 810.6 real, 3114.9 MB
[runlim] sample:		804.8 time, 820.6 real, 3202.3 MB
[runlim] sample:		814.8 time, 830.6 real, 3243.0 MB
[runlim] sample:		824.8 time, 840.6 real, 3283.2 MB
[runlim] sample:		834.8 time, 850.6 real, 3322.4 MB
[runlim] sample:		844.8 time, 860.6 real, 3361.1 MB
[runlim] sample:		854.8 time, 870.6 real, 3399.8 MB
[runlim] sample:		864.8 time, 880.6 real, 3439.5 MB
[runlim] sample:		874.7 time, 890.6 real, 3506.5 MB
[runlim] sample:		884.8 time, 900.6 real, 3532.5 MB
[runlim] sample:		894.7 time, 910.6 real, 3533.1 MB
[runlim] sample:		904.8 time, 920.6 real, 3599.3 MB
[runlim] sample:		914.7 time, 930.6 real, 3639.5 MB
[runlim] sample:		924.7 time, 940.6 real, 3712.4 MB
[runlim] sample:		934.7 time, 950.6 real, 3753.4 MB
[runlim] sample:		944.7 time, 960.6 real, 3795.1 MB
[runlim] sample:		954.7 time, 970.6 real, 3836.4 MB
[runlim] sample:		964.7 time, 980.6 real, 3877.6 MB
[runlim] sample:		974.7 time, 990.6 real, 3917.8 MB
[runlim] sample:		984.7 time, 1000.6 real, 3958.1 MB
[runlim] sample:		994.7 time, 1010.6 real, 3996.2 MB
[runlim] sample:		1004.7 time, 1020.6 real, 3998.5 MB
[runlim] sample:		1014.7 time, 1030.6 real, 3998.8 MB
CVC4 interrupted by SIGTERM.
[runlim] end:			Fri Feb 15 01:05:27 2019
[runlim] status:		out of memory
[runlim] result:		3
[runlim] children:		0
[runlim] real:			1032.94 seconds
[runlim] time:			1017.02 seconds
[runlim] space:			4000.3 MB
[runlim] samples:		10323
