[runlim] version:		1.10fixed
[runlim] time limit:		300 seconds
[runlim] real time limit:	311040000 seconds
[runlim] space limit:		4000 MB
[runlim] argv[0]:		./cvc4
[runlim] argv[1]:		--nl-ext-tplanes
[runlim] argv[2]:		/tmp/GHyOeCL1.smt2
[runlim] start:			Wed Feb 13 23:21:28 2019
[runlim] main pid:		17034
[runlim] sample:		8.5 time, 10.4 real, 50.4 MB
[runlim] sample:		18.5 time, 20.4 real, 84.8 MB
[runlim] sample:		26.5 time, 30.4 real, 111.3 MB
[runlim] sample:		35.5 time, 40.4 real, 146.0 MB
[runlim] sample:		45.5 time, 50.4 real, 180.1 MB
[runlim] sample:		55.5 time, 60.4 real, 216.3 MB
[runlim] sample:		65.5 time, 70.4 real, 254.8 MB
[runlim] sample:		75.5 time, 80.4 real, 288.6 MB
[runlim] sample:		85.5 time, 90.4 real, 323.0 MB
[runlim] sample:		95.5 time, 100.4 real, 358.4 MB
[runlim] sample:		105.5 time, 110.4 real, 392.9 MB
[runlim] sample:		115.5 time, 120.4 real, 431.0 MB
[runlim] sample:		125.5 time, 130.4 real, 474.1 MB
[runlim] sample:		135.4 time, 140.4 real, 485.1 MB
[runlim] sample:		145.4 time, 150.4 real, 518.1 MB
[runlim] sample:		155.4 time, 160.4 real, 551.4 MB
[runlim] sample:		165.4 time, 170.4 real, 588.7 MB
[runlim] sample:		175.4 time, 180.4 real, 620.4 MB
[runlim] sample:		185.4 time, 190.4 real, 656.9 MB
[runlim] sample:		195.4 time, 200.4 real, 690.9 MB
[runlim] sample:		205.4 time, 210.4 real, 725.2 MB
[runlim] sample:		215.4 time, 220.4 real, 757.5 MB
[runlim] sample:		223.7 time, 230.4 real, 782.5 MB
[runlim] sample:		231.2 time, 240.4 real, 818.5 MB
[runlim] sample:		240.9 time, 250.4 real, 852.0 MB
[runlim] sample:		250.9 time, 260.4 real, 899.2 MB
[runlim] sample:		260.9 time, 270.4 real, 934.5 MB
[runlim] sample:		270.9 time, 280.4 real, 942.9 MB
[runlim] sample:		280.9 time, 290.4 real, 974.3 MB
[runlim] sample:		290.9 time, 300.4 real, 1007.6 MB
CVC4 interrupted by SIGTERM.
[runlim] end:			Wed Feb 13 23:26:37 2019
[runlim] status:		out of time
[runlim] result:		2
[runlim] children:		0
[runlim] real:			309.57 seconds
[runlim] time:			300.01 seconds
[runlim] space:			1037.0 MB
[runlim] samples:		3091
