[runlim] version:		1.10fixed
[runlim] time limit:		1800 seconds
[runlim] real time limit:	311040000 seconds
[runlim] space limit:		4000 MB
[runlim] argv[0]:		./cvc4
[runlim] argv[1]:		--nl-ext-tplanes
[runlim] argv[2]:		/tmp/CAFKBQkv.smt2
[runlim] start:			Tue Feb 19 01:03:09 2019
[runlim] main pid:		11859
[runlim] sample:		8.8 time, 10.3 real, 59.1 MB
[runlim] sample:		17.9 time, 20.3 real, 70.4 MB
[runlim] sample:		27.0 time, 30.3 real, 80.5 MB
[runlim] sample:		36.0 time, 40.3 real, 87.7 MB
[runlim] sample:		45.6 time, 50.3 real, 92.1 MB
[runlim] sample:		55.3 time, 60.3 real, 98.5 MB
[runlim] sample:		65.0 time, 70.3 real, 102.9 MB
[runlim] sample:		74.7 time, 80.3 real, 104.9 MB
[runlim] sample:		84.3 time, 90.3 real, 110.2 MB
[runlim] sample:		94.0 time, 100.3 real, 114.4 MB
[runlim] sample:		103.6 time, 110.3 real, 116.4 MB
[runlim] sample:		113.3 time, 120.3 real, 118.5 MB
[runlim] sample:		123.0 time, 130.3 real, 120.5 MB
[runlim] sample:		132.6 time, 140.3 real, 125.4 MB
[runlim] sample:		142.3 time, 150.3 real, 129.3 MB
[runlim] sample:		152.0 time, 160.3 real, 132.5 MB
[runlim] sample:		161.6 time, 170.3 real, 134.4 MB
[runlim] sample:		171.3 time, 180.3 real, 136.5 MB
[runlim] sample:		180.8 time, 190.3 real, 138.8 MB
[runlim] sample:		189.5 time, 200.3 real, 140.8 MB
[runlim] sample:		198.9 time, 210.3 real, 140.8 MB
[runlim] sample:		208.1 time, 220.3 real, 143.3 MB
[runlim] sample:		217.4 time, 230.3 real, 145.4 MB
[runlim] sample:		226.8 time, 240.3 real, 147.7 MB
[runlim] sample:		235.6 time, 250.3 real, 150.6 MB
[runlim] sample:		244.0 time, 260.3 real, 150.6 MB
[runlim] sample:		252.5 time, 270.3 real, 152.9 MB
[runlim] sample:		261.6 time, 280.3 real, 155.0 MB
[runlim] sample:		270.9 time, 290.3 real, 155.0 MB
[runlim] sample:		279.4 time, 300.3 real, 156.8 MB
[runlim] sample:		288.2 time, 310.3 real, 156.8 MB
[runlim] sample:		296.6 time, 320.3 real, 158.9 MB
[runlim] sample:		305.2 time, 330.3 real, 158.9 MB
[runlim] sample:		315.2 time, 340.3 real, 161.2 MB
[runlim] sample:		325.2 time, 350.3 real, 163.3 MB
[runlim] sample:		335.2 time, 360.3 real, 163.3 MB
[runlim] sample:		345.2 time, 370.3 real, 165.3 MB
[runlim] sample:		355.2 time, 380.3 real, 165.3 MB
[runlim] sample:		365.2 time, 390.3 real, 167.4 MB
[runlim] sample:		375.2 time, 400.3 real, 170.2 MB
[runlim] sample:		385.2 time, 410.3 real, 170.2 MB
[runlim] sample:		395.2 time, 420.3 real, 172.3 MB
[runlim] sample:		405.2 time, 430.3 real, 172.3 MB
[runlim] sample:		415.2 time, 440.3 real, 174.1 MB
[runlim] sample:		425.2 time, 450.3 real, 174.1 MB
[runlim] sample:		435.2 time, 460.3 real, 176.1 MB
[runlim] sample:		445.2 time, 470.3 real, 176.1 MB
[runlim] sample:		455.2 time, 480.3 real, 178.3 MB
[runlim] sample:		465.2 time, 490.3 real, 178.3 MB
[runlim] sample:		475.2 time, 500.3 real, 181.4 MB
[runlim] sample:		485.2 time, 510.3 real, 181.4 MB
[runlim] sample:		495.2 time, 520.3 real, 182.7 MB
[runlim] sample:		505.2 time, 530.3 real, 182.7 MB
[runlim] sample:		515.2 time, 540.3 real, 184.3 MB
[runlim] sample:		525.2 time, 550.3 real, 185.0 MB
[runlim] sample:		535.2 time, 560.3 real, 185.0 MB
[runlim] sample:		545.2 time, 570.3 real, 187.1 MB
[runlim] sample:		555.2 time, 580.3 real, 187.1 MB
[runlim] sample:		565.2 time, 590.3 real, 189.4 MB
[runlim] sample:		575.2 time, 600.3 real, 189.4 MB
[runlim] sample:		585.2 time, 610.3 real, 189.4 MB
[runlim] sample:		595.2 time, 620.3 real, 191.6 MB
[runlim] sample:		605.2 time, 630.3 real, 191.6 MB
[runlim] sample:		615.2 time, 640.3 real, 193.6 MB
[runlim] sample:		625.2 time, 650.3 real, 193.6 MB
[runlim] sample:		635.2 time, 660.3 real, 193.6 MB
[runlim] sample:		645.2 time, 670.3 real, 195.7 MB
[runlim] sample:		655.2 time, 680.3 real, 195.7 MB
[runlim] sample:		665.2 time, 690.3 real, 197.5 MB
[runlim] sample:		675.2 time, 700.3 real, 197.5 MB
[runlim] sample:		684.7 time, 710.3 real, 197.5 MB
[runlim] sample:		694.3 time, 720.3 real, 199.6 MB
[runlim] sample:		704.1 time, 730.3 real, 199.6 MB
[runlim] sample:		713.8 time, 740.3 real, 199.6 MB
[runlim] sample:		723.8 time, 750.3 real, 201.6 MB
[runlim] sample:		731.8 time, 760.3 real, 201.6 MB
[runlim] sample:		741.2 time, 770.3 real, 201.6 MB
[runlim] sample:		750.7 time, 780.3 real, 205.8 MB
[runlim] sample:		758.9 time, 790.3 real, 205.8 MB
[runlim] sample:		766.5 time, 800.3 real, 205.8 MB
[runlim] sample:		776.2 time, 810.3 real, 205.8 MB
[runlim] sample:		784.4 time, 820.3 real, 207.8 MB
[runlim] sample:		794.2 time, 830.3 real, 207.8 MB
[runlim] sample:		804.2 time, 840.3 real, 207.8 MB
[runlim] sample:		814.2 time, 850.3 real, 209.9 MB
[runlim] sample:		824.2 time, 860.3 real, 209.9 MB
[runlim] sample:		832.7 time, 870.3 real, 209.9 MB
[runlim] sample:		842.2 time, 880.3 real, 212.0 MB
[runlim] sample:		852.2 time, 890.3 real, 212.0 MB
[runlim] sample:		861.8 time, 900.3 real, 212.0 MB
[runlim] sample:		870.6 time, 910.3 real, 212.0 MB
[runlim] sample:		878.2 time, 920.3 real, 214.0 MB
[runlim] sample:		887.6 time, 930.3 real, 214.0 MB
[runlim] sample:		897.3 time, 940.3 real, 214.0 MB
[runlim] sample:		905.5 time, 950.3 real, 216.1 MB
[runlim] sample:		915.5 time, 960.3 real, 216.1 MB
[runlim] sample:		925.2 time, 970.3 real, 216.1 MB
[runlim] sample:		935.2 time, 980.3 real, 216.1 MB
[runlim] sample:		943.9 time, 990.3 real, 218.4 MB
[runlim] sample:		951.3 time, 1000.3 real, 218.4 MB
[runlim] sample:		958.6 time, 1010.3 real, 218.4 MB
[runlim] sample:		967.2 time, 1020.3 real, 218.4 MB
[runlim] sample:		977.2 time, 1030.3 real, 220.7 MB
[runlim] sample:		987.2 time, 1040.3 real, 220.7 MB
[runlim] sample:		997.2 time, 1050.3 real, 220.7 MB
[runlim] sample:		1007.2 time, 1060.3 real, 220.7 MB
[runlim] sample:		1017.2 time, 1070.3 real, 222.8 MB
[runlim] sample:		1026.1 time, 1080.3 real, 222.8 MB
[runlim] sample:		1036.1 time, 1090.3 real, 222.8 MB
[runlim] sample:		1044.3 time, 1100.3 real, 222.8 MB
[runlim] sample:		1054.1 time, 1110.3 real, 225.2 MB
[runlim] sample:		1062.7 time, 1120.3 real, 225.2 MB
[runlim] sample:		1072.7 time, 1130.3 real, 225.2 MB
[runlim] sample:		1080.7 time, 1140.3 real, 225.2 MB
[runlim] sample:		1088.1 time, 1150.3 real, 227.0 MB
[runlim] sample:		1096.3 time, 1160.3 real, 227.0 MB
[runlim] sample:		1106.2 time, 1170.3 real, 227.0 MB
[runlim] sample:		1113.8 time, 1180.3 real, 227.0 MB
[runlim] sample:		1121.3 time, 1190.3 real, 229.3 MB
[runlim] sample:		1129.1 time, 1200.3 real, 229.3 MB
[runlim] sample:		1138.2 time, 1210.3 real, 229.3 MB
[runlim] sample:		1146.5 time, 1220.3 real, 229.3 MB
[runlim] sample:		1153.9 time, 1230.3 real, 229.3 MB
[runlim] sample:		1163.8 time, 1240.3 real, 233.5 MB
[runlim] sample:		1173.8 time, 1250.3 real, 233.5 MB
[runlim] sample:		1183.0 time, 1260.3 real, 233.5 MB
[runlim] sample:		1193.0 time, 1270.3 real, 233.5 MB
[runlim] sample:		1202.8 time, 1280.3 real, 236.0 MB
[runlim] sample:		1211.9 time, 1290.3 real, 236.0 MB
[runlim] sample:		1221.6 time, 1300.3 real, 236.0 MB
[runlim] sample:		1230.9 time, 1310.3 real, 236.0 MB
[runlim] sample:		1239.8 time, 1320.3 real, 237.6 MB
[runlim] sample:		1249.8 time, 1330.3 real, 237.6 MB
[runlim] sample:		1259.8 time, 1340.3 real, 237.6 MB
[runlim] sample:		1269.8 time, 1350.3 real, 237.6 MB
[runlim] sample:		1279.8 time, 1360.3 real, 240.2 MB
[runlim] sample:		1289.8 time, 1370.3 real, 240.2 MB
[runlim] sample:		1299.8 time, 1380.3 real, 240.2 MB
[runlim] sample:		1309.8 time, 1390.3 real, 240.2 MB
[runlim] sample:		1319.8 time, 1400.3 real, 243.1 MB
[runlim] sample:		1328.8 time, 1410.3 real, 243.1 MB
[runlim] sample:		1336.3 time, 1420.3 real, 243.1 MB
[runlim] sample:		1344.5 time, 1430.3 real, 243.1 MB
[runlim] sample:		1352.6 time, 1440.3 real, 243.1 MB
[runlim] sample:		1362.2 time, 1450.3 real, 243.8 MB
[runlim] sample:		1372.1 time, 1460.3 real, 244.1 MB
[runlim] sample:		1381.6 time, 1470.3 real, 244.1 MB
[runlim] sample:		1389.9 time, 1480.3 real, 244.1 MB
[runlim] sample:		1399.9 time, 1490.3 real, 244.1 MB
[runlim] sample:		1409.5 time, 1500.3 real, 250.3 MB
[runlim] sample:		1419.5 time, 1510.3 real, 250.3 MB
[runlim] sample:		1429.2 time, 1520.3 real, 250.3 MB
[runlim] sample:		1436.9 time, 1530.3 real, 250.3 MB
[runlim] sample:		1446.3 time, 1540.3 real, 250.3 MB
[runlim] sample:		1454.6 time, 1550.3 real, 251.8 MB
[runlim] sample:		1463.5 time, 1560.3 real, 251.8 MB
[runlim] sample:		1471.9 time, 1570.3 real, 251.8 MB
[runlim] sample:		1481.6 time, 1580.3 real, 251.8 MB
[runlim] sample:		1490.5 time, 1590.3 real, 251.8 MB
[runlim] sample:		1500.5 time, 1600.3 real, 254.9 MB
[runlim] sample:		1510.5 time, 1610.3 real, 254.9 MB
[runlim] sample:		1520.0 time, 1620.3 real, 254.9 MB
[runlim] sample:		1529.4 time, 1630.3 real, 254.9 MB
[runlim] sample:		1538.2 time, 1640.3 real, 256.8 MB
[runlim] sample:		1548.2 time, 1650.3 real, 256.8 MB
[runlim] sample:		1558.2 time, 1660.3 real, 256.8 MB
[runlim] sample:		1568.2 time, 1670.3 real, 256.8 MB
[runlim] sample:		1578.2 time, 1680.3 real, 256.8 MB
[runlim] sample:		1588.2 time, 1690.3 real, 258.8 MB
[runlim] sample:		1598.2 time, 1700.3 real, 258.8 MB
[runlim] sample:		1608.2 time, 1710.3 real, 258.8 MB
[runlim] sample:		1618.2 time, 1720.3 real, 258.8 MB
[runlim] sample:		1628.2 time, 1730.3 real, 260.9 MB
[runlim] sample:		1638.2 time, 1740.3 real, 260.9 MB
[runlim] sample:		1648.2 time, 1750.3 real, 260.9 MB
[runlim] sample:		1658.2 time, 1760.3 real, 260.9 MB
[runlim] sample:		1668.2 time, 1770.3 real, 260.9 MB
[runlim] sample:		1677.9 time, 1780.3 real, 263.5 MB
[runlim] sample:		1687.6 time, 1790.3 real, 263.5 MB
[runlim] sample:		1697.2 time, 1800.3 real, 263.5 MB
[runlim] sample:		1706.9 time, 1810.3 real, 263.5 MB
[runlim] sample:		1716.9 time, 1820.3 real, 263.5 MB
[runlim] sample:		1726.9 time, 1830.3 real, 265.8 MB
[runlim] sample:		1736.9 time, 1840.3 real, 265.8 MB
[runlim] sample:		1746.9 time, 1850.3 real, 265.8 MB
[runlim] sample:		1756.9 time, 1860.3 real, 265.8 MB
[runlim] sample:		1766.9 time, 1870.3 real, 265.8 MB
[runlim] sample:		1776.9 time, 1880.3 real, 267.6 MB
[runlim] end:			Tue Feb 19 01:34:36 2019
[runlim] status:		signal(9)
[runlim] result:		11
[runlim] children:		0
[runlim] real:			1887.36 seconds
[runlim] time:			1783.87 seconds
[runlim] space:			267.6 MB
[runlim] samples:		18870
