[runlim] version:		1.10fixed
[runlim] time limit:		300 seconds
[runlim] real time limit:	311040000 seconds
[runlim] space limit:		4000 MB
[runlim] argv[0]:		./cvc4
[runlim] argv[1]:		--nl-ext-tplanes
[runlim] argv[2]:		/tmp/yNdI3jX7.smt2
[runlim] start:			Wed Feb 13 23:24:35 2019
[runlim] main pid:		15073
[runlim] sample:		9.3 time, 10.9 real, 100.7 MB
[runlim] sample:		19.0 time, 20.9 real, 137.7 MB
[runlim] sample:		29.0 time, 30.9 real, 165.3 MB
[runlim] sample:		39.0 time, 40.9 real, 190.0 MB
[runlim] sample:		49.0 time, 50.9 real, 209.1 MB
[runlim] sample:		59.0 time, 60.9 real, 230.5 MB
[runlim] sample:		69.0 time, 70.9 real, 245.3 MB
[runlim] sample:		79.0 time, 80.9 real, 260.4 MB
[runlim] sample:		89.0 time, 90.9 real, 274.5 MB
[runlim] sample:		99.0 time, 100.9 real, 289.3 MB
[runlim] sample:		109.0 time, 110.9 real, 301.4 MB
[runlim] sample:		119.0 time, 120.9 real, 315.6 MB
[runlim] sample:		128.9 time, 130.9 real, 327.4 MB
[runlim] sample:		139.0 time, 140.9 real, 337.2 MB
[runlim] sample:		148.9 time, 150.9 real, 346.2 MB
[runlim] sample:		158.9 time, 160.9 real, 356.0 MB
[runlim] sample:		168.9 time, 170.9 real, 368.6 MB
[runlim] sample:		178.9 time, 180.9 real, 377.9 MB
[runlim] sample:		188.9 time, 190.9 real, 387.7 MB
[runlim] sample:		198.9 time, 200.9 real, 396.0 MB
[runlim] sample:		208.9 time, 210.9 real, 405.0 MB
[runlim] sample:		218.9 time, 220.9 real, 412.2 MB
[runlim] sample:		228.9 time, 230.9 real, 421.2 MB
[runlim] sample:		238.9 time, 240.9 real, 429.7 MB
[runlim] sample:		248.9 time, 250.9 real, 438.5 MB
[runlim] sample:		258.9 time, 260.9 real, 454.7 MB
[runlim] sample:		268.9 time, 270.9 real, 458.5 MB
[runlim] sample:		278.9 time, 280.9 real, 470.4 MB
[runlim] sample:		288.9 time, 290.9 real, 478.7 MB
[runlim] sample:		298.9 time, 300.9 real, 484.6 MB
CVC4 interrupted by SIGTERM.
[runlim] end:			Wed Feb 13 23:29:37 2019
[runlim] status:		out of time
[runlim] result:		2
[runlim] children:		0
[runlim] real:			302.07 seconds
[runlim] time:			300.02 seconds
[runlim] space:			484.8 MB
[runlim] samples:		3011
