[runlim] version:		1.10fixed
[runlim] time limit:		1800 seconds
[runlim] real time limit:	311040000 seconds
[runlim] space limit:		4000 MB
[runlim] argv[0]:		./cvc4
[runlim] argv[1]:		--nl-ext-tplanes
[runlim] argv[2]:		/tmp/HAIR6M0M.smt2
[runlim] start:			Tue Feb 19 01:02:45 2019
[runlim] main pid:		6723
[runlim] sample:		8.1 time, 10.1 real, 80.0 MB
[runlim] sample:		16.0 time, 20.1 real, 106.7 MB
[runlim] sample:		24.7 time, 30.1 real, 126.5 MB
[runlim] sample:		34.1 time, 40.1 real, 146.0 MB
[runlim] sample:		44.0 time, 50.1 real, 161.3 MB
[runlim] sample:		53.5 time, 60.1 real, 174.0 MB
[runlim] sample:		63.2 time, 70.1 real, 188.2 MB
[runlim] sample:		72.9 time, 80.1 real, 201.9 MB
[runlim] sample:		82.7 time, 90.1 real, 212.0 MB
[runlim] sample:		92.5 time, 100.1 real, 223.0 MB
[runlim] sample:		102.1 time, 110.1 real, 232.3 MB
[runlim] sample:		111.5 time, 120.1 real, 239.7 MB
[runlim] sample:		121.0 time, 130.1 real, 247.1 MB
[runlim] sample:		130.8 time, 140.1 real, 257.2 MB
[runlim] sample:		140.3 time, 150.1 real, 263.6 MB
[runlim] sample:		149.9 time, 160.1 real, 270.3 MB
[runlim] sample:		159.9 time, 170.1 real, 279.0 MB
[runlim] sample:		168.9 time, 180.1 real, 284.7 MB
[runlim] sample:		177.7 time, 190.1 real, 290.3 MB
[runlim] sample:		186.8 time, 200.1 real, 296.0 MB
[runlim] sample:		196.4 time, 210.1 real, 302.4 MB
[runlim] sample:		206.4 time, 220.1 real, 308.4 MB
[runlim] sample:		216.4 time, 230.1 real, 314.0 MB
[runlim] sample:		226.4 time, 240.1 real, 319.2 MB
[runlim] sample:		236.4 time, 250.1 real, 325.4 MB
[runlim] sample:		246.4 time, 260.1 real, 330.3 MB
[runlim] sample:		256.2 time, 270.1 real, 335.4 MB
[runlim] sample:		265.7 time, 280.1 real, 341.2 MB
[runlim] sample:		275.0 time, 290.1 real, 348.4 MB
[runlim] sample:		284.3 time, 300.1 real, 353.4 MB
[runlim] sample:		293.7 time, 310.1 real, 358.1 MB
[runlim] sample:		303.4 time, 320.1 real, 361.8 MB
[runlim] sample:		312.5 time, 330.1 real, 369.5 MB
[runlim] sample:		321.3 time, 340.1 real, 372.9 MB
[runlim] sample:		331.1 time, 350.1 real, 376.7 MB
[runlim] sample:		340.9 time, 360.1 real, 381.1 MB
[runlim] sample:		350.7 time, 370.1 real, 389.2 MB
[runlim] sample:		360.7 time, 380.1 real, 393.9 MB
[runlim] sample:		370.7 time, 390.1 real, 398.0 MB
[runlim] sample:		380.7 time, 400.1 real, 402.4 MB
[runlim] sample:		390.7 time, 410.1 real, 406.2 MB
[runlim] sample:		400.5 time, 420.1 real, 410.6 MB
[runlim] sample:		410.1 time, 430.1 real, 416.3 MB
[runlim] sample:		420.1 time, 440.1 real, 420.2 MB
[runlim] sample:		430.1 time, 450.1 real, 424.0 MB
[runlim] sample:		440.1 time, 460.1 real, 431.2 MB
[runlim] sample:		449.5 time, 470.1 real, 433.3 MB
[runlim] sample:		458.4 time, 480.1 real, 436.9 MB
[runlim] sample:		467.0 time, 490.1 real, 441.3 MB
[runlim] sample:		475.8 time, 500.1 real, 443.9 MB
[runlim] sample:		485.2 time, 510.1 real, 449.0 MB
[runlim] sample:		494.9 time, 520.1 real, 452.4 MB
[runlim] sample:		504.3 time, 530.1 real, 455.7 MB
[runlim] sample:		514.0 time, 540.1 real, 459.3 MB
[runlim] sample:		523.7 time, 550.1 real, 462.7 MB
[runlim] sample:		533.1 time, 560.1 real, 465.9 MB
[runlim] sample:		542.8 time, 570.1 real, 469.0 MB
[runlim] sample:		552.5 time, 580.1 real, 472.4 MB
[runlim] sample:		562.2 time, 590.1 real, 475.7 MB
[runlim] sample:		571.8 time, 600.1 real, 480.3 MB
[runlim] sample:		581.7 time, 610.1 real, 483.1 MB
[runlim] sample:		591.7 time, 620.1 real, 486.5 MB
[runlim] sample:		601.7 time, 630.1 real, 490.3 MB
[runlim] sample:		611.3 time, 640.1 real, 493.2 MB
[runlim] sample:		621.0 time, 650.1 real, 496.3 MB
[runlim] sample:		630.7 time, 660.1 real, 506.3 MB
[runlim] sample:		640.4 time, 670.1 real, 507.4 MB
[runlim] sample:		650.1 time, 680.1 real, 509.9 MB
[runlim] sample:		659.5 time, 690.1 real, 514.6 MB
[runlim] sample:		668.8 time, 700.1 real, 516.9 MB
[runlim] sample:		678.5 time, 710.1 real, 519.2 MB
[runlim] sample:		688.2 time, 720.1 real, 524.1 MB
[runlim] sample:		697.9 time, 730.1 real, 526.9 MB
[runlim] sample:		707.3 time, 740.1 real, 529.3 MB
[runlim] sample:		716.4 time, 750.1 real, 533.2 MB
[runlim] sample:		726.2 time, 760.1 real, 536.1 MB
[runlim] sample:		735.9 time, 770.1 real, 542.0 MB
[runlim] sample:		744.7 time, 780.1 real, 543.3 MB
[runlim] sample:		753.4 time, 790.1 real, 545.6 MB
[runlim] sample:		762.5 time, 800.1 real, 548.7 MB
[runlim] sample:		771.9 time, 810.1 real, 552.6 MB
[runlim] sample:		781.2 time, 820.1 real, 555.1 MB
[runlim] sample:		790.3 time, 830.1 real, 557.2 MB
[runlim] sample:		799.4 time, 840.1 real, 559.5 MB
[runlim] sample:		809.4 time, 850.1 real, 562.6 MB
[runlim] sample:		819.4 time, 860.1 real, 565.7 MB
[runlim] sample:		828.1 time, 870.1 real, 568.0 MB
[runlim] sample:		836.7 time, 880.1 real, 570.1 MB
[runlim] sample:		845.4 time, 890.1 real, 572.2 MB
[runlim] sample:		855.0 time, 900.1 real, 574.7 MB
[runlim] sample:		864.8 time, 910.1 real, 577.3 MB
[runlim] sample:		873.8 time, 920.1 real, 579.6 MB
[runlim] sample:		883.0 time, 930.1 real, 582.2 MB
[runlim] sample:		892.7 time, 940.1 real, 585.1 MB
[runlim] sample:		902.3 time, 950.1 real, 586.9 MB
[runlim] sample:		911.6 time, 960.1 real, 589.2 MB
[runlim] sample:		921.0 time, 970.1 real, 591.7 MB
[runlim] sample:		930.3 time, 980.1 real, 593.8 MB
[runlim] sample:		939.6 time, 990.1 real, 596.4 MB
[runlim] sample:		949.1 time, 1000.1 real, 598.7 MB
[runlim] sample:		958.9 time, 1010.1 real, 601.3 MB
[runlim] sample:		968.9 time, 1020.1 real, 603.9 MB
[runlim] sample:		978.9 time, 1030.1 real, 606.2 MB
[runlim] sample:		988.3 time, 1040.1 real, 608.5 MB
[runlim] sample:		996.7 time, 1050.1 real, 610.8 MB
[runlim] sample:		1005.7 time, 1060.1 real, 613.2 MB
[runlim] sample:		1013.5 time, 1070.1 real, 615.2 MB
[runlim] sample:		1022.0 time, 1080.1 real, 617.6 MB
[runlim] sample:		1031.4 time, 1090.1 real, 619.9 MB
[runlim] sample:		1040.8 time, 1100.1 real, 622.5 MB
[runlim] sample:		1050.8 time, 1110.1 real, 625.0 MB
[runlim] sample:		1060.8 time, 1120.1 real, 627.4 MB
[runlim] sample:		1070.7 time, 1130.1 real, 629.4 MB
[runlim] sample:		1080.0 time, 1140.1 real, 631.5 MB
[runlim] sample:		1088.5 time, 1150.1 real, 632.8 MB
[runlim] sample:		1098.2 time, 1160.1 real, 635.3 MB
[runlim] sample:		1108.1 time, 1170.1 real, 637.9 MB
[runlim] sample:		1117.4 time, 1180.1 real, 640.8 MB
[runlim] sample:		1127.4 time, 1190.1 real, 642.8 MB
[runlim] sample:		1137.4 time, 1200.1 real, 645.7 MB
[runlim] sample:		1147.4 time, 1210.1 real, 648.0 MB
[runlim] sample:		1157.4 time, 1220.1 real, 650.8 MB
[runlim] sample:		1167.4 time, 1230.1 real, 653.1 MB
[runlim] sample:		1175.9 time, 1240.1 real, 654.4 MB
[runlim] sample:		1185.5 time, 1250.1 real, 656.7 MB
[runlim] sample:		1195.1 time, 1260.1 real, 659.1 MB
[runlim] sample:		1204.6 time, 1270.1 real, 663.7 MB
[runlim] sample:		1213.7 time, 1280.1 real, 664.2 MB
[runlim] sample:		1223.0 time, 1290.1 real, 665.7 MB
[runlim] sample:		1231.9 time, 1300.1 real, 667.5 MB
[runlim] sample:		1241.9 time, 1310.1 real, 671.4 MB
[runlim] sample:		1251.1 time, 1320.1 real, 673.2 MB
[runlim] sample:		1259.1 time, 1330.1 real, 675.0 MB
[runlim] sample:		1267.9 time, 1340.1 real, 676.8 MB
[runlim] sample:		1277.3 time, 1350.1 real, 679.4 MB
[runlim] sample:		1285.7 time, 1360.1 real, 680.7 MB
[runlim] sample:		1294.5 time, 1370.1 real, 682.5 MB
[runlim] sample:		1304.2 time, 1380.1 real, 689.0 MB
[runlim] sample:		1313.6 time, 1390.1 real, 692.6 MB
[runlim] sample:		1323.6 time, 1400.1 real, 693.9 MB
[runlim] sample:		1332.5 time, 1410.1 real, 695.4 MB
[runlim] sample:		1341.5 time, 1420.1 real, 696.7 MB
[runlim] sample:		1351.2 time, 1430.1 real, 699.1 MB
[runlim] sample:		1360.9 time, 1440.1 real, 701.9 MB
[runlim] sample:		1370.6 time, 1450.1 real, 702.7 MB
[runlim] sample:		1380.3 time, 1460.1 real, 705.0 MB
[runlim] sample:		1390.2 time, 1470.1 real, 708.1 MB
[runlim] sample:		1400.2 time, 1480.1 real, 709.6 MB
[runlim] sample:		1410.1 time, 1490.1 real, 714.4 MB
[runlim] sample:		1419.8 time, 1500.1 real, 715.6 MB
[runlim] sample:		1429.5 time, 1510.1 real, 721.9 MB
[runlim] sample:		1439.0 time, 1520.1 real, 722.4 MB
[runlim] sample:		1448.1 time, 1530.1 real, 722.7 MB
[runlim] sample:		1458.1 time, 1540.1 real, 726.8 MB
[runlim] sample:		1468.1 time, 1550.1 real, 728.6 MB
[runlim] sample:		1478.1 time, 1560.1 real, 733.0 MB
[runlim] sample:		1488.1 time, 1570.1 real, 733.3 MB
[runlim] sample:		1498.1 time, 1580.1 real, 734.8 MB
[runlim] sample:		1507.0 time, 1590.1 real, 736.1 MB
[runlim] sample:		1516.5 time, 1600.1 real, 738.2 MB
[runlim] sample:		1524.8 time, 1610.1 real, 739.4 MB
[runlim] sample:		1534.1 time, 1620.1 real, 743.0 MB
[runlim] sample:		1544.1 time, 1630.1 real, 744.1 MB
[runlim] sample:		1552.5 time, 1640.1 real, 745.4 MB
[runlim] sample:		1562.4 time, 1650.1 real, 746.7 MB
[runlim] sample:		1572.4 time, 1660.1 real, 749.0 MB
[runlim] sample:		1582.1 time, 1670.1 real, 750.3 MB
[runlim] sample:		1592.1 time, 1680.1 real, 751.8 MB
[runlim] sample:		1602.0 time, 1690.1 real, 754.1 MB
[runlim] sample:		1610.8 time, 1700.1 real, 755.4 MB
[runlim] sample:		1620.1 time, 1710.1 real, 757.5 MB
[runlim] sample:		1629.8 time, 1720.1 real, 767.2 MB
[runlim] sample:		1639.7 time, 1730.1 real, 769.2 MB
[runlim] sample:		1649.5 time, 1740.1 real, 771.8 MB
[runlim] sample:		1659.5 time, 1750.1 real, 774.4 MB
[runlim] sample:		1668.5 time, 1760.1 real, 776.5 MB
[runlim] sample:		1678.4 time, 1770.1 real, 777.8 MB
[runlim] sample:		1687.7 time, 1780.1 real, 779.8 MB
[runlim] sample:		1695.6 time, 1790.1 real, 781.1 MB
[runlim] sample:		1704.5 time, 1800.1 real, 782.6 MB
[runlim] sample:		1714.4 time, 1810.1 real, 785.0 MB
[runlim] sample:		1724.4 time, 1820.1 real, 786.8 MB
[runlim] sample:		1734.4 time, 1830.1 real, 788.1 MB
[runlim] sample:		1744.4 time, 1840.1 real, 790.6 MB
[runlim] sample:		1754.4 time, 1850.1 real, 792.4 MB
[runlim] sample:		1764.4 time, 1860.1 real, 794.0 MB
[runlim] sample:		1774.4 time, 1870.1 real, 796.1 MB
[runlim] sample:		1784.4 time, 1880.1 real, 797.6 MB
[runlim] sample:		1794.4 time, 1890.1 real, 799.4 MB
CVC4 interrupted by SIGTERM.
[runlim] end:			Tue Feb 19 01:34:20 2019
[runlim] status:		out of time
[runlim] result:		2
[runlim] children:		0
[runlim] real:			1895.87 seconds
[runlim] time:			1800.06 seconds
[runlim] space:			800.7 MB
[runlim] samples:		18957
