[runlim] version:		1.10fixed
[runlim] time limit:		1800 seconds
[runlim] real time limit:	311040000 seconds
[runlim] space limit:		4000 MB
[runlim] argv[0]:		./cvc4
[runlim] argv[1]:		--nl-ext-tplanes
[runlim] argv[2]:		/tmp/49JIfAv0.smt2
[runlim] start:			Fri Feb 15 00:55:40 2019
[runlim] main pid:		21910
[runlim] sample:		8.7 time, 10.2 real, 55.9 MB
[runlim] sample:		17.4 time, 20.2 real, 68.1 MB
[runlim] sample:		26.1 time, 30.2 real, 78.1 MB
[runlim] sample:		34.8 time, 40.2 real, 85.4 MB
[runlim] sample:		43.5 time, 50.2 real, 89.8 MB
[runlim] sample:		52.1 time, 60.2 real, 95.1 MB
[runlim] sample:		60.8 time, 70.2 real, 100.0 MB
[runlim] sample:		69.5 time, 80.2 real, 105.7 MB
[runlim] sample:		78.2 time, 90.2 real, 109.1 MB
[runlim] sample:		87.0 time, 100.2 real, 113.0 MB
[runlim] sample:		95.7 time, 110.2 real, 115.5 MB
[runlim] sample:		104.4 time, 120.2 real, 119.4 MB
[runlim] sample:		113.1 time, 130.2 real, 122.2 MB
[runlim] sample:		121.8 time, 140.2 real, 125.8 MB
[runlim] sample:		130.4 time, 150.2 real, 129.9 MB
[runlim] sample:		139.2 time, 160.2 real, 131.2 MB
[runlim] sample:		147.8 time, 170.2 real, 134.0 MB
[runlim] sample:		156.5 time, 180.2 real, 135.8 MB
[runlim] sample:		165.9 time, 190.2 real, 137.4 MB
[runlim] sample:		175.9 time, 200.2 real, 141.7 MB
[runlim] sample:		185.9 time, 210.2 real, 143.4 MB
[runlim] sample:		195.4 time, 220.2 real, 144.9 MB
[runlim] sample:		204.2 time, 230.2 real, 148.2 MB
[runlim] sample:		214.1 time, 240.2 real, 150.3 MB
[runlim] sample:		224.1 time, 250.2 real, 151.8 MB
[runlim] sample:		234.1 time, 260.2 real, 155.9 MB
[runlim] sample:		244.1 time, 270.2 real, 157.7 MB
[runlim] sample:		254.1 time, 280.2 real, 159.0 MB
[runlim] sample:		264.1 time, 290.2 real, 161.8 MB
[runlim] sample:		274.1 time, 300.2 real, 163.4 MB
[runlim] sample:		284.1 time, 310.2 real, 164.7 MB
[runlim] sample:		294.1 time, 320.2 real, 167.5 MB
[runlim] sample:		304.1 time, 330.2 real, 168.6 MB
[runlim] sample:		314.1 time, 340.2 real, 169.9 MB
[runlim] sample:		324.1 time, 350.2 real, 171.4 MB
[runlim] sample:		334.1 time, 360.2 real, 174.5 MB
[runlim] sample:		344.1 time, 370.2 real, 175.3 MB
[runlim] sample:		353.6 time, 380.2 real, 176.3 MB
[runlim] sample:		362.6 time, 390.2 real, 177.6 MB
[runlim] sample:		372.3 time, 400.2 real, 179.4 MB
[runlim] sample:		382.1 time, 410.2 real, 182.0 MB
[runlim] sample:		392.1 time, 420.2 real, 183.2 MB
[runlim] sample:		402.1 time, 430.2 real, 184.5 MB
[runlim] sample:		412.1 time, 440.2 real, 185.1 MB
[runlim] sample:		422.0 time, 450.2 real, 186.3 MB
[runlim] sample:		432.0 time, 460.2 real, 188.9 MB
[runlim] sample:		442.0 time, 470.2 real, 190.5 MB
[runlim] sample:		452.0 time, 480.2 real, 193.3 MB
[runlim] sample:		462.0 time, 490.2 real, 194.3 MB
[runlim] sample:		472.0 time, 500.2 real, 196.1 MB
[runlim] sample:		482.0 time, 510.2 real, 197.9 MB
[runlim] sample:		491.6 time, 520.2 real, 199.5 MB
[runlim] sample:		501.2 time, 530.2 real, 200.0 MB
[runlim] sample:		511.2 time, 540.2 real, 201.0 MB
[runlim] sample:		521.2 time, 550.2 real, 201.7 MB
[runlim] sample:		531.2 time, 560.2 real, 202.4 MB
[runlim] sample:		541.2 time, 570.2 real, 205.0 MB
[runlim] sample:		551.2 time, 580.2 real, 205.3 MB
[runlim] sample:		560.8 time, 590.2 real, 207.1 MB
[runlim] sample:		570.4 time, 600.2 real, 207.6 MB
[runlim] sample:		579.1 time, 610.2 real, 208.6 MB
[runlim] sample:		587.8 time, 620.2 real, 210.2 MB
[runlim] sample:		596.6 time, 630.2 real, 211.2 MB
[runlim] sample:		605.8 time, 640.2 real, 211.5 MB
[runlim] sample:		615.8 time, 650.2 real, 212.5 MB
[runlim] sample:		625.8 time, 660.2 real, 212.7 MB
[runlim] sample:		635.8 time, 670.2 real, 214.0 MB
[runlim] sample:		645.8 time, 680.2 real, 214.3 MB
[runlim] sample:		655.8 time, 690.2 real, 216.9 MB
[runlim] sample:		665.8 time, 700.2 real, 217.1 MB
[runlim] sample:		675.8 time, 710.2 real, 218.4 MB
[runlim] sample:		685.8 time, 720.2 real, 218.4 MB
[runlim] sample:		695.8 time, 730.2 real, 220.5 MB
[runlim] sample:		705.8 time, 740.2 real, 220.5 MB
[runlim] sample:		715.8 time, 750.2 real, 222.8 MB
[runlim] sample:		725.8 time, 760.2 real, 223.1 MB
[runlim] sample:		735.2 time, 770.2 real, 224.9 MB
[runlim] sample:		745.2 time, 780.2 real, 225.7 MB
[runlim] sample:		755.2 time, 790.2 real, 226.9 MB
[runlim] sample:		764.7 time, 800.2 real, 228.0 MB
[runlim] sample:		774.2 time, 810.2 real, 228.0 MB
[runlim] sample:		784.2 time, 820.2 real, 230.0 MB
[runlim] sample:		793.6 time, 830.2 real, 230.0 MB
[runlim] sample:		802.5 time, 840.2 real, 232.1 MB
[runlim] sample:		812.5 time, 850.2 real, 233.1 MB
[runlim] sample:		822.5 time, 860.2 real, 233.1 MB
[runlim] sample:		832.5 time, 870.2 real, 235.2 MB
[runlim] sample:		841.4 time, 880.2 real, 235.4 MB
[runlim] sample:		850.6 time, 890.2 real, 236.0 MB
[runlim] sample:		860.6 time, 900.2 real, 237.0 MB
[runlim] sample:		870.6 time, 910.2 real, 237.0 MB
[runlim] sample:		880.6 time, 920.2 real, 238.2 MB
[runlim] sample:		890.5 time, 930.2 real, 239.8 MB
[runlim] sample:		900.5 time, 940.2 real, 240.3 MB
[runlim] sample:		910.3 time, 950.2 real, 241.3 MB
[runlim] sample:		918.9 time, 960.2 real, 241.3 MB
[runlim] sample:		927.9 time, 970.2 real, 242.1 MB
[runlim] sample:		937.9 time, 980.2 real, 242.8 MB
[runlim] sample:		947.9 time, 990.2 real, 242.8 MB
[runlim] sample:		957.9 time, 1000.2 real, 243.3 MB
[runlim] sample:		966.9 time, 1010.2 real, 244.1 MB
[runlim] sample:		975.9 time, 1020.2 real, 244.1 MB
[runlim] sample:		984.9 time, 1030.2 real, 247.9 MB
[runlim] sample:		993.9 time, 1040.2 real, 248.4 MB
[runlim] sample:		1002.9 time, 1050.2 real, 248.7 MB
[runlim] sample:		1012.6 time, 1060.2 real, 249.5 MB
[runlim] sample:		1022.6 time, 1070.2 real, 250.0 MB
[runlim] sample:		1032.6 time, 1080.2 real, 250.8 MB
[runlim] sample:		1042.6 time, 1090.2 real, 251.3 MB
[runlim] sample:		1052.6 time, 1100.2 real, 251.5 MB
[runlim] sample:		1062.6 time, 1110.2 real, 253.6 MB
[runlim] sample:		1072.5 time, 1120.2 real, 254.4 MB
[runlim] sample:		1082.5 time, 1130.2 real, 254.4 MB
[runlim] sample:		1092.5 time, 1140.2 real, 254.9 MB
[runlim] sample:		1102.5 time, 1150.2 real, 256.2 MB
[runlim] sample:		1112.5 time, 1160.2 real, 256.2 MB
[runlim] sample:		1122.5 time, 1170.2 real, 256.7 MB
[runlim] sample:		1132.2 time, 1180.2 real, 257.2 MB
[runlim] sample:		1140.6 time, 1190.2 real, 257.2 MB
[runlim] sample:		1150.3 time, 1200.2 real, 258.0 MB
[runlim] sample:		1160.0 time, 1210.2 real, 259.8 MB
[runlim] sample:		1169.7 time, 1220.2 real, 259.8 MB
[runlim] sample:		1177.5 time, 1230.2 real, 260.3 MB
[runlim] sample:		1186.7 time, 1240.2 real, 261.1 MB
[runlim] sample:		1196.0 time, 1250.2 real, 261.3 MB
[runlim] sample:		1206.0 time, 1260.2 real, 262.9 MB
[runlim] sample:		1216.0 time, 1270.2 real, 263.4 MB
[runlim] sample:		1225.0 time, 1280.2 real, 263.9 MB
[runlim] sample:		1233.6 time, 1290.2 real, 263.9 MB
[runlim] sample:		1242.2 time, 1300.2 real, 264.4 MB
[runlim] sample:		1250.8 time, 1310.2 real, 266.5 MB
[runlim] sample:		1259.5 time, 1320.2 real, 266.7 MB
[runlim] sample:		1269.2 time, 1330.2 real, 268.0 MB
[runlim] sample:		1279.2 time, 1340.2 real, 269.1 MB
[runlim] sample:		1288.1 time, 1350.2 real, 269.3 MB
[runlim] sample:		1296.4 time, 1360.2 real, 269.3 MB
[runlim] sample:		1304.7 time, 1370.2 real, 269.6 MB
[runlim] sample:		1312.9 time, 1380.2 real, 270.3 MB
[runlim] sample:		1321.2 time, 1390.2 real, 270.8 MB
[runlim] sample:		1329.5 time, 1400.2 real, 270.8 MB
[runlim] sample:		1337.8 time, 1410.2 real, 271.3 MB
[runlim] sample:		1346.0 time, 1420.2 real, 271.8 MB
[runlim] sample:		1354.6 time, 1430.2 real, 272.1 MB
[runlim] sample:		1363.6 time, 1440.2 real, 272.1 MB
[runlim] sample:		1372.6 time, 1450.2 real, 274.2 MB
[runlim] sample:		1381.6 time, 1460.2 real, 274.7 MB
[runlim] sample:		1390.6 time, 1470.2 real, 275.2 MB
[runlim] sample:		1399.6 time, 1480.2 real, 275.2 MB
[runlim] sample:		1408.6 time, 1490.2 real, 275.8 MB
[runlim] sample:		1417.6 time, 1500.2 real, 277.3 MB
[runlim] sample:		1426.6 time, 1510.2 real, 277.6 MB
[runlim] sample:		1434.9 time, 1520.2 real, 277.6 MB
[runlim] sample:		1443.2 time, 1530.2 real, 278.1 MB
[runlim] sample:		1453.1 time, 1540.2 real, 278.6 MB
[runlim] sample:		1463.0 time, 1550.2 real, 278.8 MB
[runlim] sample:		1471.2 time, 1560.2 real, 279.1 MB
[runlim] sample:		1479.6 time, 1570.2 real, 279.4 MB
[runlim] sample:		1488.3 time, 1580.2 real, 281.4 MB
[runlim] sample:		1497.7 time, 1590.2 real, 281.7 MB
[runlim] sample:		1507.5 time, 1600.2 real, 281.9 MB
[runlim] sample:		1516.5 time, 1610.2 real, 282.2 MB
[runlim] sample:		1525.0 time, 1620.2 real, 282.7 MB
[runlim] sample:		1533.6 time, 1630.2 real, 282.7 MB
[runlim] sample:		1541.7 time, 1640.2 real, 283.2 MB
[runlim] sample:		1550.8 time, 1650.2 real, 283.5 MB
[runlim] sample:		1560.8 time, 1660.2 real, 284.3 MB
[runlim] sample:		1570.8 time, 1670.2 real, 284.5 MB
[runlim] sample:		1580.8 time, 1680.2 real, 284.5 MB
[runlim] sample:		1590.8 time, 1690.2 real, 285.3 MB
[runlim] sample:		1600.8 time, 1700.2 real, 285.8 MB
[runlim] sample:		1610.8 time, 1710.2 real, 285.8 MB
[runlim] sample:		1620.8 time, 1720.2 real, 287.4 MB
[runlim] sample:		1630.8 time, 1730.2 real, 288.4 MB
[runlim] sample:		1640.8 time, 1740.2 real, 288.6 MB
[runlim] sample:		1650.1 time, 1750.2 real, 288.6 MB
[runlim] sample:		1659.2 time, 1760.2 real, 290.6 MB
[runlim] sample:		1667.7 time, 1770.2 real, 290.9 MB
[runlim] sample:		1676.4 time, 1780.2 real, 291.2 MB
[runlim] sample:		1684.0 time, 1790.2 real, 291.4 MB
[runlim] sample:		1693.0 time, 1800.2 real, 291.7 MB
[runlim] sample:		1702.9 time, 1810.2 real, 291.9 MB
[runlim] sample:		1712.9 time, 1820.2 real, 292.7 MB
[runlim] sample:		1722.9 time, 1830.2 real, 293.0 MB
[runlim] sample:		1732.9 time, 1840.2 real, 293.3 MB
[runlim] sample:		1742.9 time, 1850.2 real, 294.8 MB
[runlim] sample:		1752.9 time, 1860.2 real, 295.6 MB
[runlim] sample:		1762.9 time, 1870.2 real, 295.8 MB
[runlim] sample:		1772.9 time, 1880.2 real, 295.8 MB
[runlim] sample:		1782.9 time, 1890.2 real, 296.4 MB
[runlim] end:			Fri Feb 15 01:27:14 2019
[runlim] status:		signal(9)
[runlim] result:		11
[runlim] children:		0
[runlim] real:			1894.01 seconds
[runlim] time:			1786.61 seconds
[runlim] space:			296.4 MB
[runlim] samples:		18937
