[runlim] version:		1.10fixed
[runlim] time limit:		300 seconds
[runlim] real time limit:	311040000 seconds
[runlim] space limit:		4000 MB
[runlim] argv[0]:		./cvc4
[runlim] argv[1]:		--nl-ext-tplanes
[runlim] argv[2]:		/tmp/Qr8y2XhS.smt2
[runlim] start:			Wed Feb 13 23:24:36 2019
[runlim] main pid:		20085
[runlim] sample:		9.3 time, 10.9 real, 83.9 MB
[runlim] sample:		18.7 time, 20.9 real, 110.7 MB
[runlim] sample:		28.4 time, 30.9 real, 133.0 MB
[runlim] sample:		38.0 time, 40.9 real, 150.6 MB
[runlim] sample:		47.7 time, 50.9 real, 164.9 MB
[runlim] sample:		57.3 time, 60.9 real, 177.4 MB
[runlim] sample:		67.0 time, 70.9 real, 187.8 MB
[runlim] sample:		77.0 time, 80.9 real, 200.9 MB
[runlim] sample:		86.1 time, 90.9 real, 210.6 MB
[runlim] sample:		95.6 time, 100.9 real, 225.0 MB
[runlim] sample:		105.4 time, 110.9 real, 233.1 MB
[runlim] sample:		115.3 time, 120.9 real, 241.6 MB
[runlim] sample:		125.3 time, 130.9 real, 250.0 MB
[runlim] sample:		134.4 time, 140.9 real, 257.5 MB
[runlim] sample:		143.8 time, 150.9 real, 265.7 MB
[runlim] sample:		152.9 time, 160.9 real, 273.5 MB
[runlim] sample:		162.0 time, 170.9 real, 281.2 MB
[runlim] sample:		171.8 time, 180.9 real, 287.6 MB
[runlim] sample:		181.8 time, 190.9 real, 294.5 MB
[runlim] sample:		191.7 time, 200.9 real, 300.6 MB
[runlim] sample:		201.6 time, 210.9 real, 306.7 MB
[runlim] sample:		210.9 time, 220.9 real, 312.1 MB
[runlim] sample:		219.9 time, 230.9 real, 317.2 MB
[runlim] sample:		228.4 time, 240.9 real, 322.3 MB
[runlim] sample:		238.4 time, 250.9 real, 327.6 MB
[runlim] sample:		248.4 time, 260.9 real, 333.0 MB
[runlim] sample:		258.2 time, 270.9 real, 338.1 MB
[runlim] sample:		268.1 time, 280.9 real, 342.8 MB
[runlim] sample:		278.1 time, 290.9 real, 347.9 MB
[runlim] sample:		288.1 time, 300.9 real, 352.3 MB
[runlim] sample:		298.1 time, 310.9 real, 356.7 MB
CVC4 interrupted by SIGTERM.
[runlim] end:			Wed Feb 13 23:29:48 2019
[runlim] status:		out of time
[runlim] result:		2
[runlim] children:		0
[runlim] real:			312.84 seconds
[runlim] time:			300.02 seconds
[runlim] space:			357.5 MB
[runlim] samples:		3119
