[runlim] version:		1.10fixed
[runlim] time limit:		300 seconds
[runlim] real time limit:	311040000 seconds
[runlim] space limit:		4000 MB
[runlim] argv[0]:		./cvc4
[runlim] argv[1]:		--nl-ext-tplanes
[runlim] argv[2]:		/tmp/xAi7gmid.smt2
[runlim] start:			Tue Jan 29 11:52:31 2019
[runlim] main pid:		15285
[runlim] sample:		9.1 time, 10.7 real, 79.8 MB
[runlim] sample:		19.1 time, 20.7 real, 99.5 MB
[runlim] sample:		29.1 time, 30.7 real, 114.3 MB
[runlim] sample:		39.1 time, 40.7 real, 122.8 MB
[runlim] sample:		47.7 time, 50.7 real, 130.5 MB
[runlim] sample:		57.5 time, 60.7 real, 141.3 MB
[runlim] sample:		67.5 time, 70.7 real, 147.4 MB
[runlim] sample:		77.5 time, 80.7 real, 153.4 MB
[runlim] sample:		87.5 time, 90.7 real, 158.3 MB
[runlim] sample:		97.5 time, 100.7 real, 163.2 MB
[runlim] sample:		107.5 time, 110.7 real, 168.3 MB
[runlim] sample:		117.5 time, 120.7 real, 172.7 MB
[runlim] sample:		127.5 time, 130.7 real, 177.9 MB
[runlim] sample:		137.5 time, 140.7 real, 181.0 MB
[runlim] sample:		147.5 time, 150.7 real, 184.8 MB
[runlim] sample:		156.8 time, 160.7 real, 188.9 MB
[runlim] sample:		166.3 time, 170.7 real, 192.0 MB
[runlim] sample:		175.9 time, 180.7 real, 195.4 MB
[runlim] sample:		185.6 time, 190.7 real, 199.6 MB
[runlim] sample:		195.2 time, 200.7 real, 203.0 MB
[runlim] sample:		205.1 time, 210.7 real, 207.1 MB
[runlim] sample:		215.1 time, 220.7 real, 209.7 MB
[runlim] sample:		225.1 time, 230.7 real, 212.0 MB
[runlim] sample:		235.1 time, 240.7 real, 215.9 MB
[runlim] sample:		245.1 time, 250.7 real, 219.0 MB
[runlim] sample:		254.8 time, 260.7 real, 220.5 MB
[runlim] sample:		264.5 time, 270.7 real, 223.1 MB
[runlim] sample:		274.4 time, 280.7 real, 224.9 MB
[runlim] sample:		284.2 time, 290.7 real, 227.4 MB
[runlim] sample:		293.9 time, 300.7 real, 229.5 MB
CVC4 interrupted by SIGTERM.
[runlim] end:			Tue Jan 29 11:57:38 2019
[runlim] status:		out of time
[runlim] result:		2
[runlim] children:		0
[runlim] real:			307.21 seconds
[runlim] time:			300.10 seconds
[runlim] space:			231.3 MB
[runlim] samples:		3065
