[runlim] version:		1.10fixed
[runlim] time limit:		300 seconds
[runlim] real time limit:	311040000 seconds
[runlim] space limit:		4000 MB
[runlim] argv[0]:		./cvc4
[runlim] argv[1]:		--nl-ext-tplanes
[runlim] argv[2]:		/tmp/nczOYWmq.smt2
[runlim] start:			Tue Jan 29 11:49:46 2019
[runlim] main pid:		22142
[runlim] sample:		8.8 time, 10.3 real, 60.1 MB
[runlim] sample:		18.4 time, 20.3 real, 75.0 MB
[runlim] sample:		28.4 time, 30.3 real, 85.1 MB
[runlim] sample:		38.4 time, 40.3 real, 89.4 MB
[runlim] sample:		48.4 time, 50.3 real, 92.3 MB
[runlim] sample:		58.4 time, 60.3 real, 93.3 MB
[runlim] sample:		68.4 time, 70.3 real, 104.5 MB
[runlim] sample:		78.4 time, 80.3 real, 110.8 MB
[runlim] sample:		88.4 time, 90.3 real, 118.0 MB
[runlim] sample:		98.4 time, 100.3 real, 121.6 MB
[runlim] sample:		108.4 time, 110.3 real, 126.8 MB
[runlim] sample:		118.4 time, 120.3 real, 132.4 MB
[runlim] sample:		128.4 time, 130.3 real, 136.0 MB
[runlim] sample:		138.4 time, 140.3 real, 138.1 MB
[runlim] sample:		148.4 time, 150.3 real, 141.2 MB
[runlim] sample:		158.4 time, 160.3 real, 146.2 MB
[runlim] sample:		168.4 time, 170.3 real, 150.2 MB
[runlim] sample:		178.4 time, 180.3 real, 152.6 MB
[runlim] sample:		188.4 time, 190.3 real, 154.9 MB
[runlim] sample:		198.4 time, 200.3 real, 155.2 MB
[runlim] sample:		208.4 time, 210.3 real, 157.8 MB
[runlim] sample:		218.4 time, 220.3 real, 160.6 MB
[runlim] sample:		228.4 time, 230.3 real, 163.7 MB
[runlim] sample:		238.4 time, 240.3 real, 166.3 MB
[runlim] sample:		248.4 time, 250.3 real, 169.6 MB
[runlim] sample:		258.4 time, 260.3 real, 169.6 MB
[runlim] sample:		268.4 time, 270.3 real, 171.9 MB
[runlim] sample:		278.4 time, 280.3 real, 175.0 MB
[runlim] sample:		288.4 time, 290.3 real, 175.0 MB
[runlim] sample:		298.4 time, 300.3 real, 177.1 MB
CVC4 interrupted by SIGTERM.
[runlim] end:			Tue Jan 29 11:54:47 2019
[runlim] status:		out of time
[runlim] result:		2
[runlim] children:		0
[runlim] real:			301.99 seconds
[runlim] time:			300.09 seconds
[runlim] space:			177.1 MB
[runlim] samples:		3017
