[runlim] version:		1.10fixed
[runlim] time limit:		1800 seconds
[runlim] real time limit:	311040000 seconds
[runlim] space limit:		4000 MB
[runlim] argv[0]:		./cvc4
[runlim] argv[1]:		--nl-ext-tplanes
[runlim] argv[2]:		/tmp/RgO2Fjrv.smt2
[runlim] start:			Tue Feb 19 00:30:12 2019
[runlim] main pid:		24236
/tmp/RgO2Fjrv.smt2:4.12: No set-logic command was given before this point.
/tmp/RgO2Fjrv.smt2:4.12: CVC4 will make all theories available.
/tmp/RgO2Fjrv.smt2:4.12: Consider setting a stricter logic for (likely) better performance.
/tmp/RgO2Fjrv.smt2:4.12: To suppress this warning in the future use (set-logic ALL).
[runlim] sample:		9.6 time, 10.2 real, 101.7 MB
[runlim] sample:		19.3 time, 20.2 real, 118.5 MB
[runlim] sample:		28.9 time, 30.2 real, 122.9 MB
[runlim] sample:		38.4 time, 40.2 real, 136.6 MB
[runlim] sample:		47.7 time, 50.2 real, 141.5 MB
[runlim] sample:		57.2 time, 60.2 real, 165.7 MB
[runlim] sample:		66.6 time, 70.2 real, 167.5 MB
[runlim] sample:		74.9 time, 80.2 real, 169.3 MB
[runlim] sample:		83.3 time, 90.2 real, 170.1 MB
[runlim] sample:		92.3 time, 100.2 real, 183.9 MB
[runlim] sample:		101.9 time, 110.2 real, 188.8 MB
[runlim] sample:		111.9 time, 120.2 real, 190.6 MB
[runlim] sample:		121.9 time, 130.2 real, 202.4 MB
[runlim] sample:		131.9 time, 140.2 real, 207.8 MB
[runlim] sample:		141.9 time, 150.2 real, 210.6 MB
[runlim] sample:		151.9 time, 160.2 real, 214.2 MB
[runlim] sample:		161.9 time, 170.2 real, 217.6 MB
[runlim] sample:		171.9 time, 180.2 real, 257.0 MB
[runlim] sample:		181.9 time, 190.2 real, 257.0 MB
[runlim] sample:		191.9 time, 200.2 real, 257.2 MB
[runlim] sample:		201.9 time, 210.2 real, 259.0 MB
[runlim] sample:		211.9 time, 220.2 real, 259.0 MB
[runlim] sample:		221.9 time, 230.2 real, 264.2 MB
[runlim] sample:		231.9 time, 240.2 real, 264.2 MB
[runlim] sample:		241.9 time, 250.2 real, 264.2 MB
[runlim] sample:		251.9 time, 260.2 real, 264.7 MB
[runlim] sample:		261.9 time, 270.2 real, 267.5 MB
[runlim] sample:		271.9 time, 280.2 real, 268.1 MB
[runlim] sample:		281.9 time, 290.2 real, 271.4 MB
[runlim] sample:		291.9 time, 300.2 real, 288.6 MB
[runlim] sample:		301.9 time, 310.2 real, 288.6 MB
[runlim] sample:		311.9 time, 320.2 real, 288.6 MB
[runlim] sample:		321.9 time, 330.2 real, 292.2 MB
[runlim] sample:		331.9 time, 340.2 real, 295.8 MB
[runlim] sample:		341.9 time, 350.2 real, 296.1 MB
[runlim] sample:		351.9 time, 360.2 real, 299.7 MB
[runlim] sample:		361.9 time, 370.2 real, 316.9 MB
[runlim] sample:		371.9 time, 380.2 real, 318.7 MB
[runlim] sample:		381.9 time, 390.2 real, 318.7 MB
[runlim] sample:		391.9 time, 400.2 real, 318.7 MB
[runlim] sample:		401.9 time, 410.2 real, 321.0 MB
[runlim] sample:		411.9 time, 420.2 real, 326.1 MB
[runlim] sample:		421.9 time, 430.2 real, 326.1 MB
[runlim] sample:		431.9 time, 440.2 real, 326.4 MB
[runlim] sample:		441.9 time, 450.2 real, 330.0 MB
[runlim] sample:		451.9 time, 460.2 real, 401.9 MB
[runlim] sample:		461.9 time, 470.2 real, 401.9 MB
[runlim] sample:		471.9 time, 480.2 real, 401.9 MB
[runlim] sample:		481.9 time, 490.2 real, 401.9 MB
[runlim] sample:		491.9 time, 500.2 real, 401.9 MB
[runlim] sample:		501.9 time, 510.2 real, 405.0 MB
[runlim] sample:		511.9 time, 520.2 real, 405.0 MB
[runlim] sample:		521.9 time, 530.2 real, 405.0 MB
[runlim] sample:		531.9 time, 540.2 real, 405.0 MB
[runlim] sample:		541.9 time, 550.2 real, 405.5 MB
[runlim] sample:		551.9 time, 560.2 real, 408.4 MB
[runlim] sample:		561.9 time, 570.2 real, 412.5 MB
[runlim] sample:		571.9 time, 580.2 real, 412.5 MB
[runlim] sample:		581.9 time, 590.2 real, 412.5 MB
[runlim] sample:		591.9 time, 600.2 real, 412.5 MB
[runlim] sample:		601.9 time, 610.2 real, 412.5 MB
[runlim] sample:		611.9 time, 620.2 real, 415.9 MB
[runlim] sample:		621.9 time, 630.2 real, 415.9 MB
[runlim] sample:		631.9 time, 640.2 real, 415.9 MB
[runlim] sample:		641.9 time, 650.2 real, 415.9 MB
[runlim] sample:		651.9 time, 660.2 real, 415.9 MB
[runlim] sample:		661.9 time, 670.2 real, 416.4 MB
[runlim] sample:		671.9 time, 680.2 real, 432.0 MB
[runlim] sample:		681.9 time, 690.2 real, 433.8 MB
[runlim] sample:		691.9 time, 700.2 real, 434.3 MB
[runlim] sample:		701.9 time, 710.2 real, 434.3 MB
[runlim] sample:		711.9 time, 720.2 real, 434.3 MB
[runlim] sample:		721.9 time, 730.2 real, 434.5 MB
[runlim] sample:		731.9 time, 740.2 real, 437.6 MB
[runlim] sample:		741.8 time, 750.2 real, 444.3 MB
[runlim] sample:		751.8 time, 760.2 real, 444.3 MB
[runlim] sample:		761.8 time, 770.2 real, 444.3 MB
[runlim] sample:		771.8 time, 780.2 real, 444.6 MB
[runlim] sample:		781.8 time, 790.2 real, 445.1 MB
[runlim] sample:		791.8 time, 800.2 real, 456.4 MB
[runlim] sample:		801.8 time, 810.2 real, 456.4 MB
[runlim] sample:		811.8 time, 820.2 real, 474.1 MB
[runlim] sample:		821.8 time, 830.2 real, 476.6 MB
[runlim] sample:		831.8 time, 840.2 real, 476.6 MB
[runlim] sample:		841.8 time, 850.2 real, 476.6 MB
[runlim] sample:		851.8 time, 860.2 real, 476.6 MB
[runlim] sample:		861.8 time, 870.2 real, 476.6 MB
[runlim] sample:		871.8 time, 880.2 real, 478.7 MB
[runlim] sample:		881.8 time, 890.2 real, 485.9 MB
[runlim] sample:		891.8 time, 900.2 real, 485.9 MB
[runlim] sample:		901.8 time, 910.2 real, 486.2 MB
[runlim] sample:		911.8 time, 920.2 real, 486.2 MB
[runlim] sample:		921.8 time, 930.2 real, 486.7 MB
[runlim] sample:		931.8 time, 940.2 real, 487.2 MB
[runlim] sample:		941.8 time, 950.2 real, 490.8 MB
[runlim] sample:		951.8 time, 960.2 real, 497.5 MB
[runlim] sample:		961.8 time, 970.2 real, 515.8 MB
[runlim] sample:		971.8 time, 980.2 real, 517.9 MB
[runlim] sample:		981.8 time, 990.2 real, 517.9 MB
[runlim] sample:		991.8 time, 1000.2 real, 517.9 MB
[runlim] sample:		1001.8 time, 1010.2 real, 517.9 MB
[runlim] sample:		1011.8 time, 1020.2 real, 517.9 MB
[runlim] sample:		1021.8 time, 1030.2 real, 517.9 MB
[runlim] sample:		1031.8 time, 1040.2 real, 519.9 MB
[runlim] sample:		1041.8 time, 1050.2 real, 528.5 MB
[runlim] sample:		1051.8 time, 1060.2 real, 528.5 MB
[runlim] sample:		1061.8 time, 1070.2 real, 528.7 MB
[runlim] sample:		1071.8 time, 1080.2 real, 529.0 MB
[runlim] sample:		1081.8 time, 1090.2 real, 529.2 MB
[runlim] sample:		1091.8 time, 1100.2 real, 529.5 MB
[runlim] sample:		1101.8 time, 1110.2 real, 533.6 MB
[runlim] sample:		1111.8 time, 1120.2 real, 533.6 MB
[runlim] sample:		1121.8 time, 1130.2 real, 671.8 MB
[runlim] sample:		1131.8 time, 1140.2 real, 674.6 MB
[runlim] sample:		1141.8 time, 1150.2 real, 674.6 MB
[runlim] sample:		1151.8 time, 1160.2 real, 674.6 MB
[runlim] sample:		1161.8 time, 1170.2 real, 674.6 MB
[runlim] sample:		1171.8 time, 1180.2 real, 674.6 MB
[runlim] sample:		1181.8 time, 1190.2 real, 674.6 MB
[runlim] sample:		1191.8 time, 1200.2 real, 674.6 MB
[runlim] sample:		1201.8 time, 1210.2 real, 674.6 MB
[runlim] sample:		1211.8 time, 1220.2 real, 674.6 MB
[runlim] sample:		1221.8 time, 1230.2 real, 679.0 MB
[runlim] sample:		1231.8 time, 1240.2 real, 679.0 MB
[runlim] sample:		1241.8 time, 1250.2 real, 679.0 MB
[runlim] sample:		1251.8 time, 1260.2 real, 679.0 MB
[runlim] sample:		1261.8 time, 1270.2 real, 679.0 MB
[runlim] sample:		1271.8 time, 1280.2 real, 679.0 MB
[runlim] sample:		1281.8 time, 1290.2 real, 679.0 MB
[runlim] sample:		1291.8 time, 1300.2 real, 679.5 MB
[runlim] sample:		1301.8 time, 1310.2 real, 679.5 MB
[runlim] sample:		1311.8 time, 1320.2 real, 680.8 MB
[runlim] sample:		1321.8 time, 1330.2 real, 690.4 MB
[runlim] sample:		1331.8 time, 1340.2 real, 690.4 MB
[runlim] sample:		1341.8 time, 1350.2 real, 690.4 MB
[runlim] sample:		1351.8 time, 1360.2 real, 690.4 MB
[runlim] sample:		1361.8 time, 1370.2 real, 690.4 MB
[runlim] sample:		1371.8 time, 1380.2 real, 690.4 MB
[runlim] sample:		1381.8 time, 1390.2 real, 690.4 MB
[runlim] sample:		1391.8 time, 1400.2 real, 690.4 MB
[runlim] sample:		1401.8 time, 1410.2 real, 690.4 MB
[runlim] sample:		1411.8 time, 1420.2 real, 690.4 MB
[runlim] sample:		1421.8 time, 1430.2 real, 691.1 MB
[runlim] sample:		1431.8 time, 1440.2 real, 695.0 MB
[runlim] sample:		1441.8 time, 1450.2 real, 695.0 MB
[runlim] sample:		1451.8 time, 1460.2 real, 695.0 MB
[runlim] sample:		1461.8 time, 1470.2 real, 695.0 MB
[runlim] sample:		1471.8 time, 1480.2 real, 695.0 MB
[runlim] sample:		1481.8 time, 1490.2 real, 695.0 MB
[runlim] sample:		1491.8 time, 1500.2 real, 695.0 MB
[runlim] sample:		1501.8 time, 1510.2 real, 695.5 MB
[runlim] sample:		1511.8 time, 1520.2 real, 695.5 MB
[runlim] sample:		1521.8 time, 1530.2 real, 695.5 MB
[runlim] sample:		1531.8 time, 1540.2 real, 707.6 MB
[runlim] sample:		1541.8 time, 1550.2 real, 707.6 MB
[runlim] sample:		1551.8 time, 1560.2 real, 707.6 MB
[runlim] sample:		1561.8 time, 1570.2 real, 707.6 MB
[runlim] sample:		1571.8 time, 1580.2 real, 707.6 MB
[runlim] sample:		1581.8 time, 1590.2 real, 707.6 MB
[runlim] sample:		1591.8 time, 1600.2 real, 707.6 MB
[runlim] sample:		1601.8 time, 1610.2 real, 707.6 MB
[runlim] sample:		1611.8 time, 1620.2 real, 707.6 MB
[runlim] sample:		1621.8 time, 1630.2 real, 707.6 MB
[runlim] sample:		1631.8 time, 1640.2 real, 707.9 MB
[runlim] sample:		1641.8 time, 1650.2 real, 707.9 MB
[runlim] sample:		1651.8 time, 1660.2 real, 712.5 MB
[runlim] sample:		1661.8 time, 1670.2 real, 712.5 MB
[runlim] sample:		1671.8 time, 1680.2 real, 712.5 MB
[runlim] sample:		1681.8 time, 1690.2 real, 712.5 MB
[runlim] sample:		1691.8 time, 1700.2 real, 712.5 MB
[runlim] sample:		1701.8 time, 1710.2 real, 712.5 MB
[runlim] sample:		1711.7 time, 1720.2 real, 712.5 MB
[runlim] sample:		1721.7 time, 1730.2 real, 712.5 MB
[runlim] sample:		1731.7 time, 1740.2 real, 713.1 MB
[runlim] sample:		1741.7 time, 1750.2 real, 713.1 MB
[runlim] sample:		1751.7 time, 1760.2 real, 713.1 MB
[runlim] sample:		1761.7 time, 1770.2 real, 713.1 MB
[runlim] sample:		1771.7 time, 1780.2 real, 725.7 MB
[runlim] sample:		1781.7 time, 1790.2 real, 725.7 MB
[runlim] sample:		1791.7 time, 1800.2 real, 725.7 MB
CVC4 interrupted by SIGTERM.
[runlim] end:			Tue Feb 19 01:00:20 2019
[runlim] status:		out of time
[runlim] result:		2
[runlim] children:		0
[runlim] real:			1808.78 seconds
[runlim] time:			1800.04 seconds
[runlim] space:			779.0 MB
[runlim] samples:		18085
