[runlim] version:		1.10fixed
[runlim] time limit:		300 seconds
[runlim] real time limit:	311040000 seconds
[runlim] space limit:		4000 MB
[runlim] argv[0]:		./cvc4
[runlim] argv[1]:		--nl-ext-tplanes
[runlim] argv[2]:		/tmp/9j6B2J6e.smt2
[runlim] start:			Tue Jan 29 11:37:23 2019
[runlim] main pid:		18261
/tmp/9j6B2J6e.smt2:4.12: No set-logic command was given before this point.
/tmp/9j6B2J6e.smt2:4.12: CVC4 will make all theories available.
/tmp/9j6B2J6e.smt2:4.12: Consider setting a stricter logic for (likely) better performance.
/tmp/9j6B2J6e.smt2:4.12: To suppress this warning in the future use (set-logic ALL).
[runlim] sample:		9.2 time, 10.7 real, 80.2 MB
[runlim] sample:		18.9 time, 20.7 real, 110.7 MB
[runlim] sample:		28.5 time, 30.7 real, 128.6 MB
[runlim] sample:		38.5 time, 40.7 real, 143.5 MB
[runlim] sample:		48.4 time, 50.7 real, 155.3 MB
[runlim] sample:		57.2 time, 60.7 real, 172.0 MB
[runlim] sample:		66.1 time, 70.7 real, 183.9 MB
[runlim] sample:		75.3 time, 80.7 real, 195.7 MB
[runlim] sample:		85.0 time, 90.7 real, 204.2 MB
[runlim] sample:		94.2 time, 100.7 real, 210.6 MB
[runlim] sample:		103.1 time, 110.7 real, 221.2 MB
[runlim] sample:		111.6 time, 120.7 real, 224.8 MB
[runlim] sample:		119.6 time, 130.7 real, 229.9 MB
[runlim] sample:		127.8 time, 140.7 real, 239.2 MB
[runlim] sample:		136.5 time, 150.7 real, 244.4 MB
[runlim] sample:		144.7 time, 160.7 real, 253.5 MB
[runlim] sample:		153.2 time, 170.7 real, 258.3 MB
[runlim] sample:		163.2 time, 180.7 real, 264.5 MB
[runlim] sample:		173.2 time, 190.7 real, 269.4 MB
[runlim] sample:		183.2 time, 200.7 real, 274.8 MB
[runlim] sample:		192.2 time, 210.7 real, 279.4 MB
[runlim] sample:		200.6 time, 220.7 real, 292.3 MB
[runlim] sample:		209.5 time, 230.7 real, 296.9 MB
[runlim] sample:		218.6 time, 240.7 real, 301.3 MB
[runlim] sample:		228.0 time, 250.7 real, 305.9 MB
[runlim] sample:		237.5 time, 260.7 real, 309.8 MB
[runlim] sample:		245.5 time, 270.7 real, 313.4 MB
[runlim] sample:		254.0 time, 280.7 real, 320.4 MB
[runlim] sample:		262.5 time, 290.7 real, 320.9 MB
[runlim] sample:		270.8 time, 300.7 real, 324.0 MB
[runlim] sample:		280.4 time, 310.7 real, 330.4 MB
[runlim] sample:		290.4 time, 320.7 real, 337.7 MB
CVC4 interrupted by SIGTERM.
[runlim] end:			Tue Jan 29 11:42:53 2019
[runlim] status:		out of time
[runlim] result:		2
[runlim] children:		0
[runlim] real:			330.30 seconds
[runlim] time:			300.02 seconds
[runlim] space:			344.1 MB
[runlim] samples:		3296
