[runlim] version:		1.10fixed
[runlim] time limit:		300 seconds
[runlim] real time limit:	311040000 seconds
[runlim] space limit:		4000 MB
[runlim] argv[0]:		./cvc4
[runlim] argv[1]:		--nl-ext-tplanes
[runlim] argv[2]:		/tmp/GzW7CVJq.smt2
[runlim] start:			Wed Feb 13 23:14:37 2019
[runlim] main pid:		5077
/tmp/GzW7CVJq.smt2:4.12: No set-logic command was given before this point.
/tmp/GzW7CVJq.smt2:4.12: CVC4 will make all theories available.
/tmp/GzW7CVJq.smt2:4.12: Consider setting a stricter logic for (likely) better performance.
/tmp/GzW7CVJq.smt2:4.12: To suppress this warning in the future use (set-logic ALL).
[runlim] sample:		8.8 time, 10.1 real, 115.6 MB
[runlim] sample:		18.8 time, 20.1 real, 158.1 MB
[runlim] sample:		28.8 time, 30.1 real, 186.6 MB
[runlim] sample:		38.8 time, 40.1 real, 208.5 MB
[runlim] sample:		48.8 time, 50.1 real, 229.5 MB
[runlim] sample:		58.8 time, 60.1 real, 249.8 MB
[runlim] sample:		68.8 time, 70.1 real, 266.2 MB
[runlim] sample:		78.7 time, 80.1 real, 278.6 MB
[runlim] sample:		88.7 time, 90.1 real, 289.2 MB
[runlim] sample:		98.7 time, 100.1 real, 299.5 MB
[runlim] sample:		108.7 time, 110.1 real, 312.1 MB
[runlim] sample:		118.7 time, 120.1 real, 318.2 MB
[runlim] sample:		128.7 time, 130.1 real, 328.8 MB
[runlim] sample:		138.7 time, 140.1 real, 335.8 MB
[runlim] sample:		148.7 time, 150.1 real, 342.7 MB
[runlim] sample:		158.7 time, 160.1 real, 349.9 MB
[runlim] sample:		168.7 time, 170.1 real, 357.1 MB
[runlim] sample:		178.7 time, 180.1 real, 363.6 MB
[runlim] sample:		188.7 time, 190.1 real, 369.8 MB
[runlim] sample:		198.7 time, 200.1 real, 377.2 MB
[runlim] sample:		208.7 time, 210.1 real, 385.2 MB
[runlim] sample:		218.7 time, 220.1 real, 393.5 MB
[runlim] sample:		228.7 time, 230.1 real, 397.8 MB
[runlim] sample:		238.7 time, 240.1 real, 407.1 MB
[runlim] sample:		248.7 time, 250.1 real, 408.9 MB
[runlim] sample:		258.6 time, 260.1 real, 422.8 MB
[runlim] sample:		268.6 time, 270.1 real, 423.3 MB
[runlim] sample:		278.6 time, 280.1 real, 427.4 MB
[runlim] sample:		288.6 time, 290.1 real, 430.7 MB
[runlim] sample:		298.6 time, 300.1 real, 439.0 MB
CVC4 interrupted by SIGTERM.
[runlim] end:			Wed Feb 13 23:19:38 2019
[runlim] status:		out of time
[runlim] result:		2
[runlim] children:		0
[runlim] real:			301.56 seconds
[runlim] time:			300.02 seconds
[runlim] space:			439.0 MB
[runlim] samples:		3014
