[runlim] version:		1.10fixed
[runlim] time limit:		1800 seconds
[runlim] real time limit:	311040000 seconds
[runlim] space limit:		4000 MB
[runlim] argv[0]:		./cvc4
[runlim] argv[1]:		--nl-ext-tplanes
[runlim] argv[2]:		/tmp/hF8vCVaA.smt2
[runlim] start:			Tue Feb 19 00:31:07 2019
[runlim] main pid:		22705
/tmp/hF8vCVaA.smt2:4.12: No set-logic command was given before this point.
/tmp/hF8vCVaA.smt2:4.12: CVC4 will make all theories available.
/tmp/hF8vCVaA.smt2:4.12: Consider setting a stricter logic for (likely) better performance.
/tmp/hF8vCVaA.smt2:4.12: To suppress this warning in the future use (set-logic ALL).
[runlim] sample:		9.0 time, 10.2 real, 160.6 MB
[runlim] sample:		18.0 time, 20.2 real, 194.8 MB
[runlim] sample:		27.1 time, 30.2 real, 197.8 MB
[runlim] sample:		36.1 time, 40.2 real, 198.1 MB
[runlim] sample:		45.0 time, 50.2 real, 198.4 MB
[runlim] sample:		54.9 time, 60.2 real, 198.6 MB
[runlim] sample:		64.8 time, 70.2 real, 199.1 MB
[runlim] sample:		74.8 time, 80.2 real, 200.7 MB
[runlim] sample:		83.2 time, 90.2 real, 237.8 MB
[runlim] sample:		91.8 time, 100.2 real, 237.8 MB
[runlim] sample:		101.8 time, 110.2 real, 237.8 MB
[runlim] sample:		111.8 time, 120.2 real, 238.1 MB
[runlim] sample:		121.8 time, 130.2 real, 238.3 MB
[runlim] sample:		130.8 time, 140.2 real, 238.3 MB
[runlim] sample:		140.6 time, 150.2 real, 238.6 MB
[runlim] sample:		150.6 time, 160.2 real, 239.1 MB
[runlim] sample:		160.0 time, 170.2 real, 240.4 MB
[runlim] sample:		169.0 time, 180.2 real, 241.9 MB
[runlim] sample:		178.5 time, 190.2 real, 276.9 MB
[runlim] sample:		188.5 time, 200.2 real, 276.9 MB
[runlim] sample:		197.7 time, 210.2 real, 276.9 MB
[runlim] sample:		207.7 time, 220.2 real, 277.1 MB
[runlim] sample:		217.7 time, 230.2 real, 277.1 MB
[runlim] sample:		227.5 time, 240.2 real, 277.4 MB
[runlim] sample:		236.4 time, 250.2 real, 277.4 MB
[runlim] sample:		245.6 time, 260.2 real, 277.7 MB
[runlim] sample:		255.3 time, 270.2 real, 277.7 MB
[runlim] sample:		264.2 time, 280.2 real, 277.9 MB
[runlim] sample:		273.6 time, 290.2 real, 278.2 MB
[runlim] sample:		283.2 time, 300.2 real, 279.5 MB
[runlim] sample:		292.1 time, 310.2 real, 280.5 MB
[runlim] sample:		301.1 time, 320.2 real, 282.0 MB
[runlim] sample:		310.7 time, 330.2 real, 315.5 MB
[runlim] sample:		320.4 time, 340.2 real, 315.5 MB
[runlim] sample:		329.8 time, 350.2 real, 315.7 MB
[runlim] sample:		338.4 time, 360.2 real, 315.7 MB
[runlim] sample:		347.6 time, 370.2 real, 315.7 MB
[runlim] sample:		356.7 time, 380.2 real, 316.0 MB
[runlim] sample:		366.0 time, 390.2 real, 316.0 MB
[runlim] sample:		374.8 time, 400.2 real, 316.0 MB
[runlim] sample:		383.6 time, 410.2 real, 316.3 MB
[runlim] sample:		392.3 time, 420.2 real, 316.3 MB
[runlim] sample:		400.9 time, 430.2 real, 316.5 MB
[runlim] sample:		410.2 time, 440.2 real, 316.5 MB
[runlim] sample:		419.5 time, 450.2 real, 316.8 MB
[runlim] sample:		428.8 time, 460.2 real, 316.8 MB
[runlim] sample:		438.3 time, 470.2 real, 317.3 MB
[runlim] sample:		448.1 time, 480.2 real, 317.5 MB
[runlim] sample:		457.8 time, 490.2 real, 318.6 MB
[runlim] sample:		467.8 time, 500.2 real, 319.6 MB
[runlim] sample:		477.8 time, 510.2 real, 320.9 MB
[runlim] sample:		487.8 time, 520.2 real, 354.9 MB
[runlim] sample:		496.9 time, 530.2 real, 360.0 MB
[runlim] sample:		505.9 time, 540.2 real, 360.0 MB
[runlim] sample:		515.5 time, 550.2 real, 360.3 MB
[runlim] sample:		525.2 time, 560.2 real, 360.3 MB
[runlim] sample:		534.9 time, 570.2 real, 360.3 MB
[runlim] sample:		544.5 time, 580.2 real, 360.3 MB
[runlim] sample:		554.2 time, 590.2 real, 360.6 MB
[runlim] sample:		563.3 time, 600.2 real, 360.6 MB
[runlim] sample:		572.0 time, 610.2 real, 360.6 MB
[runlim] sample:		581.2 time, 620.2 real, 360.8 MB
[runlim] sample:		590.8 time, 630.2 real, 360.8 MB
[runlim] sample:		600.5 time, 640.2 real, 361.1 MB
[runlim] sample:		610.1 time, 650.2 real, 361.1 MB
[runlim] sample:		619.8 time, 660.2 real, 361.1 MB
[runlim] sample:		629.5 time, 670.2 real, 361.3 MB
[runlim] sample:		639.1 time, 680.2 real, 361.3 MB
[runlim] sample:		648.0 time, 690.2 real, 361.6 MB
[runlim] sample:		657.3 time, 700.2 real, 361.6 MB
[runlim] sample:		666.8 time, 710.2 real, 361.9 MB
[runlim] sample:		675.5 time, 720.2 real, 362.1 MB
[runlim] sample:		684.1 time, 730.2 real, 362.4 MB
[runlim] sample:		693.5 time, 740.2 real, 362.9 MB
[runlim] sample:		703.0 time, 750.2 real, 363.9 MB
[runlim] sample:		712.8 time, 760.2 real, 364.7 MB
[runlim] sample:		722.6 time, 770.2 real, 365.7 MB
[runlim] sample:		732.0 time, 780.2 real, 366.8 MB
[runlim] sample:		741.7 time, 790.2 real, 406.5 MB
[runlim] sample:		751.1 time, 800.2 real, 410.6 MB
[runlim] sample:		759.8 time, 810.2 real, 410.6 MB
[runlim] sample:		768.5 time, 820.2 real, 410.6 MB
[runlim] sample:		777.1 time, 830.2 real, 410.6 MB
[runlim] sample:		786.1 time, 840.2 real, 410.6 MB
[runlim] sample:		795.7 time, 850.2 real, 410.6 MB
[runlim] sample:		805.4 time, 860.2 real, 410.6 MB
[runlim] sample:		815.0 time, 870.2 real, 410.6 MB
[runlim] sample:		824.7 time, 880.2 real, 410.9 MB
[runlim] sample:		834.4 time, 890.2 real, 410.9 MB
[runlim] sample:		844.0 time, 900.2 real, 410.9 MB
[runlim] sample:		853.3 time, 910.2 real, 411.1 MB
[runlim] sample:		862.0 time, 920.2 real, 411.1 MB
[runlim] sample:		870.7 time, 930.2 real, 411.1 MB
[runlim] sample:		879.7 time, 940.2 real, 411.1 MB
[runlim] sample:		889.5 time, 950.2 real, 411.4 MB
[runlim] sample:		898.5 time, 960.2 real, 411.4 MB
[runlim] sample:		907.9 time, 970.2 real, 411.4 MB
[runlim] sample:		917.2 time, 980.2 real, 411.6 MB
[runlim] sample:		927.2 time, 990.2 real, 411.6 MB
[runlim] sample:		937.0 time, 1000.2 real, 411.9 MB
[runlim] sample:		946.9 time, 1010.2 real, 411.9 MB
[runlim] sample:		956.2 time, 1020.2 real, 411.9 MB
[runlim] sample:		965.0 time, 1030.2 real, 412.1 MB
[runlim] sample:		974.6 time, 1040.2 real, 412.1 MB
[runlim] sample:		983.7 time, 1050.2 real, 412.4 MB
[runlim] sample:		993.4 time, 1060.2 real, 412.7 MB
[runlim] sample:		1003.0 time, 1070.2 real, 412.9 MB
[runlim] sample:		1012.7 time, 1080.2 real, 413.2 MB
[runlim] sample:		1022.2 time, 1090.2 real, 413.9 MB
[runlim] sample:		1031.7 time, 1100.2 real, 414.7 MB
[runlim] sample:		1041.4 time, 1110.2 real, 415.5 MB
[runlim] sample:		1051.0 time, 1120.2 real, 416.3 MB
[runlim] sample:		1060.6 time, 1130.2 real, 417.3 MB
[runlim] sample:		1070.6 time, 1140.2 real, 418.3 MB
[runlim] sample:		1080.4 time, 1150.2 real, 419.1 MB
[runlim] sample:		1090.0 time, 1160.2 real, 451.4 MB
[runlim] sample:		1100.0 time, 1170.2 real, 470.0 MB
[runlim] sample:		1110.0 time, 1180.2 real, 470.0 MB
[runlim] sample:		1120.0 time, 1190.2 real, 470.0 MB
[runlim] sample:		1130.0 time, 1200.2 real, 470.0 MB
[runlim] sample:		1140.0 time, 1210.2 real, 470.0 MB
[runlim] sample:		1150.0 time, 1220.2 real, 470.3 MB
[runlim] sample:		1160.0 time, 1230.2 real, 470.3 MB
[runlim] sample:		1170.0 time, 1240.2 real, 470.3 MB
[runlim] sample:		1180.0 time, 1250.2 real, 470.3 MB
[runlim] sample:		1190.0 time, 1260.2 real, 470.5 MB
[runlim] sample:		1199.9 time, 1270.2 real, 470.5 MB
[runlim] sample:		1208.9 time, 1280.2 real, 470.5 MB
[runlim] sample:		1217.9 time, 1290.2 real, 470.5 MB
[runlim] sample:		1227.4 time, 1300.2 real, 470.8 MB
[runlim] sample:		1237.4 time, 1310.2 real, 470.8 MB
[runlim] sample:		1247.4 time, 1320.2 real, 470.8 MB
[runlim] sample:		1256.6 time, 1330.2 real, 470.8 MB
[runlim] sample:		1266.6 time, 1340.2 real, 471.0 MB
[runlim] sample:		1276.6 time, 1350.2 real, 471.0 MB
[runlim] sample:		1286.6 time, 1360.2 real, 471.0 MB
[runlim] sample:		1296.3 time, 1370.2 real, 471.3 MB
[runlim] sample:		1305.3 time, 1380.2 real, 471.3 MB
[runlim] sample:		1315.0 time, 1390.2 real, 471.3 MB
[runlim] sample:		1324.2 time, 1400.2 real, 471.3 MB
[runlim] sample:		1333.2 time, 1410.2 real, 471.5 MB
[runlim] sample:		1343.2 time, 1420.2 real, 471.5 MB
[runlim] sample:		1353.1 time, 1430.2 real, 471.5 MB
[runlim] sample:		1362.7 time, 1440.2 real, 471.8 MB
[runlim] sample:		1372.7 time, 1450.2 real, 471.8 MB
[runlim] sample:		1382.7 time, 1460.2 real, 472.1 MB
[runlim] sample:		1392.7 time, 1470.2 real, 472.1 MB
[runlim] sample:		1402.7 time, 1480.2 real, 472.1 MB
[runlim] sample:		1412.3 time, 1490.2 real, 472.3 MB
[runlim] sample:		1421.7 time, 1500.2 real, 472.3 MB
[runlim] sample:		1430.7 time, 1510.2 real, 472.6 MB
[runlim] sample:		1439.4 time, 1520.2 real, 472.8 MB
[runlim] sample:		1448.0 time, 1530.2 real, 472.8 MB
[runlim] sample:		1457.6 time, 1540.2 real, 473.9 MB
[runlim] sample:		1467.6 time, 1550.2 real, 474.4 MB
[runlim] sample:		1477.6 time, 1560.2 real, 475.4 MB
[runlim] sample:		1487.6 time, 1570.2 real, 475.9 MB
[runlim] sample:		1496.5 time, 1580.2 real, 476.7 MB
[runlim] sample:		1505.2 time, 1590.2 real, 477.5 MB
[runlim] sample:		1514.1 time, 1600.2 real, 478.0 MB
[runlim] sample:		1523.8 time, 1610.2 real, 479.0 MB
[runlim] sample:		1533.5 time, 1620.2 real, 480.1 MB
[runlim] sample:		1543.2 time, 1630.2 real, 480.6 MB
[runlim] sample:		1552.9 time, 1640.2 real, 481.6 MB
[runlim] sample:		1562.6 time, 1650.2 real, 526.2 MB
[runlim] sample:		1572.3 time, 1660.2 real, 526.2 MB
[runlim] sample:		1582.0 time, 1670.2 real, 526.2 MB
[runlim] sample:		1591.7 time, 1680.2 real, 526.2 MB
[runlim] sample:		1601.3 time, 1690.2 real, 526.2 MB
[runlim] sample:		1611.0 time, 1700.2 real, 526.2 MB
[runlim] sample:		1620.2 time, 1710.2 real, 526.2 MB
[runlim] sample:		1629.7 time, 1720.2 real, 526.2 MB
[runlim] sample:		1639.7 time, 1730.2 real, 526.2 MB
[runlim] sample:		1649.7 time, 1740.2 real, 526.2 MB
[runlim] sample:		1659.7 time, 1750.2 real, 526.2 MB
[runlim] sample:		1669.4 time, 1760.2 real, 526.2 MB
[runlim] sample:		1678.3 time, 1770.2 real, 526.2 MB
[runlim] sample:		1688.0 time, 1780.2 real, 526.2 MB
[runlim] sample:		1696.9 time, 1790.2 real, 526.2 MB
[runlim] sample:		1705.7 time, 1800.2 real, 526.2 MB
[runlim] sample:		1715.7 time, 1810.2 real, 526.2 MB
[runlim] sample:		1725.7 time, 1820.2 real, 526.2 MB
[runlim] sample:		1735.7 time, 1830.2 real, 526.2 MB
[runlim] sample:		1745.7 time, 1840.2 real, 526.2 MB
[runlim] sample:		1755.7 time, 1850.2 real, 526.2 MB
[runlim] sample:		1765.7 time, 1860.2 real, 526.2 MB
[runlim] sample:		1775.7 time, 1870.2 real, 526.2 MB
[runlim] sample:		1785.7 time, 1880.2 real, 526.2 MB
[runlim] sample:		1795.7 time, 1890.2 real, 526.2 MB
[runlim] end:			Tue Feb 19 01:02:37 2019
[runlim] status:		signal(9)
[runlim] result:		11
[runlim] children:		0
[runlim] real:			1890.85 seconds
[runlim] time:			1796.33 seconds
[runlim] space:			526.2 MB
[runlim] samples:		18906
