[runlim] version:		1.10fixed
[runlim] time limit:		300 seconds
[runlim] real time limit:	311040000 seconds
[runlim] space limit:		4000 MB
[runlim] argv[0]:		./cvc4
[runlim] argv[1]:		--nl-ext-tplanes
[runlim] argv[2]:		/tmp/WvdQxC6O.smt2
[runlim] start:			Wed Feb 13 23:19:49 2019
[runlim] main pid:		21330
/tmp/WvdQxC6O.smt2:4.12: No set-logic command was given before this point.
/tmp/WvdQxC6O.smt2:4.12: CVC4 will make all theories available.
/tmp/WvdQxC6O.smt2:4.12: Consider setting a stricter logic for (likely) better performance.
/tmp/WvdQxC6O.smt2:4.12: To suppress this warning in the future use (set-logic ALL).
[runlim] sample:		8.2 time, 10.9 real, 57.9 MB
[runlim] sample:		17.8 time, 20.9 real, 69.3 MB
[runlim] sample:		27.5 time, 30.9 real, 81.4 MB
[runlim] sample:		36.8 time, 40.9 real, 87.3 MB
[runlim] sample:		46.5 time, 50.9 real, 94.8 MB
[runlim] sample:		56.2 time, 60.9 real, 104.2 MB
[runlim] sample:		65.9 time, 70.9 real, 105.8 MB
[runlim] sample:		74.4 time, 80.9 real, 111.2 MB
[runlim] sample:		82.9 time, 90.9 real, 117.4 MB
[runlim] sample:		92.6 time, 100.9 real, 119.4 MB
[runlim] sample:		102.2 time, 110.9 real, 122.8 MB
[runlim] sample:		111.9 time, 120.9 real, 127.4 MB
[runlim] sample:		121.4 time, 130.9 real, 131.5 MB
[runlim] sample:		129.4 time, 140.9 real, 150.5 MB
[runlim] sample:		138.2 time, 150.9 real, 150.7 MB
[runlim] sample:		148.2 time, 160.9 real, 151.8 MB
[runlim] sample:		158.2 time, 170.9 real, 152.5 MB
[runlim] sample:		168.2 time, 180.9 real, 153.3 MB
[runlim] sample:		178.2 time, 190.9 real, 154.1 MB
[runlim] sample:		188.2 time, 200.9 real, 154.6 MB
[runlim] sample:		198.2 time, 210.9 real, 159.5 MB
[runlim] sample:		207.4 time, 220.9 real, 164.6 MB
[runlim] sample:		217.4 time, 230.9 real, 168.2 MB
[runlim] sample:		227.4 time, 240.9 real, 168.2 MB
[runlim] sample:		237.4 time, 250.9 real, 170.8 MB
[runlim] sample:		247.4 time, 260.9 real, 175.2 MB
[runlim] sample:		257.4 time, 270.9 real, 175.7 MB
[runlim] sample:		266.8 time, 280.9 real, 178.5 MB
[runlim] sample:		275.9 time, 290.9 real, 182.9 MB
[runlim] sample:		285.9 time, 300.9 real, 183.1 MB
[runlim] sample:		295.9 time, 310.9 real, 185.7 MB
CVC4 interrupted by SIGTERM.
[runlim] end:			Wed Feb 13 23:25:04 2019
[runlim] status:		out of time
[runlim] result:		2
[runlim] children:		0
[runlim] real:			315.13 seconds
[runlim] time:			300.08 seconds
[runlim] space:			185.7 MB
[runlim] samples:		3142
