[runlim] version:		1.10fixed
[runlim] time limit:		1800 seconds
[runlim] real time limit:	311040000 seconds
[runlim] space limit:		4000 MB
[runlim] argv[0]:		./cvc4
[runlim] argv[1]:		--nl-ext-tplanes
[runlim] argv[2]:		/tmp/EoZmmsYz.smt2
[runlim] start:			Fri Feb 15 00:28:37 2019
[runlim] main pid:		16351
/tmp/EoZmmsYz.smt2:4.12: No set-logic command was given before this point.
/tmp/EoZmmsYz.smt2:4.12: CVC4 will make all theories available.
/tmp/EoZmmsYz.smt2:4.12: Consider setting a stricter logic for (likely) better performance.
/tmp/EoZmmsYz.smt2:4.12: To suppress this warning in the future use (set-logic ALL).
[runlim] sample:		8.7 time, 10.2 real, 187.2 MB
[runlim] sample:		17.3 time, 20.2 real, 262.4 MB
[runlim] sample:		26.0 time, 30.2 real, 347.8 MB
[runlim] sample:		34.7 time, 40.2 real, 445.7 MB
[runlim] sample:		43.3 time, 50.2 real, 445.7 MB
[runlim] sample:		52.0 time, 60.2 real, 446.0 MB
[runlim] sample:		60.7 time, 70.2 real, 446.0 MB
[runlim] sample:		69.3 time, 80.2 real, 446.0 MB
[runlim] sample:		77.9 time, 90.2 real, 446.0 MB
[runlim] sample:		86.5 time, 100.2 real, 446.0 MB
[runlim] sample:		95.2 time, 110.2 real, 446.0 MB
[runlim] sample:		103.9 time, 120.2 real, 446.0 MB
[runlim] sample:		113.5 time, 130.2 real, 446.0 MB
[runlim] sample:		123.5 time, 140.2 real, 446.0 MB
[runlim] sample:		133.5 time, 150.2 real, 446.0 MB
[runlim] sample:		143.5 time, 160.2 real, 446.0 MB
[runlim] sample:		153.5 time, 170.2 real, 446.0 MB
[runlim] sample:		163.5 time, 180.2 real, 446.0 MB
[runlim] sample:		173.5 time, 190.2 real, 446.0 MB
[runlim] sample:		183.5 time, 200.2 real, 446.0 MB
[runlim] sample:		193.5 time, 210.2 real, 446.2 MB
[runlim] sample:		203.5 time, 220.2 real, 446.2 MB
[runlim] sample:		213.4 time, 230.2 real, 446.2 MB
[runlim] sample:		223.2 time, 240.2 real, 447.3 MB
[runlim] sample:		232.2 time, 250.2 real, 447.3 MB
[runlim] sample:		241.6 time, 260.2 real, 447.3 MB
[runlim] sample:		250.6 time, 270.2 real, 506.6 MB
[runlim] sample:		260.0 time, 280.2 real, 506.6 MB
[runlim] sample:		269.7 time, 290.2 real, 506.6 MB
[runlim] sample:		279.5 time, 300.2 real, 506.6 MB
[runlim] sample:		289.5 time, 310.2 real, 506.6 MB
[runlim] sample:		299.5 time, 320.2 real, 506.9 MB
[runlim] sample:		309.5 time, 330.2 real, 506.9 MB
[runlim] sample:		319.5 time, 340.2 real, 506.9 MB
[runlim] sample:		329.4 time, 350.2 real, 506.9 MB
[runlim] sample:		339.4 time, 360.2 real, 507.1 MB
[runlim] sample:		349.4 time, 370.2 real, 507.1 MB
[runlim] sample:		358.4 time, 380.2 real, 507.1 MB
[runlim] sample:		368.4 time, 390.2 real, 507.1 MB
[runlim] sample:		378.4 time, 400.2 real, 507.4 MB
[runlim] sample:		388.4 time, 410.2 real, 507.4 MB
[runlim] sample:		398.4 time, 420.2 real, 507.4 MB
[runlim] sample:		408.4 time, 430.2 real, 507.6 MB
[runlim] sample:		418.4 time, 440.2 real, 507.6 MB
[runlim] sample:		428.4 time, 450.2 real, 507.9 MB
[runlim] sample:		438.4 time, 460.2 real, 507.9 MB
[runlim] sample:		447.3 time, 470.2 real, 508.1 MB
[runlim] sample:		456.5 time, 480.2 real, 508.1 MB
[runlim] sample:		465.5 time, 490.2 real, 508.4 MB
[runlim] sample:		475.3 time, 500.2 real, 508.4 MB
[runlim] sample:		485.0 time, 510.2 real, 508.7 MB
[runlim] sample:		493.4 time, 520.2 real, 508.9 MB
[runlim] sample:		502.1 time, 530.2 real, 510.7 MB
[runlim] sample:		512.1 time, 540.2 real, 565.0 MB
[runlim] sample:		522.1 time, 550.2 real, 565.0 MB
[runlim] sample:		532.0 time, 560.2 real, 565.0 MB
[runlim] sample:		541.3 time, 570.2 real, 565.0 MB
[runlim] sample:		550.6 time, 580.2 real, 565.0 MB
[runlim] sample:		560.1 time, 590.2 real, 565.3 MB
[runlim] sample:		570.1 time, 600.2 real, 565.3 MB
[runlim] sample:		579.7 time, 610.2 real, 565.3 MB
[runlim] sample:		589.4 time, 620.2 real, 565.3 MB
[runlim] sample:		599.3 time, 630.2 real, 565.3 MB
[runlim] sample:		609.3 time, 640.2 real, 565.5 MB
[runlim] sample:		619.3 time, 650.2 real, 565.5 MB
[runlim] sample:		629.3 time, 660.2 real, 565.5 MB
[runlim] sample:		639.3 time, 670.2 real, 565.5 MB
[runlim] sample:		649.3 time, 680.2 real, 565.8 MB
[runlim] sample:		659.3 time, 690.2 real, 565.8 MB
[runlim] sample:		669.3 time, 700.2 real, 565.8 MB
[runlim] sample:		679.1 time, 710.2 real, 566.0 MB
[runlim] sample:		689.0 time, 720.2 real, 566.0 MB
[runlim] sample:		698.8 time, 730.2 real, 566.0 MB
[runlim] sample:		708.8 time, 740.2 real, 566.3 MB
[runlim] sample:		718.8 time, 750.2 real, 566.3 MB
[runlim] sample:		728.6 time, 760.2 real, 566.3 MB
[runlim] sample:		738.5 time, 770.2 real, 566.6 MB
[runlim] sample:		748.5 time, 780.2 real, 566.6 MB
[runlim] sample:		758.4 time, 790.2 real, 566.8 MB
[runlim] sample:		768.4 time, 800.2 real, 566.8 MB
[runlim] sample:		778.4 time, 810.2 real, 567.1 MB
[runlim] sample:		788.4 time, 820.2 real, 567.1 MB
[runlim] sample:		798.4 time, 830.2 real, 567.3 MB
[runlim] sample:		808.3 time, 840.2 real, 567.6 MB
[runlim] sample:		818.3 time, 850.2 real, 567.8 MB
[runlim] sample:		828.2 time, 860.2 real, 569.1 MB
[runlim] sample:		838.2 time, 870.2 real, 617.8 MB
[runlim] sample:		848.2 time, 880.2 real, 617.8 MB
[runlim] sample:		858.2 time, 890.2 real, 617.8 MB
[runlim] sample:		868.2 time, 900.2 real, 617.8 MB
[runlim] sample:		878.2 time, 910.2 real, 617.8 MB
[runlim] sample:		888.2 time, 920.2 real, 617.8 MB
[runlim] sample:		897.8 time, 930.2 real, 617.8 MB
[runlim] sample:		906.3 time, 940.2 real, 617.8 MB
[runlim] sample:		914.6 time, 950.2 real, 617.8 MB
[runlim] sample:		923.0 time, 960.2 real, 617.8 MB
[runlim] sample:		932.2 time, 970.2 real, 618.1 MB
[runlim] sample:		941.0 time, 980.2 real, 618.1 MB
[runlim] sample:		950.1 time, 990.2 real, 618.1 MB
[runlim] sample:		959.4 time, 1000.2 real, 618.1 MB
[runlim] sample:		968.6 time, 1010.2 real, 618.1 MB
[runlim] sample:		976.9 time, 1020.2 real, 618.4 MB
[runlim] sample:		985.8 time, 1030.2 real, 618.4 MB
[runlim] sample:		994.7 time, 1040.2 real, 618.4 MB
[runlim] sample:		1004.5 time, 1050.2 real, 618.4 MB
[runlim] sample:		1014.5 time, 1060.2 real, 618.4 MB
[runlim] sample:		1024.5 time, 1070.2 real, 618.6 MB
[runlim] sample:		1034.5 time, 1080.2 real, 618.6 MB
[runlim] sample:		1044.5 time, 1090.2 real, 618.6 MB
[runlim] sample:		1054.5 time, 1100.2 real, 618.9 MB
[runlim] sample:		1064.5 time, 1110.2 real, 618.9 MB
[runlim] sample:		1074.5 time, 1120.2 real, 618.9 MB
[runlim] sample:		1084.5 time, 1130.2 real, 618.9 MB
[runlim] sample:		1094.5 time, 1140.2 real, 619.1 MB
[runlim] sample:		1104.5 time, 1150.2 real, 619.1 MB
[runlim] sample:		1114.5 time, 1160.2 real, 619.1 MB
[runlim] sample:		1124.5 time, 1170.2 real, 619.4 MB
[runlim] sample:		1134.5 time, 1180.2 real, 619.4 MB
[runlim] sample:		1144.5 time, 1190.2 real, 619.6 MB
[runlim] sample:		1154.5 time, 1200.2 real, 619.6 MB
[runlim] sample:		1164.5 time, 1210.2 real, 619.6 MB
[runlim] sample:		1174.5 time, 1220.2 real, 619.9 MB
[runlim] sample:		1184.5 time, 1230.2 real, 619.9 MB
[runlim] sample:		1194.5 time, 1240.2 real, 620.2 MB
[runlim] sample:		1204.5 time, 1250.2 real, 620.4 MB
[runlim] sample:		1214.5 time, 1260.2 real, 620.7 MB
[runlim] sample:		1224.5 time, 1270.2 real, 620.9 MB
[runlim] sample:		1234.5 time, 1280.2 real, 622.2 MB
[runlim] sample:		1244.5 time, 1290.2 real, 682.0 MB
[runlim] sample:		1254.5 time, 1300.2 real, 685.1 MB
[runlim] sample:		1264.5 time, 1310.2 real, 685.1 MB
[runlim] sample:		1274.5 time, 1320.2 real, 685.1 MB
[runlim] sample:		1284.5 time, 1330.2 real, 685.1 MB
[runlim] sample:		1294.5 time, 1340.2 real, 685.3 MB
[runlim] sample:		1304.5 time, 1350.2 real, 685.3 MB
[runlim] sample:		1314.5 time, 1360.2 real, 685.3 MB
[runlim] sample:		1324.5 time, 1370.2 real, 685.3 MB
[runlim] sample:		1334.5 time, 1380.2 real, 685.3 MB
[runlim] sample:		1344.5 time, 1390.2 real, 685.3 MB
[runlim] sample:		1354.5 time, 1400.2 real, 685.6 MB
[runlim] sample:		1364.5 time, 1410.2 real, 685.6 MB
[runlim] sample:		1374.5 time, 1420.2 real, 685.6 MB
[runlim] sample:		1384.5 time, 1430.2 real, 685.6 MB
[runlim] sample:		1394.5 time, 1440.2 real, 685.6 MB
[runlim] sample:		1404.5 time, 1450.2 real, 685.6 MB
[runlim] sample:		1414.5 time, 1460.2 real, 685.8 MB
[runlim] sample:		1424.5 time, 1470.2 real, 685.8 MB
[runlim] sample:		1434.5 time, 1480.2 real, 685.8 MB
[runlim] sample:		1444.0 time, 1490.2 real, 685.8 MB
[runlim] sample:		1453.6 time, 1500.2 real, 685.8 MB
[runlim] sample:		1462.7 time, 1510.2 real, 686.1 MB
[runlim] sample:		1472.0 time, 1520.2 real, 686.1 MB
[runlim] sample:		1480.7 time, 1530.2 real, 686.1 MB
[runlim] sample:		1489.0 time, 1540.2 real, 686.1 MB
[runlim] sample:		1497.6 time, 1550.2 real, 686.4 MB
[runlim] sample:		1505.7 time, 1560.2 real, 686.4 MB
[runlim] sample:		1514.5 time, 1570.2 real, 686.4 MB
[runlim] sample:		1523.2 time, 1580.2 real, 686.4 MB
[runlim] sample:		1531.8 time, 1590.2 real, 686.4 MB
[runlim] sample:		1540.2 time, 1600.2 real, 686.6 MB
[runlim] sample:		1547.1 time, 1610.2 real, 686.6 MB
[runlim] sample:		1555.5 time, 1620.2 real, 686.6 MB
[runlim] sample:		1565.3 time, 1630.2 real, 686.6 MB
[runlim] sample:		1574.9 time, 1640.2 real, 686.6 MB
[runlim] sample:		1584.6 time, 1650.2 real, 686.9 MB
[runlim] sample:		1594.2 time, 1660.2 real, 686.9 MB
[runlim] sample:		1603.9 time, 1670.2 real, 686.9 MB
[runlim] sample:		1612.6 time, 1680.2 real, 687.1 MB
[runlim] sample:		1621.7 time, 1690.2 real, 687.1 MB
[runlim] sample:		1629.9 time, 1700.2 real, 687.1 MB
[runlim] sample:		1638.1 time, 1710.2 real, 687.4 MB
[runlim] sample:		1647.6 time, 1720.2 real, 687.4 MB
[runlim] sample:		1657.4 time, 1730.2 real, 687.4 MB
[runlim] sample:		1667.3 time, 1740.2 real, 687.6 MB
[runlim] sample:		1677.3 time, 1750.2 real, 687.6 MB
[runlim] sample:		1687.3 time, 1760.2 real, 687.9 MB
[runlim] sample:		1697.3 time, 1770.2 real, 687.9 MB
[runlim] sample:		1707.3 time, 1780.2 real, 688.2 MB
[runlim] sample:		1717.3 time, 1790.2 real, 688.2 MB
[runlim] sample:		1727.3 time, 1800.2 real, 688.4 MB
[runlim] sample:		1737.3 time, 1810.2 real, 688.7 MB
[runlim] sample:		1747.3 time, 1820.2 real, 690.0 MB
[runlim] sample:		1757.3 time, 1830.2 real, 757.0 MB
[runlim] sample:		1767.3 time, 1840.2 real, 757.0 MB
[runlim] sample:		1777.3 time, 1850.2 real, 757.0 MB
[runlim] sample:		1787.3 time, 1860.2 real, 757.0 MB
[runlim] sample:		1797.3 time, 1870.2 real, 757.0 MB
CVC4 interrupted by SIGTERM.
[runlim] end:			Fri Feb 15 00:59:50 2019
[runlim] status:		out of time
[runlim] result:		2
[runlim] children:		0
[runlim] real:			1873.05 seconds
[runlim] time:			1800.10 seconds
[runlim] space:			760.1 MB
[runlim] samples:		18728
