[runlim] version:		1.10fixed
[runlim] time limit:		1800 seconds
[runlim] real time limit:	311040000 seconds
[runlim] space limit:		4000 MB
[runlim] argv[0]:		./cvc4
[runlim] argv[1]:		--nl-ext-tplanes
[runlim] argv[2]:		/tmp/VH6G52Sl.smt2
[runlim] start:			Fri Feb 15 00:32:23 2019
[runlim] main pid:		21472
/tmp/VH6G52Sl.smt2:4.12: No set-logic command was given before this point.
/tmp/VH6G52Sl.smt2:4.12: CVC4 will make all theories available.
/tmp/VH6G52Sl.smt2:4.12: Consider setting a stricter logic for (likely) better performance.
/tmp/VH6G52Sl.smt2:4.12: To suppress this warning in the future use (set-logic ALL).
[runlim] sample:		9.0 time, 10.8 real, 131.5 MB
[runlim] sample:		18.9 time, 20.8 real, 184.7 MB
[runlim] sample:		28.4 time, 30.8 real, 221.9 MB
[runlim] sample:		37.6 time, 40.8 real, 260.0 MB
[runlim] sample:		46.7 time, 50.8 real, 285.3 MB
[runlim] sample:		56.3 time, 60.8 real, 308.7 MB
[runlim] sample:		64.9 time, 70.8 real, 327.9 MB
[runlim] sample:		74.4 time, 80.8 real, 346.2 MB
[runlim] sample:		84.4 time, 90.8 real, 363.0 MB
[runlim] sample:		94.4 time, 100.8 real, 381.0 MB
[runlim] sample:		103.2 time, 110.8 real, 398.5 MB
[runlim] sample:		112.1 time, 120.8 real, 415.3 MB
[runlim] sample:		122.0 time, 130.8 real, 427.8 MB
[runlim] sample:		131.5 time, 140.8 real, 443.8 MB
[runlim] sample:		140.3 time, 150.8 real, 464.4 MB
[runlim] sample:		149.8 time, 160.8 real, 477.6 MB
[runlim] sample:		159.2 time, 170.8 real, 489.6 MB
[runlim] sample:		168.0 time, 180.8 real, 501.2 MB
[runlim] sample:		177.0 time, 190.8 real, 516.1 MB
[runlim] sample:		186.9 time, 200.8 real, 528.2 MB
[runlim] sample:		196.9 time, 210.8 real, 541.1 MB
[runlim] sample:		206.1 time, 220.8 real, 551.4 MB
[runlim] sample:		215.1 time, 230.8 real, 560.2 MB
[runlim] sample:		224.1 time, 240.8 real, 570.2 MB
[runlim] sample:		234.0 time, 250.8 real, 581.8 MB
[runlim] sample:		244.0 time, 260.8 real, 592.9 MB
[runlim] sample:		254.0 time, 270.8 real, 602.5 MB
[runlim] sample:		264.0 time, 280.8 real, 611.2 MB
[runlim] sample:		273.4 time, 290.8 real, 619.7 MB
[runlim] sample:		283.1 time, 300.8 real, 633.5 MB
[runlim] sample:		293.1 time, 310.8 real, 643.0 MB
[runlim] sample:		303.1 time, 320.8 real, 650.5 MB
[runlim] sample:		313.1 time, 330.8 real, 657.5 MB
[runlim] sample:		323.1 time, 340.8 real, 665.7 MB
[runlim] sample:		333.1 time, 350.8 real, 673.7 MB
[runlim] sample:		343.1 time, 360.8 real, 681.7 MB
[runlim] sample:		353.1 time, 370.8 real, 689.4 MB
[runlim] sample:		362.5 time, 380.8 real, 696.1 MB
[runlim] sample:		371.1 time, 390.8 real, 702.3 MB
[runlim] sample:		380.4 time, 400.8 real, 709.5 MB
[runlim] sample:		390.2 time, 410.8 real, 717.0 MB
[runlim] sample:		400.2 time, 420.8 real, 723.9 MB
[runlim] sample:		410.2 time, 430.8 real, 731.7 MB
[runlim] sample:		420.0 time, 440.8 real, 738.4 MB
[runlim] sample:		430.0 time, 450.8 real, 745.1 MB
[runlim] sample:		440.0 time, 460.8 real, 754.1 MB
[runlim] sample:		449.9 time, 470.8 real, 760.2 MB
[runlim] sample:		458.9 time, 480.8 real, 766.4 MB
[runlim] sample:		467.8 time, 490.8 real, 773.9 MB
[runlim] sample:		477.4 time, 500.8 real, 781.1 MB
[runlim] sample:		487.4 time, 510.8 real, 788.6 MB
[runlim] sample:		497.0 time, 520.8 real, 795.0 MB
[runlim] sample:		506.0 time, 530.8 real, 801.2 MB
[runlim] sample:		515.0 time, 540.8 real, 807.4 MB
[runlim] sample:		524.3 time, 550.8 real, 818.4 MB
[runlim] sample:		534.3 time, 560.8 real, 830.5 MB
[runlim] sample:		544.3 time, 570.8 real, 831.2 MB
[runlim] sample:		554.3 time, 580.8 real, 834.8 MB
[runlim] sample:		564.3 time, 590.8 real, 840.3 MB
[runlim] sample:		574.3 time, 600.8 real, 849.5 MB
[runlim] sample:		584.3 time, 610.8 real, 854.4 MB
[runlim] sample:		594.3 time, 620.8 real, 859.8 MB
[runlim] sample:		604.3 time, 630.8 real, 865.0 MB
[runlim] sample:		613.6 time, 640.8 real, 871.2 MB
[runlim] sample:		622.7 time, 650.8 real, 881.7 MB
[runlim] sample:		631.8 time, 660.8 real, 893.3 MB
[runlim] sample:		640.5 time, 670.8 real, 894.9 MB
[runlim] sample:		649.7 time, 680.8 real, 907.1 MB
[runlim] sample:		659.7 time, 690.8 real, 924.6 MB
[runlim] sample:		669.5 time, 700.8 real, 929.5 MB
[runlim] sample:		679.0 time, 710.8 real, 933.9 MB
[runlim] sample:		688.2 time, 720.8 real, 939.0 MB
[runlim] sample:		697.7 time, 730.8 real, 946.2 MB
[runlim] sample:		707.4 time, 740.8 real, 950.6 MB
[runlim] sample:		717.4 time, 750.8 real, 956.5 MB
[runlim] sample:		727.4 time, 760.8 real, 961.7 MB
[runlim] sample:		737.4 time, 770.8 real, 966.6 MB
[runlim] sample:		746.4 time, 780.8 real, 974.6 MB
[runlim] sample:		755.9 time, 790.8 real, 982.1 MB
[runlim] sample:		765.8 time, 800.8 real, 985.2 MB
[runlim] sample:		775.6 time, 810.8 real, 990.6 MB
[runlim] sample:		785.6 time, 820.8 real, 993.7 MB
[runlim] sample:		793.1 time, 830.8 real, 996.5 MB
[runlim] sample:		800.3 time, 840.8 real, 999.9 MB
[runlim] sample:		807.7 time, 850.8 real, 1003.2 MB
[runlim] sample:		816.2 time, 860.8 real, 1007.1 MB
[runlim] sample:		826.2 time, 870.8 real, 1011.2 MB
[runlim] sample:		836.2 time, 880.8 real, 1032.6 MB
[runlim] sample:		844.0 time, 890.8 real, 1033.1 MB
[runlim] sample:		851.2 time, 900.8 real, 1033.6 MB
[runlim] sample:		859.6 time, 910.8 real, 1035.7 MB
[runlim] sample:		869.6 time, 920.8 real, 1039.6 MB
[runlim] sample:		879.6 time, 930.8 real, 1045.5 MB
[runlim] sample:		889.1 time, 940.8 real, 1049.3 MB
[runlim] sample:		899.1 time, 950.8 real, 1054.8 MB
[runlim] sample:		908.5 time, 960.8 real, 1060.4 MB
[runlim] sample:		918.1 time, 970.8 real, 1065.1 MB
[runlim] sample:		927.0 time, 980.8 real, 1068.4 MB
[runlim] sample:		936.4 time, 990.8 real, 1072.5 MB
[runlim] sample:		946.2 time, 1000.8 real, 1079.8 MB
[runlim] sample:		956.2 time, 1010.8 real, 1083.6 MB
[runlim] sample:		966.2 time, 1020.8 real, 1088.0 MB
[runlim] sample:		976.2 time, 1030.8 real, 1092.1 MB
[runlim] sample:		986.2 time, 1040.8 real, 1096.2 MB
[runlim] sample:		996.2 time, 1050.8 real, 1100.6 MB
[runlim] sample:		1006.2 time, 1060.8 real, 1105.0 MB
[runlim] sample:		1016.2 time, 1070.8 real, 1110.1 MB
[runlim] sample:		1026.2 time, 1080.8 real, 1113.2 MB
[runlim] sample:		1036.2 time, 1090.8 real, 1117.4 MB
[runlim] sample:		1045.9 time, 1100.8 real, 1121.5 MB
[runlim] sample:		1053.5 time, 1110.8 real, 1125.3 MB
[runlim] sample:		1063.5 time, 1120.8 real, 1130.0 MB
[runlim] sample:		1073.4 time, 1130.8 real, 1134.1 MB
[runlim] sample:		1081.4 time, 1140.8 real, 1136.7 MB
[runlim] sample:		1091.0 time, 1150.8 real, 1140.8 MB
[runlim] sample:		1100.7 time, 1160.8 real, 1144.9 MB
[runlim] sample:		1110.3 time, 1170.8 real, 1148.8 MB
[runlim] sample:		1120.0 time, 1180.8 real, 1156.0 MB
[runlim] sample:		1128.8 time, 1190.8 real, 1157.3 MB
[runlim] sample:		1136.3 time, 1200.8 real, 1161.2 MB
[runlim] sample:		1143.9 time, 1210.8 real, 1164.0 MB
[runlim] sample:		1152.8 time, 1220.8 real, 1167.4 MB
[runlim] sample:		1162.8 time, 1230.8 real, 1171.9 MB
[runlim] sample:		1172.8 time, 1240.8 real, 1176.1 MB
[runlim] sample:		1182.8 time, 1250.8 real, 1180.5 MB
[runlim] sample:		1192.8 time, 1260.8 real, 1183.5 MB
[runlim] sample:		1202.8 time, 1270.8 real, 1186.6 MB
[runlim] sample:		1211.4 time, 1280.8 real, 1190.5 MB
[runlim] sample:		1221.0 time, 1290.8 real, 1194.4 MB
[runlim] sample:		1230.0 time, 1300.8 real, 1199.0 MB
[runlim] sample:		1240.0 time, 1310.8 real, 1201.1 MB
[runlim] sample:		1249.1 time, 1320.8 real, 1205.2 MB
[runlim] sample:		1258.5 time, 1330.8 real, 1207.2 MB
[runlim] sample:		1266.7 time, 1340.8 real, 1211.1 MB
[runlim] sample:		1274.2 time, 1350.8 real, 1213.4 MB
[runlim] sample:		1283.7 time, 1360.8 real, 1217.6 MB
[runlim] sample:		1293.7 time, 1370.8 real, 1219.6 MB
[runlim] sample:		1303.7 time, 1380.8 real, 1223.7 MB
[runlim] sample:		1312.9 time, 1390.8 real, 1227.1 MB
[runlim] sample:		1322.5 time, 1400.8 real, 1231.0 MB
[runlim] sample:		1332.1 time, 1410.8 real, 1234.3 MB
[runlim] sample:		1341.6 time, 1420.8 real, 1237.1 MB
[runlim] sample:		1351.6 time, 1430.8 real, 1240.5 MB
[runlim] sample:		1360.7 time, 1440.8 real, 1243.3 MB
[runlim] sample:		1370.5 time, 1450.8 real, 1247.7 MB
[runlim] sample:		1380.5 time, 1460.8 real, 1275.9 MB
[runlim] sample:		1388.7 time, 1470.8 real, 1276.7 MB
[runlim] sample:		1398.5 time, 1480.8 real, 1277.7 MB
[runlim] sample:		1408.5 time, 1490.8 real, 1277.9 MB
[runlim] sample:		1418.5 time, 1500.8 real, 1278.7 MB
[runlim] sample:		1428.4 time, 1510.8 real, 1285.1 MB
[runlim] sample:		1438.4 time, 1520.8 real, 1285.4 MB
[runlim] sample:		1448.4 time, 1530.8 real, 1288.2 MB
[runlim] sample:		1458.4 time, 1540.8 real, 1292.1 MB
[runlim] sample:		1468.4 time, 1550.8 real, 1292.9 MB
[runlim] sample:		1478.4 time, 1560.8 real, 1293.4 MB
[runlim] sample:		1487.7 time, 1570.8 real, 1295.2 MB
[runlim] sample:		1496.2 time, 1580.8 real, 1295.7 MB
[runlim] sample:		1506.2 time, 1590.8 real, 1298.5 MB
[runlim] sample:		1516.1 time, 1600.8 real, 1301.6 MB
[runlim] sample:		1525.0 time, 1610.8 real, 1303.9 MB
[runlim] sample:		1535.0 time, 1620.8 real, 1306.8 MB
[runlim] sample:		1542.8 time, 1630.8 real, 1309.6 MB
[runlim] sample:		1551.3 time, 1640.8 real, 1311.9 MB
[runlim] sample:		1560.9 time, 1650.8 real, 1314.7 MB
[runlim] sample:		1569.7 time, 1660.8 real, 1317.6 MB
[runlim] sample:		1577.9 time, 1670.8 real, 1319.9 MB
[runlim] sample:		1587.8 time, 1680.8 real, 1323.2 MB
[runlim] sample:		1597.4 time, 1690.8 real, 1325.8 MB
[runlim] sample:		1607.1 time, 1700.8 real, 1328.7 MB
[runlim] sample:		1616.8 time, 1710.8 real, 1331.8 MB
[runlim] sample:		1626.4 time, 1720.8 real, 1334.6 MB
[runlim] sample:		1636.1 time, 1730.8 real, 1337.9 MB
[runlim] sample:		1645.8 time, 1740.8 real, 1340.0 MB
[runlim] sample:		1655.5 time, 1750.8 real, 1343.4 MB
[runlim] sample:		1665.4 time, 1760.8 real, 1345.9 MB
[runlim] sample:		1675.4 time, 1770.8 real, 1349.0 MB
[runlim] sample:		1685.1 time, 1780.8 real, 1352.1 MB
[runlim] sample:		1694.8 time, 1790.8 real, 1354.9 MB
[runlim] sample:		1704.4 time, 1800.8 real, 1358.0 MB
[runlim] sample:		1714.3 time, 1810.8 real, 1360.1 MB
[runlim] sample:		1724.3 time, 1820.8 real, 1363.4 MB
[runlim] sample:		1734.3 time, 1830.8 real, 1366.3 MB
[runlim] sample:		1744.3 time, 1840.8 real, 1368.3 MB
[runlim] sample:		1754.3 time, 1850.8 real, 1371.9 MB
[runlim] sample:		1764.3 time, 1860.8 real, 1374.8 MB
[runlim] sample:		1774.3 time, 1870.8 real, 1377.6 MB
[runlim] sample:		1784.3 time, 1880.8 real, 1380.4 MB
[runlim] sample:		1794.3 time, 1890.8 real, 1383.0 MB
CVC4 interrupted by SIGTERM.
[runlim] end:			Fri Feb 15 01:03:59 2019
[runlim] status:		out of time
[runlim] result:		2
[runlim] children:		0
[runlim] real:			1896.56 seconds
[runlim] time:			1800.03 seconds
[runlim] space:			1384.8 MB
[runlim] samples:		18957
