[runlim] version:		1.10fixed
[runlim] time limit:		300 seconds
[runlim] real time limit:	311040000 seconds
[runlim] space limit:		4000 MB
[runlim] argv[0]:		./cvc4
[runlim] argv[1]:		--nl-ext-tplanes
[runlim] argv[2]:		/tmp/kiSZcWUB.smt2
[runlim] start:			Tue Jan 29 11:35:45 2019
[runlim] main pid:		26086
/tmp/kiSZcWUB.smt2:4.12: No set-logic command was given before this point.
/tmp/kiSZcWUB.smt2:4.12: CVC4 will make all theories available.
/tmp/kiSZcWUB.smt2:4.12: Consider setting a stricter logic for (likely) better performance.
/tmp/kiSZcWUB.smt2:4.12: To suppress this warning in the future use (set-logic ALL).
[runlim] sample:		8.9 time, 10.8 real, 108.9 MB
[runlim] sample:		18.9 time, 20.8 real, 150.0 MB
[runlim] sample:		27.4 time, 30.8 real, 171.3 MB
[runlim] sample:		35.4 time, 40.8 real, 189.6 MB
[runlim] sample:		44.9 time, 50.8 real, 207.9 MB
[runlim] sample:		54.9 time, 60.8 real, 225.9 MB
[runlim] sample:		64.6 time, 70.8 real, 243.6 MB
[runlim] sample:		74.5 time, 80.8 real, 257.0 MB
[runlim] sample:		84.5 time, 90.8 real, 270.4 MB
[runlim] sample:		94.5 time, 100.8 real, 282.0 MB
[runlim] sample:		103.9 time, 110.8 real, 291.8 MB
[runlim] sample:		112.6 time, 120.8 real, 302.0 MB
[runlim] sample:		122.4 time, 130.8 real, 307.9 MB
[runlim] sample:		132.4 time, 140.8 real, 317.2 MB
[runlim] sample:		142.4 time, 150.8 real, 323.9 MB
[runlim] sample:		152.4 time, 160.8 real, 331.9 MB
[runlim] sample:		162.4 time, 170.8 real, 338.6 MB
[runlim] sample:		172.4 time, 180.8 real, 347.3 MB
[runlim] sample:		182.4 time, 190.8 real, 354.3 MB
[runlim] sample:		192.4 time, 200.8 real, 360.2 MB
[runlim] sample:		202.4 time, 210.8 real, 367.2 MB
[runlim] sample:		212.4 time, 220.8 real, 375.4 MB
[runlim] sample:		222.4 time, 230.8 real, 379.3 MB
[runlim] sample:		232.4 time, 240.8 real, 386.0 MB
[runlim] sample:		242.4 time, 250.8 real, 392.7 MB
[runlim] sample:		252.4 time, 260.8 real, 399.1 MB
[runlim] sample:		262.4 time, 270.8 real, 403.5 MB
[runlim] sample:		272.4 time, 280.8 real, 410.7 MB
[runlim] sample:		282.4 time, 290.8 real, 422.4 MB
[runlim] sample:		292.4 time, 300.8 real, 423.2 MB
CVC4 interrupted by SIGTERM.
[runlim] end:			Tue Jan 29 11:40:53 2019
[runlim] status:		out of time
[runlim] result:		2
[runlim] children:		0
[runlim] real:			308.50 seconds
[runlim] time:			300.06 seconds
[runlim] space:			427.3 MB
[runlim] samples:		3077
