[runlim] version:		1.10fixed
[runlim] time limit:		300 seconds
[runlim] real time limit:	311040000 seconds
[runlim] space limit:		4000 MB
[runlim] argv[0]:		./cvc4
[runlim] argv[1]:		--nl-ext-tplanes
[runlim] argv[2]:		/tmp/3hEtNd1T.smt2
[runlim] start:			Mon Jan 28 15:01:28 2019
[runlim] main pid:		30995
/tmp/3hEtNd1T.smt2:4.12: No set-logic command was given before this point.
/tmp/3hEtNd1T.smt2:4.12: CVC4 will make all theories available.
/tmp/3hEtNd1T.smt2:4.12: Consider setting a stricter logic for (likely) better performance.
/tmp/3hEtNd1T.smt2:4.12: To suppress this warning in the future use (set-logic ALL).
[runlim] sample:		8.6 time, 10.5 real, 63.6 MB
[runlim] sample:		18.0 time, 20.5 real, 74.2 MB
[runlim] sample:		28.0 time, 30.5 real, 88.2 MB
[runlim] sample:		38.0 time, 40.5 real, 104.3 MB
[runlim] sample:		48.0 time, 50.5 real, 106.1 MB
[runlim] sample:		58.0 time, 60.5 real, 109.1 MB
[runlim] sample:		67.5 time, 70.5 real, 115.8 MB
[runlim] sample:		77.5 time, 80.5 real, 117.9 MB
[runlim] sample:		87.5 time, 90.5 real, 124.6 MB
[runlim] sample:		97.2 time, 100.5 real, 126.9 MB
[runlim] sample:		107.2 time, 110.5 real, 133.9 MB
[runlim] sample:		117.2 time, 120.5 real, 151.2 MB
[runlim] sample:		125.6 time, 130.5 real, 152.7 MB
[runlim] sample:		133.3 time, 140.5 real, 152.7 MB
[runlim] sample:		141.0 time, 150.5 real, 153.5 MB
[runlim] sample:		149.9 time, 160.5 real, 155.3 MB
[runlim] sample:		159.5 time, 170.5 real, 156.1 MB
[runlim] sample:		169.2 time, 180.5 real, 158.1 MB
[runlim] sample:		178.8 time, 190.5 real, 165.8 MB
[runlim] sample:		188.5 time, 200.5 real, 167.6 MB
[runlim] sample:		197.5 time, 210.5 real, 167.6 MB
[runlim] sample:		207.3 time, 220.5 real, 171.7 MB
[runlim] sample:		217.3 time, 230.5 real, 176.1 MB
[runlim] sample:		227.3 time, 240.5 real, 179.5 MB
[runlim] sample:		237.3 time, 250.5 real, 182.6 MB
[runlim] sample:		247.3 time, 260.5 real, 182.6 MB
[runlim] sample:		257.3 time, 270.5 real, 189.8 MB
[runlim] sample:		267.3 time, 280.5 real, 190.3 MB
[runlim] sample:		276.8 time, 290.5 real, 193.1 MB
[runlim] sample:		286.5 time, 300.5 real, 193.1 MB
[runlim] sample:		296.2 time, 310.5 real, 201.6 MB
CVC4 interrupted by SIGTERM.
[runlim] end:			Mon Jan 28 15:06:42 2019
[runlim] status:		out of time
[runlim] result:		2
[runlim] children:		0
[runlim] real:			314.37 seconds
[runlim] time:			300.01 seconds
[runlim] space:			201.6 MB
[runlim] samples:		3139
