[runlim] version:		1.10fixed
[runlim] time limit:		1800 seconds
[runlim] real time limit:	311040000 seconds
[runlim] space limit:		4000 MB
[runlim] argv[0]:		./cvc4
[runlim] argv[1]:		--nl-ext-tplanes
[runlim] argv[2]:		/tmp/cr1FHJcp.smt2
[runlim] start:			Tue Feb 19 00:31:50 2019
[runlim] main pid:		24414
/tmp/cr1FHJcp.smt2:4.12: No set-logic command was given before this point.
/tmp/cr1FHJcp.smt2:4.12: CVC4 will make all theories available.
/tmp/cr1FHJcp.smt2:4.12: Consider setting a stricter logic for (likely) better performance.
/tmp/cr1FHJcp.smt2:4.12: To suppress this warning in the future use (set-logic ALL).
[runlim] sample:		8.8 time, 10.9 real, 108.6 MB
[runlim] sample:		18.4 time, 20.9 real, 146.0 MB
[runlim] sample:		28.4 time, 30.9 real, 167.9 MB
[runlim] sample:		38.4 time, 40.9 real, 185.9 MB
[runlim] sample:		47.9 time, 50.9 real, 202.0 MB
[runlim] sample:		56.6 time, 60.9 real, 213.4 MB
[runlim] sample:		65.3 time, 70.9 real, 226.9 MB
[runlim] sample:		73.9 time, 80.9 real, 240.3 MB
[runlim] sample:		82.7 time, 90.9 real, 248.6 MB
[runlim] sample:		91.4 time, 100.9 real, 258.3 MB
[runlim] sample:		100.0 time, 110.9 real, 265.0 MB
[runlim] sample:		110.0 time, 120.9 real, 274.6 MB
[runlim] sample:		120.0 time, 130.9 real, 283.1 MB
[runlim] sample:		130.0 time, 140.9 real, 288.7 MB
[runlim] sample:		139.0 time, 150.9 real, 294.4 MB
[runlim] sample:		147.7 time, 160.9 real, 300.1 MB
[runlim] sample:		156.4 time, 170.9 real, 305.7 MB
[runlim] sample:		165.1 time, 180.9 real, 311.4 MB
[runlim] sample:		173.8 time, 190.9 real, 315.8 MB
[runlim] sample:		183.4 time, 200.9 real, 321.9 MB
[runlim] sample:		193.4 time, 210.9 real, 327.1 MB
[runlim] sample:		203.4 time, 220.9 real, 332.8 MB
[runlim] sample:		213.4 time, 230.9 real, 336.4 MB
[runlim] sample:		223.4 time, 240.9 real, 341.2 MB
[runlim] sample:		233.4 time, 250.9 real, 347.1 MB
[runlim] sample:		243.4 time, 260.9 real, 349.9 MB
[runlim] sample:		253.4 time, 270.9 real, 355.3 MB
[runlim] sample:		263.4 time, 280.9 real, 358.1 MB
[runlim] sample:		273.4 time, 290.9 real, 364.1 MB
[runlim] sample:		283.4 time, 300.9 real, 371.8 MB
[runlim] sample:		293.4 time, 310.9 real, 373.0 MB
[runlim] sample:		303.4 time, 320.9 real, 376.7 MB
[runlim] sample:		313.4 time, 330.9 real, 379.5 MB
[runlim] sample:		323.4 time, 340.9 real, 384.9 MB
[runlim] sample:		333.4 time, 350.9 real, 388.8 MB
[runlim] sample:		343.4 time, 360.9 real, 391.6 MB
[runlim] sample:		353.4 time, 370.9 real, 396.0 MB
[runlim] sample:		363.4 time, 380.9 real, 399.6 MB
[runlim] sample:		373.4 time, 390.9 real, 404.5 MB
[runlim] sample:		383.4 time, 400.9 real, 407.3 MB
[runlim] sample:		393.4 time, 410.9 real, 410.1 MB
[runlim] sample:		403.4 time, 420.9 real, 412.9 MB
[runlim] sample:		413.4 time, 430.9 real, 421.9 MB
[runlim] sample:		423.3 time, 440.9 real, 423.9 MB
[runlim] sample:		433.3 time, 450.9 real, 424.4 MB
[runlim] sample:		443.3 time, 460.9 real, 427.0 MB
[runlim] sample:		453.3 time, 470.9 real, 434.2 MB
[runlim] sample:		463.3 time, 480.9 real, 435.5 MB
[runlim] sample:		473.3 time, 490.9 real, 442.4 MB
[runlim] sample:		483.3 time, 500.9 real, 446.1 MB
[runlim] sample:		493.3 time, 510.9 real, 448.1 MB
[runlim] sample:		503.3 time, 520.9 real, 450.9 MB
[runlim] sample:		513.3 time, 530.9 real, 456.9 MB
[runlim] sample:		523.3 time, 540.9 real, 462.6 MB
[runlim] sample:		533.3 time, 550.9 real, 465.0 MB
[runlim] sample:		543.3 time, 560.9 real, 468.0 MB
[runlim] sample:		552.6 time, 570.9 real, 470.9 MB
[runlim] sample:		562.5 time, 580.9 real, 473.7 MB
[runlim] sample:		572.5 time, 590.9 real, 476.5 MB
[runlim] sample:		582.5 time, 600.9 real, 479.4 MB
[runlim] sample:		592.5 time, 610.9 real, 481.9 MB
[runlim] sample:		602.5 time, 620.9 real, 484.8 MB
[runlim] sample:		612.5 time, 630.9 real, 486.6 MB
[runlim] sample:		622.5 time, 640.9 real, 488.1 MB
[runlim] sample:		632.5 time, 650.9 real, 490.4 MB
[runlim] sample:		642.5 time, 660.9 real, 493.3 MB
[runlim] sample:		652.5 time, 670.9 real, 496.1 MB
[runlim] sample:		662.5 time, 680.9 real, 498.9 MB
[runlim] sample:		672.5 time, 690.9 real, 507.2 MB
[runlim] sample:		682.5 time, 700.9 real, 507.2 MB
[runlim] sample:		692.5 time, 710.9 real, 508.7 MB
[runlim] sample:		702.3 time, 720.9 real, 511.3 MB
[runlim] sample:		712.2 time, 730.9 real, 514.6 MB
[runlim] sample:		722.2 time, 740.9 real, 514.9 MB
[runlim] sample:		732.0 time, 750.9 real, 517.2 MB
[runlim] sample:		742.0 time, 760.9 real, 520.8 MB
[runlim] sample:		752.0 time, 770.9 real, 524.2 MB
[runlim] sample:		761.8 time, 780.9 real, 524.7 MB
[runlim] sample:		771.5 time, 790.9 real, 526.8 MB
[runlim] sample:		781.1 time, 800.9 real, 529.8 MB
[runlim] sample:		790.8 time, 810.9 real, 533.7 MB
[runlim] sample:		800.4 time, 820.9 real, 533.7 MB
[runlim] sample:		810.1 time, 830.9 real, 537.1 MB
[runlim] sample:		819.8 time, 840.9 real, 540.1 MB
[runlim] sample:		829.4 time, 850.9 real, 540.4 MB
[runlim] sample:		838.4 time, 860.9 real, 543.0 MB
[runlim] sample:		847.7 time, 870.9 real, 545.8 MB
[runlim] sample:		856.0 time, 880.9 real, 545.8 MB
[runlim] sample:		865.0 time, 890.9 real, 548.4 MB
[runlim] sample:		874.4 time, 900.9 real, 549.2 MB
[runlim] sample:		884.4 time, 910.9 real, 551.2 MB
[runlim] sample:		894.1 time, 920.9 real, 554.0 MB
[runlim] sample:		903.9 time, 930.9 real, 554.8 MB
[runlim] sample:		913.9 time, 940.9 real, 556.6 MB
[runlim] sample:		923.8 time, 950.9 real, 559.4 MB
[runlim] sample:		933.8 time, 960.9 real, 560.2 MB
[runlim] sample:		943.8 time, 970.9 real, 562.3 MB
[runlim] sample:		953.7 time, 980.9 real, 565.9 MB
[runlim] sample:		963.6 time, 990.9 real, 566.1 MB
[runlim] sample:		973.6 time, 1000.9 real, 568.7 MB
[runlim] sample:		983.3 time, 1010.9 real, 571.5 MB
[runlim] sample:		993.0 time, 1020.9 real, 571.5 MB
[runlim] sample:		1002.9 time, 1030.9 real, 574.1 MB
[runlim] sample:		1012.8 time, 1040.9 real, 574.9 MB
[runlim] sample:		1022.5 time, 1050.9 real, 577.2 MB
[runlim] sample:		1032.2 time, 1060.9 real, 580.0 MB
[runlim] sample:		1042.2 time, 1070.9 real, 580.0 MB
[runlim] sample:		1051.8 time, 1080.9 real, 582.9 MB
[runlim] sample:		1061.5 time, 1090.9 real, 582.9 MB
[runlim] sample:		1071.2 time, 1100.9 real, 586.0 MB
[runlim] sample:		1080.8 time, 1110.9 real, 587.2 MB
[runlim] sample:		1090.5 time, 1120.9 real, 588.8 MB
[runlim] sample:		1100.2 time, 1130.9 real, 591.4 MB
[runlim] sample:		1110.1 time, 1140.9 real, 591.4 MB
[runlim] sample:		1120.1 time, 1150.9 real, 594.2 MB
[runlim] sample:		1130.1 time, 1160.9 real, 594.2 MB
[runlim] sample:		1140.1 time, 1170.9 real, 597.0 MB
[runlim] sample:		1150.1 time, 1180.9 real, 597.8 MB
[runlim] sample:		1160.1 time, 1190.9 real, 600.1 MB
[runlim] sample:		1170.1 time, 1200.9 real, 602.9 MB
[runlim] sample:		1178.8 time, 1210.9 real, 602.9 MB
[runlim] sample:		1188.4 time, 1220.9 real, 604.5 MB
[runlim] sample:		1197.5 time, 1230.9 real, 605.8 MB
[runlim] sample:		1206.5 time, 1240.9 real, 607.1 MB
[runlim] sample:		1215.5 time, 1250.9 real, 608.6 MB
[runlim] sample:		1224.2 time, 1260.9 real, 609.1 MB
[runlim] sample:		1233.3 time, 1270.9 real, 611.4 MB
[runlim] sample:		1242.3 time, 1280.9 real, 611.4 MB
[runlim] sample:		1251.3 time, 1290.9 real, 614.3 MB
[runlim] sample:		1260.0 time, 1300.9 real, 614.3 MB
[runlim] sample:		1268.9 time, 1310.9 real, 617.1 MB
[runlim] sample:		1277.7 time, 1320.9 real, 617.1 MB
[runlim] sample:		1286.6 time, 1330.9 real, 622.4 MB
[runlim] sample:		1296.2 time, 1340.9 real, 622.4 MB
[runlim] sample:		1306.2 time, 1350.9 real, 627.0 MB
[runlim] sample:		1316.1 time, 1360.9 real, 627.0 MB
[runlim] sample:		1325.7 time, 1370.9 real, 630.6 MB
[runlim] sample:		1335.7 time, 1380.9 real, 630.6 MB
[runlim] sample:		1345.5 time, 1390.9 real, 631.6 MB
[runlim] sample:		1355.2 time, 1400.9 real, 631.6 MB
[runlim] sample:		1364.9 time, 1410.9 real, 634.2 MB
[runlim] sample:		1374.5 time, 1420.9 real, 634.2 MB
[runlim] sample:		1384.2 time, 1430.9 real, 636.0 MB
[runlim] sample:		1393.9 time, 1440.9 real, 637.0 MB
[runlim] sample:		1403.5 time, 1450.9 real, 637.8 MB
[runlim] sample:		1413.2 time, 1460.9 real, 639.6 MB
[runlim] sample:		1422.8 time, 1470.9 real, 640.1 MB
[runlim] sample:		1432.8 time, 1480.9 real, 642.7 MB
[runlim] sample:		1442.5 time, 1490.9 real, 642.7 MB
[runlim] sample:		1452.2 time, 1500.9 real, 645.3 MB
[runlim] sample:		1462.1 time, 1510.9 real, 645.3 MB
[runlim] sample:		1472.1 time, 1520.9 real, 648.1 MB
[runlim] sample:		1482.1 time, 1530.9 real, 648.1 MB
[runlim] sample:		1492.1 time, 1540.9 real, 650.7 MB
[runlim] sample:		1502.1 time, 1550.9 real, 650.7 MB
[runlim] sample:		1512.0 time, 1560.9 real, 653.8 MB
[runlim] sample:		1522.0 time, 1570.9 real, 653.8 MB
[runlim] sample:		1531.9 time, 1580.9 real, 655.8 MB
[runlim] sample:		1541.6 time, 1590.9 real, 656.6 MB
[runlim] sample:		1551.2 time, 1600.9 real, 657.1 MB
[runlim] sample:		1560.9 time, 1610.9 real, 659.4 MB
[runlim] sample:		1570.6 time, 1620.9 real, 659.4 MB
[runlim] sample:		1580.2 time, 1630.9 real, 662.5 MB
[runlim] sample:		1589.9 time, 1640.9 real, 662.5 MB
[runlim] sample:		1599.6 time, 1650.9 real, 665.4 MB
[runlim] sample:		1609.2 time, 1660.9 real, 665.4 MB
[runlim] sample:		1618.9 time, 1670.9 real, 665.9 MB
[runlim] sample:		1628.7 time, 1680.9 real, 668.4 MB
[runlim] sample:		1638.7 time, 1690.9 real, 668.4 MB
[runlim] sample:		1648.7 time, 1700.9 real, 671.2 MB
[runlim] sample:		1658.2 time, 1710.9 real, 671.2 MB
[runlim] sample:		1668.0 time, 1720.9 real, 673.0 MB
[runlim] sample:		1677.3 time, 1730.9 real, 673.8 MB
[runlim] sample:		1684.8 time, 1740.9 real, 673.8 MB
[runlim] sample:		1693.7 time, 1750.9 real, 676.6 MB
[runlim] sample:		1701.3 time, 1760.9 real, 676.6 MB
[runlim] sample:		1709.1 time, 1770.9 real, 676.6 MB
[runlim] sample:		1717.7 time, 1780.9 real, 679.7 MB
[runlim] sample:		1726.4 time, 1790.9 real, 679.7 MB
[runlim] sample:		1734.6 time, 1800.9 real, 679.7 MB
[runlim] sample:		1744.2 time, 1810.9 real, 682.5 MB
[runlim] sample:		1753.7 time, 1820.9 real, 682.5 MB
[runlim] sample:		1762.3 time, 1830.9 real, 684.3 MB
[runlim] sample:		1769.4 time, 1840.9 real, 685.0 MB
[runlim] sample:		1776.1 time, 1850.9 real, 685.0 MB
[runlim] sample:		1783.5 time, 1860.9 real, 685.0 MB
[runlim] sample:		1792.0 time, 1870.9 real, 687.9 MB
CVC4 interrupted by SIGTERM.
[runlim] end:			Tue Feb 19 01:03:09 2019
[runlim] status:		out of time
[runlim] result:		2
[runlim] children:		0
[runlim] real:			1879.96 seconds
[runlim] time:			1800.04 seconds
[runlim] space:			687.9 MB
[runlim] samples:		18790
