[runlim] version:		1.10fixed
[runlim] time limit:		300 seconds
[runlim] real time limit:	311040000 seconds
[runlim] space limit:		4000 MB
[runlim] argv[0]:		./cvc4
[runlim] argv[1]:		--nl-ext-tplanes
[runlim] argv[2]:		/tmp/Dzs91Jaj.smt2
[runlim] start:			Tue Jan 29 11:32:53 2019
[runlim] main pid:		8105
/tmp/Dzs91Jaj.smt2:4.12: No set-logic command was given before this point.
/tmp/Dzs91Jaj.smt2:4.12: CVC4 will make all theories available.
/tmp/Dzs91Jaj.smt2:4.12: Consider setting a stricter logic for (likely) better performance.
/tmp/Dzs91Jaj.smt2:4.12: To suppress this warning in the future use (set-logic ALL).
[runlim] sample:		10.0 time, 10.9 real, 56.9 MB
[runlim] sample:		20.0 time, 20.9 real, 75.7 MB
[runlim] sample:		30.0 time, 30.9 real, 77.8 MB
[runlim] sample:		39.5 time, 40.9 real, 86.0 MB
[runlim] sample:		49.2 time, 50.9 real, 91.2 MB
[runlim] sample:		59.2 time, 60.9 real, 102.4 MB
[runlim] sample:		69.2 time, 70.9 real, 103.4 MB
[runlim] sample:		79.2 time, 80.9 real, 108.6 MB
[runlim] sample:		89.2 time, 90.9 real, 111.4 MB
[runlim] sample:		99.0 time, 100.9 real, 116.1 MB
[runlim] sample:		108.3 time, 110.9 real, 118.1 MB
[runlim] sample:		118.3 time, 120.9 real, 123.3 MB
[runlim] sample:		128.3 time, 130.9 real, 126.9 MB
[runlim] sample:		138.3 time, 140.9 real, 128.7 MB
[runlim] sample:		148.3 time, 150.9 real, 147.1 MB
[runlim] sample:		158.3 time, 160.9 real, 148.6 MB
[runlim] sample:		168.3 time, 170.9 real, 148.9 MB
[runlim] sample:		177.7 time, 180.9 real, 150.2 MB
[runlim] sample:		187.0 time, 190.9 real, 150.4 MB
[runlim] sample:		196.3 time, 200.9 real, 150.4 MB
[runlim] sample:		205.6 time, 210.9 real, 151.5 MB
[runlim] sample:		214.9 time, 220.9 real, 152.5 MB
[runlim] sample:		224.2 time, 230.9 real, 155.1 MB
[runlim] sample:		233.8 time, 240.9 real, 157.6 MB
[runlim] sample:		243.6 time, 250.9 real, 160.7 MB
[runlim] sample:		252.9 time, 260.9 real, 161.0 MB
[runlim] sample:		262.4 time, 270.9 real, 164.9 MB
[runlim] sample:		271.7 time, 280.9 real, 168.0 MB
[runlim] sample:		281.1 time, 290.9 real, 168.2 MB
[runlim] sample:		291.1 time, 300.9 real, 170.5 MB
CVC4 interrupted by SIGTERM.
[runlim] end:			Tue Jan 29 11:38:02 2019
[runlim] status:		out of time
[runlim] result:		2
[runlim] children:		0
[runlim] real:			309.94 seconds
[runlim] time:			300.06 seconds
[runlim] space:			175.2 MB
[runlim] samples:		3090
