[runlim] version:		1.10fixed
[runlim] time limit:		300 seconds
[runlim] real time limit:	311040000 seconds
[runlim] space limit:		4000 MB
[runlim] argv[0]:		./cvc4
[runlim] argv[1]:		--nl-ext-tplanes
[runlim] argv[2]:		/tmp/5fIzX01s.smt2
[runlim] start:			Wed Feb 13 23:19:21 2019
[runlim] main pid:		32101
/tmp/5fIzX01s.smt2:4.12: No set-logic command was given before this point.
/tmp/5fIzX01s.smt2:4.12: CVC4 will make all theories available.
/tmp/5fIzX01s.smt2:4.12: Consider setting a stricter logic for (likely) better performance.
/tmp/5fIzX01s.smt2:4.12: To suppress this warning in the future use (set-logic ALL).
[runlim] sample:		8.4 time, 10.2 real, 197.0 MB
[runlim] sample:		18.1 time, 20.2 real, 334.2 MB
[runlim] sample:		27.2 time, 30.2 real, 438.6 MB
[runlim] sample:		37.0 time, 40.2 real, 558.9 MB
[runlim] sample:		47.0 time, 50.2 real, 644.4 MB
[runlim] sample:		56.5 time, 60.2 real, 722.6 MB
[runlim] sample:		66.5 time, 70.2 real, 789.9 MB
[runlim] sample:		76.5 time, 80.2 real, 834.9 MB
[runlim] sample:		86.5 time, 90.2 real, 956.2 MB
[runlim] sample:		96.5 time, 100.2 real, 978.6 MB
[runlim] sample:		106.5 time, 110.2 real, 1069.6 MB
[runlim] sample:		116.5 time, 120.2 real, 1102.8 MB
[runlim] sample:		126.5 time, 130.2 real, 1182.6 MB
[runlim] sample:		136.5 time, 140.2 real, 1200.1 MB
[runlim] sample:		146.5 time, 150.2 real, 1303.2 MB
[runlim] sample:		156.5 time, 160.2 real, 1309.9 MB
[runlim] sample:		166.5 time, 170.2 real, 1397.1 MB
[runlim] sample:		176.5 time, 180.2 real, 1422.9 MB
[runlim] sample:		186.5 time, 190.2 real, 1439.1 MB
[runlim] sample:		196.5 time, 200.2 real, 1561.3 MB
[runlim] sample:		206.5 time, 210.2 real, 1572.4 MB
[runlim] sample:		216.5 time, 220.2 real, 1589.4 MB
[runlim] sample:		226.4 time, 230.2 real, 1673.6 MB
[runlim] sample:		236.4 time, 240.2 real, 1709.8 MB
[runlim] sample:		246.4 time, 250.2 real, 1710.3 MB
[runlim] sample:		256.4 time, 260.2 real, 1733.2 MB
[runlim] sample:		266.4 time, 270.2 real, 1884.1 MB
[runlim] sample:		276.4 time, 280.2 real, 1899.5 MB
[runlim] sample:		286.4 time, 290.2 real, 1900.1 MB
[runlim] sample:		296.4 time, 300.2 real, 1921.9 MB
CVC4 interrupted by SIGTERM.
[runlim] end:			Wed Feb 13 23:24:24 2019
[runlim] status:		out of time
[runlim] result:		2
[runlim] children:		0
[runlim] real:			303.96 seconds
[runlim] time:			300.14 seconds
[runlim] space:			1955.7 MB
[runlim] samples:		3037
