[runlim] version:		1.10fixed
[runlim] time limit:		1800 seconds
[runlim] real time limit:	311040000 seconds
[runlim] space limit:		4000 MB
[runlim] argv[0]:		./cvc4
[runlim] argv[1]:		--nl-ext-tplanes
[runlim] argv[2]:		/tmp/FbZ31Kv6.smt2
[runlim] start:			Tue Feb 19 00:29:46 2019
[runlim] main pid:		13332
/tmp/FbZ31Kv6.smt2:4.12: No set-logic command was given before this point.
/tmp/FbZ31Kv6.smt2:4.12: CVC4 will make all theories available.
/tmp/FbZ31Kv6.smt2:4.12: Consider setting a stricter logic for (likely) better performance.
/tmp/FbZ31Kv6.smt2:4.12: To suppress this warning in the future use (set-logic ALL).
[runlim] sample:		9.5 time, 10.5 real, 72.7 MB
[runlim] sample:		19.2 time, 20.5 real, 93.2 MB
[runlim] sample:		28.5 time, 30.5 real, 107.6 MB
[runlim] sample:		38.5 time, 40.5 real, 122.3 MB
[runlim] sample:		48.5 time, 50.5 real, 127.0 MB
[runlim] sample:		58.4 time, 60.5 real, 140.3 MB
[runlim] sample:		67.3 time, 70.5 real, 145.2 MB
[runlim] sample:		77.1 time, 80.5 real, 165.7 MB
[runlim] sample:		87.1 time, 90.5 real, 168.3 MB
[runlim] sample:		96.3 time, 100.5 real, 170.3 MB
[runlim] sample:		106.0 time, 110.5 real, 185.0 MB
[runlim] sample:		116.0 time, 120.5 real, 187.3 MB
[runlim] sample:		126.0 time, 130.5 real, 195.0 MB
[runlim] sample:		136.0 time, 140.5 real, 195.0 MB
[runlim] sample:		146.0 time, 150.5 real, 210.6 MB
[runlim] sample:		156.0 time, 160.5 real, 210.6 MB
[runlim] sample:		166.0 time, 170.5 real, 217.4 MB
[runlim] sample:		176.0 time, 180.5 real, 217.6 MB
[runlim] sample:		186.0 time, 190.5 real, 252.9 MB
[runlim] sample:		196.0 time, 200.5 real, 256.0 MB
[runlim] sample:		206.0 time, 210.5 real, 256.0 MB
[runlim] sample:		216.0 time, 220.5 real, 258.6 MB
[runlim] sample:		226.0 time, 230.5 real, 258.6 MB
[runlim] sample:		236.0 time, 240.5 real, 258.8 MB
[runlim] sample:		246.0 time, 250.5 real, 263.7 MB
[runlim] sample:		256.0 time, 260.5 real, 263.7 MB
[runlim] sample:		266.0 time, 270.5 real, 263.7 MB
[runlim] sample:		276.0 time, 280.5 real, 270.7 MB
[runlim] sample:		286.0 time, 290.5 real, 270.7 MB
[runlim] sample:		296.0 time, 300.5 real, 271.2 MB
[runlim] sample:		306.0 time, 310.5 real, 283.2 MB
[runlim] sample:		316.0 time, 320.5 real, 290.1 MB
[runlim] sample:		326.0 time, 330.5 real, 290.3 MB
[runlim] sample:		336.0 time, 340.5 real, 290.9 MB
[runlim] sample:		346.0 time, 350.5 real, 298.6 MB
[runlim] sample:		356.0 time, 360.5 real, 298.8 MB
[runlim] sample:		364.9 time, 370.5 real, 299.1 MB
[runlim] sample:		374.0 time, 380.5 real, 302.5 MB
[runlim] sample:		382.2 time, 390.5 real, 308.0 MB
[runlim] sample:		390.2 time, 400.5 real, 318.2 MB
[runlim] sample:		400.2 time, 410.5 real, 321.3 MB
[runlim] sample:		410.1 time, 420.5 real, 321.3 MB
[runlim] sample:		419.4 time, 430.5 real, 321.3 MB
[runlim] sample:		428.7 time, 440.5 real, 392.2 MB
[runlim] sample:		437.4 time, 450.5 real, 392.2 MB
[runlim] sample:		446.6 time, 460.5 real, 392.2 MB
[runlim] sample:		456.5 time, 470.5 real, 392.2 MB
[runlim] sample:		466.2 time, 480.5 real, 392.7 MB
[runlim] sample:		476.2 time, 490.5 real, 398.1 MB
[runlim] sample:		486.2 time, 500.5 real, 398.9 MB
[runlim] sample:		496.1 time, 510.5 real, 398.9 MB
[runlim] sample:		506.1 time, 520.5 real, 398.9 MB
[runlim] sample:		516.1 time, 530.5 real, 398.9 MB
[runlim] sample:		524.8 time, 540.5 real, 399.4 MB
[runlim] sample:		533.8 time, 550.5 real, 402.5 MB
[runlim] sample:		542.6 time, 560.5 real, 402.5 MB
[runlim] sample:		552.3 time, 570.5 real, 402.5 MB
[runlim] sample:		561.9 time, 580.5 real, 402.5 MB
[runlim] sample:		570.3 time, 590.5 real, 403.2 MB
[runlim] sample:		579.6 time, 600.5 real, 405.3 MB
[runlim] sample:		588.7 time, 610.5 real, 408.9 MB
[runlim] sample:		598.5 time, 620.5 real, 409.9 MB
[runlim] sample:		607.2 time, 630.5 real, 409.9 MB
[runlim] sample:		616.7 time, 640.5 real, 409.9 MB
[runlim] sample:		626.0 time, 650.5 real, 409.9 MB
[runlim] sample:		635.2 time, 660.5 real, 410.2 MB
[runlim] sample:		643.6 time, 670.5 real, 413.8 MB
[runlim] sample:		652.4 time, 680.5 real, 413.8 MB
[runlim] sample:		662.4 time, 690.5 real, 413.8 MB
[runlim] sample:		672.4 time, 700.5 real, 413.8 MB
[runlim] sample:		682.4 time, 710.5 real, 414.3 MB
[runlim] sample:		692.4 time, 720.5 real, 420.8 MB
[runlim] sample:		702.4 time, 730.5 real, 433.5 MB
[runlim] sample:		711.9 time, 740.5 real, 436.1 MB
[runlim] sample:		720.6 time, 750.5 real, 436.1 MB
[runlim] sample:		730.0 time, 760.5 real, 436.1 MB
[runlim] sample:		738.4 time, 770.5 real, 436.1 MB
[runlim] sample:		746.9 time, 780.5 real, 436.4 MB
[runlim] sample:		756.5 time, 790.5 real, 436.9 MB
[runlim] sample:		766.2 time, 800.5 real, 441.0 MB
[runlim] sample:		775.9 time, 810.5 real, 446.9 MB
[runlim] sample:		785.5 time, 820.5 real, 447.2 MB
[runlim] sample:		795.5 time, 830.5 real, 447.2 MB
[runlim] sample:		805.5 time, 840.5 real, 447.7 MB
[runlim] sample:		815.5 time, 850.5 real, 451.3 MB
[runlim] sample:		825.2 time, 860.5 real, 454.7 MB
[runlim] sample:		833.6 time, 870.5 real, 459.8 MB
[runlim] sample:		843.4 time, 880.5 real, 474.8 MB
[runlim] sample:		853.4 time, 890.5 real, 477.3 MB
[runlim] sample:		863.4 time, 900.5 real, 477.3 MB
[runlim] sample:		873.4 time, 910.5 real, 477.3 MB
[runlim] sample:		883.3 time, 920.5 real, 477.3 MB
[runlim] sample:		893.3 time, 930.5 real, 477.3 MB
[runlim] sample:		903.3 time, 940.5 real, 480.8 MB
[runlim] sample:		913.3 time, 950.5 real, 490.1 MB
[runlim] sample:		922.6 time, 960.5 real, 490.1 MB
[runlim] sample:		931.9 time, 970.5 real, 490.1 MB
[runlim] sample:		940.6 time, 980.5 real, 490.1 MB
[runlim] sample:		950.4 time, 990.5 real, 490.1 MB
[runlim] sample:		960.4 time, 1000.5 real, 490.1 MB
[runlim] sample:		970.4 time, 1010.5 real, 492.9 MB
[runlim] sample:		979.9 time, 1020.5 real, 500.0 MB
[runlim] sample:		989.2 time, 1030.5 real, 502.1 MB
[runlim] sample:		998.9 time, 1040.5 real, 515.4 MB
[runlim] sample:		1008.3 time, 1050.5 real, 518.7 MB
[runlim] sample:		1017.2 time, 1060.5 real, 518.7 MB
[runlim] sample:		1026.9 time, 1070.5 real, 518.7 MB
[runlim] sample:		1036.5 time, 1080.5 real, 518.7 MB
[runlim] sample:		1045.8 time, 1090.5 real, 518.7 MB
[runlim] sample:		1055.1 time, 1100.5 real, 518.7 MB
[runlim] sample:		1064.8 time, 1110.5 real, 521.0 MB
[runlim] sample:		1074.8 time, 1120.5 real, 521.0 MB
[runlim] sample:		1084.8 time, 1130.5 real, 657.9 MB
[runlim] sample:		1094.8 time, 1140.5 real, 657.9 MB
[runlim] sample:		1104.6 time, 1150.5 real, 657.9 MB
[runlim] sample:		1114.6 time, 1160.5 real, 657.9 MB
[runlim] sample:		1124.2 time, 1170.5 real, 657.9 MB
[runlim] sample:		1133.9 time, 1180.5 real, 657.9 MB
[runlim] sample:		1143.9 time, 1190.5 real, 658.4 MB
[runlim] sample:		1153.6 time, 1200.5 real, 661.5 MB
[runlim] sample:		1163.2 time, 1210.5 real, 661.5 MB
[runlim] sample:		1172.7 time, 1220.5 real, 666.7 MB
[runlim] sample:		1182.7 time, 1230.5 real, 666.7 MB
[runlim] sample:		1192.7 time, 1240.5 real, 667.9 MB
[runlim] sample:		1202.0 time, 1250.5 real, 667.9 MB
[runlim] sample:		1211.4 time, 1260.5 real, 667.9 MB
[runlim] sample:		1221.4 time, 1270.5 real, 667.9 MB
[runlim] sample:		1231.4 time, 1280.5 real, 667.9 MB
[runlim] sample:		1241.4 time, 1290.5 real, 667.9 MB
[runlim] sample:		1250.5 time, 1300.5 real, 668.5 MB
[runlim] sample:		1259.7 time, 1310.5 real, 668.5 MB
[runlim] sample:		1269.2 time, 1320.5 real, 673.1 MB
[runlim] sample:		1279.1 time, 1330.5 real, 673.1 MB
[runlim] sample:		1286.8 time, 1340.5 real, 673.1 MB
[runlim] sample:		1296.8 time, 1350.5 real, 673.1 MB
[runlim] sample:		1306.8 time, 1360.5 real, 673.1 MB
[runlim] sample:		1316.3 time, 1370.5 real, 673.1 MB
[runlim] sample:		1326.2 time, 1380.5 real, 673.1 MB
[runlim] sample:		1336.0 time, 1390.5 real, 673.6 MB
[runlim] sample:		1345.2 time, 1400.5 real, 673.6 MB
[runlim] sample:		1354.3 time, 1410.5 real, 677.0 MB
[runlim] sample:		1362.3 time, 1420.5 real, 677.0 MB
[runlim] sample:		1372.3 time, 1430.5 real, 682.6 MB
[runlim] sample:		1380.8 time, 1440.5 real, 682.6 MB
[runlim] sample:		1389.9 time, 1450.5 real, 683.7 MB
[runlim] sample:		1399.2 time, 1460.5 real, 683.7 MB
[runlim] sample:		1408.6 time, 1470.5 real, 683.7 MB
[runlim] sample:		1418.3 time, 1480.5 real, 683.7 MB
[runlim] sample:		1427.1 time, 1490.5 real, 683.7 MB
[runlim] sample:		1436.4 time, 1500.5 real, 683.7 MB
[runlim] sample:		1446.0 time, 1510.5 real, 683.7 MB
[runlim] sample:		1456.0 time, 1520.5 real, 684.2 MB
[runlim] sample:		1464.5 time, 1530.5 real, 684.2 MB
[runlim] sample:		1474.5 time, 1540.5 real, 684.2 MB
[runlim] sample:		1483.1 time, 1550.5 real, 689.6 MB
[runlim] sample:		1492.0 time, 1560.5 real, 689.6 MB
[runlim] sample:		1501.9 time, 1570.5 real, 689.6 MB
[runlim] sample:		1511.9 time, 1580.5 real, 689.6 MB
[runlim] sample:		1521.9 time, 1590.5 real, 689.6 MB
[runlim] sample:		1530.5 time, 1600.5 real, 689.6 MB
[runlim] sample:		1539.4 time, 1610.5 real, 689.6 MB
[runlim] sample:		1548.4 time, 1620.5 real, 690.1 MB
[runlim] sample:		1558.4 time, 1630.5 real, 690.1 MB
[runlim] sample:		1567.4 time, 1640.5 real, 693.5 MB
[runlim] sample:		1577.0 time, 1650.5 real, 693.5 MB
[runlim] sample:		1586.6 time, 1660.5 real, 693.5 MB
[runlim] sample:		1596.6 time, 1670.5 real, 699.6 MB
[runlim] sample:		1606.6 time, 1680.5 real, 699.6 MB
[runlim] sample:		1616.6 time, 1690.5 real, 700.9 MB
[runlim] sample:		1626.6 time, 1700.5 real, 700.9 MB
[runlim] sample:		1636.6 time, 1710.5 real, 700.9 MB
[runlim] sample:		1646.6 time, 1720.5 real, 700.9 MB
[runlim] sample:		1655.8 time, 1730.5 real, 700.9 MB
[runlim] sample:		1664.9 time, 1740.5 real, 700.9 MB
[runlim] sample:		1674.0 time, 1750.5 real, 700.9 MB
[runlim] sample:		1684.0 time, 1760.5 real, 700.9 MB
[runlim] sample:		1694.0 time, 1770.5 real, 701.4 MB
[runlim] sample:		1703.0 time, 1780.5 real, 701.4 MB
[runlim] sample:		1713.0 time, 1790.5 real, 707.1 MB
[runlim] sample:		1723.0 time, 1800.5 real, 707.1 MB
[runlim] sample:		1733.0 time, 1810.5 real, 707.1 MB
[runlim] sample:		1743.0 time, 1820.5 real, 707.1 MB
[runlim] sample:		1753.0 time, 1830.5 real, 707.1 MB
[runlim] sample:		1761.9 time, 1840.5 real, 707.1 MB
[runlim] sample:		1771.4 time, 1850.5 real, 707.1 MB
[runlim] sample:		1780.6 time, 1860.5 real, 707.1 MB
[runlim] sample:		1790.0 time, 1870.5 real, 707.6 MB
[runlim] end:			Tue Feb 19 01:01:05 2019
[runlim] status:		signal(9)
[runlim] result:		11
[runlim] children:		0
[runlim] real:			1879.66 seconds
[runlim] time:			1799.18 seconds
[runlim] space:			769.6 MB
[runlim] samples:		18792
