[runlim] version:		1.10fixed
[runlim] time limit:		300 seconds
[runlim] real time limit:	311040000 seconds
[runlim] space limit:		4000 MB
[runlim] argv[0]:		./cvc4
[runlim] argv[1]:		--nl-ext-tplanes
[runlim] argv[2]:		/tmp/8dEXy9oK.smt2
[runlim] start:			Tue Jan 29 11:37:27 2019
[runlim] main pid:		1641
/tmp/8dEXy9oK.smt2:4.12: No set-logic command was given before this point.
/tmp/8dEXy9oK.smt2:4.12: CVC4 will make all theories available.
/tmp/8dEXy9oK.smt2:4.12: Consider setting a stricter logic for (likely) better performance.
/tmp/8dEXy9oK.smt2:4.12: To suppress this warning in the future use (set-logic ALL).
[runlim] sample:		9.3 time, 10.9 real, 113.7 MB
[runlim] sample:		18.8 time, 20.9 real, 152.6 MB
[runlim] sample:		28.6 time, 30.9 real, 178.9 MB
[runlim] sample:		38.3 time, 40.9 real, 198.5 MB
[runlim] sample:		47.9 time, 50.9 real, 218.1 MB
[runlim] sample:		57.6 time, 60.9 real, 235.1 MB
[runlim] sample:		67.6 time, 70.9 real, 251.6 MB
[runlim] sample:		77.6 time, 80.9 real, 267.8 MB
[runlim] sample:		86.8 time, 90.9 real, 276.8 MB
[runlim] sample:		94.8 time, 100.9 real, 286.3 MB
[runlim] sample:		103.6 time, 110.9 real, 294.6 MB
[runlim] sample:		113.6 time, 120.9 real, 304.1 MB
[runlim] sample:		123.6 time, 130.9 real, 313.9 MB
[runlim] sample:		133.6 time, 140.9 real, 321.9 MB
[runlim] sample:		143.6 time, 150.9 real, 329.9 MB
[runlim] sample:		153.6 time, 160.9 real, 343.2 MB
[runlim] sample:		163.6 time, 170.9 real, 344.5 MB
[runlim] sample:		173.6 time, 180.9 real, 350.9 MB
[runlim] sample:		183.6 time, 190.9 real, 357.1 MB
[runlim] sample:		193.6 time, 200.9 real, 364.3 MB
[runlim] sample:		203.6 time, 210.9 real, 371.8 MB
[runlim] sample:		213.6 time, 220.9 real, 378.5 MB
[runlim] sample:		223.6 time, 230.9 real, 382.6 MB
[runlim] sample:		233.6 time, 240.9 real, 391.6 MB
[runlim] sample:		243.6 time, 250.9 real, 397.3 MB
[runlim] sample:		253.6 time, 260.9 real, 402.2 MB
[runlim] sample:		263.6 time, 270.9 real, 416.6 MB
[runlim] sample:		273.6 time, 280.9 real, 417.1 MB
[runlim] sample:		283.6 time, 290.9 real, 420.7 MB
[runlim] sample:		293.6 time, 300.9 real, 425.4 MB
CVC4 interrupted by SIGTERM.
[runlim] end:			Tue Jan 29 11:42:34 2019
[runlim] status:		out of time
[runlim] result:		2
[runlim] children:		0
[runlim] real:			307.31 seconds
[runlim] time:			300.01 seconds
[runlim] space:			429.2 MB
[runlim] samples:		3064
