[runlim] version:		1.10fixed
[runlim] time limit:		1800 seconds
[runlim] real time limit:	311040000 seconds
[runlim] space limit:		4000 MB
[runlim] argv[0]:		./cvc4
[runlim] argv[1]:		--nl-ext-tplanes
[runlim] argv[2]:		/tmp/WgH42XD2.smt2
[runlim] start:			Tue Feb 19 00:03:12 2019
[runlim] main pid:		17248
/tmp/WgH42XD2.smt2:4.12: No set-logic command was given before this point.
/tmp/WgH42XD2.smt2:4.12: CVC4 will make all theories available.
/tmp/WgH42XD2.smt2:4.12: Consider setting a stricter logic for (likely) better performance.
/tmp/WgH42XD2.smt2:4.12: To suppress this warning in the future use (set-logic ALL).
[runlim] sample:		9.3 time, 10.9 real, 225.9 MB
[runlim] sample:		18.6 time, 20.9 real, 380.0 MB
[runlim] sample:		28.0 time, 30.9 real, 521.6 MB
[runlim] sample:		37.7 time, 40.9 real, 623.4 MB
[runlim] sample:		46.2 time, 50.9 real, 734.1 MB
[runlim] sample:		56.2 time, 60.9 real, 856.9 MB
[runlim] sample:		66.0 time, 70.9 real, 990.1 MB
[runlim] sample:		74.3 time, 80.9 real, 1026.7 MB
[runlim] sample:		83.3 time, 90.9 real, 1146.6 MB
[runlim] sample:		93.0 time, 100.9 real, 1207.4 MB
[runlim] sample:		102.2 time, 110.9 real, 1303.3 MB
[runlim] sample:		112.2 time, 120.9 real, 1366.6 MB
[runlim] sample:		122.2 time, 130.9 real, 1460.6 MB
[runlim] sample:		132.2 time, 140.9 real, 1541.7 MB
[runlim] sample:		142.2 time, 150.9 real, 1626.0 MB
[runlim] sample:		152.2 time, 160.9 real, 1654.8 MB
[runlim] sample:		162.2 time, 170.9 real, 1730.3 MB
[runlim] sample:		172.2 time, 180.9 real, 1855.8 MB
[runlim] sample:		182.2 time, 190.9 real, 1871.5 MB
[runlim] sample:		192.2 time, 200.9 real, 1953.2 MB
[runlim] sample:		202.2 time, 210.9 real, 2052.8 MB
[runlim] sample:		211.6 time, 220.9 real, 2070.1 MB
[runlim] sample:		221.4 time, 230.9 real, 2140.3 MB
[runlim] sample:		231.4 time, 240.9 real, 2209.6 MB
[runlim] sample:		241.4 time, 250.9 real, 2266.0 MB
[runlim] sample:		251.4 time, 260.9 real, 2275.3 MB
[runlim] sample:		260.1 time, 270.9 real, 2342.3 MB
[runlim] sample:		268.5 time, 280.9 real, 2378.9 MB
[runlim] sample:		277.5 time, 290.9 real, 2462.0 MB
[runlim] sample:		286.8 time, 300.9 real, 2476.0 MB
[runlim] sample:		295.9 time, 310.9 real, 2476.0 MB
[runlim] sample:		304.9 time, 320.9 real, 2583.6 MB
[runlim] sample:		313.2 time, 330.9 real, 2632.4 MB
[runlim] sample:		322.0 time, 340.9 real, 2688.5 MB
[runlim] sample:		331.9 time, 350.9 real, 2709.6 MB
[runlim] sample:		341.9 time, 360.9 real, 2709.6 MB
[runlim] sample:		351.9 time, 370.9 real, 2804.3 MB
[runlim] sample:		361.2 time, 380.9 real, 2827.6 MB
[runlim] sample:		370.9 time, 390.9 real, 2920.0 MB
[runlim] sample:		380.6 time, 400.9 real, 2937.3 MB
[runlim] sample:		390.0 time, 410.9 real, 2937.5 MB
[runlim] sample:		400.0 time, 420.9 real, 3072.9 MB
[runlim] sample:		410.0 time, 430.9 real, 3082.1 MB
[runlim] sample:		420.0 time, 440.9 real, 3167.1 MB
[runlim] sample:		430.0 time, 450.9 real, 3194.4 MB
[runlim] sample:		440.0 time, 460.9 real, 3215.5 MB
[runlim] sample:		450.0 time, 470.9 real, 3215.7 MB
[runlim] sample:		459.7 time, 480.9 real, 3258.5 MB
[runlim] sample:		469.1 time, 490.9 real, 3319.8 MB
[runlim] sample:		479.1 time, 500.9 real, 3338.1 MB
[runlim] sample:		489.1 time, 510.9 real, 3429.5 MB
[runlim] sample:		499.1 time, 520.9 real, 3442.1 MB
[runlim] sample:		509.1 time, 530.9 real, 3456.8 MB
[runlim] sample:		519.0 time, 540.9 real, 3456.8 MB
[runlim] sample:		529.0 time, 550.9 real, 3590.4 MB
[runlim] sample:		539.1 time, 560.9 real, 3618.4 MB
[runlim] sample:		549.0 time, 570.9 real, 3637.9 MB
[runlim] sample:		558.8 time, 580.9 real, 3729.9 MB
[runlim] sample:		568.4 time, 590.9 real, 3741.0 MB
[runlim] sample:		578.1 time, 600.9 real, 3796.9 MB
[runlim] sample:		588.1 time, 610.9 real, 3797.2 MB
[runlim] sample:		598.1 time, 620.9 real, 3797.2 MB
[runlim] sample:		608.1 time, 630.9 real, 3903.8 MB
[runlim] sample:		617.2 time, 640.9 real, 3906.1 MB
[runlim] sample:		626.9 time, 650.9 real, 3920.3 MB
CVC4 interrupted by SIGTERM.
[runlim] end:			Tue Feb 19 00:14:10 2019
[runlim] status:		out of memory
[runlim] result:		3
[runlim] children:		0
[runlim] real:			658.14 seconds
[runlim] time:			633.82 seconds
[runlim] space:			4000.1 MB
[runlim] samples:		6572
