[runlim] version:		1.10fixed
[runlim] time limit:		300 seconds
[runlim] real time limit:	311040000 seconds
[runlim] space limit:		4000 MB
[runlim] argv[0]:		./cvc4
[runlim] argv[1]:		--nl-ext-tplanes
[runlim] argv[2]:		/tmp/BBxTpsqY.smt2
[runlim] start:			Tue Jan 29 11:39:32 2019
[runlim] main pid:		29272
/tmp/BBxTpsqY.smt2:4.12: No set-logic command was given before this point.
/tmp/BBxTpsqY.smt2:4.12: CVC4 will make all theories available.
/tmp/BBxTpsqY.smt2:4.12: Consider setting a stricter logic for (likely) better performance.
/tmp/BBxTpsqY.smt2:4.12: To suppress this warning in the future use (set-logic ALL).
[runlim] sample:		9.6 time, 10.5 real, 236.0 MB
[runlim] sample:		17.3 time, 20.5 real, 349.6 MB
[runlim] sample:		24.8 time, 30.5 real, 455.1 MB
[runlim] sample:		32.7 time, 40.5 real, 570.3 MB
[runlim] sample:		41.5 time, 50.5 real, 667.9 MB
[runlim] sample:		50.3 time, 60.5 real, 770.3 MB
[runlim] sample:		58.9 time, 70.5 real, 845.6 MB
[runlim] sample:		68.5 time, 80.5 real, 938.4 MB
[runlim] sample:		78.1 time, 90.5 real, 1027.0 MB
[runlim] sample:		87.8 time, 100.5 real, 1125.9 MB
[runlim] sample:		97.5 time, 110.5 real, 1186.6 MB
[runlim] sample:		107.1 time, 120.5 real, 1253.8 MB
[runlim] sample:		116.8 time, 130.5 real, 1323.4 MB
[runlim] sample:		126.5 time, 140.5 real, 1384.5 MB
[runlim] sample:		136.1 time, 150.5 real, 1454.6 MB
[runlim] sample:		145.8 time, 160.5 real, 1545.5 MB
[runlim] sample:		155.5 time, 170.5 real, 1606.9 MB
[runlim] sample:		165.1 time, 180.5 real, 1676.4 MB
[runlim] sample:		174.8 time, 190.5 real, 1701.4 MB
[runlim] sample:		184.5 time, 200.5 real, 1777.8 MB
[runlim] sample:		194.5 time, 210.5 real, 1843.2 MB
[runlim] sample:		204.5 time, 220.5 real, 1904.3 MB
[runlim] sample:		214.5 time, 230.5 real, 1951.7 MB
[runlim] sample:		224.5 time, 240.5 real, 2022.7 MB
[runlim] sample:		234.5 time, 250.5 real, 2084.6 MB
[runlim] sample:		244.5 time, 260.5 real, 2125.5 MB
[runlim] sample:		254.5 time, 270.5 real, 2195.2 MB
[runlim] sample:		264.5 time, 280.5 real, 2208.1 MB
[runlim] sample:		274.5 time, 290.5 real, 2280.2 MB
[runlim] sample:		284.5 time, 300.5 real, 2350.6 MB
[runlim] sample:		294.5 time, 310.5 real, 2377.1 MB
[runlim] end:			Tue Jan 29 11:44:46 2019
[runlim] status:		signal(9)
[runlim] result:		11
[runlim] children:		0
[runlim] real:			314.46 seconds
[runlim] time:			298.40 seconds
[runlim] space:			2382.8 MB
[runlim] samples:		3139
