[runlim] version:		1.10fixed
[runlim] time limit:		300 seconds
[runlim] real time limit:	311040000 seconds
[runlim] space limit:		4000 MB
[runlim] argv[0]:		./cvc4
[runlim] argv[1]:		--nl-ext-tplanes
[runlim] argv[2]:		/tmp/77uyQwXh.smt2
[runlim] start:			Tue Jan 29 11:39:20 2019
[runlim] main pid:		4670
/tmp/77uyQwXh.smt2:4.12: No set-logic command was given before this point.
/tmp/77uyQwXh.smt2:4.12: CVC4 will make all theories available.
/tmp/77uyQwXh.smt2:4.12: Consider setting a stricter logic for (likely) better performance.
/tmp/77uyQwXh.smt2:4.12: To suppress this warning in the future use (set-logic ALL).
[runlim] sample:		9.2 time, 10.7 real, 80.3 MB
[runlim] sample:		18.3 time, 20.7 real, 110.0 MB
[runlim] sample:		28.1 time, 30.7 real, 127.2 MB
[runlim] sample:		38.1 time, 40.7 real, 143.2 MB
[runlim] sample:		48.1 time, 50.7 real, 157.3 MB
[runlim] sample:		58.1 time, 60.7 real, 173.5 MB
[runlim] sample:		68.1 time, 70.7 real, 183.5 MB
[runlim] sample:		78.1 time, 80.7 real, 195.5 MB
[runlim] sample:		88.1 time, 90.7 real, 204.3 MB
[runlim] sample:		98.1 time, 100.7 real, 214.9 MB
[runlim] sample:		108.1 time, 110.7 real, 224.1 MB
[runlim] sample:		118.1 time, 120.7 real, 229.3 MB
[runlim] sample:		127.8 time, 130.7 real, 238.8 MB
[runlim] sample:		137.4 time, 140.7 real, 243.4 MB
[runlim] sample:		147.4 time, 150.7 real, 252.7 MB
[runlim] sample:		157.4 time, 160.7 real, 262.5 MB
[runlim] sample:		167.4 time, 170.7 real, 267.6 MB
[runlim] sample:		177.4 time, 180.7 real, 274.1 MB
[runlim] sample:		187.2 time, 190.7 real, 278.2 MB
[runlim] sample:		197.2 time, 200.7 real, 290.8 MB
[runlim] sample:		207.1 time, 210.7 real, 295.7 MB
[runlim] sample:		217.1 time, 220.7 real, 300.4 MB
[runlim] sample:		227.1 time, 230.7 real, 304.2 MB
[runlim] sample:		237.1 time, 240.7 real, 308.9 MB
[runlim] sample:		247.1 time, 250.7 real, 312.2 MB
[runlim] sample:		257.1 time, 260.7 real, 316.6 MB
[runlim] sample:		267.1 time, 270.7 real, 323.3 MB
[runlim] sample:		277.1 time, 280.7 real, 329.2 MB
[runlim] sample:		287.1 time, 290.7 real, 338.2 MB
[runlim] sample:		297.1 time, 300.7 real, 343.4 MB
CVC4 interrupted by SIGTERM.
[runlim] end:			Tue Jan 29 11:44:23 2019
[runlim] status:		out of time
[runlim] result:		2
[runlim] children:		0
[runlim] real:			303.64 seconds
[runlim] time:			300.02 seconds
[runlim] space:			343.6 MB
[runlim] samples:		3029
