[runlim] version:		1.10fixed
[runlim] time limit:		1800 seconds
[runlim] real time limit:	311040000 seconds
[runlim] space limit:		4000 MB
[runlim] argv[0]:		./cvc4
[runlim] argv[1]:		--nl-ext-tplanes
[runlim] argv[2]:		/tmp/e9VvTCOW.smt2
[runlim] start:			Tue Feb 19 00:42:39 2019
[runlim] main pid:		16885
/tmp/e9VvTCOW.smt2:4.12: No set-logic command was given before this point.
/tmp/e9VvTCOW.smt2:4.12: CVC4 will make all theories available.
/tmp/e9VvTCOW.smt2:4.12: Consider setting a stricter logic for (likely) better performance.
/tmp/e9VvTCOW.smt2:4.12: To suppress this warning in the future use (set-logic ALL).
[runlim] sample:		9.7 time, 10.2 real, 106.7 MB
[runlim] sample:		19.3 time, 20.2 real, 142.1 MB
[runlim] sample:		28.9 time, 30.2 real, 162.7 MB
[runlim] sample:		38.6 time, 40.2 real, 181.5 MB
[runlim] sample:		48.3 time, 50.2 real, 196.5 MB
[runlim] sample:		57.9 time, 60.2 real, 208.9 MB
[runlim] sample:		67.9 time, 70.2 real, 224.1 MB
[runlim] sample:		77.9 time, 80.2 real, 237.8 MB
[runlim] sample:		87.9 time, 90.2 real, 246.3 MB
[runlim] sample:		97.9 time, 100.2 real, 258.1 MB
[runlim] sample:		107.9 time, 110.2 real, 266.6 MB
[runlim] sample:		117.9 time, 120.2 real, 275.4 MB
[runlim] sample:		127.9 time, 130.2 real, 284.1 MB
[runlim] sample:		137.9 time, 140.2 real, 290.0 MB
[runlim] sample:		147.9 time, 150.2 real, 296.4 MB
[runlim] sample:		157.9 time, 160.2 real, 302.8 MB
[runlim] sample:		167.9 time, 170.2 real, 310.0 MB
[runlim] sample:		177.9 time, 180.2 real, 314.9 MB
[runlim] sample:		187.9 time, 190.2 real, 321.6 MB
[runlim] sample:		197.9 time, 200.2 real, 328.0 MB
[runlim] sample:		207.9 time, 210.2 real, 332.9 MB
[runlim] sample:		217.9 time, 220.2 real, 338.1 MB
[runlim] sample:		227.8 time, 230.2 real, 342.5 MB
[runlim] sample:		237.3 time, 240.2 real, 346.6 MB
[runlim] sample:		247.3 time, 250.2 real, 351.5 MB
[runlim] sample:		257.3 time, 260.2 real, 356.6 MB
[runlim] sample:		266.1 time, 270.2 real, 359.2 MB
[runlim] sample:		275.9 time, 280.2 real, 364.1 MB
[runlim] sample:		285.9 time, 290.2 real, 371.2 MB
[runlim] sample:		295.3 time, 300.2 real, 372.0 MB
[runlim] sample:		304.6 time, 310.2 real, 376.4 MB
[runlim] sample:		314.0 time, 320.2 real, 380.5 MB
[runlim] sample:		324.0 time, 330.2 real, 384.6 MB
[runlim] sample:		333.3 time, 340.2 real, 389.5 MB
[runlim] sample:		342.7 time, 350.2 real, 391.8 MB
[runlim] sample:		352.1 time, 360.2 real, 395.4 MB
[runlim] sample:		361.4 time, 370.2 real, 401.1 MB
[runlim] sample:		371.1 time, 380.2 real, 403.7 MB
[runlim] sample:		381.1 time, 390.2 real, 406.5 MB
[runlim] sample:		391.1 time, 400.2 real, 411.4 MB
[runlim] sample:		401.1 time, 410.2 real, 422.0 MB
[runlim] sample:		410.9 time, 420.2 real, 422.3 MB
[runlim] sample:		419.2 time, 430.2 real, 422.8 MB
[runlim] sample:		427.4 time, 440.2 real, 424.8 MB
[runlim] sample:		437.1 time, 450.2 real, 425.8 MB
[runlim] sample:		446.7 time, 460.2 real, 430.2 MB
[runlim] sample:		456.5 time, 470.2 real, 435.9 MB
[runlim] sample:		466.3 time, 480.2 real, 442.4 MB
[runlim] sample:		476.1 time, 490.2 real, 445.0 MB
[runlim] sample:		485.4 time, 500.2 real, 447.5 MB
[runlim] sample:		495.2 time, 510.2 real, 450.1 MB
[runlim] sample:		504.7 time, 520.2 real, 454.5 MB
[runlim] sample:		514.0 time, 530.2 real, 457.6 MB
[runlim] sample:		523.4 time, 540.2 real, 464.0 MB
[runlim] sample:		533.4 time, 550.2 real, 467.1 MB
[runlim] sample:		542.8 time, 560.2 real, 469.4 MB
[runlim] sample:		552.2 time, 570.2 real, 472.0 MB
[runlim] sample:		561.5 time, 580.2 real, 475.1 MB
[runlim] sample:		571.5 time, 590.2 real, 477.4 MB
[runlim] sample:		580.7 time, 600.2 real, 480.0 MB
[runlim] sample:		590.7 time, 610.2 real, 482.5 MB
[runlim] sample:		600.7 time, 620.2 real, 484.9 MB
[runlim] sample:		610.7 time, 630.2 real, 487.7 MB
[runlim] sample:		620.7 time, 640.2 real, 490.0 MB
[runlim] sample:		630.7 time, 650.2 real, 492.8 MB
[runlim] sample:		640.7 time, 660.2 real, 495.4 MB
[runlim] sample:		650.7 time, 670.2 real, 497.7 MB
[runlim] sample:		660.7 time, 680.2 real, 500.8 MB
[runlim] sample:		670.7 time, 690.2 real, 512.9 MB
[runlim] sample:		680.7 time, 700.2 real, 513.4 MB
[runlim] sample:		689.1 time, 710.2 real, 513.7 MB
[runlim] sample:		698.8 time, 720.2 real, 514.2 MB
[runlim] sample:		708.2 time, 730.2 real, 515.5 MB
[runlim] sample:		717.5 time, 740.2 real, 518.1 MB
[runlim] sample:		727.3 time, 750.2 real, 520.6 MB
[runlim] sample:		737.3 time, 760.2 real, 523.7 MB
[runlim] sample:		746.9 time, 770.2 real, 527.1 MB
[runlim] sample:		756.9 time, 780.2 real, 528.9 MB
[runlim] sample:		766.9 time, 790.2 real, 529.9 MB
[runlim] sample:		776.6 time, 800.2 real, 532.2 MB
[runlim] sample:		785.9 time, 810.2 real, 536.3 MB
[runlim] sample:		795.6 time, 820.2 real, 538.4 MB
[runlim] sample:		805.4 time, 830.2 real, 541.0 MB
[runlim] sample:		815.2 time, 840.2 real, 541.6 MB
[runlim] sample:		825.2 time, 850.2 real, 546.5 MB
[runlim] sample:		835.2 time, 860.2 real, 548.3 MB
[runlim] sample:		844.9 time, 870.2 real, 550.9 MB
[runlim] sample:		854.6 time, 880.2 real, 552.4 MB
[runlim] sample:		864.3 time, 890.2 real, 553.4 MB
[runlim] sample:		874.3 time, 900.2 real, 555.0 MB
[runlim] sample:		884.3 time, 910.2 real, 556.8 MB
[runlim] sample:		894.0 time, 920.2 real, 559.4 MB
[runlim] sample:		903.9 time, 930.2 real, 559.9 MB
[runlim] sample:		913.5 time, 940.2 real, 561.9 MB
[runlim] sample:		922.9 time, 950.2 real, 564.5 MB
[runlim] sample:		932.2 time, 960.2 real, 567.3 MB
[runlim] sample:		941.7 time, 970.2 real, 567.8 MB
[runlim] sample:		951.7 time, 980.2 real, 570.2 MB
[runlim] sample:		961.5 time, 990.2 real, 572.7 MB
[runlim] sample:		971.1 time, 1000.2 real, 572.7 MB
[runlim] sample:		981.0 time, 1010.2 real, 575.3 MB
[runlim] sample:		991.0 time, 1020.2 real, 577.9 MB
[runlim] sample:		1001.0 time, 1030.2 real, 579.2 MB
[runlim] sample:		1010.9 time, 1040.2 real, 580.5 MB
[runlim] sample:		1020.7 time, 1050.2 real, 583.0 MB
[runlim] sample:		1030.5 time, 1060.2 real, 585.1 MB
[runlim] sample:		1040.4 time, 1070.2 real, 585.6 MB
[runlim] sample:		1050.4 time, 1080.2 real, 588.4 MB
[runlim] sample:		1060.4 time, 1090.2 real, 590.5 MB
[runlim] sample:		1070.4 time, 1100.2 real, 590.8 MB
[runlim] sample:		1080.4 time, 1110.2 real, 593.6 MB
[runlim] sample:		1090.3 time, 1120.2 real, 596.2 MB
[runlim] sample:		1100.2 time, 1130.2 real, 596.2 MB
[runlim] sample:		1108.6 time, 1140.2 real, 599.0 MB
[runlim] sample:		1117.7 time, 1150.2 real, 599.5 MB
[runlim] sample:		1127.7 time, 1160.2 real, 601.8 MB
[runlim] sample:		1137.7 time, 1170.2 real, 603.9 MB
[runlim] sample:		1147.7 time, 1180.2 real, 604.1 MB
[runlim] sample:		1157.7 time, 1190.2 real, 606.5 MB
[runlim] sample:		1167.7 time, 1200.2 real, 610.1 MB
[runlim] sample:		1177.7 time, 1210.2 real, 610.1 MB
[runlim] sample:		1187.4 time, 1220.2 real, 612.9 MB
[runlim] sample:		1196.1 time, 1230.2 real, 613.9 MB
[runlim] sample:		1205.8 time, 1240.2 real, 615.5 MB
[runlim] sample:		1214.2 time, 1250.2 real, 618.0 MB
[runlim] sample:		1224.1 time, 1260.2 real, 618.0 MB
[runlim] sample:		1233.8 time, 1270.2 real, 620.5 MB
[runlim] sample:		1241.9 time, 1280.2 real, 620.5 MB
[runlim] sample:		1249.7 time, 1290.2 real, 623.1 MB
[runlim] sample:		1259.4 time, 1300.2 real, 623.6 MB
[runlim] sample:		1269.4 time, 1310.2 real, 625.7 MB
[runlim] sample:		1278.6 time, 1320.2 real, 631.1 MB
[runlim] sample:		1288.4 time, 1330.2 real, 631.1 MB
[runlim] sample:		1298.4 time, 1340.2 real, 634.4 MB
[runlim] sample:		1308.4 time, 1350.2 real, 634.4 MB
[runlim] sample:		1318.4 time, 1360.2 real, 635.7 MB
[runlim] sample:		1328.4 time, 1370.2 real, 636.5 MB
[runlim] sample:		1337.6 time, 1380.2 real, 638.3 MB
[runlim] sample:		1345.6 time, 1390.2 real, 640.1 MB
[runlim] sample:		1355.6 time, 1400.2 real, 641.4 MB
[runlim] sample:		1365.5 time, 1410.2 real, 643.9 MB
[runlim] sample:		1375.5 time, 1420.2 real, 643.9 MB
[runlim] sample:		1385.5 time, 1430.2 real, 646.8 MB
[runlim] sample:		1395.5 time, 1440.2 real, 646.8 MB
[runlim] sample:		1405.5 time, 1450.2 real, 649.1 MB
[runlim] sample:		1415.0 time, 1460.2 real, 649.9 MB
[runlim] sample:		1424.5 time, 1470.2 real, 651.9 MB
[runlim] sample:		1434.5 time, 1480.2 real, 653.7 MB
[runlim] sample:		1442.8 time, 1490.2 real, 654.5 MB
[runlim] sample:		1452.8 time, 1500.2 real, 656.0 MB
[runlim] sample:		1462.2 time, 1510.2 real, 656.8 MB
[runlim] sample:		1470.8 time, 1520.2 real, 658.9 MB
[runlim] sample:		1479.8 time, 1530.2 real, 659.6 MB
[runlim] sample:		1488.6 time, 1540.2 real, 660.2 MB
[runlim] sample:		1498.6 time, 1550.2 real, 662.2 MB
[runlim] sample:		1506.5 time, 1560.2 real, 662.7 MB
[runlim] sample:		1514.4 time, 1570.2 real, 664.8 MB
[runlim] sample:		1524.4 time, 1580.2 real, 664.8 MB
[runlim] sample:		1534.4 time, 1590.2 real, 667.4 MB
[runlim] sample:		1544.4 time, 1600.2 real, 667.9 MB
[runlim] sample:		1552.5 time, 1610.2 real, 670.0 MB
[runlim] sample:		1560.5 time, 1620.2 real, 670.0 MB
[runlim] sample:		1570.2 time, 1630.2 real, 672.5 MB
[runlim] sample:		1579.2 time, 1640.2 real, 672.5 MB
[runlim] sample:		1587.7 time, 1650.2 real, 675.1 MB
[runlim] sample:		1597.7 time, 1660.2 real, 675.1 MB
[runlim] sample:		1607.1 time, 1670.2 real, 677.7 MB
[runlim] sample:		1614.9 time, 1680.2 real, 677.7 MB
[runlim] sample:		1623.8 time, 1690.2 real, 679.0 MB
[runlim] sample:		1633.8 time, 1700.2 real, 680.2 MB
[runlim] sample:		1643.8 time, 1710.2 real, 681.5 MB
[runlim] sample:		1653.8 time, 1720.2 real, 682.8 MB
[runlim] sample:		1663.8 time, 1730.2 real, 684.1 MB
[runlim] sample:		1673.8 time, 1740.2 real, 685.4 MB
[runlim] sample:		1681.1 time, 1750.2 real, 685.4 MB
[runlim] sample:		1690.5 time, 1760.2 real, 687.9 MB
[runlim] sample:		1700.5 time, 1770.2 real, 687.9 MB
[runlim] sample:		1710.5 time, 1780.2 real, 690.5 MB
[runlim] sample:		1720.5 time, 1790.2 real, 690.5 MB
[runlim] sample:		1730.5 time, 1800.2 real, 693.1 MB
[runlim] sample:		1738.9 time, 1810.2 real, 693.1 MB
[runlim] sample:		1748.9 time, 1820.2 real, 695.4 MB
[runlim] sample:		1758.9 time, 1830.2 real, 695.7 MB
[runlim] sample:		1768.5 time, 1840.2 real, 698.0 MB
[runlim] sample:		1777.2 time, 1850.2 real, 698.2 MB
[runlim] sample:		1786.0 time, 1860.2 real, 698.2 MB
[runlim] sample:		1795.2 time, 1870.2 real, 700.8 MB
CVC4 interrupted by SIGTERM.
[runlim] end:			Tue Feb 19 01:13:54 2019
[runlim] status:		out of time
[runlim] result:		2
[runlim] children:		0
[runlim] real:			1875.10 seconds
[runlim] time:			1800.03 seconds
[runlim] space:			700.8 MB
[runlim] samples:		18748
