[runlim] version:		1.10fixed
[runlim] time limit:		300 seconds
[runlim] real time limit:	311040000 seconds
[runlim] space limit:		4000 MB
[runlim] argv[0]:		./cvc4
[runlim] argv[1]:		--nl-ext-tplanes
[runlim] argv[2]:		/tmp/6Bmcspdd.smt2
[runlim] start:			Mon Jan 28 15:05:32 2019
[runlim] main pid:		22730
/tmp/6Bmcspdd.smt2:4.12: No set-logic command was given before this point.
/tmp/6Bmcspdd.smt2:4.12: CVC4 will make all theories available.
/tmp/6Bmcspdd.smt2:4.12: Consider setting a stricter logic for (likely) better performance.
/tmp/6Bmcspdd.smt2:4.12: To suppress this warning in the future use (set-logic ALL).
[runlim] sample:		9.5 time, 10.5 real, 81.5 MB
[runlim] sample:		19.5 time, 20.5 real, 111.8 MB
[runlim] sample:		29.5 time, 30.5 real, 131.6 MB
[runlim] sample:		39.5 time, 40.5 real, 142.9 MB
[runlim] sample:		49.5 time, 50.5 real, 159.7 MB
[runlim] sample:		59.5 time, 60.5 real, 174.2 MB
[runlim] sample:		69.5 time, 70.5 real, 187.8 MB
[runlim] sample:		79.5 time, 80.5 real, 199.4 MB
[runlim] sample:		89.5 time, 90.5 real, 209.2 MB
[runlim] sample:		99.5 time, 100.5 real, 214.8 MB
[runlim] sample:		109.5 time, 110.5 real, 224.4 MB
[runlim] sample:		119.5 time, 120.5 real, 232.9 MB
[runlim] sample:		129.5 time, 130.5 real, 239.0 MB
[runlim] sample:		139.5 time, 140.5 real, 244.2 MB
[runlim] sample:		149.5 time, 150.5 real, 258.0 MB
[runlim] sample:		159.5 time, 160.5 real, 263.4 MB
[runlim] sample:		169.5 time, 170.5 real, 268.3 MB
[runlim] sample:		179.5 time, 180.5 real, 274.5 MB
[runlim] sample:		189.5 time, 190.5 real, 278.6 MB
[runlim] sample:		199.5 time, 200.5 real, 291.8 MB
[runlim] sample:		209.5 time, 210.5 real, 296.2 MB
[runlim] sample:		219.5 time, 220.5 real, 302.1 MB
[runlim] sample:		229.2 time, 230.5 real, 305.5 MB
[runlim] sample:		239.1 time, 240.5 real, 309.3 MB
[runlim] sample:		249.1 time, 250.5 real, 312.7 MB
[runlim] sample:		259.1 time, 260.5 real, 317.6 MB
[runlim] sample:		269.1 time, 270.5 real, 323.7 MB
[runlim] sample:		279.1 time, 280.5 real, 330.7 MB
[runlim] sample:		289.1 time, 290.5 real, 336.9 MB
[runlim] sample:		299.1 time, 300.5 real, 343.3 MB
CVC4 interrupted by SIGTERM.
[runlim] end:			Mon Jan 28 15:10:33 2019
[runlim] status:		out of time
[runlim] result:		2
[runlim] children:		0
[runlim] real:			301.58 seconds
[runlim] time:			300.08 seconds
[runlim] space:			343.3 MB
[runlim] samples:		3010
