[runlim] version:		1.10fixed
[runlim] time limit:		300 seconds
[runlim] real time limit:	311040000 seconds
[runlim] space limit:		4000 MB
[runlim] argv[0]:		./cvc4
[runlim] argv[1]:		--nl-ext-tplanes
[runlim] argv[2]:		/tmp/90vNXOay.smt2
[runlim] start:			Mon Jan 28 15:00:44 2019
[runlim] main pid:		31029
/tmp/90vNXOay.smt2:4.12: No set-logic command was given before this point.
/tmp/90vNXOay.smt2:4.12: CVC4 will make all theories available.
/tmp/90vNXOay.smt2:4.12: Consider setting a stricter logic for (likely) better performance.
/tmp/90vNXOay.smt2:4.12: To suppress this warning in the future use (set-logic ALL).
[runlim] sample:		9.7 time, 10.8 real, 96.4 MB
[runlim] sample:		19.7 time, 20.8 real, 122.2 MB
[runlim] sample:		29.7 time, 30.8 real, 142.4 MB
[runlim] sample:		39.7 time, 40.8 real, 155.2 MB
[runlim] sample:		49.7 time, 50.8 real, 166.6 MB
[runlim] sample:		59.7 time, 60.8 real, 176.9 MB
[runlim] sample:		69.7 time, 70.8 real, 185.4 MB
[runlim] sample:		79.7 time, 80.8 real, 195.0 MB
[runlim] sample:		89.7 time, 90.8 real, 201.5 MB
[runlim] sample:		99.7 time, 100.8 real, 209.5 MB
[runlim] sample:		109.7 time, 110.8 real, 215.4 MB
[runlim] sample:		119.7 time, 120.8 real, 223.0 MB
[runlim] sample:		129.7 time, 130.8 real, 227.6 MB
[runlim] sample:		139.7 time, 140.8 real, 237.1 MB
[runlim] sample:		149.7 time, 150.8 real, 241.5 MB
[runlim] sample:		159.7 time, 160.8 real, 248.9 MB
[runlim] sample:		169.7 time, 170.8 real, 253.0 MB
[runlim] sample:		179.5 time, 180.8 real, 257.4 MB
[runlim] sample:		189.3 time, 190.8 real, 264.6 MB
[runlim] sample:		198.3 time, 200.8 real, 268.9 MB
[runlim] sample:		207.6 time, 210.8 real, 271.8 MB
[runlim] sample:		216.5 time, 220.8 real, 276.1 MB
[runlim] sample:		226.5 time, 230.8 real, 281.0 MB
[runlim] sample:		236.4 time, 240.8 real, 283.1 MB
[runlim] sample:		245.1 time, 250.8 real, 288.5 MB
[runlim] sample:		254.6 time, 260.8 real, 290.1 MB
[runlim] sample:		264.6 time, 270.8 real, 294.2 MB
[runlim] sample:		273.8 time, 280.8 real, 296.3 MB
[runlim] sample:		282.8 time, 290.8 real, 298.6 MB
[runlim] sample:		292.8 time, 300.8 real, 302.7 MB
CVC4 interrupted by SIGTERM.
[runlim] end:			Mon Jan 28 15:05:53 2019
[runlim] status:		out of time
[runlim] result:		2
[runlim] children:		0
[runlim] real:			309.16 seconds
[runlim] time:			300.02 seconds
[runlim] space:			305.3 MB
[runlim] samples:		3083
