[runlim] version:		1.10fixed
[runlim] time limit:		300 seconds
[runlim] real time limit:	311040000 seconds
[runlim] space limit:		4000 MB
[runlim] argv[0]:		./cvc4
[runlim] argv[1]:		--nl-ext-tplanes
[runlim] argv[2]:		/tmp/Pt6C8vyE.smt2
[runlim] start:			Mon Jan 28 15:06:09 2019
[runlim] main pid:		31189
/tmp/Pt6C8vyE.smt2:4.12: No set-logic command was given before this point.
/tmp/Pt6C8vyE.smt2:4.12: CVC4 will make all theories available.
/tmp/Pt6C8vyE.smt2:4.12: Consider setting a stricter logic for (likely) better performance.
/tmp/Pt6C8vyE.smt2:4.12: To suppress this warning in the future use (set-logic ALL).
[runlim] sample:		9.9 time, 10.6 real, 61.1 MB
[runlim] sample:		19.9 time, 20.6 real, 88.1 MB
[runlim] sample:		28.3 time, 30.6 real, 98.2 MB
[runlim] sample:		38.3 time, 40.6 real, 116.3 MB
[runlim] sample:		48.0 time, 50.6 real, 117.3 MB
[runlim] sample:		55.8 time, 60.6 real, 124.3 MB
[runlim] sample:		65.2 time, 70.6 real, 127.1 MB
[runlim] sample:		74.6 time, 80.6 real, 137.9 MB
[runlim] sample:		84.6 time, 90.6 real, 140.7 MB
[runlim] sample:		94.6 time, 100.6 real, 168.8 MB
[runlim] sample:		103.6 time, 110.6 real, 169.8 MB
[runlim] sample:		112.4 time, 120.6 real, 169.8 MB
[runlim] sample:		121.5 time, 130.6 real, 172.4 MB
[runlim] sample:		131.5 time, 140.6 real, 172.4 MB
[runlim] sample:		140.0 time, 150.6 real, 174.2 MB
[runlim] sample:		147.9 time, 160.6 real, 176.8 MB
[runlim] sample:		156.2 time, 170.6 real, 186.2 MB
[runlim] sample:		165.6 time, 180.6 real, 186.5 MB
[runlim] sample:		175.2 time, 190.6 real, 190.1 MB
[runlim] sample:		185.2 time, 200.6 real, 190.6 MB
[runlim] sample:		195.1 time, 210.6 real, 202.9 MB
[runlim] sample:		205.1 time, 220.6 real, 203.1 MB
[runlim] sample:		215.1 time, 230.6 real, 209.3 MB
[runlim] sample:		225.1 time, 240.6 real, 209.3 MB
[runlim] sample:		235.1 time, 250.6 real, 220.9 MB
[runlim] sample:		245.1 time, 260.6 real, 220.9 MB
[runlim] sample:		254.4 time, 270.6 real, 220.9 MB
[runlim] sample:		263.0 time, 280.6 real, 224.0 MB
[runlim] sample:		272.4 time, 290.6 real, 224.0 MB
[runlim] sample:		282.0 time, 300.6 real, 224.5 MB
[runlim] sample:		291.7 time, 310.6 real, 260.8 MB
CVC4 interrupted by SIGTERM.
[runlim] end:			Mon Jan 28 15:11:28 2019
[runlim] status:		out of time
[runlim] result:		2
[runlim] children:		0
[runlim] real:			319.23 seconds
[runlim] time:			300.01 seconds
[runlim] space:			282.2 MB
[runlim] samples:		3186
