[runlim] version:		1.10fixed
[runlim] time limit:		300 seconds
[runlim] real time limit:	311040000 seconds
[runlim] space limit:		4000 MB
[runlim] argv[0]:		./cvc4
[runlim] argv[1]:		--nl-ext-tplanes
[runlim] argv[2]:		/tmp/ECckfjZX.smt2
[runlim] start:			Tue Jan 29 11:20:11 2019
[runlim] main pid:		30740
/tmp/ECckfjZX.smt2:4.12: No set-logic command was given before this point.
/tmp/ECckfjZX.smt2:4.12: CVC4 will make all theories available.
/tmp/ECckfjZX.smt2:4.12: Consider setting a stricter logic for (likely) better performance.
/tmp/ECckfjZX.smt2:4.12: To suppress this warning in the future use (set-logic ALL).
[runlim] sample:		7.3 time, 10.3 real, 87.6 MB
[runlim] sample:		16.8 time, 20.3 real, 120.6 MB
[runlim] sample:		26.8 time, 30.3 real, 145.7 MB
[runlim] sample:		35.1 time, 40.3 real, 158.5 MB
[runlim] sample:		43.5 time, 50.3 real, 171.9 MB
[runlim] sample:		50.9 time, 60.3 real, 180.4 MB
[runlim] sample:		58.3 time, 70.3 real, 192.2 MB
[runlim] sample:		65.6 time, 80.3 real, 196.1 MB
[runlim] sample:		73.0 time, 90.3 real, 204.6 MB
[runlim] sample:		80.3 time, 100.3 real, 210.8 MB
[runlim] sample:		89.8 time, 110.3 real, 220.7 MB
[runlim] sample:		99.8 time, 120.3 real, 233.6 MB
[runlim] sample:		109.8 time, 130.3 real, 242.6 MB
[runlim] sample:		119.8 time, 140.3 real, 249.6 MB
[runlim] sample:		129.8 time, 150.3 real, 258.8 MB
[runlim] sample:		139.7 time, 160.3 real, 264.5 MB
[runlim] sample:		148.8 time, 170.3 real, 272.7 MB
[runlim] sample:		158.7 time, 180.3 real, 282.0 MB
[runlim] sample:		168.8 time, 190.3 real, 290.2 MB
[runlim] sample:		178.8 time, 200.3 real, 297.9 MB
[runlim] sample:		188.7 time, 210.3 real, 305.4 MB
[runlim] sample:		198.7 time, 220.3 real, 312.6 MB
[runlim] sample:		208.8 time, 230.3 real, 320.3 MB
[runlim] sample:		218.7 time, 240.3 real, 327.0 MB
[runlim] sample:		228.8 time, 250.3 real, 333.5 MB
[runlim] sample:		238.8 time, 260.3 real, 340.2 MB
[runlim] sample:		248.8 time, 270.3 real, 345.6 MB
[runlim] sample:		258.8 time, 280.3 real, 350.7 MB
[runlim] sample:		268.8 time, 290.3 real, 357.2 MB
[runlim] sample:		278.7 time, 300.3 real, 361.5 MB
[runlim] sample:		288.7 time, 310.3 real, 370.3 MB
[runlim] end:			Tue Jan 29 11:25:27 2019
[runlim] status:		signal(9)
[runlim] result:		11
[runlim] children:		0
[runlim] real:			316.50 seconds
[runlim] time:			294.84 seconds
[runlim] space:			370.8 MB
[runlim] samples:		3161
