[runlim] version:		1.10fixed
[runlim] time limit:		300 seconds
[runlim] real time limit:	311040000 seconds
[runlim] space limit:		4000 MB
[runlim] argv[0]:		./cvc4
[runlim] argv[1]:		--nl-ext-tplanes
[runlim] argv[2]:		/tmp/P3CVjW8d.smt2
[runlim] start:			Mon Jan 28 14:56:16 2019
[runlim] main pid:		6892
/tmp/P3CVjW8d.smt2:4.12: No set-logic command was given before this point.
/tmp/P3CVjW8d.smt2:4.12: CVC4 will make all theories available.
/tmp/P3CVjW8d.smt2:4.12: Consider setting a stricter logic for (likely) better performance.
/tmp/P3CVjW8d.smt2:4.12: To suppress this warning in the future use (set-logic ALL).
[runlim] sample:		9.9 time, 10.4 real, 93.2 MB
[runlim] sample:		19.1 time, 20.4 real, 115.6 MB
[runlim] sample:		27.5 time, 30.4 real, 134.2 MB
[runlim] sample:		35.8 time, 40.4 real, 146.5 MB
[runlim] sample:		44.5 time, 50.4 real, 157.7 MB
[runlim] sample:		52.6 time, 60.4 real, 167.0 MB
[runlim] sample:		60.9 time, 70.4 real, 174.7 MB
[runlim] sample:		70.8 time, 80.4 real, 184.0 MB
[runlim] sample:		80.8 time, 90.4 real, 192.3 MB
[runlim] sample:		90.8 time, 100.4 real, 200.0 MB
[runlim] sample:		100.8 time, 110.4 real, 208.5 MB
[runlim] sample:		110.8 time, 120.4 real, 213.9 MB
[runlim] sample:		120.8 time, 130.4 real, 222.0 MB
[runlim] sample:		130.8 time, 140.4 real, 227.4 MB
[runlim] sample:		140.8 time, 150.4 real, 235.7 MB
[runlim] sample:		150.8 time, 160.4 real, 242.0 MB
[runlim] sample:		160.8 time, 170.4 real, 248.8 MB
[runlim] sample:		170.8 time, 180.4 real, 253.9 MB
[runlim] sample:		180.8 time, 190.4 real, 258.3 MB
[runlim] sample:		190.8 time, 200.4 real, 262.2 MB
[runlim] sample:		200.8 time, 210.4 real, 269.1 MB
[runlim] sample:		210.8 time, 220.4 real, 273.8 MB
[runlim] sample:		220.8 time, 230.4 real, 278.6 MB
[runlim] sample:		230.8 time, 240.4 real, 282.2 MB
[runlim] sample:		240.8 time, 250.4 real, 285.3 MB
[runlim] sample:		250.8 time, 260.4 real, 288.7 MB
[runlim] sample:		260.8 time, 270.4 real, 291.7 MB
[runlim] sample:		270.8 time, 280.4 real, 295.3 MB
[runlim] sample:		280.8 time, 290.4 real, 298.2 MB
[runlim] sample:		290.8 time, 300.4 real, 301.3 MB
CVC4 interrupted by SIGTERM.
[runlim] end:			Mon Jan 28 15:01:25 2019
[runlim] status:		out of time
[runlim] result:		2
[runlim] children:		0
[runlim] real:			309.67 seconds
[runlim] time:			300.02 seconds
[runlim] space:			305.1 MB
[runlim] samples:		3092
