[runlim] version:		1.10fixed
[runlim] time limit:		300 seconds
[runlim] real time limit:	311040000 seconds
[runlim] space limit:		4000 MB
[runlim] argv[0]:		./cvc4
[runlim] argv[1]:		--nl-ext-tplanes
[runlim] argv[2]:		/tmp/Rafoj8dV.smt2
[runlim] start:			Mon Jan 28 14:55:10 2019
[runlim] main pid:		20426
/tmp/Rafoj8dV.smt2:4.12: No set-logic command was given before this point.
/tmp/Rafoj8dV.smt2:4.12: CVC4 will make all theories available.
/tmp/Rafoj8dV.smt2:4.12: Consider setting a stricter logic for (likely) better performance.
/tmp/Rafoj8dV.smt2:4.12: To suppress this warning in the future use (set-logic ALL).
[runlim] sample:		9.0 time, 10.3 real, 61.7 MB
[runlim] sample:		19.0 time, 20.3 real, 80.1 MB
[runlim] sample:		28.9 time, 30.3 real, 90.9 MB
[runlim] sample:		38.8 time, 40.3 real, 108.1 MB
[runlim] sample:		48.8 time, 50.3 real, 112.5 MB
[runlim] sample:		58.5 time, 60.3 real, 115.6 MB
[runlim] sample:		68.1 time, 70.3 real, 127.2 MB
[runlim] sample:		78.0 time, 80.3 real, 132.9 MB
[runlim] sample:		88.0 time, 90.3 real, 135.4 MB
[runlim] sample:		98.0 time, 100.3 real, 155.8 MB
[runlim] sample:		107.6 time, 110.3 real, 156.5 MB
[runlim] sample:		117.6 time, 120.3 real, 158.3 MB
[runlim] sample:		127.6 time, 130.3 real, 160.4 MB
[runlim] sample:		137.5 time, 140.3 real, 161.2 MB
[runlim] sample:		147.2 time, 150.3 real, 171.0 MB
[runlim] sample:		156.8 time, 160.3 real, 172.3 MB
[runlim] sample:		166.5 time, 170.3 real, 174.6 MB
[runlim] sample:		176.2 time, 180.3 real, 183.1 MB
[runlim] sample:		185.8 time, 190.3 real, 184.4 MB
[runlim] sample:		195.5 time, 200.3 real, 187.0 MB
[runlim] sample:		205.1 time, 210.3 real, 190.8 MB
[runlim] sample:		214.8 time, 220.3 real, 196.5 MB
[runlim] sample:		224.4 time, 230.3 real, 202.7 MB
[runlim] sample:		234.1 time, 240.3 real, 203.5 MB
[runlim] sample:		243.7 time, 250.3 real, 204.5 MB
[runlim] sample:		253.4 time, 260.3 real, 209.8 MB
[runlim] sample:		263.1 time, 270.3 real, 210.1 MB
[runlim] sample:		272.8 time, 280.3 real, 246.3 MB
[runlim] sample:		282.8 time, 290.3 real, 246.3 MB
[runlim] sample:		292.8 time, 300.3 real, 247.3 MB
[runlim] end:			Mon Jan 28 15:00:16 2019
[runlim] status:		signal(9)
[runlim] result:		11
[runlim] children:		0
[runlim] real:			306.83 seconds
[runlim] time:			299.28 seconds
[runlim] space:			247.3 MB
[runlim] samples:		3065
