[runlim] version:		1.10fixed
[runlim] time limit:		300 seconds
[runlim] real time limit:	311040000 seconds
[runlim] space limit:		4000 MB
[runlim] argv[0]:		./cvc4
[runlim] argv[1]:		--nl-ext-tplanes
[runlim] argv[2]:		/tmp/W2nluaQy.smt2
[runlim] start:			Mon Jan 28 14:55:32 2019
[runlim] main pid:		8876
/tmp/W2nluaQy.smt2:4.12: No set-logic command was given before this point.
/tmp/W2nluaQy.smt2:4.12: CVC4 will make all theories available.
/tmp/W2nluaQy.smt2:4.12: Consider setting a stricter logic for (likely) better performance.
/tmp/W2nluaQy.smt2:4.12: To suppress this warning in the future use (set-logic ALL).
[runlim] sample:		8.0 time, 10.7 real, 105.9 MB
[runlim] sample:		16.7 time, 20.7 real, 145.1 MB
[runlim] sample:		25.4 time, 30.7 real, 168.6 MB
[runlim] sample:		34.2 time, 40.7 real, 188.7 MB
[runlim] sample:		43.9 time, 50.7 real, 208.7 MB
[runlim] sample:		53.5 time, 60.7 real, 225.6 MB
[runlim] sample:		63.5 time, 70.7 real, 244.7 MB
[runlim] sample:		73.5 time, 80.7 real, 258.2 MB
[runlim] sample:		83.5 time, 90.7 real, 272.9 MB
[runlim] sample:		93.5 time, 100.7 real, 282.9 MB
[runlim] sample:		103.5 time, 110.7 real, 293.5 MB
[runlim] sample:		112.8 time, 120.7 real, 302.0 MB
[runlim] sample:		122.0 time, 130.7 real, 310.3 MB
[runlim] sample:		130.7 time, 140.7 real, 318.1 MB
[runlim] sample:		140.2 time, 150.7 real, 324.7 MB
[runlim] sample:		150.2 time, 160.7 real, 333.8 MB
[runlim] sample:		160.2 time, 170.7 real, 340.5 MB
[runlim] sample:		170.1 time, 180.7 real, 347.2 MB
[runlim] sample:		179.8 time, 190.7 real, 355.6 MB
[runlim] sample:		189.6 time, 200.7 real, 362.3 MB
[runlim] sample:		199.1 time, 210.7 real, 368.8 MB
[runlim] sample:		209.1 time, 220.7 real, 375.0 MB
[runlim] sample:		219.1 time, 230.7 real, 380.9 MB
[runlim] sample:		229.1 time, 240.7 real, 387.5 MB
[runlim] sample:		239.1 time, 250.7 real, 394.2 MB
[runlim] sample:		249.1 time, 260.7 real, 400.1 MB
[runlim] sample:		259.1 time, 270.7 real, 407.6 MB
[runlim] sample:		269.1 time, 280.7 real, 417.8 MB
[runlim] sample:		279.1 time, 290.7 real, 418.6 MB
[runlim] sample:		289.1 time, 300.7 real, 420.4 MB
[runlim] sample:		299.1 time, 310.7 real, 426.8 MB
CVC4 interrupted by SIGTERM.
[runlim] end:			Mon Jan 28 15:00:43 2019
[runlim] status:		out of time
[runlim] result:		2
[runlim] children:		0
[runlim] real:			311.60 seconds
[runlim] time:			300.01 seconds
[runlim] space:			426.8 MB
[runlim] samples:		3109
