[runlim] version:		1.10fixed
[runlim] time limit:		300 seconds
[runlim] real time limit:	311040000 seconds
[runlim] space limit:		4000 MB
[runlim] argv[0]:		./cvc4
[runlim] argv[1]:		--nl-ext-tplanes
[runlim] argv[2]:		/tmp/7dpwsB2T.smt2
[runlim] start:			Mon Jan 28 14:50:36 2019
[runlim] main pid:		28849
/tmp/7dpwsB2T.smt2:4.12: No set-logic command was given before this point.
/tmp/7dpwsB2T.smt2:4.12: CVC4 will make all theories available.
/tmp/7dpwsB2T.smt2:4.12: Consider setting a stricter logic for (likely) better performance.
/tmp/7dpwsB2T.smt2:4.12: To suppress this warning in the future use (set-logic ALL).
[runlim] sample:		9.0 time, 10.1 real, 217.9 MB
[runlim] sample:		19.0 time, 20.1 real, 394.1 MB
[runlim] sample:		29.0 time, 30.1 real, 542.3 MB
[runlim] sample:		39.0 time, 40.1 real, 687.5 MB
[runlim] sample:		49.0 time, 50.1 real, 798.2 MB
[runlim] sample:		59.0 time, 60.1 real, 882.8 MB
[runlim] sample:		69.0 time, 70.1 real, 1027.4 MB
[runlim] sample:		79.0 time, 80.1 real, 1125.9 MB
[runlim] sample:		89.0 time, 90.1 real, 1196.4 MB
[runlim] sample:		99.0 time, 100.1 real, 1285.1 MB
[runlim] sample:		108.7 time, 110.1 real, 1356.9 MB
[runlim] sample:		118.4 time, 120.1 real, 1434.1 MB
[runlim] sample:		128.4 time, 130.1 real, 1514.2 MB
[runlim] sample:		138.4 time, 140.1 real, 1604.8 MB
[runlim] sample:		148.4 time, 150.1 real, 1636.3 MB
[runlim] sample:		158.4 time, 160.1 real, 1704.3 MB
[runlim] sample:		168.4 time, 170.1 real, 1773.6 MB
[runlim] sample:		178.1 time, 180.1 real, 1855.1 MB
[runlim] sample:		187.8 time, 190.1 real, 1949.8 MB
[runlim] sample:		197.4 time, 200.1 real, 1983.9 MB
[runlim] sample:		207.1 time, 210.1 real, 2064.3 MB
[runlim] sample:		216.8 time, 220.1 real, 2094.4 MB
[runlim] sample:		226.8 time, 230.1 real, 2174.0 MB
[runlim] sample:		236.5 time, 240.1 real, 2183.8 MB
[runlim] sample:		246.4 time, 250.1 real, 2273.7 MB
[runlim] sample:		256.4 time, 260.1 real, 2350.7 MB
[runlim] sample:		266.4 time, 270.1 real, 2381.1 MB
[runlim] sample:		276.2 time, 280.1 real, 2440.4 MB
[runlim] sample:		286.2 time, 290.1 real, 2466.9 MB
[runlim] sample:		296.2 time, 300.1 real, 2563.0 MB
CVC4 interrupted by SIGTERM.
[runlim] end:			Mon Jan 28 14:55:40 2019
[runlim] status:		out of time
[runlim] result:		2
[runlim] children:		0
[runlim] real:			304.07 seconds
[runlim] time:			300.14 seconds
[runlim] space:			2569.7 MB
[runlim] samples:		3039
