[runlim] version:		1.10fixed
[runlim] time limit:		300 seconds
[runlim] real time limit:	311040000 seconds
[runlim] space limit:		4000 MB
[runlim] argv[0]:		./cvc4
[runlim] argv[1]:		--nl-ext-tplanes
[runlim] argv[2]:		/tmp/24E56nOO.smt2
[runlim] start:			Tue Jan 29 11:27:05 2019
[runlim] main pid:		7854
/tmp/24E56nOO.smt2:4.12: No set-logic command was given before this point.
/tmp/24E56nOO.smt2:4.12: CVC4 will make all theories available.
/tmp/24E56nOO.smt2:4.12: Consider setting a stricter logic for (likely) better performance.
/tmp/24E56nOO.smt2:4.12: To suppress this warning in the future use (set-logic ALL).
[runlim] sample:		9.5 time, 10.2 real, 81.7 MB
[runlim] sample:		19.4 time, 20.2 real, 101.3 MB
[runlim] sample:		29.4 time, 30.2 real, 102.3 MB
[runlim] sample:		39.5 time, 40.2 real, 131.0 MB
[runlim] sample:		48.6 time, 50.2 real, 131.0 MB
[runlim] sample:		57.5 time, 60.2 real, 149.3 MB
[runlim] sample:		66.5 time, 70.2 real, 156.2 MB
[runlim] sample:		76.5 time, 80.2 real, 156.5 MB
[runlim] sample:		86.5 time, 90.2 real, 156.7 MB
[runlim] sample:		96.5 time, 100.2 real, 158.3 MB
[runlim] sample:		106.0 time, 110.2 real, 293.9 MB
[runlim] sample:		115.0 time, 120.2 real, 432.2 MB
[runlim] sample:		124.0 time, 130.2 real, 590.3 MB
[runlim] sample:		133.1 time, 140.2 real, 717.7 MB
[runlim] sample:		142.7 time, 150.2 real, 841.7 MB
[runlim] sample:		152.4 time, 160.2 real, 942.0 MB
[runlim] sample:		162.0 time, 170.2 real, 1045.7 MB
[runlim] sample:		171.7 time, 180.2 real, 1178.6 MB
[runlim] sample:		181.7 time, 190.2 real, 1262.6 MB
[runlim] sample:		191.4 time, 200.2 real, 1353.3 MB
[runlim] sample:		200.7 time, 210.2 real, 1441.4 MB
[runlim] sample:		210.1 time, 220.2 real, 1562.5 MB
[runlim] sample:		219.5 time, 230.2 real, 1563.5 MB
[runlim] sample:		227.8 time, 240.2 real, 1659.8 MB
[runlim] sample:		235.8 time, 250.2 real, 1747.6 MB
[runlim] sample:		244.1 time, 260.2 real, 1763.1 MB
[runlim] sample:		252.9 time, 270.2 real, 1870.7 MB
[runlim] sample:		260.9 time, 280.2 real, 1966.6 MB
[runlim] sample:		268.8 time, 290.2 real, 1995.4 MB
[runlim] sample:		277.8 time, 300.2 real, 2052.7 MB
[runlim] sample:		287.5 time, 310.2 real, 2114.5 MB
[runlim] sample:		296.2 time, 320.2 real, 2212.3 MB
CVC4 interrupted by SIGTERM.
[runlim] end:			Tue Jan 29 11:32:29 2019
[runlim] status:		out of time
[runlim] result:		2
[runlim] children:		0
[runlim] real:			324.16 seconds
[runlim] time:			300.13 seconds
[runlim] space:			2221.1 MB
[runlim] samples:		3239
