[runlim] version:		1.10fixed
[runlim] time limit:		300 seconds
[runlim] real time limit:	311040000 seconds
[runlim] space limit:		4000 MB
[runlim] argv[0]:		./cvc4
[runlim] argv[1]:		--nl-ext-tplanes
[runlim] argv[2]:		/tmp/jYLBpzcm.smt2
[runlim] start:			Tue Jan 29 11:27:05 2019
[runlim] main pid:		6988
/tmp/jYLBpzcm.smt2:4.12: No set-logic command was given before this point.
/tmp/jYLBpzcm.smt2:4.12: CVC4 will make all theories available.
/tmp/jYLBpzcm.smt2:4.12: Consider setting a stricter logic for (likely) better performance.
/tmp/jYLBpzcm.smt2:4.12: To suppress this warning in the future use (set-logic ALL).
[runlim] sample:		9.4 time, 10.3 real, 241.4 MB
[runlim] sample:		19.1 time, 20.3 real, 413.0 MB
[runlim] sample:		28.8 time, 30.3 real, 576.3 MB
[runlim] sample:		38.5 time, 40.3 real, 697.8 MB
[runlim] sample:		48.1 time, 50.3 real, 827.1 MB
[runlim] sample:		57.9 time, 60.3 real, 918.4 MB
[runlim] sample:		67.4 time, 70.3 real, 1040.8 MB
[runlim] sample:		76.9 time, 80.3 real, 1155.2 MB
[runlim] sample:		86.9 time, 90.3 real, 1231.9 MB
[runlim] sample:		96.8 time, 100.3 real, 1326.8 MB
[runlim] sample:		106.8 time, 110.3 real, 1409.0 MB
[runlim] sample:		116.8 time, 120.3 real, 1514.3 MB
[runlim] sample:		126.8 time, 130.3 real, 1603.2 MB
[runlim] sample:		136.8 time, 140.3 real, 1689.7 MB
[runlim] sample:		146.8 time, 150.3 real, 1724.7 MB
[runlim] sample:		156.8 time, 160.3 real, 1817.1 MB
[runlim] sample:		166.8 time, 170.3 real, 1925.1 MB
[runlim] sample:		176.4 time, 180.3 real, 1960.2 MB
[runlim] sample:		186.4 time, 190.3 real, 2055.2 MB
[runlim] sample:		196.4 time, 200.3 real, 2091.8 MB
[runlim] sample:		206.4 time, 210.3 real, 2183.3 MB
[runlim] sample:		216.4 time, 220.3 real, 2193.9 MB
[runlim] sample:		226.4 time, 230.3 real, 2293.3 MB
[runlim] sample:		236.4 time, 240.3 real, 2378.9 MB
[runlim] sample:		246.4 time, 250.3 real, 2411.5 MB
[runlim] sample:		256.4 time, 260.3 real, 2422.6 MB
[runlim] sample:		266.4 time, 270.3 real, 2513.5 MB
[runlim] sample:		276.4 time, 280.3 real, 2535.6 MB
[runlim] sample:		286.4 time, 290.3 real, 2645.2 MB
[runlim] sample:		296.4 time, 300.3 real, 2662.8 MB
CVC4 interrupted by SIGTERM.
[runlim] end:			Tue Jan 29 11:32:09 2019
[runlim] status:		out of time
[runlim] result:		2
[runlim] children:		0
[runlim] real:			304.01 seconds
[runlim] time:			300.12 seconds
[runlim] space:			2662.8 MB
[runlim] samples:		3037
