[runlim] version:		1.10fixed
[runlim] time limit:		300 seconds
[runlim] real time limit:	311040000 seconds
[runlim] space limit:		4000 MB
[runlim] argv[0]:		./cvc4
[runlim] argv[1]:		--nl-ext-tplanes
[runlim] argv[2]:		/tmp/6f3pjOUc.smt2
[runlim] start:			Tue Jan 29 11:23:23 2019
[runlim] main pid:		29703
/tmp/6f3pjOUc.smt2:4.12: No set-logic command was given before this point.
/tmp/6f3pjOUc.smt2:4.12: CVC4 will make all theories available.
/tmp/6f3pjOUc.smt2:4.12: Consider setting a stricter logic for (likely) better performance.
/tmp/6f3pjOUc.smt2:4.12: To suppress this warning in the future use (set-logic ALL).
[runlim] sample:		9.7 time, 10.4 real, 118.1 MB
[runlim] sample:		19.6 time, 20.4 real, 175.0 MB
[runlim] sample:		29.6 time, 30.4 real, 219.4 MB
[runlim] sample:		39.6 time, 40.4 real, 256.6 MB
[runlim] sample:		49.6 time, 50.4 real, 285.4 MB
[runlim] sample:		59.6 time, 60.4 real, 306.6 MB
[runlim] sample:		69.6 time, 70.4 real, 326.6 MB
[runlim] sample:		79.6 time, 80.4 real, 343.9 MB
[runlim] sample:		89.6 time, 90.4 real, 359.1 MB
[runlim] sample:		99.6 time, 100.4 real, 377.9 MB
[runlim] sample:		109.6 time, 110.4 real, 391.0 MB
[runlim] sample:		119.6 time, 120.4 real, 409.5 MB
[runlim] sample:		129.6 time, 130.4 real, 418.5 MB
[runlim] sample:		139.6 time, 140.4 real, 433.2 MB
[runlim] sample:		149.6 time, 150.4 real, 448.5 MB
[runlim] sample:		159.6 time, 160.4 real, 459.4 MB
[runlim] sample:		169.6 time, 170.4 real, 471.5 MB
[runlim] sample:		179.6 time, 180.4 real, 485.2 MB
[runlim] sample:		189.6 time, 190.4 real, 496.0 MB
[runlim] sample:		199.6 time, 200.4 real, 506.3 MB
[runlim] sample:		209.6 time, 210.4 real, 519.4 MB
[runlim] sample:		219.6 time, 220.4 real, 528.9 MB
[runlim] sample:		229.4 time, 230.4 real, 533.6 MB
[runlim] sample:		239.4 time, 240.4 real, 540.5 MB
[runlim] sample:		249.4 time, 250.4 real, 546.4 MB
[runlim] sample:		259.4 time, 260.4 real, 550.0 MB
[runlim] sample:		268.9 time, 270.4 real, 555.5 MB
[runlim] sample:		278.2 time, 280.4 real, 559.6 MB
[runlim] sample:		287.6 time, 290.4 real, 564.2 MB
[runlim] sample:		296.9 time, 300.4 real, 567.8 MB
CVC4 interrupted by SIGTERM.
[runlim] end:			Tue Jan 29 11:28:26 2019
[runlim] status:		out of time
[runlim] result:		2
[runlim] children:		0
[runlim] real:			303.65 seconds
[runlim] time:			300.04 seconds
[runlim] space:			568.3 MB
[runlim] samples:		3032
