[runlim] version:		1.10fixed
[runlim] time limit:		300 seconds
[runlim] real time limit:	311040000 seconds
[runlim] space limit:		4000 MB
[runlim] argv[0]:		./cvc4
[runlim] argv[1]:		--nl-ext-tplanes
[runlim] argv[2]:		/tmp/5htA7AGA.smt2
[runlim] start:			Mon Jan 28 14:50:26 2019
[runlim] main pid:		31154
/tmp/5htA7AGA.smt2:4.12: No set-logic command was given before this point.
/tmp/5htA7AGA.smt2:4.12: CVC4 will make all theories available.
/tmp/5htA7AGA.smt2:4.12: Consider setting a stricter logic for (likely) better performance.
/tmp/5htA7AGA.smt2:4.12: To suppress this warning in the future use (set-logic ALL).
[runlim] sample:		9.4 time, 10.0 real, 92.4 MB
[runlim] sample:		18.7 time, 20.0 real, 117.9 MB
[runlim] sample:		28.1 time, 30.0 real, 136.5 MB
[runlim] sample:		37.4 time, 40.0 real, 148.6 MB
[runlim] sample:		46.8 time, 50.0 real, 159.0 MB
[runlim] sample:		56.1 time, 60.0 real, 168.2 MB
[runlim] sample:		65.5 time, 70.0 real, 177.8 MB
[runlim] sample:		74.8 time, 80.0 real, 185.0 MB
[runlim] sample:		84.2 time, 90.0 real, 193.2 MB
[runlim] sample:		93.7 time, 100.0 real, 202.2 MB
[runlim] sample:		103.7 time, 110.0 real, 210.9 MB
[runlim] sample:		113.7 time, 120.0 real, 218.7 MB
[runlim] sample:		123.7 time, 130.0 real, 227.0 MB
[runlim] sample:		133.3 time, 140.0 real, 232.7 MB
[runlim] sample:		142.7 time, 150.0 real, 236.8 MB
[runlim] sample:		151.9 time, 160.0 real, 240.9 MB
[runlim] sample:		161.3 time, 170.0 real, 246.1 MB
[runlim] sample:		170.8 time, 180.0 real, 250.7 MB
[runlim] sample:		180.4 time, 190.0 real, 254.9 MB
[runlim] sample:		188.9 time, 200.0 real, 258.5 MB
[runlim] sample:		198.6 time, 210.0 real, 262.1 MB
[runlim] sample:		208.6 time, 220.0 real, 266.2 MB
[runlim] sample:		218.3 time, 230.0 real, 270.0 MB
[runlim] sample:		227.7 time, 240.0 real, 273.6 MB
[runlim] sample:		237.0 time, 250.0 real, 278.0 MB
[runlim] sample:		246.3 time, 260.0 real, 282.7 MB
[runlim] sample:		255.7 time, 270.0 real, 285.2 MB
[runlim] sample:		265.1 time, 280.0 real, 288.2 MB
[runlim] sample:		274.5 time, 290.0 real, 291.8 MB
[runlim] sample:		284.3 time, 300.0 real, 294.2 MB
[runlim] sample:		293.5 time, 310.0 real, 297.5 MB
CVC4 interrupted by SIGTERM.
[runlim] end:			Mon Jan 28 14:55:42 2019
[runlim] status:		out of time
[runlim] result:		2
[runlim] children:		0
[runlim] real:			316.76 seconds
[runlim] time:			300.01 seconds
[runlim] space:			299.6 MB
[runlim] samples:		3167
