[runlim] version:		1.10fixed
[runlim] time limit:		300 seconds
[runlim] real time limit:	311040000 seconds
[runlim] space limit:		4000 MB
[runlim] argv[0]:		./cvc4
[runlim] argv[1]:		--nl-ext-tplanes
[runlim] argv[2]:		/tmp/oJ6fUCPq.smt2
[runlim] start:			Tue Jan 29 11:28:23 2019
[runlim] main pid:		18629
/tmp/oJ6fUCPq.smt2:4.12: No set-logic command was given before this point.
/tmp/oJ6fUCPq.smt2:4.12: CVC4 will make all theories available.
/tmp/oJ6fUCPq.smt2:4.12: Consider setting a stricter logic for (likely) better performance.
/tmp/oJ6fUCPq.smt2:4.12: To suppress this warning in the future use (set-logic ALL).
[runlim] sample:		9.8 time, 10.7 real, 237.8 MB
[runlim] sample:		19.8 time, 20.7 real, 409.5 MB
[runlim] sample:		29.8 time, 30.7 real, 556.5 MB
[runlim] sample:		39.8 time, 40.7 real, 683.7 MB
[runlim] sample:		49.8 time, 50.7 real, 820.3 MB
[runlim] sample:		59.8 time, 60.7 real, 890.3 MB
[runlim] sample:		69.8 time, 70.7 real, 1023.6 MB
[runlim] sample:		79.8 time, 80.7 real, 1106.8 MB
[runlim] sample:		89.8 time, 90.7 real, 1212.5 MB
[runlim] sample:		99.6 time, 100.7 real, 1277.7 MB
[runlim] sample:		109.2 time, 110.7 real, 1367.4 MB
[runlim] sample:		118.9 time, 120.7 real, 1440.6 MB
[runlim] sample:		128.7 time, 130.7 real, 1523.0 MB
[runlim] sample:		138.7 time, 140.7 real, 1550.6 MB
[runlim] sample:		148.7 time, 150.7 real, 1634.3 MB
[runlim] sample:		158.6 time, 160.7 real, 1707.2 MB
[runlim] sample:		168.6 time, 170.7 real, 1770.3 MB
[runlim] sample:		178.7 time, 180.7 real, 1871.7 MB
[runlim] sample:		188.7 time, 190.7 real, 1919.4 MB
[runlim] sample:		198.6 time, 200.7 real, 1980.0 MB
[runlim] sample:		208.6 time, 210.7 real, 2081.8 MB
[runlim] sample:		218.6 time, 220.7 real, 2114.5 MB
[runlim] sample:		228.6 time, 230.7 real, 2177.1 MB
[runlim] sample:		238.6 time, 240.7 real, 2208.3 MB
[runlim] sample:		248.6 time, 250.7 real, 2301.0 MB
[runlim] sample:		258.6 time, 260.7 real, 2313.1 MB
[runlim] sample:		268.6 time, 270.7 real, 2392.7 MB
[runlim] sample:		278.6 time, 280.7 real, 2456.9 MB
[runlim] sample:		288.6 time, 290.7 real, 2498.9 MB
[runlim] sample:		298.6 time, 300.7 real, 2510.0 MB
CVC4 interrupted by SIGTERM.
[runlim] end:			Tue Jan 29 11:33:25 2019
[runlim] status:		out of time
[runlim] result:		2
[runlim] children:		0
[runlim] real:			302.19 seconds
[runlim] time:			300.12 seconds
[runlim] space:			2510.0 MB
[runlim] samples:		3015
