[runlim] version:		1.10fixed
[runlim] time limit:		300 seconds
[runlim] real time limit:	311040000 seconds
[runlim] space limit:		4000 MB
[runlim] argv[0]:		./cvc4
[runlim] argv[1]:		--nl-ext-tplanes
[runlim] argv[2]:		/tmp/FhdXGem0.smt2
[runlim] start:			Mon Jan 28 14:50:52 2019
[runlim] main pid:		28637
/tmp/FhdXGem0.smt2:4.12: No set-logic command was given before this point.
/tmp/FhdXGem0.smt2:4.12: CVC4 will make all theories available.
/tmp/FhdXGem0.smt2:4.12: Consider setting a stricter logic for (likely) better performance.
/tmp/FhdXGem0.smt2:4.12: To suppress this warning in the future use (set-logic ALL).
[runlim] sample:		8.4 time, 10.7 real, 187.6 MB
[runlim] sample:		16.7 time, 20.7 real, 335.6 MB
[runlim] sample:		25.9 time, 30.7 real, 487.2 MB
[runlim] sample:		34.9 time, 40.7 real, 596.7 MB
[runlim] sample:		43.9 time, 50.7 real, 717.9 MB
[runlim] sample:		53.2 time, 60.7 real, 807.0 MB
[runlim] sample:		62.9 time, 70.7 real, 921.9 MB
[runlim] sample:		72.5 time, 80.7 real, 1045.6 MB
[runlim] sample:		82.2 time, 90.7 real, 1121.3 MB
[runlim] sample:		91.8 time, 100.7 real, 1197.6 MB
[runlim] sample:		101.5 time, 110.7 real, 1292.9 MB
[runlim] sample:		111.1 time, 120.7 real, 1344.0 MB
[runlim] sample:		120.8 time, 130.7 real, 1433.3 MB
[runlim] sample:		130.4 time, 140.7 real, 1499.3 MB
[runlim] sample:		139.4 time, 150.7 real, 1603.6 MB
[runlim] sample:		147.7 time, 160.7 real, 1655.4 MB
[runlim] sample:		156.0 time, 170.7 real, 1669.6 MB
[runlim] sample:		164.3 time, 180.7 real, 1739.4 MB
[runlim] sample:		172.8 time, 190.7 real, 1840.9 MB
[runlim] sample:		182.2 time, 200.7 real, 1850.7 MB
[runlim] sample:		190.6 time, 210.7 real, 1932.5 MB
[runlim] sample:		198.9 time, 220.7 real, 1997.5 MB
[runlim] sample:		208.6 time, 230.7 real, 2060.3 MB
[runlim] sample:		218.2 time, 240.7 real, 2117.3 MB
[runlim] sample:		228.2 time, 250.7 real, 2150.7 MB
[runlim] sample:		238.2 time, 260.7 real, 2239.6 MB
[runlim] sample:		248.2 time, 270.7 real, 2252.5 MB
[runlim] sample:		258.2 time, 280.7 real, 2333.4 MB
[runlim] sample:		268.0 time, 290.7 real, 2405.5 MB
[runlim] sample:		278.0 time, 300.7 real, 2432.6 MB
[runlim] sample:		287.0 time, 310.7 real, 2442.1 MB
[runlim] end:			Mon Jan 28 14:56:12 2019
[runlim] status:		signal(9)
[runlim] result:		11
[runlim] children:		0
[runlim] real:			320.16 seconds
[runlim] time:			296.20 seconds
[runlim] space:			2522.8 MB
[runlim] samples:		3194
