[runlim] version:		1.10fixed
[runlim] time limit:		300 seconds
[runlim] real time limit:	311040000 seconds
[runlim] space limit:		4000 MB
[runlim] argv[0]:		./cvc4
[runlim] argv[1]:		--nl-ext-tplanes
[runlim] argv[2]:		/tmp/6dJxA4wJ.smt2
[runlim] start:			Mon Jan 28 14:54:24 2019
[runlim] main pid:		22895
/tmp/6dJxA4wJ.smt2:4.12: No set-logic command was given before this point.
/tmp/6dJxA4wJ.smt2:4.12: CVC4 will make all theories available.
/tmp/6dJxA4wJ.smt2:4.12: Consider setting a stricter logic for (likely) better performance.
/tmp/6dJxA4wJ.smt2:4.12: To suppress this warning in the future use (set-logic ALL).
[runlim] sample:		9.1 time, 10.0 real, 79.6 MB
[runlim] sample:		18.4 time, 20.0 real, 110.3 MB
[runlim] sample:		27.7 time, 30.0 real, 127.6 MB
[runlim] sample:		37.4 time, 40.0 real, 139.4 MB
[runlim] sample:		47.4 time, 50.0 real, 154.9 MB
[runlim] sample:		57.4 time, 60.0 real, 172.7 MB
[runlim] sample:		67.4 time, 70.0 real, 184.3 MB
[runlim] sample:		77.4 time, 80.0 real, 196.2 MB
[runlim] sample:		87.1 time, 90.0 real, 205.2 MB
[runlim] sample:		95.8 time, 100.0 real, 212.9 MB
[runlim] sample:		104.8 time, 110.0 real, 220.1 MB
[runlim] sample:		112.8 time, 120.0 real, 225.0 MB
[runlim] sample:		120.9 time, 130.0 real, 229.7 MB
[runlim] sample:		128.6 time, 140.0 real, 238.7 MB
[runlim] sample:		136.5 time, 150.0 real, 244.1 MB
[runlim] sample:		144.7 time, 160.0 real, 253.2 MB
[runlim] sample:		153.2 time, 170.0 real, 258.3 MB
[runlim] sample:		161.6 time, 180.0 real, 263.0 MB
[runlim] sample:		170.1 time, 190.0 real, 268.1 MB
[runlim] sample:		179.6 time, 200.0 real, 272.8 MB
[runlim] sample:		188.6 time, 210.0 real, 277.4 MB
[runlim] sample:		197.8 time, 220.0 real, 290.4 MB
[runlim] sample:		206.5 time, 230.0 real, 295.0 MB
[runlim] sample:		215.5 time, 240.0 real, 298.9 MB
[runlim] sample:		223.8 time, 250.0 real, 299.9 MB
[runlim] sample:		231.7 time, 260.0 real, 304.5 MB
[runlim] sample:		240.4 time, 270.0 real, 308.1 MB
[runlim] sample:		248.7 time, 280.0 real, 311.5 MB
[runlim] sample:		257.8 time, 290.0 real, 316.6 MB
[runlim] sample:		266.4 time, 300.0 real, 316.9 MB
[runlim] sample:		276.4 time, 310.0 real, 323.1 MB
[runlim] sample:		286.4 time, 320.0 real, 329.0 MB
[runlim] sample:		296.3 time, 330.0 real, 339.9 MB
CVC4 interrupted by SIGTERM.
[runlim] end:			Mon Jan 28 14:59:57 2019
[runlim] status:		out of time
[runlim] result:		2
[runlim] children:		0
[runlim] real:			333.76 seconds
[runlim] time:			300.04 seconds
[runlim] space:			339.9 MB
[runlim] samples:		3337
