[runlim] version:		1.10fixed
[runlim] time limit:		300 seconds
[runlim] real time limit:	311040000 seconds
[runlim] space limit:		4000 MB
[runlim] argv[0]:		./cvc4
[runlim] argv[1]:		--nl-ext-tplanes
[runlim] argv[2]:		/tmp/DJGDAliu.smt2
[runlim] start:			Tue Jan 29 11:30:57 2019
[runlim] main pid:		30338
/tmp/DJGDAliu.smt2:4.12: No set-logic command was given before this point.
/tmp/DJGDAliu.smt2:4.12: CVC4 will make all theories available.
/tmp/DJGDAliu.smt2:4.12: Consider setting a stricter logic for (likely) better performance.
/tmp/DJGDAliu.smt2:4.12: To suppress this warning in the future use (set-logic ALL).
[runlim] sample:		9.6 time, 10.4 real, 80.6 MB
[runlim] sample:		19.3 time, 20.4 real, 110.3 MB
[runlim] sample:		28.7 time, 30.4 real, 127.6 MB
[runlim] sample:		38.0 time, 40.4 real, 139.4 MB
[runlim] sample:		47.5 time, 50.4 real, 154.9 MB
[runlim] sample:		57.1 time, 60.4 real, 165.6 MB
[runlim] sample:		66.7 time, 70.4 real, 184.3 MB
[runlim] sample:		75.7 time, 80.4 real, 196.2 MB
[runlim] sample:		85.3 time, 90.4 real, 204.6 MB
[runlim] sample:		94.9 time, 100.4 real, 210.6 MB
[runlim] sample:		104.0 time, 110.4 real, 220.1 MB
[runlim] sample:		113.5 time, 120.4 real, 225.0 MB
[runlim] sample:		123.2 time, 130.4 real, 234.5 MB
[runlim] sample:		132.8 time, 140.4 real, 239.4 MB
[runlim] sample:		142.5 time, 150.4 real, 251.9 MB
[runlim] sample:		152.1 time, 160.4 real, 258.3 MB
[runlim] sample:		161.8 time, 170.4 real, 262.9 MB
[runlim] sample:		171.1 time, 180.4 real, 268.1 MB
[runlim] sample:		180.2 time, 190.4 real, 272.7 MB
[runlim] sample:		189.3 time, 200.4 real, 278.1 MB
[runlim] sample:		199.3 time, 210.4 real, 290.6 MB
[runlim] sample:		209.2 time, 220.4 real, 295.5 MB
[runlim] sample:		218.8 time, 230.4 real, 299.6 MB
[runlim] sample:		228.5 time, 240.4 real, 304.5 MB
[runlim] sample:		238.1 time, 250.4 real, 307.8 MB
[runlim] sample:		247.8 time, 260.4 real, 311.4 MB
[runlim] sample:		257.4 time, 270.4 real, 316.8 MB
[runlim] sample:		266.4 time, 280.4 real, 323.0 MB
[runlim] sample:		275.6 time, 290.4 real, 328.7 MB
[runlim] sample:		285.2 time, 300.4 real, 328.9 MB
[runlim] sample:		294.9 time, 310.4 real, 339.8 MB
CVC4 interrupted by SIGTERM.
[runlim] end:			Tue Jan 29 11:36:12 2019
[runlim] status:		out of time
[runlim] result:		2
[runlim] children:		0
[runlim] real:			315.52 seconds
[runlim] time:			300.02 seconds
[runlim] space:			344.0 MB
[runlim] samples:		3151
