[runlim] version:		1.10fixed
[runlim] time limit:		300 seconds
[runlim] real time limit:	311040000 seconds
[runlim] space limit:		4000 MB
[runlim] argv[0]:		./cvc4
[runlim] argv[1]:		--nl-ext-tplanes
[runlim] argv[2]:		/tmp/Vx1tiJ56.smt2
[runlim] start:			Mon Jan 28 14:54:40 2019
[runlim] main pid:		29708
/tmp/Vx1tiJ56.smt2:4.12: No set-logic command was given before this point.
/tmp/Vx1tiJ56.smt2:4.12: CVC4 will make all theories available.
/tmp/Vx1tiJ56.smt2:4.12: Consider setting a stricter logic for (likely) better performance.
/tmp/Vx1tiJ56.smt2:4.12: To suppress this warning in the future use (set-logic ALL).
[runlim] sample:		9.0 time, 10.9 real, 72.6 MB
[runlim] sample:		18.2 time, 20.9 real, 98.6 MB
[runlim] sample:		28.1 time, 30.9 real, 118.5 MB
[runlim] sample:		38.1 time, 40.9 real, 135.9 MB
[runlim] sample:		48.0 time, 50.9 real, 147.0 MB
[runlim] sample:		58.0 time, 60.9 real, 160.3 MB
[runlim] sample:		68.0 time, 70.9 real, 176.5 MB
[runlim] sample:		78.0 time, 80.9 real, 184.8 MB
[runlim] sample:		88.0 time, 90.9 real, 196.6 MB
[runlim] sample:		98.0 time, 100.9 real, 204.4 MB
[runlim] sample:		108.0 time, 110.9 real, 212.2 MB
[runlim] sample:		118.0 time, 120.9 real, 219.6 MB
[runlim] sample:		128.0 time, 130.9 real, 224.3 MB
[runlim] sample:		138.0 time, 140.9 real, 231.7 MB
[runlim] sample:		148.0 time, 150.9 real, 236.6 MB
[runlim] sample:		158.0 time, 160.9 real, 244.1 MB
[runlim] sample:		168.0 time, 170.9 real, 248.2 MB
[runlim] sample:		178.0 time, 180.9 real, 260.8 MB
[runlim] sample:		188.0 time, 190.9 real, 265.2 MB
[runlim] sample:		198.0 time, 200.9 real, 269.6 MB
[runlim] sample:		208.0 time, 210.9 real, 274.2 MB
[runlim] sample:		218.0 time, 220.9 real, 280.1 MB
[runlim] sample:		228.0 time, 230.9 real, 285.5 MB
[runlim] sample:		238.0 time, 240.9 real, 298.4 MB
[runlim] sample:		248.0 time, 250.9 real, 302.3 MB
[runlim] sample:		258.0 time, 260.9 real, 306.4 MB
[runlim] sample:		268.0 time, 270.9 real, 310.3 MB
[runlim] sample:		278.0 time, 280.9 real, 314.4 MB
[runlim] sample:		288.0 time, 290.9 real, 318.8 MB
[runlim] sample:		298.0 time, 300.9 real, 322.9 MB
CVC4 interrupted by SIGTERM.
[runlim] end:			Mon Jan 28 14:59:42 2019
[runlim] status:		out of time
[runlim] result:		2
[runlim] children:		0
[runlim] real:			302.89 seconds
[runlim] time:			300.02 seconds
[runlim] space:			322.9 MB
[runlim] samples:		3020
