[runlim] version:		1.10fixed
[runlim] time limit:		300 seconds
[runlim] real time limit:	311040000 seconds
[runlim] space limit:		4000 MB
[runlim] argv[0]:		./cvc4
[runlim] argv[1]:		--nl-ext-tplanes
[runlim] argv[2]:		/tmp/qa2CRcaV.smt2
[runlim] start:			Mon Jan 28 14:50:26 2019
[runlim] main pid:		28593
/tmp/qa2CRcaV.smt2:4.12: No set-logic command was given before this point.
/tmp/qa2CRcaV.smt2:4.12: CVC4 will make all theories available.
/tmp/qa2CRcaV.smt2:4.12: Consider setting a stricter logic for (likely) better performance.
/tmp/qa2CRcaV.smt2:4.12: To suppress this warning in the future use (set-logic ALL).
[runlim] sample:		8.9 time, 10.2 real, 219.1 MB
[runlim] sample:		17.4 time, 20.2 real, 380.8 MB
[runlim] sample:		25.4 time, 30.2 real, 494.8 MB
[runlim] sample:		33.9 time, 40.2 real, 608.2 MB
[runlim] sample:		42.7 time, 50.2 real, 730.2 MB
[runlim] sample:		50.9 time, 60.2 real, 821.4 MB
[runlim] sample:		60.4 time, 70.2 real, 925.7 MB
[runlim] sample:		70.1 time, 80.2 real, 1042.8 MB
[runlim] sample:		79.7 time, 90.2 real, 1121.4 MB
[runlim] sample:		89.4 time, 100.2 real, 1201.4 MB
[runlim] sample:		99.1 time, 110.2 real, 1284.1 MB
[runlim] sample:		108.7 time, 120.2 real, 1371.3 MB
[runlim] sample:		118.7 time, 130.2 real, 1459.2 MB
[runlim] sample:		128.6 time, 140.2 real, 1564.9 MB
[runlim] sample:		138.5 time, 150.2 real, 1605.0 MB
[runlim] sample:		148.6 time, 160.2 real, 1684.1 MB
[runlim] sample:		158.5 time, 170.2 real, 1777.9 MB
[runlim] sample:		168.5 time, 180.2 real, 1812.7 MB
[runlim] sample:		178.5 time, 190.2 real, 1899.9 MB
[runlim] sample:		188.5 time, 200.2 real, 1993.1 MB
[runlim] sample:		198.5 time, 210.2 real, 2002.9 MB
[runlim] sample:		208.5 time, 220.2 real, 2116.0 MB
[runlim] sample:		218.5 time, 230.2 real, 2215.2 MB
[runlim] sample:		228.5 time, 240.2 real, 2246.9 MB
[runlim] sample:		238.5 time, 250.2 real, 2248.4 MB
[runlim] sample:		248.5 time, 260.2 real, 2350.7 MB
[runlim] sample:		258.5 time, 270.2 real, 2435.4 MB
[runlim] sample:		268.5 time, 280.2 real, 2472.0 MB
[runlim] sample:		278.5 time, 290.2 real, 2476.4 MB
[runlim] sample:		288.5 time, 300.2 real, 2561.9 MB
[runlim] sample:		298.5 time, 310.2 real, 2600.6 MB
CVC4 interrupted by SIGTERM.
[runlim] end:			Mon Jan 28 14:55:37 2019
[runlim] status:		out of time
[runlim] result:		2
[runlim] children:		0
[runlim] real:			311.91 seconds
[runlim] time:			300.18 seconds
[runlim] space:			2644.8 MB
[runlim] samples:		3117
