[runlim] version:		1.10fixed
[runlim] time limit:		300 seconds
[runlim] real time limit:	311040000 seconds
[runlim] space limit:		4000 MB
[runlim] argv[0]:		./cvc4
[runlim] argv[1]:		--nl-ext-tplanes
[runlim] argv[2]:		/tmp/KSHxFxMt.smt2
[runlim] start:			Mon Jan 28 14:55:58 2019
[runlim] main pid:		24447
/tmp/KSHxFxMt.smt2:4.12: No set-logic command was given before this point.
/tmp/KSHxFxMt.smt2:4.12: CVC4 will make all theories available.
/tmp/KSHxFxMt.smt2:4.12: Consider setting a stricter logic for (likely) better performance.
/tmp/KSHxFxMt.smt2:4.12: To suppress this warning in the future use (set-logic ALL).
[runlim] sample:		9.3 time, 10.9 real, 58.4 MB
[runlim] sample:		19.3 time, 20.9 real, 69.2 MB
[runlim] sample:		29.2 time, 30.9 real, 77.8 MB
[runlim] sample:		38.8 time, 40.9 real, 86.4 MB
[runlim] sample:		47.9 time, 50.9 real, 91.8 MB
[runlim] sample:		57.2 time, 60.9 real, 97.9 MB
[runlim] sample:		66.4 time, 70.9 real, 105.4 MB
[runlim] sample:		76.4 time, 80.9 real, 107.2 MB
[runlim] sample:		86.4 time, 90.9 real, 112.3 MB
[runlim] sample:		96.2 time, 100.9 real, 114.9 MB
[runlim] sample:		106.2 time, 110.9 real, 118.5 MB
[runlim] sample:		116.2 time, 120.9 real, 120.8 MB
[runlim] sample:		125.6 time, 130.9 real, 124.7 MB
[runlim] sample:		135.6 time, 140.9 real, 127.8 MB
[runlim] sample:		145.6 time, 150.9 real, 132.7 MB
[runlim] sample:		155.6 time, 160.9 real, 135.5 MB
[runlim] sample:		165.5 time, 170.9 real, 136.6 MB
[runlim] sample:		175.5 time, 180.9 real, 154.1 MB
[runlim] sample:		184.9 time, 190.9 real, 155.4 MB
[runlim] sample:		194.6 time, 200.9 real, 155.9 MB
[runlim] sample:		204.2 time, 210.9 real, 156.9 MB
[runlim] sample:		213.9 time, 220.9 real, 157.5 MB
[runlim] sample:		223.5 time, 230.9 real, 157.5 MB
[runlim] sample:		232.5 time, 240.9 real, 158.7 MB
[runlim] sample:		242.3 time, 250.9 real, 160.3 MB
[runlim] sample:		252.3 time, 260.9 real, 162.9 MB
[runlim] sample:		262.3 time, 270.9 real, 164.2 MB
[runlim] sample:		272.3 time, 280.9 real, 166.7 MB
[runlim] sample:		282.3 time, 290.9 real, 168.0 MB
[runlim] sample:		292.3 time, 300.9 real, 170.9 MB
CVC4 interrupted by SIGTERM.
[runlim] end:			Mon Jan 28 15:01:06 2019
[runlim] status:		out of time
[runlim] result:		2
[runlim] children:		0
[runlim] real:			308.68 seconds
[runlim] time:			300.08 seconds
[runlim] space:			175.0 MB
[runlim] samples:		3078
