[runlim] version:		1.10fixed
[runlim] time limit:		300 seconds
[runlim] real time limit:	311040000 seconds
[runlim] space limit:		4000 MB
[runlim] argv[0]:		./cvc4
[runlim] argv[1]:		--nl-ext-tplanes
[runlim] argv[2]:		/tmp/BtFYIKg7.smt2
[runlim] start:			Tue Jan 29 11:19:29 2019
[runlim] main pid:		6985
/tmp/BtFYIKg7.smt2:4.12: No set-logic command was given before this point.
/tmp/BtFYIKg7.smt2:4.12: CVC4 will make all theories available.
/tmp/BtFYIKg7.smt2:4.12: Consider setting a stricter logic for (likely) better performance.
/tmp/BtFYIKg7.smt2:4.12: To suppress this warning in the future use (set-logic ALL).
[runlim] sample:		9.4 time, 10.2 real, 73.7 MB
[runlim] sample:		19.4 time, 20.2 real, 84.4 MB
[runlim] sample:		29.4 time, 30.2 real, 92.7 MB
[runlim] sample:		39.4 time, 40.2 real, 105.9 MB
[runlim] sample:		49.4 time, 50.2 real, 109.2 MB
[runlim] sample:		59.4 time, 60.2 real, 118.0 MB
[runlim] sample:		69.4 time, 70.2 real, 120.6 MB
[runlim] sample:		79.4 time, 80.2 real, 127.3 MB
[runlim] sample:		89.4 time, 90.2 real, 130.1 MB
[runlim] sample:		99.4 time, 100.2 real, 137.3 MB
[runlim] sample:		109.4 time, 110.2 real, 155.6 MB
[runlim] sample:		119.4 time, 120.2 real, 156.5 MB
[runlim] sample:		129.4 time, 130.2 real, 159.9 MB
[runlim] sample:		138.6 time, 140.2 real, 162.7 MB
[runlim] sample:		146.7 time, 150.2 real, 162.7 MB
[runlim] sample:		156.7 time, 160.2 real, 166.3 MB
[runlim] sample:		166.7 time, 170.2 real, 175.1 MB
[runlim] sample:		176.7 time, 180.2 real, 175.8 MB
[runlim] sample:		185.6 time, 190.2 real, 179.2 MB
[runlim] sample:		194.1 time, 200.2 real, 179.2 MB
[runlim] sample:		204.1 time, 210.2 real, 186.4 MB
[runlim] sample:		214.1 time, 220.2 real, 189.8 MB
[runlim] sample:		224.1 time, 230.2 real, 189.8 MB
[runlim] sample:		232.9 time, 240.2 real, 198.0 MB
[runlim] sample:		242.9 time, 250.2 real, 199.3 MB
[runlim] sample:		252.9 time, 260.2 real, 201.9 MB
[runlim] sample:		262.9 time, 270.2 real, 238.5 MB
[runlim] sample:		272.9 time, 280.2 real, 239.5 MB
[runlim] sample:		282.9 time, 290.2 real, 241.9 MB
[runlim] sample:		292.9 time, 300.2 real, 242.6 MB
CVC4 interrupted by SIGTERM.
[runlim] end:			Tue Jan 29 11:24:36 2019
[runlim] status:		out of time
[runlim] result:		2
[runlim] children:		0
[runlim] real:			307.41 seconds
[runlim] time:			300.10 seconds
[runlim] space:			242.6 MB
[runlim] samples:		3072
