[runlim] version:		1.10fixed
[runlim] time limit:		300 seconds
[runlim] real time limit:	311040000 seconds
[runlim] space limit:		4000 MB
[runlim] argv[0]:		./cvc4
[runlim] argv[1]:		--nl-ext-tplanes
[runlim] argv[2]:		/tmp/5Kp6kSZ0.smt2
[runlim] start:			Mon Jan 28 14:54:39 2019
[runlim] main pid:		4827
/tmp/5Kp6kSZ0.smt2:4.12: No set-logic command was given before this point.
/tmp/5Kp6kSZ0.smt2:4.12: CVC4 will make all theories available.
/tmp/5Kp6kSZ0.smt2:4.12: Consider setting a stricter logic for (likely) better performance.
/tmp/5Kp6kSZ0.smt2:4.12: To suppress this warning in the future use (set-logic ALL).
[runlim] sample:		9.2 time, 10.0 real, 175.0 MB
[runlim] sample:		18.3 time, 20.0 real, 325.3 MB
[runlim] sample:		27.6 time, 30.0 real, 473.8 MB
[runlim] sample:		37.0 time, 40.0 real, 589.5 MB
[runlim] sample:		47.0 time, 50.0 real, 714.4 MB
[runlim] sample:		56.4 time, 60.0 real, 824.3 MB
[runlim] sample:		65.4 time, 70.0 real, 896.7 MB
[runlim] sample:		75.4 time, 80.0 real, 1036.6 MB
[runlim] sample:		85.4 time, 90.0 real, 1146.3 MB
[runlim] sample:		94.8 time, 100.0 real, 1214.5 MB
[runlim] sample:		104.1 time, 110.0 real, 1303.7 MB
[runlim] sample:		113.5 time, 120.0 real, 1370.0 MB
[runlim] sample:		122.8 time, 130.0 real, 1454.8 MB
[runlim] sample:		132.4 time, 140.0 real, 1520.7 MB
[runlim] sample:		142.3 time, 150.0 real, 1611.4 MB
[runlim] sample:		152.3 time, 160.0 real, 1670.5 MB
[runlim] sample:		162.2 time, 170.0 real, 1735.4 MB
[runlim] sample:		171.8 time, 180.0 real, 1805.2 MB
[runlim] sample:		180.6 time, 190.0 real, 1879.9 MB
[runlim] sample:		190.2 time, 200.0 real, 1966.3 MB
[runlim] sample:		199.9 time, 210.0 real, 2004.7 MB
[runlim] sample:		209.5 time, 220.0 real, 2080.4 MB
[runlim] sample:		218.9 time, 230.0 real, 2110.6 MB
[runlim] sample:		228.5 time, 240.0 real, 2190.2 MB
[runlim] sample:		238.4 time, 250.0 real, 2201.5 MB
[runlim] sample:		248.2 time, 260.0 real, 2285.5 MB
[runlim] sample:		258.1 time, 270.0 real, 2369.7 MB
[runlim] sample:		267.7 time, 280.0 real, 2389.0 MB
[runlim] sample:		277.7 time, 290.0 real, 2446.8 MB
[runlim] sample:		287.4 time, 300.0 real, 2472.7 MB
[runlim] sample:		296.8 time, 310.0 real, 2567.3 MB
CVC4 interrupted by SIGTERM.
[runlim] end:			Mon Jan 28 14:59:52 2019
[runlim] status:		out of time
[runlim] result:		2
[runlim] children:		0
[runlim] real:			313.58 seconds
[runlim] time:			300.20 seconds
[runlim] space:			2573.2 MB
[runlim] samples:		3135
