[runlim] version:		1.10fixed
[runlim] time limit:		300 seconds
[runlim] real time limit:	311040000 seconds
[runlim] space limit:		4000 MB
[runlim] argv[0]:		./cvc4
[runlim] argv[1]:		--nl-ext-tplanes
[runlim] argv[2]:		/tmp/hk5OhAHr.smt2
[runlim] start:			Tue Jan 29 11:28:27 2019
[runlim] main pid:		22177
/tmp/hk5OhAHr.smt2:4.12: No set-logic command was given before this point.
/tmp/hk5OhAHr.smt2:4.12: CVC4 will make all theories available.
/tmp/hk5OhAHr.smt2:4.12: Consider setting a stricter logic for (likely) better performance.
/tmp/hk5OhAHr.smt2:4.12: To suppress this warning in the future use (set-logic ALL).
[runlim] sample:		8.3 time, 10.9 real, 78.1 MB
[runlim] sample:		18.3 time, 20.9 real, 110.1 MB
[runlim] sample:		27.1 time, 30.9 real, 126.8 MB
[runlim] sample:		35.3 time, 40.9 real, 138.9 MB
[runlim] sample:		45.3 time, 50.9 real, 153.7 MB
[runlim] sample:		55.3 time, 60.9 real, 165.6 MB
[runlim] sample:		65.3 time, 70.9 real, 178.3 MB
[runlim] sample:		74.9 time, 80.9 real, 192.2 MB
[runlim] sample:		82.5 time, 90.9 real, 199.3 MB
[runlim] sample:		91.1 time, 100.9 real, 208.8 MB
[runlim] sample:		100.5 time, 110.9 real, 215.3 MB
[runlim] sample:		109.8 time, 120.9 real, 224.3 MB
[runlim] sample:		119.1 time, 130.9 real, 229.2 MB
[runlim] sample:		128.4 time, 140.9 real, 237.2 MB
[runlim] sample:		137.8 time, 150.9 real, 243.6 MB
[runlim] sample:		147.1 time, 160.9 real, 252.9 MB
[runlim] sample:		156.4 time, 170.9 real, 258.0 MB
[runlim] sample:		165.8 time, 180.9 real, 262.9 MB
[runlim] sample:		175.1 time, 190.9 real, 267.8 MB
[runlim] sample:		184.4 time, 200.9 real, 274.0 MB
[runlim] sample:		193.7 time, 210.9 real, 278.4 MB
[runlim] sample:		203.1 time, 220.9 real, 291.1 MB
[runlim] sample:		212.6 time, 230.9 real, 295.8 MB
[runlim] sample:		221.2 time, 240.9 real, 299.9 MB
[runlim] sample:		230.7 time, 250.9 real, 305.3 MB
[runlim] sample:		240.4 time, 260.9 real, 308.9 MB
[runlim] sample:		250.4 time, 270.9 real, 312.2 MB
[runlim] sample:		259.3 time, 280.9 real, 317.6 MB
[runlim] sample:		268.3 time, 290.9 real, 323.8 MB
[runlim] sample:		278.3 time, 300.9 real, 328.5 MB
[runlim] sample:		288.3 time, 310.9 real, 335.1 MB
[runlim] end:			Tue Jan 29 11:33:46 2019
[runlim] status:		signal(9)
[runlim] result:		11
[runlim] children:		0
[runlim] real:			319.41 seconds
[runlim] time:			296.77 seconds
[runlim] space:			341.8 MB
[runlim] samples:		3185
