[runlim] version:		1.10fixed
[runlim] time limit:		300 seconds
[runlim] real time limit:	311040000 seconds
[runlim] space limit:		4000 MB
[runlim] argv[0]:		./cvc4
[runlim] argv[1]:		--nl-ext-tplanes
[runlim] argv[2]:		/tmp/wxQofYtF.smt2
[runlim] start:			Tue Jan 29 11:23:23 2019
[runlim] main pid:		1481
/tmp/wxQofYtF.smt2:4.12: No set-logic command was given before this point.
/tmp/wxQofYtF.smt2:4.12: CVC4 will make all theories available.
/tmp/wxQofYtF.smt2:4.12: Consider setting a stricter logic for (likely) better performance.
/tmp/wxQofYtF.smt2:4.12: To suppress this warning in the future use (set-logic ALL).
[runlim] sample:		8.8 time, 10.4 real, 192.2 MB
[runlim] sample:		18.8 time, 20.4 real, 318.3 MB
[runlim] sample:		28.8 time, 30.4 real, 448.8 MB
[runlim] sample:		38.8 time, 40.4 real, 544.7 MB
[runlim] sample:		48.8 time, 50.4 real, 691.3 MB
[runlim] sample:		58.8 time, 60.4 real, 798.3 MB
[runlim] sample:		68.8 time, 70.4 real, 907.1 MB
[runlim] sample:		78.8 time, 80.4 real, 956.4 MB
[runlim] sample:		88.8 time, 90.4 real, 1065.4 MB
[runlim] sample:		98.8 time, 100.4 real, 1153.8 MB
[runlim] sample:		108.8 time, 110.4 real, 1184.1 MB
[runlim] sample:		118.8 time, 120.4 real, 1196.9 MB
[runlim] sample:		128.8 time, 130.4 real, 1310.0 MB
[runlim] sample:		138.8 time, 140.4 real, 1313.6 MB
[runlim] sample:		148.8 time, 150.4 real, 1429.3 MB
[runlim] sample:		158.8 time, 160.4 real, 1442.5 MB
[runlim] sample:		168.8 time, 170.4 real, 1455.6 MB
[runlim] sample:		178.8 time, 180.4 real, 1588.8 MB
[runlim] sample:		188.8 time, 190.4 real, 1597.9 MB
[runlim] sample:		198.8 time, 200.4 real, 1605.6 MB
[runlim] sample:		208.7 time, 210.4 real, 1727.0 MB
[runlim] sample:		218.8 time, 220.4 real, 1759.5 MB
[runlim] sample:		228.6 time, 230.4 real, 1759.5 MB
[runlim] sample:		238.4 time, 240.4 real, 1760.8 MB
[runlim] sample:		248.3 time, 250.4 real, 1793.4 MB
[runlim] sample:		258.3 time, 260.4 real, 1920.7 MB
[runlim] sample:		268.3 time, 270.4 real, 1947.8 MB
[runlim] sample:		278.3 time, 280.4 real, 1947.8 MB
[runlim] sample:		288.3 time, 290.4 real, 1947.8 MB
[runlim] sample:		298.3 time, 300.4 real, 1956.0 MB
CVC4 interrupted by SIGTERM.
[runlim] end:			Tue Jan 29 11:28:25 2019
[runlim] status:		out of time
[runlim] result:		2
[runlim] children:		0
[runlim] real:			302.24 seconds
[runlim] time:			300.11 seconds
[runlim] space:			1956.8 MB
[runlim] samples:		3018
