[runlim] version:		1.10fixed
[runlim] time limit:		300 seconds
[runlim] real time limit:	311040000 seconds
[runlim] space limit:		4000 MB
[runlim] argv[0]:		./cvc4
[runlim] argv[1]:		--nl-ext-tplanes
[runlim] argv[2]:		--fmf-fun-rlv
[runlim] argv[3]:		/tmp/a16gSK1o.smt2
[runlim] start:			Tue Jan 29 12:30:27 2019
[runlim] main pid:		29831
[runlim] sample:		8.8 time, 10.6 real, 92.5 MB
[runlim] sample:		18.5 time, 20.6 real, 124.7 MB
[runlim] sample:		28.0 time, 30.6 real, 151.6 MB
[runlim] sample:		38.0 time, 40.6 real, 168.1 MB
[runlim] sample:		47.8 time, 50.6 real, 191.3 MB
[runlim] sample:		57.5 time, 60.6 real, 203.4 MB
[runlim] sample:		67.5 time, 70.6 real, 215.8 MB
[runlim] sample:		77.5 time, 80.6 real, 234.6 MB
[runlim] sample:		87.5 time, 90.6 real, 256.6 MB
[runlim] sample:		97.5 time, 100.6 real, 269.2 MB
[runlim] sample:		107.5 time, 110.6 real, 271.0 MB
[runlim] sample:		117.5 time, 120.6 real, 285.7 MB
[runlim] sample:		127.5 time, 130.6 real, 290.8 MB
[runlim] sample:		137.5 time, 140.6 real, 301.4 MB
[runlim] sample:		147.5 time, 150.6 real, 316.8 MB
[runlim] sample:		157.5 time, 160.6 real, 316.8 MB
[runlim] sample:		167.5 time, 170.6 real, 332.5 MB
[runlim] sample:		177.5 time, 180.6 real, 332.5 MB
[runlim] sample:		187.5 time, 190.6 real, 349.5 MB
[runlim] sample:		197.5 time, 200.6 real, 349.5 MB
[runlim] sample:		207.5 time, 210.6 real, 355.5 MB
[runlim] sample:		217.5 time, 220.6 real, 369.1 MB
[runlim] sample:		227.5 time, 230.6 real, 369.1 MB
[runlim] sample:		237.5 time, 240.6 real, 386.6 MB
[runlim] sample:		247.5 time, 250.6 real, 386.6 MB
[runlim] sample:		257.5 time, 260.6 real, 401.9 MB
[runlim] sample:		267.5 time, 270.6 real, 413.2 MB
[runlim] sample:		277.5 time, 280.6 real, 413.2 MB
[runlim] sample:		287.5 time, 290.6 real, 420.7 MB
[runlim] sample:		297.5 time, 300.6 real, 452.6 MB
CVC4 interrupted by SIGTERM.
[runlim] end:			Tue Jan 29 12:35:30 2019
[runlim] status:		out of time
[runlim] result:		2
[runlim] children:		0
[runlim] real:			303.22 seconds
[runlim] time:			300.07 seconds
[runlim] space:			459.9 MB
[runlim] samples:		3026
