[runlim] version:		1.10fixed
[runlim] time limit:		300 seconds
[runlim] real time limit:	311040000 seconds
[runlim] space limit:		4000 MB
[runlim] argv[0]:		./cvc4
[runlim] argv[1]:		--nl-ext-tplanes
[runlim] argv[2]:		--fmf-fun-rlv
[runlim] argv[3]:		/tmp/M8DDqA8z.smt2
[runlim] start:			Tue Jan 29 11:54:54 2019
[runlim] main pid:		23517
[runlim] sample:		8.9 time, 10.4 real, 166.3 MB
[runlim] sample:		17.5 time, 20.4 real, 260.0 MB
[runlim] sample:		27.5 time, 30.4 real, 406.1 MB
[runlim] sample:		37.5 time, 40.4 real, 425.5 MB
[runlim] sample:		47.5 time, 50.4 real, 426.0 MB
[runlim] sample:		57.5 time, 60.4 real, 561.0 MB
[runlim] sample:		67.5 time, 70.4 real, 564.1 MB
[runlim] sample:		77.5 time, 80.4 real, 713.1 MB
[runlim] sample:		87.5 time, 90.4 real, 835.5 MB
[runlim] sample:		97.5 time, 100.4 real, 861.5 MB
[runlim] sample:		107.5 time, 110.4 real, 869.5 MB
[runlim] sample:		117.5 time, 120.4 real, 869.5 MB
[runlim] sample:		127.5 time, 130.4 real, 870.5 MB
[runlim] sample:		137.5 time, 140.4 real, 870.5 MB
[runlim] sample:		147.5 time, 150.4 real, 870.5 MB
[runlim] sample:		157.5 time, 160.4 real, 1127.9 MB
[runlim] sample:		167.5 time, 170.4 real, 1129.2 MB
[runlim] sample:		177.5 time, 180.4 real, 1130.8 MB
[runlim] sample:		187.5 time, 190.4 real, 1132.3 MB
[runlim] sample:		197.5 time, 200.4 real, 1133.6 MB
[runlim] sample:		207.5 time, 210.4 real, 1134.9 MB
[runlim] sample:		217.5 time, 220.4 real, 1136.2 MB
[runlim] sample:		227.5 time, 230.4 real, 1137.2 MB
[runlim] sample:		237.5 time, 240.4 real, 1138.2 MB
[runlim] sample:		247.5 time, 250.4 real, 1139.0 MB
[runlim] sample:		257.5 time, 260.4 real, 1140.0 MB
[runlim] sample:		267.5 time, 270.4 real, 1140.8 MB
[runlim] sample:		277.5 time, 280.4 real, 1141.9 MB
[runlim] sample:		287.5 time, 290.4 real, 1214.6 MB
[runlim] sample:		297.5 time, 300.4 real, 1518.5 MB
CVC4 interrupted by SIGTERM.
[runlim] end:			Tue Jan 29 11:59:57 2019
[runlim] status:		out of time
[runlim] result:		2
[runlim] children:		0
[runlim] real:			303.05 seconds
[runlim] time:			300.08 seconds
[runlim] space:			1598.2 MB
[runlim] samples:		3026
