[runlim] version:		1.10fixed
[runlim] time limit:		300 seconds
[runlim] real time limit:	311040000 seconds
[runlim] space limit:		4000 MB
[runlim] argv[0]:		./cvc4
[runlim] argv[1]:		--nl-ext-tplanes
[runlim] argv[2]:		--fmf-fun-rlv
[runlim] argv[3]:		/tmp/3rpq8ZQd.smt2
[runlim] start:			Mon Jan 28 15:52:03 2019
[runlim] main pid:		2135
[runlim] sample:		9.5 time, 10.0 real, 111.9 MB
[runlim] sample:		19.2 time, 20.0 real, 225.4 MB
[runlim] sample:		28.3 time, 30.0 real, 267.7 MB
[runlim] sample:		37.9 time, 40.0 real, 468.3 MB
[runlim] sample:		46.8 time, 50.0 real, 547.9 MB
[runlim] sample:		56.8 time, 60.0 real, 560.5 MB
[runlim] sample:		66.8 time, 70.0 real, 560.5 MB
[runlim] sample:		76.8 time, 80.0 real, 707.2 MB
[runlim] sample:		86.8 time, 90.0 real, 1053.6 MB
[runlim] sample:		96.8 time, 100.0 real, 1427.6 MB
[runlim] sample:		106.8 time, 110.0 real, 1622.0 MB
[runlim] sample:		115.8 time, 120.0 real, 1683.3 MB
[runlim] sample:		124.3 time, 130.0 real, 1737.9 MB
[runlim] sample:		133.5 time, 140.0 real, 1738.1 MB
[runlim] end:			Mon Jan 28 15:54:25 2019
[runlim] status:		ok
[runlim] result:		0
[runlim] children:		0
[runlim] real:			142.18 seconds
[runlim] time:			135.08 seconds
[runlim] space:			1738.1 MB
[runlim] samples:		1421
