[runlim] version:		1.10fixed
[runlim] time limit:		300 seconds
[runlim] real time limit:	311040000 seconds
[runlim] space limit:		4000 MB
[runlim] argv[0]:		./cvc4
[runlim] argv[1]:		--nl-ext-tplanes
[runlim] argv[2]:		--fmf-fun-rlv
[runlim] argv[3]:		/tmp/f9rh1DGu.smt2
[runlim] start:			Mon Jan 28 10:33:26 2019
[runlim] main pid:		9192
[runlim] sample:		8.5 time, 10.1 real, 131.3 MB
[runlim] sample:		17.2 time, 20.1 real, 180.7 MB
[runlim] sample:		26.9 time, 30.1 real, 224.1 MB
[runlim] sample:		36.9 time, 40.1 real, 279.1 MB
[runlim] sample:		46.4 time, 50.1 real, 328.5 MB
[runlim] sample:		55.9 time, 60.1 real, 328.5 MB
[runlim] sample:		65.9 time, 70.1 real, 380.4 MB
[runlim] sample:		75.9 time, 80.1 real, 391.2 MB
[runlim] sample:		85.9 time, 90.1 real, 440.6 MB
[runlim] sample:		95.9 time, 100.1 real, 473.3 MB
[runlim] sample:		105.0 time, 110.1 real, 473.3 MB
[runlim] sample:		115.0 time, 120.1 real, 473.3 MB
[runlim] sample:		125.0 time, 130.1 real, 529.5 MB
[runlim] sample:		134.8 time, 140.1 real, 546.5 MB
[runlim] sample:		144.4 time, 150.1 real, 546.5 MB
[runlim] sample:		154.1 time, 160.1 real, 546.5 MB
[runlim] sample:		163.9 time, 170.1 real, 587.7 MB
[runlim] sample:		173.9 time, 180.1 real, 625.6 MB
[runlim] sample:		183.6 time, 190.1 real, 625.6 MB
[runlim] sample:		193.2 time, 200.1 real, 625.6 MB
[runlim] sample:		202.9 time, 210.1 real, 625.6 MB
[runlim] sample:		212.6 time, 220.1 real, 689.1 MB
[runlim] sample:		221.3 time, 230.1 real, 689.1 MB
[runlim] sample:		230.5 time, 240.1 real, 726.4 MB
[runlim] sample:		239.2 time, 250.1 real, 726.4 MB
[runlim] sample:		248.8 time, 260.1 real, 726.4 MB
[runlim] sample:		258.2 time, 270.1 real, 726.4 MB
[runlim] sample:		267.1 time, 280.1 real, 726.4 MB
[runlim] sample:		276.7 time, 290.1 real, 811.5 MB
[runlim] sample:		285.8 time, 300.1 real, 813.5 MB
[runlim] sample:		295.8 time, 310.1 real, 853.7 MB
CVC4 interrupted by SIGTERM.
[runlim] end:			Mon Jan 28 10:38:40 2019
[runlim] status:		out of time
[runlim] result:		2
[runlim] children:		0
[runlim] real:			314.55 seconds
[runlim] time:			300.02 seconds
[runlim] space:			853.7 MB
[runlim] samples:		3144
