[runlim] version:		1.10fixed
[runlim] time limit:		300 seconds
[runlim] real time limit:	311040000 seconds
[runlim] space limit:		4000 MB
[runlim] argv[0]:		./cvc4
[runlim] argv[1]:		--nl-ext-tplanes
[runlim] argv[2]:		--fmf-fun-rlv
[runlim] argv[3]:		/tmp/AbGaKpAv.smt2
[runlim] start:			Mon Jan 28 10:29:24 2019
[runlim] main pid:		17681
[runlim] sample:		9.1 time, 10.8 real, 159.2 MB
[runlim] sample:		18.7 time, 20.9 real, 268.5 MB
[runlim] sample:		28.2 time, 30.8 real, 416.8 MB
[runlim] sample:		36.8 time, 40.8 real, 432.5 MB
[runlim] sample:		46.1 time, 50.8 real, 435.6 MB
[runlim] sample:		55.4 time, 60.8 real, 568.8 MB
[runlim] sample:		64.2 time, 70.8 real, 571.8 MB
[runlim] sample:		73.7 time, 80.8 real, 573.9 MB
[runlim] sample:		83.4 time, 90.8 real, 623.7 MB
[runlim] sample:		92.3 time, 100.8 real, 846.7 MB
[runlim] sample:		100.1 time, 110.8 real, 846.7 MB
[runlim] sample:		108.4 time, 120.8 real, 872.0 MB
[runlim] sample:		116.7 time, 130.8 real, 880.8 MB
[runlim] sample:		125.5 time, 140.8 real, 880.8 MB
[runlim] sample:		135.0 time, 150.8 real, 880.8 MB
[runlim] sample:		145.0 time, 160.8 real, 881.5 MB
[runlim] sample:		155.0 time, 170.8 real, 881.5 MB
[runlim] sample:		165.0 time, 180.8 real, 1036.4 MB
[runlim] sample:		175.0 time, 190.8 real, 1139.8 MB
[runlim] sample:		185.0 time, 200.8 real, 1141.6 MB
[runlim] sample:		195.0 time, 210.8 real, 1143.1 MB
[runlim] sample:		205.0 time, 220.8 real, 1144.4 MB
[runlim] sample:		215.0 time, 230.8 real, 1145.7 MB
[runlim] sample:		225.0 time, 240.8 real, 1146.7 MB
[runlim] sample:		235.0 time, 250.8 real, 1148.0 MB
[runlim] sample:		244.8 time, 260.8 real, 1148.8 MB
[runlim] sample:		254.4 time, 270.8 real, 1149.8 MB
[runlim] sample:		264.1 time, 280.8 real, 1150.6 MB
[runlim] sample:		273.8 time, 290.8 real, 1151.6 MB
[runlim] sample:		283.2 time, 300.8 real, 1152.4 MB
[runlim] sample:		292.8 time, 310.8 real, 1153.2 MB
CVC4 interrupted by SIGTERM.
[runlim] end:			Mon Jan 28 10:34:42 2019
[runlim] status:		out of time
[runlim] result:		2
[runlim] children:		0
[runlim] real:			318.42 seconds
[runlim] time:			300.03 seconds
[runlim] space:			1188.7 MB
[runlim] samples:		3175
