[runlim] version:		1.10fixed
[runlim] time limit:		300 seconds
[runlim] real time limit:	311040000 seconds
[runlim] space limit:		4000 MB
[runlim] argv[0]:		./cvc4
[runlim] argv[1]:		--nl-ext-tplanes
[runlim] argv[2]:		--fmf-fun-rlv
[runlim] argv[3]:		/tmp/dv9gag7N.smt2
[runlim] start:			Mon Jan 28 15:51:04 2019
[runlim] main pid:		25320
[runlim] sample:		8.4 time, 10.5 real, 114.4 MB
[runlim] sample:		17.6 time, 20.5 real, 250.4 MB
[runlim] sample:		27.6 time, 30.5 real, 431.2 MB
[runlim] sample:		37.6 time, 40.5 real, 587.8 MB
[runlim] sample:		46.6 time, 50.5 real, 605.6 MB
[runlim] sample:		54.6 time, 60.5 real, 606.6 MB
[runlim] sample:		62.7 time, 70.5 real, 625.9 MB
[runlim] sample:		72.7 time, 80.5 real, 967.7 MB
[runlim] sample:		82.7 time, 90.5 real, 1349.2 MB
[runlim] sample:		92.7 time, 100.5 real, 1656.8 MB
[runlim] sample:		102.7 time, 110.5 real, 1955.1 MB
[runlim] sample:		112.7 time, 120.5 real, 2064.0 MB
[runlim] sample:		122.7 time, 130.5 real, 2072.5 MB
[runlim] sample:		132.7 time, 140.5 real, 2074.6 MB
[runlim] sample:		142.7 time, 150.5 real, 2078.7 MB
[runlim] sample:		152.7 time, 160.5 real, 2099.1 MB
[runlim] sample:		162.7 time, 170.5 real, 2471.6 MB
[runlim] sample:		172.7 time, 180.5 real, 2631.5 MB
[runlim] sample:		182.7 time, 190.5 real, 2680.7 MB
[runlim] sample:		192.7 time, 200.5 real, 2685.4 MB
[runlim] sample:		202.6 time, 210.5 real, 2699.0 MB
[runlim] sample:		212.6 time, 220.5 real, 2699.0 MB
[runlim] sample:		222.6 time, 230.5 real, 2713.2 MB
[runlim] sample:		232.6 time, 240.5 real, 2713.2 MB
[runlim] sample:		242.6 time, 250.5 real, 2713.2 MB
[runlim] sample:		252.6 time, 260.5 real, 2713.2 MB
[runlim] sample:		262.6 time, 270.5 real, 2713.2 MB
[runlim] sample:		272.6 time, 280.5 real, 2713.2 MB
[runlim] sample:		282.6 time, 290.5 real, 2713.2 MB
[runlim] sample:		292.6 time, 300.5 real, 2713.7 MB
CVC4 interrupted by SIGTERM.
[runlim] end:			Mon Jan 28 15:56:12 2019
[runlim] status:		out of time
[runlim] result:		2
[runlim] children:		0
[runlim] real:			308.05 seconds
[runlim] time:			300.14 seconds
[runlim] space:			2713.7 MB
[runlim] samples:		3075
