[runlim] version:		1.10fixed
[runlim] time limit:		300 seconds
[runlim] real time limit:	311040000 seconds
[runlim] space limit:		4000 MB
[runlim] argv[0]:		./cvc4
[runlim] argv[1]:		--nl-ext-tplanes
[runlim] argv[2]:		--fmf-fun-rlv
[runlim] argv[3]:		/tmp/puq8PFn8.smt2
[runlim] start:			Tue Jan 29 12:32:24 2019
[runlim] main pid:		3652
[runlim] sample:		8.7 time, 10.5 real, 134.4 MB
[runlim] sample:		17.6 time, 20.5 real, 253.3 MB
[runlim] sample:		26.6 time, 30.5 real, 430.7 MB
[runlim] sample:		36.6 time, 40.5 real, 586.0 MB
[runlim] sample:		46.3 time, 50.5 real, 605.8 MB
[runlim] sample:		55.4 time, 60.5 real, 606.6 MB
[runlim] sample:		63.3 time, 70.5 real, 644.5 MB
[runlim] sample:		71.2 time, 80.5 real, 923.5 MB
[runlim] sample:		79.3 time, 90.5 real, 1239.0 MB
[runlim] sample:		88.6 time, 100.5 real, 1521.5 MB
[runlim] sample:		98.6 time, 110.5 real, 1817.5 MB
[runlim] sample:		108.6 time, 120.5 real, 2061.8 MB
[runlim] sample:		118.0 time, 130.5 real, 2065.9 MB
[runlim] sample:		127.3 time, 140.5 real, 2074.1 MB
[runlim] sample:		136.6 time, 150.5 real, 2077.2 MB
[runlim] sample:		145.9 time, 160.5 real, 2079.8 MB
[runlim] sample:		155.2 time, 170.5 real, 2131.4 MB
[runlim] sample:		163.7 time, 180.5 real, 2459.0 MB
[runlim] sample:		173.0 time, 190.5 real, 2631.6 MB
[runlim] sample:		182.2 time, 200.5 real, 2632.6 MB
[runlim] sample:		191.2 time, 210.5 real, 2682.4 MB
[runlim] sample:		200.2 time, 220.5 real, 2697.6 MB
[runlim] sample:		209.2 time, 230.5 real, 2697.6 MB
[runlim] sample:		218.1 time, 240.5 real, 2699.9 MB
[runlim] sample:		226.7 time, 250.5 real, 2711.2 MB
[runlim] sample:		235.5 time, 260.5 real, 2711.2 MB
[runlim] sample:		244.9 time, 270.5 real, 2711.2 MB
[runlim] sample:		254.9 time, 280.5 real, 2711.2 MB
[runlim] sample:		264.9 time, 290.5 real, 2711.2 MB
[runlim] sample:		274.9 time, 300.5 real, 2711.2 MB
[runlim] sample:		284.9 time, 310.5 real, 2711.2 MB
[runlim] sample:		294.9 time, 320.5 real, 2713.3 MB
CVC4 interrupted by SIGTERM.
[runlim] end:			Tue Jan 29 12:37:49 2019
[runlim] status:		out of time
[runlim] result:		2
[runlim] children:		0
[runlim] real:			325.76 seconds
[runlim] time:			300.11 seconds
[runlim] space:			2713.3 MB
[runlim] samples:		3252
