[runlim] version:		1.10fixed
[runlim] time limit:		300 seconds
[runlim] real time limit:	311040000 seconds
[runlim] space limit:		4000 MB
[runlim] argv[0]:		./cvc4
[runlim] argv[1]:		--nl-ext-tplanes
[runlim] argv[2]:		--fmf-fun-rlv
[runlim] argv[3]:		/tmp/8KgvEut4.smt2
[runlim] start:			Mon Jan 28 15:55:34 2019
[runlim] main pid:		12972
[runlim] sample:		9.3 time, 10.1 real, 173.4 MB
[runlim] sample:		18.5 time, 20.1 real, 277.4 MB
[runlim] sample:		26.4 time, 30.1 real, 290.8 MB
[runlim] sample:		35.6 time, 40.1 real, 551.6 MB
[runlim] sample:		44.4 time, 50.1 real, 831.2 MB
[runlim] sample:		54.4 time, 60.1 real, 839.5 MB
[runlim] sample:		64.3 time, 70.1 real, 913.0 MB
[runlim] sample:		74.3 time, 80.1 real, 992.7 MB
[runlim] sample:		84.2 time, 90.1 real, 1010.2 MB
[runlim] sample:		92.6 time, 100.1 real, 1010.5 MB
[runlim] sample:		101.9 time, 110.1 real, 1010.5 MB
[runlim] sample:		111.9 time, 120.1 real, 1374.7 MB
[runlim] sample:		120.5 time, 130.1 real, 1628.4 MB
[runlim] sample:		130.4 time, 140.1 real, 1922.8 MB
[runlim] sample:		139.4 time, 150.1 real, 2349.6 MB
[runlim] sample:		148.5 time, 160.1 real, 2632.4 MB
[runlim] sample:		157.3 time, 170.1 real, 2712.6 MB
[runlim] sample:		165.2 time, 180.1 real, 2715.4 MB
[runlim] sample:		173.2 time, 190.1 real, 2720.9 MB
[runlim] sample:		181.6 time, 200.1 real, 2720.9 MB
[runlim] sample:		190.1 time, 210.1 real, 2721.4 MB
[runlim] sample:		199.5 time, 220.1 real, 2721.9 MB
[runlim] sample:		208.0 time, 230.1 real, 2729.9 MB
[runlim] sample:		216.9 time, 240.1 real, 2804.1 MB
[runlim] sample:		226.1 time, 250.1 real, 2974.5 MB
[runlim] sample:		234.8 time, 260.1 real, 3140.3 MB
[runlim] sample:		242.0 time, 270.1 real, 3236.5 MB
[runlim] sample:		251.3 time, 280.1 real, 3300.6 MB
[runlim] sample:		261.3 time, 290.1 real, 3377.5 MB
[runlim] sample:		271.3 time, 300.1 real, 3379.8 MB
[runlim] sample:		279.5 time, 310.1 real, 3389.8 MB
[runlim] sample:		287.9 time, 320.1 real, 3396.8 MB
[runlim] sample:		296.7 time, 330.1 real, 3398.1 MB
CVC4 interrupted by SIGTERM.
[runlim] end:			Mon Jan 28 16:01:08 2019
[runlim] status:		out of time
[runlim] result:		2
[runlim] children:		0
[runlim] real:			334.10 seconds
[runlim] time:			300.19 seconds
[runlim] space:			3398.3 MB
[runlim] samples:		3339
