[runlim] version:		1.10fixed
[runlim] time limit:		300 seconds
[runlim] real time limit:	311040000 seconds
[runlim] space limit:		4000 MB
[runlim] argv[0]:		./cvc4
[runlim] argv[1]:		--nl-ext-tplanes
[runlim] argv[2]:		--fmf-fun-rlv
[runlim] argv[3]:		/tmp/Q8r5miPy.smt2
[runlim] start:			Mon Jan 28 10:33:29 2019
[runlim] main pid:		10589
[runlim] sample:		8.9 time, 10.6 real, 118.2 MB
[runlim] sample:		17.4 time, 20.6 real, 196.7 MB
[runlim] sample:		27.4 time, 30.6 real, 329.8 MB
[runlim] sample:		37.3 time, 40.6 real, 360.2 MB
[runlim] sample:		47.1 time, 50.6 real, 361.5 MB
[runlim] sample:		57.0 time, 60.6 real, 371.6 MB
[runlim] sample:		66.6 time, 70.6 real, 373.9 MB
[runlim] sample:		75.5 time, 80.6 real, 461.6 MB
[runlim] sample:		84.5 time, 90.6 real, 601.8 MB
[runlim] sample:		93.6 time, 100.6 real, 623.2 MB
[runlim] sample:		103.4 time, 110.6 real, 626.3 MB
[runlim] sample:		113.4 time, 120.6 real, 631.5 MB
[runlim] sample:		123.4 time, 130.6 real, 631.5 MB
[runlim] sample:		132.8 time, 140.6 real, 632.3 MB
[runlim] sample:		142.4 time, 150.6 real, 632.3 MB
[runlim] sample:		152.1 time, 160.6 real, 645.9 MB
[runlim] sample:		162.0 time, 170.6 real, 647.5 MB
[runlim] sample:		172.0 time, 180.6 real, 649.3 MB
[runlim] sample:		182.0 time, 190.6 real, 650.6 MB
[runlim] sample:		192.0 time, 200.6 real, 651.6 MB
[runlim] sample:		202.0 time, 210.6 real, 652.6 MB
[runlim] sample:		212.0 time, 220.6 real, 653.7 MB
[runlim] sample:		222.0 time, 230.6 real, 654.7 MB
[runlim] sample:		232.0 time, 240.6 real, 655.5 MB
[runlim] sample:		242.0 time, 250.6 real, 786.1 MB
[runlim] sample:		252.0 time, 260.6 real, 991.9 MB
[runlim] sample:		262.0 time, 270.6 real, 992.2 MB
[runlim] sample:		272.0 time, 280.6 real, 992.2 MB
[runlim] sample:		282.0 time, 290.6 real, 1058.7 MB
[runlim] sample:		292.0 time, 300.6 real, 1044.1 MB
CVC4 interrupted by SIGTERM.
[runlim] end:			Mon Jan 28 10:38:37 2019
[runlim] status:		out of time
[runlim] result:		2
[runlim] children:		0
[runlim] real:			308.70 seconds
[runlim] time:			300.10 seconds
[runlim] space:			1058.7 MB
[runlim] samples:		3081
