[runlim] version:		1.10fixed
[runlim] time limit:		300 seconds
[runlim] real time limit:	311040000 seconds
[runlim] space limit:		4000 MB
[runlim] argv[0]:		./cvc4
[runlim] argv[1]:		--nl-ext-tplanes
[runlim] argv[2]:		--fmf-fun-rlv
[runlim] argv[3]:		/tmp/m6w93dDE.smt2
[runlim] start:			Mon Jan 28 15:52:33 2019
[runlim] main pid:		19359
[runlim] sample:		8.0 time, 10.2 real, 99.0 MB
[runlim] sample:		16.3 time, 20.2 real, 153.3 MB
[runlim] sample:		25.8 time, 30.2 real, 208.5 MB
[runlim] sample:		35.8 time, 40.2 real, 233.6 MB
[runlim] sample:		45.5 time, 50.2 real, 289.9 MB
[runlim] sample:		55.4 time, 60.2 real, 289.9 MB
[runlim] sample:		65.3 time, 70.2 real, 289.9 MB
[runlim] sample:		75.0 time, 80.2 real, 369.7 MB
[runlim] sample:		83.4 time, 90.2 real, 386.1 MB
[runlim] sample:		93.1 time, 100.2 real, 388.2 MB
[runlim] sample:		102.7 time, 110.2 real, 388.2 MB
[runlim] sample:		112.4 time, 120.2 real, 388.2 MB
[runlim] sample:		122.0 time, 130.2 real, 388.2 MB
[runlim] sample:		131.7 time, 140.2 real, 388.2 MB
[runlim] sample:		141.3 time, 150.2 real, 483.3 MB
[runlim] sample:		151.0 time, 160.2 real, 497.8 MB
[runlim] sample:		160.7 time, 170.2 real, 502.1 MB
[runlim] sample:		170.3 time, 180.2 real, 502.1 MB
[runlim] sample:		180.2 time, 190.2 real, 502.1 MB
[runlim] sample:		190.2 time, 200.2 real, 502.1 MB
[runlim] sample:		200.2 time, 210.2 real, 502.1 MB
[runlim] sample:		210.2 time, 220.2 real, 502.1 MB
[runlim] sample:		220.2 time, 230.2 real, 502.1 MB
[runlim] sample:		230.2 time, 240.2 real, 502.1 MB
[runlim] sample:		240.2 time, 250.2 real, 512.7 MB
[runlim] sample:		250.2 time, 260.2 real, 631.5 MB
[runlim] sample:		260.2 time, 270.2 real, 631.5 MB
[runlim] sample:		270.2 time, 280.2 real, 634.8 MB
[runlim] sample:		280.2 time, 290.2 real, 634.8 MB
[runlim] sample:		290.2 time, 300.2 real, 634.8 MB
[runlim] end:			Mon Jan 28 15:57:42 2019
[runlim] status:		signal(9)
[runlim] result:		11
[runlim] children:		0
[runlim] real:			309.20 seconds
[runlim] time:			299.16 seconds
[runlim] space:			634.8 MB
[runlim] samples:		3090
