[runlim] version:		1.10fixed
[runlim] time limit:		300 seconds
[runlim] real time limit:	311040000 seconds
[runlim] space limit:		4000 MB
[runlim] argv[0]:		./cvc4
[runlim] argv[1]:		--nl-ext-tplanes
[runlim] argv[2]:		--fmf-fun-rlv
[runlim] argv[3]:		/tmp/gnT1oQDh.smt2
[runlim] start:			Mon Jan 28 15:52:58 2019
[runlim] main pid:		14341
[runlim] sample:		9.6 time, 10.6 real, 73.9 MB
[runlim] sample:		19.3 time, 20.6 real, 124.3 MB
[runlim] sample:		27.8 time, 30.6 real, 167.4 MB
[runlim] sample:		36.8 time, 40.6 real, 214.6 MB
[runlim] sample:		45.1 time, 50.6 real, 259.8 MB
[runlim] sample:		53.4 time, 60.6 real, 300.5 MB
[runlim] sample:		61.4 time, 70.6 real, 342.6 MB
[runlim] sample:		70.2 time, 80.6 real, 384.6 MB
[runlim] sample:		79.8 time, 90.6 real, 437.3 MB
[runlim] sample:		89.5 time, 100.6 real, 480.5 MB
[runlim] sample:		99.2 time, 110.6 real, 515.8 MB
[runlim] sample:		108.9 time, 120.6 real, 561.5 MB
[runlim] sample:		118.8 time, 130.6 real, 612.4 MB
[runlim] sample:		128.8 time, 140.6 real, 661.8 MB
[runlim] sample:		138.8 time, 150.6 real, 710.5 MB
[runlim] sample:		148.5 time, 160.6 real, 758.4 MB
[runlim] sample:		158.4 time, 170.6 real, 819.5 MB
[runlim] sample:		168.2 time, 180.6 real, 876.2 MB
[runlim] sample:		177.8 time, 190.6 real, 916.4 MB
[runlim] sample:		187.3 time, 200.6 real, 951.3 MB
[runlim] sample:		196.7 time, 210.6 real, 994.4 MB
[runlim] sample:		206.3 time, 220.6 real, 1040.0 MB
[runlim] sample:		216.2 time, 230.6 real, 1085.7 MB
[runlim] sample:		225.9 time, 240.6 real, 1133.8 MB
[runlim] sample:		235.2 time, 250.6 real, 1180.0 MB
[runlim] sample:		245.2 time, 260.6 real, 1230.5 MB
[runlim] sample:		255.2 time, 270.6 real, 1282.1 MB
[runlim] sample:		263.4 time, 280.6 real, 1326.7 MB
[runlim] sample:		272.9 time, 290.6 real, 1339.0 MB
[runlim] sample:		281.8 time, 300.6 real, 1376.2 MB
[runlim] sample:		291.7 time, 310.6 real, 1421.4 MB
CVC4 interrupted by SIGTERM.
[runlim] end:			Mon Jan 28 15:58:16 2019
[runlim] status:		out of time
[runlim] result:		2
[runlim] children:		0
[runlim] real:			318.96 seconds
[runlim] time:			300.04 seconds
[runlim] space:			1458.6 MB
[runlim] samples:		3183
