[runlim] version:		1.10fixed
[runlim] time limit:		300 seconds
[runlim] real time limit:	311040000 seconds
[runlim] space limit:		4000 MB
[runlim] argv[0]:		./cvc4
[runlim] argv[1]:		--nl-ext-tplanes
[runlim] argv[2]:		--fmf-fun-rlv
[runlim] argv[3]:		/tmp/oQxR6AGa.smt2
[runlim] start:			Mon Jan 28 15:51:04 2019
[runlim] main pid:		10409
[runlim] sample:		9.4 time, 10.2 real, 142.4 MB
[runlim] sample:		19.4 time, 20.2 real, 279.0 MB
[runlim] sample:		27.8 time, 30.2 real, 281.8 MB
[runlim] sample:		36.3 time, 40.2 real, 408.0 MB
[runlim] sample:		44.5 time, 50.2 real, 408.5 MB
[runlim] sample:		54.1 time, 60.2 real, 411.9 MB
[runlim] sample:		64.1 time, 70.2 real, 443.6 MB
[runlim] sample:		73.2 time, 80.2 real, 591.3 MB
[runlim] sample:		83.2 time, 90.2 real, 591.3 MB
[runlim] sample:		93.2 time, 100.2 real, 594.7 MB
[runlim] sample:		103.2 time, 110.2 real, 596.0 MB
[runlim] sample:		113.2 time, 120.2 real, 596.0 MB
[runlim] sample:		123.0 time, 130.2 real, 596.0 MB
[runlim] sample:		133.0 time, 140.2 real, 617.6 MB
[runlim] sample:		142.8 time, 150.2 real, 835.9 MB
[runlim] sample:		152.6 time, 160.2 real, 878.3 MB
[runlim] sample:		162.0 time, 170.2 real, 878.3 MB
[runlim] sample:		172.0 time, 180.2 real, 878.3 MB
[runlim] sample:		182.0 time, 190.2 real, 878.3 MB
[runlim] sample:		192.0 time, 200.2 real, 879.4 MB
[runlim] sample:		202.0 time, 210.2 real, 879.4 MB
[runlim] sample:		212.0 time, 220.2 real, 888.7 MB
[runlim] sample:		222.0 time, 230.2 real, 888.7 MB
[runlim] sample:		232.0 time, 240.2 real, 888.7 MB
[runlim] sample:		242.0 time, 250.2 real, 888.7 MB
[runlim] sample:		252.0 time, 260.2 real, 888.7 MB
[runlim] sample:		262.0 time, 270.2 real, 888.7 MB
[runlim] sample:		272.0 time, 280.2 real, 888.7 MB
[runlim] sample:		282.0 time, 290.2 real, 897.2 MB
[runlim] sample:		291.0 time, 300.2 real, 908.0 MB
CVC4 interrupted by SIGTERM.
[runlim] end:			Mon Jan 28 15:56:13 2019
[runlim] status:		out of time
[runlim] result:		2
[runlim] children:		0
[runlim] real:			309.77 seconds
[runlim] time:			300.03 seconds
[runlim] space:			1073.2 MB
[runlim] samples:		3095
