[runlim] version:		1.10fixed
[runlim] time limit:		300 seconds
[runlim] real time limit:	311040000 seconds
[runlim] space limit:		4000 MB
[runlim] argv[0]:		./cvc4
[runlim] argv[1]:		--nl-ext-tplanes
[runlim] argv[2]:		--fmf-fun-rlv
[runlim] argv[3]:		/tmp/aqR5ncne.smt2
[runlim] start:			Tue Jan 29 12:34:02 2019
[runlim] main pid:		25462
[runlim] sample:		8.2 time, 10.6 real, 147.0 MB
[runlim] sample:		18.0 time, 20.6 real, 317.3 MB
[runlim] sample:		25.6 time, 30.6 real, 346.3 MB
[runlim] sample:		35.2 time, 40.6 real, 511.8 MB
[runlim] sample:		45.1 time, 50.6 real, 535.3 MB
[runlim] sample:		53.8 time, 60.6 real, 777.9 MB
[runlim] sample:		63.2 time, 70.6 real, 862.0 MB
[runlim] sample:		72.2 time, 80.6 real, 867.1 MB
[runlim] sample:		80.3 time, 90.6 real, 874.6 MB
[runlim] sample:		88.7 time, 100.6 real, 874.6 MB
[runlim] sample:		96.9 time, 110.6 real, 874.6 MB
[runlim] sample:		105.2 time, 120.6 real, 875.4 MB
[runlim] sample:		113.8 time, 130.6 real, 875.4 MB
[runlim] sample:		122.1 time, 140.6 real, 1077.2 MB
[runlim] sample:		131.2 time, 150.6 real, 1286.8 MB
[runlim] sample:		139.7 time, 160.6 real, 1288.8 MB
[runlim] sample:		149.1 time, 170.6 real, 1290.6 MB
[runlim] sample:		158.5 time, 180.6 real, 1292.4 MB
[runlim] sample:		168.1 time, 190.6 real, 1294.0 MB
[runlim] sample:		176.8 time, 200.6 real, 1295.0 MB
[runlim] sample:		185.9 time, 210.6 real, 1296.3 MB
[runlim] sample:		195.3 time, 220.6 real, 1297.3 MB
[runlim] sample:		204.3 time, 230.6 real, 1298.4 MB
[runlim] sample:		212.5 time, 240.6 real, 1299.1 MB
[runlim] sample:		220.8 time, 250.6 real, 1299.9 MB
[runlim] sample:		228.8 time, 260.6 real, 1300.7 MB
[runlim] sample:		237.2 time, 270.6 real, 1301.5 MB
[runlim] sample:		246.7 time, 280.6 real, 1302.2 MB
[runlim] sample:		256.7 time, 290.6 real, 1318.5 MB
[runlim] sample:		266.7 time, 300.6 real, 1435.6 MB
[runlim] sample:		276.7 time, 310.6 real, 1729.3 MB
[runlim] sample:		286.7 time, 320.6 real, 2068.4 MB
[runlim] sample:		296.7 time, 330.6 real, 2125.5 MB
CVC4 interrupted by SIGTERM.
[runlim] end:			Tue Jan 29 12:39:36 2019
[runlim] status:		out of time
[runlim] result:		2
[runlim] children:		0
[runlim] real:			334.01 seconds
[runlim] time:			300.10 seconds
[runlim] space:			2125.5 MB
[runlim] samples:		3334
