[runlim] version:		1.10fixed
[runlim] time limit:		300 seconds
[runlim] real time limit:	311040000 seconds
[runlim] space limit:		4000 MB
[runlim] argv[0]:		./cvc4
[runlim] argv[1]:		--nl-ext-tplanes
[runlim] argv[2]:		--fmf-fun-rlv
[runlim] argv[3]:		/tmp/1IhoMlIj.smt2
[runlim] start:			Tue Jan 29 12:28:07 2019
[runlim] main pid:		5580
[runlim] sample:		9.4 time, 11.0 real, 113.9 MB
[runlim] sample:		18.5 time, 21.0 real, 180.4 MB
[runlim] sample:		28.5 time, 31.0 real, 273.4 MB
[runlim] sample:		38.5 time, 41.0 real, 279.4 MB
[runlim] sample:		48.5 time, 51.0 real, 286.6 MB
[runlim] sample:		58.3 time, 61.0 real, 387.8 MB
[runlim] sample:		68.0 time, 71.0 real, 409.2 MB
[runlim] sample:		77.2 time, 81.0 real, 409.2 MB
[runlim] sample:		86.6 time, 91.0 real, 409.2 MB
[runlim] sample:		96.1 time, 101.0 real, 415.9 MB
[runlim] sample:		105.6 time, 111.0 real, 418.0 MB
[runlim] sample:		114.3 time, 121.0 real, 419.2 MB
[runlim] sample:		122.6 time, 131.0 real, 544.8 MB
[runlim] sample:		130.6 time, 141.0 real, 550.3 MB
[runlim] sample:		139.1 time, 151.0 real, 569.9 MB
[runlim] sample:		147.1 time, 161.0 real, 577.1 MB
[runlim] sample:		155.7 time, 171.0 real, 577.1 MB
[runlim] sample:		164.0 time, 181.0 real, 577.1 MB
[runlim] sample:		173.4 time, 191.0 real, 577.1 MB
[runlim] sample:		181.2 time, 201.0 real, 577.1 MB
[runlim] sample:		189.8 time, 211.0 real, 577.1 MB
[runlim] sample:		199.4 time, 221.0 real, 586.9 MB
[runlim] sample:		209.1 time, 231.0 real, 587.4 MB
[runlim] sample:		218.5 time, 241.0 real, 588.7 MB
[runlim] sample:		227.8 time, 251.0 real, 589.7 MB
[runlim] sample:		237.5 time, 261.0 real, 590.7 MB
[runlim] sample:		247.0 time, 271.0 real, 591.8 MB
[runlim] sample:		256.6 time, 281.0 real, 690.6 MB
[runlim] sample:		264.9 time, 291.0 real, 758.5 MB
[runlim] sample:		273.5 time, 301.0 real, 758.8 MB
[runlim] sample:		282.0 time, 311.0 real, 784.1 MB
[runlim] sample:		290.8 time, 321.0 real, 791.0 MB
CVC4 interrupted by SIGTERM.
[runlim] end:			Tue Jan 29 12:33:37 2019
[runlim] status:		out of time
[runlim] result:		2
[runlim] children:		0
[runlim] real:			330.93 seconds
[runlim] time:			300.02 seconds
[runlim] space:			791.0 MB
[runlim] samples:		3299
