[runlim] version:		1.10fixed
[runlim] time limit:		300 seconds
[runlim] real time limit:	311040000 seconds
[runlim] space limit:		4000 MB
[runlim] argv[0]:		./cvc4
[runlim] argv[1]:		--nl-ext-tplanes
[runlim] argv[2]:		--fmf-fun-rlv
[runlim] argv[3]:		/tmp/0oeJ78NY.smt2
[runlim] start:			Tue Jan 29 12:30:32 2019
[runlim] main pid:		28136
[runlim] sample:		9.3 time, 10.7 real, 97.1 MB
[runlim] sample:		18.6 time, 20.7 real, 128.2 MB
[runlim] sample:		27.9 time, 30.7 real, 156.4 MB
[runlim] sample:		37.2 time, 40.7 real, 173.6 MB
[runlim] sample:		46.5 time, 50.7 real, 189.3 MB
[runlim] sample:		55.7 time, 60.7 real, 211.0 MB
[runlim] sample:		65.0 time, 70.7 real, 228.5 MB
[runlim] sample:		74.4 time, 80.7 real, 252.1 MB
[runlim] sample:		83.7 time, 90.7 real, 264.8 MB
[runlim] sample:		93.1 time, 100.7 real, 271.2 MB
[runlim] sample:		102.7 time, 110.7 real, 282.3 MB
[runlim] sample:		112.4 time, 120.7 real, 297.0 MB
[runlim] sample:		121.8 time, 130.7 real, 297.0 MB
[runlim] sample:		130.8 time, 140.7 real, 313.7 MB
[runlim] sample:		140.7 time, 150.7 real, 319.9 MB
[runlim] sample:		150.7 time, 160.7 real, 330.2 MB
[runlim] sample:		160.7 time, 170.7 real, 336.6 MB
[runlim] sample:		170.7 time, 180.7 real, 346.9 MB
[runlim] sample:		180.7 time, 190.7 real, 353.6 MB
[runlim] sample:		190.7 time, 200.7 real, 365.2 MB
[runlim] sample:		200.7 time, 210.7 real, 365.2 MB
[runlim] sample:		210.3 time, 220.7 real, 385.3 MB
[runlim] sample:		219.3 time, 230.7 real, 385.3 MB
[runlim] sample:		228.9 time, 240.7 real, 401.3 MB
[runlim] sample:		238.9 time, 250.7 real, 412.6 MB
[runlim] sample:		248.9 time, 260.7 real, 412.6 MB
[runlim] sample:		258.9 time, 270.7 real, 437.3 MB
[runlim] sample:		268.9 time, 280.7 real, 448.7 MB
[runlim] sample:		278.9 time, 290.7 real, 448.7 MB
[runlim] sample:		288.9 time, 300.7 real, 457.4 MB
[runlim] sample:		298.9 time, 310.7 real, 472.9 MB
CVC4 interrupted by SIGTERM.
[runlim] end:			Tue Jan 29 12:35:43 2019
[runlim] status:		out of time
[runlim] result:		2
[runlim] children:		0
[runlim] real:			311.96 seconds
[runlim] time:			300.07 seconds
[runlim] space:			472.9 MB
[runlim] samples:		3112
