[runlim] version:		1.10fixed
[runlim] time limit:		300 seconds
[runlim] real time limit:	311040000 seconds
[runlim] space limit:		4000 MB
[runlim] argv[0]:		./cvc4
[runlim] argv[1]:		--nl-ext-tplanes
[runlim] argv[2]:		--fmf-fun-rlv
[runlim] argv[3]:		/tmp/pK1eBDNl.smt2
[runlim] start:			Mon Jan 28 15:51:23 2019
[runlim] main pid:		15779
[runlim] sample:		9.3 time, 10.4 real, 142.3 MB
[runlim] sample:		19.3 time, 20.4 real, 237.5 MB
[runlim] sample:		29.3 time, 30.4 real, 309.4 MB
[runlim] sample:		38.9 time, 40.4 real, 419.6 MB
[runlim] sample:		48.2 time, 50.4 real, 423.5 MB
[runlim] sample:		57.6 time, 60.4 real, 576.3 MB
[runlim] sample:		66.7 time, 70.4 real, 580.5 MB
[runlim] sample:		75.3 time, 80.4 real, 580.5 MB
[runlim] sample:		83.7 time, 90.4 real, 580.5 MB
[runlim] sample:		92.7 time, 100.4 real, 645.4 MB
[runlim] sample:		101.4 time, 110.4 real, 818.5 MB
[runlim] sample:		111.4 time, 120.4 real, 818.5 MB
[runlim] sample:		121.3 time, 130.4 real, 827.0 MB
[runlim] sample:		129.2 time, 140.4 real, 827.0 MB
[runlim] sample:		137.2 time, 150.4 real, 827.0 MB
[runlim] sample:		145.6 time, 160.4 real, 827.0 MB
[runlim] sample:		155.3 time, 170.4 real, 827.0 MB
[runlim] sample:		164.9 time, 180.4 real, 828.5 MB
[runlim] sample:		173.8 time, 190.4 real, 852.0 MB
[runlim] sample:		183.3 time, 200.4 real, 1108.1 MB
[runlim] sample:		193.3 time, 210.4 real, 1172.3 MB
[runlim] sample:		203.3 time, 220.4 real, 1172.3 MB
[runlim] sample:		213.3 time, 230.4 real, 1172.3 MB
[runlim] sample:		223.3 time, 240.4 real, 1172.3 MB
[runlim] sample:		233.3 time, 250.4 real, 1181.8 MB
[runlim] sample:		243.3 time, 260.4 real, 1181.8 MB
[runlim] sample:		253.3 time, 270.4 real, 1181.8 MB
[runlim] sample:		263.3 time, 280.4 real, 1181.8 MB
[runlim] sample:		273.3 time, 290.4 real, 1181.8 MB
[runlim] sample:		283.3 time, 300.4 real, 1181.8 MB
[runlim] sample:		293.3 time, 310.4 real, 1181.8 MB
CVC4 interrupted by SIGTERM.
[runlim] end:			Mon Jan 28 15:56:41 2019
[runlim] status:		out of time
[runlim] result:		2
[runlim] children:		0
[runlim] real:			318.52 seconds
[runlim] time:			300.06 seconds
[runlim] space:			1181.8 MB
[runlim] samples:		3180
