[runlim] version:		1.10fixed
[runlim] time limit:		300 seconds
[runlim] real time limit:	311040000 seconds
[runlim] space limit:		4000 MB
[runlim] argv[0]:		./cvc4
[runlim] argv[1]:		--nl-ext-tplanes
[runlim] argv[2]:		--fmf-fun-rlv
[runlim] argv[3]:		/tmp/vjILwuV7.smt2
[runlim] start:			Tue Jan 29 12:33:41 2019
[runlim] main pid:		19551
[runlim] sample:		8.8 time, 10.7 real, 188.0 MB
[runlim] sample:		17.7 time, 20.7 real, 290.1 MB
[runlim] sample:		27.0 time, 30.7 real, 435.8 MB
[runlim] sample:		36.6 time, 40.7 real, 478.0 MB
[runlim] sample:		46.3 time, 50.7 real, 478.3 MB
[runlim] sample:		55.9 time, 60.7 real, 610.4 MB
[runlim] sample:		65.9 time, 70.7 real, 627.7 MB
[runlim] sample:		75.9 time, 80.7 real, 630.0 MB
[runlim] sample:		85.9 time, 90.7 real, 631.8 MB
[runlim] sample:		95.9 time, 100.7 real, 666.1 MB
[runlim] sample:		105.9 time, 110.7 real, 881.0 MB
[runlim] sample:		115.9 time, 120.7 real, 883.6 MB
[runlim] sample:		125.9 time, 130.7 real, 885.9 MB
[runlim] sample:		135.9 time, 140.7 real, 885.9 MB
[runlim] sample:		145.9 time, 150.7 real, 885.9 MB
[runlim] sample:		155.9 time, 160.7 real, 885.9 MB
[runlim] sample:		165.9 time, 170.7 real, 999.7 MB
[runlim] sample:		175.9 time, 180.7 real, 1133.0 MB
[runlim] sample:		185.9 time, 190.7 real, 1134.5 MB
[runlim] sample:		195.9 time, 200.7 real, 1136.1 MB
[runlim] sample:		205.9 time, 210.7 real, 1137.4 MB
[runlim] sample:		215.5 time, 220.7 real, 1138.4 MB
[runlim] sample:		225.5 time, 230.7 real, 1139.4 MB
[runlim] sample:		235.5 time, 240.6 real, 1140.5 MB
[runlim] sample:		245.5 time, 250.7 real, 1141.5 MB
[runlim] sample:		255.5 time, 260.7 real, 1142.3 MB
[runlim] sample:		265.5 time, 270.7 real, 1143.3 MB
[runlim] sample:		275.5 time, 280.7 real, 1144.1 MB
[runlim] sample:		285.5 time, 290.7 real, 1341.1 MB
[runlim] sample:		295.4 time, 300.7 real, 1501.9 MB
CVC4 interrupted by SIGTERM.
[runlim] end:			Tue Jan 29 12:38:46 2019
[runlim] status:		out of time
[runlim] result:		2
[runlim] children:		0
[runlim] real:			305.43 seconds
[runlim] time:			300.09 seconds
[runlim] space:			1501.9 MB
[runlim] samples:		3047
