[runlim] version:		1.10fixed
[runlim] time limit:		300 seconds
[runlim] real time limit:	311040000 seconds
[runlim] space limit:		4000 MB
[runlim] argv[0]:		./cvc4
[runlim] argv[1]:		--nl-ext-tplanes
[runlim] argv[2]:		--fmf-fun-rlv
[runlim] argv[3]:		/tmp/YUtcvWuH.smt2
[runlim] start:			Mon Jan 28 10:34:34 2019
[runlim] main pid:		1598
[runlim] sample:		8.3 time, 10.4 real, 132.2 MB
[runlim] sample:		17.9 time, 20.4 real, 201.5 MB
[runlim] sample:		25.7 time, 30.4 real, 305.4 MB
[runlim] sample:		35.2 time, 40.4 real, 306.6 MB
[runlim] sample:		45.2 time, 50.4 real, 307.2 MB
[runlim] sample:		55.2 time, 60.4 real, 310.8 MB
[runlim] sample:		65.2 time, 70.4 real, 321.3 MB
[runlim] sample:		75.2 time, 80.4 real, 324.4 MB
[runlim] sample:		85.2 time, 90.4 real, 493.4 MB
[runlim] sample:		95.2 time, 100.4 real, 627.1 MB
[runlim] sample:		105.2 time, 110.4 real, 655.2 MB
[runlim] sample:		115.2 time, 120.4 real, 660.4 MB
[runlim] sample:		123.1 time, 130.4 real, 660.7 MB
[runlim] sample:		131.6 time, 140.4 real, 660.7 MB
[runlim] sample:		140.6 time, 150.4 real, 660.7 MB
[runlim] sample:		149.4 time, 160.4 real, 660.7 MB
[runlim] sample:		158.2 time, 170.4 real, 668.4 MB
[runlim] sample:		166.4 time, 180.4 real, 668.4 MB
[runlim] sample:		176.4 time, 190.4 real, 668.9 MB
[runlim] sample:		186.4 time, 200.4 real, 668.9 MB
[runlim] sample:		195.6 time, 210.4 real, 683.3 MB
[runlim] sample:		205.6 time, 220.4 real, 685.7 MB
[runlim] sample:		215.6 time, 230.4 real, 687.2 MB
[runlim] sample:		225.6 time, 240.4 real, 689.0 MB
[runlim] sample:		235.6 time, 250.4 real, 690.3 MB
[runlim] sample:		245.6 time, 260.4 real, 691.8 MB
[runlim] sample:		255.6 time, 270.4 real, 692.9 MB
[runlim] sample:		265.6 time, 280.4 real, 693.9 MB
[runlim] sample:		275.6 time, 290.4 real, 694.9 MB
[runlim] sample:		285.6 time, 300.4 real, 696.0 MB
[runlim] sample:		295.6 time, 310.4 real, 696.7 MB
CVC4 interrupted by SIGTERM.
[runlim] end:			Mon Jan 28 10:39:48 2019
[runlim] status:		out of time
[runlim] result:		2
[runlim] children:		0
[runlim] real:			314.98 seconds
[runlim] time:			300.09 seconds
[runlim] space:			697.3 MB
[runlim] samples:		3145
