[runlim] version:		1.10fixed
[runlim] time limit:		300 seconds
[runlim] real time limit:	311040000 seconds
[runlim] space limit:		4000 MB
[runlim] argv[0]:		./cvc4
[runlim] argv[1]:		--nl-ext-tplanes
[runlim] argv[2]:		--fmf-fun-rlv
[runlim] argv[3]:		/tmp/Y8YBAv2K.smt2
[runlim] start:			Mon Jan 28 15:21:41 2019
[runlim] main pid:		32176
[runlim] sample:		8.7 time, 10.7 real, 101.7 MB
[runlim] sample:		18.4 time, 20.7 real, 136.8 MB
[runlim] sample:		28.0 time, 30.7 real, 170.0 MB
[runlim] sample:		37.0 time, 40.7 real, 188.3 MB
[runlim] sample:		46.5 time, 50.7 real, 210.7 MB
[runlim] sample:		55.1 time, 60.7 real, 226.7 MB
[runlim] sample:		64.2 time, 70.7 real, 250.1 MB
[runlim] sample:		73.5 time, 80.7 real, 277.1 MB
[runlim] sample:		82.1 time, 90.7 real, 280.2 MB
[runlim] sample:		91.8 time, 100.7 real, 302.3 MB
[runlim] sample:		101.8 time, 110.7 real, 302.3 MB
[runlim] sample:		111.4 time, 120.7 real, 326.0 MB
[runlim] sample:		120.9 time, 130.7 real, 326.0 MB
[runlim] sample:		130.2 time, 140.7 real, 350.7 MB
[runlim] sample:		139.6 time, 150.7 real, 350.7 MB
[runlim] sample:		148.9 time, 160.7 real, 360.3 MB
[runlim] sample:		158.8 time, 170.7 real, 378.6 MB
[runlim] sample:		168.8 time, 180.7 real, 378.6 MB
[runlim] sample:		178.8 time, 190.7 real, 389.4 MB
[runlim] sample:		188.8 time, 200.7 real, 406.7 MB
[runlim] sample:		198.8 time, 210.7 real, 406.7 MB
[runlim] sample:		208.8 time, 220.7 real, 426.7 MB
[runlim] sample:		218.7 time, 230.7 real, 462.7 MB
[runlim] sample:		228.7 time, 240.7 real, 462.7 MB
[runlim] sample:		238.7 time, 250.7 real, 462.7 MB
[runlim] sample:		248.7 time, 260.7 real, 474.6 MB
[runlim] sample:		258.7 time, 270.7 real, 494.9 MB
[runlim] sample:		268.7 time, 280.7 real, 494.9 MB
[runlim] sample:		278.7 time, 290.7 real, 494.9 MB
[runlim] sample:		288.7 time, 300.7 real, 507.5 MB
[runlim] sample:		298.7 time, 310.7 real, 530.5 MB
CVC4 interrupted by SIGTERM.
[runlim] end:			Mon Jan 28 15:26:53 2019
[runlim] status:		out of time
[runlim] result:		2
[runlim] children:		0
[runlim] real:			312.03 seconds
[runlim] time:			300.02 seconds
[runlim] space:			530.5 MB
[runlim] samples:		3113
