[runlim] version:		1.10fixed
[runlim] time limit:		300 seconds
[runlim] real time limit:	311040000 seconds
[runlim] space limit:		4000 MB
[runlim] argv[0]:		./cvc4
[runlim] argv[1]:		--nl-ext-tplanes
[runlim] argv[2]:		--fmf-fun-rlv
[runlim] argv[3]:		/tmp/zLz5Sna1.smt2
[runlim] start:			Mon Jan 28 10:32:59 2019
[runlim] main pid:		16740
[runlim] sample:		9.0 time, 10.3 real, 43.0 MB
[runlim] sample:		18.9 time, 20.3 real, 50.7 MB
[runlim] sample:		28.9 time, 30.3 real, 56.2 MB
[runlim] sample:		38.9 time, 40.3 real, 75.0 MB
[runlim] sample:		48.9 time, 50.3 real, 75.8 MB
[runlim] sample:		58.9 time, 60.3 real, 86.3 MB
[runlim] sample:		68.9 time, 70.3 real, 91.0 MB
[runlim] sample:		78.9 time, 80.3 real, 91.7 MB
[runlim] sample:		88.9 time, 90.3 real, 95.9 MB
[runlim] sample:		98.9 time, 100.3 real, 96.6 MB
[runlim] sample:		108.8 time, 110.3 real, 96.6 MB
[runlim] sample:		118.5 time, 120.3 real, 100.5 MB
[runlim] sample:		128.0 time, 130.3 real, 100.8 MB
[runlim] sample:		137.2 time, 140.3 real, 103.9 MB
[runlim] sample:		146.6 time, 150.3 real, 108.2 MB
[runlim] sample:		156.3 time, 160.3 real, 108.2 MB
[runlim] sample:		166.1 time, 170.3 real, 112.1 MB
[runlim] sample:		175.8 time, 180.3 real, 113.1 MB
[runlim] sample:		185.1 time, 190.3 real, 113.7 MB
[runlim] sample:		194.4 time, 200.3 real, 113.9 MB
[runlim] sample:		203.8 time, 210.3 real, 113.9 MB
[runlim] sample:		213.2 time, 220.3 real, 113.9 MB
[runlim] sample:		223.1 time, 230.3 real, 113.9 MB
[runlim] sample:		233.1 time, 240.3 real, 114.2 MB
[runlim] sample:		242.5 time, 250.3 real, 120.6 MB
[runlim] sample:		251.8 time, 260.3 real, 120.6 MB
[runlim] sample:		261.1 time, 270.3 real, 120.6 MB
[runlim] sample:		270.6 time, 280.3 real, 124.5 MB
[runlim] sample:		280.2 time, 290.3 real, 129.4 MB
[runlim] sample:		289.9 time, 300.3 real, 129.6 MB
[runlim] sample:		299.6 time, 310.3 real, 129.9 MB
CVC4 interrupted by SIGTERM.
[runlim] end:			Mon Jan 28 10:38:09 2019
[runlim] status:		out of time
[runlim] result:		2
[runlim] children:		0
[runlim] real:			310.84 seconds
[runlim] time:			300.08 seconds
[runlim] space:			129.9 MB
[runlim] samples:		3105
