[runlim] version:		1.10fixed
[runlim] time limit:		300 seconds
[runlim] real time limit:	311040000 seconds
[runlim] space limit:		4000 MB
[runlim] argv[0]:		./cvc4
[runlim] argv[1]:		--nl-ext-tplanes
[runlim] argv[2]:		--fmf-fun-rlv
[runlim] argv[3]:		/tmp/XQoHW6yV.smt2
[runlim] start:			Mon Jan 28 15:53:13 2019
[runlim] main pid:		1799
[runlim] sample:		8.3 time, 10.1 real, 55.1 MB
[runlim] sample:		16.6 time, 20.1 real, 87.9 MB
[runlim] sample:		25.8 time, 30.1 real, 125.1 MB
[runlim] sample:		35.5 time, 40.1 real, 162.3 MB
[runlim] sample:		45.3 time, 50.1 real, 200.0 MB
[runlim] sample:		55.3 time, 60.1 real, 245.2 MB
[runlim] sample:		65.3 time, 70.1 real, 283.9 MB
[runlim] sample:		75.1 time, 80.1 real, 320.3 MB
[runlim] sample:		82.6 time, 90.1 real, 348.2 MB
[runlim] sample:		92.6 time, 100.1 real, 388.8 MB
[runlim] sample:		102.6 time, 110.1 real, 427.7 MB
[runlim] sample:		112.6 time, 120.1 real, 476.6 MB
[runlim] sample:		122.6 time, 130.1 real, 484.4 MB
[runlim] sample:		132.6 time, 140.1 real, 484.4 MB
[runlim] sample:		142.6 time, 150.1 real, 484.4 MB
[runlim] sample:		152.6 time, 160.1 real, 484.4 MB
[runlim] sample:		162.6 time, 170.1 real, 484.4 MB
[runlim] sample:		172.6 time, 180.1 real, 484.4 MB
[runlim] sample:		182.6 time, 190.1 real, 484.4 MB
[runlim] sample:		192.6 time, 200.1 real, 484.4 MB
[runlim] sample:		202.6 time, 210.1 real, 484.4 MB
[runlim] sample:		212.6 time, 220.1 real, 484.4 MB
[runlim] sample:		222.6 time, 230.1 real, 484.4 MB
[runlim] sample:		232.6 time, 240.1 real, 484.4 MB
[runlim] sample:		242.5 time, 250.1 real, 484.4 MB
[runlim] sample:		252.5 time, 260.1 real, 484.4 MB
[runlim] sample:		262.5 time, 270.1 real, 484.4 MB
[runlim] sample:		272.5 time, 280.1 real, 484.4 MB
[runlim] sample:		282.5 time, 290.1 real, 484.4 MB
[runlim] sample:		292.5 time, 300.1 real, 484.4 MB
CVC4 interrupted by SIGTERM.
[runlim] end:			Mon Jan 28 15:58:20 2019
[runlim] status:		out of time
[runlim] result:		2
[runlim] children:		0
[runlim] real:			307.70 seconds
[runlim] time:			300.08 seconds
[runlim] space:			484.4 MB
[runlim] samples:		3076
