[runlim] version:		1.10fixed
[runlim] time limit:		300 seconds
[runlim] real time limit:	311040000 seconds
[runlim] space limit:		4000 MB
[runlim] argv[0]:		./cvc4
[runlim] argv[1]:		--nl-ext-tplanes
[runlim] argv[2]:		--fmf-fun-rlv
[runlim] argv[3]:		/tmp/K9WQ6Bw7.smt2
[runlim] start:			Mon Jan 28 10:34:32 2019
[runlim] main pid:		20686
[runlim] sample:		8.9 time, 10.9 real, 146.1 MB
[runlim] sample:		18.8 time, 20.9 real, 244.7 MB
[runlim] sample:		28.8 time, 30.9 real, 418.3 MB
[runlim] sample:		38.8 time, 40.9 real, 508.8 MB
[runlim] sample:		48.8 time, 50.9 real, 515.2 MB
[runlim] sample:		58.8 time, 60.9 real, 515.5 MB
[runlim] sample:		68.4 time, 70.9 real, 638.8 MB
[runlim] sample:		78.1 time, 80.9 real, 674.9 MB
[runlim] sample:		87.8 time, 90.9 real, 677.2 MB
[runlim] sample:		97.6 time, 100.9 real, 679.0 MB
[runlim] sample:		107.6 time, 110.9 real, 680.5 MB
[runlim] sample:		117.2 time, 120.9 real, 820.8 MB
[runlim] sample:		127.0 time, 130.9 real, 1023.8 MB
[runlim] sample:		135.7 time, 140.9 real, 1024.0 MB
[runlim] sample:		144.8 time, 150.9 real, 1053.7 MB
[runlim] sample:		154.1 time, 160.9 real, 1057.6 MB
[runlim] sample:		164.1 time, 170.9 real, 1065.6 MB
[runlim] sample:		173.4 time, 180.9 real, 1065.6 MB
[runlim] sample:		183.4 time, 190.9 real, 1065.6 MB
[runlim] sample:		193.4 time, 200.9 real, 1067.6 MB
[runlim] sample:		203.4 time, 210.9 real, 1067.6 MB
[runlim] sample:		212.2 time, 220.9 real, 1067.6 MB
[runlim] sample:		221.7 time, 230.9 real, 1067.6 MB
[runlim] sample:		231.7 time, 240.9 real, 1211.7 MB
[runlim] sample:		241.7 time, 250.9 real, 1352.2 MB
[runlim] sample:		249.8 time, 260.9 real, 1352.5 MB
[runlim] sample:		259.4 time, 270.9 real, 1353.8 MB
[runlim] sample:		269.4 time, 280.9 real, 1354.8 MB
[runlim] sample:		279.4 time, 290.9 real, 1356.1 MB
[runlim] sample:		289.1 time, 300.9 real, 1357.1 MB
[runlim] sample:		299.0 time, 310.9 real, 1358.1 MB
CVC4 interrupted by SIGTERM.
[runlim] end:			Mon Jan 28 10:39:44 2019
[runlim] status:		out of time
[runlim] result:		2
[runlim] children:		0
[runlim] real:			312.07 seconds
[runlim] time:			300.10 seconds
[runlim] space:			1358.1 MB
[runlim] samples:		3111
