[runlim] version:		1.10fixed
[runlim] time limit:		300 seconds
[runlim] real time limit:	311040000 seconds
[runlim] space limit:		4000 MB
[runlim] argv[0]:		./cvc4
[runlim] argv[1]:		--nl-ext-tplanes
[runlim] argv[2]:		--fmf-fun-rlv
[runlim] argv[3]:		/tmp/dTdi4H3g.smt2
[runlim] start:			Mon Jan 28 15:48:53 2019
[runlim] main pid:		30439
[runlim] sample:		8.4 time, 10.1 real, 96.5 MB
[runlim] sample:		15.7 time, 20.1 real, 127.2 MB
[runlim] sample:		25.4 time, 30.1 real, 160.0 MB
[runlim] sample:		33.1 time, 40.1 real, 177.0 MB
[runlim] sample:		41.2 time, 50.1 real, 191.7 MB
[runlim] sample:		50.1 time, 60.1 real, 210.7 MB
[runlim] sample:		58.4 time, 70.1 real, 229.0 MB
[runlim] sample:		67.5 time, 80.1 real, 234.7 MB
[runlim] sample:		76.5 time, 90.1 real, 253.6 MB
[runlim] sample:		85.0 time, 100.1 real, 281.6 MB
[runlim] sample:		93.6 time, 110.1 real, 281.6 MB
[runlim] sample:		102.4 time, 120.1 real, 303.5 MB
[runlim] sample:		112.0 time, 130.1 real, 303.5 MB
[runlim] sample:		121.3 time, 140.1 real, 324.6 MB
[runlim] sample:		131.2 time, 150.1 real, 324.6 MB
[runlim] sample:		141.2 time, 160.1 real, 332.4 MB
[runlim] sample:		151.2 time, 170.1 real, 350.4 MB
[runlim] sample:		161.2 time, 180.1 real, 350.4 MB
[runlim] sample:		171.0 time, 190.1 real, 374.4 MB
[runlim] sample:		181.0 time, 200.1 real, 374.4 MB
[runlim] sample:		191.0 time, 210.1 real, 383.1 MB
[runlim] sample:		201.0 time, 220.1 real, 404.0 MB
[runlim] sample:		211.0 time, 230.1 real, 404.0 MB
[runlim] sample:		221.0 time, 240.1 real, 404.0 MB
[runlim] sample:		231.0 time, 250.1 real, 412.8 MB
[runlim] sample:		240.9 time, 260.1 real, 433.1 MB
[runlim] sample:		250.9 time, 270.1 real, 433.1 MB
[runlim] sample:		260.9 time, 280.1 real, 433.1 MB
[runlim] sample:		270.9 time, 290.1 real, 450.6 MB
[runlim] sample:		280.3 time, 300.1 real, 489.9 MB
[runlim] sample:		289.1 time, 310.1 real, 489.9 MB
[runlim] sample:		299.1 time, 320.1 real, 489.9 MB
CVC4 interrupted by SIGTERM.
[runlim] end:			Mon Jan 28 15:54:14 2019
[runlim] status:		out of time
[runlim] result:		2
[runlim] children:		0
[runlim] real:			321.01 seconds
[runlim] time:			300.02 seconds
[runlim] space:			493.6 MB
[runlim] samples:		3209
