[runlim] version:		1.10fixed
[runlim] time limit:		300 seconds
[runlim] real time limit:	311040000 seconds
[runlim] space limit:		4000 MB
[runlim] argv[0]:		./cvc4
[runlim] argv[1]:		--nl-ext-tplanes
[runlim] argv[2]:		--fmf-fun-rlv
[runlim] argv[3]:		/tmp/dS2qd4Vk.smt2
[runlim] start:			Mon Jan 28 10:38:07 2019
[runlim] main pid:		9366
[runlim] sample:		8.7 time, 10.3 real, 44.4 MB
[runlim] sample:		18.0 time, 20.3 real, 47.1 MB
[runlim] sample:		27.9 time, 30.3 real, 49.6 MB
[runlim] sample:		37.6 time, 40.3 real, 52.3 MB
[runlim] sample:		47.6 time, 50.3 real, 52.3 MB
[runlim] sample:		57.4 time, 60.3 real, 52.3 MB
[runlim] sample:		66.6 time, 70.3 real, 52.6 MB
[runlim] sample:		76.6 time, 80.3 real, 52.8 MB
[runlim] sample:		86.6 time, 90.3 real, 53.5 MB
[runlim] sample:		96.6 time, 100.3 real, 53.8 MB
[runlim] sample:		106.6 time, 110.3 real, 54.2 MB
[runlim] sample:		116.6 time, 120.3 real, 54.7 MB
[runlim] sample:		126.6 time, 130.3 real, 56.2 MB
[runlim] sample:		136.6 time, 140.3 real, 56.9 MB
[runlim] sample:		146.6 time, 150.3 real, 56.9 MB
[runlim] sample:		156.6 time, 160.3 real, 56.9 MB
[runlim] sample:		166.6 time, 170.3 real, 56.9 MB
[runlim] sample:		176.6 time, 180.3 real, 58.7 MB
[runlim] sample:		186.6 time, 190.3 real, 62.0 MB
[runlim] sample:		196.6 time, 200.3 real, 63.8 MB
[runlim] sample:		206.6 time, 210.3 real, 64.1 MB
[runlim] sample:		216.6 time, 220.3 real, 68.8 MB
[runlim] sample:		225.5 time, 230.3 real, 73.4 MB
[runlim] sample:		234.1 time, 240.3 real, 73.4 MB
[runlim] sample:		243.8 time, 250.3 real, 75.1 MB
[runlim] sample:		252.2 time, 260.3 real, 75.1 MB
[runlim] sample:		261.5 time, 270.3 real, 75.6 MB
[runlim] sample:		271.5 time, 280.3 real, 77.4 MB
[runlim] sample:		281.5 time, 290.3 real, 78.7 MB
[runlim] sample:		290.5 time, 300.3 real, 83.8 MB
[runlim] sample:		299.6 time, 310.3 real, 88.4 MB
CVC4 interrupted by SIGTERM.
[runlim] end:			Mon Jan 28 10:43:17 2019
[runlim] status:		out of time
[runlim] result:		2
[runlim] children:		0
[runlim] real:			310.77 seconds
[runlim] time:			300.06 seconds
[runlim] space:			88.4 MB
[runlim] samples:		3105
