[runlim] version:		1.10fixed
[runlim] time limit:		300 seconds
[runlim] real time limit:	311040000 seconds
[runlim] space limit:		4000 MB
[runlim] argv[0]:		./cvc4
[runlim] argv[1]:		--nl-ext-tplanes
[runlim] argv[2]:		--fmf-fun-rlv
[runlim] argv[3]:		/tmp/ACmCsEhl.smt2
[runlim] start:			Mon Jan 28 15:51:40 2019
[runlim] main pid:		19268
[runlim] sample:		7.4 time, 10.2 real, 133.2 MB
[runlim] sample:		15.3 time, 20.2 real, 343.1 MB
[runlim] sample:		24.9 time, 30.2 real, 482.7 MB
[runlim] sample:		34.6 time, 40.2 real, 499.5 MB
[runlim] sample:		44.0 time, 50.2 real, 500.5 MB
[runlim] sample:		53.1 time, 60.2 real, 812.8 MB
[runlim] sample:		62.3 time, 70.2 real, 1250.9 MB
[runlim] sample:		72.0 time, 80.2 real, 1483.6 MB
[runlim] sample:		81.9 time, 90.2 real, 1621.5 MB
[runlim] sample:		91.9 time, 100.2 real, 1630.8 MB
[runlim] sample:		101.0 time, 110.2 real, 1636.2 MB
[runlim] sample:		110.9 time, 120.2 real, 1787.8 MB
[runlim] sample:		120.3 time, 130.2 real, 1944.4 MB
[runlim] sample:		129.9 time, 140.2 real, 1980.7 MB
[runlim] sample:		139.9 time, 150.2 real, 1988.2 MB
[runlim] sample:		149.4 time, 160.2 real, 1991.5 MB
[runlim] sample:		158.1 time, 170.2 real, 2004.2 MB
[runlim] sample:		167.5 time, 180.2 real, 2005.7 MB
[runlim] sample:		176.9 time, 190.2 real, 2006.0 MB
[runlim] sample:		185.5 time, 200.2 real, 2016.8 MB
[runlim] sample:		194.4 time, 210.2 real, 2016.8 MB
[runlim] sample:		202.8 time, 220.2 real, 2025.8 MB
[runlim] sample:		211.2 time, 230.2 real, 2025.8 MB
[runlim] sample:		219.8 time, 240.2 real, 2025.8 MB
[runlim] sample:		229.7 time, 250.2 real, 2025.8 MB
[runlim] sample:		239.6 time, 260.2 real, 2025.8 MB
[runlim] sample:		249.6 time, 270.2 real, 2025.8 MB
[runlim] sample:		259.6 time, 280.2 real, 2025.8 MB
[runlim] sample:		269.6 time, 290.2 real, 2025.8 MB
[runlim] sample:		279.6 time, 300.2 real, 2025.8 MB
[runlim] sample:		289.6 time, 310.2 real, 2122.0 MB
[runlim] sample:		299.6 time, 320.2 real, 2567.6 MB
CVC4 interrupted by SIGTERM.
[runlim] end:			Mon Jan 28 15:57:00 2019
[runlim] status:		out of time
[runlim] result:		2
[runlim] children:		0
[runlim] real:			320.68 seconds
[runlim] time:			300.12 seconds
[runlim] space:			2698.3 MB
[runlim] samples:		3205
