[runlim] version:		1.10fixed
[runlim] time limit:		300 seconds
[runlim] real time limit:	311040000 seconds
[runlim] space limit:		4000 MB
[runlim] argv[0]:		./cvc4
[runlim] argv[1]:		--nl-ext-tplanes
[runlim] argv[2]:		--fmf-fun-rlv
[runlim] argv[3]:		/tmp/5mfOpu9e.smt2
[runlim] start:			Mon Jan 28 15:52:51 2019
[runlim] main pid:		2738
[runlim] sample:		8.6 time, 10.0 real, 117.9 MB
[runlim] sample:		18.2 time, 20.0 real, 202.7 MB
[runlim] sample:		28.0 time, 30.0 real, 203.4 MB
[runlim] end:			Mon Jan 28 15:53:28 2019
[runlim] status:		ok
[runlim] result:		0
[runlim] children:		0
[runlim] real:			37.29 seconds
[runlim] time:			35.21 seconds
[runlim] space:			213.2 MB
[runlim] samples:		372
