[runlim] version:		1.10fixed
[runlim] time limit:		300 seconds
[runlim] real time limit:	311040000 seconds
[runlim] space limit:		4000 MB
[runlim] argv[0]:		./cvc4
[runlim] argv[1]:		--nl-ext-tplanes
[runlim] argv[2]:		--fmf-fun-rlv
[runlim] argv[3]:		/tmp/3HPB3wDO.smt2
[runlim] start:			Tue Jan 29 11:55:02 2019
[runlim] main pid:		24158
[runlim] sample:		9.9 time, 10.8 real, 129.0 MB
[runlim] sample:		19.9 time, 20.8 real, 214.5 MB
[runlim] sample:		29.9 time, 30.8 real, 217.5 MB
[runlim] sample:		39.9 time, 40.8 real, 274.0 MB
[runlim] sample:		49.6 time, 50.8 real, 436.3 MB
[runlim] sample:		58.5 time, 60.8 real, 456.9 MB
[runlim] sample:		68.2 time, 70.8 real, 457.2 MB
[runlim] sample:		76.8 time, 80.8 real, 457.5 MB
[runlim] sample:		86.5 time, 90.8 real, 463.4 MB
[runlim] sample:		95.8 time, 100.8 real, 464.2 MB
[runlim] sample:		105.4 time, 110.8 real, 472.4 MB
[runlim] sample:		115.1 time, 120.8 real, 476.5 MB
[runlim] sample:		124.7 time, 130.8 real, 478.9 MB
[runlim] sample:		134.6 time, 140.8 real, 480.7 MB
[runlim] sample:		144.3 time, 150.8 real, 499.5 MB
[runlim] sample:		153.8 time, 160.8 real, 726.3 MB
[runlim] sample:		162.8 time, 170.8 real, 910.6 MB
[runlim] sample:		172.8 time, 180.8 real, 911.7 MB
[runlim] sample:		182.4 time, 190.8 real, 947.0 MB
[runlim] sample:		192.1 time, 200.8 real, 951.9 MB
[runlim] sample:		201.4 time, 210.8 real, 951.9 MB
[runlim] sample:		211.1 time, 220.8 real, 951.9 MB
[runlim] sample:		220.8 time, 230.8 real, 951.9 MB
[runlim] sample:		230.5 time, 240.8 real, 951.9 MB
[runlim] sample:		240.2 time, 250.8 real, 951.9 MB
[runlim] sample:		249.9 time, 260.8 real, 951.9 MB
[runlim] sample:		259.5 time, 270.8 real, 963.5 MB
[runlim] sample:		269.2 time, 280.8 real, 963.5 MB
[runlim] sample:		278.6 time, 290.8 real, 963.5 MB
[runlim] sample:		288.3 time, 300.8 real, 963.5 MB
[runlim] sample:		297.1 time, 310.8 real, 963.5 MB
CVC4 interrupted by SIGTERM.
[runlim] end:			Tue Jan 29 12:00:16 2019
[runlim] status:		out of time
[runlim] result:		2
[runlim] children:		0
[runlim] real:			314.41 seconds
[runlim] time:			300.03 seconds
[runlim] space:			963.5 MB
[runlim] samples:		3135
