[runlim] version:		1.10fixed
[runlim] time limit:		300 seconds
[runlim] real time limit:	311040000 seconds
[runlim] space limit:		4000 MB
[runlim] argv[0]:		./cvc4
[runlim] argv[1]:		--nl-ext-tplanes
[runlim] argv[2]:		--fmf-fun-rlv
[runlim] argv[3]:		/tmp/vsoF2jfL.smt2
[runlim] start:			Mon Jan 28 15:18:20 2019
[runlim] main pid:		25010
[runlim] sample:		8.9 time, 11.0 real, 52.5 MB
[runlim] sample:		17.7 time, 21.0 real, 82.5 MB
[runlim] sample:		27.4 time, 31.0 real, 115.4 MB
[runlim] sample:		36.8 time, 41.0 real, 146.9 MB
[runlim] sample:		45.0 time, 51.0 real, 173.2 MB
[runlim] sample:		54.7 time, 61.0 real, 203.3 MB
[runlim] sample:		63.7 time, 71.0 real, 238.6 MB
[runlim] sample:		73.0 time, 81.0 real, 270.0 MB
[runlim] sample:		80.8 time, 91.0 real, 296.3 MB
[runlim] sample:		88.5 time, 101.0 real, 324.2 MB
[runlim] sample:		96.6 time, 111.0 real, 353.3 MB
[runlim] sample:		106.3 time, 121.0 real, 386.3 MB
[runlim] sample:		115.7 time, 131.0 real, 423.1 MB
[runlim] sample:		123.6 time, 141.0 real, 449.7 MB
[runlim] sample:		133.1 time, 151.0 real, 481.0 MB
[runlim] sample:		142.5 time, 161.0 real, 495.2 MB
[runlim] sample:		152.5 time, 171.0 real, 528.2 MB
[runlim] sample:		161.4 time, 181.0 real, 555.7 MB
[runlim] sample:		171.3 time, 191.0 real, 593.4 MB
[runlim] sample:		181.3 time, 201.0 real, 623.3 MB
[runlim] sample:		191.3 time, 211.0 real, 660.3 MB
[runlim] sample:		201.3 time, 221.0 real, 693.0 MB
[runlim] sample:		210.8 time, 231.0 real, 723.4 MB
[runlim] sample:		219.9 time, 241.0 real, 753.3 MB
[runlim] sample:		228.0 time, 251.0 real, 779.4 MB
[runlim] sample:		236.5 time, 261.0 real, 818.0 MB
[runlim] sample:		244.9 time, 271.0 real, 844.6 MB
[runlim] sample:		254.2 time, 281.0 real, 878.6 MB
[runlim] sample:		263.6 time, 291.0 real, 917.0 MB
[runlim] sample:		272.4 time, 301.0 real, 926.8 MB
[runlim] sample:		282.1 time, 311.0 real, 957.5 MB
[runlim] sample:		292.1 time, 321.0 real, 988.7 MB
CVC4 interrupted by SIGTERM.
[runlim] end:			Mon Jan 28 15:23:48 2019
[runlim] status:		out of time
[runlim] result:		2
[runlim] children:		0
[runlim] real:			328.96 seconds
[runlim] time:			300.05 seconds
[runlim] space:			1014.7 MB
[runlim] samples:		3279
