[runlim] version:		1.10fixed
[runlim] time limit:		300 seconds
[runlim] real time limit:	311040000 seconds
[runlim] space limit:		4000 MB
[runlim] argv[0]:		./cvc4
[runlim] argv[1]:		--nl-ext-tplanes
[runlim] argv[2]:		--fmf-fun-rlv
[runlim] argv[3]:		/tmp/FZUIzqHZ.smt2
[runlim] start:			Mon Jan 28 15:53:06 2019
[runlim] main pid:		19426
[runlim] sample:		8.5 time, 10.7 real, 174.1 MB
[runlim] sample:		17.9 time, 20.7 real, 259.9 MB
[runlim] sample:		27.3 time, 30.7 real, 399.2 MB
[runlim] sample:		36.5 time, 40.7 real, 402.0 MB
[runlim] sample:		46.5 time, 50.7 real, 529.6 MB
[runlim] sample:		56.5 time, 60.7 real, 532.4 MB
[runlim] sample:		66.5 time, 70.7 real, 668.3 MB
[runlim] sample:		76.5 time, 80.7 real, 727.6 MB
[runlim] sample:		85.7 time, 90.7 real, 730.2 MB
[runlim] sample:		95.2 time, 100.7 real, 730.2 MB
[runlim] sample:		105.2 time, 110.7 real, 730.2 MB
[runlim] sample:		115.2 time, 120.7 real, 842.7 MB
[runlim] sample:		125.2 time, 130.7 real, 943.3 MB
[runlim] sample:		135.2 time, 140.7 real, 945.1 MB
[runlim] sample:		145.2 time, 150.7 real, 946.6 MB
[runlim] sample:		154.7 time, 160.7 real, 947.9 MB
[runlim] sample:		164.6 time, 170.7 real, 949.2 MB
[runlim] sample:		173.0 time, 180.7 real, 950.2 MB
[runlim] sample:		181.2 time, 190.7 real, 951.0 MB
[runlim] sample:		189.1 time, 200.7 real, 1036.9 MB
[runlim] sample:		197.4 time, 210.7 real, 1234.2 MB
[runlim] sample:		207.1 time, 220.7 real, 1297.9 MB
[runlim] sample:		216.8 time, 230.7 real, 1297.9 MB
[runlim] sample:		226.6 time, 240.7 real, 1304.3 MB
[runlim] sample:		236.6 time, 250.7 real, 1304.3 MB
[runlim] sample:		246.6 time, 260.7 real, 1304.3 MB
[runlim] sample:		256.5 time, 270.7 real, 1304.3 MB
[runlim] sample:		266.3 time, 280.7 real, 1304.3 MB
[runlim] sample:		276.2 time, 290.7 real, 1304.3 MB
[runlim] sample:		286.2 time, 300.7 real, 1304.3 MB
[runlim] sample:		296.2 time, 310.7 real, 1304.3 MB
CVC4 interrupted by SIGTERM.
[runlim] end:			Mon Jan 28 15:58:20 2019
[runlim] status:		out of time
[runlim] result:		2
[runlim] children:		0
[runlim] real:			314.58 seconds
[runlim] time:			300.04 seconds
[runlim] space:			1304.3 MB
[runlim] samples:		3138
