[runlim] version:		1.10fixed
[runlim] time limit:		300 seconds
[runlim] real time limit:	311040000 seconds
[runlim] space limit:		4000 MB
[runlim] argv[0]:		./cvc4
[runlim] argv[1]:		--nl-ext-tplanes
[runlim] argv[2]:		--fmf-fun-rlv
[runlim] argv[3]:		/tmp/8l6XUXjt.smt2
[runlim] start:			Tue Jan 29 11:53:29 2019
[runlim] main pid:		3507
[runlim] sample:		7.6 time, 10.4 real, 60.7 MB
[runlim] sample:		15.2 time, 20.4 real, 99.8 MB
[runlim] sample:		24.9 time, 30.4 real, 151.9 MB
[runlim] sample:		33.8 time, 40.4 real, 195.5 MB
[runlim] sample:		41.5 time, 50.4 real, 235.9 MB
[runlim] sample:		50.2 time, 60.4 real, 283.2 MB
[runlim] sample:		60.1 time, 70.4 real, 334.8 MB
[runlim] sample:		69.6 time, 80.4 real, 385.1 MB
[runlim] sample:		77.3 time, 90.4 real, 429.2 MB
[runlim] sample:		86.7 time, 100.4 real, 483.2 MB
[runlim] sample:		95.9 time, 110.4 real, 493.7 MB
[runlim] sample:		104.7 time, 120.4 real, 536.8 MB
[runlim] sample:		113.2 time, 130.4 real, 581.5 MB
[runlim] sample:		122.2 time, 140.4 real, 624.5 MB
[runlim] sample:		132.2 time, 150.4 real, 679.4 MB
[runlim] sample:		142.1 time, 160.4 real, 723.2 MB
[runlim] sample:		152.1 time, 170.4 real, 766.8 MB
[runlim] sample:		162.1 time, 180.4 real, 821.1 MB
[runlim] sample:		172.1 time, 190.4 real, 866.0 MB
[runlim] sample:		182.1 time, 200.4 real, 923.0 MB
[runlim] sample:		192.1 time, 210.4 real, 943.4 MB
[runlim] sample:		201.8 time, 220.4 real, 951.4 MB
[runlim] sample:		211.0 time, 230.4 real, 992.4 MB
[runlim] sample:		219.2 time, 240.4 real, 1030.3 MB
[runlim] sample:		227.2 time, 250.4 real, 1066.6 MB
[runlim] sample:		236.0 time, 260.4 real, 1111.5 MB
[runlim] sample:		245.5 time, 270.4 real, 1158.9 MB
[runlim] sample:		255.5 time, 280.4 real, 1205.6 MB
[runlim] sample:		265.5 time, 290.4 real, 1254.1 MB
[runlim] sample:		275.4 time, 300.4 real, 1310.1 MB
[runlim] sample:		285.3 time, 310.4 real, 1336.4 MB
[runlim] sample:		295.3 time, 320.4 real, 1380.5 MB
CVC4 interrupted by SIGTERM.
[runlim] end:			Tue Jan 29 11:58:54 2019
[runlim] status:		out of time
[runlim] result:		2
[runlim] children:		0
[runlim] real:			325.19 seconds
[runlim] time:			300.01 seconds
[runlim] space:			1403.6 MB
[runlim] samples:		3247
