[runlim] version:		1.10fixed
[runlim] time limit:		300 seconds
[runlim] real time limit:	311040000 seconds
[runlim] space limit:		4000 MB
[runlim] argv[0]:		./cvc4
[runlim] argv[1]:		--nl-ext-tplanes
[runlim] argv[2]:		--fmf-fun-rlv
[runlim] argv[3]:		/tmp/7Z6WEJpi.smt2
[runlim] start:			Tue Jan 29 11:58:01 2019
[runlim] main pid:		16361
[runlim] sample:		8.7 time, 10.1 real, 137.2 MB
[runlim] sample:		17.7 time, 20.1 real, 193.1 MB
[runlim] sample:		26.7 time, 30.1 real, 305.5 MB
[runlim] sample:		36.7 time, 40.1 real, 307.1 MB
[runlim] sample:		46.7 time, 50.1 real, 307.3 MB
[runlim] sample:		56.7 time, 60.1 real, 311.5 MB
[runlim] sample:		66.7 time, 70.1 real, 322.6 MB
[runlim] sample:		76.2 time, 80.1 real, 325.4 MB
[runlim] sample:		84.0 time, 90.1 real, 468.6 MB
[runlim] sample:		94.0 time, 100.1 real, 627.2 MB
[runlim] sample:		104.0 time, 110.1 real, 655.1 MB
[runlim] sample:		113.9 time, 120.1 real, 660.2 MB
[runlim] sample:		123.9 time, 130.1 real, 660.5 MB
[runlim] sample:		132.9 time, 140.1 real, 660.5 MB
[runlim] sample:		141.5 time, 150.1 real, 660.5 MB
[runlim] sample:		151.5 time, 160.1 real, 668.2 MB
[runlim] sample:		161.5 time, 170.1 real, 668.2 MB
[runlim] sample:		171.5 time, 180.1 real, 669.0 MB
[runlim] sample:		181.5 time, 190.1 real, 669.0 MB
[runlim] sample:		191.5 time, 200.1 real, 683.7 MB
[runlim] sample:		201.5 time, 210.1 real, 685.8 MB
[runlim] sample:		211.5 time, 220.1 real, 687.6 MB
[runlim] sample:		221.5 time, 230.1 real, 689.1 MB
[runlim] sample:		231.4 time, 240.1 real, 690.4 MB
[runlim] sample:		241.4 time, 250.1 real, 691.7 MB
[runlim] sample:		251.4 time, 260.1 real, 692.7 MB
[runlim] sample:		261.4 time, 270.1 real, 693.7 MB
[runlim] sample:		271.4 time, 280.1 real, 694.8 MB
[runlim] sample:		281.4 time, 290.1 real, 695.8 MB
[runlim] sample:		291.4 time, 300.1 real, 696.6 MB
CVC4 interrupted by SIGTERM.
[runlim] end:			Tue Jan 29 12:03:09 2019
[runlim] status:		out of time
[runlim] result:		2
[runlim] children:		0
[runlim] real:			308.84 seconds
[runlim] time:			300.10 seconds
[runlim] space:			697.4 MB
[runlim] samples:		3087
