[runlim] version:		1.10fixed
[runlim] time limit:		300 seconds
[runlim] real time limit:	311040000 seconds
[runlim] space limit:		4000 MB
[runlim] argv[0]:		./cvc4
[runlim] argv[1]:		--nl-ext-tplanes
[runlim] argv[2]:		--fmf-fun-rlv
[runlim] argv[3]:		/tmp/uN5Xzxmn.smt2
[runlim] start:			Tue Jan 29 11:58:03 2019
[runlim] main pid:		25136
[runlim] sample:		9.6 time, 10.1 real, 48.7 MB
[runlim] sample:		19.0 time, 20.1 real, 52.3 MB
[runlim] sample:		29.0 time, 30.1 real, 53.8 MB
[runlim] sample:		39.0 time, 40.1 real, 54.7 MB
[runlim] sample:		48.7 time, 50.1 real, 55.1 MB
[runlim] sample:		57.8 time, 60.1 real, 55.7 MB
[runlim] sample:		67.0 time, 70.1 real, 56.2 MB
[runlim] sample:		76.3 time, 80.1 real, 56.9 MB
[runlim] sample:		85.6 time, 90.1 real, 57.3 MB
[runlim] sample:		94.9 time, 100.1 real, 59.1 MB
[runlim] sample:		104.2 time, 110.1 real, 59.4 MB
[runlim] sample:		113.8 time, 120.1 real, 61.5 MB
[runlim] sample:		123.8 time, 130.1 real, 62.8 MB
[runlim] sample:		133.8 time, 140.1 real, 62.8 MB
[runlim] sample:		143.8 time, 150.1 real, 63.5 MB
[runlim] sample:		153.8 time, 160.1 real, 64.0 MB
[runlim] sample:		163.6 time, 170.1 real, 64.3 MB
[runlim] sample:		173.6 time, 180.1 real, 64.3 MB
[runlim] sample:		183.6 time, 190.1 real, 65.8 MB
[runlim] sample:		193.6 time, 200.1 real, 65.8 MB
[runlim] sample:		203.6 time, 210.1 real, 65.8 MB
[runlim] sample:		212.7 time, 220.1 real, 67.2 MB
[runlim] sample:		220.6 time, 230.1 real, 67.2 MB
[runlim] sample:		229.3 time, 240.1 real, 67.2 MB
[runlim] sample:		238.8 time, 250.1 real, 67.2 MB
[runlim] sample:		248.0 time, 260.1 real, 68.7 MB
[runlim] sample:		257.6 time, 270.1 real, 68.7 MB
[runlim] sample:		266.6 time, 280.1 real, 70.8 MB
[runlim] sample:		276.3 time, 290.1 real, 71.3 MB
[runlim] sample:		285.9 time, 300.1 real, 71.5 MB
[runlim] sample:		295.0 time, 310.1 real, 72.0 MB
CVC4 interrupted by SIGTERM.
[runlim] end:			Tue Jan 29 12:03:18 2019
[runlim] status:		out of time
[runlim] result:		2
[runlim] children:		0
[runlim] real:			315.98 seconds
[runlim] time:			300.05 seconds
[runlim] space:			72.0 MB
[runlim] samples:		3159
