[runlim] version:		1.10fixed
[runlim] time limit:		300 seconds
[runlim] real time limit:	311040000 seconds
[runlim] space limit:		4000 MB
[runlim] argv[0]:		./cvc4
[runlim] argv[1]:		--nl-ext-tplanes
[runlim] argv[2]:		--fmf-fun-rlv
[runlim] argv[3]:		/tmp/oHwH4tHF.smt2
[runlim] start:			Mon Jan 28 15:21:00 2019
[runlim] main pid:		5448
[runlim] sample:		9.4 time, 10.5 real, 53.4 MB
[runlim] sample:		17.7 time, 20.5 real, 75.7 MB
[runlim] sample:		26.1 time, 30.5 real, 98.2 MB
[runlim] sample:		36.1 time, 40.5 real, 126.3 MB
[runlim] sample:		46.0 time, 50.5 real, 153.3 MB
[runlim] sample:		56.0 time, 60.5 real, 180.6 MB
[runlim] sample:		66.0 time, 70.5 real, 205.6 MB
[runlim] sample:		76.0 time, 80.5 real, 236.3 MB
[runlim] sample:		86.0 time, 90.5 real, 267.2 MB
[runlim] sample:		96.0 time, 100.5 real, 294.0 MB
[runlim] sample:		106.0 time, 110.5 real, 322.2 MB
[runlim] sample:		116.0 time, 120.5 real, 350.8 MB
[runlim] sample:		126.0 time, 130.5 real, 377.3 MB
[runlim] sample:		136.0 time, 140.5 real, 404.1 MB
[runlim] sample:		146.0 time, 150.5 real, 436.4 MB
[runlim] sample:		156.0 time, 160.5 real, 464.7 MB
[runlim] sample:		166.0 time, 170.5 real, 500.0 MB
[runlim] sample:		176.0 time, 180.5 real, 502.9 MB
[runlim] sample:		186.0 time, 190.5 real, 524.8 MB
[runlim] sample:		196.0 time, 200.5 real, 549.3 MB
[runlim] sample:		206.0 time, 210.5 real, 572.7 MB
[runlim] sample:		216.0 time, 220.5 real, 600.5 MB
[runlim] sample:		226.0 time, 230.5 real, 626.5 MB
[runlim] sample:		236.0 time, 240.5 real, 655.3 MB
[runlim] sample:		246.0 time, 250.5 real, 680.9 MB
[runlim] sample:		256.0 time, 260.5 real, 705.9 MB
[runlim] sample:		266.0 time, 270.5 real, 732.2 MB
[runlim] sample:		276.0 time, 280.5 real, 756.4 MB
[runlim] sample:		286.0 time, 290.5 real, 780.1 MB
[runlim] sample:		296.0 time, 300.5 real, 818.7 MB
CVC4 interrupted by SIGTERM.
[runlim] end:			Mon Jan 28 15:26:04 2019
[runlim] status:		out of time
[runlim] result:		2
[runlim] children:		0
[runlim] real:			304.64 seconds
[runlim] time:			300.07 seconds
[runlim] space:			829.3 MB
[runlim] samples:		3041
