[runlim] version:		1.10fixed
[runlim] time limit:		300 seconds
[runlim] real time limit:	311040000 seconds
[runlim] space limit:		4000 MB
[runlim] argv[0]:		./cvc4
[runlim] argv[1]:		--nl-ext-tplanes
[runlim] argv[2]:		--fmf-fun-rlv
[runlim] argv[3]:		/tmp/iz5Ad5E7.smt2
[runlim] start:			Mon Jan 28 10:33:30 2019
[runlim] main pid:		18571
[runlim] sample:		8.4 time, 10.7 real, 63.0 MB
[runlim] sample:		16.8 time, 20.7 real, 105.9 MB
[runlim] sample:		26.8 time, 30.7 real, 154.9 MB
[runlim] sample:		36.8 time, 40.7 real, 199.5 MB
[runlim] sample:		46.8 time, 50.7 real, 250.0 MB
[runlim] sample:		56.8 time, 60.7 real, 293.3 MB
[runlim] sample:		66.8 time, 70.7 real, 337.5 MB
[runlim] sample:		76.8 time, 80.7 real, 378.2 MB
[runlim] sample:		86.8 time, 90.7 real, 424.9 MB
[runlim] sample:		96.8 time, 100.7 real, 474.9 MB
[runlim] sample:		106.8 time, 110.7 real, 491.7 MB
[runlim] sample:		116.8 time, 120.7 real, 532.4 MB
[runlim] sample:		126.8 time, 130.7 real, 575.3 MB
[runlim] sample:		136.8 time, 140.7 real, 618.1 MB
[runlim] sample:		146.7 time, 150.7 real, 664.0 MB
[runlim] sample:		156.7 time, 160.7 real, 706.3 MB
[runlim] sample:		166.7 time, 170.7 real, 750.9 MB
[runlim] sample:		176.7 time, 180.7 real, 806.9 MB
[runlim] sample:		186.7 time, 190.7 real, 851.3 MB
[runlim] sample:		196.7 time, 200.7 real, 906.4 MB
[runlim] sample:		206.7 time, 210.7 real, 929.9 MB
[runlim] sample:		216.7 time, 220.7 real, 975.0 MB
[runlim] sample:		226.7 time, 230.7 real, 1019.1 MB
[runlim] sample:		236.7 time, 240.7 real, 1060.9 MB
[runlim] sample:		246.7 time, 250.7 real, 1102.6 MB
[runlim] sample:		256.7 time, 260.7 real, 1146.4 MB
[runlim] sample:		266.7 time, 270.7 real, 1188.7 MB
[runlim] sample:		276.7 time, 280.7 real, 1228.2 MB
[runlim] sample:		286.7 time, 290.7 real, 1270.4 MB
[runlim] sample:		296.7 time, 300.7 real, 1317.7 MB
CVC4 interrupted by SIGTERM.
[runlim] end:			Mon Jan 28 10:38:34 2019
[runlim] status:		out of time
[runlim] result:		2
[runlim] children:		0
[runlim] real:			304.18 seconds
[runlim] time:			300.09 seconds
[runlim] space:			1331.8 MB
[runlim] samples:		3034
