[runlim] version:		1.10fixed
[runlim] time limit:		300 seconds
[runlim] real time limit:	311040000 seconds
[runlim] space limit:		4000 MB
[runlim] argv[0]:		./cvc4
[runlim] argv[1]:		--nl-ext-tplanes
[runlim] argv[2]:		--fmf-fun-rlv
[runlim] argv[3]:		/tmp/mAGzjlDr.smt2
[runlim] start:			Mon Jan 28 15:16:43 2019
[runlim] main pid:		21830
[runlim] sample:		9.0 time, 10.1 real, 129.8 MB
[runlim] sample:		18.7 time, 20.1 real, 285.3 MB
[runlim] sample:		28.7 time, 30.1 real, 377.8 MB
[runlim] sample:		38.7 time, 40.1 real, 549.3 MB
[runlim] sample:		48.7 time, 50.1 real, 654.4 MB
[runlim] sample:		58.7 time, 60.1 real, 662.6 MB
[runlim] sample:		68.6 time, 70.1 real, 662.6 MB
[runlim] sample:		78.6 time, 80.1 real, 663.6 MB
[runlim] sample:		88.6 time, 90.1 real, 782.8 MB
[runlim] sample:		98.6 time, 100.1 real, 889.9 MB
[runlim] sample:		108.6 time, 110.1 real, 892.3 MB
[runlim] sample:		118.6 time, 120.1 real, 894.3 MB
[runlim] sample:		128.3 time, 130.1 real, 895.9 MB
[runlim] sample:		137.7 time, 140.1 real, 897.2 MB
[runlim] sample:		146.8 time, 150.1 real, 898.4 MB
[runlim] sample:		156.2 time, 160.1 real, 996.9 MB
[runlim] sample:		165.9 time, 170.1 real, 1265.6 MB
[runlim] sample:		175.5 time, 180.1 real, 1305.3 MB
[runlim] sample:		185.2 time, 190.1 real, 1305.3 MB
[runlim] sample:		195.1 time, 200.1 real, 1340.6 MB
[runlim] sample:		205.1 time, 210.1 real, 1346.3 MB
[runlim] sample:		214.9 time, 220.1 real, 1354.5 MB
[runlim] sample:		224.6 time, 230.1 real, 1354.5 MB
[runlim] sample:		234.6 time, 240.1 real, 1354.5 MB
[runlim] sample:		244.6 time, 250.1 real, 1354.5 MB
[runlim] sample:		254.6 time, 260.1 real, 1354.5 MB
[runlim] sample:		264.6 time, 270.1 real, 1356.1 MB
[runlim] sample:		274.6 time, 280.1 real, 1356.1 MB
[runlim] sample:		284.6 time, 290.1 real, 1356.1 MB
[runlim] sample:		294.6 time, 300.1 real, 1356.1 MB
CVC4 interrupted by SIGTERM.
[runlim] end:			Mon Jan 28 15:21:48 2019
[runlim] status:		out of time
[runlim] result:		2
[runlim] children:		0
[runlim] real:			305.71 seconds
[runlim] time:			300.05 seconds
[runlim] space:			1356.1 MB
[runlim] samples:		3055
