[runlim] version:		1.10fixed
[runlim] time limit:		300 seconds
[runlim] real time limit:	311040000 seconds
[runlim] space limit:		4000 MB
[runlim] argv[0]:		./cvc4
[runlim] argv[1]:		--nl-ext-tplanes
[runlim] argv[2]:		--fmf-fun-rlv
[runlim] argv[3]:		/tmp/3X9CMUIG.smt2
[runlim] start:			Mon Jan 28 10:33:16 2019
[runlim] main pid:		25651
[runlim] sample:		8.8 time, 10.8 real, 113.0 MB
[runlim] sample:		18.8 time, 20.8 real, 152.5 MB
[runlim] sample:		28.8 time, 30.8 real, 176.1 MB
[runlim] sample:		38.8 time, 40.8 real, 206.8 MB
[runlim] sample:		48.8 time, 50.8 real, 232.6 MB
[runlim] sample:		58.4 time, 60.8 real, 232.6 MB
[runlim] sample:		68.4 time, 70.8 real, 260.4 MB
[runlim] sample:		78.4 time, 80.8 real, 260.4 MB
[runlim] sample:		88.4 time, 90.8 real, 294.1 MB
[runlim] sample:		98.2 time, 100.8 real, 296.4 MB
[runlim] sample:		108.2 time, 110.8 real, 296.4 MB
[runlim] sample:		118.1 time, 120.8 real, 340.8 MB
[runlim] sample:		127.0 time, 130.8 real, 340.8 MB
[runlim] sample:		135.6 time, 140.8 real, 340.8 MB
[runlim] sample:		144.4 time, 150.8 real, 346.7 MB
[runlim] sample:		153.4 time, 160.8 real, 379.7 MB
[runlim] sample:		163.4 time, 170.8 real, 379.7 MB
[runlim] sample:		173.4 time, 180.8 real, 379.7 MB
[runlim] sample:		183.0 time, 190.8 real, 379.7 MB
[runlim] sample:		191.8 time, 200.8 real, 386.7 MB
[runlim] sample:		201.4 time, 210.8 real, 419.6 MB
[runlim] sample:		210.6 time, 220.8 real, 419.6 MB
[runlim] sample:		220.6 time, 230.8 real, 419.6 MB
[runlim] sample:		230.0 time, 240.8 real, 419.6 MB
[runlim] sample:		239.7 time, 250.8 real, 427.1 MB
[runlim] sample:		249.4 time, 260.8 real, 432.3 MB
[runlim] sample:		259.1 time, 270.8 real, 458.5 MB
[runlim] sample:		268.8 time, 280.8 real, 458.5 MB
[runlim] sample:		278.5 time, 290.8 real, 458.5 MB
[runlim] sample:		288.2 time, 300.8 real, 458.5 MB
[runlim] sample:		297.5 time, 310.8 real, 458.5 MB
CVC4 interrupted by SIGTERM.
[runlim] end:			Mon Jan 28 10:38:29 2019
[runlim] status:		out of time
[runlim] result:		2
[runlim] children:		0
[runlim] real:			313.63 seconds
[runlim] time:			300.06 seconds
[runlim] space:			459.0 MB
[runlim] samples:		3128
