[runlim] version:		1.10fixed
[runlim] time limit:		300 seconds
[runlim] real time limit:	311040000 seconds
[runlim] space limit:		4000 MB
[runlim] argv[0]:		./cvc4
[runlim] argv[1]:		--nl-ext-tplanes
[runlim] argv[2]:		--fmf-fun-rlv
[runlim] argv[3]:		/tmp/BwmuUOd1.smt2
[runlim] start:			Mon Jan 28 15:53:44 2019
[runlim] main pid:		27713
[runlim] sample:		8.9 time, 10.9 real, 138.0 MB
[runlim] sample:		18.5 time, 20.9 real, 232.7 MB
[runlim] sample:		28.2 time, 30.9 real, 307.8 MB
[runlim] sample:		37.1 time, 40.9 real, 308.6 MB
[runlim] sample:		44.8 time, 50.9 real, 309.1 MB
[runlim] sample:		54.4 time, 60.9 real, 313.2 MB
[runlim] sample:		64.0 time, 70.9 real, 325.8 MB
[runlim] sample:		72.1 time, 80.9 real, 327.9 MB
[runlim] sample:		81.3 time, 90.9 real, 434.7 MB
[runlim] sample:		91.0 time, 100.9 real, 630.7 MB
[runlim] sample:		100.0 time, 110.9 real, 658.6 MB
[runlim] sample:		107.8 time, 120.9 real, 664.0 MB
[runlim] sample:		115.6 time, 130.9 real, 664.0 MB
[runlim] sample:		124.6 time, 140.9 real, 664.2 MB
[runlim] sample:		133.6 time, 150.9 real, 664.2 MB
[runlim] sample:		143.2 time, 160.9 real, 664.2 MB
[runlim] sample:		152.5 time, 170.9 real, 671.7 MB
[runlim] sample:		162.3 time, 180.9 real, 671.7 MB
[runlim] sample:		172.3 time, 190.9 real, 672.5 MB
[runlim] sample:		182.3 time, 200.9 real, 672.5 MB
[runlim] sample:		192.3 time, 210.9 real, 691.1 MB
[runlim] sample:		201.8 time, 220.9 real, 692.9 MB
[runlim] sample:		211.6 time, 230.9 real, 694.7 MB
[runlim] sample:		221.6 time, 240.9 real, 696.5 MB
[runlim] sample:		231.5 time, 250.9 real, 697.8 MB
[runlim] sample:		240.7 time, 260.9 real, 698.8 MB
[runlim] sample:		249.9 time, 270.9 real, 700.1 MB
[runlim] sample:		259.9 time, 280.9 real, 701.1 MB
[runlim] sample:		269.9 time, 290.9 real, 702.1 MB
[runlim] sample:		279.7 time, 300.9 real, 703.2 MB
[runlim] sample:		289.1 time, 310.9 real, 703.9 MB
[runlim] end:			Mon Jan 28 15:59:02 2019
[runlim] status:		signal(9)
[runlim] result:		11
[runlim] children:		0
[runlim] real:			318.97 seconds
[runlim] time:			296.53 seconds
[runlim] space:			704.7 MB
[runlim] samples:		3180
