[runlim] version:		1.10fixed
[runlim] time limit:		300 seconds
[runlim] real time limit:	311040000 seconds
[runlim] space limit:		4000 MB
[runlim] argv[0]:		./cvc4
[runlim] argv[1]:		--nl-ext-tplanes
[runlim] argv[2]:		--fmf-fun-rlv
[runlim] argv[3]:		/tmp/wjk2enJF.smt2
[runlim] start:			Tue Jan 29 11:57:56 2019
[runlim] main pid:		31244
[runlim] sample:		8.2 time, 10.9 real, 109.0 MB
[runlim] sample:		16.3 time, 20.9 real, 193.6 MB
[runlim] sample:		25.2 time, 30.9 real, 239.2 MB
[runlim] sample:		34.6 time, 40.9 real, 356.0 MB
[runlim] sample:		43.9 time, 50.9 real, 359.6 MB
[runlim] sample:		53.5 time, 60.9 real, 367.6 MB
[runlim] sample:		63.1 time, 70.9 real, 371.2 MB
[runlim] sample:		73.0 time, 80.9 real, 410.9 MB
[runlim] sample:		83.0 time, 90.9 real, 599.5 MB
[runlim] sample:		93.0 time, 100.9 real, 620.9 MB
[runlim] sample:		103.0 time, 110.9 real, 626.6 MB
[runlim] sample:		113.0 time, 120.9 real, 629.7 MB
[runlim] sample:		123.0 time, 130.9 real, 630.2 MB
[runlim] sample:		132.9 time, 140.9 real, 630.2 MB
[runlim] sample:		142.9 time, 150.9 real, 640.5 MB
[runlim] sample:		152.9 time, 160.9 real, 642.3 MB
[runlim] sample:		162.4 time, 170.9 real, 643.8 MB
[runlim] sample:		172.3 time, 180.9 real, 645.4 MB
[runlim] sample:		182.3 time, 190.9 real, 646.7 MB
[runlim] sample:		192.3 time, 200.9 real, 647.7 MB
[runlim] sample:		202.3 time, 210.9 real, 648.7 MB
[runlim] sample:		211.3 time, 220.9 real, 649.5 MB
[runlim] sample:		221.3 time, 230.9 real, 650.5 MB
[runlim] sample:		231.2 time, 240.9 real, 651.3 MB
[runlim] sample:		241.2 time, 250.9 real, 859.2 MB
[runlim] sample:		251.2 time, 260.9 real, 987.4 MB
[runlim] sample:		260.9 time, 270.9 real, 987.6 MB
[runlim] sample:		270.1 time, 280.9 real, 1017.0 MB
[runlim] sample:		278.1 time, 290.9 real, 1022.2 MB
[runlim] sample:		287.4 time, 300.9 real, 1022.4 MB
[runlim] sample:		297.4 time, 310.9 real, 1022.4 MB
CVC4 interrupted by SIGTERM.
[runlim] end:			Tue Jan 29 12:03:09 2019
[runlim] status:		out of time
[runlim] result:		2
[runlim] children:		0
[runlim] real:			313.65 seconds
[runlim] time:			300.09 seconds
[runlim] space:			1022.4 MB
[runlim] samples:		3127
