[runlim] version:		1.10fixed
[runlim] time limit:		300 seconds
[runlim] real time limit:	311040000 seconds
[runlim] space limit:		4000 MB
[runlim] argv[0]:		./cvc4
[runlim] argv[1]:		--nl-ext-tplanes
[runlim] argv[2]:		--fmf-fun-rlv
[runlim] argv[3]:		/tmp/5PYHgTbL.smt2
[runlim] start:			Tue Jan 29 12:29:13 2019
[runlim] main pid:		2630
[runlim] sample:		9.3 time, 10.8 real, 185.4 MB
[runlim] sample:		18.9 time, 20.8 real, 316.8 MB
[runlim] sample:		28.7 time, 30.8 real, 402.0 MB
[runlim] sample:		38.7 time, 40.8 real, 489.0 MB
[runlim] sample:		47.9 time, 50.8 real, 531.3 MB
[runlim] sample:		57.9 time, 60.8 real, 574.1 MB
[runlim] sample:		67.9 time, 70.8 real, 727.7 MB
[runlim] sample:		77.9 time, 80.8 real, 730.1 MB
[runlim] sample:		87.9 time, 90.8 real, 730.1 MB
[runlim] sample:		97.6 time, 100.8 real, 730.3 MB
[runlim] sample:		107.3 time, 110.8 real, 745.8 MB
[runlim] sample:		116.9 time, 120.8 real, 942.5 MB
[runlim] sample:		126.1 time, 130.8 real, 944.4 MB
[runlim] sample:		135.1 time, 140.8 real, 946.2 MB
[runlim] sample:		144.2 time, 150.8 real, 947.4 MB
[runlim] sample:		153.4 time, 160.8 real, 948.5 MB
[runlim] sample:		162.6 time, 170.8 real, 949.8 MB
[runlim] sample:		171.7 time, 180.8 real, 950.5 MB
[runlim] sample:		181.2 time, 190.8 real, 978.1 MB
[runlim] sample:		190.6 time, 200.8 real, 1231.3 MB
[runlim] sample:		200.6 time, 210.8 real, 1297.7 MB
[runlim] sample:		210.6 time, 220.8 real, 1298.0 MB
[runlim] sample:		220.6 time, 230.8 real, 1298.0 MB
[runlim] sample:		230.6 time, 240.8 real, 1302.4 MB
[runlim] sample:		240.4 time, 250.8 real, 1302.4 MB
[runlim] sample:		250.1 time, 260.8 real, 1302.4 MB
[runlim] sample:		259.8 time, 270.8 real, 1302.4 MB
[runlim] sample:		269.4 time, 280.8 real, 1302.4 MB
[runlim] sample:		279.4 time, 290.8 real, 1302.4 MB
[runlim] sample:		289.4 time, 300.8 real, 1302.4 MB
[runlim] sample:		299.4 time, 310.8 real, 1302.4 MB
CVC4 interrupted by SIGTERM.
[runlim] end:			Tue Jan 29 12:34:24 2019
[runlim] status:		out of time
[runlim] result:		2
[runlim] children:		0
[runlim] real:			311.53 seconds
[runlim] time:			300.09 seconds
[runlim] space:			1302.4 MB
[runlim] samples:		3107
