[runlim] version:		1.10fixed
[runlim] time limit:		300 seconds
[runlim] real time limit:	311040000 seconds
[runlim] space limit:		4000 MB
[runlim] argv[0]:		./cvc4
[runlim] argv[1]:		--nl-ext-tplanes
[runlim] argv[2]:		--fmf-fun-rlv
[runlim] argv[3]:		/tmp/O9oIt0wE.smt2
[runlim] start:			Mon Jan 28 15:48:14 2019
[runlim] main pid:		11088
[runlim] sample:		8.3 time, 10.0 real, 181.7 MB
[runlim] sample:		17.5 time, 20.0 real, 437.6 MB
[runlim] sample:		27.5 time, 30.0 real, 560.0 MB
[runlim] sample:		37.5 time, 40.0 real, 560.3 MB
[runlim] sample:		46.8 time, 50.0 real, 560.5 MB
[runlim] sample:		56.1 time, 60.0 real, 560.5 MB
[runlim] sample:		65.5 time, 70.0 real, 560.8 MB
[runlim] sample:		75.5 time, 80.0 real, 561.1 MB
[runlim] sample:		85.0 time, 90.0 real, 561.1 MB
[runlim] sample:		93.3 time, 100.0 real, 561.3 MB
[runlim] sample:		101.3 time, 110.0 real, 561.6 MB
[runlim] sample:		110.4 time, 120.0 real, 561.8 MB
[runlim] sample:		120.4 time, 130.0 real, 562.1 MB
[runlim] sample:		130.4 time, 140.0 real, 562.3 MB
[runlim] sample:		140.4 time, 150.0 real, 562.6 MB
[runlim] sample:		150.4 time, 160.0 real, 562.9 MB
[runlim] sample:		160.1 time, 170.0 real, 562.9 MB
[runlim] sample:		169.7 time, 180.0 real, 563.1 MB
[runlim] sample:		178.7 time, 190.0 real, 563.4 MB
[runlim] sample:		188.7 time, 200.0 real, 563.6 MB
[runlim] sample:		198.7 time, 210.0 real, 563.9 MB
[runlim] sample:		208.7 time, 220.0 real, 564.1 MB
[runlim] sample:		218.7 time, 230.0 real, 564.4 MB
[runlim] sample:		228.7 time, 240.0 real, 564.4 MB
[runlim] sample:		238.7 time, 250.0 real, 564.7 MB
[runlim] sample:		248.6 time, 260.0 real, 564.9 MB
[runlim] sample:		258.1 time, 270.0 real, 568.5 MB
[runlim] sample:		267.1 time, 280.0 real, 568.5 MB
[runlim] sample:		276.0 time, 290.0 real, 568.5 MB
[runlim] sample:		284.9 time, 300.0 real, 568.5 MB
[runlim] sample:		293.9 time, 310.0 real, 568.5 MB
CVC4 interrupted by SIGTERM.
[runlim] end:			Mon Jan 28 15:53:30 2019
[runlim] status:		out of time
[runlim] result:		2
[runlim] children:		0
[runlim] real:			316.26 seconds
[runlim] time:			300.07 seconds
[runlim] space:			568.5 MB
[runlim] samples:		3162
