[runlim] version:		1.10fixed
[runlim] time limit:		300 seconds
[runlim] real time limit:	311040000 seconds
[runlim] space limit:		4000 MB
[runlim] argv[0]:		./cvc4
[runlim] argv[1]:		--nl-ext-tplanes
[runlim] argv[2]:		--fmf-fun-rlv
[runlim] argv[3]:		/tmp/9FhINuZ0.smt2
[runlim] start:			Mon Jan 28 15:42:55 2019
[runlim] main pid:		26003
[runlim] sample:		8.3 time, 11.0 real, 73.4 MB
[runlim] sample:		16.8 time, 21.0 real, 75.2 MB
[runlim] sample:		25.2 time, 31.0 real, 82.7 MB
[runlim] sample:		33.5 time, 41.0 real, 92.5 MB
[runlim] sample:		42.2 time, 51.0 real, 97.4 MB
[runlim] sample:		52.2 time, 61.0 real, 102.8 MB
[runlim] sample:		62.2 time, 71.0 real, 116.9 MB
[runlim] sample:		72.2 time, 81.0 real, 136.8 MB
[runlim] sample:		80.9 time, 91.0 real, 162.3 MB
[runlim] sample:		89.2 time, 101.0 real, 180.9 MB
[runlim] sample:		98.3 time, 111.0 real, 202.5 MB
[runlim] sample:		106.6 time, 121.0 real, 267.9 MB
[runlim] sample:		116.2 time, 131.0 real, 554.0 MB
[runlim] sample:		125.8 time, 141.0 real, 846.5 MB
[runlim] sample:		135.5 time, 151.0 real, 1130.8 MB
[runlim] sample:		145.1 time, 161.0 real, 1411.0 MB
[runlim] sample:		154.6 time, 171.0 real, 1696.0 MB
[runlim] sample:		164.0 time, 181.0 real, 2000.3 MB
[runlim] sample:		173.3 time, 191.0 real, 2247.3 MB
[runlim] sample:		182.5 time, 201.0 real, 2493.3 MB
[runlim] sample:		192.0 time, 211.0 real, 2776.8 MB
[runlim] sample:		201.0 time, 221.0 real, 3064.0 MB
[runlim] sample:		210.6 time, 231.0 real, 3357.5 MB
[runlim] sample:		219.1 time, 241.0 real, 3593.2 MB
[runlim] sample:		227.4 time, 251.0 real, 3919.1 MB
CVC4 interrupted by SIGTERM.
[runlim] end:			Mon Jan 28 15:47:12 2019
[runlim] status:		out of memory
[runlim] result:		3
[runlim] children:		0
[runlim] real:			257.32 seconds
[runlim] time:			232.60 seconds
[runlim] space:			4000.3 MB
[runlim] samples:		2563
