[runlim] version:		1.10fixed
[runlim] time limit:		300 seconds
[runlim] real time limit:	311040000 seconds
[runlim] space limit:		4000 MB
[runlim] argv[0]:		./cvc4
[runlim] argv[1]:		--nl-ext-tplanes
[runlim] argv[2]:		--fmf-fun-rlv
[runlim] argv[3]:		/tmp/LuzxUwI3.smt2
[runlim] start:			Tue Jan 29 12:24:46 2019
[runlim] main pid:		15716
[runlim] sample:		8.4 time, 10.9 real, 51.0 MB
[runlim] sample:		18.4 time, 20.9 real, 64.8 MB
[runlim] sample:		28.4 time, 30.9 real, 183.6 MB
[runlim] sample:		38.4 time, 40.9 real, 490.9 MB
[runlim] sample:		48.4 time, 50.9 real, 787.2 MB
[runlim] sample:		58.0 time, 60.9 real, 1068.9 MB
[runlim] sample:		67.9 time, 70.9 real, 1292.8 MB
[runlim] sample:		77.9 time, 80.9 real, 1457.3 MB
[runlim] sample:		87.9 time, 90.9 real, 1566.6 MB
[runlim] sample:		97.9 time, 100.9 real, 1655.8 MB
[runlim] sample:		106.9 time, 110.9 real, 1656.1 MB
[runlim] sample:		115.6 time, 120.9 real, 1656.1 MB
[runlim] sample:		124.6 time, 130.9 real, 1656.3 MB
[runlim] sample:		134.3 time, 140.9 real, 1656.3 MB
[runlim] sample:		144.3 time, 150.9 real, 1656.3 MB
[runlim] sample:		154.3 time, 160.9 real, 1656.3 MB
[runlim] sample:		164.3 time, 170.9 real, 1656.6 MB
[runlim] sample:		174.3 time, 180.9 real, 1656.6 MB
[runlim] sample:		184.3 time, 190.9 real, 1656.6 MB
[runlim] sample:		194.3 time, 200.9 real, 1656.8 MB
[runlim] sample:		204.3 time, 210.9 real, 1656.8 MB
[runlim] sample:		214.3 time, 220.9 real, 1656.8 MB
[runlim] sample:		224.3 time, 230.9 real, 1657.1 MB
[runlim] sample:		234.3 time, 240.9 real, 1657.1 MB
[runlim] sample:		244.3 time, 250.9 real, 1657.1 MB
[runlim] sample:		254.3 time, 260.9 real, 1657.1 MB
[runlim] sample:		264.3 time, 270.9 real, 1657.4 MB
[runlim] sample:		274.3 time, 280.9 real, 1657.4 MB
[runlim] sample:		284.3 time, 290.9 real, 1657.4 MB
[runlim] sample:		294.3 time, 300.9 real, 1657.6 MB
CVC4 interrupted by SIGTERM.
[runlim] end:			Tue Jan 29 12:29:52 2019
[runlim] status:		out of time
[runlim] result:		2
[runlim] children:		0
[runlim] real:			306.70 seconds
[runlim] time:			300.01 seconds
[runlim] space:			1657.6 MB
[runlim] samples:		3057
