[runlim] version:		1.10fixed
[runlim] time limit:		300 seconds
[runlim] real time limit:	311040000 seconds
[runlim] space limit:		4000 MB
[runlim] argv[0]:		./cvc4
[runlim] argv[1]:		--nl-ext-tplanes
[runlim] argv[2]:		--fmf-fun-rlv
[runlim] argv[3]:		/tmp/oZCHwH8q.smt2
[runlim] start:			Tue Jan 29 12:25:25 2019
[runlim] main pid:		32638
[runlim] sample:		8.7 time, 10.9 real, 50.9 MB
[runlim] sample:		17.9 time, 20.9 real, 68.9 MB
[runlim] sample:		27.6 time, 30.9 real, 89.6 MB
[runlim] sample:		37.5 time, 40.9 real, 103.2 MB
[runlim] sample:		46.8 time, 50.9 real, 115.9 MB
[runlim] sample:		55.8 time, 60.9 real, 128.9 MB
[runlim] sample:		64.2 time, 70.9 real, 139.5 MB
[runlim] sample:		72.5 time, 80.9 real, 151.3 MB
[runlim] sample:		80.8 time, 90.9 real, 163.4 MB
[runlim] sample:		89.2 time, 100.9 real, 169.9 MB
[runlim] sample:		99.3 time, 110.9 real, 183.7 MB
[runlim] sample:		108.8 time, 120.9 real, 200.4 MB
[runlim] sample:		117.8 time, 130.9 real, 202.2 MB
[runlim] sample:		126.1 time, 140.9 real, 209.9 MB
[runlim] sample:		134.5 time, 150.9 real, 218.9 MB
[runlim] sample:		143.5 time, 160.9 real, 226.4 MB
[runlim] sample:		152.1 time, 170.9 real, 233.1 MB
[runlim] sample:		162.1 time, 180.9 real, 244.4 MB
[runlim] sample:		172.1 time, 190.9 real, 251.7 MB
[runlim] sample:		182.1 time, 200.9 real, 264.3 MB
[runlim] sample:		191.6 time, 210.9 real, 274.9 MB
[runlim] sample:		200.2 time, 220.9 real, 281.8 MB
[runlim] sample:		208.7 time, 230.9 real, 319.1 MB
[runlim] sample:		218.7 time, 240.9 real, 320.1 MB
[runlim] sample:		228.7 time, 250.9 real, 321.1 MB
[runlim] sample:		238.7 time, 260.9 real, 322.2 MB
[runlim] sample:		248.7 time, 270.9 real, 328.9 MB
[runlim] sample:		258.1 time, 280.9 real, 336.6 MB
[runlim] sample:		267.6 time, 290.9 real, 342.3 MB
[runlim] sample:		277.4 time, 300.9 real, 350.3 MB
[runlim] sample:		287.4 time, 310.9 real, 358.8 MB
[runlim] sample:		297.2 time, 320.9 real, 365.0 MB
CVC4 interrupted by SIGTERM.
[runlim] end:			Tue Jan 29 12:30:48 2019
[runlim] status:		out of time
[runlim] result:		2
[runlim] children:		0
[runlim] real:			323.79 seconds
[runlim] time:			300.03 seconds
[runlim] space:			368.6 MB
[runlim] samples:		3229
