[runlim] version:		1.10fixed
[runlim] time limit:		300 seconds
[runlim] real time limit:	311040000 seconds
[runlim] space limit:		4000 MB
[runlim] argv[0]:		./cvc4
[runlim] argv[1]:		--nl-ext-tplanes
[runlim] argv[2]:		--fmf-fun-rlv
[runlim] argv[3]:		/tmp/V6ERznpG.smt2
[runlim] start:			Tue Jan 29 12:24:03 2019
[runlim] main pid:		23728
[runlim] sample:		8.0 time, 10.8 real, 62.5 MB
[runlim] sample:		16.1 time, 20.8 real, 92.2 MB
[runlim] sample:		25.2 time, 30.8 real, 118.0 MB
[runlim] sample:		35.1 time, 40.8 real, 147.3 MB
[runlim] sample:		45.1 time, 50.8 real, 171.1 MB
[runlim] sample:		55.1 time, 60.8 real, 196.0 MB
[runlim] sample:		65.1 time, 70.8 real, 222.9 MB
[runlim] sample:		75.1 time, 80.8 real, 246.6 MB
[runlim] sample:		85.1 time, 90.8 real, 270.3 MB
[runlim] sample:		95.1 time, 100.8 real, 289.4 MB
[runlim] sample:		105.1 time, 110.8 real, 308.7 MB
[runlim] sample:		115.1 time, 120.8 real, 327.8 MB
[runlim] sample:		125.1 time, 130.8 real, 356.6 MB
[runlim] sample:		135.1 time, 140.8 real, 362.8 MB
[runlim] sample:		145.1 time, 150.8 real, 381.1 MB
[runlim] sample:		155.1 time, 160.8 real, 398.9 MB
[runlim] sample:		165.1 time, 170.8 real, 412.8 MB
[runlim] sample:		175.1 time, 180.8 real, 430.9 MB
[runlim] sample:		185.1 time, 190.8 real, 447.4 MB
[runlim] sample:		195.1 time, 200.8 real, 468.5 MB
[runlim] sample:		205.1 time, 210.8 real, 489.9 MB
[runlim] sample:		215.1 time, 220.8 real, 511.6 MB
[runlim] sample:		225.1 time, 230.8 real, 528.8 MB
[runlim] sample:		235.1 time, 240.8 real, 594.5 MB
[runlim] sample:		245.1 time, 250.8 real, 598.7 MB
[runlim] sample:		255.1 time, 260.8 real, 600.7 MB
[runlim] sample:		265.1 time, 270.8 real, 602.8 MB
[runlim] sample:		275.1 time, 280.8 real, 605.1 MB
[runlim] sample:		285.1 time, 290.8 real, 619.0 MB
[runlim] sample:		295.1 time, 300.8 real, 632.4 MB
CVC4 interrupted by SIGTERM.
[runlim] end:			Tue Jan 29 12:29:08 2019
[runlim] status:		out of time
[runlim] result:		2
[runlim] children:		0
[runlim] real:			305.83 seconds
[runlim] time:			300.09 seconds
[runlim] space:			649.5 MB
[runlim] samples:		3050
