[runlim] version:		1.10fixed
[runlim] time limit:		300 seconds
[runlim] real time limit:	311040000 seconds
[runlim] space limit:		4000 MB
[runlim] argv[0]:		./cvc4
[runlim] argv[1]:		--nl-ext-tplanes
[runlim] argv[2]:		--fmf-fun-rlv
[runlim] argv[3]:		/tmp/TAKIzNJV.smt2
[runlim] start:			Mon Jan 28 10:42:58 2019
[runlim] main pid:		7662
[runlim] sample:		8.6 time, 10.9 real, 53.8 MB
[runlim] sample:		17.2 time, 20.9 real, 87.3 MB
[runlim] sample:		26.5 time, 30.9 real, 123.8 MB
[runlim] sample:		35.5 time, 40.9 real, 156.5 MB
[runlim] sample:		44.8 time, 50.9 real, 187.9 MB
[runlim] sample:		53.4 time, 60.9 real, 220.7 MB
[runlim] sample:		61.4 time, 70.9 real, 255.0 MB
[runlim] sample:		70.3 time, 80.9 real, 288.0 MB
[runlim] sample:		80.2 time, 90.9 real, 326.5 MB
[runlim] sample:		90.2 time, 100.9 real, 366.2 MB
[runlim] sample:		100.2 time, 110.9 real, 403.6 MB
[runlim] sample:		110.2 time, 120.9 real, 448.0 MB
[runlim] sample:		120.2 time, 130.9 real, 481.1 MB
[runlim] sample:		130.2 time, 140.9 real, 509.9 MB
[runlim] sample:		140.2 time, 150.9 real, 548.1 MB
[runlim] sample:		150.2 time, 160.9 real, 589.7 MB
[runlim] sample:		160.2 time, 170.9 real, 626.9 MB
[runlim] sample:		170.2 time, 180.9 real, 668.5 MB
[runlim] sample:		179.2 time, 190.9 real, 700.0 MB
[runlim] sample:		188.9 time, 200.9 real, 733.2 MB
[runlim] sample:		198.6 time, 210.9 real, 766.2 MB
[runlim] sample:		207.9 time, 220.9 real, 810.9 MB
[runlim] sample:		217.4 time, 230.9 real, 845.0 MB
[runlim] sample:		226.7 time, 240.9 real, 885.2 MB
[runlim] sample:		236.4 time, 250.9 real, 933.9 MB
[runlim] sample:		246.1 time, 260.9 real, 944.3 MB
[runlim] sample:		255.7 time, 270.9 real, 979.4 MB
[runlim] sample:		265.4 time, 280.9 real, 1013.2 MB
[runlim] sample:		275.1 time, 290.9 real, 1048.8 MB
[runlim] sample:		284.8 time, 300.9 real, 1083.0 MB
[runlim] sample:		294.4 time, 310.9 real, 1126.7 MB
[runlim] end:			Mon Jan 28 10:48:14 2019
[runlim] status:		signal(9)
[runlim] result:		11
[runlim] children:		0
[runlim] real:			316.19 seconds
[runlim] time:			299.54 seconds
[runlim] space:			1136.8 MB
[runlim] samples:		3153
