[runlim] version:		1.10fixed
[runlim] time limit:		300 seconds
[runlim] real time limit:	311040000 seconds
[runlim] space limit:		4000 MB
[runlim] argv[0]:		./cvc4
[runlim] argv[1]:		--nl-ext-tplanes
[runlim] argv[2]:		--fmf-fun-rlv
[runlim] argv[3]:		/tmp/XgDJ8JVM.smt2
[runlim] start:			Tue Jan 29 12:10:36 2019
[runlim] main pid:		26199
[runlim] sample:		9.4 time, 10.9 real, 47.8 MB
[runlim] sample:		19.1 time, 20.9 real, 308.2 MB
[runlim] sample:		28.8 time, 30.9 real, 537.7 MB
[runlim] sample:		37.5 time, 40.9 real, 596.7 MB
[runlim] sample:		45.5 time, 50.9 real, 596.7 MB
[runlim] sample:		54.0 time, 60.9 real, 596.9 MB
[runlim] sample:		62.5 time, 70.9 real, 596.9 MB
[runlim] sample:		71.4 time, 80.9 real, 596.9 MB
[runlim] sample:		79.8 time, 90.9 real, 597.2 MB
[runlim] sample:		89.0 time, 100.9 real, 597.4 MB
[runlim] sample:		98.7 time, 110.9 real, 597.7 MB
[runlim] sample:		108.3 time, 120.9 real, 597.7 MB
[runlim] sample:		118.0 time, 130.9 real, 597.9 MB
[runlim] sample:		127.7 time, 140.9 real, 598.2 MB
[runlim] sample:		137.4 time, 150.9 real, 598.5 MB
[runlim] sample:		146.7 time, 160.9 real, 598.7 MB
[runlim] sample:		156.1 time, 170.9 real, 599.0 MB
[runlim] sample:		165.1 time, 180.9 real, 599.0 MB
[runlim] sample:		174.6 time, 190.9 real, 599.0 MB
[runlim] sample:		183.9 time, 200.9 real, 599.2 MB
[runlim] sample:		193.4 time, 210.9 real, 599.5 MB
[runlim] sample:		202.1 time, 220.9 real, 599.5 MB
[runlim] sample:		211.7 time, 230.9 real, 599.8 MB
[runlim] sample:		221.5 time, 240.9 real, 600.0 MB
[runlim] sample:		231.5 time, 250.9 real, 600.3 MB
[runlim] sample:		241.5 time, 260.9 real, 600.3 MB
[runlim] sample:		251.5 time, 270.9 real, 600.5 MB
[runlim] sample:		260.2 time, 280.9 real, 600.8 MB
[runlim] sample:		269.7 time, 290.9 real, 601.0 MB
[runlim] sample:		279.4 time, 300.9 real, 601.3 MB
[runlim] sample:		289.1 time, 310.9 real, 601.6 MB
[runlim] sample:		298.7 time, 320.9 real, 601.6 MB
[runlim] end:			Tue Jan 29 12:15:57 2019
[runlim] status:		signal(9)
[runlim] result:		11
[runlim] children:		0
[runlim] real:			321.33 seconds
[runlim] time:			299.08 seconds
[runlim] space:			601.6 MB
[runlim] samples:		3204
