[runlim] version:		1.10fixed
[runlim] time limit:		300 seconds
[runlim] real time limit:	311040000 seconds
[runlim] space limit:		4000 MB
[runlim] argv[0]:		./cvc4
[runlim] argv[1]:		--nl-ext-tplanes
[runlim] argv[2]:		--fmf-fun-rlv
[runlim] argv[3]:		/tmp/2HLHxJEa.smt2
[runlim] start:			Tue Jan 29 12:24:25 2019
[runlim] main pid:		3690
[runlim] sample:		8.7 time, 10.4 real, 68.6 MB
[runlim] sample:		18.0 time, 20.4 real, 101.6 MB
[runlim] sample:		27.4 time, 30.4 real, 126.1 MB
[runlim] sample:		36.5 time, 40.4 real, 151.6 MB
[runlim] sample:		45.6 time, 50.4 real, 174.3 MB
[runlim] sample:		55.3 time, 60.4 real, 196.4 MB
[runlim] sample:		65.3 time, 70.4 real, 225.4 MB
[runlim] sample:		75.3 time, 80.4 real, 245.0 MB
[runlim] sample:		85.1 time, 90.4 real, 268.2 MB
[runlim] sample:		93.4 time, 100.4 real, 284.7 MB
[runlim] sample:		102.9 time, 110.4 real, 300.5 MB
[runlim] sample:		112.9 time, 120.4 real, 320.8 MB
[runlim] sample:		122.8 time, 130.4 real, 359.7 MB
[runlim] sample:		132.8 time, 140.4 real, 362.3 MB
[runlim] sample:		142.5 time, 150.4 real, 367.5 MB
[runlim] sample:		152.5 time, 160.4 real, 388.1 MB
[runlim] sample:		162.5 time, 170.4 real, 404.3 MB
[runlim] sample:		172.5 time, 180.4 real, 424.7 MB
[runlim] sample:		182.5 time, 190.4 real, 440.4 MB
[runlim] sample:		192.4 time, 200.4 real, 456.7 MB
[runlim] sample:		201.7 time, 210.4 real, 477.5 MB
[runlim] sample:		211.1 time, 220.4 real, 497.7 MB
[runlim] sample:		220.7 time, 230.4 real, 516.0 MB
[runlim] sample:		230.0 time, 240.4 real, 533.2 MB
[runlim] sample:		240.0 time, 250.4 real, 599.4 MB
[runlim] sample:		250.0 time, 260.4 real, 601.4 MB
[runlim] sample:		260.0 time, 270.4 real, 605.6 MB
[runlim] sample:		270.0 time, 280.4 real, 607.6 MB
[runlim] sample:		280.0 time, 290.4 real, 609.9 MB
[runlim] sample:		290.0 time, 300.4 real, 623.1 MB
[runlim] sample:		300.0 time, 310.4 real, 636.8 MB
CVC4 interrupted by SIGTERM.
[runlim] end:			Tue Jan 29 12:29:35 2019
[runlim] status:		out of time
[runlim] result:		2
[runlim] children:		0
[runlim] real:			310.56 seconds
[runlim] time:			300.10 seconds
[runlim] space:			654.1 MB
[runlim] samples:		3101
