[runlim] version:		1.10fixed
[runlim] time limit:		300 seconds
[runlim] real time limit:	311040000 seconds
[runlim] space limit:		4000 MB
[runlim] argv[0]:		./cvc4
[runlim] argv[1]:		--nl-ext-tplanes
[runlim] argv[2]:		--fmf-fun-rlv
[runlim] argv[3]:		/tmp/TexAZRpx.smt2
[runlim] start:			Mon Jan 28 10:43:37 2019
[runlim] main pid:		15364
[runlim] sample:		8.8 time, 10.0 real, 203.6 MB
[runlim] sample:		18.3 time, 20.0 real, 458.3 MB
[runlim] sample:		28.3 time, 30.0 real, 563.2 MB
[runlim] sample:		38.1 time, 40.0 real, 563.4 MB
[runlim] sample:		46.8 time, 50.0 real, 563.7 MB
[runlim] sample:		56.4 time, 60.0 real, 563.9 MB
[runlim] sample:		66.4 time, 70.0 real, 563.9 MB
[runlim] sample:		76.4 time, 80.0 real, 564.2 MB
[runlim] sample:		85.0 time, 90.0 real, 564.5 MB
[runlim] sample:		94.2 time, 100.0 real, 564.7 MB
[runlim] sample:		103.5 time, 110.0 real, 564.7 MB
[runlim] sample:		113.5 time, 120.0 real, 565.0 MB
[runlim] sample:		123.4 time, 130.0 real, 565.2 MB
[runlim] sample:		133.3 time, 140.0 real, 565.2 MB
[runlim] sample:		143.3 time, 150.0 real, 565.5 MB
[runlim] sample:		153.3 time, 160.0 real, 565.8 MB
[runlim] sample:		162.9 time, 170.0 real, 566.0 MB
[runlim] sample:		171.4 time, 180.0 real, 566.3 MB
[runlim] sample:		181.0 time, 190.0 real, 566.5 MB
[runlim] sample:		189.5 time, 200.0 real, 566.8 MB
[runlim] sample:		199.5 time, 210.0 real, 567.0 MB
[runlim] sample:		209.5 time, 220.0 real, 567.3 MB
[runlim] sample:		219.5 time, 230.0 real, 570.6 MB
[runlim] sample:		229.2 time, 240.0 real, 570.6 MB
[runlim] sample:		238.9 time, 250.0 real, 570.6 MB
[runlim] sample:		248.6 time, 260.0 real, 570.9 MB
[runlim] sample:		258.2 time, 270.0 real, 570.9 MB
[runlim] sample:		268.1 time, 280.0 real, 570.9 MB
[runlim] sample:		277.7 time, 290.0 real, 570.9 MB
[runlim] sample:		287.4 time, 300.0 real, 570.9 MB
[runlim] sample:		297.1 time, 310.0 real, 571.2 MB
CVC4 interrupted by SIGTERM.
[runlim] end:			Mon Jan 28 10:48:50 2019
[runlim] status:		out of time
[runlim] result:		2
[runlim] children:		0
[runlim] real:			312.95 seconds
[runlim] time:			300.01 seconds
[runlim] space:			571.2 MB
[runlim] samples:		3129
