[runlim] version:		1.10fixed
[runlim] time limit:		300 seconds
[runlim] real time limit:	311040000 seconds
[runlim] space limit:		4000 MB
[runlim] argv[0]:		./cvc4
[runlim] argv[1]:		--nl-ext-tplanes
[runlim] argv[2]:		--fmf-fun-rlv
[runlim] argv[3]:		/tmp/BkOuF96b.smt2
[runlim] start:			Tue Jan 29 12:26:01 2019
[runlim] main pid:		3177
[runlim] sample:		8.9 time, 10.7 real, 66.5 MB
[runlim] sample:		17.9 time, 20.7 real, 98.0 MB
[runlim] sample:		26.8 time, 30.7 real, 123.5 MB
[runlim] sample:		35.8 time, 40.7 real, 149.5 MB
[runlim] sample:		45.7 time, 50.7 real, 172.7 MB
[runlim] sample:		55.2 time, 60.7 real, 196.4 MB
[runlim] sample:		64.2 time, 70.7 real, 222.9 MB
[runlim] sample:		73.6 time, 80.7 real, 241.7 MB
[runlim] sample:		82.6 time, 90.7 real, 263.3 MB
[runlim] sample:		91.6 time, 100.7 real, 281.9 MB
[runlim] sample:		100.2 time, 110.7 real, 296.3 MB
[runlim] sample:		108.0 time, 120.7 real, 312.3 MB
[runlim] sample:		117.4 time, 130.7 real, 355.0 MB
[runlim] sample:		126.5 time, 140.7 real, 357.6 MB
[runlim] sample:		135.9 time, 150.7 real, 360.6 MB
[runlim] sample:		145.1 time, 160.7 real, 373.3 MB
[runlim] sample:		154.3 time, 170.7 real, 392.4 MB
[runlim] sample:		163.8 time, 180.7 real, 406.5 MB
[runlim] sample:		173.2 time, 190.7 real, 420.2 MB
[runlim] sample:		182.9 time, 200.7 real, 440.3 MB
[runlim] sample:		191.7 time, 210.7 real, 453.5 MB
[runlim] sample:		201.6 time, 220.7 real, 469.2 MB
[runlim] sample:		210.7 time, 230.7 real, 493.2 MB
[runlim] sample:		218.5 time, 240.7 real, 506.8 MB
[runlim] sample:		227.5 time, 250.7 real, 525.4 MB
[runlim] sample:		235.5 time, 260.7 real, 592.6 MB
[runlim] sample:		244.2 time, 270.7 real, 594.4 MB
[runlim] sample:		252.5 time, 280.7 real, 596.4 MB
[runlim] sample:		261.7 time, 290.7 real, 598.2 MB
[runlim] sample:		271.4 time, 300.7 real, 600.6 MB
[runlim] sample:		280.8 time, 310.7 real, 609.8 MB
[runlim] sample:		290.1 time, 320.7 real, 622.2 MB
[runlim] sample:		299.5 time, 330.7 real, 634.3 MB
CVC4 interrupted by SIGTERM.
[runlim] end:			Tue Jan 29 12:31:32 2019
[runlim] status:		out of time
[runlim] result:		2
[runlim] children:		0
[runlim] real:			331.32 seconds
[runlim] time:			300.04 seconds
[runlim] space:			647.3 MB
[runlim] samples:		3306
