[runlim] version:		1.10fixed
[runlim] time limit:		300 seconds
[runlim] real time limit:	311040000 seconds
[runlim] space limit:		4000 MB
[runlim] argv[0]:		./cvc4
[runlim] argv[1]:		--nl-ext-tplanes
[runlim] argv[2]:		--fmf-fun-rlv
[runlim] argv[3]:		/tmp/6LU3k8ql.smt2
[runlim] start:			Mon Jan 28 10:38:47 2019
[runlim] main pid:		3590
[runlim] sample:		8.7 time, 10.5 real, 45.0 MB
[runlim] sample:		17.5 time, 20.5 real, 107.3 MB
[runlim] sample:		26.8 time, 30.5 real, 395.1 MB
[runlim] sample:		35.9 time, 40.5 real, 624.6 MB
[runlim] sample:		45.9 time, 50.5 real, 732.5 MB
[runlim] sample:		55.9 time, 60.5 real, 732.5 MB
[runlim] sample:		65.9 time, 70.5 real, 732.7 MB
[runlim] sample:		75.1 time, 80.5 real, 733.0 MB
[runlim] sample:		85.0 time, 90.5 real, 733.0 MB
[runlim] sample:		93.4 time, 100.5 real, 733.2 MB
[runlim] sample:		101.9 time, 110.5 real, 733.2 MB
[runlim] sample:		111.1 time, 120.5 real, 733.5 MB
[runlim] sample:		120.2 time, 130.5 real, 733.8 MB
[runlim] sample:		129.2 time, 140.5 real, 733.8 MB
[runlim] sample:		137.7 time, 150.5 real, 734.0 MB
[runlim] sample:		145.8 time, 160.5 real, 734.0 MB
[runlim] sample:		155.2 time, 170.5 real, 734.0 MB
[runlim] sample:		165.2 time, 180.5 real, 734.0 MB
[runlim] sample:		175.1 time, 190.5 real, 734.3 MB
[runlim] sample:		184.1 time, 200.5 real, 734.5 MB
[runlim] sample:		194.1 time, 210.5 real, 734.8 MB
[runlim] sample:		204.1 time, 220.5 real, 734.8 MB
[runlim] sample:		214.1 time, 230.5 real, 734.8 MB
[runlim] sample:		224.1 time, 240.5 real, 735.0 MB
[runlim] sample:		232.7 time, 250.5 real, 735.3 MB
[runlim] sample:		240.4 time, 260.5 real, 735.3 MB
[runlim] sample:		250.2 time, 270.5 real, 735.6 MB
[runlim] sample:		260.1 time, 280.5 real, 735.8 MB
[runlim] sample:		270.1 time, 290.5 real, 736.1 MB
[runlim] sample:		279.8 time, 300.5 real, 736.6 MB
[runlim] sample:		288.7 time, 310.5 real, 736.6 MB
[runlim] sample:		297.6 time, 320.5 real, 736.8 MB
CVC4 interrupted by SIGTERM.
[runlim] end:			Mon Jan 28 10:44:11 2019
[runlim] status:		out of time
[runlim] result:		2
[runlim] children:		0
[runlim] real:			324.10 seconds
[runlim] time:			300.06 seconds
[runlim] space:			736.8 MB
[runlim] samples:		3235
