[runlim] version:		1.10fixed
[runlim] time limit:		300 seconds
[runlim] real time limit:	311040000 seconds
[runlim] space limit:		4000 MB
[runlim] argv[0]:		./cvc4
[runlim] argv[1]:		--nl-ext-tplanes
[runlim] argv[2]:		--fmf-fun-rlv
[runlim] argv[3]:		/tmp/woySXM4N.smt2
[runlim] start:			Tue Jan 29 12:10:55 2019
[runlim] main pid:		26222
[runlim] sample:		8.4 time, 10.7 real, 46.9 MB
[runlim] sample:		17.0 time, 20.7 real, 267.4 MB
[runlim] sample:		26.7 time, 30.7 real, 517.1 MB
[runlim] sample:		36.0 time, 40.7 real, 595.6 MB
[runlim] sample:		45.2 time, 50.7 real, 595.9 MB
[runlim] sample:		54.1 time, 60.7 real, 596.1 MB
[runlim] sample:		63.4 time, 70.7 real, 596.1 MB
[runlim] sample:		72.8 time, 80.7 real, 596.1 MB
[runlim] sample:		82.2 time, 90.7 real, 596.4 MB
[runlim] sample:		91.5 time, 100.7 real, 596.6 MB
[runlim] sample:		100.9 time, 110.7 real, 596.9 MB
[runlim] sample:		110.7 time, 120.7 real, 596.9 MB
[runlim] sample:		120.7 time, 130.7 real, 597.2 MB
[runlim] sample:		130.7 time, 140.7 real, 597.4 MB
[runlim] sample:		140.2 time, 150.7 real, 597.7 MB
[runlim] sample:		149.9 time, 160.7 real, 597.9 MB
[runlim] sample:		159.9 time, 170.7 real, 598.2 MB
[runlim] sample:		169.9 time, 180.7 real, 598.2 MB
[runlim] sample:		179.9 time, 190.7 real, 598.2 MB
[runlim] sample:		189.9 time, 200.7 real, 598.4 MB
[runlim] sample:		199.9 time, 210.7 real, 598.7 MB
[runlim] sample:		209.9 time, 220.7 real, 599.0 MB
[runlim] sample:		219.9 time, 230.7 real, 599.2 MB
[runlim] sample:		229.9 time, 240.7 real, 599.2 MB
[runlim] sample:		239.9 time, 250.7 real, 599.5 MB
[runlim] sample:		249.9 time, 260.7 real, 599.7 MB
[runlim] sample:		259.9 time, 270.7 real, 600.0 MB
[runlim] sample:		269.9 time, 280.7 real, 600.2 MB
[runlim] sample:		279.9 time, 290.7 real, 600.2 MB
[runlim] sample:		289.9 time, 300.7 real, 600.5 MB
[runlim] sample:		299.9 time, 310.7 real, 600.8 MB
CVC4 interrupted by SIGTERM.
[runlim] end:			Tue Jan 29 12:16:05 2019
[runlim] status:		out of time
[runlim] result:		2
[runlim] children:		0
[runlim] real:			310.90 seconds
[runlim] time:			300.08 seconds
[runlim] space:			600.8 MB
[runlim] samples:		3102
