[runlim] version:		1.10fixed
[runlim] time limit:		300 seconds
[runlim] real time limit:	311040000 seconds
[runlim] space limit:		4000 MB
[runlim] argv[0]:		./cvc4
[runlim] argv[1]:		--nl-ext-tplanes
[runlim] argv[2]:		--fmf-fun-rlv
[runlim] argv[3]:		/tmp/g30DmyKB.smt2
[runlim] start:			Mon Jan 28 15:46:36 2019
[runlim] main pid:		29903
[runlim] sample:		9.4 time, 10.1 real, 36.8 MB
[runlim] sample:		18.4 time, 20.1 real, 43.0 MB
[runlim] sample:		28.1 time, 30.1 real, 47.4 MB
[runlim] sample:		37.8 time, 40.1 real, 49.8 MB
[runlim] sample:		47.6 time, 50.1 real, 54.2 MB
[runlim] sample:		57.2 time, 60.1 real, 56.5 MB
[runlim] sample:		66.3 time, 70.1 real, 60.4 MB
[runlim] sample:		74.5 time, 80.1 real, 62.2 MB
[runlim] sample:		83.4 time, 90.1 real, 64.8 MB
[runlim] sample:		91.2 time, 100.1 real, 65.5 MB
[runlim] sample:		99.7 time, 110.1 real, 67.0 MB
[runlim] sample:		107.6 time, 120.1 real, 70.0 MB
[runlim] sample:		116.0 time, 130.1 real, 69.5 MB
[runlim] sample:		125.4 time, 140.1 real, 72.3 MB
[runlim] sample:		135.4 time, 150.1 real, 75.9 MB
[runlim] sample:		144.4 time, 160.1 real, 77.5 MB
[runlim] sample:		152.5 time, 170.1 real, 78.8 MB
[runlim] sample:		162.4 time, 180.1 real, 80.6 MB
[runlim] sample:		171.4 time, 190.1 real, 82.8 MB
[runlim] sample:		181.0 time, 200.1 real, 82.4 MB
[runlim] sample:		190.7 time, 210.1 real, 82.2 MB
[runlim] sample:		199.3 time, 220.1 real, 86.4 MB
[runlim] sample:		207.8 time, 230.1 real, 83.4 MB
[runlim] sample:		216.5 time, 240.1 real, 89.5 MB
[runlim] sample:		225.1 time, 250.1 real, 87.4 MB
[runlim] sample:		234.9 time, 260.1 real, 87.6 MB
[runlim] sample:		244.9 time, 270.1 real, 90.5 MB
[runlim] sample:		254.9 time, 280.1 real, 91.9 MB
[runlim] sample:		264.9 time, 290.1 real, 94.9 MB
[runlim] sample:		274.9 time, 300.1 real, 91.2 MB
[runlim] sample:		284.9 time, 310.1 real, 94.9 MB
[runlim] sample:		294.9 time, 320.1 real, 96.2 MB
CVC4 interrupted by SIGTERM.
[runlim] end:			Mon Jan 28 15:52:01 2019
[runlim] status:		out of time
[runlim] result:		2
[runlim] children:		0
[runlim] real:			325.20 seconds
[runlim] time:			300.03 seconds
[runlim] space:			102.4 MB
[runlim] samples:		3251
