[runlim] version:		1.10fixed
[runlim] time limit:		300 seconds
[runlim] real time limit:	311040000 seconds
[runlim] space limit:		4000 MB
[runlim] argv[0]:		./cvc4
[runlim] argv[1]:		--nl-ext-tplanes
[runlim] argv[2]:		--fmf-fun-rlv
[runlim] argv[3]:		/tmp/ipDf7vVP.smt2
[runlim] start:			Tue Jan 29 12:10:49 2019
[runlim] main pid:		13910
[runlim] sample:		8.7 time, 10.1 real, 179.3 MB
[runlim] sample:		18.7 time, 20.1 real, 453.0 MB
[runlim] sample:		28.5 time, 30.1 real, 559.3 MB
[runlim] sample:		38.5 time, 40.1 real, 559.5 MB
[runlim] sample:		48.5 time, 50.1 real, 559.8 MB
[runlim] sample:		58.5 time, 60.1 real, 560.0 MB
[runlim] sample:		68.5 time, 70.1 real, 560.0 MB
[runlim] sample:		78.2 time, 80.1 real, 560.0 MB
[runlim] sample:		87.9 time, 90.1 real, 560.3 MB
[runlim] sample:		97.9 time, 100.1 real, 560.6 MB
[runlim] sample:		106.7 time, 110.1 real, 560.8 MB
[runlim] sample:		116.0 time, 120.1 real, 561.1 MB
[runlim] sample:		125.1 time, 130.1 real, 561.3 MB
[runlim] sample:		134.8 time, 140.1 real, 561.6 MB
[runlim] sample:		144.4 time, 150.1 real, 561.6 MB
[runlim] sample:		154.0 time, 160.1 real, 561.9 MB
[runlim] sample:		163.9 time, 170.1 real, 562.1 MB
[runlim] sample:		172.6 time, 180.1 real, 562.4 MB
[runlim] sample:		182.1 time, 190.1 real, 562.6 MB
[runlim] sample:		191.8 time, 200.1 real, 562.6 MB
[runlim] sample:		201.5 time, 210.1 real, 562.9 MB
[runlim] sample:		211.5 time, 220.1 real, 563.1 MB
[runlim] sample:		221.5 time, 230.1 real, 563.4 MB
[runlim] sample:		231.5 time, 240.1 real, 563.4 MB
[runlim] sample:		241.5 time, 250.1 real, 563.7 MB
[runlim] sample:		251.5 time, 260.1 real, 563.9 MB
[runlim] sample:		261.5 time, 270.1 real, 564.2 MB
[runlim] sample:		271.5 time, 280.1 real, 567.8 MB
[runlim] sample:		281.5 time, 290.1 real, 567.8 MB
[runlim] sample:		291.5 time, 300.1 real, 567.8 MB
CVC4 interrupted by SIGTERM.
[runlim] end:			Tue Jan 29 12:15:57 2019
[runlim] status:		out of time
[runlim] result:		2
[runlim] children:		0
[runlim] real:			308.72 seconds
[runlim] time:			300.09 seconds
[runlim] space:			567.8 MB
[runlim] samples:		3086
