[runlim] version:		1.10fixed
[runlim] time limit:		300 seconds
[runlim] real time limit:	311040000 seconds
[runlim] space limit:		4000 MB
[runlim] argv[0]:		./cvc4
[runlim] argv[1]:		--nl-ext-tplanes
[runlim] argv[2]:		--fmf-fun-rlv
[runlim] argv[3]:		/tmp/lZF11BSJ.smt2
[runlim] start:			Mon Jan 28 10:38:15 2019
[runlim] main pid:		1682
[runlim] sample:		8.4 time, 10.4 real, 48.1 MB
[runlim] sample:		17.3 time, 20.4 real, 77.3 MB
[runlim] sample:		26.6 time, 30.4 real, 106.5 MB
[runlim] sample:		35.6 time, 40.4 real, 138.8 MB
[runlim] sample:		44.9 time, 50.4 real, 169.1 MB
[runlim] sample:		54.9 time, 60.4 real, 202.1 MB
[runlim] sample:		64.9 time, 70.4 real, 239.7 MB
[runlim] sample:		74.9 time, 80.4 real, 274.5 MB
[runlim] sample:		84.9 time, 90.4 real, 307.7 MB
[runlim] sample:		94.9 time, 100.4 real, 341.6 MB
[runlim] sample:		104.9 time, 110.4 real, 373.9 MB
[runlim] sample:		114.2 time, 120.4 real, 402.0 MB
[runlim] sample:		123.1 time, 130.4 real, 434.9 MB
[runlim] sample:		132.2 time, 140.4 real, 469.4 MB
[runlim] sample:		140.6 time, 150.4 real, 481.3 MB
[runlim] sample:		150.6 time, 160.4 real, 512.2 MB
[runlim] sample:		160.6 time, 170.4 real, 544.4 MB
[runlim] sample:		170.6 time, 180.4 real, 579.7 MB
[runlim] sample:		180.6 time, 190.4 real, 613.5 MB
[runlim] sample:		190.6 time, 200.4 real, 649.2 MB
[runlim] sample:		200.6 time, 210.4 real, 681.9 MB
[runlim] sample:		210.6 time, 220.4 real, 713.6 MB
[runlim] sample:		220.6 time, 230.4 real, 745.8 MB
[runlim] sample:		230.6 time, 240.4 real, 777.3 MB
[runlim] sample:		240.6 time, 250.4 real, 821.3 MB
[runlim] sample:		250.6 time, 260.4 real, 854.6 MB
[runlim] sample:		260.6 time, 270.4 real, 899.2 MB
[runlim] sample:		270.2 time, 280.4 real, 926.3 MB
[runlim] sample:		279.7 time, 290.4 real, 942.6 MB
[runlim] sample:		288.6 time, 300.4 real, 970.9 MB
[runlim] sample:		298.2 time, 310.4 real, 1000.6 MB
CVC4 interrupted by SIGTERM.
[runlim] end:			Mon Jan 28 10:43:27 2019
[runlim] status:		out of time
[runlim] result:		2
[runlim] children:		0
[runlim] real:			312.36 seconds
[runlim] time:			300.06 seconds
[runlim] space:			1006.2 MB
[runlim] samples:		3119
