[runlim] version:		1.10fixed
[runlim] time limit:		300 seconds
[runlim] real time limit:	311040000 seconds
[runlim] space limit:		4000 MB
[runlim] argv[0]:		./cvc4
[runlim] argv[1]:		--nl-ext-tplanes
[runlim] argv[2]:		--fmf-fun-rlv
[runlim] argv[3]:		/tmp/7it1SNKj.smt2
[runlim] start:			Mon Jan 28 10:39:05 2019
[runlim] main pid:		20867
[runlim] sample:		9.6 time, 10.0 real, 88.6 MB
[runlim] sample:		19.3 time, 20.0 real, 92.4 MB
[runlim] sample:		29.3 time, 30.0 real, 92.7 MB
[runlim] sample:		39.3 time, 40.0 real, 98.6 MB
[runlim] sample:		48.7 time, 50.0 real, 114.9 MB
[runlim] sample:		57.4 time, 60.0 real, 135.2 MB
[runlim] sample:		67.1 time, 70.0 real, 195.6 MB
[runlim] sample:		75.2 time, 80.0 real, 452.1 MB
[runlim] sample:		83.2 time, 90.0 real, 693.1 MB
[runlim] sample:		92.8 time, 100.0 real, 985.1 MB
[runlim] sample:		102.8 time, 110.0 real, 1237.2 MB
[runlim] sample:		112.8 time, 120.0 real, 1531.1 MB
[runlim] sample:		122.8 time, 130.0 real, 1813.1 MB
[runlim] sample:		132.8 time, 140.0 real, 2092.3 MB
[runlim] sample:		142.8 time, 150.0 real, 2365.6 MB
[runlim] sample:		152.8 time, 160.0 real, 2427.9 MB
[runlim] sample:		162.8 time, 170.0 real, 2752.1 MB
[runlim] sample:		172.8 time, 180.0 real, 2846.7 MB
[runlim] sample:		182.8 time, 190.0 real, 3043.6 MB
[runlim] sample:		192.8 time, 200.0 real, 3592.0 MB
[runlim] sample:		201.3 time, 210.0 real, 3393.4 MB
[runlim] sample:		211.3 time, 220.0 real, 3393.4 MB
[runlim] sample:		220.8 time, 230.0 real, 3434.1 MB
[runlim] sample:		229.8 time, 240.0 real, 3499.1 MB
[runlim] sample:		239.5 time, 250.0 real, 3565.8 MB
[runlim] sample:		249.4 time, 260.0 real, 3624.4 MB
[runlim] sample:		259.4 time, 270.0 real, 3673.9 MB
[runlim] sample:		269.4 time, 280.0 real, 3674.1 MB
[runlim] sample:		279.4 time, 290.0 real, 3674.1 MB
[runlim] sample:		289.4 time, 300.0 real, 3674.1 MB
[runlim] sample:		298.4 time, 310.0 real, 3674.1 MB
CVC4 interrupted by SIGTERM.
[runlim] end:			Mon Jan 28 10:44:16 2019
[runlim] status:		out of time
[runlim] result:		2
[runlim] children:		0
[runlim] real:			311.91 seconds
[runlim] time:			300.13 seconds
[runlim] space:			3674.1 MB
[runlim] samples:		3118
