[runlim] version:		1.10fixed
[runlim] time limit:		300 seconds
[runlim] real time limit:	311040000 seconds
[runlim] space limit:		4000 MB
[runlim] argv[0]:		./cvc4
[runlim] argv[1]:		--nl-ext-tplanes
[runlim] argv[2]:		--fmf-fun-rlv
[runlim] argv[3]:		/tmp/KSnR2tXD.smt2
[runlim] start:			Tue Jan 29 12:25:57 2019
[runlim] main pid:		30119
[runlim] sample:		8.9 time, 10.3 real, 59.8 MB
[runlim] sample:		18.1 time, 20.3 real, 319.7 MB
[runlim] sample:		27.3 time, 30.3 real, 598.8 MB
[runlim] sample:		35.8 time, 40.3 real, 867.5 MB
[runlim] sample:		44.5 time, 50.3 real, 1014.6 MB
[runlim] sample:		53.5 time, 60.3 real, 1294.5 MB
[runlim] sample:		62.8 time, 70.3 real, 1417.7 MB
[runlim] sample:		72.8 time, 80.3 real, 1481.9 MB
[runlim] sample:		82.8 time, 90.3 real, 1481.9 MB
[runlim] sample:		92.8 time, 100.3 real, 1481.9 MB
[runlim] sample:		102.8 time, 110.3 real, 1481.9 MB
[runlim] sample:		112.8 time, 120.3 real, 1481.9 MB
[runlim] sample:		122.8 time, 130.3 real, 1482.2 MB
[runlim] sample:		132.8 time, 140.3 real, 1482.2 MB
[runlim] sample:		142.8 time, 150.3 real, 1482.2 MB
[runlim] sample:		152.8 time, 160.3 real, 1482.2 MB
[runlim] sample:		162.8 time, 170.3 real, 1482.4 MB
[runlim] sample:		172.8 time, 180.3 real, 1482.4 MB
[runlim] sample:		182.8 time, 190.3 real, 1482.7 MB
[runlim] sample:		192.8 time, 200.3 real, 1482.7 MB
[runlim] sample:		202.8 time, 210.3 real, 1482.7 MB
[runlim] sample:		212.7 time, 220.3 real, 1482.9 MB
[runlim] sample:		222.7 time, 230.3 real, 1482.9 MB
[runlim] sample:		232.7 time, 240.3 real, 1482.9 MB
[runlim] sample:		242.2 time, 250.3 real, 1482.9 MB
[runlim] sample:		251.3 time, 260.3 real, 1483.2 MB
[runlim] sample:		259.9 time, 270.3 real, 1483.2 MB
[runlim] sample:		269.1 time, 280.3 real, 1483.2 MB
[runlim] sample:		278.1 time, 290.3 real, 1483.5 MB
[runlim] sample:		286.6 time, 300.3 real, 1483.5 MB
[runlim] sample:		295.4 time, 310.3 real, 1483.5 MB
CVC4 interrupted by SIGTERM.
[runlim] end:			Tue Jan 29 12:31:12 2019
[runlim] status:		out of time
[runlim] result:		2
[runlim] children:		0
[runlim] real:			315.06 seconds
[runlim] time:			300.07 seconds
[runlim] space:			1483.5 MB
[runlim] samples:		3147
