[runlim] version:		1.10fixed
[runlim] time limit:		300 seconds
[runlim] real time limit:	311040000 seconds
[runlim] space limit:		4000 MB
[runlim] argv[0]:		./cvc4
[runlim] argv[1]:		--nl-ext-tplanes
[runlim] argv[2]:		--fmf-fun-rlv
[runlim] argv[3]:		/tmp/GQkl0jlX.smt2
[runlim] start:			Tue Jan 29 12:24:19 2019
[runlim] main pid:		29478
[runlim] sample:		9.4 time, 10.9 real, 73.7 MB
[runlim] sample:		19.2 time, 20.9 real, 77.6 MB
[runlim] sample:		29.1 time, 30.9 real, 90.0 MB
[runlim] sample:		38.3 time, 40.9 real, 96.7 MB
[runlim] sample:		47.8 time, 50.9 real, 102.3 MB
[runlim] sample:		57.0 time, 60.9 real, 112.4 MB
[runlim] sample:		66.7 time, 70.9 real, 133.3 MB
[runlim] sample:		75.8 time, 80.9 real, 158.5 MB
[runlim] sample:		85.7 time, 90.9 real, 182.5 MB
[runlim] sample:		95.4 time, 100.9 real, 207.7 MB
[runlim] sample:		105.1 time, 110.9 real, 395.8 MB
[runlim] sample:		114.8 time, 120.9 real, 705.4 MB
[runlim] sample:		124.7 time, 130.9 real, 999.9 MB
[runlim] sample:		134.7 time, 140.9 real, 1289.9 MB
[runlim] sample:		144.7 time, 150.9 real, 1598.7 MB
[runlim] sample:		154.7 time, 160.9 real, 1882.5 MB
[runlim] sample:		164.7 time, 170.9 real, 2170.9 MB
[runlim] sample:		174.7 time, 180.9 real, 2436.8 MB
[runlim] sample:		184.7 time, 190.9 real, 2725.0 MB
[runlim] sample:		194.7 time, 200.9 real, 3039.0 MB
[runlim] sample:		204.7 time, 210.9 real, 3352.3 MB
[runlim] sample:		214.7 time, 220.9 real, 3710.9 MB
[runlim] sample:		224.7 time, 230.9 real, 3973.8 MB
CVC4 interrupted by SIGTERM.
[runlim] end:			Tue Jan 29 12:28:11 2019
[runlim] status:		out of memory
[runlim] result:		3
[runlim] children:		0
[runlim] real:			232.14 seconds
[runlim] time:			225.88 seconds
[runlim] space:			4001.9 MB
[runlim] samples:		2312
