[runlim] version:		1.10fixed
[runlim] time limit:		300 seconds
[runlim] real time limit:	311040000 seconds
[runlim] space limit:		4000 MB
[runlim] argv[0]:		./cvc4
[runlim] argv[1]:		--nl-ext-tplanes
[runlim] argv[2]:		--fmf-fun-rlv
[runlim] argv[3]:		/tmp/bnM7ZXVo.smt2
[runlim] start:			Mon Jan 28 15:46:18 2019
[runlim] main pid:		19362
[runlim] sample:		8.9 time, 10.7 real, 57.6 MB
[runlim] sample:		18.3 time, 20.7 real, 93.0 MB
[runlim] sample:		27.7 time, 30.7 real, 119.8 MB
[runlim] sample:		35.7 time, 40.7 real, 143.2 MB
[runlim] sample:		44.0 time, 50.7 real, 163.4 MB
[runlim] sample:		53.0 time, 60.7 real, 185.0 MB
[runlim] sample:		62.8 time, 70.7 real, 209.0 MB
[runlim] sample:		72.6 time, 80.7 real, 229.4 MB
[runlim] sample:		82.3 time, 90.7 real, 253.1 MB
[runlim] sample:		91.2 time, 100.7 real, 275.2 MB
[runlim] sample:		100.5 time, 110.7 real, 292.5 MB
[runlim] sample:		109.8 time, 120.7 real, 307.7 MB
[runlim] sample:		119.0 time, 130.7 real, 344.4 MB
[runlim] sample:		127.3 time, 140.7 real, 345.7 MB
[runlim] sample:		135.9 time, 150.7 real, 357.1 MB
[runlim] sample:		144.4 time, 160.7 real, 370.2 MB
[runlim] sample:		152.3 time, 170.7 real, 384.4 MB
[runlim] sample:		160.7 time, 180.7 real, 400.4 MB
[runlim] sample:		169.6 time, 190.7 real, 414.8 MB
[runlim] sample:		179.2 time, 200.7 real, 429.3 MB
[runlim] sample:		189.1 time, 210.7 real, 450.9 MB
[runlim] sample:		199.1 time, 220.7 real, 466.6 MB
[runlim] sample:		208.5 time, 230.7 real, 488.6 MB
[runlim] sample:		218.2 time, 240.7 real, 509.2 MB
[runlim] sample:		228.2 time, 250.7 real, 580.9 MB
[runlim] sample:		237.8 time, 260.7 real, 582.8 MB
[runlim] sample:		247.1 time, 270.7 real, 584.8 MB
[runlim] sample:		256.4 time, 280.7 real, 588.7 MB
[runlim] sample:		265.7 time, 290.7 real, 591.0 MB
[runlim] sample:		275.1 time, 300.7 real, 600.3 MB
[runlim] sample:		285.0 time, 310.7 real, 618.1 MB
[runlim] sample:		295.0 time, 320.7 real, 629.7 MB
CVC4 interrupted by SIGTERM.
[runlim] end:			Mon Jan 28 15:51:43 2019
[runlim] status:		out of time
[runlim] result:		2
[runlim] children:		0
[runlim] real:			325.84 seconds
[runlim] time:			300.06 seconds
[runlim] space:			635.8 MB
[runlim] samples:		3251
