[runlim] version:		1.10fixed
[runlim] time limit:		300 seconds
[runlim] real time limit:	311040000 seconds
[runlim] space limit:		4000 MB
[runlim] argv[0]:		./cvc4
[runlim] argv[1]:		--nl-ext-tplanes
[runlim] argv[2]:		--fmf-fun-rlv
[runlim] argv[3]:		/tmp/XmsIKVec.smt2
[runlim] start:			Mon Jan 28 15:36:31 2019
[runlim] main pid:		25605
[runlim] sample:		9.0 time, 10.2 real, 45.4 MB
[runlim] sample:		19.0 time, 20.2 real, 186.4 MB
[runlim] sample:		29.0 time, 30.2 real, 516.8 MB
[runlim] sample:		39.0 time, 40.2 real, 693.0 MB
[runlim] sample:		49.0 time, 50.2 real, 733.2 MB
[runlim] sample:		59.0 time, 60.2 real, 733.5 MB
[runlim] sample:		69.0 time, 70.2 real, 733.5 MB
[runlim] sample:		79.0 time, 80.2 real, 733.8 MB
[runlim] sample:		88.3 time, 90.2 real, 733.8 MB
[runlim] sample:		98.2 time, 100.2 real, 734.0 MB
[runlim] sample:		108.2 time, 110.2 real, 734.3 MB
[runlim] sample:		118.2 time, 120.2 real, 734.3 MB
[runlim] sample:		128.2 time, 130.2 real, 734.5 MB
[runlim] sample:		138.1 time, 140.2 real, 734.8 MB
[runlim] sample:		147.2 time, 150.2 real, 734.8 MB
[runlim] sample:		156.9 time, 160.2 real, 735.1 MB
[runlim] sample:		166.9 time, 170.2 real, 735.1 MB
[runlim] sample:		176.9 time, 180.2 real, 735.3 MB
[runlim] sample:		186.9 time, 190.2 real, 735.6 MB
[runlim] sample:		196.9 time, 200.2 real, 735.6 MB
[runlim] sample:		206.9 time, 210.2 real, 735.6 MB
[runlim] sample:		216.9 time, 220.2 real, 735.8 MB
[runlim] sample:		226.9 time, 230.2 real, 736.1 MB
[runlim] sample:		236.9 time, 240.2 real, 736.1 MB
[runlim] sample:		246.9 time, 250.2 real, 736.3 MB
[runlim] sample:		256.9 time, 260.2 real, 736.6 MB
[runlim] sample:		266.9 time, 270.2 real, 736.9 MB
[runlim] sample:		276.9 time, 280.2 real, 737.1 MB
[runlim] sample:		286.9 time, 290.2 real, 737.4 MB
[runlim] sample:		296.9 time, 300.2 real, 737.6 MB
CVC4 interrupted by SIGTERM.
[runlim] end:			Mon Jan 28 15:41:34 2019
[runlim] status:		out of time
[runlim] result:		2
[runlim] children:		0
[runlim] real:			303.37 seconds
[runlim] time:			300.03 seconds
[runlim] space:			737.6 MB
[runlim] samples:		3031
