[runlim] version:		1.10fixed
[runlim] time limit:		300 seconds
[runlim] real time limit:	311040000 seconds
[runlim] space limit:		4000 MB
[runlim] argv[0]:		./cvc4
[runlim] argv[1]:		--nl-ext-tplanes
[runlim] argv[2]:		--fmf-fun-rlv
[runlim] argv[3]:		/tmp/r84oawQ8.smt2
[runlim] start:			Mon Jan 28 15:46:04 2019
[runlim] main pid:		2586
[runlim] sample:		9.5 time, 10.6 real, 48.2 MB
[runlim] sample:		19.5 time, 20.6 real, 62.9 MB
[runlim] sample:		29.2 time, 30.6 real, 75.4 MB
[runlim] sample:		38.9 time, 40.6 real, 86.9 MB
[runlim] sample:		48.6 time, 50.6 real, 98.2 MB
[runlim] sample:		58.2 time, 60.6 real, 106.2 MB
[runlim] sample:		67.2 time, 70.6 real, 113.7 MB
[runlim] sample:		76.6 time, 80.6 real, 122.9 MB
[runlim] sample:		86.1 time, 90.6 real, 130.7 MB
[runlim] sample:		94.4 time, 100.6 real, 137.6 MB
[runlim] sample:		104.4 time, 110.6 real, 144.8 MB
[runlim] sample:		114.4 time, 120.6 real, 154.1 MB
[runlim] sample:		121.9 time, 130.6 real, 160.5 MB
[runlim] sample:		130.4 time, 140.6 real, 169.3 MB
[runlim] sample:		138.3 time, 150.6 real, 175.5 MB
[runlim] sample:		146.2 time, 160.6 real, 180.1 MB
[runlim] sample:		155.1 time, 170.6 real, 186.3 MB
[runlim] sample:		164.7 time, 180.6 real, 196.8 MB
[runlim] sample:		173.3 time, 190.6 real, 198.4 MB
[runlim] sample:		182.0 time, 200.6 real, 203.5 MB
[runlim] sample:		190.6 time, 210.6 real, 209.7 MB
[runlim] sample:		199.3 time, 220.6 real, 216.2 MB
[runlim] sample:		208.3 time, 230.6 real, 222.4 MB
[runlim] sample:		218.3 time, 240.6 real, 229.3 MB
[runlim] sample:		228.3 time, 250.6 real, 234.2 MB
[runlim] sample:		238.2 time, 260.6 real, 240.2 MB
[runlim] sample:		247.2 time, 270.6 real, 245.1 MB
[runlim] sample:		256.0 time, 280.6 real, 250.2 MB
[runlim] sample:		264.4 time, 290.6 real, 254.1 MB
[runlim] sample:		273.3 time, 300.6 real, 258.5 MB
[runlim] sample:		283.1 time, 310.6 real, 263.9 MB
[runlim] sample:		293.1 time, 320.6 real, 272.4 MB
[runlim] end:			Mon Jan 28 15:51:31 2019
[runlim] status:		signal(9)
[runlim] result:		11
[runlim] children:		0
[runlim] real:			327.32 seconds
[runlim] time:			299.81 seconds
[runlim] space:			273.9 MB
[runlim] samples:		3267
