[runlim] version:		1.10fixed
[runlim] time limit:		300 seconds
[runlim] real time limit:	311040000 seconds
[runlim] space limit:		4000 MB
[runlim] argv[0]:		./cvc4
[runlim] argv[1]:		--nl-ext-tplanes
[runlim] argv[2]:		--fmf-fun-rlv
[runlim] argv[3]:		/tmp/0KkNrJ9f.smt2
[runlim] start:			Tue Jan 29 12:09:10 2019
[runlim] main pid:		18485
[runlim] sample:		8.9 time, 10.8 real, 54.1 MB
[runlim] sample:		18.1 time, 20.8 real, 89.7 MB
[runlim] sample:		27.5 time, 30.8 real, 124.9 MB
[runlim] sample:		37.2 time, 40.8 real, 162.1 MB
[runlim] sample:		47.0 time, 50.8 real, 197.3 MB
[runlim] sample:		56.6 time, 60.8 real, 236.9 MB
[runlim] sample:		64.9 time, 70.8 real, 266.5 MB
[runlim] sample:		73.7 time, 80.8 real, 297.7 MB
[runlim] sample:		83.3 time, 90.8 real, 334.5 MB
[runlim] sample:		92.3 time, 100.8 real, 365.4 MB
[runlim] sample:		102.0 time, 110.8 real, 399.2 MB
[runlim] sample:		111.5 time, 120.8 real, 437.1 MB
[runlim] sample:		120.9 time, 130.8 real, 478.2 MB
[runlim] sample:		129.9 time, 140.8 real, 485.7 MB
[runlim] sample:		138.4 time, 150.8 real, 513.0 MB
[runlim] sample:		146.6 time, 160.8 real, 538.5 MB
[runlim] sample:		154.9 time, 170.8 real, 564.0 MB
[runlim] sample:		163.6 time, 180.8 real, 596.2 MB
[runlim] sample:		173.6 time, 190.8 real, 632.3 MB
[runlim] sample:		183.6 time, 200.8 real, 672.7 MB
[runlim] sample:		193.6 time, 210.8 real, 709.3 MB
[runlim] sample:		203.6 time, 220.8 real, 744.9 MB
[runlim] sample:		213.6 time, 230.8 real, 780.7 MB
[runlim] sample:		223.6 time, 240.8 real, 828.2 MB
[runlim] sample:		233.6 time, 250.8 real, 865.5 MB
[runlim] sample:		243.6 time, 260.8 real, 914.3 MB
[runlim] sample:		253.6 time, 270.8 real, 926.5 MB
[runlim] sample:		263.6 time, 280.8 real, 952.8 MB
[runlim] sample:		273.5 time, 290.8 real, 985.0 MB
[runlim] sample:		283.5 time, 300.8 real, 1019.3 MB
[runlim] sample:		293.5 time, 310.8 real, 1054.8 MB
CVC4 interrupted by SIGTERM.
[runlim] end:			Tue Jan 29 12:14:27 2019
[runlim] status:		out of time
[runlim] result:		2
[runlim] children:		0
[runlim] real:			317.48 seconds
[runlim] time:			300.11 seconds
[runlim] space:			1076.8 MB
[runlim] samples:		3166
