[runlim] version:		1.10fixed
[runlim] time limit:		300 seconds
[runlim] real time limit:	311040000 seconds
[runlim] space limit:		4000 MB
[runlim] argv[0]:		./cvc4
[runlim] argv[1]:		--nl-ext-tplanes
[runlim] argv[2]:		--fmf-fun-rlv
[runlim] argv[3]:		/tmp/KKwcpfQW.smt2
[runlim] start:			Tue Jan 29 12:24:28 2019
[runlim] main pid:		9400
[runlim] sample:		9.7 time, 10.9 real, 70.5 MB
[runlim] sample:		19.7 time, 20.9 real, 370.3 MB
[runlim] sample:		28.8 time, 30.9 real, 565.0 MB
[runlim] sample:		38.5 time, 40.9 real, 595.2 MB
[runlim] sample:		48.2 time, 50.9 real, 595.5 MB
[runlim] sample:		58.1 time, 60.9 real, 595.5 MB
[runlim] sample:		68.1 time, 70.9 real, 595.7 MB
[runlim] sample:		78.1 time, 80.9 real, 596.0 MB
[runlim] sample:		88.1 time, 90.9 real, 596.2 MB
[runlim] sample:		98.1 time, 100.9 real, 596.5 MB
[runlim] sample:		108.1 time, 110.9 real, 596.8 MB
[runlim] sample:		117.3 time, 120.9 real, 596.8 MB
[runlim] sample:		125.4 time, 130.9 real, 596.8 MB
[runlim] sample:		133.9 time, 140.9 real, 597.0 MB
[runlim] sample:		142.5 time, 150.9 real, 597.0 MB
[runlim] sample:		151.6 time, 160.9 real, 597.3 MB
[runlim] sample:		161.6 time, 170.9 real, 597.5 MB
[runlim] sample:		171.1 time, 180.9 real, 597.8 MB
[runlim] sample:		180.1 time, 190.9 real, 597.8 MB
[runlim] sample:		189.6 time, 200.9 real, 598.0 MB
[runlim] sample:		198.7 time, 210.9 real, 598.3 MB
[runlim] sample:		207.8 time, 220.9 real, 598.6 MB
[runlim] sample:		217.1 time, 230.9 real, 598.8 MB
[runlim] sample:		226.1 time, 240.9 real, 599.1 MB
[runlim] sample:		235.4 time, 250.9 real, 599.1 MB
[runlim] sample:		245.1 time, 260.9 real, 599.3 MB
[runlim] sample:		255.0 time, 270.9 real, 599.6 MB
[runlim] sample:		265.0 time, 280.9 real, 599.6 MB
[runlim] sample:		274.9 time, 290.9 real, 599.8 MB
[runlim] sample:		284.9 time, 300.9 real, 600.1 MB
[runlim] sample:		294.6 time, 310.9 real, 600.1 MB
[runlim] end:			Tue Jan 29 12:29:42 2019
[runlim] status:		signal(9)
[runlim] result:		11
[runlim] children:		0
[runlim] real:			314.99 seconds
[runlim] time:			298.31 seconds
[runlim] space:			600.4 MB
[runlim] samples:		3140
