[runlim] version:		1.10fixed
[runlim] time limit:		300 seconds
[runlim] real time limit:	311040000 seconds
[runlim] space limit:		4000 MB
[runlim] argv[0]:		./cvc4
[runlim] argv[1]:		--nl-ext-tplanes
[runlim] argv[2]:		--fmf-fun-rlv
[runlim] argv[3]:		/tmp/xUB33X0H.smt2
[runlim] start:			Mon Jan 28 15:47:11 2019
[runlim] main pid:		29996
[runlim] sample:		9.9 time, 10.6 real, 72.4 MB
[runlim] sample:		19.8 time, 20.6 real, 105.8 MB
[runlim] sample:		29.8 time, 30.6 real, 141.3 MB
[runlim] sample:		39.8 time, 40.6 real, 162.8 MB
[runlim] sample:		49.8 time, 50.6 real, 186.8 MB
[runlim] sample:		59.8 time, 60.6 real, 217.5 MB
[runlim] sample:		69.8 time, 70.6 real, 233.5 MB
[runlim] sample:		79.8 time, 80.6 real, 262.3 MB
[runlim] sample:		89.8 time, 90.6 real, 282.4 MB
[runlim] sample:		99.8 time, 100.6 real, 302.8 MB
[runlim] sample:		109.8 time, 110.6 real, 347.8 MB
[runlim] sample:		119.8 time, 120.6 real, 350.4 MB
[runlim] sample:		129.8 time, 130.6 real, 355.8 MB
[runlim] sample:		139.8 time, 140.6 real, 373.4 MB
[runlim] sample:		149.8 time, 150.6 real, 393.5 MB
[runlim] sample:		159.8 time, 160.6 real, 410.2 MB
[runlim] sample:		169.8 time, 170.6 real, 428.5 MB
[runlim] sample:		179.8 time, 180.6 real, 447.1 MB
[runlim] sample:		189.8 time, 190.6 real, 466.7 MB
[runlim] sample:		199.8 time, 200.6 real, 490.7 MB
[runlim] sample:		209.8 time, 210.6 real, 513.6 MB
[runlim] sample:		219.2 time, 220.6 real, 585.0 MB
[runlim] sample:		228.6 time, 230.6 real, 586.8 MB
[runlim] sample:		237.9 time, 240.6 real, 590.7 MB
[runlim] sample:		247.3 time, 250.6 real, 592.8 MB
[runlim] sample:		256.8 time, 260.6 real, 595.1 MB
[runlim] sample:		266.8 time, 270.6 real, 607.7 MB
[runlim] sample:		275.1 time, 280.6 real, 620.1 MB
[runlim] sample:		284.5 time, 290.6 real, 632.0 MB
[runlim] sample:		294.5 time, 300.6 real, 646.6 MB
CVC4 interrupted by SIGTERM.
[runlim] end:			Mon Jan 28 15:52:17 2019
[runlim] status:		out of time
[runlim] result:		2
[runlim] children:		0
[runlim] real:			306.19 seconds
[runlim] time:			300.07 seconds
[runlim] space:			657.7 MB
[runlim] samples:		3056
