[runlim] version:		1.10fixed
[runlim] time limit:		300 seconds
[runlim] real time limit:	311040000 seconds
[runlim] space limit:		4000 MB
[runlim] argv[0]:		./cvc4
[runlim] argv[1]:		--nl-ext-tplanes
[runlim] argv[2]:		--fmf-fun-rlv
[runlim] argv[3]:		/tmp/vENlb2f9.smt2
[runlim] start:			Tue Jan 29 12:23:31 2019
[runlim] main pid:		12060
[runlim] sample:		8.0 time, 10.6 real, 62.7 MB
[runlim] sample:		16.0 time, 20.6 real, 93.3 MB
[runlim] sample:		24.8 time, 30.6 real, 120.6 MB
[runlim] sample:		34.8 time, 40.6 real, 151.0 MB
[runlim] sample:		44.8 time, 50.6 real, 179.9 MB
[runlim] sample:		54.8 time, 60.6 real, 205.9 MB
[runlim] sample:		64.8 time, 70.6 real, 219.3 MB
[runlim] sample:		74.8 time, 80.6 real, 241.5 MB
[runlim] sample:		84.8 time, 90.6 real, 263.2 MB
[runlim] sample:		94.8 time, 100.6 real, 285.9 MB
[runlim] sample:		104.8 time, 110.6 real, 304.7 MB
[runlim] sample:		114.8 time, 120.6 real, 334.8 MB
[runlim] sample:		124.8 time, 130.6 real, 337.1 MB
[runlim] sample:		134.8 time, 140.6 real, 354.9 MB
[runlim] sample:		144.8 time, 150.6 real, 374.0 MB
[runlim] sample:		154.8 time, 160.6 real, 388.6 MB
[runlim] sample:		164.8 time, 170.6 real, 413.4 MB
[runlim] sample:		174.8 time, 180.6 real, 430.4 MB
[runlim] sample:		184.8 time, 190.6 real, 445.1 MB
[runlim] sample:		194.8 time, 200.6 real, 467.3 MB
[runlim] sample:		204.8 time, 210.6 real, 484.0 MB
[runlim] sample:		214.8 time, 220.6 real, 543.7 MB
[runlim] sample:		224.8 time, 230.6 real, 546.5 MB
[runlim] sample:		234.7 time, 240.6 real, 549.4 MB
[runlim] sample:		244.7 time, 250.6 real, 562.5 MB
[runlim] sample:		254.7 time, 260.6 real, 580.3 MB
[runlim] sample:		264.7 time, 270.6 real, 599.6 MB
[runlim] sample:		274.7 time, 280.6 real, 615.4 MB
[runlim] sample:		284.7 time, 290.6 real, 631.1 MB
[runlim] sample:		294.7 time, 300.6 real, 648.6 MB
CVC4 interrupted by SIGTERM.
[runlim] end:			Tue Jan 29 12:28:36 2019
[runlim] status:		out of time
[runlim] result:		2
[runlim] children:		0
[runlim] real:			305.99 seconds
[runlim] time:			300.02 seconds
[runlim] space:			655.1 MB
[runlim] samples:		3053
