[runlim] version:		1.10fixed
[runlim] time limit:		300 seconds
[runlim] real time limit:	311040000 seconds
[runlim] space limit:		4000 MB
[runlim] argv[0]:		./cvc4
[runlim] argv[1]:		--nl-ext-tplanes
[runlim] argv[2]:		--fmf-fun-rlv
[runlim] argv[3]:		/tmp/Cjr8LvkH.smt2
[runlim] start:			Tue Jan 29 12:24:16 2019
[runlim] main pid:		25011
[runlim] sample:		9.7 time, 10.3 real, 75.4 MB
[runlim] sample:		19.5 time, 20.3 real, 131.0 MB
[runlim] sample:		29.5 time, 30.3 real, 184.7 MB
[runlim] sample:		38.5 time, 40.3 real, 237.8 MB
[runlim] sample:		48.1 time, 50.3 real, 290.1 MB
[runlim] sample:		58.0 time, 60.3 real, 344.4 MB
[runlim] sample:		68.0 time, 70.3 real, 395.9 MB
[runlim] sample:		78.0 time, 80.3 real, 454.5 MB
[runlim] sample:		87.6 time, 90.3 real, 485.8 MB
[runlim] sample:		97.6 time, 100.3 real, 535.3 MB
[runlim] sample:		107.1 time, 110.3 real, 587.7 MB
[runlim] sample:		117.1 time, 120.3 real, 638.9 MB
[runlim] sample:		127.1 time, 130.3 real, 694.0 MB
[runlim] sample:		137.1 time, 140.3 real, 744.0 MB
[runlim] sample:		146.7 time, 150.3 real, 802.9 MB
[runlim] sample:		156.4 time, 160.3 real, 853.1 MB
[runlim] sample:		166.1 time, 170.3 real, 916.6 MB
[runlim] sample:		175.0 time, 180.3 real, 936.5 MB
[runlim] sample:		184.4 time, 190.3 real, 984.7 MB
[runlim] sample:		194.0 time, 200.3 real, 1034.0 MB
[runlim] sample:		203.4 time, 210.3 real, 1082.4 MB
[runlim] sample:		213.3 time, 220.3 real, 1137.1 MB
[runlim] sample:		223.3 time, 230.3 real, 1191.8 MB
[runlim] sample:		233.3 time, 240.3 real, 1243.8 MB
[runlim] sample:		243.3 time, 250.3 real, 1306.0 MB
[runlim] sample:		253.3 time, 260.3 real, 1338.5 MB
[runlim] sample:		262.8 time, 270.3 real, 1369.9 MB
[runlim] sample:		271.2 time, 280.3 real, 1410.8 MB
[runlim] sample:		280.1 time, 290.3 real, 1454.9 MB
[runlim] sample:		289.8 time, 300.3 real, 1502.6 MB
[runlim] sample:		299.5 time, 310.3 real, 1548.5 MB
CVC4 interrupted by SIGTERM.
[runlim] end:			Tue Jan 29 12:29:27 2019
[runlim] status:		out of time
[runlim] result:		2
[runlim] children:		0
[runlim] real:			311.07 seconds
[runlim] time:			300.15 seconds
[runlim] space:			1551.1 MB
[runlim] samples:		3107
