[runlim] version:		1.10fixed
[runlim] time limit:		300 seconds
[runlim] real time limit:	311040000 seconds
[runlim] space limit:		4000 MB
[runlim] argv[0]:		./cvc4
[runlim] argv[1]:		--nl-ext-tplanes
[runlim] argv[2]:		--fmf-fun-rlv
[runlim] argv[3]:		/tmp/nOkPfQzp.smt2
[runlim] start:			Tue Jan 29 12:22:49 2019
[runlim] main pid:		2950
[runlim] sample:		8.6 time, 10.1 real, 76.9 MB
[runlim] sample:		17.3 time, 20.1 real, 80.5 MB
[runlim] sample:		26.1 time, 30.1 real, 84.1 MB
[runlim] sample:		35.1 time, 40.1 real, 94.2 MB
[runlim] sample:		43.9 time, 50.1 real, 106.8 MB
[runlim] sample:		53.2 time, 60.1 real, 112.2 MB
[runlim] sample:		62.1 time, 70.1 real, 117.1 MB
[runlim] sample:		70.8 time, 80.1 real, 124.9 MB
[runlim] sample:		79.2 time, 90.1 real, 137.8 MB
[runlim] sample:		88.4 time, 100.1 real, 162.1 MB
[runlim] sample:		98.4 time, 110.1 real, 186.6 MB
[runlim] sample:		108.4 time, 120.1 real, 213.4 MB
[runlim] sample:		118.3 time, 130.1 real, 247.0 MB
[runlim] sample:		128.3 time, 140.1 real, 513.3 MB
[runlim] sample:		138.3 time, 150.1 real, 810.5 MB
[runlim] sample:		148.3 time, 160.1 real, 1112.0 MB
[runlim] sample:		157.7 time, 170.1 real, 1376.3 MB
[runlim] sample:		166.8 time, 180.1 real, 1662.6 MB
[runlim] sample:		175.8 time, 190.1 real, 1934.1 MB
[runlim] sample:		185.6 time, 200.1 real, 2221.4 MB
[runlim] sample:		195.6 time, 210.1 real, 2496.3 MB
[runlim] sample:		205.6 time, 220.1 real, 2797.4 MB
[runlim] sample:		215.5 time, 230.1 real, 3119.4 MB
[runlim] sample:		225.5 time, 240.1 real, 3425.6 MB
[runlim] sample:		235.5 time, 250.1 real, 3797.9 MB
CVC4 interrupted by SIGTERM.
[runlim] end:			Tue Jan 29 12:27:07 2019
[runlim] status:		out of memory
[runlim] result:		3
[runlim] children:		0
[runlim] real:			259.00 seconds
[runlim] time:			244.34 seconds
[runlim] space:			4002.4 MB
[runlim] samples:		2588
