[runlim] version:		1.10fixed
[runlim] time limit:		300 seconds
[runlim] real time limit:	311040000 seconds
[runlim] space limit:		4000 MB
[runlim] argv[0]:		./cvc4
[runlim] argv[1]:		--nl-ext-tplanes
[runlim] argv[2]:		--fmf-fun-rlv
[runlim] argv[3]:		/tmp/Cxng3Kq5.smt2
[runlim] start:			Tue Jan 29 12:11:23 2019
[runlim] main pid:		673
[runlim] sample:		9.1 time, 10.0 real, 64.6 MB
[runlim] sample:		19.1 time, 20.0 real, 358.4 MB
[runlim] sample:		29.1 time, 30.0 real, 564.5 MB
[runlim] sample:		39.1 time, 40.0 real, 594.7 MB
[runlim] sample:		49.1 time, 50.0 real, 594.7 MB
[runlim] sample:		59.1 time, 60.0 real, 594.9 MB
[runlim] sample:		69.1 time, 70.0 real, 595.2 MB
[runlim] sample:		79.1 time, 80.0 real, 595.4 MB
[runlim] sample:		89.0 time, 90.0 real, 595.4 MB
[runlim] sample:		99.0 time, 100.0 real, 595.7 MB
[runlim] sample:		109.0 time, 110.0 real, 596.0 MB
[runlim] sample:		119.0 time, 120.0 real, 596.2 MB
[runlim] sample:		129.0 time, 130.0 real, 596.5 MB
[runlim] sample:		139.0 time, 140.0 real, 596.7 MB
[runlim] sample:		149.0 time, 150.0 real, 596.7 MB
[runlim] sample:		159.0 time, 160.0 real, 596.7 MB
[runlim] sample:		169.0 time, 170.0 real, 597.0 MB
[runlim] sample:		179.0 time, 180.0 real, 597.2 MB
[runlim] sample:		189.0 time, 190.0 real, 597.5 MB
[runlim] sample:		199.0 time, 200.0 real, 597.8 MB
[runlim] sample:		209.0 time, 210.0 real, 597.8 MB
[runlim] sample:		219.0 time, 220.0 real, 598.0 MB
[runlim] sample:		229.0 time, 230.0 real, 598.3 MB
[runlim] sample:		239.0 time, 240.0 real, 598.5 MB
[runlim] sample:		249.0 time, 250.0 real, 598.8 MB
[runlim] sample:		259.0 time, 260.0 real, 599.1 MB
[runlim] sample:		269.0 time, 270.0 real, 599.3 MB
[runlim] sample:		279.0 time, 280.0 real, 599.3 MB
[runlim] sample:		289.0 time, 290.0 real, 599.3 MB
[runlim] sample:		299.0 time, 300.0 real, 599.6 MB
CVC4 interrupted by SIGTERM.
[runlim] end:			Tue Jan 29 12:16:24 2019
[runlim] status:		out of time
[runlim] result:		2
[runlim] children:		0
[runlim] real:			301.07 seconds
[runlim] time:			300.02 seconds
[runlim] space:			599.6 MB
[runlim] samples:		3010
