[runlim] version:		1.10fixed
[runlim] time limit:		300 seconds
[runlim] real time limit:	311040000 seconds
[runlim] space limit:		4000 MB
[runlim] argv[0]:		./cvc4
[runlim] argv[1]:		--nl-ext-tplanes
[runlim] argv[2]:		--fmf-fun-rlv
[runlim] argv[3]:		/tmp/lgn2YWmx.smt2
[runlim] start:			Mon Jan 28 15:48:05 2019
[runlim] main pid:		27415
[runlim] sample:		8.7 time, 10.8 real, 67.9 MB
[runlim] sample:		18.7 time, 20.8 real, 103.3 MB
[runlim] sample:		27.7 time, 30.8 real, 131.9 MB
[runlim] sample:		37.6 time, 40.8 real, 157.5 MB
[runlim] sample:		47.6 time, 50.8 real, 181.7 MB
[runlim] sample:		57.6 time, 60.8 real, 218.2 MB
[runlim] sample:		67.6 time, 70.8 real, 227.5 MB
[runlim] sample:		77.6 time, 80.8 real, 256.9 MB
[runlim] sample:		86.9 time, 90.8 real, 276.7 MB
[runlim] sample:		96.3 time, 100.8 real, 296.3 MB
[runlim] sample:		105.6 time, 110.8 real, 313.4 MB
[runlim] sample:		114.5 time, 120.8 real, 349.8 MB
[runlim] sample:		124.0 time, 130.8 real, 352.7 MB
[runlim] sample:		133.4 time, 140.8 real, 359.9 MB
[runlim] sample:		143.3 time, 150.8 real, 378.2 MB
[runlim] sample:		152.5 time, 160.8 real, 392.9 MB
[runlim] sample:		162.2 time, 170.8 real, 412.0 MB
[runlim] sample:		172.1 time, 180.8 real, 427.2 MB
[runlim] sample:		181.7 time, 190.8 real, 442.9 MB
[runlim] sample:		191.4 time, 200.8 real, 463.3 MB
[runlim] sample:		201.1 time, 210.8 real, 485.7 MB
[runlim] sample:		210.8 time, 220.8 real, 507.1 MB
[runlim] sample:		220.5 time, 230.8 real, 528.2 MB
[runlim] sample:		230.2 time, 240.8 real, 588.4 MB
[runlim] sample:		239.6 time, 250.8 real, 592.3 MB
[runlim] sample:		249.4 time, 260.8 real, 594.1 MB
[runlim] sample:		259.2 time, 270.8 real, 596.4 MB
[runlim] sample:		268.6 time, 280.8 real, 605.2 MB
[runlim] sample:		278.6 time, 290.8 real, 619.6 MB
[runlim] sample:		288.5 time, 300.8 real, 630.9 MB
[runlim] sample:		298.4 time, 310.8 real, 643.3 MB
CVC4 interrupted by SIGTERM.
[runlim] end:			Mon Jan 28 15:53:17 2019
[runlim] status:		out of time
[runlim] result:		2
[runlim] children:		0
[runlim] real:			312.48 seconds
[runlim] time:			300.04 seconds
[runlim] space:			645.1 MB
[runlim] samples:		3116
