[runlim] version:		1.10fixed
[runlim] time limit:		300 seconds
[runlim] real time limit:	311040000 seconds
[runlim] space limit:		4000 MB
[runlim] argv[0]:		./cvc4
[runlim] argv[1]:		--nl-ext-tplanes
[runlim] argv[2]:		--fmf-fun-rlv
[runlim] argv[3]:		/tmp/d0g089f5.smt2
[runlim] start:			Mon Jan 28 15:48:16 2019
[runlim] main pid:		23867
[runlim] sample:		9.9 time, 10.4 real, 36.7 MB
[runlim] sample:		19.9 time, 20.4 real, 42.9 MB
[runlim] sample:		29.9 time, 30.4 real, 46.9 MB
[runlim] sample:		40.0 time, 40.4 real, 51.2 MB
[runlim] sample:		50.0 time, 50.4 real, 54.6 MB
[runlim] sample:		60.0 time, 60.4 real, 57.4 MB
[runlim] sample:		70.0 time, 70.4 real, 61.0 MB
[runlim] sample:		79.9 time, 80.4 real, 63.5 MB
[runlim] sample:		89.9 time, 90.4 real, 66.7 MB
[runlim] sample:		99.9 time, 100.4 real, 69.3 MB
[runlim] sample:		109.9 time, 110.4 real, 68.4 MB
[runlim] sample:		119.9 time, 120.4 real, 73.3 MB
[runlim] sample:		129.9 time, 130.4 real, 75.3 MB
[runlim] sample:		139.9 time, 140.4 real, 73.5 MB
[runlim] sample:		149.9 time, 150.4 real, 78.2 MB
[runlim] sample:		159.9 time, 160.4 real, 80.6 MB
[runlim] sample:		169.9 time, 170.4 real, 78.1 MB
[runlim] sample:		179.9 time, 180.4 real, 81.5 MB
[runlim] sample:		189.9 time, 190.4 real, 86.1 MB
[runlim] sample:		199.9 time, 200.4 real, 87.5 MB
[runlim] sample:		209.9 time, 210.4 real, 84.6 MB
[runlim] sample:		219.9 time, 220.4 real, 88.6 MB
[runlim] sample:		229.8 time, 230.4 real, 91.8 MB
[runlim] sample:		239.8 time, 240.4 real, 93.6 MB
[runlim] sample:		249.8 time, 250.4 real, 92.2 MB
[runlim] sample:		259.8 time, 260.4 real, 95.9 MB
[runlim] sample:		269.8 time, 270.4 real, 97.9 MB
[runlim] sample:		279.1 time, 280.4 real, 99.5 MB
[runlim] sample:		289.1 time, 290.4 real, 100.9 MB
[runlim] sample:		299.1 time, 300.4 real, 101.2 MB
CVC4 interrupted by SIGTERM.
[runlim] end:			Mon Jan 28 15:53:17 2019
[runlim] status:		out of time
[runlim] result:		2
[runlim] children:		0
[runlim] real:			301.30 seconds
[runlim] time:			300.01 seconds
[runlim] space:			101.2 MB
[runlim] samples:		3009
