[runlim] version:		1.10fixed
[runlim] time limit:		300 seconds
[runlim] real time limit:	311040000 seconds
[runlim] space limit:		4000 MB
[runlim] argv[0]:		./cvc4
[runlim] argv[1]:		--nl-ext-tplanes
[runlim] argv[2]:		--fmf-fun-rlv
[runlim] argv[3]:		/tmp/bk4xTQrD.smt2
[runlim] start:			Mon Jan 28 15:47:20 2019
[runlim] main pid:		10453
[runlim] sample:		8.7 time, 10.4 real, 49.4 MB
[runlim] sample:		17.4 time, 20.4 real, 296.2 MB
[runlim] sample:		26.9 time, 30.4 real, 534.7 MB
[runlim] sample:		36.9 time, 40.4 real, 595.8 MB
[runlim] sample:		46.7 time, 50.4 real, 596.0 MB
[runlim] sample:		55.9 time, 60.4 real, 596.3 MB
[runlim] sample:		64.5 time, 70.4 real, 596.3 MB
[runlim] sample:		73.7 time, 80.4 real, 596.6 MB
[runlim] sample:		83.7 time, 90.4 real, 596.8 MB
[runlim] sample:		92.7 time, 100.4 real, 597.1 MB
[runlim] sample:		101.5 time, 110.4 real, 597.1 MB
[runlim] sample:		109.9 time, 120.4 real, 597.1 MB
[runlim] sample:		119.1 time, 130.4 real, 597.3 MB
[runlim] sample:		128.4 time, 140.4 real, 597.3 MB
[runlim] sample:		138.2 time, 150.4 real, 597.6 MB
[runlim] sample:		148.2 time, 160.4 real, 597.8 MB
[runlim] sample:		158.2 time, 170.4 real, 598.1 MB
[runlim] sample:		168.2 time, 180.4 real, 598.4 MB
[runlim] sample:		178.2 time, 190.4 real, 598.6 MB
[runlim] sample:		188.2 time, 200.4 real, 598.6 MB
[runlim] sample:		198.2 time, 210.4 real, 598.9 MB
[runlim] sample:		208.2 time, 220.4 real, 599.1 MB
[runlim] sample:		218.2 time, 230.4 real, 599.4 MB
[runlim] sample:		228.2 time, 240.4 real, 599.6 MB
[runlim] sample:		238.2 time, 250.4 real, 599.9 MB
[runlim] sample:		248.2 time, 260.4 real, 599.9 MB
[runlim] sample:		258.2 time, 270.4 real, 600.2 MB
[runlim] sample:		268.2 time, 280.4 real, 600.2 MB
[runlim] sample:		278.2 time, 290.4 real, 600.4 MB
[runlim] sample:		288.2 time, 300.4 real, 600.7 MB
[runlim] sample:		298.2 time, 310.4 real, 600.9 MB
CVC4 interrupted by SIGTERM.
[runlim] end:			Mon Jan 28 15:52:32 2019
[runlim] status:		out of time
[runlim] result:		2
[runlim] children:		0
[runlim] real:			312.24 seconds
[runlim] time:			300.02 seconds
[runlim] space:			600.9 MB
[runlim] samples:		3118
