[runlim] version:		1.10fixed
[runlim] time limit:		300 seconds
[runlim] real time limit:	311040000 seconds
[runlim] space limit:		4000 MB
[runlim] argv[0]:		./cvc4
[runlim] argv[1]:		--nl-ext-tplanes
[runlim] argv[2]:		--fmf-fun-rlv
[runlim] argv[3]:		/tmp/3ctDT8oZ.smt2
[runlim] start:			Mon Jan 28 15:44:58 2019
[runlim] main pid:		26096
[runlim] sample:		8.8 time, 10.6 real, 75.5 MB
[runlim] sample:		18.1 time, 20.6 real, 77.3 MB
[runlim] sample:		27.4 time, 30.6 real, 84.5 MB
[runlim] sample:		36.8 time, 40.6 real, 95.3 MB
[runlim] sample:		46.1 time, 50.6 real, 100.5 MB
[runlim] sample:		55.4 time, 60.6 real, 105.6 MB
[runlim] sample:		64.7 time, 70.6 real, 116.6 MB
[runlim] sample:		74.0 time, 80.6 real, 134.2 MB
[runlim] sample:		83.5 time, 90.6 real, 159.0 MB
[runlim] sample:		93.5 time, 100.6 real, 182.7 MB
[runlim] sample:		103.5 time, 110.6 real, 206.4 MB
[runlim] sample:		113.5 time, 120.6 real, 289.8 MB
[runlim] sample:		123.4 time, 130.6 real, 595.5 MB
[runlim] sample:		133.4 time, 140.6 real, 908.6 MB
[runlim] sample:		143.4 time, 150.6 real, 1209.6 MB
[runlim] sample:		153.4 time, 160.6 real, 1524.5 MB
[runlim] sample:		163.4 time, 170.6 real, 1800.9 MB
[runlim] sample:		173.4 time, 180.6 real, 2111.0 MB
[runlim] sample:		183.4 time, 190.6 real, 2392.5 MB
[runlim] sample:		193.4 time, 200.6 real, 2690.2 MB
[runlim] sample:		203.4 time, 210.6 real, 3028.0 MB
[runlim] sample:		213.4 time, 220.6 real, 3320.6 MB
[runlim] sample:		223.4 time, 230.6 real, 3615.3 MB
[runlim] sample:		233.4 time, 240.6 real, 3935.7 MB
CVC4 interrupted by SIGTERM.
[runlim] end:			Mon Jan 28 15:49:01 2019
[runlim] status:		out of memory
[runlim] result:		3
[runlim] children:		0
[runlim] real:			243.33 seconds
[runlim] time:			236.11 seconds
[runlim] space:			4002.3 MB
[runlim] samples:		2427
