[runlim] version:		1.10fixed
[runlim] time limit:		300 seconds
[runlim] real time limit:	311040000 seconds
[runlim] space limit:		4000 MB
[runlim] argv[0]:		./cvc4
[runlim] argv[1]:		--nl-ext-tplanes
[runlim] argv[2]:		--fmf-fun-rlv
[runlim] argv[3]:		/tmp/Tov5YSy0.smt2
[runlim] start:			Mon Jan 28 15:45:03 2019
[runlim] main pid:		10361
[runlim] sample:		9.7 time, 10.0 real, 191.4 MB
[runlim] sample:		19.7 time, 20.0 real, 455.9 MB
[runlim] sample:		29.7 time, 30.0 real, 562.3 MB
[runlim] sample:		39.7 time, 40.0 real, 562.6 MB
[runlim] sample:		49.7 time, 50.0 real, 562.8 MB
[runlim] sample:		59.7 time, 60.0 real, 563.1 MB
[runlim] sample:		69.3 time, 70.0 real, 563.1 MB
[runlim] sample:		79.3 time, 80.0 real, 563.4 MB
[runlim] sample:		87.9 time, 90.0 real, 563.6 MB
[runlim] sample:		97.3 time, 100.0 real, 563.6 MB
[runlim] sample:		107.3 time, 110.0 real, 563.9 MB
[runlim] sample:		117.3 time, 120.0 real, 564.1 MB
[runlim] sample:		127.3 time, 130.0 real, 564.4 MB
[runlim] sample:		137.3 time, 140.0 real, 564.6 MB
[runlim] sample:		147.3 time, 150.0 real, 564.9 MB
[runlim] sample:		157.3 time, 160.0 real, 565.4 MB
[runlim] sample:		167.2 time, 170.0 real, 565.7 MB
[runlim] sample:		177.2 time, 180.0 real, 565.7 MB
[runlim] sample:		187.2 time, 190.0 real, 565.9 MB
[runlim] sample:		197.2 time, 200.0 real, 566.2 MB
[runlim] sample:		207.2 time, 210.0 real, 566.4 MB
[runlim] sample:		217.2 time, 220.0 real, 566.7 MB
[runlim] sample:		227.2 time, 230.0 real, 570.3 MB
[runlim] sample:		237.2 time, 240.0 real, 570.3 MB
[runlim] sample:		247.2 time, 250.0 real, 570.3 MB
[runlim] sample:		257.2 time, 260.0 real, 570.3 MB
[runlim] sample:		267.2 time, 270.0 real, 570.3 MB
[runlim] sample:		277.2 time, 280.0 real, 570.5 MB
[runlim] sample:		287.0 time, 290.0 real, 570.5 MB
[runlim] sample:		296.7 time, 300.0 real, 570.8 MB
CVC4 interrupted by SIGTERM.
[runlim] end:			Mon Jan 28 15:50:06 2019
[runlim] status:		out of time
[runlim] result:		2
[runlim] children:		0
[runlim] real:			303.49 seconds
[runlim] time:			300.03 seconds
[runlim] space:			570.8 MB
[runlim] samples:		3034
