[runlim] version:		1.10fixed
[runlim] time limit:		300 seconds
[runlim] real time limit:	311040000 seconds
[runlim] space limit:		4000 MB
[runlim] argv[0]:		./cvc4
[runlim] argv[1]:		--nl-ext-tplanes
[runlim] argv[2]:		--fmf-fun-rlv
[runlim] argv[3]:		/tmp/KEETOewV.smt2
[runlim] start:			Mon Jan 28 15:47:54 2019
[runlim] main pid:		18165
[runlim] sample:		9.9 time, 10.4 real, 222.8 MB
[runlim] sample:		19.6 time, 20.4 real, 481.6 MB
[runlim] sample:		29.1 time, 30.4 real, 560.8 MB
[runlim] sample:		39.0 time, 40.4 real, 561.1 MB
[runlim] sample:		48.8 time, 50.4 real, 561.3 MB
[runlim] sample:		58.8 time, 60.4 real, 561.6 MB
[runlim] sample:		68.6 time, 70.4 real, 561.8 MB
[runlim] sample:		77.9 time, 80.4 real, 562.1 MB
[runlim] sample:		86.3 time, 90.4 real, 562.1 MB
[runlim] sample:		94.7 time, 100.4 real, 562.3 MB
[runlim] sample:		104.1 time, 110.4 real, 562.6 MB
[runlim] sample:		113.7 time, 120.4 real, 562.6 MB
[runlim] sample:		123.3 time, 130.4 real, 562.9 MB
[runlim] sample:		131.7 time, 140.4 real, 563.1 MB
[runlim] sample:		141.4 time, 150.4 real, 563.4 MB
[runlim] sample:		151.0 time, 160.4 real, 563.6 MB
[runlim] sample:		160.1 time, 170.4 real, 563.9 MB
[runlim] sample:		170.1 time, 180.4 real, 564.1 MB
[runlim] sample:		180.1 time, 190.4 real, 564.4 MB
[runlim] sample:		190.1 time, 200.4 real, 564.6 MB
[runlim] sample:		200.1 time, 210.4 real, 564.9 MB
[runlim] sample:		208.2 time, 220.4 real, 564.9 MB
[runlim] sample:		217.2 time, 230.4 real, 565.2 MB
[runlim] sample:		226.0 time, 240.4 real, 565.2 MB
[runlim] sample:		234.0 time, 250.4 real, 565.4 MB
[runlim] sample:		242.1 time, 260.4 real, 569.0 MB
[runlim] sample:		252.1 time, 270.4 real, 569.0 MB
[runlim] sample:		262.1 time, 280.4 real, 569.0 MB
[runlim] sample:		272.1 time, 290.4 real, 569.0 MB
[runlim] sample:		282.1 time, 300.4 real, 569.0 MB
[runlim] sample:		291.9 time, 310.4 real, 569.0 MB
CVC4 interrupted by SIGTERM.
[runlim] end:			Mon Jan 28 15:53:13 2019
[runlim] status:		out of time
[runlim] result:		2
[runlim] children:		0
[runlim] real:			319.92 seconds
[runlim] time:			300.09 seconds
[runlim] space:			569.0 MB
[runlim] samples:		3195
