[runlim] version:		1.10fixed
[runlim] time limit:		300 seconds
[runlim] real time limit:	311040000 seconds
[runlim] space limit:		4000 MB
[runlim] argv[0]:		./cvc4
[runlim] argv[1]:		--nl-ext-tplanes
[runlim] argv[2]:		--fmf-fun-rlv
[runlim] argv[3]:		/tmp/JnVSWDv4.smt2
[runlim] start:			Tue Jan 29 12:20:54 2019
[runlim] main pid:		19414
[runlim] sample:		8.4 time, 10.7 real, 66.6 MB
[runlim] sample:		16.7 time, 20.7 real, 97.6 MB
[runlim] sample:		26.7 time, 30.7 real, 126.5 MB
[runlim] sample:		36.7 time, 40.7 real, 152.8 MB
[runlim] sample:		46.7 time, 50.7 real, 177.4 MB
[runlim] sample:		56.6 time, 60.7 real, 200.2 MB
[runlim] sample:		66.3 time, 70.7 real, 222.3 MB
[runlim] sample:		75.9 time, 80.7 real, 248.6 MB
[runlim] sample:		85.6 time, 90.7 real, 272.1 MB
[runlim] sample:		95.2 time, 100.7 real, 291.2 MB
[runlim] sample:		104.9 time, 110.7 real, 306.1 MB
[runlim] sample:		114.5 time, 120.7 real, 349.7 MB
[runlim] sample:		124.2 time, 130.7 real, 352.5 MB
[runlim] sample:		134.0 time, 140.7 real, 358.4 MB
[runlim] sample:		144.0 time, 150.7 real, 375.7 MB
[runlim] sample:		153.4 time, 160.7 real, 394.0 MB
[runlim] sample:		162.3 time, 170.7 real, 404.6 MB
[runlim] sample:		172.3 time, 180.7 real, 423.4 MB
[runlim] sample:		182.1 time, 190.7 real, 445.1 MB
[runlim] sample:		191.6 time, 200.7 real, 461.6 MB
[runlim] sample:		201.2 time, 210.7 real, 483.0 MB
[runlim] sample:		210.9 time, 220.7 real, 503.8 MB
[runlim] sample:		220.6 time, 230.7 real, 525.2 MB
[runlim] sample:		230.2 time, 240.7 real, 590.3 MB
[runlim] sample:		240.1 time, 250.7 real, 592.1 MB
[runlim] sample:		250.1 time, 260.7 real, 594.1 MB
[runlim] sample:		259.4 time, 270.7 real, 596.4 MB
[runlim] sample:		268.1 time, 280.7 real, 604.2 MB
[runlim] sample:		276.7 time, 290.7 real, 615.8 MB
[runlim] sample:		285.9 time, 300.7 real, 628.4 MB
[runlim] sample:		295.3 time, 310.7 real, 640.5 MB
CVC4 interrupted by SIGTERM.
[runlim] end:			Tue Jan 29 12:26:09 2019
[runlim] status:		out of time
[runlim] result:		2
[runlim] children:		0
[runlim] real:			315.53 seconds
[runlim] time:			300.06 seconds
[runlim] space:			649.8 MB
[runlim] samples:		3148
