[runlim] version:		1.10fixed
[runlim] time limit:		300 seconds
[runlim] real time limit:	311040000 seconds
[runlim] space limit:		4000 MB
[runlim] argv[0]:		./cvc4
[runlim] argv[1]:		--nl-ext-tplanes
[runlim] argv[2]:		--fmf-fun-rlv
[runlim] argv[3]:		/tmp/mAx6KaPR.smt2
[runlim] start:			Tue Jan 29 12:25:11 2019
[runlim] main pid:		27893
[runlim] sample:		9.1 time, 10.8 real, 47.0 MB
[runlim] sample:		17.4 time, 20.8 real, 54.5 MB
[runlim] sample:		26.9 time, 30.8 real, 67.7 MB
[runlim] sample:		36.5 time, 40.8 real, 144.9 MB
[runlim] sample:		46.5 time, 50.8 real, 458.3 MB
[runlim] sample:		56.2 time, 60.8 real, 760.0 MB
[runlim] sample:		66.2 time, 70.8 real, 1070.1 MB
[runlim] sample:		76.2 time, 80.8 real, 1217.4 MB
[runlim] sample:		86.1 time, 90.8 real, 1522.3 MB
[runlim] sample:		96.1 time, 100.8 real, 1681.3 MB
[runlim] sample:		106.0 time, 110.8 real, 1765.1 MB
[runlim] sample:		115.7 time, 120.8 real, 1801.4 MB
[runlim] sample:		125.3 time, 130.8 real, 1801.7 MB
[runlim] sample:		134.9 time, 140.8 real, 1801.7 MB
[runlim] sample:		144.9 time, 150.8 real, 1801.7 MB
[runlim] sample:		154.9 time, 160.8 real, 1801.7 MB
[runlim] sample:		164.9 time, 170.8 real, 1801.9 MB
[runlim] sample:		174.5 time, 180.8 real, 1801.9 MB
[runlim] sample:		184.2 time, 190.8 real, 1801.9 MB
[runlim] sample:		193.0 time, 200.8 real, 1801.9 MB
[runlim] sample:		202.5 time, 210.8 real, 1802.2 MB
[runlim] sample:		211.3 time, 220.8 real, 1802.2 MB
[runlim] sample:		220.9 time, 230.8 real, 1802.2 MB
[runlim] sample:		230.6 time, 240.8 real, 1802.2 MB
[runlim] sample:		240.1 time, 250.8 real, 1802.4 MB
[runlim] sample:		249.9 time, 260.8 real, 1802.4 MB
[runlim] sample:		259.3 time, 270.8 real, 1802.4 MB
[runlim] sample:		268.3 time, 280.8 real, 1802.4 MB
[runlim] sample:		278.3 time, 290.8 real, 1802.7 MB
[runlim] sample:		288.3 time, 300.8 real, 1802.7 MB
[runlim] sample:		298.3 time, 310.8 real, 1802.7 MB
[runlim] end:			Tue Jan 29 12:30:23 2019
[runlim] status:		signal(9)
[runlim] result:		11
[runlim] children:		0
[runlim] real:			312.55 seconds
[runlim] time:			299.99 seconds
[runlim] space:			1802.7 MB
[runlim] samples:		3117
