[runlim] version:		1.10fixed
[runlim] time limit:		300 seconds
[runlim] real time limit:	311040000 seconds
[runlim] space limit:		4000 MB
[runlim] argv[0]:		./cvc4
[runlim] argv[1]:		--nl-ext-tplanes
[runlim] argv[2]:		--fmf-fun-rlv
[runlim] argv[3]:		/tmp/9ke20sot.smt2
[runlim] start:			Tue Jan 29 12:24:31 2019
[runlim] main pid:		1128
[runlim] sample:		9.7 time, 10.6 real, 59.4 MB
[runlim] sample:		18.1 time, 20.6 real, 80.3 MB
[runlim] sample:		26.5 time, 30.6 real, 97.3 MB
[runlim] sample:		35.3 time, 40.6 real, 113.3 MB
[runlim] sample:		45.1 time, 50.6 real, 136.0 MB
[runlim] sample:		55.1 time, 60.6 real, 148.8 MB
[runlim] sample:		65.1 time, 70.6 real, 164.3 MB
[runlim] sample:		75.1 time, 80.6 real, 179.0 MB
[runlim] sample:		85.1 time, 90.6 real, 192.6 MB
[runlim] sample:		95.1 time, 100.6 real, 214.2 MB
[runlim] sample:		105.0 time, 110.6 real, 217.3 MB
[runlim] sample:		114.7 time, 120.6 real, 230.5 MB
[runlim] sample:		124.5 time, 130.6 real, 243.1 MB
[runlim] sample:		134.1 time, 140.6 real, 255.5 MB
[runlim] sample:		142.2 time, 150.6 real, 264.3 MB
[runlim] sample:		151.9 time, 160.6 real, 276.6 MB
[runlim] sample:		160.8 time, 170.6 real, 286.7 MB
[runlim] sample:		170.3 time, 180.6 real, 300.3 MB
[runlim] sample:		180.0 time, 190.6 real, 313.0 MB
[runlim] sample:		189.7 time, 200.6 real, 348.8 MB
[runlim] sample:		199.5 time, 210.6 real, 349.9 MB
[runlim] sample:		209.5 time, 220.6 real, 351.2 MB
[runlim] sample:		219.1 time, 230.6 real, 354.3 MB
[runlim] sample:		229.0 time, 240.6 real, 361.5 MB
[runlim] sample:		238.6 time, 250.6 real, 374.4 MB
[runlim] sample:		247.7 time, 260.6 real, 383.9 MB
[runlim] sample:		257.1 time, 270.6 real, 392.1 MB
[runlim] sample:		266.8 time, 280.6 real, 401.9 MB
[runlim] sample:		276.8 time, 290.6 real, 410.7 MB
[runlim] sample:		286.3 time, 300.6 real, 419.5 MB
[runlim] sample:		296.3 time, 310.6 real, 428.0 MB
CVC4 interrupted by SIGTERM.
[runlim] end:			Tue Jan 29 12:29:45 2019
[runlim] status:		out of time
[runlim] result:		2
[runlim] children:		0
[runlim] real:			314.43 seconds
[runlim] time:			300.06 seconds
[runlim] space:			433.9 MB
[runlim] samples:		3138
