[runlim] version:		1.10fixed
[runlim] time limit:		300 seconds
[runlim] real time limit:	311040000 seconds
[runlim] space limit:		4000 MB
[runlim] argv[0]:		./cvc4
[runlim] argv[1]:		--nl-ext-tplanes
[runlim] argv[2]:		--fmf-fun-rlv
[runlim] argv[3]:		/tmp/7F4ZDPpY.smt2
[runlim] start:			Tue Jan 29 12:34:33 2019
[runlim] main pid:		5828
[runlim] sample:		7.4 time, 10.8 real, 54.5 MB
[runlim] sample:		16.3 time, 20.8 real, 92.4 MB
[runlim] sample:		25.1 time, 30.8 real, 128.0 MB
[runlim] sample:		33.8 time, 40.8 real, 164.6 MB
[runlim] sample:		43.3 time, 50.8 real, 208.7 MB
[runlim] sample:		52.2 time, 60.8 real, 244.5 MB
[runlim] sample:		60.7 time, 70.8 real, 278.3 MB
[runlim] sample:		68.6 time, 80.8 real, 309.5 MB
[runlim] sample:		76.7 time, 90.8 real, 342.7 MB
[runlim] sample:		85.6 time, 100.8 real, 377.3 MB
[runlim] sample:		94.9 time, 110.8 real, 419.3 MB
[runlim] sample:		104.9 time, 120.8 real, 463.3 MB
[runlim] sample:		114.9 time, 130.8 real, 503.8 MB
[runlim] sample:		124.9 time, 140.8 real, 549.7 MB
[runlim] sample:		134.9 time, 150.8 real, 558.2 MB
[runlim] sample:		144.9 time, 160.8 real, 558.2 MB
[runlim] sample:		154.9 time, 170.8 real, 558.2 MB
[runlim] sample:		164.9 time, 180.8 real, 558.2 MB
[runlim] sample:		174.9 time, 190.8 real, 558.2 MB
[runlim] sample:		184.9 time, 200.8 real, 558.2 MB
[runlim] sample:		194.9 time, 210.8 real, 558.2 MB
[runlim] sample:		204.9 time, 220.8 real, 558.2 MB
[runlim] sample:		214.9 time, 230.8 real, 558.2 MB
[runlim] sample:		224.9 time, 240.8 real, 558.2 MB
[runlim] sample:		234.9 time, 250.8 real, 558.2 MB
[runlim] sample:		244.9 time, 260.8 real, 558.2 MB
[runlim] sample:		254.9 time, 270.8 real, 558.2 MB
[runlim] sample:		264.9 time, 280.8 real, 558.2 MB
[runlim] sample:		274.9 time, 290.8 real, 558.2 MB
[runlim] sample:		284.9 time, 300.8 real, 558.2 MB
[runlim] sample:		294.9 time, 310.8 real, 558.2 MB
CVC4 interrupted by SIGTERM.
[runlim] end:			Tue Jan 29 12:39:49 2019
[runlim] status:		out of time
[runlim] result:		2
[runlim] children:		0
[runlim] real:			316.07 seconds
[runlim] time:			300.08 seconds
[runlim] space:			558.2 MB
[runlim] samples:		3152
