[runlim] version:		1.10fixed
[runlim] time limit:		300 seconds
[runlim] real time limit:	311040000 seconds
[runlim] space limit:		4000 MB
[runlim] argv[0]:		./cvc4
[runlim] argv[1]:		--nl-ext-tplanes
[runlim] argv[2]:		--fmf-fun-rlv
[runlim] argv[3]:		/tmp/GFT76ojz.smt2
[runlim] start:			Mon Jan 28 15:57:08 2019
[runlim] main pid:		15421
[runlim] sample:		8.5 time, 11.0 real, 63.0 MB
[runlim] sample:		18.5 time, 21.0 real, 118.1 MB
[runlim] sample:		28.5 time, 31.0 real, 173.7 MB
[runlim] sample:		38.5 time, 41.0 real, 227.6 MB
[runlim] sample:		48.5 time, 51.0 real, 284.0 MB
[runlim] sample:		58.5 time, 61.0 real, 337.3 MB
[runlim] sample:		68.5 time, 71.0 real, 384.2 MB
[runlim] sample:		78.5 time, 81.0 real, 437.5 MB
[runlim] sample:		88.5 time, 91.0 real, 480.3 MB
[runlim] sample:		98.5 time, 101.0 real, 514.1 MB
[runlim] sample:		108.5 time, 111.0 real, 561.3 MB
[runlim] sample:		118.5 time, 121.0 real, 612.1 MB
[runlim] sample:		128.5 time, 131.0 real, 663.3 MB
[runlim] sample:		138.5 time, 141.0 real, 710.2 MB
[runlim] sample:		148.5 time, 151.0 real, 755.6 MB
[runlim] sample:		157.1 time, 161.0 real, 804.7 MB
[runlim] sample:		167.1 time, 171.0 real, 852.4 MB
[runlim] sample:		176.7 time, 181.0 real, 907.6 MB
[runlim] sample:		186.7 time, 191.0 real, 929.8 MB
[runlim] sample:		196.7 time, 201.0 real, 975.1 MB
[runlim] sample:		206.7 time, 211.0 real, 1019.2 MB
[runlim] sample:		216.7 time, 221.0 real, 1063.3 MB
[runlim] sample:		225.4 time, 231.0 real, 1101.5 MB
[runlim] sample:		234.2 time, 241.0 real, 1142.9 MB
[runlim] sample:		244.2 time, 251.0 real, 1189.0 MB
[runlim] sample:		253.5 time, 261.0 real, 1230.8 MB
[runlim] sample:		261.1 time, 271.0 real, 1267.1 MB
[runlim] sample:		270.9 time, 281.0 real, 1319.1 MB
[runlim] sample:		280.2 time, 291.0 real, 1339.7 MB
[runlim] sample:		289.6 time, 301.0 real, 1357.0 MB
[runlim] sample:		299.3 time, 311.0 real, 1402.1 MB
CVC4 interrupted by SIGTERM.
[runlim] end:			Mon Jan 28 16:02:20 2019
[runlim] status:		out of time
[runlim] result:		2
[runlim] children:		0
[runlim] real:			312.08 seconds
[runlim] time:			300.15 seconds
[runlim] space:			1405.7 MB
[runlim] samples:		3111
