[runlim] version:		1.10fixed
[runlim] time limit:		300 seconds
[runlim] real time limit:	311040000 seconds
[runlim] space limit:		4000 MB
[runlim] argv[0]:		./cvc4
[runlim] argv[1]:		--nl-ext-tplanes
[runlim] argv[2]:		--fmf-fun-rlv
[runlim] argv[3]:		/tmp/Nm1qZBsP.smt2
[runlim] start:			Mon Jan 28 15:56:20 2019
[runlim] main pid:		10970
[runlim] sample:		8.2 time, 10.4 real, 40.9 MB
[runlim] sample:		17.7 time, 20.4 real, 49.7 MB
[runlim] sample:		27.7 time, 30.4 real, 55.1 MB
[runlim] sample:		37.7 time, 40.4 real, 60.0 MB
[runlim] sample:		47.7 time, 50.4 real, 63.6 MB
[runlim] sample:		57.7 time, 60.4 real, 67.0 MB
[runlim] sample:		67.7 time, 70.4 real, 70.6 MB
[runlim] sample:		77.7 time, 80.4 real, 73.7 MB
[runlim] sample:		87.7 time, 90.4 real, 76.2 MB
[runlim] sample:		97.7 time, 100.4 real, 79.1 MB
[runlim] sample:		107.7 time, 110.4 real, 81.4 MB
[runlim] sample:		117.7 time, 120.4 real, 83.7 MB
[runlim] sample:		127.7 time, 130.4 real, 85.5 MB
[runlim] sample:		137.7 time, 140.4 real, 87.6 MB
[runlim] sample:		147.7 time, 150.4 real, 89.1 MB
[runlim] sample:		157.7 time, 160.4 real, 91.2 MB
[runlim] sample:		167.7 time, 170.4 real, 92.7 MB
[runlim] sample:		177.7 time, 180.4 real, 94.0 MB
[runlim] sample:		187.7 time, 190.4 real, 95.3 MB
[runlim] sample:		197.7 time, 200.4 real, 97.1 MB
[runlim] sample:		207.7 time, 210.4 real, 101.0 MB
[runlim] sample:		217.7 time, 220.4 real, 101.2 MB
[runlim] sample:		227.7 time, 230.4 real, 101.5 MB
[runlim] sample:		237.7 time, 240.4 real, 102.8 MB
[runlim] sample:		247.7 time, 250.4 real, 104.1 MB
[runlim] sample:		257.6 time, 260.4 real, 105.1 MB
[runlim] sample:		267.6 time, 270.4 real, 106.7 MB
[runlim] sample:		277.6 time, 280.4 real, 107.9 MB
[runlim] sample:		287.6 time, 290.4 real, 108.7 MB
[runlim] sample:		297.6 time, 300.4 real, 109.2 MB
CVC4 interrupted by SIGTERM.
[runlim] end:			Mon Jan 28 16:01:22 2019
[runlim] status:		out of time
[runlim] result:		2
[runlim] children:		0
[runlim] real:			302.80 seconds
[runlim] time:			300.05 seconds
[runlim] space:			109.8 MB
[runlim] samples:		3024
