[runlim] version:		1.10fixed
[runlim] time limit:		300 seconds
[runlim] real time limit:	311040000 seconds
[runlim] space limit:		4000 MB
[runlim] argv[0]:		./cvc4
[runlim] argv[1]:		--nl-ext-tplanes
[runlim] argv[2]:		--fmf-fun-rlv
[runlim] argv[3]:		/tmp/eei75HYV.smt2
[runlim] start:			Tue Jan 29 12:34:55 2019
[runlim] main pid:		4529
[runlim] sample:		9.5 time, 10.9 real, 31.4 MB
[runlim] sample:		18.5 time, 20.9 real, 36.3 MB
[runlim] sample:		28.0 time, 30.9 real, 40.7 MB
[runlim] sample:		37.8 time, 40.9 real, 45.1 MB
[runlim] sample:		47.8 time, 50.9 real, 48.7 MB
[runlim] sample:		57.8 time, 60.9 real, 52.5 MB
[runlim] sample:		67.8 time, 70.9 real, 55.9 MB
[runlim] sample:		77.8 time, 80.9 real, 60.0 MB
[runlim] sample:		87.8 time, 90.9 real, 62.8 MB
[runlim] sample:		97.8 time, 100.9 real, 65.4 MB
[runlim] sample:		107.8 time, 110.9 real, 68.0 MB
[runlim] sample:		117.7 time, 120.9 real, 70.6 MB
[runlim] sample:		127.7 time, 130.9 real, 73.7 MB
[runlim] sample:		137.1 time, 140.9 real, 76.0 MB
[runlim] sample:		146.9 time, 150.9 real, 78.6 MB
[runlim] sample:		155.5 time, 160.9 real, 80.1 MB
[runlim] sample:		164.2 time, 170.9 real, 82.4 MB
[runlim] sample:		173.3 time, 180.9 real, 84.0 MB
[runlim] sample:		182.8 time, 190.9 real, 85.8 MB
[runlim] sample:		191.9 time, 200.9 real, 87.8 MB
[runlim] sample:		201.4 time, 210.9 real, 89.6 MB
[runlim] sample:		210.0 time, 220.9 real, 90.9 MB
[runlim] sample:		219.0 time, 230.9 real, 93.0 MB
[runlim] sample:		228.0 time, 240.9 real, 94.3 MB
[runlim] sample:		236.9 time, 250.9 real, 96.1 MB
[runlim] sample:		246.9 time, 260.9 real, 98.9 MB
[runlim] sample:		255.7 time, 270.9 real, 101.2 MB
[runlim] sample:		265.7 time, 280.9 real, 104.1 MB
[runlim] sample:		275.7 time, 290.9 real, 105.6 MB
[runlim] sample:		285.7 time, 300.9 real, 107.2 MB
[runlim] sample:		295.7 time, 310.9 real, 108.7 MB
CVC4 interrupted by SIGTERM.
[runlim] end:			Tue Jan 29 12:40:10 2019
[runlim] status:		out of time
[runlim] result:		2
[runlim] children:		0
[runlim] real:			315.31 seconds
[runlim] time:			300.09 seconds
[runlim] space:			109.5 MB
[runlim] samples:		3144
