[runlim] version:		1.10fixed
[runlim] time limit:		300 seconds
[runlim] real time limit:	311040000 seconds
[runlim] space limit:		4000 MB
[runlim] argv[0]:		./cvc4
[runlim] argv[1]:		--nl-ext-tplanes
[runlim] argv[2]:		--fmf-fun-rlv
[runlim] argv[3]:		/tmp/ZuZKtZ9M.smt2
[runlim] start:			Tue Jan 29 12:34:23 2019
[runlim] main pid:		9514
[runlim] sample:		9.7 time, 10.9 real, 69.4 MB
[runlim] sample:		18.3 time, 20.9 real, 109.5 MB
[runlim] sample:		27.4 time, 30.9 real, 155.6 MB
[runlim] sample:		37.4 time, 40.9 real, 199.3 MB
[runlim] sample:		47.4 time, 50.9 real, 248.0 MB
[runlim] sample:		57.4 time, 60.9 real, 289.0 MB
[runlim] sample:		67.4 time, 70.9 real, 334.6 MB
[runlim] sample:		77.3 time, 80.9 real, 372.8 MB
[runlim] sample:		87.3 time, 90.9 real, 420.1 MB
[runlim] sample:		97.3 time, 100.9 real, 465.7 MB
[runlim] sample:		106.5 time, 110.9 real, 480.8 MB
[runlim] sample:		116.2 time, 120.9 real, 523.1 MB
[runlim] sample:		126.2 time, 130.9 real, 573.2 MB
[runlim] sample:		136.2 time, 140.9 real, 615.8 MB
[runlim] sample:		145.0 time, 150.9 real, 658.3 MB
[runlim] sample:		154.5 time, 160.9 real, 701.9 MB
[runlim] sample:		164.5 time, 170.9 real, 744.2 MB
[runlim] sample:		174.5 time, 180.9 real, 799.1 MB
[runlim] sample:		184.5 time, 190.9 real, 840.5 MB
[runlim] sample:		194.5 time, 200.9 real, 898.5 MB
[runlim] sample:		204.5 time, 210.9 real, 925.9 MB
[runlim] sample:		214.5 time, 220.9 real, 962.5 MB
[runlim] sample:		224.5 time, 230.9 real, 1005.8 MB
[runlim] sample:		234.5 time, 240.9 real, 1046.6 MB
[runlim] sample:		244.5 time, 250.9 real, 1088.6 MB
[runlim] sample:		254.5 time, 260.9 real, 1135.2 MB
[runlim] sample:		264.5 time, 270.9 real, 1181.3 MB
[runlim] sample:		274.5 time, 280.9 real, 1225.4 MB
[runlim] sample:		284.5 time, 290.9 real, 1271.8 MB
[runlim] sample:		294.5 time, 300.9 real, 1322.6 MB
CVC4 interrupted by SIGTERM.
[runlim] end:			Tue Jan 29 12:39:29 2019
[runlim] status:		out of time
[runlim] result:		2
[runlim] children:		0
[runlim] real:			306.56 seconds
[runlim] time:			300.06 seconds
[runlim] space:			1339.3 MB
[runlim] samples:		3056
