[runlim] version:		1.10fixed
[runlim] time limit:		300 seconds
[runlim] real time limit:	311040000 seconds
[runlim] space limit:		4000 MB
[runlim] argv[0]:		./cvc4
[runlim] argv[1]:		--nl-ext-tplanes
[runlim] argv[2]:		--fmf-fun-rlv
[runlim] argv[3]:		/tmp/ahgRqIOa.smt2
[runlim] start:			Mon Jan 28 15:57:21 2019
[runlim] main pid:		29676
[runlim] sample:		9.3 time, 10.3 real, 38.1 MB
[runlim] sample:		19.3 time, 20.3 real, 42.9 MB
[runlim] sample:		29.3 time, 30.3 real, 45.3 MB
[runlim] sample:		39.3 time, 40.3 real, 46.8 MB
[runlim] sample:		49.3 time, 50.3 real, 48.9 MB
[runlim] sample:		58.5 time, 60.3 real, 49.9 MB
[runlim] sample:		66.0 time, 70.3 real, 51.2 MB
[runlim] sample:		75.4 time, 80.3 real, 52.2 MB
[runlim] sample:		84.8 time, 90.3 real, 53.0 MB
[runlim] sample:		94.8 time, 100.3 real, 54.5 MB
[runlim] sample:		104.6 time, 110.3 real, 55.3 MB
[runlim] sample:		114.5 time, 120.3 real, 56.3 MB
[runlim] sample:		124.5 time, 130.3 real, 57.4 MB
[runlim] sample:		134.5 time, 140.3 real, 57.9 MB
[runlim] sample:		144.0 time, 150.3 real, 59.2 MB
[runlim] sample:		154.0 time, 160.3 real, 59.7 MB
[runlim] sample:		164.0 time, 170.3 real, 60.7 MB
[runlim] sample:		174.0 time, 180.3 real, 61.8 MB
[runlim] sample:		184.0 time, 190.3 real, 62.8 MB
[runlim] sample:		193.9 time, 200.3 real, 63.3 MB
[runlim] sample:		203.9 time, 210.3 real, 64.6 MB
[runlim] sample:		213.9 time, 220.3 real, 65.1 MB
[runlim] sample:		223.3 time, 230.3 real, 65.9 MB
[runlim] sample:		232.3 time, 240.3 real, 66.7 MB
[runlim] sample:		241.4 time, 250.3 real, 67.2 MB
[runlim] sample:		251.0 time, 260.3 real, 67.7 MB
[runlim] sample:		260.5 time, 270.3 real, 68.7 MB
[runlim] sample:		270.5 time, 280.3 real, 69.2 MB
[runlim] sample:		280.4 time, 290.3 real, 69.2 MB
[runlim] sample:		289.5 time, 300.3 real, 70.0 MB
[runlim] sample:		299.2 time, 310.3 real, 70.5 MB
CVC4 interrupted by SIGTERM.
[runlim] end:			Mon Jan 28 16:02:32 2019
[runlim] status:		out of time
[runlim] result:		2
[runlim] children:		0
[runlim] real:			311.25 seconds
[runlim] time:			300.07 seconds
[runlim] space:			70.8 MB
[runlim] samples:		3109
