[runlim] version:		1.10fixed
[runlim] time limit:		300 seconds
[runlim] real time limit:	311040000 seconds
[runlim] space limit:		4000 MB
[runlim] argv[0]:		./cvc4
[runlim] argv[1]:		--nl-ext-tplanes
[runlim] argv[2]:		--fmf-fun-rlv
[runlim] argv[3]:		/tmp/wPZxus76.smt2
[runlim] start:			Tue Jan 29 12:15:18 2019
[runlim] main pid:		24612
/tmp/wPZxus76.smt2:4.12: No set-logic command was given before this point.
/tmp/wPZxus76.smt2:4.12: CVC4 will make all theories available.
/tmp/wPZxus76.smt2:4.12: Consider setting a stricter logic for (likely) better performance.
/tmp/wPZxus76.smt2:4.12: To suppress this warning in the future use (set-logic ALL).
[runlim] sample:		8.5 time, 11.0 real, 38.7 MB
[runlim] sample:		17.7 time, 21.0 real, 42.1 MB
[runlim] sample:		26.7 time, 31.0 real, 43.8 MB
[runlim] sample:		36.3 time, 41.0 real, 46.1 MB
[runlim] sample:		45.5 time, 51.0 real, 53.0 MB
[runlim] sample:		55.5 time, 61.0 real, 55.3 MB
[runlim] sample:		65.4 time, 71.0 real, 62.8 MB
[runlim] sample:		75.4 time, 81.0 real, 67.9 MB
[runlim] sample:		85.4 time, 91.0 real, 68.7 MB
[runlim] sample:		95.4 time, 101.0 real, 70.8 MB
[runlim] sample:		105.4 time, 111.0 real, 75.4 MB
[runlim] sample:		115.4 time, 121.0 real, 77.4 MB
[runlim] sample:		125.4 time, 131.0 real, 79.9 MB
[runlim] sample:		135.4 time, 141.0 real, 80.2 MB
[runlim] sample:		144.6 time, 151.0 real, 80.7 MB
[runlim] sample:		154.1 time, 161.0 real, 83.8 MB
[runlim] sample:		164.1 time, 171.0 real, 84.0 MB
[runlim] sample:		172.7 time, 181.0 real, 84.0 MB
[runlim] sample:		182.5 time, 191.0 real, 84.2 MB
[runlim] sample:		191.6 time, 201.0 real, 84.2 MB
[runlim] sample:		199.9 time, 211.0 real, 85.0 MB
[runlim] sample:		209.0 time, 221.0 real, 85.5 MB
[runlim] sample:		218.7 time, 231.0 real, 88.0 MB
[runlim] sample:		228.4 time, 241.0 real, 88.0 MB
[runlim] sample:		238.0 time, 251.0 real, 88.2 MB
[runlim] sample:		247.4 time, 261.0 real, 88.5 MB
[runlim] sample:		257.4 time, 271.0 real, 89.0 MB
[runlim] sample:		267.4 time, 281.0 real, 89.5 MB
[runlim] sample:		277.0 time, 291.0 real, 90.3 MB
[runlim] sample:		285.6 time, 301.0 real, 93.9 MB
[runlim] sample:		294.7 time, 311.0 real, 93.9 MB
CVC4 interrupted by SIGTERM.
[runlim] end:			Tue Jan 29 12:20:34 2019
[runlim] status:		out of time
[runlim] result:		2
[runlim] children:		0
[runlim] real:			316.61 seconds
[runlim] time:			300.10 seconds
[runlim] space:			94.1 MB
[runlim] samples:		3156
