[runlim] version:		1.10fixed
[runlim] time limit:		300 seconds
[runlim] real time limit:	311040000 seconds
[runlim] space limit:		4000 MB
[runlim] argv[0]:		./cvc4
[runlim] argv[1]:		--nl-ext-tplanes
[runlim] argv[2]:		--fmf-fun-rlv
[runlim] argv[3]:		/tmp/XHSaIfzX.smt2
[runlim] start:			Tue Jan 29 12:15:48 2019
[runlim] main pid:		19156
/tmp/XHSaIfzX.smt2:4.12: No set-logic command was given before this point.
/tmp/XHSaIfzX.smt2:4.12: CVC4 will make all theories available.
/tmp/XHSaIfzX.smt2:4.12: Consider setting a stricter logic for (likely) better performance.
/tmp/XHSaIfzX.smt2:4.12: To suppress this warning in the future use (set-logic ALL).
[runlim] sample:		9.9 time, 10.2 real, 41.8 MB
[runlim] sample:		19.9 time, 20.2 real, 53.1 MB
[runlim] sample:		28.7 time, 30.2 real, 57.2 MB
[runlim] sample:		38.7 time, 40.2 real, 59.5 MB
[runlim] sample:		48.7 time, 50.2 real, 64.1 MB
[runlim] sample:		58.6 time, 60.2 real, 69.5 MB
[runlim] sample:		68.0 time, 70.2 real, 71.0 MB
[runlim] sample:		77.1 time, 80.2 real, 73.0 MB
[runlim] sample:		86.6 time, 90.2 real, 73.5 MB
[runlim] sample:		96.0 time, 100.2 real, 75.9 MB
[runlim] sample:		106.0 time, 110.2 real, 76.1 MB
[runlim] sample:		115.7 time, 120.2 real, 76.9 MB
[runlim] sample:		125.1 time, 130.2 real, 80.2 MB
[runlim] sample:		135.1 time, 140.2 real, 80.4 MB
[runlim] sample:		144.4 time, 150.2 real, 80.7 MB
[runlim] sample:		154.4 time, 160.2 real, 80.7 MB
[runlim] sample:		164.4 time, 170.2 real, 80.9 MB
[runlim] sample:		174.4 time, 180.2 real, 82.7 MB
[runlim] sample:		184.2 time, 190.2 real, 85.0 MB
[runlim] sample:		194.2 time, 200.2 real, 88.0 MB
[runlim] sample:		204.2 time, 210.2 real, 88.3 MB
[runlim] sample:		214.2 time, 220.2 real, 90.9 MB
[runlim] sample:		223.7 time, 230.2 real, 91.2 MB
[runlim] sample:		233.7 time, 240.2 real, 91.4 MB
[runlim] sample:		243.7 time, 250.2 real, 91.9 MB
[runlim] sample:		253.7 time, 260.2 real, 96.8 MB
[runlim] sample:		263.7 time, 270.2 real, 98.3 MB
[runlim] sample:		273.7 time, 280.2 real, 98.6 MB
[runlim] sample:		283.7 time, 290.2 real, 98.8 MB
[runlim] sample:		293.7 time, 300.2 real, 100.1 MB
CVC4 interrupted by SIGTERM.
[runlim] end:			Tue Jan 29 12:20:54 2019
[runlim] status:		out of time
[runlim] result:		2
[runlim] children:		0
[runlim] real:			306.50 seconds
[runlim] time:			300.02 seconds
[runlim] space:			100.1 MB
[runlim] samples:		3063
