[runlim] version:		1.10fixed
[runlim] time limit:		300 seconds
[runlim] real time limit:	311040000 seconds
[runlim] space limit:		4000 MB
[runlim] argv[0]:		./cvc4
[runlim] argv[1]:		--nl-ext-tplanes
[runlim] argv[2]:		--fmf-fun-rlv
[runlim] argv[3]:		/tmp/R4XOY2qz.smt2
[runlim] start:			Mon Jan 28 15:36:45 2019
[runlim] main pid:		28343
/tmp/R4XOY2qz.smt2:4.12: No set-logic command was given before this point.
/tmp/R4XOY2qz.smt2:4.12: CVC4 will make all theories available.
/tmp/R4XOY2qz.smt2:4.12: Consider setting a stricter logic for (likely) better performance.
/tmp/R4XOY2qz.smt2:4.12: To suppress this warning in the future use (set-logic ALL).
[runlim] sample:		9.7 time, 10.7 real, 43.1 MB
[runlim] sample:		19.7 time, 20.7 real, 52.9 MB
[runlim] sample:		29.7 time, 30.7 real, 58.0 MB
[runlim] sample:		39.0 time, 40.7 real, 61.2 MB
[runlim] sample:		49.0 time, 50.7 real, 66.1 MB
[runlim] sample:		58.5 time, 60.7 real, 69.2 MB
[runlim] sample:		68.3 time, 70.7 real, 73.3 MB
[runlim] sample:		78.3 time, 80.7 real, 76.1 MB
[runlim] sample:		88.3 time, 90.7 real, 76.1 MB
[runlim] sample:		96.9 time, 100.7 real, 76.4 MB
[runlim] sample:		106.7 time, 110.7 real, 77.2 MB
[runlim] sample:		116.7 time, 120.7 real, 79.0 MB
[runlim] sample:		126.2 time, 130.7 real, 79.7 MB
[runlim] sample:		136.2 time, 140.7 real, 81.5 MB
[runlim] sample:		146.2 time, 150.7 real, 82.0 MB
[runlim] sample:		156.2 time, 160.7 real, 82.8 MB
[runlim] sample:		166.2 time, 170.7 real, 82.8 MB
[runlim] sample:		175.0 time, 180.7 real, 83.8 MB
[runlim] sample:		184.7 time, 190.7 real, 84.0 MB
[runlim] sample:		193.7 time, 200.7 real, 84.8 MB
[runlim] sample:		202.7 time, 210.7 real, 85.8 MB
[runlim] sample:		212.2 time, 220.7 real, 86.6 MB
[runlim] sample:		222.2 time, 230.7 real, 87.9 MB
[runlim] sample:		232.2 time, 240.7 real, 88.9 MB
[runlim] sample:		242.2 time, 250.7 real, 89.1 MB
[runlim] sample:		252.2 time, 260.7 real, 90.7 MB
[runlim] sample:		262.1 time, 270.7 real, 90.9 MB
[runlim] sample:		272.1 time, 280.7 real, 91.4 MB
[runlim] sample:		281.9 time, 290.7 real, 93.0 MB
[runlim] sample:		291.9 time, 300.7 real, 93.5 MB
CVC4 interrupted by SIGTERM.
[runlim] end:			Mon Jan 28 15:41:53 2019
[runlim] status:		out of time
[runlim] result:		2
[runlim] children:		0
[runlim] real:			308.84 seconds
[runlim] time:			300.04 seconds
[runlim] space:			94.8 MB
[runlim] samples:		3081
