[runlim] version:		1.10fixed
[runlim] time limit:		300 seconds
[runlim] real time limit:	311040000 seconds
[runlim] space limit:		4000 MB
[runlim] argv[0]:		./cvc4
[runlim] argv[1]:		--nl-ext-tplanes
[runlim] argv[2]:		--fmf-fun-rlv
[runlim] argv[3]:		/tmp/SSGtFdOq.smt2
[runlim] start:			Mon Jan 28 15:41:44 2019
[runlim] main pid:		10198
/tmp/SSGtFdOq.smt2:4.12: No set-logic command was given before this point.
/tmp/SSGtFdOq.smt2:4.12: CVC4 will make all theories available.
/tmp/SSGtFdOq.smt2:4.12: Consider setting a stricter logic for (likely) better performance.
/tmp/SSGtFdOq.smt2:4.12: To suppress this warning in the future use (set-logic ALL).
[runlim] sample:		8.8 time, 10.2 real, 42.4 MB
[runlim] sample:		18.8 time, 20.2 real, 51.8 MB
[runlim] sample:		28.8 time, 30.2 real, 54.9 MB
[runlim] sample:		38.8 time, 40.2 real, 58.7 MB
[runlim] sample:		48.8 time, 50.2 real, 66.4 MB
[runlim] sample:		58.6 time, 60.2 real, 70.0 MB
[runlim] sample:		68.3 time, 70.2 real, 72.1 MB
[runlim] sample:		77.9 time, 80.2 real, 75.5 MB
[runlim] sample:		86.7 time, 90.2 real, 77.6 MB
[runlim] sample:		95.9 time, 100.2 real, 79.6 MB
[runlim] sample:		104.3 time, 110.2 real, 81.1 MB
[runlim] sample:		113.5 time, 120.2 real, 81.6 MB
[runlim] sample:		122.2 time, 130.2 real, 83.4 MB
[runlim] sample:		130.5 time, 140.2 real, 83.9 MB
[runlim] sample:		139.4 time, 150.2 real, 86.8 MB
[runlim] sample:		149.4 time, 160.2 real, 87.6 MB
[runlim] sample:		159.4 time, 170.2 real, 89.6 MB
[runlim] sample:		168.5 time, 180.2 real, 89.9 MB
[runlim] sample:		177.4 time, 190.2 real, 91.4 MB
[runlim] sample:		187.0 time, 200.2 real, 91.9 MB
[runlim] sample:		196.9 time, 210.2 real, 92.4 MB
[runlim] sample:		206.7 time, 220.2 real, 94.1 MB
[runlim] sample:		216.3 time, 230.2 real, 94.4 MB
[runlim] sample:		225.9 time, 240.2 real, 97.4 MB
[runlim] sample:		235.6 time, 250.2 real, 97.9 MB
[runlim] sample:		245.4 time, 260.2 real, 98.2 MB
[runlim] sample:		255.3 time, 270.2 real, 98.6 MB
[runlim] sample:		262.6 time, 280.2 real, 99.1 MB
[runlim] sample:		272.2 time, 290.2 real, 99.4 MB
[runlim] sample:		282.2 time, 300.2 real, 99.9 MB
[runlim] sample:		291.8 time, 310.2 real, 100.4 MB
CVC4 interrupted by SIGTERM.
[runlim] end:			Mon Jan 28 15:47:02 2019
[runlim] status:		out of time
[runlim] result:		2
[runlim] children:		0
[runlim] real:			318.38 seconds
[runlim] time:			300.01 seconds
[runlim] space:			105.2 MB
[runlim] samples:		3182
