[runlim] version:		1.10fixed
[runlim] time limit:		300 seconds
[runlim] real time limit:	311040000 seconds
[runlim] space limit:		4000 MB
[runlim] argv[0]:		./cvc4
[runlim] argv[1]:		--nl-ext-tplanes
[runlim] argv[2]:		--fmf-fun-rlv
[runlim] argv[3]:		/tmp/5FOUYshd.smt2
[runlim] start:			Tue Jan 29 12:19:36 2019
[runlim] main pid:		30932
/tmp/5FOUYshd.smt2:4.12: No set-logic command was given before this point.
/tmp/5FOUYshd.smt2:4.12: CVC4 will make all theories available.
/tmp/5FOUYshd.smt2:4.12: Consider setting a stricter logic for (likely) better performance.
/tmp/5FOUYshd.smt2:4.12: To suppress this warning in the future use (set-logic ALL).
[runlim] sample:		7.9 time, 11.0 real, 37.9 MB
[runlim] sample:		17.7 time, 21.0 real, 56.2 MB
[runlim] sample:		27.7 time, 31.0 real, 62.3 MB
[runlim] sample:		37.7 time, 41.0 real, 64.3 MB
[runlim] sample:		46.1 time, 51.0 real, 66.9 MB
[runlim] sample:		55.2 time, 61.0 real, 67.9 MB
[runlim] sample:		65.2 time, 71.0 real, 73.8 MB
[runlim] sample:		75.2 time, 81.0 real, 76.1 MB
[runlim] sample:		85.2 time, 91.0 real, 78.4 MB
[runlim] sample:		95.2 time, 101.0 real, 82.2 MB
[runlim] sample:		105.2 time, 111.0 real, 84.5 MB
[runlim] sample:		115.2 time, 121.0 real, 86.0 MB
[runlim] sample:		125.2 time, 131.0 real, 87.2 MB
[runlim] sample:		135.2 time, 141.0 real, 92.7 MB
[runlim] sample:		145.2 time, 151.0 real, 95.2 MB
[runlim] sample:		155.2 time, 161.0 real, 95.9 MB
[runlim] sample:		165.2 time, 171.0 real, 96.2 MB
[runlim] sample:		175.2 time, 181.0 real, 99.1 MB
[runlim] sample:		185.2 time, 191.0 real, 99.6 MB
[runlim] sample:		195.2 time, 201.0 real, 99.6 MB
[runlim] sample:		205.1 time, 211.0 real, 100.4 MB
[runlim] sample:		215.1 time, 221.0 real, 108.2 MB
[runlim] sample:		225.1 time, 231.0 real, 108.7 MB
[runlim] sample:		235.1 time, 241.0 real, 108.9 MB
[runlim] sample:		245.1 time, 251.0 real, 108.9 MB
[runlim] sample:		255.1 time, 261.0 real, 109.4 MB
[runlim] sample:		264.6 time, 271.0 real, 109.9 MB
[runlim] sample:		274.4 time, 281.0 real, 111.7 MB
[runlim] sample:		283.1 time, 291.0 real, 112.7 MB
[runlim] sample:		291.7 time, 301.0 real, 115.8 MB
[runlim] sample:		299.9 time, 311.0 real, 117.3 MB
CVC4 interrupted by SIGTERM.
[runlim] end:			Tue Jan 29 12:24:47 2019
[runlim] status:		out of time
[runlim] result:		2
[runlim] children:		0
[runlim] real:			311.15 seconds
[runlim] time:			300.05 seconds
[runlim] space:			117.6 MB
[runlim] samples:		3101
