[runlim] version:		1.10fixed
[runlim] time limit:		300 seconds
[runlim] real time limit:	311040000 seconds
[runlim] space limit:		4000 MB
[runlim] argv[0]:		./cvc4
[runlim] argv[1]:		--nl-ext-tplanes
[runlim] argv[2]:		--fmf-fun-rlv
[runlim] argv[3]:		/tmp/NZYp9NuR.smt2
[runlim] start:			Mon Jan 28 15:37:06 2019
[runlim] main pid:		11934
/tmp/NZYp9NuR.smt2:4.12: No set-logic command was given before this point.
/tmp/NZYp9NuR.smt2:4.12: CVC4 will make all theories available.
/tmp/NZYp9NuR.smt2:4.12: Consider setting a stricter logic for (likely) better performance.
/tmp/NZYp9NuR.smt2:4.12: To suppress this warning in the future use (set-logic ALL).
[runlim] sample:		8.9 time, 10.9 real, 41.5 MB
[runlim] sample:		17.9 time, 20.9 real, 52.3 MB
[runlim] sample:		26.6 time, 30.9 real, 59.3 MB
[runlim] sample:		35.5 time, 40.9 real, 61.3 MB
[runlim] sample:		44.3 time, 50.9 real, 68.8 MB
[runlim] sample:		53.7 time, 60.9 real, 76.3 MB
[runlim] sample:		63.3 time, 70.9 real, 81.9 MB
[runlim] sample:		72.0 time, 80.9 real, 86.3 MB
[runlim] sample:		81.7 time, 90.9 real, 91.2 MB
[runlim] sample:		91.7 time, 100.9 real, 95.6 MB
[runlim] sample:		101.7 time, 110.9 real, 99.2 MB
[runlim] sample:		111.7 time, 120.9 real, 103.8 MB
[runlim] sample:		121.3 time, 130.9 real, 108.2 MB
[runlim] sample:		130.1 time, 140.9 real, 110.5 MB
[runlim] sample:		140.1 time, 150.9 real, 113.4 MB
[runlim] sample:		150.1 time, 160.9 real, 117.0 MB
[runlim] sample:		159.5 time, 170.9 real, 118.8 MB
[runlim] sample:		169.5 time, 180.9 real, 123.2 MB
[runlim] sample:		179.4 time, 190.9 real, 125.2 MB
[runlim] sample:		188.2 time, 200.9 real, 128.6 MB
[runlim] sample:		197.2 time, 210.9 real, 129.6 MB
[runlim] sample:		206.8 time, 220.9 real, 132.2 MB
[runlim] sample:		216.7 time, 230.9 real, 135.3 MB
[runlim] sample:		226.4 time, 240.9 real, 137.3 MB
[runlim] sample:		236.4 time, 250.9 real, 139.7 MB
[runlim] sample:		246.4 time, 260.9 real, 141.2 MB
[runlim] sample:		256.4 time, 270.9 real, 143.8 MB
[runlim] sample:		266.4 time, 280.9 real, 145.3 MB
[runlim] sample:		276.4 time, 290.9 real, 147.1 MB
[runlim] sample:		286.4 time, 300.9 real, 149.7 MB
[runlim] sample:		296.4 time, 310.9 real, 151.8 MB
CVC4 interrupted by SIGTERM.
[runlim] end:			Mon Jan 28 15:42:20 2019
[runlim] status:		out of time
[runlim] result:		2
[runlim] children:		0
[runlim] real:			314.59 seconds
[runlim] time:			300.07 seconds
[runlim] space:			152.5 MB
[runlim] samples:		3137
