[runlim] version:		1.10fixed
[runlim] time limit:		300 seconds
[runlim] real time limit:	311040000 seconds
[runlim] space limit:		4000 MB
[runlim] argv[0]:		./cvc4
[runlim] argv[1]:		--nl-ext-tplanes
[runlim] argv[2]:		--fmf-fun-rlv
[runlim] argv[3]:		/tmp/SuOMDJ9U.smt2
[runlim] start:			Mon Jan 28 15:38:13 2019
[runlim] main pid:		9033
/tmp/SuOMDJ9U.smt2:4.12: No set-logic command was given before this point.
/tmp/SuOMDJ9U.smt2:4.12: CVC4 will make all theories available.
/tmp/SuOMDJ9U.smt2:4.12: Consider setting a stricter logic for (likely) better performance.
/tmp/SuOMDJ9U.smt2:4.12: To suppress this warning in the future use (set-logic ALL).
[runlim] sample:		7.3 time, 10.2 real, 70.5 MB
[runlim] sample:		15.8 time, 20.2 real, 95.8 MB
[runlim] sample:		22.8 time, 30.2 real, 110.3 MB
[runlim] sample:		32.4 time, 40.2 real, 126.8 MB
[runlim] sample:		42.4 time, 50.2 real, 142.0 MB
[runlim] sample:		52.4 time, 60.2 real, 153.4 MB
[runlim] sample:		62.4 time, 70.2 real, 162.7 MB
[runlim] sample:		72.4 time, 80.2 real, 172.2 MB
[runlim] sample:		80.6 time, 90.2 real, 180.0 MB
[runlim] sample:		89.1 time, 100.2 real, 186.2 MB
[runlim] sample:		98.6 time, 110.2 real, 192.6 MB
[runlim] sample:		107.8 time, 120.2 real, 197.8 MB
[runlim] sample:		117.0 time, 130.2 real, 204.0 MB
[runlim] sample:		126.7 time, 140.2 real, 209.9 MB
[runlim] sample:		136.7 time, 150.2 real, 214.3 MB
[runlim] sample:		145.6 time, 160.2 real, 218.9 MB
[runlim] sample:		155.6 time, 170.2 real, 223.3 MB
[runlim] sample:		164.9 time, 180.2 real, 229.8 MB
[runlim] sample:		173.9 time, 190.2 real, 232.7 MB
[runlim] sample:		182.9 time, 200.2 real, 236.5 MB
[runlim] sample:		191.8 time, 210.2 real, 240.1 MB
[runlim] sample:		201.3 time, 220.2 real, 243.5 MB
[runlim] sample:		211.3 time, 230.2 real, 249.1 MB
[runlim] sample:		220.9 time, 240.2 real, 253.0 MB
[runlim] sample:		230.0 time, 250.2 real, 256.8 MB
[runlim] sample:		239.9 time, 260.2 real, 261.1 MB
[runlim] sample:		249.9 time, 270.2 real, 266.6 MB
[runlim] sample:		259.5 time, 280.2 real, 269.7 MB
[runlim] sample:		268.8 time, 290.2 real, 272.7 MB
[runlim] sample:		278.7 time, 300.2 real, 275.8 MB
[runlim] sample:		288.7 time, 310.2 real, 278.9 MB
[runlim] sample:		298.7 time, 320.2 real, 281.6 MB
CVC4 interrupted by SIGTERM.
[runlim] end:			Mon Jan 28 15:43:34 2019
[runlim] status:		out of time
[runlim] result:		2
[runlim] children:		0
[runlim] real:			321.59 seconds
[runlim] time:			300.10 seconds
[runlim] space:			282.4 MB
[runlim] samples:		3214
