[runlim] version:		1.10fixed
[runlim] time limit:		300 seconds
[runlim] real time limit:	311040000 seconds
[runlim] space limit:		4000 MB
[runlim] argv[0]:		./cvc4
[runlim] argv[1]:		--nl-ext-tplanes
[runlim] argv[2]:		--fmf-fun-rlv
[runlim] argv[3]:		/tmp/bgNKdDLV.smt2
[runlim] start:			Tue Jan 29 12:19:26 2019
[runlim] main pid:		27637
/tmp/bgNKdDLV.smt2:4.12: No set-logic command was given before this point.
/tmp/bgNKdDLV.smt2:4.12: CVC4 will make all theories available.
/tmp/bgNKdDLV.smt2:4.12: Consider setting a stricter logic for (likely) better performance.
/tmp/bgNKdDLV.smt2:4.12: To suppress this warning in the future use (set-logic ALL).
[runlim] sample:		9.4 time, 11.0 real, 35.1 MB
[runlim] sample:		19.0 time, 21.0 real, 42.8 MB
[runlim] sample:		28.6 time, 31.0 real, 52.3 MB
[runlim] sample:		37.3 time, 41.0 real, 53.0 MB
[runlim] sample:		47.3 time, 51.0 real, 53.3 MB
[runlim] sample:		56.9 time, 61.0 real, 54.0 MB
[runlim] sample:		65.9 time, 71.0 real, 54.3 MB
[runlim] sample:		75.9 time, 81.0 real, 54.5 MB
[runlim] sample:		85.3 time, 91.0 real, 54.8 MB
[runlim] sample:		94.4 time, 101.0 real, 55.8 MB
[runlim] sample:		104.1 time, 111.0 real, 56.8 MB
[runlim] sample:		113.6 time, 121.0 real, 57.3 MB
[runlim] sample:		123.2 time, 131.0 real, 57.8 MB
[runlim] sample:		131.4 time, 141.0 real, 59.7 MB
[runlim] sample:		140.7 time, 151.0 real, 61.5 MB
[runlim] sample:		150.7 time, 161.0 real, 63.3 MB
[runlim] sample:		158.9 time, 171.0 real, 64.9 MB
[runlim] sample:		167.4 time, 181.0 real, 65.6 MB
[runlim] sample:		177.4 time, 191.0 real, 65.6 MB
[runlim] sample:		187.4 time, 201.0 real, 65.6 MB
[runlim] sample:		197.4 time, 211.0 real, 65.8 MB
[runlim] sample:		207.4 time, 221.0 real, 66.6 MB
[runlim] sample:		217.4 time, 231.0 real, 67.3 MB
[runlim] sample:		227.4 time, 241.0 real, 67.3 MB
[runlim] sample:		237.4 time, 251.0 real, 68.1 MB
[runlim] sample:		247.4 time, 261.0 real, 69.6 MB
[runlim] sample:		257.4 time, 271.0 real, 73.8 MB
[runlim] sample:		267.4 time, 281.0 real, 74.5 MB
[runlim] sample:		277.4 time, 291.0 real, 75.3 MB
[runlim] sample:		287.4 time, 301.0 real, 75.8 MB
[runlim] sample:		297.4 time, 311.0 real, 75.8 MB
CVC4 interrupted by SIGTERM.
[runlim] end:			Tue Jan 29 12:24:39 2019
[runlim] status:		out of time
[runlim] result:		2
[runlim] children:		0
[runlim] real:			313.70 seconds
[runlim] time:			300.08 seconds
[runlim] space:			75.8 MB
[runlim] samples:		3127
