[runlim] version:		1.10fixed
[runlim] time limit:		300 seconds
[runlim] real time limit:	311040000 seconds
[runlim] space limit:		4000 MB
[runlim] argv[0]:		./cvc4
[runlim] argv[1]:		--nl-ext-tplanes
[runlim] argv[2]:		--fmf-fun-rlv
[runlim] argv[3]:		/tmp/57OIK8NO.smt2
[runlim] start:			Tue Jan 29 12:15:09 2019
[runlim] main pid:		29518
/tmp/57OIK8NO.smt2:4.12: No set-logic command was given before this point.
/tmp/57OIK8NO.smt2:4.12: CVC4 will make all theories available.
/tmp/57OIK8NO.smt2:4.12: Consider setting a stricter logic for (likely) better performance.
/tmp/57OIK8NO.smt2:4.12: To suppress this warning in the future use (set-logic ALL).
[runlim] sample:		8.7 time, 11.0 real, 40.0 MB
[runlim] sample:		17.5 time, 21.0 real, 46.1 MB
[runlim] sample:		26.4 time, 31.0 real, 51.3 MB
[runlim] sample:		36.4 time, 41.0 real, 54.4 MB
[runlim] sample:		46.4 time, 51.0 real, 63.1 MB
[runlim] sample:		56.4 time, 61.0 real, 66.4 MB
[runlim] sample:		66.4 time, 71.0 real, 67.8 MB
[runlim] sample:		76.4 time, 81.0 real, 69.2 MB
[runlim] sample:		86.4 time, 91.0 real, 70.0 MB
[runlim] sample:		96.4 time, 101.0 real, 72.0 MB
[runlim] sample:		106.4 time, 111.0 real, 73.9 MB
[runlim] sample:		116.4 time, 121.0 real, 74.9 MB
[runlim] sample:		126.4 time, 131.0 real, 74.9 MB
[runlim] sample:		136.4 time, 141.0 real, 74.9 MB
[runlim] sample:		146.4 time, 151.0 real, 74.9 MB
[runlim] sample:		156.4 time, 161.0 real, 74.9 MB
[runlim] sample:		166.4 time, 171.0 real, 75.1 MB
[runlim] sample:		176.4 time, 181.0 real, 75.1 MB
[runlim] sample:		186.4 time, 191.0 real, 75.1 MB
[runlim] sample:		196.4 time, 201.0 real, 75.4 MB
[runlim] sample:		206.4 time, 211.0 real, 75.4 MB
[runlim] sample:		216.4 time, 221.0 real, 75.4 MB
[runlim] sample:		226.4 time, 231.0 real, 75.7 MB
[runlim] sample:		236.4 time, 241.0 real, 75.7 MB
[runlim] sample:		246.4 time, 251.0 real, 75.7 MB
[runlim] sample:		256.1 time, 261.0 real, 75.9 MB
[runlim] sample:		266.1 time, 271.0 real, 75.9 MB
[runlim] sample:		275.7 time, 281.0 real, 75.9 MB
[runlim] sample:		285.7 time, 291.0 real, 76.2 MB
[runlim] sample:		295.7 time, 301.0 real, 76.2 MB
CVC4 interrupted by SIGTERM.
[runlim] end:			Tue Jan 29 12:20:14 2019
[runlim] status:		out of time
[runlim] result:		2
[runlim] children:		0
[runlim] real:			305.60 seconds
[runlim] time:			300.01 seconds
[runlim] space:			76.4 MB
[runlim] samples:		3046
