[runlim] version:		1.10fixed
[runlim] time limit:		300 seconds
[runlim] real time limit:	311040000 seconds
[runlim] space limit:		4000 MB
[runlim] argv[0]:		./cvc4
[runlim] argv[1]:		--nl-ext-tplanes
[runlim] argv[2]:		--fmf-fun-rlv
[runlim] argv[3]:		/tmp/B9tflb86.smt2
[runlim] start:			Mon Jan 28 15:40:55 2019
[runlim] main pid:		12229
/tmp/B9tflb86.smt2:4.12: No set-logic command was given before this point.
/tmp/B9tflb86.smt2:4.12: CVC4 will make all theories available.
/tmp/B9tflb86.smt2:4.12: Consider setting a stricter logic for (likely) better performance.
/tmp/B9tflb86.smt2:4.12: To suppress this warning in the future use (set-logic ALL).
[runlim] sample:		8.9 time, 10.2 real, 43.8 MB
[runlim] sample:		18.4 time, 20.2 real, 50.3 MB
[runlim] sample:		25.9 time, 30.2 real, 53.4 MB
[runlim] sample:		35.8 time, 40.2 real, 57.5 MB
[runlim] sample:		45.8 time, 50.2 real, 59.8 MB
[runlim] sample:		55.2 time, 60.2 real, 63.3 MB
[runlim] sample:		65.2 time, 70.2 real, 64.6 MB
[runlim] sample:		75.2 time, 80.2 real, 66.1 MB
[runlim] sample:		84.8 time, 90.2 real, 68.1 MB
[runlim] sample:		94.8 time, 100.2 real, 68.9 MB
[runlim] sample:		104.8 time, 110.2 real, 70.2 MB
[runlim] sample:		114.8 time, 120.2 real, 70.9 MB
[runlim] sample:		124.8 time, 130.2 real, 73.7 MB
[runlim] sample:		134.8 time, 140.2 real, 74.2 MB
[runlim] sample:		144.8 time, 150.2 real, 76.5 MB
[runlim] sample:		154.7 time, 160.2 real, 76.8 MB
[runlim] sample:		164.6 time, 170.2 real, 77.0 MB
[runlim] sample:		174.4 time, 180.2 real, 78.3 MB
[runlim] sample:		184.4 time, 190.2 real, 79.3 MB
[runlim] sample:		194.2 time, 200.2 real, 80.6 MB
[runlim] sample:		204.0 time, 210.2 real, 83.4 MB
[runlim] sample:		213.8 time, 220.2 real, 83.7 MB
[runlim] sample:		223.2 time, 230.2 real, 83.9 MB
[runlim] sample:		233.2 time, 240.2 real, 86.7 MB
[runlim] sample:		243.2 time, 250.2 real, 87.0 MB
[runlim] sample:		253.2 time, 260.2 real, 87.2 MB
[runlim] sample:		263.2 time, 270.2 real, 87.5 MB
[runlim] sample:		273.2 time, 280.2 real, 88.0 MB
[runlim] sample:		283.2 time, 290.2 real, 88.2 MB
[runlim] sample:		293.2 time, 300.2 real, 90.3 MB
CVC4 interrupted by SIGTERM.
[runlim] end:			Mon Jan 28 15:46:02 2019
[runlim] status:		out of time
[runlim] result:		2
[runlim] children:		0
[runlim] real:			307.09 seconds
[runlim] time:			300.07 seconds
[runlim] space:			90.5 MB
[runlim] samples:		3069
