[runlim] version:		1.10fixed
[runlim] time limit:		300 seconds
[runlim] real time limit:	311040000 seconds
[runlim] space limit:		4000 MB
[runlim] argv[0]:		./cvc4
[runlim] argv[1]:		--nl-ext-tplanes
[runlim] argv[2]:		--fmf-fun-rlv
[runlim] argv[3]:		/tmp/YE1cifdp.smt2
[runlim] start:			Tue Jan 29 12:18:00 2019
[runlim] main pid:		5207
/tmp/YE1cifdp.smt2:4.12: No set-logic command was given before this point.
/tmp/YE1cifdp.smt2:4.12: CVC4 will make all theories available.
/tmp/YE1cifdp.smt2:4.12: Consider setting a stricter logic for (likely) better performance.
/tmp/YE1cifdp.smt2:4.12: To suppress this warning in the future use (set-logic ALL).
[runlim] sample:		9.2 time, 10.7 real, 44.1 MB
[runlim] sample:		18.2 time, 20.7 real, 50.3 MB
[runlim] sample:		28.0 time, 30.7 real, 53.3 MB
[runlim] sample:		38.0 time, 40.7 real, 59.0 MB
[runlim] sample:		48.0 time, 50.7 real, 62.4 MB
[runlim] sample:		58.0 time, 60.7 real, 68.4 MB
[runlim] sample:		68.0 time, 70.7 real, 70.2 MB
[runlim] sample:		78.0 time, 80.7 real, 71.4 MB
[runlim] sample:		88.0 time, 90.7 real, 72.4 MB
[runlim] sample:		98.0 time, 100.7 real, 73.6 MB
[runlim] sample:		108.0 time, 110.7 real, 74.4 MB
[runlim] sample:		118.0 time, 120.7 real, 75.4 MB
[runlim] sample:		128.0 time, 130.7 real, 77.0 MB
[runlim] sample:		138.0 time, 140.7 real, 77.8 MB
[runlim] sample:		147.9 time, 150.7 real, 79.4 MB
[runlim] sample:		157.5 time, 160.7 real, 80.6 MB
[runlim] sample:		167.2 time, 170.7 real, 81.4 MB
[runlim] sample:		177.1 time, 180.7 real, 83.5 MB
[runlim] sample:		187.1 time, 190.7 real, 84.0 MB
[runlim] sample:		197.1 time, 200.7 real, 84.7 MB
[runlim] sample:		207.1 time, 210.7 real, 88.3 MB
[runlim] sample:		217.1 time, 220.7 real, 89.3 MB
[runlim] sample:		227.1 time, 230.7 real, 93.1 MB
[runlim] sample:		236.7 time, 240.7 real, 95.9 MB
[runlim] sample:		246.4 time, 250.7 real, 96.1 MB
[runlim] sample:		256.0 time, 260.7 real, 97.9 MB
[runlim] sample:		265.7 time, 270.7 real, 98.1 MB
[runlim] sample:		275.3 time, 280.7 real, 99.4 MB
[runlim] sample:		285.1 time, 290.7 real, 100.6 MB
[runlim] sample:		294.9 time, 300.7 real, 103.4 MB
CVC4 interrupted by SIGTERM.
[runlim] end:			Tue Jan 29 12:23:06 2019
[runlim] status:		out of time
[runlim] result:		2
[runlim] children:		0
[runlim] real:			306.51 seconds
[runlim] time:			300.04 seconds
[runlim] space:			103.4 MB
[runlim] samples:		3058
