[runlim] version:		1.10fixed
[runlim] time limit:		300 seconds
[runlim] real time limit:	311040000 seconds
[runlim] space limit:		4000 MB
[runlim] argv[0]:		./cvc4
[runlim] argv[1]:		--nl-ext-tplanes
[runlim] argv[2]:		--fmf-fun-rlv
[runlim] argv[3]:		/tmp/SjwuGhU8.smt2
[runlim] start:			Mon Jan 28 15:41:56 2019
[runlim] main pid:		10765
/tmp/SjwuGhU8.smt2:4.12: No set-logic command was given before this point.
/tmp/SjwuGhU8.smt2:4.12: CVC4 will make all theories available.
/tmp/SjwuGhU8.smt2:4.12: Consider setting a stricter logic for (likely) better performance.
/tmp/SjwuGhU8.smt2:4.12: To suppress this warning in the future use (set-logic ALL).
[runlim] sample:		7.5 time, 10.8 real, 40.7 MB
[runlim] sample:		16.0 time, 20.8 real, 45.1 MB
[runlim] sample:		25.3 time, 30.8 real, 46.9 MB
[runlim] sample:		34.0 time, 40.8 real, 47.6 MB
[runlim] sample:		42.4 time, 50.8 real, 48.7 MB
[runlim] sample:		51.5 time, 60.8 real, 48.9 MB
[runlim] sample:		60.5 time, 70.8 real, 56.1 MB
[runlim] sample:		70.5 time, 80.8 real, 62.0 MB
[runlim] sample:		80.5 time, 90.8 real, 63.8 MB
[runlim] sample:		90.5 time, 100.8 real, 66.4 MB
[runlim] sample:		100.5 time, 110.8 real, 70.4 MB
[runlim] sample:		110.1 time, 120.8 real, 72.9 MB
[runlim] sample:		119.3 time, 130.8 real, 75.8 MB
[runlim] sample:		128.4 time, 140.8 real, 76.8 MB
[runlim] sample:		137.1 time, 150.8 real, 77.0 MB
[runlim] sample:		146.4 time, 160.8 real, 80.8 MB
[runlim] sample:		155.6 time, 170.8 real, 81.1 MB
[runlim] sample:		164.3 time, 180.8 real, 81.5 MB
[runlim] sample:		173.3 time, 190.8 real, 81.8 MB
[runlim] sample:		182.0 time, 200.8 real, 82.0 MB
[runlim] sample:		191.6 time, 210.8 real, 84.6 MB
[runlim] sample:		201.3 time, 220.8 real, 87.9 MB
[runlim] sample:		210.8 time, 230.8 real, 88.4 MB
[runlim] sample:		220.5 time, 240.8 real, 89.1 MB
[runlim] sample:		230.3 time, 250.8 real, 92.2 MB
[runlim] sample:		238.9 time, 260.8 real, 92.4 MB
[runlim] sample:		248.6 time, 270.8 real, 92.9 MB
[runlim] sample:		257.9 time, 280.8 real, 97.3 MB
[runlim] sample:		265.7 time, 290.8 real, 97.8 MB
[runlim] sample:		275.2 time, 300.8 real, 98.2 MB
[runlim] sample:		285.1 time, 310.8 real, 98.7 MB
[runlim] sample:		295.1 time, 320.8 real, 98.9 MB
CVC4 interrupted by SIGTERM.
[runlim] end:			Mon Jan 28 15:47:22 2019
[runlim] status:		out of time
[runlim] result:		2
[runlim] children:		0
[runlim] real:			326.26 seconds
[runlim] time:			300.01 seconds
[runlim] space:			99.2 MB
[runlim] samples:		3254
