[runlim] version:		1.10fixed
[runlim] time limit:		300 seconds
[runlim] real time limit:	311040000 seconds
[runlim] space limit:		4000 MB
[runlim] argv[0]:		./cvc4
[runlim] argv[1]:		--nl-ext-tplanes
[runlim] argv[2]:		--fmf-fun-rlv
[runlim] argv[3]:		/tmp/V7lcwHeF.smt2
[runlim] start:			Tue Jan 29 12:18:15 2019
[runlim] main pid:		22113
/tmp/V7lcwHeF.smt2:4.12: No set-logic command was given before this point.
/tmp/V7lcwHeF.smt2:4.12: CVC4 will make all theories available.
/tmp/V7lcwHeF.smt2:4.12: Consider setting a stricter logic for (likely) better performance.
/tmp/V7lcwHeF.smt2:4.12: To suppress this warning in the future use (set-logic ALL).
[runlim] end:			Tue Jan 29 12:18:15 2019
[runlim] status:		ok
[runlim] result:		0
[runlim] children:		0
[runlim] real:			0.24 seconds
[runlim] time:			0.04 seconds
[runlim] space:			19.0 MB
[runlim] samples:		1
