[runlim] version:		1.10fixed
[runlim] time limit:		300 seconds
[runlim] real time limit:	311040000 seconds
[runlim] space limit:		4000 MB
[runlim] argv[0]:		./cvc4
[runlim] argv[1]:		--nl-ext-tplanes
[runlim] argv[2]:		--fmf-fun-rlv
[runlim] argv[3]:		/tmp/sVUa1C6M.smt2
[runlim] start:			Tue Jan 29 12:18:08 2019
[runlim] main pid:		4027
/tmp/sVUa1C6M.smt2:4.12: No set-logic command was given before this point.
/tmp/sVUa1C6M.smt2:4.12: CVC4 will make all theories available.
/tmp/sVUa1C6M.smt2:4.12: Consider setting a stricter logic for (likely) better performance.
/tmp/sVUa1C6M.smt2:4.12: To suppress this warning in the future use (set-logic ALL).
[runlim] sample:		9.0 time, 10.9 real, 39.0 MB
[runlim] sample:		18.3 time, 20.9 real, 51.4 MB
[runlim] sample:		27.7 time, 30.9 real, 53.5 MB
[runlim] sample:		37.2 time, 40.9 real, 54.2 MB
[runlim] sample:		45.7 time, 50.9 real, 54.2 MB
[runlim] sample:		54.9 time, 60.9 real, 55.0 MB
[runlim] sample:		63.7 time, 70.9 real, 55.3 MB
[runlim] sample:		72.5 time, 80.9 real, 55.5 MB
[runlim] sample:		82.2 time, 90.9 real, 56.3 MB
[runlim] sample:		90.9 time, 100.9 real, 57.0 MB
[runlim] sample:		100.3 time, 110.9 real, 57.0 MB
[runlim] sample:		109.1 time, 120.9 real, 57.2 MB
[runlim] sample:		118.4 time, 130.9 real, 57.2 MB
[runlim] sample:		127.4 time, 140.9 real, 57.2 MB
[runlim] sample:		137.4 time, 150.9 real, 57.4 MB
[runlim] sample:		146.5 time, 160.9 real, 59.2 MB
[runlim] sample:		155.9 time, 170.9 real, 59.6 MB
[runlim] sample:		165.9 time, 180.9 real, 61.0 MB
[runlim] sample:		175.9 time, 190.9 real, 61.0 MB
[runlim] sample:		185.4 time, 200.9 real, 61.7 MB
[runlim] sample:		194.8 time, 210.9 real, 64.6 MB
[runlim] sample:		204.1 time, 220.9 real, 65.3 MB
[runlim] sample:		213.5 time, 230.9 real, 68.4 MB
[runlim] sample:		223.0 time, 240.9 real, 68.6 MB
[runlim] sample:		233.0 time, 250.9 real, 68.9 MB
[runlim] sample:		243.0 time, 260.9 real, 69.4 MB
[runlim] sample:		253.0 time, 270.9 real, 71.2 MB
[runlim] sample:		263.0 time, 280.9 real, 75.0 MB
[runlim] sample:		273.0 time, 290.9 real, 78.0 MB
[runlim] sample:		282.2 time, 300.9 real, 78.3 MB
[runlim] sample:		291.7 time, 310.9 real, 78.5 MB
CVC4 interrupted by SIGTERM.
[runlim] end:			Tue Jan 29 12:23:27 2019
[runlim] status:		out of time
[runlim] result:		2
[runlim] children:		0
[runlim] real:			319.34 seconds
[runlim] time:			300.07 seconds
[runlim] space:			81.4 MB
[runlim] samples:		3184
