[runlim] version:		1.10fixed
[runlim] time limit:		300 seconds
[runlim] real time limit:	311040000 seconds
[runlim] space limit:		4000 MB
[runlim] argv[0]:		./cvc4
[runlim] argv[1]:		--nl-ext-tplanes
[runlim] argv[2]:		--fmf-fun-rlv
[runlim] argv[3]:		/tmp/mi51Srk1.smt2
[runlim] start:			Mon Jan 28 15:37:14 2019
[runlim] main pid:		26377
/tmp/mi51Srk1.smt2:4.12: No set-logic command was given before this point.
/tmp/mi51Srk1.smt2:4.12: CVC4 will make all theories available.
/tmp/mi51Srk1.smt2:4.12: Consider setting a stricter logic for (likely) better performance.
/tmp/mi51Srk1.smt2:4.12: To suppress this warning in the future use (set-logic ALL).
[runlim] sample:		9.2 time, 10.2 real, 40.4 MB
[runlim] sample:		18.5 time, 20.2 real, 47.9 MB
[runlim] sample:		28.3 time, 30.2 real, 52.2 MB
[runlim] sample:		38.1 time, 40.2 real, 54.5 MB
[runlim] sample:		47.4 time, 50.2 real, 56.5 MB
[runlim] sample:		57.1 time, 60.2 real, 58.8 MB
[runlim] sample:		66.8 time, 70.2 real, 61.3 MB
[runlim] sample:		76.5 time, 80.2 real, 63.4 MB
[runlim] sample:		86.2 time, 90.2 real, 64.4 MB
[runlim] sample:		95.8 time, 100.2 real, 66.9 MB
[runlim] sample:		105.5 time, 110.2 real, 67.2 MB
[runlim] sample:		115.2 time, 120.2 real, 67.7 MB
[runlim] sample:		124.8 time, 130.2 real, 68.7 MB
[runlim] sample:		134.5 time, 140.2 real, 71.0 MB
[runlim] sample:		144.2 time, 150.2 real, 71.2 MB
[runlim] sample:		154.1 time, 160.2 real, 72.5 MB
[runlim] sample:		163.8 time, 170.2 real, 75.0 MB
[runlim] sample:		172.9 time, 180.2 real, 75.3 MB
[runlim] sample:		182.5 time, 190.2 real, 75.5 MB
[runlim] sample:		191.9 time, 200.2 real, 75.8 MB
[runlim] sample:		200.3 time, 210.2 real, 76.2 MB
[runlim] sample:		208.6 time, 220.2 real, 78.3 MB
[runlim] sample:		217.8 time, 230.2 real, 81.6 MB
[runlim] sample:		227.4 time, 240.2 real, 81.9 MB
[runlim] sample:		237.1 time, 250.2 real, 84.4 MB
[runlim] sample:		247.1 time, 260.2 real, 85.2 MB
[runlim] sample:		257.1 time, 270.2 real, 85.9 MB
[runlim] sample:		267.1 time, 280.2 real, 87.2 MB
[runlim] sample:		277.1 time, 290.2 real, 88.0 MB
[runlim] sample:		287.1 time, 300.2 real, 88.5 MB
[runlim] sample:		297.1 time, 310.2 real, 89.2 MB
CVC4 interrupted by SIGTERM.
[runlim] end:			Mon Jan 28 15:42:27 2019
[runlim] status:		out of time
[runlim] result:		2
[runlim] children:		0
[runlim] real:			313.21 seconds
[runlim] time:			300.06 seconds
[runlim] space:			89.2 MB
[runlim] samples:		3130
