[runlim] version:		1.10fixed
[runlim] time limit:		300 seconds
[runlim] real time limit:	311040000 seconds
[runlim] space limit:		4000 MB
[runlim] argv[0]:		./cvc4
[runlim] argv[1]:		--nl-ext-tplanes
[runlim] argv[2]:		--fmf-fun-rlv
[runlim] argv[3]:		/tmp/gLNYVxjM.smt2
[runlim] start:			Mon Jan 28 15:27:25 2019
[runlim] main pid:		1634
/tmp/gLNYVxjM.smt2:4.12: No set-logic command was given before this point.
/tmp/gLNYVxjM.smt2:4.12: CVC4 will make all theories available.
/tmp/gLNYVxjM.smt2:4.12: Consider setting a stricter logic for (likely) better performance.
/tmp/gLNYVxjM.smt2:4.12: To suppress this warning in the future use (set-logic ALL).
[runlim] sample:		9.0 time, 10.5 real, 41.1 MB
[runlim] sample:		17.9 time, 20.5 real, 47.0 MB
[runlim] sample:		26.7 time, 30.5 real, 52.6 MB
[runlim] sample:		36.7 time, 40.5 real, 54.9 MB
[runlim] sample:		46.7 time, 50.5 real, 56.9 MB
[runlim] sample:		56.7 time, 60.5 real, 58.4 MB
[runlim] sample:		66.7 time, 70.5 real, 58.9 MB
[runlim] sample:		76.7 time, 80.5 real, 59.7 MB
[runlim] sample:		86.7 time, 90.5 real, 61.7 MB
[runlim] sample:		96.7 time, 100.5 real, 61.9 MB
[runlim] sample:		106.7 time, 110.5 real, 64.0 MB
[runlim] sample:		116.7 time, 120.5 real, 68.9 MB
[runlim] sample:		126.7 time, 130.5 real, 69.1 MB
[runlim] sample:		136.7 time, 140.5 real, 70.1 MB
[runlim] sample:		146.3 time, 150.5 real, 73.2 MB
[runlim] sample:		155.7 time, 160.5 real, 73.5 MB
[runlim] sample:		165.4 time, 170.5 real, 77.3 MB
[runlim] sample:		174.7 time, 180.5 real, 77.3 MB
[runlim] sample:		184.1 time, 190.5 real, 77.5 MB
[runlim] sample:		193.1 time, 200.5 real, 77.8 MB
[runlim] sample:		201.9 time, 210.5 real, 78.0 MB
[runlim] sample:		211.9 time, 220.5 real, 78.3 MB
[runlim] sample:		221.9 time, 230.5 real, 78.5 MB
[runlim] sample:		231.9 time, 240.5 real, 78.8 MB
[runlim] sample:		241.8 time, 250.5 real, 79.2 MB
[runlim] sample:		251.1 time, 260.5 real, 79.7 MB
[runlim] sample:		261.0 time, 270.5 real, 80.3 MB
[runlim] sample:		271.0 time, 280.5 real, 80.5 MB
[runlim] sample:		281.0 time, 290.5 real, 81.2 MB
[runlim] sample:		291.0 time, 300.5 real, 81.7 MB
CVC4 interrupted by SIGTERM.
[runlim] end:			Mon Jan 28 15:32:34 2019
[runlim] status:		out of time
[runlim] result:		2
[runlim] children:		0
[runlim] real:			309.74 seconds
[runlim] time:			300.04 seconds
[runlim] space:			82.8 MB
[runlim] samples:		3092
