[runlim] version:		1.10fixed
[runlim] time limit:		300 seconds
[runlim] real time limit:	311040000 seconds
[runlim] space limit:		4000 MB
[runlim] argv[0]:		./cvc4
[runlim] argv[1]:		--nl-ext-tplanes
[runlim] argv[2]:		--fmf-fun-rlv
[runlim] argv[3]:		/tmp/EcP0I8U0.smt2
[runlim] start:			Tue Jan 29 12:05:45 2019
[runlim] main pid:		16182
/tmp/EcP0I8U0.smt2:4.12: No set-logic command was given before this point.
/tmp/EcP0I8U0.smt2:4.12: CVC4 will make all theories available.
/tmp/EcP0I8U0.smt2:4.12: Consider setting a stricter logic for (likely) better performance.
/tmp/EcP0I8U0.smt2:4.12: To suppress this warning in the future use (set-logic ALL).
[runlim] sample:		9.4 time, 10.2 real, 38.8 MB
[runlim] sample:		18.3 time, 20.2 real, 44.2 MB
[runlim] sample:		27.2 time, 30.2 real, 48.5 MB
[runlim] sample:		36.1 time, 40.2 real, 51.3 MB
[runlim] sample:		45.7 time, 50.2 real, 53.4 MB
[runlim] sample:		55.3 time, 60.2 real, 56.7 MB
[runlim] sample:		64.8 time, 70.2 real, 63.4 MB
[runlim] sample:		73.5 time, 80.2 real, 64.7 MB
[runlim] sample:		82.5 time, 90.2 real, 66.0 MB
[runlim] sample:		92.2 time, 100.2 real, 69.8 MB
[runlim] sample:		101.0 time, 110.2 real, 71.1 MB
[runlim] sample:		110.5 time, 120.2 real, 74.2 MB
[runlim] sample:		119.9 time, 130.2 real, 74.4 MB
[runlim] sample:		129.9 time, 140.2 real, 79.3 MB
[runlim] sample:		139.9 time, 150.2 real, 82.1 MB
[runlim] sample:		149.2 time, 160.2 real, 82.4 MB
[runlim] sample:		157.6 time, 170.2 real, 83.9 MB
[runlim] sample:		167.3 time, 180.2 real, 85.7 MB
[runlim] sample:		177.3 time, 190.2 real, 89.0 MB
[runlim] sample:		187.3 time, 200.2 real, 89.5 MB
[runlim] sample:		197.3 time, 210.2 real, 90.7 MB
[runlim] sample:		207.3 time, 220.2 real, 93.5 MB
[runlim] sample:		216.6 time, 230.2 real, 95.1 MB
[runlim] sample:		226.4 time, 240.2 real, 95.8 MB
[runlim] sample:		236.4 time, 250.2 real, 96.1 MB
[runlim] sample:		246.1 time, 260.2 real, 96.3 MB
[runlim] sample:		255.5 time, 270.2 real, 97.0 MB
[runlim] sample:		264.8 time, 280.2 real, 100.4 MB
[runlim] sample:		274.2 time, 290.2 real, 105.0 MB
[runlim] sample:		283.5 time, 300.2 real, 105.2 MB
[runlim] sample:		293.0 time, 310.2 real, 105.5 MB
CVC4 interrupted by SIGTERM.
[runlim] end:			Tue Jan 29 12:11:02 2019
[runlim] status:		out of time
[runlim] result:		2
[runlim] children:		0
[runlim] real:			317.35 seconds
[runlim] time:			300.07 seconds
[runlim] space:			105.7 MB
[runlim] samples:		3171
