[runlim] version:		1.10fixed
[runlim] time limit:		300 seconds
[runlim] real time limit:	311040000 seconds
[runlim] space limit:		4000 MB
[runlim] argv[0]:		./cvc4
[runlim] argv[1]:		--nl-ext-tplanes
[runlim] argv[2]:		--fmf-fun-rlv
[runlim] argv[3]:		/tmp/fVZRipD8.smt2
[runlim] start:			Tue Jan 29 12:03:09 2019
[runlim] main pid:		31476
/tmp/fVZRipD8.smt2:4.12: No set-logic command was given before this point.
/tmp/fVZRipD8.smt2:4.12: CVC4 will make all theories available.
/tmp/fVZRipD8.smt2:4.12: Consider setting a stricter logic for (likely) better performance.
/tmp/fVZRipD8.smt2:4.12: To suppress this warning in the future use (set-logic ALL).
[runlim] sample:		9.9 time, 10.8 real, 37.8 MB
[runlim] sample:		19.1 time, 20.8 real, 46.5 MB
[runlim] sample:		28.8 time, 30.8 real, 51.9 MB
[runlim] sample:		38.8 time, 40.8 real, 62.0 MB
[runlim] sample:		48.8 time, 50.8 real, 63.8 MB
[runlim] sample:		58.5 time, 60.8 real, 65.7 MB
[runlim] sample:		68.2 time, 70.8 real, 68.2 MB
[runlim] sample:		78.0 time, 80.8 real, 73.3 MB
[runlim] sample:		88.0 time, 90.8 real, 74.8 MB
[runlim] sample:		98.0 time, 100.8 real, 75.1 MB
[runlim] sample:		108.0 time, 110.8 real, 76.4 MB
[runlim] sample:		118.0 time, 120.8 real, 77.6 MB
[runlim] sample:		128.0 time, 130.8 real, 80.0 MB
[runlim] sample:		138.0 time, 140.8 real, 80.5 MB
[runlim] sample:		148.0 time, 150.8 real, 80.5 MB
[runlim] sample:		158.0 time, 160.8 real, 81.0 MB
[runlim] sample:		168.0 time, 170.8 real, 83.5 MB
[runlim] sample:		178.0 time, 180.8 real, 84.6 MB
[runlim] sample:		188.0 time, 190.8 real, 84.9 MB
[runlim] sample:		198.0 time, 200.8 real, 86.1 MB
[runlim] sample:		208.0 time, 210.8 real, 90.8 MB
[runlim] sample:		218.0 time, 220.8 real, 92.8 MB
[runlim] sample:		228.0 time, 230.8 real, 95.1 MB
[runlim] sample:		238.0 time, 240.8 real, 96.7 MB
[runlim] sample:		248.0 time, 250.8 real, 101.3 MB
[runlim] sample:		258.0 time, 260.8 real, 103.1 MB
[runlim] sample:		268.0 time, 270.8 real, 103.6 MB
[runlim] sample:		278.0 time, 280.8 real, 105.7 MB
[runlim] sample:		288.0 time, 290.8 real, 106.0 MB
[runlim] sample:		298.0 time, 300.8 real, 106.0 MB
CVC4 interrupted by SIGTERM.
[runlim] end:			Tue Jan 29 12:08:11 2019
[runlim] status:		out of time
[runlim] result:		2
[runlim] children:		0
[runlim] real:			302.97 seconds
[runlim] time:			300.09 seconds
[runlim] space:			106.0 MB
[runlim] samples:		3021
