[runlim] version:		1.10fixed
[runlim] time limit:		300 seconds
[runlim] real time limit:	311040000 seconds
[runlim] space limit:		4000 MB
[runlim] argv[0]:		./cvc4
[runlim] argv[1]:		--nl-ext-tplanes
[runlim] argv[2]:		--fmf-fun-rlv
[runlim] argv[3]:		/tmp/9TIJRMqk.smt2
[runlim] start:			Mon Jan 28 15:26:54 2019
[runlim] main pid:		10715
/tmp/9TIJRMqk.smt2:4.12: No set-logic command was given before this point.
/tmp/9TIJRMqk.smt2:4.12: CVC4 will make all theories available.
/tmp/9TIJRMqk.smt2:4.12: Consider setting a stricter logic for (likely) better performance.
/tmp/9TIJRMqk.smt2:4.12: To suppress this warning in the future use (set-logic ALL).
[runlim] sample:		8.9 time, 10.0 real, 41.2 MB
[runlim] sample:		17.5 time, 20.0 real, 44.0 MB
[runlim] sample:		27.5 time, 30.0 real, 47.8 MB
[runlim] sample:		37.2 time, 40.0 real, 50.1 MB
[runlim] sample:		45.5 time, 50.0 real, 54.4 MB
[runlim] sample:		55.0 time, 60.0 real, 55.9 MB
[runlim] sample:		63.9 time, 70.0 real, 58.2 MB
[runlim] sample:		71.9 time, 80.0 real, 59.4 MB
[runlim] sample:		81.0 time, 90.0 real, 63.0 MB
[runlim] sample:		89.5 time, 100.0 real, 67.9 MB
[runlim] sample:		98.9 time, 110.0 real, 68.6 MB
[runlim] sample:		108.2 time, 120.0 real, 69.1 MB
[runlim] sample:		117.8 time, 130.0 real, 74.2 MB
[runlim] sample:		127.7 time, 140.0 real, 75.5 MB
[runlim] sample:		137.6 time, 150.0 real, 76.5 MB
[runlim] sample:		147.6 time, 160.0 real, 81.9 MB
[runlim] sample:		157.6 time, 170.0 real, 82.3 MB
[runlim] sample:		167.6 time, 180.0 real, 83.8 MB
[runlim] sample:		177.4 time, 190.0 real, 85.9 MB
[runlim] sample:		187.4 time, 200.0 real, 86.1 MB
[runlim] sample:		197.4 time, 210.0 real, 86.1 MB
[runlim] sample:		207.4 time, 220.0 real, 86.1 MB
[runlim] sample:		217.4 time, 230.0 real, 86.4 MB
[runlim] sample:		227.4 time, 240.0 real, 86.6 MB
[runlim] sample:		237.2 time, 250.0 real, 86.9 MB
[runlim] sample:		246.7 time, 260.0 real, 87.1 MB
[runlim] sample:		256.6 time, 270.0 real, 87.4 MB
[runlim] sample:		265.3 time, 280.0 real, 87.7 MB
[runlim] sample:		273.8 time, 290.0 real, 87.9 MB
[runlim] sample:		283.8 time, 300.0 real, 88.2 MB
[runlim] sample:		293.8 time, 310.0 real, 88.4 MB
[runlim] end:			Mon Jan 28 15:32:08 2019
[runlim] status:		signal(9)
[runlim] result:		11
[runlim] children:		0
[runlim] real:			314.41 seconds
[runlim] time:			298.14 seconds
[runlim] space:			88.4 MB
[runlim] samples:		3144
