[runlim] version:		1.10fixed
[runlim] time limit:		300 seconds
[runlim] real time limit:	311040000 seconds
[runlim] space limit:		4000 MB
[runlim] argv[0]:		./cvc4
[runlim] argv[1]:		--nl-ext-tplanes
[runlim] argv[2]:		--fmf-fun-rlv
[runlim] argv[3]:		/tmp/jok5ycOQ.smt2
[runlim] start:			Tue Jan 29 12:00:17 2019
[runlim] main pid:		1328
/tmp/jok5ycOQ.smt2:4.12: No set-logic command was given before this point.
/tmp/jok5ycOQ.smt2:4.12: CVC4 will make all theories available.
/tmp/jok5ycOQ.smt2:4.12: Consider setting a stricter logic for (likely) better performance.
/tmp/jok5ycOQ.smt2:4.12: To suppress this warning in the future use (set-logic ALL).
[runlim] sample:		8.1 time, 10.8 real, 39.4 MB
[runlim] sample:		16.0 time, 20.8 real, 43.9 MB
[runlim] sample:		23.3 time, 30.8 real, 46.8 MB
[runlim] sample:		32.1 time, 40.8 real, 49.0 MB
[runlim] sample:		42.1 time, 50.8 real, 52.1 MB
[runlim] sample:		52.1 time, 60.8 real, 54.4 MB
[runlim] sample:		61.6 time, 70.8 real, 56.1 MB
[runlim] sample:		70.7 time, 80.8 real, 59.9 MB
[runlim] sample:		80.7 time, 90.8 real, 66.8 MB
[runlim] sample:		90.7 time, 100.8 real, 69.4 MB
[runlim] sample:		100.7 time, 110.8 real, 72.4 MB
[runlim] sample:		110.0 time, 120.8 real, 72.7 MB
[runlim] sample:		119.5 time, 130.8 real, 75.0 MB
[runlim] sample:		129.4 time, 140.8 real, 75.5 MB
[runlim] sample:		139.2 time, 150.8 real, 76.5 MB
[runlim] sample:		148.4 time, 160.8 real, 77.2 MB
[runlim] sample:		157.6 time, 170.8 real, 79.0 MB
[runlim] sample:		166.7 time, 180.8 real, 79.2 MB
[runlim] sample:		175.8 time, 190.8 real, 82.3 MB
[runlim] sample:		184.7 time, 200.8 real, 82.5 MB
[runlim] sample:		193.7 time, 210.8 real, 82.8 MB
[runlim] sample:		201.6 time, 220.8 real, 83.0 MB
[runlim] sample:		209.5 time, 230.8 real, 83.7 MB
[runlim] sample:		218.8 time, 240.8 real, 85.8 MB
[runlim] sample:		227.7 time, 250.8 real, 86.3 MB
[runlim] sample:		235.2 time, 260.8 real, 86.5 MB
[runlim] sample:		243.4 time, 270.8 real, 86.7 MB
[runlim] sample:		252.1 time, 280.8 real, 87.2 MB
[runlim] sample:		260.6 time, 290.8 real, 92.4 MB
[runlim] sample:		269.6 time, 300.8 real, 92.6 MB
[runlim] sample:		278.1 time, 310.8 real, 92.9 MB
[runlim] sample:		286.8 time, 320.8 real, 92.9 MB
[runlim] sample:		296.1 time, 330.8 real, 93.3 MB
CVC4 interrupted by SIGTERM.
[runlim] end:			Tue Jan 29 12:05:52 2019
[runlim] status:		out of time
[runlim] result:		2
[runlim] children:		0
[runlim] real:			335.01 seconds
[runlim] time:			300.02 seconds
[runlim] space:			95.9 MB
[runlim] samples:		3342
