[runlim] version:		1.10fixed
[runlim] time limit:		300 seconds
[runlim] real time limit:	311040000 seconds
[runlim] space limit:		4000 MB
[runlim] argv[0]:		./cvc4
[runlim] argv[1]:		--nl-ext-tplanes
[runlim] argv[2]:		--fmf-fun-rlv
[runlim] argv[3]:		/tmp/36flr5dQ.smt2
[runlim] start:			Mon Jan 28 15:26:14 2019
[runlim] main pid:		27714
/tmp/36flr5dQ.smt2:4.12: No set-logic command was given before this point.
/tmp/36flr5dQ.smt2:4.12: CVC4 will make all theories available.
/tmp/36flr5dQ.smt2:4.12: Consider setting a stricter logic for (likely) better performance.
/tmp/36flr5dQ.smt2:4.12: To suppress this warning in the future use (set-logic ALL).
[runlim] sample:		9.3 time, 10.8 real, 37.1 MB
[runlim] sample:		19.0 time, 20.8 real, 39.1 MB
[runlim] sample:		29.0 time, 30.8 real, 40.8 MB
[runlim] sample:		39.0 time, 40.8 real, 42.8 MB
[runlim] sample:		49.0 time, 50.8 real, 48.5 MB
[runlim] sample:		58.6 time, 60.8 real, 53.1 MB
[runlim] sample:		68.5 time, 70.8 real, 55.4 MB
[runlim] sample:		78.5 time, 80.8 real, 56.9 MB
[runlim] sample:		88.5 time, 90.8 real, 58.5 MB
[runlim] sample:		98.5 time, 100.8 real, 59.0 MB
[runlim] sample:		108.3 time, 110.8 real, 59.5 MB
[runlim] sample:		117.9 time, 120.8 real, 59.7 MB
[runlim] sample:		127.6 time, 130.8 real, 61.9 MB
[runlim] sample:		137.2 time, 140.8 real, 62.2 MB
[runlim] sample:		147.1 time, 150.8 real, 66.0 MB
[runlim] sample:		156.8 time, 160.8 real, 66.3 MB
[runlim] sample:		166.7 time, 170.8 real, 67.0 MB
[runlim] sample:		176.7 time, 180.8 real, 67.3 MB
[runlim] sample:		186.6 time, 190.8 real, 67.8 MB
[runlim] sample:		196.6 time, 200.8 real, 68.3 MB
[runlim] sample:		206.4 time, 210.8 real, 68.6 MB
[runlim] sample:		216.4 time, 220.8 real, 69.1 MB
[runlim] sample:		226.0 time, 230.8 real, 69.6 MB
[runlim] sample:		235.6 time, 240.8 real, 69.9 MB
[runlim] sample:		244.9 time, 250.8 real, 70.4 MB
[runlim] sample:		254.7 time, 260.8 real, 70.6 MB
[runlim] sample:		264.7 time, 270.8 real, 71.2 MB
[runlim] sample:		274.6 time, 280.8 real, 71.7 MB
[runlim] sample:		284.6 time, 290.8 real, 71.9 MB
[runlim] sample:		294.6 time, 300.8 real, 72.5 MB
CVC4 interrupted by SIGTERM.
[runlim] end:			Mon Jan 28 15:31:20 2019
[runlim] status:		out of time
[runlim] result:		2
[runlim] children:		0
[runlim] real:			306.24 seconds
[runlim] time:			300.04 seconds
[runlim] space:			72.7 MB
[runlim] samples:		3054
