[runlim] version:		1.10fixed
[runlim] time limit:		300 seconds
[runlim] real time limit:	311040000 seconds
[runlim] space limit:		4000 MB
[runlim] argv[0]:		./cvc4
[runlim] argv[1]:		--nl-ext-tplanes
[runlim] argv[2]:		--fmf-fun-rlv
[runlim] argv[3]:		/tmp/DjJNgcxc.smt2
[runlim] start:			Tue Jan 29 12:03:29 2019
[runlim] main pid:		24962
/tmp/DjJNgcxc.smt2:4.12: No set-logic command was given before this point.
/tmp/DjJNgcxc.smt2:4.12: CVC4 will make all theories available.
/tmp/DjJNgcxc.smt2:4.12: Consider setting a stricter logic for (likely) better performance.
/tmp/DjJNgcxc.smt2:4.12: To suppress this warning in the future use (set-logic ALL).
[runlim] sample:		8.6 time, 11.0 real, 34.4 MB
[runlim] sample:		16.6 time, 21.0 real, 39.3 MB
[runlim] sample:		25.4 time, 31.0 real, 41.1 MB
[runlim] sample:		33.6 time, 41.0 real, 42.1 MB
[runlim] sample:		42.2 time, 51.0 real, 43.9 MB
[runlim] sample:		51.8 time, 61.0 real, 45.7 MB
[runlim] sample:		61.1 time, 71.0 real, 47.0 MB
[runlim] sample:		70.5 time, 81.0 real, 48.8 MB
[runlim] sample:		79.8 time, 91.0 real, 50.4 MB
[runlim] sample:		89.4 time, 101.0 real, 51.9 MB
[runlim] sample:		99.1 time, 111.0 real, 53.7 MB
[runlim] sample:		109.1 time, 121.0 real, 55.3 MB
[runlim] sample:		119.1 time, 131.0 real, 57.3 MB
[runlim] sample:		129.1 time, 141.0 real, 58.6 MB
[runlim] sample:		138.4 time, 151.0 real, 60.4 MB
[runlim] sample:		148.4 time, 161.0 real, 62.2 MB
[runlim] sample:		157.2 time, 171.0 real, 63.5 MB
[runlim] sample:		165.8 time, 181.0 real, 65.6 MB
[runlim] sample:		175.8 time, 191.0 real, 68.2 MB
[runlim] sample:		185.8 time, 201.0 real, 69.7 MB
[runlim] sample:		195.8 time, 211.0 real, 71.8 MB
[runlim] sample:		205.8 time, 221.0 real, 73.1 MB
[runlim] sample:		215.8 time, 231.0 real, 76.2 MB
[runlim] sample:		225.8 time, 241.0 real, 76.4 MB
[runlim] sample:		235.8 time, 251.0 real, 78.5 MB
[runlim] sample:		245.8 time, 261.0 real, 80.0 MB
[runlim] sample:		255.8 time, 271.0 real, 81.8 MB
[runlim] sample:		265.8 time, 281.0 real, 84.2 MB
[runlim] sample:		275.8 time, 291.0 real, 85.2 MB
[runlim] sample:		285.8 time, 301.0 real, 86.7 MB
[runlim] sample:		295.8 time, 311.0 real, 88.3 MB
CVC4 interrupted by SIGTERM.
[runlim] end:			Tue Jan 29 12:08:44 2019
[runlim] status:		out of time
[runlim] result:		2
[runlim] children:		0
[runlim] real:			315.18 seconds
[runlim] time:			300.01 seconds
[runlim] space:			88.8 MB
[runlim] samples:		3142
