[runlim] version:		1.10fixed
[runlim] time limit:		300 seconds
[runlim] real time limit:	311040000 seconds
[runlim] space limit:		4000 MB
[runlim] argv[0]:		./cvc4
[runlim] argv[1]:		--nl-ext-tplanes
[runlim] argv[2]:		--fmf-fun-rlv
[runlim] argv[3]:		/tmp/IUTsIaaf.smt2
[runlim] start:			Mon Jan 28 15:26:23 2019
[runlim] main pid:		24048
/tmp/IUTsIaaf.smt2:4.12: No set-logic command was given before this point.
/tmp/IUTsIaaf.smt2:4.12: CVC4 will make all theories available.
/tmp/IUTsIaaf.smt2:4.12: Consider setting a stricter logic for (likely) better performance.
/tmp/IUTsIaaf.smt2:4.12: To suppress this warning in the future use (set-logic ALL).
[runlim] sample:		9.4 time, 10.1 real, 41.6 MB
[runlim] sample:		18.4 time, 20.1 real, 53.9 MB
[runlim] sample:		28.4 time, 30.1 real, 56.2 MB
[runlim] sample:		38.4 time, 40.1 real, 57.5 MB
[runlim] sample:		48.4 time, 50.1 real, 80.2 MB
[runlim] sample:		58.4 time, 60.1 real, 129.9 MB
[runlim] sample:		68.4 time, 70.1 real, 161.3 MB
[runlim] sample:		78.4 time, 80.1 real, 184.5 MB
[runlim] sample:		88.4 time, 90.1 real, 204.4 MB
[runlim] sample:		98.4 time, 100.1 real, 218.8 MB
[runlim] sample:		108.4 time, 110.1 real, 238.6 MB
[runlim] sample:		118.4 time, 120.1 real, 250.5 MB
[runlim] sample:		128.4 time, 130.1 real, 263.9 MB
[runlim] sample:		138.4 time, 140.1 real, 273.4 MB
[runlim] sample:		148.4 time, 150.1 real, 285.0 MB
[runlim] sample:		158.4 time, 160.1 real, 293.3 MB
[runlim] sample:		168.2 time, 170.1 real, 300.5 MB
[runlim] sample:		176.2 time, 180.1 real, 307.9 MB
[runlim] sample:		184.2 time, 190.1 real, 313.3 MB
[runlim] sample:		192.5 time, 200.1 real, 319.3 MB
[runlim] sample:		202.5 time, 210.1 real, 327.3 MB
[runlim] sample:		212.4 time, 220.1 real, 331.6 MB
[runlim] sample:		221.4 time, 230.1 real, 338.8 MB
[runlim] sample:		230.5 time, 240.1 real, 343.5 MB
[runlim] sample:		239.6 time, 250.1 real, 351.5 MB
[runlim] sample:		248.8 time, 260.1 real, 356.4 MB
[runlim] sample:		258.3 time, 270.1 real, 361.8 MB
[runlim] sample:		268.3 time, 280.1 real, 369.5 MB
[runlim] sample:		278.3 time, 290.1 real, 374.1 MB
[runlim] sample:		288.2 time, 300.1 real, 380.8 MB
[runlim] sample:		297.9 time, 310.1 real, 383.9 MB
CVC4 interrupted by SIGTERM.
[runlim] end:			Mon Jan 28 15:31:35 2019
[runlim] status:		out of time
[runlim] result:		2
[runlim] children:		0
[runlim] real:			312.33 seconds
[runlim] time:			300.01 seconds
[runlim] space:			384.2 MB
[runlim] samples:		3122
