[runlim] version:		1.10fixed
[runlim] time limit:		300 seconds
[runlim] real time limit:	311040000 seconds
[runlim] space limit:		4000 MB
[runlim] argv[0]:		./cvc4
[runlim] argv[1]:		--nl-ext-tplanes
[runlim] argv[2]:		--fmf-fun-rlv
[runlim] argv[3]:		/tmp/wMOjNH6e.smt2
[runlim] start:			Mon Jan 28 15:26:17 2019
[runlim] main pid:		16482
/tmp/wMOjNH6e.smt2:4.12: No set-logic command was given before this point.
/tmp/wMOjNH6e.smt2:4.12: CVC4 will make all theories available.
/tmp/wMOjNH6e.smt2:4.12: Consider setting a stricter logic for (likely) better performance.
/tmp/wMOjNH6e.smt2:4.12: To suppress this warning in the future use (set-logic ALL).
[runlim] sample:		8.3 time, 10.3 real, 45.6 MB
[runlim] sample:		17.7 time, 20.3 real, 49.4 MB
[runlim] sample:		27.3 time, 30.3 real, 50.5 MB
[runlim] sample:		37.3 time, 40.3 real, 52.3 MB
[runlim] sample:		47.3 time, 50.3 real, 63.9 MB
[runlim] sample:		57.3 time, 60.3 real, 65.1 MB
[runlim] sample:		67.2 time, 70.3 real, 67.9 MB
[runlim] sample:		77.2 time, 80.3 real, 70.4 MB
[runlim] sample:		87.2 time, 90.3 real, 72.8 MB
[runlim] sample:		96.9 time, 100.3 real, 74.5 MB
[runlim] sample:		106.3 time, 110.3 real, 75.8 MB
[runlim] sample:		115.2 time, 120.3 real, 75.8 MB
[runlim] sample:		123.2 time, 130.3 real, 77.3 MB
[runlim] sample:		131.0 time, 140.3 real, 82.2 MB
[runlim] sample:		139.2 time, 150.3 real, 85.3 MB
[runlim] sample:		147.2 time, 160.3 real, 88.4 MB
[runlim] sample:		155.1 time, 170.3 real, 112.6 MB
[runlim] sample:		164.3 time, 180.3 real, 139.9 MB
[runlim] sample:		173.0 time, 190.3 real, 161.9 MB
[runlim] sample:		181.0 time, 200.3 real, 182.2 MB
[runlim] sample:		190.5 time, 210.3 real, 209.3 MB
[runlim] sample:		198.8 time, 220.3 real, 229.7 MB
[runlim] sample:		207.9 time, 230.3 real, 254.2 MB
[runlim] sample:		214.7 time, 240.3 real, 271.4 MB
[runlim] sample:		223.8 time, 250.3 real, 293.6 MB
[runlim] sample:		233.3 time, 260.3 real, 317.1 MB
[runlim] sample:		243.0 time, 270.3 real, 341.8 MB
[runlim] sample:		251.3 time, 280.3 real, 371.3 MB
[runlim] sample:		260.0 time, 290.3 real, 401.7 MB
[runlim] sample:		268.8 time, 300.3 real, 419.5 MB
[runlim] sample:		277.3 time, 310.3 real, 440.9 MB
[runlim] sample:		286.6 time, 320.3 real, 464.1 MB
[runlim] sample:		295.9 time, 330.3 real, 487.8 MB
CVC4 interrupted by SIGTERM.
[runlim] end:			Mon Jan 28 15:31:51 2019
[runlim] status:		out of time
[runlim] result:		2
[runlim] children:		0
[runlim] real:			334.70 seconds
[runlim] time:			300.02 seconds
[runlim] space:			498.4 MB
[runlim] samples:		3344
