[runlim] version:		1.10fixed
[runlim] time limit:		300 seconds
[runlim] real time limit:	311040000 seconds
[runlim] space limit:		4000 MB
[runlim] argv[0]:		./cvc4
[runlim] argv[1]:		--nl-ext-tplanes
[runlim] argv[2]:		--fmf-fun-rlv
[runlim] argv[3]:		/tmp/d5FMueWS.smt2
[runlim] start:			Tue Jan 29 12:04:06 2019
[runlim] main pid:		31368
/tmp/d5FMueWS.smt2:4.12: No set-logic command was given before this point.
/tmp/d5FMueWS.smt2:4.12: CVC4 will make all theories available.
/tmp/d5FMueWS.smt2:4.12: Consider setting a stricter logic for (likely) better performance.
/tmp/d5FMueWS.smt2:4.12: To suppress this warning in the future use (set-logic ALL).
[runlim] sample:		9.5 time, 10.7 real, 39.7 MB
[runlim] sample:		18.3 time, 20.7 real, 45.1 MB
[runlim] sample:		27.9 time, 30.7 real, 49.2 MB
[runlim] sample:		37.8 time, 40.7 real, 54.0 MB
[runlim] sample:		47.8 time, 50.7 real, 60.0 MB
[runlim] sample:		57.6 time, 60.7 real, 67.6 MB
[runlim] sample:		67.2 time, 70.7 real, 69.2 MB
[runlim] sample:		76.7 time, 80.7 real, 73.1 MB
[runlim] sample:		86.0 time, 90.7 real, 74.4 MB
[runlim] sample:		96.0 time, 100.7 real, 75.5 MB
[runlim] sample:		104.5 time, 110.7 real, 75.7 MB
[runlim] sample:		114.0 time, 120.7 real, 77.2 MB
[runlim] sample:		123.3 time, 130.7 real, 78.8 MB
[runlim] sample:		133.1 time, 140.7 real, 80.3 MB
[runlim] sample:		143.0 time, 150.7 real, 81.7 MB
[runlim] sample:		153.0 time, 160.7 real, 81.9 MB
[runlim] sample:		163.0 time, 170.7 real, 82.9 MB
[runlim] sample:		173.0 time, 180.7 real, 85.8 MB
[runlim] sample:		183.0 time, 190.7 real, 86.0 MB
[runlim] sample:		192.8 time, 200.7 real, 86.5 MB
[runlim] sample:		201.4 time, 210.7 real, 88.1 MB
[runlim] sample:		210.1 time, 220.7 real, 88.3 MB
[runlim] sample:		218.7 time, 230.7 real, 88.3 MB
[runlim] sample:		227.8 time, 240.7 real, 88.9 MB
[runlim] sample:		237.5 time, 250.7 real, 89.4 MB
[runlim] sample:		247.2 time, 260.7 real, 92.5 MB
[runlim] sample:		256.9 time, 270.7 real, 92.5 MB
[runlim] sample:		266.7 time, 280.7 real, 92.7 MB
[runlim] sample:		276.7 time, 290.7 real, 92.9 MB
[runlim] sample:		286.7 time, 300.7 real, 93.1 MB
[runlim] sample:		296.7 time, 310.7 real, 96.0 MB
CVC4 interrupted by SIGTERM.
[runlim] end:			Tue Jan 29 12:09:20 2019
[runlim] status:		out of time
[runlim] result:		2
[runlim] children:		0
[runlim] real:			314.08 seconds
[runlim] time:			300.06 seconds
[runlim] space:			96.2 MB
[runlim] samples:		3134
