[runlim] version:		1.10fixed
[runlim] time limit:		300 seconds
[runlim] real time limit:	311040000 seconds
[runlim] space limit:		4000 MB
[runlim] argv[0]:		./cvc4
[runlim] argv[1]:		--nl-ext-tplanes
[runlim] argv[2]:		--fmf-fun-rlv
[runlim] argv[3]:		/tmp/pwWA0Ljw.smt2
[runlim] start:			Tue Jan 29 12:04:03 2019
[runlim] main pid:		4080
/tmp/pwWA0Ljw.smt2:4.12: No set-logic command was given before this point.
/tmp/pwWA0Ljw.smt2:4.12: CVC4 will make all theories available.
/tmp/pwWA0Ljw.smt2:4.12: Consider setting a stricter logic for (likely) better performance.
/tmp/pwWA0Ljw.smt2:4.12: To suppress this warning in the future use (set-logic ALL).
[runlim] sample:		9.1 time, 10.5 real, 43.7 MB
[runlim] sample:		19.0 time, 20.5 real, 48.0 MB
[runlim] sample:		29.0 time, 30.5 real, 54.7 MB
[runlim] sample:		39.0 time, 40.5 real, 57.5 MB
[runlim] sample:		49.0 time, 50.5 real, 58.8 MB
[runlim] sample:		59.0 time, 60.5 real, 59.6 MB
[runlim] sample:		69.0 time, 70.5 real, 61.9 MB
[runlim] sample:		78.4 time, 80.5 real, 71.9 MB
[runlim] sample:		87.9 time, 90.5 real, 80.9 MB
[runlim] sample:		96.7 time, 100.5 real, 81.4 MB
[runlim] sample:		106.3 time, 110.5 real, 84.0 MB
[runlim] sample:		116.0 time, 120.5 real, 84.5 MB
[runlim] sample:		125.7 time, 130.5 real, 85.8 MB
[runlim] sample:		135.0 time, 140.5 real, 86.5 MB
[runlim] sample:		144.5 time, 150.5 real, 87.5 MB
[runlim] sample:		153.4 time, 160.5 real, 89.1 MB
[runlim] sample:		162.6 time, 170.5 real, 89.1 MB
[runlim] sample:		172.2 time, 180.5 real, 89.6 MB
[runlim] sample:		181.9 time, 190.5 real, 90.9 MB
[runlim] sample:		191.4 time, 200.5 real, 92.1 MB
[runlim] sample:		201.0 time, 210.5 real, 93.9 MB
[runlim] sample:		210.5 time, 220.5 real, 94.2 MB
[runlim] sample:		218.8 time, 230.5 real, 95.7 MB
[runlim] sample:		228.1 time, 240.5 real, 97.2 MB
[runlim] sample:		237.8 time, 250.5 real, 98.2 MB
[runlim] sample:		247.7 time, 260.5 real, 100.8 MB
[runlim] sample:		257.7 time, 270.5 real, 107.5 MB
[runlim] sample:		267.6 time, 280.5 real, 107.8 MB
[runlim] sample:		277.6 time, 290.5 real, 109.5 MB
[runlim] sample:		287.6 time, 300.5 real, 111.3 MB
[runlim] sample:		297.6 time, 310.5 real, 111.3 MB
CVC4 interrupted by SIGTERM.
[runlim] end:			Tue Jan 29 12:09:16 2019
[runlim] status:		out of time
[runlim] result:		2
[runlim] children:		0
[runlim] real:			313.46 seconds
[runlim] time:			300.06 seconds
[runlim] space:			111.3 MB
[runlim] samples:		3129
