[runlim] version:		1.10fixed
[runlim] time limit:		300 seconds
[runlim] real time limit:	311040000 seconds
[runlim] space limit:		4000 MB
[runlim] argv[0]:		./cvc4
[runlim] argv[1]:		--nl-ext-tplanes
[runlim] argv[2]:		--fmf-fun-rlv
[runlim] argv[3]:		/tmp/xQDtegxi.smt2
[runlim] start:			Mon Jan 28 15:28:27 2019
[runlim] main pid:		8904
/tmp/xQDtegxi.smt2:4.12: No set-logic command was given before this point.
/tmp/xQDtegxi.smt2:4.12: CVC4 will make all theories available.
/tmp/xQDtegxi.smt2:4.12: Consider setting a stricter logic for (likely) better performance.
/tmp/xQDtegxi.smt2:4.12: To suppress this warning in the future use (set-logic ALL).
[runlim] sample:		8.9 time, 10.7 real, 38.7 MB
[runlim] sample:		16.9 time, 20.7 real, 42.8 MB
[runlim] sample:		25.1 time, 30.7 real, 44.6 MB
[runlim] sample:		34.3 time, 40.7 real, 49.3 MB
[runlim] sample:		43.8 time, 50.7 real, 51.0 MB
[runlim] sample:		52.9 time, 60.7 real, 54.3 MB
[runlim] sample:		62.2 time, 70.7 real, 60.2 MB
[runlim] sample:		71.9 time, 80.7 real, 60.7 MB
[runlim] sample:		81.3 time, 90.7 real, 66.1 MB
[runlim] sample:		90.5 time, 100.7 real, 66.4 MB
[runlim] sample:		99.8 time, 110.7 real, 68.4 MB
[runlim] sample:		109.5 time, 120.7 real, 69.7 MB
[runlim] sample:		119.5 time, 130.7 real, 71.8 MB
[runlim] sample:		129.6 time, 140.7 real, 73.8 MB
[runlim] sample:		139.6 time, 150.7 real, 76.1 MB
[runlim] sample:		149.5 time, 160.7 real, 77.6 MB
[runlim] sample:		159.5 time, 170.7 real, 78.1 MB
[runlim] sample:		169.5 time, 180.7 real, 80.2 MB
[runlim] sample:		179.5 time, 190.7 real, 80.9 MB
[runlim] end:			Mon Jan 28 15:31:44 2019
[runlim] status:		ok
[runlim] result:		0
[runlim] children:		0
[runlim] real:			197.47 seconds
[runlim] time:			186.33 seconds
[runlim] space:			82.2 MB
[runlim] samples:		1968
