[runlim] version:		1.10fixed
[runlim] time limit:		300 seconds
[runlim] real time limit:	311040000 seconds
[runlim] space limit:		4000 MB
[runlim] argv[0]:		./cvc4
[runlim] argv[1]:		--nl-ext-tplanes
[runlim] argv[2]:		--fmf-fun-rlv
[runlim] argv[3]:		/tmp/wA9tKcVo.smt2
[runlim] start:			Mon Jan 28 15:27:07 2019
[runlim] main pid:		31851
/tmp/wA9tKcVo.smt2:4.12: No set-logic command was given before this point.
/tmp/wA9tKcVo.smt2:4.12: CVC4 will make all theories available.
/tmp/wA9tKcVo.smt2:4.12: Consider setting a stricter logic for (likely) better performance.
/tmp/wA9tKcVo.smt2:4.12: To suppress this warning in the future use (set-logic ALL).
[runlim] sample:		8.0 time, 10.9 real, 38.6 MB
[runlim] sample:		16.9 time, 20.9 real, 47.6 MB
[runlim] sample:		26.6 time, 30.9 real, 52.9 MB
[runlim] sample:		36.6 time, 40.9 real, 54.5 MB
[runlim] sample:		46.6 time, 50.9 real, 55.4 MB
[runlim] sample:		56.6 time, 60.9 real, 57.7 MB
[runlim] sample:		66.5 time, 70.9 real, 58.6 MB
[runlim] sample:		76.0 time, 80.9 real, 60.1 MB
[runlim] sample:		85.9 time, 90.9 real, 66.8 MB
[runlim] sample:		95.9 time, 100.9 real, 67.1 MB
[runlim] sample:		105.7 time, 110.9 real, 69.9 MB
[runlim] sample:		115.5 time, 120.9 real, 71.9 MB
[runlim] sample:		125.1 time, 130.9 real, 76.5 MB
[runlim] sample:		133.4 time, 140.9 real, 76.8 MB
[runlim] sample:		142.8 time, 150.9 real, 78.1 MB
[runlim] sample:		151.5 time, 160.9 real, 82.8 MB
[runlim] sample:		160.8 time, 170.9 real, 83.1 MB
[runlim] sample:		169.9 time, 180.9 real, 83.6 MB
[runlim] sample:		179.6 time, 190.9 real, 85.1 MB
[runlim] sample:		189.6 time, 200.9 real, 86.2 MB
[runlim] sample:		199.6 time, 210.9 real, 88.5 MB
[runlim] sample:		209.6 time, 220.9 real, 89.0 MB
[runlim] sample:		219.6 time, 230.9 real, 91.0 MB
[runlim] sample:		229.6 time, 240.9 real, 94.0 MB
[runlim] sample:		239.6 time, 250.9 real, 98.4 MB
[runlim] sample:		249.6 time, 260.9 real, 98.6 MB
[runlim] sample:		259.6 time, 270.9 real, 98.9 MB
[runlim] sample:		269.6 time, 280.9 real, 99.4 MB
[runlim] sample:		279.6 time, 290.9 real, 99.6 MB
[runlim] sample:		289.6 time, 300.9 real, 99.9 MB
[runlim] sample:		299.6 time, 310.9 real, 102.1 MB
CVC4 interrupted by SIGTERM.
[runlim] end:			Mon Jan 28 15:32:18 2019
[runlim] status:		out of time
[runlim] result:		2
[runlim] children:		0
[runlim] real:			311.44 seconds
[runlim] time:			300.09 seconds
[runlim] space:			102.1 MB
[runlim] samples:		3105
