[runlim] version:		1.10fixed
[runlim] time limit:		300 seconds
[runlim] real time limit:	311040000 seconds
[runlim] space limit:		4000 MB
[runlim] argv[0]:		./cvc4
[runlim] argv[1]:		--nl-ext-tplanes
[runlim] argv[2]:		--fmf-fun-rlv
[runlim] argv[3]:		/tmp/0gLRUaPC.smt2
[runlim] start:			Mon Jan 28 15:26:13 2019
[runlim] main pid:		1448
/tmp/0gLRUaPC.smt2:4.12: No set-logic command was given before this point.
/tmp/0gLRUaPC.smt2:4.12: CVC4 will make all theories available.
/tmp/0gLRUaPC.smt2:4.12: Consider setting a stricter logic for (likely) better performance.
/tmp/0gLRUaPC.smt2:4.12: To suppress this warning in the future use (set-logic ALL).
[runlim] sample:		7.9 time, 10.7 real, 40.8 MB
[runlim] sample:		17.2 time, 20.7 real, 46.4 MB
[runlim] sample:		25.8 time, 30.7 real, 49.8 MB
[runlim] sample:		35.3 time, 40.7 real, 52.4 MB
[runlim] sample:		45.3 time, 50.7 real, 57.7 MB
[runlim] sample:		54.9 time, 60.7 real, 64.5 MB
[runlim] sample:		62.7 time, 70.7 real, 67.9 MB
[runlim] sample:		72.4 time, 80.7 real, 71.5 MB
[runlim] sample:		82.4 time, 90.7 real, 73.3 MB
[runlim] sample:		92.1 time, 100.7 real, 74.3 MB
[runlim] sample:		101.8 time, 110.7 real, 80.2 MB
[runlim] sample:		111.4 time, 120.7 real, 84.3 MB
[runlim] sample:		121.1 time, 130.7 real, 86.8 MB
[runlim] sample:		130.5 time, 140.7 real, 90.2 MB
[runlim] sample:		138.5 time, 150.7 real, 90.4 MB
[runlim] sample:		147.8 time, 160.7 real, 91.9 MB
[runlim] sample:		156.7 time, 170.7 real, 94.2 MB
[runlim] sample:		164.6 time, 180.7 real, 95.0 MB
[runlim] sample:		174.2 time, 190.7 real, 97.3 MB
[runlim] sample:		184.2 time, 200.7 real, 98.8 MB
[runlim] sample:		194.2 time, 210.7 real, 99.1 MB
[runlim] sample:		204.2 time, 220.7 real, 100.4 MB
[runlim] sample:		214.1 time, 230.7 real, 101.4 MB
[runlim] sample:		223.1 time, 240.7 real, 105.2 MB
[runlim] sample:		232.3 time, 250.7 real, 105.7 MB
[runlim] sample:		242.3 time, 260.7 real, 108.5 MB
[runlim] sample:		252.2 time, 270.7 real, 119.8 MB
[runlim] sample:		261.9 time, 280.7 real, 120.1 MB
[runlim] sample:		271.4 time, 290.7 real, 121.6 MB
[runlim] sample:		281.1 time, 300.7 real, 123.1 MB
[runlim] sample:		291.1 time, 310.7 real, 123.4 MB
CVC4 interrupted by SIGTERM.
[runlim] end:			Mon Jan 28 15:31:32 2019
[runlim] status:		out of time
[runlim] result:		2
[runlim] children:		0
[runlim] real:			319.77 seconds
[runlim] time:			300.04 seconds
[runlim] space:			134.2 MB
[runlim] samples:		3190
