[runlim] version:		1.10fixed
[runlim] time limit:		300 seconds
[runlim] real time limit:	311040000 seconds
[runlim] space limit:		4000 MB
[runlim] argv[0]:		./cvc4
[runlim] argv[1]:		--nl-ext-tplanes
[runlim] argv[2]:		--fmf-fun-rlv
[runlim] argv[3]:		/tmp/gOcwBaWS.smt2
[runlim] start:			Tue Jan 29 12:03:27 2019
[runlim] main pid:		15957
/tmp/gOcwBaWS.smt2:4.12: No set-logic command was given before this point.
/tmp/gOcwBaWS.smt2:4.12: CVC4 will make all theories available.
/tmp/gOcwBaWS.smt2:4.12: Consider setting a stricter logic for (likely) better performance.
/tmp/gOcwBaWS.smt2:4.12: To suppress this warning in the future use (set-logic ALL).
[runlim] sample:		9.2 time, 10.7 real, 39.1 MB
[runlim] sample:		19.2 time, 20.7 real, 43.9 MB
[runlim] sample:		28.9 time, 30.7 real, 47.7 MB
[runlim] sample:		38.9 time, 40.7 real, 49.8 MB
[runlim] sample:		48.9 time, 50.7 real, 51.8 MB
[runlim] sample:		58.9 time, 60.7 real, 53.2 MB
[runlim] sample:		68.9 time, 70.7 real, 54.5 MB
[runlim] sample:		78.9 time, 80.7 real, 56.0 MB
[runlim] sample:		88.9 time, 90.7 real, 56.5 MB
[runlim] sample:		98.9 time, 100.7 real, 59.0 MB
[runlim] sample:		108.9 time, 110.7 real, 65.4 MB
[runlim] sample:		118.9 time, 120.7 real, 67.5 MB
[runlim] sample:		128.9 time, 130.7 real, 70.3 MB
[runlim] sample:		138.9 time, 140.7 real, 71.1 MB
[runlim] sample:		148.9 time, 150.7 real, 71.6 MB
[runlim] sample:		158.7 time, 160.7 real, 73.1 MB
[runlim] sample:		168.1 time, 170.7 real, 73.4 MB
[runlim] sample:		178.1 time, 180.7 real, 74.1 MB
[runlim] sample:		188.1 time, 190.7 real, 74.7 MB
[runlim] sample:		197.2 time, 200.7 real, 75.2 MB
[runlim] sample:		206.4 time, 210.7 real, 75.7 MB
[runlim] sample:		216.4 time, 220.7 real, 76.5 MB
[runlim] sample:		226.4 time, 230.7 real, 77.5 MB
[runlim] sample:		235.7 time, 240.7 real, 77.8 MB
[runlim] sample:		244.7 time, 250.7 real, 78.0 MB
[runlim] sample:		253.7 time, 260.7 real, 78.8 MB
[runlim] sample:		262.7 time, 270.7 real, 79.3 MB
[runlim] sample:		272.2 time, 280.7 real, 79.8 MB
[runlim] sample:		282.2 time, 290.7 real, 80.1 MB
[runlim] sample:		292.0 time, 300.7 real, 80.8 MB
CVC4 interrupted by SIGTERM.
[runlim] end:			Tue Jan 29 12:08:36 2019
[runlim] status:		out of time
[runlim] result:		2
[runlim] children:		0
[runlim] real:			309.58 seconds
[runlim] time:			300.02 seconds
[runlim] space:			81.4 MB
[runlim] samples:		3089
