[runlim] version:		1.10fixed
[runlim] time limit:		300 seconds
[runlim] real time limit:	311040000 seconds
[runlim] space limit:		4000 MB
[runlim] argv[0]:		./cvc4
[runlim] argv[1]:		--nl-ext-tplanes
[runlim] argv[2]:		--fmf-fun-rlv
[runlim] argv[3]:		/tmp/DEeVS4cZ.smt2
[runlim] start:			Mon Jan 28 15:27:25 2019
[runlim] main pid:		18127
/tmp/DEeVS4cZ.smt2:4.12: No set-logic command was given before this point.
/tmp/DEeVS4cZ.smt2:4.12: CVC4 will make all theories available.
/tmp/DEeVS4cZ.smt2:4.12: Consider setting a stricter logic for (likely) better performance.
/tmp/DEeVS4cZ.smt2:4.12: To suppress this warning in the future use (set-logic ALL).
[runlim] sample:		8.0 time, 10.5 real, 40.5 MB
[runlim] sample:		16.3 time, 20.5 real, 44.8 MB
[runlim] sample:		24.4 time, 30.5 real, 47.2 MB
[runlim] sample:		34.0 time, 40.5 real, 51.5 MB
[runlim] sample:		43.7 time, 50.5 real, 53.3 MB
[runlim] sample:		53.4 time, 60.5 real, 54.3 MB
[runlim] sample:		62.8 time, 70.5 real, 56.3 MB
[runlim] sample:		72.5 time, 80.5 real, 56.6 MB
[runlim] sample:		82.1 time, 90.5 real, 57.3 MB
[runlim] sample:		92.1 time, 100.5 real, 58.6 MB
[runlim] sample:		101.8 time, 110.5 real, 61.9 MB
[runlim] sample:		110.5 time, 120.5 real, 65.2 MB
[runlim] sample:		119.4 time, 130.5 real, 71.4 MB
[runlim] sample:		129.4 time, 140.5 real, 71.9 MB
[runlim] sample:		139.3 time, 150.5 real, 75.2 MB
[runlim] sample:		147.2 time, 160.5 real, 75.4 MB
[runlim] sample:		156.5 time, 170.5 real, 76.4 MB
[runlim] sample:		166.5 time, 180.5 real, 76.9 MB
[runlim] sample:		176.4 time, 190.5 real, 77.4 MB
[runlim] sample:		185.1 time, 200.5 real, 77.9 MB
[runlim] sample:		195.1 time, 210.5 real, 78.7 MB
[runlim] sample:		205.1 time, 220.5 real, 82.2 MB
[runlim] sample:		213.8 time, 230.5 real, 86.8 MB
[runlim] sample:		223.0 time, 240.5 real, 87.3 MB
[runlim] sample:		233.0 time, 250.5 real, 87.8 MB
[runlim] sample:		243.0 time, 260.5 real, 88.3 MB
[runlim] sample:		253.0 time, 270.5 real, 88.8 MB
[runlim] sample:		263.0 time, 280.5 real, 89.2 MB
[runlim] sample:		273.0 time, 290.5 real, 89.5 MB
[runlim] sample:		282.9 time, 300.5 real, 89.7 MB
[runlim] sample:		292.8 time, 310.5 real, 90.2 MB
CVC4 interrupted by SIGTERM.
[runlim] end:			Mon Jan 28 15:32:42 2019
[runlim] status:		out of time
[runlim] result:		2
[runlim] children:		0
[runlim] real:			317.95 seconds
[runlim] time:			300.03 seconds
[runlim] space:			90.2 MB
[runlim] samples:		3174
