[runlim] version:		1.10fixed
[runlim] time limit:		3600 seconds
[runlim] real time limit:	311040000 seconds
[runlim] space limit:		4000 MB
[runlim] argv[0]:		./cvc4
[runlim] argv[1]:		--cbqi-all
[runlim] argv[2]:		/tmp/hRUClwak.smt2
[runlim] start:			Thu Feb 14 02:02:01 2019
[runlim] main pid:		28143
[runlim] sample:		9.9 time, 10.3 real, 56.2 MB
[runlim] sample:		19.9 time, 20.3 real, 71.7 MB
[runlim] sample:		29.5 time, 30.3 real, 82.3 MB
[runlim] sample:		39.2 time, 40.3 real, 93.3 MB
[runlim] sample:		49.2 time, 50.3 real, 101.6 MB
[runlim] sample:		58.9 time, 60.3 real, 108.5 MB
[runlim] sample:		68.6 time, 70.3 real, 115.7 MB
[runlim] sample:		78.2 time, 80.3 real, 120.9 MB
[runlim] sample:		86.5 time, 90.3 real, 125.0 MB
[runlim] sample:		95.5 time, 100.3 real, 129.1 MB
[runlim] sample:		105.2 time, 110.3 real, 134.0 MB
[runlim] sample:		113.9 time, 120.3 real, 139.4 MB
[runlim] sample:		121.8 time, 130.3 real, 142.8 MB
[runlim] sample:		131.4 time, 140.3 real, 150.6 MB
[runlim] sample:		141.1 time, 150.3 real, 154.4 MB
[runlim] sample:		150.7 time, 160.3 real, 158.5 MB
[runlim] sample:		160.4 time, 170.3 real, 162.7 MB
[runlim] sample:		170.1 time, 180.3 real, 166.0 MB
[runlim] sample:		179.7 time, 190.3 real, 169.6 MB
[runlim] sample:		188.7 time, 200.3 real, 172.7 MB
[runlim] sample:		196.7 time, 210.3 real, 175.3 MB
[runlim] sample:		204.8 time, 220.3 real, 177.6 MB
[runlim] sample:		214.6 time, 230.3 real, 180.4 MB
[runlim] sample:		222.9 time, 240.3 real, 184.8 MB
[runlim] sample:		231.0 time, 250.3 real, 187.1 MB
[runlim] sample:		239.6 time, 260.3 real, 189.5 MB
[runlim] sample:		247.7 time, 270.3 real, 191.8 MB
[runlim] sample:		255.7 time, 280.3 real, 193.6 MB
[runlim] sample:		263.8 time, 290.3 real, 195.9 MB
[runlim] sample:		271.9 time, 300.3 real, 197.7 MB
[runlim] sample:		280.2 time, 310.3 real, 199.8 MB
[runlim] sample:		290.2 time, 320.3 real, 202.1 MB
[runlim] sample:		300.2 time, 330.3 real, 204.7 MB
[runlim] sample:		310.2 time, 340.3 real, 207.0 MB
[runlim] sample:		320.2 time, 350.3 real, 209.1 MB
[runlim] sample:		329.9 time, 360.3 real, 211.1 MB
[runlim] sample:		339.9 time, 370.3 real, 213.9 MB
[runlim] sample:		349.9 time, 380.3 real, 216.3 MB
[runlim] sample:		359.7 time, 390.3 real, 218.3 MB
[runlim] sample:		367.8 time, 400.3 real, 220.9 MB
[runlim] sample:		376.2 time, 410.3 real, 222.7 MB
[runlim] sample:		386.0 time, 420.3 real, 224.3 MB
[runlim] sample:		396.0 time, 430.3 real, 226.8 MB
[runlim] sample:		404.8 time, 440.3 real, 228.6 MB
[runlim] sample:		413.2 time, 450.3 real, 231.2 MB
[runlim] sample:		422.8 time, 460.3 real, 233.3 MB
[runlim] sample:		432.5 time, 470.3 real, 235.1 MB
[runlim] sample:		442.5 time, 480.3 real, 237.4 MB
[runlim] sample:		452.5 time, 490.3 real, 238.9 MB
[runlim] sample:		462.5 time, 500.3 real, 245.2 MB
[runlim] sample:		472.5 time, 510.3 real, 247.3 MB
[runlim] sample:		482.5 time, 520.3 real, 249.1 MB
[runlim] sample:		492.5 time, 530.3 real, 250.9 MB
[runlim] sample:		502.3 time, 540.3 real, 252.7 MB
[runlim] sample:		510.3 time, 550.3 real, 253.7 MB
[runlim] sample:		518.6 time, 560.3 real, 255.5 MB
[runlim] sample:		526.8 time, 570.3 real, 257.1 MB
[runlim] sample:		536.8 time, 580.3 real, 258.6 MB
[runlim] sample:		546.4 time, 590.3 real, 268.9 MB
[runlim] sample:		554.8 time, 600.3 real, 269.9 MB
[runlim] sample:		564.4 time, 610.3 real, 272.0 MB
[runlim] sample:		574.1 time, 620.3 real, 273.8 MB
[runlim] sample:		583.7 time, 630.3 real, 274.8 MB
[runlim] sample:		593.4 time, 640.3 real, 276.9 MB
[runlim] sample:		603.0 time, 650.3 real, 278.7 MB
[runlim] sample:		612.7 time, 660.3 real, 280.0 MB
[runlim] sample:		622.4 time, 670.3 real, 281.5 MB
[runlim] sample:		632.0 time, 680.3 real, 282.8 MB
[runlim] sample:		641.7 time, 690.3 real, 284.6 MB
[runlim] sample:		651.3 time, 700.3 real, 285.9 MB
[runlim] sample:		661.0 time, 710.3 real, 287.2 MB
[runlim] sample:		670.9 time, 720.3 real, 289.0 MB
[runlim] sample:		680.9 time, 730.3 real, 290.3 MB
[runlim] sample:		691.0 time, 740.3 real, 292.1 MB
[runlim] sample:		700.9 time, 750.3 real, 292.9 MB
[runlim] sample:		710.9 time, 760.3 real, 294.4 MB
[runlim] sample:		720.9 time, 770.3 real, 296.2 MB
[runlim] sample:		730.9 time, 780.3 real, 297.2 MB
[runlim] sample:		740.9 time, 790.3 real, 299.0 MB
[runlim] sample:		750.9 time, 800.3 real, 300.1 MB
[runlim] sample:		760.4 time, 810.3 real, 301.4 MB
[runlim] sample:		768.7 time, 820.3 real, 302.6 MB
[runlim] sample:		778.2 time, 830.3 real, 303.7 MB
[runlim] sample:		787.9 time, 840.3 real, 305.2 MB
[runlim] sample:		797.6 time, 850.3 real, 307.3 MB
[runlim] sample:		807.2 time, 860.3 real, 308.1 MB
[runlim] sample:		816.9 time, 870.3 real, 309.6 MB
[runlim] sample:		826.6 time, 880.3 real, 310.6 MB
[runlim] sample:		836.0 time, 890.3 real, 311.4 MB
[runlim] sample:		845.6 time, 900.3 real, 313.7 MB
[runlim] sample:		854.5 time, 910.3 real, 314.5 MB
[runlim] sample:		862.8 time, 920.3 real, 316.3 MB
[runlim] sample:		871.1 time, 930.3 real, 317.3 MB
[runlim] sample:		880.5 time, 940.3 real, 318.4 MB
[runlim] sample:		890.5 time, 950.3 real, 320.2 MB
[runlim] sample:		900.5 time, 960.3 real, 322.7 MB
[runlim] sample:		910.4 time, 970.3 real, 323.5 MB
[runlim] sample:		920.3 time, 980.3 real, 324.5 MB
[runlim] sample:		928.9 time, 990.3 real, 325.3 MB
[runlim] sample:		938.0 time, 1000.3 real, 326.6 MB
[runlim] sample:		946.7 time, 1010.3 real, 327.9 MB
[runlim] sample:		955.3 time, 1020.3 real, 328.9 MB
[runlim] sample:		964.3 time, 1030.3 real, 330.0 MB
[runlim] sample:		974.0 time, 1040.3 real, 331.0 MB
[runlim] sample:		983.7 time, 1050.3 real, 332.0 MB
[runlim] sample:		993.7 time, 1060.3 real, 334.3 MB
[runlim] sample:		1003.7 time, 1070.3 real, 335.1 MB
[runlim] sample:		1013.7 time, 1080.3 real, 336.4 MB
[runlim] sample:		1023.7 time, 1090.3 real, 337.7 MB
[runlim] sample:		1033.7 time, 1100.3 real, 338.5 MB
[runlim] sample:		1043.6 time, 1110.3 real, 339.8 MB
[runlim] sample:		1053.6 time, 1120.3 real, 341.0 MB
[runlim] sample:		1063.6 time, 1130.3 real, 341.8 MB
[runlim] sample:		1073.6 time, 1140.3 real, 343.4 MB
[runlim] sample:		1083.6 time, 1150.3 real, 344.1 MB
[runlim] sample:		1093.6 time, 1160.3 real, 345.4 MB
[runlim] sample:		1103.6 time, 1170.3 real, 346.5 MB
[runlim] sample:		1113.6 time, 1180.3 real, 347.5 MB
[runlim] sample:		1123.6 time, 1190.3 real, 348.8 MB
[runlim] sample:		1133.1 time, 1200.3 real, 349.3 MB
[runlim] sample:		1142.6 time, 1210.3 real, 350.8 MB
[runlim] sample:		1152.3 time, 1220.3 real, 351.9 MB
[runlim] sample:		1161.4 time, 1230.3 real, 352.6 MB
[runlim] sample:		1171.4 time, 1240.3 real, 353.9 MB
[runlim] sample:		1181.4 time, 1250.3 real, 354.7 MB
[runlim] sample:		1191.4 time, 1260.3 real, 355.7 MB
[runlim] sample:		1200.6 time, 1270.3 real, 356.8 MB
[runlim] sample:		1210.3 time, 1280.3 real, 358.0 MB
[runlim] sample:		1219.9 time, 1290.3 real, 358.8 MB
[runlim] sample:		1229.6 time, 1300.3 real, 359.6 MB
[runlim] sample:		1239.3 time, 1310.3 real, 360.6 MB
[runlim] sample:		1249.0 time, 1320.3 real, 361.9 MB
[runlim] sample:		1258.5 time, 1330.3 real, 367.1 MB
[runlim] sample:		1267.1 time, 1340.3 real, 367.1 MB
[runlim] sample:		1276.1 time, 1350.3 real, 367.1 MB
[runlim] sample:		1285.8 time, 1360.3 real, 367.3 MB
[runlim] sample:		1295.5 time, 1370.3 real, 368.1 MB
[runlim] sample:		1305.1 time, 1380.3 real, 368.9 MB
[runlim] sample:		1314.8 time, 1390.3 real, 369.9 MB
[runlim] sample:		1324.3 time, 1400.3 real, 370.9 MB
[runlim] sample:		1333.1 time, 1410.3 real, 372.0 MB
[runlim] sample:		1342.2 time, 1420.3 real, 372.5 MB
[runlim] sample:		1351.8 time, 1430.3 real, 373.5 MB
[runlim] sample:		1361.5 time, 1440.3 real, 374.5 MB
[runlim] sample:		1371.2 time, 1450.3 real, 375.3 MB
[runlim] sample:		1380.3 time, 1460.3 real, 378.9 MB
[runlim] sample:		1389.6 time, 1470.3 real, 379.4 MB
[runlim] sample:		1399.2 time, 1480.3 real, 380.5 MB
[runlim] sample:		1408.9 time, 1490.3 real, 381.0 MB
[runlim] sample:		1418.3 time, 1500.3 real, 381.5 MB
[runlim] sample:		1427.5 time, 1510.3 real, 382.8 MB
[runlim] sample:		1437.0 time, 1520.3 real, 383.3 MB
[runlim] sample:		1446.6 time, 1530.3 real, 384.3 MB
[runlim] sample:		1456.3 time, 1540.3 real, 385.4 MB
[runlim] sample:		1466.2 time, 1550.3 real, 387.4 MB
[runlim] sample:		1476.2 time, 1560.3 real, 387.9 MB
[runlim] sample:		1486.2 time, 1570.3 real, 388.5 MB
[runlim] sample:		1496.2 time, 1580.3 real, 389.7 MB
[runlim] sample:		1506.2 time, 1590.3 real, 390.3 MB
[runlim] sample:		1515.9 time, 1600.3 real, 390.8 MB
[runlim] sample:		1525.6 time, 1610.3 real, 392.1 MB
[runlim] sample:		1535.2 time, 1620.3 real, 392.6 MB
[runlim] sample:		1544.9 time, 1630.3 real, 393.1 MB
[runlim] sample:		1554.2 time, 1640.3 real, 394.4 MB
[runlim] sample:		1563.7 time, 1650.3 real, 394.9 MB
[runlim] sample:		1572.4 time, 1660.3 real, 395.4 MB
[runlim] sample:		1581.6 time, 1670.3 real, 396.2 MB
[runlim] sample:		1591.2 time, 1680.3 real, 397.2 MB
[runlim] sample:		1600.8 time, 1690.3 real, 397.7 MB
[runlim] sample:		1610.5 time, 1700.3 real, 398.5 MB
[runlim] sample:		1620.1 time, 1710.3 real, 399.8 MB
[runlim] sample:		1629.8 time, 1720.3 real, 400.1 MB
[runlim] sample:		1639.4 time, 1730.3 real, 400.8 MB
[runlim] sample:		1649.1 time, 1740.3 real, 401.6 MB
[runlim] sample:		1658.7 time, 1750.3 real, 402.9 MB
[runlim] sample:		1667.3 time, 1760.3 real, 403.4 MB
[runlim] sample:		1675.9 time, 1770.3 real, 403.9 MB
[runlim] sample:		1685.0 time, 1780.3 real, 404.7 MB
[runlim] sample:		1695.0 time, 1790.3 real, 405.5 MB
[runlim] sample:		1704.9 time, 1800.3 real, 406.5 MB
[runlim] sample:		1714.5 time, 1810.3 real, 407.0 MB
[runlim] sample:		1724.2 time, 1820.3 real, 408.0 MB
[runlim] sample:		1733.6 time, 1830.3 real, 408.6 MB
[runlim] sample:		1743.2 time, 1840.3 real, 409.8 MB
[runlim] sample:		1752.8 time, 1850.3 real, 410.4 MB
[runlim] sample:		1762.5 time, 1860.3 real, 411.1 MB
[runlim] sample:		1772.1 time, 1870.3 real, 411.6 MB
[runlim] sample:		1781.9 time, 1880.3 real, 412.2 MB
[runlim] sample:		1791.5 time, 1890.3 real, 413.2 MB
[runlim] sample:		1801.2 time, 1900.3 real, 414.0 MB
[runlim] sample:		1810.8 time, 1910.3 real, 414.5 MB
[runlim] sample:		1820.2 time, 1920.3 real, 415.5 MB
[runlim] sample:		1829.5 time, 1930.3 real, 415.8 MB
[runlim] sample:		1838.8 time, 1940.3 real, 416.5 MB
[runlim] sample:		1848.1 time, 1950.3 real, 417.6 MB
[runlim] sample:		1857.1 time, 1960.3 real, 418.3 MB
[runlim] sample:		1866.1 time, 1970.3 real, 419.1 MB
[runlim] sample:		1875.1 time, 1980.3 real, 419.6 MB
[runlim] sample:		1884.2 time, 1990.3 real, 420.2 MB
[runlim] sample:		1893.3 time, 2000.3 real, 420.9 MB
[runlim] sample:		1902.9 time, 2010.3 real, 421.7 MB
[runlim] sample:		1912.9 time, 2020.3 real, 422.5 MB
[runlim] sample:		1922.5 time, 2030.3 real, 422.7 MB
[runlim] sample:		1931.8 time, 2040.3 real, 423.5 MB
[runlim] sample:		1941.1 time, 2050.3 real, 424.5 MB
[runlim] sample:		1950.4 time, 2060.3 real, 425.3 MB
[runlim] sample:		1959.7 time, 2070.3 real, 425.8 MB
[runlim] sample:		1968.8 time, 2080.3 real, 426.1 MB
[runlim] sample:		1977.8 time, 2090.3 real, 427.1 MB
[runlim] sample:		1986.8 time, 2100.3 real, 427.6 MB
[runlim] sample:		1996.2 time, 2110.3 real, 429.2 MB
[runlim] sample:		2005.8 time, 2120.3 real, 429.7 MB
[runlim] sample:		2015.8 time, 2130.3 real, 431.5 MB
[runlim] sample:		2025.5 time, 2140.3 real, 432.0 MB
[runlim] sample:		2035.2 time, 2150.3 real, 432.5 MB
[runlim] sample:		2044.9 time, 2160.3 real, 433.0 MB
[runlim] sample:		2054.9 time, 2170.3 real, 433.8 MB
[runlim] sample:		2064.2 time, 2180.3 real, 434.8 MB
[runlim] sample:		2074.0 time, 2190.3 real, 435.4 MB
[runlim] sample:		2083.7 time, 2200.3 real, 436.1 MB
[runlim] sample:		2093.1 time, 2210.3 real, 436.6 MB
[runlim] sample:		2102.1 time, 2220.3 real, 437.2 MB
[runlim] sample:		2111.2 time, 2230.3 real, 437.9 MB
[runlim] sample:		2120.9 time, 2240.3 real, 438.4 MB
[runlim] sample:		2130.8 time, 2250.3 real, 439.5 MB
[runlim] sample:		2140.8 time, 2260.3 real, 440.0 MB
[runlim] sample:		2150.5 time, 2270.3 real, 440.8 MB
[runlim] sample:		2160.1 time, 2280.3 real, 441.5 MB
[runlim] sample:		2169.8 time, 2290.3 real, 441.8 MB
[runlim] sample:		2179.4 time, 2300.3 real, 442.3 MB
[runlim] sample:		2189.1 time, 2310.3 real, 443.3 MB
[runlim] sample:		2198.7 time, 2320.3 real, 444.1 MB
[runlim] sample:		2208.4 time, 2330.3 real, 444.6 MB
[runlim] sample:		2218.0 time, 2340.3 real, 446.2 MB
[runlim] sample:		2227.5 time, 2350.3 real, 446.4 MB
[runlim] sample:		2236.5 time, 2360.3 real, 447.2 MB
[runlim] sample:		2245.4 time, 2370.3 real, 447.5 MB
[runlim] sample:		2254.9 time, 2380.3 real, 458.0 MB
[runlim] sample:		2264.9 time, 2390.3 real, 458.6 MB
[runlim] sample:		2274.9 time, 2400.3 real, 458.6 MB
[runlim] sample:		2284.7 time, 2410.3 real, 459.8 MB
[runlim] sample:		2294.4 time, 2420.3 real, 460.3 MB
[runlim] sample:		2304.0 time, 2430.3 real, 460.9 MB
[runlim] sample:		2313.7 time, 2440.3 real, 461.9 MB
[runlim] sample:		2323.2 time, 2450.3 real, 462.2 MB
[runlim] sample:		2332.4 time, 2460.3 real, 462.9 MB
[runlim] sample:		2341.3 time, 2470.3 real, 463.4 MB
[runlim] sample:		2350.3 time, 2480.3 real, 464.0 MB
[runlim] sample:		2359.5 time, 2490.3 real, 465.0 MB
[runlim] sample:		2368.5 time, 2500.3 real, 465.5 MB
[runlim] sample:		2377.5 time, 2510.3 real, 466.0 MB
[runlim] sample:		2386.7 time, 2520.3 real, 466.5 MB
[runlim] sample:		2396.1 time, 2530.3 real, 467.3 MB
[runlim] sample:		2405.4 time, 2540.3 real, 467.8 MB
[runlim] sample:		2414.6 time, 2550.3 real, 468.3 MB
[runlim] sample:		2423.5 time, 2560.3 real, 469.4 MB
[runlim] sample:		2432.9 time, 2570.3 real, 469.6 MB
[runlim] sample:		2442.5 time, 2580.3 real, 470.4 MB
[runlim] sample:		2452.2 time, 2590.3 real, 473.0 MB
[runlim] sample:		2461.8 time, 2600.3 real, 473.0 MB
[runlim] sample:		2471.5 time, 2610.3 real, 473.8 MB
[runlim] sample:		2481.1 time, 2620.3 real, 474.0 MB
[runlim] sample:		2490.8 time, 2630.3 real, 474.3 MB
[runlim] sample:		2500.5 time, 2640.3 real, 475.6 MB
[runlim] sample:		2510.1 time, 2650.3 real, 476.3 MB
[runlim] sample:		2519.8 time, 2660.3 real, 476.6 MB
[runlim] sample:		2529.4 time, 2670.3 real, 477.4 MB
[runlim] sample:		2539.1 time, 2680.3 real, 477.9 MB
[runlim] sample:		2548.8 time, 2690.3 real, 478.4 MB
[runlim] sample:		2558.6 time, 2700.3 real, 478.9 MB
[runlim] sample:		2568.4 time, 2710.3 real, 479.7 MB
[runlim] sample:		2578.0 time, 2720.3 real, 480.2 MB
[runlim] sample:		2587.7 time, 2730.3 real, 480.7 MB
[runlim] sample:		2597.3 time, 2740.3 real, 481.5 MB
[runlim] sample:		2607.0 time, 2750.3 real, 482.3 MB
[runlim] sample:		2616.7 time, 2760.3 real, 484.1 MB
[runlim] sample:		2626.2 time, 2770.3 real, 485.3 MB
[runlim] sample:		2636.2 time, 2780.3 real, 485.3 MB
[runlim] sample:		2645.4 time, 2790.3 real, 485.9 MB
[runlim] sample:		2653.0 time, 2800.3 real, 486.4 MB
[runlim] sample:		2661.4 time, 2810.3 real, 503.8 MB
[runlim] sample:		2669.8 time, 2820.3 real, 504.3 MB
[runlim] sample:		2678.0 time, 2830.3 real, 504.3 MB
[runlim] sample:		2686.5 time, 2840.3 real, 505.1 MB
[runlim] sample:		2695.2 time, 2850.3 real, 505.6 MB
[runlim] sample:		2704.0 time, 2860.3 real, 506.3 MB
[runlim] sample:		2712.8 time, 2870.3 real, 506.9 MB
[runlim] sample:		2721.7 time, 2880.3 real, 507.1 MB
[runlim] sample:		2730.0 time, 2890.3 real, 507.6 MB
[runlim] sample:		2738.2 time, 2900.3 real, 507.9 MB
[runlim] sample:		2746.7 time, 2910.3 real, 508.7 MB
[runlim] sample:		2754.6 time, 2920.3 real, 508.9 MB
[runlim] sample:		2763.3 time, 2930.3 real, 509.4 MB
[runlim] sample:		2771.3 time, 2940.3 real, 510.2 MB
[runlim] sample:		2779.3 time, 2950.3 real, 510.2 MB
[runlim] sample:		2787.9 time, 2960.3 real, 510.7 MB
[runlim] sample:		2795.8 time, 2970.3 real, 511.2 MB
[runlim] sample:		2803.8 time, 2980.3 real, 512.0 MB
[runlim] sample:		2812.0 time, 2990.3 real, 512.5 MB
[runlim] sample:		2820.4 time, 3000.3 real, 512.5 MB
[runlim] sample:		2829.2 time, 3010.3 real, 513.3 MB
[runlim] sample:		2838.1 time, 3020.3 real, 513.8 MB
[runlim] sample:		2847.5 time, 3030.3 real, 514.1 MB
[runlim] sample:		2857.1 time, 3040.3 real, 514.8 MB
[runlim] sample:		2866.8 time, 3050.3 real, 515.4 MB
[runlim] sample:		2876.4 time, 3060.3 real, 515.9 MB
[runlim] sample:		2885.9 time, 3070.3 real, 516.6 MB
[runlim] sample:		2894.9 time, 3080.3 real, 517.2 MB
[runlim] sample:		2904.2 time, 3090.3 real, 517.7 MB
[runlim] sample:		2913.9 time, 3100.3 real, 518.5 MB
[runlim] sample:		2923.3 time, 3110.3 real, 519.5 MB
[runlim] sample:		2932.3 time, 3120.3 real, 519.5 MB
[runlim] sample:		2941.6 time, 3130.3 real, 519.7 MB
[runlim] sample:		2950.9 time, 3140.3 real, 520.3 MB
[runlim] sample:		2960.3 time, 3150.3 real, 520.8 MB
[runlim] sample:		2969.9 time, 3160.3 real, 521.3 MB
[runlim] sample:		2979.6 time, 3170.3 real, 522.1 MB
[runlim] sample:		2989.3 time, 3180.3 real, 522.6 MB
[runlim] sample:		2998.3 time, 3190.3 real, 523.1 MB
[runlim] sample:		3007.7 time, 3200.3 real, 523.9 MB
[runlim] sample:		3017.4 time, 3210.3 real, 524.4 MB
[runlim] sample:		3026.9 time, 3220.3 real, 524.4 MB
[runlim] sample:		3036.6 time, 3230.3 real, 524.9 MB
[runlim] sample:		3046.2 time, 3240.3 real, 525.9 MB
[runlim] sample:		3055.6 time, 3250.3 real, 526.4 MB
[runlim] sample:		3065.1 time, 3260.3 real, 527.0 MB
[runlim] sample:		3074.8 time, 3270.3 real, 527.5 MB
[runlim] sample:		3084.4 time, 3280.3 real, 528.0 MB
[runlim] sample:		3094.2 time, 3290.3 real, 528.5 MB
[runlim] sample:		3104.2 time, 3300.3 real, 530.8 MB
[runlim] sample:		3114.2 time, 3310.3 real, 531.3 MB
[runlim] sample:		3124.2 time, 3320.3 real, 531.3 MB
[runlim] sample:		3134.2 time, 3330.3 real, 531.9 MB
[runlim] sample:		3144.2 time, 3340.3 real, 532.6 MB
[runlim] sample:		3154.2 time, 3350.3 real, 533.1 MB
[runlim] sample:		3164.2 time, 3360.3 real, 533.7 MB
[runlim] sample:		3174.2 time, 3370.3 real, 534.2 MB
[runlim] sample:		3184.2 time, 3380.3 real, 535.2 MB
[runlim] sample:		3194.2 time, 3390.3 real, 535.5 MB
[runlim] sample:		3204.2 time, 3400.3 real, 536.5 MB
[runlim] sample:		3214.2 time, 3410.3 real, 536.7 MB
[runlim] sample:		3224.2 time, 3420.3 real, 537.3 MB
[runlim] sample:		3234.2 time, 3430.3 real, 537.8 MB
[runlim] sample:		3244.2 time, 3440.3 real, 537.8 MB
[runlim] sample:		3254.2 time, 3450.3 real, 538.6 MB
[runlim] sample:		3264.2 time, 3460.3 real, 539.1 MB
[runlim] sample:		3274.2 time, 3470.3 real, 539.6 MB
[runlim] sample:		3284.2 time, 3480.3 real, 540.1 MB
[runlim] sample:		3294.2 time, 3490.3 real, 540.6 MB
[runlim] sample:		3304.2 time, 3500.3 real, 541.4 MB
[runlim] sample:		3314.2 time, 3510.3 real, 541.9 MB
[runlim] sample:		3324.2 time, 3520.3 real, 543.2 MB
[runlim] sample:		3334.2 time, 3530.3 real, 544.0 MB
[runlim] sample:		3344.2 time, 3540.3 real, 544.5 MB
[runlim] sample:		3354.2 time, 3550.3 real, 545.0 MB
[runlim] sample:		3364.2 time, 3560.3 real, 545.8 MB
[runlim] sample:		3374.2 time, 3570.3 real, 546.3 MB
[runlim] sample:		3384.2 time, 3580.3 real, 547.1 MB
[runlim] sample:		3394.2 time, 3590.3 real, 547.6 MB
[runlim] sample:		3404.2 time, 3600.3 real, 548.9 MB
[runlim] sample:		3414.2 time, 3610.3 real, 549.6 MB
[runlim] sample:		3424.2 time, 3620.3 real, 549.9 MB
[runlim] sample:		3434.2 time, 3630.3 real, 550.9 MB
[runlim] sample:		3444.2 time, 3640.3 real, 551.7 MB
[runlim] sample:		3454.2 time, 3650.3 real, 552.0 MB
[runlim] sample:		3464.2 time, 3660.3 real, 552.7 MB
[runlim] sample:		3474.2 time, 3670.3 real, 553.5 MB
[runlim] sample:		3483.1 time, 3680.3 real, 554.0 MB
[runlim] sample:		3491.8 time, 3690.3 real, 554.0 MB
[runlim] sample:		3500.6 time, 3700.3 real, 554.8 MB
[runlim] sample:		3509.3 time, 3710.3 real, 554.8 MB
[runlim] sample:		3518.0 time, 3720.3 real, 555.3 MB
[runlim] sample:		3526.8 time, 3730.3 real, 555.6 MB
[runlim] sample:		3536.5 time, 3740.3 real, 555.6 MB
[runlim] sample:		3546.5 time, 3750.3 real, 556.3 MB
[runlim] sample:		3556.5 time, 3760.3 real, 557.4 MB
[runlim] sample:		3566.5 time, 3770.3 real, 557.6 MB
[runlim] sample:		3576.5 time, 3780.3 real, 557.6 MB
[runlim] sample:		3586.5 time, 3790.3 real, 558.4 MB
[runlim] sample:		3596.5 time, 3800.3 real, 558.9 MB
CVC4 interrupted by SIGTERM.
[runlim] end:			Thu Feb 14 03:05:24 2019
[runlim] status:		out of time
[runlim] result:		2
[runlim] children:		0
[runlim] real:			3803.92 seconds
[runlim] time:			3600.07 seconds
[runlim] space:			558.9 MB
[runlim] samples:		38036
