[runlim] version:		1.10fixed
[runlim] time limit:		3600 seconds
[runlim] real time limit:	311040000 seconds
[runlim] space limit:		4000 MB
[runlim] argv[0]:		./cvc4
[runlim] argv[1]:		--cbqi-all
[runlim] argv[2]:		/tmp/V5dnLVlA.smt2
[runlim] start:			Thu Feb 14 02:42:54 2019
[runlim] main pid:		5452
[runlim] sample:		9.6 time, 10.1 real, 57.1 MB
[runlim] sample:		19.3 time, 20.1 real, 83.3 MB
[runlim] sample:		29.0 time, 30.1 real, 103.4 MB
[runlim] sample:		39.0 time, 40.1 real, 123.9 MB
[runlim] sample:		47.1 time, 50.1 real, 141.4 MB
[runlim] sample:		56.0 time, 60.1 real, 158.5 MB
[runlim] sample:		65.7 time, 70.1 real, 173.1 MB
[runlim] sample:		75.3 time, 80.1 real, 188.8 MB
[runlim] sample:		85.0 time, 90.1 real, 203.0 MB
[runlim] sample:		94.6 time, 100.1 real, 217.4 MB
[runlim] sample:		104.3 time, 110.1 real, 233.4 MB
[runlim] sample:		113.8 time, 120.1 real, 250.4 MB
[runlim] sample:		122.1 time, 130.1 real, 257.8 MB
[runlim] sample:		131.2 time, 140.1 real, 270.5 MB
[runlim] sample:		140.8 time, 150.1 real, 283.4 MB
[runlim] sample:		149.9 time, 160.1 real, 296.2 MB
[runlim] sample:		158.4 time, 170.1 real, 309.7 MB
[runlim] sample:		168.4 time, 180.1 real, 325.0 MB
[runlim] sample:		178.4 time, 190.1 real, 338.9 MB
[runlim] sample:		188.4 time, 200.1 real, 352.6 MB
[runlim] sample:		198.4 time, 210.1 real, 364.7 MB
[runlim] sample:		208.4 time, 220.1 real, 397.8 MB
[runlim] sample:		217.2 time, 230.1 real, 399.6 MB
[runlim] sample:		226.5 time, 240.1 real, 401.1 MB
[runlim] sample:		236.2 time, 250.1 real, 404.5 MB
[runlim] sample:		245.8 time, 260.1 real, 414.0 MB
[runlim] sample:		255.5 time, 270.1 real, 426.4 MB
[runlim] sample:		264.7 time, 280.1 real, 436.5 MB
[runlim] sample:		273.7 time, 290.1 real, 446.8 MB
[runlim] sample:		283.3 time, 300.1 real, 456.8 MB
[runlim] sample:		293.0 time, 310.1 real, 472.8 MB
[runlim] sample:		301.6 time, 320.1 real, 481.3 MB
[runlim] sample:		310.7 time, 330.1 real, 490.9 MB
[runlim] sample:		320.4 time, 340.1 real, 501.9 MB
[runlim] sample:		330.0 time, 350.1 real, 514.6 MB
[runlim] sample:		339.7 time, 360.1 real, 524.9 MB
[runlim] sample:		349.3 time, 370.1 real, 535.2 MB
[runlim] sample:		358.9 time, 380.1 real, 547.8 MB
[runlim] sample:		368.6 time, 390.1 real, 560.5 MB
[runlim] sample:		378.2 time, 400.1 real, 568.5 MB
[runlim] sample:		387.9 time, 410.1 real, 578.0 MB
[runlim] sample:		397.5 time, 420.1 real, 651.5 MB
[runlim] sample:		407.2 time, 430.1 real, 648.1 MB
[runlim] sample:		416.8 time, 440.1 real, 649.6 MB
[runlim] sample:		426.5 time, 450.1 real, 650.9 MB
[runlim] sample:		436.1 time, 460.1 real, 652.7 MB
[runlim] sample:		445.8 time, 470.1 real, 654.0 MB
[runlim] sample:		455.4 time, 480.1 real, 655.8 MB
[runlim] sample:		465.1 time, 490.1 real, 657.1 MB
[runlim] sample:		474.7 time, 500.1 real, 658.9 MB
[runlim] sample:		484.1 time, 510.1 real, 662.0 MB
[runlim] sample:		492.8 time, 520.1 real, 668.2 MB
[runlim] sample:		502.7 time, 530.1 real, 677.7 MB
[runlim] sample:		512.7 time, 540.1 real, 688.0 MB
[runlim] sample:		522.7 time, 550.1 real, 696.5 MB
[runlim] sample:		532.7 time, 560.1 real, 706.3 MB
[runlim] sample:		542.1 time, 570.1 real, 712.8 MB
[runlim] sample:		550.8 time, 580.1 real, 721.8 MB
[runlim] sample:		559.5 time, 590.1 real, 732.4 MB
[runlim] sample:		568.3 time, 600.1 real, 742.4 MB
[runlim] sample:		578.1 time, 610.1 real, 765.6 MB
[runlim] sample:		588.0 time, 620.1 real, 771.0 MB
[runlim] sample:		597.6 time, 630.1 real, 778.5 MB
[runlim] sample:		607.3 time, 640.1 real, 785.5 MB
[runlim] sample:		617.1 time, 650.1 real, 798.1 MB
[runlim] sample:		627.1 time, 660.1 real, 805.3 MB
[runlim] sample:		637.1 time, 670.1 real, 818.7 MB
[runlim] sample:		647.1 time, 680.1 real, 825.9 MB
[runlim] sample:		657.1 time, 690.1 real, 833.4 MB
[runlim] sample:		666.9 time, 700.1 real, 846.6 MB
[runlim] sample:		676.6 time, 710.1 real, 853.0 MB
[runlim] sample:		686.5 time, 720.1 real, 862.0 MB
[runlim] sample:		696.5 time, 730.1 real, 870.0 MB
[runlim] sample:		706.2 time, 740.1 real, 882.7 MB
[runlim] sample:		715.9 time, 750.1 real, 889.9 MB
[runlim] sample:		725.6 time, 760.1 real, 897.9 MB
[runlim] sample:		734.8 time, 770.1 real, 906.6 MB
[runlim] sample:		744.8 time, 780.1 real, 914.4 MB
[runlim] sample:		754.7 time, 790.1 real, 924.9 MB
[runlim] sample:		764.4 time, 800.1 real, 936.3 MB
[runlim] sample:		774.4 time, 810.1 real, 944.3 MB
[runlim] sample:		784.4 time, 820.1 real, 952.0 MB
[runlim] sample:		794.4 time, 830.1 real, 1070.2 MB
[runlim] sample:		804.4 time, 840.1 real, 1072.0 MB
[runlim] sample:		814.4 time, 850.1 real, 1073.8 MB
[runlim] sample:		824.3 time, 860.1 real, 1075.3 MB
[runlim] sample:		834.3 time, 870.1 real, 1076.6 MB
[runlim] sample:		844.3 time, 880.1 real, 1078.4 MB
[runlim] sample:		853.2 time, 890.1 real, 1079.5 MB
[runlim] sample:		861.7 time, 900.1 real, 1080.7 MB
[runlim] sample:		870.4 time, 910.1 real, 1082.0 MB
[runlim] sample:		880.4 time, 920.1 real, 1083.6 MB
[runlim] sample:		890.4 time, 930.1 real, 1085.1 MB
[runlim] sample:		899.6 time, 940.1 real, 1086.7 MB
[runlim] sample:		908.8 time, 950.1 real, 1088.2 MB
[runlim] sample:		916.9 time, 960.1 real, 1089.3 MB
[runlim] sample:		925.6 time, 970.1 real, 1090.8 MB
[runlim] sample:		935.3 time, 980.1 real, 1092.3 MB
[runlim] sample:		944.9 time, 990.1 real, 1093.9 MB
[runlim] sample:		954.5 time, 1000.1 real, 1095.2 MB
[runlim] sample:		964.4 time, 1010.1 real, 1107.8 MB
[runlim] sample:		974.4 time, 1020.1 real, 1122.8 MB
[runlim] sample:		984.4 time, 1030.1 real, 1133.9 MB
[runlim] sample:		994.4 time, 1040.1 real, 1144.9 MB
[runlim] sample:		1004.4 time, 1050.1 real, 1160.4 MB
[runlim] sample:		1014.4 time, 1060.1 real, 1169.7 MB
[runlim] sample:		1024.4 time, 1070.1 real, 1181.6 MB
[runlim] sample:		1034.4 time, 1080.1 real, 1198.3 MB
[runlim] sample:		1044.4 time, 1090.1 real, 1207.1 MB
[runlim] sample:		1054.4 time, 1100.1 real, 1216.4 MB
[runlim] sample:		1064.2 time, 1110.1 real, 1225.6 MB
[runlim] sample:		1074.1 time, 1120.1 real, 1234.4 MB
[runlim] sample:		1084.1 time, 1130.1 real, 1250.1 MB
[runlim] sample:		1094.1 time, 1140.1 real, 1262.0 MB
[runlim] sample:		1104.1 time, 1150.1 real, 1272.0 MB
[runlim] sample:		1114.1 time, 1160.1 real, 1281.6 MB
[runlim] sample:		1124.1 time, 1170.1 real, 1290.3 MB
[runlim] sample:		1134.1 time, 1180.1 real, 1306.6 MB
[runlim] sample:		1144.1 time, 1190.1 real, 1315.6 MB
[runlim] sample:		1154.1 time, 1200.1 real, 1324.4 MB
[runlim] sample:		1164.1 time, 1210.1 real, 1335.2 MB
[runlim] sample:		1174.1 time, 1220.1 real, 1344.2 MB
[runlim] sample:		1184.1 time, 1230.1 real, 1354.8 MB
[runlim] sample:		1194.1 time, 1240.1 real, 1366.4 MB
[runlim] sample:		1204.1 time, 1250.1 real, 1375.7 MB
[runlim] sample:		1214.1 time, 1260.1 real, 1386.8 MB
[runlim] sample:		1224.1 time, 1270.1 real, 1403.5 MB
[runlim] sample:		1234.1 time, 1280.1 real, 1414.6 MB
[runlim] sample:		1244.1 time, 1290.1 real, 1424.2 MB
[runlim] sample:		1254.1 time, 1300.1 real, 1433.4 MB
[runlim] sample:		1264.1 time, 1310.1 real, 1442.7 MB
[runlim] sample:		1274.1 time, 1320.1 real, 1452.5 MB
[runlim] sample:		1284.1 time, 1330.1 real, 1463.9 MB
[runlim] sample:		1294.1 time, 1340.1 real, 1474.4 MB
[runlim] sample:		1304.1 time, 1350.1 real, 1485.5 MB
[runlim] sample:		1314.1 time, 1360.1 real, 1494.3 MB
[runlim] sample:		1324.1 time, 1370.1 real, 1503.6 MB
[runlim] sample:		1334.1 time, 1380.1 real, 1505.4 MB
[runlim] sample:		1344.1 time, 1390.1 real, 1514.9 MB
[runlim] sample:		1354.1 time, 1400.1 real, 1524.2 MB
[runlim] sample:		1364.1 time, 1410.1 real, 1530.9 MB
[runlim] sample:		1374.1 time, 1420.1 real, 1535.8 MB
[runlim] sample:		1384.1 time, 1430.1 real, 1544.5 MB
[runlim] sample:		1394.0 time, 1440.1 real, 1556.1 MB
[runlim] sample:		1404.0 time, 1450.1 real, 1558.0 MB
[runlim] sample:		1414.0 time, 1460.1 real, 1567.5 MB
[runlim] sample:		1424.0 time, 1470.1 real, 1576.8 MB
[runlim] sample:		1434.0 time, 1480.1 real, 1579.1 MB
[runlim] sample:		1444.0 time, 1490.1 real, 1588.4 MB
[runlim] sample:		1454.0 time, 1500.1 real, 1827.9 MB
[runlim] sample:		1464.0 time, 1510.1 real, 1829.2 MB
[runlim] sample:		1474.0 time, 1520.1 real, 1830.2 MB
[runlim] sample:		1484.0 time, 1530.1 real, 1832.3 MB
[runlim] sample:		1494.0 time, 1540.1 real, 1833.6 MB
[runlim] sample:		1504.0 time, 1550.1 real, 1834.6 MB
[runlim] sample:		1514.0 time, 1560.1 real, 1836.7 MB
[runlim] sample:		1524.0 time, 1570.1 real, 1838.0 MB
[runlim] sample:		1534.0 time, 1580.1 real, 1839.0 MB
[runlim] sample:		1544.0 time, 1590.1 real, 1841.1 MB
[runlim] sample:		1554.0 time, 1600.1 real, 1842.1 MB
[runlim] sample:		1564.0 time, 1610.1 real, 1843.4 MB
[runlim] sample:		1574.0 time, 1620.1 real, 1845.2 MB
[runlim] sample:		1584.0 time, 1630.1 real, 1846.0 MB
[runlim] sample:		1594.0 time, 1640.1 real, 1847.8 MB
[runlim] sample:		1604.0 time, 1650.1 real, 1849.1 MB
[runlim] sample:		1614.0 time, 1660.1 real, 1850.1 MB
[runlim] sample:		1624.0 time, 1670.1 real, 1852.4 MB
[runlim] sample:		1634.0 time, 1680.1 real, 1852.9 MB
[runlim] sample:		1644.0 time, 1690.1 real, 1854.7 MB
[runlim] sample:		1654.0 time, 1700.1 real, 1856.0 MB
[runlim] sample:		1664.0 time, 1710.1 real, 1857.1 MB
[runlim] sample:		1674.0 time, 1720.1 real, 1858.9 MB
[runlim] sample:		1684.0 time, 1730.1 real, 1859.9 MB
[runlim] sample:		1694.0 time, 1740.1 real, 1861.7 MB
[runlim] sample:		1704.0 time, 1750.1 real, 1863.0 MB
[runlim] sample:		1714.0 time, 1760.1 real, 1864.0 MB
[runlim] sample:		1724.0 time, 1770.1 real, 1865.8 MB
[runlim] sample:		1734.0 time, 1780.1 real, 1866.8 MB
[runlim] sample:		1744.0 time, 1790.1 real, 1868.7 MB
[runlim] sample:		1754.0 time, 1800.1 real, 1870.2 MB
[runlim] sample:		1764.0 time, 1810.1 real, 1871.2 MB
[runlim] sample:		1774.0 time, 1820.1 real, 1872.5 MB
[runlim] sample:		1784.0 time, 1830.1 real, 1873.6 MB
[runlim] sample:		1794.0 time, 1840.1 real, 1875.9 MB
[runlim] sample:		1804.0 time, 1850.1 real, 1876.9 MB
[runlim] sample:		1814.0 time, 1860.1 real, 1878.4 MB
[runlim] sample:		1824.0 time, 1870.1 real, 1879.7 MB
[runlim] sample:		1834.0 time, 1880.1 real, 1880.8 MB
[runlim] sample:		1844.0 time, 1890.1 real, 1882.8 MB
[runlim] sample:		1854.0 time, 1900.1 real, 1883.9 MB
[runlim] sample:		1864.0 time, 1910.1 real, 1885.7 MB
[runlim] sample:		1874.0 time, 1920.1 real, 1887.2 MB
[runlim] sample:		1884.0 time, 1930.1 real, 1888.2 MB
[runlim] sample:		1894.0 time, 1940.1 real, 1889.8 MB
[runlim] sample:		1904.0 time, 1950.1 real, 1890.8 MB
[runlim] sample:		1914.0 time, 1960.1 real, 1892.6 MB
[runlim] sample:		1924.0 time, 1970.1 real, 1893.7 MB
[runlim] sample:		1934.0 time, 1980.1 real, 1895.7 MB
[runlim] sample:		1944.0 time, 1990.1 real, 1896.8 MB
[runlim] sample:		1954.0 time, 2000.1 real, 1898.3 MB
[runlim] sample:		1964.0 time, 2010.1 real, 1899.8 MB
[runlim] sample:		1974.0 time, 2020.1 real, 1904.7 MB
[runlim] sample:		1984.0 time, 2030.1 real, 1907.8 MB
[runlim] sample:		1994.0 time, 2040.1 real, 1918.4 MB
[runlim] sample:		2004.0 time, 2050.1 real, 1920.5 MB
[runlim] sample:		2014.0 time, 2060.1 real, 1963.8 MB
[runlim] sample:		2024.0 time, 2070.1 real, 1966.4 MB
[runlim] sample:		2034.0 time, 2080.1 real, 1970.0 MB
[runlim] sample:		2044.0 time, 2090.1 real, 1980.8 MB
[runlim] sample:		2054.0 time, 2100.1 real, 1982.3 MB
[runlim] sample:		2064.0 time, 2110.1 real, 1992.9 MB
[runlim] sample:		2074.0 time, 2120.1 real, 1995.0 MB
[runlim] sample:		2084.0 time, 2130.1 real, 2005.0 MB
[runlim] sample:		2094.0 time, 2140.1 real, 2016.6 MB
[runlim] sample:		2104.0 time, 2150.1 real, 2018.2 MB
[runlim] sample:		2114.0 time, 2160.1 real, 2028.5 MB
[runlim] sample:		2124.0 time, 2170.1 real, 2030.3 MB
[runlim] sample:		2134.0 time, 2180.1 real, 2040.6 MB
[runlim] sample:		2144.0 time, 2190.1 real, 2042.9 MB
[runlim] sample:		2154.0 time, 2200.1 real, 2053.8 MB
[runlim] sample:		2164.0 time, 2210.1 real, 2056.3 MB
[runlim] sample:		2174.0 time, 2220.1 real, 2067.4 MB
[runlim] sample:		2184.0 time, 2230.1 real, 2078.8 MB
[runlim] sample:		2194.0 time, 2240.1 real, 2080.3 MB
[runlim] sample:		2204.0 time, 2250.1 real, 2090.9 MB
[runlim] sample:		2214.0 time, 2260.1 real, 2092.4 MB
[runlim] sample:		2224.0 time, 2270.1 real, 2104.5 MB
[runlim] sample:		2234.0 time, 2280.1 real, 2106.6 MB
[runlim] sample:		2244.0 time, 2290.1 real, 2116.9 MB
[runlim] sample:		2254.0 time, 2300.1 real, 2119.8 MB
[runlim] sample:		2264.0 time, 2310.1 real, 2131.9 MB
[runlim] sample:		2274.0 time, 2320.1 real, 2140.4 MB
[runlim] sample:		2284.0 time, 2330.1 real, 2145.3 MB
[runlim] sample:		2294.0 time, 2340.1 real, 2156.6 MB
[runlim] sample:		2304.0 time, 2350.1 real, 2158.4 MB
[runlim] sample:		2314.0 time, 2360.1 real, 2169.0 MB
[runlim] sample:		2324.0 time, 2370.1 real, 2170.8 MB
[runlim] sample:		2334.0 time, 2380.1 real, 2186.5 MB
[runlim] sample:		2344.0 time, 2390.1 real, 2188.3 MB
[runlim] sample:		2354.0 time, 2400.1 real, 2201.5 MB
[runlim] sample:		2364.0 time, 2410.1 real, 2214.6 MB
[runlim] sample:		2374.0 time, 2420.1 real, 2217.0 MB
[runlim] sample:		2384.0 time, 2430.1 real, 2231.9 MB
[runlim] sample:		2394.0 time, 2440.1 real, 2250.5 MB
[runlim] sample:		2404.0 time, 2450.1 real, 2254.1 MB
[runlim] sample:		2414.0 time, 2460.1 real, 2264.6 MB
[runlim] sample:		2424.0 time, 2470.1 real, 2280.1 MB
[runlim] sample:		2434.0 time, 2480.1 real, 2306.2 MB
[runlim] sample:		2444.0 time, 2490.1 real, 2308.5 MB
[runlim] sample:		2454.0 time, 2500.1 real, 2322.9 MB
[runlim] sample:		2464.0 time, 2510.1 real, 2337.4 MB
[runlim] sample:		2474.0 time, 2520.1 real, 2342.0 MB
[runlim] sample:		2484.0 time, 2530.1 real, 2353.3 MB
[runlim] sample:		2494.0 time, 2540.1 real, 2367.8 MB
[runlim] sample:		2504.0 time, 2550.1 real, 2381.7 MB
[runlim] sample:		2514.0 time, 2560.1 real, 2383.5 MB
[runlim] sample:		2524.0 time, 2570.1 real, 2406.2 MB
[runlim] sample:		2534.0 time, 2580.1 real, 2418.3 MB
[runlim] sample:		2544.0 time, 2590.1 real, 2429.6 MB
[runlim] sample:		2554.0 time, 2600.1 real, 2442.5 MB
[runlim] sample:		2564.0 time, 2610.1 real, 2451.3 MB
[runlim] sample:		2574.0 time, 2620.1 real, 2453.9 MB
[runlim] sample:		2584.0 time, 2630.1 real, 2469.1 MB
[runlim] sample:		2594.0 time, 2640.1 real, 2481.0 MB
[runlim] sample:		2604.0 time, 2650.1 real, 2484.3 MB
[runlim] sample:		2614.0 time, 2660.1 real, 2501.6 MB
[runlim] sample:		2624.0 time, 2670.1 real, 2514.5 MB
[runlim] sample:		2634.0 time, 2680.1 real, 2516.8 MB
[runlim] sample:		2644.0 time, 2690.1 real, 2528.9 MB
[runlim] sample:		2654.0 time, 2700.1 real, 2541.0 MB
[runlim] sample:		2664.0 time, 2710.1 real, 2543.6 MB
[runlim] sample:		2674.0 time, 2720.1 real, 2559.1 MB
[runlim] sample:		2684.0 time, 2730.1 real, 2573.2 MB
[runlim] sample:		2694.0 time, 2740.1 real, 2575.3 MB
[runlim] sample:		2704.0 time, 2750.1 real, 2586.9 MB
[runlim] sample:		2714.0 time, 2760.1 real, 2600.6 MB
[runlim] sample:		2724.0 time, 2770.1 real, 2602.6 MB
[runlim] sample:		2734.0 time, 2780.1 real, 2615.3 MB
[runlim] sample:		2744.0 time, 2790.1 real, 2618.6 MB
[runlim] sample:		2754.0 time, 2800.1 real, 2631.0 MB
[runlim] sample:		2764.0 time, 2810.1 real, 2642.3 MB
[runlim] sample:		2774.0 time, 2820.1 real, 2645.2 MB
[runlim] sample:		2784.0 time, 2830.1 real, 2657.0 MB
[runlim] sample:		2794.0 time, 2840.1 real, 2669.9 MB
[runlim] sample:		2804.0 time, 2850.1 real, 2672.0 MB
[runlim] sample:		2814.0 time, 2860.1 real, 2683.3 MB
[runlim] sample:		2824.0 time, 2870.1 real, 2693.1 MB
[runlim] sample:		2834.0 time, 2880.1 real, 2704.2 MB
[runlim] sample:		2844.0 time, 2890.1 real, 2717.1 MB
[runlim] sample:		2854.0 time, 2900.1 real, 2719.2 MB
[runlim] sample:		2864.0 time, 2910.1 real, 3204.0 MB
[runlim] sample:		2874.0 time, 2920.1 real, 3205.3 MB
[runlim] sample:		2884.0 time, 2930.1 real, 3207.4 MB
[runlim] sample:		2894.0 time, 2940.1 real, 3209.4 MB
[runlim] sample:		2904.0 time, 2950.1 real, 3210.7 MB
[runlim] sample:		2914.0 time, 2960.1 real, 3213.6 MB
[runlim] sample:		2924.0 time, 2970.1 real, 3214.3 MB
[runlim] sample:		2934.0 time, 2980.1 real, 3217.7 MB
[runlim] sample:		2944.0 time, 2990.1 real, 3219.0 MB
[runlim] sample:		2954.0 time, 3000.1 real, 3221.0 MB
[runlim] sample:		2964.0 time, 3010.1 real, 3223.1 MB
[runlim] sample:		2974.0 time, 3020.1 real, 3224.6 MB
[runlim] sample:		2984.0 time, 3030.1 real, 3226.7 MB
[runlim] sample:		2994.0 time, 3040.1 real, 3228.0 MB
[runlim] sample:		3004.0 time, 3050.1 real, 3230.8 MB
[runlim] sample:		3014.0 time, 3060.1 real, 3231.6 MB
[runlim] sample:		3024.0 time, 3070.1 real, 3234.4 MB
[runlim] sample:		3034.0 time, 3080.1 real, 3237.3 MB
[runlim] sample:		3044.0 time, 3090.1 real, 3240.9 MB
[runlim] sample:		3054.0 time, 3100.1 real, 3241.7 MB
[runlim] sample:		3064.0 time, 3110.1 real, 3244.5 MB
[runlim] sample:		3074.0 time, 3120.1 real, 3245.3 MB
[runlim] sample:		3084.0 time, 3130.1 real, 3248.1 MB
[runlim] sample:		3094.0 time, 3140.1 real, 3249.6 MB
[runlim] sample:		3104.0 time, 3150.1 real, 3251.7 MB
[runlim] sample:		3114.0 time, 3160.1 real, 3253.3 MB
[runlim] sample:		3124.0 time, 3170.1 real, 3255.3 MB
[runlim] sample:		3134.0 time, 3180.1 real, 3256.9 MB
[runlim] sample:		3144.0 time, 3190.1 real, 3259.2 MB
[runlim] sample:		3154.0 time, 3200.1 real, 3260.5 MB
[runlim] sample:		3164.0 time, 3210.1 real, 3262.8 MB
[runlim] sample:		3174.0 time, 3220.1 real, 3264.3 MB
[runlim] sample:		3184.0 time, 3230.1 real, 3266.4 MB
[runlim] sample:		3194.0 time, 3240.1 real, 3267.9 MB
[runlim] sample:		3204.0 time, 3250.1 real, 3270.0 MB
[runlim] sample:		3214.0 time, 3260.1 real, 3270.8 MB
[runlim] sample:		3224.0 time, 3270.1 real, 3273.9 MB
[runlim] sample:		3234.0 time, 3280.1 real, 3273.9 MB
[runlim] sample:		3243.5 time, 3290.1 real, 3276.2 MB
[runlim] sample:		3253.3 time, 3300.1 real, 3277.5 MB
[runlim] sample:		3263.1 time, 3310.1 real, 3278.3 MB
[runlim] sample:		3272.7 time, 3320.1 real, 3280.1 MB
[runlim] sample:		3281.4 time, 3330.1 real, 3281.4 MB
[runlim] sample:		3290.7 time, 3340.1 real, 3282.1 MB
[runlim] sample:		3299.3 time, 3350.1 real, 3283.7 MB
[runlim] sample:		3309.3 time, 3360.1 real, 3285.2 MB
[runlim] sample:		3318.8 time, 3370.1 real, 3286.0 MB
[runlim] sample:		3327.8 time, 3380.1 real, 3287.3 MB
[runlim] sample:		3336.8 time, 3390.1 real, 3288.8 MB
[runlim] sample:		3346.5 time, 3400.1 real, 3289.6 MB
[runlim] sample:		3356.5 time, 3410.1 real, 3291.9 MB
[runlim] sample:		3366.5 time, 3420.1 real, 3292.7 MB
[runlim] sample:		3376.2 time, 3430.1 real, 3294.2 MB
[runlim] sample:		3385.9 time, 3440.1 real, 3295.8 MB
[runlim] sample:		3395.5 time, 3450.1 real, 3296.6 MB
[runlim] sample:		3405.2 time, 3460.1 real, 3298.1 MB
[runlim] sample:		3414.8 time, 3470.1 real, 3300.4 MB
[runlim] sample:		3424.5 time, 3480.1 real, 3300.4 MB
[runlim] sample:		3434.2 time, 3490.1 real, 3302.8 MB
[runlim] sample:		3444.1 time, 3500.1 real, 3304.3 MB
[runlim] sample:		3453.8 time, 3510.1 real, 3304.3 MB
[runlim] sample:		3463.4 time, 3520.1 real, 3306.6 MB
[runlim] sample:		3472.6 time, 3530.1 real, 3308.2 MB
[runlim] sample:		3480.8 time, 3540.1 real, 3308.2 MB
[runlim] sample:		3488.9 time, 3550.1 real, 3309.7 MB
[runlim] sample:		3497.4 time, 3560.1 real, 3311.3 MB
[runlim] sample:		3505.7 time, 3570.1 real, 3312.0 MB
[runlim] sample:		3514.1 time, 3580.1 real, 3312.8 MB
[runlim] sample:		3523.0 time, 3590.1 real, 3314.4 MB
[runlim] sample:		3532.0 time, 3600.1 real, 3315.9 MB
[runlim] sample:		3540.9 time, 3610.1 real, 3316.7 MB
[runlim] sample:		3550.6 time, 3620.1 real, 3318.2 MB
[runlim] sample:		3559.6 time, 3630.1 real, 3319.8 MB
[runlim] sample:		3568.3 time, 3640.1 real, 3320.5 MB
[runlim] sample:		3578.0 time, 3650.1 real, 3322.3 MB
[runlim] sample:		3586.7 time, 3660.1 real, 3323.6 MB
[runlim] sample:		3596.2 time, 3670.1 real, 3323.6 MB
CVC4 interrupted by SIGTERM.
[runlim] end:			Thu Feb 14 03:44:08 2019
[runlim] status:		out of time
[runlim] result:		2
[runlim] children:		0
[runlim] real:			3674.24 seconds
[runlim] time:			3600.18 seconds
[runlim] space:			3650.4 MB
[runlim] samples:		36740
