[runlim] version:		1.10fixed
[runlim] time limit:		300 seconds
[runlim] real time limit:	311040000 seconds
[runlim] space limit:		4000 MB
[runlim] argv[0]:		./cvc4
[runlim] argv[1]:		--cbqi-all
[runlim] argv[2]:		/tmp/BdowRgI0.smt2
[runlim] start:			Mon Jan 28 19:52:00 2019
[runlim] main pid:		16845
[runlim] sample:		8.2 time, 10.6 real, 33.3 MB
[runlim] sample:		18.1 time, 20.6 real, 38.2 MB
[runlim] sample:		26.6 time, 30.6 real, 41.0 MB
[runlim] sample:		35.2 time, 40.6 real, 43.9 MB
[runlim] sample:		44.0 time, 50.6 real, 46.1 MB
[runlim] sample:		52.0 time, 60.6 real, 47.9 MB
[runlim] sample:		60.8 time, 70.6 real, 49.7 MB
[runlim] sample:		69.0 time, 80.6 real, 51.3 MB
[runlim] sample:		77.4 time, 90.6 real, 52.8 MB
[runlim] sample:		87.1 time, 100.6 real, 54.3 MB
[runlim] sample:		97.1 time, 110.6 real, 59.6 MB
[runlim] sample:		107.1 time, 120.6 real, 59.9 MB
[runlim] sample:		117.0 time, 130.6 real, 60.1 MB
[runlim] sample:		126.2 time, 140.6 real, 60.4 MB
[runlim] sample:		134.6 time, 150.6 real, 61.7 MB
[runlim] sample:		142.7 time, 160.6 real, 62.7 MB
[runlim] sample:		150.4 time, 170.6 real, 64.2 MB
[runlim] sample:		159.8 time, 180.6 real, 65.0 MB
[runlim] sample:		168.1 time, 190.6 real, 66.3 MB
[runlim] sample:		177.0 time, 200.6 real, 67.1 MB
[runlim] sample:		185.2 time, 210.6 real, 68.1 MB
[runlim] sample:		194.9 time, 220.6 real, 69.1 MB
[runlim] sample:		204.8 time, 230.6 real, 70.2 MB
[runlim] sample:		214.8 time, 240.6 real, 71.2 MB
[runlim] sample:		224.8 time, 250.6 real, 72.5 MB
[runlim] sample:		234.8 time, 260.6 real, 73.5 MB
[runlim] sample:		244.8 time, 270.6 real, 74.5 MB
[runlim] sample:		254.8 time, 280.6 real, 83.9 MB
[runlim] sample:		264.8 time, 290.6 real, 84.2 MB
[runlim] sample:		274.8 time, 300.6 real, 84.4 MB
[runlim] sample:		284.8 time, 310.6 real, 84.4 MB
[runlim] sample:		294.8 time, 320.6 real, 84.7 MB
CVC4 interrupted by SIGTERM.
[runlim] end:			Mon Jan 28 19:57:25 2019
[runlim] status:		out of time
[runlim] result:		2
[runlim] children:		0
[runlim] real:			325.80 seconds
[runlim] time:			300.01 seconds
[runlim] space:			84.9 MB
[runlim] samples:		3252
