[runlim] version:		1.10fixed
[runlim] time limit:		3600 seconds
[runlim] real time limit:	311040000 seconds
[runlim] space limit:		4000 MB
[runlim] argv[0]:		./cvc4
[runlim] argv[1]:		--cbqi-all
[runlim] argv[2]:		/tmp/K74I26PI.smt2
[runlim] start:			Thu Feb 14 02:05:46 2019
[runlim] main pid:		18471
[runlim] sample:		9.0 time, 10.3 real, 74.6 MB
[runlim] sample:		17.6 time, 20.3 real, 97.3 MB
[runlim] sample:		27.3 time, 30.3 real, 115.8 MB
[runlim] sample:		36.8 time, 40.3 real, 131.5 MB
[runlim] sample:		46.3 time, 50.3 real, 148.8 MB
[runlim] sample:		56.3 time, 60.3 real, 161.4 MB
[runlim] sample:		66.1 time, 70.3 real, 171.5 MB
[runlim] sample:		74.4 time, 80.3 real, 178.0 MB
[runlim] sample:		83.2 time, 90.3 real, 186.5 MB
[runlim] sample:		92.9 time, 100.3 real, 194.8 MB
[runlim] sample:		102.5 time, 110.3 real, 203.5 MB
[runlim] sample:		111.9 time, 120.3 real, 211.0 MB
[runlim] sample:		121.9 time, 130.3 real, 218.2 MB
[runlim] sample:		131.9 time, 140.3 real, 224.9 MB
[runlim] sample:		141.9 time, 150.3 real, 232.1 MB
[runlim] sample:		151.4 time, 160.3 real, 238.6 MB
[runlim] sample:		160.6 time, 170.3 real, 244.5 MB
[runlim] sample:		170.6 time, 180.3 real, 253.0 MB
[runlim] sample:		179.8 time, 190.3 real, 255.8 MB
[runlim] sample:		189.2 time, 200.3 real, 263.3 MB
[runlim] sample:		197.8 time, 210.3 real, 268.4 MB
[runlim] sample:		207.3 time, 220.3 real, 274.9 MB
[runlim] sample:		215.7 time, 230.3 real, 282.6 MB
[runlim] sample:		224.3 time, 240.3 real, 288.0 MB
[runlim] sample:		234.2 time, 250.3 real, 293.7 MB
[runlim] sample:		243.2 time, 260.3 real, 300.9 MB
[runlim] sample:		253.2 time, 270.3 real, 307.4 MB
[runlim] sample:		263.2 time, 280.3 real, 314.3 MB
[runlim] sample:		273.2 time, 290.3 real, 319.7 MB
[runlim] sample:		283.1 time, 300.3 real, 325.7 MB
[runlim] sample:		293.1 time, 310.3 real, 330.8 MB
[runlim] sample:		302.1 time, 320.3 real, 336.0 MB
[runlim] sample:		311.8 time, 330.3 real, 340.6 MB
[runlim] sample:		320.9 time, 340.3 real, 345.2 MB
[runlim] sample:		330.3 time, 350.3 real, 349.6 MB
[runlim] sample:		339.9 time, 360.3 real, 354.3 MB
[runlim] sample:		349.7 time, 370.3 real, 358.6 MB
[runlim] sample:		358.9 time, 380.3 real, 362.8 MB
[runlim] sample:		368.5 time, 390.3 real, 367.1 MB
[runlim] sample:		378.5 time, 400.3 real, 371.3 MB
[runlim] sample:		388.5 time, 410.3 real, 387.8 MB
[runlim] sample:		398.3 time, 420.3 real, 390.6 MB
[runlim] sample:		407.9 time, 430.3 real, 392.9 MB
[runlim] sample:		417.9 time, 440.3 real, 393.7 MB
[runlim] sample:		427.9 time, 450.3 real, 396.5 MB
[runlim] sample:		437.1 time, 460.3 real, 397.3 MB
[runlim] sample:		446.1 time, 470.3 real, 398.3 MB
[runlim] sample:		455.9 time, 480.3 real, 403.2 MB
[runlim] sample:		464.7 time, 490.3 real, 406.8 MB
[runlim] sample:		473.4 time, 500.3 real, 410.4 MB
[runlim] sample:		483.1 time, 510.3 real, 414.1 MB
[runlim] sample:		492.1 time, 520.3 real, 424.6 MB
[runlim] sample:		501.6 time, 530.3 real, 425.4 MB
[runlim] sample:		511.6 time, 540.3 real, 426.7 MB
[runlim] sample:		521.0 time, 550.3 real, 430.0 MB
[runlim] sample:		530.8 time, 560.3 real, 433.9 MB
[runlim] sample:		539.9 time, 570.3 real, 438.0 MB
[runlim] sample:		549.7 time, 580.3 real, 442.4 MB
[runlim] sample:		558.3 time, 590.3 real, 445.2 MB
[runlim] sample:		567.6 time, 600.3 real, 449.1 MB
[runlim] sample:		577.6 time, 610.3 real, 453.0 MB
[runlim] sample:		586.9 time, 620.3 real, 456.1 MB
[runlim] sample:		596.2 time, 630.3 real, 459.9 MB
[runlim] sample:		605.8 time, 640.3 real, 464.3 MB
[runlim] sample:		615.8 time, 650.3 real, 467.9 MB
[runlim] sample:		625.7 time, 660.3 real, 471.3 MB
[runlim] sample:		635.5 time, 670.3 real, 475.6 MB
[runlim] sample:		644.2 time, 680.3 real, 478.5 MB
[runlim] sample:		653.6 time, 690.3 real, 482.1 MB
[runlim] sample:		663.5 time, 700.3 real, 485.4 MB
[runlim] sample:		673.2 time, 710.3 real, 489.3 MB
[runlim] sample:		682.4 time, 720.3 real, 492.1 MB
[runlim] sample:		691.4 time, 730.3 real, 495.2 MB
[runlim] sample:		701.5 time, 740.3 real, 499.4 MB
[runlim] sample:		711.4 time, 750.3 real, 503.5 MB
[runlim] sample:		721.0 time, 760.3 real, 507.9 MB
[runlim] sample:		730.7 time, 770.3 real, 511.0 MB
[runlim] sample:		740.1 time, 780.3 real, 515.1 MB
[runlim] sample:		749.6 time, 790.3 real, 518.4 MB
[runlim] sample:		759.2 time, 800.3 real, 521.8 MB
[runlim] sample:		768.3 time, 810.3 real, 525.7 MB
[runlim] sample:		777.5 time, 820.3 real, 529.5 MB
[runlim] sample:		787.1 time, 830.3 real, 532.6 MB
[runlim] sample:		796.1 time, 840.3 real, 535.7 MB
[runlim] sample:		804.9 time, 850.3 real, 538.5 MB
[runlim] sample:		813.6 time, 860.3 real, 541.9 MB
[runlim] sample:		822.4 time, 870.3 real, 545.0 MB
[runlim] sample:		832.1 time, 880.3 real, 548.1 MB
[runlim] sample:		842.1 time, 890.3 real, 551.7 MB
[runlim] sample:		852.1 time, 900.3 real, 555.0 MB
[runlim] sample:		862.1 time, 910.3 real, 560.4 MB
[runlim] sample:		872.1 time, 920.3 real, 563.0 MB
[runlim] sample:		881.9 time, 930.3 real, 608.1 MB
[runlim] sample:		891.7 time, 940.3 real, 608.7 MB
[runlim] sample:		901.7 time, 950.3 real, 609.4 MB
[runlim] sample:		911.7 time, 960.3 real, 610.2 MB
[runlim] sample:		921.7 time, 970.3 real, 610.7 MB
[runlim] sample:		931.7 time, 980.3 real, 619.5 MB
[runlim] sample:		941.7 time, 990.3 real, 620.0 MB
[runlim] sample:		951.7 time, 1000.3 real, 620.8 MB
[runlim] sample:		961.7 time, 1010.3 real, 621.8 MB
[runlim] sample:		971.7 time, 1020.3 real, 622.6 MB
[runlim] sample:		981.6 time, 1030.3 real, 623.1 MB
[runlim] sample:		991.3 time, 1040.3 real, 623.9 MB
[runlim] sample:		1001.2 time, 1050.3 real, 624.6 MB
[runlim] sample:		1011.2 time, 1060.3 real, 626.9 MB
[runlim] sample:		1021.2 time, 1070.3 real, 627.7 MB
[runlim] sample:		1031.2 time, 1080.3 real, 628.5 MB
[runlim] sample:		1041.2 time, 1090.3 real, 629.0 MB
[runlim] sample:		1051.1 time, 1100.3 real, 629.8 MB
[runlim] sample:		1060.7 time, 1110.3 real, 634.2 MB
[runlim] sample:		1070.6 time, 1120.3 real, 642.9 MB
[runlim] sample:		1080.6 time, 1130.3 real, 644.5 MB
[runlim] sample:		1090.6 time, 1140.3 real, 645.5 MB
[runlim] sample:		1100.5 time, 1150.3 real, 648.6 MB
[runlim] sample:		1110.2 time, 1160.3 real, 652.2 MB
[runlim] sample:		1119.9 time, 1170.3 real, 655.0 MB
[runlim] sample:		1129.7 time, 1180.3 real, 658.1 MB
[runlim] sample:		1139.6 time, 1190.3 real, 661.7 MB
[runlim] sample:		1149.3 time, 1200.3 real, 664.8 MB
[runlim] sample:		1159.1 time, 1210.3 real, 667.7 MB
[runlim] sample:		1169.1 time, 1220.3 real, 671.0 MB
[runlim] sample:		1178.9 time, 1230.3 real, 674.1 MB
[runlim] sample:		1187.8 time, 1240.3 real, 676.7 MB
[runlim] sample:		1197.8 time, 1250.3 real, 688.0 MB
[runlim] sample:		1207.1 time, 1260.3 real, 688.6 MB
[runlim] sample:		1216.6 time, 1270.3 real, 689.8 MB
[runlim] sample:		1226.4 time, 1280.3 real, 694.0 MB
[runlim] sample:		1235.6 time, 1290.3 real, 697.3 MB
[runlim] sample:		1244.7 time, 1300.3 real, 704.0 MB
[runlim] sample:		1254.2 time, 1310.3 real, 705.0 MB
[runlim] sample:		1263.9 time, 1320.3 real, 708.4 MB
[runlim] sample:		1273.0 time, 1330.3 real, 710.7 MB
[runlim] sample:		1282.3 time, 1340.3 real, 714.1 MB
[runlim] sample:		1291.0 time, 1350.3 real, 716.9 MB
[runlim] sample:		1300.6 time, 1360.3 real, 723.3 MB
[runlim] sample:		1310.2 time, 1370.3 real, 724.1 MB
[runlim] sample:		1319.3 time, 1380.3 real, 725.9 MB
[runlim] sample:		1328.6 time, 1390.3 real, 729.3 MB
[runlim] sample:		1338.6 time, 1400.3 real, 732.4 MB
[runlim] sample:		1348.6 time, 1410.3 real, 735.7 MB
[runlim] sample:		1358.6 time, 1420.3 real, 738.8 MB
[runlim] sample:		1368.6 time, 1430.3 real, 741.6 MB
[runlim] sample:		1378.6 time, 1440.3 real, 746.5 MB
[runlim] sample:		1388.6 time, 1450.3 real, 748.9 MB
[runlim] sample:		1398.3 time, 1460.3 real, 752.2 MB
[runlim] sample:		1408.3 time, 1470.3 real, 755.6 MB
[runlim] sample:		1418.3 time, 1480.3 real, 758.4 MB
[runlim] sample:		1428.3 time, 1490.3 real, 761.8 MB
[runlim] sample:		1438.3 time, 1500.3 real, 767.9 MB
[runlim] sample:		1448.3 time, 1510.3 real, 768.7 MB
[runlim] sample:		1458.3 time, 1520.3 real, 771.5 MB
[runlim] sample:		1468.3 time, 1530.3 real, 774.1 MB
[runlim] sample:		1478.3 time, 1540.3 real, 776.7 MB
[runlim] sample:		1488.3 time, 1550.3 real, 780.1 MB
[runlim] sample:		1498.3 time, 1560.3 real, 782.6 MB
[runlim] sample:		1508.3 time, 1570.3 real, 785.7 MB
[runlim] sample:		1518.3 time, 1580.3 real, 788.6 MB
[runlim] sample:		1528.3 time, 1590.3 real, 792.2 MB
[runlim] sample:		1538.3 time, 1600.3 real, 795.3 MB
[runlim] sample:		1548.3 time, 1610.3 real, 798.6 MB
[runlim] sample:		1558.3 time, 1620.3 real, 801.4 MB
[runlim] sample:		1568.3 time, 1630.3 real, 804.8 MB
[runlim] sample:		1578.3 time, 1640.3 real, 807.4 MB
[runlim] sample:		1588.3 time, 1650.3 real, 810.2 MB
[runlim] sample:		1598.3 time, 1660.3 real, 814.1 MB
[runlim] sample:		1608.3 time, 1670.3 real, 816.6 MB
[runlim] sample:		1618.3 time, 1680.3 real, 820.3 MB
[runlim] sample:		1628.3 time, 1690.3 real, 823.1 MB
[runlim] sample:		1638.3 time, 1700.3 real, 826.7 MB
[runlim] sample:		1648.3 time, 1710.3 real, 829.0 MB
[runlim] sample:		1658.3 time, 1720.3 real, 832.1 MB
[runlim] sample:		1668.2 time, 1730.3 real, 835.2 MB
[runlim] sample:		1678.2 time, 1740.3 real, 838.0 MB
[runlim] sample:		1688.2 time, 1750.3 real, 840.6 MB
[runlim] sample:		1698.2 time, 1760.3 real, 844.2 MB
[runlim] sample:		1708.2 time, 1770.3 real, 846.8 MB
[runlim] sample:		1718.2 time, 1780.3 real, 849.4 MB
[runlim] sample:		1728.2 time, 1790.3 real, 852.2 MB
[runlim] sample:		1738.2 time, 1800.3 real, 854.8 MB
[runlim] sample:		1748.2 time, 1810.3 real, 858.1 MB
[runlim] sample:		1758.2 time, 1820.3 real, 860.7 MB
[runlim] sample:		1768.2 time, 1830.3 real, 863.6 MB
[runlim] sample:		1778.2 time, 1840.3 real, 866.1 MB
[runlim] sample:		1788.2 time, 1850.3 real, 869.0 MB
[runlim] sample:		1798.2 time, 1860.3 real, 871.6 MB
[runlim] sample:		1808.2 time, 1870.3 real, 874.1 MB
[runlim] sample:		1818.2 time, 1880.3 real, 876.7 MB
[runlim] sample:		1828.2 time, 1890.3 real, 879.8 MB
[runlim] sample:		1838.2 time, 1900.3 real, 882.9 MB
[runlim] sample:		1848.2 time, 1910.3 real, 886.0 MB
[runlim] sample:		1858.2 time, 1920.3 real, 888.6 MB
[runlim] sample:		1868.2 time, 1930.3 real, 892.4 MB
[runlim] sample:		1878.2 time, 1940.3 real, 894.5 MB
[runlim] sample:		1888.2 time, 1950.3 real, 897.1 MB
[runlim] sample:		1898.2 time, 1960.3 real, 899.6 MB
[runlim] sample:		1908.2 time, 1970.3 real, 903.3 MB
[runlim] sample:		1918.2 time, 1980.3 real, 905.8 MB
[runlim] sample:		1928.2 time, 1990.3 real, 1033.1 MB
[runlim] sample:		1938.2 time, 2000.3 real, 1034.2 MB
[runlim] sample:		1948.2 time, 2010.3 real, 1034.7 MB
[runlim] sample:		1958.2 time, 2020.3 real, 1035.4 MB
[runlim] sample:		1968.2 time, 2030.3 real, 1036.0 MB
[runlim] sample:		1978.2 time, 2040.3 real, 1036.5 MB
[runlim] sample:		1988.2 time, 2050.3 real, 1037.0 MB
[runlim] sample:		1998.2 time, 2060.3 real, 1037.5 MB
[runlim] sample:		2008.2 time, 2070.3 real, 1038.3 MB
[runlim] sample:		2018.2 time, 2080.3 real, 1038.8 MB
[runlim] sample:		2028.2 time, 2090.3 real, 1039.3 MB
[runlim] sample:		2038.2 time, 2100.3 real, 1040.1 MB
[runlim] sample:		2048.1 time, 2110.3 real, 1040.6 MB
[runlim] sample:		2058.1 time, 2120.3 real, 1041.4 MB
[runlim] sample:		2068.1 time, 2130.3 real, 1041.9 MB
[runlim] sample:		2078.1 time, 2140.3 real, 1042.7 MB
[runlim] sample:		2088.1 time, 2150.3 real, 1043.2 MB
[runlim] sample:		2098.1 time, 2160.3 real, 1043.7 MB
[runlim] sample:		2108.1 time, 2170.3 real, 1044.2 MB
[runlim] sample:		2118.1 time, 2180.3 real, 1044.7 MB
[runlim] sample:		2128.1 time, 2190.3 real, 1045.5 MB
[runlim] sample:		2138.1 time, 2200.3 real, 1046.0 MB
[runlim] sample:		2148.1 time, 2210.3 real, 1046.5 MB
[runlim] sample:		2158.1 time, 2220.3 real, 1047.3 MB
[runlim] sample:		2167.9 time, 2230.3 real, 1047.8 MB
[runlim] sample:		2177.6 time, 2240.3 real, 1048.6 MB
[runlim] sample:		2187.3 time, 2250.3 real, 1048.8 MB
[runlim] sample:		2197.1 time, 2260.3 real, 1049.4 MB
[runlim] sample:		2207.1 time, 2270.3 real, 1050.1 MB
[runlim] sample:		2217.1 time, 2280.3 real, 1050.6 MB
[runlim] sample:		2227.1 time, 2290.3 real, 1051.4 MB
[runlim] sample:		2237.1 time, 2300.3 real, 1051.9 MB
[runlim] sample:		2246.8 time, 2310.3 real, 1052.4 MB
[runlim] sample:		2256.4 time, 2320.3 real, 1053.0 MB
[runlim] sample:		2266.2 time, 2330.3 real, 1053.5 MB
[runlim] sample:		2276.2 time, 2340.3 real, 1054.2 MB
[runlim] sample:		2286.2 time, 2350.3 real, 1054.8 MB
[runlim] sample:		2296.2 time, 2360.3 real, 1055.5 MB
[runlim] sample:		2306.2 time, 2370.3 real, 1056.8 MB
[runlim] sample:		2316.2 time, 2380.3 real, 1057.3 MB
[runlim] sample:		2326.2 time, 2390.3 real, 1058.1 MB
[runlim] sample:		2336.2 time, 2400.3 real, 1058.6 MB
[runlim] sample:		2346.2 time, 2410.3 real, 1059.4 MB
[runlim] sample:		2356.2 time, 2420.3 real, 1059.9 MB
[runlim] sample:		2366.2 time, 2430.3 real, 1060.4 MB
[runlim] sample:		2376.2 time, 2440.3 real, 1060.9 MB
[runlim] sample:		2386.2 time, 2450.3 real, 1061.5 MB
[runlim] sample:		2396.2 time, 2460.3 real, 1062.2 MB
[runlim] sample:		2406.2 time, 2470.3 real, 1062.7 MB
[runlim] sample:		2416.2 time, 2480.3 real, 1063.3 MB
[runlim] sample:		2426.2 time, 2490.3 real, 1063.8 MB
[runlim] sample:		2436.2 time, 2500.3 real, 1064.3 MB
[runlim] sample:		2446.2 time, 2510.3 real, 1065.1 MB
[runlim] sample:		2456.2 time, 2520.3 real, 1065.3 MB
[runlim] sample:		2466.2 time, 2530.3 real, 1066.1 MB
[runlim] sample:		2476.2 time, 2540.3 real, 1066.6 MB
[runlim] sample:		2486.2 time, 2550.3 real, 1067.1 MB
[runlim] sample:		2495.8 time, 2560.3 real, 1067.6 MB
[runlim] sample:		2505.2 time, 2570.3 real, 1068.2 MB
[runlim] sample:		2515.2 time, 2580.3 real, 1068.9 MB
[runlim] sample:		2524.8 time, 2590.3 real, 1069.2 MB
[runlim] sample:		2534.6 time, 2600.3 real, 1070.7 MB
[runlim] sample:		2544.0 time, 2610.3 real, 1072.3 MB
[runlim] sample:		2553.4 time, 2620.3 real, 1074.9 MB
[runlim] sample:		2562.9 time, 2630.3 real, 1077.4 MB
[runlim] sample:		2572.5 time, 2640.3 real, 1079.5 MB
[runlim] sample:		2582.3 time, 2650.3 real, 1082.1 MB
[runlim] sample:		2592.3 time, 2660.3 real, 1085.2 MB
[runlim] sample:		2602.2 time, 2670.3 real, 1086.7 MB
[runlim] sample:		2611.6 time, 2680.3 real, 1089.3 MB
[runlim] sample:		2621.0 time, 2690.3 real, 1092.4 MB
[runlim] sample:		2630.6 time, 2700.3 real, 1094.7 MB
[runlim] sample:		2640.0 time, 2710.3 real, 1097.8 MB
[runlim] sample:		2649.6 time, 2720.3 real, 1099.1 MB
[runlim] sample:		2658.9 time, 2730.3 real, 1101.7 MB
[runlim] sample:		2668.3 time, 2740.3 real, 1105.0 MB
[runlim] sample:		2677.6 time, 2750.3 real, 1107.1 MB
[runlim] sample:		2687.0 time, 2760.3 real, 1108.9 MB
[runlim] sample:		2696.4 time, 2770.3 real, 1111.2 MB
[runlim] sample:		2705.6 time, 2780.3 real, 1113.0 MB
[runlim] sample:		2714.8 time, 2790.3 real, 1115.6 MB
[runlim] sample:		2724.1 time, 2800.3 real, 1117.4 MB
[runlim] sample:		2733.5 time, 2810.3 real, 1120.0 MB
[runlim] sample:		2743.4 time, 2820.3 real, 1121.5 MB
[runlim] sample:		2753.4 time, 2830.3 real, 1124.6 MB
[runlim] sample:		2762.7 time, 2840.3 real, 1125.9 MB
[runlim] sample:		2771.7 time, 2850.3 real, 1128.5 MB
[runlim] sample:		2780.4 time, 2860.3 real, 1130.3 MB
[runlim] sample:		2789.8 time, 2870.3 real, 1132.9 MB
[runlim] sample:		2799.2 time, 2880.3 real, 1134.7 MB
[runlim] sample:		2808.8 time, 2890.3 real, 1137.2 MB
[runlim] sample:		2818.8 time, 2900.3 real, 1139.0 MB
[runlim] sample:		2828.8 time, 2910.3 real, 1141.6 MB
[runlim] sample:		2838.8 time, 2920.3 real, 1144.7 MB
[runlim] sample:		2848.8 time, 2930.3 real, 1146.5 MB
[runlim] sample:		2858.8 time, 2940.3 real, 1149.1 MB
[runlim] sample:		2868.8 time, 2950.3 real, 1150.9 MB
[runlim] sample:		2878.8 time, 2960.3 real, 1153.7 MB
[runlim] sample:		2888.8 time, 2970.3 real, 1156.1 MB
[runlim] sample:		2898.8 time, 2980.3 real, 1158.1 MB
[runlim] sample:		2908.8 time, 2990.3 real, 1160.9 MB
[runlim] sample:		2918.8 time, 3000.3 real, 1162.8 MB
[runlim] sample:		2928.8 time, 3010.3 real, 1165.3 MB
[runlim] sample:		2938.8 time, 3020.3 real, 1168.7 MB
[runlim] sample:		2948.6 time, 3030.3 real, 1171.3 MB
[runlim] sample:		2957.7 time, 3040.3 real, 1173.3 MB
[runlim] sample:		2967.7 time, 3050.3 real, 1180.3 MB
[runlim] sample:		2977.7 time, 3060.3 real, 1180.5 MB
[runlim] sample:		2987.7 time, 3070.3 real, 1181.8 MB
[runlim] sample:		2997.7 time, 3080.3 real, 1183.9 MB
[runlim] sample:		3007.7 time, 3090.3 real, 1186.5 MB
[runlim] sample:		3017.7 time, 3100.3 real, 1188.5 MB
[runlim] sample:		3027.7 time, 3110.3 real, 1191.9 MB
[runlim] sample:		3037.7 time, 3120.3 real, 1193.7 MB
[runlim] sample:		3047.7 time, 3130.3 real, 1196.3 MB
[runlim] sample:		3057.7 time, 3140.3 real, 1198.8 MB
[runlim] sample:		3067.7 time, 3150.3 real, 1200.9 MB
[runlim] sample:		3077.7 time, 3160.3 real, 1204.0 MB
[runlim] sample:		3087.7 time, 3170.3 real, 1206.8 MB
[runlim] sample:		3097.7 time, 3180.3 real, 1208.6 MB
[runlim] sample:		3107.7 time, 3190.3 real, 1211.5 MB
[runlim] sample:		3117.7 time, 3200.3 real, 1213.5 MB
[runlim] sample:		3127.7 time, 3210.3 real, 1216.1 MB
[runlim] sample:		3137.7 time, 3220.3 real, 1218.9 MB
[runlim] sample:		3147.7 time, 3230.3 real, 1222.3 MB
[runlim] sample:		3157.7 time, 3240.3 real, 1225.4 MB
[runlim] sample:		3167.7 time, 3250.3 real, 1229.8 MB
[runlim] sample:		3177.7 time, 3260.3 real, 1232.9 MB
[runlim] sample:		3187.7 time, 3270.3 real, 1236.2 MB
[runlim] sample:		3197.7 time, 3280.3 real, 1240.1 MB
[runlim] sample:		3207.7 time, 3290.3 real, 1243.2 MB
[runlim] sample:		3217.7 time, 3300.3 real, 1245.8 MB
[runlim] sample:		3227.7 time, 3310.3 real, 1248.8 MB
[runlim] sample:		3237.7 time, 3320.3 real, 1251.7 MB
[runlim] sample:		3247.7 time, 3330.3 real, 1255.5 MB
[runlim] sample:		3257.7 time, 3340.3 real, 1259.4 MB
[runlim] sample:		3267.7 time, 3350.3 real, 1263.0 MB
[runlim] sample:		3277.7 time, 3360.3 real, 1266.1 MB
[runlim] sample:		3287.7 time, 3370.3 real, 1269.7 MB
[runlim] sample:		3297.7 time, 3380.3 real, 1273.1 MB
[runlim] sample:		3307.7 time, 3390.3 real, 1276.4 MB
[runlim] sample:		3317.7 time, 3400.3 real, 1279.0 MB
[runlim] sample:		3327.7 time, 3410.3 real, 1282.1 MB
[runlim] sample:		3337.7 time, 3420.3 real, 1285.7 MB
[runlim] sample:		3347.7 time, 3430.3 real, 1288.8 MB
[runlim] sample:		3357.7 time, 3440.3 real, 1292.9 MB
[runlim] sample:		3367.7 time, 3450.3 real, 1296.3 MB
[runlim] sample:		3377.7 time, 3460.3 real, 1299.6 MB
[runlim] sample:		3387.7 time, 3470.3 real, 1306.6 MB
[runlim] sample:		3397.7 time, 3480.3 real, 1308.4 MB
[runlim] sample:		3407.7 time, 3490.3 real, 1311.2 MB
[runlim] sample:		3417.7 time, 3500.3 real, 1314.3 MB
[runlim] sample:		3427.7 time, 3510.3 real, 1317.7 MB
[runlim] sample:		3437.7 time, 3520.3 real, 1320.8 MB
[runlim] sample:		3447.7 time, 3530.3 real, 1324.1 MB
[runlim] sample:		3457.7 time, 3540.3 real, 1328.0 MB
[runlim] sample:		3467.7 time, 3550.3 real, 1331.1 MB
[runlim] sample:		3477.7 time, 3560.3 real, 1334.4 MB
[runlim] sample:		3487.7 time, 3570.3 real, 1337.5 MB
[runlim] sample:		3497.7 time, 3580.3 real, 1340.9 MB
[runlim] sample:		3507.7 time, 3590.3 real, 1342.4 MB
[runlim] sample:		3517.7 time, 3600.3 real, 1344.5 MB
[runlim] sample:		3527.7 time, 3610.3 real, 1348.6 MB
[runlim] sample:		3537.7 time, 3620.3 real, 1349.6 MB
[runlim] sample:		3547.7 time, 3630.3 real, 1351.2 MB
[runlim] sample:		3557.7 time, 3640.3 real, 1353.8 MB
[runlim] sample:		3567.7 time, 3650.3 real, 1355.8 MB
[runlim] sample:		3577.7 time, 3660.3 real, 1357.6 MB
[runlim] sample:		3587.7 time, 3670.3 real, 1360.2 MB
[runlim] sample:		3597.7 time, 3680.3 real, 1362.3 MB
CVC4 interrupted by SIGTERM.
[runlim] end:			Thu Feb 14 03:07:08 2019
[runlim] status:		out of time
[runlim] result:		2
[runlim] children:		0
[runlim] real:			3682.73 seconds
[runlim] time:			3600.07 seconds
[runlim] space:			1362.5 MB
[runlim] samples:		36824
