[runlim] version:		1.10fixed
[runlim] time limit:		3600 seconds
[runlim] real time limit:	311040000 seconds
[runlim] space limit:		4000 MB
[runlim] argv[0]:		./cvc4
[runlim] argv[1]:		--cbqi-all
[runlim] argv[2]:		/tmp/eP7aocqC.smt2
[runlim] start:			Thu Feb 14 02:16:50 2019
[runlim] main pid:		1182
[runlim] sample:		8.8 time, 10.7 real, 36.0 MB
[runlim] sample:		18.3 time, 20.7 real, 42.0 MB
[runlim] sample:		28.3 time, 30.7 real, 46.2 MB
[runlim] sample:		38.3 time, 40.7 real, 49.5 MB
[runlim] sample:		46.6 time, 50.7 real, 52.3 MB
[runlim] sample:		55.3 time, 60.7 real, 54.6 MB
[runlim] sample:		65.1 time, 70.7 real, 57.2 MB
[runlim] sample:		75.0 time, 80.7 real, 59.5 MB
[runlim] sample:		84.6 time, 90.7 real, 61.6 MB
[runlim] sample:		93.6 time, 100.7 real, 63.4 MB
[runlim] sample:		102.6 time, 110.7 real, 65.2 MB
[runlim] sample:		112.0 time, 120.7 real, 68.5 MB
[runlim] sample:		121.9 time, 130.7 real, 69.5 MB
[runlim] sample:		131.8 time, 140.7 real, 70.8 MB
[runlim] sample:		141.4 time, 150.7 real, 72.3 MB
[runlim] sample:		150.8 time, 160.7 real, 73.9 MB
[runlim] sample:		159.8 time, 170.7 real, 75.2 MB
[runlim] sample:		167.8 time, 180.7 real, 76.2 MB
[runlim] sample:		176.5 time, 190.7 real, 77.2 MB
[runlim] sample:		185.0 time, 200.7 real, 78.8 MB
[runlim] sample:		194.0 time, 210.7 real, 79.6 MB
[runlim] sample:		202.5 time, 220.7 real, 80.9 MB
[runlim] sample:		210.3 time, 230.7 real, 81.6 MB
[runlim] sample:		219.3 time, 240.7 real, 83.3 MB
[runlim] sample:		228.5 time, 250.7 real, 84.3 MB
[runlim] sample:		237.5 time, 260.7 real, 85.4 MB
[runlim] sample:		246.0 time, 270.7 real, 86.4 MB
[runlim] sample:		255.7 time, 280.7 real, 87.4 MB
[runlim] sample:		265.6 time, 290.7 real, 88.7 MB
[runlim] sample:		274.0 time, 300.7 real, 96.5 MB
[runlim] sample:		281.0 time, 310.7 real, 96.5 MB
[runlim] sample:		290.1 time, 320.7 real, 96.8 MB
[runlim] sample:		300.0 time, 330.7 real, 97.0 MB
[runlim] sample:		308.4 time, 340.7 real, 97.3 MB
[runlim] sample:		316.3 time, 350.7 real, 97.3 MB
[runlim] sample:		324.6 time, 360.7 real, 97.6 MB
[runlim] sample:		333.6 time, 370.7 real, 97.8 MB
[runlim] sample:		343.5 time, 380.7 real, 97.8 MB
[runlim] sample:		352.3 time, 390.7 real, 98.3 MB
[runlim] sample:		362.2 time, 400.7 real, 99.1 MB
[runlim] sample:		372.2 time, 410.7 real, 100.9 MB
[runlim] sample:		382.2 time, 420.7 real, 101.9 MB
[runlim] sample:		392.2 time, 430.7 real, 102.5 MB
[runlim] sample:		402.2 time, 440.7 real, 103.7 MB
[runlim] sample:		412.2 time, 450.7 real, 104.5 MB
[runlim] sample:		422.2 time, 460.7 real, 105.3 MB
[runlim] sample:		432.2 time, 470.7 real, 106.3 MB
[runlim] sample:		442.2 time, 480.7 real, 107.1 MB
[runlim] sample:		452.1 time, 490.7 real, 107.6 MB
[runlim] sample:		461.9 time, 500.7 real, 108.9 MB
[runlim] sample:		471.6 time, 510.8 real, 109.7 MB
[runlim] sample:		481.3 time, 520.7 real, 111.0 MB
[runlim] sample:		491.3 time, 530.7 real, 112.0 MB
[runlim] sample:		501.3 time, 540.7 real, 112.8 MB
[runlim] sample:		511.3 time, 550.7 real, 113.5 MB
[runlim] sample:		521.3 time, 560.7 real, 114.3 MB
[runlim] sample:		531.2 time, 570.7 real, 115.1 MB
[runlim] sample:		541.1 time, 580.7 real, 115.9 MB
[runlim] sample:		550.9 time, 590.7 real, 116.6 MB
[runlim] sample:		560.6 time, 600.7 real, 117.1 MB
[runlim] sample:		570.6 time, 610.7 real, 117.9 MB
[runlim] sample:		580.6 time, 620.7 real, 118.7 MB
[runlim] sample:		590.6 time, 630.7 real, 119.5 MB
[runlim] sample:		600.2 time, 640.7 real, 120.2 MB
[runlim] sample:		609.9 time, 650.7 real, 121.3 MB
[runlim] sample:		619.8 time, 660.7 real, 122.0 MB
[runlim] sample:		629.5 time, 670.7 real, 122.6 MB
[runlim] sample:		639.5 time, 680.7 real, 123.3 MB
[runlim] sample:		649.3 time, 690.7 real, 124.1 MB
[runlim] sample:		659.0 time, 700.7 real, 124.6 MB
[runlim] sample:		668.6 time, 710.7 real, 125.4 MB
[runlim] sample:		678.3 time, 720.7 real, 126.2 MB
[runlim] sample:		688.3 time, 730.7 real, 126.9 MB
[runlim] sample:		698.3 time, 740.7 real, 127.7 MB
[runlim] sample:		708.3 time, 750.7 real, 128.5 MB
[runlim] sample:		718.3 time, 760.7 real, 129.3 MB
[runlim] sample:		728.2 time, 770.7 real, 147.3 MB
[runlim] sample:		738.2 time, 780.7 real, 147.6 MB
[runlim] sample:		748.2 time, 790.7 real, 147.6 MB
[runlim] sample:		757.7 time, 800.7 real, 147.9 MB
[runlim] sample:		767.4 time, 810.7 real, 147.9 MB
[runlim] sample:		777.0 time, 820.7 real, 148.1 MB
[runlim] sample:		787.0 time, 830.7 real, 148.1 MB
[runlim] sample:		796.9 time, 840.7 real, 148.4 MB
[runlim] sample:		806.9 time, 850.7 real, 148.6 MB
[runlim] sample:		816.9 time, 860.7 real, 148.6 MB
[runlim] sample:		826.7 time, 870.7 real, 148.9 MB
[runlim] sample:		836.4 time, 880.7 real, 148.9 MB
[runlim] sample:		846.4 time, 890.7 real, 149.1 MB
[runlim] sample:		856.4 time, 900.7 real, 149.1 MB
[runlim] sample:		866.1 time, 910.7 real, 149.4 MB
[runlim] sample:		875.7 time, 920.7 real, 149.4 MB
[runlim] sample:		885.4 time, 930.7 real, 149.7 MB
[runlim] sample:		895.1 time, 940.7 real, 149.7 MB
[runlim] sample:		904.9 time, 950.7 real, 149.9 MB
[runlim] sample:		914.9 time, 960.7 real, 150.2 MB
[runlim] sample:		924.9 time, 970.7 real, 150.2 MB
[runlim] sample:		934.9 time, 980.7 real, 150.4 MB
[runlim] sample:		944.9 time, 990.7 real, 150.4 MB
[runlim] sample:		954.9 time, 1000.7 real, 150.7 MB
[runlim] sample:		964.9 time, 1010.7 real, 150.7 MB
[runlim] sample:		974.9 time, 1020.7 real, 150.9 MB
[runlim] sample:		984.5 time, 1030.7 real, 150.9 MB
[runlim] sample:		994.4 time, 1040.7 real, 151.2 MB
[runlim] sample:		1004.3 time, 1050.7 real, 151.2 MB
[runlim] sample:		1014.3 time, 1060.7 real, 151.5 MB
[runlim] sample:		1024.3 time, 1070.7 real, 151.5 MB
[runlim] sample:		1034.2 time, 1080.7 real, 151.7 MB
[runlim] sample:		1044.2 time, 1090.7 real, 152.0 MB
[runlim] sample:		1054.2 time, 1100.7 real, 152.5 MB
[runlim] sample:		1064.2 time, 1110.7 real, 153.5 MB
[runlim] sample:		1074.2 time, 1120.7 real, 154.0 MB
[runlim] sample:		1084.2 time, 1130.7 real, 154.6 MB
[runlim] sample:		1094.2 time, 1140.7 real, 155.1 MB
[runlim] sample:		1104.1 time, 1150.7 real, 155.6 MB
[runlim] sample:		1114.1 time, 1160.7 real, 156.1 MB
[runlim] sample:		1124.1 time, 1170.7 real, 156.6 MB
[runlim] sample:		1134.1 time, 1180.7 real, 157.1 MB
[runlim] sample:		1144.1 time, 1190.7 real, 157.9 MB
[runlim] sample:		1154.1 time, 1200.7 real, 158.2 MB
[runlim] sample:		1164.1 time, 1210.7 real, 158.7 MB
[runlim] sample:		1174.1 time, 1220.7 real, 159.5 MB
[runlim] sample:		1184.1 time, 1230.7 real, 159.7 MB
[runlim] sample:		1194.1 time, 1240.7 real, 160.2 MB
[runlim] sample:		1204.0 time, 1250.7 real, 161.0 MB
[runlim] sample:		1213.8 time, 1260.7 real, 161.3 MB
[runlim] sample:		1223.8 time, 1270.7 real, 161.8 MB
[runlim] sample:		1233.8 time, 1280.7 real, 162.3 MB
[runlim] sample:		1243.8 time, 1290.7 real, 163.1 MB
[runlim] sample:		1253.8 time, 1300.7 real, 163.6 MB
[runlim] sample:		1263.3 time, 1310.7 real, 164.1 MB
[runlim] sample:		1272.4 time, 1320.7 real, 164.4 MB
[runlim] sample:		1282.4 time, 1330.7 real, 165.1 MB
[runlim] sample:		1292.3 time, 1340.7 real, 165.6 MB
[runlim] sample:		1302.3 time, 1350.7 real, 166.2 MB
[runlim] sample:		1311.5 time, 1360.7 real, 166.7 MB
[runlim] sample:		1320.5 time, 1370.7 real, 166.9 MB
[runlim] sample:		1329.5 time, 1380.7 real, 167.4 MB
[runlim] sample:		1338.5 time, 1390.7 real, 168.0 MB
[runlim] sample:		1348.1 time, 1400.7 real, 168.5 MB
[runlim] sample:		1357.9 time, 1410.7 real, 168.7 MB
[runlim] sample:		1367.9 time, 1420.7 real, 169.2 MB
[runlim] sample:		1377.9 time, 1430.7 real, 170.8 MB
[runlim] sample:		1387.9 time, 1440.7 real, 171.1 MB
[runlim] sample:		1397.9 time, 1450.7 real, 171.3 MB
[runlim] sample:		1407.9 time, 1460.7 real, 171.6 MB
[runlim] sample:		1417.9 time, 1470.7 real, 172.3 MB
[runlim] sample:		1427.5 time, 1480.7 real, 172.6 MB
[runlim] sample:		1437.0 time, 1490.7 real, 173.1 MB
[runlim] sample:		1446.4 time, 1500.7 real, 173.6 MB
[runlim] sample:		1455.7 time, 1510.7 real, 174.1 MB
[runlim] sample:		1465.1 time, 1520.7 real, 174.4 MB
[runlim] sample:		1474.0 time, 1530.7 real, 174.7 MB
[runlim] sample:		1483.0 time, 1540.7 real, 175.2 MB
[runlim] sample:		1492.0 time, 1550.7 real, 175.7 MB
[runlim] sample:		1501.0 time, 1560.7 real, 176.2 MB
[runlim] sample:		1510.5 time, 1570.7 real, 176.5 MB
[runlim] sample:		1520.2 time, 1580.7 real, 177.0 MB
[runlim] sample:		1529.8 time, 1590.7 real, 177.2 MB
[runlim] sample:		1539.0 time, 1600.7 real, 178.0 MB
[runlim] sample:		1548.0 time, 1610.7 real, 178.3 MB
[runlim] sample:		1557.0 time, 1620.7 real, 178.8 MB
[runlim] sample:		1566.2 time, 1630.7 real, 179.3 MB
[runlim] sample:		1575.5 time, 1640.7 real, 179.6 MB
[runlim] sample:		1585.2 time, 1650.7 real, 180.1 MB
[runlim] sample:		1594.8 time, 1660.7 real, 180.6 MB
[runlim] sample:		1604.4 time, 1670.7 real, 181.1 MB
[runlim] sample:		1613.4 time, 1680.7 real, 181.4 MB
[runlim] sample:		1622.4 time, 1690.7 real, 181.6 MB
[runlim] sample:		1631.4 time, 1700.7 real, 182.1 MB
[runlim] sample:		1640.9 time, 1710.7 real, 182.9 MB
[runlim] sample:		1650.9 time, 1720.7 real, 183.2 MB
[runlim] sample:		1660.9 time, 1730.7 real, 183.7 MB
[runlim] sample:		1670.9 time, 1740.7 real, 184.2 MB
[runlim] sample:		1680.9 time, 1750.7 real, 184.5 MB
[runlim] sample:		1690.1 time, 1760.7 real, 185.0 MB
[runlim] sample:		1699.1 time, 1770.7 real, 185.5 MB
[runlim] sample:		1708.1 time, 1780.7 real, 185.7 MB
[runlim] sample:		1717.1 time, 1790.7 real, 186.0 MB
[runlim] sample:		1726.1 time, 1800.7 real, 186.5 MB
[runlim] sample:		1735.8 time, 1810.7 real, 187.0 MB
[runlim] sample:		1744.8 time, 1820.7 real, 187.3 MB
[runlim] sample:		1754.7 time, 1830.7 real, 187.8 MB
[runlim] sample:		1764.7 time, 1840.7 real, 188.6 MB
[runlim] sample:		1774.7 time, 1850.7 real, 189.1 MB
[runlim] sample:		1784.7 time, 1860.7 real, 189.6 MB
[runlim] sample:		1794.7 time, 1870.7 real, 189.9 MB
[runlim] sample:		1804.7 time, 1880.7 real, 190.4 MB
[runlim] sample:		1814.7 time, 1890.7 real, 190.9 MB
[runlim] sample:		1824.7 time, 1900.7 real, 191.2 MB
[runlim] sample:		1834.7 time, 1910.7 real, 191.7 MB
[runlim] sample:		1844.7 time, 1920.7 real, 191.9 MB
[runlim] sample:		1854.7 time, 1930.7 real, 192.4 MB
[runlim] sample:		1864.3 time, 1940.7 real, 194.3 MB
[runlim] sample:		1873.3 time, 1950.7 real, 194.5 MB
[runlim] sample:		1883.2 time, 1960.7 real, 194.8 MB
[runlim] sample:		1893.2 time, 1970.7 real, 195.3 MB
[runlim] sample:		1902.3 time, 1980.7 real, 195.5 MB
[runlim] sample:		1912.0 time, 1990.7 real, 196.1 MB
[runlim] sample:		1922.0 time, 2000.7 real, 196.6 MB
[runlim] sample:		1931.0 time, 2010.7 real, 196.8 MB
[runlim] sample:		1940.7 time, 2020.7 real, 197.3 MB
[runlim] sample:		1950.6 time, 2030.7 real, 197.9 MB
[runlim] sample:		1960.3 time, 2040.7 real, 198.1 MB
[runlim] sample:		1970.3 time, 2050.7 real, 198.6 MB
[runlim] sample:		1980.3 time, 2060.7 real, 199.2 MB
[runlim] sample:		1990.3 time, 2070.7 real, 199.7 MB
[runlim] sample:		2000.3 time, 2080.7 real, 200.7 MB
[runlim] sample:		2010.3 time, 2090.7 real, 201.0 MB
[runlim] sample:		2020.3 time, 2100.7 real, 201.2 MB
[runlim] sample:		2030.2 time, 2110.7 real, 201.7 MB
[runlim] sample:		2039.2 time, 2120.7 real, 202.0 MB
[runlim] sample:		2049.1 time, 2130.7 real, 245.6 MB
[runlim] sample:		2059.0 time, 2140.7 real, 245.6 MB
[runlim] sample:		2069.0 time, 2150.7 real, 245.8 MB
[runlim] sample:		2079.0 time, 2160.7 real, 245.8 MB
[runlim] sample:		2089.0 time, 2170.7 real, 246.1 MB
[runlim] sample:		2098.2 time, 2180.7 real, 246.1 MB
[runlim] sample:		2107.2 time, 2190.7 real, 246.1 MB
[runlim] sample:		2116.1 time, 2200.7 real, 246.4 MB
[runlim] sample:		2125.1 time, 2210.7 real, 246.4 MB
[runlim] sample:		2134.1 time, 2220.7 real, 246.4 MB
[runlim] sample:		2143.8 time, 2230.7 real, 246.6 MB
[runlim] sample:		2153.8 time, 2240.7 real, 246.6 MB
[runlim] sample:		2163.5 time, 2250.7 real, 246.6 MB
[runlim] sample:		2173.1 time, 2260.7 real, 246.9 MB
[runlim] sample:		2183.1 time, 2270.7 real, 246.9 MB
[runlim] sample:		2193.1 time, 2280.7 real, 246.9 MB
[runlim] sample:		2203.1 time, 2290.7 real, 247.1 MB
[runlim] sample:		2213.1 time, 2300.7 real, 247.1 MB
[runlim] sample:		2223.1 time, 2310.7 real, 247.1 MB
[runlim] sample:		2233.1 time, 2320.7 real, 247.4 MB
[runlim] sample:		2243.1 time, 2330.7 real, 247.4 MB
[runlim] sample:		2253.1 time, 2340.7 real, 247.4 MB
[runlim] sample:		2263.1 time, 2350.7 real, 247.6 MB
[runlim] sample:		2273.1 time, 2360.7 real, 247.6 MB
[runlim] sample:		2283.1 time, 2370.7 real, 247.9 MB
[runlim] sample:		2293.1 time, 2380.7 real, 247.9 MB
[runlim] sample:		2303.1 time, 2390.7 real, 247.9 MB
[runlim] sample:		2313.1 time, 2400.7 real, 247.9 MB
[runlim] sample:		2323.1 time, 2410.7 real, 248.2 MB
[runlim] sample:		2333.1 time, 2420.7 real, 248.2 MB
[runlim] sample:		2343.1 time, 2430.7 real, 248.4 MB
[runlim] sample:		2353.1 time, 2440.7 real, 248.4 MB
[runlim] sample:		2363.1 time, 2450.7 real, 248.4 MB
[runlim] sample:		2373.1 time, 2460.7 real, 248.7 MB
[runlim] sample:		2383.1 time, 2470.7 real, 248.7 MB
[runlim] sample:		2393.1 time, 2480.7 real, 248.7 MB
[runlim] sample:		2403.1 time, 2490.7 real, 248.9 MB
[runlim] sample:		2413.1 time, 2500.7 real, 248.9 MB
[runlim] sample:		2423.1 time, 2510.7 real, 249.2 MB
[runlim] sample:		2433.1 time, 2520.7 real, 249.2 MB
[runlim] sample:		2443.1 time, 2530.7 real, 249.2 MB
[runlim] sample:		2453.1 time, 2540.7 real, 249.4 MB
[runlim] sample:		2463.1 time, 2550.7 real, 249.4 MB
[runlim] sample:		2473.1 time, 2560.7 real, 249.4 MB
[runlim] sample:		2483.1 time, 2570.7 real, 249.7 MB
[runlim] sample:		2493.1 time, 2580.7 real, 250.0 MB
[runlim] sample:		2503.1 time, 2590.7 real, 250.0 MB
[runlim] sample:		2513.1 time, 2600.7 real, 250.2 MB
[runlim] sample:		2523.1 time, 2610.7 real, 250.5 MB
[runlim] sample:		2533.1 time, 2620.7 real, 250.5 MB
[runlim] sample:		2543.1 time, 2630.7 real, 250.7 MB
[runlim] sample:		2553.1 time, 2640.7 real, 250.7 MB
[runlim] sample:		2563.1 time, 2650.7 real, 251.0 MB
[runlim] sample:		2573.1 time, 2660.7 real, 251.2 MB
[runlim] sample:		2583.1 time, 2670.7 real, 251.2 MB
[runlim] sample:		2593.1 time, 2680.7 real, 251.5 MB
[runlim] sample:		2603.1 time, 2690.7 real, 251.5 MB
[runlim] sample:		2613.1 time, 2700.7 real, 251.8 MB
[runlim] sample:		2623.1 time, 2710.7 real, 252.0 MB
[runlim] sample:		2633.1 time, 2720.7 real, 252.0 MB
[runlim] sample:		2643.1 time, 2730.7 real, 252.3 MB
[runlim] sample:		2653.1 time, 2740.7 real, 252.5 MB
[runlim] sample:		2663.1 time, 2750.7 real, 252.5 MB
[runlim] sample:		2673.1 time, 2760.7 real, 252.8 MB
[runlim] sample:		2683.1 time, 2770.7 real, 252.8 MB
[runlim] sample:		2692.8 time, 2780.7 real, 253.1 MB
[runlim] sample:		2702.6 time, 2790.7 real, 253.1 MB
[runlim] sample:		2712.2 time, 2800.7 real, 253.1 MB
[runlim] sample:		2721.9 time, 2810.7 real, 253.3 MB
[runlim] sample:		2731.6 time, 2820.7 real, 253.3 MB
[runlim] sample:		2741.3 time, 2830.7 real, 253.3 MB
[runlim] sample:		2750.8 time, 2840.7 real, 253.6 MB
[runlim] sample:		2760.2 time, 2850.7 real, 253.6 MB
[runlim] sample:		2769.6 time, 2860.7 real, 253.6 MB
[runlim] sample:		2779.0 time, 2870.7 real, 253.8 MB
[runlim] sample:		2788.4 time, 2880.7 real, 253.8 MB
[runlim] sample:		2797.9 time, 2890.7 real, 253.8 MB
[runlim] sample:		2807.6 time, 2900.7 real, 253.8 MB
[runlim] sample:		2817.3 time, 2910.7 real, 254.1 MB
[runlim] sample:		2826.8 time, 2920.7 real, 254.1 MB
[runlim] sample:		2836.5 time, 2930.7 real, 254.1 MB
[runlim] sample:		2846.1 time, 2940.7 real, 254.3 MB
[runlim] sample:		2855.8 time, 2950.7 real, 254.3 MB
[runlim] sample:		2865.5 time, 2960.7 real, 254.3 MB
[runlim] sample:		2875.1 time, 2970.7 real, 254.6 MB
[runlim] sample:		2884.8 time, 2980.7 real, 254.6 MB
[runlim] sample:		2894.4 time, 2990.7 real, 254.6 MB
[runlim] sample:		2903.9 time, 3000.7 real, 254.6 MB
[runlim] sample:		2913.6 time, 3010.7 real, 254.9 MB
[runlim] sample:		2923.2 time, 3020.7 real, 254.9 MB
[runlim] sample:		2932.4 time, 3030.7 real, 254.9 MB
[runlim] sample:		2941.4 time, 3040.7 real, 254.9 MB
[runlim] sample:		2951.1 time, 3050.7 real, 255.1 MB
[runlim] sample:		2960.8 time, 3060.7 real, 255.1 MB
[runlim] sample:		2970.5 time, 3070.7 real, 255.1 MB
[runlim] sample:		2980.2 time, 3080.7 real, 255.4 MB
[runlim] sample:		2989.9 time, 3090.7 real, 255.4 MB
[runlim] sample:		2999.6 time, 3100.7 real, 255.4 MB
[runlim] sample:		3009.3 time, 3110.7 real, 255.6 MB
[runlim] sample:		3019.0 time, 3120.7 real, 255.6 MB
[runlim] sample:		3028.7 time, 3130.7 real, 255.6 MB
[runlim] sample:		3038.4 time, 3140.7 real, 255.9 MB
[runlim] sample:		3048.1 time, 3150.7 real, 255.9 MB
[runlim] sample:		3057.8 time, 3160.7 real, 256.1 MB
[runlim] sample:		3067.5 time, 3170.7 real, 256.1 MB
[runlim] sample:		3077.2 time, 3180.7 real, 256.4 MB
[runlim] sample:		3086.9 time, 3190.7 real, 256.4 MB
[runlim] sample:		3096.6 time, 3200.7 real, 256.4 MB
[runlim] sample:		3106.3 time, 3210.7 real, 256.7 MB
[runlim] sample:		3116.1 time, 3220.7 real, 256.7 MB
[runlim] sample:		3125.8 time, 3230.7 real, 256.9 MB
[runlim] sample:		3135.5 time, 3240.7 real, 256.9 MB
[runlim] sample:		3145.2 time, 3250.7 real, 256.9 MB
[runlim] sample:		3154.9 time, 3260.7 real, 257.2 MB
[runlim] sample:		3164.6 time, 3270.7 real, 257.4 MB
[runlim] sample:		3174.3 time, 3280.7 real, 257.9 MB
[runlim] sample:		3184.0 time, 3290.7 real, 257.9 MB
[runlim] sample:		3193.7 time, 3300.7 real, 258.7 MB
[runlim] sample:		3203.6 time, 3310.7 real, 259.0 MB
[runlim] sample:		3213.6 time, 3320.7 real, 259.2 MB
[runlim] sample:		3223.6 time, 3330.7 real, 259.8 MB
[runlim] sample:		3233.6 time, 3340.7 real, 260.0 MB
[runlim] sample:		3243.6 time, 3350.7 real, 260.3 MB
[runlim] sample:		3253.6 time, 3360.7 real, 260.8 MB
[runlim] sample:		3263.6 time, 3370.7 real, 261.3 MB
[runlim] sample:		3273.6 time, 3380.7 real, 261.6 MB
[runlim] sample:		3283.6 time, 3390.7 real, 262.3 MB
[runlim] sample:		3293.5 time, 3400.7 real, 262.6 MB
[runlim] sample:		3303.5 time, 3410.7 real, 263.1 MB
[runlim] sample:		3313.5 time, 3420.7 real, 263.4 MB
[runlim] sample:		3323.5 time, 3430.7 real, 263.9 MB
[runlim] sample:		3333.5 time, 3440.7 real, 264.1 MB
[runlim] sample:		3343.5 time, 3450.7 real, 264.6 MB
[runlim] sample:		3353.5 time, 3460.7 real, 264.9 MB
[runlim] sample:		3363.5 time, 3470.7 real, 265.2 MB
[runlim] sample:		3373.5 time, 3480.7 real, 265.7 MB
[runlim] sample:		3383.5 time, 3490.7 real, 266.2 MB
[runlim] sample:		3393.5 time, 3500.7 real, 266.5 MB
[runlim] sample:		3403.5 time, 3510.7 real, 267.0 MB
[runlim] sample:		3413.5 time, 3520.7 real, 267.2 MB
[runlim] sample:		3423.5 time, 3530.7 real, 268.0 MB
[runlim] sample:		3433.5 time, 3540.7 real, 268.3 MB
[runlim] sample:		3443.5 time, 3550.7 real, 268.5 MB
[runlim] sample:		3453.5 time, 3560.7 real, 268.8 MB
[runlim] sample:		3463.5 time, 3570.7 real, 269.0 MB
[runlim] sample:		3473.5 time, 3580.7 real, 269.8 MB
[runlim] sample:		3483.5 time, 3590.7 real, 270.1 MB
[runlim] sample:		3493.5 time, 3600.7 real, 270.3 MB
[runlim] sample:		3503.5 time, 3610.7 real, 270.8 MB
[runlim] sample:		3513.5 time, 3620.7 real, 271.1 MB
[runlim] sample:		3523.5 time, 3630.7 real, 271.6 MB
[runlim] sample:		3533.5 time, 3640.7 real, 272.1 MB
[runlim] sample:		3543.5 time, 3650.7 real, 272.4 MB
[runlim] sample:		3553.5 time, 3660.7 real, 272.6 MB
[runlim] sample:		3563.4 time, 3670.7 real, 273.2 MB
[runlim] sample:		3573.4 time, 3680.7 real, 273.4 MB
[runlim] sample:		3583.4 time, 3690.7 real, 273.9 MB
[runlim] sample:		3593.4 time, 3700.7 real, 274.2 MB
CVC4 interrupted by SIGTERM.
[runlim] end:			Thu Feb 14 03:18:37 2019
[runlim] status:		out of time
[runlim] result:		2
[runlim] children:		0
[runlim] real:			3707.37 seconds
[runlim] time:			3600.04 seconds
[runlim] space:			274.7 MB
[runlim] samples:		37066
