[runlim] version:		1.10fixed
[runlim] time limit:		300 seconds
[runlim] real time limit:	311040000 seconds
[runlim] space limit:		4000 MB
[runlim] argv[0]:		./z3
[runlim] argv[1]:		/tmp/ZEkhk3c2.smt2
[runlim] start:			Thu Feb 14 00:28:53 2019
[runlim] main pid:		11390
[runlim] sample:		8.6 time, 10.2 real, 24.2 MB
[runlim] sample:		17.3 time, 20.2 real, 39.1 MB
[runlim] sample:		26.2 time, 30.2 real, 45.3 MB
[runlim] sample:		35.2 time, 40.2 real, 57.7 MB
[runlim] sample:		44.2 time, 50.2 real, 58.3 MB
[runlim] sample:		53.2 time, 60.2 real, 59.7 MB
[runlim] sample:		62.3 time, 70.2 real, 61.5 MB
[runlim] sample:		71.5 time, 80.2 real, 62.5 MB
[runlim] sample:		79.6 time, 90.2 real, 64.7 MB
[runlim] sample:		88.9 time, 100.2 real, 65.6 MB
[runlim] sample:		98.7 time, 110.2 real, 67.3 MB
[runlim] sample:		108.3 time, 120.2 real, 66.5 MB
[runlim] sample:		118.1 time, 130.2 real, 66.9 MB
[runlim] sample:		128.1 time, 140.2 real, 66.9 MB
[runlim] sample:		137.9 time, 150.2 real, 67.2 MB
[runlim] sample:		147.9 time, 160.2 real, 69.1 MB
[runlim] sample:		157.9 time, 170.2 real, 69.1 MB
[runlim] sample:		167.4 time, 180.2 real, 74.4 MB
[runlim] sample:		177.4 time, 190.2 real, 100.5 MB
[runlim] sample:		187.4 time, 200.2 real, 111.4 MB
[runlim] sample:		197.4 time, 210.2 real, 111.4 MB
[runlim] sample:		207.4 time, 220.2 real, 111.4 MB
[runlim] sample:		217.4 time, 230.2 real, 111.4 MB
[runlim] sample:		227.4 time, 240.2 real, 111.9 MB
[runlim] sample:		237.3 time, 250.2 real, 111.9 MB
[runlim] sample:		247.3 time, 260.2 real, 111.9 MB
[runlim] sample:		257.2 time, 270.2 real, 111.9 MB
[runlim] sample:		267.2 time, 280.2 real, 111.9 MB
[runlim] sample:		277.1 time, 290.2 real, 111.9 MB
[runlim] sample:		287.1 time, 300.2 real, 111.5 MB
[runlim] sample:		296.9 time, 310.2 real, 111.8 MB
[runlim] end:			Thu Feb 14 00:34:04 2019
[runlim] status:		signal(9)
[runlim] result:		11
[runlim] children:		0
[runlim] real:			311.79 seconds
[runlim] time:			298.24 seconds
[runlim] space:			116.9 MB
[runlim] samples:		3116
