[runlim] version:		1.10fixed
[runlim] time limit:		1800 seconds
[runlim] real time limit:	311040000 seconds
[runlim] space limit:		4000 MB
[runlim] argv[0]:		./z3
[runlim] argv[1]:		/tmp/Zk3Glj7p.smt2
[runlim] start:			Tue Feb 19 06:22:58 2019
[runlim] main pid:		312
[runlim] sample:		9.0 time, 10.3 real, 18.7 MB
[runlim] sample:		18.0 time, 20.3 real, 23.9 MB
[runlim] sample:		27.1 time, 30.3 real, 23.9 MB
[runlim] sample:		36.8 time, 40.3 real, 23.9 MB
[runlim] sample:		46.5 time, 50.3 real, 23.9 MB
[runlim] sample:		56.2 time, 60.3 real, 23.9 MB
[runlim] sample:		65.9 time, 70.3 real, 23.9 MB
[runlim] end:			Tue Feb 19 06:24:16 2019
[runlim] status:		ok
[runlim] result:		0
[runlim] children:		0
[runlim] real:			78.83 seconds
[runlim] time:			73.86 seconds
[runlim] space:			25.1 MB
[runlim] samples:		785
