[runlim] version:		1.10fixed
[runlim] time limit:		1800 seconds
[runlim] real time limit:	311040000 seconds
[runlim] space limit:		4000 MB
[runlim] argv[0]:		./z3
[runlim] argv[1]:		/tmp/ElLVIJJg.smt2
[runlim] start:			Fri Feb 15 06:05:53 2019
[runlim] main pid:		13042
[runlim] sample:		9.1 time, 11.0 real, 52.7 MB
[runlim] sample:		18.7 time, 21.0 real, 65.3 MB
[runlim] sample:		28.4 time, 31.0 real, 67.7 MB
[runlim] sample:		38.0 time, 41.0 real, 69.3 MB
[runlim] sample:		47.6 time, 51.0 real, 70.5 MB
[runlim] sample:		57.3 time, 61.0 real, 70.5 MB
[runlim] sample:		67.0 time, 71.0 real, 70.5 MB
[runlim] sample:		76.6 time, 81.0 real, 70.7 MB
[runlim] sample:		86.2 time, 91.0 real, 71.0 MB
[runlim] sample:		94.2 time, 101.0 real, 71.1 MB
[runlim] sample:		103.8 time, 111.0 real, 72.2 MB
[runlim] sample:		113.8 time, 121.0 real, 72.2 MB
[runlim] sample:		123.8 time, 131.0 real, 72.2 MB
[runlim] sample:		133.8 time, 141.0 real, 72.2 MB
[runlim] sample:		143.8 time, 151.0 real, 72.7 MB
[runlim] sample:		153.8 time, 161.0 real, 73.7 MB
[runlim] sample:		162.7 time, 171.0 real, 73.5 MB
[runlim] sample:		172.3 time, 181.0 real, 76.1 MB
[runlim] sample:		181.9 time, 191.0 real, 75.8 MB
[runlim] sample:		191.6 time, 201.0 real, 75.8 MB
[runlim] sample:		201.2 time, 211.0 real, 75.8 MB
[runlim] sample:		210.9 time, 221.0 real, 75.8 MB
[runlim] sample:		220.8 time, 231.0 real, 75.8 MB
[runlim] sample:		229.7 time, 241.0 real, 76.2 MB
[runlim] sample:		238.7 time, 251.0 real, 75.9 MB
[runlim] sample:		248.7 time, 261.0 real, 75.9 MB
[runlim] sample:		258.7 time, 271.0 real, 76.4 MB
[runlim] sample:		268.7 time, 281.0 real, 76.4 MB
[runlim] sample:		278.7 time, 291.0 real, 76.4 MB
[runlim] sample:		288.7 time, 301.0 real, 76.7 MB
[runlim] sample:		298.7 time, 311.0 real, 77.0 MB
[runlim] sample:		308.7 time, 321.0 real, 77.0 MB
[runlim] sample:		318.7 time, 331.0 real, 77.0 MB
[runlim] sample:		328.7 time, 341.0 real, 77.0 MB
[runlim] sample:		338.7 time, 351.0 real, 77.0 MB
[runlim] sample:		348.7 time, 361.0 real, 77.2 MB
[runlim] sample:		358.7 time, 371.0 real, 78.3 MB
[runlim] sample:		368.7 time, 381.0 real, 79.3 MB
[runlim] sample:		378.7 time, 391.0 real, 79.1 MB
[runlim] sample:		388.6 time, 401.0 real, 79.3 MB
[runlim] sample:		398.6 time, 411.0 real, 79.7 MB
[runlim] sample:		408.6 time, 421.0 real, 81.8 MB
[runlim] sample:		418.6 time, 431.0 real, 82.2 MB
[runlim] sample:		427.5 time, 441.0 real, 82.3 MB
[runlim] sample:		437.5 time, 451.0 real, 82.4 MB
[runlim] sample:		447.5 time, 461.0 real, 82.4 MB
[runlim] sample:		457.5 time, 471.0 real, 82.4 MB
[runlim] sample:		465.2 time, 481.0 real, 82.7 MB
[runlim] sample:		473.6 time, 491.0 real, 82.7 MB
[runlim] sample:		483.6 time, 501.0 real, 83.1 MB
[runlim] sample:		493.6 time, 511.0 real, 83.1 MB
[runlim] sample:		502.3 time, 521.0 real, 83.2 MB
[runlim] sample:		512.3 time, 531.0 real, 83.2 MB
[runlim] sample:		520.4 time, 541.0 real, 83.2 MB
[runlim] sample:		530.1 time, 551.0 real, 83.3 MB
[runlim] sample:		539.0 time, 561.0 real, 83.4 MB
[runlim] sample:		549.0 time, 571.0 real, 83.9 MB
[runlim] sample:		558.5 time, 581.0 real, 83.6 MB
[runlim] sample:		567.8 time, 591.0 real, 83.7 MB
[runlim] sample:		577.8 time, 601.0 real, 83.7 MB
[runlim] sample:		587.3 time, 611.0 real, 84.1 MB
[runlim] sample:		595.9 time, 621.0 real, 83.8 MB
[runlim] sample:		605.9 time, 631.0 real, 83.9 MB
[runlim] sample:		615.8 time, 641.0 real, 83.9 MB
[runlim] sample:		625.8 time, 651.0 real, 84.0 MB
[runlim] sample:		635.8 time, 661.0 real, 84.0 MB
[runlim] sample:		644.8 time, 671.0 real, 84.0 MB
[runlim] sample:		654.8 time, 681.0 real, 84.1 MB
[runlim] sample:		664.7 time, 691.0 real, 84.4 MB
[runlim] sample:		673.9 time, 701.0 real, 84.2 MB
[runlim] sample:		683.5 time, 711.0 real, 84.2 MB
[runlim] sample:		692.5 time, 721.0 real, 84.2 MB
[runlim] sample:		701.4 time, 731.0 real, 84.2 MB
[runlim] sample:		711.4 time, 741.0 real, 84.4 MB
[runlim] sample:		720.7 time, 751.0 real, 84.7 MB
[runlim] sample:		730.6 time, 761.0 real, 84.7 MB
[runlim] sample:		740.5 time, 771.0 real, 84.5 MB
[runlim] sample:		749.0 time, 781.0 real, 84.5 MB
[runlim] sample:		757.8 time, 791.0 real, 84.7 MB
[runlim] sample:		766.8 time, 801.0 real, 84.7 MB
[runlim] sample:		774.4 time, 811.0 real, 84.7 MB
[runlim] sample:		783.2 time, 821.0 real, 84.7 MB
[runlim] sample:		791.4 time, 831.0 real, 84.8 MB
[runlim] sample:		799.8 time, 841.0 real, 84.8 MB
[runlim] sample:		807.3 time, 851.0 real, 84.9 MB
[runlim] sample:		815.4 time, 861.0 real, 85.2 MB
[runlim] sample:		823.2 time, 871.0 real, 84.9 MB
[runlim] sample:		831.9 time, 881.0 real, 85.1 MB
[runlim] sample:		841.9 time, 891.0 real, 85.0 MB
[runlim] sample:		851.9 time, 901.0 real, 85.0 MB
[runlim] sample:		861.9 time, 911.0 real, 85.0 MB
[runlim] sample:		871.9 time, 921.0 real, 85.3 MB
[runlim] sample:		881.9 time, 931.0 real, 85.2 MB
[runlim] sample:		891.9 time, 941.0 real, 85.3 MB
[runlim] sample:		901.9 time, 951.0 real, 85.7 MB
[runlim] sample:		911.9 time, 961.0 real, 85.7 MB
[runlim] sample:		921.9 time, 971.0 real, 85.6 MB
[runlim] sample:		931.9 time, 981.0 real, 85.6 MB
[runlim] sample:		941.9 time, 991.0 real, 85.4 MB
[runlim] sample:		951.6 time, 1001.0 real, 85.8 MB
[runlim] sample:		960.7 time, 1011.0 real, 85.8 MB
[runlim] sample:		969.1 time, 1021.0 real, 85.7 MB
[runlim] sample:		977.9 time, 1031.0 real, 85.8 MB
[runlim] sample:		987.4 time, 1041.0 real, 85.9 MB
[runlim] sample:		996.1 time, 1051.0 real, 86.0 MB
[runlim] sample:		1004.4 time, 1061.0 real, 86.0 MB
[runlim] sample:		1012.7 time, 1071.0 real, 85.9 MB
[runlim] sample:		1022.3 time, 1081.0 real, 86.4 MB
[runlim] sample:		1032.3 time, 1091.0 real, 86.2 MB
[runlim] sample:		1042.0 time, 1101.0 real, 86.1 MB
[runlim] sample:		1051.6 time, 1111.0 real, 87.4 MB
[runlim] sample:		1061.3 time, 1121.0 real, 86.2 MB
[runlim] sample:		1070.9 time, 1131.0 real, 86.1 MB
[runlim] sample:		1079.3 time, 1141.0 real, 86.1 MB
[runlim] sample:		1087.6 time, 1151.0 real, 86.2 MB
[runlim] sample:		1096.3 time, 1161.0 real, 86.4 MB
[runlim] sample:		1106.0 time, 1171.0 real, 86.4 MB
[runlim] sample:		1115.7 time, 1181.0 real, 86.5 MB
[runlim] sample:		1125.6 time, 1191.0 real, 86.5 MB
[runlim] sample:		1135.6 time, 1201.0 real, 86.8 MB
[runlim] sample:		1145.6 time, 1211.0 real, 86.7 MB
[runlim] sample:		1155.5 time, 1221.0 real, 87.0 MB
[runlim] sample:		1165.1 time, 1231.0 real, 90.6 MB
[runlim] sample:		1174.5 time, 1241.0 real, 86.9 MB
[runlim] sample:		1184.0 time, 1251.0 real, 86.9 MB
[runlim] sample:		1193.4 time, 1261.0 real, 86.9 MB
[runlim] sample:		1203.0 time, 1271.0 real, 87.4 MB
[runlim] sample:		1212.7 time, 1281.0 real, 87.4 MB
[runlim] sample:		1222.2 time, 1291.0 real, 87.4 MB
[runlim] sample:		1232.0 time, 1301.0 real, 88.6 MB
[runlim] sample:		1241.8 time, 1311.0 real, 88.6 MB
[runlim] sample:		1251.8 time, 1321.0 real, 88.6 MB
[runlim] sample:		1260.7 time, 1331.0 real, 88.6 MB
[runlim] sample:		1269.0 time, 1341.0 real, 88.6 MB
[runlim] sample:		1278.0 time, 1351.0 real, 88.8 MB
[runlim] sample:		1287.5 time, 1361.0 real, 88.7 MB
[runlim] sample:		1297.5 time, 1371.0 real, 92.1 MB
[runlim] sample:		1307.5 time, 1381.0 real, 88.6 MB
[runlim] sample:		1317.5 time, 1391.0 real, 88.8 MB
[runlim] sample:		1326.8 time, 1401.0 real, 88.6 MB
[runlim] sample:		1336.5 time, 1411.0 real, 88.6 MB
[runlim] sample:		1346.4 time, 1421.0 real, 88.6 MB
[runlim] sample:		1356.1 time, 1431.0 real, 88.6 MB
[runlim] sample:		1365.7 time, 1441.0 real, 88.6 MB
[runlim] sample:		1374.8 time, 1451.0 real, 88.6 MB
[runlim] sample:		1384.5 time, 1461.0 real, 88.6 MB
[runlim] sample:		1394.5 time, 1471.0 real, 88.6 MB
[runlim] sample:		1404.4 time, 1481.0 real, 88.6 MB
[runlim] sample:		1414.1 time, 1491.0 real, 89.9 MB
[runlim] sample:		1423.7 time, 1501.0 real, 90.4 MB
[runlim] sample:		1433.2 time, 1511.0 real, 90.4 MB
[runlim] sample:		1442.7 time, 1521.0 real, 90.4 MB
[runlim] sample:		1452.7 time, 1531.0 real, 90.4 MB
[runlim] sample:		1462.6 time, 1541.0 real, 90.6 MB
[runlim] sample:		1472.6 time, 1551.0 real, 90.4 MB
[runlim] sample:		1482.6 time, 1561.0 real, 90.4 MB
[runlim] sample:		1492.6 time, 1571.0 real, 90.4 MB
[runlim] sample:		1502.4 time, 1581.0 real, 90.4 MB
[runlim] sample:		1512.1 time, 1591.0 real, 90.4 MB
[runlim] sample:		1522.0 time, 1601.0 real, 90.4 MB
[runlim] sample:		1532.0 time, 1611.0 real, 91.4 MB
[runlim] sample:		1541.7 time, 1621.0 real, 90.7 MB
[runlim] sample:		1551.7 time, 1631.0 real, 90.7 MB
[runlim] sample:		1561.4 time, 1641.0 real, 90.9 MB
[runlim] sample:		1571.0 time, 1651.0 real, 90.4 MB
[runlim] sample:		1580.7 time, 1661.0 real, 90.4 MB
[runlim] sample:		1589.9 time, 1671.0 real, 90.5 MB
[runlim] sample:		1599.1 time, 1681.0 real, 92.3 MB
[runlim] sample:		1609.1 time, 1691.0 real, 90.4 MB
[runlim] sample:		1618.6 time, 1701.0 real, 90.4 MB
[runlim] sample:		1628.6 time, 1711.0 real, 90.4 MB
[runlim] sample:		1637.7 time, 1721.0 real, 90.4 MB
[runlim] sample:		1646.5 time, 1731.0 real, 90.5 MB
[runlim] sample:		1655.7 time, 1741.0 real, 90.4 MB
[runlim] sample:		1665.7 time, 1751.0 real, 90.4 MB
[runlim] sample:		1675.7 time, 1761.0 real, 90.4 MB
[runlim] sample:		1685.4 time, 1771.0 real, 90.4 MB
[runlim] sample:		1694.4 time, 1781.0 real, 90.4 MB
[runlim] sample:		1703.6 time, 1791.0 real, 90.4 MB
[runlim] sample:		1712.7 time, 1801.0 real, 90.4 MB
[runlim] sample:		1722.6 time, 1811.0 real, 90.4 MB
[runlim] sample:		1731.4 time, 1821.0 real, 90.4 MB
[runlim] sample:		1740.5 time, 1831.0 real, 90.4 MB
[runlim] sample:		1750.4 time, 1841.0 real, 91.7 MB
[runlim] sample:		1759.5 time, 1851.0 real, 90.4 MB
[runlim] sample:		1768.4 time, 1861.0 real, 90.4 MB
[runlim] sample:		1777.8 time, 1871.0 real, 90.4 MB
[runlim] sample:		1787.8 time, 1881.0 real, 90.4 MB
[runlim] sample:		1797.8 time, 1891.0 real, 90.9 MB
[runlim] end:			Fri Feb 15 06:37:26 2019
[runlim] status:		out of time
[runlim] result:		2
[runlim] children:		0
[runlim] real:			1893.32 seconds
[runlim] time:			1800.09 seconds
[runlim] space:			98.6 MB
[runlim] samples:		18923
