[runlim] version:		1.10fixed
[runlim] time limit:		1800 seconds
[runlim] real time limit:	311040000 seconds
[runlim] space limit:		4000 MB
[runlim] argv[0]:		./z3
[runlim] argv[1]:		/tmp/UlW8l2TT.smt2
[runlim] start:			Fri Feb 15 06:25:44 2019
[runlim] main pid:		5731
[runlim] sample:		7.9 time, 10.8 real, 26.1 MB
[runlim] sample:		17.9 time, 20.8 real, 47.3 MB
[runlim] sample:		27.4 time, 30.8 real, 51.8 MB
[runlim] sample:		37.4 time, 40.8 real, 57.7 MB
[runlim] sample:		45.6 time, 50.8 real, 64.7 MB
[runlim] sample:		54.8 time, 60.8 real, 67.5 MB
[runlim] sample:		63.8 time, 70.8 real, 71.9 MB
[runlim] sample:		73.8 time, 80.8 real, 76.1 MB
[runlim] sample:		83.3 time, 90.8 real, 78.6 MB
[runlim] sample:		92.0 time, 100.8 real, 80.2 MB
[runlim] sample:		101.5 time, 110.8 real, 80.4 MB
[runlim] sample:		111.0 time, 120.8 real, 81.2 MB
[runlim] sample:		120.2 time, 130.8 real, 81.9 MB
[runlim] sample:		129.8 time, 140.8 real, 107.9 MB
[runlim] sample:		138.8 time, 150.8 real, 111.5 MB
[runlim] sample:		148.4 time, 160.8 real, 120.5 MB
[runlim] sample:		158.2 time, 170.8 real, 131.6 MB
[runlim] sample:		166.5 time, 180.8 real, 138.5 MB
[runlim] sample:		174.9 time, 190.8 real, 141.1 MB
[runlim] sample:		183.4 time, 200.8 real, 146.3 MB
[runlim] sample:		191.9 time, 210.8 real, 149.1 MB
[runlim] sample:		200.5 time, 220.8 real, 158.7 MB
[runlim] sample:		209.4 time, 230.8 real, 165.9 MB
[runlim] sample:		218.2 time, 240.8 real, 170.5 MB
[runlim] sample:		226.7 time, 250.8 real, 176.7 MB
[runlim] sample:		235.9 time, 260.8 real, 182.6 MB
[runlim] sample:		245.9 time, 270.8 real, 188.3 MB
[runlim] sample:		255.5 time, 280.8 real, 193.7 MB
[runlim] sample:		264.2 time, 290.8 real, 195.3 MB
[runlim] sample:		274.2 time, 300.8 real, 196.5 MB
[runlim] sample:		284.0 time, 310.8 real, 198.9 MB
[runlim] sample:		293.1 time, 320.8 real, 199.1 MB
[runlim] sample:		302.0 time, 330.8 real, 200.7 MB
[runlim] sample:		311.1 time, 340.8 real, 209.3 MB
[runlim] sample:		320.9 time, 350.8 real, 215.8 MB
[runlim] sample:		330.0 time, 360.8 real, 219.9 MB
[runlim] sample:		339.3 time, 370.8 real, 225.8 MB
[runlim] sample:		347.9 time, 380.8 real, 240.8 MB
[runlim] sample:		357.7 time, 390.8 real, 240.8 MB
[runlim] sample:		366.9 time, 400.8 real, 245.4 MB
[runlim] sample:		376.6 time, 410.8 real, 251.1 MB
[runlim] sample:		385.5 time, 420.8 real, 257.3 MB
[runlim] sample:		394.1 time, 430.8 real, 260.7 MB
[runlim] sample:		403.6 time, 440.8 real, 264.8 MB
[runlim] sample:		413.6 time, 450.8 real, 269.2 MB
[runlim] sample:		423.6 time, 460.8 real, 271.8 MB
[runlim] sample:		433.6 time, 470.8 real, 276.2 MB
[runlim] sample:		443.6 time, 480.8 real, 278.0 MB
[runlim] sample:		453.6 time, 490.8 real, 280.1 MB
[runlim] sample:		463.5 time, 500.8 real, 280.6 MB
[runlim] sample:		473.5 time, 510.8 real, 281.9 MB
[runlim] sample:		483.5 time, 520.8 real, 282.4 MB
[runlim] sample:		493.5 time, 530.8 real, 282.6 MB
[runlim] sample:		502.4 time, 540.8 real, 282.9 MB
[runlim] sample:		512.0 time, 550.8 real, 283.1 MB
[runlim] sample:		520.9 time, 560.8 real, 283.9 MB
[runlim] sample:		528.8 time, 570.8 real, 284.4 MB
[runlim] sample:		538.8 time, 580.8 real, 285.2 MB
[runlim] sample:		548.8 time, 590.8 real, 286.8 MB
[runlim] sample:		558.8 time, 600.8 real, 288.9 MB
[runlim] sample:		568.8 time, 610.8 real, 288.9 MB
[runlim] sample:		577.7 time, 620.8 real, 289.1 MB
[runlim] sample:		587.0 time, 630.8 real, 289.1 MB
[runlim] sample:		597.0 time, 640.8 real, 289.7 MB
[runlim] sample:		607.0 time, 650.8 real, 290.9 MB
[runlim] sample:		616.4 time, 660.8 real, 299.8 MB
[runlim] sample:		624.6 time, 670.8 real, 309.4 MB
[runlim] sample:		632.5 time, 680.8 real, 316.3 MB
[runlim] sample:		642.0 time, 690.8 real, 319.9 MB
[runlim] sample:		652.0 time, 700.8 real, 322.0 MB
[runlim] sample:		662.0 time, 710.8 real, 322.5 MB
[runlim] sample:		672.0 time, 720.8 real, 324.6 MB
[runlim] sample:		682.0 time, 730.8 real, 325.6 MB
[runlim] sample:		692.0 time, 740.8 real, 327.7 MB
[runlim] sample:		702.0 time, 750.8 real, 328.7 MB
[runlim] sample:		712.0 time, 760.8 real, 328.9 MB
[runlim] sample:		722.0 time, 770.8 real, 330.5 MB
[runlim] sample:		732.0 time, 780.8 real, 331.3 MB
[runlim] sample:		742.0 time, 790.8 real, 332.0 MB
[runlim] sample:		752.0 time, 800.8 real, 333.1 MB
[runlim] sample:		762.0 time, 810.8 real, 333.3 MB
[runlim] sample:		772.0 time, 820.8 real, 334.1 MB
[runlim] sample:		782.0 time, 830.8 real, 334.6 MB
[runlim] sample:		792.0 time, 840.8 real, 335.6 MB
[runlim] sample:		802.0 time, 850.8 real, 336.2 MB
[runlim] sample:		812.0 time, 860.8 real, 336.7 MB
[runlim] sample:		822.0 time, 870.8 real, 336.9 MB
[runlim] sample:		832.0 time, 880.8 real, 336.9 MB
[runlim] sample:		842.0 time, 890.8 real, 337.5 MB
[runlim] sample:		851.5 time, 900.8 real, 337.7 MB
[runlim] sample:		860.3 time, 910.8 real, 337.7 MB
[runlim] sample:		870.0 time, 920.8 real, 337.7 MB
[runlim] sample:		880.0 time, 930.8 real, 338.0 MB
[runlim] sample:		890.0 time, 940.8 real, 338.2 MB
[runlim] sample:		900.0 time, 950.8 real, 338.5 MB
[runlim] sample:		910.0 time, 960.8 real, 339.8 MB
[runlim] sample:		920.0 time, 970.8 real, 339.8 MB
[runlim] sample:		930.0 time, 980.8 real, 340.3 MB
[runlim] sample:		939.0 time, 990.8 real, 340.3 MB
[runlim] sample:		947.3 time, 1000.8 real, 341.1 MB
[runlim] sample:		955.4 time, 1010.8 real, 341.8 MB
[runlim] sample:		964.2 time, 1020.8 real, 342.1 MB
[runlim] sample:		973.4 time, 1030.8 real, 342.1 MB
[runlim] sample:		982.0 time, 1040.8 real, 342.6 MB
[runlim] sample:		991.1 time, 1050.8 real, 342.9 MB
[runlim] sample:		999.1 time, 1060.8 real, 342.9 MB
[runlim] sample:		1007.5 time, 1070.8 real, 343.4 MB
[runlim] sample:		1015.4 time, 1080.8 real, 343.6 MB
[runlim] sample:		1024.3 time, 1090.8 real, 343.9 MB
[runlim] sample:		1033.9 time, 1100.8 real, 344.2 MB
[runlim] sample:		1043.6 time, 1110.8 real, 344.7 MB
[runlim] sample:		1053.3 time, 1120.8 real, 344.7 MB
[runlim] sample:		1063.3 time, 1130.8 real, 345.2 MB
[runlim] sample:		1073.3 time, 1140.8 real, 345.4 MB
[runlim] sample:		1083.3 time, 1150.8 real, 346.0 MB
[runlim] sample:		1093.3 time, 1160.8 real, 346.5 MB
[runlim] sample:		1103.3 time, 1170.8 real, 346.7 MB
[runlim] sample:		1113.3 time, 1180.8 real, 347.0 MB
[runlim] sample:		1123.3 time, 1190.8 real, 347.5 MB
[runlim] sample:		1133.1 time, 1200.8 real, 348.0 MB
[runlim] sample:		1142.8 time, 1210.8 real, 348.5 MB
[runlim] sample:		1152.4 time, 1220.8 real, 348.5 MB
[runlim] sample:		1162.1 time, 1230.8 real, 348.8 MB
[runlim] sample:		1170.2 time, 1240.8 real, 349.1 MB
[runlim] sample:		1178.4 time, 1250.8 real, 349.1 MB
[runlim] sample:		1188.1 time, 1260.8 real, 349.3 MB
[runlim] sample:		1196.4 time, 1270.8 real, 349.8 MB
[runlim] sample:		1206.0 time, 1280.8 real, 349.8 MB
[runlim] sample:		1215.7 time, 1290.8 real, 350.9 MB
[runlim] sample:		1224.7 time, 1300.8 real, 351.1 MB
[runlim] sample:		1233.7 time, 1310.8 real, 351.6 MB
[runlim] sample:		1243.7 time, 1320.8 real, 351.6 MB
[runlim] sample:		1253.7 time, 1330.8 real, 351.9 MB
[runlim] sample:		1263.7 time, 1340.8 real, 351.9 MB
[runlim] sample:		1273.7 time, 1350.8 real, 351.9 MB
[runlim] sample:		1283.7 time, 1360.8 real, 351.9 MB
[runlim] sample:		1293.2 time, 1370.8 real, 351.9 MB
[runlim] sample:		1302.8 time, 1380.8 real, 353.7 MB
[runlim] sample:		1311.9 time, 1390.8 real, 355.5 MB
[runlim] sample:		1320.2 time, 1400.8 real, 356.0 MB
[runlim] sample:		1328.5 time, 1410.8 real, 356.5 MB
[runlim] sample:		1336.7 time, 1420.8 real, 357.6 MB
[runlim] sample:		1345.4 time, 1430.8 real, 357.6 MB
[runlim] sample:		1354.7 time, 1440.8 real, 358.3 MB
[runlim] sample:		1364.3 time, 1450.8 real, 358.6 MB
[runlim] sample:		1374.3 time, 1460.8 real, 358.9 MB
[runlim] sample:		1384.3 time, 1470.8 real, 359.1 MB
[runlim] sample:		1394.3 time, 1480.8 real, 359.1 MB
[runlim] sample:		1404.3 time, 1490.8 real, 359.6 MB
[runlim] sample:		1413.3 time, 1500.8 real, 360.1 MB
[runlim] sample:		1423.3 time, 1510.8 real, 360.1 MB
[runlim] sample:		1433.2 time, 1520.8 real, 360.9 MB
[runlim] sample:		1443.2 time, 1530.8 real, 361.4 MB
[runlim] sample:		1453.2 time, 1540.8 real, 361.9 MB
[runlim] sample:		1461.9 time, 1550.8 real, 362.2 MB
[runlim] sample:		1471.9 time, 1560.8 real, 363.0 MB
[runlim] sample:		1481.9 time, 1570.8 real, 364.0 MB
[runlim] sample:		1490.8 time, 1580.8 real, 366.8 MB
[runlim] sample:		1500.7 time, 1590.8 real, 367.4 MB
[runlim] sample:		1510.3 time, 1600.8 real, 367.9 MB
[runlim] sample:		1520.3 time, 1610.8 real, 368.4 MB
[runlim] sample:		1530.2 time, 1620.8 real, 368.9 MB
[runlim] sample:		1540.2 time, 1630.8 real, 368.9 MB
[runlim] sample:		1550.2 time, 1640.8 real, 369.9 MB
[runlim] sample:		1560.2 time, 1650.8 real, 369.9 MB
[runlim] sample:		1570.2 time, 1660.8 real, 370.5 MB
[runlim] sample:		1580.2 time, 1670.8 real, 371.2 MB
[runlim] sample:		1589.9 time, 1680.8 real, 371.7 MB
[runlim] sample:		1598.4 time, 1690.8 real, 371.7 MB
[runlim] sample:		1607.4 time, 1700.8 real, 372.3 MB
[runlim] sample:		1617.4 time, 1710.8 real, 374.8 MB
[runlim] sample:		1627.4 time, 1720.8 real, 375.1 MB
[runlim] sample:		1637.4 time, 1730.8 real, 375.6 MB
[runlim] sample:		1647.4 time, 1740.8 real, 375.6 MB
[runlim] sample:		1657.4 time, 1750.8 real, 376.1 MB
[runlim] sample:		1667.4 time, 1760.8 real, 376.4 MB
[runlim] sample:		1677.4 time, 1770.8 real, 376.6 MB
[runlim] sample:		1687.1 time, 1780.8 real, 377.2 MB
[runlim] sample:		1696.8 time, 1790.8 real, 377.7 MB
[runlim] sample:		1706.5 time, 1800.8 real, 378.7 MB
[runlim] sample:		1716.5 time, 1810.8 real, 378.7 MB
[runlim] sample:		1726.5 time, 1820.8 real, 379.0 MB
[runlim] sample:		1736.5 time, 1830.8 real, 379.5 MB
[runlim] sample:		1746.1 time, 1840.8 real, 379.7 MB
[runlim] sample:		1756.0 time, 1850.8 real, 380.0 MB
[runlim] sample:		1766.0 time, 1860.8 real, 380.0 MB
[runlim] sample:		1776.0 time, 1870.8 real, 380.0 MB
[runlim] sample:		1786.0 time, 1880.8 real, 380.0 MB
[runlim] sample:		1796.0 time, 1890.8 real, 380.0 MB
[runlim] end:			Fri Feb 15 06:57:18 2019
[runlim] status:		out of time
[runlim] result:		2
[runlim] children:		0
[runlim] real:			1894.94 seconds
[runlim] time:			1800.07 seconds
[runlim] space:			380.0 MB
[runlim] samples:		18941
