[runlim] version:		1.10fixed
[runlim] time limit:		300 seconds
[runlim] real time limit:	311040000 seconds
[runlim] space limit:		4000 MB
[runlim] argv[0]:		./z3
[runlim] argv[1]:		/tmp/I9oHDvjX.smt2
[runlim] start:			Thu Feb 14 00:32:23 2019
[runlim] main pid:		17281
[runlim] sample:		10.0 time, 10.0 real, 25.3 MB
[runlim] sample:		20.0 time, 20.0 real, 26.6 MB
[runlim] sample:		30.0 time, 30.0 real, 30.4 MB
[runlim] sample:		39.9 time, 40.0 real, 30.6 MB
[runlim] sample:		49.6 time, 50.0 real, 30.6 MB
[runlim] sample:		59.1 time, 60.0 real, 30.6 MB
[runlim] sample:		68.9 time, 70.0 real, 30.6 MB
[runlim] sample:		78.9 time, 80.0 real, 30.6 MB
[runlim] sample:		88.8 time, 90.0 real, 30.6 MB
[runlim] sample:		97.3 time, 100.0 real, 30.6 MB
[runlim] sample:		106.4 time, 110.0 real, 30.6 MB
[runlim] sample:		116.4 time, 120.0 real, 32.0 MB
[runlim] sample:		125.1 time, 130.0 real, 32.0 MB
[runlim] sample:		133.7 time, 140.0 real, 33.2 MB
[runlim] sample:		143.7 time, 150.0 real, 33.2 MB
[runlim] sample:		152.3 time, 160.0 real, 33.2 MB
[runlim] sample:		161.4 time, 170.0 real, 33.2 MB
[runlim] sample:		171.0 time, 180.0 real, 33.2 MB
[runlim] sample:		180.8 time, 190.0 real, 33.2 MB
[runlim] sample:		190.8 time, 200.0 real, 33.2 MB
[runlim] sample:		200.6 time, 210.0 real, 33.2 MB
[runlim] end:			Thu Feb 14 00:35:54 2019
[runlim] status:		ok
[runlim] result:		0
[runlim] children:		0
[runlim] real:			211.67 seconds
[runlim] time:			202.15 seconds
[runlim] space:			33.2 MB
[runlim] samples:		2116
