[runlim] version:		1.10fixed
[runlim] time limit:		1800 seconds
[runlim] real time limit:	311040000 seconds
[runlim] space limit:		4000 MB
[runlim] argv[0]:		./z3
[runlim] argv[1]:		/tmp/iRb3Cl2z.smt2
[runlim] start:			Fri Feb 15 06:18:45 2019
[runlim] main pid:		27641
[runlim] sample:		8.7 time, 10.8 real, 22.8 MB
[runlim] sample:		17.9 time, 20.8 real, 22.8 MB
[runlim] sample:		27.7 time, 30.8 real, 22.9 MB
[runlim] sample:		36.9 time, 40.8 real, 23.2 MB
[runlim] sample:		45.8 time, 50.8 real, 23.3 MB
[runlim] sample:		55.6 time, 60.8 real, 23.9 MB
[runlim] sample:		65.5 time, 70.8 real, 24.2 MB
[runlim] sample:		75.2 time, 80.8 real, 24.2 MB
[runlim] sample:		85.2 time, 90.8 real, 24.6 MB
[runlim] sample:		94.9 time, 100.8 real, 24.6 MB
[runlim] sample:		104.3 time, 110.8 real, 24.6 MB
[runlim] sample:		113.2 time, 120.8 real, 25.3 MB
[runlim] sample:		122.2 time, 130.8 real, 27.1 MB
[runlim] sample:		131.6 time, 140.8 real, 27.1 MB
[runlim] sample:		141.2 time, 150.8 real, 27.5 MB
[runlim] sample:		151.2 time, 160.8 real, 27.5 MB
[runlim] sample:		161.2 time, 170.8 real, 27.5 MB
[runlim] sample:		171.2 time, 180.8 real, 29.1 MB
[runlim] sample:		181.2 time, 190.8 real, 29.3 MB
[runlim] sample:		191.2 time, 200.8 real, 29.3 MB
[runlim] sample:		201.2 time, 210.8 real, 29.3 MB
[runlim] sample:		211.2 time, 220.8 real, 29.3 MB
[runlim] sample:		221.2 time, 230.8 real, 29.3 MB
[runlim] sample:		231.2 time, 240.8 real, 31.3 MB
[runlim] sample:		241.2 time, 250.8 real, 31.3 MB
[runlim] sample:		251.2 time, 260.8 real, 31.3 MB
[runlim] sample:		261.2 time, 270.8 real, 31.3 MB
[runlim] sample:		271.2 time, 280.8 real, 31.3 MB
[runlim] sample:		281.2 time, 290.8 real, 31.3 MB
[runlim] sample:		291.2 time, 300.8 real, 31.3 MB
[runlim] sample:		301.2 time, 310.8 real, 31.3 MB
[runlim] sample:		311.2 time, 320.8 real, 31.3 MB
[runlim] sample:		321.2 time, 330.8 real, 31.6 MB
[runlim] sample:		331.2 time, 340.8 real, 31.6 MB
[runlim] sample:		341.2 time, 350.8 real, 31.6 MB
[runlim] sample:		351.2 time, 360.8 real, 31.6 MB
[runlim] sample:		361.2 time, 370.8 real, 31.6 MB
[runlim] sample:		371.2 time, 380.8 real, 31.6 MB
[runlim] sample:		381.2 time, 390.8 real, 31.6 MB
[runlim] sample:		391.2 time, 400.8 real, 31.6 MB
[runlim] sample:		401.2 time, 410.8 real, 31.6 MB
[runlim] sample:		411.2 time, 420.8 real, 31.6 MB
[runlim] sample:		421.2 time, 430.8 real, 31.6 MB
[runlim] sample:		431.2 time, 440.8 real, 31.6 MB
[runlim] sample:		441.2 time, 450.8 real, 31.7 MB
[runlim] sample:		451.2 time, 460.8 real, 31.6 MB
[runlim] sample:		461.2 time, 470.8 real, 31.9 MB
[runlim] sample:		471.2 time, 480.8 real, 31.9 MB
[runlim] sample:		481.2 time, 490.8 real, 31.9 MB
[runlim] sample:		491.2 time, 500.8 real, 31.9 MB
[runlim] sample:		501.2 time, 510.8 real, 31.9 MB
[runlim] sample:		511.2 time, 520.8 real, 31.9 MB
[runlim] sample:		521.2 time, 530.8 real, 31.9 MB
[runlim] sample:		531.2 time, 540.8 real, 32.1 MB
[runlim] sample:		541.2 time, 550.8 real, 32.1 MB
[runlim] sample:		551.2 time, 560.8 real, 32.2 MB
[runlim] sample:		561.2 time, 570.8 real, 33.0 MB
[runlim] sample:		571.2 time, 580.8 real, 33.0 MB
[runlim] sample:		581.2 time, 590.8 real, 33.0 MB
[runlim] sample:		591.2 time, 600.8 real, 33.0 MB
[runlim] sample:		601.2 time, 610.8 real, 33.0 MB
[runlim] sample:		611.2 time, 620.8 real, 33.0 MB
[runlim] sample:		621.2 time, 630.8 real, 33.2 MB
[runlim] sample:		631.2 time, 640.8 real, 35.0 MB
[runlim] sample:		641.2 time, 650.8 real, 37.1 MB
[runlim] sample:		651.2 time, 660.8 real, 37.1 MB
[runlim] sample:		661.2 time, 670.8 real, 37.1 MB
[runlim] sample:		671.1 time, 680.8 real, 37.1 MB
[runlim] sample:		681.1 time, 690.8 real, 37.1 MB
[runlim] sample:		691.1 time, 700.8 real, 37.3 MB
[runlim] sample:		701.1 time, 710.8 real, 37.2 MB
[runlim] sample:		711.1 time, 720.8 real, 37.2 MB
[runlim] sample:		720.8 time, 730.8 real, 37.2 MB
[runlim] sample:		730.4 time, 740.8 real, 37.2 MB
[runlim] sample:		740.0 time, 750.8 real, 37.2 MB
[runlim] sample:		749.8 time, 760.8 real, 37.2 MB
[runlim] sample:		759.3 time, 770.8 real, 37.2 MB
[runlim] sample:		769.3 time, 780.8 real, 37.2 MB
[runlim] sample:		779.3 time, 790.8 real, 37.2 MB
[runlim] sample:		789.3 time, 800.8 real, 37.4 MB
[runlim] sample:		799.0 time, 810.8 real, 37.4 MB
[runlim] sample:		808.3 time, 820.8 real, 37.4 MB
[runlim] sample:		817.8 time, 830.8 real, 37.4 MB
[runlim] sample:		826.8 time, 840.8 real, 39.8 MB
[runlim] sample:		836.4 time, 850.8 real, 39.8 MB
[runlim] sample:		845.1 time, 860.8 real, 39.8 MB
[runlim] sample:		854.7 time, 870.8 real, 39.8 MB
[runlim] sample:		864.3 time, 880.8 real, 39.8 MB
[runlim] sample:		874.0 time, 890.8 real, 39.8 MB
[runlim] sample:		883.8 time, 900.8 real, 39.8 MB
[runlim] sample:		893.4 time, 910.8 real, 39.8 MB
[runlim] sample:		903.0 time, 920.8 real, 39.8 MB
[runlim] sample:		912.4 time, 930.8 real, 39.8 MB
[runlim] sample:		921.7 time, 940.8 real, 39.8 MB
[runlim] sample:		931.4 time, 950.8 real, 39.8 MB
[runlim] sample:		941.4 time, 960.8 real, 39.8 MB
[runlim] sample:		951.4 time, 970.8 real, 39.8 MB
[runlim] sample:		961.3 time, 980.8 real, 39.8 MB
[runlim] sample:		971.3 time, 990.8 real, 39.8 MB
[runlim] sample:		981.3 time, 1000.8 real, 39.8 MB
[runlim] sample:		991.3 time, 1010.8 real, 39.8 MB
[runlim] sample:		1001.3 time, 1020.8 real, 39.8 MB
[runlim] sample:		1011.3 time, 1030.8 real, 39.8 MB
[runlim] sample:		1021.3 time, 1040.8 real, 39.8 MB
[runlim] sample:		1031.3 time, 1050.8 real, 39.8 MB
[runlim] sample:		1041.3 time, 1060.8 real, 39.8 MB
[runlim] sample:		1051.3 time, 1070.8 real, 39.8 MB
[runlim] sample:		1061.3 time, 1080.8 real, 39.8 MB
[runlim] sample:		1071.3 time, 1090.8 real, 39.8 MB
[runlim] sample:		1081.3 time, 1100.8 real, 39.8 MB
[runlim] sample:		1091.3 time, 1110.8 real, 39.8 MB
[runlim] sample:		1101.3 time, 1120.8 real, 39.8 MB
[runlim] sample:		1111.3 time, 1130.8 real, 39.8 MB
[runlim] sample:		1121.3 time, 1140.8 real, 39.8 MB
[runlim] sample:		1131.3 time, 1150.8 real, 39.8 MB
[runlim] sample:		1141.3 time, 1160.8 real, 39.8 MB
[runlim] sample:		1151.3 time, 1170.8 real, 39.8 MB
[runlim] sample:		1161.3 time, 1180.8 real, 39.8 MB
[runlim] sample:		1171.3 time, 1190.8 real, 39.8 MB
[runlim] sample:		1181.3 time, 1200.8 real, 39.8 MB
[runlim] sample:		1191.3 time, 1210.8 real, 39.8 MB
[runlim] sample:		1201.3 time, 1220.8 real, 39.8 MB
[runlim] sample:		1211.3 time, 1230.8 real, 39.8 MB
[runlim] sample:		1221.3 time, 1240.8 real, 39.8 MB
[runlim] sample:		1231.3 time, 1250.8 real, 39.8 MB
[runlim] sample:		1241.3 time, 1260.8 real, 39.8 MB
[runlim] sample:		1251.3 time, 1270.8 real, 39.8 MB
[runlim] sample:		1261.3 time, 1280.8 real, 39.8 MB
[runlim] sample:		1271.3 time, 1290.8 real, 39.8 MB
[runlim] sample:		1281.3 time, 1300.8 real, 39.8 MB
[runlim] sample:		1291.3 time, 1310.8 real, 39.8 MB
[runlim] sample:		1301.2 time, 1320.8 real, 39.8 MB
[runlim] sample:		1311.2 time, 1330.8 real, 39.8 MB
[runlim] sample:		1321.2 time, 1340.8 real, 39.8 MB
[runlim] sample:		1331.2 time, 1350.8 real, 39.8 MB
[runlim] sample:		1341.2 time, 1360.8 real, 39.8 MB
[runlim] sample:		1351.2 time, 1370.8 real, 39.8 MB
[runlim] sample:		1361.2 time, 1380.8 real, 39.8 MB
[runlim] sample:		1371.2 time, 1390.8 real, 39.8 MB
[runlim] sample:		1381.2 time, 1400.8 real, 39.8 MB
[runlim] sample:		1391.2 time, 1410.8 real, 39.8 MB
[runlim] sample:		1401.2 time, 1420.8 real, 39.8 MB
[runlim] sample:		1411.2 time, 1430.8 real, 39.8 MB
[runlim] sample:		1421.2 time, 1440.8 real, 39.8 MB
[runlim] sample:		1431.2 time, 1450.8 real, 39.8 MB
[runlim] sample:		1441.2 time, 1460.8 real, 39.8 MB
[runlim] sample:		1451.2 time, 1470.8 real, 39.8 MB
[runlim] sample:		1461.2 time, 1480.8 real, 39.8 MB
[runlim] sample:		1471.2 time, 1490.8 real, 39.8 MB
[runlim] sample:		1481.2 time, 1500.8 real, 39.8 MB
[runlim] sample:		1491.2 time, 1510.8 real, 39.8 MB
[runlim] sample:		1501.2 time, 1520.8 real, 39.8 MB
[runlim] sample:		1511.2 time, 1530.8 real, 39.8 MB
[runlim] sample:		1521.2 time, 1540.8 real, 39.8 MB
[runlim] sample:		1531.2 time, 1550.8 real, 39.8 MB
[runlim] sample:		1541.2 time, 1560.8 real, 39.8 MB
[runlim] sample:		1551.2 time, 1570.8 real, 39.8 MB
[runlim] sample:		1561.2 time, 1580.8 real, 39.8 MB
[runlim] sample:		1571.2 time, 1590.8 real, 39.8 MB
[runlim] sample:		1581.2 time, 1600.8 real, 39.8 MB
[runlim] sample:		1591.2 time, 1610.8 real, 39.8 MB
[runlim] sample:		1601.2 time, 1620.8 real, 39.8 MB
[runlim] sample:		1611.2 time, 1630.8 real, 39.8 MB
[runlim] sample:		1621.2 time, 1640.8 real, 39.8 MB
[runlim] sample:		1631.2 time, 1650.8 real, 39.8 MB
[runlim] sample:		1641.2 time, 1660.8 real, 39.8 MB
[runlim] sample:		1651.2 time, 1670.8 real, 40.5 MB
[runlim] sample:		1661.2 time, 1680.8 real, 40.0 MB
[runlim] sample:		1671.2 time, 1690.8 real, 40.0 MB
[runlim] sample:		1681.2 time, 1700.8 real, 40.0 MB
[runlim] sample:		1691.2 time, 1710.8 real, 40.0 MB
[runlim] sample:		1701.2 time, 1720.8 real, 40.0 MB
[runlim] sample:		1711.2 time, 1730.8 real, 40.2 MB
[runlim] sample:		1721.2 time, 1740.8 real, 40.5 MB
[runlim] sample:		1731.2 time, 1750.8 real, 40.4 MB
[runlim] sample:		1741.0 time, 1760.8 real, 40.4 MB
[runlim] sample:		1749.7 time, 1770.8 real, 40.4 MB
[runlim] sample:		1757.6 time, 1780.8 real, 41.3 MB
[runlim] sample:		1767.1 time, 1790.8 real, 46.2 MB
[runlim] sample:		1776.5 time, 1800.8 real, 46.2 MB
[runlim] sample:		1785.4 time, 1810.8 real, 46.2 MB
[runlim] sample:		1795.4 time, 1820.8 real, 50.0 MB
[runlim] end:			Fri Feb 15 06:49:10 2019
[runlim] status:		out of time
[runlim] result:		2
[runlim] children:		0
[runlim] real:			1825.38 seconds
[runlim] time:			1800.01 seconds
[runlim] space:			50.0 MB
[runlim] samples:		18246
