[runlim] version:		1.10fixed
[runlim] time limit:		1800 seconds
[runlim] real time limit:	311040000 seconds
[runlim] space limit:		4000 MB
[runlim] argv[0]:		./z3
[runlim] argv[1]:		/tmp/eL53cW5w.smt2
[runlim] start:			Fri Feb 15 06:21:25 2019
[runlim] main pid:		9906
[runlim] sample:		8.5 time, 10.6 real, 22.4 MB
[runlim] sample:		18.1 time, 20.6 real, 22.4 MB
[runlim] sample:		27.3 time, 30.6 real, 23.7 MB
[runlim] sample:		37.1 time, 40.6 real, 24.7 MB
[runlim] sample:		46.2 time, 50.6 real, 24.6 MB
[runlim] sample:		55.3 time, 60.6 real, 24.7 MB
[runlim] sample:		64.6 time, 70.6 real, 26.1 MB
[runlim] sample:		74.4 time, 80.6 real, 26.3 MB
[runlim] sample:		83.9 time, 90.6 real, 26.2 MB
[runlim] sample:		93.3 time, 100.6 real, 26.2 MB
[runlim] sample:		103.2 time, 110.6 real, 26.7 MB
[runlim] sample:		112.4 time, 120.6 real, 27.2 MB
[runlim] sample:		121.8 time, 130.6 real, 30.7 MB
[runlim] sample:		131.3 time, 140.6 real, 30.8 MB
[runlim] sample:		140.6 time, 150.6 real, 30.8 MB
[runlim] sample:		149.9 time, 160.6 real, 30.8 MB
[runlim] sample:		159.2 time, 170.6 real, 30.8 MB
[runlim] end:			Fri Feb 15 06:24:19 2019
[runlim] status:		ok
[runlim] result:		0
[runlim] children:		0
[runlim] real:			174.68 seconds
[runlim] time:			162.95 seconds
[runlim] space:			30.8 MB
[runlim] samples:		1740
