[runlim] version:		1.10fixed
[runlim] time limit:		1800 seconds
[runlim] real time limit:	311040000 seconds
[runlim] space limit:		4000 MB
[runlim] argv[0]:		./z3
[runlim] argv[1]:		/tmp/QirDUoWr.smt2
[runlim] start:			Fri Feb 15 06:29:25 2019
[runlim] main pid:		29003
[runlim] sample:		9.0 time, 10.4 real, 21.7 MB
[runlim] sample:		17.9 time, 20.4 real, 45.2 MB
[runlim] sample:		26.9 time, 30.4 real, 45.2 MB
[runlim] sample:		36.2 time, 40.4 real, 45.2 MB
[runlim] sample:		46.2 time, 50.4 real, 45.2 MB
[runlim] sample:		56.2 time, 60.4 real, 45.2 MB
[runlim] sample:		66.2 time, 70.4 real, 45.2 MB
[runlim] sample:		76.2 time, 80.4 real, 45.2 MB
[runlim] sample:		86.2 time, 90.4 real, 45.2 MB
[runlim] sample:		96.2 time, 100.4 real, 45.2 MB
[runlim] sample:		106.2 time, 110.4 real, 45.2 MB
[runlim] sample:		116.1 time, 120.4 real, 45.2 MB
[runlim] sample:		126.1 time, 130.4 real, 45.2 MB
[runlim] sample:		136.1 time, 140.4 real, 45.2 MB
[runlim] sample:		146.1 time, 150.4 real, 45.2 MB
[runlim] sample:		156.1 time, 160.4 real, 45.2 MB
[runlim] sample:		166.1 time, 170.4 real, 45.2 MB
[runlim] sample:		176.1 time, 180.4 real, 45.2 MB
[runlim] sample:		186.1 time, 190.4 real, 45.2 MB
[runlim] sample:		196.1 time, 200.4 real, 45.3 MB
[runlim] sample:		206.1 time, 210.4 real, 45.3 MB
[runlim] sample:		216.1 time, 220.4 real, 45.3 MB
[runlim] sample:		226.1 time, 230.4 real, 45.3 MB
[runlim] sample:		236.1 time, 240.4 real, 45.3 MB
[runlim] sample:		246.1 time, 250.4 real, 45.3 MB
[runlim] sample:		256.1 time, 260.4 real, 45.3 MB
[runlim] sample:		266.1 time, 270.4 real, 45.3 MB
[runlim] sample:		276.1 time, 280.4 real, 45.3 MB
[runlim] sample:		286.1 time, 290.4 real, 45.3 MB
[runlim] sample:		296.1 time, 300.4 real, 45.3 MB
[runlim] sample:		306.1 time, 310.4 real, 45.3 MB
[runlim] sample:		316.1 time, 320.4 real, 45.3 MB
[runlim] sample:		326.1 time, 330.4 real, 45.3 MB
[runlim] sample:		336.1 time, 340.4 real, 45.3 MB
[runlim] sample:		346.1 time, 350.4 real, 45.3 MB
[runlim] sample:		356.1 time, 360.4 real, 45.3 MB
[runlim] sample:		366.1 time, 370.4 real, 45.3 MB
[runlim] sample:		376.1 time, 380.4 real, 45.3 MB
[runlim] sample:		386.1 time, 390.4 real, 45.3 MB
[runlim] sample:		396.1 time, 400.4 real, 45.3 MB
[runlim] sample:		406.1 time, 410.4 real, 45.3 MB
[runlim] sample:		416.1 time, 420.4 real, 45.3 MB
[runlim] sample:		426.1 time, 430.4 real, 45.3 MB
[runlim] sample:		436.1 time, 440.4 real, 45.3 MB
[runlim] sample:		446.1 time, 450.4 real, 45.3 MB
[runlim] sample:		456.1 time, 460.4 real, 45.3 MB
[runlim] sample:		466.1 time, 470.4 real, 45.3 MB
[runlim] sample:		476.1 time, 480.4 real, 45.3 MB
[runlim] sample:		486.0 time, 490.4 real, 45.3 MB
[runlim] sample:		496.0 time, 500.4 real, 45.3 MB
[runlim] sample:		506.0 time, 510.4 real, 45.3 MB
[runlim] sample:		516.0 time, 520.4 real, 45.3 MB
[runlim] sample:		526.0 time, 530.4 real, 45.3 MB
[runlim] sample:		536.0 time, 540.4 real, 45.3 MB
[runlim] sample:		546.0 time, 550.4 real, 45.3 MB
[runlim] sample:		556.0 time, 560.4 real, 45.3 MB
[runlim] sample:		566.0 time, 570.4 real, 45.3 MB
[runlim] sample:		576.0 time, 580.4 real, 45.3 MB
[runlim] sample:		586.0 time, 590.4 real, 45.3 MB
[runlim] sample:		596.0 time, 600.4 real, 45.3 MB
[runlim] sample:		606.0 time, 610.4 real, 45.3 MB
[runlim] sample:		616.0 time, 620.4 real, 45.3 MB
[runlim] sample:		626.0 time, 630.4 real, 45.3 MB
[runlim] sample:		636.0 time, 640.4 real, 45.3 MB
[runlim] sample:		646.0 time, 650.4 real, 45.3 MB
[runlim] sample:		656.0 time, 660.4 real, 45.3 MB
[runlim] sample:		666.0 time, 670.4 real, 45.3 MB
[runlim] sample:		676.0 time, 680.4 real, 45.3 MB
[runlim] sample:		686.0 time, 690.4 real, 45.3 MB
[runlim] sample:		695.9 time, 700.4 real, 45.3 MB
[runlim] sample:		705.0 time, 710.4 real, 45.3 MB
[runlim] sample:		713.8 time, 720.4 real, 45.3 MB
[runlim] sample:		722.9 time, 730.4 real, 45.3 MB
[runlim] sample:		731.9 time, 740.4 real, 45.3 MB
[runlim] sample:		741.4 time, 750.4 real, 45.3 MB
[runlim] sample:		751.1 time, 760.4 real, 45.3 MB
[runlim] sample:		760.8 time, 770.4 real, 45.3 MB
[runlim] sample:		770.7 time, 780.4 real, 45.3 MB
[runlim] sample:		780.6 time, 790.4 real, 45.3 MB
[runlim] sample:		790.3 time, 800.4 real, 45.3 MB
[runlim] sample:		800.0 time, 810.4 real, 45.3 MB
[runlim] sample:		809.9 time, 820.4 real, 45.3 MB
[runlim] sample:		819.9 time, 830.4 real, 45.3 MB
[runlim] sample:		829.6 time, 840.4 real, 45.3 MB
[runlim] sample:		839.3 time, 850.4 real, 45.3 MB
[runlim] sample:		849.0 time, 860.4 real, 45.3 MB
[runlim] sample:		858.7 time, 870.4 real, 45.3 MB
[runlim] sample:		868.5 time, 880.4 real, 45.3 MB
[runlim] sample:		878.3 time, 890.4 real, 45.3 MB
[runlim] sample:		888.0 time, 900.4 real, 45.3 MB
[runlim] sample:		897.7 time, 910.4 real, 45.3 MB
[runlim] sample:		907.5 time, 920.4 real, 45.3 MB
[runlim] sample:		917.5 time, 930.4 real, 45.3 MB
[runlim] sample:		927.5 time, 940.4 real, 45.6 MB
[runlim] sample:		937.5 time, 950.4 real, 45.6 MB
[runlim] sample:		947.5 time, 960.4 real, 45.6 MB
[runlim] sample:		957.2 time, 970.4 real, 45.6 MB
[runlim] sample:		966.2 time, 980.4 real, 45.6 MB
[runlim] sample:		974.4 time, 990.4 real, 45.6 MB
[runlim] sample:		984.4 time, 1000.4 real, 45.6 MB
[runlim] sample:		994.4 time, 1010.4 real, 45.6 MB
[runlim] sample:		1004.4 time, 1020.4 real, 45.6 MB
[runlim] sample:		1014.4 time, 1030.4 real, 45.6 MB
[runlim] sample:		1024.3 time, 1040.4 real, 45.6 MB
[runlim] sample:		1034.3 time, 1050.4 real, 45.6 MB
[runlim] sample:		1044.3 time, 1060.4 real, 45.6 MB
[runlim] sample:		1054.3 time, 1070.4 real, 45.6 MB
[runlim] sample:		1064.3 time, 1080.4 real, 45.6 MB
[runlim] sample:		1074.3 time, 1090.4 real, 45.6 MB
[runlim] sample:		1084.3 time, 1100.4 real, 45.6 MB
[runlim] sample:		1094.3 time, 1110.4 real, 45.6 MB
[runlim] sample:		1104.3 time, 1120.4 real, 45.6 MB
[runlim] sample:		1114.3 time, 1130.4 real, 45.6 MB
[runlim] sample:		1124.3 time, 1140.4 real, 45.6 MB
[runlim] sample:		1134.3 time, 1150.4 real, 45.6 MB
[runlim] sample:		1144.3 time, 1160.4 real, 45.6 MB
[runlim] sample:		1154.3 time, 1170.4 real, 45.6 MB
[runlim] sample:		1164.3 time, 1180.4 real, 45.6 MB
[runlim] sample:		1173.4 time, 1190.4 real, 45.6 MB
[runlim] sample:		1183.4 time, 1200.4 real, 45.6 MB
[runlim] sample:		1193.4 time, 1210.4 real, 45.6 MB
[runlim] sample:		1203.4 time, 1220.4 real, 45.6 MB
[runlim] sample:		1213.4 time, 1230.4 real, 45.6 MB
[runlim] sample:		1223.4 time, 1240.4 real, 45.6 MB
[runlim] sample:		1232.8 time, 1250.4 real, 45.6 MB
[runlim] sample:		1242.5 time, 1260.4 real, 45.6 MB
[runlim] sample:		1252.1 time, 1270.4 real, 45.6 MB
[runlim] sample:		1261.8 time, 1280.4 real, 45.6 MB
[runlim] sample:		1271.5 time, 1290.4 real, 45.6 MB
[runlim] sample:		1281.1 time, 1300.4 real, 45.6 MB
[runlim] sample:		1290.8 time, 1310.4 real, 45.6 MB
[runlim] sample:		1300.5 time, 1320.4 real, 45.6 MB
[runlim] sample:		1310.1 time, 1330.4 real, 45.6 MB
[runlim] sample:		1319.8 time, 1340.4 real, 45.6 MB
[runlim] sample:		1329.5 time, 1350.4 real, 46.6 MB
[runlim] sample:		1339.2 time, 1360.4 real, 45.6 MB
[runlim] sample:		1348.9 time, 1370.4 real, 45.7 MB
[runlim] sample:		1358.5 time, 1380.4 real, 45.6 MB
[runlim] sample:		1368.2 time, 1390.4 real, 45.6 MB
[runlim] sample:		1377.9 time, 1400.4 real, 45.6 MB
[runlim] sample:		1387.6 time, 1410.4 real, 45.6 MB
[runlim] sample:		1397.3 time, 1420.4 real, 45.7 MB
[runlim] sample:		1407.0 time, 1430.4 real, 45.7 MB
[runlim] sample:		1416.6 time, 1440.4 real, 45.7 MB
[runlim] sample:		1426.3 time, 1450.4 real, 45.7 MB
[runlim] sample:		1436.0 time, 1460.4 real, 45.7 MB
[runlim] sample:		1445.6 time, 1470.4 real, 45.7 MB
[runlim] sample:		1455.3 time, 1480.4 real, 45.8 MB
[runlim] sample:		1464.9 time, 1490.4 real, 45.7 MB
[runlim] sample:		1474.6 time, 1500.4 real, 45.7 MB
[runlim] sample:		1484.3 time, 1510.4 real, 45.7 MB
[runlim] sample:		1494.0 time, 1520.4 real, 45.7 MB
[runlim] sample:		1503.7 time, 1530.4 real, 45.9 MB
[runlim] sample:		1513.3 time, 1540.4 real, 45.9 MB
[runlim] sample:		1523.0 time, 1550.4 real, 45.9 MB
[runlim] sample:		1532.7 time, 1560.4 real, 45.9 MB
[runlim] sample:		1542.4 time, 1570.4 real, 45.9 MB
[runlim] sample:		1552.1 time, 1580.4 real, 46.2 MB
[runlim] sample:		1561.8 time, 1590.4 real, 46.0 MB
[runlim] sample:		1571.4 time, 1600.4 real, 46.8 MB
[runlim] sample:		1581.1 time, 1610.4 real, 47.3 MB
[runlim] sample:		1591.0 time, 1620.4 real, 47.0 MB
[runlim] sample:		1600.7 time, 1630.4 real, 47.0 MB
[runlim] sample:		1610.4 time, 1640.4 real, 47.0 MB
[runlim] sample:		1620.1 time, 1650.4 real, 47.0 MB
[runlim] sample:		1629.8 time, 1660.4 real, 47.3 MB
[runlim] sample:		1639.5 time, 1670.4 real, 47.0 MB
[runlim] sample:		1649.4 time, 1680.4 real, 47.0 MB
[runlim] sample:		1659.4 time, 1690.4 real, 47.0 MB
[runlim] sample:		1669.4 time, 1700.4 real, 47.0 MB
[runlim] sample:		1679.4 time, 1710.4 real, 47.0 MB
[runlim] sample:		1689.3 time, 1720.4 real, 47.0 MB
[runlim] sample:		1699.3 time, 1730.4 real, 47.0 MB
[runlim] sample:		1709.3 time, 1740.4 real, 47.0 MB
[runlim] sample:		1719.3 time, 1750.4 real, 47.0 MB
[runlim] sample:		1729.2 time, 1760.4 real, 47.0 MB
[runlim] sample:		1738.8 time, 1770.4 real, 47.0 MB
[runlim] sample:		1748.7 time, 1780.4 real, 47.0 MB
[runlim] sample:		1758.4 time, 1790.4 real, 54.2 MB
[runlim] sample:		1768.1 time, 1800.4 real, 47.0 MB
[runlim] sample:		1777.7 time, 1810.4 real, 47.0 MB
[runlim] sample:		1787.2 time, 1820.4 real, 47.0 MB
[runlim] sample:		1796.9 time, 1830.4 real, 47.0 MB
[runlim] end:			Fri Feb 15 06:59:58 2019
[runlim] status:		out of time
[runlim] result:		2
[runlim] children:		0
[runlim] real:			1833.71 seconds
[runlim] time:			1800.08 seconds
[runlim] space:			55.1 MB
[runlim] samples:		18333
