[runlim] version:		1.10fixed
[runlim] time limit:		300 seconds
[runlim] real time limit:	311040000 seconds
[runlim] space limit:		4000 MB
[runlim] argv[0]:		./z3
[runlim] argv[1]:		/tmp/6aXyIfjo.smt2
[runlim] start:			Thu Feb 14 00:35:58 2019
[runlim] main pid:		26771
[runlim] sample:		8.9 time, 10.9 real, 25.9 MB
[runlim] sample:		18.6 time, 20.9 real, 39.9 MB
[runlim] sample:		28.6 time, 30.9 real, 67.8 MB
[runlim] sample:		38.6 time, 40.9 real, 67.9 MB
[runlim] sample:		48.6 time, 50.9 real, 67.9 MB
[runlim] sample:		58.6 time, 60.9 real, 67.9 MB
[runlim] sample:		68.6 time, 70.9 real, 67.9 MB
[runlim] sample:		78.6 time, 80.9 real, 81.3 MB
[runlim] sample:		88.6 time, 90.9 real, 81.8 MB
[runlim] sample:		98.6 time, 100.9 real, 81.8 MB
[runlim] sample:		108.6 time, 110.9 real, 81.7 MB
[runlim] sample:		118.6 time, 120.9 real, 81.9 MB
[runlim] sample:		128.6 time, 130.9 real, 84.9 MB
[runlim] sample:		138.6 time, 140.9 real, 82.4 MB
[runlim] sample:		148.6 time, 150.9 real, 84.3 MB
[runlim] sample:		158.6 time, 160.9 real, 82.4 MB
[runlim] sample:		168.6 time, 170.9 real, 84.2 MB
[runlim] sample:		178.6 time, 180.9 real, 81.7 MB
[runlim] sample:		187.3 time, 190.9 real, 82.4 MB
[runlim] sample:		196.7 time, 200.9 real, 84.8 MB
[runlim] sample:		206.4 time, 210.9 real, 82.7 MB
[runlim] sample:		216.4 time, 220.9 real, 84.2 MB
[runlim] sample:		226.4 time, 230.9 real, 82.4 MB
[runlim] sample:		236.4 time, 240.9 real, 85.3 MB
[runlim] sample:		246.2 time, 250.9 real, 81.7 MB
[runlim] sample:		255.4 time, 260.9 real, 82.4 MB
[runlim] sample:		265.0 time, 270.9 real, 84.4 MB
[runlim] sample:		275.0 time, 280.9 real, 82.7 MB
[runlim] sample:		285.0 time, 290.9 real, 83.7 MB
[runlim] sample:		295.0 time, 300.9 real, 82.5 MB
[runlim] end:			Thu Feb 14 00:41:04 2019
[runlim] status:		out of time
[runlim] result:		2
[runlim] children:		0
[runlim] real:			306.03 seconds
[runlim] time:			300.09 seconds
[runlim] space:			85.5 MB
[runlim] samples:		3051
