[runlim] version:		1.10fixed
[runlim] time limit:		1800 seconds
[runlim] real time limit:	311040000 seconds
[runlim] space limit:		4000 MB
[runlim] argv[0]:		./z3
[runlim] argv[1]:		/tmp/Uxuhf7d3.smt2
[runlim] start:			Fri Feb 15 06:11:13 2019
[runlim] main pid:		9827
[runlim] sample:		9.2 time, 10.1 real, 22.5 MB
[runlim] sample:		18.9 time, 20.1 real, 24.2 MB
[runlim] sample:		27.2 time, 30.1 real, 25.2 MB
[runlim] sample:		37.1 time, 40.1 real, 25.2 MB
[runlim] sample:		46.4 time, 50.1 real, 25.2 MB
[runlim] sample:		55.3 time, 60.1 real, 25.2 MB
[runlim] sample:		65.0 time, 70.1 real, 31.2 MB
[runlim] sample:		74.7 time, 80.1 real, 31.2 MB
[runlim] sample:		84.3 time, 90.1 real, 31.2 MB
[runlim] sample:		94.0 time, 100.1 real, 31.2 MB
[runlim] sample:		103.7 time, 110.1 real, 31.2 MB
[runlim] sample:		112.5 time, 120.1 real, 31.2 MB
[runlim] sample:		121.2 time, 130.1 real, 31.2 MB
[runlim] sample:		129.0 time, 140.1 real, 31.2 MB
[runlim] sample:		137.7 time, 150.1 real, 31.2 MB
[runlim] sample:		147.3 time, 160.1 real, 31.2 MB
[runlim] sample:		156.2 time, 170.1 real, 31.2 MB
[runlim] sample:		165.5 time, 180.1 real, 31.2 MB
[runlim] sample:		175.4 time, 190.1 real, 31.2 MB
[runlim] sample:		185.4 time, 200.1 real, 31.2 MB
[runlim] sample:		194.8 time, 210.1 real, 31.2 MB
[runlim] sample:		203.8 time, 220.1 real, 31.2 MB
[runlim] sample:		211.9 time, 230.1 real, 31.5 MB
[runlim] sample:		221.2 time, 240.1 real, 31.8 MB
[runlim] sample:		230.8 time, 250.1 real, 31.8 MB
[runlim] sample:		239.8 time, 260.1 real, 32.6 MB
[runlim] sample:		248.3 time, 270.1 real, 32.8 MB
[runlim] sample:		257.4 time, 280.1 real, 32.8 MB
[runlim] sample:		266.9 time, 290.1 real, 32.8 MB
[runlim] sample:		276.1 time, 300.1 real, 32.8 MB
[runlim] sample:		286.1 time, 310.1 real, 32.8 MB
[runlim] sample:		296.1 time, 320.1 real, 32.9 MB
[runlim] sample:		306.1 time, 330.1 real, 34.2 MB
[runlim] sample:		316.1 time, 340.1 real, 34.2 MB
[runlim] sample:		326.1 time, 350.1 real, 59.9 MB
[runlim] sample:		336.1 time, 360.1 real, 62.9 MB
[runlim] sample:		346.1 time, 370.1 real, 62.9 MB
[runlim] sample:		356.1 time, 380.1 real, 62.9 MB
[runlim] sample:		365.8 time, 390.1 real, 62.9 MB
[runlim] sample:		375.8 time, 400.1 real, 62.9 MB
[runlim] sample:		384.3 time, 410.1 real, 62.9 MB
[runlim] sample:		392.1 time, 420.1 real, 62.9 MB
[runlim] sample:		402.1 time, 430.1 real, 62.9 MB
[runlim] sample:		410.9 time, 440.1 real, 62.9 MB
[runlim] sample:		420.9 time, 450.1 real, 62.9 MB
[runlim] sample:		430.2 time, 460.1 real, 99.7 MB
[runlim] sample:		440.2 time, 470.1 real, 133.0 MB
[runlim] sample:		450.2 time, 480.1 real, 133.0 MB
[runlim] sample:		460.2 time, 490.1 real, 133.0 MB
[runlim] sample:		470.2 time, 500.1 real, 133.0 MB
[runlim] sample:		480.2 time, 510.1 real, 133.0 MB
[runlim] sample:		490.2 time, 520.1 real, 133.0 MB
[runlim] sample:		499.7 time, 530.1 real, 133.0 MB
[runlim] sample:		508.0 time, 540.1 real, 134.6 MB
[runlim] sample:		517.3 time, 550.1 real, 134.6 MB
[runlim] sample:		526.6 time, 560.1 real, 134.6 MB
[runlim] sample:		535.6 time, 570.1 real, 134.6 MB
[runlim] sample:		544.8 time, 580.1 real, 134.6 MB
[runlim] sample:		553.9 time, 590.1 real, 134.6 MB
[runlim] sample:		563.3 time, 600.1 real, 160.4 MB
[runlim] sample:		573.3 time, 610.1 real, 243.0 MB
[runlim] sample:		583.3 time, 620.1 real, 243.0 MB
[runlim] sample:		592.5 time, 630.1 real, 247.1 MB
[runlim] sample:		602.0 time, 640.1 real, 247.1 MB
[runlim] sample:		612.0 time, 650.1 real, 247.1 MB
[runlim] sample:		622.0 time, 660.1 real, 247.1 MB
[runlim] sample:		632.0 time, 670.1 real, 247.1 MB
[runlim] sample:		642.0 time, 680.1 real, 247.1 MB
[runlim] sample:		652.0 time, 690.1 real, 247.1 MB
[runlim] sample:		661.5 time, 700.1 real, 247.1 MB
[runlim] sample:		671.5 time, 710.1 real, 247.1 MB
[runlim] sample:		681.2 time, 720.1 real, 247.1 MB
[runlim] sample:		690.8 time, 730.1 real, 247.1 MB
[runlim] sample:		700.5 time, 740.1 real, 247.1 MB
[runlim] sample:		709.9 time, 750.1 real, 247.1 MB
[runlim] sample:		719.3 time, 760.1 real, 247.1 MB
[runlim] sample:		729.3 time, 770.1 real, 247.1 MB
[runlim] sample:		739.3 time, 780.1 real, 247.1 MB
[runlim] sample:		748.6 time, 790.1 real, 247.1 MB
[runlim] sample:		758.6 time, 800.1 real, 247.1 MB
[runlim] sample:		768.6 time, 810.1 real, 247.1 MB
[runlim] sample:		778.6 time, 820.1 real, 247.1 MB
[runlim] sample:		788.5 time, 830.1 real, 247.1 MB
[runlim] sample:		798.5 time, 840.1 real, 247.1 MB
[runlim] sample:		808.5 time, 850.1 real, 247.1 MB
[runlim] sample:		818.5 time, 860.1 real, 247.1 MB
[runlim] sample:		828.5 time, 870.1 real, 247.1 MB
[runlim] sample:		838.5 time, 880.1 real, 247.1 MB
[runlim] sample:		848.5 time, 890.1 real, 247.1 MB
[runlim] sample:		858.4 time, 900.1 real, 247.1 MB
[runlim] sample:		868.4 time, 910.1 real, 247.1 MB
[runlim] sample:		878.4 time, 920.1 real, 247.1 MB
[runlim] sample:		888.4 time, 930.1 real, 247.1 MB
[runlim] sample:		898.4 time, 940.1 real, 247.1 MB
[runlim] sample:		908.4 time, 950.1 real, 247.1 MB
[runlim] sample:		918.4 time, 960.1 real, 247.1 MB
[runlim] sample:		928.4 time, 970.1 real, 247.1 MB
[runlim] sample:		938.4 time, 980.1 real, 247.1 MB
[runlim] sample:		948.4 time, 990.1 real, 247.1 MB
[runlim] sample:		958.4 time, 1000.1 real, 247.1 MB
[runlim] sample:		968.4 time, 1010.1 real, 247.1 MB
[runlim] sample:		978.4 time, 1020.1 real, 247.1 MB
[runlim] sample:		988.4 time, 1030.1 real, 247.1 MB
[runlim] sample:		998.4 time, 1040.1 real, 247.1 MB
[runlim] sample:		1008.4 time, 1050.1 real, 247.1 MB
[runlim] sample:		1018.4 time, 1060.1 real, 247.1 MB
[runlim] sample:		1028.4 time, 1070.1 real, 247.1 MB
[runlim] sample:		1038.4 time, 1080.1 real, 247.1 MB
[runlim] sample:		1048.4 time, 1090.1 real, 247.1 MB
[runlim] sample:		1058.4 time, 1100.1 real, 247.1 MB
[runlim] sample:		1068.4 time, 1110.1 real, 247.1 MB
[runlim] sample:		1078.4 time, 1120.1 real, 247.1 MB
[runlim] sample:		1088.2 time, 1130.1 real, 247.1 MB
[runlim] sample:		1097.8 time, 1140.1 real, 247.1 MB
[runlim] sample:		1107.1 time, 1150.1 real, 247.1 MB
[runlim] sample:		1117.1 time, 1160.1 real, 247.1 MB
[runlim] sample:		1127.1 time, 1170.1 real, 247.1 MB
[runlim] sample:		1137.1 time, 1180.1 real, 247.1 MB
[runlim] sample:		1147.1 time, 1190.1 real, 247.1 MB
[runlim] sample:		1157.1 time, 1200.1 real, 247.4 MB
[runlim] sample:		1166.7 time, 1210.1 real, 247.4 MB
[runlim] sample:		1175.3 time, 1220.1 real, 247.5 MB
[runlim] sample:		1185.3 time, 1230.1 real, 247.5 MB
[runlim] sample:		1195.3 time, 1240.1 real, 247.5 MB
[runlim] sample:		1205.3 time, 1250.1 real, 247.5 MB
[runlim] sample:		1215.1 time, 1260.1 real, 247.5 MB
[runlim] sample:		1225.0 time, 1270.1 real, 248.8 MB
[runlim] sample:		1235.0 time, 1280.1 real, 247.5 MB
[runlim] sample:		1245.0 time, 1290.1 real, 247.5 MB
[runlim] sample:		1255.0 time, 1300.1 real, 247.6 MB
[runlim] sample:		1265.0 time, 1310.1 real, 249.0 MB
[runlim] sample:		1274.7 time, 1320.1 real, 249.0 MB
[runlim] sample:		1283.1 time, 1330.1 real, 249.4 MB
[runlim] sample:		1291.3 time, 1340.1 real, 249.7 MB
[runlim] sample:		1299.5 time, 1350.1 real, 249.9 MB
[runlim] sample:		1307.7 time, 1360.1 real, 250.3 MB
[runlim] sample:		1315.9 time, 1370.1 real, 250.6 MB
[runlim] sample:		1324.2 time, 1380.1 real, 250.5 MB
[runlim] sample:		1333.5 time, 1390.1 real, 251.0 MB
[runlim] sample:		1342.7 time, 1400.1 real, 251.2 MB
[runlim] sample:		1352.0 time, 1410.1 real, 251.7 MB
[runlim] sample:		1361.1 time, 1420.1 real, 251.2 MB
[runlim] sample:		1370.1 time, 1430.1 real, 251.5 MB
[runlim] sample:		1380.1 time, 1440.1 real, 251.5 MB
[runlim] sample:		1389.3 time, 1450.1 real, 251.8 MB
[runlim] sample:		1398.1 time, 1460.1 real, 252.0 MB
[runlim] sample:		1406.4 time, 1470.1 real, 252.1 MB
[runlim] sample:		1414.8 time, 1480.1 real, 252.1 MB
[runlim] sample:		1423.0 time, 1490.1 real, 252.1 MB
[runlim] sample:		1431.6 time, 1500.1 real, 252.1 MB
[runlim] sample:		1440.6 time, 1510.1 real, 252.3 MB
[runlim] sample:		1449.5 time, 1520.1 real, 252.3 MB
[runlim] sample:		1458.8 time, 1530.1 real, 252.3 MB
[runlim] sample:		1468.8 time, 1540.1 real, 252.3 MB
[runlim] sample:		1478.8 time, 1550.1 real, 252.3 MB
[runlim] sample:		1488.7 time, 1560.1 real, 252.3 MB
[runlim] sample:		1498.7 time, 1570.1 real, 252.3 MB
[runlim] sample:		1507.8 time, 1580.1 real, 252.6 MB
[runlim] sample:		1517.4 time, 1590.1 real, 252.6 MB
[runlim] sample:		1526.9 time, 1600.1 real, 252.6 MB
[runlim] sample:		1536.9 time, 1610.1 real, 252.6 MB
[runlim] sample:		1546.9 time, 1620.1 real, 252.6 MB
[runlim] sample:		1556.8 time, 1630.1 real, 252.6 MB
[runlim] sample:		1565.9 time, 1640.1 real, 252.6 MB
[runlim] sample:		1574.0 time, 1650.1 real, 252.6 MB
[runlim] sample:		1582.1 time, 1660.1 real, 252.6 MB
[runlim] sample:		1590.6 time, 1670.1 real, 252.6 MB
[runlim] sample:		1599.3 time, 1680.1 real, 252.6 MB
[runlim] sample:		1607.6 time, 1690.1 real, 252.6 MB
[runlim] sample:		1616.4 time, 1700.1 real, 252.6 MB
[runlim] sample:		1625.8 time, 1710.1 real, 252.6 MB
[runlim] sample:		1635.7 time, 1720.1 real, 252.6 MB
[runlim] sample:		1644.9 time, 1730.1 real, 252.6 MB
[runlim] sample:		1653.5 time, 1740.1 real, 252.6 MB
[runlim] sample:		1663.5 time, 1750.1 real, 252.6 MB
[runlim] sample:		1673.4 time, 1760.1 real, 252.6 MB
[runlim] sample:		1683.2 time, 1770.1 real, 252.6 MB
[runlim] sample:		1692.9 time, 1780.1 real, 252.6 MB
[runlim] sample:		1702.1 time, 1790.1 real, 252.6 MB
[runlim] sample:		1711.2 time, 1800.1 real, 252.6 MB
[runlim] end:			Fri Feb 15 06:41:13 2019
[runlim] status:		ok
[runlim] result:		0
[runlim] children:		0
[runlim] real:			1800.40 seconds
[runlim] time:			1711.36 seconds
[runlim] space:			258.2 MB
[runlim] samples:		18002
