[runlim] version:		1.10fixed
[runlim] time limit:		1800 seconds
[runlim] real time limit:	311040000 seconds
[runlim] space limit:		4000 MB
[runlim] argv[0]:		./z3
[runlim] argv[1]:		/tmp/V1XWdOvw.smt2
[runlim] start:			Fri Feb 15 06:31:49 2019
[runlim] main pid:		19635
[runlim] sample:		9.4 time, 10.3 real, 20.4 MB
[runlim] sample:		19.4 time, 20.3 real, 22.6 MB
[runlim] sample:		29.4 time, 30.3 real, 23.3 MB
[runlim] sample:		39.4 time, 40.3 real, 26.1 MB
[runlim] sample:		49.4 time, 50.3 real, 31.5 MB
[runlim] sample:		59.4 time, 60.3 real, 31.8 MB
[runlim] sample:		69.4 time, 70.3 real, 32.3 MB
[runlim] sample:		79.4 time, 80.3 real, 33.3 MB
[runlim] sample:		89.4 time, 90.3 real, 35.4 MB
[runlim] sample:		99.4 time, 100.3 real, 37.9 MB
[runlim] sample:		109.4 time, 110.3 real, 40.5 MB
[runlim] sample:		118.9 time, 120.3 real, 42.8 MB
[runlim] sample:		128.8 time, 130.3 real, 46.2 MB
[runlim] end:			Fri Feb 15 06:34:01 2019
[runlim] status:		ok
[runlim] result:		0
[runlim] children:		0
[runlim] real:			132.39 seconds
[runlim] time:			130.89 seconds
[runlim] space:			47.0 MB
[runlim] samples:		1321
