[runlim] version:		1.10fixed
[runlim] time limit:		1800 seconds
[runlim] real time limit:	311040000 seconds
[runlim] space limit:		4000 MB
[runlim] argv[0]:		./z3
[runlim] argv[1]:		/tmp/IwhRdks5.smt2
[runlim] start:			Tue Feb 19 06:11:57 2019
[runlim] main pid:		2961
[runlim] sample:		9.2 time, 10.9 real, 20.2 MB
[runlim] sample:		19.0 time, 20.9 real, 22.9 MB
[runlim] sample:		29.0 time, 30.9 real, 23.7 MB
[runlim] sample:		39.0 time, 40.9 real, 27.6 MB
[runlim] sample:		49.0 time, 50.9 real, 27.6 MB
[runlim] sample:		59.0 time, 60.9 real, 27.8 MB
[runlim] sample:		69.0 time, 70.9 real, 28.1 MB
[runlim] sample:		79.0 time, 80.9 real, 29.2 MB
[runlim] sample:		88.9 time, 90.9 real, 29.9 MB
[runlim] sample:		98.9 time, 100.9 real, 31.9 MB
[runlim] sample:		108.9 time, 110.9 real, 31.9 MB
[runlim] sample:		118.9 time, 120.9 real, 32.1 MB
[runlim] sample:		128.9 time, 130.9 real, 32.1 MB
[runlim] sample:		138.9 time, 140.9 real, 32.1 MB
[runlim] sample:		148.9 time, 150.9 real, 33.4 MB
[runlim] sample:		158.9 time, 160.9 real, 33.4 MB
[runlim] sample:		168.9 time, 170.9 real, 33.4 MB
[runlim] sample:		178.2 time, 180.9 real, 34.6 MB
[runlim] sample:		187.9 time, 190.9 real, 34.6 MB
[runlim] sample:		197.9 time, 200.9 real, 34.6 MB
[runlim] sample:		207.5 time, 210.9 real, 34.6 MB
[runlim] sample:		215.9 time, 220.9 real, 36.4 MB
[runlim] sample:		225.3 time, 230.9 real, 36.4 MB
[runlim] sample:		235.3 time, 240.9 real, 36.4 MB
[runlim] sample:		244.6 time, 250.9 real, 36.8 MB
[runlim] sample:		254.3 time, 260.9 real, 37.3 MB
[runlim] sample:		263.1 time, 270.9 real, 37.5 MB
[runlim] sample:		272.1 time, 280.9 real, 38.0 MB
[runlim] sample:		281.2 time, 290.9 real, 38.0 MB
[runlim] sample:		290.3 time, 300.9 real, 38.3 MB
[runlim] sample:		300.0 time, 310.9 real, 38.3 MB
[runlim] sample:		309.9 time, 320.9 real, 45.2 MB
[runlim] sample:		319.8 time, 330.9 real, 45.2 MB
[runlim] sample:		329.4 time, 340.9 real, 45.2 MB
[runlim] sample:		339.2 time, 350.9 real, 45.2 MB
[runlim] sample:		349.2 time, 360.9 real, 45.2 MB
[runlim] sample:		358.7 time, 370.9 real, 45.2 MB
[runlim] sample:		367.1 time, 380.9 real, 45.2 MB
[runlim] sample:		375.2 time, 390.9 real, 45.2 MB
[runlim] sample:		384.2 time, 400.9 real, 45.2 MB
[runlim] sample:		393.1 time, 410.9 real, 45.2 MB
[runlim] sample:		401.3 time, 420.9 real, 45.2 MB
[runlim] sample:		409.8 time, 430.9 real, 45.2 MB
[runlim] sample:		418.4 time, 440.9 real, 45.2 MB
[runlim] sample:		427.6 time, 450.9 real, 45.2 MB
[runlim] sample:		434.9 time, 460.9 real, 45.2 MB
[runlim] sample:		444.7 time, 470.9 real, 45.2 MB
[runlim] sample:		454.7 time, 480.9 real, 45.2 MB
[runlim] sample:		464.7 time, 490.9 real, 45.2 MB
[runlim] sample:		474.7 time, 500.9 real, 45.5 MB
[runlim] sample:		484.7 time, 510.9 real, 45.5 MB
[runlim] sample:		494.7 time, 520.9 real, 45.7 MB
[runlim] sample:		504.7 time, 530.9 real, 46.0 MB
[runlim] sample:		514.7 time, 540.9 real, 46.3 MB
[runlim] sample:		523.8 time, 550.9 real, 46.8 MB
[runlim] sample:		532.3 time, 560.9 real, 47.2 MB
[runlim] sample:		539.8 time, 570.9 real, 47.2 MB
[runlim] sample:		548.7 time, 580.9 real, 47.5 MB
[runlim] sample:		557.2 time, 590.9 real, 47.5 MB
[runlim] sample:		566.7 time, 600.9 real, 47.5 MB
[runlim] sample:		575.7 time, 610.9 real, 47.7 MB
[runlim] sample:		585.7 time, 620.9 real, 48.2 MB
[runlim] sample:		595.3 time, 630.9 real, 48.4 MB
[runlim] sample:		605.0 time, 640.9 real, 48.4 MB
[runlim] sample:		614.6 time, 650.9 real, 48.5 MB
[runlim] sample:		624.5 time, 660.9 real, 48.5 MB
[runlim] sample:		634.5 time, 670.9 real, 48.5 MB
[runlim] sample:		644.5 time, 680.9 real, 48.6 MB
[runlim] sample:		654.5 time, 690.9 real, 48.6 MB
[runlim] sample:		664.4 time, 700.9 real, 48.9 MB
[runlim] sample:		674.0 time, 710.9 real, 49.3 MB
[runlim] sample:		683.6 time, 720.9 real, 49.6 MB
[runlim] sample:		693.0 time, 730.9 real, 49.8 MB
[runlim] sample:		702.9 time, 740.9 real, 50.5 MB
[runlim] sample:		712.6 time, 750.9 real, 50.4 MB
[runlim] sample:		721.2 time, 760.9 real, 50.6 MB
[runlim] sample:		731.1 time, 770.9 real, 50.3 MB
[runlim] sample:		741.0 time, 780.9 real, 50.4 MB
[runlim] sample:		749.8 time, 790.9 real, 50.5 MB
[runlim] sample:		759.5 time, 800.9 real, 50.5 MB
[runlim] sample:		769.1 time, 810.9 real, 50.7 MB
[runlim] sample:		776.1 time, 820.9 real, 52.0 MB
[runlim] sample:		780.6 time, 830.9 real, 51.4 MB
[runlim] sample:		785.0 time, 840.9 real, 51.9 MB
[runlim] sample:		789.0 time, 850.9 real, 51.3 MB
[runlim] sample:		793.2 time, 860.9 real, 74.7 MB
[runlim] sample:		797.4 time, 870.9 real, 74.7 MB
[runlim] sample:		801.7 time, 880.9 real, 74.7 MB
[runlim] sample:		806.0 time, 890.9 real, 74.7 MB
[runlim] sample:		810.2 time, 900.9 real, 74.7 MB
[runlim] sample:		813.5 time, 910.9 real, 74.7 MB
[runlim] sample:		817.0 time, 920.9 real, 74.7 MB
[runlim] sample:		820.2 time, 930.9 real, 74.7 MB
[runlim] sample:		823.5 time, 940.9 real, 74.7 MB
[runlim] sample:		827.1 time, 950.9 real, 74.7 MB
[runlim] sample:		830.6 time, 960.9 real, 74.7 MB
[runlim] sample:		834.0 time, 970.9 real, 74.7 MB
[runlim] sample:		837.4 time, 980.9 real, 74.7 MB
[runlim] sample:		840.9 time, 990.9 real, 74.7 MB
[runlim] sample:		844.2 time, 1000.9 real, 74.7 MB
[runlim] sample:		847.6 time, 1010.9 real, 74.7 MB
[runlim] sample:		850.9 time, 1020.9 real, 74.7 MB
[runlim] sample:		854.2 time, 1030.9 real, 74.7 MB
[runlim] sample:		857.7 time, 1040.9 real, 74.7 MB
[runlim] sample:		860.9 time, 1050.9 real, 74.7 MB
[runlim] sample:		864.0 time, 1060.9 real, 74.7 MB
[runlim] sample:		867.6 time, 1070.9 real, 74.7 MB
[runlim] sample:		870.9 time, 1080.9 real, 74.7 MB
[runlim] sample:		874.4 time, 1090.9 real, 74.7 MB
[runlim] sample:		878.1 time, 1100.9 real, 74.7 MB
[runlim] sample:		881.2 time, 1110.9 real, 74.7 MB
[runlim] sample:		884.8 time, 1120.9 real, 74.7 MB
[runlim] sample:		888.0 time, 1130.9 real, 74.7 MB
[runlim] sample:		891.0 time, 1140.9 real, 74.7 MB
[runlim] sample:		894.5 time, 1150.9 real, 74.7 MB
[runlim] sample:		898.0 time, 1160.9 real, 74.7 MB
[runlim] sample:		901.4 time, 1170.9 real, 74.7 MB
[runlim] sample:		904.5 time, 1180.9 real, 74.7 MB
[runlim] sample:		907.7 time, 1190.9 real, 74.7 MB
[runlim] sample:		911.0 time, 1200.9 real, 74.7 MB
[runlim] sample:		913.9 time, 1210.9 real, 74.7 MB
[runlim] sample:		917.2 time, 1220.9 real, 74.7 MB
[runlim] sample:		920.1 time, 1230.9 real, 74.7 MB
[runlim] sample:		922.7 time, 1240.9 real, 74.7 MB
[runlim] sample:		925.4 time, 1250.9 real, 74.7 MB
[runlim] sample:		928.1 time, 1260.9 real, 74.7 MB
[runlim] sample:		930.8 time, 1270.9 real, 74.7 MB
[runlim] sample:		933.5 time, 1280.9 real, 74.7 MB
[runlim] sample:		936.2 time, 1290.9 real, 74.7 MB
[runlim] sample:		939.0 time, 1300.9 real, 74.7 MB
[runlim] sample:		941.6 time, 1310.9 real, 74.7 MB
[runlim] sample:		944.3 time, 1320.9 real, 74.7 MB
[runlim] sample:		947.0 time, 1330.9 real, 74.7 MB
[runlim] sample:		949.6 time, 1340.9 real, 74.7 MB
[runlim] sample:		952.3 time, 1350.9 real, 74.7 MB
[runlim] sample:		955.2 time, 1360.9 real, 74.7 MB
[runlim] sample:		957.8 time, 1370.9 real, 74.7 MB
[runlim] sample:		960.5 time, 1380.9 real, 74.7 MB
[runlim] sample:		963.3 time, 1390.9 real, 74.7 MB
[runlim] sample:		966.1 time, 1400.9 real, 74.7 MB
[runlim] sample:		968.9 time, 1410.9 real, 74.7 MB
[runlim] sample:		971.8 time, 1420.9 real, 74.7 MB
[runlim] sample:		974.7 time, 1430.9 real, 74.7 MB
[runlim] sample:		977.3 time, 1440.9 real, 74.7 MB
[runlim] sample:		980.0 time, 1450.9 real, 74.7 MB
[runlim] sample:		982.7 time, 1460.9 real, 74.7 MB
[runlim] sample:		985.3 time, 1470.9 real, 74.7 MB
[runlim] sample:		988.0 time, 1480.9 real, 74.7 MB
[runlim] sample:		990.7 time, 1490.9 real, 74.7 MB
[runlim] sample:		993.4 time, 1500.9 real, 74.7 MB
[runlim] sample:		996.2 time, 1510.9 real, 74.7 MB
[runlim] sample:		998.9 time, 1520.9 real, 74.7 MB
[runlim] sample:		1001.6 time, 1530.9 real, 74.7 MB
[runlim] sample:		1004.4 time, 1540.9 real, 74.7 MB
[runlim] sample:		1007.1 time, 1550.9 real, 74.7 MB
[runlim] sample:		1009.7 time, 1560.9 real, 74.7 MB
[runlim] sample:		1012.4 time, 1570.9 real, 74.7 MB
[runlim] sample:		1015.1 time, 1580.9 real, 74.7 MB
[runlim] sample:		1017.8 time, 1590.9 real, 74.7 MB
[runlim] sample:		1020.5 time, 1600.9 real, 74.7 MB
[runlim] sample:		1023.2 time, 1610.9 real, 74.7 MB
[runlim] sample:		1026.0 time, 1620.9 real, 74.7 MB
[runlim] sample:		1028.7 time, 1630.9 real, 74.7 MB
[runlim] sample:		1031.5 time, 1640.9 real, 74.7 MB
[runlim] sample:		1034.2 time, 1650.9 real, 74.7 MB
[runlim] sample:		1036.9 time, 1660.9 real, 74.7 MB
[runlim] sample:		1039.7 time, 1670.9 real, 74.7 MB
[runlim] sample:		1042.3 time, 1680.9 real, 74.7 MB
[runlim] sample:		1045.0 time, 1690.9 real, 74.7 MB
[runlim] sample:		1047.8 time, 1700.9 real, 74.7 MB
[runlim] sample:		1050.7 time, 1710.9 real, 74.7 MB
[runlim] sample:		1053.4 time, 1720.9 real, 74.7 MB
[runlim] sample:		1056.3 time, 1730.9 real, 74.7 MB
[runlim] sample:		1059.5 time, 1740.9 real, 74.7 MB
[runlim] sample:		1062.3 time, 1750.9 real, 74.7 MB
[runlim] sample:		1065.0 time, 1760.9 real, 74.7 MB
[runlim] sample:		1067.6 time, 1770.9 real, 74.7 MB
[runlim] sample:		1070.3 time, 1780.9 real, 74.7 MB
[runlim] sample:		1072.9 time, 1790.9 real, 74.7 MB
[runlim] sample:		1075.8 time, 1800.9 real, 74.7 MB
[runlim] sample:		1078.5 time, 1810.9 real, 74.7 MB
[runlim] sample:		1081.3 time, 1820.9 real, 74.7 MB
[runlim] sample:		1083.9 time, 1830.9 real, 74.7 MB
[runlim] sample:		1086.6 time, 1840.9 real, 74.7 MB
[runlim] sample:		1089.2 time, 1850.9 real, 74.7 MB
[runlim] sample:		1091.9 time, 1860.9 real, 74.7 MB
[runlim] sample:		1094.6 time, 1870.9 real, 74.7 MB
[runlim] sample:		1097.2 time, 1880.9 real, 74.7 MB
[runlim] sample:		1099.9 time, 1890.9 real, 74.7 MB
[runlim] sample:		1102.6 time, 1900.9 real, 74.7 MB
[runlim] sample:		1105.6 time, 1910.9 real, 74.7 MB
[runlim] sample:		1108.5 time, 1920.9 real, 74.7 MB
[runlim] sample:		1111.3 time, 1930.9 real, 74.7 MB
[runlim] sample:		1114.1 time, 1940.9 real, 74.7 MB
[runlim] sample:		1116.9 time, 1950.9 real, 74.7 MB
[runlim] sample:		1119.5 time, 1960.9 real, 74.7 MB
[runlim] sample:		1122.1 time, 1970.9 real, 74.7 MB
[runlim] sample:		1124.8 time, 1980.9 real, 74.7 MB
[runlim] sample:		1127.3 time, 1990.9 real, 74.7 MB
[runlim] sample:		1129.7 time, 2000.9 real, 74.7 MB
[runlim] sample:		1132.0 time, 2010.9 real, 74.7 MB
[runlim] sample:		1134.2 time, 2020.9 real, 74.7 MB
[runlim] sample:		1136.5 time, 2030.9 real, 74.7 MB
[runlim] sample:		1138.8 time, 2040.9 real, 74.7 MB
[runlim] sample:		1141.2 time, 2050.9 real, 74.7 MB
[runlim] sample:		1143.5 time, 2060.9 real, 74.7 MB
[runlim] sample:		1145.9 time, 2070.9 real, 74.7 MB
[runlim] sample:		1148.2 time, 2080.9 real, 74.7 MB
[runlim] sample:		1150.4 time, 2090.9 real, 74.7 MB
[runlim] sample:		1152.8 time, 2100.9 real, 74.7 MB
