[runlim] version:		1.10fixed
[runlim] time limit:		1800 seconds
[runlim] real time limit:	311040000 seconds
[runlim] space limit:		4000 MB
[runlim] argv[0]:		./z3
[runlim] argv[1]:		/tmp/GHgPWTJ0.smt2
[runlim] start:			Fri Feb 15 06:12:59 2019
[runlim] main pid:		28994
[runlim] sample:		9.5 time, 10.3 real, 20.9 MB
[runlim] sample:		19.5 time, 20.3 real, 22.5 MB
[runlim] sample:		28.8 time, 30.3 real, 23.7 MB
[runlim] sample:		38.0 time, 40.3 real, 25.2 MB
[runlim] sample:		47.3 time, 50.3 real, 27.8 MB
[runlim] sample:		56.5 time, 60.3 real, 28.5 MB
[runlim] sample:		66.4 time, 70.3 real, 28.5 MB
[runlim] sample:		76.0 time, 80.3 real, 28.5 MB
[runlim] sample:		85.7 time, 90.3 real, 28.5 MB
[runlim] sample:		95.3 time, 100.3 real, 28.5 MB
[runlim] sample:		104.3 time, 110.3 real, 28.5 MB
[runlim] sample:		113.2 time, 120.3 real, 28.8 MB
[runlim] sample:		123.2 time, 130.3 real, 29.0 MB
[runlim] sample:		133.1 time, 140.3 real, 29.3 MB
[runlim] end:			Fri Feb 15 06:15:23 2019
[runlim] status:		ok
[runlim] result:		0
[runlim] children:		0
[runlim] real:			144.07 seconds
[runlim] time:			136.80 seconds
[runlim] space:			29.6 MB
[runlim] samples:		1437
