[runlim] version:		1.10fixed
[runlim] time limit:		300 seconds
[runlim] real time limit:	311040000 seconds
[runlim] space limit:		4000 MB
[runlim] argv[0]:		./z3
[runlim] argv[1]:		/tmp/YRCiJou8.smt2
[runlim] start:			Thu Feb 14 00:28:28 2019
[runlim] main pid:		26716
[runlim] sample:		8.6 time, 10.9 real, 20.6 MB
[runlim] sample:		18.5 time, 20.9 real, 21.9 MB
[runlim] sample:		28.4 time, 30.9 real, 23.7 MB
[runlim] sample:		38.4 time, 40.9 real, 23.7 MB
[runlim] sample:		48.4 time, 50.9 real, 24.1 MB
[runlim] sample:		58.4 time, 60.9 real, 26.0 MB
[runlim] sample:		68.4 time, 70.9 real, 28.3 MB
[runlim] sample:		78.4 time, 80.9 real, 28.3 MB
[runlim] sample:		88.4 time, 90.9 real, 28.3 MB
[runlim] sample:		98.0 time, 100.9 real, 28.3 MB
[runlim] sample:		108.0 time, 110.9 real, 28.3 MB
[runlim] sample:		118.0 time, 120.9 real, 28.4 MB
[runlim] sample:		128.0 time, 130.9 real, 30.8 MB
[runlim] sample:		138.0 time, 140.9 real, 30.8 MB
[runlim] sample:		148.0 time, 150.9 real, 30.8 MB
[runlim] sample:		158.0 time, 160.9 real, 30.8 MB
[runlim] sample:		168.0 time, 170.9 real, 30.8 MB
[runlim] sample:		178.0 time, 180.9 real, 31.1 MB
[runlim] sample:		188.0 time, 190.9 real, 31.2 MB
[runlim] sample:		198.0 time, 200.9 real, 31.1 MB
[runlim] sample:		208.0 time, 210.9 real, 31.1 MB
[runlim] sample:		218.0 time, 220.9 real, 31.1 MB
[runlim] sample:		228.0 time, 230.9 real, 31.1 MB
[runlim] sample:		238.0 time, 240.9 real, 33.4 MB
[runlim] sample:		248.0 time, 250.9 real, 33.4 MB
[runlim] sample:		258.0 time, 260.9 real, 33.4 MB
[runlim] sample:		268.0 time, 270.9 real, 36.0 MB
[runlim] sample:		278.0 time, 280.9 real, 37.0 MB
[runlim] sample:		288.0 time, 290.9 real, 39.0 MB
[runlim] sample:		298.0 time, 300.9 real, 40.6 MB
[runlim] end:			Thu Feb 14 00:33:30 2019
[runlim] status:		out of time
[runlim] result:		2
[runlim] children:		0
[runlim] real:			302.98 seconds
[runlim] time:			300.09 seconds
[runlim] space:			40.6 MB
[runlim] samples:		3021
