[runlim] version:		1.10fixed
[runlim] time limit:		300 seconds
[runlim] real time limit:	311040000 seconds
[runlim] space limit:		4000 MB
[runlim] argv[0]:		./z3
[runlim] argv[1]:		/tmp/QW1usEOi.smt2
[runlim] start:			Thu Feb 14 00:28:59 2019
[runlim] main pid:		27794
[runlim] sample:		8.8 time, 10.3 real, 25.5 MB
[runlim] sample:		17.2 time, 20.3 real, 25.5 MB
[runlim] sample:		26.3 time, 30.3 real, 28.1 MB
[runlim] sample:		36.3 time, 40.3 real, 29.5 MB
[runlim] sample:		46.3 time, 50.3 real, 33.4 MB
[runlim] sample:		55.1 time, 60.3 real, 50.9 MB
[runlim] sample:		64.8 time, 70.3 real, 53.2 MB
[runlim] sample:		74.8 time, 80.3 real, 67.4 MB
[runlim] sample:		84.8 time, 90.3 real, 70.7 MB
[runlim] sample:		94.8 time, 100.3 real, 71.3 MB
[runlim] sample:		104.8 time, 110.3 real, 71.8 MB
[runlim] sample:		114.8 time, 120.3 real, 72.0 MB
[runlim] sample:		124.8 time, 130.3 real, 73.1 MB
[runlim] sample:		134.3 time, 140.3 real, 73.8 MB
[runlim] sample:		143.9 time, 150.3 real, 74.4 MB
[runlim] sample:		153.2 time, 160.3 real, 74.9 MB
[runlim] sample:		162.3 time, 170.3 real, 77.2 MB
[runlim] sample:		171.3 time, 180.3 real, 77.4 MB
[runlim] sample:		180.1 time, 190.3 real, 77.9 MB
[runlim] sample:		189.5 time, 200.3 real, 78.2 MB
[runlim] sample:		199.4 time, 210.3 real, 80.2 MB
[runlim] sample:		209.4 time, 220.3 real, 82.8 MB
[runlim] sample:		219.4 time, 230.3 real, 84.6 MB
[runlim] sample:		229.4 time, 240.3 real, 86.5 MB
[runlim] sample:		239.4 time, 250.3 real, 96.2 MB
[runlim] sample:		249.4 time, 260.3 real, 101.8 MB
[runlim] sample:		259.4 time, 270.3 real, 107.8 MB
[runlim] sample:		269.4 time, 280.3 real, 109.8 MB
[runlim] sample:		279.4 time, 290.3 real, 116.3 MB
[runlim] sample:		289.4 time, 300.3 real, 121.9 MB
[runlim] sample:		298.9 time, 310.3 real, 122.1 MB
[runlim] end:			Thu Feb 14 00:34:10 2019
[runlim] status:		out of time
[runlim] result:		2
[runlim] children:		0
[runlim] real:			311.74 seconds
[runlim] time:			300.02 seconds
[runlim] space:			122.1 MB
[runlim] samples:		3114
