[runlim] version:		1.10fixed
[runlim] time limit:		300 seconds
[runlim] real time limit:	311040000 seconds
[runlim] space limit:		4000 MB
[runlim] argv[0]:		./z3
[runlim] argv[1]:		/tmp/bUSBmh71.smt2
[runlim] start:			Thu Feb 14 00:32:27 2019
[runlim] main pid:		22496
[runlim] sample:		9.8 time, 10.2 real, 30.4 MB
[runlim] sample:		19.4 time, 20.2 real, 30.6 MB
[runlim] sample:		29.4 time, 30.2 real, 36.1 MB
[runlim] sample:		39.0 time, 40.2 real, 40.3 MB
[runlim] sample:		47.4 time, 50.2 real, 43.0 MB
[runlim] sample:		56.0 time, 60.2 real, 41.8 MB
[runlim] sample:		65.4 time, 70.2 real, 44.9 MB
[runlim] sample:		75.1 time, 80.2 real, 45.7 MB
[runlim] sample:		83.6 time, 90.2 real, 49.8 MB
[runlim] sample:		92.9 time, 100.2 real, 50.8 MB
[runlim] sample:		102.9 time, 110.2 real, 54.6 MB
[runlim] sample:		112.9 time, 120.2 real, 62.6 MB
[runlim] sample:		122.9 time, 130.2 real, 62.8 MB
[runlim] sample:		132.9 time, 140.2 real, 64.4 MB
[runlim] sample:		142.9 time, 150.2 real, 63.1 MB
[runlim] sample:		152.9 time, 160.2 real, 65.7 MB
[runlim] sample:		162.9 time, 170.2 real, 62.9 MB
[runlim] sample:		172.8 time, 180.2 real, 62.9 MB
[runlim] sample:		182.8 time, 190.2 real, 63.6 MB
[runlim] sample:		192.8 time, 200.2 real, 66.2 MB
[runlim] sample:		201.6 time, 210.2 real, 66.9 MB
[runlim] sample:		210.9 time, 220.2 real, 66.9 MB
[runlim] sample:		220.2 time, 230.2 real, 66.9 MB
[runlim] sample:		229.5 time, 240.2 real, 71.5 MB
[runlim] sample:		238.8 time, 250.2 real, 79.9 MB
[runlim] sample:		248.1 time, 260.2 real, 85.7 MB
[runlim] sample:		257.4 time, 270.2 real, 89.8 MB
[runlim] sample:		266.7 time, 280.2 real, 90.6 MB
[runlim] sample:		276.6 time, 290.2 real, 96.2 MB
[runlim] sample:		286.6 time, 300.2 real, 111.5 MB
[runlim] sample:		296.4 time, 310.2 real, 118.7 MB
[runlim] end:			Thu Feb 14 00:37:41 2019
[runlim] status:		out of time
[runlim] result:		2
[runlim] children:		0
[runlim] real:			314.34 seconds
[runlim] time:			300.08 seconds
[runlim] space:			122.3 MB
[runlim] samples:		3141
