[runlim] version:		1.10fixed
[runlim] time limit:		300 seconds
[runlim] real time limit:	311040000 seconds
[runlim] space limit:		4000 MB
[runlim] argv[0]:		./z3
[runlim] argv[1]:		/tmp/3ckKmzSz.smt2
[runlim] start:			Tue Jan 29 16:17:06 2019
[runlim] main pid:		9225
[runlim] sample:		9.3 time, 10.7 real, 34.8 MB
[runlim] sample:		19.0 time, 20.7 real, 34.8 MB
[runlim] sample:		28.7 time, 30.7 real, 34.8 MB
[runlim] sample:		37.5 time, 40.7 real, 34.8 MB
[runlim] sample:		46.7 time, 50.7 real, 35.9 MB
[runlim] sample:		56.6 time, 60.7 real, 44.6 MB
[runlim] sample:		65.8 time, 70.7 real, 44.1 MB
[runlim] sample:		75.8 time, 80.7 real, 44.1 MB
[runlim] sample:		85.6 time, 90.7 real, 44.4 MB
[runlim] sample:		94.8 time, 100.7 real, 44.2 MB
[runlim] sample:		104.8 time, 110.7 real, 144.4 MB
[runlim] sample:		114.8 time, 120.7 real, 144.4 MB
[runlim] sample:		123.9 time, 130.7 real, 144.4 MB
[runlim] sample:		133.0 time, 140.7 real, 144.4 MB
[runlim] sample:		143.0 time, 150.7 real, 144.4 MB
[runlim] sample:		152.9 time, 160.7 real, 144.4 MB
[runlim] sample:		162.9 time, 170.7 real, 144.4 MB
[runlim] sample:		172.6 time, 180.7 real, 144.7 MB
[runlim] sample:		182.0 time, 190.7 real, 145.3 MB
[runlim] sample:		190.2 time, 200.6 real, 144.5 MB
[runlim] sample:		199.2 time, 210.7 real, 122.2 MB
[runlim] sample:		208.9 time, 220.7 real, 153.9 MB
[runlim] sample:		218.9 time, 230.7 real, 153.9 MB
[runlim] sample:		228.9 time, 240.7 real, 154.2 MB
[runlim] sample:		238.9 time, 250.7 real, 154.2 MB
[runlim] sample:		248.9 time, 260.7 real, 154.2 MB
[runlim] sample:		258.9 time, 270.7 real, 154.2 MB
[runlim] sample:		268.9 time, 280.7 real, 154.2 MB
[runlim] sample:		278.9 time, 290.7 real, 154.2 MB
[runlim] sample:		288.9 time, 300.6 real, 154.2 MB
[runlim] sample:		298.9 time, 310.7 real, 154.2 MB
[runlim] end:			Tue Jan 29 16:22:17 2019
[runlim] status:		out of time
[runlim] result:		2
[runlim] children:		0
[runlim] real:			311.79 seconds
[runlim] time:			300.03 seconds
[runlim] space:			154.2 MB
[runlim] samples:		3111
