[runlim] version:		1.10fixed
[runlim] time limit:		1800 seconds
[runlim] real time limit:	311040000 seconds
[runlim] space limit:		4000 MB
[runlim] argv[0]:		./z3
[runlim] argv[1]:		/tmp/Riv0MvDx.smt2
[runlim] start:			Sun Feb  3 03:26:28 2019
[runlim] main pid:		18388
[runlim] sample:		9.6 time, 10.9 real, 71.3 MB
[runlim] sample:		19.2 time, 20.9 real, 71.3 MB
[runlim] sample:		28.9 time, 30.9 real, 51.3 MB
[runlim] sample:		38.5 time, 40.9 real, 60.9 MB
[runlim] sample:		48.2 time, 50.9 real, 62.2 MB
[runlim] sample:		57.9 time, 60.9 real, 62.9 MB
[runlim] sample:		67.8 time, 70.9 real, 62.9 MB
[runlim] sample:		77.8 time, 80.9 real, 72.0 MB
[runlim] sample:		87.8 time, 90.9 real, 72.2 MB
[runlim] sample:		97.8 time, 100.9 real, 52.8 MB
[runlim] sample:		107.7 time, 110.9 real, 58.0 MB
[runlim] sample:		116.6 time, 120.9 real, 78.3 MB
[runlim] sample:		126.4 time, 130.9 real, 78.6 MB
[runlim] sample:		135.4 time, 140.9 real, 78.6 MB
[runlim] sample:		145.0 time, 150.9 real, 66.1 MB
[runlim] sample:		154.0 time, 160.9 real, 66.1 MB
[runlim] sample:		162.9 time, 170.9 real, 66.1 MB
[runlim] sample:		172.5 time, 180.9 real, 82.8 MB
[runlim] sample:		182.2 time, 190.9 real, 83.4 MB
[runlim] sample:		191.3 time, 200.9 real, 83.4 MB
[runlim] sample:		200.9 time, 210.9 real, 65.8 MB
[runlim] sample:		210.2 time, 220.9 real, 65.8 MB
[runlim] sample:		220.1 time, 230.9 real, 65.8 MB
[runlim] sample:		229.7 time, 240.9 real, 65.8 MB
[runlim] sample:		239.3 time, 250.9 real, 65.8 MB
[runlim] sample:		249.0 time, 260.9 real, 65.8 MB
[runlim] sample:		258.6 time, 270.9 real, 65.8 MB
[runlim] sample:		268.1 time, 280.9 real, 65.8 MB
[runlim] sample:		277.8 time, 290.9 real, 65.8 MB
[runlim] sample:		287.4 time, 300.9 real, 65.8 MB
[runlim] sample:		296.5 time, 310.9 real, 65.8 MB
[runlim] sample:		306.0 time, 320.9 real, 65.8 MB
[runlim] sample:		315.2 time, 330.9 real, 65.8 MB
[runlim] sample:		324.5 time, 340.9 real, 65.8 MB
[runlim] sample:		334.0 time, 350.9 real, 65.8 MB
[runlim] sample:		343.5 time, 360.9 real, 65.8 MB
[runlim] sample:		353.1 time, 370.9 real, 65.8 MB
[runlim] sample:		362.5 time, 380.9 real, 65.8 MB
[runlim] sample:		371.8 time, 390.9 real, 65.8 MB
[runlim] sample:		381.2 time, 400.9 real, 65.8 MB
[runlim] sample:		390.5 time, 410.9 real, 65.8 MB
[runlim] sample:		399.9 time, 420.9 real, 65.8 MB
[runlim] sample:		409.7 time, 430.9 real, 65.8 MB
[runlim] sample:		418.9 time, 440.9 real, 65.8 MB
[runlim] sample:		428.5 time, 450.9 real, 65.8 MB
[runlim] sample:		438.1 time, 460.9 real, 65.8 MB
[runlim] sample:		447.7 time, 470.9 real, 65.8 MB
[runlim] sample:		457.4 time, 480.9 real, 65.8 MB
[runlim] sample:		466.9 time, 490.9 real, 65.8 MB
[runlim] sample:		476.3 time, 500.9 real, 65.8 MB
[runlim] sample:		485.7 time, 510.9 real, 65.8 MB
[runlim] sample:		495.0 time, 520.9 real, 65.8 MB
[runlim] sample:		504.5 time, 530.9 real, 65.8 MB
[runlim] sample:		514.0 time, 540.9 real, 65.8 MB
[runlim] sample:		523.6 time, 550.9 real, 65.8 MB
[runlim] sample:		533.3 time, 560.9 real, 65.7 MB
[runlim] sample:		542.6 time, 570.9 real, 65.7 MB
[runlim] sample:		552.2 time, 580.9 real, 65.7 MB
[runlim] sample:		561.6 time, 590.9 real, 65.7 MB
[runlim] sample:		570.9 time, 600.9 real, 65.7 MB
[runlim] sample:		580.2 time, 610.9 real, 65.7 MB
[runlim] sample:		589.7 time, 620.9 real, 65.7 MB
[runlim] sample:		599.7 time, 630.9 real, 65.7 MB
[runlim] sample:		609.2 time, 640.9 real, 65.7 MB
[runlim] sample:		618.6 time, 650.9 real, 102.3 MB
[runlim] sample:		627.9 time, 660.9 real, 102.3 MB
[runlim] sample:		637.6 time, 670.9 real, 102.3 MB
[runlim] sample:		647.2 time, 680.9 real, 102.3 MB
[runlim] sample:		656.9 time, 690.9 real, 102.3 MB
[runlim] sample:		666.6 time, 700.9 real, 102.3 MB
[runlim] sample:		676.3 time, 710.9 real, 102.3 MB
[runlim] sample:		686.0 time, 720.9 real, 102.3 MB
[runlim] sample:		695.7 time, 730.9 real, 102.3 MB
[runlim] sample:		705.4 time, 740.9 real, 102.3 MB
[runlim] sample:		715.0 time, 750.9 real, 102.3 MB
[runlim] sample:		724.7 time, 760.9 real, 102.3 MB
[runlim] sample:		734.4 time, 770.9 real, 102.3 MB
[runlim] sample:		744.4 time, 780.9 real, 102.3 MB
[runlim] sample:		754.4 time, 790.9 real, 102.3 MB
[runlim] sample:		764.4 time, 800.9 real, 102.3 MB
[runlim] sample:		774.4 time, 810.9 real, 102.3 MB
[runlim] sample:		784.4 time, 820.9 real, 102.3 MB
[runlim] sample:		794.4 time, 830.9 real, 102.3 MB
[runlim] sample:		804.4 time, 840.9 real, 102.3 MB
[runlim] sample:		814.2 time, 850.9 real, 102.3 MB
[runlim] sample:		823.9 time, 860.9 real, 102.3 MB
[runlim] sample:		833.4 time, 870.9 real, 102.3 MB
[runlim] sample:		842.4 time, 880.9 real, 102.3 MB
[runlim] sample:		851.4 time, 890.9 real, 102.3 MB
[runlim] sample:		860.4 time, 900.9 real, 102.3 MB
[runlim] sample:		869.5 time, 910.9 real, 102.3 MB
[runlim] sample:		878.5 time, 920.9 real, 102.3 MB
[runlim] sample:		887.5 time, 930.9 real, 102.3 MB
[runlim] sample:		896.5 time, 940.9 real, 102.5 MB
[runlim] sample:		905.6 time, 950.9 real, 102.5 MB
[runlim] sample:		914.6 time, 960.9 real, 102.5 MB
[runlim] sample:		923.6 time, 970.9 real, 102.5 MB
[runlim] sample:		932.6 time, 980.9 real, 102.5 MB
[runlim] sample:		942.2 time, 990.9 real, 102.5 MB
[runlim] sample:		951.9 time, 1000.9 real, 102.5 MB
[runlim] sample:		961.6 time, 1010.9 real, 102.5 MB
[runlim] sample:		970.7 time, 1020.9 real, 102.5 MB
[runlim] sample:		979.7 time, 1030.9 real, 102.5 MB
[runlim] sample:		989.5 time, 1040.9 real, 102.5 MB
[runlim] sample:		999.5 time, 1050.9 real, 102.5 MB
[runlim] sample:		1009.5 time, 1060.9 real, 102.5 MB
[runlim] sample:		1019.5 time, 1070.9 real, 102.5 MB
[runlim] sample:		1029.5 time, 1080.9 real, 102.5 MB
[runlim] sample:		1039.5 time, 1090.9 real, 102.5 MB
[runlim] sample:		1049.1 time, 1100.9 real, 103.6 MB
[runlim] sample:		1058.7 time, 1110.9 real, 103.8 MB
[runlim] sample:		1068.4 time, 1120.9 real, 104.8 MB
[runlim] sample:		1078.2 time, 1130.9 real, 106.1 MB
[runlim] sample:		1088.2 time, 1140.9 real, 106.9 MB
[runlim] sample:		1098.2 time, 1150.9 real, 111.0 MB
[runlim] sample:		1108.2 time, 1160.9 real, 111.8 MB
[runlim] sample:		1118.2 time, 1170.9 real, 112.6 MB
[runlim] sample:		1128.2 time, 1180.9 real, 112.8 MB
[runlim] sample:		1138.2 time, 1190.9 real, 113.4 MB
[runlim] sample:		1148.2 time, 1200.9 real, 114.6 MB
[runlim] sample:		1158.2 time, 1210.9 real, 115.7 MB
[runlim] sample:		1168.2 time, 1220.9 real, 116.4 MB
[runlim] sample:		1178.2 time, 1230.9 real, 117.5 MB
[runlim] sample:		1188.2 time, 1240.9 real, 118.0 MB
[runlim] sample:		1198.2 time, 1250.9 real, 118.7 MB
[runlim] sample:		1208.2 time, 1260.9 real, 118.7 MB
[runlim] sample:		1218.2 time, 1270.9 real, 119.5 MB
[runlim] sample:		1228.2 time, 1280.9 real, 119.5 MB
[runlim] sample:		1238.2 time, 1290.9 real, 120.5 MB
[runlim] sample:		1248.2 time, 1300.9 real, 121.0 MB
[runlim] sample:		1258.2 time, 1310.9 real, 123.6 MB
[runlim] sample:		1268.2 time, 1320.9 real, 124.1 MB
[runlim] sample:		1278.2 time, 1330.9 real, 124.9 MB
[runlim] sample:		1288.2 time, 1340.9 real, 124.9 MB
[runlim] sample:		1298.2 time, 1350.9 real, 124.9 MB
[runlim] sample:		1307.8 time, 1360.9 real, 124.9 MB
[runlim] sample:		1317.6 time, 1370.9 real, 125.7 MB
[runlim] sample:		1326.3 time, 1380.9 real, 125.7 MB
[runlim] sample:		1334.9 time, 1390.9 real, 126.2 MB
[runlim] sample:		1343.2 time, 1400.9 real, 127.2 MB
[runlim] sample:		1351.3 time, 1410.9 real, 127.5 MB
[runlim] sample:		1359.3 time, 1420.9 real, 127.5 MB
[runlim] sample:		1367.7 time, 1430.9 real, 127.5 MB
[runlim] sample:		1375.9 time, 1440.9 real, 127.5 MB
[runlim] sample:		1383.4 time, 1450.9 real, 127.7 MB
[runlim] sample:		1393.4 time, 1460.9 real, 128.0 MB
[runlim] sample:		1403.1 time, 1470.9 real, 128.0 MB
[runlim] sample:		1412.8 time, 1480.9 real, 128.0 MB
[runlim] sample:		1422.5 time, 1490.9 real, 128.0 MB
[runlim] sample:		1432.2 time, 1500.9 real, 128.5 MB
[runlim] sample:		1441.8 time, 1510.9 real, 129.3 MB
[runlim] sample:		1450.9 time, 1520.9 real, 129.3 MB
[runlim] sample:		1460.4 time, 1530.9 real, 129.8 MB
[runlim] sample:		1469.3 time, 1540.9 real, 130.3 MB
[runlim] sample:		1477.6 time, 1550.9 real, 131.1 MB
[runlim] sample:		1485.5 time, 1560.9 real, 131.1 MB
[runlim] sample:		1494.2 time, 1570.9 real, 131.1 MB
[runlim] sample:		1503.6 time, 1580.9 real, 131.3 MB
[runlim] sample:		1512.7 time, 1590.9 real, 131.3 MB
[runlim] sample:		1521.9 time, 1600.9 real, 131.3 MB
[runlim] sample:		1531.9 time, 1610.9 real, 131.9 MB
[runlim] sample:		1541.4 time, 1620.9 real, 132.1 MB
[runlim] sample:		1550.4 time, 1630.9 real, 132.9 MB
[runlim] sample:		1559.4 time, 1640.9 real, 133.1 MB
[runlim] sample:		1568.4 time, 1650.9 real, 133.7 MB
[runlim] sample:		1578.0 time, 1660.9 real, 133.7 MB
[runlim] sample:		1587.5 time, 1670.9 real, 134.2 MB
[runlim] sample:		1596.5 time, 1680.9 real, 134.4 MB
[runlim] sample:		1605.5 time, 1690.9 real, 134.4 MB
[runlim] sample:		1614.9 time, 1700.9 real, 134.7 MB
[runlim] sample:		1624.6 time, 1710.9 real, 134.9 MB
[runlim] sample:		1634.1 time, 1720.9 real, 134.9 MB
[runlim] sample:		1644.1 time, 1730.9 real, 135.2 MB
[runlim] sample:		1654.1 time, 1740.9 real, 135.5 MB
[runlim] sample:		1663.5 time, 1750.9 real, 136.2 MB
[runlim] sample:		1673.2 time, 1760.9 real, 136.5 MB
[runlim] sample:		1683.2 time, 1770.9 real, 136.5 MB
[runlim] sample:		1692.8 time, 1780.9 real, 136.5 MB
[runlim] sample:		1702.5 time, 1790.9 real, 136.5 MB
[runlim] sample:		1712.4 time, 1800.9 real, 137.3 MB
[runlim] sample:		1722.1 time, 1810.9 real, 139.1 MB
[runlim] sample:		1732.0 time, 1820.9 real, 140.9 MB
[runlim] sample:		1742.0 time, 1830.9 real, 143.2 MB
[runlim] sample:		1751.2 time, 1840.9 real, 143.5 MB
[runlim] sample:		1760.2 time, 1850.9 real, 143.5 MB
[runlim] sample:		1769.8 time, 1860.9 real, 143.5 MB
[runlim] sample:		1779.1 time, 1870.9 real, 144.0 MB
[runlim] sample:		1789.1 time, 1880.9 real, 144.7 MB
[runlim] sample:		1799.1 time, 1890.9 real, 145.3 MB
[runlim] end:			Sun Feb  3 03:57:59 2019
[runlim] status:		out of time
[runlim] result:		2
[runlim] children:		0
[runlim] real:			1891.82 seconds
[runlim] time:			1800.02 seconds
[runlim] space:			145.3 MB
[runlim] samples:		18909
