[runlim] version:		1.10fixed
[runlim] time limit:		1800 seconds
[runlim] real time limit:	311040000 seconds
[runlim] space limit:		4000 MB
[runlim] argv[0]:		./z3
[runlim] argv[1]:		/tmp/PtaVZnuI.smt2
[runlim] start:			Fri Feb  8 23:07:55 2019
[runlim] main pid:		6611
[runlim] sample:		7.9 time, 10.3 real, 25.2 MB
[runlim] sample:		16.6 time, 20.3 real, 25.7 MB
[runlim] sample:		26.1 time, 30.3 real, 26.6 MB
[runlim] sample:		36.1 time, 40.3 real, 35.6 MB
[runlim] sample:		46.1 time, 50.3 real, 35.3 MB
[runlim] sample:		56.1 time, 60.3 real, 35.3 MB
[runlim] sample:		66.1 time, 70.3 real, 35.6 MB
[runlim] sample:		76.1 time, 80.3 real, 35.3 MB
[runlim] sample:		86.1 time, 90.3 real, 36.2 MB
[runlim] sample:		95.7 time, 100.3 real, 36.0 MB
[runlim] sample:		105.1 time, 110.3 real, 36.0 MB
[runlim] sample:		115.1 time, 120.3 real, 36.0 MB
[runlim] sample:		125.1 time, 130.3 real, 36.0 MB
[runlim] sample:		135.1 time, 140.3 real, 36.0 MB
[runlim] sample:		145.1 time, 150.3 real, 36.0 MB
[runlim] sample:		154.7 time, 160.3 real, 35.9 MB
[runlim] sample:		164.5 time, 170.3 real, 36.0 MB
[runlim] sample:		173.5 time, 180.3 real, 35.9 MB
[runlim] sample:		181.7 time, 190.3 real, 36.0 MB
[runlim] sample:		189.8 time, 200.3 real, 36.0 MB
[runlim] sample:		198.6 time, 210.3 real, 36.0 MB
[runlim] sample:		208.1 time, 220.3 real, 35.8 MB
[runlim] sample:		218.1 time, 230.3 real, 35.3 MB
[runlim] sample:		228.1 time, 240.3 real, 35.5 MB
[runlim] sample:		238.1 time, 250.3 real, 35.4 MB
[runlim] sample:		248.1 time, 260.3 real, 35.3 MB
[runlim] sample:		258.1 time, 270.3 real, 35.3 MB
[runlim] sample:		267.2 time, 280.3 real, 35.3 MB
[runlim] sample:		276.5 time, 290.3 real, 35.3 MB
[runlim] sample:		286.5 time, 300.3 real, 35.3 MB
[runlim] sample:		296.5 time, 310.3 real, 35.3 MB
[runlim] sample:		306.5 time, 320.3 real, 35.3 MB
[runlim] sample:		316.5 time, 330.3 real, 35.3 MB
[runlim] sample:		326.4 time, 340.3 real, 35.3 MB
[runlim] sample:		336.4 time, 350.3 real, 35.4 MB
[runlim] sample:		346.0 time, 360.3 real, 35.3 MB
[runlim] sample:		356.0 time, 370.3 real, 35.6 MB
[runlim] sample:		366.0 time, 380.3 real, 35.3 MB
[runlim] sample:		376.0 time, 390.3 real, 35.3 MB
[runlim] sample:		386.0 time, 400.3 real, 35.3 MB
[runlim] sample:		395.7 time, 410.3 real, 35.7 MB
[runlim] sample:		405.4 time, 420.3 real, 35.4 MB
[runlim] sample:		415.0 time, 430.3 real, 39.1 MB
[runlim] sample:		424.7 time, 440.3 real, 39.0 MB
[runlim] sample:		434.4 time, 450.3 real, 40.4 MB
[runlim] sample:		443.5 time, 460.3 real, 178.4 MB
[runlim] sample:		452.1 time, 470.3 real, 291.8 MB
[runlim] sample:		461.5 time, 480.3 real, 604.7 MB
[runlim] sample:		471.3 time, 490.3 real, 688.9 MB
[runlim] sample:		481.3 time, 500.3 real, 688.9 MB
[runlim] sample:		490.7 time, 510.3 real, 688.9 MB
[runlim] sample:		499.3 time, 520.3 real, 688.9 MB
[runlim] sample:		508.0 time, 530.3 real, 688.9 MB
[runlim] sample:		515.8 time, 540.3 real, 688.9 MB
[runlim] sample:		524.2 time, 550.3 real, 688.9 MB
[runlim] sample:		532.9 time, 560.3 real, 688.9 MB
[runlim] sample:		541.5 time, 570.3 real, 688.9 MB
[runlim] sample:		549.6 time, 580.3 real, 688.9 MB
[runlim] sample:		559.4 time, 590.3 real, 688.9 MB
[runlim] sample:		569.4 time, 600.3 real, 688.9 MB
[runlim] sample:		579.3 time, 610.3 real, 688.9 MB
[runlim] sample:		589.4 time, 620.3 real, 688.9 MB
[runlim] sample:		599.3 time, 630.3 real, 688.9 MB
[runlim] sample:		609.3 time, 640.3 real, 688.9 MB
[runlim] sample:		619.3 time, 650.3 real, 690.5 MB
[runlim] sample:		628.3 time, 660.3 real, 690.7 MB
[runlim] sample:		637.2 time, 670.3 real, 690.7 MB
[runlim] sample:		645.5 time, 680.3 real, 690.7 MB
[runlim] sample:		654.5 time, 690.3 real, 690.7 MB
[runlim] sample:		662.8 time, 700.3 real, 690.7 MB
[runlim] sample:		670.6 time, 710.3 real, 690.7 MB
[runlim] sample:		679.4 time, 720.3 real, 690.7 MB
[runlim] sample:		687.9 time, 730.3 real, 690.7 MB
[runlim] sample:		697.2 time, 740.3 real, 690.7 MB
[runlim] sample:		705.8 time, 750.3 real, 690.7 MB
[runlim] sample:		715.4 time, 760.3 real, 690.7 MB
[runlim] sample:		725.1 time, 770.3 real, 690.7 MB
[runlim] sample:		734.7 time, 780.3 real, 690.7 MB
[runlim] sample:		744.1 time, 790.3 real, 690.7 MB
[runlim] sample:		753.6 time, 800.3 real, 690.7 MB
[runlim] sample:		763.3 time, 810.3 real, 690.7 MB
[runlim] sample:		772.9 time, 820.3 real, 690.7 MB
[runlim] sample:		782.2 time, 830.3 real, 690.7 MB
[runlim] sample:		791.8 time, 840.3 real, 690.7 MB
[runlim] sample:		801.0 time, 850.3 real, 690.7 MB
[runlim] sample:		809.8 time, 860.3 real, 690.7 MB
[runlim] sample:		819.0 time, 870.3 real, 690.7 MB
[runlim] sample:		829.0 time, 880.3 real, 690.7 MB
[runlim] sample:		839.0 time, 890.3 real, 690.7 MB
[runlim] sample:		849.0 time, 900.3 real, 690.7 MB
[runlim] sample:		859.0 time, 910.3 real, 690.7 MB
[runlim] sample:		869.0 time, 920.3 real, 690.7 MB
[runlim] sample:		879.0 time, 930.3 real, 690.7 MB
[runlim] sample:		889.0 time, 940.3 real, 690.7 MB
[runlim] sample:		899.0 time, 950.3 real, 690.7 MB
[runlim] sample:		909.0 time, 960.3 real, 690.7 MB
[runlim] sample:		919.0 time, 970.3 real, 690.7 MB
[runlim] sample:		929.0 time, 980.3 real, 690.7 MB
[runlim] sample:		939.0 time, 990.3 real, 690.7 MB
[runlim] sample:		949.0 time, 1000.3 real, 690.7 MB
[runlim] sample:		959.0 time, 1010.3 real, 690.7 MB
[runlim] sample:		969.0 time, 1020.3 real, 690.7 MB
[runlim] sample:		979.0 time, 1030.3 real, 690.7 MB
[runlim] sample:		989.0 time, 1040.3 real, 690.7 MB
[runlim] sample:		999.0 time, 1050.3 real, 690.7 MB
[runlim] sample:		1009.0 time, 1060.3 real, 690.7 MB
[runlim] sample:		1019.0 time, 1070.3 real, 690.7 MB
[runlim] sample:		1029.0 time, 1080.3 real, 690.7 MB
[runlim] sample:		1039.0 time, 1090.3 real, 690.7 MB
[runlim] sample:		1049.0 time, 1100.3 real, 690.7 MB
[runlim] sample:		1059.0 time, 1110.3 real, 690.7 MB
[runlim] sample:		1069.0 time, 1120.3 real, 690.7 MB
[runlim] sample:		1079.0 time, 1130.3 real, 690.7 MB
[runlim] sample:		1089.0 time, 1140.3 real, 690.7 MB
[runlim] sample:		1099.0 time, 1150.3 real, 690.7 MB
[runlim] sample:		1109.0 time, 1160.3 real, 690.7 MB
[runlim] sample:		1119.0 time, 1170.3 real, 690.7 MB
[runlim] sample:		1129.0 time, 1180.3 real, 690.7 MB
[runlim] sample:		1139.0 time, 1190.3 real, 690.7 MB
[runlim] sample:		1149.0 time, 1200.3 real, 690.7 MB
[runlim] sample:		1159.0 time, 1210.3 real, 690.7 MB
[runlim] sample:		1169.0 time, 1220.3 real, 690.7 MB
[runlim] sample:		1179.0 time, 1230.3 real, 690.7 MB
[runlim] sample:		1189.0 time, 1240.3 real, 690.7 MB
[runlim] sample:		1199.0 time, 1250.3 real, 690.7 MB
[runlim] sample:		1209.0 time, 1260.3 real, 690.7 MB
[runlim] sample:		1219.0 time, 1270.3 real, 690.7 MB
[runlim] sample:		1229.0 time, 1280.3 real, 690.7 MB
[runlim] sample:		1239.0 time, 1290.3 real, 690.7 MB
[runlim] sample:		1249.0 time, 1300.3 real, 690.7 MB
[runlim] sample:		1259.0 time, 1310.3 real, 690.7 MB
[runlim] sample:		1269.0 time, 1320.3 real, 690.7 MB
[runlim] sample:		1278.7 time, 1330.3 real, 690.7 MB
[runlim] sample:		1288.7 time, 1340.3 real, 690.7 MB
[runlim] sample:		1298.7 time, 1350.3 real, 690.7 MB
[runlim] sample:		1308.7 time, 1360.3 real, 690.7 MB
[runlim] sample:		1318.7 time, 1370.3 real, 690.7 MB
[runlim] sample:		1328.7 time, 1380.3 real, 690.7 MB
[runlim] sample:		1338.7 time, 1390.3 real, 690.7 MB
[runlim] sample:		1348.7 time, 1400.3 real, 690.7 MB
[runlim] sample:		1358.7 time, 1410.3 real, 690.7 MB
[runlim] sample:		1368.7 time, 1420.3 real, 690.7 MB
[runlim] sample:		1378.7 time, 1430.3 real, 690.7 MB
[runlim] sample:		1388.7 time, 1440.3 real, 690.7 MB
[runlim] sample:		1398.7 time, 1450.3 real, 690.7 MB
[runlim] sample:		1408.7 time, 1460.3 real, 690.7 MB
[runlim] sample:		1418.7 time, 1470.3 real, 690.7 MB
[runlim] sample:		1428.7 time, 1480.3 real, 690.7 MB
[runlim] sample:		1438.7 time, 1490.3 real, 690.7 MB
[runlim] sample:		1448.7 time, 1500.3 real, 690.7 MB
[runlim] sample:		1458.7 time, 1510.3 real, 690.7 MB
[runlim] sample:		1468.7 time, 1520.3 real, 690.7 MB
[runlim] sample:		1478.7 time, 1530.3 real, 690.7 MB
[runlim] sample:		1488.7 time, 1540.3 real, 690.7 MB
[runlim] sample:		1498.7 time, 1550.3 real, 690.7 MB
[runlim] sample:		1508.7 time, 1560.3 real, 690.7 MB
[runlim] sample:		1518.7 time, 1570.3 real, 690.7 MB
[runlim] sample:		1528.7 time, 1580.3 real, 690.7 MB
[runlim] sample:		1538.7 time, 1590.3 real, 690.7 MB
[runlim] sample:		1548.7 time, 1600.3 real, 690.7 MB
[runlim] sample:		1558.7 time, 1610.3 real, 690.7 MB
[runlim] sample:		1567.7 time, 1620.3 real, 690.7 MB
[runlim] sample:		1576.5 time, 1630.3 real, 690.7 MB
[runlim] sample:		1585.0 time, 1640.3 real, 690.7 MB
[runlim] sample:		1593.2 time, 1650.3 real, 690.7 MB
[runlim] sample:		1601.5 time, 1660.3 real, 690.7 MB
[runlim] sample:		1610.5 time, 1670.3 real, 690.7 MB
[runlim] sample:		1618.7 time, 1680.3 real, 690.7 MB
[runlim] sample:		1626.8 time, 1690.3 real, 690.7 MB
[runlim] sample:		1635.1 time, 1700.3 real, 690.7 MB
[runlim] sample:		1643.6 time, 1710.3 real, 690.7 MB
[runlim] sample:		1652.7 time, 1720.3 real, 690.7 MB
[runlim] sample:		1662.1 time, 1730.3 real, 690.7 MB
[runlim] sample:		1672.0 time, 1740.3 real, 690.7 MB
[runlim] sample:		1681.8 time, 1750.3 real, 690.7 MB
[runlim] sample:		1691.0 time, 1760.3 real, 690.7 MB
[runlim] sample:		1699.7 time, 1770.3 real, 690.7 MB
[runlim] sample:		1707.9 time, 1780.3 real, 690.7 MB
[runlim] sample:		1717.1 time, 1790.3 real, 690.7 MB
[runlim] sample:		1726.1 time, 1800.3 real, 690.7 MB
[runlim] sample:		1734.2 time, 1810.3 real, 690.7 MB
[runlim] sample:		1742.0 time, 1820.3 real, 690.7 MB
[runlim] sample:		1750.9 time, 1830.3 real, 690.7 MB
[runlim] sample:		1760.4 time, 1840.3 real, 690.7 MB
[runlim] sample:		1770.0 time, 1850.3 real, 690.7 MB
[runlim] sample:		1779.4 time, 1860.3 real, 690.7 MB
[runlim] sample:		1788.8 time, 1870.3 real, 690.7 MB
[runlim] sample:		1798.5 time, 1880.3 real, 690.7 MB
[runlim] end:			Fri Feb  8 23:39:16 2019
[runlim] status:		out of time
[runlim] result:		2
[runlim] children:		0
[runlim] real:			1881.94 seconds
[runlim] time:			1800.07 seconds
[runlim] space:			694.8 MB
[runlim] samples:		18816
