[runlim] version:		1.10fixed
[runlim] time limit:		1800 seconds
[runlim] real time limit:	311040000 seconds
[runlim] space limit:		4000 MB
[runlim] argv[0]:		./z3
[runlim] argv[1]:		/tmp/gETnYJLS.smt2
[runlim] start:			Tue Feb 19 03:38:47 2019
[runlim] main pid:		26766
[runlim] sample:		8.0 time, 11.0 real, 28.3 MB
[runlim] sample:		17.7 time, 21.0 real, 28.6 MB
[runlim] sample:		27.6 time, 31.0 real, 28.6 MB
[runlim] sample:		37.6 time, 41.0 real, 28.6 MB
[runlim] sample:		47.6 time, 51.0 real, 28.6 MB
[runlim] sample:		56.2 time, 61.0 real, 28.6 MB
[runlim] sample:		65.4 time, 71.0 real, 28.6 MB
[runlim] sample:		74.0 time, 81.0 real, 32.4 MB
[runlim] sample:		83.7 time, 91.0 real, 32.4 MB
[runlim] sample:		93.4 time, 101.0 real, 32.4 MB
[runlim] sample:		103.0 time, 111.0 real, 32.4 MB
[runlim] sample:		112.8 time, 121.0 real, 32.4 MB
[runlim] sample:		122.4 time, 131.0 real, 32.4 MB
[runlim] sample:		132.1 time, 141.0 real, 33.1 MB
[runlim] sample:		141.8 time, 151.0 real, 41.8 MB
[runlim] sample:		151.4 time, 161.0 real, 48.1 MB
[runlim] sample:		160.5 time, 171.0 real, 49.3 MB
[runlim] sample:		169.1 time, 181.0 real, 55.0 MB
[runlim] sample:		177.9 time, 191.0 real, 55.0 MB
[runlim] sample:		187.1 time, 201.0 real, 55.0 MB
[runlim] sample:		196.3 time, 211.0 real, 59.4 MB
[runlim] sample:		205.5 time, 221.0 real, 71.6 MB
[runlim] sample:		214.9 time, 231.0 real, 86.3 MB
[runlim] sample:		224.1 time, 241.0 real, 86.3 MB
[runlim] sample:		233.8 time, 251.0 real, 86.3 MB
[runlim] sample:		243.8 time, 261.0 real, 86.3 MB
[runlim] sample:		253.8 time, 271.0 real, 86.3 MB
[runlim] sample:		263.8 time, 281.0 real, 86.4 MB
[runlim] sample:		273.7 time, 291.0 real, 93.2 MB
[runlim] sample:		283.4 time, 301.0 real, 94.4 MB
[runlim] sample:		293.0 time, 311.0 real, 99.6 MB
[runlim] sample:		303.0 time, 321.0 real, 101.1 MB
[runlim] sample:		313.0 time, 331.0 real, 103.4 MB
[runlim] sample:		322.4 time, 341.0 real, 103.4 MB
[runlim] sample:		331.6 time, 351.0 real, 103.7 MB
[runlim] sample:		340.7 time, 361.0 real, 104.2 MB
[runlim] sample:		349.8 time, 371.0 real, 104.2 MB
[runlim] sample:		358.9 time, 381.0 real, 104.2 MB
[runlim] sample:		367.6 time, 391.0 real, 106.1 MB
[runlim] sample:		376.5 time, 401.0 real, 115.1 MB
[runlim] sample:		385.6 time, 411.0 real, 123.5 MB
[runlim] sample:		395.1 time, 421.0 real, 136.0 MB
[runlim] sample:		405.1 time, 431.0 real, 147.4 MB
[runlim] sample:		414.3 time, 441.0 real, 158.2 MB
[runlim] sample:		424.3 time, 451.0 real, 170.2 MB
[runlim] sample:		434.3 time, 461.0 real, 183.6 MB
[runlim] sample:		443.8 time, 471.0 real, 194.8 MB
[runlim] sample:		453.5 time, 481.0 real, 208.1 MB
[runlim] sample:		461.8 time, 491.0 real, 224.1 MB
[runlim] sample:		470.4 time, 501.0 real, 240.4 MB
[runlim] sample:		480.0 time, 511.0 real, 249.3 MB
[runlim] sample:		488.6 time, 521.0 real, 263.9 MB
[runlim] sample:		496.5 time, 531.0 real, 278.8 MB
[runlim] sample:		504.6 time, 541.0 real, 281.1 MB
[runlim] sample:		514.6 time, 551.0 real, 281.1 MB
[runlim] sample:		524.6 time, 561.0 real, 281.1 MB
[runlim] sample:		533.7 time, 571.0 real, 281.1 MB
[runlim] sample:		543.2 time, 581.0 real, 281.1 MB
[runlim] sample:		553.2 time, 591.0 real, 281.1 MB
[runlim] sample:		563.2 time, 601.0 real, 281.1 MB
[runlim] sample:		573.2 time, 611.0 real, 281.1 MB
[runlim] sample:		583.2 time, 621.0 real, 281.1 MB
[runlim] sample:		591.9 time, 631.0 real, 281.1 MB
[runlim] sample:		599.9 time, 641.0 real, 281.1 MB
[runlim] sample:		609.8 time, 651.0 real, 281.1 MB
[runlim] sample:		619.8 time, 661.0 real, 281.4 MB
[runlim] sample:		629.8 time, 671.0 real, 281.4 MB
[runlim] sample:		639.8 time, 681.0 real, 281.6 MB
[runlim] sample:		649.8 time, 691.0 real, 281.6 MB
[runlim] sample:		659.3 time, 701.0 real, 281.6 MB
[runlim] sample:		668.6 time, 711.0 real, 281.6 MB
[runlim] sample:		678.2 time, 721.0 real, 281.6 MB
[runlim] sample:		687.9 time, 731.0 real, 281.6 MB
[runlim] sample:		697.5 time, 741.0 real, 281.6 MB
[runlim] sample:		707.2 time, 751.0 real, 320.2 MB
[runlim] sample:		716.8 time, 761.0 real, 320.2 MB
[runlim] sample:		726.5 time, 771.0 real, 320.2 MB
[runlim] sample:		736.1 time, 781.0 real, 320.2 MB
[runlim] sample:		745.7 time, 791.0 real, 320.2 MB
[runlim] sample:		755.4 time, 801.0 real, 320.2 MB
[runlim] sample:		765.0 time, 811.0 real, 320.2 MB
[runlim] sample:		774.6 time, 821.0 real, 320.2 MB
[runlim] sample:		783.8 time, 831.0 real, 320.2 MB
[runlim] sample:		792.1 time, 841.0 real, 320.2 MB
[runlim] sample:		801.0 time, 851.0 real, 320.2 MB
[runlim] sample:		810.6 time, 861.0 real, 320.2 MB
[runlim] sample:		820.2 time, 871.0 real, 320.2 MB
[runlim] sample:		829.9 time, 881.0 real, 320.2 MB
[runlim] sample:		839.9 time, 891.0 real, 320.2 MB
[runlim] sample:		848.9 time, 901.0 real, 320.2 MB
[runlim] sample:		857.3 time, 911.0 real, 320.2 MB
[runlim] sample:		865.7 time, 921.0 real, 320.2 MB
[runlim] sample:		875.3 time, 931.0 real, 320.2 MB
[runlim] sample:		885.0 time, 941.0 real, 320.2 MB
[runlim] sample:		894.6 time, 951.0 real, 320.2 MB
[runlim] sample:		904.3 time, 961.0 real, 320.2 MB
[runlim] sample:		914.3 time, 971.0 real, 320.2 MB
[runlim] sample:		924.3 time, 981.0 real, 320.2 MB
[runlim] sample:		934.3 time, 991.0 real, 320.2 MB
[runlim] sample:		944.3 time, 1001.0 real, 320.2 MB
[runlim] sample:		954.3 time, 1011.0 real, 320.2 MB
[runlim] sample:		964.3 time, 1021.0 real, 320.2 MB
[runlim] sample:		974.3 time, 1031.0 real, 320.2 MB
[runlim] sample:		982.3 time, 1041.0 real, 320.2 MB
[runlim] sample:		991.4 time, 1051.0 real, 320.2 MB
[runlim] sample:		1001.4 time, 1061.0 real, 320.2 MB
[runlim] sample:		1011.4 time, 1071.0 real, 320.2 MB
[runlim] sample:		1021.4 time, 1081.0 real, 320.2 MB
[runlim] sample:		1031.4 time, 1091.0 real, 320.2 MB
[runlim] sample:		1041.4 time, 1101.0 real, 320.2 MB
[runlim] sample:		1051.4 time, 1111.0 real, 320.2 MB
[runlim] sample:		1061.4 time, 1121.0 real, 320.2 MB
[runlim] sample:		1071.0 time, 1131.0 real, 320.2 MB
[runlim] sample:		1080.3 time, 1141.0 real, 320.2 MB
[runlim] sample:		1089.7 time, 1151.0 real, 320.2 MB
[runlim] sample:		1099.0 time, 1161.0 real, 320.2 MB
[runlim] sample:		1108.8 time, 1171.0 real, 320.2 MB
[runlim] sample:		1118.8 time, 1181.0 real, 320.2 MB
[runlim] sample:		1128.0 time, 1191.0 real, 320.2 MB
[runlim] sample:		1137.9 time, 1201.0 real, 320.2 MB
[runlim] sample:		1147.9 time, 1211.0 real, 320.2 MB
[runlim] sample:		1157.6 time, 1221.0 real, 320.2 MB
[runlim] sample:		1165.9 time, 1231.0 real, 320.2 MB
[runlim] sample:		1175.7 time, 1241.0 real, 320.2 MB
[runlim] sample:		1184.5 time, 1251.0 real, 320.2 MB
[runlim] sample:		1193.1 time, 1261.0 real, 320.2 MB
[runlim] sample:		1202.4 time, 1271.0 real, 320.2 MB
[runlim] sample:		1212.0 time, 1281.0 real, 320.2 MB
[runlim] sample:		1222.0 time, 1291.0 real, 329.6 MB
[runlim] sample:		1232.0 time, 1301.0 real, 340.3 MB
[runlim] sample:		1241.2 time, 1311.0 real, 340.3 MB
[runlim] sample:		1250.8 time, 1321.0 real, 340.3 MB
[runlim] sample:		1259.2 time, 1331.0 real, 340.3 MB
[runlim] sample:		1268.6 time, 1341.0 real, 340.3 MB
[runlim] sample:		1277.7 time, 1351.0 real, 340.3 MB
[runlim] sample:		1286.7 time, 1361.0 real, 340.3 MB
[runlim] sample:		1296.6 time, 1371.0 real, 340.3 MB
[runlim] sample:		1305.9 time, 1381.0 real, 340.3 MB
[runlim] sample:		1315.8 time, 1391.0 real, 340.3 MB
[runlim] sample:		1325.8 time, 1401.0 real, 340.3 MB
[runlim] sample:		1335.8 time, 1411.0 real, 340.3 MB
[runlim] sample:		1345.8 time, 1421.0 real, 340.3 MB
[runlim] sample:		1355.2 time, 1431.0 real, 340.3 MB
[runlim] sample:		1365.2 time, 1441.0 real, 340.3 MB
[runlim] sample:		1375.2 time, 1451.0 real, 340.3 MB
[runlim] sample:		1385.2 time, 1461.0 real, 340.3 MB
[runlim] sample:		1395.2 time, 1471.0 real, 340.3 MB
[runlim] sample:		1405.2 time, 1481.0 real, 340.3 MB
[runlim] sample:		1415.2 time, 1491.0 real, 340.3 MB
[runlim] sample:		1425.2 time, 1501.0 real, 340.3 MB
[runlim] sample:		1435.2 time, 1511.0 real, 340.3 MB
[runlim] sample:		1444.5 time, 1521.0 real, 341.0 MB
[runlim] sample:		1454.0 time, 1531.0 real, 341.0 MB
[runlim] sample:		1464.0 time, 1541.0 real, 341.0 MB
[runlim] sample:		1473.8 time, 1551.0 real, 341.0 MB
[runlim] sample:		1482.2 time, 1561.0 real, 341.0 MB
[runlim] sample:		1490.4 time, 1571.0 real, 341.0 MB
[runlim] sample:		1500.3 time, 1581.0 real, 341.0 MB
[runlim] sample:		1510.2 time, 1591.0 real, 341.3 MB
[runlim] sample:		1520.2 time, 1601.0 real, 341.3 MB
[runlim] sample:		1530.2 time, 1611.0 real, 341.3 MB
[runlim] sample:		1539.0 time, 1621.0 real, 341.3 MB
[runlim] sample:		1546.8 time, 1631.0 real, 341.3 MB
[runlim] sample:		1554.9 time, 1641.0 real, 341.3 MB
[runlim] sample:		1563.0 time, 1651.0 real, 341.3 MB
[runlim] sample:		1572.4 time, 1661.0 real, 341.3 MB
[runlim] sample:		1582.0 time, 1671.0 real, 341.3 MB
[runlim] sample:		1590.1 time, 1681.0 real, 341.3 MB
[runlim] sample:		1600.1 time, 1691.0 real, 341.3 MB
[runlim] sample:		1609.1 time, 1701.0 real, 341.3 MB
[runlim] sample:		1618.5 time, 1711.0 real, 341.3 MB
[runlim] sample:		1628.2 time, 1721.0 real, 341.3 MB
[runlim] sample:		1637.3 time, 1731.0 real, 341.3 MB
[runlim] sample:		1647.2 time, 1741.0 real, 341.3 MB
[runlim] sample:		1657.2 time, 1751.0 real, 341.3 MB
[runlim] sample:		1667.2 time, 1761.0 real, 341.3 MB
[runlim] sample:		1677.2 time, 1771.0 real, 341.3 MB
[runlim] sample:		1686.9 time, 1781.0 real, 341.3 MB
[runlim] sample:		1696.5 time, 1791.0 real, 341.3 MB
[runlim] sample:		1706.2 time, 1801.0 real, 341.3 MB
[runlim] sample:		1716.2 time, 1811.0 real, 341.3 MB
[runlim] sample:		1726.2 time, 1821.0 real, 341.3 MB
[runlim] sample:		1736.2 time, 1831.0 real, 341.3 MB
[runlim] sample:		1744.7 time, 1841.0 real, 341.3 MB
[runlim] sample:		1754.7 time, 1851.0 real, 341.3 MB
[runlim] sample:		1764.4 time, 1861.0 real, 341.3 MB
[runlim] sample:		1773.7 time, 1871.0 real, 341.3 MB
[runlim] sample:		1783.3 time, 1881.0 real, 341.3 MB
[runlim] sample:		1791.2 time, 1891.0 real, 341.3 MB
[runlim] sample:		1798.8 time, 1901.0 real, 341.3 MB
[runlim] end:			Tue Feb 19 04:10:29 2019
[runlim] status:		out of time
[runlim] result:		2
[runlim] children:		0
[runlim] real:			1902.80 seconds
[runlim] time:			1800.07 seconds
[runlim] space:			341.3 MB
[runlim] samples:		19018
