[runlim] version:		1.10fixed
[runlim] time limit:		300 seconds
[runlim] real time limit:	311040000 seconds
[runlim] space limit:		4000 MB
[runlim] argv[0]:		./z3
[runlim] argv[1]:		/tmp/3zwaMolY.smt2
[runlim] start:			Mon Jan 28 18:17:38 2019
[runlim] main pid:		13624
[runlim] sample:		9.5 time, 10.4 real, 29.4 MB
[runlim] sample:		19.1 time, 20.4 real, 44.9 MB
[runlim] sample:		28.3 time, 30.4 real, 44.9 MB
[runlim] sample:		37.1 time, 40.4 real, 50.6 MB
[runlim] sample:		45.9 time, 50.4 real, 50.1 MB
[runlim] sample:		54.5 time, 60.4 real, 72.6 MB
[runlim] sample:		62.6 time, 70.4 real, 72.6 MB
[runlim] sample:		71.5 time, 80.4 real, 72.6 MB
[runlim] sample:		81.3 time, 90.4 real, 72.6 MB
[runlim] sample:		91.0 time, 100.4 real, 72.6 MB
[runlim] sample:		100.8 time, 110.4 real, 72.6 MB
[runlim] sample:		109.3 time, 120.4 real, 72.6 MB
[runlim] sample:		117.7 time, 130.4 real, 72.6 MB
[runlim] sample:		127.2 time, 140.4 real, 72.6 MB
[runlim] sample:		136.6 time, 150.4 real, 72.6 MB
[runlim] sample:		146.2 time, 160.4 real, 72.6 MB
[runlim] sample:		155.3 time, 170.4 real, 72.6 MB
[runlim] sample:		164.6 time, 180.4 real, 72.6 MB
[runlim] sample:		172.1 time, 190.4 real, 72.6 MB
[runlim] sample:		180.0 time, 200.4 real, 72.6 MB
[runlim] sample:		188.9 time, 210.4 real, 72.6 MB
[runlim] sample:		197.8 time, 220.4 real, 72.6 MB
[runlim] sample:		207.7 time, 230.4 real, 72.6 MB
[runlim] sample:		217.5 time, 240.4 real, 72.6 MB
[runlim] sample:		227.2 time, 250.4 real, 72.6 MB
[runlim] sample:		236.8 time, 260.4 real, 72.6 MB
[runlim] sample:		246.5 time, 270.4 real, 72.6 MB
[runlim] sample:		256.1 time, 280.4 real, 72.6 MB
[runlim] sample:		265.8 time, 290.4 real, 72.6 MB
[runlim] sample:		275.4 time, 300.4 real, 72.6 MB
[runlim] sample:		285.1 time, 310.4 real, 72.6 MB
[runlim] sample:		295.1 time, 320.4 real, 72.6 MB
[runlim] end:			Mon Jan 28 18:23:03 2019
[runlim] status:		out of time
[runlim] result:		2
[runlim] children:		0
[runlim] real:			325.38 seconds
[runlim] time:			300.05 seconds
[runlim] space:			72.6 MB
[runlim] samples:		3250
