[runlim] version:		1.10fixed
[runlim] time limit:		300 seconds
[runlim] real time limit:	311040000 seconds
[runlim] space limit:		4000 MB
[runlim] argv[0]:		./z3
[runlim] argv[1]:		/tmp/P5COahuH.smt2
[runlim] start:			Tue Jan 29 16:18:05 2019
[runlim] main pid:		18284
[runlim] sample:		9.0 time, 10.7 real, 30.9 MB
[runlim] sample:		18.1 time, 20.7 real, 32.5 MB
[runlim] sample:		27.2 time, 30.7 real, 33.3 MB
[runlim] sample:		36.4 time, 40.7 real, 45.4 MB
[runlim] sample:		45.4 time, 50.7 real, 69.4 MB
[runlim] sample:		54.0 time, 60.7 real, 78.5 MB
[runlim] sample:		63.4 time, 70.7 real, 86.5 MB
[runlim] sample:		73.4 time, 80.7 real, 90.9 MB
[runlim] sample:		83.4 time, 90.7 real, 93.2 MB
[runlim] sample:		93.1 time, 100.7 real, 95.3 MB
[runlim] sample:		102.3 time, 110.7 real, 97.9 MB
[runlim] sample:		112.3 time, 120.7 real, 99.1 MB
[runlim] sample:		122.3 time, 130.7 real, 100.2 MB
[runlim] sample:		132.3 time, 140.7 real, 101.0 MB
[runlim] sample:		142.3 time, 150.7 real, 102.0 MB
[runlim] sample:		152.3 time, 160.7 real, 103.0 MB
[runlim] sample:		162.3 time, 170.7 real, 103.7 MB
[runlim] sample:		172.3 time, 180.7 real, 116.4 MB
[runlim] sample:		182.3 time, 190.7 real, 116.2 MB
[runlim] sample:		192.3 time, 200.7 real, 116.2 MB
[runlim] sample:		201.5 time, 210.7 real, 116.2 MB
[runlim] sample:		208.7 time, 220.7 real, 116.2 MB
[runlim] sample:		218.1 time, 230.7 real, 116.2 MB
[runlim] sample:		228.1 time, 240.7 real, 116.2 MB
[runlim] sample:		237.3 time, 250.7 real, 116.2 MB
[runlim] sample:		246.9 time, 260.7 real, 116.2 MB
[runlim] sample:		256.0 time, 270.7 real, 124.4 MB
[runlim] sample:		264.1 time, 280.7 real, 124.4 MB
[runlim] sample:		273.7 time, 290.7 real, 124.4 MB
[runlim] sample:		283.7 time, 300.7 real, 124.4 MB
[runlim] sample:		293.5 time, 310.7 real, 124.4 MB
[runlim] end:			Tue Jan 29 16:23:22 2019
[runlim] status:		out of time
[runlim] result:		2
[runlim] children:		0
[runlim] real:			317.34 seconds
[runlim] time:			300.08 seconds
[runlim] space:			124.4 MB
[runlim] samples:		3166
