[runlim] version:		1.10fixed
[runlim] time limit:		1800 seconds
[runlim] real time limit:	311040000 seconds
[runlim] space limit:		4000 MB
[runlim] argv[0]:		./z3
[runlim] argv[1]:		/tmp/29RDZ939.smt2
[runlim] start:			Sat Feb  9 21:32:45 2019
[runlim] main pid:		17759
[runlim] sample:		9.5 time, 10.4 real, 20.2 MB
[runlim] sample:		19.5 time, 20.4 real, 25.6 MB
[runlim] sample:		29.5 time, 30.4 real, 25.7 MB
[runlim] sample:		39.5 time, 40.4 real, 27.2 MB
[runlim] sample:		49.0 time, 50.4 real, 31.6 MB
[runlim] sample:		58.9 time, 60.4 real, 34.9 MB
[runlim] sample:		68.9 time, 70.4 real, 36.4 MB
[runlim] sample:		78.9 time, 80.4 real, 42.9 MB
[runlim] sample:		88.8 time, 90.4 real, 42.6 MB
[runlim] sample:		98.8 time, 100.4 real, 39.8 MB
[runlim] sample:		108.8 time, 110.4 real, 51.9 MB
[runlim] sample:		118.7 time, 120.4 real, 51.9 MB
[runlim] sample:		128.6 time, 130.4 real, 51.9 MB
[runlim] sample:		138.6 time, 140.4 real, 39.8 MB
[runlim] sample:		148.6 time, 150.4 real, 39.8 MB
[runlim] sample:		158.6 time, 160.4 real, 43.1 MB
[runlim] sample:		168.6 time, 170.4 real, 43.1 MB
[runlim] sample:		178.6 time, 180.4 real, 45.9 MB
[runlim] sample:		188.6 time, 190.4 real, 46.6 MB
[runlim] sample:		198.6 time, 200.4 real, 63.9 MB
[runlim] sample:		208.6 time, 210.4 real, 63.9 MB
[runlim] sample:		218.6 time, 220.4 real, 63.9 MB
[runlim] sample:		228.6 time, 230.4 real, 63.9 MB
[runlim] sample:		238.5 time, 240.4 real, 63.9 MB
[runlim] sample:		248.5 time, 250.4 real, 63.9 MB
[runlim] sample:		258.5 time, 260.4 real, 63.9 MB
[runlim] sample:		268.5 time, 270.4 real, 63.9 MB
[runlim] sample:		278.5 time, 280.4 real, 63.9 MB
[runlim] sample:		287.5 time, 290.4 real, 63.9 MB
[runlim] sample:		296.4 time, 300.4 real, 63.9 MB
[runlim] sample:		305.4 time, 310.4 real, 63.9 MB
[runlim] sample:		314.4 time, 320.4 real, 63.9 MB
[runlim] sample:		323.0 time, 330.4 real, 103.4 MB
[runlim] sample:		331.8 time, 340.4 real, 103.4 MB
[runlim] sample:		341.8 time, 350.4 real, 103.4 MB
[runlim] sample:		351.8 time, 360.4 real, 103.4 MB
[runlim] sample:		361.8 time, 370.4 real, 103.4 MB
[runlim] sample:		371.8 time, 380.4 real, 103.4 MB
[runlim] sample:		381.3 time, 390.4 real, 103.4 MB
[runlim] sample:		390.2 time, 400.4 real, 103.4 MB
[runlim] sample:		399.0 time, 410.4 real, 103.4 MB
[runlim] sample:		407.8 time, 420.4 real, 103.4 MB
[runlim] sample:		417.5 time, 430.4 real, 103.4 MB
[runlim] sample:		427.5 time, 440.4 real, 103.4 MB
[runlim] sample:		437.5 time, 450.4 real, 103.4 MB
[runlim] sample:		447.5 time, 460.4 real, 103.4 MB
[runlim] sample:		457.5 time, 470.4 real, 103.4 MB
[runlim] sample:		467.5 time, 480.4 real, 103.4 MB
[runlim] sample:		477.5 time, 490.4 real, 103.4 MB
[runlim] sample:		487.5 time, 500.4 real, 103.4 MB
[runlim] sample:		497.5 time, 510.4 real, 103.4 MB
[runlim] sample:		506.5 time, 520.4 real, 103.4 MB
[runlim] sample:		515.2 time, 530.4 real, 103.4 MB
[runlim] sample:		523.9 time, 540.4 real, 103.4 MB
[runlim] sample:		532.5 time, 550.4 real, 103.4 MB
[runlim] sample:		541.2 time, 560.4 real, 103.4 MB
[runlim] sample:		550.2 time, 570.4 real, 103.4 MB
[runlim] sample:		559.2 time, 580.4 real, 103.4 MB
[runlim] sample:		568.1 time, 590.4 real, 103.4 MB
[runlim] sample:		577.1 time, 600.4 real, 103.4 MB
[runlim] sample:		586.7 time, 610.4 real, 103.4 MB
[runlim] sample:		596.7 time, 620.4 real, 103.4 MB
[runlim] sample:		606.7 time, 630.4 real, 103.4 MB
[runlim] sample:		616.7 time, 640.4 real, 103.4 MB
[runlim] sample:		626.7 time, 650.4 real, 103.4 MB
[runlim] sample:		636.7 time, 660.4 real, 103.4 MB
[runlim] sample:		646.7 time, 670.4 real, 103.4 MB
[runlim] sample:		656.7 time, 680.4 real, 103.4 MB
[runlim] sample:		666.7 time, 690.4 real, 201.9 MB
[runlim] sample:		676.7 time, 700.4 real, 412.6 MB
[runlim] sample:		686.5 time, 710.4 real, 453.3 MB
[runlim] sample:		696.2 time, 720.4 real, 453.3 MB
[runlim] sample:		706.1 time, 730.4 real, 454.3 MB
[runlim] sample:		715.3 time, 740.4 real, 462.6 MB
[runlim] sample:		724.4 time, 750.4 real, 466.7 MB
[runlim] sample:		733.4 time, 760.4 real, 466.7 MB
[runlim] sample:		742.6 time, 770.4 real, 466.7 MB
[runlim] sample:		752.0 time, 780.4 real, 466.7 MB
[runlim] sample:		761.1 time, 790.4 real, 478.8 MB
[runlim] sample:		770.1 time, 800.4 real, 478.8 MB
[runlim] sample:		779.2 time, 810.4 real, 478.8 MB
[runlim] sample:		788.2 time, 820.4 real, 478.8 MB
[runlim] sample:		797.3 time, 830.4 real, 478.8 MB
[runlim] sample:		807.0 time, 840.4 real, 478.8 MB
[runlim] sample:		817.0 time, 850.4 real, 478.8 MB
[runlim] sample:		827.0 time, 860.4 real, 478.8 MB
[runlim] sample:		836.5 time, 870.4 real, 478.8 MB
[runlim] sample:		846.1 time, 880.4 real, 478.8 MB
[runlim] sample:		856.1 time, 890.4 real, 478.8 MB
[runlim] sample:		866.1 time, 900.4 real, 478.8 MB
[runlim] sample:		876.1 time, 910.4 real, 478.8 MB
[runlim] sample:		886.0 time, 920.4 real, 478.8 MB
[runlim] sample:		896.0 time, 930.4 real, 478.8 MB
[runlim] sample:		906.0 time, 940.4 real, 478.8 MB
[runlim] sample:		916.0 time, 950.4 real, 478.8 MB
[runlim] sample:		926.0 time, 960.4 real, 478.8 MB
[runlim] sample:		935.8 time, 970.4 real, 478.8 MB
[runlim] sample:		944.9 time, 980.4 real, 478.8 MB
[runlim] sample:		953.9 time, 990.4 real, 478.8 MB
[runlim] sample:		963.0 time, 1000.4 real, 478.8 MB
[runlim] sample:		972.0 time, 1010.4 real, 478.8 MB
[runlim] sample:		981.1 time, 1020.4 real, 478.8 MB
[runlim] sample:		990.3 time, 1030.4 real, 478.8 MB
[runlim] sample:		1000.3 time, 1040.4 real, 478.8 MB
[runlim] sample:		1010.3 time, 1050.4 real, 478.8 MB
[runlim] sample:		1020.3 time, 1060.4 real, 478.8 MB
[runlim] sample:		1030.3 time, 1070.4 real, 478.8 MB
[runlim] sample:		1040.3 time, 1080.4 real, 478.8 MB
[runlim] sample:		1050.3 time, 1090.4 real, 478.8 MB
[runlim] sample:		1059.7 time, 1100.4 real, 478.8 MB
[runlim] sample:		1068.4 time, 1110.4 real, 478.8 MB
[runlim] sample:		1078.4 time, 1120.4 real, 478.8 MB
[runlim] sample:		1088.4 time, 1130.4 real, 478.8 MB
[runlim] sample:		1098.4 time, 1140.4 real, 478.8 MB
[runlim] sample:		1108.4 time, 1150.4 real, 478.8 MB
[runlim] sample:		1117.6 time, 1160.4 real, 478.8 MB
[runlim] sample:		1127.6 time, 1170.4 real, 478.8 MB
[runlim] sample:		1136.6 time, 1180.4 real, 478.8 MB
[runlim] sample:		1146.1 time, 1190.4 real, 478.8 MB
[runlim] sample:		1156.1 time, 1200.4 real, 478.8 MB
[runlim] sample:		1166.1 time, 1210.4 real, 478.8 MB
[runlim] sample:		1174.8 time, 1220.4 real, 478.8 MB
[runlim] sample:		1184.1 time, 1230.4 real, 478.8 MB
[runlim] sample:		1192.6 time, 1240.4 real, 478.8 MB
[runlim] sample:		1202.1 time, 1250.4 real, 478.8 MB
[runlim] sample:		1212.1 time, 1260.4 real, 478.8 MB
[runlim] sample:		1222.0 time, 1270.4 real, 478.8 MB
[runlim] sample:		1232.0 time, 1280.4 real, 478.8 MB
[runlim] sample:		1242.0 time, 1290.4 real, 478.8 MB
[runlim] sample:		1252.0 time, 1300.4 real, 478.9 MB
[runlim] sample:		1262.0 time, 1310.4 real, 478.9 MB
[runlim] sample:		1272.0 time, 1320.4 real, 478.9 MB
[runlim] sample:		1281.6 time, 1330.4 real, 478.9 MB
[runlim] sample:		1291.0 time, 1340.4 real, 478.9 MB
[runlim] sample:		1299.5 time, 1350.4 real, 478.9 MB
[runlim] sample:		1307.9 time, 1360.4 real, 478.9 MB
[runlim] sample:		1317.2 time, 1370.4 real, 478.9 MB
[runlim] sample:		1327.2 time, 1380.4 real, 478.9 MB
[runlim] sample:		1337.2 time, 1390.4 real, 478.9 MB
[runlim] sample:		1347.2 time, 1400.4 real, 478.9 MB
[runlim] sample:		1357.2 time, 1410.4 real, 478.9 MB
[runlim] sample:		1366.2 time, 1420.4 real, 478.9 MB
[runlim] sample:		1376.2 time, 1430.4 real, 478.9 MB
[runlim] sample:		1386.2 time, 1440.4 real, 479.9 MB
[runlim] sample:		1396.2 time, 1450.4 real, 479.9 MB
[runlim] sample:		1405.9 time, 1460.4 real, 479.9 MB
[runlim] sample:		1415.3 time, 1470.4 real, 479.9 MB
[runlim] sample:		1423.7 time, 1480.4 real, 479.9 MB
[runlim] sample:		1432.0 time, 1490.4 real, 479.9 MB
[runlim] sample:		1440.8 time, 1500.4 real, 479.9 MB
[runlim] sample:		1449.2 time, 1510.4 real, 479.9 MB
[runlim] sample:		1459.0 time, 1520.4 real, 479.9 MB
[runlim] sample:		1469.0 time, 1530.4 real, 479.9 MB
[runlim] sample:		1479.0 time, 1540.4 real, 479.9 MB
[runlim] sample:		1489.0 time, 1550.4 real, 479.9 MB
[runlim] sample:		1499.0 time, 1560.4 real, 479.9 MB
[runlim] sample:		1509.0 time, 1570.4 real, 479.9 MB
[runlim] sample:		1518.3 time, 1580.4 real, 479.9 MB
[runlim] sample:		1528.1 time, 1590.4 real, 479.9 MB
[runlim] sample:		1537.4 time, 1600.4 real, 479.9 MB
[runlim] sample:		1546.2 time, 1610.4 real, 479.9 MB
[runlim] sample:		1554.6 time, 1620.4 real, 479.9 MB
[runlim] sample:		1562.9 time, 1630.4 real, 479.9 MB
[runlim] sample:		1571.3 time, 1640.4 real, 479.9 MB
[runlim] sample:		1580.3 time, 1650.4 real, 479.9 MB
[runlim] sample:		1589.0 time, 1660.4 real, 479.9 MB
[runlim] sample:		1597.1 time, 1670.4 real, 479.9 MB
[runlim] sample:		1606.0 time, 1680.4 real, 479.9 MB
[runlim] sample:		1614.3 time, 1690.4 real, 479.9 MB
[runlim] sample:		1623.2 time, 1700.4 real, 479.9 MB
[runlim] sample:		1632.7 time, 1710.4 real, 479.9 MB
[runlim] sample:		1641.8 time, 1720.4 real, 479.9 MB
[runlim] sample:		1651.0 time, 1730.4 real, 479.9 MB
[runlim] sample:		1660.6 time, 1740.4 real, 479.9 MB
[runlim] sample:		1669.0 time, 1750.4 real, 479.9 MB
[runlim] sample:		1678.1 time, 1760.4 real, 479.9 MB
[runlim] sample:		1686.4 time, 1770.4 real, 479.9 MB
[runlim] sample:		1694.4 time, 1780.4 real, 479.9 MB
[runlim] sample:		1704.0 time, 1790.4 real, 479.9 MB
[runlim] sample:		1713.4 time, 1800.4 real, 479.9 MB
[runlim] sample:		1722.8 time, 1810.4 real, 479.9 MB
[runlim] sample:		1732.5 time, 1820.4 real, 479.9 MB
[runlim] sample:		1742.2 time, 1830.4 real, 479.9 MB
[runlim] sample:		1751.8 time, 1840.4 real, 479.9 MB
[runlim] sample:		1761.5 time, 1850.4 real, 479.9 MB
[runlim] sample:		1771.2 time, 1860.4 real, 479.9 MB
[runlim] sample:		1780.8 time, 1870.4 real, 479.9 MB
[runlim] sample:		1790.5 time, 1880.4 real, 479.9 MB
[runlim] end:			Sat Feb  9 22:04:15 2019
[runlim] status:		out of time
[runlim] result:		2
[runlim] children:		0
[runlim] real:			1890.30 seconds
[runlim] time:			1800.07 seconds
[runlim] space:			479.9 MB
[runlim] samples:		18899
