[runlim] version:		1.10fixed
[runlim] time limit:		1800 seconds
[runlim] real time limit:	311040000 seconds
[runlim] space limit:		4000 MB
[runlim] argv[0]:		./z3
[runlim] argv[1]:		/tmp/B68m7BmM.smt2
[runlim] start:			Sun Feb  3 03:40:30 2019
[runlim] main pid:		14473
[runlim] sample:		9.7 time, 10.2 real, 24.1 MB
[runlim] sample:		19.3 time, 20.2 real, 28.8 MB
[runlim] sample:		28.8 time, 30.2 real, 64.1 MB
[runlim] sample:		37.6 time, 40.2 real, 64.1 MB
[runlim] sample:		46.3 time, 50.2 real, 64.1 MB
[runlim] sample:		55.0 time, 60.2 real, 64.4 MB
[runlim] sample:		63.6 time, 70.2 real, 64.4 MB
[runlim] sample:		72.3 time, 80.2 real, 78.8 MB
[runlim] sample:		81.5 time, 90.2 real, 78.8 MB
[runlim] sample:		91.5 time, 100.2 real, 78.8 MB
[runlim] sample:		101.5 time, 110.2 real, 78.8 MB
[runlim] sample:		111.5 time, 120.2 real, 78.8 MB
[runlim] sample:		121.5 time, 130.2 real, 78.8 MB
[runlim] sample:		131.5 time, 140.2 real, 87.3 MB
[runlim] sample:		141.5 time, 150.2 real, 87.5 MB
[runlim] sample:		151.5 time, 160.2 real, 87.5 MB
[runlim] sample:		161.5 time, 170.2 real, 86.1 MB
[runlim] sample:		171.5 time, 180.2 real, 186.6 MB
[runlim] sample:		181.5 time, 190.2 real, 186.6 MB
[runlim] sample:		191.5 time, 200.2 real, 186.6 MB
[runlim] sample:		201.5 time, 210.2 real, 186.6 MB
[runlim] sample:		211.5 time, 220.2 real, 186.6 MB
[runlim] sample:		221.5 time, 230.2 real, 186.6 MB
[runlim] sample:		231.5 time, 240.2 real, 186.6 MB
[runlim] sample:		241.5 time, 250.2 real, 186.6 MB
[runlim] sample:		251.5 time, 260.2 real, 186.6 MB
[runlim] sample:		261.5 time, 270.2 real, 186.6 MB
[runlim] sample:		271.5 time, 280.2 real, 186.6 MB
[runlim] sample:		281.5 time, 290.2 real, 186.6 MB
[runlim] sample:		291.5 time, 300.2 real, 186.6 MB
[runlim] sample:		301.5 time, 310.2 real, 186.6 MB
[runlim] sample:		311.5 time, 320.2 real, 186.6 MB
[runlim] sample:		321.5 time, 330.2 real, 186.6 MB
[runlim] sample:		331.5 time, 340.2 real, 186.6 MB
[runlim] sample:		341.5 time, 350.2 real, 186.6 MB
[runlim] sample:		351.5 time, 360.2 real, 186.6 MB
[runlim] sample:		361.5 time, 370.2 real, 186.6 MB
[runlim] sample:		371.5 time, 380.2 real, 186.6 MB
[runlim] sample:		381.5 time, 390.2 real, 186.6 MB
[runlim] sample:		391.5 time, 400.2 real, 186.6 MB
[runlim] sample:		401.5 time, 410.2 real, 186.6 MB
[runlim] sample:		410.8 time, 420.2 real, 186.6 MB
[runlim] sample:		420.8 time, 430.2 real, 186.9 MB
[runlim] sample:		430.8 time, 440.2 real, 186.9 MB
[runlim] sample:		440.8 time, 450.2 real, 186.9 MB
[runlim] sample:		450.8 time, 460.2 real, 186.9 MB
[runlim] sample:		460.8 time, 470.2 real, 186.9 MB
[runlim] sample:		470.8 time, 480.2 real, 186.9 MB
[runlim] sample:		480.8 time, 490.2 real, 186.9 MB
[runlim] sample:		490.8 time, 500.2 real, 186.9 MB
[runlim] sample:		500.8 time, 510.2 real, 186.9 MB
[runlim] sample:		510.8 time, 520.2 real, 186.9 MB
[runlim] sample:		520.8 time, 530.2 real, 186.9 MB
[runlim] sample:		530.8 time, 540.2 real, 186.9 MB
[runlim] sample:		540.8 time, 550.2 real, 186.9 MB
[runlim] sample:		550.8 time, 560.2 real, 186.9 MB
[runlim] sample:		560.8 time, 570.2 real, 186.9 MB
[runlim] sample:		570.8 time, 580.2 real, 186.9 MB
[runlim] sample:		580.8 time, 590.2 real, 186.9 MB
[runlim] sample:		590.8 time, 600.2 real, 186.9 MB
[runlim] sample:		600.8 time, 610.2 real, 186.9 MB
[runlim] sample:		610.8 time, 620.2 real, 186.9 MB
[runlim] sample:		620.8 time, 630.2 real, 186.9 MB
[runlim] sample:		630.8 time, 640.2 real, 186.9 MB
[runlim] sample:		640.8 time, 650.2 real, 186.9 MB
[runlim] sample:		650.8 time, 660.2 real, 186.9 MB
[runlim] sample:		660.8 time, 670.2 real, 186.9 MB
[runlim] sample:		670.8 time, 680.2 real, 186.9 MB
[runlim] sample:		680.8 time, 690.2 real, 186.9 MB
[runlim] sample:		690.8 time, 700.2 real, 186.9 MB
[runlim] sample:		700.8 time, 710.2 real, 186.9 MB
[runlim] sample:		710.8 time, 720.2 real, 186.9 MB
[runlim] sample:		720.8 time, 730.2 real, 186.9 MB
[runlim] sample:		730.8 time, 740.2 real, 186.9 MB
[runlim] sample:		740.8 time, 750.2 real, 186.9 MB
[runlim] sample:		750.8 time, 760.2 real, 186.9 MB
[runlim] sample:		760.8 time, 770.2 real, 186.9 MB
[runlim] sample:		769.6 time, 780.2 real, 186.9 MB
[runlim] sample:		778.4 time, 790.2 real, 186.9 MB
[runlim] sample:		787.0 time, 800.2 real, 186.9 MB
[runlim] sample:		795.6 time, 810.2 real, 186.9 MB
[runlim] sample:		804.3 time, 820.2 real, 186.9 MB
[runlim] sample:		812.9 time, 830.2 real, 186.9 MB
[runlim] sample:		821.4 time, 840.2 real, 186.9 MB
[runlim] sample:		830.3 time, 850.2 real, 186.9 MB
[runlim] sample:		839.1 time, 860.2 real, 186.9 MB
[runlim] sample:		847.8 time, 870.2 real, 186.9 MB
[runlim] sample:		857.1 time, 880.2 real, 186.9 MB
[runlim] sample:		867.1 time, 890.2 real, 186.9 MB
[runlim] sample:		877.1 time, 900.2 real, 186.9 MB
[runlim] sample:		886.6 time, 910.2 real, 186.9 MB
[runlim] sample:		895.4 time, 920.2 real, 186.9 MB
[runlim] sample:		904.3 time, 930.2 real, 186.9 MB
[runlim] sample:		914.2 time, 940.2 real, 186.9 MB
[runlim] sample:		924.2 time, 950.2 real, 186.9 MB
[runlim] sample:		934.2 time, 960.2 real, 186.9 MB
[runlim] sample:		944.2 time, 970.2 real, 186.9 MB
[runlim] sample:		954.2 time, 980.2 real, 186.9 MB
[runlim] sample:		964.2 time, 990.2 real, 186.9 MB
[runlim] sample:		974.2 time, 1000.2 real, 186.9 MB
[runlim] sample:		984.2 time, 1010.2 real, 186.9 MB
[runlim] sample:		994.2 time, 1020.2 real, 186.9 MB
[runlim] sample:		1004.2 time, 1030.2 real, 186.9 MB
[runlim] sample:		1014.2 time, 1040.2 real, 186.9 MB
[runlim] sample:		1024.2 time, 1050.2 real, 186.9 MB
[runlim] sample:		1034.2 time, 1060.2 real, 186.9 MB
[runlim] sample:		1044.2 time, 1070.2 real, 186.9 MB
[runlim] sample:		1054.2 time, 1080.2 real, 186.9 MB
[runlim] sample:		1064.2 time, 1090.2 real, 186.9 MB
[runlim] sample:		1074.2 time, 1100.2 real, 186.9 MB
[runlim] sample:		1084.2 time, 1110.2 real, 186.9 MB
[runlim] sample:		1094.2 time, 1120.2 real, 186.9 MB
[runlim] sample:		1104.2 time, 1130.2 real, 186.9 MB
[runlim] sample:		1114.2 time, 1140.2 real, 186.9 MB
[runlim] sample:		1124.2 time, 1150.2 real, 186.9 MB
[runlim] sample:		1134.2 time, 1160.2 real, 186.9 MB
[runlim] sample:		1144.2 time, 1170.2 real, 186.9 MB
[runlim] sample:		1154.2 time, 1180.2 real, 186.9 MB
[runlim] sample:		1164.2 time, 1190.2 real, 186.9 MB
[runlim] sample:		1174.2 time, 1200.2 real, 186.9 MB
[runlim] sample:		1184.2 time, 1210.2 real, 186.9 MB
[runlim] sample:		1194.1 time, 1220.2 real, 186.9 MB
[runlim] sample:		1203.8 time, 1230.2 real, 186.9 MB
[runlim] sample:		1213.4 time, 1240.2 real, 186.9 MB
[runlim] sample:		1223.1 time, 1250.2 real, 186.9 MB
[runlim] sample:		1232.7 time, 1260.2 real, 186.9 MB
[runlim] sample:		1242.4 time, 1270.2 real, 186.9 MB
[runlim] sample:		1252.2 time, 1280.2 real, 186.9 MB
[runlim] sample:		1262.0 time, 1290.2 real, 186.9 MB
[runlim] sample:		1271.2 time, 1300.2 real, 222.2 MB
[runlim] sample:		1280.8 time, 1310.2 real, 251.3 MB
[runlim] sample:		1290.5 time, 1320.2 real, 256.0 MB
[runlim] sample:		1300.2 time, 1330.2 real, 256.0 MB
[runlim] sample:		1309.8 time, 1340.2 real, 256.0 MB
[runlim] sample:		1319.5 time, 1350.2 real, 256.0 MB
[runlim] sample:		1329.2 time, 1360.2 real, 256.0 MB
[runlim] sample:		1338.8 time, 1370.2 real, 256.0 MB
[runlim] sample:		1348.5 time, 1380.2 real, 256.0 MB
[runlim] sample:		1358.1 time, 1390.2 real, 256.0 MB
[runlim] sample:		1367.8 time, 1400.2 real, 256.0 MB
[runlim] sample:		1377.4 time, 1410.2 real, 256.0 MB
[runlim] sample:		1387.1 time, 1420.2 real, 256.0 MB
[runlim] sample:		1396.8 time, 1430.2 real, 256.0 MB
[runlim] sample:		1406.5 time, 1440.2 real, 256.0 MB
[runlim] sample:		1416.2 time, 1450.2 real, 256.0 MB
[runlim] sample:		1425.8 time, 1460.2 real, 256.0 MB
[runlim] sample:		1435.5 time, 1470.2 real, 256.0 MB
[runlim] sample:		1445.2 time, 1480.2 real, 256.0 MB
[runlim] sample:		1454.9 time, 1490.2 real, 256.0 MB
[runlim] sample:		1464.5 time, 1500.2 real, 256.0 MB
[runlim] sample:		1474.2 time, 1510.2 real, 256.0 MB
[runlim] sample:		1483.9 time, 1520.2 real, 256.0 MB
[runlim] sample:		1493.5 time, 1530.2 real, 256.0 MB
[runlim] sample:		1503.2 time, 1540.2 real, 256.0 MB
[runlim] sample:		1512.9 time, 1550.2 real, 256.0 MB
[runlim] sample:		1522.5 time, 1560.2 real, 256.0 MB
[runlim] sample:		1532.2 time, 1570.2 real, 256.0 MB
[runlim] sample:		1541.9 time, 1580.2 real, 256.0 MB
[runlim] sample:		1551.6 time, 1590.2 real, 256.0 MB
[runlim] sample:		1561.3 time, 1600.2 real, 256.0 MB
[runlim] sample:		1570.9 time, 1610.2 real, 259.1 MB
[runlim] sample:		1580.6 time, 1620.2 real, 259.1 MB
[runlim] sample:		1590.3 time, 1630.2 real, 259.1 MB
[runlim] sample:		1599.9 time, 1640.2 real, 259.1 MB
[runlim] sample:		1609.6 time, 1650.2 real, 259.3 MB
[runlim] sample:		1619.3 time, 1660.2 real, 259.3 MB
[runlim] sample:		1628.9 time, 1670.2 real, 259.3 MB
[runlim] sample:		1638.9 time, 1680.2 real, 259.3 MB
[runlim] sample:		1648.9 time, 1690.2 real, 259.3 MB
[runlim] sample:		1658.9 time, 1700.2 real, 259.3 MB
[runlim] sample:		1668.9 time, 1710.2 real, 259.3 MB
[runlim] sample:		1678.9 time, 1720.2 real, 259.3 MB
[runlim] sample:		1688.9 time, 1730.2 real, 259.3 MB
[runlim] sample:		1698.9 time, 1740.2 real, 259.3 MB
[runlim] sample:		1708.8 time, 1750.2 real, 259.3 MB
[runlim] sample:		1718.1 time, 1760.2 real, 259.3 MB
[runlim] sample:		1727.7 time, 1770.2 real, 259.3 MB
[runlim] sample:		1737.3 time, 1780.2 real, 259.3 MB
[runlim] sample:		1747.0 time, 1790.2 real, 259.3 MB
[runlim] sample:		1756.6 time, 1800.2 real, 259.3 MB
[runlim] sample:		1765.3 time, 1810.2 real, 259.3 MB
[runlim] sample:		1774.5 time, 1820.2 real, 259.3 MB
[runlim] sample:		1784.5 time, 1830.2 real, 259.3 MB
[runlim] sample:		1794.5 time, 1840.2 real, 256.8 MB
[runlim] end:			Sun Feb  3 04:11:15 2019
[runlim] status:		out of time
[runlim] result:		2
[runlim] children:		0
[runlim] real:			1845.75 seconds
[runlim] time:			1800.02 seconds
[runlim] space:			259.3 MB
[runlim] samples:		18455
