[runlim] version:		1.10fixed
[runlim] time limit:		300 seconds
[runlim] real time limit:	311040000 seconds
[runlim] space limit:		4000 MB
[runlim] argv[0]:		./z3
[runlim] argv[1]:		/tmp/N3tMhatu.smt2
[runlim] start:			Tue Jan 29 16:16:51 2019
[runlim] main pid:		18167
[runlim] sample:		8.1 time, 10.1 real, 51.9 MB
[runlim] sample:		17.9 time, 20.1 real, 66.3 MB
[runlim] sample:		27.3 time, 30.1 real, 79.0 MB
[runlim] sample:		36.6 time, 40.1 real, 83.4 MB
[runlim] sample:		46.5 time, 50.1 real, 83.9 MB
[runlim] sample:		56.4 time, 60.1 real, 84.4 MB
[runlim] sample:		66.4 time, 70.1 real, 89.6 MB
[runlim] sample:		76.4 time, 80.1 real, 95.5 MB
[runlim] sample:		85.8 time, 90.1 real, 95.5 MB
[runlim] sample:		94.4 time, 100.1 real, 95.8 MB
[runlim] sample:		103.4 time, 110.1 real, 95.8 MB
[runlim] sample:		112.5 time, 120.1 real, 99.4 MB
[runlim] sample:		122.5 time, 130.1 real, 100.9 MB
[runlim] sample:		132.5 time, 140.1 real, 100.9 MB
[runlim] sample:		142.5 time, 150.1 real, 101.2 MB
[runlim] sample:		152.5 time, 160.1 real, 101.5 MB
[runlim] sample:		162.5 time, 170.1 real, 102.0 MB
[runlim] sample:		172.5 time, 180.1 real, 102.0 MB
[runlim] sample:		182.5 time, 190.1 real, 102.0 MB
[runlim] sample:		192.5 time, 200.1 real, 102.0 MB
[runlim] sample:		202.5 time, 210.1 real, 102.0 MB
[runlim] sample:		212.5 time, 220.1 real, 102.0 MB
[runlim] sample:		222.5 time, 230.1 real, 102.5 MB
[runlim] sample:		232.5 time, 240.1 real, 102.5 MB
[runlim] sample:		242.4 time, 250.1 real, 102.5 MB
[runlim] sample:		252.4 time, 260.1 real, 102.5 MB
[runlim] sample:		262.4 time, 270.1 real, 102.5 MB
[runlim] sample:		272.4 time, 280.1 real, 102.5 MB
[runlim] sample:		282.4 time, 290.1 real, 102.5 MB
[runlim] sample:		292.4 time, 300.1 real, 102.8 MB
[runlim] end:			Tue Jan 29 16:21:58 2019
[runlim] status:		out of time
[runlim] result:		2
[runlim] children:		0
[runlim] real:			307.71 seconds
[runlim] time:			300.05 seconds
[runlim] space:			102.8 MB
[runlim] samples:		3076
