[runlim] version:		1.10fixed
[runlim] time limit:		1800 seconds
[runlim] real time limit:	311040000 seconds
[runlim] space limit:		4000 MB
[runlim] argv[0]:		./z3
[runlim] argv[1]:		/tmp/1yijrM0i.smt2
[runlim] start:			Fri Feb  8 23:09:10 2019
[runlim] main pid:		451
[runlim] sample:		8.8 time, 10.7 real, 21.8 MB
[runlim] sample:		18.6 time, 20.7 real, 42.9 MB
[runlim] sample:		27.8 time, 30.7 real, 42.9 MB
[runlim] sample:		37.3 time, 40.7 real, 42.9 MB
[runlim] sample:		45.1 time, 50.7 real, 42.9 MB
[runlim] sample:		54.9 time, 60.7 real, 42.9 MB
[runlim] sample:		64.9 time, 70.7 real, 44.0 MB
[runlim] sample:		74.9 time, 80.7 real, 49.1 MB
[runlim] sample:		84.2 time, 90.7 real, 62.3 MB
[runlim] sample:		93.5 time, 100.7 real, 62.5 MB
[runlim] sample:		103.4 time, 110.7 real, 63.5 MB
[runlim] sample:		113.0 time, 120.7 real, 64.8 MB
[runlim] sample:		123.0 time, 130.7 real, 74.3 MB
[runlim] sample:		133.0 time, 140.7 real, 95.7 MB
[runlim] sample:		143.0 time, 150.7 real, 94.8 MB
[runlim] sample:		153.0 time, 160.7 real, 94.8 MB
[runlim] sample:		162.0 time, 170.7 real, 94.8 MB
[runlim] sample:		171.5 time, 180.7 real, 94.8 MB
[runlim] sample:		180.5 time, 190.7 real, 94.8 MB
[runlim] sample:		190.5 time, 200.7 real, 94.8 MB
[runlim] sample:		200.4 time, 210.7 real, 94.8 MB
[runlim] sample:		208.9 time, 220.7 real, 94.8 MB
[runlim] sample:		218.4 time, 230.7 real, 94.8 MB
[runlim] sample:		227.9 time, 240.7 real, 94.8 MB
[runlim] sample:		237.6 time, 250.7 real, 94.8 MB
[runlim] sample:		247.6 time, 260.7 real, 94.8 MB
[runlim] sample:		257.6 time, 270.7 real, 94.8 MB
[runlim] sample:		267.5 time, 280.7 real, 94.8 MB
[runlim] sample:		277.2 time, 290.7 real, 94.8 MB
[runlim] sample:		286.8 time, 300.7 real, 94.8 MB
[runlim] sample:		296.5 time, 310.7 real, 94.8 MB
[runlim] sample:		306.2 time, 320.7 real, 94.8 MB
[runlim] sample:		316.0 time, 330.7 real, 94.8 MB
[runlim] sample:		326.0 time, 340.7 real, 94.8 MB
[runlim] sample:		336.0 time, 350.7 real, 94.8 MB
[runlim] sample:		346.0 time, 360.7 real, 94.8 MB
[runlim] sample:		356.0 time, 370.7 real, 94.8 MB
[runlim] sample:		366.0 time, 380.7 real, 94.8 MB
[runlim] sample:		376.0 time, 390.7 real, 94.8 MB
[runlim] sample:		386.0 time, 400.7 real, 94.8 MB
[runlim] sample:		396.0 time, 410.7 real, 94.8 MB
[runlim] sample:		406.0 time, 420.7 real, 94.8 MB
[runlim] sample:		416.0 time, 430.7 real, 94.8 MB
[runlim] sample:		426.0 time, 440.7 real, 94.8 MB
[runlim] sample:		436.0 time, 450.7 real, 94.8 MB
[runlim] sample:		446.0 time, 460.7 real, 94.8 MB
[runlim] sample:		456.0 time, 470.7 real, 94.8 MB
[runlim] sample:		466.0 time, 480.7 real, 94.8 MB
[runlim] sample:		476.0 time, 490.7 real, 94.8 MB
[runlim] sample:		486.0 time, 500.7 real, 94.8 MB
[runlim] sample:		496.0 time, 510.7 real, 94.8 MB
[runlim] sample:		506.0 time, 520.7 real, 94.8 MB
[runlim] sample:		516.0 time, 530.7 real, 94.8 MB
[runlim] sample:		526.0 time, 540.7 real, 94.8 MB
[runlim] sample:		536.0 time, 550.7 real, 94.8 MB
[runlim] sample:		546.0 time, 560.7 real, 94.8 MB
[runlim] sample:		556.0 time, 570.7 real, 94.8 MB
[runlim] sample:		566.0 time, 580.7 real, 94.8 MB
[runlim] sample:		576.0 time, 590.7 real, 94.8 MB
[runlim] sample:		586.0 time, 600.7 real, 94.8 MB
[runlim] sample:		596.0 time, 610.7 real, 94.8 MB
[runlim] sample:		606.0 time, 620.7 real, 94.8 MB
[runlim] sample:		616.0 time, 630.7 real, 94.8 MB
[runlim] sample:		626.0 time, 640.7 real, 94.8 MB
[runlim] sample:		636.0 time, 650.7 real, 94.8 MB
[runlim] sample:		646.0 time, 660.7 real, 94.8 MB
[runlim] sample:		656.0 time, 670.7 real, 94.8 MB
[runlim] sample:		666.0 time, 680.7 real, 94.8 MB
[runlim] sample:		676.0 time, 690.7 real, 94.8 MB
[runlim] sample:		686.0 time, 700.7 real, 94.8 MB
[runlim] sample:		696.0 time, 710.7 real, 94.8 MB
[runlim] sample:		706.0 time, 720.7 real, 94.8 MB
[runlim] sample:		716.0 time, 730.7 real, 94.8 MB
[runlim] sample:		726.0 time, 740.7 real, 94.8 MB
[runlim] sample:		736.0 time, 750.7 real, 94.8 MB
[runlim] sample:		746.0 time, 760.7 real, 94.8 MB
[runlim] sample:		756.0 time, 770.7 real, 94.8 MB
[runlim] sample:		766.0 time, 780.7 real, 94.8 MB
[runlim] sample:		776.0 time, 790.7 real, 94.8 MB
[runlim] sample:		786.0 time, 800.7 real, 94.8 MB
[runlim] sample:		796.0 time, 810.7 real, 94.8 MB
[runlim] sample:		806.0 time, 820.7 real, 94.8 MB
[runlim] sample:		816.0 time, 830.7 real, 94.8 MB
[runlim] sample:		826.0 time, 840.7 real, 94.8 MB
[runlim] sample:		836.0 time, 850.7 real, 94.8 MB
[runlim] sample:		846.0 time, 860.7 real, 94.8 MB
[runlim] sample:		856.0 time, 870.7 real, 94.8 MB
[runlim] sample:		866.0 time, 880.7 real, 94.8 MB
[runlim] sample:		876.0 time, 890.7 real, 94.8 MB
[runlim] sample:		886.0 time, 900.7 real, 94.8 MB
[runlim] sample:		896.0 time, 910.7 real, 94.8 MB
[runlim] sample:		906.0 time, 920.7 real, 94.8 MB
[runlim] sample:		916.0 time, 930.7 real, 94.8 MB
[runlim] sample:		926.0 time, 940.7 real, 94.8 MB
[runlim] sample:		935.9 time, 950.7 real, 94.8 MB
[runlim] sample:		945.9 time, 960.7 real, 94.8 MB
[runlim] sample:		955.9 time, 970.7 real, 94.8 MB
[runlim] sample:		965.9 time, 980.7 real, 94.8 MB
[runlim] sample:		975.9 time, 990.7 real, 94.8 MB
[runlim] sample:		985.9 time, 1000.7 real, 94.8 MB
[runlim] sample:		995.9 time, 1010.7 real, 94.8 MB
[runlim] sample:		1005.9 time, 1020.7 real, 94.8 MB
[runlim] sample:		1015.9 time, 1030.7 real, 94.8 MB
[runlim] sample:		1025.9 time, 1040.7 real, 94.8 MB
[runlim] sample:		1035.9 time, 1050.7 real, 94.8 MB
[runlim] sample:		1045.9 time, 1060.7 real, 94.8 MB
[runlim] sample:		1055.9 time, 1070.7 real, 94.8 MB
[runlim] sample:		1065.9 time, 1080.7 real, 94.8 MB
[runlim] sample:		1075.9 time, 1090.7 real, 94.8 MB
[runlim] sample:		1085.9 time, 1100.7 real, 94.8 MB
[runlim] sample:		1095.9 time, 1110.7 real, 94.8 MB
[runlim] sample:		1105.9 time, 1120.7 real, 94.8 MB
[runlim] sample:		1115.9 time, 1130.7 real, 94.8 MB
[runlim] sample:		1125.9 time, 1140.7 real, 94.8 MB
[runlim] sample:		1135.9 time, 1150.7 real, 94.8 MB
[runlim] sample:		1145.9 time, 1160.7 real, 94.8 MB
[runlim] sample:		1155.9 time, 1170.7 real, 94.8 MB
[runlim] sample:		1165.9 time, 1180.7 real, 94.8 MB
[runlim] sample:		1175.9 time, 1190.7 real, 94.8 MB
[runlim] sample:		1185.9 time, 1200.7 real, 94.8 MB
[runlim] sample:		1195.9 time, 1210.7 real, 94.8 MB
[runlim] sample:		1205.9 time, 1220.7 real, 94.8 MB
[runlim] sample:		1215.9 time, 1230.7 real, 94.8 MB
[runlim] sample:		1225.9 time, 1240.7 real, 94.8 MB
[runlim] sample:		1235.9 time, 1250.7 real, 94.8 MB
[runlim] sample:		1245.8 time, 1260.7 real, 94.8 MB
[runlim] sample:		1255.8 time, 1270.7 real, 94.8 MB
[runlim] sample:		1265.8 time, 1280.7 real, 94.8 MB
[runlim] sample:		1275.8 time, 1290.7 real, 94.8 MB
[runlim] sample:		1285.8 time, 1300.7 real, 94.8 MB
[runlim] sample:		1295.8 time, 1310.7 real, 94.8 MB
[runlim] sample:		1305.8 time, 1320.7 real, 94.8 MB
[runlim] sample:		1315.8 time, 1330.7 real, 94.8 MB
[runlim] sample:		1325.8 time, 1340.7 real, 94.8 MB
[runlim] sample:		1335.8 time, 1350.7 real, 94.8 MB
[runlim] sample:		1345.8 time, 1360.7 real, 94.8 MB
[runlim] sample:		1355.8 time, 1370.7 real, 94.8 MB
[runlim] sample:		1365.8 time, 1380.7 real, 94.8 MB
[runlim] sample:		1375.8 time, 1390.7 real, 94.8 MB
[runlim] sample:		1385.8 time, 1400.7 real, 94.8 MB
[runlim] sample:		1395.8 time, 1410.7 real, 94.8 MB
[runlim] sample:		1405.8 time, 1420.7 real, 94.8 MB
[runlim] sample:		1415.8 time, 1430.7 real, 94.8 MB
[runlim] sample:		1425.8 time, 1440.7 real, 94.8 MB
[runlim] sample:		1435.8 time, 1450.7 real, 94.8 MB
[runlim] sample:		1445.8 time, 1460.7 real, 94.8 MB
[runlim] sample:		1455.8 time, 1470.7 real, 94.8 MB
[runlim] sample:		1465.8 time, 1480.7 real, 94.8 MB
[runlim] sample:		1475.8 time, 1490.7 real, 94.8 MB
[runlim] sample:		1485.8 time, 1500.7 real, 94.8 MB
[runlim] sample:		1495.8 time, 1510.7 real, 94.8 MB
[runlim] sample:		1505.8 time, 1520.7 real, 94.8 MB
[runlim] sample:		1515.8 time, 1530.7 real, 94.8 MB
[runlim] sample:		1525.8 time, 1540.7 real, 94.8 MB
[runlim] sample:		1535.8 time, 1550.7 real, 94.8 MB
[runlim] sample:		1545.8 time, 1560.7 real, 94.8 MB
[runlim] sample:		1555.8 time, 1570.7 real, 94.8 MB
[runlim] sample:		1565.8 time, 1580.7 real, 94.8 MB
[runlim] sample:		1575.8 time, 1590.7 real, 94.8 MB
[runlim] sample:		1585.8 time, 1600.7 real, 94.8 MB
[runlim] sample:		1595.8 time, 1610.7 real, 94.8 MB
[runlim] sample:		1605.7 time, 1620.7 real, 94.8 MB
[runlim] sample:		1615.7 time, 1630.7 real, 94.8 MB
[runlim] sample:		1625.7 time, 1640.7 real, 94.8 MB
[runlim] sample:		1635.7 time, 1650.7 real, 94.8 MB
[runlim] sample:		1645.7 time, 1660.7 real, 94.8 MB
[runlim] sample:		1655.7 time, 1670.7 real, 94.8 MB
[runlim] sample:		1665.7 time, 1680.7 real, 94.8 MB
[runlim] sample:		1675.7 time, 1690.7 real, 94.8 MB
[runlim] sample:		1685.7 time, 1700.7 real, 94.8 MB
[runlim] sample:		1695.7 time, 1710.7 real, 94.8 MB
[runlim] sample:		1705.7 time, 1720.7 real, 94.8 MB
[runlim] sample:		1715.7 time, 1730.7 real, 94.8 MB
[runlim] sample:		1725.7 time, 1740.7 real, 94.8 MB
[runlim] sample:		1735.7 time, 1750.7 real, 94.8 MB
[runlim] sample:		1745.7 time, 1760.7 real, 94.8 MB
[runlim] sample:		1755.7 time, 1770.7 real, 94.8 MB
[runlim] sample:		1765.7 time, 1780.7 real, 94.8 MB
[runlim] sample:		1775.7 time, 1790.7 real, 94.8 MB
[runlim] sample:		1785.7 time, 1800.7 real, 94.8 MB
[runlim] sample:		1795.7 time, 1810.7 real, 94.8 MB
[runlim] end:			Fri Feb  8 23:39:25 2019
[runlim] status:		out of time
[runlim] result:		2
[runlim] children:		0
[runlim] real:			1815.01 seconds
[runlim] time:			1800.01 seconds
[runlim] space:			95.7 MB
[runlim] samples:		18143
