[runlim] version:		1.10fixed
[runlim] time limit:		1800 seconds
[runlim] real time limit:	311040000 seconds
[runlim] space limit:		4000 MB
[runlim] argv[0]:		./z3
[runlim] argv[1]:		/tmp/VdMH9wE4.smt2
[runlim] start:			Tue Feb 19 03:57:13 2019
[runlim] main pid:		22763
[runlim] sample:		9.9 time, 10.0 real, 39.0 MB
[runlim] sample:		19.2 time, 20.0 real, 40.6 MB
[runlim] sample:		28.0 time, 30.0 real, 48.8 MB
[runlim] sample:		38.0 time, 40.0 real, 47.7 MB
[runlim] sample:		48.0 time, 50.0 real, 57.6 MB
[runlim] sample:		58.0 time, 60.0 real, 44.5 MB
[runlim] sample:		68.0 time, 70.0 real, 52.3 MB
[runlim] sample:		78.0 time, 80.0 real, 49.0 MB
[runlim] sample:		88.0 time, 90.0 real, 57.5 MB
[runlim] sample:		98.0 time, 100.0 real, 57.5 MB
[runlim] sample:		107.1 time, 110.0 real, 57.5 MB
[runlim] sample:		116.2 time, 120.0 real, 57.5 MB
[runlim] sample:		125.5 time, 130.0 real, 57.5 MB
[runlim] sample:		135.0 time, 140.0 real, 57.5 MB
[runlim] sample:		144.3 time, 150.0 real, 57.5 MB
[runlim] sample:		153.7 time, 160.0 real, 57.5 MB
[runlim] sample:		163.0 time, 170.0 real, 57.5 MB
[runlim] sample:		172.4 time, 180.0 real, 57.5 MB
[runlim] sample:		181.7 time, 190.0 real, 57.5 MB
[runlim] sample:		191.0 time, 200.0 real, 57.5 MB
[runlim] sample:		200.4 time, 210.0 real, 57.5 MB
[runlim] sample:		209.7 time, 220.0 real, 57.5 MB
[runlim] sample:		219.0 time, 230.0 real, 57.8 MB
[runlim] sample:		228.4 time, 240.0 real, 58.6 MB
[runlim] sample:		237.7 time, 250.0 real, 61.9 MB
[runlim] sample:		247.0 time, 260.0 real, 61.9 MB
[runlim] sample:		256.4 time, 270.0 real, 61.9 MB
[runlim] sample:		265.7 time, 280.0 real, 61.9 MB
[runlim] sample:		275.0 time, 290.0 real, 62.9 MB
[runlim] sample:		284.4 time, 300.0 real, 67.1 MB
[runlim] sample:		293.7 time, 310.0 real, 68.6 MB
[runlim] sample:		303.0 time, 320.0 real, 68.6 MB
[runlim] sample:		312.4 time, 330.0 real, 68.6 MB
[runlim] sample:		321.7 time, 340.0 real, 72.0 MB
[runlim] sample:		331.1 time, 350.0 real, 72.0 MB
[runlim] sample:		340.4 time, 360.0 real, 72.0 MB
[runlim] sample:		349.7 time, 370.0 real, 72.0 MB
[runlim] sample:		359.1 time, 380.0 real, 72.0 MB
[runlim] sample:		368.4 time, 390.0 real, 74.0 MB
[runlim] sample:		377.8 time, 400.0 real, 74.8 MB
[runlim] sample:		387.1 time, 410.0 real, 75.8 MB
[runlim] sample:		396.4 time, 420.0 real, 75.8 MB
[runlim] sample:		405.7 time, 430.0 real, 80.7 MB
[runlim] sample:		415.1 time, 440.0 real, 80.7 MB
[runlim] sample:		424.4 time, 450.0 real, 80.7 MB
[runlim] sample:		433.7 time, 460.0 real, 82.3 MB
[runlim] sample:		443.0 time, 470.0 real, 82.3 MB
[runlim] sample:		452.4 time, 480.0 real, 89.4 MB
[runlim] sample:		461.7 time, 490.0 real, 89.7 MB
[runlim] sample:		471.0 time, 500.0 real, 89.7 MB
[runlim] sample:		480.4 time, 510.0 real, 89.7 MB
[runlim] sample:		489.7 time, 520.0 real, 89.7 MB
[runlim] sample:		499.0 time, 530.0 real, 89.7 MB
[runlim] sample:		508.4 time, 540.0 real, 89.7 MB
[runlim] sample:		517.7 time, 550.0 real, 90.0 MB
[runlim] sample:		527.0 time, 560.0 real, 90.0 MB
[runlim] sample:		536.3 time, 570.0 real, 90.0 MB
[runlim] sample:		545.1 time, 580.0 real, 90.0 MB
[runlim] sample:		553.0 time, 590.0 real, 90.0 MB
[runlim] sample:		563.0 time, 600.0 real, 90.0 MB
[runlim] sample:		572.2 time, 610.0 real, 90.0 MB
[runlim] sample:		580.4 time, 620.0 real, 90.0 MB
[runlim] sample:		588.8 time, 630.0 real, 90.0 MB
[runlim] sample:		598.8 time, 640.0 real, 90.0 MB
[runlim] sample:		608.8 time, 650.0 real, 92.8 MB
[runlim] sample:		618.8 time, 660.0 real, 92.8 MB
[runlim] sample:		628.8 time, 670.0 real, 92.8 MB
[runlim] sample:		638.4 time, 680.0 real, 92.8 MB
[runlim] sample:		648.4 time, 690.0 real, 92.8 MB
[runlim] sample:		658.4 time, 700.0 real, 92.8 MB
[runlim] sample:		668.4 time, 710.0 real, 92.8 MB
[runlim] sample:		678.4 time, 720.0 real, 92.8 MB
[runlim] sample:		688.4 time, 730.0 real, 92.8 MB
[runlim] sample:		698.4 time, 740.0 real, 92.8 MB
[runlim] sample:		708.4 time, 750.0 real, 100.0 MB
[runlim] sample:		718.4 time, 760.0 real, 100.0 MB
[runlim] sample:		728.0 time, 770.0 real, 100.0 MB
[runlim] sample:		736.2 time, 780.0 real, 102.7 MB
[runlim] sample:		744.9 time, 790.0 real, 102.7 MB
[runlim] sample:		754.9 time, 800.0 real, 102.9 MB
[runlim] sample:		764.9 time, 810.0 real, 103.7 MB
[runlim] sample:		774.9 time, 820.0 real, 103.7 MB
[runlim] sample:		784.6 time, 830.0 real, 109.9 MB
[runlim] sample:		793.3 time, 840.0 real, 109.9 MB
[runlim] sample:		802.0 time, 850.0 real, 109.9 MB
[runlim] sample:		810.8 time, 860.0 real, 109.6 MB
[runlim] sample:		819.4 time, 870.0 real, 109.6 MB
[runlim] sample:		828.5 time, 880.0 real, 109.6 MB
[runlim] sample:		838.5 time, 890.0 real, 106.4 MB
[runlim] sample:		848.5 time, 900.0 real, 106.4 MB
[runlim] sample:		858.2 time, 910.0 real, 106.4 MB
[runlim] sample:		868.2 time, 920.0 real, 106.4 MB
[runlim] sample:		878.2 time, 930.0 real, 106.4 MB
[runlim] sample:		888.2 time, 940.0 real, 106.4 MB
[runlim] sample:		898.2 time, 950.0 real, 106.4 MB
[runlim] sample:		908.2 time, 960.0 real, 106.4 MB
[runlim] sample:		917.4 time, 970.0 real, 106.4 MB
[runlim] sample:		926.2 time, 980.0 real, 106.4 MB
[runlim] sample:		935.9 time, 990.0 real, 126.2 MB
[runlim] sample:		944.2 time, 1000.0 real, 143.5 MB
[runlim] sample:		953.3 time, 1010.0 real, 143.5 MB
[runlim] sample:		963.3 time, 1020.0 real, 143.5 MB
[runlim] sample:		973.3 time, 1030.0 real, 143.5 MB
[runlim] sample:		981.1 time, 1040.0 real, 143.7 MB
[runlim] sample:		988.9 time, 1050.0 real, 143.7 MB
[runlim] sample:		998.9 time, 1060.0 real, 143.7 MB
[runlim] sample:		1008.9 time, 1070.0 real, 143.7 MB
[runlim] sample:		1018.9 time, 1080.0 real, 144.0 MB
[runlim] sample:		1028.9 time, 1090.0 real, 140.5 MB
[runlim] sample:		1038.9 time, 1100.0 real, 140.5 MB
[runlim] sample:		1048.9 time, 1110.0 real, 140.5 MB
[runlim] sample:		1058.9 time, 1120.0 real, 140.5 MB
[runlim] sample:		1068.9 time, 1130.0 real, 140.5 MB
[runlim] sample:		1078.9 time, 1140.0 real, 140.5 MB
[runlim] sample:		1088.3 time, 1150.0 real, 140.5 MB
[runlim] sample:		1098.0 time, 1160.0 real, 140.5 MB
[runlim] sample:		1108.0 time, 1170.0 real, 140.5 MB
[runlim] sample:		1118.0 time, 1180.0 real, 140.5 MB
[runlim] sample:		1128.0 time, 1190.0 real, 140.5 MB
[runlim] sample:		1138.0 time, 1200.0 real, 140.5 MB
[runlim] sample:		1148.0 time, 1210.0 real, 140.5 MB
[runlim] sample:		1156.7 time, 1220.0 real, 140.5 MB
[runlim] sample:		1166.4 time, 1230.0 real, 140.5 MB
[runlim] sample:		1175.5 time, 1240.0 real, 140.5 MB
[runlim] sample:		1185.0 time, 1250.0 real, 140.5 MB
[runlim] sample:		1195.0 time, 1260.0 real, 140.5 MB
[runlim] sample:		1204.9 time, 1270.0 real, 140.5 MB
[runlim] sample:		1214.9 time, 1280.0 real, 140.5 MB
[runlim] sample:		1224.9 time, 1290.0 real, 140.5 MB
[runlim] sample:		1234.0 time, 1300.0 real, 140.5 MB
[runlim] sample:		1243.9 time, 1310.0 real, 140.5 MB
[runlim] sample:		1253.9 time, 1320.0 real, 140.5 MB
[runlim] sample:		1263.9 time, 1330.0 real, 140.5 MB
[runlim] sample:		1273.8 time, 1340.0 real, 140.5 MB
[runlim] sample:		1283.8 time, 1350.0 real, 140.5 MB
[runlim] sample:		1292.5 time, 1360.0 real, 140.5 MB
[runlim] sample:		1302.2 time, 1370.0 real, 140.5 MB
[runlim] sample:		1311.3 time, 1380.0 real, 140.5 MB
[runlim] sample:		1320.0 time, 1390.0 real, 140.5 MB
[runlim] sample:		1328.1 time, 1400.0 real, 140.5 MB
[runlim] sample:		1336.2 time, 1410.0 real, 140.5 MB
[runlim] sample:		1346.2 time, 1420.0 real, 140.5 MB
[runlim] sample:		1356.2 time, 1430.0 real, 140.5 MB
[runlim] sample:		1366.2 time, 1440.0 real, 140.5 MB
[runlim] sample:		1374.7 time, 1450.0 real, 140.5 MB
[runlim] sample:		1384.4 time, 1460.0 real, 140.5 MB
[runlim] sample:		1393.6 time, 1470.0 real, 140.5 MB
[runlim] sample:		1402.8 time, 1480.0 real, 140.5 MB
[runlim] sample:		1412.8 time, 1490.0 real, 140.5 MB
[runlim] sample:		1422.0 time, 1500.0 real, 140.5 MB
[runlim] sample:		1429.9 time, 1510.0 real, 140.5 MB
[runlim] sample:		1438.1 time, 1520.0 real, 140.5 MB
[runlim] sample:		1446.1 time, 1530.0 real, 140.5 MB
[runlim] sample:		1453.8 time, 1540.0 real, 140.5 MB
[runlim] sample:		1461.5 time, 1550.0 real, 140.5 MB
[runlim] sample:		1471.1 time, 1560.0 real, 140.5 MB
[runlim] sample:		1480.8 time, 1570.0 real, 140.5 MB
[runlim] sample:		1490.2 time, 1580.0 real, 140.5 MB
[runlim] sample:		1499.2 time, 1590.0 real, 140.5 MB
[runlim] sample:		1509.1 time, 1600.0 real, 140.5 MB
[runlim] sample:		1518.3 time, 1610.0 real, 140.5 MB
[runlim] sample:		1528.2 time, 1620.0 real, 140.5 MB
[runlim] sample:		1538.2 time, 1630.0 real, 140.5 MB
[runlim] sample:		1548.2 time, 1640.0 real, 140.5 MB
[runlim] sample:		1557.4 time, 1650.0 real, 140.5 MB
[runlim] sample:		1567.0 time, 1660.0 real, 140.5 MB
[runlim] sample:		1576.7 time, 1670.0 real, 140.5 MB
[runlim] sample:		1586.0 time, 1680.0 real, 140.5 MB
[runlim] sample:		1595.0 time, 1690.0 real, 140.5 MB
[runlim] sample:		1604.8 time, 1700.0 real, 140.5 MB
[runlim] sample:		1614.8 time, 1710.0 real, 140.5 MB
[runlim] sample:		1624.8 time, 1720.0 real, 140.5 MB
[runlim] sample:		1634.8 time, 1730.0 real, 140.5 MB
[runlim] sample:		1644.8 time, 1740.0 real, 140.5 MB
[runlim] sample:		1654.3 time, 1750.0 real, 140.5 MB
[runlim] sample:		1664.3 time, 1760.0 real, 140.5 MB
[runlim] sample:		1674.3 time, 1770.0 real, 140.5 MB
[runlim] sample:		1684.2 time, 1780.0 real, 140.5 MB
[runlim] sample:		1692.8 time, 1790.0 real, 140.5 MB
[runlim] sample:		1701.7 time, 1800.0 real, 140.5 MB
[runlim] sample:		1710.7 time, 1810.0 real, 140.5 MB
[runlim] sample:		1720.4 time, 1820.0 real, 140.5 MB
[runlim] sample:		1730.4 time, 1830.0 real, 140.5 MB
[runlim] sample:		1738.9 time, 1840.0 real, 140.5 MB
[runlim] sample:		1748.6 time, 1850.0 real, 140.5 MB
[runlim] sample:		1758.6 time, 1860.0 real, 140.5 MB
[runlim] sample:		1768.6 time, 1870.0 real, 140.5 MB
[runlim] sample:		1778.6 time, 1880.0 real, 140.5 MB
[runlim] sample:		1788.6 time, 1890.0 real, 140.5 MB
[runlim] sample:		1798.6 time, 1900.0 real, 140.5 MB
[runlim] end:			Tue Feb 19 04:28:54 2019
[runlim] status:		out of time
[runlim] result:		2
[runlim] children:		0
[runlim] real:			1901.55 seconds
[runlim] time:			1800.08 seconds
[runlim] space:			144.0 MB
[runlim] samples:		19015
