[runlim] version:		1.10fixed
[runlim] time limit:		300 seconds
[runlim] real time limit:	311040000 seconds
[runlim] space limit:		4000 MB
[runlim] argv[0]:		./z3
[runlim] argv[1]:		/tmp/sWaaZA3r.smt2
[runlim] start:			Tue Jan 29 15:44:18 2019
[runlim] main pid:		22683
[runlim] sample:		9.3 time, 10.6 real, 19.8 MB
[runlim] sample:		17.6 time, 20.6 real, 19.8 MB
[runlim] sample:		27.2 time, 30.6 real, 20.8 MB
[runlim] sample:		36.8 time, 40.6 real, 22.9 MB
[runlim] sample:		45.7 time, 50.6 real, 24.6 MB
[runlim] sample:		55.3 time, 60.6 real, 23.7 MB
[runlim] sample:		65.0 time, 70.6 real, 26.3 MB
[runlim] sample:		74.1 time, 80.6 real, 26.3 MB
[runlim] sample:		83.8 time, 90.6 real, 28.0 MB
[runlim] sample:		93.5 time, 100.6 real, 30.9 MB
[runlim] sample:		103.5 time, 110.6 real, 30.9 MB
[runlim] sample:		113.5 time, 120.6 real, 32.1 MB
[runlim] sample:		123.5 time, 130.6 real, 39.9 MB
[runlim] sample:		133.1 time, 140.6 real, 39.4 MB
[runlim] sample:		143.1 time, 150.6 real, 39.4 MB
[runlim] sample:		153.1 time, 160.6 real, 39.4 MB
[runlim] sample:		162.7 time, 170.6 real, 39.4 MB
[runlim] sample:		172.7 time, 180.6 real, 47.6 MB
[runlim] sample:		182.7 time, 190.6 real, 47.9 MB
[runlim] sample:		192.7 time, 200.6 real, 47.5 MB
[runlim] sample:		202.6 time, 210.6 real, 47.5 MB
[runlim] sample:		212.7 time, 220.6 real, 47.5 MB
[runlim] sample:		222.7 time, 230.6 real, 47.5 MB
[runlim] sample:		232.6 time, 240.6 real, 61.9 MB
[runlim] sample:		242.7 time, 250.6 real, 91.5 MB
[runlim] sample:		252.7 time, 260.6 real, 91.5 MB
[runlim] sample:		262.6 time, 270.6 real, 91.5 MB
[runlim] sample:		272.6 time, 280.6 real, 91.5 MB
[runlim] sample:		282.6 time, 290.6 real, 91.8 MB
[runlim] sample:		292.6 time, 300.6 real, 98.9 MB
[runlim] end:			Tue Jan 29 15:49:26 2019
[runlim] status:		out of time
[runlim] result:		2
[runlim] children:		0
[runlim] real:			308.01 seconds
[runlim] time:			300.04 seconds
[runlim] space:			98.9 MB
[runlim] samples:		3074
