[runlim] version:		1.10fixed
[runlim] time limit:		300 seconds
[runlim] real time limit:	311040000 seconds
[runlim] space limit:		4000 MB
[runlim] argv[0]:		./z3
[runlim] argv[1]:		/tmp/fmGhiBkm.smt2
[runlim] start:			Tue Jan 29 16:14:08 2019
[runlim] main pid:		21018
[runlim] sample:		8.8 time, 10.5 real, 40.0 MB
[runlim] sample:		17.3 time, 20.5 real, 43.0 MB
[runlim] sample:		26.6 time, 30.5 real, 51.4 MB
[runlim] sample:		36.2 time, 40.5 real, 56.5 MB
[runlim] sample:		45.8 time, 50.5 real, 65.1 MB
[runlim] sample:		55.5 time, 60.5 real, 72.3 MB
[runlim] sample:		65.2 time, 70.5 real, 78.5 MB
[runlim] sample:		74.8 time, 80.5 real, 84.6 MB
[runlim] sample:		84.4 time, 90.5 real, 86.7 MB
[runlim] sample:		94.1 time, 100.5 real, 87.7 MB
[runlim] sample:		103.8 time, 110.5 real, 91.3 MB
[runlim] sample:		113.4 time, 120.5 real, 91.3 MB
[runlim] sample:		123.1 time, 130.5 real, 92.6 MB
[runlim] sample:		132.7 time, 140.5 real, 93.7 MB
[runlim] sample:		141.7 time, 150.5 real, 93.9 MB
[runlim] sample:		149.9 time, 160.5 real, 94.4 MB
[runlim] sample:		158.4 time, 170.5 real, 102.2 MB
[runlim] sample:		167.2 time, 180.5 real, 103.2 MB
[runlim] sample:		176.8 time, 190.5 real, 103.5 MB
[runlim] sample:		185.3 time, 200.5 real, 103.7 MB
[runlim] sample:		192.7 time, 210.5 real, 104.0 MB
[runlim] sample:		202.1 time, 220.5 real, 104.5 MB
[runlim] sample:		211.8 time, 230.5 real, 104.8 MB
[runlim] sample:		221.8 time, 240.5 real, 105.0 MB
[runlim] sample:		231.8 time, 250.5 real, 105.3 MB
[runlim] sample:		241.6 time, 260.5 real, 105.8 MB
[runlim] sample:		250.6 time, 270.5 real, 107.1 MB
[runlim] sample:		259.4 time, 280.5 real, 107.3 MB
[runlim] sample:		267.9 time, 290.5 real, 108.4 MB
[runlim] sample:		276.4 time, 300.5 real, 109.1 MB
[runlim] sample:		286.0 time, 310.5 real, 109.7 MB
[runlim] sample:		295.7 time, 320.5 real, 109.9 MB
[runlim] end:			Tue Jan 29 16:19:32 2019
[runlim] status:		out of time
[runlim] result:		2
[runlim] children:		0
[runlim] real:			324.93 seconds
[runlim] time:			300.09 seconds
[runlim] space:			110.4 MB
[runlim] samples:		3244
