[runlim] version:		1.10fixed
[runlim] time limit:		300 seconds
[runlim] real time limit:	311040000 seconds
[runlim] space limit:		4000 MB
[runlim] argv[0]:		./z3
[runlim] argv[1]:		/tmp/67H2hcnx.smt2
[runlim] start:			Tue Jan 29 16:12:22 2019
[runlim] main pid:		18552
[runlim] sample:		8.3 time, 10.6 real, 46.5 MB
[runlim] sample:		18.4 time, 20.6 real, 70.0 MB
[runlim] sample:		26.5 time, 30.6 real, 74.6 MB
[runlim] sample:		34.3 time, 40.6 real, 76.2 MB
[runlim] sample:		44.3 time, 50.6 real, 80.8 MB
[runlim] sample:		54.2 time, 60.6 real, 82.4 MB
[runlim] sample:		64.2 time, 70.6 real, 83.1 MB
[runlim] sample:		74.2 time, 80.6 real, 84.4 MB
[runlim] sample:		84.2 time, 90.6 real, 86.2 MB
[runlim] sample:		94.2 time, 100.6 real, 87.0 MB
[runlim] sample:		104.2 time, 110.6 real, 97.1 MB
[runlim] sample:		114.2 time, 120.6 real, 100.4 MB
[runlim] sample:		124.2 time, 130.6 real, 106.1 MB
[runlim] sample:		134.2 time, 140.6 real, 107.6 MB
[runlim] sample:		144.2 time, 150.6 real, 109.4 MB
[runlim] sample:		154.2 time, 160.6 real, 109.4 MB
[runlim] sample:		164.2 time, 170.6 real, 109.4 MB
[runlim] sample:		174.2 time, 180.6 real, 117.7 MB
[runlim] sample:		184.2 time, 190.6 real, 119.7 MB
[runlim] sample:		194.2 time, 200.6 real, 125.7 MB
[runlim] sample:		204.2 time, 210.6 real, 126.2 MB
[runlim] sample:		214.2 time, 220.6 real, 127.7 MB
[runlim] sample:		224.2 time, 230.6 real, 128.0 MB
[runlim] sample:		234.2 time, 240.6 real, 128.8 MB
[runlim] sample:		244.2 time, 250.6 real, 129.0 MB
[runlim] sample:		254.2 time, 260.6 real, 131.6 MB
[runlim] sample:		264.2 time, 270.6 real, 131.9 MB
[runlim] sample:		274.2 time, 280.6 real, 132.6 MB
[runlim] sample:		284.2 time, 290.6 real, 132.6 MB
[runlim] sample:		294.2 time, 300.6 real, 132.9 MB
[runlim] end:			Tue Jan 29 16:17:28 2019
[runlim] status:		out of time
[runlim] result:		2
[runlim] children:		0
[runlim] real:			306.40 seconds
[runlim] time:			300.03 seconds
[runlim] space:			132.9 MB
[runlim] samples:		3058
