[runlim] version:		1.10fixed
[runlim] time limit:		300 seconds
[runlim] real time limit:	311040000 seconds
[runlim] space limit:		4000 MB
[runlim] argv[0]:		./z3
[runlim] argv[1]:		/tmp/smrLq1gx.smt2
[runlim] start:			Mon Jan 28 18:54:14 2019
[runlim] main pid:		654
[runlim] sample:		8.6 time, 10.3 real, 21.4 MB
[runlim] sample:		18.6 time, 20.3 real, 21.9 MB
[runlim] sample:		28.6 time, 30.3 real, 21.7 MB
[runlim] sample:		38.6 time, 40.3 real, 26.3 MB
[runlim] sample:		48.0 time, 50.3 real, 28.2 MB
[runlim] sample:		56.6 time, 60.3 real, 111.1 MB
[runlim] sample:		66.3 time, 70.3 real, 111.3 MB
[runlim] sample:		76.0 time, 80.3 real, 111.3 MB
[runlim] sample:		85.6 time, 90.3 real, 111.3 MB
[runlim] sample:		95.3 time, 100.3 real, 111.3 MB
[runlim] sample:		105.3 time, 110.3 real, 111.3 MB
[runlim] sample:		115.1 time, 120.3 real, 111.3 MB
[runlim] sample:		124.9 time, 130.3 real, 111.3 MB
[runlim] sample:		134.8 time, 140.3 real, 111.3 MB
[runlim] sample:		144.8 time, 150.3 real, 111.3 MB
[runlim] sample:		154.8 time, 160.3 real, 111.3 MB
[runlim] sample:		164.8 time, 170.3 real, 111.3 MB
[runlim] sample:		174.8 time, 180.3 real, 111.3 MB
[runlim] sample:		184.8 time, 190.3 real, 111.3 MB
[runlim] sample:		194.8 time, 200.3 real, 111.3 MB
[runlim] sample:		204.8 time, 210.3 real, 111.3 MB
[runlim] sample:		214.8 time, 220.3 real, 111.3 MB
[runlim] sample:		224.8 time, 230.3 real, 111.3 MB
[runlim] sample:		234.8 time, 240.3 real, 111.3 MB
[runlim] sample:		244.8 time, 250.3 real, 111.3 MB
[runlim] sample:		254.8 time, 260.3 real, 111.3 MB
[runlim] sample:		264.8 time, 270.3 real, 111.3 MB
[runlim] sample:		274.8 time, 280.3 real, 111.3 MB
[runlim] sample:		284.8 time, 290.3 real, 111.3 MB
[runlim] sample:		294.8 time, 300.3 real, 111.3 MB
[runlim] end:			Mon Jan 28 18:59:19 2019
[runlim] status:		out of time
[runlim] result:		2
[runlim] children:		0
[runlim] real:			305.50 seconds
[runlim] time:			300.02 seconds
[runlim] space:			111.3 MB
[runlim] samples:		3052
