[runlim] version:		1.10fixed
[runlim] time limit:		300 seconds
[runlim] real time limit:	311040000 seconds
[runlim] space limit:		4000 MB
[runlim] argv[0]:		./z3
[runlim] argv[1]:		/tmp/az1QLlUI.smt2
[runlim] start:			Tue Jan 29 16:15:32 2019
[runlim] main pid:		8114
[runlim] sample:		9.4 time, 10.5 real, 36.9 MB
[runlim] sample:		18.7 time, 20.5 real, 37.2 MB
[runlim] sample:		27.4 time, 30.5 real, 37.2 MB
[runlim] sample:		36.2 time, 40.5 real, 37.2 MB
[runlim] sample:		45.0 time, 50.5 real, 37.2 MB
[runlim] sample:		54.1 time, 60.5 real, 37.2 MB
[runlim] sample:		63.0 time, 70.5 real, 37.2 MB
[runlim] sample:		71.2 time, 80.5 real, 37.2 MB
[runlim] sample:		79.5 time, 90.5 real, 37.2 MB
[runlim] sample:		89.5 time, 100.5 real, 37.2 MB
[runlim] sample:		99.5 time, 110.5 real, 37.2 MB
[runlim] sample:		109.5 time, 120.5 real, 37.2 MB
[runlim] sample:		119.5 time, 130.5 real, 42.1 MB
[runlim] sample:		129.2 time, 140.5 real, 37.4 MB
[runlim] sample:		138.7 time, 150.5 real, 37.4 MB
[runlim] sample:		148.2 time, 160.5 real, 37.4 MB
[runlim] sample:		158.0 time, 170.5 real, 37.4 MB
[runlim] sample:		167.9 time, 180.5 real, 37.4 MB
[runlim] sample:		175.8 time, 190.5 real, 37.4 MB
[runlim] sample:		184.0 time, 200.5 real, 37.4 MB
[runlim] sample:		193.1 time, 210.5 real, 37.4 MB
[runlim] sample:		202.1 time, 220.5 real, 37.4 MB
[runlim] sample:		210.8 time, 230.5 real, 37.4 MB
[runlim] sample:		220.5 time, 240.5 real, 37.4 MB
[runlim] sample:		229.9 time, 250.5 real, 37.4 MB
[runlim] sample:		239.2 time, 260.5 real, 37.4 MB
[runlim] sample:		248.3 time, 270.5 real, 37.4 MB
[runlim] sample:		257.5 time, 280.5 real, 37.4 MB
[runlim] sample:		267.0 time, 290.5 real, 37.4 MB
[runlim] sample:		276.8 time, 300.5 real, 37.4 MB
[runlim] sample:		286.6 time, 310.5 real, 54.1 MB
[runlim] sample:		296.0 time, 320.5 real, 54.3 MB
[runlim] end:			Tue Jan 29 16:20:56 2019
[runlim] status:		out of time
[runlim] result:		2
[runlim] children:		0
[runlim] real:			324.98 seconds
[runlim] time:			300.03 seconds
[runlim] space:			54.3 MB
[runlim] samples:		3245
