[runlim] version:		1.10fixed
[runlim] time limit:		1800 seconds
[runlim] real time limit:	311040000 seconds
[runlim] space limit:		4000 MB
[runlim] argv[0]:		./z3
[runlim] argv[1]:		/tmp/2q1BJcLc.smt2
[runlim] start:			Fri Feb 15 03:50:45 2019
[runlim] main pid:		18519
[runlim] sample:		9.0 time, 10.5 real, 20.6 MB
[runlim] sample:		19.0 time, 20.5 real, 21.8 MB
[runlim] sample:		29.0 time, 30.5 real, 21.7 MB
[runlim] sample:		39.0 time, 40.5 real, 21.8 MB
[runlim] sample:		49.0 time, 50.5 real, 29.0 MB
[runlim] sample:		59.0 time, 60.5 real, 38.4 MB
[runlim] sample:		69.0 time, 70.5 real, 41.8 MB
[runlim] sample:		78.3 time, 80.5 real, 41.5 MB
[runlim] sample:		87.5 time, 90.5 real, 35.7 MB
[runlim] sample:		97.5 time, 100.5 real, 35.7 MB
[runlim] sample:		107.4 time, 110.5 real, 36.1 MB
[runlim] sample:		117.1 time, 120.5 real, 45.0 MB
[runlim] sample:		127.1 time, 130.5 real, 49.9 MB
[runlim] sample:		136.9 time, 140.5 real, 49.3 MB
[runlim] sample:		146.6 time, 150.5 real, 49.3 MB
[runlim] sample:		156.3 time, 160.5 real, 52.7 MB
[runlim] sample:		166.0 time, 170.5 real, 51.7 MB
[runlim] sample:		175.9 time, 180.5 real, 51.7 MB
[runlim] sample:		185.8 time, 190.5 real, 51.7 MB
[runlim] sample:		195.5 time, 200.5 real, 52.0 MB
[runlim] sample:		205.2 time, 210.5 real, 52.2 MB
[runlim] sample:		215.1 time, 220.5 real, 51.7 MB
[runlim] sample:		224.9 time, 230.5 real, 51.7 MB
[runlim] sample:		234.5 time, 240.5 real, 51.7 MB
[runlim] sample:		244.2 time, 250.5 real, 51.7 MB
[runlim] sample:		253.9 time, 260.5 real, 52.0 MB
[runlim] sample:		263.6 time, 270.5 real, 55.8 MB
[runlim] sample:		273.2 time, 280.5 real, 53.3 MB
[runlim] sample:		282.9 time, 290.5 real, 53.3 MB
[runlim] sample:		292.6 time, 300.5 real, 53.4 MB
[runlim] sample:		302.5 time, 310.5 real, 53.9 MB
[runlim] sample:		312.5 time, 320.5 real, 54.5 MB
[runlim] sample:		322.4 time, 330.5 real, 65.5 MB
[runlim] sample:		332.4 time, 340.5 real, 65.5 MB
[runlim] sample:		342.4 time, 350.5 real, 65.5 MB
[runlim] sample:		352.4 time, 360.5 real, 67.1 MB
[runlim] sample:		362.4 time, 370.5 real, 107.4 MB
[runlim] sample:		372.4 time, 380.5 real, 107.4 MB
[runlim] sample:		382.4 time, 390.5 real, 107.4 MB
[runlim] sample:		392.3 time, 400.5 real, 107.4 MB
[runlim] sample:		402.3 time, 410.5 real, 107.4 MB
[runlim] sample:		412.3 time, 420.5 real, 107.4 MB
[runlim] sample:		422.3 time, 430.5 real, 107.4 MB
[runlim] sample:		432.2 time, 440.5 real, 107.4 MB
[runlim] sample:		442.2 time, 450.5 real, 107.4 MB
[runlim] sample:		452.2 time, 460.5 real, 107.4 MB
[runlim] sample:		462.2 time, 470.5 real, 107.4 MB
[runlim] sample:		472.2 time, 480.5 real, 107.4 MB
[runlim] sample:		482.2 time, 490.5 real, 107.4 MB
[runlim] sample:		492.2 time, 500.5 real, 107.4 MB
[runlim] sample:		502.2 time, 510.5 real, 107.4 MB
[runlim] sample:		512.2 time, 520.5 real, 107.4 MB
[runlim] sample:		522.2 time, 530.5 real, 107.4 MB
[runlim] sample:		532.2 time, 540.5 real, 107.4 MB
[runlim] sample:		542.1 time, 550.5 real, 107.4 MB
[runlim] sample:		552.0 time, 560.5 real, 107.4 MB
[runlim] sample:		561.8 time, 570.5 real, 107.4 MB
[runlim] sample:		571.2 time, 580.5 real, 107.4 MB
[runlim] sample:		579.7 time, 590.5 real, 107.4 MB
[runlim] sample:		588.0 time, 600.5 real, 107.4 MB
[runlim] sample:		597.9 time, 610.5 real, 107.4 MB
[runlim] sample:		607.6 time, 620.5 real, 107.4 MB
[runlim] sample:		617.5 time, 630.5 real, 107.4 MB
[runlim] sample:		627.3 time, 640.5 real, 107.4 MB
[runlim] sample:		637.2 time, 650.5 real, 107.4 MB
[runlim] sample:		647.2 time, 660.5 real, 107.4 MB
[runlim] sample:		657.2 time, 670.5 real, 107.4 MB
[runlim] sample:		667.2 time, 680.5 real, 107.4 MB
[runlim] sample:		677.2 time, 690.5 real, 107.4 MB
[runlim] sample:		687.1 time, 700.5 real, 107.4 MB
[runlim] sample:		696.8 time, 710.5 real, 107.4 MB
[runlim] sample:		706.8 time, 720.5 real, 107.4 MB
[runlim] sample:		716.6 time, 730.5 real, 107.4 MB
[runlim] sample:		726.6 time, 740.5 real, 107.4 MB
[runlim] sample:		736.4 time, 750.5 real, 107.4 MB
[runlim] sample:		746.1 time, 760.5 real, 107.4 MB
[runlim] sample:		756.0 time, 770.5 real, 107.4 MB
[runlim] sample:		765.7 time, 780.5 real, 107.4 MB
[runlim] sample:		775.4 time, 790.5 real, 107.4 MB
[runlim] sample:		785.1 time, 800.5 real, 107.4 MB
[runlim] sample:		795.0 time, 810.5 real, 107.4 MB
[runlim] sample:		804.9 time, 820.5 real, 107.4 MB
[runlim] sample:		814.8 time, 830.5 real, 107.4 MB
[runlim] sample:		824.8 time, 840.5 real, 107.4 MB
[runlim] sample:		834.8 time, 850.5 real, 107.4 MB
[runlim] sample:		844.8 time, 860.5 real, 107.4 MB
[runlim] sample:		854.7 time, 870.5 real, 107.4 MB
[runlim] sample:		863.4 time, 880.5 real, 107.4 MB
[runlim] sample:		871.5 time, 890.5 real, 107.4 MB
[runlim] sample:		881.5 time, 900.5 real, 107.4 MB
[runlim] sample:		891.5 time, 910.5 real, 107.4 MB
[runlim] sample:		901.5 time, 920.5 real, 107.4 MB
[runlim] sample:		911.5 time, 930.5 real, 107.4 MB
[runlim] sample:		921.5 time, 940.5 real, 107.4 MB
[runlim] sample:		931.5 time, 950.5 real, 107.4 MB
[runlim] sample:		941.0 time, 960.5 real, 108.7 MB
[runlim] sample:		951.0 time, 970.5 real, 108.7 MB
[runlim] sample:		961.0 time, 980.5 real, 108.7 MB
[runlim] sample:		970.6 time, 990.5 real, 108.7 MB
[runlim] sample:		980.2 time, 1000.5 real, 108.7 MB
[runlim] sample:		989.8 time, 1010.5 real, 123.6 MB
[runlim] sample:		999.5 time, 1020.5 real, 123.9 MB
[runlim] sample:		1009.1 time, 1030.5 real, 121.7 MB
[runlim] sample:		1018.4 time, 1040.5 real, 116.3 MB
[runlim] sample:		1026.5 time, 1050.5 real, 116.3 MB
[runlim] sample:		1035.3 time, 1060.5 real, 116.3 MB
[runlim] sample:		1045.3 time, 1070.5 real, 116.3 MB
[runlim] sample:		1053.6 time, 1080.5 real, 116.3 MB
[runlim] sample:		1062.9 time, 1090.5 real, 116.3 MB
[runlim] sample:		1072.6 time, 1100.5 real, 116.3 MB
[runlim] sample:		1082.3 time, 1110.5 real, 116.3 MB
[runlim] sample:		1092.0 time, 1120.5 real, 116.3 MB
[runlim] sample:		1100.8 time, 1130.5 real, 116.3 MB
[runlim] sample:		1110.8 time, 1140.5 real, 116.3 MB
[runlim] sample:		1120.6 time, 1150.5 real, 116.3 MB
[runlim] sample:		1130.3 time, 1160.5 real, 116.3 MB
[runlim] sample:		1140.1 time, 1170.5 real, 116.3 MB
[runlim] sample:		1150.1 time, 1180.5 real, 116.3 MB
[runlim] sample:		1159.9 time, 1190.5 real, 116.3 MB
[runlim] sample:		1169.9 time, 1200.5 real, 116.3 MB
[runlim] sample:		1179.9 time, 1210.5 real, 116.3 MB
[runlim] sample:		1189.9 time, 1220.5 real, 116.3 MB
[runlim] sample:		1199.9 time, 1230.5 real, 116.3 MB
[runlim] sample:		1208.9 time, 1240.5 real, 116.3 MB
[runlim] sample:		1218.9 time, 1250.5 real, 116.3 MB
[runlim] sample:		1227.8 time, 1260.5 real, 116.3 MB
[runlim] sample:		1237.8 time, 1270.5 real, 116.3 MB
[runlim] sample:		1247.8 time, 1280.5 real, 116.3 MB
[runlim] sample:		1257.1 time, 1290.5 real, 116.3 MB
[runlim] sample:		1264.7 time, 1300.5 real, 116.3 MB
[runlim] sample:		1273.7 time, 1310.5 real, 116.3 MB
[runlim] sample:		1283.7 time, 1320.5 real, 116.3 MB
[runlim] sample:		1293.7 time, 1330.5 real, 116.3 MB
[runlim] sample:		1303.7 time, 1340.5 real, 116.3 MB
[runlim] sample:		1313.1 time, 1350.5 real, 116.3 MB
[runlim] sample:		1321.3 time, 1360.5 real, 116.3 MB
[runlim] sample:		1330.7 time, 1370.5 real, 116.3 MB
[runlim] sample:		1340.6 time, 1380.5 real, 116.3 MB
[runlim] sample:		1350.6 time, 1390.5 real, 116.3 MB
[runlim] sample:		1360.5 time, 1400.5 real, 116.3 MB
[runlim] sample:		1370.2 time, 1410.5 real, 116.3 MB
[runlim] sample:		1380.1 time, 1420.5 real, 116.3 MB
[runlim] sample:		1388.6 time, 1430.5 real, 116.3 MB
[runlim] sample:		1398.1 time, 1440.5 real, 116.3 MB
[runlim] sample:		1408.1 time, 1450.5 real, 116.3 MB
[runlim] sample:		1416.6 time, 1460.5 real, 116.3 MB
[runlim] sample:		1425.6 time, 1470.5 real, 116.3 MB
[runlim] sample:		1433.8 time, 1480.5 real, 116.3 MB
[runlim] sample:		1441.5 time, 1490.5 real, 116.3 MB
[runlim] sample:		1450.3 time, 1500.5 real, 116.3 MB
[runlim] sample:		1460.3 time, 1510.5 real, 116.3 MB
[runlim] sample:		1469.0 time, 1520.5 real, 116.3 MB
[runlim] sample:		1478.4 time, 1530.5 real, 116.3 MB
[runlim] sample:		1488.4 time, 1540.5 real, 116.3 MB
[runlim] sample:		1498.2 time, 1550.5 real, 116.3 MB
[runlim] sample:		1507.9 time, 1560.5 real, 116.3 MB
[runlim] sample:		1517.2 time, 1570.5 real, 126.3 MB
[runlim] sample:		1527.1 time, 1580.5 real, 126.3 MB
[runlim] sample:		1537.1 time, 1590.5 real, 119.9 MB
[runlim] sample:		1547.1 time, 1600.5 real, 116.0 MB
[runlim] sample:		1557.1 time, 1610.5 real, 116.0 MB
[runlim] sample:		1567.1 time, 1620.5 real, 116.0 MB
[runlim] sample:		1576.5 time, 1630.5 real, 116.0 MB
[runlim] sample:		1586.0 time, 1640.5 real, 116.0 MB
[runlim] sample:		1595.1 time, 1650.5 real, 116.0 MB
[runlim] sample:		1605.1 time, 1660.5 real, 116.0 MB
[runlim] sample:		1614.4 time, 1670.5 real, 116.0 MB
[runlim] sample:		1623.8 time, 1680.5 real, 116.0 MB
[runlim] sample:		1633.2 time, 1690.5 real, 118.9 MB
[runlim] sample:		1642.4 time, 1700.5 real, 118.9 MB
[runlim] sample:		1651.8 time, 1710.5 real, 118.9 MB
[runlim] sample:		1661.8 time, 1720.5 real, 116.0 MB
[runlim] sample:		1671.8 time, 1730.5 real, 116.0 MB
[runlim] sample:		1681.8 time, 1740.5 real, 116.0 MB
[runlim] sample:		1691.3 time, 1750.5 real, 116.0 MB
[runlim] sample:		1700.9 time, 1760.5 real, 116.0 MB
[runlim] sample:		1710.6 time, 1770.5 real, 116.0 MB
[runlim] sample:		1720.5 time, 1780.5 real, 116.0 MB
[runlim] sample:		1729.8 time, 1790.5 real, 116.0 MB
[runlim] sample:		1739.0 time, 1800.5 real, 116.0 MB
[runlim] sample:		1748.7 time, 1810.5 real, 116.0 MB
[runlim] sample:		1757.6 time, 1820.5 real, 116.0 MB
[runlim] sample:		1767.0 time, 1830.5 real, 116.0 MB
[runlim] sample:		1776.2 time, 1840.5 real, 116.0 MB
[runlim] sample:		1785.9 time, 1850.5 real, 116.0 MB
[runlim] sample:		1795.8 time, 1860.5 real, 116.0 MB
[runlim] end:			Fri Feb 15 04:21:50 2019
[runlim] status:		out of time
[runlim] result:		2
[runlim] children:		0
[runlim] real:			1865.19 seconds
[runlim] time:			1800.08 seconds
[runlim] space:			126.3 MB
[runlim] samples:		18647
