[runlim] version:		1.10fixed
[runlim] time limit:		1800 seconds
[runlim] real time limit:	311040000 seconds
[runlim] space limit:		4000 MB
[runlim] argv[0]:		./z3
[runlim] argv[1]:		/tmp/1fZvHEgh.smt2
[runlim] start:			Thu Jan 31 05:50:48 2019
[runlim] main pid:		13827
[runlim] sample:		9.7 time, 10.9 real, 20.1 MB
[runlim] sample:		19.4 time, 20.9 real, 28.0 MB
[runlim] sample:		29.1 time, 30.9 real, 48.7 MB
[runlim] sample:		38.8 time, 40.9 real, 48.7 MB
[runlim] sample:		48.5 time, 50.9 real, 48.7 MB
[runlim] sample:		58.2 time, 60.9 real, 48.7 MB
[runlim] sample:		67.9 time, 70.9 real, 48.7 MB
[runlim] sample:		77.6 time, 80.9 real, 48.7 MB
[runlim] sample:		87.3 time, 90.9 real, 48.7 MB
[runlim] sample:		97.0 time, 100.9 real, 48.7 MB
[runlim] sample:		106.7 time, 110.9 real, 48.7 MB
[runlim] sample:		116.4 time, 120.9 real, 48.7 MB
[runlim] sample:		126.2 time, 130.9 real, 48.7 MB
[runlim] sample:		135.9 time, 140.9 real, 48.7 MB
[runlim] sample:		145.6 time, 150.9 real, 48.7 MB
[runlim] sample:		155.3 time, 160.9 real, 48.7 MB
[runlim] sample:		165.0 time, 170.9 real, 48.7 MB
[runlim] sample:		174.7 time, 180.9 real, 48.7 MB
[runlim] sample:		184.4 time, 190.9 real, 48.7 MB
[runlim] sample:		194.1 time, 200.9 real, 48.7 MB
[runlim] sample:		203.8 time, 210.9 real, 48.7 MB
[runlim] sample:		213.5 time, 220.9 real, 48.7 MB
[runlim] sample:		223.2 time, 230.9 real, 48.7 MB
[runlim] sample:		232.9 time, 240.9 real, 48.7 MB
[runlim] sample:		242.6 time, 250.9 real, 48.7 MB
[runlim] sample:		252.3 time, 260.9 real, 48.7 MB
[runlim] sample:		262.0 time, 270.9 real, 49.0 MB
[runlim] sample:		271.7 time, 280.9 real, 49.0 MB
[runlim] sample:		281.4 time, 290.9 real, 49.0 MB
[runlim] sample:		291.1 time, 300.9 real, 49.0 MB
[runlim] sample:		300.8 time, 310.9 real, 49.0 MB
[runlim] sample:		310.5 time, 320.9 real, 49.0 MB
[runlim] sample:		320.2 time, 330.9 real, 49.0 MB
[runlim] sample:		329.9 time, 340.9 real, 49.0 MB
[runlim] sample:		339.7 time, 350.9 real, 49.0 MB
[runlim] sample:		349.4 time, 360.9 real, 49.0 MB
[runlim] sample:		359.1 time, 370.9 real, 49.0 MB
[runlim] sample:		368.8 time, 380.9 real, 49.0 MB
[runlim] sample:		378.5 time, 390.9 real, 50.5 MB
[runlim] sample:		388.2 time, 400.9 real, 49.2 MB
[runlim] sample:		397.9 time, 410.9 real, 49.2 MB
[runlim] sample:		407.6 time, 420.9 real, 49.2 MB
[runlim] sample:		417.3 time, 430.9 real, 49.2 MB
[runlim] sample:		427.0 time, 440.9 real, 49.2 MB
[runlim] sample:		436.7 time, 450.9 real, 49.2 MB
[runlim] sample:		446.4 time, 460.9 real, 53.6 MB
[runlim] sample:		456.1 time, 470.9 real, 51.2 MB
[runlim] sample:		465.8 time, 480.9 real, 51.2 MB
[runlim] sample:		475.5 time, 490.9 real, 52.0 MB
[runlim] sample:		485.2 time, 500.9 real, 53.8 MB
[runlim] sample:		494.9 time, 510.9 real, 53.8 MB
[runlim] sample:		504.7 time, 520.9 real, 57.9 MB
[runlim] sample:		514.4 time, 530.9 real, 57.9 MB
[runlim] sample:		524.1 time, 540.9 real, 79.8 MB
[runlim] sample:		533.8 time, 550.9 real, 79.8 MB
[runlim] sample:		543.5 time, 560.9 real, 80.3 MB
[runlim] sample:		553.2 time, 570.9 real, 80.3 MB
[runlim] sample:		563.0 time, 580.9 real, 80.6 MB
[runlim] sample:		572.7 time, 590.9 real, 80.6 MB
[runlim] sample:		582.4 time, 600.9 real, 80.6 MB
[runlim] sample:		592.1 time, 610.9 real, 82.4 MB
[runlim] sample:		601.9 time, 620.9 real, 82.4 MB
[runlim] sample:		611.6 time, 630.9 real, 82.4 MB
[runlim] sample:		621.3 time, 640.9 real, 82.4 MB
[runlim] sample:		631.0 time, 650.9 real, 82.4 MB
[runlim] sample:		640.7 time, 660.9 real, 82.4 MB
[runlim] sample:		650.5 time, 670.9 real, 82.4 MB
[runlim] sample:		660.2 time, 680.9 real, 82.4 MB
[runlim] sample:		669.9 time, 690.9 real, 82.4 MB
[runlim] sample:		679.6 time, 700.9 real, 82.6 MB
[runlim] sample:		689.4 time, 710.9 real, 82.6 MB
[runlim] sample:		699.1 time, 720.9 real, 82.6 MB
[runlim] sample:		708.8 time, 730.9 real, 82.6 MB
[runlim] sample:		718.5 time, 740.9 real, 82.6 MB
[runlim] sample:		728.2 time, 750.9 real, 82.6 MB
[runlim] sample:		737.9 time, 760.9 real, 82.6 MB
[runlim] sample:		747.7 time, 770.9 real, 82.6 MB
[runlim] sample:		757.6 time, 780.9 real, 82.6 MB
[runlim] sample:		767.6 time, 790.9 real, 84.2 MB
[runlim] sample:		777.6 time, 800.9 real, 84.2 MB
[runlim] sample:		787.6 time, 810.9 real, 82.6 MB
[runlim] sample:		797.6 time, 820.9 real, 82.6 MB
[runlim] sample:		807.6 time, 830.9 real, 82.6 MB
[runlim] sample:		817.6 time, 840.9 real, 82.6 MB
[runlim] sample:		827.6 time, 850.9 real, 82.6 MB
[runlim] sample:		837.6 time, 860.9 real, 82.6 MB
[runlim] sample:		847.6 time, 870.9 real, 82.6 MB
[runlim] sample:		857.6 time, 880.9 real, 82.6 MB
[runlim] sample:		867.6 time, 890.9 real, 82.6 MB
[runlim] sample:		877.6 time, 900.9 real, 82.6 MB
[runlim] sample:		887.6 time, 910.9 real, 82.6 MB
[runlim] sample:		897.6 time, 920.9 real, 89.1 MB
[runlim] sample:		907.6 time, 930.9 real, 85.2 MB
[runlim] sample:		917.6 time, 940.9 real, 85.2 MB
[runlim] sample:		927.6 time, 950.9 real, 85.2 MB
[runlim] sample:		937.6 time, 960.9 real, 85.2 MB
[runlim] sample:		947.6 time, 970.9 real, 85.2 MB
[runlim] sample:		957.6 time, 980.9 real, 85.2 MB
[runlim] sample:		967.6 time, 990.9 real, 90.0 MB
[runlim] sample:		977.6 time, 1000.9 real, 90.0 MB
[runlim] sample:		987.6 time, 1010.9 real, 90.0 MB
[runlim] sample:		997.6 time, 1020.9 real, 90.0 MB
[runlim] sample:		1007.6 time, 1030.9 real, 90.0 MB
[runlim] sample:		1017.6 time, 1040.9 real, 90.0 MB
[runlim] sample:		1027.6 time, 1050.9 real, 130.8 MB
[runlim] sample:		1037.6 time, 1060.9 real, 130.8 MB
[runlim] sample:		1047.6 time, 1070.9 real, 130.8 MB
[runlim] sample:		1057.6 time, 1080.9 real, 130.8 MB
[runlim] sample:		1067.6 time, 1090.9 real, 130.8 MB
[runlim] sample:		1077.6 time, 1100.9 real, 130.8 MB
[runlim] sample:		1087.6 time, 1110.9 real, 130.8 MB
[runlim] sample:		1097.6 time, 1120.9 real, 130.8 MB
[runlim] sample:		1107.6 time, 1130.9 real, 130.8 MB
[runlim] sample:		1117.6 time, 1140.9 real, 130.8 MB
[runlim] sample:		1127.6 time, 1150.9 real, 130.8 MB
[runlim] sample:		1137.6 time, 1160.9 real, 130.8 MB
[runlim] sample:		1147.6 time, 1170.9 real, 131.0 MB
[runlim] sample:		1157.6 time, 1180.9 real, 131.0 MB
[runlim] sample:		1167.6 time, 1190.9 real, 131.2 MB
[runlim] sample:		1177.6 time, 1200.9 real, 131.2 MB
[runlim] sample:		1187.6 time, 1210.9 real, 131.2 MB
[runlim] sample:		1197.6 time, 1220.9 real, 131.2 MB
[runlim] sample:		1207.6 time, 1230.9 real, 131.2 MB
[runlim] sample:		1217.6 time, 1240.9 real, 131.2 MB
[runlim] sample:		1227.6 time, 1250.9 real, 131.2 MB
[runlim] sample:		1237.6 time, 1260.9 real, 131.2 MB
[runlim] sample:		1247.6 time, 1270.9 real, 131.2 MB
[runlim] sample:		1257.6 time, 1280.9 real, 131.2 MB
[runlim] sample:		1267.6 time, 1290.9 real, 131.2 MB
[runlim] sample:		1277.6 time, 1300.9 real, 131.2 MB
[runlim] sample:		1287.6 time, 1310.9 real, 131.2 MB
[runlim] sample:		1297.6 time, 1320.9 real, 131.2 MB
[runlim] sample:		1307.6 time, 1330.9 real, 131.2 MB
[runlim] sample:		1317.6 time, 1340.9 real, 131.2 MB
[runlim] sample:		1327.6 time, 1350.9 real, 131.2 MB
[runlim] sample:		1337.6 time, 1360.9 real, 131.2 MB
[runlim] sample:		1347.6 time, 1370.9 real, 131.2 MB
[runlim] sample:		1357.6 time, 1380.9 real, 131.2 MB
[runlim] sample:		1367.6 time, 1390.9 real, 131.2 MB
[runlim] sample:		1377.6 time, 1400.9 real, 131.2 MB
[runlim] sample:		1387.6 time, 1410.9 real, 131.2 MB
[runlim] sample:		1397.6 time, 1420.9 real, 131.2 MB
[runlim] sample:		1407.6 time, 1430.9 real, 131.2 MB
[runlim] sample:		1417.6 time, 1440.9 real, 131.2 MB
[runlim] sample:		1427.6 time, 1450.9 real, 131.2 MB
[runlim] sample:		1437.6 time, 1460.9 real, 131.2 MB
[runlim] sample:		1447.6 time, 1470.9 real, 131.2 MB
[runlim] sample:		1457.6 time, 1480.9 real, 131.2 MB
[runlim] sample:		1467.6 time, 1490.9 real, 131.2 MB
[runlim] sample:		1477.6 time, 1500.9 real, 131.2 MB
[runlim] sample:		1487.6 time, 1510.9 real, 131.2 MB
[runlim] sample:		1497.6 time, 1520.9 real, 131.9 MB
[runlim] sample:		1507.6 time, 1530.9 real, 157.2 MB
[runlim] sample:		1517.6 time, 1540.9 real, 158.2 MB
[runlim] sample:		1527.6 time, 1550.9 real, 183.8 MB
[runlim] sample:		1537.6 time, 1560.9 real, 205.7 MB
[runlim] sample:		1547.6 time, 1570.9 real, 206.4 MB
[runlim] sample:		1557.6 time, 1580.9 real, 207.0 MB
[runlim] sample:		1567.6 time, 1590.9 real, 207.0 MB
[runlim] sample:		1577.6 time, 1600.9 real, 207.0 MB
[runlim] sample:		1587.6 time, 1610.9 real, 214.2 MB
[runlim] sample:		1597.6 time, 1620.9 real, 214.2 MB
[runlim] sample:		1607.6 time, 1630.9 real, 219.1 MB
[runlim] sample:		1617.6 time, 1640.9 real, 219.1 MB
[runlim] sample:		1627.6 time, 1650.9 real, 219.1 MB
[runlim] sample:		1637.6 time, 1660.9 real, 219.1 MB
[runlim] sample:		1647.6 time, 1670.9 real, 219.1 MB
[runlim] sample:		1657.6 time, 1680.9 real, 219.1 MB
[runlim] sample:		1667.6 time, 1690.9 real, 219.1 MB
[runlim] sample:		1677.6 time, 1700.9 real, 219.1 MB
[runlim] sample:		1687.6 time, 1710.9 real, 219.1 MB
[runlim] sample:		1697.6 time, 1720.9 real, 219.1 MB
[runlim] sample:		1707.6 time, 1730.9 real, 219.1 MB
[runlim] sample:		1717.6 time, 1740.9 real, 219.1 MB
[runlim] sample:		1727.6 time, 1750.9 real, 218.1 MB
[runlim] sample:		1737.6 time, 1760.9 real, 218.1 MB
[runlim] sample:		1747.6 time, 1770.9 real, 218.1 MB
[runlim] sample:		1757.6 time, 1780.9 real, 218.1 MB
[runlim] sample:		1767.6 time, 1790.9 real, 218.1 MB
[runlim] sample:		1777.6 time, 1800.9 real, 218.1 MB
[runlim] sample:		1787.6 time, 1810.9 real, 218.1 MB
[runlim] sample:		1797.6 time, 1820.9 real, 218.3 MB
[runlim] end:			Thu Jan 31 06:21:11 2019
[runlim] status:		out of time
[runlim] result:		2
[runlim] children:		0
[runlim] real:			1823.41 seconds
[runlim] time:			1800.10 seconds
[runlim] space:			219.1 MB
[runlim] samples:		18225
