[runlim] version:		1.10fixed
[runlim] time limit:		300 seconds
[runlim] real time limit:	311040000 seconds
[runlim] space limit:		4000 MB
[runlim] argv[0]:		./z3
[runlim] argv[1]:		/tmp/NvlEDchu.smt2
[runlim] start:			Mon Jan 28 18:48:14 2019
[runlim] main pid:		16971
[runlim] sample:		9.1 time, 10.4 real, 22.2 MB
[runlim] sample:		18.2 time, 20.4 real, 28.0 MB
[runlim] sample:		27.4 time, 30.4 real, 28.0 MB
[runlim] sample:		36.7 time, 40.4 real, 32.4 MB
[runlim] sample:		46.3 time, 50.4 real, 30.7 MB
[runlim] sample:		55.9 time, 60.4 real, 33.6 MB
[runlim] sample:		65.6 time, 70.4 real, 33.6 MB
[runlim] sample:		75.2 time, 80.4 real, 29.5 MB
[runlim] sample:		84.9 time, 90.4 real, 31.2 MB
[runlim] sample:		94.2 time, 100.4 real, 33.0 MB
[runlim] sample:		103.8 time, 110.4 real, 45.0 MB
[runlim] sample:		112.4 time, 120.4 real, 106.9 MB
[runlim] sample:		120.5 time, 130.4 real, 106.9 MB
[runlim] sample:		129.3 time, 140.4 real, 106.9 MB
[runlim] sample:		137.2 time, 150.4 real, 106.9 MB
[runlim] sample:		146.0 time, 160.4 real, 106.9 MB
[runlim] sample:		154.6 time, 170.4 real, 106.9 MB
[runlim] sample:		163.1 time, 180.4 real, 106.9 MB
[runlim] sample:		171.5 time, 190.4 real, 106.9 MB
[runlim] sample:		179.7 time, 200.4 real, 106.9 MB
[runlim] sample:		187.4 time, 210.4 real, 106.9 MB
[runlim] sample:		195.9 time, 220.4 real, 106.9 MB
[runlim] sample:		204.4 time, 230.4 real, 106.9 MB
[runlim] sample:		213.8 time, 240.4 real, 106.9 MB
[runlim] sample:		223.2 time, 250.4 real, 106.9 MB
[runlim] sample:		231.4 time, 260.4 real, 106.9 MB
[runlim] sample:		240.3 time, 270.4 real, 106.9 MB
[runlim] sample:		249.2 time, 280.4 real, 106.9 MB
[runlim] sample:		258.1 time, 290.4 real, 106.9 MB
[runlim] sample:		266.8 time, 300.4 real, 106.9 MB
[runlim] sample:		275.4 time, 310.4 real, 106.9 MB
[runlim] sample:		284.3 time, 320.4 real, 106.9 MB
[runlim] sample:		294.1 time, 330.4 real, 106.9 MB
[runlim] end:			Mon Jan 28 18:53:50 2019
[runlim] status:		out of time
[runlim] result:		2
[runlim] children:		0
[runlim] real:			336.42 seconds
[runlim] time:			300.08 seconds
[runlim] space:			106.9 MB
[runlim] samples:		3360
