[runlim] version:		1.10fixed
[runlim] time limit:		1800 seconds
[runlim] real time limit:	311040000 seconds
[runlim] space limit:		4000 MB
[runlim] argv[0]:		./z3
[runlim] argv[1]:		/tmp/XK4EE2Ug.smt2
[runlim] start:			Thu Jan 31 06:24:13 2019
[runlim] main pid:		31674
[runlim] sample:		10.0 time, 10.6 real, 24.5 MB
[runlim] sample:		20.0 time, 20.6 real, 35.6 MB
[runlim] sample:		30.0 time, 30.6 real, 35.6 MB
[runlim] sample:		39.7 time, 40.6 real, 35.6 MB
[runlim] sample:		49.4 time, 50.6 real, 35.6 MB
[runlim] sample:		59.1 time, 60.6 real, 35.6 MB
[runlim] sample:		68.8 time, 70.6 real, 35.6 MB
[runlim] sample:		78.5 time, 80.6 real, 43.8 MB
[runlim] sample:		88.2 time, 90.6 real, 35.7 MB
[runlim] sample:		97.9 time, 100.6 real, 35.7 MB
[runlim] sample:		107.5 time, 110.6 real, 35.7 MB
[runlim] sample:		117.2 time, 120.6 real, 38.2 MB
[runlim] sample:		126.9 time, 130.6 real, 38.2 MB
[runlim] sample:		136.6 time, 140.6 real, 35.7 MB
[runlim] sample:		146.2 time, 150.6 real, 39.0 MB
[runlim] sample:		155.9 time, 160.6 real, 51.7 MB
[runlim] sample:		165.6 time, 170.6 real, 65.9 MB
[runlim] sample:		175.3 time, 180.6 real, 65.9 MB
[runlim] sample:		185.3 time, 190.6 real, 65.9 MB
[runlim] sample:		195.3 time, 200.6 real, 78.6 MB
[runlim] sample:		205.3 time, 210.6 real, 77.8 MB
[runlim] sample:		215.3 time, 220.6 real, 106.2 MB
[runlim] sample:		225.3 time, 230.6 real, 96.7 MB
[runlim] sample:		235.3 time, 240.6 real, 96.5 MB
[runlim] sample:		245.3 time, 250.6 real, 65.9 MB
[runlim] sample:		255.3 time, 260.6 real, 72.8 MB
[runlim] sample:		265.3 time, 270.6 real, 65.9 MB
[runlim] sample:		275.3 time, 280.6 real, 67.4 MB
[runlim] sample:		285.3 time, 290.6 real, 67.4 MB
[runlim] sample:		295.3 time, 300.6 real, 67.4 MB
[runlim] sample:		305.4 time, 310.6 real, 67.4 MB
[runlim] sample:		315.3 time, 320.6 real, 67.4 MB
[runlim] sample:		325.4 time, 330.6 real, 73.9 MB
[runlim] sample:		335.3 time, 340.6 real, 73.9 MB
[runlim] sample:		345.3 time, 350.6 real, 65.9 MB
[runlim] sample:		355.3 time, 360.6 real, 65.9 MB
[runlim] sample:		365.3 time, 370.6 real, 65.9 MB
[runlim] sample:		375.3 time, 380.6 real, 68.7 MB
[runlim] sample:		385.3 time, 390.6 real, 78.4 MB
[runlim] sample:		395.3 time, 400.6 real, 80.1 MB
[runlim] sample:		405.3 time, 410.6 real, 78.2 MB
[runlim] sample:		415.3 time, 420.6 real, 65.9 MB
[runlim] sample:		425.3 time, 430.6 real, 65.9 MB
[runlim] sample:		435.3 time, 440.6 real, 65.9 MB
[runlim] sample:		445.3 time, 450.6 real, 65.9 MB
[runlim] sample:		455.3 time, 460.6 real, 67.4 MB
[runlim] sample:		465.3 time, 470.6 real, 67.4 MB
[runlim] sample:		475.3 time, 480.6 real, 67.4 MB
[runlim] sample:		485.3 time, 490.6 real, 76.9 MB
[runlim] sample:		495.3 time, 500.6 real, 76.9 MB
[runlim] sample:		505.3 time, 510.6 real, 83.8 MB
[runlim] sample:		515.3 time, 520.6 real, 99.9 MB
[runlim] sample:		525.3 time, 530.6 real, 120.8 MB
[runlim] sample:		535.3 time, 540.6 real, 161.8 MB
[runlim] sample:		545.3 time, 550.6 real, 161.8 MB
[runlim] sample:		555.1 time, 560.6 real, 162.1 MB
[runlim] sample:		564.9 time, 570.6 real, 162.4 MB
[runlim] sample:		574.9 time, 580.6 real, 162.4 MB
[runlim] sample:		584.9 time, 590.6 real, 149.1 MB
[runlim] sample:		594.8 time, 600.6 real, 169.2 MB
[runlim] sample:		604.8 time, 610.6 real, 169.2 MB
[runlim] sample:		614.8 time, 620.6 real, 169.4 MB
[runlim] sample:		624.8 time, 630.6 real, 169.4 MB
[runlim] sample:		634.8 time, 640.6 real, 169.7 MB
[runlim] sample:		644.8 time, 650.6 real, 162.8 MB
[runlim] sample:		654.7 time, 660.6 real, 162.8 MB
[runlim] sample:		664.7 time, 670.6 real, 162.8 MB
[runlim] sample:		674.7 time, 680.6 real, 162.8 MB
[runlim] sample:		684.7 time, 690.6 real, 162.8 MB
[runlim] sample:		694.7 time, 700.6 real, 151.0 MB
[runlim] sample:		704.3 time, 710.6 real, 151.0 MB
[runlim] sample:		714.1 time, 720.6 real, 151.0 MB
[runlim] sample:		724.0 time, 730.6 real, 151.0 MB
[runlim] sample:		733.9 time, 740.6 real, 151.0 MB
[runlim] sample:		743.9 time, 750.6 real, 151.0 MB
[runlim] sample:		753.9 time, 760.6 real, 151.0 MB
[runlim] sample:		763.9 time, 770.6 real, 151.0 MB
[runlim] sample:		773.9 time, 780.6 real, 151.0 MB
[runlim] sample:		783.9 time, 790.6 real, 151.0 MB
[runlim] sample:		793.9 time, 800.6 real, 151.0 MB
[runlim] sample:		803.9 time, 810.6 real, 151.0 MB
[runlim] sample:		813.9 time, 820.6 real, 151.0 MB
[runlim] sample:		823.9 time, 830.6 real, 151.0 MB
[runlim] sample:		833.9 time, 840.6 real, 151.0 MB
[runlim] sample:		843.9 time, 850.6 real, 151.0 MB
[runlim] sample:		853.9 time, 860.6 real, 151.0 MB
[runlim] sample:		863.9 time, 870.6 real, 151.0 MB
[runlim] sample:		873.9 time, 880.6 real, 151.0 MB
[runlim] sample:		883.9 time, 890.6 real, 151.0 MB
[runlim] sample:		893.9 time, 900.6 real, 151.0 MB
[runlim] sample:		903.9 time, 910.6 real, 151.0 MB
[runlim] sample:		913.9 time, 920.6 real, 151.0 MB
[runlim] sample:		923.9 time, 930.6 real, 151.0 MB
[runlim] sample:		933.9 time, 940.6 real, 151.0 MB
[runlim] sample:		943.9 time, 950.6 real, 151.0 MB
[runlim] sample:		953.9 time, 960.6 real, 151.0 MB
[runlim] sample:		963.9 time, 970.6 real, 151.0 MB
[runlim] sample:		973.9 time, 980.6 real, 151.0 MB
[runlim] sample:		983.9 time, 990.6 real, 151.0 MB
[runlim] sample:		993.9 time, 1000.6 real, 151.0 MB
[runlim] sample:		1003.9 time, 1010.6 real, 151.0 MB
[runlim] sample:		1013.9 time, 1020.6 real, 151.0 MB
[runlim] sample:		1023.9 time, 1030.6 real, 151.0 MB
[runlim] sample:		1033.9 time, 1040.6 real, 151.0 MB
[runlim] sample:		1043.9 time, 1050.6 real, 151.0 MB
[runlim] sample:		1053.9 time, 1060.6 real, 151.0 MB
[runlim] sample:		1063.9 time, 1070.6 real, 151.0 MB
[runlim] sample:		1073.9 time, 1080.6 real, 151.0 MB
[runlim] sample:		1083.9 time, 1090.6 real, 151.0 MB
[runlim] sample:		1093.9 time, 1100.6 real, 151.0 MB
[runlim] sample:		1103.9 time, 1110.6 real, 151.0 MB
[runlim] sample:		1113.9 time, 1120.6 real, 151.0 MB
[runlim] sample:		1123.9 time, 1130.6 real, 151.0 MB
[runlim] sample:		1133.9 time, 1140.6 real, 151.0 MB
[runlim] sample:		1143.9 time, 1150.6 real, 151.0 MB
[runlim] sample:		1153.9 time, 1160.6 real, 151.0 MB
[runlim] sample:		1163.9 time, 1170.6 real, 151.0 MB
[runlim] sample:		1173.9 time, 1180.6 real, 151.0 MB
[runlim] sample:		1183.9 time, 1190.6 real, 151.0 MB
[runlim] sample:		1193.9 time, 1200.6 real, 151.0 MB
[runlim] sample:		1203.9 time, 1210.6 real, 151.0 MB
[runlim] sample:		1213.9 time, 1220.6 real, 151.0 MB
[runlim] sample:		1223.9 time, 1230.6 real, 151.0 MB
[runlim] sample:		1233.9 time, 1240.6 real, 151.0 MB
[runlim] sample:		1243.9 time, 1250.6 real, 151.0 MB
[runlim] sample:		1253.9 time, 1260.6 real, 151.0 MB
[runlim] sample:		1263.9 time, 1270.6 real, 151.0 MB
[runlim] sample:		1273.9 time, 1280.6 real, 151.0 MB
[runlim] sample:		1283.9 time, 1290.6 real, 151.0 MB
[runlim] sample:		1293.9 time, 1300.6 real, 151.0 MB
[runlim] sample:		1303.9 time, 1310.6 real, 151.0 MB
[runlim] sample:		1313.9 time, 1320.6 real, 151.0 MB
[runlim] sample:		1323.9 time, 1330.6 real, 151.0 MB
[runlim] sample:		1333.9 time, 1340.6 real, 151.0 MB
[runlim] sample:		1343.9 time, 1350.6 real, 151.0 MB
[runlim] sample:		1353.9 time, 1360.6 real, 151.0 MB
[runlim] sample:		1363.9 time, 1370.6 real, 151.0 MB
[runlim] sample:		1373.9 time, 1380.6 real, 151.0 MB
[runlim] sample:		1383.9 time, 1390.6 real, 151.0 MB
[runlim] sample:		1393.9 time, 1400.6 real, 151.0 MB
[runlim] sample:		1403.9 time, 1410.6 real, 151.0 MB
[runlim] sample:		1413.9 time, 1420.6 real, 151.0 MB
[runlim] sample:		1423.9 time, 1430.6 real, 151.0 MB
[runlim] sample:		1433.9 time, 1440.6 real, 151.0 MB
[runlim] sample:		1443.9 time, 1450.6 real, 151.0 MB
[runlim] sample:		1453.9 time, 1460.6 real, 151.0 MB
[runlim] sample:		1463.9 time, 1470.6 real, 151.0 MB
[runlim] sample:		1473.9 time, 1480.6 real, 151.0 MB
[runlim] sample:		1483.9 time, 1490.6 real, 151.0 MB
[runlim] sample:		1493.9 time, 1500.6 real, 151.0 MB
[runlim] sample:		1503.9 time, 1510.6 real, 151.0 MB
[runlim] sample:		1513.9 time, 1520.6 real, 151.0 MB
[runlim] sample:		1523.9 time, 1530.6 real, 151.0 MB
[runlim] sample:		1533.9 time, 1540.6 real, 151.0 MB
[runlim] sample:		1543.9 time, 1550.6 real, 151.0 MB
[runlim] sample:		1553.9 time, 1560.6 real, 151.0 MB
[runlim] sample:		1563.9 time, 1570.6 real, 151.0 MB
[runlim] sample:		1573.9 time, 1580.6 real, 151.0 MB
[runlim] sample:		1583.9 time, 1590.6 real, 151.0 MB
[runlim] sample:		1593.9 time, 1600.6 real, 151.0 MB
[runlim] sample:		1603.9 time, 1610.6 real, 151.0 MB
[runlim] sample:		1613.9 time, 1620.6 real, 151.0 MB
[runlim] sample:		1623.9 time, 1630.6 real, 151.0 MB
[runlim] sample:		1633.9 time, 1640.6 real, 151.0 MB
[runlim] sample:		1643.9 time, 1650.6 real, 151.0 MB
[runlim] sample:		1653.9 time, 1660.6 real, 151.0 MB
[runlim] sample:		1663.9 time, 1670.6 real, 151.0 MB
[runlim] sample:		1673.9 time, 1680.6 real, 151.0 MB
[runlim] sample:		1683.9 time, 1690.6 real, 151.0 MB
[runlim] sample:		1693.9 time, 1700.6 real, 151.0 MB
[runlim] sample:		1703.9 time, 1710.6 real, 151.0 MB
[runlim] sample:		1713.9 time, 1720.6 real, 151.0 MB
[runlim] sample:		1723.9 time, 1730.6 real, 151.0 MB
[runlim] sample:		1733.9 time, 1740.6 real, 151.0 MB
[runlim] sample:		1743.9 time, 1750.6 real, 151.0 MB
[runlim] sample:		1753.9 time, 1760.6 real, 151.0 MB
[runlim] sample:		1763.9 time, 1770.6 real, 151.0 MB
[runlim] sample:		1773.9 time, 1780.6 real, 151.0 MB
[runlim] sample:		1783.9 time, 1790.6 real, 151.0 MB
[runlim] sample:		1793.9 time, 1800.6 real, 151.0 MB
[runlim] end:			Thu Jan 31 06:54:19 2019
[runlim] status:		out of time
[runlim] result:		2
[runlim] children:		0
[runlim] real:			1806.70 seconds
[runlim] time:			1800.02 seconds
[runlim] space:			169.7 MB
[runlim] samples:		18061
