[runlim] version:		1.10fixed
[runlim] time limit:		1800 seconds
[runlim] real time limit:	311040000 seconds
[runlim] space limit:		4000 MB
[runlim] argv[0]:		./z3
[runlim] argv[1]:		/tmp/aCYlAC39.smt2
[runlim] start:			Fri Feb 15 04:23:15 2019
[runlim] main pid:		16338
[runlim] sample:		8.2 time, 10.9 real, 20.4 MB
[runlim] sample:		16.5 time, 20.9 real, 21.3 MB
[runlim] sample:		25.9 time, 30.9 real, 21.8 MB
[runlim] sample:		34.6 time, 40.9 real, 21.8 MB
[runlim] sample:		44.2 time, 50.9 real, 22.6 MB
[runlim] sample:		54.2 time, 60.9 real, 33.9 MB
[runlim] sample:		64.2 time, 70.9 real, 38.4 MB
[runlim] sample:		74.2 time, 80.9 real, 41.5 MB
[runlim] sample:		84.2 time, 90.9 real, 41.5 MB
[runlim] sample:		94.2 time, 100.9 real, 35.7 MB
[runlim] sample:		104.2 time, 110.9 real, 35.7 MB
[runlim] sample:		114.2 time, 120.9 real, 48.3 MB
[runlim] sample:		124.2 time, 130.9 real, 45.0 MB
[runlim] sample:		134.2 time, 140.9 real, 49.9 MB
[runlim] sample:		144.2 time, 150.9 real, 49.4 MB
[runlim] sample:		154.2 time, 160.9 real, 49.4 MB
[runlim] sample:		164.2 time, 170.9 real, 51.7 MB
[runlim] sample:		174.2 time, 180.9 real, 51.7 MB
[runlim] sample:		184.2 time, 190.9 real, 52.3 MB
[runlim] sample:		194.2 time, 200.9 real, 51.7 MB
[runlim] sample:		204.2 time, 210.9 real, 51.7 MB
[runlim] sample:		214.2 time, 220.9 real, 51.7 MB
[runlim] sample:		224.2 time, 230.9 real, 51.7 MB
[runlim] sample:		234.2 time, 240.9 real, 51.7 MB
[runlim] sample:		244.2 time, 250.9 real, 51.7 MB
[runlim] sample:		254.2 time, 260.9 real, 51.7 MB
[runlim] sample:		264.2 time, 270.9 real, 52.0 MB
[runlim] sample:		274.0 time, 280.9 real, 55.9 MB
[runlim] sample:		283.7 time, 290.9 real, 53.4 MB
[runlim] sample:		293.4 time, 300.9 real, 53.3 MB
[runlim] sample:		303.1 time, 310.9 real, 53.4 MB
[runlim] sample:		312.2 time, 320.9 real, 53.9 MB
[runlim] sample:		321.4 time, 330.9 real, 54.4 MB
[runlim] sample:		331.0 time, 340.9 real, 65.4 MB
[runlim] sample:		340.0 time, 350.9 real, 65.5 MB
[runlim] sample:		348.9 time, 360.9 real, 65.5 MB
[runlim] sample:		358.8 time, 370.9 real, 65.5 MB
[runlim] sample:		368.8 time, 380.9 real, 67.1 MB
[runlim] sample:		378.1 time, 390.9 real, 107.4 MB
[runlim] sample:		387.1 time, 400.9 real, 107.4 MB
[runlim] sample:		396.7 time, 410.9 real, 107.4 MB
[runlim] sample:		406.7 time, 420.9 real, 107.4 MB
[runlim] sample:		416.6 time, 430.9 real, 107.4 MB
[runlim] sample:		425.6 time, 440.9 real, 107.4 MB
[runlim] sample:		434.6 time, 450.9 real, 107.4 MB
[runlim] sample:		443.8 time, 460.9 real, 107.4 MB
[runlim] sample:		453.5 time, 470.9 real, 107.4 MB
[runlim] sample:		463.2 time, 480.9 real, 107.4 MB
[runlim] sample:		473.1 time, 490.9 real, 107.4 MB
[runlim] sample:		483.1 time, 500.9 real, 107.4 MB
[runlim] sample:		493.0 time, 510.9 real, 107.4 MB
[runlim] sample:		502.9 time, 520.9 real, 107.4 MB
[runlim] sample:		512.9 time, 530.9 real, 107.4 MB
[runlim] sample:		522.6 time, 540.9 real, 107.4 MB
[runlim] sample:		532.0 time, 550.9 real, 107.4 MB
[runlim] sample:		541.4 time, 560.9 real, 107.4 MB
[runlim] sample:		551.2 time, 570.9 real, 107.4 MB
[runlim] sample:		560.9 time, 580.9 real, 107.4 MB
[runlim] sample:		570.7 time, 590.9 real, 107.4 MB
[runlim] sample:		580.7 time, 600.9 real, 107.4 MB
[runlim] sample:		590.7 time, 610.9 real, 107.4 MB
[runlim] sample:		600.7 time, 620.9 real, 107.4 MB
[runlim] sample:		610.7 time, 630.9 real, 107.4 MB
[runlim] sample:		620.4 time, 640.9 real, 107.4 MB
[runlim] sample:		629.9 time, 650.9 real, 107.4 MB
[runlim] sample:		639.3 time, 660.9 real, 107.4 MB
[runlim] sample:		649.3 time, 670.9 real, 107.4 MB
[runlim] sample:		659.3 time, 680.9 real, 107.4 MB
[runlim] sample:		668.8 time, 690.9 real, 107.4 MB
[runlim] sample:		678.2 time, 700.9 real, 107.4 MB
[runlim] sample:		688.2 time, 710.9 real, 107.4 MB
[runlim] sample:		698.1 time, 720.9 real, 107.4 MB
[runlim] sample:		707.7 time, 730.9 real, 107.4 MB
[runlim] sample:		716.9 time, 740.9 real, 107.4 MB
[runlim] sample:		726.3 time, 750.9 real, 107.4 MB
[runlim] sample:		735.7 time, 760.9 real, 107.4 MB
[runlim] sample:		745.2 time, 770.9 real, 107.4 MB
[runlim] sample:		754.4 time, 780.9 real, 107.4 MB
[runlim] sample:		763.8 time, 790.9 real, 107.4 MB
[runlim] sample:		773.1 time, 800.9 real, 107.4 MB
[runlim] sample:		782.5 time, 810.9 real, 107.4 MB
[runlim] sample:		791.9 time, 820.9 real, 107.4 MB
[runlim] sample:		801.4 time, 830.9 real, 107.4 MB
[runlim] sample:		810.0 time, 840.9 real, 107.4 MB
[runlim] sample:		818.3 time, 850.9 real, 107.4 MB
[runlim] sample:		827.6 time, 860.9 real, 107.4 MB
[runlim] sample:		836.8 time, 870.9 real, 107.4 MB
[runlim] sample:		845.2 time, 880.9 real, 107.4 MB
[runlim] sample:		854.5 time, 890.9 real, 107.4 MB
[runlim] sample:		864.5 time, 900.9 real, 107.4 MB
[runlim] sample:		874.5 time, 910.9 real, 107.4 MB
[runlim] sample:		884.5 time, 920.9 real, 107.4 MB
[runlim] sample:		894.5 time, 930.9 real, 107.4 MB
[runlim] sample:		904.5 time, 940.9 real, 107.4 MB
[runlim] sample:		914.5 time, 950.9 real, 107.4 MB
[runlim] sample:		924.0 time, 960.9 real, 107.4 MB
[runlim] sample:		934.0 time, 970.9 real, 107.4 MB
[runlim] sample:		944.0 time, 980.9 real, 107.4 MB
[runlim] sample:		953.0 time, 990.9 real, 107.4 MB
[runlim] sample:		961.1 time, 1000.9 real, 107.4 MB
[runlim] sample:		970.5 time, 1010.9 real, 108.7 MB
[runlim] sample:		978.9 time, 1020.9 real, 108.7 MB
[runlim] sample:		987.1 time, 1030.9 real, 108.7 MB
[runlim] sample:		996.3 time, 1040.9 real, 108.7 MB
[runlim] sample:		1005.6 time, 1050.9 real, 108.7 MB
[runlim] sample:		1014.9 time, 1060.9 real, 108.7 MB
[runlim] sample:		1023.9 time, 1070.9 real, 123.7 MB
[runlim] sample:		1032.9 time, 1080.9 real, 123.9 MB
[runlim] sample:		1042.9 time, 1090.9 real, 121.7 MB
[runlim] sample:		1052.9 time, 1100.9 real, 116.3 MB
[runlim] sample:		1062.9 time, 1110.9 real, 116.3 MB
[runlim] sample:		1072.9 time, 1120.9 real, 116.3 MB
[runlim] sample:		1082.3 time, 1130.9 real, 116.3 MB
[runlim] sample:		1090.3 time, 1140.9 real, 116.3 MB
[runlim] sample:		1099.9 time, 1150.9 real, 116.3 MB
[runlim] sample:		1109.6 time, 1160.9 real, 116.3 MB
[runlim] sample:		1119.2 time, 1170.9 real, 116.3 MB
[runlim] sample:		1128.9 time, 1180.9 real, 116.3 MB
[runlim] sample:		1138.6 time, 1190.9 real, 116.3 MB
[runlim] sample:		1148.3 time, 1200.9 real, 116.3 MB
[runlim] sample:		1157.9 time, 1210.9 real, 116.3 MB
[runlim] sample:		1167.6 time, 1220.9 real, 116.3 MB
[runlim] sample:		1177.3 time, 1230.9 real, 116.3 MB
[runlim] sample:		1187.0 time, 1240.9 real, 116.3 MB
[runlim] sample:		1196.6 time, 1250.9 real, 116.3 MB
[runlim] sample:		1206.3 time, 1260.9 real, 116.3 MB
[runlim] sample:		1215.7 time, 1270.9 real, 116.3 MB
[runlim] sample:		1225.7 time, 1280.9 real, 116.3 MB
[runlim] sample:		1235.7 time, 1290.9 real, 116.3 MB
[runlim] sample:		1245.7 time, 1300.9 real, 116.3 MB
[runlim] sample:		1255.7 time, 1310.9 real, 116.3 MB
[runlim] sample:		1265.7 time, 1320.9 real, 116.3 MB
[runlim] sample:		1275.7 time, 1330.9 real, 116.3 MB
[runlim] sample:		1285.7 time, 1340.9 real, 116.3 MB
[runlim] sample:		1295.7 time, 1350.9 real, 116.3 MB
[runlim] sample:		1305.7 time, 1360.9 real, 116.3 MB
[runlim] sample:		1314.5 time, 1370.9 real, 116.3 MB
[runlim] sample:		1323.6 time, 1380.9 real, 116.3 MB
[runlim] sample:		1333.0 time, 1390.9 real, 116.3 MB
[runlim] sample:		1341.9 time, 1400.9 real, 116.3 MB
[runlim] sample:		1350.7 time, 1410.9 real, 116.3 MB
[runlim] sample:		1360.0 time, 1420.9 real, 116.3 MB
[runlim] sample:		1369.6 time, 1430.9 real, 116.3 MB
[runlim] sample:		1379.3 time, 1440.9 real, 116.3 MB
[runlim] sample:		1389.0 time, 1450.9 real, 116.3 MB
[runlim] sample:		1398.6 time, 1460.9 real, 116.3 MB
[runlim] sample:		1407.8 time, 1470.9 real, 116.3 MB
[runlim] sample:		1416.6 time, 1480.9 real, 116.3 MB
[runlim] sample:		1426.3 time, 1490.9 real, 116.3 MB
[runlim] sample:		1436.0 time, 1500.9 real, 116.3 MB
[runlim] sample:		1445.2 time, 1510.9 real, 116.3 MB
[runlim] sample:		1454.4 time, 1520.9 real, 116.3 MB
[runlim] sample:		1463.9 time, 1530.9 real, 116.3 MB
[runlim] sample:		1473.9 time, 1540.9 real, 116.3 MB
[runlim] sample:		1483.9 time, 1550.9 real, 116.3 MB
[runlim] sample:		1493.6 time, 1560.9 real, 116.3 MB
[runlim] sample:		1503.6 time, 1570.9 real, 116.3 MB
[runlim] sample:		1513.5 time, 1580.9 real, 116.3 MB
[runlim] sample:		1523.4 time, 1590.9 real, 116.3 MB
[runlim] sample:		1533.2 time, 1600.9 real, 116.3 MB
[runlim] sample:		1542.9 time, 1610.9 real, 126.4 MB
[runlim] sample:		1552.9 time, 1620.9 real, 121.5 MB
[runlim] sample:		1562.5 time, 1630.9 real, 119.9 MB
[runlim] sample:		1572.2 time, 1640.9 real, 116.0 MB
[runlim] sample:		1581.9 time, 1650.9 real, 116.0 MB
[runlim] sample:		1591.5 time, 1660.9 real, 116.0 MB
[runlim] sample:		1601.2 time, 1670.9 real, 116.0 MB
[runlim] sample:		1610.9 time, 1680.9 real, 116.0 MB
[runlim] sample:		1620.5 time, 1690.9 real, 116.0 MB
[runlim] sample:		1630.5 time, 1700.9 real, 116.0 MB
[runlim] sample:		1640.5 time, 1710.9 real, 116.0 MB
[runlim] sample:		1650.5 time, 1720.9 real, 118.9 MB
[runlim] sample:		1660.5 time, 1730.9 real, 118.9 MB
[runlim] sample:		1670.5 time, 1740.9 real, 118.9 MB
[runlim] sample:		1680.5 time, 1750.9 real, 116.0 MB
[runlim] sample:		1690.5 time, 1760.9 real, 116.0 MB
[runlim] sample:		1700.5 time, 1770.9 real, 116.0 MB
[runlim] sample:		1710.2 time, 1780.9 real, 116.0 MB
[runlim] sample:		1719.9 time, 1790.9 real, 116.0 MB
[runlim] sample:		1729.6 time, 1800.9 real, 116.0 MB
[runlim] sample:		1739.3 time, 1810.9 real, 116.0 MB
[runlim] sample:		1748.9 time, 1820.9 real, 116.0 MB
[runlim] sample:		1758.6 time, 1830.9 real, 116.0 MB
[runlim] sample:		1768.3 time, 1840.9 real, 116.0 MB
[runlim] sample:		1778.0 time, 1850.9 real, 116.0 MB
[runlim] sample:		1787.9 time, 1860.9 real, 116.0 MB
[runlim] sample:		1797.9 time, 1870.9 real, 116.0 MB
[runlim] end:			Fri Feb 15 04:54:28 2019
[runlim] status:		out of time
[runlim] result:		2
[runlim] children:		0
[runlim] real:			1873.09 seconds
[runlim] time:			1800.05 seconds
[runlim] space:			126.4 MB
[runlim] samples:		18722
