[runlim] version:		1.10fixed
[runlim] time limit:		300 seconds
[runlim] real time limit:	311040000 seconds
[runlim] space limit:		4000 MB
[runlim] argv[0]:		./z3
[runlim] argv[1]:		/tmp/G2rlRzj0.smt2
[runlim] start:			Mon Jan 28 18:50:17 2019
[runlim] main pid:		26102
[runlim] sample:		9.8 time, 10.9 real, 76.6 MB
[runlim] sample:		19.8 time, 20.9 real, 76.6 MB
[runlim] sample:		29.7 time, 30.9 real, 76.6 MB
[runlim] sample:		39.7 time, 40.9 real, 76.6 MB
[runlim] sample:		49.7 time, 50.9 real, 76.6 MB
[runlim] sample:		59.7 time, 60.9 real, 76.6 MB
[runlim] sample:		69.7 time, 70.9 real, 76.6 MB
[runlim] sample:		79.7 time, 80.9 real, 76.6 MB
[runlim] sample:		89.7 time, 90.9 real, 76.6 MB
[runlim] sample:		99.7 time, 100.9 real, 76.6 MB
[runlim] sample:		109.5 time, 110.9 real, 76.6 MB
[runlim] sample:		119.5 time, 120.9 real, 76.6 MB
[runlim] sample:		129.4 time, 130.9 real, 76.6 MB
[runlim] sample:		139.4 time, 140.9 real, 76.6 MB
[runlim] sample:		149.4 time, 150.9 real, 76.6 MB
[runlim] sample:		159.4 time, 160.9 real, 76.6 MB
[runlim] sample:		169.4 time, 170.9 real, 76.6 MB
[runlim] sample:		179.4 time, 180.9 real, 76.6 MB
[runlim] sample:		189.4 time, 190.9 real, 76.6 MB
[runlim] sample:		199.4 time, 200.9 real, 76.6 MB
[runlim] sample:		209.4 time, 210.9 real, 76.9 MB
[runlim] sample:		219.4 time, 220.9 real, 76.9 MB
[runlim] sample:		229.4 time, 230.9 real, 76.9 MB
[runlim] sample:		239.4 time, 240.9 real, 76.9 MB
[runlim] sample:		249.4 time, 250.9 real, 80.2 MB
[runlim] sample:		259.4 time, 260.9 real, 80.2 MB
[runlim] sample:		269.4 time, 270.9 real, 80.2 MB
[runlim] sample:		279.4 time, 280.9 real, 85.4 MB
[runlim] sample:		289.4 time, 290.9 real, 85.4 MB
[runlim] sample:		299.4 time, 300.9 real, 81.4 MB
[runlim] end:			Mon Jan 28 18:55:18 2019
[runlim] status:		out of time
[runlim] result:		2
[runlim] children:		0
[runlim] real:			301.57 seconds
[runlim] time:			300.02 seconds
[runlim] space:			85.4 MB
[runlim] samples:		3006
