[runlim] version:		1.10fixed
[runlim] time limit:		300 seconds
[runlim] real time limit:	311040000 seconds
[runlim] space limit:		4000 MB
[runlim] argv[0]:		./z3
[runlim] argv[1]:		/tmp/14s9a62h.smt2
[runlim] start:			Tue Jan 29 16:14:50 2019
[runlim] main pid:		22984
[runlim] sample:		8.6 time, 10.2 real, 40.8 MB
[runlim] sample:		18.6 time, 20.2 real, 56.8 MB
[runlim] sample:		28.6 time, 30.2 real, 66.9 MB
[runlim] sample:		38.6 time, 40.2 real, 66.9 MB
[runlim] sample:		48.6 time, 50.2 real, 68.9 MB
[runlim] sample:		58.0 time, 60.2 real, 75.4 MB
[runlim] sample:		66.7 time, 70.2 real, 77.4 MB
[runlim] sample:		75.6 time, 80.2 real, 80.0 MB
[runlim] sample:		85.3 time, 90.2 real, 82.3 MB
[runlim] sample:		95.3 time, 100.2 real, 84.7 MB
[runlim] sample:		105.0 time, 110.2 real, 87.2 MB
[runlim] sample:		115.0 time, 120.2 real, 88.0 MB
[runlim] sample:		124.7 time, 130.2 real, 89.3 MB
[runlim] sample:		134.7 time, 140.2 real, 91.1 MB
[runlim] sample:		144.3 time, 150.2 real, 91.6 MB
[runlim] sample:		154.3 time, 160.2 real, 92.4 MB
[runlim] sample:		164.3 time, 170.2 real, 92.7 MB
[runlim] sample:		174.2 time, 180.2 real, 92.9 MB
[runlim] sample:		183.3 time, 190.2 real, 93.7 MB
[runlim] sample:		192.5 time, 200.2 real, 93.8 MB
[runlim] sample:		201.6 time, 210.2 real, 94.1 MB
[runlim] sample:		210.6 time, 220.2 real, 95.1 MB
[runlim] sample:		219.9 time, 230.2 real, 95.1 MB
[runlim] sample:		228.9 time, 240.2 real, 95.6 MB
[runlim] sample:		238.9 time, 250.2 real, 97.4 MB
[runlim] sample:		248.9 time, 260.2 real, 98.0 MB
[runlim] sample:		258.9 time, 270.2 real, 98.5 MB
[runlim] sample:		268.9 time, 280.2 real, 100.0 MB
[runlim] sample:		278.9 time, 290.2 real, 100.5 MB
[runlim] sample:		287.8 time, 300.2 real, 100.9 MB
[runlim] sample:		297.8 time, 310.2 real, 101.7 MB
[runlim] end:			Tue Jan 29 16:20:02 2019
[runlim] status:		out of time
[runlim] result:		2
[runlim] children:		0
[runlim] real:			312.49 seconds
[runlim] time:			300.08 seconds
[runlim] space:			102.3 MB
[runlim] samples:		3123
