[runlim] version:		1.10fixed
[runlim] time limit:		300 seconds
[runlim] real time limit:	311040000 seconds
[runlim] space limit:		4000 MB
[runlim] argv[0]:		./z3
[runlim] argv[1]:		/tmp/JHxY8Z6t.smt2
[runlim] start:			Mon Jan 28 18:49:28 2019
[runlim] main pid:		19666
[runlim] sample:		9.0 time, 10.1 real, 17.2 MB
[runlim] sample:		18.1 time, 20.1 real, 22.5 MB
[runlim] sample:		27.1 time, 30.1 real, 23.5 MB
[runlim] sample:		36.1 time, 40.1 real, 27.3 MB
[runlim] sample:		45.1 time, 50.1 real, 45.7 MB
[runlim] sample:		54.1 time, 60.1 real, 50.8 MB
[runlim] sample:		63.1 time, 70.1 real, 61.2 MB
[runlim] sample:		72.1 time, 80.1 real, 61.2 MB
[runlim] sample:		81.1 time, 90.1 real, 61.2 MB
[runlim] sample:		90.4 time, 100.1 real, 62.0 MB
[runlim] sample:		100.4 time, 110.1 real, 62.8 MB
[runlim] sample:		110.4 time, 120.1 real, 61.6 MB
[runlim] sample:		120.1 time, 130.1 real, 62.1 MB
[runlim] sample:		129.1 time, 140.1 real, 61.7 MB
[runlim] sample:		138.1 time, 150.1 real, 61.8 MB
[runlim] sample:		147.2 time, 160.1 real, 61.8 MB
[runlim] sample:		156.2 time, 170.1 real, 62.6 MB
[runlim] sample:		165.5 time, 180.1 real, 63.2 MB
[runlim] sample:		175.5 time, 190.1 real, 62.0 MB
[runlim] sample:		185.5 time, 200.1 real, 62.0 MB
[runlim] sample:		195.5 time, 210.1 real, 66.1 MB
[runlim] sample:		205.5 time, 220.1 real, 61.5 MB
[runlim] sample:		215.5 time, 230.1 real, 62.4 MB
[runlim] sample:		225.5 time, 240.1 real, 61.5 MB
[runlim] sample:		235.5 time, 250.1 real, 65.5 MB
[runlim] sample:		245.5 time, 260.1 real, 66.5 MB
[runlim] sample:		255.5 time, 270.1 real, 65.8 MB
[runlim] sample:		265.5 time, 280.1 real, 65.9 MB
[runlim] sample:		275.3 time, 290.1 real, 76.9 MB
[runlim] sample:		284.4 time, 300.1 real, 82.3 MB
[runlim] sample:		294.3 time, 310.1 real, 82.3 MB
[runlim] end:			Mon Jan 28 18:54:43 2019
[runlim] status:		signal(9)
[runlim] result:		11
[runlim] children:		0
[runlim] real:			315.80 seconds
[runlim] time:			299.99 seconds
[runlim] space:			82.3 MB
[runlim] samples:		3157
