[runlim] version:		1.10fixed
[runlim] time limit:		300 seconds
[runlim] real time limit:	311040000 seconds
[runlim] space limit:		4000 MB
[runlim] argv[0]:		./z3
[runlim] argv[1]:		/tmp/hZq6XeRu.smt2
[runlim] start:			Mon Jan 28 18:49:16 2019
[runlim] main pid:		5778
[runlim] sample:		9.3 time, 10.7 real, 25.0 MB
[runlim] sample:		18.7 time, 20.7 real, 29.1 MB
[runlim] sample:		28.0 time, 30.7 real, 29.1 MB
[runlim] sample:		37.4 time, 40.7 real, 39.9 MB
[runlim] sample:		46.7 time, 50.7 real, 67.1 MB
[runlim] sample:		56.0 time, 60.7 real, 67.1 MB
[runlim] sample:		65.3 time, 70.7 real, 67.1 MB
[runlim] sample:		74.6 time, 80.7 real, 80.3 MB
[runlim] sample:		83.9 time, 90.7 real, 85.6 MB
[runlim] sample:		93.2 time, 100.7 real, 91.6 MB
[runlim] sample:		102.5 time, 110.7 real, 97.0 MB
[runlim] sample:		111.8 time, 120.7 real, 99.5 MB
[runlim] sample:		121.2 time, 130.7 real, 100.3 MB
[runlim] sample:		130.5 time, 140.7 real, 101.4 MB
[runlim] sample:		139.8 time, 150.7 real, 102.0 MB
[runlim] sample:		149.1 time, 160.7 real, 103.9 MB
[runlim] sample:		158.4 time, 170.7 real, 104.7 MB
[runlim] sample:		167.8 time, 180.7 real, 105.5 MB
[runlim] sample:		177.1 time, 190.7 real, 106.0 MB
[runlim] sample:		186.4 time, 200.7 real, 107.0 MB
[runlim] sample:		195.7 time, 210.7 real, 107.1 MB
[runlim] sample:		205.0 time, 220.7 real, 108.5 MB
[runlim] sample:		214.3 time, 230.7 real, 109.0 MB
[runlim] sample:		223.6 time, 240.7 real, 109.4 MB
[runlim] sample:		233.0 time, 250.7 real, 110.0 MB
[runlim] sample:		242.3 time, 260.7 real, 110.9 MB
[runlim] sample:		252.1 time, 270.7 real, 111.1 MB
[runlim] sample:		261.8 time, 280.7 real, 111.5 MB
[runlim] sample:		271.5 time, 290.7 real, 111.9 MB
[runlim] sample:		281.1 time, 300.7 real, 111.8 MB
[runlim] end:			Mon Jan 28 18:54:22 2019
[runlim] status:		signal(9)
[runlim] result:		11
[runlim] children:		0
[runlim] real:			306.24 seconds
[runlim] time:			286.52 seconds
[runlim] space:			124.7 MB
[runlim] samples:		3055
