[runlim] version:		1.10fixed
[runlim] time limit:		300 seconds
[runlim] real time limit:	311040000 seconds
[runlim] space limit:		4000 MB
[runlim] argv[0]:		./z3
[runlim] argv[1]:		/tmp/2lfSTMts.smt2
[runlim] start:			Tue Jan 29 16:14:57 2019
[runlim] main pid:		11334
[runlim] sample:		8.3 time, 10.8 real, 26.7 MB
[runlim] sample:		16.7 time, 20.8 real, 26.9 MB
[runlim] sample:		25.9 time, 30.8 real, 70.6 MB
[runlim] sample:		35.2 time, 40.8 real, 71.7 MB
[runlim] sample:		44.9 time, 50.8 real, 71.7 MB
[runlim] sample:		54.6 time, 60.8 real, 71.7 MB
[runlim] sample:		64.3 time, 70.8 real, 71.7 MB
[runlim] sample:		73.9 time, 80.8 real, 71.7 MB
[runlim] sample:		83.4 time, 90.8 real, 71.7 MB
[runlim] sample:		92.9 time, 100.8 real, 71.7 MB
[runlim] sample:		102.8 time, 110.8 real, 71.7 MB
[runlim] sample:		112.4 time, 120.8 real, 71.4 MB
[runlim] sample:		121.8 time, 130.8 real, 71.4 MB
[runlim] sample:		131.4 time, 140.8 real, 71.4 MB
[runlim] sample:		140.7 time, 150.8 real, 71.4 MB
[runlim] sample:		150.7 time, 160.8 real, 71.4 MB
[runlim] sample:		160.7 time, 170.8 real, 71.4 MB
[runlim] sample:		170.7 time, 180.8 real, 71.4 MB
[runlim] sample:		180.7 time, 190.8 real, 70.3 MB
[runlim] sample:		190.7 time, 200.8 real, 71.6 MB
[runlim] sample:		200.7 time, 210.8 real, 71.6 MB
[runlim] sample:		209.8 time, 220.8 real, 71.6 MB
[runlim] sample:		219.8 time, 230.8 real, 71.6 MB
[runlim] sample:		229.0 time, 240.8 real, 71.6 MB
[runlim] sample:		237.2 time, 250.8 real, 70.3 MB
[runlim] sample:		246.9 time, 260.8 real, 70.3 MB
[runlim] sample:		256.6 time, 270.8 real, 70.3 MB
[runlim] sample:		266.2 time, 280.8 real, 72.6 MB
[runlim] sample:		275.9 time, 290.8 real, 75.7 MB
[runlim] sample:		285.8 time, 300.8 real, 70.5 MB
[runlim] sample:		295.8 time, 310.8 real, 71.1 MB
[runlim] end:			Tue Jan 29 16:20:12 2019
[runlim] status:		out of time
[runlim] result:		2
[runlim] children:		0
[runlim] real:			315.26 seconds
[runlim] time:			300.03 seconds
[runlim] space:			77.3 MB
[runlim] samples:		3144
