[runlim] version:		1.10fixed
[runlim] time limit:		300 seconds
[runlim] real time limit:	311040000 seconds
[runlim] space limit:		4000 MB
[runlim] argv[0]:		./z3
[runlim] argv[1]:		/tmp/pCcsLsFa.smt2
[runlim] start:			Mon Jan 28 18:49:15 2019
[runlim] main pid:		931
[runlim] sample:		9.3 time, 10.9 real, 57.6 MB
[runlim] sample:		19.3 time, 20.9 real, 57.6 MB
[runlim] sample:		29.3 time, 30.9 real, 57.6 MB
[runlim] sample:		39.3 time, 40.9 real, 57.6 MB
[runlim] sample:		49.3 time, 50.9 real, 57.6 MB
[runlim] sample:		59.3 time, 60.9 real, 57.6 MB
[runlim] sample:		69.3 time, 70.9 real, 57.6 MB
[runlim] sample:		79.3 time, 80.9 real, 57.6 MB
[runlim] sample:		89.3 time, 90.9 real, 57.6 MB
[runlim] sample:		99.3 time, 100.9 real, 57.6 MB
[runlim] sample:		109.3 time, 110.9 real, 57.6 MB
[runlim] sample:		119.3 time, 120.9 real, 119.5 MB
[runlim] sample:		129.3 time, 130.9 real, 119.5 MB
[runlim] sample:		139.3 time, 140.9 real, 119.5 MB
[runlim] sample:		149.3 time, 150.9 real, 119.5 MB
[runlim] sample:		159.3 time, 160.9 real, 119.5 MB
[runlim] sample:		169.3 time, 170.9 real, 119.7 MB
[runlim] sample:		179.3 time, 180.9 real, 119.7 MB
[runlim] sample:		189.2 time, 190.9 real, 120.0 MB
[runlim] sample:		199.2 time, 200.9 real, 120.0 MB
[runlim] sample:		209.2 time, 210.9 real, 120.0 MB
[runlim] sample:		219.2 time, 220.9 real, 120.0 MB
[runlim] sample:		229.2 time, 230.9 real, 104.2 MB
[runlim] sample:		239.2 time, 240.9 real, 104.2 MB
[runlim] sample:		249.2 time, 250.9 real, 104.2 MB
[runlim] sample:		259.2 time, 260.9 real, 104.2 MB
[runlim] sample:		269.2 time, 270.9 real, 104.2 MB
[runlim] sample:		279.2 time, 280.9 real, 104.2 MB
[runlim] sample:		289.2 time, 290.9 real, 104.2 MB
[runlim] sample:		299.2 time, 300.9 real, 104.2 MB
[runlim] end:			Mon Jan 28 18:54:16 2019
[runlim] status:		out of time
[runlim] result:		2
[runlim] children:		0
[runlim] real:			301.73 seconds
[runlim] time:			300.04 seconds
[runlim] space:			120.0 MB
[runlim] samples:		3008
