[runlim] version:		1.10fixed
[runlim] time limit:		1800 seconds
[runlim] real time limit:	311040000 seconds
[runlim] space limit:		4000 MB
[runlim] argv[0]:		./z3
[runlim] argv[1]:		/tmp/gS14t2RA.smt2
[runlim] start:			Fri Feb  8 23:46:02 2019
[runlim] main pid:		17571
[runlim] sample:		9.0 time, 10.4 real, 29.9 MB
[runlim] sample:		19.0 time, 20.4 real, 29.9 MB
[runlim] sample:		28.9 time, 30.4 real, 29.9 MB
[runlim] sample:		38.7 time, 40.4 real, 30.0 MB
[runlim] sample:		47.1 time, 50.4 real, 30.0 MB
[runlim] sample:		56.0 time, 60.4 real, 31.2 MB
[runlim] sample:		66.0 time, 70.4 real, 32.9 MB
[runlim] sample:		75.6 time, 80.4 real, 31.6 MB
[runlim] sample:		85.0 time, 90.4 real, 31.6 MB
[runlim] sample:		94.5 time, 100.4 real, 33.4 MB
[runlim] sample:		104.2 time, 110.4 real, 33.4 MB
[runlim] sample:		113.8 time, 120.4 real, 34.1 MB
[runlim] sample:		123.5 time, 130.4 real, 34.3 MB
[runlim] sample:		133.2 time, 140.4 real, 34.3 MB
[runlim] sample:		142.9 time, 150.4 real, 34.3 MB
[runlim] sample:		152.9 time, 160.4 real, 34.3 MB
[runlim] sample:		162.9 time, 170.4 real, 34.3 MB
[runlim] sample:		172.9 time, 180.4 real, 34.3 MB
[runlim] sample:		182.9 time, 190.4 real, 34.6 MB
[runlim] sample:		192.9 time, 200.4 real, 34.4 MB
[runlim] sample:		202.9 time, 210.4 real, 34.5 MB
[runlim] sample:		212.9 time, 220.4 real, 36.3 MB
[runlim] sample:		222.9 time, 230.4 real, 35.2 MB
[runlim] sample:		232.9 time, 240.4 real, 35.8 MB
[runlim] sample:		242.9 time, 250.4 real, 35.4 MB
[runlim] sample:		252.9 time, 260.4 real, 37.0 MB
[runlim] sample:		262.9 time, 270.4 real, 37.0 MB
[runlim] sample:		272.9 time, 280.4 real, 37.0 MB
[runlim] sample:		282.9 time, 290.4 real, 37.0 MB
[runlim] sample:		292.9 time, 300.4 real, 37.0 MB
[runlim] sample:		302.9 time, 310.4 real, 37.0 MB
[runlim] sample:		312.9 time, 320.4 real, 37.0 MB
[runlim] sample:		322.9 time, 330.4 real, 37.0 MB
[runlim] sample:		332.9 time, 340.4 real, 37.0 MB
[runlim] sample:		342.9 time, 350.4 real, 37.0 MB
[runlim] sample:		352.9 time, 360.4 real, 37.0 MB
[runlim] sample:		362.9 time, 370.4 real, 37.0 MB
[runlim] sample:		372.9 time, 380.4 real, 37.0 MB
[runlim] sample:		382.9 time, 390.4 real, 37.0 MB
[runlim] sample:		392.9 time, 400.4 real, 37.2 MB
[runlim] sample:		402.9 time, 410.4 real, 37.1 MB
[runlim] sample:		412.9 time, 420.4 real, 37.2 MB
[runlim] sample:		422.9 time, 430.4 real, 37.2 MB
[runlim] sample:		432.9 time, 440.4 real, 38.8 MB
[runlim] sample:		442.9 time, 450.4 real, 38.8 MB
[runlim] sample:		452.9 time, 460.4 real, 38.8 MB
[runlim] sample:		462.9 time, 470.4 real, 38.8 MB
[runlim] sample:		472.9 time, 480.4 real, 38.8 MB
[runlim] sample:		482.9 time, 490.4 real, 38.8 MB
[runlim] sample:		492.9 time, 500.4 real, 39.3 MB
[runlim] sample:		502.9 time, 510.4 real, 39.3 MB
[runlim] sample:		512.9 time, 520.4 real, 39.5 MB
[runlim] sample:		522.9 time, 530.4 real, 39.5 MB
[runlim] sample:		532.9 time, 540.4 real, 39.7 MB
[runlim] sample:		542.9 time, 550.4 real, 40.0 MB
[runlim] sample:		552.9 time, 560.4 real, 40.1 MB
[runlim] sample:		562.9 time, 570.4 real, 40.1 MB
[runlim] sample:		572.9 time, 580.4 real, 40.1 MB
[runlim] sample:		581.8 time, 590.4 real, 39.5 MB
[runlim] sample:		591.3 time, 600.4 real, 39.5 MB
[runlim] sample:		600.8 time, 610.4 real, 39.5 MB
[runlim] sample:		609.7 time, 620.4 real, 40.8 MB
[runlim] sample:		619.2 time, 630.4 real, 39.5 MB
[runlim] sample:		628.7 time, 640.4 real, 39.5 MB
[runlim] sample:		638.1 time, 650.4 real, 39.5 MB
[runlim] sample:		646.4 time, 660.4 real, 39.5 MB
[runlim] sample:		654.9 time, 670.4 real, 39.8 MB
[runlim] sample:		664.4 time, 680.4 real, 39.5 MB
[runlim] sample:		673.9 time, 690.4 real, 39.5 MB
[runlim] sample:		682.7 time, 700.4 real, 39.5 MB
[runlim] sample:		692.1 time, 710.4 real, 41.4 MB
[runlim] sample:		700.4 time, 720.4 real, 39.7 MB
[runlim] sample:		710.1 time, 730.4 real, 40.6 MB
[runlim] sample:		719.7 time, 740.4 real, 41.4 MB
[runlim] sample:		729.0 time, 750.4 real, 40.6 MB
[runlim] sample:		738.5 time, 760.4 real, 40.6 MB
[runlim] sample:		748.1 time, 770.4 real, 40.7 MB
[runlim] sample:		757.5 time, 780.4 real, 40.6 MB
[runlim] sample:		767.4 time, 790.4 real, 40.7 MB
[runlim] sample:		777.4 time, 800.4 real, 40.6 MB
[runlim] sample:		787.4 time, 810.4 real, 40.6 MB
[runlim] sample:		797.0 time, 820.4 real, 40.6 MB
[runlim] sample:		807.0 time, 830.4 real, 40.6 MB
[runlim] sample:		817.0 time, 840.4 real, 40.6 MB
[runlim] sample:		827.0 time, 850.4 real, 40.6 MB
[runlim] sample:		836.5 time, 860.4 real, 40.6 MB
[runlim] sample:		846.5 time, 870.4 real, 40.7 MB
[runlim] sample:		856.5 time, 880.4 real, 40.7 MB
[runlim] sample:		866.3 time, 890.4 real, 40.6 MB
[runlim] sample:		875.7 time, 900.4 real, 40.6 MB
[runlim] sample:		885.1 time, 910.4 real, 40.6 MB
[runlim] sample:		894.7 time, 920.4 real, 40.7 MB
[runlim] sample:		904.3 time, 930.4 real, 41.4 MB
[runlim] sample:		913.7 time, 940.4 real, 40.6 MB
[runlim] sample:		923.6 time, 950.4 real, 40.6 MB
[runlim] sample:		933.6 time, 960.4 real, 40.6 MB
[runlim] sample:		943.6 time, 970.4 real, 40.6 MB
[runlim] sample:		953.2 time, 980.4 real, 40.6 MB
[runlim] sample:		962.8 time, 990.4 real, 40.7 MB
[runlim] sample:		972.2 time, 1000.4 real, 40.7 MB
[runlim] sample:		981.5 time, 1010.4 real, 41.4 MB
[runlim] sample:		990.9 time, 1020.4 real, 40.7 MB
[runlim] sample:		1000.2 time, 1030.4 real, 40.7 MB
[runlim] sample:		1008.8 time, 1040.4 real, 40.7 MB
[runlim] sample:		1017.6 time, 1050.4 real, 40.8 MB
[runlim] sample:		1027.6 time, 1060.4 real, 40.8 MB
[runlim] sample:		1037.6 time, 1070.4 real, 41.1 MB
[runlim] sample:		1047.1 time, 1080.4 real, 41.4 MB
[runlim] sample:		1056.2 time, 1090.4 real, 40.9 MB
[runlim] sample:		1065.9 time, 1100.4 real, 40.9 MB
[runlim] sample:		1075.9 time, 1110.4 real, 40.9 MB
[runlim] sample:		1085.5 time, 1120.4 real, 40.9 MB
[runlim] sample:		1095.5 time, 1130.4 real, 41.2 MB
[runlim] sample:		1105.5 time, 1140.4 real, 41.2 MB
[runlim] sample:		1115.1 time, 1150.4 real, 42.1 MB
[runlim] sample:		1124.8 time, 1160.4 real, 41.4 MB
[runlim] sample:		1134.5 time, 1170.4 real, 41.4 MB
[runlim] sample:		1144.1 time, 1180.4 real, 41.4 MB
[runlim] sample:		1153.8 time, 1190.4 real, 41.6 MB
[runlim] sample:		1163.4 time, 1200.4 real, 43.4 MB
[runlim] sample:		1173.1 time, 1210.4 real, 41.8 MB
[runlim] sample:		1182.8 time, 1220.4 real, 41.9 MB
[runlim] sample:		1192.8 time, 1230.4 real, 41.9 MB
[runlim] sample:		1202.7 time, 1240.4 real, 42.0 MB
[runlim] sample:		1211.5 time, 1250.4 real, 42.3 MB
[runlim] sample:		1220.8 time, 1260.4 real, 42.1 MB
[runlim] sample:		1230.5 time, 1270.4 real, 42.1 MB
[runlim] sample:		1239.8 time, 1280.4 real, 42.1 MB
[runlim] sample:		1248.7 time, 1290.4 real, 42.1 MB
[runlim] sample:		1258.7 time, 1300.4 real, 42.1 MB
[runlim] sample:		1268.7 time, 1310.4 real, 42.7 MB
[runlim] sample:		1278.7 time, 1320.4 real, 42.2 MB
[runlim] sample:		1288.7 time, 1330.4 real, 42.3 MB
[runlim] sample:		1298.3 time, 1340.4 real, 42.3 MB
[runlim] sample:		1308.0 time, 1350.4 real, 42.3 MB
[runlim] sample:		1318.0 time, 1360.4 real, 42.3 MB
[runlim] sample:		1328.0 time, 1370.4 real, 42.3 MB
[runlim] sample:		1338.0 time, 1380.4 real, 42.8 MB
[runlim] sample:		1348.0 time, 1390.4 real, 42.8 MB
[runlim] sample:		1358.0 time, 1400.4 real, 42.8 MB
[runlim] sample:		1367.2 time, 1410.4 real, 43.1 MB
[runlim] sample:		1377.2 time, 1420.4 real, 43.1 MB
[runlim] sample:		1386.6 time, 1430.4 real, 43.1 MB
[runlim] sample:		1395.5 time, 1440.4 real, 43.3 MB
[runlim] sample:		1404.5 time, 1450.4 real, 43.3 MB
[runlim] sample:		1414.0 time, 1460.4 real, 43.8 MB
[runlim] sample:		1422.9 time, 1470.4 real, 44.1 MB
[runlim] sample:		1431.8 time, 1480.4 real, 46.2 MB
[runlim] sample:		1441.0 time, 1490.4 real, 46.0 MB
[runlim] sample:		1451.0 time, 1500.4 real, 44.7 MB
[runlim] sample:		1460.2 time, 1510.4 real, 44.7 MB
[runlim] sample:		1469.4 time, 1520.4 real, 44.7 MB
[runlim] sample:		1479.4 time, 1530.4 real, 44.7 MB
[runlim] sample:		1488.6 time, 1540.4 real, 44.7 MB
[runlim] sample:		1496.0 time, 1550.4 real, 45.0 MB
[runlim] sample:		1505.9 time, 1560.4 real, 45.2 MB
[runlim] sample:		1515.9 time, 1570.4 real, 45.2 MB
[runlim] sample:		1524.2 time, 1580.4 real, 45.2 MB
[runlim] sample:		1534.2 time, 1590.4 real, 45.5 MB
[runlim] sample:		1544.2 time, 1600.4 real, 45.5 MB
[runlim] sample:		1554.2 time, 1610.4 real, 45.5 MB
[runlim] sample:		1564.2 time, 1620.4 real, 46.0 MB
[runlim] sample:		1573.6 time, 1630.4 real, 47.8 MB
[runlim] sample:		1582.9 time, 1640.4 real, 48.2 MB
[runlim] sample:		1592.9 time, 1650.4 real, 48.2 MB
[runlim] sample:		1602.8 time, 1660.4 real, 48.2 MB
[runlim] sample:		1612.5 time, 1670.4 real, 48.2 MB
[runlim] sample:		1621.1 time, 1680.4 real, 48.2 MB
[runlim] sample:		1629.9 time, 1690.4 real, 48.2 MB
[runlim] sample:		1639.1 time, 1700.4 real, 48.2 MB
[runlim] sample:		1648.6 time, 1710.4 real, 48.2 MB
[runlim] sample:		1658.6 time, 1720.4 real, 48.2 MB
[runlim] sample:		1668.6 time, 1730.4 real, 48.2 MB
[runlim] sample:		1678.6 time, 1740.4 real, 48.4 MB
[runlim] sample:		1688.6 time, 1750.4 real, 48.4 MB
[runlim] sample:		1698.6 time, 1760.4 real, 48.4 MB
[runlim] sample:		1708.6 time, 1770.4 real, 48.4 MB
[runlim] sample:		1718.6 time, 1780.4 real, 48.4 MB
[runlim] sample:		1728.6 time, 1790.4 real, 48.4 MB
[runlim] sample:		1737.1 time, 1800.4 real, 48.4 MB
[runlim] sample:		1744.5 time, 1810.4 real, 48.5 MB
[runlim] sample:		1754.0 time, 1820.4 real, 48.7 MB
[runlim] sample:		1764.0 time, 1830.4 real, 48.7 MB
[runlim] sample:		1774.0 time, 1840.4 real, 48.7 MB
[runlim] sample:		1784.0 time, 1850.4 real, 48.7 MB
[runlim] sample:		1792.9 time, 1860.4 real, 48.7 MB
[runlim] end:			Sat Feb  9 00:17:10 2019
[runlim] status:		out of time
[runlim] result:		2
[runlim] children:		0
[runlim] real:			1868.56 seconds
[runlim] time:			1800.02 seconds
[runlim] space:			49.7 MB
[runlim] samples:		18681
