[runlim] version:		1.10fixed
[runlim] time limit:		300 seconds
[runlim] real time limit:	311040000 seconds
[runlim] space limit:		4000 MB
[runlim] argv[0]:		./z3
[runlim] argv[1]:		/tmp/IEi6hEgg.smt2
[runlim] start:			Tue Jan 29 16:06:02 2019
[runlim] main pid:		20015
[runlim] sample:		7.6 time, 10.4 real, 18.3 MB
[runlim] sample:		16.1 time, 20.4 real, 23.9 MB
[runlim] sample:		23.8 time, 30.4 real, 24.1 MB
[runlim] sample:		33.1 time, 40.4 real, 24.1 MB
[runlim] sample:		42.5 time, 50.4 real, 24.1 MB
[runlim] sample:		51.4 time, 60.4 real, 24.4 MB
[runlim] sample:		59.0 time, 70.4 real, 24.4 MB
[runlim] sample:		66.6 time, 80.4 real, 24.4 MB
[runlim] sample:		74.2 time, 90.4 real, 24.4 MB
[runlim] sample:		82.6 time, 100.4 real, 24.7 MB
[runlim] sample:		91.9 time, 110.4 real, 25.9 MB
[runlim] sample:		101.3 time, 120.4 real, 25.9 MB
[runlim] sample:		110.9 time, 130.4 real, 25.9 MB
[runlim] sample:		120.2 time, 140.4 real, 25.9 MB
[runlim] sample:		129.5 time, 150.4 real, 26.7 MB
[runlim] sample:		138.8 time, 160.4 real, 30.0 MB
[runlim] sample:		148.1 time, 170.4 real, 30.9 MB
[runlim] sample:		157.5 time, 180.4 real, 29.8 MB
[runlim] sample:		166.8 time, 190.4 real, 29.8 MB
[runlim] sample:		176.1 time, 200.4 real, 29.8 MB
[runlim] sample:		185.2 time, 210.4 real, 33.0 MB
[runlim] sample:		194.5 time, 220.4 real, 33.5 MB
[runlim] sample:		203.5 time, 230.4 real, 34.5 MB
[runlim] sample:		212.7 time, 240.4 real, 35.2 MB
[runlim] sample:		222.1 time, 250.4 real, 35.2 MB
[runlim] sample:		231.4 time, 260.4 real, 35.2 MB
[runlim] sample:		241.4 time, 270.4 real, 35.2 MB
[runlim] sample:		250.9 time, 280.4 real, 35.1 MB
[runlim] sample:		260.5 time, 290.4 real, 35.1 MB
[runlim] sample:		269.9 time, 300.4 real, 39.2 MB
[runlim] sample:		279.5 time, 310.4 real, 46.6 MB
[runlim] sample:		288.9 time, 320.4 real, 47.1 MB
[runlim] end:			Tue Jan 29 16:11:30 2019
[runlim] status:		signal(9)
[runlim] result:		11
[runlim] children:		0
[runlim] real:			328.92 seconds
[runlim] time:			296.56 seconds
[runlim] space:			47.4 MB
[runlim] samples:		3285
