[runlim] version:		1.10fixed
[runlim] time limit:		300 seconds
[runlim] real time limit:	311040000 seconds
[runlim] space limit:		4000 MB
[runlim] argv[0]:		./z3
[runlim] argv[1]:		/tmp/m7uJNhJM.smt2
[runlim] start:			Tue Jan 29 16:06:39 2019
[runlim] main pid:		30210
[runlim] sample:		8.8 time, 10.5 real, 20.6 MB
[runlim] sample:		18.8 time, 20.5 real, 22.0 MB
[runlim] sample:		28.8 time, 30.5 real, 24.8 MB
[runlim] sample:		38.8 time, 40.5 real, 27.8 MB
[runlim] sample:		48.6 time, 50.5 real, 35.7 MB
[runlim] sample:		56.1 time, 60.5 real, 48.2 MB
[runlim] sample:		64.5 time, 70.5 real, 48.2 MB
[runlim] sample:		73.8 time, 80.5 real, 48.8 MB
[runlim] sample:		83.8 time, 90.5 real, 48.4 MB
[runlim] sample:		93.3 time, 100.5 real, 48.4 MB
[runlim] sample:		103.3 time, 110.5 real, 48.4 MB
[runlim] sample:		112.6 time, 120.5 real, 48.4 MB
[runlim] sample:		121.6 time, 130.5 real, 48.4 MB
[runlim] sample:		131.3 time, 140.5 real, 48.3 MB
[runlim] sample:		141.3 time, 150.5 real, 48.3 MB
[runlim] sample:		151.3 time, 160.5 real, 48.3 MB
[runlim] sample:		161.3 time, 170.5 real, 48.3 MB
[runlim] sample:		171.3 time, 180.5 real, 48.3 MB
[runlim] sample:		181.3 time, 190.5 real, 48.3 MB
[runlim] sample:		191.3 time, 200.5 real, 48.3 MB
[runlim] sample:		201.3 time, 210.5 real, 53.0 MB
[runlim] sample:		211.3 time, 220.5 real, 58.0 MB
[runlim] sample:		221.3 time, 230.5 real, 59.5 MB
[runlim] sample:		231.3 time, 240.5 real, 58.2 MB
[runlim] sample:		241.3 time, 250.5 real, 58.2 MB
[runlim] sample:		251.3 time, 260.5 real, 58.3 MB
[runlim] sample:		261.3 time, 270.5 real, 58.4 MB
[runlim] sample:		271.3 time, 280.5 real, 60.2 MB
[runlim] sample:		281.3 time, 290.5 real, 60.4 MB
[runlim] sample:		291.3 time, 300.5 real, 60.2 MB
[runlim] end:			Tue Jan 29 16:11:48 2019
[runlim] status:		out of time
[runlim] result:		2
[runlim] children:		0
[runlim] real:			309.30 seconds
[runlim] time:			300.08 seconds
[runlim] space:			65.1 MB
[runlim] samples:		3088
