[runlim] version:		1.10fixed
[runlim] time limit:		1800 seconds
[runlim] real time limit:	311040000 seconds
[runlim] space limit:		4000 MB
[runlim] argv[0]:		./z3
[runlim] argv[1]:		/tmp/qBhMlzKH.smt2
[runlim] start:			Sun Feb  3 04:33:56 2019
[runlim] main pid:		8110
[runlim] sample:		9.7 time, 10.7 real, 32.6 MB
[runlim] sample:		19.4 time, 20.7 real, 54.7 MB
[runlim] sample:		29.0 time, 30.7 real, 54.7 MB
[runlim] sample:		38.6 time, 40.7 real, 54.7 MB
[runlim] sample:		48.2 time, 50.7 real, 54.7 MB
[runlim] sample:		57.4 time, 60.7 real, 54.7 MB
[runlim] sample:		67.4 time, 70.7 real, 54.7 MB
[runlim] sample:		76.6 time, 80.7 real, 54.7 MB
[runlim] sample:		86.6 time, 90.7 real, 54.7 MB
[runlim] sample:		96.5 time, 100.7 real, 54.7 MB
[runlim] sample:		106.1 time, 110.7 real, 54.7 MB
[runlim] sample:		116.1 time, 120.7 real, 54.7 MB
[runlim] sample:		126.1 time, 130.7 real, 54.7 MB
[runlim] sample:		136.1 time, 140.7 real, 55.0 MB
[runlim] sample:		146.1 time, 150.7 real, 55.0 MB
[runlim] sample:		156.1 time, 160.7 real, 55.0 MB
[runlim] sample:		166.1 time, 170.7 real, 55.0 MB
[runlim] sample:		176.1 time, 180.7 real, 55.0 MB
[runlim] sample:		186.1 time, 190.7 real, 55.0 MB
[runlim] sample:		195.8 time, 200.7 real, 55.0 MB
[runlim] sample:		205.8 time, 210.7 real, 55.0 MB
[runlim] sample:		215.1 time, 220.7 real, 55.0 MB
[runlim] sample:		224.8 time, 230.7 real, 55.0 MB
[runlim] sample:		234.8 time, 240.7 real, 55.0 MB
[runlim] sample:		244.8 time, 250.7 real, 55.0 MB
[runlim] sample:		254.8 time, 260.7 real, 55.0 MB
[runlim] sample:		264.8 time, 270.7 real, 55.0 MB
[runlim] sample:		274.8 time, 280.7 real, 55.0 MB
[runlim] sample:		284.8 time, 290.7 real, 55.0 MB
[runlim] sample:		294.8 time, 300.7 real, 55.0 MB
[runlim] sample:		304.8 time, 310.7 real, 55.0 MB
[runlim] sample:		314.8 time, 320.7 real, 55.0 MB
[runlim] sample:		324.8 time, 330.7 real, 55.0 MB
[runlim] sample:		334.8 time, 340.7 real, 55.0 MB
[runlim] sample:		344.8 time, 350.7 real, 55.0 MB
[runlim] sample:		354.8 time, 360.7 real, 55.0 MB
[runlim] sample:		364.8 time, 370.7 real, 55.0 MB
[runlim] sample:		374.8 time, 380.7 real, 55.0 MB
[runlim] sample:		384.8 time, 390.7 real, 55.0 MB
[runlim] sample:		394.8 time, 400.7 real, 55.0 MB
[runlim] sample:		404.8 time, 410.7 real, 55.0 MB
[runlim] sample:		414.8 time, 420.7 real, 55.0 MB
[runlim] sample:		424.8 time, 430.7 real, 55.0 MB
[runlim] sample:		434.8 time, 440.7 real, 55.0 MB
[runlim] sample:		444.8 time, 450.7 real, 55.0 MB
[runlim] sample:		454.8 time, 460.7 real, 55.0 MB
[runlim] sample:		464.8 time, 470.7 real, 55.0 MB
[runlim] sample:		474.8 time, 480.7 real, 55.0 MB
[runlim] sample:		484.8 time, 490.7 real, 55.0 MB
[runlim] sample:		494.8 time, 500.7 real, 55.0 MB
[runlim] sample:		504.8 time, 510.7 real, 55.0 MB
[runlim] sample:		514.8 time, 520.7 real, 55.0 MB
[runlim] sample:		524.8 time, 530.7 real, 55.0 MB
[runlim] sample:		534.8 time, 540.7 real, 55.0 MB
[runlim] sample:		544.8 time, 550.7 real, 55.0 MB
[runlim] sample:		554.8 time, 560.7 real, 55.0 MB
[runlim] sample:		564.8 time, 570.7 real, 55.0 MB
[runlim] sample:		574.8 time, 580.7 real, 55.0 MB
[runlim] sample:		584.8 time, 590.7 real, 55.0 MB
[runlim] sample:		594.8 time, 600.7 real, 55.0 MB
[runlim] sample:		604.8 time, 610.7 real, 55.0 MB
[runlim] sample:		614.8 time, 620.7 real, 55.0 MB
[runlim] sample:		624.8 time, 630.7 real, 55.0 MB
[runlim] sample:		634.8 time, 640.7 real, 55.0 MB
[runlim] sample:		644.8 time, 650.7 real, 55.0 MB
[runlim] sample:		654.8 time, 660.7 real, 55.0 MB
[runlim] sample:		664.8 time, 670.7 real, 55.0 MB
[runlim] sample:		674.8 time, 680.7 real, 55.0 MB
[runlim] sample:		684.8 time, 690.7 real, 55.0 MB
[runlim] sample:		694.8 time, 700.7 real, 55.0 MB
[runlim] sample:		704.8 time, 710.7 real, 55.0 MB
[runlim] sample:		714.8 time, 720.7 real, 55.0 MB
[runlim] sample:		724.8 time, 730.7 real, 55.0 MB
[runlim] sample:		734.8 time, 740.7 real, 55.0 MB
[runlim] sample:		744.8 time, 750.7 real, 55.0 MB
[runlim] sample:		754.8 time, 760.7 real, 55.0 MB
[runlim] sample:		764.8 time, 770.7 real, 55.0 MB
[runlim] sample:		774.8 time, 780.7 real, 55.0 MB
[runlim] sample:		784.8 time, 790.7 real, 55.0 MB
[runlim] sample:		794.8 time, 800.7 real, 55.0 MB
[runlim] sample:		804.8 time, 810.7 real, 55.0 MB
[runlim] sample:		814.8 time, 820.7 real, 55.0 MB
[runlim] sample:		824.8 time, 830.7 real, 55.0 MB
[runlim] sample:		834.5 time, 840.7 real, 55.0 MB
[runlim] sample:		843.5 time, 850.7 real, 55.0 MB
[runlim] sample:		853.3 time, 860.7 real, 55.0 MB
[runlim] sample:		862.8 time, 870.7 real, 55.0 MB
[runlim] sample:		871.5 time, 880.7 real, 55.0 MB
[runlim] sample:		880.0 time, 890.7 real, 55.0 MB
[runlim] sample:		888.6 time, 900.7 real, 55.0 MB
[runlim] sample:		897.2 time, 910.7 real, 55.0 MB
[runlim] sample:		905.8 time, 920.7 real, 55.0 MB
[runlim] sample:		914.7 time, 930.7 real, 55.0 MB
[runlim] sample:		924.7 time, 940.7 real, 55.0 MB
[runlim] sample:		934.7 time, 950.7 real, 55.0 MB
[runlim] sample:		944.7 time, 960.7 real, 55.0 MB
[runlim] sample:		954.7 time, 970.7 real, 55.0 MB
[runlim] sample:		964.7 time, 980.7 real, 55.0 MB
[runlim] sample:		974.7 time, 990.7 real, 55.0 MB
[runlim] sample:		984.7 time, 1000.7 real, 55.0 MB
[runlim] sample:		994.7 time, 1010.7 real, 55.0 MB
[runlim] sample:		1004.7 time, 1020.7 real, 55.0 MB
[runlim] sample:		1014.7 time, 1030.7 real, 55.0 MB
[runlim] sample:		1024.7 time, 1040.7 real, 55.0 MB
[runlim] sample:		1034.7 time, 1050.7 real, 55.0 MB
[runlim] sample:		1044.7 time, 1060.7 real, 55.0 MB
[runlim] sample:		1054.7 time, 1070.7 real, 56.0 MB
[runlim] sample:		1064.7 time, 1080.7 real, 56.0 MB
[runlim] sample:		1074.7 time, 1090.7 real, 56.0 MB
[runlim] sample:		1084.7 time, 1100.7 real, 56.0 MB
[runlim] sample:		1094.7 time, 1110.7 real, 56.3 MB
[runlim] sample:		1104.7 time, 1120.7 real, 56.3 MB
[runlim] sample:		1114.7 time, 1130.7 real, 55.1 MB
[runlim] sample:		1124.7 time, 1140.7 real, 55.1 MB
[runlim] sample:		1134.7 time, 1150.7 real, 55.1 MB
[runlim] sample:		1144.7 time, 1160.7 real, 55.1 MB
[runlim] sample:		1154.7 time, 1170.7 real, 55.1 MB
[runlim] sample:		1164.7 time, 1180.7 real, 55.1 MB
[runlim] sample:		1174.7 time, 1190.7 real, 55.1 MB
[runlim] sample:		1184.6 time, 1200.7 real, 55.1 MB
[runlim] sample:		1194.1 time, 1210.7 real, 55.1 MB
[runlim] sample:		1204.1 time, 1220.7 real, 55.1 MB
[runlim] sample:		1214.1 time, 1230.7 real, 55.1 MB
[runlim] sample:		1224.1 time, 1240.7 real, 55.1 MB
[runlim] sample:		1234.1 time, 1250.7 real, 55.1 MB
[runlim] sample:		1244.1 time, 1260.7 real, 55.1 MB
[runlim] sample:		1254.1 time, 1270.7 real, 55.1 MB
[runlim] sample:		1264.1 time, 1280.7 real, 55.1 MB
[runlim] sample:		1274.0 time, 1290.7 real, 55.1 MB
[runlim] sample:		1284.0 time, 1300.7 real, 55.1 MB
[runlim] sample:		1294.0 time, 1310.7 real, 55.1 MB
[runlim] sample:		1304.0 time, 1320.7 real, 55.8 MB
[runlim] sample:		1313.7 time, 1330.7 real, 55.1 MB
[runlim] sample:		1323.7 time, 1340.7 real, 55.6 MB
[runlim] sample:		1333.7 time, 1350.7 real, 55.6 MB
[runlim] sample:		1343.5 time, 1360.7 real, 55.6 MB
[runlim] sample:		1353.5 time, 1370.7 real, 55.6 MB
[runlim] sample:		1363.5 time, 1380.7 real, 56.1 MB
[runlim] sample:		1373.5 time, 1390.7 real, 56.1 MB
[runlim] sample:		1383.5 time, 1400.7 real, 55.1 MB
[runlim] sample:		1393.5 time, 1410.7 real, 55.1 MB
[runlim] sample:		1403.5 time, 1420.7 real, 55.1 MB
[runlim] sample:		1413.5 time, 1430.7 real, 55.1 MB
[runlim] sample:		1423.5 time, 1440.7 real, 55.1 MB
[runlim] sample:		1433.5 time, 1450.7 real, 55.1 MB
[runlim] sample:		1443.4 time, 1460.7 real, 55.1 MB
[runlim] sample:		1453.1 time, 1470.7 real, 55.1 MB
[runlim] sample:		1463.0 time, 1480.7 real, 55.3 MB
[runlim] sample:		1473.0 time, 1490.7 real, 55.3 MB
[runlim] sample:		1482.8 time, 1500.7 real, 55.3 MB
[runlim] sample:		1492.8 time, 1510.7 real, 55.3 MB
[runlim] sample:		1502.7 time, 1520.7 real, 55.6 MB
[runlim] sample:		1512.7 time, 1530.7 real, 55.6 MB
[runlim] sample:		1522.7 time, 1540.7 real, 55.8 MB
[runlim] sample:		1532.7 time, 1550.7 real, 55.8 MB
[runlim] sample:		1542.4 time, 1560.7 real, 55.8 MB
[runlim] sample:		1551.7 time, 1570.7 real, 55.8 MB
[runlim] sample:		1561.4 time, 1580.7 real, 55.8 MB
[runlim] sample:		1571.1 time, 1590.7 real, 55.8 MB
[runlim] sample:		1580.8 time, 1600.7 real, 55.8 MB
[runlim] sample:		1590.4 time, 1610.7 real, 55.8 MB
[runlim] sample:		1600.0 time, 1620.7 real, 55.8 MB
[runlim] sample:		1609.7 time, 1630.7 real, 55.8 MB
[runlim] sample:		1619.4 time, 1640.7 real, 55.8 MB
[runlim] sample:		1629.0 time, 1650.7 real, 55.8 MB
[runlim] sample:		1638.7 time, 1660.7 real, 55.8 MB
[runlim] sample:		1648.3 time, 1670.7 real, 55.8 MB
[runlim] sample:		1658.2 time, 1680.7 real, 55.8 MB
[runlim] sample:		1668.2 time, 1690.7 real, 55.8 MB
[runlim] sample:		1677.4 time, 1700.7 real, 55.8 MB
[runlim] sample:		1687.3 time, 1710.7 real, 55.8 MB
[runlim] sample:		1697.3 time, 1720.7 real, 55.8 MB
[runlim] sample:		1707.3 time, 1730.7 real, 55.8 MB
[runlim] sample:		1717.3 time, 1740.7 real, 55.8 MB
[runlim] sample:		1727.0 time, 1750.7 real, 55.8 MB
[runlim] sample:		1737.0 time, 1760.7 real, 55.8 MB
[runlim] sample:		1747.0 time, 1770.7 real, 55.8 MB
[runlim] sample:		1757.0 time, 1780.7 real, 55.5 MB
[runlim] sample:		1767.0 time, 1790.7 real, 55.5 MB
[runlim] end:			Sun Feb  3 05:03:49 2019
[runlim] status:		ok
[runlim] result:		0
[runlim] children:		0
[runlim] real:			1793.65 seconds
[runlim] time:			1769.85 seconds
[runlim] space:			60.2 MB
[runlim] samples:		17929
