[runlim] version:		1.10fixed
[runlim] time limit:		1800 seconds
[runlim] real time limit:	311040000 seconds
[runlim] space limit:		4000 MB
[runlim] argv[0]:		./z3
[runlim] argv[1]:		/tmp/eYVT44uD.smt2
[runlim] start:			Tue Feb 19 04:24:07 2019
[runlim] main pid:		9155
[runlim] sample:		8.1 time, 10.6 real, 24.8 MB
[runlim] sample:		16.2 time, 20.6 real, 28.7 MB
[runlim] sample:		24.4 time, 30.6 real, 29.5 MB
[runlim] sample:		33.8 time, 40.6 real, 30.0 MB
[runlim] sample:		43.1 time, 50.6 real, 29.5 MB
[runlim] sample:		52.3 time, 60.6 real, 29.6 MB
[runlim] sample:		61.6 time, 70.6 real, 29.6 MB
[runlim] sample:		69.8 time, 80.6 real, 29.7 MB
[runlim] sample:		77.8 time, 90.6 real, 29.7 MB
[runlim] sample:		87.7 time, 100.6 real, 37.0 MB
[runlim] sample:		97.6 time, 110.6 real, 43.9 MB
[runlim] sample:		107.6 time, 120.6 real, 43.2 MB
[runlim] sample:		117.6 time, 130.6 real, 43.2 MB
[runlim] sample:		127.6 time, 140.6 real, 43.2 MB
[runlim] sample:		137.6 time, 150.6 real, 43.2 MB
[runlim] sample:		146.3 time, 160.6 real, 43.2 MB
[runlim] sample:		156.1 time, 170.6 real, 43.2 MB
[runlim] sample:		166.1 time, 180.6 real, 43.3 MB
[runlim] sample:		176.1 time, 190.6 real, 43.3 MB
[runlim] sample:		186.1 time, 200.6 real, 43.3 MB
[runlim] sample:		196.1 time, 210.6 real, 43.3 MB
[runlim] sample:		206.1 time, 220.6 real, 43.3 MB
[runlim] sample:		216.1 time, 230.6 real, 44.5 MB
[runlim] sample:		226.1 time, 240.6 real, 44.7 MB
[runlim] sample:		236.1 time, 250.6 real, 44.7 MB
[runlim] sample:		246.1 time, 260.6 real, 44.7 MB
[runlim] sample:		256.1 time, 270.6 real, 44.7 MB
[runlim] sample:		266.1 time, 280.6 real, 44.7 MB
[runlim] sample:		276.1 time, 290.6 real, 44.7 MB
[runlim] sample:		286.1 time, 300.6 real, 44.8 MB
[runlim] sample:		296.1 time, 310.6 real, 44.7 MB
[runlim] sample:		306.1 time, 320.6 real, 45.0 MB
[runlim] sample:		316.1 time, 330.6 real, 45.0 MB
[runlim] sample:		326.1 time, 340.6 real, 44.8 MB
[runlim] sample:		336.0 time, 350.6 real, 44.8 MB
[runlim] sample:		345.8 time, 360.6 real, 44.8 MB
[runlim] sample:		355.8 time, 370.6 real, 44.8 MB
[runlim] sample:		365.8 time, 380.6 real, 44.8 MB
[runlim] sample:		375.8 time, 390.6 real, 44.8 MB
[runlim] sample:		385.7 time, 400.6 real, 44.8 MB
[runlim] sample:		395.8 time, 410.6 real, 44.9 MB
[runlim] sample:		405.7 time, 420.6 real, 44.8 MB
[runlim] sample:		415.7 time, 430.6 real, 44.8 MB
[runlim] sample:		425.7 time, 440.6 real, 44.8 MB
[runlim] sample:		435.7 time, 450.6 real, 44.8 MB
[runlim] sample:		445.7 time, 460.6 real, 44.9 MB
[runlim] sample:		455.7 time, 470.6 real, 45.0 MB
[runlim] sample:		465.7 time, 480.6 real, 45.9 MB
[runlim] sample:		475.7 time, 490.6 real, 44.9 MB
[runlim] sample:		485.7 time, 500.6 real, 45.4 MB
[runlim] sample:		495.7 time, 510.6 real, 45.1 MB
[runlim] sample:		505.7 time, 520.6 real, 45.1 MB
[runlim] sample:		515.7 time, 530.6 real, 45.1 MB
[runlim] sample:		525.7 time, 540.6 real, 45.1 MB
[runlim] sample:		535.7 time, 550.6 real, 45.3 MB
[runlim] sample:		545.7 time, 560.6 real, 45.3 MB
[runlim] sample:		555.7 time, 570.6 real, 45.1 MB
[runlim] sample:		565.7 time, 580.6 real, 45.1 MB
[runlim] sample:		575.7 time, 590.6 real, 45.1 MB
[runlim] sample:		585.7 time, 600.6 real, 45.1 MB
[runlim] sample:		595.7 time, 610.6 real, 45.1 MB
[runlim] sample:		605.7 time, 620.6 real, 45.1 MB
[runlim] sample:		615.7 time, 630.6 real, 45.1 MB
[runlim] sample:		625.7 time, 640.6 real, 45.1 MB
[runlim] sample:		635.7 time, 650.6 real, 45.1 MB
[runlim] sample:		645.7 time, 660.6 real, 45.1 MB
[runlim] sample:		655.7 time, 670.6 real, 45.1 MB
[runlim] sample:		665.7 time, 680.6 real, 45.1 MB
[runlim] sample:		675.7 time, 690.6 real, 45.1 MB
[runlim] sample:		685.7 time, 700.6 real, 45.1 MB
[runlim] sample:		695.7 time, 710.6 real, 45.1 MB
[runlim] sample:		705.7 time, 720.6 real, 45.1 MB
[runlim] sample:		715.7 time, 730.6 real, 45.1 MB
[runlim] sample:		725.7 time, 740.6 real, 45.1 MB
[runlim] sample:		735.7 time, 750.6 real, 45.1 MB
[runlim] sample:		745.7 time, 760.6 real, 45.1 MB
[runlim] sample:		755.7 time, 770.6 real, 45.1 MB
[runlim] sample:		765.7 time, 780.6 real, 45.1 MB
[runlim] sample:		775.7 time, 790.6 real, 45.1 MB
[runlim] sample:		785.7 time, 800.6 real, 47.9 MB
[runlim] sample:		795.7 time, 810.6 real, 58.8 MB
[runlim] sample:		805.7 time, 820.6 real, 58.8 MB
[runlim] sample:		815.7 time, 830.6 real, 58.8 MB
[runlim] sample:		825.7 time, 840.6 real, 58.8 MB
[runlim] sample:		835.6 time, 850.6 real, 58.8 MB
[runlim] sample:		845.6 time, 860.6 real, 63.5 MB
[runlim] sample:		855.6 time, 870.6 real, 100.5 MB
[runlim] sample:		865.6 time, 880.6 real, 100.7 MB
[runlim] sample:		875.6 time, 890.6 real, 100.7 MB
[runlim] sample:		885.6 time, 900.6 real, 100.9 MB
[runlim] sample:		895.6 time, 910.6 real, 100.9 MB
[runlim] sample:		905.6 time, 920.6 real, 101.7 MB
[runlim] sample:		915.6 time, 930.6 real, 102.4 MB
[runlim] sample:		925.6 time, 940.6 real, 103.3 MB
[runlim] sample:		935.6 time, 950.6 real, 104.5 MB
[runlim] sample:		945.6 time, 960.6 real, 104.9 MB
[runlim] sample:		955.6 time, 970.6 real, 104.9 MB
[runlim] sample:		965.6 time, 980.6 real, 105.4 MB
[runlim] sample:		975.6 time, 990.6 real, 105.4 MB
[runlim] sample:		985.6 time, 1000.6 real, 105.4 MB
[runlim] sample:		995.6 time, 1010.6 real, 105.4 MB
[runlim] sample:		1005.6 time, 1020.6 real, 106.4 MB
[runlim] sample:		1015.6 time, 1030.6 real, 106.6 MB
[runlim] sample:		1025.6 time, 1040.6 real, 106.7 MB
[runlim] sample:		1035.6 time, 1050.6 real, 106.9 MB
[runlim] sample:		1045.6 time, 1060.6 real, 106.9 MB
[runlim] sample:		1055.6 time, 1070.6 real, 106.9 MB
[runlim] sample:		1065.6 time, 1080.6 real, 107.0 MB
[runlim] sample:		1075.6 time, 1090.6 real, 107.3 MB
[runlim] sample:		1085.6 time, 1100.6 real, 109.2 MB
[runlim] sample:		1095.6 time, 1110.6 real, 109.2 MB
[runlim] sample:		1105.6 time, 1120.6 real, 109.2 MB
[runlim] sample:		1115.6 time, 1130.6 real, 109.2 MB
[runlim] sample:		1125.4 time, 1140.6 real, 109.2 MB
[runlim] sample:		1135.0 time, 1150.6 real, 109.5 MB
[runlim] sample:		1143.6 time, 1160.6 real, 109.2 MB
[runlim] sample:		1152.2 time, 1170.6 real, 109.6 MB
[runlim] sample:		1161.5 time, 1180.6 real, 109.3 MB
[runlim] sample:		1171.5 time, 1190.6 real, 109.3 MB
[runlim] sample:		1181.5 time, 1200.6 real, 109.3 MB
[runlim] sample:		1191.5 time, 1210.6 real, 109.3 MB
[runlim] sample:		1201.5 time, 1220.6 real, 109.3 MB
[runlim] sample:		1211.3 time, 1230.6 real, 109.3 MB
[runlim] sample:		1220.0 time, 1240.6 real, 109.3 MB
[runlim] sample:		1228.4 time, 1250.6 real, 109.3 MB
[runlim] sample:		1238.4 time, 1260.6 real, 109.3 MB
[runlim] sample:		1248.4 time, 1270.6 real, 109.3 MB
[runlim] sample:		1258.1 time, 1280.6 real, 109.3 MB
[runlim] sample:		1268.1 time, 1290.6 real, 109.3 MB
[runlim] sample:		1278.1 time, 1300.6 real, 109.3 MB
[runlim] sample:		1287.6 time, 1310.6 real, 109.3 MB
[runlim] sample:		1296.6 time, 1320.6 real, 109.3 MB
[runlim] sample:		1306.3 time, 1330.6 real, 109.3 MB
[runlim] sample:		1316.3 time, 1340.6 real, 109.3 MB
[runlim] sample:		1326.3 time, 1350.6 real, 109.3 MB
[runlim] sample:		1336.3 time, 1360.6 real, 109.3 MB
[runlim] sample:		1346.3 time, 1370.6 real, 109.3 MB
[runlim] sample:		1355.1 time, 1380.6 real, 109.3 MB
[runlim] sample:		1365.1 time, 1390.6 real, 109.3 MB
[runlim] sample:		1374.7 time, 1400.6 real, 109.3 MB
[runlim] sample:		1384.6 time, 1410.6 real, 109.3 MB
[runlim] sample:		1394.6 time, 1420.6 real, 109.3 MB
[runlim] sample:		1404.6 time, 1430.6 real, 109.3 MB
[runlim] sample:		1414.6 time, 1440.6 real, 109.3 MB
[runlim] sample:		1424.5 time, 1450.6 real, 109.5 MB
[runlim] sample:		1434.1 time, 1460.6 real, 109.6 MB
[runlim] sample:		1443.8 time, 1470.6 real, 109.3 MB
[runlim] sample:		1453.4 time, 1480.6 real, 110.1 MB
[runlim] sample:		1463.1 time, 1490.6 real, 110.1 MB
[runlim] sample:		1472.7 time, 1500.6 real, 110.1 MB
[runlim] sample:		1482.4 time, 1510.6 real, 110.1 MB
[runlim] sample:		1492.4 time, 1520.6 real, 110.1 MB
[runlim] sample:		1502.4 time, 1530.6 real, 110.1 MB
[runlim] sample:		1512.4 time, 1540.6 real, 110.1 MB
[runlim] sample:		1522.4 time, 1550.6 real, 110.1 MB
[runlim] sample:		1532.1 time, 1560.6 real, 110.1 MB
[runlim] sample:		1541.8 time, 1570.6 real, 110.2 MB
[runlim] sample:		1551.4 time, 1580.6 real, 110.2 MB
[runlim] sample:		1561.0 time, 1590.6 real, 110.2 MB
[runlim] sample:		1570.8 time, 1600.6 real, 110.2 MB
[runlim] sample:		1580.8 time, 1610.6 real, 110.2 MB
[runlim] sample:		1590.8 time, 1620.6 real, 110.2 MB
[runlim] sample:		1600.7 time, 1630.6 real, 110.2 MB
[runlim] sample:		1610.7 time, 1640.6 real, 110.2 MB
[runlim] sample:		1620.0 time, 1650.6 real, 110.2 MB
[runlim] sample:		1629.7 time, 1660.6 real, 110.2 MB
[runlim] sample:		1639.4 time, 1670.6 real, 110.2 MB
[runlim] sample:		1649.4 time, 1680.6 real, 110.2 MB
[runlim] sample:		1659.4 time, 1690.6 real, 110.2 MB
[runlim] sample:		1669.0 time, 1700.6 real, 110.2 MB
[runlim] sample:		1678.8 time, 1710.6 real, 110.2 MB
[runlim] sample:		1687.4 time, 1720.6 real, 110.2 MB
[runlim] sample:		1697.4 time, 1730.6 real, 110.2 MB
[runlim] sample:		1707.4 time, 1740.6 real, 110.3 MB
[runlim] sample:		1717.4 time, 1750.6 real, 110.3 MB
[runlim] sample:		1726.2 time, 1760.6 real, 110.3 MB
[runlim] sample:		1734.2 time, 1770.6 real, 113.9 MB
[runlim] sample:		1743.0 time, 1780.6 real, 110.4 MB
[runlim] sample:		1753.0 time, 1790.6 real, 110.4 MB
[runlim] sample:		1763.0 time, 1800.6 real, 110.4 MB
[runlim] sample:		1773.0 time, 1810.6 real, 110.5 MB
[runlim] sample:		1782.2 time, 1820.6 real, 110.5 MB
[runlim] sample:		1791.0 time, 1830.6 real, 110.6 MB
[runlim] sample:		1800.0 time, 1840.6 real, 110.6 MB
[runlim] end:			Tue Feb 19 04:54:47 2019
[runlim] status:		out of time
[runlim] result:		2
[runlim] children:		0
[runlim] real:			1840.73 seconds
[runlim] time:			1800.07 seconds
[runlim] space:			117.3 MB
[runlim] samples:		18401
