[runlim] version:		1.10fixed
[runlim] time limit:		1800 seconds
[runlim] real time limit:	311040000 seconds
[runlim] space limit:		4000 MB
[runlim] argv[0]:		./z3
[runlim] argv[1]:		/tmp/IfdkD4sE.smt2
[runlim] start:			Fri Feb 15 04:55:37 2019
[runlim] main pid:		3563
[runlim] sample:		8.9 time, 10.2 real, 18.7 MB
[runlim] sample:		18.0 time, 20.2 real, 23.2 MB
[runlim] sample:		27.1 time, 30.2 real, 25.3 MB
[runlim] sample:		36.7 time, 40.2 real, 34.0 MB
[runlim] sample:		46.4 time, 50.2 real, 51.8 MB
[runlim] sample:		55.2 time, 60.2 real, 54.8 MB
[runlim] sample:		65.0 time, 70.2 real, 55.1 MB
[runlim] sample:		74.7 time, 80.2 real, 55.1 MB
[runlim] sample:		84.0 time, 90.2 real, 55.1 MB
[runlim] sample:		94.0 time, 100.2 real, 55.1 MB
[runlim] sample:		103.7 time, 110.2 real, 55.1 MB
[runlim] sample:		113.3 time, 120.2 real, 55.1 MB
[runlim] sample:		123.3 time, 130.2 real, 55.1 MB
[runlim] sample:		133.3 time, 140.2 real, 55.1 MB
[runlim] sample:		143.3 time, 150.2 real, 55.1 MB
[runlim] sample:		152.6 time, 160.2 real, 55.1 MB
[runlim] sample:		162.4 time, 170.2 real, 55.1 MB
[runlim] sample:		172.2 time, 180.2 real, 55.1 MB
[runlim] sample:		181.7 time, 190.2 real, 55.1 MB
[runlim] sample:		191.0 time, 200.2 real, 55.1 MB
[runlim] sample:		200.3 time, 210.2 real, 55.1 MB
[runlim] sample:		209.6 time, 220.2 real, 55.1 MB
[runlim] sample:		219.1 time, 230.2 real, 55.1 MB
[runlim] sample:		228.8 time, 240.2 real, 55.1 MB
[runlim] sample:		238.5 time, 250.2 real, 55.1 MB
[runlim] sample:		247.8 time, 260.2 real, 55.1 MB
[runlim] sample:		257.0 time, 270.2 real, 55.1 MB
[runlim] sample:		265.5 time, 280.2 real, 55.1 MB
[runlim] sample:		274.0 time, 290.2 real, 55.1 MB
[runlim] sample:		283.8 time, 300.2 real, 55.1 MB
[runlim] sample:		293.8 time, 310.2 real, 55.1 MB
[runlim] sample:		303.8 time, 320.2 real, 55.1 MB
[runlim] sample:		313.8 time, 330.2 real, 55.1 MB
[runlim] sample:		323.8 time, 340.2 real, 55.1 MB
[runlim] sample:		333.8 time, 350.2 real, 55.1 MB
[runlim] sample:		343.4 time, 360.2 real, 55.1 MB
[runlim] sample:		352.7 time, 370.2 real, 55.1 MB
[runlim] sample:		362.0 time, 380.2 real, 55.1 MB
[runlim] sample:		371.3 time, 390.2 real, 55.1 MB
[runlim] sample:		380.6 time, 400.2 real, 55.1 MB
[runlim] sample:		390.4 time, 410.2 real, 55.1 MB
[runlim] sample:		400.4 time, 420.2 real, 55.1 MB
[runlim] sample:		409.9 time, 430.2 real, 55.1 MB
[runlim] sample:		419.6 time, 440.2 real, 55.1 MB
[runlim] sample:		429.3 time, 450.2 real, 55.1 MB
[runlim] sample:		439.1 time, 460.2 real, 55.1 MB
[runlim] sample:		448.6 time, 470.2 real, 55.1 MB
[runlim] sample:		458.5 time, 480.2 real, 55.1 MB
[runlim] sample:		468.5 time, 490.2 real, 55.1 MB
[runlim] sample:		477.9 time, 500.2 real, 55.1 MB
[runlim] sample:		487.5 time, 510.2 real, 55.1 MB
[runlim] sample:		497.5 time, 520.2 real, 55.1 MB
[runlim] sample:		506.3 time, 530.2 real, 55.1 MB
[runlim] sample:		515.1 time, 540.2 real, 55.1 MB
[runlim] sample:		524.4 time, 550.2 real, 55.1 MB
[runlim] sample:		532.9 time, 560.2 real, 55.1 MB
[runlim] sample:		542.8 time, 570.2 real, 55.1 MB
[runlim] sample:		552.8 time, 580.2 real, 55.1 MB
[runlim] sample:		562.8 time, 590.2 real, 55.1 MB
[runlim] sample:		572.6 time, 600.2 real, 55.1 MB
[runlim] sample:		582.5 time, 610.2 real, 55.1 MB
[runlim] sample:		592.5 time, 620.2 real, 55.1 MB
[runlim] sample:		602.5 time, 630.2 real, 55.1 MB
[runlim] sample:		612.5 time, 640.2 real, 55.1 MB
[runlim] sample:		622.5 time, 650.2 real, 55.1 MB
[runlim] sample:		632.5 time, 660.2 real, 55.1 MB
[runlim] sample:		642.5 time, 670.2 real, 55.1 MB
[runlim] sample:		652.5 time, 680.2 real, 55.1 MB
[runlim] sample:		662.5 time, 690.2 real, 55.1 MB
[runlim] sample:		672.5 time, 700.2 real, 55.1 MB
[runlim] sample:		682.5 time, 710.2 real, 55.1 MB
[runlim] sample:		692.5 time, 720.2 real, 55.1 MB
[runlim] sample:		702.5 time, 730.2 real, 55.1 MB
[runlim] sample:		712.5 time, 740.2 real, 55.1 MB
[runlim] sample:		722.5 time, 750.2 real, 55.1 MB
[runlim] sample:		732.5 time, 760.2 real, 55.1 MB
[runlim] sample:		742.5 time, 770.2 real, 55.1 MB
[runlim] sample:		752.5 time, 780.2 real, 55.1 MB
[runlim] sample:		762.5 time, 790.2 real, 55.1 MB
[runlim] sample:		772.5 time, 800.2 real, 55.1 MB
[runlim] sample:		782.5 time, 810.2 real, 55.1 MB
[runlim] sample:		792.5 time, 820.2 real, 55.1 MB
[runlim] sample:		802.5 time, 830.2 real, 55.1 MB
[runlim] sample:		812.2 time, 840.2 real, 55.1 MB
[runlim] sample:		821.1 time, 850.2 real, 55.1 MB
[runlim] sample:		830.4 time, 860.2 real, 55.1 MB
[runlim] sample:		840.1 time, 870.2 real, 55.1 MB
[runlim] sample:		849.7 time, 880.2 real, 55.1 MB
[runlim] sample:		859.4 time, 890.2 real, 55.1 MB
[runlim] sample:		869.1 time, 900.2 real, 55.1 MB
[runlim] sample:		878.7 time, 910.2 real, 55.1 MB
[runlim] sample:		887.4 time, 920.2 real, 55.1 MB
[runlim] sample:		896.9 time, 930.2 real, 55.1 MB
[runlim] sample:		906.2 time, 940.2 real, 55.1 MB
[runlim] sample:		914.9 time, 950.2 real, 55.1 MB
[runlim] sample:		923.2 time, 960.2 real, 55.1 MB
[runlim] sample:		932.0 time, 970.2 real, 55.1 MB
[runlim] sample:		941.6 time, 980.2 real, 55.1 MB
[runlim] sample:		951.6 time, 990.2 real, 55.1 MB
[runlim] sample:		961.6 time, 1000.2 real, 55.1 MB
[runlim] sample:		971.6 time, 1010.2 real, 55.1 MB
[runlim] sample:		981.6 time, 1020.2 real, 55.1 MB
[runlim] sample:		991.6 time, 1030.2 real, 55.1 MB
[runlim] sample:		1001.6 time, 1040.2 real, 55.1 MB
[runlim] sample:		1011.6 time, 1050.2 real, 55.1 MB
[runlim] sample:		1021.6 time, 1060.2 real, 55.1 MB
[runlim] sample:		1031.6 time, 1070.2 real, 55.1 MB
[runlim] sample:		1041.6 time, 1080.2 real, 55.1 MB
[runlim] sample:		1051.6 time, 1090.2 real, 55.1 MB
[runlim] sample:		1061.6 time, 1100.2 real, 55.1 MB
[runlim] sample:		1071.6 time, 1110.2 real, 55.1 MB
[runlim] sample:		1081.6 time, 1120.2 real, 55.1 MB
[runlim] sample:		1091.6 time, 1130.2 real, 55.1 MB
[runlim] sample:		1101.6 time, 1140.2 real, 55.1 MB
[runlim] sample:		1111.6 time, 1150.2 real, 55.1 MB
[runlim] sample:		1121.6 time, 1160.2 real, 55.1 MB
[runlim] sample:		1131.6 time, 1170.2 real, 55.1 MB
[runlim] sample:		1141.6 time, 1180.2 real, 55.1 MB
[runlim] sample:		1151.6 time, 1190.2 real, 55.1 MB
[runlim] sample:		1161.6 time, 1200.2 real, 55.1 MB
[runlim] sample:		1171.6 time, 1210.2 real, 55.1 MB
[runlim] sample:		1181.6 time, 1220.2 real, 55.1 MB
[runlim] sample:		1191.6 time, 1230.2 real, 55.1 MB
[runlim] sample:		1201.6 time, 1240.2 real, 55.1 MB
[runlim] sample:		1211.6 time, 1250.2 real, 55.1 MB
[runlim] sample:		1221.6 time, 1260.2 real, 55.1 MB
[runlim] sample:		1231.6 time, 1270.2 real, 55.1 MB
[runlim] sample:		1241.6 time, 1280.2 real, 55.1 MB
[runlim] sample:		1251.6 time, 1290.2 real, 55.1 MB
[runlim] sample:		1261.6 time, 1300.2 real, 55.1 MB
[runlim] sample:		1271.6 time, 1310.2 real, 55.1 MB
[runlim] sample:		1281.6 time, 1320.2 real, 55.1 MB
[runlim] sample:		1291.6 time, 1330.2 real, 55.1 MB
[runlim] sample:		1301.6 time, 1340.2 real, 55.1 MB
[runlim] sample:		1311.6 time, 1350.2 real, 55.1 MB
[runlim] sample:		1321.6 time, 1360.2 real, 55.1 MB
[runlim] sample:		1331.6 time, 1370.2 real, 55.1 MB
[runlim] sample:		1341.6 time, 1380.2 real, 55.1 MB
[runlim] sample:		1351.6 time, 1390.2 real, 55.1 MB
[runlim] sample:		1361.6 time, 1400.2 real, 55.1 MB
[runlim] sample:		1371.6 time, 1410.2 real, 55.1 MB
[runlim] sample:		1381.6 time, 1420.2 real, 55.1 MB
[runlim] sample:		1391.6 time, 1430.2 real, 55.1 MB
[runlim] sample:		1401.6 time, 1440.2 real, 55.1 MB
[runlim] sample:		1411.6 time, 1450.2 real, 55.1 MB
[runlim] sample:		1421.6 time, 1460.2 real, 55.1 MB
[runlim] sample:		1431.6 time, 1470.2 real, 55.1 MB
[runlim] sample:		1441.6 time, 1480.2 real, 55.1 MB
[runlim] sample:		1451.6 time, 1490.2 real, 55.1 MB
[runlim] sample:		1461.6 time, 1500.2 real, 55.1 MB
[runlim] sample:		1471.6 time, 1510.2 real, 55.1 MB
[runlim] sample:		1481.6 time, 1520.2 real, 55.1 MB
[runlim] sample:		1491.6 time, 1530.2 real, 55.1 MB
[runlim] sample:		1501.6 time, 1540.2 real, 55.1 MB
[runlim] sample:		1511.6 time, 1550.2 real, 55.1 MB
[runlim] sample:		1521.6 time, 1560.2 real, 55.1 MB
[runlim] sample:		1531.6 time, 1570.2 real, 55.1 MB
[runlim] sample:		1541.6 time, 1580.2 real, 55.1 MB
[runlim] sample:		1551.6 time, 1590.2 real, 55.1 MB
[runlim] sample:		1561.6 time, 1600.2 real, 55.1 MB
[runlim] sample:		1571.6 time, 1610.2 real, 55.1 MB
[runlim] sample:		1581.6 time, 1620.2 real, 55.1 MB
[runlim] sample:		1591.6 time, 1630.2 real, 55.1 MB
[runlim] sample:		1601.6 time, 1640.2 real, 55.1 MB
[runlim] sample:		1611.6 time, 1650.2 real, 55.1 MB
[runlim] sample:		1621.6 time, 1660.2 real, 55.1 MB
[runlim] sample:		1631.6 time, 1670.2 real, 55.1 MB
[runlim] sample:		1641.6 time, 1680.2 real, 55.1 MB
[runlim] sample:		1651.6 time, 1690.2 real, 55.1 MB
[runlim] sample:		1661.6 time, 1700.2 real, 55.1 MB
[runlim] sample:		1671.6 time, 1710.2 real, 55.1 MB
[runlim] sample:		1681.6 time, 1720.2 real, 55.1 MB
[runlim] sample:		1691.6 time, 1730.2 real, 55.1 MB
[runlim] sample:		1701.6 time, 1740.2 real, 55.1 MB
[runlim] sample:		1711.6 time, 1750.2 real, 55.1 MB
[runlim] sample:		1721.6 time, 1760.2 real, 55.1 MB
[runlim] sample:		1731.6 time, 1770.2 real, 55.1 MB
[runlim] sample:		1741.6 time, 1780.2 real, 55.1 MB
[runlim] sample:		1751.6 time, 1790.2 real, 55.1 MB
[runlim] sample:		1761.6 time, 1800.2 real, 55.1 MB
[runlim] sample:		1771.6 time, 1810.2 real, 55.1 MB
[runlim] sample:		1781.6 time, 1820.2 real, 55.1 MB
[runlim] sample:		1791.6 time, 1830.2 real, 55.1 MB
[runlim] end:			Fri Feb 15 05:26:15 2019
[runlim] status:		out of time
[runlim] result:		2
[runlim] children:		0
[runlim] real:			1838.67 seconds
[runlim] time:			1800.07 seconds
[runlim] space:			55.1 MB
[runlim] samples:		18385
