[runlim] version:		1.10fixed
[runlim] time limit:		1800 seconds
[runlim] real time limit:	311040000 seconds
[runlim] space limit:		4000 MB
[runlim] argv[0]:		./z3
[runlim] argv[1]:		/tmp/7erxSHPs.smt2
[runlim] start:			Thu Jan 31 07:32:24 2019
[runlim] main pid:		8122
[runlim] sample:		9.3 time, 10.9 real, 22.8 MB
[runlim] sample:		19.3 time, 20.9 real, 31.5 MB
[runlim] sample:		29.3 time, 30.9 real, 32.0 MB
[runlim] sample:		38.4 time, 40.9 real, 32.0 MB
[runlim] sample:		47.4 time, 50.9 real, 32.0 MB
[runlim] sample:		56.4 time, 60.9 real, 32.0 MB
[runlim] sample:		65.3 time, 70.9 real, 32.0 MB
[runlim] sample:		75.1 time, 80.9 real, 32.0 MB
[runlim] sample:		85.1 time, 90.9 real, 32.0 MB
[runlim] sample:		94.6 time, 100.9 real, 32.0 MB
[runlim] sample:		104.4 time, 110.9 real, 32.0 MB
[runlim] sample:		114.4 time, 120.9 real, 32.0 MB
[runlim] sample:		124.4 time, 130.9 real, 32.0 MB
[runlim] sample:		134.4 time, 140.9 real, 32.0 MB
[runlim] sample:		144.4 time, 150.9 real, 32.0 MB
[runlim] sample:		154.4 time, 160.9 real, 32.0 MB
[runlim] sample:		164.4 time, 170.9 real, 32.0 MB
[runlim] sample:		174.4 time, 180.9 real, 32.0 MB
[runlim] sample:		184.4 time, 190.9 real, 50.7 MB
[runlim] sample:		194.4 time, 200.9 real, 50.7 MB
[runlim] sample:		204.4 time, 210.9 real, 50.7 MB
[runlim] sample:		214.4 time, 220.9 real, 50.7 MB
[runlim] sample:		224.4 time, 230.9 real, 50.7 MB
[runlim] sample:		234.4 time, 240.9 real, 50.7 MB
[runlim] sample:		244.4 time, 250.9 real, 50.7 MB
[runlim] sample:		254.4 time, 260.9 real, 50.7 MB
[runlim] sample:		264.4 time, 270.9 real, 50.7 MB
[runlim] sample:		274.4 time, 280.9 real, 50.7 MB
[runlim] sample:		284.4 time, 290.9 real, 50.7 MB
[runlim] sample:		294.4 time, 300.9 real, 50.7 MB
[runlim] sample:		304.4 time, 310.9 real, 50.7 MB
[runlim] sample:		314.4 time, 320.9 real, 50.7 MB
[runlim] sample:		324.4 time, 330.9 real, 50.7 MB
[runlim] sample:		334.4 time, 340.9 real, 50.7 MB
[runlim] sample:		344.4 time, 350.9 real, 50.7 MB
[runlim] sample:		354.4 time, 360.9 real, 50.7 MB
[runlim] sample:		364.4 time, 370.9 real, 50.7 MB
[runlim] sample:		374.4 time, 380.9 real, 50.7 MB
[runlim] sample:		384.4 time, 390.9 real, 50.7 MB
[runlim] sample:		394.4 time, 400.9 real, 50.7 MB
[runlim] sample:		404.4 time, 410.9 real, 50.7 MB
[runlim] sample:		414.4 time, 420.9 real, 50.7 MB
[runlim] sample:		424.4 time, 430.9 real, 50.7 MB
[runlim] sample:		434.4 time, 440.9 real, 50.7 MB
[runlim] sample:		444.4 time, 450.9 real, 50.7 MB
[runlim] sample:		454.4 time, 460.9 real, 50.7 MB
[runlim] sample:		464.4 time, 470.9 real, 50.7 MB
[runlim] sample:		474.4 time, 480.9 real, 50.7 MB
[runlim] sample:		484.4 time, 490.9 real, 50.7 MB
[runlim] sample:		494.4 time, 500.9 real, 50.7 MB
[runlim] sample:		504.4 time, 510.9 real, 50.7 MB
[runlim] sample:		514.4 time, 520.9 real, 50.7 MB
[runlim] sample:		524.4 time, 530.9 real, 50.1 MB
[runlim] sample:		534.4 time, 540.9 real, 50.1 MB
[runlim] sample:		544.4 time, 550.9 real, 50.1 MB
[runlim] sample:		554.4 time, 560.9 real, 50.1 MB
[runlim] sample:		564.4 time, 570.9 real, 50.1 MB
[runlim] sample:		574.4 time, 580.9 real, 50.1 MB
[runlim] sample:		584.4 time, 590.9 real, 50.1 MB
[runlim] sample:		594.4 time, 600.9 real, 50.1 MB
[runlim] sample:		604.4 time, 610.9 real, 50.1 MB
[runlim] sample:		614.4 time, 620.9 real, 50.1 MB
[runlim] sample:		624.4 time, 630.9 real, 50.1 MB
[runlim] sample:		634.4 time, 640.9 real, 50.1 MB
[runlim] sample:		644.4 time, 650.9 real, 50.1 MB
[runlim] sample:		654.4 time, 660.9 real, 50.1 MB
[runlim] sample:		664.4 time, 670.9 real, 50.1 MB
[runlim] sample:		674.4 time, 680.9 real, 50.1 MB
[runlim] sample:		684.4 time, 690.9 real, 50.1 MB
[runlim] sample:		694.4 time, 700.9 real, 50.1 MB
[runlim] sample:		704.4 time, 710.9 real, 50.1 MB
[runlim] sample:		714.4 time, 720.9 real, 50.1 MB
[runlim] sample:		724.4 time, 730.9 real, 50.0 MB
[runlim] sample:		734.4 time, 740.9 real, 50.0 MB
[runlim] sample:		744.4 time, 750.9 real, 50.0 MB
[runlim] sample:		754.4 time, 760.9 real, 50.0 MB
[runlim] sample:		764.4 time, 770.9 real, 50.0 MB
[runlim] sample:		774.4 time, 780.9 real, 50.0 MB
[runlim] sample:		784.4 time, 790.9 real, 50.0 MB
[runlim] sample:		794.4 time, 800.9 real, 50.0 MB
[runlim] sample:		804.4 time, 810.9 real, 50.0 MB
[runlim] sample:		814.4 time, 820.9 real, 50.0 MB
[runlim] sample:		824.4 time, 830.9 real, 50.0 MB
[runlim] sample:		834.4 time, 840.9 real, 50.0 MB
[runlim] sample:		844.4 time, 850.9 real, 50.0 MB
[runlim] sample:		854.4 time, 860.9 real, 50.0 MB
[runlim] sample:		864.4 time, 870.9 real, 50.0 MB
[runlim] sample:		874.4 time, 880.9 real, 50.0 MB
[runlim] sample:		884.4 time, 890.9 real, 50.0 MB
[runlim] sample:		894.4 time, 900.9 real, 50.0 MB
[runlim] sample:		904.4 time, 910.9 real, 50.0 MB
[runlim] sample:		914.4 time, 920.9 real, 50.1 MB
[runlim] sample:		924.4 time, 930.9 real, 50.1 MB
[runlim] sample:		934.4 time, 940.9 real, 50.1 MB
[runlim] sample:		944.4 time, 950.9 real, 50.1 MB
[runlim] sample:		954.4 time, 960.9 real, 50.1 MB
[runlim] sample:		964.4 time, 970.9 real, 50.1 MB
[runlim] sample:		974.4 time, 980.9 real, 50.1 MB
[runlim] sample:		984.4 time, 990.9 real, 50.1 MB
[runlim] sample:		994.4 time, 1000.9 real, 50.1 MB
[runlim] sample:		1004.4 time, 1010.9 real, 50.1 MB
[runlim] sample:		1014.4 time, 1020.9 real, 50.1 MB
[runlim] sample:		1024.4 time, 1030.9 real, 50.1 MB
[runlim] sample:		1034.4 time, 1040.9 real, 50.0 MB
[runlim] sample:		1044.4 time, 1050.9 real, 50.0 MB
[runlim] sample:		1054.4 time, 1060.9 real, 50.0 MB
[runlim] sample:		1064.4 time, 1070.9 real, 50.0 MB
[runlim] sample:		1074.4 time, 1080.9 real, 50.5 MB
[runlim] sample:		1084.4 time, 1090.9 real, 50.5 MB
[runlim] sample:		1094.4 time, 1100.9 real, 50.5 MB
[runlim] sample:		1104.4 time, 1110.9 real, 51.0 MB
[runlim] sample:		1114.4 time, 1120.9 real, 51.0 MB
[runlim] sample:		1124.4 time, 1130.9 real, 51.0 MB
[runlim] sample:		1134.4 time, 1140.9 real, 51.0 MB
[runlim] sample:		1144.4 time, 1150.9 real, 51.0 MB
[runlim] sample:		1154.4 time, 1160.9 real, 51.0 MB
[runlim] sample:		1164.4 time, 1170.9 real, 51.0 MB
[runlim] sample:		1174.4 time, 1180.9 real, 51.0 MB
[runlim] sample:		1184.4 time, 1190.9 real, 51.0 MB
[runlim] sample:		1194.4 time, 1200.9 real, 51.0 MB
[runlim] sample:		1204.4 time, 1210.9 real, 51.0 MB
[runlim] sample:		1214.4 time, 1220.9 real, 51.0 MB
[runlim] sample:		1224.4 time, 1230.9 real, 51.3 MB
[runlim] sample:		1234.4 time, 1240.9 real, 51.5 MB
[runlim] sample:		1244.4 time, 1250.9 real, 51.8 MB
[runlim] sample:		1254.4 time, 1260.9 real, 51.8 MB
[runlim] end:			Thu Jan 31 07:53:30 2019
[runlim] status:		ok
[runlim] result:		0
[runlim] children:		0
[runlim] real:			1266.97 seconds
[runlim] time:			1260.36 seconds
[runlim] space:			55.8 MB
[runlim] samples:		12660
