[runlim] version:		1.10fixed
[runlim] time limit:		300 seconds
[runlim] real time limit:	311040000 seconds
[runlim] space limit:		4000 MB
[runlim] argv[0]:		./z3
[runlim] argv[1]:		/tmp/zyy1G0Rj.smt2
[runlim] start:			Mon Jan 28 18:45:02 2019
[runlim] main pid:		26228
[runlim] sample:		9.3 time, 10.1 real, 40.3 MB
[runlim] sample:		18.7 time, 20.1 real, 46.7 MB
[runlim] sample:		28.0 time, 30.1 real, 54.8 MB
[runlim] sample:		37.4 time, 40.1 real, 64.9 MB
[runlim] sample:		46.7 time, 50.1 real, 71.8 MB
[runlim] sample:		56.0 time, 60.1 real, 75.2 MB
[runlim] sample:		65.4 time, 70.1 real, 76.7 MB
[runlim] sample:		74.7 time, 80.1 real, 82.9 MB
[runlim] sample:		84.0 time, 90.1 real, 84.7 MB
[runlim] sample:		93.5 time, 100.1 real, 94.9 MB
[runlim] sample:		103.3 time, 110.1 real, 101.5 MB
[runlim] sample:		113.3 time, 120.1 real, 104.4 MB
[runlim] sample:		123.3 time, 130.1 real, 107.2 MB
[runlim] sample:		133.3 time, 140.1 real, 109.0 MB
[runlim] sample:		143.3 time, 150.1 real, 111.9 MB
[runlim] sample:		153.3 time, 160.1 real, 115.7 MB
[runlim] sample:		163.3 time, 170.1 real, 117.5 MB
[runlim] sample:		173.3 time, 180.1 real, 121.2 MB
[runlim] sample:		183.3 time, 190.1 real, 124.8 MB
[runlim] sample:		193.3 time, 200.1 real, 129.4 MB
[runlim] sample:		203.3 time, 210.1 real, 130.7 MB
[runlim] sample:		213.3 time, 220.1 real, 131.2 MB
[runlim] sample:		223.3 time, 230.1 real, 131.5 MB
[runlim] sample:		233.3 time, 240.1 real, 131.7 MB
[runlim] sample:		243.3 time, 250.1 real, 133.8 MB
[runlim] sample:		253.3 time, 260.1 real, 137.1 MB
[runlim] sample:		263.3 time, 270.1 real, 141.3 MB
[runlim] sample:		273.3 time, 280.1 real, 146.9 MB
[runlim] sample:		283.3 time, 290.1 real, 149.0 MB
[runlim] sample:		293.3 time, 300.1 real, 149.5 MB
[runlim] end:			Mon Jan 28 18:50:08 2019
[runlim] status:		out of time
[runlim] result:		2
[runlim] children:		0
[runlim] real:			306.97 seconds
[runlim] time:			300.07 seconds
[runlim] space:			149.8 MB
[runlim] samples:		3068
