[runlim] version:		1.10fixed
[runlim] time limit:		1800 seconds
[runlim] real time limit:	311040000 seconds
[runlim] space limit:		4000 MB
[runlim] argv[0]:		./z3
[runlim] argv[1]:		/tmp/7gEy8flK.smt2
[runlim] start:			Sun Feb  3 16:45:40 2019
[runlim] main pid:		12933
[runlim] sample:		9.4 time, 10.4 real, 25.0 MB
[runlim] sample:		19.1 time, 20.4 real, 28.9 MB
[runlim] sample:		29.1 time, 30.4 real, 40.1 MB
[runlim] sample:		38.6 time, 40.4 real, 42.0 MB
[runlim] sample:		48.0 time, 50.4 real, 43.1 MB
[runlim] sample:		57.3 time, 60.4 real, 42.7 MB
[runlim] sample:		66.8 time, 70.4 real, 42.9 MB
[runlim] sample:		75.9 time, 80.4 real, 44.0 MB
[runlim] sample:		85.3 time, 90.4 real, 44.7 MB
[runlim] sample:		94.9 time, 100.4 real, 46.0 MB
[runlim] sample:		104.6 time, 110.4 real, 46.5 MB
[runlim] sample:		114.3 time, 120.4 real, 47.5 MB
[runlim] sample:		123.9 time, 130.4 real, 47.6 MB
[runlim] sample:		132.9 time, 140.4 real, 47.8 MB
[runlim] sample:		142.2 time, 150.4 real, 48.1 MB
[runlim] sample:		151.9 time, 160.4 real, 48.6 MB
[runlim] sample:		161.5 time, 170.4 real, 48.6 MB
[runlim] sample:		170.9 time, 180.4 real, 48.8 MB
[runlim] sample:		179.8 time, 190.4 real, 49.3 MB
[runlim] sample:		188.8 time, 200.4 real, 50.1 MB
[runlim] sample:		197.7 time, 210.4 real, 50.1 MB
[runlim] sample:		206.7 time, 220.4 real, 50.4 MB
[runlim] sample:		216.1 time, 230.4 real, 50.4 MB
[runlim] sample:		225.8 time, 240.4 real, 50.6 MB
[runlim] sample:		235.5 time, 250.4 real, 50.8 MB
[runlim] sample:		245.1 time, 260.4 real, 50.8 MB
[runlim] sample:		254.8 time, 270.4 real, 50.8 MB
[runlim] sample:		264.7 time, 280.4 real, 50.8 MB
[runlim] sample:		274.5 time, 290.4 real, 50.8 MB
[runlim] sample:		284.4 time, 300.4 real, 50.8 MB
[runlim] sample:		294.1 time, 310.4 real, 50.8 MB
[runlim] sample:		303.7 time, 320.4 real, 51.3 MB
[runlim] sample:		313.4 time, 330.4 real, 51.2 MB
[runlim] sample:		323.3 time, 340.4 real, 51.2 MB
[runlim] sample:		333.3 time, 350.4 real, 51.2 MB
[runlim] sample:		343.2 time, 360.4 real, 51.2 MB
[runlim] sample:		353.1 time, 370.4 real, 51.4 MB
[runlim] sample:		363.1 time, 380.4 real, 51.7 MB
[runlim] sample:		373.1 time, 390.4 real, 51.7 MB
[runlim] sample:		382.9 time, 400.4 real, 51.7 MB
[runlim] sample:		392.8 time, 410.4 real, 51.7 MB
[runlim] sample:		402.8 time, 420.4 real, 51.7 MB
[runlim] sample:		412.6 time, 430.4 real, 51.7 MB
[runlim] sample:		422.2 time, 440.4 real, 51.7 MB
[runlim] sample:		432.1 time, 450.4 real, 52.0 MB
[runlim] sample:		442.1 time, 460.4 real, 52.0 MB
[runlim] sample:		452.1 time, 470.4 real, 52.1 MB
[runlim] sample:		461.9 time, 480.4 real, 52.3 MB
[runlim] sample:		471.6 time, 490.4 real, 52.2 MB
[runlim] sample:		481.5 time, 500.4 real, 52.3 MB
[runlim] sample:		490.4 time, 510.4 real, 52.4 MB
[runlim] sample:		499.1 time, 520.4 real, 52.5 MB
[runlim] sample:		507.7 time, 530.4 real, 52.5 MB
[runlim] sample:		517.3 time, 540.4 real, 52.5 MB
[runlim] sample:		527.3 time, 550.4 real, 52.5 MB
[runlim] sample:		537.3 time, 560.4 real, 52.5 MB
[runlim] sample:		547.2 time, 570.4 real, 52.6 MB
[runlim] sample:		556.8 time, 580.4 real, 52.7 MB
[runlim] sample:		566.6 time, 590.4 real, 52.7 MB
[runlim] sample:		576.5 time, 600.4 real, 52.9 MB
[runlim] sample:		586.5 time, 610.4 real, 52.8 MB
[runlim] sample:		596.4 time, 620.4 real, 53.2 MB
[runlim] sample:		606.1 time, 630.4 real, 53.6 MB
[runlim] sample:		616.1 time, 640.4 real, 53.7 MB
[runlim] sample:		626.0 time, 650.4 real, 53.7 MB
[runlim] sample:		635.7 time, 660.4 real, 53.7 MB
[runlim] sample:		645.4 time, 670.4 real, 53.7 MB
[runlim] sample:		655.1 time, 680.4 real, 53.7 MB
[runlim] sample:		664.8 time, 690.4 real, 53.8 MB
[runlim] sample:		674.4 time, 700.4 real, 53.8 MB
[runlim] sample:		683.3 time, 710.4 real, 53.9 MB
[runlim] sample:		691.9 time, 720.4 real, 53.9 MB
[runlim] sample:		701.2 time, 730.4 real, 53.9 MB
[runlim] sample:		710.0 time, 740.4 real, 53.9 MB
[runlim] sample:		718.6 time, 750.4 real, 53.9 MB
[runlim] sample:		727.2 time, 760.4 real, 55.4 MB
[runlim] sample:		735.8 time, 770.4 real, 56.2 MB
[runlim] sample:		744.4 time, 780.4 real, 56.9 MB
[runlim] sample:		753.6 time, 790.4 real, 59.8 MB
[runlim] sample:		763.3 time, 800.4 real, 60.0 MB
[runlim] sample:		773.1 time, 810.4 real, 60.3 MB
[runlim] sample:		783.1 time, 820.4 real, 60.8 MB
[runlim] sample:		793.0 time, 830.4 real, 61.3 MB
[runlim] sample:		802.9 time, 840.4 real, 61.8 MB
[runlim] sample:		812.9 time, 850.4 real, 62.1 MB
[runlim] sample:		822.8 time, 860.4 real, 62.8 MB
[runlim] sample:		832.5 time, 870.4 real, 63.6 MB
[runlim] sample:		842.4 time, 880.4 real, 63.2 MB
[runlim] sample:		852.1 time, 890.4 real, 63.0 MB
[runlim] sample:		861.8 time, 900.4 real, 63.1 MB
[runlim] sample:		871.5 time, 910.4 real, 63.1 MB
[runlim] sample:		881.1 time, 920.4 real, 63.5 MB
[runlim] sample:		890.8 time, 930.4 real, 63.5 MB
[runlim] sample:		900.5 time, 940.4 real, 63.5 MB
[runlim] sample:		910.4 time, 950.4 real, 63.5 MB
[runlim] sample:		920.4 time, 960.4 real, 63.5 MB
[runlim] sample:		930.1 time, 970.4 real, 63.5 MB
[runlim] sample:		939.8 time, 980.4 real, 63.8 MB
[runlim] sample:		948.6 time, 990.4 real, 63.8 MB
[runlim] sample:		957.4 time, 1000.4 real, 63.8 MB
[runlim] sample:		967.4 time, 1010.4 real, 64.3 MB
[runlim] sample:		976.7 time, 1020.4 real, 64.3 MB
[runlim] sample:		985.5 time, 1030.4 real, 64.3 MB
[runlim] sample:		994.1 time, 1040.4 real, 64.0 MB
[runlim] sample:		1003.4 time, 1050.4 real, 64.0 MB
[runlim] sample:		1012.8 time, 1060.4 real, 64.3 MB
[runlim] sample:		1021.5 time, 1070.4 real, 64.6 MB
[runlim] sample:		1030.1 time, 1080.4 real, 64.4 MB
[runlim] sample:		1038.8 time, 1090.4 real, 64.5 MB
[runlim] sample:		1048.0 time, 1100.4 real, 64.7 MB
[runlim] sample:		1057.5 time, 1110.4 real, 66.5 MB
[runlim] sample:		1066.1 time, 1120.4 real, 66.6 MB
[runlim] sample:		1074.7 time, 1130.4 real, 64.5 MB
[runlim] sample:		1084.6 time, 1140.4 real, 64.5 MB
[runlim] sample:		1093.9 time, 1150.4 real, 64.5 MB
[runlim] sample:		1103.1 time, 1160.4 real, 64.5 MB
[runlim] sample:		1112.0 time, 1170.4 real, 64.5 MB
[runlim] sample:		1120.6 time, 1180.4 real, 64.5 MB
[runlim] sample:		1130.0 time, 1190.4 real, 64.5 MB
[runlim] sample:		1138.6 time, 1200.4 real, 64.5 MB
[runlim] sample:		1147.3 time, 1210.4 real, 64.5 MB
[runlim] sample:		1155.9 time, 1220.4 real, 64.5 MB
[runlim] sample:		1165.7 time, 1230.4 real, 64.5 MB
[runlim] sample:		1175.7 time, 1240.4 real, 64.5 MB
[runlim] sample:		1185.7 time, 1250.4 real, 64.6 MB
[runlim] sample:		1194.8 time, 1260.4 real, 64.8 MB
[runlim] sample:		1203.4 time, 1270.4 real, 64.6 MB
[runlim] sample:		1212.0 time, 1280.4 real, 64.8 MB
[runlim] sample:		1220.6 time, 1290.4 real, 64.8 MB
[runlim] sample:		1229.2 time, 1300.4 real, 64.8 MB
[runlim] sample:		1238.6 time, 1310.4 real, 64.8 MB
[runlim] sample:		1247.6 time, 1320.4 real, 64.8 MB
[runlim] sample:		1257.3 time, 1330.4 real, 64.8 MB
[runlim] sample:		1267.0 time, 1340.4 real, 64.8 MB
[runlim] sample:		1277.0 time, 1350.4 real, 64.8 MB
[runlim] sample:		1286.8 time, 1360.4 real, 64.8 MB
[runlim] sample:		1296.0 time, 1370.4 real, 64.8 MB
[runlim] sample:		1305.6 time, 1380.4 real, 64.8 MB
[runlim] sample:		1315.2 time, 1390.4 real, 64.8 MB
[runlim] sample:		1324.9 time, 1400.4 real, 64.8 MB
[runlim] sample:		1334.6 time, 1410.4 real, 64.8 MB
[runlim] sample:		1344.3 time, 1420.4 real, 64.8 MB
[runlim] sample:		1354.0 time, 1430.4 real, 64.8 MB
[runlim] sample:		1363.6 time, 1440.4 real, 64.8 MB
[runlim] sample:		1373.3 time, 1450.4 real, 64.8 MB
[runlim] sample:		1381.9 time, 1460.4 real, 64.8 MB
[runlim] sample:		1391.7 time, 1470.4 real, 64.8 MB
[runlim] sample:		1401.5 time, 1480.4 real, 64.8 MB
[runlim] sample:		1411.1 time, 1490.4 real, 64.8 MB
[runlim] sample:		1421.0 time, 1500.4 real, 64.8 MB
[runlim] sample:		1431.0 time, 1510.4 real, 64.8 MB
[runlim] sample:		1441.0 time, 1520.4 real, 64.8 MB
[runlim] sample:		1451.0 time, 1530.4 real, 64.8 MB
[runlim] sample:		1461.0 time, 1540.4 real, 64.8 MB
[runlim] sample:		1471.0 time, 1550.4 real, 64.8 MB
[runlim] sample:		1481.0 time, 1560.4 real, 64.8 MB
[runlim] sample:		1491.0 time, 1570.4 real, 64.8 MB
[runlim] sample:		1501.0 time, 1580.4 real, 64.8 MB
[runlim] sample:		1511.0 time, 1590.4 real, 64.8 MB
[runlim] sample:		1520.5 time, 1600.4 real, 64.8 MB
[runlim] sample:		1530.2 time, 1610.4 real, 64.8 MB
[runlim] sample:		1539.1 time, 1620.4 real, 64.8 MB
[runlim] sample:		1547.7 time, 1630.4 real, 64.8 MB
[runlim] sample:		1557.0 time, 1640.4 real, 64.8 MB
[runlim] sample:		1567.0 time, 1650.4 real, 64.8 MB
[runlim] sample:		1577.0 time, 1660.4 real, 64.8 MB
[runlim] sample:		1586.8 time, 1670.4 real, 64.8 MB
[runlim] sample:		1595.9 time, 1680.4 real, 64.8 MB
[runlim] sample:		1605.0 time, 1690.4 real, 64.8 MB
[runlim] sample:		1613.6 time, 1700.4 real, 64.8 MB
[runlim] sample:		1623.0 time, 1710.4 real, 64.8 MB
[runlim] sample:		1632.7 time, 1720.4 real, 64.8 MB
[runlim] sample:		1642.4 time, 1730.4 real, 64.8 MB
[runlim] sample:		1652.1 time, 1740.4 real, 64.8 MB
[runlim] sample:		1662.1 time, 1750.4 real, 64.8 MB
[runlim] sample:		1671.9 time, 1760.4 real, 64.8 MB
[runlim] sample:		1681.8 time, 1770.4 real, 64.8 MB
[runlim] sample:		1691.8 time, 1780.4 real, 64.8 MB
[runlim] sample:		1701.8 time, 1790.4 real, 64.8 MB
[runlim] sample:		1711.5 time, 1800.4 real, 64.8 MB
[runlim] sample:		1721.2 time, 1810.4 real, 65.2 MB
[runlim] sample:		1730.8 time, 1820.4 real, 65.2 MB
[runlim] sample:		1740.8 time, 1830.4 real, 65.2 MB
[runlim] sample:		1750.0 time, 1840.4 real, 65.2 MB
[runlim] sample:		1759.7 time, 1850.4 real, 65.2 MB
[runlim] sample:		1769.7 time, 1860.4 real, 65.2 MB
[runlim] sample:		1779.7 time, 1870.4 real, 65.2 MB
[runlim] sample:		1789.7 time, 1880.4 real, 65.2 MB
[runlim] sample:		1799.7 time, 1890.4 real, 65.2 MB
[runlim] end:			Sun Feb  3 17:17:10 2019
[runlim] status:		out of time
[runlim] result:		2
[runlim] children:		0
[runlim] real:			1890.78 seconds
[runlim] time:			1800.07 seconds
[runlim] space:			66.9 MB
[runlim] samples:		18904
