[runlim] version:		1.10fixed
[runlim] time limit:		300 seconds
[runlim] real time limit:	311040000 seconds
[runlim] space limit:		4000 MB
[runlim] argv[0]:		./z3
[runlim] argv[1]:		/tmp/k7ET313s.smt2
[runlim] start:			Tue Jan 29 16:06:30 2019
[runlim] main pid:		19331
[runlim] sample:		8.9 time, 10.0 real, 26.2 MB
[runlim] sample:		17.8 time, 20.0 real, 35.3 MB
[runlim] sample:		26.8 time, 30.0 real, 52.2 MB
[runlim] sample:		36.2 time, 40.0 real, 63.9 MB
[runlim] sample:		44.9 time, 50.0 real, 67.2 MB
[runlim] sample:		54.0 time, 60.0 real, 70.1 MB
[runlim] sample:		64.0 time, 70.0 real, 75.7 MB
[runlim] sample:		73.9 time, 80.0 real, 81.9 MB
[runlim] sample:		83.9 time, 90.0 real, 86.8 MB
[runlim] sample:		93.9 time, 100.0 real, 93.1 MB
[runlim] sample:		103.9 time, 110.0 real, 98.6 MB
[runlim] sample:		113.9 time, 120.0 real, 103.5 MB
[runlim] sample:		123.9 time, 130.0 real, 109.7 MB
[runlim] sample:		133.9 time, 140.0 real, 115.6 MB
[runlim] sample:		143.9 time, 150.0 real, 119.2 MB
[runlim] sample:		153.9 time, 160.0 real, 120.5 MB
[runlim] sample:		163.9 time, 170.0 real, 124.1 MB
[runlim] sample:		173.9 time, 180.0 real, 128.5 MB
[runlim] sample:		183.9 time, 190.0 real, 132.1 MB
[runlim] sample:		193.9 time, 200.0 real, 136.7 MB
[runlim] sample:		203.9 time, 210.0 real, 138.3 MB
[runlim] sample:		213.5 time, 220.0 real, 143.2 MB
[runlim] sample:		222.8 time, 230.0 real, 144.2 MB
[runlim] sample:		231.2 time, 240.0 real, 145.2 MB
[runlim] sample:		239.6 time, 250.0 real, 146.5 MB
[runlim] sample:		248.6 time, 260.0 real, 149.6 MB
[runlim] sample:		257.0 time, 270.0 real, 150.6 MB
[runlim] sample:		264.8 time, 280.0 real, 152.7 MB
[runlim] sample:		273.1 time, 290.0 real, 155.3 MB
[runlim] sample:		282.6 time, 300.0 real, 156.1 MB
[runlim] sample:		291.7 time, 310.0 real, 156.8 MB
[runlim] end:			Tue Jan 29 16:11:49 2019
[runlim] status:		out of time
[runlim] result:		2
[runlim] children:		0
[runlim] real:			319.07 seconds
[runlim] time:			300.07 seconds
[runlim] space:			157.9 MB
[runlim] samples:		3190
