[runlim] version:		1.10fixed
[runlim] time limit:		300 seconds
[runlim] real time limit:	311040000 seconds
[runlim] space limit:		4000 MB
[runlim] argv[0]:		./z3
[runlim] argv[1]:		/tmp/2MOrJyee.smt2
[runlim] start:			Tue Jan 29 16:09:41 2019
[runlim] main pid:		15294
[runlim] sample:		8.0 time, 10.8 real, 31.4 MB
[runlim] sample:		17.6 time, 20.8 real, 32.1 MB
[runlim] sample:		27.6 time, 30.8 real, 32.1 MB
[runlim] sample:		37.1 time, 40.8 real, 33.8 MB
[runlim] sample:		46.8 time, 50.8 real, 36.7 MB
[runlim] sample:		56.5 time, 60.8 real, 36.7 MB
[runlim] sample:		66.1 time, 70.8 real, 36.7 MB
[runlim] sample:		76.0 time, 80.8 real, 36.8 MB
[runlim] sample:		86.0 time, 90.8 real, 36.6 MB
[runlim] sample:		96.0 time, 100.8 real, 38.2 MB
[runlim] sample:		106.0 time, 110.8 real, 39.7 MB
[runlim] sample:		116.0 time, 120.8 real, 40.3 MB
[runlim] sample:		126.0 time, 130.8 real, 40.3 MB
[runlim] sample:		136.0 time, 140.8 real, 40.3 MB
[runlim] sample:		146.0 time, 150.8 real, 40.3 MB
[runlim] sample:		156.0 time, 160.8 real, 40.5 MB
[runlim] sample:		166.0 time, 170.8 real, 40.7 MB
[runlim] sample:		176.0 time, 180.8 real, 41.1 MB
[runlim] sample:		186.0 time, 190.8 real, 41.2 MB
[runlim] sample:		196.0 time, 200.8 real, 41.6 MB
[runlim] sample:		206.0 time, 210.8 real, 43.1 MB
[runlim] sample:		216.0 time, 220.8 real, 42.8 MB
[runlim] sample:		226.0 time, 230.8 real, 42.8 MB
[runlim] sample:		235.9 time, 240.8 real, 45.1 MB
[runlim] sample:		245.9 time, 250.8 real, 45.7 MB
[runlim] sample:		255.9 time, 260.8 real, 45.3 MB
[runlim] sample:		265.5 time, 270.8 real, 45.3 MB
[runlim] sample:		275.5 time, 280.8 real, 45.6 MB
[runlim] sample:		285.5 time, 290.8 real, 45.3 MB
[runlim] sample:		295.5 time, 300.8 real, 45.3 MB
[runlim] end:			Tue Jan 29 16:14:46 2019
[runlim] status:		out of time
[runlim] result:		2
[runlim] children:		0
[runlim] real:			305.38 seconds
[runlim] time:			300.10 seconds
[runlim] space:			46.3 MB
[runlim] samples:		3046
