[runlim] version:		1.10fixed
[runlim] time limit:		1800 seconds
[runlim] real time limit:	311040000 seconds
[runlim] space limit:		4000 MB
[runlim] argv[0]:		./z3
[runlim] argv[1]:		/tmp/j7yGW5hl.smt2
[runlim] start:			Fri Feb 15 04:55:00 2019
[runlim] main pid:		20666
[runlim] sample:		9.2 time, 10.5 real, 33.5 MB
[runlim] sample:		18.9 time, 20.5 real, 33.5 MB
[runlim] sample:		28.6 time, 30.5 real, 33.7 MB
[runlim] sample:		38.3 time, 40.5 real, 37.6 MB
[runlim] sample:		48.0 time, 50.5 real, 37.9 MB
[runlim] sample:		57.6 time, 60.5 real, 45.6 MB
[runlim] sample:		67.3 time, 70.5 real, 58.8 MB
[runlim] sample:		77.0 time, 80.5 real, 68.1 MB
[runlim] sample:		86.7 time, 90.5 real, 109.2 MB
[runlim] sample:		96.3 time, 100.5 real, 117.2 MB
[runlim] sample:		106.0 time, 110.5 real, 121.8 MB
[runlim] sample:		115.9 time, 120.5 real, 121.8 MB
[runlim] sample:		125.9 time, 130.5 real, 121.8 MB
[runlim] sample:		135.8 time, 140.5 real, 135.5 MB
[runlim] sample:		145.8 time, 150.5 real, 135.5 MB
[runlim] sample:		155.4 time, 160.5 real, 135.5 MB
[runlim] sample:		164.6 time, 170.5 real, 143.3 MB
[runlim] sample:		173.8 time, 180.5 real, 169.4 MB
[runlim] sample:		183.6 time, 190.5 real, 194.4 MB
[runlim] sample:		193.6 time, 200.5 real, 194.4 MB
[runlim] sample:		202.6 time, 210.5 real, 194.4 MB
[runlim] sample:		211.7 time, 220.5 real, 194.4 MB
[runlim] sample:		220.1 time, 230.5 real, 194.4 MB
[runlim] sample:		229.4 time, 240.5 real, 194.6 MB
[runlim] sample:		239.0 time, 250.5 real, 194.6 MB
[runlim] sample:		247.1 time, 260.5 real, 194.6 MB
[runlim] sample:		256.7 time, 270.5 real, 194.6 MB
[runlim] sample:		266.7 time, 280.5 real, 194.6 MB
[runlim] sample:		276.7 time, 290.5 real, 194.8 MB
[runlim] sample:		286.7 time, 300.5 real, 194.8 MB
[runlim] sample:		296.2 time, 310.5 real, 194.8 MB
[runlim] sample:		305.8 time, 320.5 real, 194.8 MB
[runlim] sample:		315.5 time, 330.5 real, 194.8 MB
[runlim] sample:		323.9 time, 340.5 real, 194.8 MB
[runlim] sample:		333.6 time, 350.5 real, 194.8 MB
[runlim] sample:		343.2 time, 360.5 real, 194.8 MB
[runlim] sample:		353.2 time, 370.5 real, 194.8 MB
[runlim] sample:		363.2 time, 380.5 real, 194.8 MB
[runlim] sample:		373.1 time, 390.5 real, 194.8 MB
[runlim] sample:		383.1 time, 400.5 real, 194.8 MB
[runlim] sample:		393.1 time, 410.5 real, 194.8 MB
[runlim] sample:		403.1 time, 420.5 real, 194.8 MB
[runlim] sample:		413.1 time, 430.5 real, 194.8 MB
[runlim] sample:		422.0 time, 440.5 real, 194.8 MB
[runlim] sample:		432.0 time, 450.5 real, 194.8 MB
[runlim] sample:		442.0 time, 460.5 real, 194.8 MB
[runlim] sample:		452.0 time, 470.5 real, 194.8 MB
[runlim] sample:		462.0 time, 480.5 real, 200.1 MB
[runlim] sample:		472.0 time, 490.5 real, 202.6 MB
[runlim] sample:		482.0 time, 500.5 real, 203.8 MB
[runlim] sample:		492.0 time, 510.5 real, 207.6 MB
[runlim] sample:		500.1 time, 520.5 real, 210.1 MB
[runlim] sample:		510.0 time, 530.5 real, 213.0 MB
[runlim] sample:		519.9 time, 540.5 real, 216.8 MB
[runlim] sample:		529.1 time, 550.5 real, 219.7 MB
[runlim] sample:		538.5 time, 560.5 real, 221.2 MB
[runlim] sample:		547.9 time, 570.5 real, 222.4 MB
[runlim] sample:		557.6 time, 580.5 real, 226.0 MB
[runlim] sample:		565.6 time, 590.5 real, 228.3 MB
[runlim] sample:		574.4 time, 600.5 real, 229.1 MB
[runlim] sample:		584.4 time, 610.5 real, 231.9 MB
[runlim] sample:		594.4 time, 620.5 real, 234.8 MB
[runlim] sample:		604.3 time, 630.5 real, 242.7 MB
[runlim] sample:		614.3 time, 640.5 real, 246.6 MB
[runlim] sample:		623.1 time, 650.5 real, 248.9 MB
[runlim] sample:		631.3 time, 660.5 real, 250.0 MB
[runlim] sample:		640.0 time, 670.5 real, 251.3 MB
[runlim] sample:		648.6 time, 680.5 real, 254.9 MB
[runlim] sample:		657.4 time, 690.5 real, 255.5 MB
[runlim] sample:		664.7 time, 700.5 real, 253.3 MB
[runlim] sample:		674.1 time, 710.5 real, 256.1 MB
[runlim] sample:		684.1 time, 720.5 real, 253.3 MB
[runlim] sample:		694.1 time, 730.5 real, 254.6 MB
[runlim] sample:		703.5 time, 740.5 real, 254.6 MB
[runlim] sample:		712.9 time, 750.5 real, 254.7 MB
[runlim] sample:		722.0 time, 760.5 real, 255.7 MB
[runlim] sample:		730.7 time, 770.5 real, 255.5 MB
[runlim] sample:		739.6 time, 780.5 real, 256.3 MB
[runlim] sample:		748.0 time, 790.5 real, 256.3 MB
[runlim] sample:		755.8 time, 800.5 real, 257.6 MB
[runlim] sample:		764.5 time, 810.5 real, 258.1 MB
[runlim] sample:		774.5 time, 820.5 real, 258.3 MB
[runlim] sample:		783.4 time, 830.5 real, 259.3 MB
[runlim] sample:		793.2 time, 840.5 real, 260.4 MB
[runlim] sample:		802.0 time, 850.5 real, 260.6 MB
[runlim] sample:		810.8 time, 860.5 real, 261.9 MB
[runlim] sample:		820.8 time, 870.5 real, 262.2 MB
[runlim] sample:		830.8 time, 880.5 real, 262.4 MB
[runlim] sample:		840.8 time, 890.5 real, 262.9 MB
[runlim] sample:		850.8 time, 900.5 real, 262.9 MB
[runlim] sample:		860.8 time, 910.5 real, 263.5 MB
[runlim] sample:		870.4 time, 920.5 real, 264.9 MB
[runlim] sample:		880.4 time, 930.5 real, 266.2 MB
[runlim] sample:		890.4 time, 940.5 real, 268.3 MB
[runlim] sample:		900.4 time, 950.5 real, 271.4 MB
[runlim] sample:		909.7 time, 960.5 real, 275.2 MB
[runlim] sample:		918.4 time, 970.5 real, 275.9 MB
[runlim] sample:		927.5 time, 980.5 real, 277.7 MB
[runlim] sample:		936.6 time, 990.5 real, 279.8 MB
[runlim] sample:		945.6 time, 1000.5 real, 286.5 MB
[runlim] sample:		955.3 time, 1010.5 real, 291.4 MB
[runlim] sample:		965.3 time, 1020.5 real, 296.0 MB
[runlim] sample:		975.3 time, 1030.5 real, 300.6 MB
[runlim] sample:		985.3 time, 1040.5 real, 301.4 MB
[runlim] sample:		995.3 time, 1050.5 real, 306.6 MB
[runlim] sample:		1005.3 time, 1060.5 real, 311.5 MB
[runlim] sample:		1014.0 time, 1070.5 real, 315.3 MB
[runlim] sample:		1023.9 time, 1080.5 real, 317.9 MB
[runlim] sample:		1033.9 time, 1090.5 real, 320.0 MB
[runlim] sample:		1042.8 time, 1100.5 real, 324.1 MB
[runlim] sample:		1052.8 time, 1110.5 real, 325.1 MB
[runlim] sample:		1061.8 time, 1120.5 real, 325.4 MB
[runlim] sample:		1071.8 time, 1130.5 real, 326.2 MB
[runlim] sample:		1081.8 time, 1140.5 real, 327.2 MB
[runlim] sample:		1091.8 time, 1150.5 real, 328.0 MB
[runlim] sample:		1100.3 time, 1160.5 real, 328.2 MB
[runlim] sample:		1110.0 time, 1170.5 real, 328.7 MB
[runlim] sample:		1119.4 time, 1180.5 real, 329.0 MB
[runlim] sample:		1128.0 time, 1190.5 real, 331.6 MB
[runlim] sample:		1136.6 time, 1200.5 real, 332.3 MB
[runlim] sample:		1146.5 time, 1210.5 real, 334.1 MB
[runlim] sample:		1155.8 time, 1220.5 real, 336.2 MB
[runlim] sample:		1165.2 time, 1230.5 real, 338.0 MB
[runlim] sample:		1173.7 time, 1240.5 real, 339.0 MB
[runlim] sample:		1182.6 time, 1250.5 real, 339.6 MB
[runlim] sample:		1191.3 time, 1260.5 real, 340.3 MB
[runlim] sample:		1200.2 time, 1270.5 real, 342.1 MB
[runlim] sample:		1209.6 time, 1280.5 real, 343.4 MB
[runlim] sample:		1218.9 time, 1290.5 real, 343.7 MB
[runlim] sample:		1228.9 time, 1300.5 real, 345.0 MB
[runlim] sample:		1238.9 time, 1310.5 real, 347.3 MB
[runlim] sample:		1248.9 time, 1320.5 real, 349.1 MB
[runlim] sample:		1258.5 time, 1330.5 real, 352.7 MB
[runlim] sample:		1267.5 time, 1340.5 real, 355.5 MB
[runlim] sample:		1276.9 time, 1350.5 real, 358.6 MB
[runlim] sample:		1285.7 time, 1360.5 real, 360.2 MB
[runlim] sample:		1294.2 time, 1370.5 real, 369.8 MB
[runlim] sample:		1303.5 time, 1380.5 real, 373.4 MB
[runlim] sample:		1313.5 time, 1390.5 real, 377.8 MB
[runlim] sample:		1323.5 time, 1400.5 real, 380.4 MB
[runlim] sample:		1333.5 time, 1410.5 real, 385.3 MB
[runlim] sample:		1343.1 time, 1420.5 real, 388.6 MB
[runlim] sample:		1352.8 time, 1430.5 real, 389.7 MB
[runlim] sample:		1362.8 time, 1440.5 real, 390.4 MB
[runlim] sample:		1372.8 time, 1450.5 real, 391.7 MB
[runlim] sample:		1382.7 time, 1460.5 real, 392.3 MB
[runlim] sample:		1392.5 time, 1470.5 real, 393.0 MB
[runlim] sample:		1402.5 time, 1480.5 real, 393.8 MB
[runlim] sample:		1412.5 time, 1490.5 real, 394.3 MB
[runlim] sample:		1422.3 time, 1500.5 real, 394.6 MB
[runlim] sample:		1432.0 time, 1510.5 real, 395.3 MB
[runlim] sample:		1441.7 time, 1520.5 real, 399.0 MB
[runlim] sample:		1451.6 time, 1530.5 real, 402.6 MB
[runlim] sample:		1461.6 time, 1540.5 real, 404.9 MB
[runlim] sample:		1471.4 time, 1550.5 real, 405.1 MB
[runlim] sample:		1481.3 time, 1560.5 real, 407.5 MB
[runlim] sample:		1491.3 time, 1570.5 real, 411.3 MB
[runlim] sample:		1501.2 time, 1580.5 real, 414.4 MB
[runlim] sample:		1511.0 time, 1590.5 real, 422.2 MB
[runlim] sample:		1521.0 time, 1600.5 real, 424.1 MB
[runlim] sample:		1531.0 time, 1610.5 real, 425.1 MB
[runlim] sample:		1541.0 time, 1620.5 real, 425.6 MB
[runlim] sample:		1551.0 time, 1630.5 real, 426.1 MB
[runlim] sample:		1560.9 time, 1640.5 real, 426.6 MB
[runlim] sample:		1570.6 time, 1650.5 real, 427.4 MB
[runlim] sample:		1580.3 time, 1660.5 real, 427.4 MB
[runlim] sample:		1590.3 time, 1670.5 real, 427.4 MB
[runlim] sample:		1599.8 time, 1680.5 real, 427.7 MB
[runlim] sample:		1609.3 time, 1690.5 real, 427.7 MB
[runlim] sample:		1618.7 time, 1700.5 real, 427.7 MB
[runlim] sample:		1627.9 time, 1710.5 real, 427.7 MB
[runlim] sample:		1637.6 time, 1720.5 real, 427.7 MB
[runlim] sample:		1646.9 time, 1730.5 real, 427.7 MB
[runlim] sample:		1656.2 time, 1740.5 real, 427.7 MB
[runlim] sample:		1666.2 time, 1750.5 real, 427.7 MB
[runlim] sample:		1676.2 time, 1760.5 real, 427.7 MB
[runlim] sample:		1686.2 time, 1770.5 real, 427.7 MB
[runlim] sample:		1696.2 time, 1780.5 real, 427.7 MB
[runlim] sample:		1706.2 time, 1790.5 real, 431.9 MB
[runlim] sample:		1714.6 time, 1800.5 real, 444.4 MB
[runlim] sample:		1722.8 time, 1810.5 real, 456.1 MB
[runlim] sample:		1732.3 time, 1820.5 real, 468.6 MB
[runlim] sample:		1742.3 time, 1830.5 real, 485.4 MB
[runlim] sample:		1752.3 time, 1840.5 real, 503.1 MB
[runlim] sample:		1760.2 time, 1850.5 real, 514.3 MB
[runlim] sample:		1769.2 time, 1860.5 real, 530.7 MB
[runlim] sample:		1778.6 time, 1870.5 real, 550.8 MB
[runlim] sample:		1788.6 time, 1880.5 real, 566.0 MB
[runlim] sample:		1798.5 time, 1890.5 real, 582.8 MB
[runlim] end:			Fri Feb 15 05:26:32 2019
[runlim] status:		out of time
[runlim] result:		2
[runlim] children:		0
[runlim] real:			1892.01 seconds
[runlim] time:			1800.05 seconds
[runlim] space:			586.8 MB
[runlim] samples:		18915
