[runlim] version:		1.10fixed
[runlim] time limit:		300 seconds
[runlim] real time limit:	311040000 seconds
[runlim] space limit:		4000 MB
[runlim] argv[0]:		./z3
[runlim] argv[1]:		/tmp/gF64FLlc.smt2
[runlim] start:			Tue Jan 29 16:08:12 2019
[runlim] main pid:		20744
[runlim] sample:		8.0 time, 10.5 real, 23.1 MB
[runlim] sample:		17.5 time, 20.5 real, 41.1 MB
[runlim] sample:		26.5 time, 30.5 real, 54.9 MB
[runlim] sample:		36.0 time, 40.5 real, 63.7 MB
[runlim] sample:		45.7 time, 50.5 real, 68.9 MB
[runlim] sample:		55.3 time, 60.5 real, 76.3 MB
[runlim] sample:		64.6 time, 70.5 real, 82.8 MB
[runlim] sample:		72.7 time, 80.5 real, 86.5 MB
[runlim] sample:		81.2 time, 90.5 real, 90.1 MB
[runlim] sample:		90.8 time, 100.5 real, 97.4 MB
[runlim] sample:		98.7 time, 110.5 real, 103.8 MB
[runlim] sample:		107.4 time, 120.5 real, 104.3 MB
[runlim] sample:		116.0 time, 130.5 real, 106.1 MB
[runlim] sample:		124.0 time, 140.5 real, 107.2 MB
[runlim] sample:		133.6 time, 150.5 real, 107.7 MB
[runlim] sample:		143.6 time, 160.5 real, 111.3 MB
[runlim] sample:		153.6 time, 170.5 real, 116.4 MB
[runlim] sample:		163.6 time, 180.5 real, 120.8 MB
[runlim] sample:		173.6 time, 190.5 real, 126.2 MB
[runlim] sample:		183.6 time, 200.5 real, 130.5 MB
[runlim] sample:		193.6 time, 210.5 real, 133.9 MB
[runlim] sample:		203.6 time, 220.5 real, 137.2 MB
[runlim] sample:		213.6 time, 230.5 real, 143.2 MB
[runlim] sample:		223.6 time, 240.5 real, 146.0 MB
[runlim] sample:		233.6 time, 250.5 real, 148.1 MB
[runlim] sample:		243.6 time, 260.5 real, 151.4 MB
[runlim] sample:		253.4 time, 270.5 real, 153.2 MB
[runlim] sample:		261.5 time, 280.5 real, 157.1 MB
[runlim] sample:		271.4 time, 290.5 real, 162.5 MB
[runlim] sample:		281.1 time, 300.5 real, 164.3 MB
[runlim] sample:		290.8 time, 310.5 real, 169.4 MB
[runlim] end:			Tue Jan 29 16:13:31 2019
[runlim] status:		out of time
[runlim] result:		2
[runlim] children:		0
[runlim] real:			319.79 seconds
[runlim] time:			300.08 seconds
[runlim] space:			173.3 MB
[runlim] samples:		3193
