[runlim] version:		1.10fixed
[runlim] time limit:		300 seconds
[runlim] real time limit:	311040000 seconds
[runlim] space limit:		4000 MB
[runlim] argv[0]:		./z3
[runlim] argv[1]:		/tmp/6WIAF86w.smt2
[runlim] start:			Tue Jan 29 16:11:09 2019
[runlim] main pid:		3817
[runlim] sample:		9.4 time, 10.3 real, 23.3 MB
[runlim] sample:		19.4 time, 20.3 real, 25.0 MB
[runlim] sample:		29.4 time, 30.3 real, 27.3 MB
[runlim] sample:		39.4 time, 40.3 real, 28.3 MB
[runlim] sample:		49.4 time, 50.3 real, 27.4 MB
[runlim] sample:		58.5 time, 60.3 real, 27.4 MB
[runlim] sample:		66.8 time, 70.3 real, 28.1 MB
[runlim] sample:		76.8 time, 80.3 real, 28.1 MB
[runlim] sample:		86.3 time, 90.3 real, 28.3 MB
[runlim] sample:		96.3 time, 100.3 real, 28.3 MB
[runlim] sample:		106.3 time, 110.3 real, 30.2 MB
[runlim] sample:		116.3 time, 120.3 real, 30.2 MB
[runlim] sample:		126.3 time, 130.3 real, 30.6 MB
[runlim] sample:		136.3 time, 140.3 real, 34.2 MB
[runlim] sample:		146.3 time, 150.3 real, 37.8 MB
[runlim] sample:		156.3 time, 160.3 real, 37.8 MB
[runlim] sample:		166.3 time, 170.3 real, 37.8 MB
[runlim] sample:		176.3 time, 180.3 real, 38.8 MB
[runlim] sample:		186.3 time, 190.3 real, 38.9 MB
[runlim] sample:		196.3 time, 200.3 real, 38.9 MB
[runlim] sample:		206.3 time, 210.3 real, 38.9 MB
[runlim] sample:		216.3 time, 220.3 real, 39.1 MB
[runlim] sample:		226.3 time, 230.3 real, 40.2 MB
[runlim] sample:		235.4 time, 240.3 real, 40.8 MB
[runlim] sample:		244.5 time, 250.3 real, 41.5 MB
[runlim] sample:		253.2 time, 260.3 real, 42.6 MB
[runlim] sample:		262.1 time, 270.3 real, 43.0 MB
[runlim] sample:		271.1 time, 280.3 real, 43.1 MB
[runlim] sample:		281.0 time, 290.3 real, 43.5 MB
[runlim] sample:		291.0 time, 300.3 real, 44.6 MB
[runlim] end:			Tue Jan 29 16:16:18 2019
[runlim] status:		out of time
[runlim] result:		2
[runlim] children:		0
[runlim] real:			309.99 seconds
[runlim] time:			300.05 seconds
[runlim] space:			46.2 MB
[runlim] samples:		3097
