[runlim] version:		1.10fixed
[runlim] time limit:		300 seconds
[runlim] real time limit:	311040000 seconds
[runlim] space limit:		4000 MB
[runlim] argv[0]:		./z3
[runlim] argv[1]:		/tmp/i0a7VUYa.smt2
[runlim] start:			Tue Jan 29 16:07:44 2019
[runlim] main pid:		27520
[runlim] sample:		9.2 time, 10.2 real, 21.3 MB
[runlim] sample:		17.8 time, 20.2 real, 28.0 MB
[runlim] sample:		26.6 time, 30.2 real, 72.4 MB
[runlim] sample:		35.9 time, 40.2 real, 90.7 MB
[runlim] sample:		45.1 time, 50.2 real, 93.0 MB
[runlim] sample:		54.8 time, 60.2 real, 94.6 MB
[runlim] sample:		64.5 time, 70.2 real, 95.4 MB
[runlim] sample:		74.1 time, 80.2 real, 113.1 MB
[runlim] sample:		83.7 time, 90.2 real, 141.9 MB
[runlim] sample:		92.4 time, 100.2 real, 141.9 MB
[runlim] sample:		101.9 time, 110.2 real, 147.1 MB
[runlim] sample:		111.6 time, 120.2 real, 149.1 MB
[runlim] sample:		121.2 time, 130.2 real, 150.9 MB
[runlim] sample:		130.0 time, 140.2 real, 151.9 MB
[runlim] sample:		139.5 time, 150.2 real, 152.9 MB
[runlim] sample:		149.5 time, 160.2 real, 182.7 MB
[runlim] sample:		159.2 time, 170.2 real, 182.4 MB
[runlim] sample:		168.2 time, 180.2 real, 182.4 MB
[runlim] sample:		178.2 time, 190.2 real, 182.7 MB
[runlim] sample:		188.2 time, 200.2 real, 182.4 MB
[runlim] sample:		198.2 time, 210.2 real, 182.4 MB
[runlim] sample:		208.1 time, 220.2 real, 183.0 MB
[runlim] sample:		218.1 time, 230.2 real, 183.6 MB
[runlim] sample:		228.1 time, 240.2 real, 183.6 MB
[runlim] sample:		238.1 time, 250.2 real, 182.9 MB
[runlim] sample:		248.1 time, 260.2 real, 167.2 MB
[runlim] sample:		258.1 time, 270.2 real, 167.2 MB
[runlim] sample:		268.1 time, 280.2 real, 167.2 MB
[runlim] sample:		278.1 time, 290.2 real, 167.2 MB
[runlim] sample:		288.1 time, 300.2 real, 167.2 MB
[runlim] sample:		298.1 time, 310.2 real, 167.2 MB
[runlim] end:			Tue Jan 29 16:12:56 2019
[runlim] status:		out of time
[runlim] result:		2
[runlim] children:		0
[runlim] real:			312.17 seconds
[runlim] time:			300.01 seconds
[runlim] space:			183.6 MB
[runlim] samples:		3119
