[runlim] version:		1.10fixed
[runlim] time limit:		300 seconds
[runlim] real time limit:	311040000 seconds
[runlim] space limit:		4000 MB
[runlim] argv[0]:		./z3
[runlim] argv[1]:		/tmp/nmugkSPq.smt2
[runlim] start:			Tue Jan 29 16:09:55 2019
[runlim] main pid:		30154
[runlim] sample:		9.0 time, 10.9 real, 23.5 MB
[runlim] sample:		18.6 time, 20.9 real, 23.5 MB
[runlim] sample:		27.8 time, 30.9 real, 23.5 MB
[runlim] sample:		36.4 time, 40.9 real, 23.5 MB
[runlim] sample:		44.9 time, 50.9 real, 23.5 MB
[runlim] sample:		54.8 time, 60.9 real, 23.5 MB
[runlim] sample:		64.5 time, 70.9 real, 26.2 MB
[runlim] end:			Tue Jan 29 16:11:13 2019
[runlim] status:		ok
[runlim] result:		0
[runlim] children:		0
[runlim] real:			79.00 seconds
[runlim] time:			72.31 seconds
[runlim] space:			26.7 MB
[runlim] samples:		781
