[runlim] version:		1.10fixed
[runlim] time limit:		1800 seconds
[runlim] real time limit:	311040000 seconds
[runlim] space limit:		4000 MB
[runlim] argv[0]:		./z3
[runlim] argv[1]:		/tmp/8W5s7NCv.smt2
[runlim] start:			Thu Jan 31 08:07:16 2019
[runlim] main pid:		22790
[runlim] sample:		8.8 time, 10.2 real, 18.1 MB
[runlim] sample:		17.9 time, 20.2 real, 20.6 MB
[runlim] sample:		26.9 time, 30.2 real, 22.1 MB
[runlim] sample:		36.2 time, 40.2 real, 24.6 MB
[runlim] sample:		45.5 time, 50.2 real, 27.5 MB
[runlim] sample:		54.7 time, 60.2 real, 27.5 MB
[runlim] sample:		63.8 time, 70.2 real, 27.5 MB
[runlim] sample:		72.9 time, 80.2 real, 27.5 MB
[runlim] sample:		82.2 time, 90.2 real, 27.9 MB
[runlim] sample:		91.2 time, 100.2 real, 27.9 MB
[runlim] sample:		100.4 time, 110.2 real, 28.2 MB
[runlim] sample:		109.5 time, 120.2 real, 28.2 MB
[runlim] sample:		118.7 time, 130.2 real, 28.5 MB
[runlim] sample:		128.0 time, 140.2 real, 28.5 MB
[runlim] sample:		137.1 time, 150.2 real, 28.7 MB
[runlim] sample:		146.3 time, 160.2 real, 29.0 MB
[runlim] sample:		155.4 time, 170.2 real, 29.2 MB
[runlim] sample:		164.5 time, 180.2 real, 29.2 MB
[runlim] sample:		173.7 time, 190.2 real, 29.2 MB
[runlim] sample:		183.0 time, 200.2 real, 29.2 MB
[runlim] sample:		192.2 time, 210.2 real, 29.2 MB
[runlim] sample:		201.6 time, 220.2 real, 29.2 MB
[runlim] sample:		210.7 time, 230.2 real, 29.2 MB
[runlim] sample:		219.7 time, 240.2 real, 29.5 MB
[runlim] sample:		228.8 time, 250.2 real, 32.0 MB
[runlim] sample:		238.0 time, 260.2 real, 33.6 MB
[runlim] sample:		247.1 time, 270.2 real, 34.3 MB
[runlim] sample:		256.4 time, 280.2 real, 35.3 MB
[runlim] sample:		265.7 time, 290.2 real, 36.2 MB
[runlim] sample:		274.8 time, 300.2 real, 37.2 MB
[runlim] sample:		284.0 time, 310.2 real, 38.7 MB
[runlim] sample:		293.2 time, 320.2 real, 38.8 MB
[runlim] sample:		302.5 time, 330.2 real, 39.0 MB
[runlim] sample:		311.7 time, 340.2 real, 39.5 MB
[runlim] sample:		320.9 time, 350.2 real, 39.4 MB
[runlim] sample:		330.2 time, 360.2 real, 39.9 MB
[runlim] sample:		339.5 time, 370.2 real, 40.2 MB
[runlim] sample:		348.7 time, 380.2 real, 40.6 MB
[runlim] sample:		358.0 time, 390.2 real, 41.1 MB
[runlim] sample:		367.4 time, 400.2 real, 43.4 MB
[runlim] sample:		376.7 time, 410.2 real, 43.4 MB
[runlim] sample:		386.0 time, 420.2 real, 43.4 MB
[runlim] sample:		395.3 time, 430.2 real, 43.4 MB
[runlim] sample:		404.3 time, 440.2 real, 43.4 MB
[runlim] sample:		413.5 time, 450.2 real, 43.4 MB
[runlim] sample:		422.8 time, 460.2 real, 43.4 MB
[runlim] sample:		432.1 time, 470.2 real, 43.6 MB
[runlim] sample:		441.3 time, 480.2 real, 46.9 MB
[runlim] sample:		450.3 time, 490.2 real, 53.3 MB
[runlim] sample:		459.3 time, 500.2 real, 53.3 MB
[runlim] sample:		468.4 time, 510.2 real, 53.3 MB
[runlim] sample:		477.7 time, 520.2 real, 53.3 MB
[runlim] sample:		487.0 time, 530.2 real, 53.3 MB
[runlim] sample:		496.1 time, 540.2 real, 53.3 MB
[runlim] sample:		505.2 time, 550.2 real, 53.3 MB
[runlim] sample:		514.2 time, 560.2 real, 53.3 MB
[runlim] sample:		523.2 time, 570.2 real, 53.3 MB
[runlim] sample:		532.2 time, 580.2 real, 53.3 MB
[runlim] sample:		541.5 time, 590.2 real, 53.1 MB
[runlim] sample:		550.8 time, 600.2 real, 53.1 MB
[runlim] sample:		560.0 time, 610.2 real, 53.1 MB
[runlim] sample:		569.0 time, 620.2 real, 53.1 MB
[runlim] sample:		578.0 time, 630.2 real, 53.1 MB
[runlim] sample:		587.2 time, 640.2 real, 53.1 MB
[runlim] sample:		596.3 time, 650.2 real, 53.1 MB
[runlim] sample:		605.6 time, 660.2 real, 53.1 MB
[runlim] sample:		614.3 time, 670.2 real, 53.1 MB
[runlim] sample:		624.0 time, 680.2 real, 53.1 MB
[runlim] sample:		633.2 time, 690.2 real, 53.1 MB
[runlim] sample:		641.9 time, 700.2 real, 53.1 MB
[runlim] sample:		649.4 time, 710.2 real, 53.1 MB
[runlim] sample:		657.8 time, 720.2 real, 53.1 MB
[runlim] sample:		666.2 time, 730.2 real, 53.1 MB
[runlim] sample:		674.5 time, 740.2 real, 53.1 MB
[runlim] sample:		683.1 time, 750.2 real, 53.1 MB
[runlim] sample:		690.9 time, 760.2 real, 53.1 MB
[runlim] sample:		699.6 time, 770.2 real, 53.1 MB
[runlim] sample:		708.5 time, 780.2 real, 53.1 MB
[runlim] sample:		717.6 time, 790.2 real, 53.1 MB
[runlim] sample:		727.3 time, 800.2 real, 53.1 MB
[runlim] sample:		736.5 time, 810.2 real, 53.1 MB
[runlim] sample:		744.0 time, 820.2 real, 53.1 MB
[runlim] sample:		751.7 time, 830.2 real, 53.1 MB
[runlim] sample:		759.1 time, 840.2 real, 53.1 MB
[runlim] sample:		766.9 time, 850.2 real, 53.1 MB
[runlim] sample:		775.7 time, 860.2 real, 53.1 MB
[runlim] sample:		784.1 time, 870.2 real, 53.1 MB
[runlim] sample:		792.3 time, 880.2 real, 53.1 MB
[runlim] sample:		801.6 time, 890.2 real, 53.1 MB
[runlim] sample:		811.1 time, 900.2 real, 53.1 MB
[runlim] sample:		820.8 time, 910.2 real, 53.1 MB
[runlim] sample:		830.4 time, 920.2 real, 53.1 MB
[runlim] sample:		840.0 time, 930.2 real, 53.1 MB
[runlim] sample:		849.7 time, 940.2 real, 53.1 MB
[runlim] sample:		859.3 time, 950.2 real, 53.1 MB
[runlim] sample:		869.0 time, 960.2 real, 53.1 MB
[runlim] sample:		878.6 time, 970.2 real, 53.1 MB
[runlim] sample:		888.2 time, 980.2 real, 53.1 MB
[runlim] sample:		897.9 time, 990.2 real, 53.1 MB
[runlim] sample:		907.5 time, 1000.2 real, 53.1 MB
[runlim] sample:		917.2 time, 1010.2 real, 53.1 MB
[runlim] sample:		926.8 time, 1020.2 real, 53.1 MB
[runlim] sample:		936.5 time, 1030.2 real, 53.1 MB
[runlim] sample:		946.1 time, 1040.2 real, 53.1 MB
[runlim] sample:		955.8 time, 1050.2 real, 53.1 MB
[runlim] sample:		965.4 time, 1060.2 real, 53.1 MB
[runlim] sample:		975.0 time, 1070.2 real, 53.1 MB
[runlim] sample:		984.7 time, 1080.2 real, 53.1 MB
[runlim] sample:		994.3 time, 1090.2 real, 53.1 MB
[runlim] sample:		1004.0 time, 1100.2 real, 53.1 MB
[runlim] sample:		1013.6 time, 1110.2 real, 53.1 MB
[runlim] sample:		1023.3 time, 1120.2 real, 53.1 MB
[runlim] sample:		1032.9 time, 1130.2 real, 53.1 MB
[runlim] sample:		1042.5 time, 1140.2 real, 53.1 MB
[runlim] sample:		1052.2 time, 1150.2 real, 53.1 MB
[runlim] sample:		1061.8 time, 1160.2 real, 53.1 MB
[runlim] sample:		1071.5 time, 1170.2 real, 53.1 MB
[runlim] sample:		1081.1 time, 1180.2 real, 53.1 MB
[runlim] sample:		1090.8 time, 1190.2 real, 53.1 MB
[runlim] sample:		1100.4 time, 1200.2 real, 53.1 MB
[runlim] sample:		1110.0 time, 1210.2 real, 53.1 MB
[runlim] sample:		1119.7 time, 1220.2 real, 53.1 MB
[runlim] sample:		1129.3 time, 1230.2 real, 53.1 MB
[runlim] sample:		1139.0 time, 1240.2 real, 53.1 MB
[runlim] sample:		1148.6 time, 1250.2 real, 53.1 MB
[runlim] sample:		1158.2 time, 1260.2 real, 53.1 MB
[runlim] sample:		1167.9 time, 1270.2 real, 53.1 MB
[runlim] sample:		1177.5 time, 1280.2 real, 53.1 MB
[runlim] sample:		1187.2 time, 1290.2 real, 53.1 MB
[runlim] sample:		1196.8 time, 1300.2 real, 53.1 MB
[runlim] sample:		1206.5 time, 1310.2 real, 53.1 MB
[runlim] sample:		1216.1 time, 1320.2 real, 53.1 MB
[runlim] sample:		1225.7 time, 1330.2 real, 53.1 MB
[runlim] sample:		1235.4 time, 1340.2 real, 53.1 MB
[runlim] sample:		1245.0 time, 1350.2 real, 53.1 MB
[runlim] sample:		1254.7 time, 1360.2 real, 53.1 MB
[runlim] sample:		1264.3 time, 1370.2 real, 53.1 MB
[runlim] sample:		1273.9 time, 1380.2 real, 53.1 MB
[runlim] sample:		1283.6 time, 1390.2 real, 53.1 MB
[runlim] sample:		1293.2 time, 1400.2 real, 53.1 MB
[runlim] sample:		1302.9 time, 1410.2 real, 53.1 MB
[runlim] sample:		1312.5 time, 1420.2 real, 53.1 MB
[runlim] sample:		1322.2 time, 1430.2 real, 53.1 MB
[runlim] sample:		1331.8 time, 1440.2 real, 53.8 MB
[runlim] sample:		1341.4 time, 1450.2 real, 54.1 MB
[runlim] sample:		1351.1 time, 1460.2 real, 54.6 MB
[runlim] sample:		1360.7 time, 1470.2 real, 54.8 MB
[runlim] sample:		1370.4 time, 1480.2 real, 55.1 MB
[runlim] sample:		1380.0 time, 1490.2 real, 55.4 MB
[runlim] sample:		1389.7 time, 1500.2 real, 55.4 MB
[runlim] sample:		1399.3 time, 1510.2 real, 55.6 MB
[runlim] sample:		1408.9 time, 1520.2 real, 56.2 MB
[runlim] sample:		1418.6 time, 1530.2 real, 57.5 MB
[runlim] sample:		1428.2 time, 1540.2 real, 57.7 MB
[runlim] sample:		1437.9 time, 1550.2 real, 58.3 MB
[runlim] sample:		1447.5 time, 1560.2 real, 58.3 MB
[runlim] sample:		1457.2 time, 1570.2 real, 59.1 MB
[runlim] sample:		1466.8 time, 1580.2 real, 59.1 MB
[runlim] sample:		1476.5 time, 1590.2 real, 59.1 MB
[runlim] sample:		1486.1 time, 1600.2 real, 59.1 MB
[runlim] sample:		1495.7 time, 1610.2 real, 59.3 MB
[runlim] sample:		1505.4 time, 1620.2 real, 59.8 MB
[runlim] sample:		1515.0 time, 1630.2 real, 60.2 MB
[runlim] sample:		1524.7 time, 1640.2 real, 60.3 MB
[runlim] sample:		1534.3 time, 1650.2 real, 60.5 MB
[runlim] sample:		1544.0 time, 1660.2 real, 61.0 MB
[runlim] sample:		1553.6 time, 1670.2 real, 60.7 MB
[runlim] sample:		1563.2 time, 1680.2 real, 60.7 MB
[runlim] sample:		1572.9 time, 1690.2 real, 60.7 MB
[runlim] sample:		1582.5 time, 1700.2 real, 60.9 MB
[runlim] sample:		1592.2 time, 1710.2 real, 61.2 MB
[runlim] sample:		1601.8 time, 1720.2 real, 61.2 MB
[runlim] sample:		1611.5 time, 1730.2 real, 61.7 MB
[runlim] sample:		1621.1 time, 1740.2 real, 61.1 MB
[runlim] sample:		1630.8 time, 1750.2 real, 61.1 MB
[runlim] sample:		1640.4 time, 1760.2 real, 61.6 MB
[runlim] sample:		1650.0 time, 1770.2 real, 61.6 MB
[runlim] sample:		1659.7 time, 1780.2 real, 61.6 MB
[runlim] sample:		1669.3 time, 1790.2 real, 61.6 MB
[runlim] sample:		1679.2 time, 1800.2 real, 61.6 MB
[runlim] sample:		1689.2 time, 1810.2 real, 62.8 MB
[runlim] sample:		1699.2 time, 1820.2 real, 61.6 MB
[runlim] sample:		1709.2 time, 1830.2 real, 62.9 MB
[runlim] sample:		1719.2 time, 1840.2 real, 62.9 MB
[runlim] sample:		1729.2 time, 1850.2 real, 62.9 MB
[runlim] sample:		1739.2 time, 1860.2 real, 62.9 MB
[runlim] sample:		1749.2 time, 1870.2 real, 62.9 MB
[runlim] sample:		1759.2 time, 1880.2 real, 62.9 MB
[runlim] sample:		1769.2 time, 1890.2 real, 62.9 MB
[runlim] sample:		1779.2 time, 1900.2 real, 62.9 MB
[runlim] sample:		1789.2 time, 1910.2 real, 62.9 MB
[runlim] sample:		1799.2 time, 1920.2 real, 62.9 MB
[runlim] end:			Thu Jan 31 08:39:17 2019
[runlim] status:		out of time
[runlim] result:		2
[runlim] children:		0
[runlim] real:			1921.02 seconds
[runlim] time:			1800.04 seconds
[runlim] space:			62.9 MB
[runlim] samples:		19208
