[runlim] version:		1.10fixed
[runlim] time limit:		1800 seconds
[runlim] real time limit:	311040000 seconds
[runlim] space limit:		4000 MB
[runlim] argv[0]:		./z3
[runlim] argv[1]:		/tmp/Js1FA50G.smt2
[runlim] start:			Sat Feb  9 00:02:38 2019
[runlim] main pid:		2324
[runlim] sample:		8.4 time, 10.2 real, 44.6 MB
[runlim] sample:		17.6 time, 20.2 real, 52.1 MB
[runlim] sample:		26.4 time, 30.2 real, 58.1 MB
[runlim] sample:		34.8 time, 40.2 real, 64.6 MB
[runlim] sample:		43.7 time, 50.2 real, 68.2 MB
[runlim] sample:		53.3 time, 60.2 real, 72.8 MB
[runlim] sample:		63.3 time, 70.2 real, 85.7 MB
[runlim] sample:		73.3 time, 80.2 real, 98.4 MB
[runlim] sample:		83.3 time, 90.2 real, 113.8 MB
[runlim] sample:		93.3 time, 100.2 real, 118.7 MB
[runlim] sample:		103.2 time, 110.2 real, 122.3 MB
[runlim] sample:		113.2 time, 120.2 real, 126.7 MB
[runlim] sample:		122.3 time, 130.2 real, 129.1 MB
[runlim] sample:		131.6 time, 140.2 real, 133.2 MB
[runlim] sample:		140.0 time, 150.2 real, 136.0 MB
[runlim] sample:		149.9 time, 160.2 real, 138.1 MB
[runlim] sample:		159.4 time, 170.2 real, 150.4 MB
[runlim] sample:		167.8 time, 180.2 real, 154.6 MB
[runlim] sample:		175.7 time, 190.2 real, 156.1 MB
[runlim] sample:		184.1 time, 200.2 real, 157.1 MB
[runlim] sample:		192.3 time, 210.2 real, 159.5 MB
[runlim] sample:		202.3 time, 220.2 real, 160.0 MB
[runlim] sample:		211.4 time, 230.2 real, 162.0 MB
[runlim] sample:		219.4 time, 240.2 real, 165.1 MB
[runlim] sample:		228.7 time, 250.2 real, 168.2 MB
[runlim] sample:		238.7 time, 260.2 real, 171.3 MB
[runlim] sample:		248.7 time, 270.2 real, 173.9 MB
[runlim] sample:		258.5 time, 280.2 real, 180.1 MB
[runlim] sample:		268.0 time, 290.2 real, 181.6 MB
[runlim] sample:		277.0 time, 300.2 real, 184.2 MB
[runlim] sample:		287.0 time, 310.2 real, 187.8 MB
[runlim] sample:		297.0 time, 320.2 real, 190.9 MB
[runlim] sample:		305.9 time, 330.2 real, 191.2 MB
[runlim] sample:		315.6 time, 340.2 real, 193.2 MB
[runlim] sample:		324.9 time, 350.2 real, 195.3 MB
[runlim] sample:		333.6 time, 360.2 real, 196.2 MB
[runlim] sample:		343.2 time, 370.2 real, 199.2 MB
[runlim] sample:		352.9 time, 380.2 real, 200.3 MB
[runlim] sample:		362.6 time, 390.2 real, 201.8 MB
[runlim] sample:		372.3 time, 400.2 real, 203.9 MB
[runlim] sample:		381.9 time, 410.2 real, 207.5 MB
[runlim] sample:		391.9 time, 420.2 real, 211.6 MB
[runlim] sample:		401.9 time, 430.2 real, 213.2 MB
[runlim] sample:		411.9 time, 440.2 real, 214.4 MB
[runlim] sample:		420.6 time, 450.2 real, 216.8 MB
[runlim] sample:		429.6 time, 460.2 real, 218.8 MB
[runlim] sample:		439.2 time, 470.2 real, 220.4 MB
[runlim] sample:		448.9 time, 480.2 real, 222.4 MB
[runlim] sample:		458.8 time, 490.2 real, 223.7 MB
[runlim] sample:		468.8 time, 500.2 real, 225.8 MB
[runlim] sample:		478.4 time, 510.2 real, 230.4 MB
[runlim] sample:		487.7 time, 520.2 real, 233.0 MB
[runlim] sample:		497.7 time, 530.2 real, 234.8 MB
[runlim] sample:		507.3 time, 540.2 real, 237.1 MB
[runlim] sample:		516.5 time, 550.2 real, 240.0 MB
[runlim] sample:		526.5 time, 560.2 real, 242.0 MB
[runlim] sample:		536.5 time, 570.2 real, 243.8 MB
[runlim] sample:		546.0 time, 580.2 real, 246.1 MB
[runlim] sample:		554.6 time, 590.2 real, 248.0 MB
[runlim] sample:		563.6 time, 600.2 real, 250.3 MB
[runlim] sample:		573.1 time, 610.2 real, 254.1 MB
[runlim] sample:		582.2 time, 620.2 real, 257.5 MB
[runlim] sample:		591.4 time, 630.2 real, 259.0 MB
[runlim] sample:		601.0 time, 640.2 real, 263.2 MB
[runlim] sample:		610.2 time, 650.2 real, 264.7 MB
[runlim] sample:		619.5 time, 660.2 real, 266.8 MB
[runlim] sample:		628.8 time, 670.2 real, 271.2 MB
[runlim] sample:		638.4 time, 680.2 real, 272.7 MB
[runlim] sample:		647.7 time, 690.2 real, 274.0 MB
[runlim] sample:		657.7 time, 700.2 real, 276.8 MB
[runlim] sample:		667.7 time, 710.2 real, 278.1 MB
[runlim] sample:		677.7 time, 720.2 real, 279.7 MB
[runlim] sample:		687.7 time, 730.2 real, 281.7 MB
[runlim] sample:		697.7 time, 740.2 real, 283.0 MB
[runlim] sample:		707.7 time, 750.2 real, 284.3 MB
[runlim] sample:		717.7 time, 760.2 real, 286.1 MB
[runlim] sample:		727.7 time, 770.2 real, 286.4 MB
[runlim] sample:		737.7 time, 780.2 real, 290.0 MB
[runlim] sample:		747.7 time, 790.2 real, 292.3 MB
[runlim] sample:		757.7 time, 800.2 real, 293.3 MB
[runlim] sample:		767.7 time, 810.2 real, 295.6 MB
[runlim] sample:		777.7 time, 820.2 real, 298.0 MB
[runlim] sample:		787.7 time, 830.2 real, 300.3 MB
[runlim] sample:		797.7 time, 840.2 real, 304.7 MB
[runlim] sample:		807.2 time, 850.2 real, 308.8 MB
[runlim] sample:		815.5 time, 860.2 real, 311.1 MB
[runlim] sample:		825.1 time, 870.2 real, 315.5 MB
[runlim] sample:		834.8 time, 880.2 real, 319.1 MB
[runlim] sample:		844.5 time, 890.2 real, 320.9 MB
[runlim] sample:		854.2 time, 900.2 real, 325.3 MB
[runlim] sample:		863.9 time, 910.2 real, 327.6 MB
[runlim] sample:		873.6 time, 920.2 real, 329.7 MB
[runlim] sample:		883.2 time, 930.2 real, 331.7 MB
[runlim] sample:		892.9 time, 940.2 real, 334.6 MB
[runlim] sample:		902.5 time, 950.2 real, 336.6 MB
[runlim] sample:		912.5 time, 960.2 real, 339.5 MB
[runlim] sample:		922.5 time, 970.2 real, 339.7 MB
[runlim] sample:		932.4 time, 980.2 real, 342.8 MB
[runlim] sample:		942.4 time, 990.2 real, 343.6 MB
[runlim] sample:		952.4 time, 1000.2 real, 346.2 MB
[runlim] sample:		962.4 time, 1010.2 real, 346.7 MB
[runlim] sample:		972.4 time, 1020.2 real, 347.2 MB
[runlim] sample:		982.4 time, 1030.2 real, 348.0 MB
[runlim] sample:		992.4 time, 1040.2 real, 348.5 MB
[runlim] sample:		1002.4 time, 1050.2 real, 349.2 MB
[runlim] sample:		1012.4 time, 1060.2 real, 350.5 MB
[runlim] sample:		1022.4 time, 1070.2 real, 350.8 MB
[runlim] sample:		1032.4 time, 1080.2 real, 351.3 MB
[runlim] sample:		1042.4 time, 1090.2 real, 351.8 MB
[runlim] sample:		1052.4 time, 1100.2 real, 352.1 MB
[runlim] sample:		1062.4 time, 1110.2 real, 352.1 MB
[runlim] sample:		1072.4 time, 1120.2 real, 352.8 MB
[runlim] sample:		1082.3 time, 1130.2 real, 355.7 MB
[runlim] sample:		1092.3 time, 1140.2 real, 356.5 MB
[runlim] sample:		1102.3 time, 1150.2 real, 359.0 MB
[runlim] sample:		1112.3 time, 1160.2 real, 360.3 MB
[runlim] sample:		1122.3 time, 1170.2 real, 361.1 MB
[runlim] sample:		1132.3 time, 1180.2 real, 362.1 MB
[runlim] sample:		1142.3 time, 1190.2 real, 362.9 MB
[runlim] sample:		1152.3 time, 1200.2 real, 364.4 MB
[runlim] sample:		1162.3 time, 1210.2 real, 369.1 MB
[runlim] sample:		1172.3 time, 1220.2 real, 373.5 MB
[runlim] sample:		1182.3 time, 1230.2 real, 374.8 MB
[runlim] sample:		1192.3 time, 1240.2 real, 376.3 MB
[runlim] sample:		1202.3 time, 1250.2 real, 377.6 MB
[runlim] sample:		1212.3 time, 1260.2 real, 379.4 MB
[runlim] sample:		1222.3 time, 1270.2 real, 380.9 MB
[runlim] sample:		1232.3 time, 1280.2 real, 382.5 MB
[runlim] sample:		1242.3 time, 1290.2 real, 383.5 MB
[runlim] sample:		1252.2 time, 1300.2 real, 385.1 MB
[runlim] sample:		1262.2 time, 1310.2 real, 385.3 MB
[runlim] sample:		1272.2 time, 1320.2 real, 386.1 MB
[runlim] sample:		1282.2 time, 1330.2 real, 389.3 MB
[runlim] sample:		1292.2 time, 1340.2 real, 390.1 MB
[runlim] sample:		1302.2 time, 1350.2 real, 391.9 MB
[runlim] sample:		1312.2 time, 1360.2 real, 392.6 MB
[runlim] sample:		1322.2 time, 1370.2 real, 394.7 MB
[runlim] sample:		1332.2 time, 1380.2 real, 397.5 MB
[runlim] sample:		1342.2 time, 1390.2 real, 399.3 MB
[runlim] sample:		1352.2 time, 1400.2 real, 400.6 MB
[runlim] sample:		1362.2 time, 1410.2 real, 401.9 MB
[runlim] sample:		1372.2 time, 1420.2 real, 403.2 MB
[runlim] sample:		1382.2 time, 1430.2 real, 405.3 MB
[runlim] sample:		1392.2 time, 1440.2 real, 407.1 MB
[runlim] sample:		1402.2 time, 1450.2 real, 409.1 MB
[runlim] sample:		1412.2 time, 1460.2 real, 410.1 MB
[runlim] sample:		1422.1 time, 1470.2 real, 411.9 MB
[runlim] sample:		1432.1 time, 1480.2 real, 412.2 MB
[runlim] sample:		1442.1 time, 1490.2 real, 412.2 MB
[runlim] sample:		1452.1 time, 1500.2 real, 412.2 MB
[runlim] sample:		1462.1 time, 1510.2 real, 413.5 MB
[runlim] sample:		1472.1 time, 1520.2 real, 415.8 MB
[runlim] sample:		1482.1 time, 1530.2 real, 418.4 MB
[runlim] sample:		1492.1 time, 1540.2 real, 419.7 MB
[runlim] sample:		1502.1 time, 1550.2 real, 420.2 MB
[runlim] sample:		1512.1 time, 1560.2 real, 420.7 MB
[runlim] sample:		1522.1 time, 1570.2 real, 422.0 MB
[runlim] sample:		1532.1 time, 1580.2 real, 423.3 MB
[runlim] sample:		1542.1 time, 1590.2 real, 423.3 MB
[runlim] sample:		1552.1 time, 1600.2 real, 424.3 MB
[runlim] sample:		1562.0 time, 1610.2 real, 425.1 MB
[runlim] sample:		1572.0 time, 1620.2 real, 425.9 MB
[runlim] sample:		1582.0 time, 1630.2 real, 427.2 MB
[runlim] sample:		1592.0 time, 1640.2 real, 428.2 MB
[runlim] sample:		1602.0 time, 1650.2 real, 429.0 MB
[runlim] sample:		1612.0 time, 1660.2 real, 430.0 MB
[runlim] sample:		1622.0 time, 1670.2 real, 432.1 MB
[runlim] sample:		1632.0 time, 1680.2 real, 433.3 MB
[runlim] sample:		1642.0 time, 1690.2 real, 433.9 MB
[runlim] sample:		1652.0 time, 1700.2 real, 437.3 MB
[runlim] sample:		1662.0 time, 1710.2 real, 438.6 MB
[runlim] sample:		1672.0 time, 1720.2 real, 439.5 MB
[runlim] sample:		1682.0 time, 1730.2 real, 440.3 MB
[runlim] sample:		1692.0 time, 1740.2 real, 440.8 MB
[runlim] sample:		1701.9 time, 1750.2 real, 441.0 MB
[runlim] sample:		1711.9 time, 1760.2 real, 441.3 MB
[runlim] sample:		1721.9 time, 1770.2 real, 443.6 MB
[runlim] sample:		1731.9 time, 1780.2 real, 447.7 MB
[runlim] sample:		1741.9 time, 1790.2 real, 450.8 MB
[runlim] sample:		1751.9 time, 1800.2 real, 454.2 MB
[runlim] sample:		1761.9 time, 1810.2 real, 454.4 MB
[runlim] sample:		1771.9 time, 1820.2 real, 457.3 MB
[runlim] sample:		1781.9 time, 1830.2 real, 458.3 MB
[runlim] sample:		1791.9 time, 1840.2 real, 468.6 MB
[runlim] end:			Sat Feb  9 00:33:26 2019
[runlim] status:		out of time
[runlim] result:		2
[runlim] children:		0
[runlim] real:			1848.45 seconds
[runlim] time:			1800.09 seconds
[runlim] space:			470.9 MB
[runlim] samples:		18482
