[runlim] version:		1.10fixed
[runlim] time limit:		300 seconds
[runlim] real time limit:	311040000 seconds
[runlim] space limit:		4000 MB
[runlim] argv[0]:		./z3
[runlim] argv[1]:		/tmp/8k9gEzIB.smt2
[runlim] start:			Mon Jan 28 18:39:05 2019
[runlim] main pid:		14737
[runlim] sample:		8.7 time, 10.8 real, 26.9 MB
[runlim] sample:		18.1 time, 20.8 real, 34.3 MB
[runlim] sample:		26.6 time, 30.8 real, 37.6 MB
[runlim] sample:		35.2 time, 40.8 real, 42.7 MB
[runlim] sample:		43.9 time, 50.8 real, 51.9 MB
[runlim] sample:		52.5 time, 60.8 real, 63.6 MB
[runlim] sample:		61.3 time, 70.8 real, 87.0 MB
[runlim] sample:		70.6 time, 80.8 real, 110.1 MB
[runlim] sample:		80.3 time, 90.8 real, 138.5 MB
[runlim] sample:		89.9 time, 100.8 real, 160.3 MB
[runlim] sample:		99.6 time, 110.8 real, 169.5 MB
[runlim] sample:		109.3 time, 120.8 real, 169.5 MB
[runlim] sample:		118.5 time, 130.8 real, 169.5 MB
[runlim] sample:		128.3 time, 140.8 real, 169.5 MB
[runlim] sample:		138.3 time, 150.8 real, 169.5 MB
[runlim] sample:		148.3 time, 160.8 real, 180.0 MB
[runlim] sample:		156.3 time, 170.8 real, 180.0 MB
[runlim] sample:		164.1 time, 180.8 real, 180.0 MB
[runlim] sample:		173.7 time, 190.8 real, 180.0 MB
[runlim] sample:		183.5 time, 200.8 real, 180.0 MB
[runlim] sample:		193.5 time, 210.8 real, 180.0 MB
[runlim] sample:		203.5 time, 220.8 real, 183.6 MB
[runlim] sample:		213.5 time, 230.8 real, 193.3 MB
[runlim] sample:		223.5 time, 240.8 real, 198.4 MB
[runlim] sample:		233.5 time, 250.8 real, 204.9 MB
[runlim] sample:		243.5 time, 260.8 real, 211.8 MB
[runlim] sample:		253.5 time, 270.8 real, 217.5 MB
[runlim] sample:		263.5 time, 280.8 real, 220.6 MB
[runlim] sample:		273.5 time, 290.8 real, 226.2 MB
[runlim] sample:		283.5 time, 300.8 real, 230.8 MB
[runlim] sample:		293.5 time, 310.8 real, 242.0 MB
[runlim] end:			Mon Jan 28 18:44:22 2019
[runlim] status:		out of time
[runlim] result:		2
[runlim] children:		0
[runlim] real:			317.40 seconds
[runlim] time:			300.09 seconds
[runlim] space:			246.2 MB
[runlim] samples:		3166
