[runlim] version:		1.10fixed
[runlim] time limit:		300 seconds
[runlim] real time limit:	311040000 seconds
[runlim] space limit:		4000 MB
[runlim] argv[0]:		./z3
[runlim] argv[1]:		/tmp/MsN8J8uv.smt2
[runlim] start:			Thu Feb 14 00:11:42 2019
[runlim] main pid:		26358
[runlim] sample:		8.7 time, 10.0 real, 22.0 MB
[runlim] sample:		17.2 time, 20.0 real, 25.2 MB
[runlim] sample:		26.5 time, 30.0 real, 25.7 MB
[runlim] sample:		36.0 time, 40.0 real, 27.2 MB
[runlim] sample:		45.3 time, 50.0 real, 28.2 MB
[runlim] sample:		55.3 time, 60.0 real, 28.9 MB
[runlim] sample:		65.3 time, 70.0 real, 28.9 MB
[runlim] sample:		75.3 time, 80.0 real, 29.4 MB
[runlim] sample:		84.9 time, 90.0 real, 30.0 MB
[runlim] sample:		94.9 time, 100.0 real, 31.2 MB
[runlim] sample:		104.8 time, 110.0 real, 31.4 MB
[runlim] sample:		113.7 time, 120.0 real, 31.9 MB
[runlim] sample:		122.8 time, 130.0 real, 32.2 MB
[runlim] sample:		132.8 time, 140.0 real, 34.7 MB
[runlim] sample:		142.8 time, 150.0 real, 33.8 MB
[runlim] sample:		152.8 time, 160.0 real, 34.5 MB
[runlim] sample:		162.3 time, 170.0 real, 35.0 MB
[runlim] sample:		172.4 time, 180.0 real, 34.5 MB
[runlim] sample:		182.3 time, 190.0 real, 34.5 MB
[runlim] sample:		191.8 time, 200.0 real, 34.5 MB
[runlim] sample:		200.5 time, 210.0 real, 34.5 MB
[runlim] sample:		209.1 time, 220.0 real, 36.1 MB
[runlim] sample:		217.8 time, 230.0 real, 36.1 MB
[runlim] sample:		226.4 time, 240.0 real, 36.1 MB
[runlim] sample:		235.1 time, 250.0 real, 36.1 MB
[runlim] sample:		243.8 time, 260.0 real, 36.1 MB
[runlim] sample:		252.5 time, 270.0 real, 36.1 MB
[runlim] sample:		262.1 time, 280.0 real, 36.9 MB
[runlim] sample:		271.8 time, 290.0 real, 36.1 MB
[runlim] sample:		281.3 time, 300.0 real, 36.1 MB
[runlim] sample:		291.3 time, 310.0 real, 36.1 MB
[runlim] end:			Thu Feb 14 00:17:00 2019
[runlim] status:		out of time
[runlim] result:		2
[runlim] children:		0
[runlim] real:			318.75 seconds
[runlim] time:			300.04 seconds
[runlim] space:			39.2 MB
[runlim] samples:		3187
