[runlim] version:		1.10fixed
[runlim] time limit:		1800 seconds
[runlim] real time limit:	311040000 seconds
[runlim] space limit:		4000 MB
[runlim] argv[0]:		./z3
[runlim] argv[1]:		/tmp/CXlxsDsy.smt2
[runlim] start:			Fri Feb 15 04:49:14 2019
[runlim] main pid:		2872
[runlim] sample:		7.5 time, 10.3 real, 28.7 MB
[runlim] sample:		17.0 time, 20.3 real, 28.8 MB
[runlim] sample:		25.7 time, 30.3 real, 28.8 MB
[runlim] sample:		34.4 time, 40.3 real, 28.8 MB
[runlim] sample:		43.5 time, 50.3 real, 29.4 MB
[runlim] sample:		52.9 time, 60.3 real, 30.2 MB
[runlim] sample:		62.4 time, 70.3 real, 29.7 MB
[runlim] sample:		69.1 time, 80.3 real, 29.6 MB
[runlim] sample:		77.5 time, 90.3 real, 30.7 MB
[runlim] sample:		86.8 time, 100.3 real, 31.3 MB
[runlim] sample:		96.2 time, 110.3 real, 31.8 MB
[runlim] sample:		104.4 time, 120.3 real, 31.9 MB
[runlim] sample:		112.1 time, 130.3 real, 32.5 MB
[runlim] sample:		120.8 time, 140.3 real, 33.8 MB
[runlim] sample:		129.4 time, 150.3 real, 33.8 MB
[runlim] sample:		137.8 time, 160.3 real, 33.8 MB
[runlim] sample:		146.2 time, 170.3 real, 33.9 MB
[runlim] sample:		155.1 time, 180.3 real, 34.3 MB
[runlim] sample:		164.1 time, 190.3 real, 34.3 MB
[runlim] sample:		173.6 time, 200.3 real, 34.3 MB
[runlim] sample:		183.3 time, 210.3 real, 34.3 MB
[runlim] sample:		192.6 time, 220.3 real, 34.3 MB
[runlim] end:			Fri Feb 15 04:53:00 2019
[runlim] status:		ok
[runlim] result:		0
[runlim] children:		0
[runlim] real:			226.70 seconds
[runlim] time:			198.46 seconds
[runlim] space:			35.1 MB
[runlim] samples:		2263
