[runlim] version:		1.10fixed
[runlim] time limit:		1800 seconds
[runlim] real time limit:	311040000 seconds
[runlim] space limit:		4000 MB
[runlim] argv[0]:		./z3
[runlim] argv[1]:		/tmp/adOozpPt.smt2
[runlim] start:			Sat Feb  9 22:25:03 2019
[runlim] main pid:		11768
[runlim] sample:		8.3 time, 10.6 real, 22.2 MB
[runlim] sample:		16.7 time, 20.6 real, 30.5 MB
[runlim] sample:		25.0 time, 30.6 real, 30.7 MB
[runlim] sample:		33.4 time, 40.6 real, 30.7 MB
[runlim] sample:		41.7 time, 50.6 real, 30.7 MB
[runlim] sample:		50.8 time, 60.6 real, 31.3 MB
[runlim] sample:		60.8 time, 70.6 real, 31.3 MB
[runlim] sample:		70.8 time, 80.6 real, 38.1 MB
[runlim] sample:		80.8 time, 90.6 real, 38.8 MB
[runlim] sample:		90.8 time, 100.6 real, 38.8 MB
[runlim] sample:		100.8 time, 110.6 real, 39.3 MB
[runlim] sample:		110.8 time, 120.6 real, 39.3 MB
[runlim] sample:		120.8 time, 130.6 real, 39.3 MB
[runlim] sample:		130.8 time, 140.6 real, 39.3 MB
[runlim] sample:		140.8 time, 150.6 real, 39.3 MB
[runlim] sample:		150.8 time, 160.6 real, 39.3 MB
[runlim] sample:		160.6 time, 170.6 real, 39.3 MB
[runlim] sample:		170.0 time, 180.6 real, 39.3 MB
[runlim] sample:		179.8 time, 190.6 real, 39.3 MB
[runlim] sample:		189.3 time, 200.6 real, 39.3 MB
[runlim] sample:		198.8 time, 210.6 real, 39.3 MB
[runlim] sample:		207.8 time, 220.6 real, 39.3 MB
[runlim] sample:		216.8 time, 230.6 real, 39.3 MB
[runlim] sample:		226.5 time, 240.6 real, 39.3 MB
[runlim] sample:		236.1 time, 250.6 real, 39.3 MB
[runlim] sample:		244.4 time, 260.6 real, 39.3 MB
[runlim] sample:		253.4 time, 270.6 real, 39.3 MB
[runlim] sample:		263.4 time, 280.6 real, 39.3 MB
[runlim] sample:		273.4 time, 290.6 real, 39.3 MB
[runlim] sample:		282.9 time, 300.6 real, 39.3 MB
[runlim] sample:		291.8 time, 310.6 real, 39.3 MB
[runlim] sample:		301.6 time, 320.6 real, 39.5 MB
[runlim] sample:		311.2 time, 330.6 real, 39.5 MB
[runlim] sample:		321.2 time, 340.6 real, 39.5 MB
[runlim] sample:		330.0 time, 350.6 real, 39.5 MB
[runlim] sample:		338.4 time, 360.6 real, 39.8 MB
[runlim] sample:		348.4 time, 370.6 real, 39.8 MB
[runlim] sample:		358.4 time, 380.6 real, 39.8 MB
[runlim] sample:		368.4 time, 390.6 real, 39.8 MB
[runlim] sample:		378.2 time, 400.6 real, 40.0 MB
[runlim] sample:		387.5 time, 410.6 real, 40.0 MB
[runlim] sample:		396.8 time, 420.6 real, 40.0 MB
[runlim] sample:		406.1 time, 430.6 real, 40.0 MB
[runlim] sample:		415.8 time, 440.6 real, 40.3 MB
[runlim] sample:		425.8 time, 450.6 real, 40.3 MB
[runlim] sample:		435.8 time, 460.6 real, 40.3 MB
[runlim] sample:		445.8 time, 470.6 real, 40.3 MB
[runlim] sample:		455.8 time, 480.6 real, 40.6 MB
[runlim] sample:		465.8 time, 490.6 real, 40.6 MB
[runlim] sample:		475.8 time, 500.6 real, 40.6 MB
[runlim] sample:		485.8 time, 510.6 real, 40.6 MB
[runlim] sample:		495.7 time, 520.6 real, 45.3 MB
[runlim] sample:		505.7 time, 530.6 real, 46.6 MB
[runlim] end:			Sat Feb  9 22:33:53 2019
[runlim] status:		ok
[runlim] result:		0
[runlim] children:		0
[runlim] real:			530.74 seconds
[runlim] time:			505.84 seconds
[runlim] space:			46.9 MB
[runlim] samples:		5301
