[runlim] version:		1.10fixed
[runlim] time limit:		1800 seconds
[runlim] real time limit:	311040000 seconds
[runlim] space limit:		4000 MB
[runlim] argv[0]:		./z3
[runlim] argv[1]:		/tmp/XIxQwThm.smt2
[runlim] start:			Fri Feb  8 23:45:57 2019
[runlim] main pid:		30277
[runlim] sample:		8.4 time, 10.9 real, 27.0 MB
[runlim] sample:		16.8 time, 20.9 real, 27.2 MB
[runlim] sample:		26.0 time, 30.9 real, 27.4 MB
[runlim] sample:		36.0 time, 40.9 real, 33.1 MB
[runlim] end:			Fri Feb  8 23:46:46 2019
[runlim] status:		ok
[runlim] result:		0
[runlim] children:		0
[runlim] real:			49.07 seconds
[runlim] time:			43.80 seconds
[runlim] space:			64.8 MB
[runlim] samples:		481
