[runlim] version:		1.10fixed
[runlim] time limit:		300 seconds
[runlim] real time limit:	311040000 seconds
[runlim] space limit:		4000 MB
[runlim] argv[0]:		./z3
[runlim] argv[1]:		/tmp/56INe77v.smt2
[runlim] start:			Tue Jan 29 16:11:22 2019
[runlim] main pid:		3999
[runlim] sample:		8.7 time, 10.1 real, 29.6 MB
[runlim] sample:		18.7 time, 20.1 real, 30.3 MB
[runlim] sample:		26.8 time, 30.1 real, 34.0 MB
[runlim] sample:		35.4 time, 40.1 real, 34.0 MB
[runlim] sample:		45.4 time, 50.1 real, 34.0 MB
[runlim] sample:		55.2 time, 60.1 real, 34.0 MB
[runlim] sample:		64.4 time, 70.1 real, 34.0 MB
[runlim] sample:		73.6 time, 80.1 real, 34.3 MB
[runlim] sample:		82.5 time, 90.1 real, 35.0 MB
[runlim] sample:		91.7 time, 100.1 real, 36.9 MB
[runlim] sample:		101.3 time, 110.1 real, 49.0 MB
[runlim] sample:		111.0 time, 120.1 real, 84.0 MB
[runlim] sample:		121.0 time, 130.1 real, 89.2 MB
[runlim] sample:		130.8 time, 140.1 real, 130.1 MB
[runlim] sample:		140.6 time, 150.1 real, 134.1 MB
[runlim] sample:		150.6 time, 160.1 real, 141.0 MB
[runlim] sample:		160.6 time, 170.1 real, 141.7 MB
[runlim] sample:		170.6 time, 180.1 real, 143.3 MB
[runlim] sample:		180.6 time, 190.1 real, 225.9 MB
[runlim] sample:		190.6 time, 200.1 real, 231.2 MB
[runlim] sample:		200.0 time, 210.1 real, 232.1 MB
[runlim] sample:		209.8 time, 220.1 real, 232.1 MB
[runlim] sample:		219.8 time, 230.1 real, 232.1 MB
[runlim] sample:		229.8 time, 240.1 real, 232.1 MB
[runlim] sample:		239.8 time, 250.1 real, 232.1 MB
[runlim] sample:		249.8 time, 260.1 real, 247.5 MB
[runlim] sample:		259.8 time, 270.1 real, 248.8 MB
[runlim] sample:		269.8 time, 280.1 real, 248.8 MB
[runlim] sample:		279.8 time, 290.1 real, 248.8 MB
[runlim] sample:		289.8 time, 300.1 real, 249.9 MB
[runlim] sample:		299.5 time, 310.1 real, 250.7 MB
[runlim] end:			Tue Jan 29 16:16:32 2019
[runlim] status:		out of time
[runlim] result:		2
[runlim] children:		0
[runlim] real:			310.75 seconds
[runlim] time:			300.05 seconds
[runlim] space:			250.7 MB
[runlim] samples:		3106
