[runlim] version:		1.10fixed
[runlim] time limit:		1800 seconds
[runlim] real time limit:	311040000 seconds
[runlim] space limit:		4000 MB
[runlim] argv[0]:		./z3
[runlim] argv[1]:		/tmp/nZHNXH1V.smt2
[runlim] start:			Fri Feb 15 04:54:27 2019
[runlim] main pid:		28649
[runlim] sample:		7.8 time, 10.2 real, 26.5 MB
[runlim] sample:		17.8 time, 20.2 real, 26.4 MB
[runlim] sample:		27.8 time, 30.2 real, 27.1 MB
[runlim] sample:		37.8 time, 40.2 real, 27.4 MB
[runlim] sample:		47.6 time, 50.2 real, 28.1 MB
[runlim] sample:		57.5 time, 60.2 real, 28.6 MB
[runlim] sample:		67.5 time, 70.2 real, 28.6 MB
[runlim] sample:		77.5 time, 80.2 real, 28.6 MB
[runlim] sample:		87.5 time, 90.2 real, 28.6 MB
[runlim] sample:		97.5 time, 100.2 real, 28.6 MB
[runlim] sample:		107.5 time, 110.2 real, 28.6 MB
[runlim] sample:		117.5 time, 120.2 real, 29.2 MB
[runlim] sample:		127.5 time, 130.2 real, 29.3 MB
[runlim] sample:		137.5 time, 140.2 real, 29.3 MB
[runlim] sample:		147.5 time, 150.2 real, 29.3 MB
[runlim] sample:		157.5 time, 160.2 real, 30.3 MB
[runlim] sample:		167.5 time, 170.2 real, 30.4 MB
[runlim] sample:		177.5 time, 180.2 real, 30.4 MB
[runlim] sample:		187.5 time, 190.2 real, 32.8 MB
[runlim] sample:		197.5 time, 200.2 real, 34.1 MB
[runlim] sample:		207.5 time, 210.2 real, 34.9 MB
[runlim] sample:		217.5 time, 220.2 real, 35.3 MB
[runlim] sample:		227.5 time, 230.2 real, 35.5 MB
[runlim] sample:		237.5 time, 240.2 real, 39.3 MB
[runlim] sample:		247.5 time, 250.2 real, 40.6 MB
[runlim] sample:		257.5 time, 260.2 real, 41.2 MB
[runlim] sample:		267.5 time, 270.2 real, 41.3 MB
[runlim] sample:		277.5 time, 280.2 real, 42.6 MB
[runlim] sample:		287.5 time, 290.2 real, 43.2 MB
[runlim] sample:		297.5 time, 300.2 real, 44.5 MB
[runlim] sample:		307.5 time, 310.2 real, 45.1 MB
[runlim] sample:		317.5 time, 320.2 real, 45.6 MB
[runlim] sample:		327.5 time, 330.2 real, 46.1 MB
[runlim] sample:		337.5 time, 340.2 real, 46.1 MB
[runlim] sample:		347.5 time, 350.2 real, 46.6 MB
[runlim] sample:		357.5 time, 360.2 real, 46.6 MB
[runlim] sample:		367.5 time, 370.2 real, 46.9 MB
[runlim] sample:		377.5 time, 380.2 real, 46.9 MB
[runlim] sample:		387.5 time, 390.2 real, 48.4 MB
[runlim] sample:		397.5 time, 400.2 real, 51.0 MB
[runlim] sample:		407.5 time, 410.2 real, 57.2 MB
[runlim] sample:		417.5 time, 420.2 real, 57.7 MB
[runlim] sample:		427.5 time, 430.2 real, 58.0 MB
[runlim] sample:		437.5 time, 440.2 real, 58.5 MB
[runlim] sample:		447.5 time, 450.2 real, 69.8 MB
[runlim] sample:		457.5 time, 460.2 real, 70.4 MB
[runlim] sample:		467.5 time, 470.2 real, 70.4 MB
[runlim] sample:		477.5 time, 480.2 real, 70.4 MB
[runlim] sample:		487.5 time, 490.2 real, 70.6 MB
[runlim] sample:		497.5 time, 500.2 real, 71.1 MB
[runlim] sample:		507.5 time, 510.2 real, 71.7 MB
[runlim] sample:		517.5 time, 520.2 real, 93.3 MB
[runlim] sample:		527.5 time, 530.2 real, 94.3 MB
[runlim] sample:		537.5 time, 540.2 real, 94.9 MB
[runlim] sample:		547.5 time, 550.2 real, 95.1 MB
[runlim] sample:		557.5 time, 560.2 real, 95.1 MB
[runlim] sample:		567.5 time, 570.2 real, 95.4 MB
[runlim] sample:		577.5 time, 580.2 real, 95.4 MB
[runlim] sample:		587.5 time, 590.2 real, 95.6 MB
[runlim] sample:		597.5 time, 600.2 real, 95.6 MB
[runlim] sample:		607.5 time, 610.2 real, 95.6 MB
[runlim] sample:		617.5 time, 620.2 real, 95.9 MB
[runlim] sample:		627.5 time, 630.2 real, 97.7 MB
[runlim] sample:		637.5 time, 640.2 real, 97.9 MB
[runlim] sample:		647.5 time, 650.2 real, 140.1 MB
[runlim] sample:		657.5 time, 660.2 real, 140.8 MB
[runlim] sample:		667.5 time, 670.2 real, 142.4 MB
[runlim] sample:		677.4 time, 680.2 real, 142.6 MB
[runlim] sample:		687.4 time, 690.2 real, 143.4 MB
[runlim] sample:		697.4 time, 700.2 real, 143.7 MB
[runlim] sample:		707.4 time, 710.2 real, 143.7 MB
[runlim] sample:		717.4 time, 720.2 real, 143.7 MB
[runlim] sample:		727.4 time, 730.2 real, 143.7 MB
[runlim] sample:		737.4 time, 740.2 real, 143.9 MB
[runlim] sample:		747.4 time, 750.2 real, 143.9 MB
[runlim] sample:		757.4 time, 760.2 real, 144.2 MB
[runlim] sample:		767.4 time, 770.2 real, 144.2 MB
[runlim] sample:		777.4 time, 780.2 real, 144.2 MB
[runlim] sample:		787.4 time, 790.2 real, 144.2 MB
[runlim] sample:		797.4 time, 800.2 real, 144.4 MB
[runlim] sample:		807.4 time, 810.2 real, 144.7 MB
[runlim] sample:		817.4 time, 820.2 real, 145.0 MB
[runlim] sample:		827.4 time, 830.2 real, 145.0 MB
[runlim] sample:		837.4 time, 840.2 real, 145.2 MB
[runlim] sample:		847.4 time, 850.2 real, 145.2 MB
[runlim] sample:		857.4 time, 860.2 real, 145.5 MB
[runlim] sample:		867.4 time, 870.2 real, 147.8 MB
[runlim] sample:		877.4 time, 880.2 real, 148.0 MB
[runlim] sample:		887.4 time, 890.2 real, 148.4 MB
[runlim] sample:		897.4 time, 900.2 real, 148.4 MB
[runlim] sample:		907.4 time, 910.2 real, 148.5 MB
[runlim] sample:		917.4 time, 920.2 real, 225.5 MB
[runlim] sample:		927.4 time, 930.2 real, 236.1 MB
[runlim] sample:		937.4 time, 940.2 real, 236.1 MB
[runlim] sample:		947.4 time, 950.2 real, 238.2 MB
[runlim] sample:		957.4 time, 960.2 real, 240.5 MB
[runlim] sample:		967.4 time, 970.2 real, 240.8 MB
[runlim] sample:		977.4 time, 980.2 real, 240.8 MB
[runlim] sample:		987.4 time, 990.2 real, 241.6 MB
[runlim] sample:		997.4 time, 1000.2 real, 241.9 MB
[runlim] sample:		1007.4 time, 1010.2 real, 243.1 MB
[runlim] sample:		1017.4 time, 1020.2 real, 243.1 MB
[runlim] sample:		1027.4 time, 1030.2 real, 243.1 MB
[runlim] sample:		1037.4 time, 1040.2 real, 243.1 MB
[runlim] sample:		1047.4 time, 1050.2 real, 243.1 MB
[runlim] sample:		1057.4 time, 1060.2 real, 243.6 MB
[runlim] sample:		1067.4 time, 1070.2 real, 243.6 MB
[runlim] sample:		1077.4 time, 1080.2 real, 243.6 MB
[runlim] sample:		1087.4 time, 1090.2 real, 243.6 MB
[runlim] sample:		1097.4 time, 1100.2 real, 243.6 MB
[runlim] sample:		1107.4 time, 1110.2 real, 243.6 MB
[runlim] sample:		1117.4 time, 1120.2 real, 243.8 MB
[runlim] sample:		1127.4 time, 1130.2 real, 243.8 MB
[runlim] sample:		1137.4 time, 1140.2 real, 244.1 MB
[runlim] sample:		1147.4 time, 1150.2 real, 244.3 MB
[runlim] sample:		1157.4 time, 1160.2 real, 244.3 MB
[runlim] sample:		1167.4 time, 1170.2 real, 244.3 MB
[runlim] sample:		1177.4 time, 1180.2 real, 244.3 MB
[runlim] sample:		1187.4 time, 1190.2 real, 244.3 MB
[runlim] sample:		1197.4 time, 1200.2 real, 244.3 MB
[runlim] sample:		1207.4 time, 1210.2 real, 244.3 MB
[runlim] sample:		1217.4 time, 1220.2 real, 244.9 MB
[runlim] sample:		1227.3 time, 1230.2 real, 244.9 MB
[runlim] sample:		1237.4 time, 1240.2 real, 245.0 MB
[runlim] sample:		1247.3 time, 1250.2 real, 245.5 MB
[runlim] sample:		1257.3 time, 1260.2 real, 245.5 MB
[runlim] sample:		1267.3 time, 1270.2 real, 245.5 MB
[runlim] sample:		1277.3 time, 1280.2 real, 245.5 MB
[runlim] sample:		1287.4 time, 1290.2 real, 245.7 MB
[runlim] sample:		1297.4 time, 1300.2 real, 245.7 MB
[runlim] sample:		1307.3 time, 1310.2 real, 245.7 MB
[runlim] sample:		1317.3 time, 1320.2 real, 246.0 MB
[runlim] sample:		1327.3 time, 1330.2 real, 245.9 MB
[runlim] sample:		1337.3 time, 1340.2 real, 245.9 MB
[runlim] sample:		1347.3 time, 1350.2 real, 246.1 MB
[runlim] sample:		1357.3 time, 1360.2 real, 246.2 MB
[runlim] sample:		1367.3 time, 1370.2 real, 246.2 MB
[runlim] sample:		1377.3 time, 1380.2 real, 246.2 MB
[runlim] sample:		1387.3 time, 1390.2 real, 246.2 MB
[runlim] sample:		1397.3 time, 1400.2 real, 255.6 MB
[runlim] sample:		1407.3 time, 1410.2 real, 255.6 MB
[runlim] sample:		1417.3 time, 1420.2 real, 255.6 MB
[runlim] sample:		1427.3 time, 1430.2 real, 255.7 MB
[runlim] sample:		1436.6 time, 1440.2 real, 255.9 MB
[runlim] sample:		1445.9 time, 1450.2 real, 256.1 MB
[runlim] sample:		1454.4 time, 1460.2 real, 255.8 MB
[runlim] sample:		1463.3 time, 1470.2 real, 255.9 MB
[runlim] sample:		1471.7 time, 1480.2 real, 256.4 MB
[runlim] sample:		1480.2 time, 1490.2 real, 256.6 MB
[runlim] sample:		1488.8 time, 1500.2 real, 259.9 MB
[runlim] sample:		1497.4 time, 1510.2 real, 394.6 MB
[runlim] sample:		1505.8 time, 1520.2 real, 408.0 MB
[runlim] sample:		1515.2 time, 1530.2 real, 427.9 MB
[runlim] sample:		1524.0 time, 1540.2 real, 428.6 MB
[runlim] sample:		1534.0 time, 1550.2 real, 428.9 MB
[runlim] sample:		1544.0 time, 1560.2 real, 428.9 MB
[runlim] sample:		1552.4 time, 1570.2 real, 430.9 MB
[runlim] sample:		1561.2 time, 1580.2 real, 432.5 MB
[runlim] sample:		1570.5 time, 1590.2 real, 432.5 MB
[runlim] sample:		1580.1 time, 1600.2 real, 437.4 MB
[runlim] sample:		1589.8 time, 1610.2 real, 437.4 MB
[runlim] sample:		1599.4 time, 1620.2 real, 437.4 MB
[runlim] sample:		1608.8 time, 1630.2 real, 437.4 MB
[runlim] sample:		1617.7 time, 1640.2 real, 437.4 MB
[runlim] sample:		1626.7 time, 1650.2 real, 437.9 MB
[runlim] sample:		1635.3 time, 1660.2 real, 440.8 MB
[runlim] sample:		1644.5 time, 1670.2 real, 440.0 MB
[runlim] sample:		1653.2 time, 1680.2 real, 440.7 MB
[runlim] sample:		1662.3 time, 1690.2 real, 441.1 MB
[runlim] sample:		1672.0 time, 1700.2 real, 441.1 MB
[runlim] sample:		1682.0 time, 1710.2 real, 441.1 MB
[runlim] sample:		1692.0 time, 1720.2 real, 441.8 MB
[runlim] sample:		1701.8 time, 1730.2 real, 442.1 MB
[runlim] sample:		1711.4 time, 1740.2 real, 441.6 MB
[runlim] sample:		1720.9 time, 1750.2 real, 442.6 MB
[runlim] sample:		1730.4 time, 1760.2 real, 442.6 MB
[runlim] sample:		1740.4 time, 1770.2 real, 442.9 MB
[runlim] sample:		1749.6 time, 1780.2 real, 443.4 MB
[runlim] sample:		1759.0 time, 1790.2 real, 443.4 MB
[runlim] sample:		1769.0 time, 1800.2 real, 443.4 MB
[runlim] sample:		1778.9 time, 1810.2 real, 443.4 MB
[runlim] sample:		1788.9 time, 1820.2 real, 443.4 MB
[runlim] sample:		1798.6 time, 1830.2 real, 443.4 MB
[runlim] end:			Fri Feb 15 05:24:58 2019
[runlim] status:		out of time
[runlim] result:		2
[runlim] children:		0
[runlim] real:			1831.70 seconds
[runlim] time:			1800.06 seconds
[runlim] space:			443.4 MB
[runlim] samples:		18315
