[runlim] version:		1.10fixed
[runlim] time limit:		1800 seconds
[runlim] real time limit:	311040000 seconds
[runlim] space limit:		4000 MB
[runlim] argv[0]:		./z3
[runlim] argv[1]:		/tmp/niBajGRf.smt2
[runlim] start:			Fri Feb 15 04:43:33 2019
[runlim] main pid:		25422
[runlim] sample:		8.9 time, 10.2 real, 24.3 MB
[runlim] sample:		17.6 time, 20.2 real, 24.4 MB
[runlim] sample:		27.6 time, 30.2 real, 24.6 MB
[runlim] sample:		37.6 time, 40.2 real, 24.6 MB
[runlim] sample:		47.6 time, 50.2 real, 24.6 MB
[runlim] sample:		57.6 time, 60.2 real, 24.6 MB
[runlim] sample:		67.5 time, 70.2 real, 32.2 MB
[runlim] sample:		77.1 time, 80.2 real, 36.4 MB
[runlim] sample:		86.8 time, 90.2 real, 36.3 MB
[runlim] sample:		96.5 time, 100.2 real, 36.6 MB
[runlim] sample:		105.6 time, 110.2 real, 36.6 MB
[runlim] sample:		114.0 time, 120.2 real, 36.6 MB
[runlim] sample:		122.8 time, 130.2 real, 36.6 MB
[runlim] sample:		132.8 time, 140.2 real, 36.1 MB
[runlim] sample:		142.8 time, 150.2 real, 36.3 MB
[runlim] sample:		152.8 time, 160.2 real, 36.1 MB
[runlim] sample:		162.8 time, 170.2 real, 36.5 MB
[runlim] sample:		172.8 time, 180.2 real, 36.4 MB
[runlim] sample:		182.8 time, 190.2 real, 36.1 MB
[runlim] sample:		192.8 time, 200.2 real, 36.4 MB
[runlim] sample:		202.8 time, 210.2 real, 36.4 MB
[runlim] sample:		212.8 time, 220.2 real, 36.4 MB
[runlim] sample:		222.7 time, 230.2 real, 36.1 MB
[runlim] sample:		232.7 time, 240.2 real, 36.1 MB
[runlim] sample:		242.7 time, 250.2 real, 36.1 MB
[runlim] sample:		252.7 time, 260.2 real, 36.2 MB
[runlim] sample:		262.7 time, 270.2 real, 36.4 MB
[runlim] sample:		272.7 time, 280.2 real, 36.5 MB
[runlim] sample:		282.7 time, 290.2 real, 36.8 MB
[runlim] sample:		292.7 time, 300.2 real, 39.9 MB
[runlim] sample:		302.7 time, 310.2 real, 39.9 MB
[runlim] sample:		312.7 time, 320.2 real, 39.9 MB
[runlim] sample:		322.7 time, 330.2 real, 40.1 MB
[runlim] sample:		332.7 time, 340.2 real, 41.2 MB
[runlim] sample:		342.7 time, 350.2 real, 42.5 MB
[runlim] sample:		352.7 time, 360.2 real, 44.0 MB
[runlim] sample:		362.7 time, 370.2 real, 44.5 MB
[runlim] sample:		372.7 time, 380.2 real, 45.6 MB
[runlim] sample:		382.7 time, 390.2 real, 45.6 MB
[runlim] sample:		392.7 time, 400.2 real, 45.8 MB
[runlim] sample:		402.7 time, 410.2 real, 45.8 MB
[runlim] sample:		412.7 time, 420.2 real, 46.6 MB
[runlim] sample:		422.7 time, 430.2 real, 48.5 MB
[runlim] sample:		432.7 time, 440.2 real, 48.7 MB
[runlim] sample:		442.7 time, 450.2 real, 48.6 MB
[runlim] sample:		452.7 time, 460.2 real, 48.6 MB
[runlim] sample:		462.7 time, 470.2 real, 48.6 MB
[runlim] sample:		472.7 time, 480.2 real, 48.6 MB
[runlim] sample:		482.7 time, 490.2 real, 48.6 MB
[runlim] sample:		492.7 time, 500.2 real, 51.5 MB
[runlim] sample:		502.7 time, 510.2 real, 53.0 MB
[runlim] sample:		512.7 time, 520.2 real, 54.3 MB
[runlim] sample:		522.7 time, 530.2 real, 55.6 MB
[runlim] sample:		532.7 time, 540.2 real, 56.4 MB
[runlim] sample:		542.6 time, 550.2 real, 57.4 MB
[runlim] sample:		552.6 time, 560.2 real, 61.3 MB
[runlim] sample:		562.6 time, 570.2 real, 65.4 MB
[runlim] sample:		572.6 time, 580.2 real, 69.3 MB
[runlim] sample:		582.6 time, 590.2 real, 73.4 MB
[runlim] sample:		592.6 time, 600.2 real, 78.1 MB
[runlim] sample:		602.6 time, 610.2 real, 82.5 MB
[runlim] sample:		612.6 time, 620.2 real, 86.9 MB
[runlim] sample:		622.6 time, 630.2 real, 91.3 MB
[runlim] end:			Fri Feb 15 04:54:12 2019
[runlim] status:		ok
[runlim] result:		0
[runlim] children:		0
[runlim] real:			639.01 seconds
[runlim] time:			631.43 seconds
[runlim] space:			95.6 MB
[runlim] samples:		6388
