[runlim] version:		1.10fixed
[runlim] time limit:		300 seconds
[runlim] real time limit:	311040000 seconds
[runlim] space limit:		4000 MB
[runlim] argv[0]:		./z3
[runlim] argv[1]:		/tmp/gCTLu5ta.smt2
[runlim] start:			Mon Jan 28 18:45:02 2019
[runlim] main pid:		31098
[runlim] sample:		9.7 time, 10.2 real, 18.1 MB
[runlim] sample:		19.4 time, 20.2 real, 19.1 MB
[runlim] sample:		29.4 time, 30.2 real, 19.6 MB
[runlim] sample:		39.5 time, 40.2 real, 21.1 MB
[runlim] sample:		49.4 time, 50.2 real, 27.3 MB
[runlim] sample:		59.4 time, 60.2 real, 31.3 MB
[runlim] sample:		69.1 time, 70.2 real, 32.1 MB
[runlim] sample:		78.8 time, 80.2 real, 33.4 MB
[runlim] sample:		88.4 time, 90.2 real, 38.4 MB
[runlim] sample:		98.1 time, 100.2 real, 40.2 MB
[runlim] sample:		107.9 time, 110.2 real, 41.0 MB
[runlim] sample:		117.9 time, 120.2 real, 42.0 MB
[runlim] sample:		127.9 time, 130.2 real, 46.0 MB
[runlim] sample:		137.9 time, 140.2 real, 48.4 MB
[runlim] sample:		147.6 time, 150.2 real, 49.9 MB
[runlim] sample:		157.2 time, 160.2 real, 50.4 MB
[runlim] sample:		166.9 time, 170.2 real, 50.7 MB
[runlim] sample:		176.6 time, 180.2 real, 50.9 MB
[runlim] sample:		186.6 time, 190.2 real, 50.9 MB
[runlim] sample:		196.2 time, 200.2 real, 51.9 MB
[runlim] sample:		206.2 time, 210.2 real, 52.2 MB
[runlim] sample:		216.0 time, 220.2 real, 52.4 MB
[runlim] sample:		225.4 time, 230.2 real, 52.7 MB
[runlim] sample:		235.1 time, 240.2 real, 52.7 MB
[runlim] sample:		245.0 time, 250.2 real, 53.2 MB
[runlim] sample:		255.0 time, 260.2 real, 53.2 MB
[runlim] sample:		264.7 time, 270.2 real, 53.9 MB
[runlim] sample:		274.4 time, 280.2 real, 53.9 MB
[runlim] sample:		284.1 time, 290.2 real, 53.9 MB
[runlim] sample:		293.6 time, 300.2 real, 53.9 MB
[runlim] end:			Mon Jan 28 18:50:09 2019
[runlim] status:		out of time
[runlim] result:		2
[runlim] children:		0
[runlim] real:			307.10 seconds
[runlim] time:			300.01 seconds
[runlim] space:			54.2 MB
[runlim] samples:		3069
