[runlim] version:		1.10fixed
[runlim] time limit:		1800 seconds
[runlim] real time limit:	311040000 seconds
[runlim] space limit:		4000 MB
[runlim] argv[0]:		./z3
[runlim] argv[1]:		/tmp/k9VC4QBp.smt2
[runlim] start:			Fri Feb 15 04:55:20 2019
[runlim] main pid:		794
[runlim] sample:		9.1 time, 10.6 real, 28.4 MB
[runlim] sample:		16.6 time, 20.6 real, 36.3 MB
[runlim] sample:		24.2 time, 30.6 real, 38.3 MB
[runlim] sample:		31.8 time, 40.6 real, 46.6 MB
[runlim] sample:		40.4 time, 50.6 real, 49.9 MB
[runlim] sample:		50.0 time, 60.6 real, 56.5 MB
[runlim] sample:		59.7 time, 70.6 real, 68.4 MB
[runlim] sample:		69.4 time, 80.6 real, 74.2 MB
[runlim] sample:		79.1 time, 90.6 real, 91.9 MB
[runlim] sample:		89.1 time, 100.6 real, 99.2 MB
[runlim] sample:		99.1 time, 110.6 real, 104.4 MB
[runlim] sample:		109.1 time, 120.6 real, 106.2 MB
[runlim] sample:		119.1 time, 130.6 real, 110.3 MB
[runlim] sample:		129.1 time, 140.6 real, 113.7 MB
[runlim] sample:		139.1 time, 150.6 real, 115.5 MB
[runlim] sample:		149.1 time, 160.6 real, 117.5 MB
[runlim] sample:		159.1 time, 170.6 real, 121.9 MB
[runlim] sample:		168.4 time, 180.6 real, 124.5 MB
[runlim] sample:		176.8 time, 190.6 real, 128.7 MB
[runlim] sample:		185.2 time, 200.6 real, 131.8 MB
[runlim] sample:		192.8 time, 210.6 real, 133.6 MB
[runlim] sample:		202.2 time, 220.6 real, 135.1 MB
[runlim] sample:		212.2 time, 230.6 real, 135.9 MB
[runlim] sample:		221.9 time, 240.6 real, 137.2 MB
[runlim] sample:		231.6 time, 250.6 real, 139.5 MB
[runlim] sample:		241.6 time, 260.6 real, 140.0 MB
[runlim] sample:		251.6 time, 270.6 real, 140.3 MB
[runlim] sample:		261.6 time, 280.6 real, 142.5 MB
[runlim] sample:		271.6 time, 290.6 real, 142.7 MB
[runlim] sample:		281.3 time, 300.6 real, 143.0 MB
[runlim] sample:		291.3 time, 310.6 real, 143.0 MB
[runlim] sample:		301.3 time, 320.6 real, 143.5 MB
[runlim] sample:		311.3 time, 330.6 real, 147.4 MB
[runlim] sample:		321.3 time, 340.6 real, 153.1 MB
[runlim] sample:		331.3 time, 350.6 real, 155.4 MB
[runlim] sample:		341.3 time, 360.6 real, 155.9 MB
[runlim] sample:		351.3 time, 370.6 real, 156.2 MB
[runlim] sample:		361.3 time, 380.6 real, 156.2 MB
[runlim] sample:		371.3 time, 390.6 real, 156.2 MB
[runlim] sample:		381.3 time, 400.6 real, 156.4 MB
[runlim] sample:		391.2 time, 410.6 real, 156.4 MB
[runlim] sample:		400.8 time, 420.6 real, 156.4 MB
[runlim] sample:		410.7 time, 430.6 real, 156.4 MB
[runlim] sample:		420.4 time, 440.6 real, 156.9 MB
[runlim] sample:		430.2 time, 450.6 real, 159.0 MB
[runlim] sample:		439.7 time, 460.6 real, 160.0 MB
[runlim] sample:		448.6 time, 470.6 real, 160.3 MB
[runlim] sample:		457.3 time, 480.6 real, 161.6 MB
[runlim] sample:		467.1 time, 490.6 real, 162.1 MB
[runlim] sample:		477.1 time, 500.6 real, 162.3 MB
[runlim] sample:		487.1 time, 510.6 real, 162.9 MB
[runlim] sample:		497.1 time, 520.6 real, 162.9 MB
[runlim] sample:		507.1 time, 530.6 real, 163.1 MB
[runlim] sample:		517.1 time, 540.6 real, 163.4 MB
[runlim] sample:		527.0 time, 550.6 real, 163.4 MB
[runlim] sample:		536.9 time, 560.6 real, 164.9 MB
[runlim] sample:		546.9 time, 570.6 real, 167.8 MB
[runlim] sample:		555.5 time, 580.6 real, 171.4 MB
[runlim] sample:		565.2 time, 590.6 real, 173.9 MB
[runlim] sample:		574.9 time, 600.6 real, 176.8 MB
[runlim] sample:		584.5 time, 610.6 real, 183.3 MB
[runlim] sample:		594.2 time, 620.6 real, 183.5 MB
[runlim] sample:		603.9 time, 630.6 real, 183.8 MB
[runlim] sample:		613.5 time, 640.6 real, 183.8 MB
[runlim] sample:		623.2 time, 650.6 real, 193.1 MB
[runlim] sample:		632.9 time, 660.6 real, 198.0 MB
[runlim] sample:		642.5 time, 670.6 real, 204.2 MB
[runlim] sample:		652.2 time, 680.6 real, 206.2 MB
[runlim] sample:		661.8 time, 690.6 real, 206.5 MB
[runlim] sample:		671.5 time, 700.6 real, 207.5 MB
[runlim] sample:		681.2 time, 710.6 real, 213.2 MB
[runlim] sample:		690.8 time, 720.6 real, 217.3 MB
[runlim] sample:		700.5 time, 730.6 real, 223.2 MB
[runlim] sample:		710.2 time, 740.6 real, 224.3 MB
[runlim] sample:		719.8 time, 750.6 real, 224.5 MB
[runlim] sample:		729.5 time, 760.6 real, 225.5 MB
[runlim] sample:		739.1 time, 770.6 real, 228.6 MB
[runlim] sample:		748.8 time, 780.6 real, 231.0 MB
[runlim] sample:		758.8 time, 790.6 real, 233.3 MB
[runlim] sample:		768.8 time, 800.6 real, 235.9 MB
[runlim] sample:		778.8 time, 810.6 real, 237.9 MB
[runlim] sample:		788.8 time, 820.6 real, 239.7 MB
[runlim] sample:		798.7 time, 830.6 real, 241.3 MB
[runlim] sample:		808.7 time, 840.6 real, 242.0 MB
[runlim] sample:		818.7 time, 850.6 real, 243.3 MB
[runlim] sample:		828.7 time, 860.6 real, 244.6 MB
[runlim] sample:		838.7 time, 870.6 real, 246.4 MB
[runlim] sample:		848.7 time, 880.6 real, 248.5 MB
[runlim] sample:		858.7 time, 890.6 real, 250.0 MB
[runlim] sample:		868.7 time, 900.6 real, 251.6 MB
[runlim] sample:		878.7 time, 910.6 real, 253.9 MB
[runlim] sample:		888.7 time, 920.6 real, 254.4 MB
[runlim] sample:		898.7 time, 930.6 real, 255.5 MB
[runlim] sample:		908.7 time, 940.6 real, 257.0 MB
[runlim] sample:		918.7 time, 950.6 real, 258.0 MB
[runlim] sample:		928.7 time, 960.6 real, 259.8 MB
[runlim] sample:		938.7 time, 970.6 real, 260.9 MB
[runlim] sample:		948.7 time, 980.6 real, 261.9 MB
[runlim] sample:		958.7 time, 990.6 real, 262.4 MB
[runlim] sample:		968.7 time, 1000.6 real, 262.4 MB
[runlim] sample:		978.7 time, 1010.6 real, 264.2 MB
[runlim] sample:		988.7 time, 1020.6 real, 265.5 MB
[runlim] sample:		998.7 time, 1030.6 real, 266.3 MB
[runlim] sample:		1008.7 time, 1040.6 real, 267.3 MB
[runlim] sample:		1018.7 time, 1050.6 real, 268.3 MB
[runlim] sample:		1028.5 time, 1060.6 real, 269.4 MB
[runlim] sample:		1038.5 time, 1070.6 real, 270.4 MB
[runlim] sample:		1048.5 time, 1080.6 real, 270.7 MB
[runlim] sample:		1058.5 time, 1090.6 real, 271.4 MB
[runlim] sample:		1068.1 time, 1100.6 real, 272.5 MB
[runlim] sample:		1076.3 time, 1110.6 real, 273.5 MB
[runlim] sample:		1084.8 time, 1120.6 real, 273.8 MB
[runlim] sample:		1093.8 time, 1130.6 real, 274.5 MB
[runlim] sample:		1102.1 time, 1140.6 real, 275.6 MB
[runlim] sample:		1110.3 time, 1150.6 real, 276.9 MB
[runlim] sample:		1118.6 time, 1160.6 real, 277.4 MB
[runlim] sample:		1128.5 time, 1170.6 real, 277.9 MB
[runlim] sample:		1137.8 time, 1180.6 real, 279.2 MB
[runlim] sample:		1147.1 time, 1190.6 real, 280.2 MB
[runlim] sample:		1155.5 time, 1200.6 real, 281.0 MB
[runlim] sample:		1164.1 time, 1210.6 real, 281.8 MB
[runlim] sample:		1172.3 time, 1220.6 real, 283.3 MB
[runlim] sample:		1180.4 time, 1230.6 real, 284.8 MB
[runlim] sample:		1188.4 time, 1240.6 real, 285.9 MB
[runlim] sample:		1197.0 time, 1250.6 real, 287.9 MB
[runlim] sample:		1205.4 time, 1260.6 real, 290.0 MB
[runlim] sample:		1213.0 time, 1270.6 real, 290.8 MB
[runlim] sample:		1222.0 time, 1280.6 real, 291.5 MB
[runlim] sample:		1231.7 time, 1290.6 real, 292.3 MB
[runlim] sample:		1239.0 time, 1300.6 real, 293.1 MB
[runlim] sample:		1246.9 time, 1310.6 real, 293.6 MB
[runlim] sample:		1256.2 time, 1320.6 real, 294.4 MB
[runlim] sample:		1266.0 time, 1330.6 real, 295.9 MB
[runlim] sample:		1274.2 time, 1340.6 real, 297.0 MB
[runlim] sample:		1283.7 time, 1350.6 real, 298.0 MB
[runlim] sample:		1292.1 time, 1360.6 real, 298.4 MB
[runlim] sample:		1300.8 time, 1370.6 real, 298.9 MB
[runlim] sample:		1308.5 time, 1380.6 real, 299.9 MB
[runlim] sample:		1317.3 time, 1390.6 real, 300.7 MB
[runlim] sample:		1326.5 time, 1400.6 real, 301.5 MB
[runlim] sample:		1336.4 time, 1410.6 real, 302.1 MB
[runlim] sample:		1345.2 time, 1420.6 real, 302.6 MB
[runlim] sample:		1354.2 time, 1430.6 real, 303.6 MB
[runlim] sample:		1364.1 time, 1440.6 real, 304.6 MB
[runlim] sample:		1374.0 time, 1450.6 real, 307.7 MB
[runlim] sample:		1383.3 time, 1460.6 real, 309.0 MB
[runlim] sample:		1393.1 time, 1470.6 real, 311.3 MB
[runlim] sample:		1402.7 time, 1480.6 real, 312.9 MB
[runlim] sample:		1412.4 time, 1490.6 real, 314.4 MB
[runlim] sample:		1422.4 time, 1500.6 real, 316.0 MB
[runlim] sample:		1432.3 time, 1510.6 real, 317.3 MB
[runlim] sample:		1442.3 time, 1520.6 real, 317.8 MB
[runlim] sample:		1452.0 time, 1530.6 real, 319.1 MB
[runlim] sample:		1462.0 time, 1540.6 real, 320.4 MB
[runlim] sample:		1472.0 time, 1550.6 real, 325.2 MB
[runlim] sample:		1482.0 time, 1560.6 real, 328.1 MB
[runlim] sample:		1491.7 time, 1570.6 real, 330.7 MB
[runlim] sample:		1501.3 time, 1580.6 real, 332.0 MB
[runlim] sample:		1511.0 time, 1590.6 real, 334.0 MB
[runlim] sample:		1520.6 time, 1600.6 real, 335.8 MB
[runlim] sample:		1530.3 time, 1610.6 real, 336.6 MB
[runlim] sample:		1539.8 time, 1620.6 real, 337.4 MB
[runlim] sample:		1548.4 time, 1630.6 real, 339.2 MB
[runlim] sample:		1557.6 time, 1640.6 real, 339.2 MB
[runlim] sample:		1566.7 time, 1650.6 real, 366.0 MB
[runlim] sample:		1575.6 time, 1660.6 real, 370.1 MB
[runlim] sample:		1585.4 time, 1670.6 real, 375.3 MB
[runlim] sample:		1595.4 time, 1680.6 real, 378.9 MB
[runlim] sample:		1605.4 time, 1690.6 real, 383.0 MB
[runlim] sample:		1615.4 time, 1700.6 real, 388.4 MB
[runlim] sample:		1625.4 time, 1710.6 real, 391.2 MB
[runlim] sample:		1635.4 time, 1720.6 real, 393.8 MB
[runlim] sample:		1645.4 time, 1730.6 real, 394.9 MB
[runlim] sample:		1655.4 time, 1740.6 real, 396.4 MB
[runlim] sample:		1665.4 time, 1750.6 real, 397.2 MB
[runlim] sample:		1675.4 time, 1760.6 real, 398.0 MB
[runlim] sample:		1685.4 time, 1770.6 real, 399.8 MB
[runlim] sample:		1695.4 time, 1780.6 real, 402.1 MB
[runlim] sample:		1705.4 time, 1790.6 real, 404.1 MB
[runlim] sample:		1715.4 time, 1800.6 real, 405.2 MB
[runlim] sample:		1725.4 time, 1810.6 real, 405.4 MB
[runlim] sample:		1735.4 time, 1820.6 real, 408.5 MB
[runlim] sample:		1744.8 time, 1830.6 real, 410.1 MB
[runlim] sample:		1753.1 time, 1840.6 real, 411.9 MB
[runlim] sample:		1761.7 time, 1850.6 real, 413.2 MB
[runlim] sample:		1771.4 time, 1860.6 real, 415.0 MB
[runlim] sample:		1781.4 time, 1870.6 real, 416.5 MB
[runlim] sample:		1790.4 time, 1880.6 real, 417.5 MB
[runlim] end:			Fri Feb 15 05:26:50 2019
[runlim] status:		out of time
[runlim] result:		2
[runlim] children:		0
[runlim] real:			1890.51 seconds
[runlim] time:			1800.10 seconds
[runlim] space:			421.2 MB
[runlim] samples:		18899
