[runlim] version:		1.10fixed
[runlim] time limit:		300 seconds
[runlim] real time limit:	311040000 seconds
[runlim] space limit:		4000 MB
[runlim] argv[0]:		./z3
[runlim] argv[1]:		/tmp/fD7jKdXg.smt2
[runlim] start:			Mon Jan 28 18:45:02 2019
[runlim] main pid:		19820
[runlim] sample:		9.6 time, 10.1 real, 24.0 MB
[runlim] sample:		19.0 time, 20.1 real, 34.8 MB
[runlim] sample:		28.4 time, 30.1 real, 36.2 MB
[runlim] sample:		37.7 time, 40.1 real, 37.8 MB
[runlim] sample:		47.0 time, 50.1 real, 44.8 MB
[runlim] sample:		56.6 time, 60.1 real, 47.1 MB
[runlim] sample:		66.3 time, 70.1 real, 47.1 MB
[runlim] sample:		76.0 time, 80.1 real, 47.1 MB
[runlim] sample:		85.9 time, 90.1 real, 47.1 MB
[runlim] sample:		95.2 time, 100.1 real, 47.1 MB
[runlim] sample:		104.8 time, 110.1 real, 47.1 MB
[runlim] sample:		114.8 time, 120.1 real, 47.1 MB
[runlim] sample:		124.8 time, 130.1 real, 47.1 MB
[runlim] sample:		134.6 time, 140.1 real, 47.1 MB
[runlim] sample:		144.6 time, 150.1 real, 48.4 MB
[runlim] sample:		154.1 time, 160.1 real, 48.4 MB
[runlim] sample:		163.7 time, 170.1 real, 48.4 MB
[runlim] sample:		173.7 time, 180.1 real, 48.4 MB
[runlim] sample:		182.3 time, 190.1 real, 48.4 MB
[runlim] sample:		190.8 time, 200.1 real, 48.4 MB
[runlim] sample:		200.7 time, 210.1 real, 48.4 MB
[runlim] sample:		209.7 time, 220.1 real, 50.7 MB
[runlim] sample:		218.3 time, 230.1 real, 50.8 MB
[runlim] sample:		228.0 time, 240.1 real, 50.8 MB
[runlim] sample:		236.3 time, 250.1 real, 50.8 MB
[runlim] sample:		246.2 time, 260.1 real, 57.8 MB
[runlim] sample:		255.2 time, 270.1 real, 56.7 MB
[runlim] sample:		262.9 time, 280.1 real, 56.7 MB
[runlim] sample:		271.9 time, 290.1 real, 56.7 MB
[runlim] sample:		280.2 time, 300.1 real, 56.7 MB
[runlim] sample:		289.7 time, 310.1 real, 68.7 MB
[runlim] sample:		299.6 time, 320.1 real, 68.7 MB
[runlim] end:			Mon Jan 28 18:50:22 2019
[runlim] status:		out of time
[runlim] result:		2
[runlim] children:		0
[runlim] real:			320.66 seconds
[runlim] time:			300.04 seconds
[runlim] space:			68.7 MB
[runlim] samples:		3205
