[runlim] version:		1.10fixed
[runlim] time limit:		300 seconds
[runlim] real time limit:	311040000 seconds
[runlim] space limit:		4000 MB
[runlim] argv[0]:		./z3
[runlim] argv[1]:		/tmp/HoiUeiNt.smt2
[runlim] start:			Tue Jan 29 16:05:51 2019
[runlim] main pid:		23184
[runlim] sample:		8.8 time, 10.3 real, 22.5 MB
[runlim] sample:		18.8 time, 20.3 real, 29.5 MB
[runlim] sample:		26.9 time, 30.3 real, 32.1 MB
[runlim] sample:		35.0 time, 40.3 real, 32.1 MB
[runlim] sample:		43.5 time, 50.3 real, 32.1 MB
[runlim] sample:		52.2 time, 60.3 real, 32.1 MB
[runlim] sample:		61.7 time, 70.3 real, 35.2 MB
[runlim] sample:		71.7 time, 80.3 real, 36.5 MB
[runlim] sample:		81.7 time, 90.3 real, 36.5 MB
[runlim] sample:		91.7 time, 100.3 real, 36.5 MB
[runlim] sample:		101.7 time, 110.3 real, 36.5 MB
[runlim] sample:		111.7 time, 120.3 real, 36.5 MB
[runlim] sample:		121.7 time, 130.3 real, 37.5 MB
[runlim] sample:		131.7 time, 140.3 real, 38.0 MB
[runlim] sample:		141.7 time, 150.3 real, 41.1 MB
[runlim] sample:		151.7 time, 160.3 real, 42.0 MB
[runlim] sample:		161.7 time, 170.3 real, 45.0 MB
[runlim] sample:		171.7 time, 180.3 real, 46.5 MB
[runlim] sample:		181.7 time, 190.3 real, 54.7 MB
[runlim] sample:		191.7 time, 200.3 real, 60.6 MB
[runlim] sample:		201.7 time, 210.3 real, 68.8 MB
[runlim] sample:		211.7 time, 220.3 real, 76.8 MB
[runlim] sample:		221.7 time, 230.3 real, 80.4 MB
[runlim] sample:		231.7 time, 240.3 real, 84.8 MB
[runlim] sample:		241.7 time, 250.3 real, 87.6 MB
[runlim] sample:		251.7 time, 260.3 real, 94.6 MB
[runlim] sample:		261.7 time, 270.3 real, 98.9 MB
[runlim] sample:		271.7 time, 280.3 real, 105.4 MB
[runlim] sample:		281.7 time, 290.3 real, 109.3 MB
[runlim] sample:		291.7 time, 300.3 real, 115.5 MB
[runlim] end:			Tue Jan 29 16:10:59 2019
[runlim] status:		out of time
[runlim] result:		2
[runlim] children:		0
[runlim] real:			308.69 seconds
[runlim] time:			300.05 seconds
[runlim] space:			117.6 MB
[runlim] samples:		3084
