[runlim] version:		1.10fixed
[runlim] time limit:		300 seconds
[runlim] real time limit:	311040000 seconds
[runlim] space limit:		4000 MB
[runlim] argv[0]:		./z3
[runlim] argv[1]:		/tmp/E4BsgMCd.smt2
[runlim] start:			Thu Feb 14 00:11:49 2019
[runlim] main pid:		24285
[runlim] sample:		9.1 time, 10.3 real, 20.3 MB
[runlim] sample:		18.7 time, 20.3 real, 23.8 MB
[runlim] sample:		28.1 time, 30.3 real, 24.7 MB
[runlim] sample:		37.5 time, 40.3 real, 24.7 MB
[runlim] sample:		47.1 time, 50.3 real, 25.4 MB
[runlim] sample:		56.8 time, 60.3 real, 25.7 MB
[runlim] sample:		66.6 time, 70.3 real, 25.7 MB
[runlim] sample:		76.5 time, 80.3 real, 25.7 MB
[runlim] sample:		86.2 time, 90.3 real, 25.7 MB
[runlim] sample:		95.9 time, 100.3 real, 25.7 MB
[runlim] sample:		105.6 time, 110.3 real, 26.0 MB
[runlim] sample:		115.3 time, 120.3 real, 26.3 MB
[runlim] sample:		125.0 time, 130.3 real, 27.5 MB
[runlim] sample:		133.7 time, 140.3 real, 27.6 MB
[runlim] sample:		142.1 time, 150.3 real, 27.7 MB
[runlim] sample:		151.5 time, 160.3 real, 31.4 MB
[runlim] sample:		161.1 time, 170.3 real, 42.2 MB
[runlim] sample:		170.8 time, 180.3 real, 56.9 MB
[runlim] sample:		180.5 time, 190.3 real, 57.3 MB
[runlim] sample:		190.2 time, 200.3 real, 86.2 MB
[runlim] sample:		200.1 time, 210.3 real, 86.6 MB
[runlim] sample:		210.1 time, 220.3 real, 87.4 MB
[runlim] sample:		220.1 time, 230.3 real, 87.6 MB
[runlim] sample:		230.0 time, 240.3 real, 143.1 MB
[runlim] sample:		239.8 time, 250.3 real, 143.8 MB
[runlim] sample:		249.4 time, 260.3 real, 144.4 MB
[runlim] sample:		259.1 time, 270.3 real, 144.4 MB
[runlim] sample:		268.8 time, 280.3 real, 145.8 MB
[runlim] sample:		278.8 time, 290.3 real, 145.8 MB
[runlim] sample:		288.8 time, 300.3 real, 146.0 MB
[runlim] sample:		298.8 time, 310.3 real, 145.8 MB
[runlim] end:			Thu Feb 14 00:17:00 2019
[runlim] status:		out of time
[runlim] result:		2
[runlim] children:		0
[runlim] real:			311.55 seconds
[runlim] time:			300.04 seconds
[runlim] space:			146.1 MB
[runlim] samples:		3112
