[runlim] version:		1.10fixed
[runlim] time limit:		300 seconds
[runlim] real time limit:	311040000 seconds
[runlim] space limit:		4000 MB
[runlim] argv[0]:		./z3
[runlim] argv[1]:		/tmp/MMNgcQtc.smt2
[runlim] start:			Tue Jan 29 15:56:17 2019
[runlim] main pid:		22969
[runlim] sample:		8.4 time, 10.5 real, 22.9 MB
[runlim] sample:		16.6 time, 20.5 real, 28.4 MB
[runlim] sample:		26.6 time, 30.5 real, 30.4 MB
[runlim] sample:		36.6 time, 40.5 real, 30.4 MB
[runlim] sample:		46.6 time, 50.5 real, 30.4 MB
[runlim] sample:		56.6 time, 60.5 real, 30.4 MB
[runlim] sample:		66.6 time, 70.5 real, 30.4 MB
[runlim] sample:		76.6 time, 80.5 real, 30.4 MB
[runlim] sample:		86.6 time, 90.5 real, 30.4 MB
[runlim] sample:		96.6 time, 100.5 real, 30.4 MB
[runlim] sample:		106.5 time, 110.5 real, 30.4 MB
[runlim] sample:		116.0 time, 120.5 real, 30.4 MB
[runlim] sample:		124.9 time, 130.5 real, 30.5 MB
[runlim] sample:		133.0 time, 140.5 real, 30.5 MB
[runlim] sample:		141.3 time, 150.5 real, 30.5 MB
[runlim] sample:		149.5 time, 160.5 real, 30.5 MB
[runlim] sample:		158.4 time, 170.5 real, 30.6 MB
[runlim] sample:		167.7 time, 180.5 real, 30.5 MB
[runlim] sample:		177.0 time, 190.5 real, 31.0 MB
[runlim] sample:		186.2 time, 200.5 real, 31.3 MB
[runlim] sample:		195.6 time, 210.5 real, 31.3 MB
[runlim] sample:		205.6 time, 220.5 real, 31.8 MB
[runlim] sample:		214.7 time, 230.5 real, 32.3 MB
[runlim] sample:		223.6 time, 240.5 real, 32.2 MB
[runlim] sample:		233.5 time, 250.5 real, 32.3 MB
[runlim] sample:		243.1 time, 260.5 real, 34.6 MB
[runlim] sample:		252.7 time, 270.5 real, 32.6 MB
[runlim] sample:		262.7 time, 280.5 real, 33.7 MB
[runlim] sample:		272.7 time, 290.5 real, 33.7 MB
[runlim] sample:		281.7 time, 300.5 real, 33.7 MB
[runlim] sample:		291.5 time, 310.5 real, 35.2 MB
[runlim] end:			Tue Jan 29 16:01:36 2019
[runlim] status:		out of time
[runlim] result:		2
[runlim] children:		0
[runlim] real:			319.01 seconds
[runlim] time:			300.02 seconds
[runlim] space:			37.5 MB
[runlim] samples:		3185
