[runlim] version:		1.10fixed
[runlim] time limit:		300 seconds
[runlim] real time limit:	311040000 seconds
[runlim] space limit:		4000 MB
[runlim] argv[0]:		./z3
[runlim] argv[1]:		/tmp/bdja4mDV.smt2
[runlim] start:			Mon Jan 28 18:28:27 2019
[runlim] main pid:		27525
[runlim] sample:		8.8 time, 10.8 real, 23.1 MB
[runlim] sample:		18.4 time, 20.8 real, 28.8 MB
[runlim] sample:		28.4 time, 30.8 real, 36.5 MB
[runlim] sample:		38.4 time, 40.8 real, 44.4 MB
[runlim] sample:		48.4 time, 50.8 real, 50.6 MB
[runlim] sample:		58.4 time, 60.8 real, 60.5 MB
[runlim] sample:		68.3 time, 70.8 real, 71.0 MB
[runlim] sample:		78.3 time, 80.8 real, 74.9 MB
[runlim] sample:		88.3 time, 90.8 real, 80.4 MB
[runlim] sample:		98.0 time, 100.8 real, 88.4 MB
[runlim] sample:		108.0 time, 110.8 real, 93.5 MB
[runlim] sample:		118.0 time, 120.8 real, 95.1 MB
[runlim] sample:		128.0 time, 130.8 real, 95.6 MB
[runlim] sample:		138.0 time, 140.8 real, 97.7 MB
[runlim] sample:		148.0 time, 150.8 real, 101.1 MB
[runlim] sample:		158.0 time, 160.8 real, 107.0 MB
[runlim] sample:		168.0 time, 170.8 real, 119.4 MB
[runlim] sample:		178.0 time, 180.8 real, 122.5 MB
[runlim] sample:		188.0 time, 190.8 real, 124.0 MB
[runlim] sample:		198.0 time, 200.8 real, 127.9 MB
[runlim] sample:		208.0 time, 210.8 real, 132.0 MB
[runlim] sample:		218.0 time, 220.8 real, 139.7 MB
[runlim] sample:		228.0 time, 230.8 real, 142.0 MB
[runlim] sample:		238.0 time, 240.8 real, 144.6 MB
[runlim] sample:		248.0 time, 250.8 real, 147.2 MB
[runlim] sample:		258.0 time, 260.8 real, 148.5 MB
[runlim] sample:		268.0 time, 270.8 real, 152.9 MB
[runlim] sample:		278.0 time, 280.8 real, 158.3 MB
[runlim] sample:		288.0 time, 290.8 real, 163.2 MB
[runlim] sample:		298.0 time, 300.8 real, 172.8 MB
[runlim] end:			Mon Jan 28 18:33:29 2019
[runlim] status:		out of time
[runlim] result:		2
[runlim] children:		0
[runlim] real:			302.94 seconds
[runlim] time:			300.05 seconds
[runlim] space:			173.3 MB
[runlim] samples:		3021
