[runlim] version:		1.10fixed
[runlim] time limit:		300 seconds
[runlim] real time limit:	311040000 seconds
[runlim] space limit:		4000 MB
[runlim] argv[0]:		./z3
[runlim] argv[1]:		/tmp/pA4HZfx8.smt2
[runlim] start:			Tue Jan 29 16:09:18 2019
[runlim] main pid:		19588
[runlim] sample:		7.7 time, 10.1 real, 27.6 MB
[runlim] sample:		17.6 time, 20.1 real, 27.6 MB
[runlim] sample:		27.6 time, 30.1 real, 28.7 MB
[runlim] sample:		37.6 time, 40.1 real, 29.8 MB
[runlim] sample:		46.7 time, 50.1 real, 30.0 MB
[runlim] sample:		56.1 time, 60.1 real, 30.3 MB
[runlim] sample:		64.8 time, 70.1 real, 30.5 MB
[runlim] sample:		73.0 time, 80.1 real, 30.5 MB
[runlim] sample:		81.8 time, 90.1 real, 30.8 MB
[runlim] sample:		90.4 time, 100.1 real, 31.2 MB
[runlim] sample:		98.5 time, 110.1 real, 31.5 MB
[runlim] sample:		107.1 time, 120.1 real, 32.1 MB
[runlim] sample:		116.1 time, 130.1 real, 32.4 MB
[runlim] sample:		124.8 time, 140.1 real, 32.8 MB
[runlim] sample:		134.1 time, 150.1 real, 35.7 MB
[runlim] sample:		143.0 time, 160.1 real, 43.2 MB
[runlim] sample:		152.6 time, 170.1 real, 44.3 MB
[runlim] sample:		162.3 time, 180.1 real, 73.4 MB
[runlim] sample:		171.9 time, 190.1 real, 81.5 MB
[runlim] sample:		181.1 time, 200.1 real, 123.8 MB
[runlim] sample:		190.6 time, 210.1 real, 123.8 MB
[runlim] sample:		200.1 time, 220.1 real, 123.8 MB
[runlim] sample:		209.0 time, 230.1 real, 123.8 MB
[runlim] sample:		216.4 time, 240.1 real, 123.8 MB
[runlim] sample:		225.2 time, 250.1 real, 123.8 MB
[runlim] sample:		233.6 time, 260.1 real, 123.8 MB
[runlim] sample:		243.2 time, 270.1 real, 123.8 MB
[runlim] sample:		252.8 time, 280.1 real, 125.0 MB
[runlim] sample:		262.1 time, 290.1 real, 131.1 MB
[runlim] sample:		272.1 time, 300.1 real, 135.1 MB
[runlim] sample:		281.4 time, 310.1 real, 136.0 MB
[runlim] sample:		291.0 time, 320.1 real, 136.8 MB
[runlim] end:			Tue Jan 29 16:14:47 2019
[runlim] status:		out of time
[runlim] result:		2
[runlim] children:		0
[runlim] real:			329.40 seconds
[runlim] time:			300.02 seconds
[runlim] space:			139.1 MB
[runlim] samples:		3293
