[runlim] version:		1.10fixed
[runlim] time limit:		300 seconds
[runlim] real time limit:	311040000 seconds
[runlim] space limit:		4000 MB
[runlim] argv[0]:		./z3
[runlim] argv[1]:		/tmp/ZtGVBvfx.smt2
[runlim] start:			Tue Jan 29 16:20:42 2019
[runlim] main pid:		9542
[runlim] sample:		9.8 time, 10.2 real, 26.6 MB
[runlim] sample:		17.9 time, 20.2 real, 40.1 MB
[runlim] sample:		25.6 time, 30.2 real, 39.7 MB
[runlim] sample:		34.3 time, 40.2 real, 40.3 MB
[runlim] sample:		44.3 time, 50.2 real, 40.3 MB
[runlim] sample:		54.3 time, 60.2 real, 40.3 MB
[runlim] sample:		63.3 time, 70.2 real, 40.3 MB
[runlim] sample:		72.7 time, 80.2 real, 40.3 MB
[runlim] sample:		82.4 time, 90.2 real, 40.3 MB
[runlim] sample:		92.1 time, 100.2 real, 40.3 MB
[runlim] sample:		101.7 time, 110.2 real, 40.3 MB
[runlim] sample:		111.4 time, 120.2 real, 40.3 MB
[runlim] sample:		121.1 time, 130.2 real, 40.3 MB
[runlim] sample:		130.8 time, 140.2 real, 40.3 MB
[runlim] sample:		140.5 time, 150.2 real, 40.3 MB
[runlim] sample:		150.2 time, 160.2 real, 48.6 MB
[runlim] sample:		159.9 time, 170.2 real, 48.6 MB
[runlim] sample:		169.9 time, 180.2 real, 48.9 MB
[runlim] sample:		179.9 time, 190.2 real, 53.4 MB
[runlim] sample:		189.9 time, 200.2 real, 53.4 MB
[runlim] sample:		199.9 time, 210.2 real, 53.4 MB
[runlim] sample:		209.9 time, 220.2 real, 53.4 MB
[runlim] sample:		219.9 time, 230.2 real, 53.4 MB
[runlim] sample:		229.9 time, 240.2 real, 53.4 MB
[runlim] sample:		239.9 time, 250.2 real, 53.4 MB
[runlim] sample:		249.9 time, 260.2 real, 53.4 MB
[runlim] sample:		259.9 time, 270.2 real, 53.4 MB
[runlim] sample:		269.9 time, 280.2 real, 53.4 MB
[runlim] sample:		279.9 time, 290.2 real, 53.4 MB
[runlim] sample:		289.9 time, 300.2 real, 53.4 MB
[runlim] sample:		299.9 time, 310.2 real, 58.1 MB
[runlim] end:			Tue Jan 29 16:25:52 2019
[runlim] status:		out of time
[runlim] result:		2
[runlim] children:		0
[runlim] real:			310.41 seconds
[runlim] time:			300.06 seconds
[runlim] space:			58.1 MB
[runlim] samples:		3102
