[runlim] version:		1.10fixed
[runlim] time limit:		300 seconds
[runlim] real time limit:	311040000 seconds
[runlim] space limit:		4000 MB
[runlim] argv[0]:		./z3
[runlim] argv[1]:		/tmp/QZ2mR8qF.smt2
[runlim] start:			Thu Feb 14 00:27:13 2019
[runlim] main pid:		16344
[runlim] sample:		9.2 time, 11.0 real, 17.1 MB
[runlim] sample:		18.1 time, 21.0 real, 17.4 MB
[runlim] sample:		27.4 time, 31.0 real, 17.6 MB
[runlim] sample:		36.8 time, 41.0 real, 17.6 MB
[runlim] sample:		46.8 time, 51.0 real, 17.8 MB
[runlim] sample:		56.8 time, 61.0 real, 17.8 MB
[runlim] sample:		66.8 time, 71.0 real, 17.8 MB
[runlim] end:			Thu Feb 14 00:28:28 2019
[runlim] status:		ok
[runlim] result:		0
[runlim] children:		0
[runlim] real:			75.88 seconds
[runlim] time:			71.60 seconds
[runlim] space:			18.1 MB
[runlim] samples:		748
