[runlim] version:		1.10fixed
[runlim] time limit:		300 seconds
[runlim] real time limit:	311040000 seconds
[runlim] space limit:		4000 MB
[runlim] argv[0]:		./z3
[runlim] argv[1]:		/tmp/cgp6tnlA.smt2
[runlim] start:			Thu Feb 14 00:26:56 2019
[runlim] main pid:		16234
[runlim] sample:		8.9 time, 10.6 real, 31.5 MB
[runlim] sample:		17.8 time, 20.6 real, 35.9 MB
[runlim] sample:		26.0 time, 30.6 real, 37.9 MB
[runlim] sample:		34.7 time, 40.6 real, 45.6 MB
[runlim] sample:		43.9 time, 50.6 real, 47.1 MB
[runlim] sample:		52.5 time, 60.6 real, 47.6 MB
[runlim] sample:		61.1 time, 70.6 real, 47.6 MB
[runlim] sample:		69.7 time, 80.6 real, 47.6 MB
[runlim] sample:		78.3 time, 90.6 real, 47.9 MB
[runlim] sample:		88.0 time, 100.6 real, 48.2 MB
[runlim] sample:		98.0 time, 110.6 real, 48.4 MB
[runlim] sample:		107.8 time, 120.6 real, 48.7 MB
[runlim] sample:		117.0 time, 130.6 real, 48.9 MB
[runlim] sample:		126.3 time, 140.6 real, 49.2 MB
[runlim] sample:		136.1 time, 150.6 real, 51.8 MB
[runlim] sample:		146.1 time, 160.6 real, 53.3 MB
[runlim] sample:		156.1 time, 170.6 real, 54.6 MB
[runlim] sample:		166.1 time, 180.6 real, 56.2 MB
[runlim] sample:		175.7 time, 190.6 real, 57.7 MB
[runlim] sample:		185.1 time, 200.6 real, 58.7 MB
[runlim] sample:		194.7 time, 210.6 real, 61.8 MB
[runlim] sample:		203.7 time, 220.6 real, 64.9 MB
[runlim] sample:		213.0 time, 230.6 real, 65.9 MB
[runlim] sample:		222.0 time, 240.6 real, 66.5 MB
[runlim] sample:		231.5 time, 250.6 real, 66.5 MB
[runlim] sample:		241.3 time, 260.6 real, 67.8 MB
[runlim] sample:		251.3 time, 270.6 real, 68.0 MB
[runlim] sample:		261.2 time, 280.6 real, 68.8 MB
[runlim] sample:		271.2 time, 290.6 real, 70.6 MB
[runlim] sample:		281.1 time, 300.6 real, 73.0 MB
[runlim] sample:		290.8 time, 310.6 real, 76.9 MB
[runlim] end:			Thu Feb 14 00:32:16 2019
[runlim] status:		out of time
[runlim] result:		2
[runlim] children:		0
[runlim] real:			320.20 seconds
[runlim] time:			300.07 seconds
[runlim] space:			77.9 MB
[runlim] samples:		3196
