[runlim] version:		1.10fixed
[runlim] time limit:		300 seconds
[runlim] real time limit:	311040000 seconds
[runlim] space limit:		4000 MB
[runlim] argv[0]:		./z3
[runlim] argv[1]:		/tmp/nfhnHiyX.smt2
[runlim] start:			Thu Feb 14 00:24:45 2019
[runlim] main pid:		8263
[runlim] sample:		9.5 time, 10.1 real, 30.6 MB
[runlim] sample:		18.8 time, 20.1 real, 30.6 MB
[runlim] sample:		28.1 time, 30.1 real, 59.9 MB
[runlim] sample:		37.1 time, 40.1 real, 60.2 MB
[runlim] sample:		47.1 time, 50.1 real, 61.2 MB
[runlim] sample:		57.1 time, 60.1 real, 61.2 MB
[runlim] sample:		67.1 time, 70.1 real, 61.0 MB
[runlim] sample:		76.8 time, 80.1 real, 61.0 MB
[runlim] sample:		86.8 time, 90.1 real, 61.0 MB
[runlim] sample:		96.8 time, 100.1 real, 61.2 MB
[runlim] sample:		106.0 time, 110.1 real, 67.7 MB
[runlim] sample:		115.0 time, 120.1 real, 67.7 MB
[runlim] sample:		124.5 time, 130.1 real, 68.0 MB
[runlim] sample:		134.2 time, 140.1 real, 68.0 MB
[runlim] sample:		143.2 time, 150.1 real, 68.0 MB
[runlim] sample:		152.5 time, 160.1 real, 68.0 MB
[runlim] sample:		161.9 time, 170.1 real, 68.0 MB
[runlim] sample:		171.2 time, 180.1 real, 58.3 MB
[runlim] sample:		180.5 time, 190.1 real, 56.3 MB
[runlim] sample:		189.9 time, 200.1 real, 54.6 MB
[runlim] sample:		199.3 time, 210.1 real, 54.6 MB
[runlim] sample:		209.3 time, 220.1 real, 54.6 MB
[runlim] sample:		219.0 time, 230.1 real, 57.2 MB
[runlim] sample:		228.7 time, 240.1 real, 119.8 MB
[runlim] sample:		238.3 time, 250.1 real, 119.8 MB
[runlim] sample:		248.3 time, 260.1 real, 120.6 MB
[runlim] sample:		258.3 time, 270.1 real, 120.8 MB
[runlim] sample:		268.3 time, 280.1 real, 121.1 MB
[runlim] sample:		278.0 time, 290.1 real, 121.1 MB
[runlim] sample:		287.7 time, 300.1 real, 121.1 MB
[runlim] sample:		297.3 time, 310.1 real, 121.1 MB
[runlim] end:			Thu Feb 14 00:29:57 2019
[runlim] status:		out of time
[runlim] result:		2
[runlim] children:		0
[runlim] real:			312.94 seconds
[runlim] time:			300.02 seconds
[runlim] space:			121.1 MB
[runlim] samples:		3128
