[runlim] version:		1.10fixed
[runlim] time limit:		300 seconds
[runlim] real time limit:	311040000 seconds
[runlim] space limit:		4000 MB
[runlim] argv[0]:		./z3
[runlim] argv[1]:		/tmp/6xS4oy0g.smt2
[runlim] start:			Mon Jan 28 18:54:40 2019
[runlim] main pid:		5747
[runlim] sample:		10.0 time, 10.7 real, 20.1 MB
[runlim] sample:		18.4 time, 20.7 real, 22.9 MB
[runlim] sample:		28.3 time, 30.7 real, 22.9 MB
[runlim] sample:		38.3 time, 40.7 real, 31.3 MB
[runlim] sample:		48.3 time, 50.7 real, 35.6 MB
[runlim] sample:		58.0 time, 60.7 real, 35.6 MB
[runlim] sample:		66.5 time, 70.7 real, 37.8 MB
[runlim] sample:		75.9 time, 80.7 real, 38.7 MB
[runlim] sample:		84.6 time, 90.7 real, 41.4 MB
[runlim] sample:		93.8 time, 100.7 real, 41.4 MB
[runlim] sample:		102.3 time, 110.7 real, 54.8 MB
[runlim] sample:		110.5 time, 120.7 real, 81.5 MB
[runlim] sample:		119.4 time, 130.7 real, 81.5 MB
[runlim] sample:		127.6 time, 140.7 real, 81.5 MB
[runlim] sample:		135.5 time, 150.7 real, 81.5 MB
[runlim] sample:		145.0 time, 160.7 real, 81.5 MB
[runlim] sample:		155.0 time, 170.7 real, 81.5 MB
[runlim] sample:		164.9 time, 180.7 real, 81.5 MB
[runlim] sample:		172.8 time, 190.7 real, 81.5 MB
[runlim] sample:		181.8 time, 200.7 real, 81.5 MB
[runlim] sample:		189.8 time, 210.7 real, 81.5 MB
[runlim] sample:		197.8 time, 220.7 real, 81.5 MB
[runlim] sample:		207.8 time, 230.7 real, 81.5 MB
[runlim] sample:		216.0 time, 240.7 real, 81.5 MB
[runlim] sample:		223.6 time, 250.7 real, 81.5 MB
[runlim] sample:		233.6 time, 260.7 real, 81.5 MB
[runlim] sample:		243.6 time, 270.7 real, 81.5 MB
[runlim] sample:		253.6 time, 280.7 real, 81.5 MB
[runlim] sample:		263.6 time, 290.7 real, 83.0 MB
[runlim] sample:		273.6 time, 300.7 real, 83.0 MB
[runlim] sample:		283.6 time, 310.7 real, 83.0 MB
[runlim] end:			Mon Jan 28 18:59:56 2019
[runlim] status:		signal(9)
[runlim] result:		11
[runlim] children:		0
[runlim] real:			316.97 seconds
[runlim] time:			289.75 seconds
[runlim] space:			83.0 MB
[runlim] samples:		3162
