[runlim] version:		1.10fixed
[runlim] time limit:		1800 seconds
[runlim] real time limit:	311040000 seconds
[runlim] space limit:		4000 MB
[runlim] argv[0]:		./z3
[runlim] argv[1]:		/tmp/EyipMHlU.smt2
[runlim] start:			Thu Jan 31 09:12:49 2019
[runlim] main pid:		7666
[runlim] sample:		9.7 time, 10.1 real, 16.9 MB
[runlim] sample:		19.4 time, 20.1 real, 17.6 MB
[runlim] sample:		29.1 time, 30.1 real, 17.7 MB
[runlim] sample:		38.7 time, 40.1 real, 17.9 MB
[runlim] sample:		48.4 time, 50.1 real, 17.7 MB
[runlim] sample:		58.1 time, 60.1 real, 17.7 MB
[runlim] sample:		67.8 time, 70.1 real, 17.7 MB
[runlim] sample:		77.5 time, 80.1 real, 17.7 MB
[runlim] sample:		87.2 time, 90.1 real, 17.9 MB
[runlim] sample:		96.8 time, 100.1 real, 21.3 MB
[runlim] sample:		106.5 time, 110.1 real, 21.3 MB
[runlim] sample:		116.2 time, 120.1 real, 21.3 MB
[runlim] sample:		125.9 time, 130.1 real, 21.3 MB
[runlim] sample:		135.6 time, 140.1 real, 21.3 MB
[runlim] sample:		145.3 time, 150.1 real, 22.3 MB
[runlim] sample:		155.0 time, 160.1 real, 24.9 MB
[runlim] sample:		164.7 time, 170.1 real, 24.9 MB
[runlim] sample:		174.5 time, 180.1 real, 24.9 MB
[runlim] sample:		184.5 time, 190.1 real, 24.9 MB
[runlim] sample:		194.5 time, 200.1 real, 24.9 MB
[runlim] sample:		204.5 time, 210.1 real, 24.9 MB
[runlim] sample:		214.5 time, 220.1 real, 24.9 MB
[runlim] sample:		224.5 time, 230.1 real, 24.9 MB
[runlim] sample:		234.5 time, 240.1 real, 24.9 MB
[runlim] sample:		244.5 time, 250.1 real, 24.9 MB
[runlim] sample:		254.5 time, 260.1 real, 27.2 MB
[runlim] sample:		264.5 time, 270.1 real, 26.6 MB
[runlim] sample:		274.5 time, 280.1 real, 26.6 MB
[runlim] sample:		284.5 time, 290.1 real, 26.6 MB
[runlim] sample:		294.5 time, 300.1 real, 30.0 MB
[runlim] sample:		304.5 time, 310.1 real, 26.6 MB
[runlim] sample:		314.5 time, 320.1 real, 29.9 MB
[runlim] sample:		324.5 time, 330.1 real, 26.6 MB
[runlim] sample:		334.5 time, 340.1 real, 26.6 MB
[runlim] sample:		344.5 time, 350.1 real, 27.8 MB
[runlim] sample:		354.5 time, 360.1 real, 26.6 MB
[runlim] sample:		364.5 time, 370.1 real, 26.6 MB
[runlim] sample:		374.5 time, 380.1 real, 26.6 MB
[runlim] sample:		384.5 time, 390.1 real, 26.6 MB
[runlim] sample:		394.5 time, 400.1 real, 26.6 MB
[runlim] sample:		404.5 time, 410.1 real, 26.6 MB
[runlim] sample:		414.5 time, 420.1 real, 29.1 MB
[runlim] sample:		424.5 time, 430.1 real, 26.6 MB
[runlim] sample:		434.5 time, 440.1 real, 26.6 MB
[runlim] sample:		444.5 time, 450.1 real, 26.6 MB
[runlim] sample:		454.5 time, 460.1 real, 26.6 MB
[runlim] sample:		464.5 time, 470.1 real, 26.6 MB
[runlim] sample:		474.5 time, 480.1 real, 26.6 MB
[runlim] sample:		484.5 time, 490.1 real, 26.6 MB
[runlim] sample:		494.5 time, 500.1 real, 26.6 MB
[runlim] sample:		504.5 time, 510.1 real, 26.6 MB
[runlim] sample:		514.5 time, 520.1 real, 26.6 MB
[runlim] sample:		524.5 time, 530.1 real, 26.6 MB
[runlim] sample:		534.5 time, 540.1 real, 26.6 MB
[runlim] sample:		544.5 time, 550.1 real, 26.6 MB
[runlim] sample:		554.5 time, 560.1 real, 26.6 MB
[runlim] sample:		564.5 time, 570.1 real, 26.6 MB
[runlim] sample:		574.5 time, 580.1 real, 26.6 MB
[runlim] sample:		584.5 time, 590.1 real, 26.6 MB
[runlim] sample:		594.5 time, 600.1 real, 26.6 MB
[runlim] sample:		604.5 time, 610.1 real, 26.6 MB
[runlim] sample:		614.5 time, 620.1 real, 26.6 MB
[runlim] sample:		624.5 time, 630.1 real, 26.6 MB
[runlim] sample:		634.5 time, 640.1 real, 26.7 MB
[runlim] sample:		644.5 time, 650.1 real, 26.6 MB
[runlim] sample:		654.5 time, 660.1 real, 26.6 MB
[runlim] sample:		664.5 time, 670.1 real, 26.6 MB
[runlim] sample:		674.5 time, 680.1 real, 26.6 MB
[runlim] sample:		684.5 time, 690.1 real, 26.6 MB
[runlim] sample:		694.5 time, 700.1 real, 30.7 MB
[runlim] sample:		704.5 time, 710.1 real, 29.2 MB
[runlim] sample:		714.5 time, 720.1 real, 31.0 MB
[runlim] sample:		724.5 time, 730.1 real, 31.7 MB
[runlim] sample:		734.5 time, 740.1 real, 29.2 MB
[runlim] sample:		744.5 time, 750.1 real, 29.2 MB
[runlim] sample:		754.5 time, 760.1 real, 29.2 MB
[runlim] sample:		764.5 time, 770.1 real, 29.2 MB
[runlim] sample:		774.5 time, 780.1 real, 29.2 MB
[runlim] sample:		784.5 time, 790.1 real, 29.2 MB
[runlim] end:			Thu Jan 31 09:26:06 2019
[runlim] status:		ok
[runlim] result:		0
[runlim] children:		0
[runlim] real:			797.39 seconds
[runlim] time:			791.66 seconds
[runlim] space:			35.1 MB
[runlim] samples:		7972
