[runlim] version:		1.10fixed
[runlim] time limit:		1800 seconds
[runlim] real time limit:	311040000 seconds
[runlim] space limit:		4000 MB
[runlim] argv[0]:		./z3
[runlim] argv[1]:		/tmp/x5A2vJaT.smt2
[runlim] start:			Sat Feb  9 01:00:33 2019
[runlim] main pid:		10965
[runlim] sample:		9.1 time, 10.2 real, 21.6 MB
[runlim] sample:		18.0 time, 20.2 real, 25.1 MB
[runlim] sample:		27.4 time, 30.2 real, 29.1 MB
[runlim] sample:		36.4 time, 40.2 real, 44.6 MB
[runlim] sample:		45.6 time, 50.2 real, 37.3 MB
[runlim] sample:		55.2 time, 60.2 real, 36.7 MB
[runlim] sample:		65.0 time, 70.2 real, 62.4 MB
[runlim] sample:		75.0 time, 80.2 real, 62.4 MB
[runlim] sample:		85.0 time, 90.2 real, 62.2 MB
[runlim] sample:		95.0 time, 100.2 real, 62.2 MB
[runlim] sample:		105.0 time, 110.2 real, 62.2 MB
[runlim] sample:		115.0 time, 120.2 real, 62.2 MB
[runlim] sample:		125.0 time, 130.2 real, 62.2 MB
[runlim] sample:		135.0 time, 140.2 real, 62.2 MB
[runlim] sample:		143.8 time, 150.2 real, 62.2 MB
[runlim] sample:		153.2 time, 160.2 real, 62.2 MB
[runlim] sample:		162.5 time, 170.2 real, 62.2 MB
[runlim] sample:		172.5 time, 180.2 real, 62.2 MB
[runlim] sample:		182.3 time, 190.2 real, 62.2 MB
[runlim] sample:		192.1 time, 200.2 real, 62.2 MB
[runlim] sample:		201.4 time, 210.2 real, 72.2 MB
[runlim] sample:		210.9 time, 220.2 real, 72.2 MB
[runlim] sample:		220.4 time, 230.2 real, 72.2 MB
[runlim] sample:		229.1 time, 240.2 real, 72.2 MB
[runlim] sample:		239.1 time, 250.2 real, 72.2 MB
[runlim] sample:		248.6 time, 260.2 real, 72.2 MB
[runlim] sample:		257.6 time, 270.2 real, 72.2 MB
[runlim] sample:		266.5 time, 280.2 real, 72.2 MB
[runlim] sample:		275.7 time, 290.2 real, 72.2 MB
[runlim] sample:		284.9 time, 300.2 real, 72.2 MB
[runlim] sample:		294.9 time, 310.2 real, 72.2 MB
[runlim] sample:		303.6 time, 320.2 real, 72.2 MB
[runlim] sample:		313.5 time, 330.2 real, 72.2 MB
[runlim] sample:		322.6 time, 340.2 real, 72.2 MB
[runlim] sample:		331.3 time, 350.2 real, 72.2 MB
[runlim] sample:		340.6 time, 360.2 real, 72.2 MB
[runlim] sample:		350.6 time, 370.2 real, 72.2 MB
[runlim] sample:		360.6 time, 380.2 real, 72.2 MB
[runlim] sample:		370.6 time, 390.2 real, 72.2 MB
[runlim] sample:		380.4 time, 400.2 real, 72.2 MB
[runlim] sample:		389.8 time, 410.2 real, 75.1 MB
[runlim] sample:		398.8 time, 420.2 real, 75.1 MB
[runlim] sample:		408.1 time, 430.2 real, 72.2 MB
[runlim] sample:		418.1 time, 440.2 real, 81.4 MB
[runlim] sample:		428.1 time, 450.2 real, 81.7 MB
[runlim] sample:		437.9 time, 460.2 real, 121.7 MB
[runlim] sample:		447.1 time, 470.2 real, 174.3 MB
[runlim] sample:		456.3 time, 480.2 real, 174.3 MB
[runlim] sample:		465.8 time, 490.2 real, 174.3 MB
[runlim] sample:		475.1 time, 500.2 real, 174.3 MB
[runlim] sample:		484.5 time, 510.2 real, 174.3 MB
[runlim] sample:		493.6 time, 520.2 real, 174.3 MB
[runlim] sample:		503.5 time, 530.2 real, 174.3 MB
[runlim] sample:		513.3 time, 540.2 real, 174.3 MB
[runlim] sample:		521.8 time, 550.2 real, 174.3 MB
[runlim] sample:		530.6 time, 560.2 real, 174.3 MB
[runlim] sample:		540.2 time, 570.2 real, 174.6 MB
[runlim] sample:		549.4 time, 580.2 real, 174.6 MB
[runlim] sample:		558.6 time, 590.2 real, 174.6 MB
[runlim] sample:		568.3 time, 600.2 real, 174.6 MB
[runlim] sample:		578.0 time, 610.2 real, 174.6 MB
[runlim] sample:		587.2 time, 620.2 real, 174.6 MB
[runlim] sample:		596.8 time, 630.2 real, 174.6 MB
[runlim] sample:		605.1 time, 640.2 real, 174.6 MB
[runlim] sample:		614.8 time, 650.2 real, 174.6 MB
[runlim] sample:		624.4 time, 660.2 real, 174.6 MB
[runlim] sample:		634.1 time, 670.2 real, 174.6 MB
[runlim] sample:		643.8 time, 680.2 real, 174.6 MB
[runlim] sample:		653.4 time, 690.2 real, 174.6 MB
[runlim] sample:		662.1 time, 700.2 real, 174.6 MB
[runlim] sample:		670.1 time, 710.2 real, 174.6 MB
[runlim] sample:		678.4 time, 720.2 real, 174.6 MB
[runlim] sample:		686.6 time, 730.2 real, 174.6 MB
[runlim] sample:		695.2 time, 740.2 real, 174.6 MB
[runlim] sample:		704.5 time, 750.2 real, 174.6 MB
[runlim] sample:		714.2 time, 760.2 real, 174.6 MB
[runlim] sample:		723.6 time, 770.2 real, 174.6 MB
[runlim] sample:		732.6 time, 780.2 real, 174.6 MB
[runlim] sample:		740.9 time, 790.2 real, 174.6 MB
[runlim] sample:		749.9 time, 800.2 real, 174.6 MB
[runlim] sample:		759.3 time, 810.2 real, 174.6 MB
[runlim] sample:		769.3 time, 820.2 real, 174.6 MB
[runlim] sample:		779.3 time, 830.2 real, 175.8 MB
[runlim] sample:		789.2 time, 840.2 real, 203.9 MB
[runlim] sample:		798.4 time, 850.2 real, 204.1 MB
[runlim] sample:		806.6 time, 860.2 real, 204.1 MB
[runlim] sample:		815.6 time, 870.2 real, 204.1 MB
[runlim] sample:		825.6 time, 880.2 real, 204.1 MB
[runlim] sample:		834.4 time, 890.2 real, 204.1 MB
[runlim] sample:		842.6 time, 900.2 real, 204.1 MB
[runlim] sample:		851.0 time, 910.2 real, 204.1 MB
[runlim] sample:		859.2 time, 920.2 real, 204.1 MB
[runlim] sample:		867.6 time, 930.2 real, 204.1 MB
[runlim] sample:		876.4 time, 940.2 real, 204.1 MB
[runlim] sample:		886.0 time, 950.2 real, 204.1 MB
[runlim] sample:		896.0 time, 960.2 real, 204.1 MB
[runlim] sample:		906.0 time, 970.2 real, 204.1 MB
[runlim] sample:		915.5 time, 980.2 real, 204.1 MB
[runlim] sample:		924.1 time, 990.2 real, 204.1 MB
[runlim] sample:		932.8 time, 1000.2 real, 204.1 MB
[runlim] sample:		942.5 time, 1010.2 real, 204.1 MB
[runlim] sample:		952.5 time, 1020.2 real, 204.1 MB
[runlim] sample:		962.5 time, 1030.2 real, 204.1 MB
[runlim] sample:		972.5 time, 1040.2 real, 204.1 MB
[runlim] sample:		982.5 time, 1050.2 real, 204.1 MB
[runlim] sample:		992.5 time, 1060.2 real, 204.1 MB
[runlim] sample:		1001.5 time, 1070.2 real, 204.1 MB
[runlim] sample:		1010.4 time, 1080.2 real, 204.1 MB
[runlim] sample:		1019.0 time, 1090.2 real, 204.1 MB
[runlim] sample:		1027.8 time, 1100.2 real, 204.1 MB
[runlim] sample:		1037.5 time, 1110.2 real, 204.1 MB
[runlim] sample:		1047.0 time, 1120.2 real, 204.1 MB
[runlim] sample:		1056.9 time, 1130.2 real, 205.4 MB
[runlim] sample:		1066.4 time, 1140.2 real, 205.4 MB
[runlim] sample:		1075.1 time, 1150.2 real, 205.4 MB
[runlim] sample:		1083.8 time, 1160.2 real, 205.4 MB
[runlim] sample:		1093.5 time, 1170.2 real, 205.4 MB
[runlim] sample:		1102.8 time, 1180.2 real, 205.4 MB
[runlim] sample:		1112.8 time, 1190.2 real, 205.4 MB
[runlim] sample:		1122.8 time, 1200.2 real, 205.4 MB
[runlim] sample:		1132.8 time, 1210.2 real, 205.4 MB
[runlim] sample:		1142.0 time, 1220.2 real, 205.4 MB
[runlim] sample:		1152.0 time, 1230.2 real, 205.4 MB
[runlim] sample:		1162.0 time, 1240.2 real, 205.4 MB
[runlim] sample:		1172.0 time, 1250.2 real, 205.4 MB
[runlim] sample:		1182.0 time, 1260.2 real, 205.4 MB
[runlim] sample:		1192.0 time, 1270.2 real, 205.4 MB
[runlim] sample:		1202.0 time, 1280.2 real, 205.4 MB
[runlim] sample:		1212.0 time, 1290.2 real, 205.4 MB
[runlim] sample:		1221.8 time, 1300.2 real, 205.4 MB
[runlim] sample:		1231.8 time, 1310.2 real, 205.4 MB
[runlim] sample:		1241.8 time, 1320.2 real, 205.4 MB
[runlim] sample:		1251.8 time, 1330.2 real, 205.4 MB
[runlim] sample:		1261.8 time, 1340.2 real, 205.4 MB
[runlim] sample:		1271.6 time, 1350.2 real, 205.4 MB
[runlim] sample:		1279.6 time, 1360.2 real, 205.4 MB
[runlim] sample:		1288.9 time, 1370.2 real, 205.4 MB
[runlim] sample:		1298.4 time, 1380.2 real, 205.4 MB
[runlim] sample:		1308.1 time, 1390.2 real, 205.4 MB
[runlim] sample:		1317.8 time, 1400.2 real, 205.4 MB
[runlim] sample:		1327.2 time, 1410.2 real, 205.4 MB
[runlim] sample:		1336.7 time, 1420.2 real, 205.4 MB
[runlim] sample:		1346.0 time, 1430.2 real, 205.4 MB
[runlim] sample:		1355.4 time, 1440.2 real, 205.4 MB
[runlim] sample:		1364.8 time, 1450.2 real, 205.4 MB
[runlim] sample:		1374.0 time, 1460.2 real, 205.4 MB
[runlim] sample:		1383.3 time, 1470.2 real, 205.4 MB
[runlim] sample:		1392.0 time, 1480.2 real, 205.4 MB
[runlim] sample:		1401.7 time, 1490.2 real, 205.4 MB
[runlim] sample:		1411.7 time, 1500.2 real, 205.4 MB
[runlim] sample:		1421.3 time, 1510.2 real, 205.4 MB
[runlim] sample:		1429.8 time, 1520.2 real, 205.4 MB
[runlim] sample:		1439.8 time, 1530.2 real, 205.4 MB
[runlim] sample:		1449.8 time, 1540.2 real, 205.4 MB
[runlim] sample:		1459.8 time, 1550.2 real, 205.4 MB
[runlim] sample:		1468.4 time, 1560.2 real, 205.4 MB
[runlim] sample:		1476.8 time, 1570.2 real, 205.4 MB
[runlim] sample:		1485.2 time, 1580.2 real, 205.4 MB
[runlim] sample:		1493.6 time, 1590.2 real, 205.4 MB
[runlim] sample:		1502.0 time, 1600.2 real, 205.4 MB
[runlim] sample:		1510.5 time, 1610.2 real, 205.4 MB
[runlim] sample:		1520.5 time, 1620.2 real, 205.4 MB
[runlim] sample:		1530.5 time, 1630.2 real, 205.4 MB
[runlim] sample:		1540.5 time, 1640.2 real, 205.4 MB
[runlim] sample:		1550.5 time, 1650.2 real, 205.4 MB
[runlim] sample:		1560.5 time, 1660.2 real, 205.4 MB
[runlim] sample:		1570.5 time, 1670.2 real, 205.4 MB
[runlim] sample:		1580.5 time, 1680.2 real, 205.4 MB
[runlim] sample:		1589.9 time, 1690.2 real, 205.4 MB
[runlim] sample:		1599.5 time, 1700.2 real, 205.4 MB
[runlim] sample:		1609.5 time, 1710.2 real, 205.4 MB
[runlim] sample:		1618.2 time, 1720.2 real, 205.4 MB
[runlim] sample:		1627.6 time, 1730.2 real, 205.4 MB
[runlim] sample:		1636.0 time, 1740.2 real, 205.4 MB
[runlim] sample:		1645.6 time, 1750.2 real, 205.4 MB
[runlim] sample:		1655.6 time, 1760.2 real, 205.4 MB
[runlim] sample:		1665.3 time, 1770.2 real, 205.4 MB
[runlim] sample:		1673.8 time, 1780.2 real, 205.4 MB
[runlim] sample:		1683.4 time, 1790.2 real, 205.4 MB
[runlim] sample:		1693.2 time, 1800.2 real, 205.4 MB
[runlim] sample:		1703.1 time, 1810.2 real, 205.4 MB
[runlim] sample:		1712.8 time, 1820.2 real, 205.4 MB
[runlim] sample:		1722.8 time, 1830.2 real, 205.4 MB
[runlim] sample:		1732.8 time, 1840.2 real, 205.4 MB
[runlim] sample:		1742.8 time, 1850.2 real, 205.4 MB
[runlim] sample:		1752.3 time, 1860.2 real, 205.4 MB
[runlim] sample:		1761.7 time, 1870.2 real, 205.4 MB
[runlim] sample:		1771.0 time, 1880.2 real, 205.4 MB
[runlim] sample:		1780.4 time, 1890.2 real, 205.4 MB
[runlim] sample:		1789.5 time, 1900.2 real, 205.4 MB
[runlim] sample:		1798.4 time, 1910.2 real, 205.4 MB
[runlim] end:			Sat Feb  9 01:32:25 2019
[runlim] status:		out of time
[runlim] result:		2
[runlim] children:		0
[runlim] real:			1912.09 seconds
[runlim] time:			1800.01 seconds
[runlim] space:			205.4 MB
[runlim] samples:		19119
