[runlim] version:		1.10fixed
[runlim] time limit:		300 seconds
[runlim] real time limit:	311040000 seconds
[runlim] space limit:		4000 MB
[runlim] argv[0]:		./z3
[runlim] argv[1]:		/tmp/nMTFekqS.smt2
[runlim] start:			Tue Jan 29 16:20:43 2019
[runlim] main pid:		9586
[runlim] sample:		7.3 time, 10.4 real, 14.9 MB
[runlim] sample:		16.8 time, 20.4 real, 15.5 MB
[runlim] sample:		26.4 time, 30.4 real, 17.9 MB
[runlim] sample:		36.4 time, 40.4 real, 17.9 MB
[runlim] sample:		44.8 time, 50.4 real, 18.4 MB
[runlim] sample:		54.6 time, 60.4 real, 18.9 MB
[runlim] end:			Tue Jan 29 16:21:48 2019
[runlim] status:		ok
[runlim] result:		0
[runlim] children:		0
[runlim] real:			66.00 seconds
[runlim] time:			60.06 seconds
[runlim] space:			20.6 MB
[runlim] samples:		656
