[runlim] version:		1.10fixed
[runlim] time limit:		300 seconds
[runlim] real time limit:	311040000 seconds
[runlim] space limit:		4000 MB
[runlim] argv[0]:		./z3
[runlim] argv[1]:		/tmp/lyfruWzK.smt2
[runlim] start:			Tue Jan 29 16:19:27 2019
[runlim] main pid:		25634
[runlim] sample:		7.8 time, 10.0 real, 17.9 MB
[runlim] sample:		16.9 time, 20.0 real, 21.2 MB
[runlim] sample:		25.6 time, 30.0 real, 23.2 MB
[runlim] sample:		35.6 time, 40.0 real, 25.4 MB
[runlim] sample:		44.8 time, 50.0 real, 27.6 MB
[runlim] sample:		53.8 time, 60.0 real, 26.0 MB
[runlim] sample:		62.3 time, 70.0 real, 24.9 MB
[runlim] sample:		70.3 time, 80.0 real, 26.2 MB
[runlim] sample:		79.0 time, 90.0 real, 25.0 MB
[runlim] sample:		87.8 time, 100.0 real, 27.8 MB
[runlim] sample:		96.5 time, 110.0 real, 28.1 MB
[runlim] sample:		105.0 time, 120.0 real, 28.6 MB
[runlim] sample:		113.8 time, 130.0 real, 35.7 MB
[runlim] sample:		121.5 time, 140.0 real, 69.5 MB
[runlim] sample:		130.7 time, 150.0 real, 69.4 MB
[runlim] sample:		140.0 time, 160.0 real, 69.4 MB
[runlim] sample:		149.3 time, 170.0 real, 69.4 MB
[runlim] sample:		157.2 time, 180.0 real, 69.4 MB
[runlim] sample:		165.2 time, 190.0 real, 68.7 MB
[runlim] sample:		174.6 time, 200.0 real, 68.1 MB
[runlim] sample:		184.0 time, 210.0 real, 68.1 MB
[runlim] sample:		192.4 time, 220.0 real, 68.1 MB
[runlim] sample:		200.7 time, 230.0 real, 68.1 MB
[runlim] sample:		209.1 time, 240.0 real, 68.1 MB
[runlim] end:			Tue Jan 29 16:23:28 2019
[runlim] status:		ok
[runlim] result:		0
[runlim] children:		0
[runlim] real:			241.17 seconds
[runlim] time:			210.21 seconds
[runlim] space:			69.5 MB
[runlim] samples:		2411
