[runlim] version:		1.10fixed
[runlim] time limit:		1800 seconds
[runlim] real time limit:	311040000 seconds
[runlim] space limit:		4000 MB
[runlim] argv[0]:		./z3
[runlim] argv[1]:		/tmp/cE5Ri5i4.smt2
[runlim] start:			Thu Jan 31 09:12:49 2019
[runlim] main pid:		7644
[runlim] sample:		10.0 time, 10.0 real, 17.8 MB
[runlim] sample:		20.0 time, 20.0 real, 18.0 MB
[runlim] sample:		30.0 time, 30.0 real, 18.7 MB
[runlim] sample:		40.0 time, 40.0 real, 19.6 MB
[runlim] sample:		50.0 time, 50.0 real, 28.4 MB
[runlim] sample:		60.0 time, 60.0 real, 34.7 MB
[runlim] sample:		70.0 time, 70.0 real, 47.7 MB
[runlim] sample:		80.0 time, 80.0 real, 47.7 MB
[runlim] sample:		90.0 time, 90.0 real, 58.1 MB
[runlim] sample:		100.0 time, 100.0 real, 58.1 MB
[runlim] sample:		110.0 time, 110.0 real, 58.1 MB
[runlim] sample:		120.0 time, 120.0 real, 58.1 MB
[runlim] sample:		130.0 time, 130.0 real, 58.1 MB
[runlim] sample:		140.0 time, 140.0 real, 58.1 MB
[runlim] sample:		150.0 time, 150.0 real, 58.1 MB
[runlim] sample:		160.0 time, 160.0 real, 58.1 MB
[runlim] sample:		170.0 time, 170.0 real, 58.1 MB
[runlim] sample:		180.0 time, 180.0 real, 58.1 MB
[runlim] sample:		190.0 time, 190.0 real, 58.1 MB
[runlim] sample:		200.0 time, 200.0 real, 58.1 MB
[runlim] sample:		210.0 time, 210.0 real, 58.1 MB
[runlim] sample:		220.0 time, 220.0 real, 58.1 MB
[runlim] sample:		230.0 time, 230.0 real, 58.1 MB
[runlim] sample:		240.0 time, 240.0 real, 58.1 MB
[runlim] sample:		250.0 time, 250.0 real, 58.1 MB
[runlim] sample:		260.0 time, 260.0 real, 58.1 MB
[runlim] sample:		270.0 time, 270.0 real, 58.1 MB
[runlim] sample:		280.0 time, 280.0 real, 58.1 MB
[runlim] sample:		290.0 time, 290.0 real, 58.1 MB
[runlim] sample:		300.0 time, 300.0 real, 58.1 MB
[runlim] sample:		310.0 time, 310.0 real, 58.1 MB
[runlim] sample:		320.0 time, 320.0 real, 58.1 MB
[runlim] sample:		330.0 time, 330.0 real, 58.1 MB
[runlim] sample:		340.0 time, 340.0 real, 58.1 MB
[runlim] sample:		350.0 time, 350.0 real, 58.1 MB
[runlim] sample:		360.0 time, 360.0 real, 58.1 MB
[runlim] sample:		370.0 time, 370.0 real, 58.1 MB
[runlim] sample:		380.0 time, 380.0 real, 58.1 MB
[runlim] sample:		390.0 time, 390.0 real, 58.1 MB
[runlim] sample:		400.0 time, 400.0 real, 58.1 MB
[runlim] sample:		410.0 time, 410.0 real, 58.1 MB
[runlim] sample:		420.0 time, 420.0 real, 58.1 MB
[runlim] sample:		430.0 time, 430.0 real, 58.1 MB
[runlim] sample:		440.0 time, 440.0 real, 58.1 MB
[runlim] sample:		450.0 time, 450.0 real, 58.1 MB
[runlim] sample:		460.0 time, 460.0 real, 58.1 MB
[runlim] sample:		470.0 time, 470.0 real, 58.1 MB
[runlim] sample:		480.0 time, 480.0 real, 58.1 MB
[runlim] sample:		490.0 time, 490.0 real, 58.1 MB
[runlim] sample:		500.0 time, 500.0 real, 58.1 MB
[runlim] sample:		510.0 time, 510.0 real, 58.1 MB
[runlim] sample:		520.0 time, 520.0 real, 58.1 MB
[runlim] sample:		530.0 time, 530.0 real, 58.1 MB
[runlim] sample:		540.0 time, 540.0 real, 58.1 MB
[runlim] sample:		550.0 time, 550.0 real, 58.1 MB
[runlim] sample:		560.0 time, 560.0 real, 58.1 MB
[runlim] sample:		570.0 time, 570.0 real, 58.1 MB
[runlim] sample:		580.0 time, 580.0 real, 58.1 MB
[runlim] sample:		590.0 time, 590.0 real, 58.1 MB
[runlim] sample:		600.0 time, 600.0 real, 58.1 MB
[runlim] sample:		610.0 time, 610.0 real, 58.1 MB
[runlim] sample:		620.0 time, 620.0 real, 58.1 MB
[runlim] sample:		630.0 time, 630.0 real, 58.1 MB
[runlim] sample:		640.0 time, 640.0 real, 58.1 MB
[runlim] sample:		650.0 time, 650.0 real, 58.1 MB
[runlim] sample:		660.0 time, 660.0 real, 58.1 MB
[runlim] sample:		670.0 time, 670.0 real, 58.1 MB
[runlim] sample:		680.0 time, 680.0 real, 58.1 MB
[runlim] sample:		690.0 time, 690.0 real, 58.1 MB
[runlim] sample:		700.0 time, 700.0 real, 58.1 MB
[runlim] sample:		710.0 time, 710.0 real, 58.1 MB
[runlim] sample:		720.0 time, 720.0 real, 58.1 MB
[runlim] sample:		730.0 time, 730.0 real, 58.1 MB
[runlim] sample:		740.0 time, 740.0 real, 58.1 MB
[runlim] sample:		750.0 time, 750.0 real, 58.1 MB
[runlim] sample:		760.0 time, 760.0 real, 58.1 MB
[runlim] sample:		770.0 time, 770.0 real, 58.1 MB
[runlim] sample:		780.0 time, 780.0 real, 58.1 MB
[runlim] sample:		790.0 time, 790.0 real, 58.1 MB
[runlim] sample:		800.0 time, 800.0 real, 58.1 MB
[runlim] sample:		810.0 time, 810.0 real, 58.1 MB
[runlim] sample:		820.0 time, 820.0 real, 58.1 MB
[runlim] sample:		830.0 time, 830.0 real, 58.1 MB
[runlim] sample:		840.0 time, 840.0 real, 58.1 MB
[runlim] sample:		850.0 time, 850.0 real, 58.1 MB
[runlim] sample:		860.0 time, 860.0 real, 58.1 MB
[runlim] sample:		870.0 time, 870.0 real, 58.1 MB
[runlim] end:			Thu Jan 31 09:27:22 2019
[runlim] status:		ok
[runlim] result:		0
[runlim] children:		0
[runlim] real:			873.41 seconds
[runlim] time:			873.25 seconds
[runlim] space:			58.1 MB
[runlim] samples:		8733
