[runlim] version:		1.10fixed
[runlim] time limit:		300 seconds
[runlim] real time limit:	311040000 seconds
[runlim] space limit:		4000 MB
[runlim] argv[0]:		./z3
[runlim] argv[1]:		/tmp/EoL0ua9g.smt2
[runlim] start:			Thu Feb 14 00:27:14 2019
[runlim] main pid:		6949
[runlim] sample:		8.3 time, 10.4 real, 27.6 MB
[runlim] sample:		16.6 time, 20.4 real, 38.5 MB
[runlim] sample:		25.2 time, 30.4 real, 46.3 MB
[runlim] sample:		34.9 time, 40.4 real, 52.2 MB
[runlim] sample:		44.4 time, 50.4 real, 58.8 MB
[runlim] sample:		54.4 time, 60.4 real, 64.2 MB
[runlim] sample:		64.4 time, 70.4 real, 70.6 MB
[runlim] sample:		74.4 time, 80.4 real, 73.9 MB
[runlim] sample:		84.4 time, 90.4 real, 78.9 MB
[runlim] sample:		94.1 time, 100.4 real, 85.9 MB
[runlim] sample:		103.2 time, 110.4 real, 91.3 MB
[runlim] sample:		111.6 time, 120.4 real, 95.5 MB
[runlim] sample:		121.1 time, 130.4 real, 98.3 MB
[runlim] sample:		128.8 time, 140.4 real, 101.9 MB
[runlim] sample:		138.8 time, 150.4 real, 107.3 MB
[runlim] sample:		148.6 time, 160.4 real, 112.7 MB
[runlim] sample:		158.4 time, 170.4 real, 116.8 MB
[runlim] sample:		168.4 time, 180.4 real, 121.4 MB
[runlim] sample:		178.4 time, 190.4 real, 124.0 MB
[runlim] sample:		188.4 time, 200.4 real, 145.7 MB
[runlim] sample:		198.4 time, 210.4 real, 148.0 MB
[runlim] sample:		208.4 time, 220.4 real, 149.3 MB
[runlim] sample:		218.4 time, 230.4 real, 152.4 MB
[runlim] sample:		228.4 time, 240.4 real, 155.2 MB
[runlim] sample:		238.4 time, 250.4 real, 158.8 MB
[runlim] sample:		248.4 time, 260.4 real, 160.6 MB
[runlim] sample:		258.4 time, 270.4 real, 163.5 MB
[runlim] sample:		268.4 time, 280.4 real, 165.6 MB
[runlim] sample:		278.4 time, 290.4 real, 166.9 MB
[runlim] sample:		288.4 time, 300.4 real, 171.3 MB
[runlim] sample:		298.4 time, 310.4 real, 173.1 MB
[runlim] end:			Thu Feb 14 00:32:26 2019
[runlim] status:		out of time
[runlim] result:		2
[runlim] children:		0
[runlim] real:			312.13 seconds
[runlim] time:			300.09 seconds
[runlim] space:			173.3 MB
[runlim] samples:		3117
