[runlim] version:		1.10fixed
[runlim] time limit:		1800 seconds
[runlim] real time limit:	311040000 seconds
[runlim] space limit:		4000 MB
[runlim] argv[0]:		./z3
[runlim] argv[1]:		/tmp/Z4pCEvrl.smt2
[runlim] start:			Sat Feb  9 01:08:59 2019
[runlim] main pid:		18620
[runlim] sample:		8.5 time, 11.0 real, 19.4 MB
[runlim] sample:		17.4 time, 21.0 real, 21.9 MB
[runlim] sample:		26.3 time, 31.0 real, 21.9 MB
[runlim] sample:		34.8 time, 41.0 real, 22.3 MB
[runlim] sample:		42.8 time, 51.0 real, 22.3 MB
[runlim] sample:		51.0 time, 61.0 real, 22.3 MB
[runlim] sample:		60.7 time, 71.0 real, 22.3 MB
[runlim] end:			Sat Feb  9 01:10:11 2019
[runlim] status:		ok
[runlim] result:		0
[runlim] children:		0
[runlim] real:			72.35 seconds
[runlim] time:			61.99 seconds
[runlim] space:			22.4 MB
[runlim] samples:		713
