[runlim] version:		1.10fixed
[runlim] time limit:		300 seconds
[runlim] real time limit:	311040000 seconds
[runlim] space limit:		4000 MB
[runlim] argv[0]:		./z3
[runlim] argv[1]:		/tmp/M6jKDuJD.smt2
[runlim] start:			Mon Jan 28 18:55:13 2019
[runlim] main pid:		17210
[runlim] sample:		9.9 time, 11.0 real, 22.9 MB
[runlim] sample:		19.9 time, 21.0 real, 23.3 MB
[runlim] sample:		29.9 time, 31.0 real, 28.5 MB
[runlim] sample:		39.9 time, 41.0 real, 28.5 MB
[runlim] sample:		49.9 time, 51.0 real, 28.5 MB
[runlim] sample:		59.9 time, 61.0 real, 28.5 MB
[runlim] sample:		69.8 time, 71.0 real, 28.5 MB
[runlim] sample:		79.8 time, 81.0 real, 28.5 MB
[runlim] sample:		88.0 time, 91.0 real, 28.5 MB
[runlim] sample:		95.7 time, 101.0 real, 28.5 MB
[runlim] sample:		104.2 time, 111.0 real, 29.3 MB
[runlim] sample:		113.5 time, 121.0 real, 28.7 MB
[runlim] sample:		122.2 time, 131.0 real, 28.7 MB
[runlim] sample:		130.4 time, 141.0 real, 28.7 MB
[runlim] sample:		138.3 time, 151.0 real, 31.0 MB
[runlim] sample:		147.3 time, 161.0 real, 31.0 MB
[runlim] sample:		157.3 time, 171.0 real, 33.1 MB
[runlim] sample:		167.3 time, 181.0 real, 33.4 MB
[runlim] sample:		177.3 time, 191.0 real, 32.8 MB
[runlim] sample:		187.3 time, 201.0 real, 38.0 MB
[runlim] sample:		197.3 time, 211.0 real, 38.0 MB
[runlim] sample:		207.3 time, 221.0 real, 38.0 MB
[runlim] sample:		217.3 time, 231.0 real, 38.0 MB
[runlim] sample:		226.7 time, 241.0 real, 38.0 MB
[runlim] sample:		236.0 time, 251.0 real, 38.0 MB
[runlim] sample:		245.3 time, 261.0 real, 38.0 MB
[runlim] sample:		255.3 time, 271.0 real, 39.0 MB
[runlim] sample:		265.3 time, 281.0 real, 41.3 MB
[runlim] sample:		274.7 time, 291.0 real, 43.1 MB
[runlim] sample:		284.0 time, 301.0 real, 45.6 MB
[runlim] sample:		293.5 time, 311.0 real, 45.4 MB
[runlim] end:			Mon Jan 28 19:00:26 2019
[runlim] status:		signal(9)
[runlim] result:		11
[runlim] children:		0
[runlim] real:			313.33 seconds
[runlim] time:			295.83 seconds
[runlim] space:			46.2 MB
[runlim] samples:		3123
