[runlim] version:		1.10fixed
[runlim] time limit:		1800 seconds
[runlim] real time limit:	311040000 seconds
[runlim] space limit:		4000 MB
[runlim] argv[0]:		./z3
[runlim] argv[1]:		/tmp/8O3daxNt.smt2
[runlim] start:			Sat Feb  9 23:27:44 2019
[runlim] main pid:		1728
[runlim] sample:		7.8 time, 10.7 real, 58.8 MB
[runlim] sample:		16.1 time, 20.7 real, 85.8 MB
[runlim] sample:		25.4 time, 30.7 real, 99.5 MB
[runlim] sample:		35.4 time, 40.7 real, 85.8 MB
[runlim] sample:		45.4 time, 50.7 real, 86.3 MB
[runlim] sample:		55.4 time, 60.7 real, 85.8 MB
[runlim] sample:		65.3 time, 70.7 real, 139.1 MB
[runlim] sample:		75.3 time, 80.7 real, 184.1 MB
[runlim] sample:		85.3 time, 90.7 real, 189.3 MB
[runlim] sample:		95.3 time, 100.7 real, 189.3 MB
[runlim] sample:		105.3 time, 110.7 real, 189.3 MB
[runlim] sample:		115.3 time, 120.7 real, 189.3 MB
[runlim] sample:		125.3 time, 130.7 real, 189.3 MB
[runlim] sample:		135.1 time, 140.7 real, 189.3 MB
[runlim] sample:		145.1 time, 150.7 real, 189.3 MB
[runlim] sample:		154.8 time, 160.7 real, 189.3 MB
[runlim] sample:		163.4 time, 170.7 real, 189.3 MB
[runlim] sample:		172.1 time, 180.7 real, 189.3 MB
[runlim] sample:		180.9 time, 190.7 real, 189.3 MB
[runlim] sample:		190.2 time, 200.7 real, 189.3 MB
[runlim] sample:		199.9 time, 210.7 real, 189.3 MB
[runlim] sample:		209.3 time, 220.7 real, 189.3 MB
[runlim] sample:		218.4 time, 230.7 real, 189.3 MB
[runlim] sample:		228.1 time, 240.7 real, 189.3 MB
[runlim] sample:		238.1 time, 250.7 real, 189.3 MB
[runlim] sample:		248.1 time, 260.7 real, 189.3 MB
[runlim] sample:		258.1 time, 270.7 real, 189.3 MB
[runlim] sample:		268.1 time, 280.7 real, 189.3 MB
[runlim] sample:		276.4 time, 290.7 real, 189.3 MB
[runlim] sample:		286.4 time, 300.7 real, 189.3 MB
[runlim] sample:		294.3 time, 310.7 real, 189.3 MB
[runlim] sample:		302.3 time, 320.7 real, 189.3 MB
[runlim] sample:		311.2 time, 330.7 real, 189.3 MB
[runlim] sample:		319.3 time, 340.7 real, 189.3 MB
[runlim] sample:		328.6 time, 350.7 real, 189.3 MB
[runlim] sample:		338.6 time, 360.7 real, 189.3 MB
[runlim] sample:		347.6 time, 370.7 real, 189.3 MB
[runlim] sample:		357.0 time, 380.7 real, 189.3 MB
[runlim] sample:		367.0 time, 390.7 real, 189.3 MB
[runlim] sample:		377.0 time, 400.7 real, 189.3 MB
[runlim] sample:		384.8 time, 410.7 real, 189.3 MB
[runlim] sample:		394.8 time, 420.7 real, 189.3 MB
[runlim] sample:		404.3 time, 430.7 real, 189.3 MB
[runlim] sample:		412.2 time, 440.7 real, 189.3 MB
[runlim] sample:		420.1 time, 450.7 real, 189.3 MB
[runlim] sample:		428.5 time, 460.7 real, 189.3 MB
[runlim] sample:		437.6 time, 470.7 real, 189.3 MB
[runlim] sample:		446.7 time, 480.7 real, 189.3 MB
[runlim] sample:		456.6 time, 490.7 real, 189.3 MB
[runlim] sample:		465.2 time, 500.7 real, 189.3 MB
[runlim] sample:		474.7 time, 510.7 real, 189.3 MB
[runlim] sample:		484.7 time, 520.7 real, 189.3 MB
[runlim] sample:		494.4 time, 530.7 real, 189.3 MB
[runlim] sample:		504.4 time, 540.7 real, 189.3 MB
[runlim] sample:		514.4 time, 550.7 real, 189.3 MB
[runlim] sample:		524.3 time, 560.7 real, 189.3 MB
[runlim] sample:		533.3 time, 570.7 real, 189.3 MB
[runlim] sample:		543.3 time, 580.7 real, 189.3 MB
[runlim] sample:		553.1 time, 590.7 real, 189.3 MB
[runlim] sample:		562.6 time, 600.7 real, 189.3 MB
[runlim] sample:		572.3 time, 610.7 real, 189.3 MB
[runlim] sample:		581.7 time, 620.7 real, 189.3 MB
[runlim] sample:		590.8 time, 630.7 real, 189.3 MB
[runlim] sample:		600.4 time, 640.7 real, 189.3 MB
[runlim] sample:		609.9 time, 650.7 real, 189.3 MB
[runlim] sample:		619.8 time, 660.7 real, 189.3 MB
[runlim] sample:		629.8 time, 670.7 real, 189.3 MB
[runlim] sample:		639.8 time, 680.7 real, 189.3 MB
[runlim] sample:		649.8 time, 690.7 real, 189.3 MB
[runlim] sample:		659.8 time, 700.7 real, 189.3 MB
[runlim] sample:		669.8 time, 710.7 real, 189.3 MB
[runlim] sample:		679.8 time, 720.7 real, 189.3 MB
[runlim] sample:		689.8 time, 730.7 real, 189.3 MB
[runlim] sample:		699.8 time, 740.7 real, 189.3 MB
[runlim] sample:		709.8 time, 750.7 real, 189.3 MB
[runlim] sample:		719.8 time, 760.7 real, 189.3 MB
[runlim] sample:		729.8 time, 770.7 real, 189.3 MB
[runlim] sample:		739.8 time, 780.7 real, 189.3 MB
[runlim] sample:		749.8 time, 790.7 real, 189.3 MB
[runlim] sample:		759.8 time, 800.7 real, 189.3 MB
[runlim] sample:		769.8 time, 810.7 real, 189.3 MB
[runlim] sample:		779.8 time, 820.7 real, 189.3 MB
[runlim] sample:		789.8 time, 830.7 real, 189.3 MB
[runlim] sample:		799.8 time, 840.7 real, 189.3 MB
[runlim] sample:		809.8 time, 850.7 real, 189.3 MB
[runlim] sample:		819.8 time, 860.7 real, 189.3 MB
[runlim] sample:		829.8 time, 870.7 real, 189.3 MB
[runlim] sample:		839.8 time, 880.7 real, 189.3 MB
[runlim] sample:		849.8 time, 890.7 real, 189.3 MB
[runlim] sample:		859.8 time, 900.7 real, 189.3 MB
[runlim] sample:		869.8 time, 910.7 real, 189.3 MB
[runlim] sample:		879.8 time, 920.7 real, 189.3 MB
[runlim] sample:		889.8 time, 930.7 real, 189.3 MB
[runlim] sample:		899.8 time, 940.7 real, 189.3 MB
[runlim] sample:		909.8 time, 950.7 real, 189.3 MB
[runlim] sample:		919.8 time, 960.7 real, 189.3 MB
[runlim] sample:		929.8 time, 970.7 real, 189.3 MB
[runlim] sample:		939.8 time, 980.7 real, 189.3 MB
[runlim] sample:		949.8 time, 990.7 real, 189.3 MB
[runlim] sample:		959.8 time, 1000.7 real, 189.3 MB
[runlim] sample:		969.8 time, 1010.7 real, 189.3 MB
[runlim] sample:		979.8 time, 1020.7 real, 189.3 MB
[runlim] sample:		989.8 time, 1030.7 real, 189.3 MB
[runlim] sample:		999.8 time, 1040.7 real, 189.3 MB
[runlim] sample:		1009.8 time, 1050.7 real, 189.3 MB
[runlim] sample:		1019.8 time, 1060.7 real, 189.3 MB
[runlim] sample:		1029.8 time, 1070.7 real, 189.3 MB
[runlim] sample:		1039.8 time, 1080.7 real, 189.3 MB
[runlim] sample:		1049.8 time, 1090.7 real, 189.3 MB
[runlim] sample:		1059.8 time, 1100.7 real, 189.3 MB
[runlim] sample:		1069.8 time, 1110.7 real, 189.3 MB
[runlim] sample:		1079.8 time, 1120.7 real, 189.3 MB
[runlim] sample:		1089.8 time, 1130.7 real, 189.3 MB
[runlim] sample:		1099.8 time, 1140.7 real, 189.3 MB
[runlim] sample:		1109.8 time, 1150.7 real, 189.3 MB
[runlim] sample:		1119.8 time, 1160.7 real, 189.3 MB
[runlim] sample:		1129.8 time, 1170.7 real, 189.3 MB
[runlim] sample:		1139.8 time, 1180.7 real, 189.3 MB
[runlim] sample:		1149.8 time, 1190.7 real, 189.3 MB
[runlim] sample:		1159.8 time, 1200.7 real, 189.3 MB
[runlim] sample:		1169.8 time, 1210.7 real, 189.3 MB
[runlim] sample:		1179.8 time, 1220.7 real, 189.3 MB
[runlim] sample:		1189.8 time, 1230.7 real, 189.3 MB
[runlim] sample:		1199.8 time, 1240.7 real, 189.3 MB
[runlim] sample:		1209.8 time, 1250.7 real, 189.3 MB
[runlim] sample:		1219.8 time, 1260.7 real, 189.3 MB
[runlim] sample:		1229.8 time, 1270.7 real, 189.3 MB
[runlim] sample:		1239.8 time, 1280.7 real, 189.3 MB
[runlim] sample:		1249.8 time, 1290.7 real, 189.3 MB
[runlim] sample:		1259.8 time, 1300.7 real, 189.3 MB
[runlim] sample:		1269.8 time, 1310.7 real, 189.3 MB
[runlim] sample:		1279.8 time, 1320.7 real, 189.3 MB
[runlim] sample:		1289.8 time, 1330.7 real, 189.3 MB
[runlim] sample:		1299.8 time, 1340.7 real, 189.3 MB
[runlim] sample:		1309.8 time, 1350.7 real, 189.3 MB
[runlim] sample:		1319.8 time, 1360.7 real, 189.3 MB
[runlim] sample:		1329.8 time, 1370.7 real, 189.3 MB
[runlim] sample:		1339.8 time, 1380.7 real, 189.3 MB
[runlim] sample:		1349.8 time, 1390.7 real, 189.3 MB
[runlim] sample:		1359.8 time, 1400.7 real, 189.3 MB
[runlim] sample:		1369.8 time, 1410.7 real, 189.3 MB
[runlim] sample:		1379.8 time, 1420.7 real, 189.3 MB
[runlim] sample:		1389.8 time, 1430.7 real, 189.3 MB
[runlim] sample:		1399.8 time, 1440.7 real, 189.3 MB
[runlim] sample:		1409.8 time, 1450.7 real, 189.3 MB
[runlim] sample:		1419.8 time, 1460.7 real, 189.3 MB
[runlim] sample:		1429.8 time, 1470.7 real, 189.3 MB
[runlim] sample:		1439.8 time, 1480.7 real, 189.3 MB
[runlim] sample:		1449.8 time, 1490.7 real, 189.3 MB
[runlim] sample:		1459.8 time, 1500.7 real, 189.3 MB
[runlim] sample:		1469.8 time, 1510.7 real, 189.3 MB
[runlim] sample:		1479.8 time, 1520.7 real, 189.3 MB
[runlim] sample:		1489.8 time, 1530.7 real, 189.3 MB
[runlim] sample:		1499.8 time, 1540.7 real, 189.3 MB
[runlim] sample:		1509.8 time, 1550.7 real, 189.3 MB
[runlim] sample:		1519.8 time, 1560.7 real, 189.3 MB
[runlim] sample:		1529.8 time, 1570.7 real, 189.3 MB
[runlim] sample:		1539.8 time, 1580.7 real, 189.3 MB
[runlim] sample:		1549.8 time, 1590.7 real, 189.3 MB
[runlim] sample:		1559.8 time, 1600.7 real, 189.3 MB
[runlim] sample:		1569.8 time, 1610.7 real, 189.3 MB
[runlim] sample:		1579.8 time, 1620.7 real, 189.3 MB
[runlim] sample:		1589.8 time, 1630.7 real, 189.3 MB
[runlim] sample:		1599.8 time, 1640.7 real, 189.3 MB
[runlim] sample:		1609.8 time, 1650.7 real, 189.3 MB
[runlim] sample:		1619.8 time, 1660.7 real, 189.3 MB
[runlim] sample:		1629.8 time, 1670.7 real, 189.3 MB
[runlim] sample:		1639.8 time, 1680.7 real, 189.3 MB
[runlim] sample:		1649.8 time, 1690.7 real, 189.3 MB
[runlim] sample:		1659.8 time, 1700.7 real, 189.3 MB
[runlim] sample:		1669.8 time, 1710.7 real, 189.3 MB
[runlim] sample:		1679.8 time, 1720.7 real, 189.3 MB
[runlim] sample:		1689.8 time, 1730.7 real, 189.3 MB
[runlim] sample:		1699.8 time, 1740.7 real, 189.3 MB
[runlim] sample:		1709.8 time, 1750.7 real, 189.3 MB
[runlim] sample:		1719.8 time, 1760.7 real, 189.3 MB
[runlim] sample:		1729.8 time, 1770.7 real, 189.3 MB
[runlim] sample:		1739.8 time, 1780.7 real, 189.3 MB
[runlim] sample:		1749.8 time, 1790.7 real, 189.3 MB
[runlim] sample:		1759.8 time, 1800.7 real, 189.3 MB
[runlim] sample:		1769.8 time, 1810.7 real, 189.3 MB
[runlim] sample:		1779.8 time, 1820.7 real, 189.3 MB
[runlim] sample:		1789.8 time, 1830.7 real, 189.3 MB
[runlim] sample:		1799.8 time, 1840.7 real, 189.3 MB
[runlim] end:			Sat Feb  9 23:58:24 2019
[runlim] status:		out of time
[runlim] result:		2
[runlim] children:		0
[runlim] real:			1840.98 seconds
[runlim] time:			1800.10 seconds
[runlim] space:			191.9 MB
[runlim] samples:		18403
