[runlim] version:		1.10fixed
[runlim] time limit:		300 seconds
[runlim] real time limit:	311040000 seconds
[runlim] space limit:		4000 MB
[runlim] argv[0]:		./z3
[runlim] argv[1]:		/tmp/ntbTZAnU.smt2
[runlim] start:			Mon Jan 28 18:59:15 2019
[runlim] main pid:		18937
[runlim] sample:		9.6 time, 10.4 real, 35.2 MB
[runlim] sample:		19.6 time, 20.4 real, 32.0 MB
[runlim] sample:		29.6 time, 30.4 real, 39.3 MB
[runlim] sample:		39.6 time, 40.4 real, 38.0 MB
[runlim] sample:		49.6 time, 50.4 real, 38.0 MB
[runlim] sample:		59.6 time, 60.4 real, 38.0 MB
[runlim] sample:		69.6 time, 70.4 real, 116.0 MB
[runlim] sample:		79.6 time, 80.4 real, 116.0 MB
[runlim] sample:		89.6 time, 90.4 real, 116.0 MB
[runlim] sample:		98.5 time, 100.4 real, 116.0 MB
[runlim] sample:		108.3 time, 110.4 real, 116.0 MB
[runlim] sample:		118.3 time, 120.4 real, 116.0 MB
[runlim] sample:		128.3 time, 130.4 real, 116.0 MB
[runlim] sample:		138.3 time, 140.4 real, 116.3 MB
[runlim] sample:		148.2 time, 150.4 real, 116.3 MB
[runlim] sample:		158.2 time, 160.4 real, 116.3 MB
[runlim] sample:		167.1 time, 170.4 real, 116.3 MB
[runlim] sample:		175.1 time, 180.4 real, 116.3 MB
[runlim] sample:		184.4 time, 190.4 real, 116.3 MB
[runlim] sample:		193.4 time, 200.4 real, 116.3 MB
[runlim] sample:		203.0 time, 210.4 real, 116.3 MB
[runlim] sample:		211.7 time, 220.4 real, 116.3 MB
[runlim] sample:		221.7 time, 230.4 real, 116.3 MB
[runlim] sample:		231.7 time, 240.4 real, 116.3 MB
[runlim] sample:		241.7 time, 250.4 real, 116.3 MB
[runlim] sample:		251.7 time, 260.4 real, 116.3 MB
[runlim] sample:		261.6 time, 270.4 real, 116.3 MB
[runlim] sample:		271.6 time, 280.4 real, 116.3 MB
[runlim] sample:		281.6 time, 290.4 real, 116.3 MB
[runlim] sample:		291.6 time, 300.4 real, 116.3 MB
[runlim] end:			Mon Jan 28 19:04:23 2019
[runlim] status:		signal(9)
[runlim] result:		11
[runlim] children:		0
[runlim] real:			308.53 seconds
[runlim] time:			299.42 seconds
[runlim] space:			116.3 MB
[runlim] samples:		3080
