[runlim] version:		1.10fixed
[runlim] time limit:		300 seconds
[runlim] real time limit:	311040000 seconds
[runlim] space limit:		4000 MB
[runlim] argv[0]:		./z3
[runlim] argv[1]:		/tmp/EY8hIxuH.smt2
[runlim] start:			Mon Jan 28 18:57:48 2019
[runlim] main pid:		15150
[runlim] sample:		8.8 time, 10.6 real, 17.4 MB
[runlim] sample:		17.0 time, 20.5 real, 21.6 MB
[runlim] sample:		25.1 time, 30.5 real, 29.1 MB
[runlim] sample:		34.0 time, 40.5 real, 51.0 MB
[runlim] sample:		43.1 time, 50.5 real, 29.1 MB
[runlim] sample:		52.3 time, 60.5 real, 29.1 MB
[runlim] sample:		61.6 time, 70.5 real, 31.1 MB
[runlim] sample:		69.6 time, 80.5 real, 31.1 MB
[runlim] sample:		78.4 time, 90.5 real, 31.1 MB
[runlim] sample:		87.1 time, 100.5 real, 34.0 MB
[runlim] sample:		95.5 time, 110.5 real, 36.7 MB
[runlim] sample:		105.1 time, 120.5 real, 49.8 MB
[runlim] sample:		113.4 time, 130.5 real, 49.8 MB
[runlim] sample:		122.7 time, 140.5 real, 49.8 MB
[runlim] sample:		132.2 time, 150.5 real, 52.9 MB
[runlim] sample:		141.4 time, 160.5 real, 74.7 MB
[runlim] sample:		150.4 time, 170.5 real, 74.7 MB
[runlim] sample:		160.0 time, 180.5 real, 74.7 MB
[runlim] sample:		169.5 time, 190.5 real, 74.7 MB
[runlim] sample:		179.3 time, 200.5 real, 74.7 MB
[runlim] sample:		189.3 time, 210.5 real, 74.7 MB
[runlim] sample:		199.3 time, 220.5 real, 74.7 MB
[runlim] sample:		209.2 time, 230.5 real, 74.7 MB
[runlim] sample:		218.8 time, 240.5 real, 74.7 MB
[runlim] sample:		228.6 time, 250.5 real, 74.7 MB
[runlim] sample:		238.6 time, 260.5 real, 74.7 MB
[runlim] sample:		248.3 time, 270.5 real, 74.7 MB
[runlim] sample:		258.1 time, 280.5 real, 74.7 MB
[runlim] sample:		268.1 time, 290.5 real, 74.7 MB
[runlim] sample:		278.1 time, 300.5 real, 74.7 MB
[runlim] sample:		288.1 time, 310.5 real, 74.7 MB
[runlim] sample:		298.1 time, 320.5 real, 74.7 MB
[runlim] end:			Mon Jan 28 19:03:10 2019
[runlim] status:		signal(9)
[runlim] result:		11
[runlim] children:		0
[runlim] real:			322.37 seconds
[runlim] time:			299.87 seconds
[runlim] space:			74.7 MB
[runlim] samples:		3218
