[runlim] version:		1.10fixed
[runlim] time limit:		300 seconds
[runlim] real time limit:	311040000 seconds
[runlim] space limit:		4000 MB
[runlim] argv[0]:		./z3
[runlim] argv[1]:		/tmp/wKeeMogF.smt2
[runlim] start:			Mon Jan 28 18:57:27 2019
[runlim] main pid:		30308
[runlim] sample:		7.9 time, 10.8 real, 17.7 MB
[runlim] sample:		17.8 time, 20.8 real, 18.7 MB
[runlim] sample:		27.8 time, 30.8 real, 21.5 MB
[runlim] sample:		37.7 time, 40.8 real, 26.5 MB
[runlim] sample:		47.5 time, 50.8 real, 26.3 MB
[runlim] sample:		57.5 time, 60.8 real, 26.3 MB
[runlim] sample:		67.3 time, 70.8 real, 26.3 MB
[runlim] sample:		77.1 time, 80.8 real, 26.3 MB
[runlim] sample:		87.1 time, 90.8 real, 26.3 MB
[runlim] sample:		97.1 time, 100.8 real, 59.3 MB
[runlim] sample:		107.1 time, 110.8 real, 59.3 MB
[runlim] sample:		116.9 time, 120.8 real, 59.3 MB
[runlim] sample:		126.8 time, 130.8 real, 59.3 MB
[runlim] sample:		136.8 time, 140.8 real, 59.3 MB
[runlim] sample:		146.7 time, 150.8 real, 67.2 MB
[runlim] sample:		156.6 time, 160.8 real, 67.2 MB
[runlim] sample:		166.5 time, 170.8 real, 67.2 MB
[runlim] sample:		176.0 time, 180.8 real, 67.2 MB
[runlim] sample:		185.7 time, 190.8 real, 110.5 MB
[runlim] sample:		195.7 time, 200.8 real, 110.5 MB
[runlim] sample:		205.7 time, 210.8 real, 110.5 MB
[runlim] sample:		215.2 time, 220.8 real, 110.5 MB
[runlim] sample:		224.7 time, 230.8 real, 110.5 MB
[runlim] sample:		234.7 time, 240.8 real, 110.5 MB
[runlim] sample:		244.7 time, 250.8 real, 110.5 MB
[runlim] sample:		254.7 time, 260.8 real, 110.5 MB
[runlim] sample:		264.7 time, 270.8 real, 110.8 MB
[runlim] sample:		274.7 time, 280.8 real, 110.8 MB
[runlim] sample:		284.7 time, 290.8 real, 110.8 MB
[runlim] sample:		294.7 time, 300.8 real, 110.8 MB
[runlim] end:			Mon Jan 28 19:02:33 2019
[runlim] status:		out of time
[runlim] result:		2
[runlim] children:		0
[runlim] real:			306.09 seconds
[runlim] time:			300.02 seconds
[runlim] space:			110.8 MB
[runlim] samples:		3053
