[runlim] version:		1.10fixed
[runlim] time limit:		300 seconds
[runlim] real time limit:	311040000 seconds
[runlim] space limit:		4000 MB
[runlim] argv[0]:		./z3
[runlim] argv[1]:		/tmp/L5YzrHfy.smt2
[runlim] start:			Tue Jan 29 16:22:10 2019
[runlim] main pid:		18667
[runlim] sample:		7.3 time, 10.1 real, 30.2 MB
[runlim] sample:		17.2 time, 20.1 real, 43.5 MB
[runlim] sample:		27.1 time, 30.1 real, 52.6 MB
[runlim] sample:		36.7 time, 40.1 real, 62.6 MB
[runlim] sample:		45.1 time, 50.1 real, 72.7 MB
[runlim] sample:		53.9 time, 60.1 real, 84.9 MB
[runlim] sample:		62.5 time, 70.1 real, 88.3 MB
[runlim] sample:		71.4 time, 80.1 real, 96.2 MB
[runlim] sample:		81.3 time, 90.1 real, 100.1 MB
[runlim] sample:		91.3 time, 100.1 real, 102.9 MB
[runlim] sample:		101.2 time, 110.1 real, 106.4 MB
[runlim] sample:		109.6 time, 120.1 real, 108.9 MB
[runlim] sample:		118.9 time, 130.1 real, 120.4 MB
[runlim] sample:		127.7 time, 140.1 real, 125.8 MB
[runlim] sample:		136.1 time, 150.1 real, 138.1 MB
[runlim] sample:		145.7 time, 160.1 real, 148.2 MB
[runlim] sample:		155.3 time, 170.1 real, 152.8 MB
[runlim] sample:		164.3 time, 180.1 real, 156.2 MB
[runlim] sample:		173.3 time, 190.1 real, 158.8 MB
[runlim] sample:		182.2 time, 200.1 real, 161.9 MB
[runlim] sample:		192.2 time, 210.1 real, 163.9 MB
[runlim] sample:		201.8 time, 220.1 real, 165.5 MB
[runlim] sample:		210.8 time, 230.1 real, 167.3 MB
[runlim] sample:		220.6 time, 240.1 real, 168.3 MB
[runlim] sample:		230.6 time, 250.1 real, 170.6 MB
[runlim] sample:		240.6 time, 260.1 real, 172.9 MB
[runlim] sample:		249.8 time, 270.1 real, 176.4 MB
[runlim] sample:		258.6 time, 280.1 real, 178.2 MB
[runlim] sample:		268.1 time, 290.1 real, 180.0 MB
[runlim] sample:		278.1 time, 300.1 real, 180.8 MB
[runlim] sample:		288.1 time, 310.1 real, 182.6 MB
[runlim] sample:		298.1 time, 320.1 real, 184.1 MB
[runlim] end:			Tue Jan 29 16:27:32 2019
[runlim] status:		out of time
[runlim] result:		2
[runlim] children:		0
[runlim] real:			322.03 seconds
[runlim] time:			300.01 seconds
[runlim] space:			184.4 MB
[runlim] samples:		3219
