[runlim] version:		1.10fixed
[runlim] time limit:		1800 seconds
[runlim] real time limit:	311040000 seconds
[runlim] space limit:		4000 MB
[runlim] argv[0]:		./z3
[runlim] argv[1]:		/tmp/Xwic6AEl.smt2
[runlim] start:			Fri Feb 15 05:01:36 2019
[runlim] main pid:		6300
[runlim] sample:		9.0 time, 10.3 real, 38.9 MB
[runlim] sample:		18.7 time, 20.3 real, 47.2 MB
[runlim] sample:		28.3 time, 30.3 real, 60.6 MB
[runlim] sample:		38.0 time, 40.3 real, 75.7 MB
[runlim] sample:		47.6 time, 50.3 real, 92.5 MB
[runlim] sample:		57.3 time, 60.3 real, 104.0 MB
[runlim] sample:		67.0 time, 70.3 real, 125.3 MB
[runlim] sample:		76.6 time, 80.3 real, 157.3 MB
[runlim] sample:		86.2 time, 90.3 real, 161.7 MB
[runlim] sample:		95.5 time, 100.3 real, 165.3 MB
[runlim] sample:		104.8 time, 110.3 real, 186.2 MB
[runlim] sample:		114.1 time, 120.3 real, 194.4 MB
[runlim] sample:		123.3 time, 130.3 real, 200.6 MB
[runlim] sample:		132.7 time, 140.3 real, 210.4 MB
[runlim] sample:		142.3 time, 150.3 real, 231.4 MB
[runlim] sample:		151.7 time, 160.3 real, 256.4 MB
[runlim] sample:		161.4 time, 170.3 real, 263.1 MB
[runlim] sample:		171.1 time, 180.3 real, 280.4 MB
[runlim] sample:		180.7 time, 190.3 real, 293.8 MB
[runlim] sample:		190.0 time, 200.3 real, 318.8 MB
[runlim] sample:		199.3 time, 210.3 real, 328.4 MB
[runlim] sample:		208.6 time, 220.3 real, 330.2 MB
[runlim] sample:		217.9 time, 230.3 real, 339.5 MB
[runlim] sample:		227.2 time, 240.3 real, 347.7 MB
[runlim] sample:		236.9 time, 250.3 real, 349.0 MB
[runlim] sample:		246.2 time, 260.3 real, 352.9 MB
[runlim] sample:		255.2 time, 270.3 real, 356.5 MB
[runlim] sample:		264.7 time, 280.3 real, 360.9 MB
[runlim] sample:		274.5 time, 290.3 real, 369.9 MB
[runlim] sample:		284.2 time, 300.3 real, 399.0 MB
[runlim] sample:		294.1 time, 310.3 real, 436.4 MB
[runlim] sample:		304.1 time, 320.3 real, 457.6 MB
[runlim] sample:		314.1 time, 330.3 real, 466.6 MB
[runlim] sample:		323.9 time, 340.3 real, 470.4 MB
[runlim] sample:		332.5 time, 350.3 real, 475.9 MB
[runlim] sample:		341.6 time, 360.3 real, 522.6 MB
[runlim] sample:		350.2 time, 370.3 real, 551.3 MB
[runlim] sample:		360.1 time, 380.3 real, 559.5 MB
[runlim] sample:		369.2 time, 390.3 real, 562.4 MB
[runlim] sample:		378.5 time, 400.3 real, 566.7 MB
[runlim] sample:		388.5 time, 410.3 real, 571.9 MB
[runlim] sample:		398.5 time, 420.3 real, 600.2 MB
[runlim] sample:		408.5 time, 430.3 real, 650.5 MB
[runlim] sample:		418.5 time, 440.3 real, 655.4 MB
[runlim] sample:		428.5 time, 450.3 real, 657.2 MB
[runlim] sample:		438.5 time, 460.3 real, 662.9 MB
[runlim] sample:		448.5 time, 470.3 real, 697.3 MB
[runlim] sample:		458.5 time, 480.3 real, 706.4 MB
[runlim] sample:		468.5 time, 490.3 real, 727.5 MB
[runlim] sample:		478.5 time, 500.3 real, 739.4 MB
[runlim] sample:		488.5 time, 510.3 real, 744.3 MB
[runlim] sample:		498.5 time, 520.3 real, 745.3 MB
[runlim] sample:		508.5 time, 530.3 real, 750.5 MB
[runlim] sample:		518.5 time, 540.3 real, 762.3 MB
[runlim] sample:		528.5 time, 550.3 real, 806.9 MB
[runlim] sample:		538.5 time, 560.3 real, 812.1 MB
[runlim] sample:		548.5 time, 570.3 real, 837.4 MB
[runlim] sample:		558.5 time, 580.3 real, 840.5 MB
[runlim] sample:		568.5 time, 590.3 real, 881.9 MB
[runlim] sample:		578.5 time, 600.3 real, 923.4 MB
[runlim] sample:		588.5 time, 610.3 real, 929.9 MB
[runlim] sample:		598.5 time, 620.3 real, 996.1 MB
[runlim] sample:		608.5 time, 630.3 real, 1002.8 MB
[runlim] sample:		618.5 time, 640.3 real, 1009.0 MB
[runlim] sample:		628.5 time, 650.3 real, 1011.1 MB
[runlim] sample:		638.5 time, 660.3 real, 1019.8 MB
[runlim] sample:		648.5 time, 670.3 real, 1025.3 MB
[runlim] sample:		658.5 time, 680.3 real, 1047.9 MB
[runlim] sample:		668.5 time, 690.3 real, 1099.8 MB
[runlim] sample:		678.5 time, 700.3 real, 1108.3 MB
[runlim] sample:		688.5 time, 710.3 real, 1120.1 MB
[runlim] sample:		698.5 time, 720.3 real, 1121.9 MB
[runlim] sample:		708.4 time, 730.3 real, 1143.3 MB
[runlim] sample:		718.4 time, 740.3 real, 1174.3 MB
[runlim] sample:		728.4 time, 750.3 real, 1188.7 MB
[runlim] sample:		738.4 time, 760.3 real, 1191.8 MB
[runlim] sample:		748.4 time, 770.3 real, 1193.9 MB
[runlim] sample:		758.4 time, 780.3 real, 1198.2 MB
[runlim] sample:		768.4 time, 790.3 real, 1214.0 MB
[runlim] sample:		778.4 time, 800.3 real, 1230.5 MB
[runlim] sample:		788.4 time, 810.3 real, 1233.1 MB
[runlim] sample:		798.4 time, 820.3 real, 1244.4 MB
[runlim] sample:		808.4 time, 830.3 real, 1249.0 MB
[runlim] sample:		818.4 time, 840.3 real, 1255.2 MB
[runlim] sample:		828.4 time, 850.3 real, 1260.6 MB
[runlim] sample:		838.4 time, 860.3 real, 1265.5 MB
[runlim] sample:		848.4 time, 870.3 real, 1292.9 MB
[runlim] sample:		857.8 time, 880.3 real, 1300.6 MB
[runlim] sample:		867.1 time, 890.3 real, 1301.4 MB
[runlim] sample:		876.4 time, 900.3 real, 1325.3 MB
[runlim] sample:		884.6 time, 910.3 real, 1334.9 MB
[runlim] sample:		892.9 time, 920.3 real, 1338.0 MB
[runlim] sample:		901.8 time, 930.3 real, 1342.6 MB
[runlim] sample:		910.9 time, 940.3 real, 1345.5 MB
[runlim] sample:		918.9 time, 950.3 real, 1367.1 MB
[runlim] sample:		927.6 time, 960.3 real, 1375.6 MB
[runlim] sample:		935.5 time, 970.3 real, 1379.0 MB
[runlim] sample:		945.2 time, 980.3 real, 1389.8 MB
[runlim] sample:		954.6 time, 990.3 real, 1402.4 MB
[runlim] sample:		963.7 time, 1000.3 real, 1439.6 MB
[runlim] sample:		973.3 time, 1010.3 real, 1525.4 MB
[runlim] sample:		983.1 time, 1020.3 real, 1624.4 MB
[runlim] sample:		993.1 time, 1030.3 real, 1632.1 MB
[runlim] sample:		1002.0 time, 1040.3 real, 1640.1 MB
[runlim] sample:		1011.1 time, 1050.3 real, 1649.7 MB
[runlim] sample:		1020.1 time, 1060.3 real, 1651.5 MB
[runlim] sample:		1029.1 time, 1070.3 real, 1661.8 MB
[runlim] sample:		1037.4 time, 1080.3 real, 1694.0 MB
[runlim] sample:		1046.6 time, 1090.3 real, 1700.2 MB
[runlim] sample:		1054.5 time, 1100.3 real, 1701.5 MB
[runlim] sample:		1062.5 time, 1110.3 real, 1705.6 MB
[runlim] sample:		1071.4 time, 1120.3 real, 1707.7 MB
[runlim] sample:		1081.1 time, 1130.3 real, 1726.0 MB
[runlim] sample:		1090.5 time, 1140.3 real, 1726.0 MB
[runlim] sample:		1100.2 time, 1150.3 real, 1732.2 MB
[runlim] sample:		1109.8 time, 1160.3 real, 1743.3 MB
[runlim] sample:		1119.5 time, 1170.3 real, 1792.2 MB
[runlim] sample:		1129.1 time, 1180.3 real, 1793.5 MB
[runlim] sample:		1138.8 time, 1190.3 real, 1797.9 MB
[runlim] sample:		1148.4 time, 1200.3 real, 1827.5 MB
[runlim] sample:		1158.0 time, 1210.3 real, 1839.9 MB
[runlim] sample:		1167.7 time, 1220.3 real, 1886.8 MB
[runlim] sample:		1177.3 time, 1230.3 real, 1972.1 MB
[runlim] sample:		1187.0 time, 1240.3 real, 1979.9 MB
[runlim] sample:		1196.6 time, 1250.3 real, 1983.2 MB
[runlim] sample:		1206.3 time, 1260.3 real, 1983.2 MB
[runlim] sample:		1216.0 time, 1270.3 real, 1986.3 MB
[runlim] sample:		1225.6 time, 1280.3 real, 1987.1 MB
[runlim] sample:		1235.3 time, 1290.3 real, 1987.3 MB
[runlim] sample:		1244.9 time, 1300.3 real, 1987.6 MB
[runlim] sample:		1254.6 time, 1310.3 real, 1988.1 MB
[runlim] sample:		1264.2 time, 1320.3 real, 1998.4 MB
[runlim] sample:		1273.9 time, 1330.3 real, 1998.7 MB
[runlim] sample:		1283.5 time, 1340.3 real, 1998.9 MB
[runlim] sample:		1293.2 time, 1350.3 real, 2000.5 MB
[runlim] sample:		1302.8 time, 1360.3 real, 2000.5 MB
[runlim] sample:		1312.4 time, 1370.3 real, 2000.5 MB
[runlim] sample:		1322.1 time, 1380.3 real, 2000.5 MB
[runlim] sample:		1331.7 time, 1390.3 real, 2000.5 MB
[runlim] sample:		1341.3 time, 1400.3 real, 2001.0 MB
[runlim] sample:		1351.0 time, 1410.3 real, 2001.8 MB
[runlim] sample:		1360.6 time, 1420.3 real, 2002.0 MB
[runlim] sample:		1370.2 time, 1430.3 real, 2004.9 MB
[runlim] sample:		1379.9 time, 1440.3 real, 2005.1 MB
[runlim] sample:		1389.5 time, 1450.3 real, 2005.1 MB
[runlim] sample:		1399.2 time, 1460.3 real, 2005.4 MB
[runlim] sample:		1408.8 time, 1470.3 real, 2005.4 MB
[runlim] sample:		1418.5 time, 1480.3 real, 2006.2 MB
[runlim] sample:		1428.1 time, 1490.3 real, 2007.7 MB
[runlim] sample:		1437.8 time, 1500.3 real, 2008.0 MB
[runlim] sample:		1447.4 time, 1510.3 real, 2008.0 MB
[runlim] sample:		1457.1 time, 1520.3 real, 2014.7 MB
[runlim] sample:		1466.7 time, 1530.3 real, 2034.0 MB
[runlim] sample:		1476.4 time, 1540.3 real, 2049.7 MB
[runlim] sample:		1486.0 time, 1550.3 real, 2066.2 MB
[runlim] sample:		1495.7 time, 1560.3 real, 2087.6 MB
[runlim] sample:		1505.3 time, 1570.3 real, 2092.0 MB
[runlim] sample:		1515.0 time, 1580.3 real, 2101.6 MB
[runlim] sample:		1524.2 time, 1590.3 real, 2107.0 MB
[runlim] sample:		1533.2 time, 1600.3 real, 2111.1 MB
[runlim] sample:		1542.5 time, 1610.3 real, 2118.6 MB
[runlim] sample:		1552.1 time, 1620.3 real, 2130.2 MB
[runlim] sample:		1562.1 time, 1630.3 real, 2179.2 MB
[runlim] sample:		1572.0 time, 1640.3 real, 2319.9 MB
[runlim] sample:		1582.0 time, 1650.3 real, 2349.3 MB
[runlim] sample:		1592.0 time, 1660.3 real, 2396.5 MB
[runlim] sample:		1602.0 time, 1670.3 real, 2405.3 MB
[runlim] sample:		1612.0 time, 1680.3 real, 2414.0 MB
[runlim] sample:		1622.0 time, 1690.3 real, 2426.4 MB
[runlim] sample:		1632.0 time, 1700.3 real, 2463.8 MB
[runlim] sample:		1641.7 time, 1710.3 real, 2526.4 MB
[runlim] sample:		1651.4 time, 1720.3 real, 2528.0 MB
[runlim] sample:		1661.0 time, 1730.3 real, 2532.9 MB
[runlim] sample:		1670.8 time, 1740.3 real, 2546.8 MB
[runlim] sample:		1679.3 time, 1750.3 real, 2617.9 MB
[runlim] sample:		1688.7 time, 1760.3 real, 2665.6 MB
[runlim] sample:		1698.7 time, 1770.3 real, 2711.5 MB
[runlim] sample:		1708.7 time, 1780.3 real, 2713.1 MB
[runlim] sample:		1718.7 time, 1790.3 real, 2713.1 MB
[runlim] sample:		1728.7 time, 1800.3 real, 2713.1 MB
[runlim] sample:		1738.7 time, 1810.3 real, 2715.7 MB
[runlim] sample:		1748.7 time, 1820.3 real, 2716.9 MB
[runlim] sample:		1758.7 time, 1830.3 real, 2718.0 MB
[runlim] sample:		1768.7 time, 1840.3 real, 2718.5 MB
[runlim] sample:		1778.7 time, 1850.3 real, 2719.0 MB
[runlim] sample:		1788.7 time, 1860.3 real, 2726.2 MB
[runlim] sample:		1798.7 time, 1870.3 real, 2729.3 MB
[runlim] end:			Fri Feb 15 05:32:47 2019
[runlim] status:		out of time
[runlim] result:		2
[runlim] children:		0
[runlim] real:			1871.80 seconds
[runlim] time:			1800.18 seconds
[runlim] space:			2729.3 MB
[runlim] samples:		18715
