[runlim] version:		1.10fixed
[runlim] time limit:		300 seconds
[runlim] real time limit:	311040000 seconds
[runlim] space limit:		4000 MB
[runlim] argv[0]:		./z3
[runlim] argv[1]:		/tmp/ruAl5w56.smt2
[runlim] start:			Tue Jan 29 16:04:03 2019
[runlim] main pid:		31893
[runlim] sample:		7.5 time, 10.4 real, 28.0 MB
[runlim] sample:		17.1 time, 20.4 real, 33.3 MB
[runlim] sample:		27.0 time, 30.4 real, 36.9 MB
[runlim] sample:		37.0 time, 40.4 real, 39.4 MB
[runlim] sample:		47.0 time, 50.4 real, 44.8 MB
[runlim] sample:		56.9 time, 60.4 real, 48.3 MB
[runlim] sample:		66.4 time, 70.4 real, 51.3 MB
[runlim] sample:		76.4 time, 80.4 real, 55.8 MB
[runlim] sample:		86.4 time, 90.4 real, 59.6 MB
[runlim] sample:		96.3 time, 100.4 real, 62.2 MB
[runlim] sample:		106.2 time, 110.4 real, 63.8 MB
[runlim] sample:		116.2 time, 120.4 real, 66.1 MB
[runlim] sample:		126.2 time, 130.4 real, 67.9 MB
[runlim] sample:		136.2 time, 140.4 real, 69.4 MB
[runlim] sample:		146.2 time, 150.4 real, 70.7 MB
[runlim] sample:		156.2 time, 160.4 real, 72.0 MB
[runlim] sample:		166.2 time, 170.4 real, 74.9 MB
[runlim] sample:		176.2 time, 180.4 real, 79.7 MB
[runlim] sample:		186.2 time, 190.4 real, 81.8 MB
[runlim] sample:		196.2 time, 200.4 real, 83.0 MB
[runlim] sample:		206.2 time, 210.4 real, 85.1 MB
[runlim] sample:		216.2 time, 220.4 real, 86.4 MB
[runlim] sample:		226.2 time, 230.4 real, 87.4 MB
[runlim] sample:		236.2 time, 240.4 real, 89.0 MB
[runlim] sample:		246.2 time, 250.4 real, 90.0 MB
[runlim] sample:		256.2 time, 260.4 real, 91.0 MB
[runlim] sample:		266.2 time, 270.4 real, 93.2 MB
[runlim] sample:		276.2 time, 280.4 real, 95.5 MB
[runlim] sample:		286.2 time, 290.4 real, 100.9 MB
[runlim] sample:		296.2 time, 300.4 real, 102.7 MB
[runlim] end:			Tue Jan 29 16:09:07 2019
[runlim] status:		out of time
[runlim] result:		2
[runlim] children:		0
[runlim] real:			304.36 seconds
[runlim] time:			300.07 seconds
[runlim] space:			103.5 MB
[runlim] samples:		3039
