[runlim] version:		1.10fixed
[runlim] time limit:		1800 seconds
[runlim] real time limit:	311040000 seconds
[runlim] space limit:		4000 MB
[runlim] argv[0]:		./z3
[runlim] argv[1]:		/tmp/ytwQlXbu.smt2
[runlim] start:			Sat Feb  9 23:09:21 2019
[runlim] main pid:		15408
[runlim] sample:		7.5 time, 10.2 real, 45.6 MB
[runlim] sample:		15.1 time, 20.2 real, 59.1 MB
[runlim] sample:		22.6 time, 30.2 real, 64.0 MB
[runlim] sample:		30.3 time, 40.2 real, 76.9 MB
[runlim] sample:		39.9 time, 50.2 real, 82.8 MB
[runlim] sample:		49.5 time, 60.2 real, 117.1 MB
[runlim] sample:		58.1 time, 70.2 real, 142.6 MB
[runlim] sample:		66.5 time, 80.2 real, 160.4 MB
[runlim] sample:		74.5 time, 90.2 real, 172.8 MB
[runlim] sample:		83.3 time, 100.2 real, 176.1 MB
[runlim] sample:		92.3 time, 110.2 real, 180.5 MB
[runlim] sample:		101.9 time, 120.2 real, 198.0 MB
[runlim] sample:		111.9 time, 130.2 real, 198.6 MB
[runlim] sample:		121.9 time, 140.2 real, 202.9 MB
[runlim] sample:		131.9 time, 150.2 real, 212.7 MB
[runlim] sample:		141.9 time, 160.2 real, 213.5 MB
[runlim] sample:		151.9 time, 170.2 real, 219.4 MB
[runlim] sample:		161.9 time, 180.2 real, 231.5 MB
[runlim] sample:		171.9 time, 190.2 real, 249.0 MB
[runlim] sample:		181.9 time, 200.2 real, 252.1 MB
[runlim] sample:		191.9 time, 210.2 real, 255.5 MB
[runlim] sample:		201.9 time, 220.2 real, 267.5 MB
[runlim] sample:		211.9 time, 230.2 real, 269.3 MB
[runlim] sample:		220.5 time, 240.2 real, 280.9 MB
[runlim] sample:		228.8 time, 250.2 real, 287.6 MB
[runlim] sample:		236.3 time, 260.2 real, 289.4 MB
[runlim] sample:		244.6 time, 270.2 real, 293.5 MB
[runlim] sample:		254.2 time, 280.2 real, 294.5 MB
[runlim] sample:		264.2 time, 290.2 real, 298.4 MB
[runlim] sample:		274.2 time, 300.2 real, 311.5 MB
[runlim] sample:		284.2 time, 310.2 real, 319.2 MB
[runlim] sample:		294.2 time, 320.2 real, 321.3 MB
[runlim] sample:		304.2 time, 330.2 real, 337.5 MB
[runlim] sample:		313.6 time, 340.2 real, 340.0 MB
[runlim] sample:		321.9 time, 350.2 real, 351.9 MB
[runlim] sample:		330.9 time, 360.2 real, 352.7 MB
[runlim] sample:		340.0 time, 370.2 real, 357.3 MB
[runlim] sample:		349.2 time, 380.2 real, 359.4 MB
[runlim] sample:		357.0 time, 390.2 real, 361.4 MB
[runlim] sample:		365.5 time, 400.2 real, 361.4 MB
[runlim] sample:		375.1 time, 410.2 real, 368.1 MB
[runlim] sample:		383.9 time, 420.2 real, 375.9 MB
[runlim] sample:		392.6 time, 430.2 real, 387.2 MB
[runlim] sample:		401.1 time, 440.2 real, 389.7 MB
[runlim] sample:		409.6 time, 450.2 real, 390.2 MB
[runlim] sample:		417.8 time, 460.2 real, 390.8 MB
[runlim] sample:		426.2 time, 470.2 real, 402.4 MB
[runlim] sample:		434.1 time, 480.2 real, 406.2 MB
[runlim] sample:		443.2 time, 490.2 real, 409.0 MB
[runlim] sample:		451.8 time, 500.2 real, 409.8 MB
[runlim] sample:		460.7 time, 510.2 real, 410.0 MB
[runlim] sample:		470.2 time, 520.2 real, 410.8 MB
[runlim] sample:		480.2 time, 530.2 real, 415.7 MB
[runlim] sample:		490.2 time, 540.2 real, 416.0 MB
[runlim] sample:		500.2 time, 550.2 real, 421.1 MB
[runlim] sample:		510.1 time, 560.2 real, 421.1 MB
[runlim] sample:		520.1 time, 570.2 real, 424.2 MB
[runlim] sample:		530.1 time, 580.2 real, 424.5 MB
[runlim] sample:		538.8 time, 590.2 real, 424.5 MB
[runlim] sample:		547.2 time, 600.2 real, 424.5 MB
[runlim] sample:		555.3 time, 610.2 real, 427.3 MB
[runlim] sample:		564.7 time, 620.2 real, 438.7 MB
[runlim] sample:		573.1 time, 630.2 real, 438.7 MB
[runlim] sample:		581.6 time, 640.2 real, 451.4 MB
[runlim] sample:		591.0 time, 650.2 real, 452.7 MB
[runlim] sample:		600.3 time, 660.2 real, 453.2 MB
[runlim] sample:		610.0 time, 670.2 real, 453.8 MB
[runlim] sample:		619.9 time, 680.2 real, 454.3 MB
[runlim] sample:		629.2 time, 690.2 real, 459.2 MB
[runlim] sample:		639.2 time, 700.2 real, 460.7 MB
[runlim] sample:		648.9 time, 710.2 real, 462.0 MB
[runlim] sample:		658.9 time, 720.2 real, 463.6 MB
[runlim] sample:		668.9 time, 730.2 real, 469.5 MB
[runlim] sample:		678.5 time, 740.2 real, 490.9 MB
[runlim] sample:		688.4 time, 750.2 real, 497.5 MB
[runlim] sample:		698.4 time, 760.2 real, 500.4 MB
[runlim] sample:		707.8 time, 770.2 real, 501.6 MB
[runlim] sample:		717.8 time, 780.2 real, 513.5 MB
[runlim] sample:		727.8 time, 790.2 real, 518.4 MB
[runlim] sample:		737.8 time, 800.2 real, 528.2 MB
[runlim] sample:		747.7 time, 810.2 real, 552.4 MB
[runlim] sample:		757.7 time, 820.2 real, 556.5 MB
[runlim] sample:		766.2 time, 830.2 real, 556.5 MB
[runlim] sample:		775.0 time, 840.2 real, 556.5 MB
[runlim] sample:		784.7 time, 850.2 real, 556.5 MB
[runlim] sample:		794.7 time, 860.2 real, 562.7 MB
[runlim] sample:		804.7 time, 870.2 real, 569.9 MB
[runlim] sample:		814.7 time, 880.2 real, 574.0 MB
[runlim] sample:		824.7 time, 890.2 real, 577.9 MB
[runlim] sample:		834.7 time, 900.2 real, 577.9 MB
[runlim] sample:		844.7 time, 910.2 real, 577.9 MB
[runlim] sample:		854.7 time, 920.2 real, 577.9 MB
[runlim] sample:		864.7 time, 930.2 real, 577.9 MB
[runlim] sample:		874.7 time, 940.2 real, 595.4 MB
[runlim] sample:		884.7 time, 950.2 real, 604.7 MB
[runlim] sample:		894.7 time, 960.2 real, 604.7 MB
[runlim] sample:		904.7 time, 970.2 real, 604.7 MB
[runlim] sample:		914.7 time, 980.2 real, 608.5 MB
[runlim] sample:		924.7 time, 990.2 real, 612.7 MB
[runlim] sample:		934.7 time, 1000.2 real, 612.7 MB
[runlim] sample:		944.7 time, 1010.2 real, 616.5 MB
[runlim] sample:		954.7 time, 1020.2 real, 616.5 MB
[runlim] sample:		964.7 time, 1030.2 real, 617.8 MB
[runlim] sample:		974.7 time, 1040.2 real, 617.8 MB
[runlim] sample:		984.7 time, 1050.2 real, 622.0 MB
[runlim] sample:		994.7 time, 1060.2 real, 622.0 MB
[runlim] sample:		1004.7 time, 1070.2 real, 622.0 MB
[runlim] sample:		1014.6 time, 1080.2 real, 622.0 MB
[runlim] sample:		1024.7 time, 1090.2 real, 622.0 MB
[runlim] sample:		1034.7 time, 1100.2 real, 625.8 MB
[runlim] sample:		1044.6 time, 1110.2 real, 626.1 MB
[runlim] sample:		1054.7 time, 1120.2 real, 629.9 MB
[runlim] sample:		1064.6 time, 1130.2 real, 629.9 MB
[runlim] sample:		1074.6 time, 1140.2 real, 633.8 MB
[runlim] sample:		1084.6 time, 1150.2 real, 633.8 MB
[runlim] sample:		1094.6 time, 1160.2 real, 634.1 MB
[runlim] sample:		1104.6 time, 1170.2 real, 634.1 MB
[runlim] sample:		1114.6 time, 1180.2 real, 644.1 MB
[runlim] sample:		1124.6 time, 1190.2 real, 644.1 MB
[runlim] sample:		1134.6 time, 1200.2 real, 644.1 MB
[runlim] sample:		1144.6 time, 1210.2 real, 644.1 MB
[runlim] sample:		1154.6 time, 1220.2 real, 644.1 MB
[runlim] sample:		1164.6 time, 1230.2 real, 648.2 MB
[runlim] sample:		1174.6 time, 1240.2 real, 648.2 MB
[runlim] sample:		1183.9 time, 1250.2 real, 648.2 MB
[runlim] sample:		1191.2 time, 1260.2 real, 648.2 MB
[runlim] sample:		1199.6 time, 1270.2 real, 648.2 MB
[runlim] sample:		1207.6 time, 1280.2 real, 654.2 MB
[runlim] sample:		1216.2 time, 1290.2 real, 654.2 MB
[runlim] sample:		1225.0 time, 1300.2 real, 654.2 MB
[runlim] sample:		1234.8 time, 1310.2 real, 658.3 MB
[runlim] sample:		1244.8 time, 1320.2 real, 662.4 MB
[runlim] sample:		1254.8 time, 1330.2 real, 662.4 MB
[runlim] sample:		1262.9 time, 1340.2 real, 662.4 MB
[runlim] sample:		1272.5 time, 1350.2 real, 662.4 MB
[runlim] sample:		1282.5 time, 1360.2 real, 666.3 MB
[runlim] sample:		1292.5 time, 1370.2 real, 666.3 MB
[runlim] sample:		1302.5 time, 1380.2 real, 670.4 MB
[runlim] sample:		1312.5 time, 1390.2 real, 670.4 MB
[runlim] sample:		1322.5 time, 1400.2 real, 670.4 MB
[runlim] sample:		1331.5 time, 1410.2 real, 670.4 MB
[runlim] sample:		1341.3 time, 1420.2 real, 670.4 MB
[runlim] sample:		1349.5 time, 1430.2 real, 670.4 MB
[runlim] sample:		1358.2 time, 1440.2 real, 673.5 MB
[runlim] sample:		1366.5 time, 1450.2 real, 673.5 MB
[runlim] sample:		1375.7 time, 1460.2 real, 673.5 MB
[runlim] sample:		1384.6 time, 1470.2 real, 673.5 MB
[runlim] sample:		1394.6 time, 1480.2 real, 677.4 MB
[runlim] sample:		1404.6 time, 1490.2 real, 677.4 MB
[runlim] sample:		1413.9 time, 1500.2 real, 677.4 MB
[runlim] sample:		1423.9 time, 1510.2 real, 682.8 MB
[runlim] sample:		1433.9 time, 1520.2 real, 683.1 MB
[runlim] sample:		1443.9 time, 1530.2 real, 683.1 MB
[runlim] sample:		1453.9 time, 1540.2 real, 687.2 MB
[runlim] sample:		1463.9 time, 1550.2 real, 687.2 MB
[runlim] sample:		1473.9 time, 1560.2 real, 687.2 MB
[runlim] sample:		1481.9 time, 1570.2 real, 687.2 MB
[runlim] sample:		1491.0 time, 1580.2 real, 687.2 MB
[runlim] sample:		1500.3 time, 1590.2 real, 687.4 MB
[runlim] sample:		1509.5 time, 1600.2 real, 688.7 MB
[runlim] sample:		1519.5 time, 1610.2 real, 689.2 MB
[runlim] sample:		1529.5 time, 1620.2 real, 693.1 MB
[runlim] sample:		1539.5 time, 1630.2 real, 697.0 MB
[runlim] sample:		1549.5 time, 1640.2 real, 697.0 MB
[runlim] sample:		1559.5 time, 1650.2 real, 697.0 MB
[runlim] sample:		1569.5 time, 1660.2 real, 697.0 MB
[runlim] sample:		1579.5 time, 1670.2 real, 697.0 MB
[runlim] sample:		1589.5 time, 1680.2 real, 697.0 MB
[runlim] sample:		1599.5 time, 1690.2 real, 697.2 MB
[runlim] sample:		1609.5 time, 1700.2 real, 697.2 MB
[runlim] sample:		1619.5 time, 1710.2 real, 707.0 MB
[runlim] sample:		1629.5 time, 1720.2 real, 707.0 MB
[runlim] sample:		1639.5 time, 1730.2 real, 707.0 MB
[runlim] sample:		1649.5 time, 1740.2 real, 707.0 MB
[runlim] sample:		1659.5 time, 1750.2 real, 707.3 MB
[runlim] sample:		1669.5 time, 1760.2 real, 707.3 MB
[runlim] sample:		1679.5 time, 1770.2 real, 707.3 MB
[runlim] sample:		1689.5 time, 1780.2 real, 707.3 MB
[runlim] sample:		1699.5 time, 1790.2 real, 720.9 MB
[runlim] sample:		1709.5 time, 1800.2 real, 724.8 MB
[runlim] sample:		1719.5 time, 1810.2 real, 724.8 MB
[runlim] sample:		1729.5 time, 1820.2 real, 726.4 MB
[runlim] sample:		1739.5 time, 1830.2 real, 726.4 MB
[runlim] sample:		1749.5 time, 1840.2 real, 726.4 MB
[runlim] sample:		1759.5 time, 1850.2 real, 726.4 MB
[runlim] sample:		1769.5 time, 1860.2 real, 726.4 MB
[runlim] sample:		1779.5 time, 1870.2 real, 733.3 MB
[runlim] sample:		1789.5 time, 1880.2 real, 733.3 MB
[runlim] sample:		1799.5 time, 1890.2 real, 733.3 MB
[runlim] end:			Sat Feb  9 23:40:51 2019
[runlim] status:		out of time
[runlim] result:		2
[runlim] children:		0
[runlim] real:			1890.86 seconds
[runlim] time:			1800.05 seconds
[runlim] space:			733.3 MB
[runlim] samples:		18906
