[runlim] version:		1.10fixed
[runlim] time limit:		1800 seconds
[runlim] real time limit:	311040000 seconds
[runlim] space limit:		4000 MB
[runlim] argv[0]:		./z3
[runlim] argv[1]:		/tmp/6TMmJt5a.smt2
[runlim] start:			Fri Feb 15 05:22:52 2019
[runlim] main pid:		21557
[runlim] sample:		10.0 time, 10.8 real, 30.2 MB
[runlim] sample:		19.9 time, 20.8 real, 38.6 MB
[runlim] sample:		29.9 time, 30.8 real, 42.9 MB
[runlim] sample:		39.9 time, 40.8 real, 47.5 MB
[runlim] sample:		49.9 time, 50.8 real, 50.4 MB
[runlim] sample:		59.9 time, 60.8 real, 53.7 MB
[runlim] sample:		69.9 time, 70.8 real, 54.5 MB
[runlim] sample:		79.9 time, 80.8 real, 55.5 MB
[runlim] sample:		89.9 time, 90.8 real, 56.8 MB
[runlim] sample:		99.9 time, 100.8 real, 60.1 MB
[runlim] sample:		109.9 time, 110.8 real, 64.0 MB
[runlim] sample:		119.9 time, 120.8 real, 65.1 MB
[runlim] sample:		129.9 time, 130.8 real, 65.8 MB
[runlim] sample:		139.9 time, 140.8 real, 67.6 MB
[runlim] sample:		149.9 time, 150.8 real, 68.7 MB
[runlim] sample:		159.9 time, 160.8 real, 71.0 MB
[runlim] sample:		169.9 time, 170.8 real, 71.3 MB
[runlim] sample:		179.9 time, 180.8 real, 71.8 MB
[runlim] sample:		189.9 time, 190.8 real, 72.5 MB
[runlim] sample:		199.9 time, 200.8 real, 74.3 MB
[runlim] sample:		209.9 time, 210.8 real, 75.1 MB
[runlim] sample:		219.9 time, 220.8 real, 76.7 MB
[runlim] sample:		229.9 time, 230.8 real, 78.7 MB
[runlim] sample:		239.9 time, 240.8 real, 80.3 MB
[runlim] sample:		249.9 time, 250.8 real, 81.6 MB
[runlim] sample:		259.9 time, 260.8 real, 82.3 MB
[runlim] sample:		269.9 time, 270.8 real, 83.9 MB
[runlim] sample:		279.6 time, 280.8 real, 84.1 MB
[runlim] sample:		289.2 time, 290.8 real, 84.1 MB
[runlim] sample:		298.6 time, 300.8 real, 84.9 MB
[runlim] sample:		308.0 time, 310.8 real, 85.2 MB
[runlim] sample:		317.7 time, 320.8 real, 86.2 MB
[runlim] sample:		326.0 time, 330.8 real, 86.2 MB
[runlim] sample:		336.0 time, 340.8 real, 86.7 MB
[runlim] sample:		346.0 time, 350.8 real, 87.5 MB
[runlim] sample:		355.3 time, 360.8 real, 87.5 MB
[runlim] sample:		365.3 time, 370.8 real, 87.7 MB
[runlim] sample:		375.3 time, 380.8 real, 88.8 MB
[runlim] sample:		385.3 time, 390.8 real, 89.3 MB
[runlim] sample:		395.3 time, 400.8 real, 90.8 MB
[runlim] sample:		405.3 time, 410.8 real, 90.8 MB
[runlim] sample:		415.3 time, 420.8 real, 90.8 MB
[runlim] sample:		425.2 time, 430.8 real, 91.4 MB
[runlim] sample:		435.1 time, 440.8 real, 92.6 MB
[runlim] sample:		445.1 time, 450.8 real, 93.4 MB
[runlim] sample:		455.1 time, 460.8 real, 94.2 MB
[runlim] sample:		465.1 time, 470.8 real, 95.5 MB
[runlim] sample:		475.1 time, 480.8 real, 95.7 MB
[runlim] sample:		485.1 time, 490.8 real, 95.7 MB
[runlim] sample:		494.8 time, 500.8 real, 96.0 MB
[runlim] sample:		503.3 time, 510.8 real, 96.0 MB
[runlim] sample:		513.3 time, 520.8 real, 96.5 MB
[runlim] sample:		523.3 time, 530.8 real, 96.8 MB
[runlim] sample:		533.3 time, 540.8 real, 96.8 MB
[runlim] sample:		542.8 time, 550.8 real, 97.3 MB
[runlim] sample:		552.8 time, 560.8 real, 97.5 MB
[runlim] sample:		561.7 time, 570.8 real, 101.5 MB
[runlim] sample:		571.6 time, 580.8 real, 101.5 MB
[runlim] sample:		580.6 time, 590.8 real, 103.3 MB
[runlim] sample:		589.7 time, 600.8 real, 104.3 MB
[runlim] sample:		599.1 time, 610.8 real, 106.6 MB
[runlim] sample:		608.3 time, 620.8 real, 108.2 MB
[runlim] sample:		617.5 time, 630.8 real, 109.0 MB
[runlim] sample:		627.0 time, 640.8 real, 110.5 MB
[runlim] sample:		636.2 time, 650.8 real, 112.6 MB
[runlim] sample:		645.4 time, 660.8 real, 112.6 MB
[runlim] sample:		654.4 time, 670.8 real, 112.6 MB
[runlim] sample:		662.9 time, 680.8 real, 112.8 MB
[runlim] sample:		672.2 time, 690.8 real, 113.3 MB
[runlim] sample:		680.7 time, 700.8 real, 113.6 MB
[runlim] sample:		689.2 time, 710.8 real, 113.6 MB
[runlim] sample:		698.7 time, 720.8 real, 114.1 MB
[runlim] sample:		707.6 time, 730.8 real, 114.4 MB
[runlim] sample:		716.2 time, 740.8 real, 114.6 MB
[runlim] sample:		725.7 time, 750.8 real, 114.6 MB
[runlim] sample:		735.7 time, 760.8 real, 115.4 MB
[runlim] sample:		745.7 time, 770.8 real, 115.7 MB
[runlim] sample:		755.7 time, 780.8 real, 115.7 MB
[runlim] sample:		765.7 time, 790.8 real, 115.7 MB
[runlim] sample:		774.6 time, 800.8 real, 115.9 MB
[runlim] sample:		784.6 time, 810.8 real, 115.9 MB
[runlim] sample:		794.6 time, 820.8 real, 116.2 MB
[runlim] sample:		804.1 time, 830.8 real, 116.9 MB
[runlim] sample:		812.9 time, 840.8 real, 116.9 MB
[runlim] sample:		821.4 time, 850.8 real, 118.6 MB
[runlim] sample:		830.7 time, 860.8 real, 118.6 MB
[runlim] sample:		839.2 time, 870.8 real, 118.6 MB
[runlim] sample:		848.2 time, 880.8 real, 118.6 MB
[runlim] sample:		858.2 time, 890.8 real, 119.6 MB
[runlim] sample:		868.2 time, 900.8 real, 124.3 MB
[runlim] sample:		878.2 time, 910.8 real, 125.0 MB
[runlim] sample:		888.2 time, 920.8 real, 126.8 MB
[runlim] sample:		898.2 time, 930.8 real, 128.6 MB
[runlim] sample:		908.2 time, 940.8 real, 133.5 MB
[runlim] sample:		918.2 time, 950.8 real, 133.8 MB
[runlim] sample:		928.2 time, 960.8 real, 136.6 MB
[runlim] sample:		938.2 time, 970.8 real, 136.9 MB
[runlim] sample:		948.2 time, 980.8 real, 136.9 MB
[runlim] sample:		958.2 time, 990.8 real, 137.7 MB
[runlim] sample:		968.2 time, 1000.8 real, 137.9 MB
[runlim] sample:		978.2 time, 1010.8 real, 138.2 MB
[runlim] sample:		988.2 time, 1020.8 real, 138.4 MB
[runlim] sample:		998.2 time, 1030.8 real, 138.7 MB
[runlim] sample:		1008.2 time, 1040.8 real, 138.7 MB
[runlim] sample:		1018.2 time, 1050.8 real, 139.0 MB
[runlim] sample:		1028.2 time, 1060.8 real, 139.0 MB
[runlim] sample:		1038.2 time, 1070.8 real, 139.0 MB
[runlim] sample:		1048.2 time, 1080.8 real, 139.2 MB
[runlim] sample:		1058.2 time, 1090.8 real, 139.5 MB
[runlim] sample:		1068.2 time, 1100.8 real, 139.5 MB
[runlim] sample:		1078.2 time, 1110.8 real, 139.7 MB
[runlim] sample:		1088.2 time, 1120.8 real, 140.8 MB
[runlim] sample:		1098.2 time, 1130.8 real, 141.0 MB
[runlim] sample:		1108.2 time, 1140.8 real, 141.0 MB
[runlim] sample:		1118.2 time, 1150.8 real, 141.0 MB
[runlim] sample:		1128.2 time, 1160.8 real, 141.3 MB
[runlim] sample:		1138.2 time, 1170.8 real, 141.3 MB
[runlim] sample:		1148.2 time, 1180.8 real, 141.5 MB
[runlim] sample:		1158.2 time, 1190.8 real, 141.8 MB
[runlim] sample:		1168.2 time, 1200.8 real, 142.0 MB
[runlim] sample:		1178.2 time, 1210.8 real, 142.6 MB
[runlim] sample:		1188.2 time, 1220.8 real, 142.6 MB
[runlim] sample:		1198.2 time, 1230.8 real, 143.1 MB
[runlim] sample:		1208.2 time, 1240.8 real, 143.3 MB
[runlim] sample:		1218.2 time, 1250.8 real, 143.6 MB
[runlim] sample:		1228.2 time, 1260.8 real, 143.8 MB
[runlim] sample:		1238.2 time, 1270.8 real, 144.1 MB
[runlim] sample:		1248.2 time, 1280.8 real, 144.1 MB
[runlim] sample:		1258.2 time, 1290.8 real, 144.1 MB
[runlim] sample:		1268.2 time, 1300.8 real, 146.6 MB
[runlim] sample:		1278.2 time, 1310.8 real, 149.7 MB
[runlim] sample:		1288.2 time, 1320.8 real, 149.7 MB
[runlim] sample:		1298.2 time, 1330.8 real, 149.7 MB
[runlim] sample:		1308.2 time, 1340.8 real, 150.0 MB
[runlim] sample:		1318.2 time, 1350.8 real, 150.0 MB
[runlim] sample:		1328.2 time, 1360.8 real, 150.0 MB
[runlim] sample:		1338.2 time, 1370.8 real, 150.3 MB
[runlim] sample:		1348.2 time, 1380.8 real, 150.3 MB
[runlim] sample:		1358.2 time, 1390.8 real, 150.3 MB
[runlim] sample:		1368.2 time, 1400.8 real, 150.3 MB
[runlim] sample:		1378.2 time, 1410.8 real, 150.3 MB
[runlim] sample:		1388.2 time, 1420.8 real, 150.3 MB
[runlim] sample:		1398.2 time, 1430.8 real, 150.3 MB
[runlim] sample:		1408.2 time, 1440.8 real, 150.5 MB
[runlim] sample:		1418.2 time, 1450.8 real, 150.5 MB
[runlim] sample:		1428.2 time, 1460.8 real, 150.5 MB
[runlim] sample:		1438.2 time, 1470.8 real, 150.5 MB
[runlim] sample:		1448.2 time, 1480.8 real, 150.5 MB
[runlim] sample:		1458.2 time, 1490.8 real, 150.8 MB
[runlim] sample:		1468.2 time, 1500.8 real, 150.8 MB
[runlim] sample:		1478.2 time, 1510.8 real, 150.8 MB
[runlim] sample:		1488.2 time, 1520.8 real, 150.8 MB
[runlim] sample:		1498.2 time, 1530.8 real, 151.8 MB
[runlim] sample:		1508.2 time, 1540.8 real, 151.8 MB
[runlim] sample:		1518.2 time, 1550.8 real, 152.1 MB
[runlim] sample:		1528.2 time, 1560.8 real, 152.1 MB
[runlim] sample:		1538.2 time, 1570.8 real, 152.1 MB
[runlim] sample:		1548.2 time, 1580.8 real, 160.2 MB
[runlim] sample:		1558.2 time, 1590.8 real, 160.4 MB
[runlim] sample:		1568.2 time, 1600.8 real, 160.7 MB
[runlim] sample:		1578.2 time, 1610.8 real, 160.7 MB
[runlim] sample:		1588.2 time, 1620.8 real, 160.9 MB
[runlim] sample:		1598.2 time, 1630.8 real, 161.2 MB
[runlim] sample:		1608.2 time, 1640.8 real, 162.0 MB
[runlim] sample:		1618.2 time, 1650.8 real, 162.2 MB
[runlim] sample:		1628.2 time, 1660.8 real, 162.2 MB
[runlim] sample:		1638.2 time, 1670.8 real, 162.5 MB
[runlim] sample:		1648.2 time, 1680.8 real, 162.5 MB
[runlim] sample:		1658.2 time, 1690.8 real, 163.3 MB
[runlim] sample:		1668.2 time, 1700.8 real, 163.5 MB
[runlim] sample:		1678.2 time, 1710.8 real, 163.5 MB
[runlim] sample:		1688.2 time, 1720.8 real, 163.5 MB
[runlim] sample:		1698.2 time, 1730.8 real, 164.0 MB
[runlim] sample:		1708.2 time, 1740.8 real, 164.0 MB
[runlim] sample:		1718.2 time, 1750.8 real, 165.1 MB
[runlim] sample:		1728.2 time, 1760.8 real, 165.1 MB
[runlim] sample:		1738.2 time, 1770.8 real, 165.1 MB
[runlim] sample:		1748.2 time, 1780.8 real, 165.6 MB
[runlim] sample:		1758.2 time, 1790.8 real, 165.6 MB
[runlim] sample:		1768.2 time, 1800.8 real, 165.8 MB
[runlim] sample:		1778.2 time, 1810.8 real, 165.8 MB
[runlim] sample:		1788.2 time, 1820.8 real, 165.8 MB
[runlim] sample:		1798.2 time, 1830.8 real, 165.8 MB
[runlim] end:			Fri Feb 15 05:53:24 2019
[runlim] status:		out of time
[runlim] result:		2
[runlim] children:		0
[runlim] real:			1832.73 seconds
[runlim] time:			1800.07 seconds
[runlim] space:			166.1 MB
[runlim] samples:		18319
