[runlim] version:		1.10fixed
[runlim] time limit:		1800 seconds
[runlim] real time limit:	311040000 seconds
[runlim] space limit:		4000 MB
[runlim] argv[0]:		./z3
[runlim] argv[1]:		/tmp/ZX749v9P.smt2
[runlim] start:			Sat Feb  9 00:22:20 2019
[runlim] main pid:		19116
[runlim] sample:		8.7 time, 10.2 real, 34.1 MB
[runlim] sample:		17.3 time, 20.2 real, 38.8 MB
[runlim] sample:		26.0 time, 30.2 real, 47.2 MB
[runlim] sample:		34.6 time, 40.2 real, 49.2 MB
[runlim] sample:		43.3 time, 50.2 real, 53.8 MB
[runlim] sample:		51.9 time, 60.2 real, 56.6 MB
[runlim] sample:		60.6 time, 70.2 real, 56.8 MB
[runlim] sample:		69.2 time, 80.2 real, 58.1 MB
[runlim] sample:		77.9 time, 90.2 real, 59.4 MB
[runlim] sample:		86.6 time, 100.2 real, 61.0 MB
[runlim] sample:		95.2 time, 110.2 real, 62.5 MB
[runlim] sample:		103.8 time, 120.2 real, 63.8 MB
[runlim] sample:		112.4 time, 130.2 real, 65.6 MB
[runlim] sample:		121.0 time, 140.2 real, 67.2 MB
[runlim] sample:		129.6 time, 150.2 real, 68.7 MB
[runlim] sample:		138.2 time, 160.2 real, 71.0 MB
[runlim] sample:		146.9 time, 170.2 real, 72.1 MB
[runlim] sample:		155.6 time, 180.2 real, 73.6 MB
[runlim] sample:		164.2 time, 190.2 real, 75.1 MB
[runlim] sample:		172.9 time, 200.2 real, 76.7 MB
[runlim] sample:		181.6 time, 210.2 real, 78.5 MB
[runlim] sample:		191.2 time, 220.2 real, 79.3 MB
[runlim] sample:		201.2 time, 230.2 real, 81.6 MB
[runlim] sample:		211.2 time, 240.2 real, 83.1 MB
[runlim] sample:		221.2 time, 250.2 real, 84.9 MB
[runlim] sample:		230.8 time, 260.2 real, 86.5 MB
[runlim] sample:		240.1 time, 270.2 real, 88.0 MB
[runlim] sample:		248.6 time, 280.2 real, 89.3 MB
[runlim] sample:		256.5 time, 290.2 real, 90.4 MB
[runlim] sample:		265.3 time, 300.2 real, 94.1 MB
[runlim] sample:		275.3 time, 310.2 real, 94.9 MB
[runlim] sample:		285.2 time, 320.2 real, 96.2 MB
[runlim] sample:		295.2 time, 330.2 real, 97.8 MB
[runlim] sample:		305.2 time, 340.2 real, 99.5 MB
[runlim] sample:		315.2 time, 350.2 real, 101.1 MB
[runlim] sample:		325.2 time, 360.2 real, 102.6 MB
[runlim] sample:		335.0 time, 370.2 real, 104.1 MB
[runlim] sample:		343.9 time, 380.2 real, 105.7 MB
[runlim] sample:		352.8 time, 390.2 real, 107.5 MB
[runlim] sample:		362.8 time, 400.2 real, 109.0 MB
[runlim] sample:		372.8 time, 410.2 real, 110.6 MB
[runlim] sample:		382.8 time, 420.2 real, 112.4 MB
[runlim] sample:		392.8 time, 430.2 real, 114.5 MB
[runlim] sample:		402.7 time, 440.2 real, 116.8 MB
[runlim] sample:		412.7 time, 450.2 real, 117.8 MB
[runlim] sample:		422.7 time, 460.2 real, 119.9 MB
[runlim] sample:		432.6 time, 470.2 real, 121.7 MB
[runlim] sample:		442.6 time, 480.2 real, 123.2 MB
[runlim] sample:		452.6 time, 490.2 real, 124.8 MB
[runlim] sample:		462.6 time, 500.2 real, 126.3 MB
[runlim] sample:		472.6 time, 510.2 real, 127.9 MB
[runlim] sample:		482.6 time, 520.2 real, 130.2 MB
[runlim] sample:		492.6 time, 530.2 real, 132.5 MB
[runlim] sample:		502.6 time, 540.2 real, 134.3 MB
[runlim] sample:		512.6 time, 550.2 real, 135.6 MB
[runlim] sample:		522.6 time, 560.2 real, 137.1 MB
[runlim] sample:		532.6 time, 570.2 real, 138.7 MB
[runlim] sample:		542.5 time, 580.2 real, 140.2 MB
[runlim] sample:		552.5 time, 590.2 real, 141.8 MB
[runlim] sample:		562.5 time, 600.2 real, 143.1 MB
[runlim] sample:		572.5 time, 610.2 real, 144.4 MB
[runlim] sample:		582.5 time, 620.2 real, 145.6 MB
[runlim] sample:		592.5 time, 630.2 real, 146.7 MB
[runlim] sample:		602.5 time, 640.2 real, 148.0 MB
[runlim] sample:		612.5 time, 650.2 real, 150.8 MB
[runlim] sample:		622.5 time, 660.2 real, 150.8 MB
[runlim] sample:		632.2 time, 670.2 real, 152.1 MB
[runlim] sample:		640.8 time, 680.2 real, 153.4 MB
[runlim] sample:		649.4 time, 690.2 real, 154.7 MB
[runlim] sample:		658.0 time, 700.2 real, 155.7 MB
[runlim] sample:		666.7 time, 710.2 real, 156.7 MB
[runlim] sample:		675.8 time, 720.2 real, 158.0 MB
[runlim] sample:		684.8 time, 730.2 real, 159.3 MB
[runlim] sample:		693.8 time, 740.2 real, 160.1 MB
[runlim] sample:		702.9 time, 750.2 real, 161.4 MB
[runlim] sample:		711.9 time, 760.2 real, 163.2 MB
[runlim] sample:		720.9 time, 770.2 real, 164.2 MB
[runlim] sample:		729.9 time, 780.2 real, 165.2 MB
[runlim] sample:		738.8 time, 790.2 real, 166.5 MB
[runlim] sample:		747.4 time, 800.2 real, 167.6 MB
[runlim] sample:		756.5 time, 810.2 real, 168.8 MB
[runlim] sample:		765.7 time, 820.2 real, 169.9 MB
[runlim] sample:		774.8 time, 830.2 real, 171.2 MB
[runlim] sample:		784.0 time, 840.2 real, 172.5 MB
[runlim] sample:		793.2 time, 850.2 real, 173.5 MB
[runlim] sample:		802.5 time, 860.2 real, 174.7 MB
[runlim] sample:		811.5 time, 870.2 real, 175.8 MB
[runlim] sample:		820.7 time, 880.2 real, 177.1 MB
[runlim] sample:		830.1 time, 890.2 real, 178.1 MB
[runlim] sample:		840.1 time, 900.2 real, 178.9 MB
[runlim] sample:		850.1 time, 910.2 real, 180.1 MB
[runlim] sample:		860.1 time, 920.2 real, 181.4 MB
[runlim] sample:		869.5 time, 930.2 real, 182.5 MB
[runlim] sample:		879.1 time, 940.2 real, 183.8 MB
[runlim] sample:		889.0 time, 950.2 real, 184.8 MB
[runlim] sample:		899.0 time, 960.2 real, 189.1 MB
[runlim] sample:		909.0 time, 970.2 real, 190.1 MB
[runlim] sample:		919.0 time, 980.2 real, 191.2 MB
[runlim] sample:		929.0 time, 990.2 real, 191.9 MB
[runlim] sample:		938.5 time, 1000.2 real, 193.0 MB
[runlim] sample:		948.1 time, 1010.2 real, 193.8 MB
[runlim] sample:		958.1 time, 1020.2 real, 194.8 MB
[runlim] sample:		968.1 time, 1030.2 real, 195.8 MB
[runlim] sample:		977.7 time, 1040.2 real, 196.8 MB
[runlim] sample:		987.3 time, 1050.2 real, 197.6 MB
[runlim] sample:		997.0 time, 1060.2 real, 198.6 MB
[runlim] sample:		1006.6 time, 1070.2 real, 199.4 MB
[runlim] sample:		1016.0 time, 1080.2 real, 200.2 MB
[runlim] sample:		1024.2 time, 1090.2 real, 201.2 MB
[runlim] sample:		1032.6 time, 1100.2 real, 202.0 MB
[runlim] sample:		1042.3 time, 1110.2 real, 203.0 MB
[runlim] sample:		1052.0 time, 1120.2 real, 203.8 MB
[runlim] sample:		1060.4 time, 1130.2 real, 204.6 MB
[runlim] sample:		1069.7 time, 1140.2 real, 205.6 MB
[runlim] sample:		1079.0 time, 1150.2 real, 206.5 MB
[runlim] sample:		1088.6 time, 1160.2 real, 207.2 MB
[runlim] sample:		1098.2 time, 1170.2 real, 208.3 MB
[runlim] sample:		1107.9 time, 1180.2 real, 209.1 MB
[runlim] sample:		1117.2 time, 1190.2 real, 209.8 MB
[runlim] sample:		1126.5 time, 1200.2 real, 210.6 MB
[runlim] sample:		1135.8 time, 1210.2 real, 211.6 MB
[runlim] sample:		1145.7 time, 1220.2 real, 212.7 MB
[runlim] sample:		1155.7 time, 1230.2 real, 213.7 MB
[runlim] sample:		1165.7 time, 1240.2 real, 214.5 MB
[runlim] sample:		1175.7 time, 1250.2 real, 215.2 MB
[runlim] sample:		1185.7 time, 1260.2 real, 216.0 MB
[runlim] sample:		1195.7 time, 1270.2 real, 217.0 MB
[runlim] sample:		1205.7 time, 1280.2 real, 217.8 MB
[runlim] sample:		1215.7 time, 1290.2 real, 218.9 MB
[runlim] sample:		1225.2 time, 1300.2 real, 219.9 MB
[runlim] sample:		1234.4 time, 1310.2 real, 220.7 MB
[runlim] sample:		1243.7 time, 1320.2 real, 221.4 MB
[runlim] sample:		1253.5 time, 1330.2 real, 222.2 MB
[runlim] sample:		1263.5 time, 1340.2 real, 223.0 MB
[runlim] sample:		1273.4 time, 1350.2 real, 224.0 MB
[runlim] sample:		1283.5 time, 1360.2 real, 224.8 MB
[runlim] sample:		1293.5 time, 1370.2 real, 226.1 MB
[runlim] sample:		1302.9 time, 1380.2 real, 226.6 MB
[runlim] sample:		1312.2 time, 1390.2 real, 227.4 MB
[runlim] sample:		1321.5 time, 1400.2 real, 228.1 MB
[runlim] sample:		1330.3 time, 1410.2 real, 228.9 MB
[runlim] sample:		1339.3 time, 1420.2 real, 229.4 MB
[runlim] sample:		1349.3 time, 1430.2 real, 230.7 MB
[runlim] sample:		1359.0 time, 1440.2 real, 231.2 MB
[runlim] sample:		1368.4 time, 1450.2 real, 232.0 MB
[runlim] sample:		1378.4 time, 1460.2 real, 232.8 MB
[runlim] sample:		1388.4 time, 1470.2 real, 233.5 MB
[runlim] sample:		1398.4 time, 1480.2 real, 234.3 MB
[runlim] sample:		1408.4 time, 1490.2 real, 235.1 MB
[runlim] sample:		1418.4 time, 1500.2 real, 235.9 MB
[runlim] sample:		1428.4 time, 1510.2 real, 236.9 MB
[runlim] sample:		1438.1 time, 1520.2 real, 237.7 MB
[runlim] sample:		1448.1 time, 1530.2 real, 238.7 MB
[runlim] sample:		1458.1 time, 1540.2 real, 239.5 MB
[runlim] sample:		1468.1 time, 1550.2 real, 240.2 MB
[runlim] sample:		1478.1 time, 1560.2 real, 241.0 MB
[runlim] sample:		1488.1 time, 1570.2 real, 242.1 MB
[runlim] sample:		1498.1 time, 1580.2 real, 243.3 MB
[runlim] sample:		1508.1 time, 1590.2 real, 243.9 MB
[runlim] sample:		1517.7 time, 1600.2 real, 244.6 MB
[runlim] sample:		1527.0 time, 1610.2 real, 245.4 MB
[runlim] sample:		1536.5 time, 1620.2 real, 246.4 MB
[runlim] sample:		1546.5 time, 1630.2 real, 246.9 MB
[runlim] sample:		1556.5 time, 1640.2 real, 248.0 MB
[runlim] sample:		1566.5 time, 1650.2 real, 248.8 MB
[runlim] sample:		1576.5 time, 1660.2 real, 249.5 MB
[runlim] sample:		1586.5 time, 1670.2 real, 250.3 MB
[runlim] sample:		1596.5 time, 1680.2 real, 251.3 MB
[runlim] sample:		1606.5 time, 1690.2 real, 252.4 MB
[runlim] sample:		1616.4 time, 1700.2 real, 253.1 MB
[runlim] sample:		1626.4 time, 1710.2 real, 254.2 MB
[runlim] sample:		1636.4 time, 1720.2 real, 255.2 MB
[runlim] sample:		1646.4 time, 1730.2 real, 256.0 MB
[runlim] sample:		1656.4 time, 1740.2 real, 257.0 MB
[runlim] sample:		1666.4 time, 1750.2 real, 257.8 MB
[runlim] sample:		1676.4 time, 1760.2 real, 258.8 MB
[runlim] sample:		1686.4 time, 1770.2 real, 259.6 MB
[runlim] sample:		1696.4 time, 1780.2 real, 260.4 MB
[runlim] sample:		1706.4 time, 1790.2 real, 261.4 MB
[runlim] sample:		1716.4 time, 1800.2 real, 262.4 MB
[runlim] sample:		1726.4 time, 1810.2 real, 262.9 MB
[runlim] sample:		1736.4 time, 1820.2 real, 264.0 MB
[runlim] sample:		1746.4 time, 1830.2 real, 264.7 MB
[runlim] sample:		1756.4 time, 1840.2 real, 266.5 MB
[runlim] sample:		1766.4 time, 1850.2 real, 267.1 MB
[runlim] sample:		1776.4 time, 1860.2 real, 267.8 MB
[runlim] sample:		1786.4 time, 1870.2 real, 269.1 MB
[runlim] sample:		1796.4 time, 1880.2 real, 269.9 MB
[runlim] end:			Sat Feb  9 00:53:43 2019
[runlim] status:		out of time
[runlim] result:		2
[runlim] children:		0
[runlim] real:			1883.87 seconds
[runlim] time:			1800.02 seconds
[runlim] space:			270.2 MB
[runlim] samples:		18836
