[runlim] version:		1.10fixed
[runlim] time limit:		1800 seconds
[runlim] real time limit:	311040000 seconds
[runlim] space limit:		4000 MB
[runlim] argv[0]:		./z3
[runlim] argv[1]:		/tmp/yDF7WRNL.smt2
[runlim] start:			Fri Feb 15 05:15:58 2019
[runlim] main pid:		26490
[runlim] sample:		9.3 time, 11.0 real, 33.0 MB
[runlim] sample:		18.8 time, 21.0 real, 40.4 MB
[runlim] sample:		28.2 time, 31.0 real, 47.5 MB
[runlim] sample:		37.9 time, 41.0 real, 50.9 MB
[runlim] sample:		47.8 time, 51.0 real, 53.7 MB
[runlim] sample:		56.8 time, 61.0 real, 55.8 MB
[runlim] sample:		66.0 time, 71.0 real, 59.5 MB
[runlim] sample:		76.0 time, 81.0 real, 62.5 MB
[runlim] sample:		86.0 time, 91.0 real, 65.0 MB
[runlim] sample:		95.4 time, 101.0 real, 66.6 MB
[runlim] sample:		105.0 time, 111.0 real, 68.1 MB
[runlim] sample:		114.8 time, 121.0 real, 69.9 MB
[runlim] sample:		124.8 time, 131.0 real, 70.7 MB
[runlim] sample:		134.6 time, 141.0 real, 72.8 MB
[runlim] sample:		144.2 time, 151.0 real, 78.8 MB
[runlim] sample:		154.1 time, 161.0 real, 80.1 MB
[runlim] sample:		163.9 time, 171.0 real, 83.7 MB
[runlim] sample:		173.6 time, 181.0 real, 83.9 MB
[runlim] sample:		183.3 time, 191.0 real, 86.0 MB
[runlim] sample:		192.9 time, 201.0 real, 86.5 MB
[runlim] sample:		202.7 time, 211.0 real, 86.8 MB
[runlim] sample:		211.9 time, 221.0 real, 87.5 MB
[runlim] sample:		221.2 time, 231.0 real, 87.5 MB
[runlim] sample:		230.0 time, 241.0 real, 87.8 MB
[runlim] sample:		239.6 time, 251.0 real, 88.8 MB
[runlim] sample:		249.2 time, 261.0 real, 89.1 MB
[runlim] sample:		259.2 time, 271.0 real, 93.5 MB
[runlim] sample:		269.0 time, 281.0 real, 95.0 MB
[runlim] sample:		278.6 time, 291.0 real, 95.8 MB
[runlim] sample:		287.9 time, 301.0 real, 97.3 MB
[runlim] sample:		296.2 time, 311.0 real, 98.4 MB
[runlim] sample:		304.8 time, 321.0 real, 101.7 MB
[runlim] sample:		314.4 time, 331.0 real, 102.2 MB
[runlim] sample:		324.0 time, 341.0 real, 102.5 MB
[runlim] sample:		333.0 time, 351.0 real, 104.8 MB
[runlim] sample:		342.7 time, 361.0 real, 108.7 MB
[runlim] sample:		351.8 time, 371.0 real, 109.5 MB
[runlim] sample:		361.0 time, 381.0 real, 110.2 MB
[runlim] sample:		370.2 time, 391.0 real, 111.5 MB
[runlim] sample:		378.4 time, 401.0 real, 111.5 MB
[runlim] sample:		386.7 time, 411.0 real, 111.5 MB
[runlim] sample:		395.0 time, 421.0 real, 111.5 MB
[runlim] sample:		404.6 time, 431.0 real, 111.5 MB
[runlim] sample:		414.1 time, 441.0 real, 113.6 MB
[runlim] sample:		423.8 time, 451.0 real, 113.6 MB
[runlim] sample:		433.4 time, 461.0 real, 116.2 MB
[runlim] sample:		441.6 time, 471.0 real, 118.5 MB
[runlim] sample:		450.5 time, 481.0 real, 119.8 MB
[runlim] sample:		459.3 time, 491.0 real, 120.3 MB
[runlim] sample:		469.0 time, 501.0 real, 121.1 MB
[runlim] sample:		477.7 time, 511.0 real, 123.4 MB
[runlim] sample:		486.8 time, 521.0 real, 126.5 MB
[runlim] sample:		496.0 time, 531.0 real, 126.7 MB
[runlim] sample:		505.3 time, 541.0 real, 127.5 MB
[runlim] sample:		514.6 time, 551.0 real, 128.6 MB
[runlim] sample:		524.2 time, 561.0 real, 128.8 MB
[runlim] sample:		534.2 time, 571.0 real, 130.1 MB
[runlim] sample:		544.2 time, 581.0 real, 130.1 MB
[runlim] sample:		554.2 time, 591.0 real, 130.6 MB
[runlim] sample:		564.2 time, 601.0 real, 130.6 MB
[runlim] sample:		574.2 time, 611.0 real, 130.6 MB
[runlim] sample:		583.8 time, 621.0 real, 130.9 MB
[runlim] sample:		592.9 time, 631.0 real, 130.9 MB
[runlim] sample:		602.0 time, 641.0 real, 131.1 MB
[runlim] sample:		611.6 time, 651.0 real, 131.4 MB
[runlim] sample:		621.4 time, 661.0 real, 131.4 MB
[runlim] sample:		631.4 time, 671.0 real, 131.6 MB
[runlim] sample:		641.4 time, 681.0 real, 131.6 MB
[runlim] sample:		651.4 time, 691.0 real, 131.9 MB
[runlim] sample:		661.4 time, 701.0 real, 131.9 MB
[runlim] sample:		671.4 time, 711.0 real, 133.4 MB
[runlim] sample:		681.4 time, 721.0 real, 134.5 MB
[runlim] sample:		691.3 time, 731.0 real, 134.7 MB
[runlim] sample:		700.9 time, 741.0 real, 134.7 MB
[runlim] sample:		710.5 time, 751.0 real, 134.7 MB
[runlim] sample:		720.2 time, 761.0 real, 135.0 MB
[runlim] sample:		729.8 time, 771.0 real, 135.2 MB
[runlim] sample:		739.5 time, 781.0 real, 135.5 MB
[runlim] sample:		749.4 time, 791.0 real, 137.3 MB
[runlim] sample:		759.4 time, 801.0 real, 137.8 MB
[runlim] sample:		769.4 time, 811.0 real, 138.1 MB
[runlim] sample:		779.3 time, 821.0 real, 139.9 MB
[runlim] sample:		789.2 time, 831.0 real, 141.9 MB
[runlim] sample:		799.2 time, 841.0 real, 141.9 MB
[runlim] sample:		809.0 time, 851.0 real, 142.2 MB
[runlim] sample:		819.0 time, 861.0 real, 142.2 MB
[runlim] sample:		829.0 time, 871.0 real, 142.5 MB
[runlim] sample:		838.8 time, 881.0 real, 143.2 MB
[runlim] sample:		848.5 time, 891.0 real, 143.5 MB
[runlim] sample:		858.1 time, 901.0 real, 143.5 MB
[runlim] sample:		867.7 time, 911.0 real, 143.5 MB
[runlim] sample:		877.4 time, 921.0 real, 144.0 MB
[runlim] sample:		887.0 time, 931.0 real, 144.3 MB
[runlim] sample:		896.7 time, 941.0 real, 144.5 MB
[runlim] sample:		906.3 time, 951.0 real, 145.0 MB
[runlim] sample:		916.0 time, 961.0 real, 146.1 MB
[runlim] sample:		925.6 time, 971.0 real, 146.6 MB
[runlim] sample:		935.3 time, 981.0 real, 147.1 MB
[runlim] sample:		944.9 time, 991.0 real, 147.1 MB
[runlim] sample:		954.6 time, 1001.0 real, 147.1 MB
[runlim] sample:		964.2 time, 1011.0 real, 147.4 MB
[runlim] sample:		973.9 time, 1021.0 real, 148.6 MB
[runlim] sample:		983.5 time, 1031.0 real, 148.9 MB
[runlim] sample:		993.4 time, 1041.0 real, 149.2 MB
[runlim] sample:		1003.4 time, 1051.0 real, 149.2 MB
[runlim] sample:		1012.4 time, 1061.0 real, 149.2 MB
[runlim] sample:		1021.3 time, 1071.0 real, 149.2 MB
[runlim] sample:		1030.0 time, 1081.0 real, 149.2 MB
[runlim] sample:		1040.0 time, 1091.0 real, 149.4 MB
[runlim] sample:		1050.0 time, 1101.0 real, 149.4 MB
[runlim] sample:		1060.0 time, 1111.0 real, 149.4 MB
[runlim] sample:		1070.0 time, 1121.0 real, 149.4 MB
[runlim] sample:		1080.0 time, 1131.0 real, 149.7 MB
[runlim] sample:		1090.0 time, 1141.0 real, 149.7 MB
[runlim] sample:		1100.0 time, 1151.0 real, 149.7 MB
[runlim] sample:		1110.0 time, 1161.0 real, 154.6 MB
[runlim] sample:		1120.0 time, 1171.0 real, 154.6 MB
[runlim] sample:		1130.0 time, 1181.0 real, 154.8 MB
[runlim] sample:		1140.0 time, 1191.0 real, 154.8 MB
[runlim] sample:		1150.0 time, 1201.0 real, 155.1 MB
[runlim] sample:		1160.0 time, 1211.0 real, 155.3 MB
[runlim] sample:		1170.0 time, 1221.0 real, 155.6 MB
[runlim] sample:		1179.9 time, 1231.0 real, 155.9 MB
[runlim] sample:		1189.9 time, 1241.0 real, 156.1 MB
[runlim] sample:		1199.9 time, 1251.0 real, 156.4 MB
[runlim] sample:		1209.9 time, 1261.0 real, 156.4 MB
[runlim] sample:		1218.7 time, 1271.0 real, 156.4 MB
[runlim] sample:		1226.6 time, 1281.0 real, 156.4 MB
[runlim] sample:		1236.5 time, 1291.0 real, 156.6 MB
[runlim] sample:		1246.1 time, 1301.0 real, 156.9 MB
[runlim] sample:		1253.9 time, 1311.0 real, 157.1 MB
[runlim] sample:		1263.0 time, 1321.0 real, 157.4 MB
[runlim] sample:		1270.8 time, 1331.0 real, 157.4 MB
[runlim] sample:		1280.7 time, 1341.0 real, 157.4 MB
[runlim] sample:		1290.7 time, 1351.0 real, 157.4 MB
[runlim] sample:		1300.3 time, 1361.0 real, 157.4 MB
[runlim] sample:		1310.3 time, 1371.0 real, 157.7 MB
[runlim] sample:		1320.3 time, 1381.0 real, 157.9 MB
[runlim] sample:		1330.3 time, 1391.0 real, 157.9 MB
[runlim] sample:		1340.3 time, 1401.0 real, 158.2 MB
[runlim] sample:		1350.3 time, 1411.0 real, 158.2 MB
[runlim] sample:		1360.3 time, 1421.0 real, 158.2 MB
[runlim] sample:		1370.3 time, 1431.0 real, 158.2 MB
[runlim] sample:		1380.3 time, 1441.0 real, 158.2 MB
[runlim] sample:		1390.3 time, 1451.0 real, 158.2 MB
[runlim] sample:		1400.3 time, 1461.0 real, 158.2 MB
[runlim] sample:		1409.1 time, 1471.0 real, 158.2 MB
[runlim] sample:		1418.4 time, 1481.0 real, 158.2 MB
[runlim] sample:		1428.0 time, 1491.0 real, 158.7 MB
[runlim] sample:		1437.6 time, 1501.0 real, 158.7 MB
[runlim] sample:		1446.3 time, 1511.0 real, 159.2 MB
[runlim] sample:		1455.8 time, 1521.0 real, 162.0 MB
[runlim] sample:		1464.8 time, 1531.0 real, 162.3 MB
[runlim] sample:		1474.1 time, 1541.0 real, 162.8 MB
[runlim] sample:		1483.1 time, 1551.0 real, 163.1 MB
[runlim] sample:		1492.1 time, 1561.0 real, 163.1 MB
[runlim] sample:		1500.6 time, 1571.0 real, 163.1 MB
[runlim] sample:		1508.6 time, 1581.0 real, 163.3 MB
[runlim] sample:		1517.0 time, 1591.0 real, 163.6 MB
[runlim] sample:		1526.9 time, 1601.0 real, 163.6 MB
[runlim] sample:		1536.9 time, 1611.0 real, 164.4 MB
[runlim] sample:		1546.6 time, 1621.0 real, 165.1 MB
[runlim] sample:		1555.8 time, 1631.0 real, 167.7 MB
[runlim] sample:		1564.8 time, 1641.0 real, 170.0 MB
[runlim] sample:		1574.5 time, 1651.0 real, 170.0 MB
[runlim] sample:		1583.4 time, 1661.0 real, 170.6 MB
[runlim] sample:		1592.2 time, 1671.0 real, 170.6 MB
[runlim] sample:		1601.5 time, 1681.0 real, 170.6 MB
[runlim] sample:		1611.5 time, 1691.0 real, 170.6 MB
[runlim] sample:		1621.5 time, 1701.0 real, 170.6 MB
[runlim] sample:		1631.5 time, 1711.0 real, 170.6 MB
[runlim] sample:		1641.5 time, 1721.0 real, 170.6 MB
[runlim] sample:		1651.5 time, 1731.0 real, 170.8 MB
[runlim] sample:		1661.5 time, 1741.0 real, 171.1 MB
[runlim] sample:		1671.2 time, 1751.0 real, 171.3 MB
[runlim] sample:		1679.6 time, 1761.0 real, 171.3 MB
[runlim] sample:		1689.3 time, 1771.0 real, 171.3 MB
[runlim] sample:		1699.2 time, 1781.0 real, 172.4 MB
[runlim] sample:		1708.1 time, 1791.0 real, 173.4 MB
[runlim] sample:		1716.6 time, 1801.0 real, 173.9 MB
[runlim] sample:		1726.6 time, 1811.0 real, 174.4 MB
[runlim] sample:		1735.4 time, 1821.0 real, 175.4 MB
[runlim] sample:		1744.6 time, 1831.0 real, 176.5 MB
[runlim] sample:		1753.0 time, 1841.0 real, 180.1 MB
[runlim] sample:		1762.9 time, 1851.0 real, 180.1 MB
[runlim] sample:		1772.8 time, 1861.0 real, 180.1 MB
[runlim] sample:		1782.8 time, 1871.0 real, 180.1 MB
[runlim] sample:		1792.7 time, 1881.0 real, 180.1 MB
[runlim] end:			Fri Feb 15 05:47:26 2019
[runlim] status:		out of time
[runlim] result:		2
[runlim] children:		0
[runlim] real:			1888.32 seconds
[runlim] time:			1800.04 seconds
[runlim] space:			180.1 MB
[runlim] samples:		18873
