[runlim] version:		1.10fixed
[runlim] time limit:		1800 seconds
[runlim] real time limit:	311040000 seconds
[runlim] space limit:		4000 MB
[runlim] argv[0]:		./z3
[runlim] argv[1]:		/tmp/Y1J5JOC8.smt2
[runlim] start:			Sat Feb  9 23:07:04 2019
[runlim] main pid:		14108
[runlim] sample:		7.9 time, 10.6 real, 30.7 MB
[runlim] sample:		17.9 time, 20.6 real, 37.5 MB
[runlim] sample:		27.8 time, 30.6 real, 41.6 MB
[runlim] sample:		37.8 time, 40.6 real, 45.6 MB
[runlim] sample:		47.8 time, 50.6 real, 48.9 MB
[runlim] sample:		57.8 time, 60.6 real, 50.5 MB
[runlim] sample:		67.3 time, 70.6 real, 53.6 MB
[runlim] sample:		76.8 time, 80.6 real, 58.4 MB
[runlim] sample:		86.4 time, 90.6 real, 59.7 MB
[runlim] sample:		94.3 time, 100.6 real, 60.8 MB
[runlim] sample:		101.8 time, 110.6 real, 61.3 MB
[runlim] sample:		111.0 time, 120.6 real, 63.1 MB
[runlim] sample:		119.3 time, 130.6 real, 64.4 MB
[runlim] sample:		127.2 time, 140.6 real, 67.3 MB
[runlim] sample:		136.5 time, 150.6 real, 68.3 MB
[runlim] sample:		145.3 time, 160.6 real, 69.9 MB
[runlim] sample:		153.4 time, 170.6 real, 70.4 MB
[runlim] sample:		161.2 time, 180.6 real, 71.1 MB
[runlim] sample:		168.7 time, 190.6 real, 71.9 MB
[runlim] sample:		176.3 time, 200.6 real, 74.0 MB
[runlim] sample:		183.9 time, 210.6 real, 74.2 MB
[runlim] sample:		191.9 time, 220.6 real, 75.8 MB
[runlim] sample:		200.4 time, 230.6 real, 78.6 MB
[runlim] sample:		210.4 time, 240.6 real, 80.7 MB
[runlim] sample:		219.4 time, 250.6 real, 82.5 MB
[runlim] sample:		228.5 time, 260.6 real, 83.8 MB
[runlim] sample:		237.9 time, 270.6 real, 84.3 MB
[runlim] sample:		247.0 time, 280.6 real, 85.7 MB
[runlim] sample:		257.0 time, 290.6 real, 86.7 MB
[runlim] sample:		267.0 time, 300.6 real, 86.9 MB
[runlim] sample:		277.0 time, 310.6 real, 87.5 MB
[runlim] sample:		287.0 time, 320.6 real, 88.0 MB
[runlim] sample:		297.0 time, 330.6 real, 88.2 MB
[runlim] sample:		307.0 time, 340.6 real, 88.5 MB
[runlim] sample:		316.8 time, 350.6 real, 90.0 MB
[runlim] sample:		326.7 time, 360.6 real, 90.3 MB
[runlim] sample:		336.5 time, 370.6 real, 90.6 MB
[runlim] sample:		345.5 time, 380.6 real, 90.8 MB
[runlim] sample:		354.0 time, 390.6 real, 91.3 MB
[runlim] sample:		362.3 time, 400.6 real, 91.6 MB
[runlim] sample:		371.1 time, 410.6 real, 91.8 MB
[runlim] sample:		379.9 time, 420.6 real, 92.4 MB
[runlim] sample:		389.2 time, 430.6 real, 93.1 MB
[runlim] sample:		397.6 time, 440.6 real, 93.4 MB
[runlim] sample:		407.3 time, 450.6 real, 94.9 MB
[runlim] sample:		416.6 time, 460.6 real, 95.7 MB
[runlim] sample:		423.6 time, 470.6 real, 96.0 MB
[runlim] sample:		431.2 time, 480.6 real, 97.0 MB
[runlim] sample:		440.4 time, 490.6 real, 98.0 MB
[runlim] sample:		449.6 time, 500.6 real, 98.0 MB
[runlim] sample:		458.9 time, 510.6 real, 100.1 MB
[runlim] sample:		468.6 time, 520.6 real, 100.4 MB
[runlim] sample:		477.7 time, 530.6 real, 100.6 MB
[runlim] sample:		487.0 time, 540.6 real, 101.6 MB
[runlim] sample:		495.8 time, 550.6 real, 101.9 MB
[runlim] sample:		504.2 time, 560.6 real, 102.4 MB
[runlim] sample:		512.6 time, 570.6 real, 106.9 MB
[runlim] sample:		520.9 time, 580.6 real, 106.9 MB
[runlim] sample:		529.8 time, 590.6 real, 107.1 MB
[runlim] sample:		538.8 time, 600.6 real, 107.4 MB
[runlim] sample:		548.0 time, 610.6 real, 107.4 MB
[runlim] sample:		557.9 time, 620.6 real, 107.7 MB
[runlim] sample:		567.9 time, 630.6 real, 108.4 MB
[runlim] sample:		577.9 time, 640.6 real, 108.9 MB
[runlim] sample:		587.9 time, 650.6 real, 109.2 MB
[runlim] sample:		597.9 time, 660.6 real, 109.2 MB
[runlim] sample:		607.9 time, 670.6 real, 110.0 MB
[runlim] sample:		617.9 time, 680.6 real, 110.2 MB
[runlim] sample:		627.9 time, 690.6 real, 110.8 MB
[runlim] sample:		637.9 time, 700.6 real, 110.8 MB
[runlim] sample:		647.9 time, 710.6 real, 111.0 MB
[runlim] sample:		657.9 time, 720.6 real, 111.3 MB
[runlim] sample:		667.9 time, 730.6 real, 111.5 MB
[runlim] sample:		677.9 time, 740.6 real, 111.8 MB
[runlim] sample:		687.9 time, 750.6 real, 112.0 MB
[runlim] sample:		697.9 time, 760.6 real, 112.6 MB
[runlim] sample:		707.9 time, 770.6 real, 113.1 MB
[runlim] sample:		717.9 time, 780.6 real, 114.1 MB
[runlim] sample:		727.9 time, 790.6 real, 114.4 MB
[runlim] sample:		737.9 time, 800.6 real, 114.4 MB
[runlim] sample:		747.9 time, 810.6 real, 114.9 MB
[runlim] sample:		757.9 time, 820.6 real, 115.4 MB
[runlim] sample:		767.9 time, 830.6 real, 115.6 MB
[runlim] sample:		777.9 time, 840.6 real, 115.9 MB
[runlim] sample:		787.9 time, 850.6 real, 116.4 MB
[runlim] sample:		797.9 time, 860.6 real, 116.7 MB
[runlim] sample:		807.9 time, 870.6 real, 116.9 MB
[runlim] sample:		817.9 time, 880.6 real, 116.9 MB
[runlim] sample:		827.9 time, 890.6 real, 116.9 MB
[runlim] sample:		837.9 time, 900.6 real, 117.2 MB
[runlim] sample:		847.9 time, 910.6 real, 117.2 MB
[runlim] sample:		857.9 time, 920.6 real, 117.2 MB
[runlim] sample:		867.9 time, 930.6 real, 118.0 MB
[runlim] sample:		877.9 time, 940.6 real, 119.5 MB
[runlim] sample:		887.9 time, 950.6 real, 119.8 MB
[runlim] sample:		897.9 time, 960.6 real, 120.0 MB
[runlim] sample:		907.9 time, 970.6 real, 120.8 MB
[runlim] sample:		917.9 time, 980.6 real, 120.8 MB
[runlim] sample:		927.9 time, 990.6 real, 120.8 MB
[runlim] sample:		937.9 time, 1000.6 real, 120.8 MB
[runlim] sample:		947.9 time, 1010.6 real, 121.1 MB
[runlim] sample:		957.9 time, 1020.6 real, 121.1 MB
[runlim] sample:		967.9 time, 1030.6 real, 121.1 MB
[runlim] sample:		977.9 time, 1040.6 real, 121.3 MB
[runlim] sample:		987.9 time, 1050.6 real, 121.3 MB
[runlim] sample:		997.9 time, 1060.6 real, 121.6 MB
[runlim] sample:		1007.9 time, 1070.6 real, 121.8 MB
[runlim] sample:		1017.8 time, 1080.6 real, 122.1 MB
[runlim] sample:		1027.8 time, 1090.6 real, 122.1 MB
[runlim] sample:		1037.8 time, 1100.6 real, 122.6 MB
[runlim] sample:		1047.8 time, 1110.6 real, 122.9 MB
[runlim] sample:		1057.8 time, 1120.6 real, 123.4 MB
[runlim] sample:		1067.8 time, 1130.6 real, 123.6 MB
[runlim] sample:		1077.8 time, 1140.6 real, 123.6 MB
[runlim] sample:		1087.8 time, 1150.6 real, 123.9 MB
[runlim] sample:		1097.8 time, 1160.6 real, 123.9 MB
[runlim] sample:		1107.7 time, 1170.6 real, 124.4 MB
[runlim] sample:		1117.7 time, 1180.6 real, 124.4 MB
[runlim] sample:		1127.7 time, 1190.6 real, 125.4 MB
[runlim] sample:		1137.7 time, 1200.6 real, 125.4 MB
[runlim] sample:		1147.7 time, 1210.6 real, 126.9 MB
[runlim] sample:		1157.7 time, 1220.6 real, 127.9 MB
[runlim] sample:		1167.7 time, 1230.6 real, 127.9 MB
[runlim] sample:		1177.7 time, 1240.6 real, 129.0 MB
[runlim] sample:		1187.7 time, 1250.6 real, 129.2 MB
[runlim] sample:		1197.7 time, 1260.6 real, 131.0 MB
[runlim] sample:		1207.7 time, 1270.6 real, 136.7 MB
[runlim] sample:		1217.6 time, 1280.6 real, 137.7 MB
[runlim] sample:		1227.3 time, 1290.6 real, 138.8 MB
[runlim] sample:		1237.1 time, 1300.6 real, 139.5 MB
[runlim] sample:		1247.1 time, 1310.6 real, 140.6 MB
[runlim] sample:		1257.0 time, 1320.6 real, 140.8 MB
[runlim] sample:		1267.0 time, 1330.6 real, 141.8 MB
[runlim] sample:		1277.0 time, 1340.6 real, 142.4 MB
[runlim] sample:		1286.8 time, 1350.6 real, 142.6 MB
[runlim] sample:		1296.4 time, 1360.6 real, 143.1 MB
[runlim] sample:		1306.1 time, 1370.6 real, 143.4 MB
[runlim] sample:		1315.6 time, 1380.6 real, 143.7 MB
[runlim] sample:		1324.8 time, 1390.6 real, 146.5 MB
[runlim] sample:		1333.7 time, 1400.6 real, 146.7 MB
[runlim] sample:		1343.1 time, 1410.6 real, 152.4 MB
[runlim] sample:		1352.4 time, 1420.6 real, 159.7 MB
[runlim] sample:		1362.0 time, 1430.6 real, 159.7 MB
[runlim] sample:		1371.6 time, 1440.6 real, 161.0 MB
[runlim] sample:		1381.6 time, 1450.6 real, 162.3 MB
[runlim] sample:		1391.4 time, 1460.6 real, 163.3 MB
[runlim] sample:		1401.3 time, 1470.6 real, 165.1 MB
[runlim] sample:		1411.2 time, 1480.6 real, 165.6 MB
[runlim] sample:		1420.8 time, 1490.6 real, 165.9 MB
[runlim] sample:		1430.8 time, 1500.6 real, 166.4 MB
[runlim] sample:		1440.8 time, 1510.6 real, 171.8 MB
[runlim] sample:		1450.8 time, 1520.6 real, 172.8 MB
[runlim] sample:		1460.8 time, 1530.6 real, 173.6 MB
[runlim] sample:		1470.5 time, 1540.6 real, 174.1 MB
[runlim] sample:		1480.3 time, 1550.6 real, 174.4 MB
[runlim] sample:		1489.5 time, 1560.6 real, 174.4 MB
[runlim] sample:		1498.6 time, 1570.6 real, 175.4 MB
[runlim] sample:		1507.1 time, 1580.6 real, 175.9 MB
[runlim] sample:		1515.8 time, 1590.6 real, 176.7 MB
[runlim] sample:		1523.3 time, 1600.6 real, 177.2 MB
[runlim] sample:		1531.9 time, 1610.6 real, 177.2 MB
[runlim] sample:		1540.3 time, 1620.6 real, 177.5 MB
[runlim] sample:		1548.8 time, 1630.6 real, 177.5 MB
[runlim] sample:		1558.0 time, 1640.6 real, 177.5 MB
[runlim] sample:		1567.8 time, 1650.6 real, 177.7 MB
[runlim] sample:		1577.8 time, 1660.6 real, 178.0 MB
[runlim] sample:		1587.5 time, 1670.6 real, 178.0 MB
[runlim] sample:		1597.5 time, 1680.6 real, 178.0 MB
[runlim] sample:		1607.5 time, 1690.6 real, 178.0 MB
[runlim] sample:		1617.4 time, 1700.6 real, 178.8 MB
[runlim] sample:		1627.0 time, 1710.6 real, 180.8 MB
[runlim] sample:		1636.7 time, 1720.6 real, 181.1 MB
[runlim] sample:		1645.7 time, 1730.6 real, 182.1 MB
[runlim] sample:		1654.6 time, 1740.6 real, 182.9 MB
[runlim] sample:		1663.5 time, 1750.6 real, 182.9 MB
[runlim] sample:		1671.9 time, 1760.6 real, 184.4 MB
[runlim] sample:		1680.6 time, 1770.6 real, 184.9 MB
[runlim] sample:		1689.5 time, 1780.6 real, 185.7 MB
[runlim] sample:		1698.7 time, 1790.6 real, 188.0 MB
[runlim] sample:		1708.5 time, 1800.6 real, 188.0 MB
[runlim] sample:		1718.5 time, 1810.6 real, 188.3 MB
[runlim] sample:		1728.1 time, 1820.6 real, 188.3 MB
[runlim] sample:		1737.2 time, 1830.6 real, 188.8 MB
[runlim] sample:		1746.5 time, 1840.6 real, 189.1 MB
[runlim] sample:		1755.9 time, 1850.6 real, 189.6 MB
[runlim] sample:		1764.8 time, 1860.6 real, 190.1 MB
[runlim] sample:		1774.2 time, 1870.6 real, 191.4 MB
[runlim] sample:		1783.5 time, 1880.6 real, 192.4 MB
[runlim] sample:		1792.8 time, 1890.6 real, 192.9 MB
[runlim] end:			Sat Feb  9 23:38:42 2019
[runlim] status:		out of time
[runlim] result:		2
[runlim] children:		0
[runlim] real:			1898.31 seconds
[runlim] time:			1800.02 seconds
[runlim] space:			192.9 MB
[runlim] samples:		18977
