[runlim] version:		1.10fixed
[runlim] time limit:		300 seconds
[runlim] real time limit:	311040000 seconds
[runlim] space limit:		4000 MB
[runlim] argv[0]:		./z3
[runlim] argv[1]:		/tmp/ALXquAVb.smt2
[runlim] start:			Thu Feb 14 00:21:56 2019
[runlim] main pid:		28093
[runlim] sample:		10.0 time, 10.9 real, 47.8 MB
[runlim] sample:		19.8 time, 20.9 real, 63.8 MB
[runlim] sample:		29.8 time, 30.9 real, 74.8 MB
[runlim] sample:		39.8 time, 40.9 real, 93.1 MB
[runlim] sample:		49.8 time, 50.9 real, 101.4 MB
[runlim] sample:		59.8 time, 60.9 real, 104.5 MB
[runlim] sample:		69.5 time, 70.9 real, 108.8 MB
[runlim] sample:		79.2 time, 80.9 real, 114.0 MB
[runlim] sample:		88.8 time, 90.9 real, 116.6 MB
[runlim] sample:		98.7 time, 100.9 real, 120.4 MB
[runlim] sample:		108.5 time, 110.9 real, 123.5 MB
[runlim] sample:		118.1 time, 120.9 real, 129.6 MB
[runlim] sample:		127.8 time, 130.9 real, 142.9 MB
[runlim] sample:		137.4 time, 140.9 real, 165.5 MB
[runlim] sample:		147.1 time, 150.9 real, 175.0 MB
[runlim] sample:		156.6 time, 160.9 real, 197.2 MB
[runlim] sample:		164.8 time, 170.9 real, 202.1 MB
[runlim] sample:		174.3 time, 180.9 real, 226.9 MB
[runlim] sample:		184.3 time, 190.9 real, 244.3 MB
[runlim] sample:		193.8 time, 200.9 real, 247.2 MB
[runlim] sample:		202.7 time, 210.9 real, 284.4 MB
[runlim] sample:		211.7 time, 220.9 real, 305.0 MB
[runlim] sample:		221.0 time, 230.9 real, 308.6 MB
[runlim] sample:		230.7 time, 240.9 real, 312.7 MB
[runlim] sample:		240.6 time, 250.9 real, 332.5 MB
[runlim] sample:		250.6 time, 260.9 real, 352.3 MB
[runlim] sample:		260.6 time, 270.9 real, 364.7 MB
[runlim] sample:		269.4 time, 280.9 real, 368.6 MB
[runlim] sample:		279.4 time, 290.9 real, 382.8 MB
[runlim] sample:		289.4 time, 300.9 real, 395.4 MB
[runlim] sample:		299.4 time, 310.9 real, 418.9 MB
[runlim] end:			Thu Feb 14 00:27:07 2019
[runlim] status:		out of time
[runlim] result:		2
[runlim] children:		0
[runlim] real:			311.62 seconds
[runlim] time:			300.07 seconds
[runlim] space:			418.9 MB
[runlim] samples:		3107
