[runlim] version:		1.10fixed
[runlim] time limit:		300 seconds
[runlim] real time limit:	311040000 seconds
[runlim] space limit:		4000 MB
[runlim] argv[0]:		./z3
[runlim] argv[1]:		/tmp/R5w7jrEI.smt2
[runlim] start:			Tue Jan 29 16:02:14 2019
[runlim] main pid:		20872
[runlim] sample:		8.3 time, 10.8 real, 27.9 MB
[runlim] sample:		18.3 time, 20.8 real, 31.8 MB
[runlim] sample:		26.4 time, 30.8 real, 38.0 MB
[runlim] sample:		35.5 time, 40.8 real, 41.0 MB
[runlim] sample:		45.5 time, 50.8 real, 43.4 MB
[runlim] sample:		55.2 time, 60.8 real, 45.5 MB
[runlim] sample:		64.9 time, 70.8 real, 47.0 MB
[runlim] sample:		74.5 time, 80.8 real, 47.8 MB
[runlim] sample:		83.1 time, 90.8 real, 50.7 MB
[runlim] sample:		92.1 time, 100.8 real, 51.2 MB
[runlim] sample:		101.8 time, 110.8 real, 52.0 MB
[runlim] sample:		110.1 time, 120.8 real, 58.0 MB
[runlim] sample:		120.0 time, 130.8 real, 60.9 MB
[runlim] sample:		130.0 time, 140.8 real, 64.0 MB
[runlim] sample:		140.0 time, 150.8 real, 65.2 MB
[runlim] sample:		149.4 time, 160.8 real, 66.3 MB
[runlim] sample:		159.0 time, 170.8 real, 68.6 MB
[runlim] sample:		169.0 time, 180.8 real, 69.9 MB
[runlim] sample:		179.0 time, 190.8 real, 72.2 MB
[runlim] sample:		189.0 time, 200.8 real, 77.8 MB
[runlim] sample:		199.0 time, 210.8 real, 78.8 MB
[runlim] sample:		209.0 time, 220.8 real, 80.6 MB
[runlim] sample:		219.0 time, 230.8 real, 81.9 MB
[runlim] sample:		229.0 time, 240.8 real, 82.2 MB
[runlim] sample:		239.0 time, 250.8 real, 84.0 MB
[runlim] sample:		249.0 time, 260.8 real, 84.2 MB
[runlim] sample:		259.0 time, 270.8 real, 84.5 MB
[runlim] sample:		269.0 time, 280.8 real, 85.0 MB
[runlim] sample:		279.0 time, 290.8 real, 85.8 MB
[runlim] sample:		289.0 time, 300.8 real, 88.1 MB
[runlim] end:			Tue Jan 29 16:07:24 2019
[runlim] status:		signal(9)
[runlim] result:		11
[runlim] children:		0
[runlim] real:			310.50 seconds
[runlim] time:			298.56 seconds
[runlim] space:			89.1 MB
[runlim] samples:		3096
