[runlim] version:		1.10fixed
[runlim] time limit:		1800 seconds
[runlim] real time limit:	311040000 seconds
[runlim] space limit:		4000 MB
[runlim] argv[0]:		./z3
[runlim] argv[1]:		/tmp/up55jnaG.smt2
[runlim] start:			Sat Feb  9 22:39:31 2019
[runlim] main pid:		32259
[runlim] sample:		9.5 time, 10.8 real, 32.4 MB
[runlim] sample:		19.5 time, 20.8 real, 37.0 MB
[runlim] sample:		28.5 time, 30.8 real, 45.1 MB
[runlim] sample:		37.9 time, 40.8 real, 50.2 MB
[runlim] sample:		47.2 time, 50.8 real, 52.3 MB
[runlim] sample:		56.5 time, 60.8 real, 54.1 MB
[runlim] sample:		65.8 time, 70.8 real, 56.4 MB
[runlim] sample:		75.2 time, 80.8 real, 57.2 MB
[runlim] sample:		84.5 time, 90.8 real, 60.5 MB
[runlim] sample:		93.1 time, 100.8 real, 61.3 MB
[runlim] sample:		101.9 time, 110.8 real, 61.5 MB
[runlim] sample:		111.0 time, 120.8 real, 62.6 MB
[runlim] sample:		120.4 time, 130.8 real, 64.4 MB
[runlim] sample:		129.9 time, 140.8 real, 65.1 MB
[runlim] sample:		139.9 time, 150.8 real, 66.2 MB
[runlim] sample:		149.9 time, 160.8 real, 67.2 MB
[runlim] sample:		159.9 time, 170.8 real, 68.8 MB
[runlim] sample:		169.9 time, 180.8 real, 70.6 MB
[runlim] sample:		179.9 time, 190.8 real, 72.3 MB
[runlim] sample:		189.9 time, 200.8 real, 72.8 MB
[runlim] sample:		199.9 time, 210.8 real, 73.3 MB
[runlim] sample:		209.9 time, 220.8 real, 74.6 MB
[runlim] sample:		219.9 time, 230.8 real, 75.9 MB
[runlim] sample:		229.9 time, 240.8 real, 76.9 MB
[runlim] sample:		239.9 time, 250.8 real, 77.4 MB
[runlim] sample:		249.9 time, 260.8 real, 78.2 MB
[runlim] sample:		259.9 time, 270.8 real, 78.7 MB
[runlim] sample:		269.9 time, 280.8 real, 81.0 MB
[runlim] sample:		279.9 time, 290.8 real, 81.0 MB
[runlim] sample:		289.9 time, 300.8 real, 83.9 MB
[runlim] sample:		299.5 time, 310.8 real, 88.5 MB
[runlim] sample:		309.5 time, 320.8 real, 89.0 MB
[runlim] sample:		319.5 time, 330.8 real, 89.5 MB
[runlim] sample:		329.5 time, 340.8 real, 91.3 MB
[runlim] sample:		339.5 time, 350.8 real, 93.6 MB
[runlim] sample:		349.5 time, 360.8 real, 94.6 MB
[runlim] sample:		359.3 time, 370.8 real, 100.8 MB
[runlim] sample:		368.6 time, 380.8 real, 101.3 MB
[runlim] sample:		378.2 time, 390.8 real, 102.6 MB
[runlim] sample:		388.2 time, 400.8 real, 103.4 MB
[runlim] sample:		398.2 time, 410.8 real, 105.7 MB
[runlim] sample:		408.2 time, 420.8 real, 106.5 MB
[runlim] sample:		418.2 time, 430.8 real, 110.1 MB
[runlim] sample:		428.2 time, 440.8 real, 110.6 MB
[runlim] sample:		438.2 time, 450.8 real, 112.7 MB
[runlim] sample:		448.2 time, 460.8 real, 114.7 MB
[runlim] sample:		458.2 time, 470.8 real, 115.8 MB
[runlim] sample:		468.1 time, 480.8 real, 120.7 MB
[runlim] sample:		478.1 time, 490.8 real, 120.7 MB
[runlim] sample:		486.6 time, 500.8 real, 121.2 MB
[runlim] sample:		494.8 time, 510.8 real, 122.2 MB
[runlim] sample:		504.6 time, 520.8 real, 123.5 MB
[runlim] sample:		514.6 time, 530.8 real, 123.8 MB
[runlim] sample:		524.6 time, 540.8 real, 123.8 MB
[runlim] sample:		534.6 time, 550.8 real, 126.1 MB
[runlim] sample:		543.8 time, 560.8 real, 128.7 MB
[runlim] sample:		551.9 time, 570.8 real, 129.2 MB
[runlim] sample:		561.4 time, 580.8 real, 129.5 MB
[runlim] sample:		571.4 time, 590.8 real, 131.3 MB
[runlim] sample:		581.4 time, 600.8 real, 131.8 MB
[runlim] sample:		591.4 time, 610.8 real, 139.9 MB
[runlim] sample:		601.4 time, 620.8 real, 139.9 MB
[runlim] sample:		611.3 time, 630.8 real, 141.7 MB
[runlim] sample:		620.6 time, 640.8 real, 143.3 MB
[runlim] sample:		629.9 time, 650.8 real, 143.5 MB
[runlim] sample:		639.2 time, 660.8 real, 143.8 MB
[runlim] sample:		648.6 time, 670.8 real, 145.1 MB
[runlim] sample:		657.9 time, 680.8 real, 145.6 MB
[runlim] sample:		667.2 time, 690.8 real, 146.4 MB
[runlim] sample:		676.6 time, 700.8 real, 146.6 MB
[runlim] sample:		685.9 time, 710.8 real, 146.9 MB
[runlim] sample:		695.2 time, 720.8 real, 147.1 MB
[runlim] sample:		704.5 time, 730.8 real, 148.2 MB
[runlim] sample:		713.9 time, 740.8 real, 148.7 MB
[runlim] sample:		723.2 time, 750.8 real, 149.4 MB
[runlim] sample:		732.5 time, 760.8 real, 150.5 MB
[runlim] sample:		741.8 time, 770.8 real, 150.7 MB
[runlim] sample:		751.1 time, 780.8 real, 151.0 MB
[runlim] sample:		760.4 time, 790.8 real, 153.0 MB
[runlim] sample:		769.8 time, 800.8 real, 153.8 MB
[runlim] sample:		779.1 time, 810.8 real, 156.1 MB
[runlim] sample:		788.4 time, 820.8 real, 160.3 MB
[runlim] sample:		797.7 time, 830.8 real, 165.9 MB
[runlim] sample:		807.0 time, 840.8 real, 166.7 MB
[runlim] sample:		816.3 time, 850.8 real, 167.2 MB
[runlim] sample:		825.6 time, 860.8 real, 169.3 MB
[runlim] sample:		835.0 time, 870.8 real, 169.8 MB
[runlim] sample:		844.3 time, 880.8 real, 171.9 MB
[runlim] sample:		853.6 time, 890.8 real, 175.0 MB
[runlim] sample:		863.0 time, 900.8 real, 175.5 MB
[runlim] sample:		872.7 time, 910.8 real, 175.7 MB
[runlim] sample:		882.3 time, 920.8 real, 176.5 MB
[runlim] sample:		892.0 time, 930.8 real, 176.5 MB
[runlim] sample:		901.7 time, 940.8 real, 176.5 MB
[runlim] sample:		911.7 time, 950.8 real, 180.1 MB
[runlim] sample:		921.6 time, 960.8 real, 183.5 MB
[runlim] sample:		931.6 time, 970.8 real, 183.7 MB
[runlim] sample:		941.6 time, 980.8 real, 183.7 MB
[runlim] sample:		951.6 time, 990.8 real, 184.0 MB
[runlim] sample:		961.6 time, 1000.8 real, 184.8 MB
[runlim] sample:		971.6 time, 1010.8 real, 184.8 MB
[runlim] sample:		981.6 time, 1020.8 real, 184.8 MB
[runlim] sample:		991.6 time, 1030.8 real, 185.0 MB
[runlim] sample:		1001.6 time, 1040.8 real, 185.3 MB
[runlim] sample:		1011.6 time, 1050.8 real, 185.3 MB
[runlim] sample:		1021.6 time, 1060.8 real, 185.5 MB
[runlim] sample:		1031.6 time, 1070.8 real, 185.5 MB
[runlim] sample:		1041.6 time, 1080.8 real, 185.8 MB
[runlim] sample:		1051.6 time, 1090.8 real, 185.8 MB
[runlim] sample:		1061.6 time, 1100.8 real, 185.8 MB
[runlim] sample:		1071.6 time, 1110.8 real, 186.6 MB
[runlim] sample:		1081.6 time, 1120.8 real, 188.1 MB
[runlim] sample:		1091.5 time, 1130.8 real, 190.4 MB
[runlim] sample:		1101.4 time, 1140.8 real, 190.4 MB
[runlim] sample:		1110.7 time, 1150.8 real, 190.7 MB
[runlim] sample:		1120.0 time, 1160.8 real, 190.9 MB
[runlim] sample:		1128.6 time, 1170.8 real, 191.2 MB
[runlim] sample:		1138.5 time, 1180.8 real, 191.5 MB
[runlim] sample:		1147.1 time, 1190.8 real, 193.3 MB
[runlim] sample:		1155.6 time, 1200.8 real, 194.6 MB
[runlim] sample:		1164.4 time, 1210.8 real, 195.1 MB
[runlim] sample:		1172.8 time, 1220.8 real, 195.1 MB
[runlim] sample:		1181.8 time, 1230.8 real, 195.1 MB
[runlim] sample:		1191.0 time, 1240.8 real, 195.6 MB
[runlim] sample:		1200.8 time, 1250.8 real, 195.8 MB
[runlim] sample:		1210.3 time, 1260.8 real, 197.6 MB
[runlim] sample:		1220.3 time, 1270.8 real, 197.9 MB
[runlim] sample:		1230.3 time, 1280.8 real, 197.9 MB
[runlim] sample:		1240.3 time, 1290.8 real, 198.2 MB
[runlim] sample:		1250.3 time, 1300.8 real, 198.4 MB
[runlim] sample:		1260.3 time, 1310.8 real, 198.4 MB
[runlim] sample:		1270.3 time, 1320.8 real, 198.7 MB
[runlim] sample:		1278.4 time, 1330.8 real, 199.2 MB
[runlim] sample:		1286.1 time, 1340.8 real, 199.4 MB
[runlim] sample:		1294.7 time, 1350.8 real, 199.4 MB
[runlim] sample:		1302.7 time, 1360.8 real, 202.3 MB
[runlim] sample:		1311.7 time, 1370.8 real, 202.3 MB
[runlim] sample:		1321.3 time, 1380.8 real, 203.6 MB
[runlim] sample:		1330.7 time, 1390.8 real, 204.3 MB
[runlim] sample:		1340.7 time, 1400.8 real, 204.3 MB
[runlim] sample:		1350.0 time, 1410.8 real, 204.6 MB
[runlim] sample:		1359.3 time, 1420.8 real, 206.7 MB
[runlim] sample:		1368.8 time, 1430.8 real, 207.4 MB
[runlim] sample:		1378.8 time, 1440.8 real, 207.7 MB
[runlim] sample:		1388.8 time, 1450.8 real, 208.7 MB
[runlim] sample:		1398.5 time, 1460.8 real, 210.5 MB
[runlim] sample:		1408.4 time, 1470.8 real, 211.3 MB
[runlim] sample:		1418.4 time, 1480.8 real, 212.1 MB
[runlim] sample:		1428.4 time, 1490.8 real, 213.9 MB
[runlim] sample:		1438.4 time, 1500.8 real, 214.1 MB
[runlim] sample:		1448.4 time, 1510.8 real, 214.4 MB
[runlim] sample:		1458.4 time, 1520.8 real, 214.7 MB
[runlim] sample:		1468.4 time, 1530.8 real, 214.9 MB
[runlim] sample:		1478.4 time, 1540.8 real, 214.9 MB
[runlim] sample:		1488.4 time, 1550.8 real, 214.9 MB
[runlim] sample:		1498.4 time, 1560.8 real, 214.9 MB
[runlim] sample:		1508.4 time, 1570.8 real, 214.9 MB
[runlim] sample:		1518.4 time, 1580.8 real, 214.9 MB
[runlim] sample:		1528.4 time, 1590.8 real, 215.4 MB
[runlim] sample:		1538.4 time, 1600.8 real, 215.9 MB
[runlim] sample:		1548.4 time, 1610.8 real, 216.2 MB
[runlim] sample:		1558.4 time, 1620.8 real, 216.2 MB
[runlim] sample:		1568.4 time, 1630.8 real, 216.7 MB
[runlim] sample:		1578.4 time, 1640.8 real, 216.7 MB
[runlim] sample:		1588.4 time, 1650.8 real, 217.0 MB
[runlim] sample:		1598.4 time, 1660.8 real, 217.2 MB
[runlim] sample:		1608.4 time, 1670.8 real, 217.5 MB
[runlim] sample:		1618.4 time, 1680.8 real, 217.5 MB
[runlim] sample:		1628.4 time, 1690.8 real, 217.7 MB
[runlim] sample:		1638.4 time, 1700.8 real, 218.0 MB
[runlim] sample:		1648.4 time, 1710.8 real, 218.0 MB
[runlim] sample:		1658.4 time, 1720.8 real, 218.8 MB
[runlim] sample:		1668.4 time, 1730.8 real, 219.0 MB
[runlim] sample:		1678.4 time, 1740.8 real, 219.0 MB
[runlim] sample:		1688.4 time, 1750.8 real, 219.3 MB
[runlim] sample:		1698.4 time, 1760.8 real, 219.6 MB
[runlim] sample:		1708.4 time, 1770.8 real, 219.6 MB
[runlim] sample:		1718.4 time, 1780.8 real, 221.4 MB
[runlim] sample:		1728.4 time, 1790.8 real, 221.6 MB
[runlim] sample:		1738.4 time, 1800.8 real, 221.6 MB
[runlim] sample:		1748.4 time, 1810.8 real, 222.1 MB
[runlim] sample:		1758.4 time, 1820.8 real, 222.6 MB
[runlim] sample:		1768.4 time, 1830.8 real, 222.9 MB
[runlim] sample:		1778.4 time, 1840.8 real, 222.9 MB
[runlim] sample:		1788.4 time, 1850.8 real, 223.2 MB
[runlim] end:			Sat Feb  9 23:10:22 2019
[runlim] status:		signal(9)
[runlim] result:		11
[runlim] children:		0
[runlim] real:			1851.59 seconds
[runlim] time:			1789.18 seconds
[runlim] space:			223.2 MB
[runlim] samples:		18508
