[runlim] version:		1.10fixed
[runlim] time limit:		1800 seconds
[runlim] real time limit:	311040000 seconds
[runlim] space limit:		4000 MB
[runlim] argv[0]:		./z3
[runlim] argv[1]:		/tmp/Po3f9HSQ.smt2
[runlim] start:			Tue Feb 19 05:27:16 2019
[runlim] main pid:		25077
[runlim] sample:		10.0 time, 11.0 real, 34.7 MB
[runlim] sample:		19.8 time, 21.0 real, 40.6 MB
[runlim] sample:		28.4 time, 31.0 real, 44.2 MB
[runlim] sample:		37.1 time, 41.0 real, 53.8 MB
[runlim] sample:		46.8 time, 51.0 real, 57.5 MB
[runlim] sample:		56.5 time, 61.0 real, 60.3 MB
[runlim] sample:		66.5 time, 71.0 real, 65.5 MB
[runlim] sample:		76.5 time, 81.0 real, 70.5 MB
[runlim] sample:		86.5 time, 91.0 real, 74.2 MB
[runlim] sample:		96.5 time, 101.0 real, 77.8 MB
[runlim] sample:		106.5 time, 111.0 real, 80.2 MB
[runlim] sample:		116.5 time, 121.0 real, 85.3 MB
[runlim] sample:		126.5 time, 131.0 real, 88.1 MB
[runlim] sample:		136.5 time, 141.0 real, 91.5 MB
[runlim] sample:		146.5 time, 151.0 real, 95.1 MB
[runlim] sample:		156.5 time, 161.0 real, 97.4 MB
[runlim] sample:		166.2 time, 171.0 real, 99.8 MB
[runlim] sample:		176.2 time, 181.0 real, 101.0 MB
[runlim] sample:		185.6 time, 191.0 real, 104.4 MB
[runlim] sample:		195.6 time, 201.0 real, 106.2 MB
[runlim] sample:		205.0 time, 211.0 real, 108.0 MB
[runlim] sample:		213.9 time, 221.0 real, 114.0 MB
[runlim] sample:		223.1 time, 231.0 real, 115.5 MB
[runlim] sample:		232.3 time, 241.0 real, 116.6 MB
[runlim] sample:		240.5 time, 251.0 real, 118.6 MB
[runlim] sample:		249.7 time, 261.0 real, 119.9 MB
[runlim] sample:		258.1 time, 271.0 real, 122.8 MB
[runlim] sample:		268.0 time, 281.0 real, 122.8 MB
[runlim] sample:		277.6 time, 291.0 real, 122.8 MB
[runlim] sample:		287.1 time, 301.0 real, 123.0 MB
[runlim] sample:		297.1 time, 311.0 real, 124.6 MB
[runlim] sample:		307.1 time, 321.0 real, 125.1 MB
[runlim] sample:		315.8 time, 331.0 real, 125.9 MB
[runlim] sample:		325.8 time, 341.0 real, 126.6 MB
[runlim] sample:		335.8 time, 351.0 real, 127.4 MB
[runlim] sample:		345.8 time, 361.0 real, 128.4 MB
[runlim] sample:		355.8 time, 371.0 real, 128.7 MB
[runlim] sample:		365.7 time, 381.0 real, 130.6 MB
[runlim] sample:		375.7 time, 391.0 real, 131.1 MB
[runlim] sample:		385.7 time, 401.0 real, 131.9 MB
[runlim] sample:		395.7 time, 411.0 real, 131.9 MB
[runlim] sample:		405.7 time, 421.0 real, 132.1 MB
[runlim] sample:		415.6 time, 431.0 real, 132.4 MB
[runlim] sample:		425.6 time, 441.0 real, 134.2 MB
[runlim] sample:		435.6 time, 451.0 real, 134.5 MB
[runlim] sample:		444.8 time, 461.0 real, 135.2 MB
[runlim] sample:		454.8 time, 471.0 real, 135.5 MB
[runlim] sample:		464.8 time, 481.0 real, 136.0 MB
[runlim] sample:		474.8 time, 491.0 real, 136.8 MB
[runlim] sample:		484.1 time, 501.0 real, 137.0 MB
[runlim] sample:		492.3 time, 511.0 real, 137.6 MB
[runlim] sample:		500.5 time, 521.0 real, 137.8 MB
[runlim] sample:		508.7 time, 531.0 real, 138.3 MB
[runlim] sample:		516.9 time, 541.0 real, 139.4 MB
[runlim] sample:		525.0 time, 551.0 real, 140.4 MB
[runlim] sample:		533.8 time, 561.0 real, 144.5 MB
[runlim] sample:		543.6 time, 571.0 real, 146.1 MB
[runlim] sample:		553.6 time, 581.0 real, 147.1 MB
[runlim] sample:		563.5 time, 591.0 real, 148.4 MB
[runlim] sample:		573.3 time, 601.0 real, 151.2 MB
[runlim] sample:		583.1 time, 611.0 real, 160.7 MB
[runlim] sample:		592.8 time, 621.0 real, 163.3 MB
[runlim] sample:		602.6 time, 631.0 real, 165.1 MB
[runlim] sample:		612.4 time, 641.0 real, 165.9 MB
[runlim] sample:		622.3 time, 651.0 real, 166.7 MB
[runlim] sample:		632.1 time, 661.0 real, 167.7 MB
[runlim] sample:		641.8 time, 671.0 real, 169.7 MB
[runlim] sample:		651.6 time, 681.0 real, 170.5 MB
[runlim] sample:		661.6 time, 691.0 real, 172.1 MB
[runlim] sample:		671.5 time, 701.0 real, 173.9 MB
[runlim] sample:		680.9 time, 711.0 real, 179.5 MB
[runlim] sample:		690.6 time, 721.0 real, 185.0 MB
[runlim] sample:		700.4 time, 731.0 real, 186.5 MB
[runlim] sample:		709.3 time, 741.0 real, 187.5 MB
[runlim] sample:		719.0 time, 751.0 real, 188.3 MB
[runlim] sample:		728.9 time, 761.0 real, 192.2 MB
[runlim] sample:		738.9 time, 771.0 real, 193.2 MB
[runlim] sample:		748.1 time, 781.0 real, 194.0 MB
[runlim] sample:		758.1 time, 791.0 real, 196.0 MB
[runlim] sample:		767.9 time, 801.0 real, 197.6 MB
[runlim] sample:		776.5 time, 811.0 real, 198.1 MB
[runlim] sample:		785.0 time, 821.0 real, 207.5 MB
[runlim] sample:		794.5 time, 831.0 real, 209.6 MB
[runlim] sample:		804.4 time, 841.0 real, 210.6 MB
[runlim] sample:		814.4 time, 851.0 real, 214.2 MB
[runlim] sample:		823.9 time, 861.0 real, 214.2 MB
[runlim] sample:		833.8 time, 871.0 real, 214.2 MB
[runlim] sample:		843.8 time, 881.0 real, 214.2 MB
[runlim] sample:		853.8 time, 891.0 real, 215.5 MB
[runlim] sample:		863.8 time, 901.0 real, 217.3 MB
[runlim] sample:		873.8 time, 911.0 real, 219.9 MB
[runlim] sample:		883.8 time, 921.0 real, 221.7 MB
[runlim] sample:		893.8 time, 931.0 real, 222.7 MB
[runlim] sample:		903.8 time, 941.0 real, 224.0 MB
[runlim] sample:		913.8 time, 951.0 real, 224.8 MB
[runlim] sample:		923.8 time, 961.0 real, 225.6 MB
[runlim] sample:		933.8 time, 971.0 real, 225.6 MB
[runlim] sample:		943.3 time, 981.0 real, 225.8 MB
[runlim] sample:		952.2 time, 991.0 real, 227.6 MB
[runlim] sample:		961.1 time, 1001.0 real, 231.2 MB
[runlim] sample:		970.5 time, 1011.0 real, 232.0 MB
[runlim] sample:		980.1 time, 1021.0 real, 232.3 MB
[runlim] sample:		989.8 time, 1031.0 real, 232.5 MB
[runlim] sample:		999.3 time, 1041.0 real, 232.8 MB
[runlim] sample:		1008.8 time, 1051.0 real, 232.8 MB
[runlim] sample:		1017.8 time, 1061.0 real, 233.0 MB
[runlim] sample:		1027.1 time, 1071.0 real, 233.3 MB
[runlim] sample:		1035.8 time, 1081.0 real, 235.4 MB
[runlim] sample:		1045.1 time, 1091.0 real, 235.9 MB
[runlim] sample:		1053.9 time, 1101.0 real, 236.4 MB
[runlim] sample:		1063.0 time, 1111.0 real, 236.9 MB
[runlim] sample:		1072.6 time, 1121.0 real, 237.2 MB
[runlim] sample:		1082.6 time, 1131.0 real, 237.7 MB
[runlim] sample:		1092.6 time, 1141.0 real, 240.0 MB
[runlim] sample:		1101.8 time, 1151.0 real, 242.1 MB
[runlim] sample:		1111.2 time, 1161.0 real, 243.3 MB
[runlim] sample:		1120.5 time, 1171.0 real, 246.2 MB
[runlim] sample:		1129.2 time, 1181.0 real, 247.5 MB
[runlim] sample:		1137.9 time, 1191.0 real, 248.5 MB
[runlim] sample:		1146.6 time, 1201.0 real, 249.0 MB
[runlim] sample:		1155.9 time, 1211.0 real, 252.4 MB
[runlim] sample:		1165.0 time, 1221.0 real, 253.4 MB
[runlim] sample:		1174.0 time, 1231.0 real, 254.7 MB
[runlim] sample:		1182.8 time, 1241.0 real, 255.5 MB
[runlim] sample:		1192.4 time, 1251.0 real, 256.8 MB
[runlim] sample:		1202.0 time, 1261.0 real, 259.8 MB
[runlim] sample:		1211.3 time, 1271.0 real, 260.1 MB
[runlim] sample:		1220.4 time, 1281.0 real, 261.9 MB
[runlim] sample:		1229.1 time, 1291.0 real, 263.5 MB
[runlim] sample:		1237.7 time, 1301.0 real, 264.0 MB
[runlim] sample:		1246.4 time, 1311.0 real, 264.0 MB
[runlim] sample:		1255.7 time, 1321.0 real, 264.5 MB
[runlim] sample:		1265.5 time, 1331.0 real, 266.0 MB
[runlim] sample:		1275.4 time, 1341.0 real, 266.3 MB
[runlim] sample:		1285.4 time, 1351.0 real, 267.3 MB
[runlim] sample:		1294.4 time, 1361.0 real, 267.3 MB
[runlim] sample:		1303.7 time, 1371.0 real, 267.6 MB
[runlim] sample:		1312.5 time, 1381.0 real, 268.9 MB
[runlim] sample:		1321.1 time, 1391.0 real, 269.1 MB
[runlim] sample:		1330.5 time, 1401.0 real, 269.4 MB
[runlim] sample:		1340.5 time, 1411.0 real, 269.6 MB
[runlim] sample:		1350.5 time, 1421.0 real, 269.9 MB
[runlim] sample:		1360.5 time, 1431.0 real, 274.0 MB
[runlim] sample:		1370.5 time, 1441.0 real, 274.0 MB
[runlim] sample:		1380.5 time, 1451.0 real, 275.1 MB
[runlim] sample:		1390.4 time, 1461.0 real, 276.9 MB
[runlim] sample:		1400.0 time, 1471.0 real, 279.4 MB
[runlim] sample:		1409.3 time, 1481.0 real, 279.7 MB
[runlim] sample:		1418.6 time, 1491.0 real, 280.7 MB
[runlim] sample:		1428.6 time, 1501.0 real, 282.5 MB
[runlim] sample:		1438.6 time, 1511.0 real, 283.3 MB
[runlim] sample:		1448.3 time, 1521.0 real, 283.6 MB
[runlim] sample:		1457.9 time, 1531.0 real, 284.9 MB
[runlim] sample:		1467.7 time, 1541.0 real, 285.4 MB
[runlim] sample:		1477.7 time, 1551.0 real, 285.6 MB
[runlim] sample:		1487.7 time, 1561.0 real, 285.9 MB
[runlim] sample:		1496.9 time, 1571.0 real, 285.9 MB
[runlim] sample:		1505.7 time, 1581.0 real, 285.9 MB
[runlim] sample:		1515.0 time, 1591.0 real, 286.4 MB
[runlim] sample:		1524.8 time, 1601.0 real, 287.2 MB
[runlim] sample:		1534.8 time, 1611.0 real, 287.4 MB
[runlim] sample:		1544.1 time, 1621.0 real, 287.4 MB
[runlim] sample:		1553.2 time, 1631.0 real, 287.4 MB
[runlim] sample:		1562.6 time, 1641.0 real, 287.9 MB
[runlim] sample:		1572.6 time, 1651.0 real, 287.9 MB
[runlim] sample:		1582.4 time, 1661.0 real, 287.9 MB
[runlim] sample:		1592.4 time, 1671.0 real, 288.2 MB
[runlim] sample:		1601.9 time, 1681.0 real, 288.2 MB
[runlim] sample:		1611.2 time, 1691.0 real, 288.7 MB
[runlim] sample:		1620.5 time, 1701.0 real, 291.0 MB
[runlim] sample:		1629.7 time, 1711.0 real, 291.8 MB
[runlim] sample:		1638.8 time, 1721.0 real, 293.1 MB
[runlim] sample:		1647.6 time, 1731.0 real, 294.9 MB
[runlim] sample:		1656.2 time, 1741.0 real, 296.7 MB
[runlim] sample:		1665.1 time, 1751.0 real, 299.0 MB
[runlim] sample:		1674.4 time, 1761.0 real, 299.8 MB
[runlim] sample:		1683.6 time, 1771.0 real, 301.4 MB
[runlim] sample:		1693.3 time, 1781.0 real, 304.2 MB
[runlim] sample:		1703.3 time, 1791.0 real, 305.0 MB
[runlim] sample:		1713.3 time, 1801.0 real, 305.7 MB
[runlim] sample:		1723.3 time, 1811.0 real, 306.0 MB
[runlim] sample:		1733.3 time, 1821.0 real, 306.2 MB
[runlim] sample:		1743.0 time, 1831.0 real, 306.2 MB
[runlim] sample:		1752.0 time, 1841.0 real, 306.2 MB
[runlim] sample:		1761.5 time, 1851.0 real, 306.2 MB
[runlim] sample:		1771.2 time, 1861.0 real, 306.8 MB
[runlim] sample:		1780.8 time, 1871.0 real, 306.8 MB
[runlim] sample:		1790.3 time, 1881.0 real, 306.8 MB
[runlim] sample:		1799.9 time, 1891.0 real, 306.8 MB
[runlim] end:			Tue Feb 19 05:58:47 2019
[runlim] status:		out of time
[runlim] result:		2
[runlim] children:		0
[runlim] real:			1891.09 seconds
[runlim] time:			1800.04 seconds
[runlim] space:			306.8 MB
[runlim] samples:		18901
