[runlim] version:		1.10fixed
[runlim] time limit:		1800 seconds
[runlim] real time limit:	311040000 seconds
[runlim] space limit:		4000 MB
[runlim] argv[0]:		./z3
[runlim] argv[1]:		/tmp/A65WLWhB.smt2
[runlim] start:			Sat Feb  9 22:46:55 2019
[runlim] main pid:		16465
[runlim] sample:		8.8 time, 10.6 real, 32.0 MB
[runlim] sample:		18.8 time, 20.6 real, 38.8 MB
[runlim] sample:		28.8 time, 30.6 real, 46.0 MB
[runlim] sample:		38.5 time, 40.6 real, 49.9 MB
[runlim] sample:		47.2 time, 50.6 real, 52.4 MB
[runlim] sample:		56.4 time, 60.6 real, 54.8 MB
[runlim] sample:		65.5 time, 70.6 real, 56.3 MB
[runlim] sample:		74.4 time, 80.6 real, 60.0 MB
[runlim] sample:		83.9 time, 90.6 real, 62.3 MB
[runlim] sample:		92.2 time, 100.6 real, 63.1 MB
[runlim] sample:		101.8 time, 110.6 real, 64.4 MB
[runlim] sample:		111.4 time, 120.6 real, 73.5 MB
[runlim] sample:		120.5 time, 130.6 real, 80.2 MB
[runlim] sample:		129.5 time, 140.6 real, 84.0 MB
[runlim] sample:		139.2 time, 150.6 real, 87.1 MB
[runlim] sample:		148.9 time, 160.6 real, 92.0 MB
[runlim] sample:		158.6 time, 170.6 real, 101.8 MB
[runlim] sample:		168.3 time, 180.6 real, 102.8 MB
[runlim] sample:		177.5 time, 190.6 real, 104.9 MB
[runlim] sample:		187.0 time, 200.6 real, 106.9 MB
[runlim] sample:		196.2 time, 210.6 real, 106.9 MB
[runlim] sample:		204.7 time, 220.6 real, 107.7 MB
[runlim] sample:		212.8 time, 230.6 real, 109.8 MB
[runlim] sample:		221.5 time, 240.6 real, 110.5 MB
[runlim] sample:		230.1 time, 250.6 real, 111.6 MB
[runlim] sample:		239.7 time, 260.6 real, 112.6 MB
[runlim] sample:		248.8 time, 270.6 real, 114.7 MB
[runlim] sample:		257.8 time, 280.6 real, 120.1 MB
[runlim] sample:		267.4 time, 290.6 real, 120.9 MB
[runlim] sample:		276.9 time, 300.6 real, 121.4 MB
[runlim] sample:		286.2 time, 310.6 real, 122.7 MB
[runlim] sample:		296.1 time, 320.6 real, 123.5 MB
[runlim] sample:		306.1 time, 330.6 real, 124.0 MB
[runlim] sample:		316.1 time, 340.6 real, 128.9 MB
[runlim] sample:		326.1 time, 350.6 real, 129.4 MB
[runlim] sample:		336.1 time, 360.6 real, 129.4 MB
[runlim] sample:		346.1 time, 370.6 real, 129.4 MB
[runlim] sample:		356.1 time, 380.6 real, 131.7 MB
[runlim] sample:		366.1 time, 390.6 real, 131.7 MB
[runlim] sample:		376.1 time, 400.6 real, 131.7 MB
[runlim] sample:		386.1 time, 410.6 real, 131.7 MB
[runlim] sample:		396.1 time, 420.6 real, 131.7 MB
[runlim] sample:		406.1 time, 430.6 real, 133.3 MB
[runlim] sample:		415.3 time, 440.6 real, 133.3 MB
[runlim] sample:		424.5 time, 450.6 real, 133.3 MB
[runlim] sample:		433.2 time, 460.6 real, 133.3 MB
[runlim] sample:		442.1 time, 470.6 real, 133.8 MB
[runlim] sample:		450.9 time, 480.6 real, 133.8 MB
[runlim] sample:		460.9 time, 490.6 real, 134.0 MB
[runlim] sample:		470.9 time, 500.6 real, 134.0 MB
[runlim] sample:		480.3 time, 510.6 real, 134.0 MB
[runlim] sample:		489.7 time, 520.6 real, 134.8 MB
[runlim] sample:		498.9 time, 530.6 real, 134.8 MB
[runlim] sample:		508.6 time, 540.6 real, 134.8 MB
[runlim] sample:		517.6 time, 550.6 real, 134.8 MB
[runlim] sample:		526.6 time, 560.6 real, 134.8 MB
[runlim] sample:		536.2 time, 570.6 real, 134.8 MB
[runlim] sample:		546.2 time, 580.6 real, 134.8 MB
[runlim] sample:		556.2 time, 590.6 real, 135.6 MB
[runlim] sample:		565.7 time, 600.6 real, 135.6 MB
[runlim] sample:		574.9 time, 610.6 real, 135.9 MB
[runlim] sample:		584.2 time, 620.6 real, 135.9 MB
[runlim] sample:		593.6 time, 630.6 real, 135.9 MB
[runlim] sample:		603.1 time, 640.6 real, 136.1 MB
[runlim] sample:		613.1 time, 650.6 real, 137.7 MB
[runlim] sample:		622.3 time, 660.6 real, 138.4 MB
[runlim] sample:		631.9 time, 670.6 real, 138.7 MB
[runlim] sample:		641.8 time, 680.6 real, 138.7 MB
[runlim] sample:		651.7 time, 690.6 real, 139.0 MB
[runlim] sample:		661.7 time, 700.6 real, 139.2 MB
[runlim] sample:		671.7 time, 710.6 real, 139.2 MB
[runlim] sample:		680.9 time, 720.6 real, 140.5 MB
[runlim] sample:		690.1 time, 730.6 real, 141.0 MB
[runlim] sample:		699.5 time, 740.6 real, 143.3 MB
[runlim] sample:		708.8 time, 750.6 real, 143.6 MB
[runlim] sample:		717.8 time, 760.6 real, 143.6 MB
[runlim] sample:		727.5 time, 770.6 real, 143.9 MB
[runlim] sample:		737.1 time, 780.6 real, 143.9 MB
[runlim] sample:		746.7 time, 790.6 real, 146.4 MB
[runlim] sample:		755.0 time, 800.6 real, 151.3 MB
[runlim] sample:		764.0 time, 810.6 real, 151.6 MB
[runlim] sample:		773.7 time, 820.6 real, 151.8 MB
[runlim] sample:		783.0 time, 830.6 real, 153.4 MB
[runlim] sample:		792.3 time, 840.6 real, 153.9 MB
[runlim] sample:		801.9 time, 850.6 real, 154.2 MB
[runlim] sample:		811.9 time, 860.6 real, 154.4 MB
[runlim] sample:		821.9 time, 870.6 real, 156.0 MB
[runlim] sample:		831.9 time, 880.6 real, 156.2 MB
[runlim] sample:		841.9 time, 890.6 real, 156.5 MB
[runlim] sample:		851.9 time, 900.6 real, 156.7 MB
[runlim] sample:		861.9 time, 910.6 real, 157.5 MB
[runlim] sample:		871.9 time, 920.6 real, 158.3 MB
[runlim] sample:		881.9 time, 930.6 real, 158.5 MB
[runlim] sample:		891.9 time, 940.6 real, 159.6 MB
[runlim] sample:		901.9 time, 950.6 real, 160.1 MB
[runlim] sample:		911.9 time, 960.6 real, 160.9 MB
[runlim] sample:		921.9 time, 970.6 real, 161.9 MB
[runlim] sample:		930.8 time, 980.6 real, 162.4 MB
[runlim] sample:		939.2 time, 990.6 real, 162.7 MB
[runlim] sample:		948.6 time, 1000.6 real, 162.9 MB
[runlim] sample:		957.4 time, 1010.6 real, 164.7 MB
[runlim] sample:		966.0 time, 1020.6 real, 169.4 MB
[runlim] sample:		973.9 time, 1030.6 real, 169.4 MB
[runlim] sample:		983.6 time, 1040.6 real, 169.4 MB
[runlim] sample:		993.3 time, 1050.6 real, 169.6 MB
[runlim] sample:		1002.5 time, 1060.6 real, 170.1 MB
[runlim] sample:		1010.3 time, 1070.6 real, 173.5 MB
[runlim] sample:		1018.2 time, 1080.6 real, 173.5 MB
[runlim] sample:		1026.9 time, 1090.6 real, 174.8 MB
[runlim] sample:		1035.6 time, 1100.6 real, 175.0 MB
[runlim] sample:		1044.5 time, 1110.6 real, 175.0 MB
[runlim] sample:		1054.2 time, 1120.6 real, 175.0 MB
[runlim] sample:		1064.0 time, 1130.6 real, 175.3 MB
[runlim] sample:		1073.1 time, 1140.6 real, 175.8 MB
[runlim] sample:		1082.5 time, 1150.6 real, 176.3 MB
[runlim] sample:		1092.4 time, 1160.6 real, 176.8 MB
[runlim] sample:		1101.3 time, 1170.6 real, 177.1 MB
[runlim] sample:		1109.5 time, 1180.6 real, 178.9 MB
[runlim] sample:		1119.0 time, 1190.6 real, 179.2 MB
[runlim] sample:		1128.7 time, 1200.6 real, 179.4 MB
[runlim] sample:		1137.4 time, 1210.6 real, 179.4 MB
[runlim] sample:		1146.4 time, 1220.6 real, 179.7 MB
[runlim] sample:		1156.4 time, 1230.6 real, 179.9 MB
[runlim] sample:		1166.4 time, 1240.6 real, 179.9 MB
[runlim] sample:		1176.4 time, 1250.6 real, 179.9 MB
[runlim] sample:		1186.0 time, 1260.6 real, 180.2 MB
[runlim] sample:		1195.7 time, 1270.6 real, 180.2 MB
[runlim] sample:		1205.4 time, 1280.6 real, 180.5 MB
[runlim] sample:		1214.7 time, 1290.6 real, 180.5 MB
[runlim] sample:		1224.0 time, 1300.6 real, 180.7 MB
[runlim] sample:		1233.3 time, 1310.6 real, 181.7 MB
[runlim] sample:		1242.8 time, 1320.6 real, 183.0 MB
[runlim] sample:		1252.0 time, 1330.6 real, 183.3 MB
[runlim] sample:		1262.0 time, 1340.6 real, 184.6 MB
[runlim] sample:		1272.0 time, 1350.6 real, 184.8 MB
[runlim] sample:		1281.8 time, 1360.6 real, 184.8 MB
[runlim] sample:		1291.5 time, 1370.6 real, 184.8 MB
[runlim] sample:		1300.4 time, 1380.6 real, 185.6 MB
[runlim] sample:		1309.4 time, 1390.6 real, 186.6 MB
[runlim] sample:		1319.0 time, 1400.6 real, 186.6 MB
[runlim] sample:		1328.5 time, 1410.6 real, 186.9 MB
[runlim] sample:		1338.5 time, 1420.6 real, 186.9 MB
[runlim] sample:		1348.5 time, 1430.6 real, 187.4 MB
[runlim] sample:		1358.5 time, 1440.6 real, 187.4 MB
[runlim] sample:		1368.5 time, 1450.6 real, 187.7 MB
[runlim] sample:		1378.1 time, 1460.6 real, 189.0 MB
[runlim] sample:		1387.8 time, 1470.6 real, 189.5 MB
[runlim] sample:		1397.5 time, 1480.6 real, 190.5 MB
[runlim] sample:		1407.4 time, 1490.6 real, 190.8 MB
[runlim] sample:		1417.3 time, 1500.6 real, 190.8 MB
[runlim] sample:		1426.5 time, 1510.6 real, 190.8 MB
[runlim] sample:		1436.5 time, 1520.6 real, 191.0 MB
[runlim] sample:		1445.7 time, 1530.6 real, 191.3 MB
[runlim] sample:		1454.4 time, 1540.6 real, 191.5 MB
[runlim] sample:		1463.7 time, 1550.6 real, 192.8 MB
[runlim] sample:		1473.3 time, 1560.6 real, 193.6 MB
[runlim] sample:		1482.9 time, 1570.6 real, 193.6 MB
[runlim] sample:		1491.7 time, 1580.6 real, 194.4 MB
[runlim] sample:		1501.3 time, 1590.6 real, 194.6 MB
[runlim] sample:		1511.0 time, 1600.6 real, 194.6 MB
[runlim] sample:		1520.7 time, 1610.6 real, 195.4 MB
[runlim] sample:		1530.7 time, 1620.6 real, 195.9 MB
[runlim] sample:		1540.7 time, 1630.6 real, 198.2 MB
[runlim] sample:		1550.7 time, 1640.6 real, 199.0 MB
[runlim] sample:		1560.7 time, 1650.6 real, 199.5 MB
[runlim] sample:		1570.4 time, 1660.6 real, 199.5 MB
[runlim] sample:		1579.8 time, 1670.6 real, 199.8 MB
[runlim] sample:		1589.1 time, 1680.6 real, 200.0 MB
[runlim] sample:		1598.6 time, 1690.6 real, 200.0 MB
[runlim] sample:		1608.6 time, 1700.6 real, 200.0 MB
[runlim] sample:		1617.9 time, 1710.6 real, 200.3 MB
[runlim] sample:		1627.9 time, 1720.6 real, 200.3 MB
[runlim] sample:		1637.9 time, 1730.6 real, 203.7 MB
[runlim] sample:		1647.8 time, 1740.6 real, 203.7 MB
[runlim] sample:		1657.5 time, 1750.6 real, 203.9 MB
[runlim] sample:		1667.1 time, 1760.6 real, 204.2 MB
[runlim] sample:		1676.8 time, 1770.6 real, 207.5 MB
[runlim] sample:		1686.4 time, 1780.6 real, 207.5 MB
[runlim] sample:		1696.0 time, 1790.6 real, 207.5 MB
[runlim] sample:		1705.7 time, 1800.6 real, 207.8 MB
[runlim] sample:		1715.4 time, 1810.6 real, 207.8 MB
[runlim] sample:		1725.0 time, 1820.6 real, 207.8 MB
[runlim] sample:		1734.7 time, 1830.6 real, 208.0 MB
[runlim] sample:		1744.3 time, 1840.6 real, 208.0 MB
[runlim] sample:		1754.0 time, 1850.6 real, 208.0 MB
[runlim] sample:		1763.6 time, 1860.6 real, 208.0 MB
[runlim] sample:		1773.3 time, 1870.6 real, 208.0 MB
[runlim] sample:		1782.9 time, 1880.6 real, 208.0 MB
[runlim] sample:		1792.6 time, 1890.6 real, 208.3 MB
[runlim] end:			Sat Feb  9 23:18:33 2019
[runlim] status:		out of time
[runlim] result:		2
[runlim] children:		0
[runlim] real:			1898.45 seconds
[runlim] time:			1800.08 seconds
[runlim] space:			208.3 MB
[runlim] samples:		18978
