[runlim] version:		1.10fixed
[runlim] time limit:		1800 seconds
[runlim] real time limit:	311040000 seconds
[runlim] space limit:		4000 MB
[runlim] argv[0]:		./z3
[runlim] argv[1]:		/tmp/UxXdHGnT.smt2
[runlim] start:			Sat Feb  9 23:11:52 2019
[runlim] main pid:		20193
[runlim] sample:		8.7 time, 10.6 real, 29.9 MB
[runlim] sample:		17.2 time, 20.6 real, 37.9 MB
[runlim] sample:		25.4 time, 30.6 real, 40.9 MB
[runlim] sample:		34.4 time, 40.6 real, 44.6 MB
[runlim] sample:		42.7 time, 50.6 real, 47.2 MB
[runlim] sample:		50.9 time, 60.6 real, 48.7 MB
[runlim] sample:		59.1 time, 70.6 real, 49.3 MB
[runlim] sample:		67.6 time, 80.6 real, 50.8 MB
[runlim] sample:		75.8 time, 90.6 real, 55.2 MB
[runlim] sample:		85.1 time, 100.6 real, 61.5 MB
[runlim] sample:		95.1 time, 110.6 real, 66.2 MB
[runlim] sample:		105.1 time, 120.6 real, 66.9 MB
[runlim] sample:		115.1 time, 130.6 real, 68.8 MB
[runlim] sample:		125.1 time, 140.6 real, 69.6 MB
[runlim] sample:		135.0 time, 150.6 real, 71.9 MB
[runlim] sample:		144.6 time, 160.6 real, 73.2 MB
[runlim] sample:		154.2 time, 170.6 real, 74.0 MB
[runlim] sample:		164.2 time, 180.6 real, 75.3 MB
[runlim] sample:		174.2 time, 190.6 real, 76.6 MB
[runlim] sample:		184.1 time, 200.6 real, 78.1 MB
[runlim] sample:		192.9 time, 210.6 real, 79.4 MB
[runlim] sample:		201.4 time, 220.6 real, 80.4 MB
[runlim] sample:		209.7 time, 230.6 real, 88.1 MB
[runlim] sample:		217.9 time, 240.6 real, 88.1 MB
[runlim] sample:		226.2 time, 250.6 real, 88.7 MB
[runlim] sample:		234.8 time, 260.6 real, 89.7 MB
[runlim] sample:		244.5 time, 270.6 real, 94.1 MB
[runlim] sample:		254.5 time, 280.6 real, 98.5 MB
[runlim] sample:		264.5 time, 290.6 real, 99.5 MB
[runlim] sample:		274.5 time, 300.6 real, 100.5 MB
[runlim] sample:		283.7 time, 310.6 real, 101.0 MB
[runlim] sample:		293.0 time, 320.6 real, 101.8 MB
[runlim] sample:		303.0 time, 330.6 real, 103.6 MB
[runlim] sample:		313.0 time, 340.6 real, 103.9 MB
[runlim] sample:		323.0 time, 350.6 real, 103.9 MB
[runlim] sample:		333.0 time, 360.6 real, 104.6 MB
[runlim] sample:		343.0 time, 370.6 real, 105.2 MB
[runlim] sample:		351.6 time, 380.6 real, 105.4 MB
[runlim] sample:		360.7 time, 390.6 real, 106.2 MB
[runlim] sample:		370.1 time, 400.6 real, 107.5 MB
[runlim] sample:		379.4 time, 410.6 real, 107.5 MB
[runlim] sample:		388.7 time, 420.6 real, 107.5 MB
[runlim] sample:		398.0 time, 430.6 real, 107.7 MB
[runlim] sample:		406.9 time, 440.6 real, 111.1 MB
[runlim] sample:		416.8 time, 450.6 real, 112.1 MB
[runlim] sample:		425.6 time, 460.6 real, 112.4 MB
[runlim] sample:		434.0 time, 470.6 real, 112.9 MB
[runlim] sample:		441.8 time, 480.6 real, 112.9 MB
[runlim] sample:		450.0 time, 490.6 real, 113.2 MB
[runlim] sample:		458.6 time, 500.6 real, 113.9 MB
[runlim] sample:		468.2 time, 510.6 real, 114.9 MB
[runlim] sample:		477.2 time, 520.6 real, 118.3 MB
[runlim] sample:		486.3 time, 530.6 real, 118.8 MB
[runlim] sample:		495.8 time, 540.6 real, 120.9 MB
[runlim] sample:		505.8 time, 550.6 real, 121.7 MB
[runlim] sample:		514.1 time, 560.6 real, 121.7 MB
[runlim] sample:		523.1 time, 570.6 real, 122.2 MB
[runlim] sample:		532.5 time, 580.6 real, 122.4 MB
[runlim] sample:		542.2 time, 590.6 real, 122.7 MB
[runlim] sample:		551.5 time, 600.6 real, 122.9 MB
[runlim] sample:		560.5 time, 610.6 real, 125.5 MB
[runlim] sample:		569.1 time, 620.6 real, 125.5 MB
[runlim] sample:		577.8 time, 630.6 real, 126.6 MB
[runlim] sample:		587.6 time, 640.6 real, 126.8 MB
[runlim] sample:		597.6 time, 650.6 real, 127.1 MB
[runlim] sample:		607.6 time, 660.6 real, 127.3 MB
[runlim] sample:		616.3 time, 670.6 real, 129.4 MB
[runlim] sample:		625.5 time, 680.6 real, 129.6 MB
[runlim] sample:		635.4 time, 690.6 real, 129.9 MB
[runlim] sample:		645.0 time, 700.6 real, 130.1 MB
[runlim] sample:		655.0 time, 710.6 real, 130.7 MB
[runlim] sample:		665.0 time, 720.6 real, 130.7 MB
[runlim] sample:		674.8 time, 730.6 real, 130.7 MB
[runlim] sample:		684.0 time, 740.6 real, 134.3 MB
[runlim] sample:		693.6 time, 750.6 real, 134.5 MB
[runlim] sample:		702.6 time, 760.6 real, 134.8 MB
[runlim] sample:		711.5 time, 770.6 real, 134.8 MB
[runlim] sample:		720.8 time, 780.6 real, 136.3 MB
[runlim] sample:		730.3 time, 790.6 real, 136.8 MB
[runlim] sample:		739.9 time, 800.6 real, 137.1 MB
[runlim] sample:		749.2 time, 810.6 real, 139.2 MB
[runlim] sample:		758.5 time, 820.6 real, 139.4 MB
[runlim] sample:		767.9 time, 830.6 real, 139.4 MB
[runlim] sample:		777.3 time, 840.6 real, 139.4 MB
[runlim] sample:		786.4 time, 850.6 real, 139.4 MB
[runlim] sample:		795.8 time, 860.6 real, 139.4 MB
[runlim] sample:		805.8 time, 870.6 real, 139.7 MB
[runlim] sample:		815.5 time, 880.6 real, 139.9 MB
[runlim] sample:		825.5 time, 890.6 real, 140.2 MB
[runlim] sample:		835.2 time, 900.6 real, 140.4 MB
[runlim] sample:		844.9 time, 910.6 real, 140.7 MB
[runlim] sample:		854.6 time, 920.6 real, 140.7 MB
[runlim] sample:		864.1 time, 930.6 real, 141.2 MB
[runlim] sample:		873.8 time, 940.6 real, 141.7 MB
[runlim] sample:		883.5 time, 950.6 real, 141.7 MB
[runlim] sample:		892.8 time, 960.6 real, 142.0 MB
[runlim] sample:		902.1 time, 970.6 real, 142.2 MB
[runlim] sample:		911.6 time, 980.6 real, 142.2 MB
[runlim] sample:		921.2 time, 990.6 real, 143.3 MB
[runlim] sample:		930.5 time, 1000.6 real, 151.1 MB
[runlim] sample:		939.8 time, 1010.6 real, 152.4 MB
[runlim] sample:		949.2 time, 1020.6 real, 152.9 MB
[runlim] sample:		958.7 time, 1030.6 real, 153.2 MB
[runlim] sample:		968.4 time, 1040.6 real, 153.2 MB
[runlim] sample:		978.4 time, 1050.6 real, 154.7 MB
[runlim] sample:		988.4 time, 1060.6 real, 155.0 MB
[runlim] sample:		998.4 time, 1070.6 real, 155.7 MB
[runlim] sample:		1008.4 time, 1080.6 real, 156.0 MB
[runlim] sample:		1018.2 time, 1090.6 real, 156.0 MB
[runlim] sample:		1028.0 time, 1100.6 real, 157.3 MB
[runlim] sample:		1038.0 time, 1110.6 real, 157.8 MB
[runlim] sample:		1048.0 time, 1120.6 real, 158.1 MB
[runlim] sample:		1058.0 time, 1130.6 real, 159.4 MB
[runlim] sample:		1068.0 time, 1140.6 real, 160.6 MB
[runlim] sample:		1078.0 time, 1150.6 real, 160.6 MB
[runlim] sample:		1088.0 time, 1160.6 real, 160.9 MB
[runlim] sample:		1098.0 time, 1170.6 real, 161.7 MB
[runlim] sample:		1108.0 time, 1180.6 real, 161.9 MB
[runlim] sample:		1118.0 time, 1190.6 real, 162.2 MB
[runlim] sample:		1128.0 time, 1200.6 real, 164.8 MB
[runlim] sample:		1138.0 time, 1210.6 real, 164.8 MB
[runlim] sample:		1148.0 time, 1220.6 real, 164.8 MB
[runlim] sample:		1158.0 time, 1230.6 real, 165.0 MB
[runlim] sample:		1168.0 time, 1240.6 real, 166.6 MB
[runlim] sample:		1178.0 time, 1250.6 real, 167.1 MB
[runlim] sample:		1188.0 time, 1260.6 real, 170.2 MB
[runlim] sample:		1198.0 time, 1270.6 real, 171.7 MB
[runlim] sample:		1208.0 time, 1280.6 real, 171.7 MB
[runlim] sample:		1218.0 time, 1290.6 real, 172.5 MB
[runlim] sample:		1228.0 time, 1300.6 real, 172.8 MB
[runlim] sample:		1238.0 time, 1310.6 real, 173.0 MB
[runlim] sample:		1247.8 time, 1320.6 real, 173.0 MB
[runlim] sample:		1257.2 time, 1330.6 real, 173.3 MB
[runlim] sample:		1267.2 time, 1340.6 real, 173.8 MB
[runlim] sample:		1277.2 time, 1350.6 real, 175.6 MB
[runlim] sample:		1287.2 time, 1360.6 real, 175.9 MB
[runlim] sample:		1297.2 time, 1370.6 real, 176.6 MB
[runlim] sample:		1307.2 time, 1380.6 real, 176.9 MB
[runlim] sample:		1317.2 time, 1390.6 real, 177.1 MB
[runlim] sample:		1327.2 time, 1400.6 real, 177.4 MB
[runlim] sample:		1337.2 time, 1410.6 real, 179.7 MB
[runlim] sample:		1346.7 time, 1420.6 real, 179.7 MB
[runlim] sample:		1356.3 time, 1430.6 real, 179.7 MB
[runlim] sample:		1366.0 time, 1440.6 real, 179.7 MB
[runlim] sample:		1375.6 time, 1450.6 real, 180.2 MB
[runlim] sample:		1384.5 time, 1460.6 real, 180.5 MB
[runlim] sample:		1394.2 time, 1470.6 real, 180.7 MB
[runlim] sample:		1404.2 time, 1480.6 real, 180.7 MB
[runlim] sample:		1414.2 time, 1490.6 real, 181.0 MB
[runlim] sample:		1424.0 time, 1500.6 real, 181.3 MB
[runlim] sample:		1433.6 time, 1510.6 real, 182.0 MB
[runlim] sample:		1443.5 time, 1520.6 real, 182.3 MB
[runlim] sample:		1453.5 time, 1530.6 real, 182.6 MB
[runlim] sample:		1463.5 time, 1540.6 real, 182.8 MB
[runlim] sample:		1473.5 time, 1550.6 real, 183.1 MB
[runlim] sample:		1483.5 time, 1560.6 real, 183.6 MB
[runlim] sample:		1493.5 time, 1570.6 real, 183.8 MB
[runlim] sample:		1503.5 time, 1580.6 real, 185.9 MB
[runlim] sample:		1513.5 time, 1590.6 real, 185.9 MB
[runlim] sample:		1523.5 time, 1600.6 real, 187.2 MB
[runlim] sample:		1533.5 time, 1610.6 real, 187.4 MB
[runlim] sample:		1543.5 time, 1620.6 real, 187.4 MB
[runlim] sample:		1553.5 time, 1630.6 real, 187.4 MB
[runlim] sample:		1563.5 time, 1640.6 real, 187.7 MB
[runlim] sample:		1573.5 time, 1650.6 real, 188.2 MB
[runlim] sample:		1583.5 time, 1660.6 real, 190.5 MB
[runlim] sample:		1593.5 time, 1670.6 real, 190.8 MB
[runlim] sample:		1603.5 time, 1680.6 real, 191.3 MB
[runlim] sample:		1613.5 time, 1690.6 real, 192.3 MB
[runlim] sample:		1623.5 time, 1700.6 real, 192.9 MB
[runlim] sample:		1633.5 time, 1710.6 real, 192.9 MB
[runlim] sample:		1643.5 time, 1720.6 real, 194.9 MB
[runlim] sample:		1653.5 time, 1730.6 real, 196.0 MB
[runlim] sample:		1663.5 time, 1740.6 real, 196.5 MB
[runlim] sample:		1673.5 time, 1750.6 real, 197.0 MB
[runlim] sample:		1683.5 time, 1760.6 real, 197.0 MB
[runlim] sample:		1693.5 time, 1770.6 real, 198.0 MB
[runlim] sample:		1703.5 time, 1780.6 real, 198.3 MB
[runlim] sample:		1713.5 time, 1790.6 real, 198.3 MB
[runlim] sample:		1723.5 time, 1800.6 real, 198.8 MB
[runlim] sample:		1733.5 time, 1810.6 real, 198.8 MB
[runlim] sample:		1743.5 time, 1820.6 real, 198.8 MB
[runlim] sample:		1753.5 time, 1830.6 real, 199.6 MB
[runlim] sample:		1763.5 time, 1840.6 real, 200.1 MB
[runlim] sample:		1773.5 time, 1850.6 real, 201.4 MB
[runlim] sample:		1783.5 time, 1860.6 real, 202.1 MB
[runlim] sample:		1793.5 time, 1870.6 real, 202.1 MB
[runlim] end:			Sat Feb  9 23:43:09 2019
[runlim] status:		out of time
[runlim] result:		2
[runlim] children:		0
[runlim] real:			1877.10 seconds
[runlim] time:			1800.05 seconds
[runlim] space:			202.4 MB
[runlim] samples:		18765
