[runlim] version:		1.10fixed
[runlim] time limit:		300 seconds
[runlim] real time limit:	311040000 seconds
[runlim] space limit:		4000 MB
[runlim] argv[0]:		./z3
[runlim] argv[1]:		/tmp/p52lniv4.smt2
[runlim] start:			Thu Feb 14 00:17:21 2019
[runlim] main pid:		3449
[runlim] sample:		9.5 time, 10.7 real, 34.3 MB
[runlim] sample:		19.4 time, 20.7 real, 38.9 MB
[runlim] sample:		29.4 time, 30.7 real, 46.0 MB
[runlim] sample:		39.4 time, 40.7 real, 51.4 MB
[runlim] sample:		49.4 time, 50.7 real, 59.6 MB
[runlim] sample:		59.4 time, 60.7 real, 62.8 MB
[runlim] sample:		69.4 time, 70.7 real, 65.1 MB
[runlim] sample:		79.2 time, 80.7 real, 69.7 MB
[runlim] sample:		88.8 time, 90.7 real, 73.2 MB
[runlim] sample:		98.8 time, 100.7 real, 75.8 MB
[runlim] sample:		108.4 time, 110.7 real, 81.0 MB
[runlim] sample:		117.5 time, 120.7 real, 83.3 MB
[runlim] sample:		127.2 time, 130.7 real, 84.1 MB
[runlim] sample:		137.0 time, 140.7 real, 87.4 MB
[runlim] sample:		146.8 time, 150.7 real, 89.7 MB
[runlim] sample:		156.5 time, 160.7 real, 92.0 MB
[runlim] sample:		166.3 time, 170.7 real, 95.9 MB
[runlim] sample:		176.0 time, 180.7 real, 103.7 MB
[runlim] sample:		185.9 time, 190.7 real, 106.3 MB
[runlim] sample:		195.7 time, 200.7 real, 110.2 MB
[runlim] sample:		205.7 time, 210.7 real, 114.0 MB
[runlim] sample:		215.5 time, 220.7 real, 123.6 MB
[runlim] sample:		225.3 time, 230.7 real, 124.1 MB
[runlim] sample:		235.0 time, 240.7 real, 125.9 MB
[runlim] sample:		244.6 time, 250.7 real, 127.7 MB
[runlim] sample:		254.6 time, 260.7 real, 132.1 MB
[runlim] sample:		264.4 time, 270.7 real, 132.3 MB
[runlim] sample:		274.1 time, 280.7 real, 132.8 MB
[runlim] sample:		284.1 time, 290.7 real, 132.8 MB
[runlim] sample:		294.1 time, 300.7 real, 133.1 MB
[runlim] end:			Thu Feb 14 00:22:27 2019
[runlim] status:		out of time
[runlim] result:		2
[runlim] children:		0
[runlim] real:			306.71 seconds
[runlim] time:			300.07 seconds
[runlim] space:			133.6 MB
[runlim] samples:		3060
