[runlim] version:		1.10fixed
[runlim] time limit:		1800 seconds
[runlim] real time limit:	311040000 seconds
[runlim] space limit:		4000 MB
[runlim] argv[0]:		./z3
[runlim] argv[1]:		/tmp/QoVwWFUJ.smt2
[runlim] start:			Fri Feb 15 05:29:28 2019
[runlim] main pid:		32422
[runlim] sample:		9.8 time, 10.5 real, 46.5 MB
[runlim] sample:		19.6 time, 20.5 real, 87.2 MB
[runlim] sample:		29.6 time, 30.5 real, 149.0 MB
[runlim] sample:		38.8 time, 40.5 real, 156.3 MB
[runlim] sample:		48.8 time, 50.5 real, 165.5 MB
[runlim] sample:		58.8 time, 60.5 real, 184.1 MB
[runlim] sample:		68.8 time, 70.5 real, 200.3 MB
[runlim] sample:		78.8 time, 80.5 real, 263.6 MB
[runlim] sample:		88.8 time, 90.5 real, 554.8 MB
[runlim] sample:		98.8 time, 100.5 real, 632.9 MB
[runlim] sample:		108.8 time, 110.5 real, 658.4 MB
[runlim] sample:		118.8 time, 120.5 real, 707.4 MB
[runlim] sample:		128.8 time, 130.5 real, 727.0 MB
[runlim] sample:		138.8 time, 140.5 real, 731.4 MB
[runlim] sample:		148.8 time, 150.5 real, 739.9 MB
[runlim] sample:		158.8 time, 160.5 real, 747.6 MB
[runlim] sample:		168.8 time, 170.5 real, 1010.1 MB
[runlim] sample:		178.8 time, 180.5 real, 1066.6 MB
[runlim] sample:		188.8 time, 190.5 real, 1149.4 MB
[runlim] sample:		198.8 time, 200.5 real, 1269.2 MB
[runlim] sample:		208.8 time, 210.5 real, 1293.0 MB
[runlim] sample:		218.8 time, 220.5 real, 1362.8 MB
[runlim] sample:		228.8 time, 230.5 real, 1556.4 MB
[runlim] sample:		238.8 time, 240.5 real, 1594.8 MB
[runlim] sample:		248.8 time, 250.5 real, 1660.3 MB
[runlim] sample:		258.8 time, 260.5 real, 1670.1 MB
[runlim] sample:		268.8 time, 270.5 real, 1709.0 MB
[runlim] sample:		278.8 time, 280.5 real, 1750.5 MB
[runlim] sample:		288.8 time, 290.5 real, 1770.9 MB
[runlim] sample:		298.8 time, 300.5 real, 1786.9 MB
[runlim] sample:		308.7 time, 310.5 real, 1811.4 MB
[runlim] sample:		318.8 time, 320.5 real, 1842.3 MB
[runlim] sample:		328.7 time, 330.5 real, 1879.2 MB
[runlim] sample:		338.7 time, 340.5 real, 1885.4 MB
[runlim] sample:		348.7 time, 350.5 real, 1897.2 MB
[runlim] sample:		358.7 time, 360.5 real, 1919.7 MB
[runlim] sample:		368.7 time, 370.5 real, 1933.1 MB
[runlim] sample:		378.7 time, 380.5 real, 1978.7 MB
[runlim] sample:		388.7 time, 390.5 real, 1992.1 MB
[runlim] sample:		398.7 time, 400.5 real, 2076.3 MB
[runlim] sample:		408.7 time, 410.5 real, 2088.2 MB
[runlim] sample:		418.7 time, 420.5 real, 2113.7 MB
[runlim] sample:		428.7 time, 430.5 real, 2116.0 MB
[runlim] sample:		438.7 time, 440.5 real, 2116.6 MB
[runlim] sample:		448.7 time, 450.5 real, 2184.6 MB
[runlim] sample:		458.7 time, 460.5 real, 2206.3 MB
[runlim] sample:		468.7 time, 470.5 real, 2224.1 MB
[runlim] sample:		478.7 time, 480.5 real, 2309.7 MB
[runlim] sample:		488.7 time, 490.5 real, 2326.9 MB
[runlim] sample:		498.7 time, 500.5 real, 2427.0 MB
[runlim] sample:		508.7 time, 510.5 real, 2431.3 MB
[runlim] sample:		518.7 time, 520.5 real, 2439.1 MB
[runlim] sample:		528.7 time, 530.5 real, 2439.6 MB
[runlim] sample:		538.7 time, 540.5 real, 2447.6 MB
[runlim] sample:		548.7 time, 550.5 real, 2452.2 MB
[runlim] sample:		558.7 time, 560.5 real, 2456.1 MB
[runlim] sample:		568.7 time, 570.5 real, 2460.7 MB
[runlim] sample:		578.4 time, 580.5 real, 2463.1 MB
[runlim] sample:		588.1 time, 590.5 real, 2463.1 MB
[runlim] sample:		598.1 time, 600.5 real, 2463.1 MB
[runlim] sample:		608.1 time, 610.5 real, 2470.3 MB
[runlim] sample:		618.0 time, 620.5 real, 2474.1 MB
[runlim] sample:		628.0 time, 630.5 real, 2523.6 MB
[runlim] sample:		638.0 time, 640.5 real, 2552.3 MB
[runlim] sample:		647.6 time, 650.5 real, 2555.1 MB
[runlim] sample:		657.3 time, 660.5 real, 2564.4 MB
[runlim] sample:		666.9 time, 670.5 real, 2568.2 MB
[runlim] sample:		676.6 time, 680.5 real, 2579.6 MB
[runlim] sample:		686.2 time, 690.5 real, 2591.4 MB
[runlim] sample:		694.7 time, 700.5 real, 2599.2 MB
[runlim] sample:		703.1 time, 710.5 real, 2603.3 MB
[runlim] sample:		711.6 time, 720.5 real, 2604.1 MB
[runlim] sample:		720.2 time, 730.5 real, 2604.3 MB
[runlim] sample:		729.9 time, 740.5 real, 2606.4 MB
[runlim] sample:		739.5 time, 750.5 real, 2617.2 MB
[runlim] sample:		749.1 time, 760.5 real, 2652.8 MB
[runlim] sample:		758.8 time, 770.5 real, 2685.1 MB
[runlim] sample:		767.4 time, 780.5 real, 2738.7 MB
[runlim] sample:		776.5 time, 790.5 real, 2752.9 MB
[runlim] sample:		784.7 time, 800.5 real, 2761.4 MB
[runlim] sample:		793.7 time, 810.5 real, 2778.4 MB
[runlim] sample:		801.9 time, 820.5 real, 2805.8 MB
[runlim] sample:		810.1 time, 830.5 real, 2820.7 MB
[runlim] sample:		818.3 time, 840.5 real, 2824.6 MB
[runlim] sample:		827.7 time, 850.5 real, 2824.8 MB
[runlim] sample:		837.7 time, 860.5 real, 2828.2 MB
[runlim] sample:		847.7 time, 870.5 real, 2860.4 MB
[runlim] sample:		857.7 time, 880.5 real, 2890.6 MB
[runlim] sample:		867.7 time, 890.5 real, 2892.9 MB
[runlim] sample:		877.7 time, 900.5 real, 2903.7 MB
[runlim] sample:		887.7 time, 910.5 real, 2909.1 MB
[runlim] sample:		897.7 time, 920.5 real, 2913.0 MB
[runlim] sample:		907.7 time, 930.5 real, 2918.4 MB
[runlim] sample:		917.7 time, 940.5 real, 2929.0 MB
[runlim] sample:		927.7 time, 950.5 real, 2929.5 MB
[runlim] sample:		937.7 time, 960.5 real, 2935.7 MB
[runlim] sample:		947.7 time, 970.5 real, 2939.0 MB
[runlim] sample:		957.7 time, 980.5 real, 2941.9 MB
[runlim] sample:		967.6 time, 990.5 real, 2949.3 MB
[runlim] sample:		977.6 time, 1000.5 real, 2959.9 MB
[runlim] sample:		987.6 time, 1010.5 real, 2960.7 MB
[runlim] sample:		997.6 time, 1020.5 real, 2967.4 MB
[runlim] sample:		1007.6 time, 1030.5 real, 2990.1 MB
[runlim] sample:		1017.6 time, 1040.5 real, 2998.6 MB
[runlim] sample:		1027.6 time, 1050.5 real, 3005.0 MB
[runlim] sample:		1037.6 time, 1060.5 real, 3005.8 MB
[runlim] sample:		1047.6 time, 1070.5 real, 3008.1 MB
[runlim] sample:		1057.6 time, 1080.5 real, 3013.5 MB
[runlim] sample:		1067.6 time, 1090.5 real, 3083.0 MB
[runlim] sample:		1077.6 time, 1100.5 real, 3125.8 MB
[runlim] sample:		1087.6 time, 1110.5 real, 3134.6 MB
[runlim] sample:		1097.3 time, 1120.5 real, 3145.9 MB
[runlim] sample:		1107.1 time, 1130.5 real, 3162.2 MB
[runlim] sample:		1115.9 time, 1140.5 real, 3184.4 MB
[runlim] sample:		1124.6 time, 1150.5 real, 3198.8 MB
[runlim] sample:		1132.6 time, 1160.5 real, 3204.7 MB
[runlim] sample:		1140.3 time, 1170.5 real, 3252.7 MB
[runlim] sample:		1148.3 time, 1180.5 real, 3267.2 MB
[runlim] sample:		1155.6 time, 1190.5 real, 3273.6 MB
[runlim] sample:		1164.0 time, 1200.5 real, 3289.9 MB
[runlim] sample:		1171.7 time, 1210.5 real, 3290.4 MB
[runlim] sample:		1179.4 time, 1220.5 real, 3290.4 MB
[runlim] sample:		1187.6 time, 1230.5 real, 3290.9 MB
[runlim] sample:		1195.2 time, 1240.5 real, 3296.8 MB
[runlim] sample:		1202.9 time, 1250.5 real, 3303.3 MB
[runlim] sample:		1211.2 time, 1260.5 real, 3303.3 MB
[runlim] sample:		1219.6 time, 1270.5 real, 3303.3 MB
[runlim] sample:		1227.1 time, 1280.5 real, 3303.5 MB
[runlim] sample:		1236.2 time, 1290.5 real, 3303.5 MB
[runlim] sample:		1244.5 time, 1300.5 real, 3304.6 MB
[runlim] sample:		1252.9 time, 1310.5 real, 3420.6 MB
[runlim] sample:		1261.3 time, 1320.5 real, 3427.5 MB
[runlim] sample:		1270.5 time, 1330.5 real, 3428.6 MB
[runlim] sample:		1279.9 time, 1340.5 real, 3437.1 MB
[runlim] sample:		1289.1 time, 1350.5 real, 3437.1 MB
[runlim] sample:		1298.5 time, 1360.5 real, 3483.5 MB
[runlim] sample:		1307.8 time, 1370.5 real, 3489.1 MB
[runlim] sample:		1317.2 time, 1380.5 real, 3489.7 MB
[runlim] sample:		1326.9 time, 1390.5 real, 3495.8 MB
[runlim] sample:		1336.7 time, 1400.5 real, 3501.5 MB
[runlim] sample:		1346.3 time, 1410.5 real, 3522.9 MB
[runlim] sample:		1354.8 time, 1420.5 real, 3525.5 MB
[runlim] sample:		1363.9 time, 1430.5 real, 3530.7 MB
[runlim] sample:		1373.5 time, 1440.5 real, 3533.2 MB
[runlim] sample:		1381.8 time, 1450.5 real, 3533.5 MB
[runlim] sample:		1391.5 time, 1460.5 real, 3570.9 MB
[runlim] sample:		1401.2 time, 1470.5 real, 3571.1 MB
[runlim] sample:		1410.7 time, 1480.5 real, 3571.6 MB
[runlim] sample:		1419.9 time, 1490.5 real, 3572.2 MB
[runlim] sample:		1429.9 time, 1500.5 real, 3640.7 MB
[runlim] sample:		1439.9 time, 1510.5 real, 3788.6 MB
[runlim] sample:		1449.9 time, 1520.5 real, 3930.7 MB
[runlim] end:			Fri Feb 15 05:54:53 2019
[runlim] status:		out of memory
[runlim] result:		3
[runlim] children:		0
[runlim] real:			1525.22 seconds
[runlim] time:			1454.59 seconds
[runlim] space:			4000.3 MB
[runlim] samples:		15247
