[runlim] version:		1.10fixed
[runlim] time limit:		1800 seconds
[runlim] real time limit:	311040000 seconds
[runlim] space limit:		4000 MB
[runlim] argv[0]:		./z3
[runlim] argv[1]:		/tmp/v1d5oXCr.smt2
[runlim] start:			Tue Feb 19 05:32:21 2019
[runlim] main pid:		24833
[runlim] sample:		9.9 time, 10.3 real, 45.9 MB
[runlim] sample:		19.2 time, 20.3 real, 62.4 MB
[runlim] sample:		28.7 time, 30.3 real, 72.4 MB
[runlim] sample:		38.0 time, 40.3 real, 83.6 MB
[runlim] sample:		47.0 time, 50.3 real, 91.4 MB
[runlim] sample:		56.1 time, 60.3 real, 96.8 MB
[runlim] sample:		64.7 time, 70.3 real, 100.2 MB
[runlim] sample:		72.9 time, 80.3 real, 105.3 MB
[runlim] sample:		81.2 time, 90.3 real, 112.0 MB
[runlim] sample:		90.4 time, 100.3 real, 119.9 MB
[runlim] sample:		99.7 time, 110.3 real, 121.2 MB
[runlim] sample:		109.6 time, 120.3 real, 132.9 MB
[runlim] sample:		118.5 time, 130.3 real, 143.2 MB
[runlim] sample:		128.0 time, 140.3 real, 154.6 MB
[runlim] sample:		138.0 time, 150.3 real, 161.5 MB
[runlim] sample:		147.9 time, 160.3 real, 165.9 MB
[runlim] sample:		157.3 time, 170.3 real, 178.1 MB
[runlim] sample:		166.8 time, 180.3 real, 187.6 MB
[runlim] sample:		175.5 time, 190.3 real, 196.4 MB
[runlim] sample:		184.7 time, 200.3 real, 205.2 MB
[runlim] sample:		193.6 time, 210.3 real, 215.5 MB
[runlim] sample:		202.0 time, 220.3 real, 220.4 MB
[runlim] sample:		211.7 time, 230.3 real, 226.1 MB
[runlim] sample:		221.2 time, 240.3 real, 231.5 MB
[runlim] sample:		229.9 time, 250.3 real, 235.3 MB
[runlim] sample:		238.4 time, 260.3 real, 241.0 MB
[runlim] sample:		246.9 time, 270.3 real, 247.7 MB
[runlim] sample:		255.2 time, 280.3 real, 252.3 MB
[runlim] sample:		263.9 time, 290.3 real, 257.8 MB
[runlim] sample:		273.4 time, 300.3 real, 262.1 MB
[runlim] sample:		283.2 time, 310.3 real, 266.3 MB
[runlim] sample:		292.4 time, 320.3 real, 274.3 MB
[runlim] sample:		300.9 time, 330.3 real, 274.3 MB
[runlim] sample:		309.0 time, 340.3 real, 277.6 MB
[runlim] sample:		317.4 time, 350.3 real, 282.3 MB
[runlim] sample:		325.6 time, 360.3 real, 285.9 MB
[runlim] sample:		333.9 time, 370.3 real, 290.0 MB
[runlim] sample:		342.1 time, 380.3 real, 292.8 MB
[runlim] sample:		350.5 time, 390.3 real, 295.4 MB
[runlim] sample:		359.6 time, 400.3 real, 301.8 MB
[runlim] sample:		368.4 time, 410.3 real, 304.4 MB
[runlim] sample:		377.6 time, 420.3 real, 308.8 MB
[runlim] sample:		386.8 time, 430.3 real, 311.1 MB
[runlim] sample:		395.3 time, 440.3 real, 319.4 MB
[runlim] sample:		404.5 time, 450.3 real, 336.7 MB
[runlim] sample:		413.7 time, 460.3 real, 339.5 MB
[runlim] sample:		422.7 time, 470.3 real, 342.3 MB
[runlim] sample:		431.3 time, 480.3 real, 345.7 MB
[runlim] sample:		440.3 time, 490.3 real, 348.8 MB
[runlim] sample:		449.3 time, 500.3 real, 354.2 MB
[runlim] sample:		458.0 time, 510.3 real, 366.8 MB
[runlim] sample:		466.8 time, 520.3 real, 370.4 MB
[runlim] sample:		475.6 time, 530.3 real, 373.3 MB
[runlim] sample:		484.4 time, 540.3 real, 376.6 MB
[runlim] sample:		493.1 time, 550.3 real, 378.4 MB
[runlim] sample:		502.3 time, 560.3 real, 381.5 MB
[runlim] sample:		511.6 time, 570.3 real, 383.3 MB
[runlim] sample:		520.4 time, 580.3 real, 386.1 MB
[runlim] sample:		530.0 time, 590.3 real, 390.8 MB
[runlim] sample:		539.7 time, 600.3 real, 392.8 MB
[runlim] sample:		549.0 time, 610.3 real, 397.2 MB
[runlim] sample:		557.6 time, 620.3 real, 401.1 MB
[runlim] sample:		566.6 time, 630.3 real, 402.4 MB
[runlim] sample:		576.4 time, 640.3 real, 405.0 MB
[runlim] sample:		586.4 time, 650.3 real, 406.3 MB
[runlim] sample:		595.4 time, 660.3 real, 408.1 MB
[runlim] sample:		604.7 time, 670.3 real, 408.8 MB
[runlim] sample:		613.2 time, 680.3 real, 412.2 MB
[runlim] sample:		621.8 time, 690.3 real, 413.7 MB
[runlim] sample:		630.9 time, 700.3 real, 415.5 MB
[runlim] sample:		639.7 time, 710.3 real, 417.1 MB
[runlim] sample:		649.7 time, 720.3 real, 420.2 MB
[runlim] sample:		659.6 time, 730.3 real, 422.2 MB
[runlim] sample:		669.3 time, 740.3 real, 425.6 MB
[runlim] sample:		679.2 time, 750.3 real, 428.7 MB
[runlim] sample:		689.2 time, 760.3 real, 433.8 MB
[runlim] sample:		699.2 time, 770.3 real, 439.8 MB
[runlim] sample:		709.2 time, 780.3 real, 442.6 MB
[runlim] sample:		719.2 time, 790.3 real, 446.2 MB
[runlim] sample:		729.2 time, 800.3 real, 450.6 MB
[runlim] sample:		739.2 time, 810.3 real, 453.4 MB
[runlim] sample:		749.2 time, 820.3 real, 456.0 MB
[runlim] sample:		759.2 time, 830.3 real, 458.8 MB
[runlim] sample:		769.2 time, 840.3 real, 460.3 MB
[runlim] sample:		779.2 time, 850.3 real, 474.7 MB
[runlim] sample:		789.2 time, 860.3 real, 479.6 MB
[runlim] sample:		799.2 time, 870.3 real, 483.2 MB
[runlim] sample:		809.2 time, 880.3 real, 486.1 MB
[runlim] sample:		819.2 time, 890.3 real, 488.4 MB
[runlim] sample:		829.2 time, 900.3 real, 490.7 MB
[runlim] sample:		839.1 time, 910.3 real, 494.3 MB
[runlim] sample:		849.1 time, 920.3 real, 497.7 MB
[runlim] sample:		859.1 time, 930.3 real, 500.8 MB
[runlim] sample:		869.1 time, 940.3 real, 503.6 MB
[runlim] sample:		879.1 time, 950.3 real, 506.7 MB
[runlim] sample:		889.1 time, 960.3 real, 509.0 MB
[runlim] sample:		899.1 time, 970.3 real, 511.3 MB
[runlim] sample:		909.1 time, 980.3 real, 515.2 MB
[runlim] sample:		919.1 time, 990.3 real, 517.0 MB
[runlim] sample:		929.1 time, 1000.3 real, 519.1 MB
[runlim] sample:		939.1 time, 1010.3 real, 526.1 MB
[runlim] sample:		949.1 time, 1020.3 real, 528.1 MB
[runlim] sample:		959.1 time, 1030.3 real, 529.2 MB
[runlim] sample:		969.1 time, 1040.3 real, 531.2 MB
[runlim] sample:		979.1 time, 1050.3 real, 536.4 MB
[runlim] sample:		989.1 time, 1060.3 real, 536.4 MB
[runlim] sample:		999.1 time, 1070.3 real, 538.7 MB
[runlim] sample:		1009.1 time, 1080.3 real, 540.8 MB
[runlim] sample:		1019.1 time, 1090.3 real, 542.6 MB
[runlim] sample:		1029.1 time, 1100.3 real, 545.1 MB
[runlim] sample:		1039.1 time, 1110.3 real, 547.2 MB
[runlim] sample:		1049.1 time, 1120.3 real, 548.8 MB
[runlim] sample:		1059.1 time, 1130.3 real, 550.8 MB
[runlim] sample:		1069.1 time, 1140.3 real, 553.7 MB
[runlim] sample:		1079.1 time, 1150.3 real, 558.0 MB
[runlim] sample:		1089.1 time, 1160.3 real, 559.6 MB
[runlim] sample:		1099.1 time, 1170.3 real, 564.0 MB
[runlim] sample:		1109.1 time, 1180.3 real, 567.1 MB
[runlim] sample:		1119.0 time, 1190.3 real, 569.6 MB
[runlim] sample:		1129.0 time, 1200.3 real, 571.7 MB
[runlim] sample:		1139.0 time, 1210.3 real, 573.8 MB
[runlim] sample:		1149.0 time, 1220.3 real, 575.1 MB
[runlim] sample:		1159.0 time, 1230.3 real, 576.6 MB
[runlim] sample:		1169.0 time, 1240.3 real, 578.1 MB
[runlim] sample:		1179.0 time, 1250.3 real, 580.5 MB
[runlim] sample:		1189.0 time, 1260.3 real, 582.5 MB
[runlim] sample:		1199.0 time, 1270.3 real, 584.8 MB
[runlim] sample:		1209.0 time, 1280.3 real, 588.2 MB
[runlim] sample:		1219.0 time, 1290.3 real, 591.8 MB
[runlim] sample:		1229.0 time, 1300.3 real, 592.6 MB
[runlim] sample:		1239.0 time, 1310.3 real, 600.8 MB
[runlim] sample:		1249.0 time, 1320.3 real, 605.4 MB
[runlim] sample:		1259.0 time, 1330.3 real, 607.8 MB
[runlim] sample:		1269.0 time, 1340.3 real, 610.1 MB
[runlim] sample:		1279.0 time, 1350.3 real, 611.9 MB
[runlim] sample:		1288.9 time, 1360.3 real, 613.2 MB
[runlim] sample:		1297.8 time, 1370.3 real, 613.7 MB
[runlim] sample:		1307.4 time, 1380.3 real, 615.2 MB
[runlim] sample:		1317.1 time, 1390.3 real, 617.8 MB
[runlim] sample:		1326.7 time, 1400.3 real, 618.9 MB
[runlim] sample:		1336.5 time, 1410.3 real, 621.7 MB
[runlim] sample:		1346.4 time, 1420.3 real, 625.0 MB
[runlim] sample:		1356.4 time, 1430.3 real, 626.1 MB
[runlim] sample:		1366.4 time, 1440.3 real, 628.9 MB
[runlim] sample:		1376.4 time, 1450.3 real, 641.3 MB
[runlim] sample:		1386.4 time, 1460.3 real, 644.1 MB
[runlim] sample:		1396.4 time, 1470.3 real, 647.5 MB
[runlim] sample:		1406.4 time, 1480.3 real, 648.8 MB
[runlim] sample:		1416.4 time, 1490.3 real, 650.3 MB
[runlim] sample:		1426.4 time, 1500.3 real, 652.1 MB
[runlim] sample:		1436.4 time, 1510.3 real, 655.5 MB
[runlim] sample:		1446.4 time, 1520.3 real, 658.8 MB
[runlim] sample:		1456.4 time, 1530.3 real, 660.4 MB
[runlim] sample:		1466.4 time, 1540.3 real, 665.0 MB
[runlim] sample:		1476.4 time, 1550.3 real, 667.1 MB
[runlim] sample:		1486.4 time, 1560.3 real, 668.4 MB
[runlim] sample:		1496.4 time, 1570.3 real, 670.2 MB
[runlim] sample:		1506.4 time, 1580.3 real, 674.0 MB
[runlim] sample:		1516.4 time, 1590.3 real, 676.6 MB
[runlim] sample:		1526.4 time, 1600.3 real, 679.0 MB
[runlim] sample:		1536.4 time, 1610.3 real, 683.6 MB
[runlim] sample:		1546.4 time, 1620.3 real, 685.7 MB
[runlim] sample:		1556.4 time, 1630.3 real, 687.8 MB
[runlim] sample:		1566.4 time, 1640.3 real, 688.5 MB
[runlim] sample:		1576.3 time, 1650.3 real, 689.8 MB
[runlim] sample:		1586.0 time, 1660.3 real, 692.4 MB
[runlim] sample:		1595.6 time, 1670.3 real, 694.7 MB
[runlim] sample:		1605.5 time, 1680.3 real, 698.1 MB
[runlim] sample:		1615.5 time, 1690.3 real, 699.6 MB
[runlim] sample:		1625.5 time, 1700.3 real, 700.4 MB
[runlim] sample:		1635.5 time, 1710.3 real, 702.5 MB
[runlim] sample:		1645.5 time, 1720.3 real, 703.2 MB
[runlim] sample:		1655.5 time, 1730.3 real, 704.8 MB
[runlim] sample:		1665.5 time, 1740.3 real, 705.6 MB
[runlim] sample:		1675.5 time, 1750.3 real, 708.7 MB
[runlim] sample:		1685.5 time, 1760.3 real, 709.9 MB
[runlim] sample:		1695.5 time, 1770.3 real, 712.0 MB
[runlim] sample:		1705.5 time, 1780.3 real, 713.6 MB
[runlim] sample:		1715.5 time, 1790.3 real, 715.1 MB
[runlim] sample:		1725.5 time, 1800.3 real, 716.4 MB
[runlim] sample:		1735.5 time, 1810.3 real, 717.9 MB
[runlim] sample:		1745.5 time, 1820.3 real, 718.7 MB
[runlim] sample:		1755.5 time, 1830.3 real, 719.7 MB
[runlim] sample:		1765.5 time, 1840.3 real, 721.0 MB
[runlim] sample:		1775.5 time, 1850.3 real, 722.1 MB
[runlim] sample:		1785.5 time, 1860.3 real, 723.4 MB
[runlim] sample:		1795.5 time, 1870.3 real, 725.4 MB
[runlim] end:			Tue Feb 19 06:03:35 2019
[runlim] status:		out of time
[runlim] result:		2
[runlim] children:		0
[runlim] real:			1875.00 seconds
[runlim] time:			1800.06 seconds
[runlim] space:			726.4 MB
[runlim] samples:		18746
