[runlim] version:		1.10fixed
[runlim] time limit:		1800 seconds
[runlim] real time limit:	311040000 seconds
[runlim] space limit:		4000 MB
[runlim] argv[0]:		./z3
[runlim] argv[1]:		/tmp/8x1sbCs3.smt2
[runlim] start:			Sat Feb  9 22:42:40 2019
[runlim] main pid:		19310
[runlim] sample:		7.8 time, 10.9 real, 31.9 MB
[runlim] sample:		15.8 time, 20.9 real, 43.0 MB
[runlim] sample:		25.2 time, 30.9 real, 47.3 MB
[runlim] sample:		35.3 time, 40.9 real, 52.2 MB
[runlim] sample:		45.2 time, 50.9 real, 55.0 MB
[runlim] sample:		54.2 time, 60.9 real, 57.6 MB
[runlim] sample:		64.2 time, 70.9 real, 64.9 MB
[runlim] sample:		74.2 time, 80.9 real, 75.2 MB
[runlim] sample:		84.2 time, 90.9 real, 78.0 MB
[runlim] sample:		94.2 time, 100.9 real, 79.5 MB
[runlim] sample:		103.2 time, 110.9 real, 82.1 MB
[runlim] sample:		113.1 time, 120.9 real, 87.3 MB
[runlim] sample:		123.1 time, 130.9 real, 88.3 MB
[runlim] sample:		133.1 time, 140.9 real, 89.3 MB
[runlim] sample:		142.3 time, 150.9 real, 96.6 MB
[runlim] sample:		151.6 time, 160.9 real, 98.6 MB
[runlim] sample:		160.6 time, 170.9 real, 102.5 MB
[runlim] sample:		169.6 time, 180.9 real, 104.0 MB
[runlim] sample:		178.5 time, 190.9 real, 109.7 MB
[runlim] sample:		187.0 time, 200.9 real, 112.1 MB
[runlim] sample:		196.5 time, 210.9 real, 114.6 MB
[runlim] sample:		205.1 time, 220.9 real, 117.7 MB
[runlim] sample:		214.9 time, 230.9 real, 118.5 MB
[runlim] sample:		224.9 time, 240.9 real, 118.5 MB
[runlim] sample:		234.9 time, 250.9 real, 120.3 MB
[runlim] sample:		244.3 time, 260.9 real, 121.9 MB
[runlim] sample:		254.0 time, 270.9 real, 124.7 MB
[runlim] sample:		262.5 time, 280.9 real, 126.2 MB
[runlim] sample:		272.0 time, 290.9 real, 129.1 MB
[runlim] sample:		281.7 time, 300.9 real, 140.9 MB
[runlim] sample:		291.4 time, 310.9 real, 145.8 MB
[runlim] sample:		301.0 time, 320.9 real, 147.4 MB
[runlim] sample:		310.7 time, 330.9 real, 149.7 MB
[runlim] sample:		320.1 time, 340.9 real, 151.2 MB
[runlim] sample:		328.6 time, 350.9 real, 153.0 MB
[runlim] sample:		337.5 time, 360.9 real, 154.8 MB
[runlim] sample:		346.8 time, 370.9 real, 159.0 MB
[runlim] sample:		356.1 time, 380.9 real, 159.7 MB
[runlim] sample:		364.9 time, 390.9 real, 160.5 MB
[runlim] sample:		374.3 time, 400.9 real, 162.8 MB
[runlim] sample:		382.8 time, 410.9 real, 162.8 MB
[runlim] sample:		391.1 time, 420.9 real, 163.1 MB
[runlim] sample:		401.1 time, 430.9 real, 163.4 MB
[runlim] sample:		411.1 time, 440.9 real, 163.4 MB
[runlim] sample:		421.1 time, 450.9 real, 163.6 MB
[runlim] sample:		431.1 time, 460.9 real, 163.6 MB
[runlim] sample:		441.1 time, 470.9 real, 163.6 MB
[runlim] sample:		451.1 time, 480.9 real, 163.9 MB
[runlim] sample:		461.1 time, 490.9 real, 163.9 MB
[runlim] sample:		470.5 time, 500.9 real, 164.1 MB
[runlim] sample:		478.8 time, 510.9 real, 164.1 MB
[runlim] sample:		488.8 time, 520.9 real, 164.1 MB
[runlim] sample:		498.8 time, 530.9 real, 164.1 MB
[runlim] sample:		508.3 time, 540.9 real, 164.9 MB
[runlim] sample:		517.9 time, 550.9 real, 166.7 MB
[runlim] sample:		527.4 time, 560.9 real, 167.0 MB
[runlim] sample:		537.4 time, 570.9 real, 169.0 MB
[runlim] sample:		547.4 time, 580.9 real, 169.8 MB
[runlim] sample:		556.6 time, 590.9 real, 170.1 MB
[runlim] sample:		565.2 time, 600.9 real, 170.3 MB
[runlim] sample:		575.1 time, 610.9 real, 170.8 MB
[runlim] sample:		584.4 time, 620.9 real, 171.3 MB
[runlim] sample:		593.8 time, 630.9 real, 178.0 MB
[runlim] sample:		602.4 time, 640.9 real, 180.6 MB
[runlim] sample:		611.0 time, 650.9 real, 184.7 MB
[runlim] sample:		619.9 time, 660.9 real, 186.0 MB
[runlim] sample:		629.6 time, 670.9 real, 186.3 MB
[runlim] sample:		639.3 time, 680.9 real, 186.5 MB
[runlim] sample:		649.0 time, 690.9 real, 187.1 MB
[runlim] sample:		658.7 time, 700.9 real, 187.3 MB
[runlim] sample:		668.4 time, 710.9 real, 195.9 MB
[runlim] sample:		678.1 time, 720.9 real, 196.7 MB
[runlim] sample:		687.8 time, 730.9 real, 199.0 MB
[runlim] sample:		697.4 time, 740.9 real, 201.1 MB
[runlim] sample:		707.1 time, 750.9 real, 203.9 MB
[runlim] sample:		716.8 time, 760.9 real, 206.5 MB
[runlim] sample:		726.5 time, 770.9 real, 207.3 MB
[runlim] sample:		735.2 time, 780.9 real, 207.5 MB
[runlim] sample:		743.3 time, 790.9 real, 207.5 MB
[runlim] sample:		753.0 time, 800.9 real, 207.8 MB
[runlim] sample:		762.7 time, 810.9 real, 208.8 MB
[runlim] sample:		772.5 time, 820.9 real, 211.9 MB
[runlim] sample:		782.2 time, 830.9 real, 214.8 MB
[runlim] sample:		791.9 time, 840.9 real, 217.6 MB
[runlim] sample:		801.6 time, 850.9 real, 217.6 MB
[runlim] sample:		811.3 time, 860.9 real, 218.4 MB
[runlim] sample:		821.1 time, 870.9 real, 219.9 MB
[runlim] sample:		831.1 time, 880.9 real, 220.4 MB
[runlim] sample:		841.1 time, 890.9 real, 220.7 MB
[runlim] sample:		851.1 time, 900.9 real, 222.5 MB
[runlim] sample:		861.1 time, 910.9 real, 223.0 MB
[runlim] sample:		871.1 time, 920.9 real, 223.8 MB
[runlim] sample:		881.1 time, 930.9 real, 224.0 MB
[runlim] sample:		891.1 time, 940.9 real, 226.4 MB
[runlim] sample:		901.1 time, 950.9 real, 227.1 MB
[runlim] sample:		911.1 time, 960.9 real, 227.6 MB
[runlim] sample:		921.1 time, 970.9 real, 227.9 MB
[runlim] sample:		931.1 time, 980.9 real, 228.7 MB
[runlim] sample:		941.1 time, 990.9 real, 230.7 MB
[runlim] sample:		951.1 time, 1000.9 real, 231.8 MB
[runlim] sample:		961.1 time, 1010.9 real, 233.8 MB
[runlim] sample:		971.1 time, 1020.9 real, 236.4 MB
[runlim] sample:		981.1 time, 1030.9 real, 238.7 MB
[runlim] sample:		991.1 time, 1040.9 real, 242.1 MB
[runlim] sample:		1001.1 time, 1050.9 real, 244.9 MB
[runlim] sample:		1011.1 time, 1060.9 real, 247.8 MB
[runlim] sample:		1021.1 time, 1070.9 real, 249.3 MB
[runlim] sample:		1030.9 time, 1080.9 real, 249.3 MB
[runlim] sample:		1040.7 time, 1090.9 real, 252.1 MB
[runlim] sample:		1050.2 time, 1100.9 real, 255.7 MB
[runlim] sample:		1058.9 time, 1110.9 real, 259.1 MB
[runlim] sample:		1067.7 time, 1120.9 real, 259.6 MB
[runlim] sample:		1076.9 time, 1130.9 real, 261.7 MB
[runlim] sample:		1086.9 time, 1140.9 real, 262.4 MB
[runlim] sample:		1096.8 time, 1150.9 real, 268.5 MB
[runlim] sample:		1105.1 time, 1160.9 real, 270.8 MB
[runlim] sample:		1113.0 time, 1170.9 real, 270.8 MB
[runlim] sample:		1122.3 time, 1180.9 real, 270.8 MB
[runlim] sample:		1132.3 time, 1190.9 real, 270.8 MB
[runlim] sample:		1142.1 time, 1200.9 real, 271.1 MB
[runlim] sample:		1151.2 time, 1210.9 real, 271.3 MB
[runlim] sample:		1159.8 time, 1220.9 real, 271.8 MB
[runlim] sample:		1169.8 time, 1230.9 real, 273.4 MB
[runlim] sample:		1177.8 time, 1240.9 real, 279.1 MB
[runlim] sample:		1186.2 time, 1250.9 real, 279.1 MB
[runlim] sample:		1195.3 time, 1260.9 real, 279.8 MB
[runlim] sample:		1204.2 time, 1270.9 real, 280.1 MB
[runlim] sample:		1213.0 time, 1280.9 real, 280.3 MB
[runlim] sample:		1220.8 time, 1290.9 real, 280.3 MB
[runlim] sample:		1229.4 time, 1300.9 real, 280.3 MB
[runlim] sample:		1238.8 time, 1310.9 real, 280.6 MB
[runlim] sample:		1247.1 time, 1320.9 real, 280.6 MB
[runlim] sample:		1256.2 time, 1330.9 real, 280.6 MB
[runlim] sample:		1265.2 time, 1340.9 real, 280.6 MB
[runlim] sample:		1274.5 time, 1350.9 real, 280.9 MB
[runlim] sample:		1284.0 time, 1360.9 real, 280.9 MB
[runlim] sample:		1294.0 time, 1370.9 real, 281.6 MB
[runlim] sample:		1304.0 time, 1380.9 real, 281.6 MB
[runlim] sample:		1314.0 time, 1390.9 real, 281.6 MB
[runlim] sample:		1324.0 time, 1400.9 real, 282.7 MB
[runlim] sample:		1333.9 time, 1410.9 real, 283.2 MB
[runlim] sample:		1343.2 time, 1420.9 real, 283.2 MB
[runlim] sample:		1352.5 time, 1430.9 real, 283.2 MB
[runlim] sample:		1361.9 time, 1440.9 real, 283.4 MB
[runlim] sample:		1370.9 time, 1450.9 real, 283.4 MB
[runlim] sample:		1379.6 time, 1460.9 real, 283.4 MB
[runlim] sample:		1389.5 time, 1470.9 real, 283.4 MB
[runlim] sample:		1399.5 time, 1480.9 real, 283.4 MB
[runlim] sample:		1409.5 time, 1490.9 real, 283.4 MB
[runlim] sample:		1419.5 time, 1500.9 real, 283.4 MB
[runlim] sample:		1429.5 time, 1510.9 real, 283.4 MB
[runlim] sample:		1439.5 time, 1520.9 real, 283.4 MB
[runlim] sample:		1449.5 time, 1530.9 real, 283.4 MB
[runlim] sample:		1459.4 time, 1540.9 real, 283.7 MB
[runlim] sample:		1469.0 time, 1550.9 real, 284.0 MB
[runlim] sample:		1478.9 time, 1560.9 real, 284.0 MB
[runlim] sample:		1488.9 time, 1570.9 real, 286.0 MB
[runlim] sample:		1498.7 time, 1580.9 real, 286.3 MB
[runlim] sample:		1508.7 time, 1590.9 real, 286.8 MB
[runlim] sample:		1518.7 time, 1600.9 real, 286.8 MB
[runlim] sample:		1528.7 time, 1610.9 real, 287.1 MB
[runlim] sample:		1537.7 time, 1620.9 real, 287.3 MB
[runlim] sample:		1546.3 time, 1630.9 real, 288.3 MB
[runlim] sample:		1554.9 time, 1640.9 real, 289.6 MB
[runlim] sample:		1563.5 time, 1650.9 real, 290.4 MB
[runlim] sample:		1573.2 time, 1660.9 real, 291.4 MB
[runlim] sample:		1582.0 time, 1670.9 real, 295.3 MB
[runlim] sample:		1592.0 time, 1680.9 real, 306.9 MB
[runlim] sample:		1602.0 time, 1690.9 real, 307.4 MB
[runlim] sample:		1612.0 time, 1700.9 real, 307.7 MB
[runlim] sample:		1620.9 time, 1710.9 real, 307.9 MB
[runlim] sample:		1630.2 time, 1720.9 real, 308.7 MB
[runlim] sample:		1640.2 time, 1730.9 real, 309.0 MB
[runlim] sample:		1650.2 time, 1740.9 real, 309.2 MB
[runlim] sample:		1660.0 time, 1750.9 real, 310.0 MB
[runlim] sample:		1669.6 time, 1760.9 real, 310.5 MB
[runlim] sample:		1679.2 time, 1770.9 real, 311.5 MB
[runlim] sample:		1689.0 time, 1780.9 real, 311.8 MB
[runlim] sample:		1698.3 time, 1790.9 real, 312.6 MB
[runlim] sample:		1706.9 time, 1800.9 real, 313.3 MB
[runlim] sample:		1715.5 time, 1810.9 real, 314.1 MB
[runlim] sample:		1724.6 time, 1820.9 real, 314.6 MB
[runlim] sample:		1733.5 time, 1830.9 real, 315.1 MB
[runlim] sample:		1742.6 time, 1840.9 real, 315.7 MB
[runlim] sample:		1752.6 time, 1850.9 real, 316.4 MB
[runlim] sample:		1761.7 time, 1860.9 real, 316.7 MB
[runlim] sample:		1771.4 time, 1870.9 real, 316.9 MB
[runlim] sample:		1781.4 time, 1880.9 real, 320.6 MB
[runlim] sample:		1791.4 time, 1890.9 real, 320.6 MB
[runlim] end:			Sat Feb  9 23:14:19 2019
[runlim] status:		out of time
[runlim] result:		2
[runlim] children:		0
[runlim] real:			1899.51 seconds
[runlim] time:			1800.02 seconds
[runlim] space:			320.6 MB
[runlim] samples:		18986
