[runlim] version:		1.10fixed
[runlim] time limit:		1800 seconds
[runlim] real time limit:	311040000 seconds
[runlim] space limit:		4000 MB
[runlim] argv[0]:		./z3
[runlim] argv[1]:		/tmp/F4HK7jkP.smt2
[runlim] start:			Fri Feb 15 05:38:35 2019
[runlim] main pid:		30900
[runlim] sample:		9.9 time, 10.8 real, 33.2 MB
[runlim] sample:		19.9 time, 20.8 real, 36.5 MB
[runlim] sample:		29.1 time, 30.8 real, 41.6 MB
[runlim] sample:		38.7 time, 40.8 real, 44.9 MB
[runlim] sample:		48.7 time, 50.8 real, 46.7 MB
[runlim] sample:		58.7 time, 60.8 real, 48.7 MB
[runlim] sample:		68.7 time, 70.8 real, 51.3 MB
[runlim] sample:		78.7 time, 80.8 real, 52.6 MB
[runlim] sample:		88.7 time, 90.8 real, 56.7 MB
[runlim] sample:		98.7 time, 100.8 real, 57.7 MB
[runlim] sample:		108.7 time, 110.8 real, 59.2 MB
[runlim] sample:		118.7 time, 120.8 real, 59.8 MB
[runlim] sample:		128.7 time, 130.8 real, 61.3 MB
[runlim] sample:		138.7 time, 140.8 real, 62.8 MB
[runlim] sample:		148.7 time, 150.8 real, 65.2 MB
[runlim] sample:		158.7 time, 160.8 real, 70.4 MB
[runlim] sample:		168.6 time, 170.8 real, 72.4 MB
[runlim] sample:		178.6 time, 180.8 real, 75.0 MB
[runlim] sample:		188.6 time, 190.8 real, 78.8 MB
[runlim] sample:		198.6 time, 200.8 real, 87.8 MB
[runlim] sample:		208.6 time, 210.8 real, 90.4 MB
[runlim] sample:		218.6 time, 220.8 real, 91.4 MB
[runlim] sample:		228.6 time, 230.8 real, 92.2 MB
[runlim] sample:		238.6 time, 240.8 real, 93.5 MB
[runlim] sample:		248.6 time, 250.8 real, 93.8 MB
[runlim] sample:		258.6 time, 260.8 real, 94.3 MB
[runlim] sample:		268.6 time, 270.8 real, 95.1 MB
[runlim] sample:		278.6 time, 280.8 real, 96.6 MB
[runlim] sample:		288.6 time, 290.8 real, 96.6 MB
[runlim] sample:		298.6 time, 300.8 real, 101.5 MB
[runlim] sample:		308.6 time, 310.8 real, 102.5 MB
[runlim] sample:		318.6 time, 320.8 real, 102.5 MB
[runlim] sample:		328.6 time, 330.8 real, 102.8 MB
[runlim] sample:		338.6 time, 340.8 real, 103.0 MB
[runlim] sample:		348.6 time, 350.8 real, 103.0 MB
[runlim] sample:		358.6 time, 360.8 real, 104.3 MB
[runlim] sample:		368.6 time, 370.8 real, 105.6 MB
[runlim] sample:		378.6 time, 380.8 real, 105.9 MB
[runlim] sample:		388.6 time, 390.8 real, 108.5 MB
[runlim] sample:		398.6 time, 400.8 real, 109.5 MB
[runlim] sample:		408.6 time, 410.8 real, 109.7 MB
[runlim] sample:		418.6 time, 420.8 real, 110.0 MB
[runlim] sample:		428.6 time, 430.8 real, 110.3 MB
[runlim] sample:		438.6 time, 440.8 real, 111.0 MB
[runlim] sample:		448.5 time, 450.8 real, 112.6 MB
[runlim] sample:		458.3 time, 460.8 real, 113.1 MB
[runlim] sample:		467.2 time, 470.8 real, 114.1 MB
[runlim] sample:		477.2 time, 480.8 real, 115.2 MB
[runlim] sample:		487.2 time, 490.8 real, 115.7 MB
[runlim] sample:		497.2 time, 500.8 real, 116.7 MB
[runlim] sample:		507.2 time, 510.8 real, 117.2 MB
[runlim] sample:		517.2 time, 520.8 real, 117.7 MB
[runlim] sample:		527.1 time, 530.8 real, 117.7 MB
[runlim] sample:		536.9 time, 540.8 real, 118.0 MB
[runlim] sample:		546.8 time, 550.8 real, 122.9 MB
[runlim] sample:		556.6 time, 560.8 real, 124.7 MB
[runlim] sample:		566.2 time, 570.8 real, 124.7 MB
[runlim] sample:		576.0 time, 580.8 real, 124.7 MB
[runlim] sample:		585.6 time, 590.8 real, 124.7 MB
[runlim] sample:		595.0 time, 600.8 real, 124.7 MB
[runlim] sample:		604.6 time, 610.8 real, 126.2 MB
[runlim] sample:		613.8 time, 620.8 real, 127.0 MB
[runlim] sample:		622.0 time, 630.8 real, 130.1 MB
[runlim] sample:		630.8 time, 640.8 real, 130.4 MB
[runlim] sample:		640.2 time, 650.8 real, 131.1 MB
[runlim] sample:		649.4 time, 660.8 real, 131.4 MB
[runlim] sample:		657.8 time, 670.8 real, 131.7 MB
[runlim] sample:		666.0 time, 680.8 real, 131.7 MB
[runlim] sample:		674.9 time, 690.8 real, 131.7 MB
[runlim] sample:		684.6 time, 700.8 real, 132.5 MB
[runlim] sample:		694.5 time, 710.8 real, 132.5 MB
[runlim] sample:		704.5 time, 720.8 real, 134.0 MB
[runlim] sample:		714.5 time, 730.8 real, 135.3 MB
[runlim] sample:		724.5 time, 740.8 real, 135.3 MB
[runlim] sample:		734.5 time, 750.8 real, 135.6 MB
[runlim] sample:		744.5 time, 760.8 real, 136.1 MB
[runlim] sample:		754.5 time, 770.8 real, 136.1 MB
[runlim] sample:		764.4 time, 780.8 real, 136.3 MB
[runlim] sample:		774.4 time, 790.8 real, 138.1 MB
[runlim] sample:		784.4 time, 800.8 real, 138.4 MB
[runlim] sample:		794.4 time, 810.8 real, 138.6 MB
[runlim] sample:		804.4 time, 820.8 real, 139.2 MB
[runlim] sample:		814.4 time, 830.8 real, 140.4 MB
[runlim] sample:		824.4 time, 840.8 real, 142.5 MB
[runlim] sample:		834.4 time, 850.8 real, 142.5 MB
[runlim] sample:		844.4 time, 860.8 real, 142.8 MB
[runlim] sample:		854.4 time, 870.8 real, 143.8 MB
[runlim] sample:		864.4 time, 880.8 real, 143.8 MB
[runlim] sample:		874.4 time, 890.8 real, 144.3 MB
[runlim] sample:		884.4 time, 900.8 real, 144.6 MB
[runlim] sample:		894.4 time, 910.8 real, 144.8 MB
[runlim] sample:		904.4 time, 920.8 real, 145.3 MB
[runlim] sample:		914.4 time, 930.8 real, 153.3 MB
[runlim] sample:		924.4 time, 940.8 real, 153.8 MB
[runlim] sample:		934.4 time, 950.8 real, 155.4 MB
[runlim] sample:		944.4 time, 960.8 real, 159.0 MB
[runlim] sample:		954.3 time, 970.8 real, 161.3 MB
[runlim] sample:		964.3 time, 980.8 real, 161.8 MB
[runlim] sample:		974.3 time, 990.8 real, 167.8 MB
[runlim] sample:		984.3 time, 1000.8 real, 167.8 MB
[runlim] sample:		994.3 time, 1010.8 real, 167.8 MB
[runlim] sample:		1004.3 time, 1020.8 real, 168.8 MB
[runlim] sample:		1014.3 time, 1030.8 real, 170.6 MB
[runlim] sample:		1024.3 time, 1040.8 real, 172.1 MB
[runlim] sample:		1034.3 time, 1050.8 real, 173.2 MB
[runlim] sample:		1044.3 time, 1060.8 real, 173.9 MB
[runlim] sample:		1054.3 time, 1070.8 real, 173.9 MB
[runlim] sample:		1064.3 time, 1080.8 real, 173.9 MB
[runlim] sample:		1074.3 time, 1090.8 real, 174.2 MB
[runlim] sample:		1084.3 time, 1100.8 real, 174.7 MB
[runlim] sample:		1093.4 time, 1110.8 real, 175.0 MB
[runlim] sample:		1103.4 time, 1120.8 real, 176.3 MB
[runlim] sample:		1113.1 time, 1130.8 real, 176.8 MB
[runlim] sample:		1122.6 time, 1140.8 real, 177.3 MB
[runlim] sample:		1131.2 time, 1150.8 real, 177.3 MB
[runlim] sample:		1141.2 time, 1160.8 real, 177.6 MB
[runlim] sample:		1151.2 time, 1170.8 real, 177.8 MB
[runlim] sample:		1161.1 time, 1180.8 real, 178.1 MB
[runlim] sample:		1170.7 time, 1190.8 real, 178.1 MB
[runlim] sample:		1179.3 time, 1200.8 real, 178.3 MB
[runlim] sample:		1187.8 time, 1210.8 real, 183.0 MB
[runlim] sample:		1196.8 time, 1220.8 real, 183.2 MB
[runlim] sample:		1205.5 time, 1230.8 real, 183.7 MB
[runlim] sample:		1214.3 time, 1240.8 real, 184.3 MB
[runlim] sample:		1223.2 time, 1250.8 real, 187.3 MB
[runlim] sample:		1232.1 time, 1260.8 real, 189.4 MB
[runlim] sample:		1241.1 time, 1270.8 real, 189.9 MB
[runlim] sample:		1250.0 time, 1280.8 real, 190.4 MB
[runlim] sample:		1259.0 time, 1290.8 real, 192.0 MB
[runlim] sample:		1267.9 time, 1300.8 real, 192.0 MB
[runlim] sample:		1277.0 time, 1310.8 real, 192.5 MB
[runlim] sample:		1286.3 time, 1320.8 real, 192.5 MB
[runlim] sample:		1295.3 time, 1330.8 real, 192.8 MB
[runlim] sample:		1304.4 time, 1340.8 real, 192.8 MB
[runlim] sample:		1313.3 time, 1350.8 real, 193.0 MB
[runlim] sample:		1322.2 time, 1360.8 real, 193.3 MB
[runlim] sample:		1331.3 time, 1370.8 real, 193.5 MB
[runlim] sample:		1340.2 time, 1380.8 real, 194.8 MB
[runlim] sample:		1349.2 time, 1390.8 real, 196.1 MB
[runlim] sample:		1358.2 time, 1400.8 real, 196.4 MB
[runlim] sample:		1367.1 time, 1410.8 real, 196.6 MB
[runlim] sample:		1376.0 time, 1420.8 real, 196.6 MB
[runlim] sample:		1385.0 time, 1430.8 real, 196.9 MB
[runlim] sample:		1394.0 time, 1440.8 real, 197.9 MB
[runlim] sample:		1402.9 time, 1450.8 real, 198.2 MB
[runlim] sample:		1411.8 time, 1460.8 real, 204.6 MB
[runlim] sample:		1420.9 time, 1470.8 real, 210.8 MB
[runlim] sample:		1430.1 time, 1480.8 real, 210.8 MB
[runlim] sample:		1439.4 time, 1490.8 real, 211.1 MB
[runlim] sample:		1448.5 time, 1500.8 real, 211.3 MB
[runlim] sample:		1457.5 time, 1510.8 real, 211.3 MB
[runlim] sample:		1466.4 time, 1520.8 real, 211.3 MB
[runlim] sample:		1475.8 time, 1530.8 real, 211.6 MB
[runlim] sample:		1485.8 time, 1540.8 real, 211.8 MB
[runlim] sample:		1495.8 time, 1550.8 real, 211.8 MB
[runlim] sample:		1505.8 time, 1560.8 real, 211.8 MB
[runlim] sample:		1515.8 time, 1570.8 real, 212.1 MB
[runlim] sample:		1525.6 time, 1580.8 real, 212.1 MB
[runlim] sample:		1535.3 time, 1590.8 real, 212.1 MB
[runlim] sample:		1545.0 time, 1600.8 real, 213.6 MB
[runlim] sample:		1555.0 time, 1610.8 real, 213.9 MB
[runlim] sample:		1564.8 time, 1620.8 real, 214.4 MB
[runlim] sample:		1574.5 time, 1630.8 real, 214.7 MB
[runlim] sample:		1584.1 time, 1640.8 real, 215.2 MB
[runlim] sample:		1593.8 time, 1650.8 real, 216.7 MB
[runlim] sample:		1603.5 time, 1660.8 real, 217.2 MB
[runlim] sample:		1613.2 time, 1670.8 real, 217.8 MB
[runlim] sample:		1623.2 time, 1680.8 real, 219.3 MB
[runlim] sample:		1633.2 time, 1690.8 real, 219.8 MB
[runlim] sample:		1643.2 time, 1700.8 real, 220.1 MB
[runlim] sample:		1653.2 time, 1710.8 real, 221.4 MB
[runlim] sample:		1663.1 time, 1720.8 real, 221.6 MB
[runlim] sample:		1672.8 time, 1730.8 real, 221.9 MB
[runlim] sample:		1682.2 time, 1740.8 real, 222.1 MB
[runlim] sample:		1692.2 time, 1750.8 real, 223.2 MB
[runlim] sample:		1702.2 time, 1760.8 real, 230.1 MB
[runlim] sample:		1712.2 time, 1770.8 real, 230.1 MB
[runlim] sample:		1722.2 time, 1780.8 real, 230.6 MB
[runlim] sample:		1732.2 time, 1790.8 real, 231.2 MB
[runlim] sample:		1742.2 time, 1800.8 real, 231.4 MB
[runlim] sample:		1752.2 time, 1810.8 real, 231.4 MB
[runlim] sample:		1762.2 time, 1820.8 real, 231.7 MB
[runlim] sample:		1772.2 time, 1830.8 real, 231.7 MB
[runlim] sample:		1782.2 time, 1840.8 real, 231.9 MB
[runlim] sample:		1791.2 time, 1850.8 real, 232.2 MB
[runlim] end:			Fri Feb 15 06:09:35 2019
[runlim] status:		out of time
[runlim] result:		2
[runlim] children:		0
[runlim] real:			1860.56 seconds
[runlim] time:			1800.09 seconds
[runlim] space:			233.5 MB
[runlim] samples:		18597
