[runlim] version:		1.10fixed
[runlim] time limit:		300 seconds
[runlim] real time limit:	311040000 seconds
[runlim] space limit:		4000 MB
[runlim] argv[0]:		./z3
[runlim] argv[1]:		/tmp/BUjSaEGS.smt2
[runlim] start:			Mon Jan 28 18:23:01 2019
[runlim] main pid:		3517
[runlim] sample:		9.6 time, 10.6 real, 36.0 MB
[runlim] sample:		19.2 time, 20.6 real, 40.1 MB
[runlim] sample:		28.3 time, 30.6 real, 42.7 MB
[runlim] sample:		37.3 time, 40.6 real, 49.0 MB
[runlim] sample:		46.6 time, 50.6 real, 56.0 MB
[runlim] sample:		56.4 time, 60.6 real, 58.8 MB
[runlim] sample:		66.2 time, 70.6 real, 62.5 MB
[runlim] sample:		75.5 time, 80.6 real, 66.1 MB
[runlim] sample:		84.8 time, 90.6 real, 69.9 MB
[runlim] sample:		94.8 time, 100.6 real, 72.2 MB
[runlim] sample:		104.8 time, 110.6 real, 75.3 MB
[runlim] sample:		114.8 time, 120.6 real, 77.4 MB
[runlim] sample:		124.0 time, 130.6 real, 85.4 MB
[runlim] sample:		134.0 time, 140.6 real, 90.5 MB
[runlim] sample:		144.0 time, 150.6 real, 95.9 MB
[runlim] sample:		154.0 time, 160.6 real, 98.0 MB
[runlim] sample:		164.0 time, 170.6 real, 98.5 MB
[runlim] sample:		173.9 time, 180.6 real, 103.4 MB
[runlim] sample:		183.9 time, 190.6 real, 104.9 MB
[runlim] sample:		193.9 time, 200.6 real, 107.0 MB
[runlim] sample:		203.9 time, 210.6 real, 107.8 MB
[runlim] sample:		213.9 time, 220.6 real, 109.3 MB
[runlim] sample:		223.7 time, 230.6 real, 110.8 MB
[runlim] sample:		233.7 time, 240.6 real, 113.4 MB
[runlim] sample:		243.7 time, 250.6 real, 116.2 MB
[runlim] sample:		253.7 time, 260.6 real, 116.2 MB
[runlim] sample:		263.7 time, 270.6 real, 116.5 MB
[runlim] sample:		273.2 time, 280.6 real, 117.5 MB
[runlim] sample:		282.8 time, 290.6 real, 118.6 MB
[runlim] sample:		292.5 time, 300.6 real, 119.1 MB
[runlim] end:			Mon Jan 28 18:28:09 2019
[runlim] status:		out of time
[runlim] result:		2
[runlim] children:		0
[runlim] real:			308.44 seconds
[runlim] time:			300.10 seconds
[runlim] space:			123.5 MB
[runlim] samples:		3078
