[runlim] version:		1.10fixed
[runlim] time limit:		300 seconds
[runlim] real time limit:	311040000 seconds
[runlim] space limit:		4000 MB
[runlim] argv[0]:		./z3
[runlim] argv[1]:		/tmp/VwMjtteG.smt2
[runlim] start:			Tue Jan 29 15:47:42 2019
[runlim] main pid:		19706
[runlim] sample:		8.7 time, 10.6 real, 43.9 MB
[runlim] sample:		18.3 time, 20.6 real, 57.8 MB
[runlim] sample:		27.3 time, 30.6 real, 67.4 MB
[runlim] sample:		34.5 time, 40.6 real, 70.5 MB
[runlim] sample:		43.2 time, 50.6 real, 79.9 MB
[runlim] sample:		50.9 time, 60.6 real, 85.0 MB
[runlim] sample:		60.9 time, 70.6 real, 88.9 MB
[runlim] sample:		70.7 time, 80.6 real, 91.0 MB
[runlim] sample:		80.7 time, 90.6 real, 98.0 MB
[runlim] sample:		89.6 time, 100.6 real, 104.5 MB
[runlim] sample:		97.1 time, 110.6 real, 118.7 MB
[runlim] sample:		106.9 time, 120.6 real, 142.9 MB
[runlim] sample:		116.9 time, 130.6 real, 160.4 MB
[runlim] sample:		126.9 time, 140.6 real, 170.4 MB
[runlim] sample:		136.9 time, 150.6 real, 180.2 MB
[runlim] sample:		146.9 time, 160.6 real, 204.3 MB
[runlim] sample:		156.9 time, 170.6 real, 220.2 MB
[runlim] sample:		166.9 time, 180.6 real, 227.7 MB
[runlim] sample:		176.9 time, 190.6 real, 241.9 MB
[runlim] sample:		186.9 time, 200.6 real, 250.1 MB
[runlim] sample:		196.9 time, 210.6 real, 255.5 MB
[runlim] sample:		206.3 time, 220.6 real, 265.6 MB
[runlim] sample:		215.5 time, 230.6 real, 271.5 MB
[runlim] sample:		225.5 time, 240.6 real, 278.2 MB
[runlim] sample:		235.1 time, 250.6 real, 285.1 MB
[runlim] sample:		244.2 time, 260.6 real, 292.6 MB
[runlim] sample:		254.1 time, 270.6 real, 299.8 MB
[runlim] sample:		264.0 time, 280.6 real, 306.5 MB
[runlim] sample:		274.0 time, 290.6 real, 311.7 MB
[runlim] sample:		284.0 time, 300.6 real, 316.1 MB
[runlim] sample:		293.2 time, 310.6 real, 318.7 MB
[runlim] end:			Tue Jan 29 15:52:59 2019
[runlim] status:		out of time
[runlim] result:		2
[runlim] children:		0
[runlim] real:			317.57 seconds
[runlim] time:			300.06 seconds
[runlim] space:			325.6 MB
[runlim] samples:		3169
