[runlim] version:		1.10fixed
[runlim] time limit:		300 seconds
[runlim] real time limit:	311040000 seconds
[runlim] space limit:		4000 MB
[runlim] argv[0]:		./z3
[runlim] argv[1]:		/tmp/N7Zau9Kh.smt2
[runlim] start:			Mon Jan 28 18:22:56 2019
[runlim] main pid:		18679
[runlim] sample:		8.4 time, 10.1 real, 30.3 MB
[runlim] sample:		16.9 time, 20.1 real, 34.8 MB
[runlim] sample:		26.6 time, 30.1 real, 37.1 MB
[runlim] sample:		36.6 time, 40.1 real, 47.7 MB
[runlim] sample:		46.6 time, 50.1 real, 50.0 MB
[runlim] sample:		56.5 time, 60.1 real, 55.2 MB
[runlim] sample:		65.6 time, 70.1 real, 57.7 MB
[runlim] sample:		74.2 time, 80.1 real, 59.8 MB
[runlim] sample:		83.0 time, 90.1 real, 60.8 MB
[runlim] sample:		91.7 time, 100.1 real, 63.8 MB
[runlim] sample:		100.5 time, 110.1 real, 65.1 MB
[runlim] sample:		110.5 time, 120.1 real, 66.3 MB
[runlim] sample:		120.5 time, 130.1 real, 66.6 MB
[runlim] sample:		130.5 time, 140.1 real, 68.1 MB
[runlim] sample:		140.5 time, 150.1 real, 69.4 MB
[runlim] sample:		150.5 time, 160.1 real, 71.5 MB
[runlim] sample:		160.5 time, 170.1 real, 72.8 MB
[runlim] sample:		170.5 time, 180.1 real, 73.4 MB
[runlim] sample:		180.5 time, 190.1 real, 75.2 MB
[runlim] sample:		190.5 time, 200.1 real, 75.5 MB
[runlim] sample:		200.5 time, 210.1 real, 76.3 MB
[runlim] sample:		210.5 time, 220.1 real, 77.8 MB
[runlim] sample:		220.4 time, 230.1 real, 78.1 MB
[runlim] sample:		229.7 time, 240.1 real, 78.1 MB
[runlim] sample:		239.0 time, 250.1 real, 78.1 MB
[runlim] sample:		248.3 time, 260.1 real, 78.6 MB
[runlim] sample:		257.6 time, 270.1 real, 78.6 MB
[runlim] sample:		266.9 time, 280.1 real, 78.6 MB
[runlim] sample:		276.3 time, 290.1 real, 79.3 MB
[runlim] sample:		285.9 time, 300.1 real, 80.4 MB
[runlim] sample:		295.2 time, 310.1 real, 80.6 MB
[runlim] end:			Mon Jan 28 18:28:11 2019
[runlim] status:		out of time
[runlim] result:		2
[runlim] children:		0
[runlim] real:			315.09 seconds
[runlim] time:			300.04 seconds
[runlim] space:			81.2 MB
[runlim] samples:		3150
