[runlim] version:		1.10fixed
[runlim] time limit:		300 seconds
[runlim] real time limit:	311040000 seconds
[runlim] space limit:		4000 MB
[runlim] argv[0]:		./z3
[runlim] argv[1]:		/tmp/vXZZAsyE.smt2
[runlim] start:			Tue Jan 29 15:47:39 2019
[runlim] main pid:		24092
[runlim] sample:		8.4 time, 10.7 real, 44.1 MB
[runlim] sample:		18.4 time, 20.7 real, 56.2 MB
[runlim] sample:		28.4 time, 30.7 real, 68.4 MB
[runlim] sample:		38.4 time, 40.7 real, 79.1 MB
[runlim] sample:		48.4 time, 50.7 real, 92.3 MB
[runlim] sample:		58.4 time, 60.7 real, 96.7 MB
[runlim] sample:		68.3 time, 70.7 real, 115.9 MB
[runlim] sample:		75.4 time, 80.7 real, 120.3 MB
[runlim] sample:		84.1 time, 90.7 real, 129.1 MB
[runlim] sample:		94.1 time, 100.7 real, 134.7 MB
[runlim] sample:		104.1 time, 110.7 real, 136.0 MB
[runlim] sample:		114.1 time, 120.7 real, 136.3 MB
[runlim] sample:		124.1 time, 130.7 real, 136.3 MB
[runlim] sample:		131.8 time, 140.7 real, 136.3 MB
[runlim] sample:		141.6 time, 150.7 real, 144.8 MB
[runlim] sample:		151.2 time, 160.7 real, 148.7 MB
[runlim] sample:		159.6 time, 170.7 real, 156.2 MB
[runlim] sample:		169.5 time, 180.7 real, 158.8 MB
[runlim] sample:		179.5 time, 190.7 real, 161.1 MB
[runlim] sample:		189.5 time, 200.7 real, 176.1 MB
[runlim] sample:		199.5 time, 210.7 real, 181.3 MB
[runlim] sample:		209.5 time, 220.7 real, 192.1 MB
[runlim] sample:		219.5 time, 230.7 real, 199.6 MB
[runlim] sample:		229.5 time, 240.7 real, 209.9 MB
[runlim] sample:		239.5 time, 250.7 real, 216.4 MB
[runlim] sample:		249.5 time, 260.7 real, 233.1 MB
[runlim] sample:		259.5 time, 270.7 real, 236.4 MB
[runlim] sample:		269.5 time, 280.7 real, 242.1 MB
[runlim] sample:		279.5 time, 290.7 real, 256.3 MB
[runlim] sample:		288.0 time, 300.7 real, 263.2 MB
[runlim] sample:		296.6 time, 310.7 real, 267.3 MB
[runlim] end:			Tue Jan 29 15:52:53 2019
[runlim] status:		out of time
[runlim] result:		2
[runlim] children:		0
[runlim] real:			314.08 seconds
[runlim] time:			300.03 seconds
[runlim] space:			267.9 MB
[runlim] samples:		3134
