[runlim] version:		1.10fixed
[runlim] time limit:		300 seconds
[runlim] real time limit:	311040000 seconds
[runlim] space limit:		4000 MB
[runlim] argv[0]:		./z3
[runlim] argv[1]:		/tmp/zrock180.smt2
[runlim] start:			Tue Jan 29 15:51:49 2019
[runlim] main pid:		20201
[runlim] sample:		8.6 time, 10.1 real, 29.8 MB
[runlim] sample:		18.5 time, 20.1 real, 35.5 MB
[runlim] sample:		28.5 time, 30.1 real, 38.3 MB
[runlim] sample:		38.5 time, 40.1 real, 42.1 MB
[runlim] sample:		47.9 time, 50.1 real, 44.4 MB
[runlim] sample:		57.7 time, 60.1 real, 51.0 MB
[runlim] sample:		67.7 time, 70.1 real, 53.8 MB
[runlim] sample:		77.7 time, 80.1 real, 59.7 MB
[runlim] sample:		87.7 time, 90.1 real, 62.8 MB
[runlim] sample:		97.7 time, 100.1 real, 63.5 MB
[runlim] sample:		107.7 time, 110.1 real, 63.5 MB
[runlim] sample:		117.7 time, 120.1 real, 65.6 MB
[runlim] sample:		127.7 time, 130.1 real, 65.8 MB
[runlim] sample:		137.7 time, 140.1 real, 68.2 MB
[runlim] sample:		147.7 time, 150.1 real, 68.9 MB
[runlim] sample:		157.7 time, 160.1 real, 69.2 MB
[runlim] sample:		167.7 time, 170.1 real, 69.5 MB
[runlim] sample:		177.7 time, 180.1 real, 70.3 MB
[runlim] sample:		187.7 time, 190.1 real, 71.4 MB
[runlim] sample:		197.7 time, 200.1 real, 72.6 MB
[runlim] sample:		207.7 time, 210.1 real, 73.9 MB
[runlim] sample:		217.7 time, 220.1 real, 74.7 MB
[runlim] sample:		227.7 time, 230.1 real, 77.0 MB
[runlim] sample:		237.7 time, 240.1 real, 77.5 MB
[runlim] sample:		247.7 time, 250.1 real, 77.8 MB
[runlim] sample:		257.7 time, 260.1 real, 78.1 MB
[runlim] sample:		267.6 time, 270.1 real, 78.3 MB
[runlim] sample:		277.6 time, 280.1 real, 79.3 MB
[runlim] sample:		287.6 time, 290.1 real, 79.6 MB
[runlim] sample:		297.6 time, 300.1 real, 79.9 MB
[runlim] end:			Tue Jan 29 15:56:51 2019
[runlim] status:		out of time
[runlim] result:		2
[runlim] children:		0
[runlim] real:			302.48 seconds
[runlim] time:			300.04 seconds
[runlim] space:			79.9 MB
[runlim] samples:		3024
