[runlim] version:		1.10fixed
[runlim] time limit:		300 seconds
[runlim] real time limit:	311040000 seconds
[runlim] space limit:		4000 MB
[runlim] argv[0]:		./z3
[runlim] argv[1]:		/tmp/iE0bC2rm.smt2
[runlim] start:			Tue Jan 29 15:49:25 2019
[runlim] main pid:		21634
[runlim] sample:		9.9 time, 10.8 real, 30.5 MB
[runlim] sample:		19.9 time, 20.8 real, 34.5 MB
[runlim] sample:		28.6 time, 30.8 real, 36.8 MB
[runlim] sample:		37.5 time, 40.8 real, 42.9 MB
[runlim] sample:		47.3 time, 50.8 real, 48.8 MB
[runlim] sample:		57.0 time, 60.8 real, 50.9 MB
[runlim] sample:		66.6 time, 70.8 real, 53.9 MB
[runlim] sample:		76.2 time, 80.8 real, 58.4 MB
[runlim] sample:		86.1 time, 90.8 real, 61.5 MB
[runlim] sample:		95.0 time, 100.8 real, 62.6 MB
[runlim] sample:		103.2 time, 110.8 real, 63.9 MB
[runlim] sample:		113.2 time, 120.8 real, 65.4 MB
[runlim] sample:		123.2 time, 130.8 real, 67.7 MB
[runlim] sample:		133.2 time, 140.8 real, 68.8 MB
[runlim] sample:		143.2 time, 150.8 real, 69.3 MB
[runlim] sample:		153.2 time, 160.8 real, 70.3 MB
[runlim] sample:		163.2 time, 170.8 real, 71.2 MB
[runlim] sample:		173.2 time, 180.8 real, 73.5 MB
[runlim] sample:		183.2 time, 190.8 real, 82.0 MB
[runlim] sample:		193.2 time, 200.8 real, 83.8 MB
[runlim] sample:		203.2 time, 210.8 real, 84.4 MB
[runlim] sample:		213.2 time, 220.8 real, 90.4 MB
[runlim] sample:		223.2 time, 230.8 real, 93.0 MB
[runlim] sample:		233.2 time, 240.8 real, 95.3 MB
[runlim] sample:		243.2 time, 250.8 real, 96.6 MB
[runlim] sample:		253.2 time, 260.8 real, 98.7 MB
[runlim] sample:		263.2 time, 270.8 real, 98.9 MB
[runlim] sample:		273.2 time, 280.8 real, 99.9 MB
[runlim] sample:		283.2 time, 290.8 real, 103.6 MB
[runlim] sample:		293.2 time, 300.8 real, 104.1 MB
[runlim] end:			Tue Jan 29 15:54:32 2019
[runlim] status:		out of time
[runlim] result:		2
[runlim] children:		0
[runlim] real:			307.66 seconds
[runlim] time:			300.02 seconds
[runlim] space:			104.8 MB
[runlim] samples:		3068
