[runlim] version:		1.10fixed
[runlim] time limit:		300 seconds
[runlim] real time limit:	311040000 seconds
[runlim] space limit:		4000 MB
[runlim] argv[0]:		./z3
[runlim] argv[1]:		/tmp/jfBdSHSL.smt2
[runlim] start:			Mon Jan 28 18:23:10 2019
[runlim] main pid:		16495
[runlim] sample:		9.8 time, 10.5 real, 33.2 MB
[runlim] sample:		19.8 time, 20.5 real, 39.8 MB
[runlim] sample:		29.8 time, 30.5 real, 42.3 MB
[runlim] sample:		39.8 time, 40.5 real, 46.7 MB
[runlim] sample:		49.8 time, 50.5 real, 51.6 MB
[runlim] sample:		59.8 time, 60.5 real, 53.9 MB
[runlim] sample:		69.5 time, 70.5 real, 64.0 MB
[runlim] sample:		79.5 time, 80.5 real, 70.9 MB
[runlim] sample:		89.3 time, 90.5 real, 73.5 MB
[runlim] sample:		99.3 time, 100.5 real, 74.5 MB
[runlim] sample:		109.3 time, 110.5 real, 76.3 MB
[runlim] sample:		118.0 time, 120.5 real, 77.4 MB
[runlim] sample:		126.6 time, 130.5 real, 77.6 MB
[runlim] sample:		135.2 time, 140.5 real, 78.9 MB
[runlim] sample:		144.8 time, 150.5 real, 79.9 MB
[runlim] sample:		153.8 time, 160.5 real, 82.2 MB
[runlim] sample:		162.7 time, 170.5 real, 84.6 MB
[runlim] sample:		171.4 time, 180.5 real, 85.3 MB
[runlim] sample:		180.9 time, 190.5 real, 90.2 MB
[runlim] sample:		190.7 time, 200.5 real, 95.7 MB
[runlim] sample:		200.7 time, 210.5 real, 97.0 MB
[runlim] sample:		210.7 time, 220.5 real, 100.1 MB
[runlim] sample:		220.7 time, 230.5 real, 106.5 MB
[runlim] sample:		230.7 time, 240.5 real, 109.6 MB
[runlim] sample:		239.8 time, 250.5 real, 111.9 MB
[runlim] sample:		249.0 time, 260.5 real, 111.9 MB
[runlim] sample:		258.1 time, 270.5 real, 113.5 MB
[runlim] sample:		268.1 time, 280.5 real, 115.0 MB
[runlim] sample:		278.1 time, 290.5 real, 115.6 MB
[runlim] sample:		288.1 time, 300.5 real, 116.3 MB
[runlim] sample:		298.1 time, 310.5 real, 117.9 MB
[runlim] end:			Mon Jan 28 18:28:22 2019
[runlim] status:		out of time
[runlim] result:		2
[runlim] children:		0
[runlim] real:			312.55 seconds
[runlim] time:			300.08 seconds
[runlim] space:			118.6 MB
[runlim] samples:		3120
