[runlim] version:		1.10fixed
[runlim] time limit:		300 seconds
[runlim] real time limit:	311040000 seconds
[runlim] space limit:		4000 MB
[runlim] argv[0]:		./z3
[runlim] argv[1]:		/tmp/dn1BKeiR.smt2
[runlim] start:			Tue Jan 29 15:48:47 2019
[runlim] main pid:		17411
[runlim] sample:		8.8 time, 10.4 real, 43.8 MB
[runlim] sample:		18.8 time, 20.4 real, 47.5 MB
[runlim] sample:		28.4 time, 30.4 real, 57.8 MB
[runlim] sample:		37.4 time, 40.4 real, 68.9 MB
[runlim] sample:		45.7 time, 50.4 real, 86.5 MB
[runlim] sample:		54.9 time, 60.4 real, 98.3 MB
[runlim] sample:		64.3 time, 70.4 real, 105.0 MB
[runlim] sample:		71.9 time, 80.4 real, 109.9 MB
[runlim] sample:		80.3 time, 90.4 real, 118.9 MB
[runlim] sample:		89.8 time, 100.4 real, 130.6 MB
[runlim] sample:		99.7 time, 110.4 real, 138.4 MB
[runlim] sample:		109.7 time, 120.4 real, 145.3 MB
[runlim] sample:		119.7 time, 130.4 real, 153.5 MB
[runlim] sample:		129.7 time, 140.4 real, 161.0 MB
[runlim] sample:		139.7 time, 150.4 real, 163.6 MB
[runlim] sample:		149.7 time, 160.4 real, 167.7 MB
[runlim] sample:		159.7 time, 170.4 real, 174.9 MB
[runlim] sample:		169.7 time, 180.4 real, 180.3 MB
[runlim] sample:		179.7 time, 190.4 real, 183.2 MB
[runlim] sample:		189.7 time, 200.4 real, 187.0 MB
[runlim] sample:		199.7 time, 210.4 real, 188.8 MB
[runlim] sample:		209.7 time, 220.4 real, 192.4 MB
[runlim] sample:		219.7 time, 230.4 real, 199.1 MB
[runlim] sample:		229.7 time, 240.4 real, 202.8 MB
[runlim] sample:		239.7 time, 250.4 real, 208.4 MB
[runlim] sample:		249.7 time, 260.4 real, 216.2 MB
[runlim] sample:		259.6 time, 270.4 real, 227.1 MB
[runlim] sample:		269.6 time, 280.4 real, 230.5 MB
[runlim] sample:		279.6 time, 290.4 real, 236.4 MB
[runlim] sample:		289.6 time, 300.4 real, 240.3 MB
[runlim] sample:		299.6 time, 310.4 real, 245.4 MB
[runlim] end:			Tue Jan 29 15:53:57 2019
[runlim] status:		out of time
[runlim] result:		2
[runlim] children:		0
[runlim] real:			310.86 seconds
[runlim] time:			300.04 seconds
[runlim] space:			245.7 MB
[runlim] samples:		3104
