[runlim] version:		1.10fixed
[runlim] time limit:		300 seconds
[runlim] real time limit:	311040000 seconds
[runlim] space limit:		4000 MB
[runlim] argv[0]:		./z3
[runlim] argv[1]:		/tmp/MlYMQ95f.smt2
[runlim] start:			Tue Jan 29 15:50:24 2019
[runlim] main pid:		4225
[runlim] sample:		9.7 time, 10.6 real, 46.1 MB
[runlim] sample:		19.7 time, 20.6 real, 60.1 MB
[runlim] sample:		29.4 time, 30.6 real, 72.9 MB
[runlim] sample:		39.3 time, 40.6 real, 80.2 MB
[runlim] sample:		49.2 time, 50.6 real, 88.4 MB
[runlim] sample:		58.5 time, 60.6 real, 95.6 MB
[runlim] sample:		68.4 time, 70.6 real, 99.5 MB
[runlim] sample:		78.2 time, 80.6 real, 110.8 MB
[runlim] sample:		87.5 time, 90.6 real, 137.0 MB
[runlim] sample:		96.9 time, 100.6 real, 149.4 MB
[runlim] sample:		106.3 time, 110.6 real, 162.0 MB
[runlim] sample:		114.9 time, 120.6 real, 181.7 MB
[runlim] sample:		124.9 time, 130.6 real, 200.6 MB
[runlim] sample:		134.9 time, 140.6 real, 209.6 MB
[runlim] sample:		143.6 time, 150.6 real, 224.8 MB
[runlim] sample:		152.9 time, 160.6 real, 233.6 MB
[runlim] sample:		162.3 time, 170.6 real, 241.3 MB
[runlim] sample:		171.5 time, 180.6 real, 247.5 MB
[runlim] sample:		181.4 time, 190.6 real, 264.8 MB
[runlim] sample:		190.5 time, 200.6 real, 271.2 MB
[runlim] sample:		199.5 time, 210.6 real, 272.5 MB
[runlim] sample:		209.2 time, 220.6 real, 281.5 MB
[runlim] sample:		218.1 time, 230.6 real, 285.2 MB
[runlim] sample:		227.3 time, 240.6 real, 290.6 MB
[runlim] sample:		237.3 time, 250.6 real, 301.7 MB
[runlim] sample:		247.3 time, 260.6 real, 306.6 MB
[runlim] sample:		257.2 time, 270.6 real, 311.8 MB
[runlim] sample:		267.2 time, 280.6 real, 316.4 MB
[runlim] sample:		277.2 time, 290.6 real, 323.4 MB
[runlim] sample:		287.2 time, 300.6 real, 330.8 MB
[runlim] sample:		297.2 time, 310.6 real, 336.7 MB
[runlim] end:			Tue Jan 29 15:55:37 2019
[runlim] status:		out of time
[runlim] result:		2
[runlim] children:		0
[runlim] real:			313.43 seconds
[runlim] time:			300.04 seconds
[runlim] space:			338.0 MB
[runlim] samples:		3128
