[runlim] version:		1.10fixed
[runlim] time limit:		300 seconds
[runlim] real time limit:	311040000 seconds
[runlim] space limit:		4000 MB
[runlim] argv[0]:		./z3
[runlim] argv[1]:		/tmp/7Oog7BSE.smt2
[runlim] start:			Tue Jan 29 15:49:01 2019
[runlim] main pid:		7226
[runlim] sample:		9.6 time, 10.9 real, 31.4 MB
[runlim] sample:		18.9 time, 20.9 real, 35.4 MB
[runlim] sample:		28.1 time, 30.9 real, 38.0 MB
[runlim] sample:		38.0 time, 40.9 real, 40.1 MB
[runlim] sample:		47.1 time, 50.9 real, 42.9 MB
[runlim] sample:		57.0 time, 60.9 real, 45.5 MB
[runlim] sample:		66.1 time, 70.9 real, 53.0 MB
[runlim] sample:		75.2 time, 80.9 real, 59.7 MB
[runlim] sample:		85.2 time, 90.9 real, 61.3 MB
[runlim] sample:		95.2 time, 100.9 real, 64.4 MB
[runlim] sample:		105.2 time, 110.9 real, 64.9 MB
[runlim] sample:		115.1 time, 120.9 real, 66.5 MB
[runlim] sample:		123.4 time, 130.9 real, 66.7 MB
[runlim] sample:		133.1 time, 140.9 real, 67.2 MB
[runlim] sample:		142.8 time, 150.9 real, 68.5 MB
[runlim] sample:		152.4 time, 160.9 real, 69.6 MB
[runlim] sample:		162.1 time, 170.9 real, 71.1 MB
[runlim] sample:		170.6 time, 180.9 real, 71.9 MB
[runlim] sample:		180.6 time, 190.9 real, 73.7 MB
[runlim] sample:		190.6 time, 200.9 real, 74.2 MB
[runlim] sample:		200.5 time, 210.9 real, 74.5 MB
[runlim] sample:		210.0 time, 220.9 real, 75.6 MB
[runlim] sample:		217.7 time, 230.9 real, 75.6 MB
[runlim] sample:		227.7 time, 240.9 real, 75.8 MB
[runlim] sample:		237.7 time, 250.9 real, 76.1 MB
[runlim] sample:		247.7 time, 260.9 real, 76.6 MB
[runlim] sample:		257.6 time, 270.9 real, 77.6 MB
[runlim] sample:		267.4 time, 280.9 real, 79.7 MB
[runlim] sample:		277.3 time, 290.9 real, 79.9 MB
[runlim] sample:		286.6 time, 300.9 real, 80.2 MB
[runlim] sample:		294.3 time, 310.9 real, 81.5 MB
[runlim] end:			Tue Jan 29 15:54:17 2019
[runlim] status:		out of time
[runlim] result:		2
[runlim] children:		0
[runlim] real:			316.75 seconds
[runlim] time:			300.08 seconds
[runlim] space:			82.5 MB
[runlim] samples:		3158
