[runlim] version:		1.10fixed
[runlim] time limit:		300 seconds
[runlim] real time limit:	311040000 seconds
[runlim] space limit:		4000 MB
[runlim] argv[0]:		./z3
[runlim] argv[1]:		/tmp/lnYT4uZy.smt2
[runlim] start:			Tue Jan 29 15:46:14 2019
[runlim] main pid:		8247
[runlim] sample:		8.9 time, 10.8 real, 47.5 MB
[runlim] sample:		18.9 time, 20.8 real, 63.8 MB
[runlim] sample:		28.9 time, 30.8 real, 86.3 MB
[runlim] sample:		37.9 time, 40.8 real, 103.6 MB
[runlim] sample:		47.2 time, 50.8 real, 114.9 MB
[runlim] sample:		56.5 time, 60.8 real, 122.1 MB
[runlim] sample:		66.3 time, 70.8 real, 131.6 MB
[runlim] sample:		76.3 time, 80.8 real, 146.9 MB
[runlim] sample:		86.3 time, 90.8 real, 156.2 MB
[runlim] sample:		96.3 time, 100.8 real, 159.3 MB
[runlim] sample:		106.3 time, 110.8 real, 166.3 MB
[runlim] sample:		116.3 time, 120.8 real, 169.6 MB
[runlim] sample:		126.3 time, 130.8 real, 176.1 MB
[runlim] sample:		136.3 time, 140.8 real, 183.8 MB
[runlim] sample:		146.3 time, 150.8 real, 188.7 MB
[runlim] sample:		156.2 time, 160.8 real, 198.3 MB
[runlim] sample:		166.2 time, 170.8 real, 204.7 MB
[runlim] sample:		176.2 time, 180.8 real, 208.3 MB
[runlim] sample:		184.8 time, 190.8 real, 213.0 MB
[runlim] sample:		193.1 time, 200.8 real, 217.9 MB
[runlim] sample:		202.3 time, 210.8 real, 217.9 MB
[runlim] sample:		212.1 time, 220.8 real, 219.7 MB
[runlim] sample:		221.5 time, 230.8 real, 227.4 MB
[runlim] sample:		231.0 time, 240.8 real, 227.4 MB
[runlim] sample:		241.0 time, 250.8 real, 230.1 MB
[runlim] sample:		251.0 time, 260.8 real, 231.6 MB
[runlim] sample:		260.3 time, 270.8 real, 233.2 MB
[runlim] sample:		268.1 time, 280.8 real, 233.2 MB
[runlim] sample:		277.8 time, 290.8 real, 234.2 MB
[runlim] sample:		287.0 time, 300.8 real, 247.3 MB
[runlim] sample:		296.3 time, 310.8 real, 263.6 MB
[runlim] end:			Tue Jan 29 15:51:29 2019
[runlim] status:		out of time
[runlim] result:		2
[runlim] children:		0
[runlim] real:			315.71 seconds
[runlim] time:			300.07 seconds
[runlim] space:			268.0 MB
[runlim] samples:		3149
