[runlim] version:		1.10fixed
[runlim] time limit:		300 seconds
[runlim] real time limit:	311040000 seconds
[runlim] space limit:		4000 MB
[runlim] argv[0]:		./z3
[runlim] argv[1]:		/tmp/58MsLeii.smt2
[runlim] start:			Tue Jan 29 15:52:38 2019
[runlim] main pid:		31307
[runlim] sample:		9.9 time, 10.9 real, 47.6 MB
[runlim] sample:		19.9 time, 20.9 real, 56.0 MB
[runlim] sample:		29.5 time, 30.9 real, 62.7 MB
[runlim] sample:		38.4 time, 40.9 real, 67.8 MB
[runlim] sample:		47.3 time, 50.9 real, 71.9 MB
[runlim] sample:		56.8 time, 60.9 real, 76.3 MB
[runlim] sample:		65.8 time, 70.9 real, 79.4 MB
[runlim] sample:		74.6 time, 80.9 real, 81.7 MB
[runlim] sample:		84.4 time, 90.9 real, 86.5 MB
[runlim] sample:		94.2 time, 100.9 real, 89.9 MB
[runlim] sample:		102.9 time, 110.9 real, 93.4 MB
[runlim] sample:		111.8 time, 120.9 real, 95.2 MB
[runlim] sample:		120.5 time, 130.9 real, 97.8 MB
[runlim] sample:		128.7 time, 140.9 real, 99.6 MB
[runlim] sample:		137.4 time, 150.9 real, 101.6 MB
[runlim] sample:		147.4 time, 160.9 real, 105.3 MB
[runlim] sample:		157.4 time, 170.9 real, 106.3 MB
[runlim] sample:		167.4 time, 180.9 real, 108.1 MB
[runlim] sample:		177.4 time, 190.9 real, 110.9 MB
[runlim] sample:		187.4 time, 200.9 real, 112.5 MB
[runlim] sample:		197.4 time, 210.9 real, 114.0 MB
[runlim] sample:		207.4 time, 220.9 real, 116.3 MB
[runlim] sample:		217.4 time, 230.9 real, 118.4 MB
[runlim] sample:		227.4 time, 240.9 real, 120.2 MB
[runlim] sample:		237.4 time, 250.9 real, 122.9 MB
[runlim] sample:		247.4 time, 260.9 real, 124.2 MB
[runlim] sample:		257.4 time, 270.9 real, 126.3 MB
[runlim] sample:		267.4 time, 280.9 real, 131.1 MB
[runlim] sample:		276.8 time, 290.9 real, 133.1 MB
[runlim] sample:		286.7 time, 300.9 real, 134.7 MB
[runlim] sample:		296.2 time, 310.9 real, 136.0 MB
[runlim] end:			Tue Jan 29 15:57:52 2019
[runlim] status:		out of time
[runlim] result:		2
[runlim] children:		0
[runlim] real:			314.80 seconds
[runlim] time:			300.07 seconds
[runlim] space:			136.5 MB
[runlim] samples:		3139
