[runlim] version:		1.10fixed
[runlim] time limit:		300 seconds
[runlim] real time limit:	311040000 seconds
[runlim] space limit:		4000 MB
[runlim] argv[0]:		./z3
[runlim] argv[1]:		/tmp/hX8090rp.smt2
[runlim] start:			Tue Jan 29 15:49:11 2019
[runlim] main pid:		1342
[runlim] sample:		9.1 time, 10.7 real, 40.5 MB
[runlim] sample:		17.4 time, 20.7 real, 54.2 MB
[runlim] sample:		27.1 time, 30.7 real, 71.2 MB
[runlim] sample:		36.3 time, 40.7 real, 82.1 MB
[runlim] sample:		43.9 time, 50.7 real, 87.8 MB
[runlim] sample:		52.3 time, 60.7 real, 100.2 MB
[runlim] sample:		62.3 time, 70.7 real, 105.9 MB
[runlim] sample:		71.8 time, 80.7 real, 112.1 MB
[runlim] sample:		81.2 time, 90.7 real, 125.4 MB
[runlim] sample:		91.2 time, 100.7 real, 131.1 MB
[runlim] sample:		101.2 time, 110.7 real, 137.6 MB
[runlim] sample:		111.2 time, 120.7 real, 149.6 MB
[runlim] sample:		121.2 time, 130.7 real, 156.5 MB
[runlim] sample:		129.6 time, 140.7 real, 160.6 MB
[runlim] sample:		138.7 time, 150.7 real, 164.3 MB
[runlim] sample:		148.7 time, 160.7 real, 170.2 MB
[runlim] sample:		158.7 time, 170.7 real, 185.2 MB
[runlim] sample:		168.7 time, 180.7 real, 199.6 MB
[runlim] sample:		178.7 time, 190.7 real, 204.3 MB
[runlim] sample:		188.7 time, 200.7 real, 207.6 MB
[runlim] sample:		198.3 time, 210.7 real, 213.3 MB
[runlim] sample:		207.6 time, 220.7 real, 216.6 MB
[runlim] sample:		216.9 time, 230.7 real, 221.0 MB
[runlim] sample:		226.5 time, 240.7 real, 230.0 MB
[runlim] sample:		236.5 time, 250.7 real, 239.6 MB
[runlim] sample:		246.5 time, 260.7 real, 244.4 MB
[runlim] sample:		256.5 time, 270.7 real, 251.1 MB
[runlim] sample:		266.5 time, 280.7 real, 254.7 MB
[runlim] sample:		276.5 time, 290.7 real, 261.4 MB
[runlim] sample:		286.4 time, 300.7 real, 266.9 MB
[runlim] sample:		296.5 time, 310.7 real, 273.6 MB
[runlim] end:			Tue Jan 29 15:54:25 2019
[runlim] status:		out of time
[runlim] result:		2
[runlim] children:		0
[runlim] real:			314.38 seconds
[runlim] time:			300.05 seconds
[runlim] space:			276.1 MB
[runlim] samples:		3136
