[runlim] version:		1.10fixed
[runlim] time limit:		300 seconds
[runlim] real time limit:	311040000 seconds
[runlim] space limit:		4000 MB
[runlim] argv[0]:		./z3
[runlim] argv[1]:		/tmp/hVV64qNE.smt2
[runlim] start:			Tue Jan 29 15:49:58 2019
[runlim] main pid:		10182
[runlim] sample:		8.0 time, 10.7 real, 45.6 MB
[runlim] sample:		18.0 time, 20.7 real, 62.6 MB
[runlim] sample:		27.7 time, 30.7 real, 79.7 MB
[runlim] sample:		37.7 time, 40.7 real, 108.5 MB
[runlim] sample:		47.2 time, 50.7 real, 118.5 MB
[runlim] sample:		56.3 time, 60.7 real, 138.1 MB
[runlim] sample:		64.2 time, 70.7 real, 144.8 MB
[runlim] sample:		73.8 time, 80.7 real, 149.4 MB
[runlim] sample:		83.2 time, 90.7 real, 151.8 MB
[runlim] sample:		92.9 time, 100.7 real, 164.4 MB
[runlim] sample:		102.5 time, 110.7 real, 174.2 MB
[runlim] sample:		112.2 time, 120.7 real, 182.2 MB
[runlim] sample:		122.0 time, 130.7 real, 206.3 MB
[runlim] sample:		132.0 time, 140.7 real, 217.1 MB
[runlim] sample:		142.0 time, 150.7 real, 221.8 MB
[runlim] sample:		152.0 time, 160.7 real, 229.7 MB
[runlim] sample:		162.0 time, 170.7 real, 244.9 MB
[runlim] sample:		172.0 time, 180.7 real, 257.8 MB
[runlim] sample:		182.0 time, 190.7 real, 266.1 MB
[runlim] sample:		192.0 time, 200.7 real, 270.7 MB
[runlim] sample:		202.0 time, 210.7 real, 274.8 MB
[runlim] sample:		212.0 time, 220.7 real, 281.3 MB
[runlim] sample:		222.0 time, 230.7 real, 289.3 MB
[runlim] sample:		232.0 time, 240.7 real, 296.7 MB
[runlim] sample:		242.0 time, 250.7 real, 300.9 MB
[runlim] sample:		252.0 time, 260.7 real, 312.2 MB
[runlim] sample:		262.0 time, 270.7 real, 316.3 MB
[runlim] sample:		272.0 time, 280.7 real, 321.2 MB
[runlim] sample:		282.0 time, 290.7 real, 326.1 MB
[runlim] sample:		292.0 time, 300.7 real, 330.5 MB
[runlim] end:			Tue Jan 29 15:55:06 2019
[runlim] status:		out of time
[runlim] result:		2
[runlim] children:		0
[runlim] real:			308.76 seconds
[runlim] time:			300.01 seconds
[runlim] space:			335.9 MB
[runlim] samples:		3080
