[runlim] version:		1.10fixed
[runlim] time limit:		300 seconds
[runlim] real time limit:	311040000 seconds
[runlim] space limit:		4000 MB
[runlim] argv[0]:		./z3
[runlim] argv[1]:		/tmp/DyOWeqgS.smt2
[runlim] start:			Tue Jan 29 15:47:39 2019
[runlim] main pid:		17413
[runlim] sample:		8.6 time, 10.7 real, 43.6 MB
[runlim] sample:		18.1 time, 20.7 real, 60.5 MB
[runlim] sample:		28.0 time, 30.7 real, 87.1 MB
[runlim] sample:		37.8 time, 40.7 real, 100.7 MB
[runlim] sample:		47.0 time, 50.7 real, 116.3 MB
[runlim] sample:		56.3 time, 60.7 real, 125.4 MB
[runlim] sample:		65.5 time, 70.7 real, 131.6 MB
[runlim] sample:		74.9 time, 80.7 real, 142.1 MB
[runlim] sample:		84.7 time, 90.7 real, 147.8 MB
[runlim] sample:		94.4 time, 100.7 real, 150.6 MB
[runlim] sample:		104.4 time, 110.7 real, 154.5 MB
[runlim] sample:		114.4 time, 120.7 real, 160.9 MB
[runlim] sample:		124.3 time, 130.7 real, 167.7 MB
[runlim] sample:		134.3 time, 140.7 real, 171.1 MB
[runlim] sample:		144.3 time, 150.7 real, 178.1 MB
[runlim] sample:		154.3 time, 160.7 real, 188.2 MB
[runlim] sample:		164.3 time, 170.7 real, 193.3 MB
[runlim] sample:		174.3 time, 180.7 real, 195.1 MB
[runlim] sample:		184.3 time, 190.7 real, 204.9 MB
[runlim] sample:		194.3 time, 200.7 real, 206.0 MB
[runlim] sample:		204.3 time, 210.7 real, 209.3 MB
[runlim] sample:		214.3 time, 220.7 real, 211.9 MB
[runlim] sample:		224.3 time, 230.7 real, 214.7 MB
[runlim] sample:		234.3 time, 240.7 real, 217.8 MB
[runlim] sample:		244.3 time, 250.7 real, 225.0 MB
[runlim] sample:		254.3 time, 260.7 real, 227.6 MB
[runlim] sample:		264.3 time, 270.7 real, 228.6 MB
[runlim] sample:		274.3 time, 280.7 real, 233.5 MB
[runlim] sample:		284.3 time, 290.7 real, 237.4 MB
[runlim] sample:		294.3 time, 300.7 real, 241.0 MB
[runlim] end:			Tue Jan 29 15:52:45 2019
[runlim] status:		out of time
[runlim] result:		2
[runlim] children:		0
[runlim] real:			306.54 seconds
[runlim] time:			300.07 seconds
[runlim] space:			241.0 MB
[runlim] samples:		3058
