[runlim] version:		1.10fixed
[runlim] time limit:		300 seconds
[runlim] real time limit:	311040000 seconds
[runlim] space limit:		4000 MB
[runlim] argv[0]:		./z3
[runlim] argv[1]:		/tmp/pQgowcqg.smt2
[runlim] start:			Tue Jan 29 15:46:10 2019
[runlim] main pid:		6773
[runlim] sample:		8.7 time, 10.0 real, 49.2 MB
[runlim] sample:		18.7 time, 20.0 real, 61.6 MB
[runlim] sample:		28.7 time, 30.0 real, 72.2 MB
[runlim] sample:		38.5 time, 40.0 real, 83.1 MB
[runlim] sample:		48.5 time, 50.0 real, 93.5 MB
[runlim] sample:		58.4 time, 60.0 real, 113.7 MB
[runlim] sample:		68.4 time, 70.0 real, 121.2 MB
[runlim] sample:		78.4 time, 80.0 real, 138.2 MB
[runlim] sample:		88.4 time, 90.0 real, 148.8 MB
[runlim] sample:		98.4 time, 100.0 real, 157.0 MB
[runlim] sample:		108.4 time, 110.0 real, 174.0 MB
[runlim] sample:		118.4 time, 120.0 real, 182.2 MB
[runlim] sample:		128.4 time, 130.0 real, 185.8 MB
[runlim] sample:		138.4 time, 140.0 real, 194.4 MB
[runlim] sample:		148.4 time, 150.0 real, 204.5 MB
[runlim] sample:		158.4 time, 160.0 real, 212.7 MB
[runlim] sample:		168.4 time, 170.0 real, 216.3 MB
[runlim] sample:		178.4 time, 180.0 real, 236.8 MB
[runlim] sample:		188.4 time, 190.0 real, 244.8 MB
[runlim] sample:		198.3 time, 200.0 real, 251.5 MB
[runlim] sample:		207.5 time, 210.0 real, 256.9 MB
[runlim] sample:		216.5 time, 220.0 real, 262.3 MB
[runlim] sample:		225.8 time, 230.0 real, 265.9 MB
[runlim] sample:		235.5 time, 240.0 real, 270.6 MB
[runlim] sample:		245.5 time, 250.0 real, 273.2 MB
[runlim] sample:		255.5 time, 260.0 real, 276.5 MB
[runlim] sample:		265.5 time, 270.0 real, 288.9 MB
[runlim] sample:		275.5 time, 280.0 real, 293.8 MB
[runlim] sample:		285.5 time, 290.0 real, 307.9 MB
[runlim] sample:		295.5 time, 300.0 real, 312.8 MB
[runlim] end:			Tue Jan 29 15:51:14 2019
[runlim] status:		out of time
[runlim] result:		2
[runlim] children:		0
[runlim] real:			304.64 seconds
[runlim] time:			300.08 seconds
[runlim] space:			315.2 MB
[runlim] samples:		3046
