[runlim] version:		1.10fixed
[runlim] time limit:		300 seconds
[runlim] real time limit:	311040000 seconds
[runlim] space limit:		4000 MB
[runlim] argv[0]:		./z3
[runlim] argv[1]:		/tmp/MKRxuc0e.smt2
[runlim] start:			Tue Jan 29 15:47:40 2019
[runlim] main pid:		7014
[runlim] sample:		8.6 time, 10.9 real, 38.1 MB
[runlim] sample:		17.2 time, 20.9 real, 52.1 MB
[runlim] sample:		26.9 time, 30.9 real, 67.5 MB
[runlim] sample:		36.9 time, 40.9 real, 80.7 MB
[runlim] sample:		46.8 time, 50.9 real, 90.9 MB
[runlim] sample:		56.8 time, 60.9 real, 95.5 MB
[runlim] sample:		66.8 time, 70.9 real, 105.1 MB
[runlim] sample:		76.8 time, 80.9 real, 111.3 MB
[runlim] sample:		86.8 time, 90.9 real, 117.4 MB
[runlim] sample:		96.8 time, 100.9 real, 126.2 MB
[runlim] sample:		106.8 time, 110.9 real, 131.9 MB
[runlim] sample:		116.8 time, 120.9 real, 136.5 MB
[runlim] sample:		126.8 time, 130.9 real, 140.4 MB
[runlim] sample:		136.8 time, 140.9 real, 145.5 MB
[runlim] sample:		146.8 time, 150.9 real, 162.3 MB
[runlim] sample:		156.8 time, 160.9 real, 165.7 MB
[runlim] sample:		166.8 time, 170.9 real, 167.0 MB
[runlim] sample:		176.8 time, 180.9 real, 171.6 MB
[runlim] sample:		186.8 time, 190.9 real, 176.3 MB
[runlim] sample:		195.6 time, 200.9 real, 186.3 MB
[runlim] sample:		205.0 time, 210.9 real, 189.1 MB
[runlim] sample:		213.2 time, 220.9 real, 191.4 MB
[runlim] sample:		222.0 time, 230.9 real, 194.8 MB
[runlim] sample:		231.4 time, 240.9 real, 196.1 MB
[runlim] sample:		240.8 time, 250.9 real, 199.7 MB
[runlim] sample:		249.6 time, 260.9 real, 202.3 MB
[runlim] sample:		259.6 time, 270.9 real, 204.1 MB
[runlim] sample:		269.6 time, 280.9 real, 209.2 MB
[runlim] sample:		279.6 time, 290.9 real, 216.4 MB
[runlim] sample:		289.6 time, 300.9 real, 229.8 MB
[runlim] sample:		299.6 time, 310.9 real, 235.4 MB
[runlim] end:			Tue Jan 29 15:52:51 2019
[runlim] status:		out of time
[runlim] result:		2
[runlim] children:		0
[runlim] real:			311.42 seconds
[runlim] time:			300.09 seconds
[runlim] space:			235.4 MB
[runlim] samples:		3105
