[runlim] version:		1.10fixed
[runlim] time limit:		300 seconds
[runlim] real time limit:	311040000 seconds
[runlim] space limit:		4000 MB
[runlim] argv[0]:		./z3
[runlim] argv[1]:		/tmp/HNXxLAQV.smt2
[runlim] start:			Tue Jan 29 15:49:20 2019
[runlim] main pid:		27300
[runlim] sample:		8.6 time, 10.8 real, 49.1 MB
[runlim] sample:		17.5 time, 20.8 real, 57.7 MB
[runlim] sample:		27.5 time, 30.8 real, 77.0 MB
[runlim] sample:		37.5 time, 40.8 real, 81.4 MB
[runlim] sample:		46.6 time, 50.8 real, 84.0 MB
[runlim] sample:		55.4 time, 60.8 real, 89.7 MB
[runlim] sample:		64.2 time, 70.8 real, 96.3 MB
[runlim] sample:		72.8 time, 80.8 real, 103.3 MB
[runlim] sample:		81.7 time, 90.8 real, 111.0 MB
[runlim] sample:		90.7 time, 100.8 real, 127.8 MB
[runlim] sample:		99.7 time, 110.8 real, 142.2 MB
[runlim] sample:		109.0 time, 120.8 real, 167.2 MB
[runlim] sample:		119.0 time, 130.8 real, 184.1 MB
[runlim] sample:		129.0 time, 140.8 real, 199.3 MB
[runlim] sample:		138.4 time, 150.8 real, 215.5 MB
[runlim] sample:		147.7 time, 160.8 real, 222.2 MB
[runlim] sample:		156.4 time, 170.8 real, 236.4 MB
[runlim] sample:		165.1 time, 180.8 real, 245.4 MB
[runlim] sample:		173.6 time, 190.8 real, 250.6 MB
[runlim] sample:		182.3 time, 200.8 real, 255.5 MB
[runlim] sample:		191.2 time, 210.8 real, 261.7 MB
[runlim] sample:		200.3 time, 220.8 real, 271.5 MB
[runlim] sample:		210.3 time, 230.8 real, 279.0 MB
[runlim] sample:		220.3 time, 240.8 real, 288.5 MB
[runlim] sample:		229.6 time, 250.8 real, 294.9 MB
[runlim] sample:		239.6 time, 260.8 real, 314.5 MB
[runlim] sample:		249.6 time, 270.8 real, 319.7 MB
[runlim] sample:		259.6 time, 280.8 real, 326.6 MB
[runlim] sample:		269.6 time, 290.8 real, 336.2 MB
[runlim] sample:		279.6 time, 300.8 real, 341.3 MB
[runlim] sample:		289.3 time, 310.8 real, 349.0 MB
[runlim] sample:		297.2 time, 320.8 real, 363.0 MB
[runlim] end:			Tue Jan 29 15:54:44 2019
[runlim] status:		out of time
[runlim] result:		2
[runlim] children:		0
[runlim] real:			324.45 seconds
[runlim] time:			300.07 seconds
[runlim] space:			365.3 MB
[runlim] samples:		3236
