[runlim] version:		1.10fixed
[runlim] time limit:		300 seconds
[runlim] real time limit:	311040000 seconds
[runlim] space limit:		4000 MB
[runlim] argv[0]:		./z3
[runlim] argv[1]:		/tmp/ZVqlotkq.smt2
[runlim] start:			Tue Jan 29 15:49:19 2019
[runlim] main pid:		21118
[runlim] sample:		9.7 time, 10.3 real, 33.6 MB
[runlim] sample:		19.7 time, 20.3 real, 40.7 MB
[runlim] sample:		29.7 time, 30.3 real, 44.1 MB
[runlim] sample:		39.7 time, 40.3 real, 48.8 MB
[runlim] sample:		49.0 time, 50.3 real, 52.7 MB
[runlim] sample:		59.0 time, 60.3 real, 54.8 MB
[runlim] sample:		68.0 time, 70.3 real, 57.3 MB
[runlim] sample:		77.5 time, 80.3 real, 60.0 MB
[runlim] sample:		87.0 time, 90.3 real, 68.3 MB
[runlim] sample:		97.0 time, 100.3 real, 72.4 MB
[runlim] sample:		107.0 time, 110.3 real, 76.6 MB
[runlim] sample:		117.0 time, 120.3 real, 78.1 MB
[runlim] sample:		127.0 time, 130.3 real, 81.7 MB
[runlim] sample:		137.0 time, 140.3 real, 82.2 MB
[runlim] sample:		147.0 time, 150.3 real, 84.8 MB
[runlim] sample:		157.0 time, 160.3 real, 88.7 MB
[runlim] sample:		166.3 time, 170.3 real, 95.8 MB
[runlim] sample:		173.9 time, 180.3 real, 104.1 MB
[runlim] sample:		181.7 time, 190.3 real, 104.6 MB
[runlim] sample:		191.7 time, 200.3 real, 105.6 MB
[runlim] sample:		201.7 time, 210.3 real, 106.4 MB
[runlim] sample:		211.7 time, 220.3 real, 107.4 MB
[runlim] sample:		221.6 time, 230.3 real, 108.2 MB
[runlim] sample:		231.0 time, 240.3 real, 108.2 MB
[runlim] sample:		241.0 time, 250.3 real, 109.8 MB
[runlim] sample:		251.0 time, 260.3 real, 111.8 MB
[runlim] sample:		261.0 time, 270.3 real, 112.9 MB
[runlim] sample:		270.8 time, 280.3 real, 118.8 MB
[runlim] sample:		279.8 time, 290.3 real, 119.8 MB
[runlim] sample:		289.3 time, 300.3 real, 121.1 MB
[runlim] sample:		299.3 time, 310.3 real, 122.1 MB
[runlim] end:			Tue Jan 29 15:54:30 2019
[runlim] status:		out of time
[runlim] result:		2
[runlim] children:		0
[runlim] real:			311.15 seconds
[runlim] time:			300.09 seconds
[runlim] space:			122.1 MB
[runlim] samples:		3108
