[runlim] version:		1.10fixed
[runlim] time limit:		300 seconds
[runlim] real time limit:	311040000 seconds
[runlim] space limit:		4000 MB
[runlim] argv[0]:		./cvc4
[runlim] argv[1]:		--cbqi-all
[runlim] argv[2]:		/tmp/stMbahNU.smt2
[runlim] start:			Tue Jan 29 14:46:45 2019
[runlim] main pid:		22732
[runlim] sample:		8.0 time, 10.1 real, 50.1 MB
[runlim] sample:		17.4 time, 20.1 real, 62.8 MB
[runlim] sample:		27.4 time, 30.1 real, 72.5 MB
[runlim] sample:		37.4 time, 40.1 real, 80.2 MB
[runlim] sample:		47.4 time, 50.1 real, 86.6 MB
[runlim] sample:		57.4 time, 60.1 real, 92.0 MB
[runlim] sample:		67.3 time, 70.1 real, 98.6 MB
[runlim] sample:		76.9 time, 80.1 real, 103.7 MB
[runlim] sample:		86.8 time, 90.1 real, 109.8 MB
[runlim] sample:		96.1 time, 100.1 real, 113.2 MB
[runlim] sample:		106.1 time, 110.1 real, 117.0 MB
[runlim] sample:		116.1 time, 120.1 real, 119.9 MB
[runlim] sample:		125.4 time, 130.1 real, 122.9 MB
[runlim] sample:		134.4 time, 140.1 real, 125.5 MB
[runlim] sample:		143.2 time, 150.1 real, 128.1 MB
[runlim] sample:		153.0 time, 160.1 real, 130.9 MB
[runlim] sample:		162.7 time, 170.1 real, 133.5 MB
[runlim] sample:		172.6 time, 180.1 real, 135.8 MB
[runlim] sample:		181.3 time, 190.1 real, 138.9 MB
[runlim] sample:		189.2 time, 200.1 real, 140.7 MB
[runlim] sample:		197.2 time, 210.1 real, 142.5 MB
[runlim] sample:		206.8 time, 220.1 real, 145.1 MB
[runlim] sample:		216.5 time, 230.1 real, 147.4 MB
[runlim] sample:		226.3 time, 240.1 real, 149.5 MB
[runlim] sample:		236.3 time, 250.1 real, 151.3 MB
[runlim] sample:		246.3 time, 260.1 real, 153.6 MB
[runlim] sample:		256.3 time, 270.1 real, 158.2 MB
[runlim] sample:		266.3 time, 280.1 real, 159.3 MB
[runlim] sample:		276.3 time, 290.1 real, 161.1 MB
[runlim] sample:		286.3 time, 300.1 real, 163.1 MB
[runlim] sample:		296.0 time, 310.1 real, 164.7 MB
CVC4 interrupted by SIGTERM.
[runlim] end:			Tue Jan 29 14:51:59 2019
[runlim] status:		out of time
[runlim] result:		2
[runlim] children:		0
[runlim] real:			314.24 seconds
[runlim] time:			300.09 seconds
[runlim] space:			165.7 MB
[runlim] samples:		3141
