[runlim] version:		1.10fixed
[runlim] time limit:		300 seconds
[runlim] real time limit:	311040000 seconds
[runlim] space limit:		4000 MB
[runlim] argv[0]:		./cvc4
[runlim] argv[1]:		--cbqi-all
[runlim] argv[2]:		/tmp/plpRvh1J.smt2
[runlim] start:			Tue Jan 29 14:46:32 2019
[runlim] main pid:		5048
[runlim] sample:		8.4 time, 10.5 real, 53.1 MB
[runlim] sample:		18.4 time, 20.5 real, 69.9 MB
[runlim] sample:		28.4 time, 30.5 real, 80.2 MB
[runlim] sample:		38.4 time, 40.5 real, 91.1 MB
[runlim] sample:		48.2 time, 50.5 real, 100.7 MB
[runlim] sample:		57.2 time, 60.5 real, 106.8 MB
[runlim] sample:		66.2 time, 70.5 real, 113.3 MB
[runlim] sample:		75.8 time, 80.5 real, 118.7 MB
[runlim] sample:		84.3 time, 90.5 real, 123.1 MB
[runlim] sample:		93.2 time, 100.5 real, 127.7 MB
[runlim] sample:		103.2 time, 110.5 real, 132.1 MB
[runlim] sample:		113.2 time, 120.5 real, 136.5 MB
[runlim] sample:		123.2 time, 130.5 real, 140.6 MB
[runlim] sample:		133.2 time, 140.5 real, 146.5 MB
[runlim] sample:		143.2 time, 150.5 real, 149.9 MB
[runlim] sample:		153.2 time, 160.5 real, 157.8 MB
[runlim] sample:		163.2 time, 170.5 real, 161.9 MB
[runlim] sample:		173.2 time, 180.5 real, 166.1 MB
[runlim] sample:		183.2 time, 190.5 real, 169.9 MB
[runlim] sample:		193.2 time, 200.5 real, 173.0 MB
[runlim] sample:		203.2 time, 210.5 real, 175.9 MB
[runlim] sample:		213.2 time, 220.5 real, 178.7 MB
[runlim] sample:		223.2 time, 230.5 real, 183.1 MB
[runlim] sample:		233.2 time, 240.5 real, 186.4 MB
[runlim] sample:		243.2 time, 250.5 real, 189.0 MB
[runlim] sample:		253.2 time, 260.5 real, 192.1 MB
[runlim] sample:		263.1 time, 270.5 real, 194.4 MB
[runlim] sample:		273.1 time, 280.5 real, 197.2 MB
[runlim] sample:		283.1 time, 290.5 real, 199.6 MB
[runlim] sample:		293.1 time, 300.5 real, 201.9 MB
CVC4 interrupted by SIGTERM.
[runlim] end:			Tue Jan 29 14:51:39 2019
[runlim] status:		out of time
[runlim] result:		2
[runlim] children:		0
[runlim] real:			307.41 seconds
[runlim] time:			300.04 seconds
[runlim] space:			202.9 MB
[runlim] samples:		3069
