[runlim] version:		1.10fixed
[runlim] time limit:		300 seconds
[runlim] real time limit:	311040000 seconds
[runlim] space limit:		4000 MB
[runlim] argv[0]:		./cvc4
[runlim] argv[1]:		--cbqi-all
[runlim] argv[2]:		/tmp/u9qBw3sD.smt2
[runlim] start:			Mon Jan 28 10:54:54 2019
[runlim] main pid:		30512
[runlim] sample:		9.3 time, 10.2 real, 187.8 MB
[runlim] sample:		18.2 time, 20.2 real, 291.1 MB
[runlim] sample:		27.2 time, 30.2 real, 389.5 MB
[runlim] sample:		36.2 time, 40.2 real, 472.1 MB
[runlim] sample:		45.3 time, 50.2 real, 546.8 MB
[runlim] sample:		54.9 time, 60.2 real, 621.9 MB
[runlim] sample:		64.3 time, 70.2 real, 694.9 MB
[runlim] sample:		74.3 time, 80.2 real, 750.2 MB
[runlim] sample:		84.3 time, 90.2 real, 815.4 MB
[runlim] sample:		94.3 time, 100.2 real, 875.6 MB
[runlim] sample:		104.3 time, 110.2 real, 941.0 MB
[runlim] sample:		114.3 time, 120.2 real, 996.7 MB
[runlim] sample:		124.3 time, 130.2 real, 1035.0 MB
[runlim] sample:		134.3 time, 140.2 real, 1096.1 MB
[runlim] sample:		144.3 time, 150.2 real, 1150.3 MB
[runlim] sample:		154.3 time, 160.2 real, 1206.5 MB
[runlim] sample:		164.3 time, 170.2 real, 1242.8 MB
[runlim] sample:		174.2 time, 180.2 real, 1304.6 MB
[runlim] sample:		184.3 time, 190.2 real, 1343.5 MB
[runlim] sample:		194.3 time, 200.2 real, 1376.7 MB
[runlim] sample:		204.2 time, 210.2 real, 1439.5 MB
[runlim] sample:		213.5 time, 220.2 real, 1465.5 MB
[runlim] sample:		222.5 time, 230.2 real, 1511.0 MB
[runlim] sample:		232.5 time, 240.2 real, 1536.5 MB
[runlim] sample:		242.3 time, 250.2 real, 1581.8 MB
[runlim] sample:		252.3 time, 260.2 real, 1607.3 MB
[runlim] sample:		262.3 time, 270.2 real, 1654.6 MB
[runlim] sample:		272.3 time, 280.2 real, 1682.9 MB
[runlim] sample:		282.1 time, 290.2 real, 1737.0 MB
[runlim] sample:		292.0 time, 300.2 real, 1767.2 MB
CVC4 interrupted by SIGTERM.
[runlim] end:			Mon Jan 28 11:00:02 2019
[runlim] status:		out of time
[runlim] result:		2
[runlim] children:		0
[runlim] real:			308.61 seconds
[runlim] time:			300.13 seconds
[runlim] space:			1796.5 MB
[runlim] samples:		3084
