[runlim] version:		1.10fixed
[runlim] time limit:		300 seconds
[runlim] real time limit:	311040000 seconds
[runlim] space limit:		4000 MB
[runlim] argv[0]:		./cvc4
[runlim] argv[1]:		--cbqi-all
[runlim] argv[2]:		/tmp/2VNTUVXB.smt2
[runlim] start:			Tue Jan 29 14:16:04 2019
[runlim] main pid:		21250
[runlim] sample:		9.0 time, 10.6 real, 49.9 MB
[runlim] sample:		19.0 time, 20.6 real, 62.6 MB
[runlim] sample:		29.0 time, 30.6 real, 72.0 MB
[runlim] sample:		39.0 time, 40.6 real, 78.9 MB
[runlim] sample:		49.0 time, 50.6 real, 85.6 MB
[runlim] sample:		58.5 time, 60.6 real, 91.6 MB
[runlim] sample:		67.2 time, 70.6 real, 95.7 MB
[runlim] sample:		75.6 time, 80.6 real, 100.6 MB
[runlim] sample:		84.4 time, 90.6 real, 103.7 MB
[runlim] sample:		93.2 time, 100.6 real, 106.5 MB
[runlim] sample:		101.6 time, 110.6 real, 109.4 MB
[runlim] sample:		111.4 time, 120.6 real, 114.7 MB
[runlim] sample:		120.5 time, 130.6 real, 117.6 MB
[runlim] sample:		129.6 time, 140.6 real, 120.4 MB
[runlim] sample:		139.0 time, 150.6 real, 122.7 MB
[runlim] sample:		147.8 time, 160.6 real, 125.0 MB
[runlim] sample:		157.5 time, 170.6 real, 127.9 MB
[runlim] sample:		167.5 time, 180.6 real, 130.2 MB
[runlim] sample:		177.1 time, 190.6 real, 132.8 MB
[runlim] sample:		186.5 time, 200.6 real, 134.8 MB
[runlim] sample:		196.5 time, 210.6 real, 137.7 MB
[runlim] sample:		205.8 time, 220.6 real, 139.5 MB
[runlim] sample:		215.1 time, 230.6 real, 142.0 MB
[runlim] sample:		223.1 time, 240.6 real, 143.6 MB
[runlim] sample:		231.4 time, 250.6 real, 145.1 MB
[runlim] sample:		240.6 time, 260.6 real, 146.9 MB
[runlim] sample:		250.0 time, 270.6 real, 148.7 MB
[runlim] sample:		258.9 time, 280.6 real, 150.3 MB
[runlim] sample:		268.3 time, 290.6 real, 155.4 MB
[runlim] sample:		278.3 time, 300.6 real, 156.0 MB
[runlim] sample:		288.2 time, 310.6 real, 157.5 MB
[runlim] sample:		298.2 time, 320.6 real, 159.3 MB
CVC4 interrupted by SIGTERM.
[runlim] end:			Tue Jan 29 14:21:26 2019
[runlim] status:		out of time
[runlim] result:		2
[runlim] children:		0
[runlim] real:			322.46 seconds
[runlim] time:			300.05 seconds
[runlim] space:			160.1 MB
[runlim] samples:		3218
