[runlim] version:		1.10fixed
[runlim] time limit:		300 seconds
[runlim] real time limit:	311040000 seconds
[runlim] space limit:		4000 MB
[runlim] argv[0]:		./cvc4
[runlim] argv[1]:		--cbqi-all
[runlim] argv[2]:		/tmp/FtvrOKk4.smt2
[runlim] start:			Mon Jan 28 17:12:18 2019
[runlim] main pid:		20322
[runlim] sample:		9.3 time, 10.5 real, 52.4 MB
[runlim] sample:		19.3 time, 20.5 real, 66.6 MB
[runlim] sample:		29.3 time, 30.5 real, 75.4 MB
[runlim] sample:		39.3 time, 40.5 real, 83.1 MB
[runlim] sample:		49.3 time, 50.5 real, 90.1 MB
[runlim] sample:		59.3 time, 60.5 real, 96.8 MB
[runlim] sample:		68.4 time, 70.5 real, 102.2 MB
[runlim] sample:		77.1 time, 80.5 real, 109.0 MB
[runlim] sample:		85.6 time, 90.5 real, 112.6 MB
[runlim] sample:		95.5 time, 100.5 real, 116.7 MB
[runlim] sample:		105.5 time, 110.5 real, 120.3 MB
[runlim] sample:		115.5 time, 120.5 real, 123.7 MB
[runlim] sample:		125.5 time, 130.5 real, 126.5 MB
[runlim] sample:		135.6 time, 140.5 real, 129.9 MB
[runlim] sample:		145.5 time, 150.5 real, 133.5 MB
[runlim] sample:		155.5 time, 160.5 real, 136.8 MB
[runlim] sample:		165.5 time, 170.5 real, 139.7 MB
[runlim] sample:		175.3 time, 180.5 real, 142.8 MB
[runlim] sample:		185.3 time, 190.5 real, 145.3 MB
[runlim] sample:		195.3 time, 200.5 real, 147.9 MB
[runlim] sample:		205.3 time, 210.5 real, 150.5 MB
[runlim] sample:		214.3 time, 220.5 real, 152.8 MB
[runlim] sample:		224.3 time, 230.5 real, 157.4 MB
[runlim] sample:		234.3 time, 240.5 real, 159.0 MB
[runlim] sample:		244.3 time, 250.5 real, 160.3 MB
[runlim] sample:		254.3 time, 260.5 real, 162.9 MB
[runlim] sample:		264.3 time, 270.5 real, 164.7 MB
[runlim] sample:		274.3 time, 280.5 real, 166.5 MB
[runlim] sample:		284.0 time, 290.5 real, 172.4 MB
[runlim] sample:		293.6 time, 300.5 real, 172.0 MB
CVC4 interrupted by SIGTERM.
[runlim] end:			Mon Jan 28 17:17:24 2019
[runlim] status:		out of time
[runlim] result:		2
[runlim] children:		0
[runlim] real:			306.98 seconds
[runlim] time:			300.02 seconds
[runlim] space:			173.3 MB
[runlim] samples:		3065
