[runlim] version:		1.10fixed
[runlim] time limit:		300 seconds
[runlim] real time limit:	311040000 seconds
[runlim] space limit:		4000 MB
[runlim] argv[0]:		./cvc4
[runlim] argv[1]:		--cbqi-all
[runlim] argv[2]:		/tmp/R0oxJmqK.smt2
[runlim] start:			Tue Jan 29 14:11:08 2019
[runlim] main pid:		13027
[runlim] sample:		8.3 time, 10.0 real, 51.2 MB
[runlim] sample:		18.0 time, 20.0 real, 64.9 MB
[runlim] sample:		28.0 time, 30.0 real, 75.1 MB
[runlim] sample:		37.0 time, 40.0 real, 82.4 MB
[runlim] sample:		46.8 time, 50.0 real, 89.3 MB
[runlim] sample:		56.8 time, 60.0 real, 95.0 MB
[runlim] sample:		66.8 time, 70.0 real, 101.8 MB
[runlim] sample:		76.8 time, 80.0 real, 109.2 MB
[runlim] sample:		86.8 time, 90.0 real, 113.3 MB
[runlim] sample:		96.5 time, 100.0 real, 117.2 MB
[runlim] sample:		105.7 time, 110.0 real, 120.5 MB
[runlim] sample:		115.3 time, 120.0 real, 123.3 MB
[runlim] sample:		125.3 time, 130.0 real, 126.7 MB
[runlim] sample:		135.3 time, 140.0 real, 129.8 MB
[runlim] sample:		145.1 time, 150.0 real, 133.1 MB
[runlim] sample:		154.8 time, 160.0 real, 135.7 MB
[runlim] sample:		164.4 time, 170.0 real, 139.3 MB
[runlim] sample:		174.1 time, 180.0 real, 141.6 MB
[runlim] sample:		183.3 time, 190.0 real, 144.5 MB
[runlim] sample:		193.2 time, 200.0 real, 147.0 MB
[runlim] sample:		203.1 time, 210.0 real, 149.6 MB
[runlim] sample:		212.8 time, 220.0 real, 151.9 MB
[runlim] sample:		222.4 time, 230.0 real, 156.1 MB
[runlim] sample:		232.1 time, 240.0 real, 158.1 MB
[runlim] sample:		241.7 time, 250.0 real, 159.9 MB
[runlim] sample:		251.4 time, 260.0 real, 162.2 MB
[runlim] sample:		261.2 time, 270.0 real, 164.0 MB
[runlim] sample:		271.2 time, 280.0 real, 165.8 MB
[runlim] sample:		281.2 time, 290.0 real, 167.6 MB
[runlim] sample:		291.0 time, 300.0 real, 169.7 MB
CVC4 interrupted by SIGTERM.
[runlim] end:			Tue Jan 29 14:16:17 2019
[runlim] status:		out of time
[runlim] result:		2
[runlim] children:		0
[runlim] real:			309.77 seconds
[runlim] time:			300.06 seconds
[runlim] space:			173.2 MB
[runlim] samples:		3097
