[runlim] version:		1.10fixed
[runlim] time limit:		300 seconds
[runlim] real time limit:	311040000 seconds
[runlim] space limit:		4000 MB
[runlim] argv[0]:		./cvc4
[runlim] argv[1]:		--cbqi-all
[runlim] argv[2]:		/tmp/1Oxr7Ee3.smt2
[runlim] start:			Tue Jan 29 14:43:32 2019
[runlim] main pid:		19972
[runlim] sample:		9.1 time, 10.8 real, 51.4 MB
[runlim] sample:		18.6 time, 20.8 real, 64.4 MB
[runlim] sample:		28.6 time, 30.8 real, 74.2 MB
[runlim] sample:		37.9 time, 40.8 real, 81.1 MB
[runlim] sample:		47.2 time, 50.8 real, 87.1 MB
[runlim] sample:		56.3 time, 60.8 real, 92.7 MB
[runlim] sample:		65.8 time, 70.8 real, 98.4 MB
[runlim] sample:		75.4 time, 80.8 real, 104.1 MB
[runlim] sample:		85.1 time, 90.8 real, 107.9 MB
[runlim] sample:		94.8 time, 100.8 real, 113.5 MB
[runlim] sample:		104.5 time, 110.8 real, 117.1 MB
[runlim] sample:		114.1 time, 120.8 real, 120.2 MB
[runlim] sample:		123.8 time, 130.8 real, 123.3 MB
[runlim] sample:		133.7 time, 140.8 real, 126.1 MB
[runlim] sample:		143.7 time, 150.8 real, 128.9 MB
[runlim] sample:		153.7 time, 160.8 real, 131.8 MB
[runlim] sample:		163.4 time, 170.8 real, 134.6 MB
[runlim] sample:		173.1 time, 180.8 real, 138.0 MB
[runlim] sample:		182.8 time, 190.8 real, 140.3 MB
[runlim] sample:		192.7 time, 200.8 real, 142.9 MB
[runlim] sample:		202.7 time, 210.8 real, 145.7 MB
[runlim] sample:		212.6 time, 220.8 real, 148.0 MB
[runlim] sample:		222.4 time, 230.8 real, 149.8 MB
[runlim] sample:		232.4 time, 240.8 real, 152.4 MB
[runlim] sample:		242.1 time, 250.8 real, 154.2 MB
[runlim] sample:		251.6 time, 260.8 real, 159.1 MB
[runlim] sample:		260.7 time, 270.8 real, 159.6 MB
[runlim] sample:		270.3 time, 280.8 real, 161.2 MB
[runlim] sample:		279.5 time, 290.8 real, 163.2 MB
[runlim] sample:		289.5 time, 300.8 real, 165.3 MB
[runlim] sample:		299.5 time, 310.8 real, 167.1 MB
CVC4 interrupted by SIGTERM.
[runlim] end:			Tue Jan 29 14:48:43 2019
[runlim] status:		out of time
[runlim] result:		2
[runlim] children:		0
[runlim] real:			311.31 seconds
[runlim] time:			300.03 seconds
[runlim] space:			167.1 MB
[runlim] samples:		3105
