[runlim] version:		1.10fixed
[runlim] time limit:		300 seconds
[runlim] real time limit:	311040000 seconds
[runlim] space limit:		4000 MB
[runlim] argv[0]:		./cvc4
[runlim] argv[1]:		--cbqi-all
[runlim] argv[2]:		/tmp/MUfwk7Z9.smt2
[runlim] start:			Mon Jan 28 10:58:52 2019
[runlim] main pid:		20826
[runlim] sample:		9.1 time, 10.1 real, 44.2 MB
[runlim] sample:		18.2 time, 20.1 real, 58.3 MB
[runlim] sample:		27.1 time, 30.1 real, 73.1 MB
[runlim] sample:		36.1 time, 40.1 real, 87.6 MB
[runlim] sample:		46.0 time, 50.1 real, 102.3 MB
[runlim] sample:		55.4 time, 60.1 real, 118.5 MB
[runlim] sample:		65.3 time, 70.1 real, 134.2 MB
[runlim] sample:		75.3 time, 80.1 real, 149.7 MB
[runlim] sample:		85.3 time, 90.1 real, 165.5 MB
[runlim] sample:		94.5 time, 100.1 real, 178.9 MB
[runlim] sample:		104.4 time, 110.1 real, 193.4 MB
[runlim] sample:		114.4 time, 120.1 real, 211.0 MB
[runlim] sample:		124.2 time, 130.1 real, 227.2 MB
[runlim] sample:		133.9 time, 140.1 real, 243.7 MB
[runlim] sample:		143.5 time, 150.1 real, 258.1 MB
[runlim] sample:		153.2 time, 160.1 real, 273.0 MB
[runlim] sample:		163.1 time, 170.1 real, 287.5 MB
[runlim] sample:		172.8 time, 180.1 real, 301.1 MB
[runlim] sample:		182.5 time, 190.1 real, 317.3 MB
[runlim] sample:		192.4 time, 200.1 real, 331.5 MB
[runlim] sample:		202.3 time, 210.1 real, 345.4 MB
[runlim] sample:		211.9 time, 220.1 real, 358.6 MB
[runlim] sample:		221.3 time, 230.1 real, 373.0 MB
[runlim] sample:		230.5 time, 240.1 real, 391.6 MB
[runlim] sample:		239.9 time, 250.1 real, 405.0 MB
[runlim] sample:		249.6 time, 260.1 real, 423.2 MB
[runlim] sample:		258.6 time, 270.1 real, 436.6 MB
[runlim] sample:		268.0 time, 280.1 real, 453.1 MB
[runlim] sample:		277.9 time, 290.1 real, 469.9 MB
[runlim] sample:		287.6 time, 300.1 real, 484.6 MB
[runlim] sample:		296.8 time, 310.1 real, 497.2 MB
CVC4 interrupted by SIGTERM.
[runlim] end:			Mon Jan 28 11:04:05 2019
[runlim] status:		out of time
[runlim] result:		2
[runlim] children:		0
[runlim] real:			313.61 seconds
[runlim] time:			300.03 seconds
[runlim] space:			502.1 MB
[runlim] samples:		3135
