[runlim] version:		1.10fixed
[runlim] time limit:		300 seconds
[runlim] real time limit:	311040000 seconds
[runlim] space limit:		4000 MB
[runlim] argv[0]:		./cvc4
[runlim] argv[1]:		--cbqi-all
[runlim] argv[2]:		/tmp/lXKWn4SW.smt2
[runlim] start:			Mon Jan 28 16:45:13 2019
[runlim] main pid:		23115
[runlim] sample:		8.6 time, 10.3 real, 148.7 MB
[runlim] sample:		18.6 time, 20.3 real, 265.9 MB
[runlim] sample:		28.6 time, 30.3 real, 371.1 MB
[runlim] sample:		38.6 time, 40.3 real, 442.9 MB
[runlim] sample:		48.6 time, 50.3 real, 520.3 MB
[runlim] sample:		58.6 time, 60.3 real, 596.0 MB
[runlim] sample:		68.6 time, 70.3 real, 668.2 MB
[runlim] sample:		78.6 time, 80.3 real, 733.8 MB
[runlim] sample:		88.6 time, 90.3 real, 776.2 MB
[runlim] sample:		98.6 time, 100.3 real, 837.8 MB
[runlim] sample:		108.6 time, 110.3 real, 905.4 MB
[runlim] sample:		118.6 time, 120.3 real, 956.4 MB
[runlim] sample:		128.6 time, 130.3 real, 1000.3 MB
[runlim] sample:		138.6 time, 140.3 real, 1045.9 MB
[runlim] sample:		148.6 time, 150.3 real, 1086.0 MB
[runlim] sample:		158.6 time, 160.3 real, 1144.0 MB
[runlim] sample:		168.6 time, 170.3 real, 1202.5 MB
[runlim] sample:		178.6 time, 180.3 real, 1237.1 MB
[runlim] sample:		188.6 time, 190.3 real, 1278.3 MB
[runlim] sample:		198.6 time, 200.3 real, 1329.7 MB
[runlim] sample:		208.6 time, 210.3 real, 1357.5 MB
[runlim] sample:		218.6 time, 220.3 real, 1398.7 MB
[runlim] sample:		228.6 time, 230.3 real, 1440.5 MB
[runlim] sample:		238.5 time, 240.3 real, 1464.1 MB
[runlim] sample:		248.6 time, 250.3 real, 1519.5 MB
[runlim] sample:		258.6 time, 260.3 real, 1543.2 MB
[runlim] sample:		268.5 time, 270.3 real, 1581.2 MB
[runlim] sample:		278.5 time, 280.3 real, 1605.7 MB
[runlim] sample:		288.5 time, 290.3 real, 1646.6 MB
[runlim] sample:		298.5 time, 300.3 real, 1669.6 MB
CVC4 interrupted by SIGTERM.
[runlim] end:			Mon Jan 28 16:50:14 2019
[runlim] status:		out of time
[runlim] result:		2
[runlim] children:		0
[runlim] real:			301.85 seconds
[runlim] time:			300.03 seconds
[runlim] space:			1669.8 MB
[runlim] samples:		3015
