[runlim] version:		1.10fixed
[runlim] time limit:		300 seconds
[runlim] real time limit:	311040000 seconds
[runlim] space limit:		4000 MB
[runlim] argv[0]:		./cvc4
[runlim] argv[1]:		--cbqi-all
[runlim] argv[2]:		/tmp/sEloY8Tz.smt2
[runlim] start:			Mon Jan 28 17:12:59 2019
[runlim] main pid:		28739
[runlim] sample:		9.5 time, 10.7 real, 52.6 MB
[runlim] sample:		19.5 time, 20.7 real, 66.6 MB
[runlim] sample:		29.5 time, 30.7 real, 76.7 MB
[runlim] sample:		39.5 time, 40.7 real, 85.5 MB
[runlim] sample:		49.5 time, 50.7 real, 92.2 MB
[runlim] sample:		59.5 time, 60.7 real, 97.8 MB
[runlim] sample:		69.5 time, 70.7 real, 105.3 MB
[runlim] sample:		79.5 time, 80.7 real, 109.6 MB
[runlim] sample:		89.5 time, 90.7 real, 115.6 MB
[runlim] sample:		99.5 time, 100.7 real, 119.9 MB
[runlim] sample:		109.5 time, 110.7 real, 123.5 MB
[runlim] sample:		119.5 time, 120.7 real, 126.9 MB
[runlim] sample:		129.4 time, 130.7 real, 130.2 MB
[runlim] sample:		139.5 time, 140.7 real, 133.6 MB
[runlim] sample:		149.4 time, 150.7 real, 136.9 MB
[runlim] sample:		159.4 time, 160.7 real, 140.5 MB
[runlim] sample:		169.4 time, 170.7 real, 143.6 MB
[runlim] sample:		179.4 time, 180.7 real, 146.7 MB
[runlim] sample:		189.4 time, 190.7 real, 149.3 MB
[runlim] sample:		199.4 time, 200.7 real, 152.1 MB
[runlim] sample:		209.4 time, 210.7 real, 154.5 MB
[runlim] sample:		219.4 time, 220.7 real, 158.1 MB
[runlim] sample:		229.4 time, 230.7 real, 160.9 MB
[runlim] sample:		239.4 time, 240.7 real, 163.0 MB
[runlim] sample:		249.4 time, 250.7 real, 165.5 MB
[runlim] sample:		259.4 time, 260.7 real, 167.6 MB
[runlim] sample:		269.4 time, 270.7 real, 169.7 MB
[runlim] sample:		279.4 time, 280.7 real, 171.5 MB
[runlim] sample:		289.4 time, 290.7 real, 175.3 MB
[runlim] sample:		299.4 time, 300.7 real, 177.1 MB
CVC4 interrupted by SIGTERM.
[runlim] end:			Mon Jan 28 17:18:00 2019
[runlim] status:		out of time
[runlim] result:		2
[runlim] children:		0
[runlim] real:			301.34 seconds
[runlim] time:			300.03 seconds
[runlim] space:			177.1 MB
[runlim] samples:		3006
