[runlim] version:		1.10fixed
[runlim] time limit:		300 seconds
[runlim] real time limit:	311040000 seconds
[runlim] space limit:		4000 MB
[runlim] argv[0]:		./cvc4
[runlim] argv[1]:		--cbqi-all
[runlim] argv[2]:		/tmp/CT19Fskn.smt2
[runlim] start:			Mon Jan 28 17:10:22 2019
[runlim] main pid:		8284
[runlim] sample:		7.7 time, 10.8 real, 48.4 MB
[runlim] sample:		16.6 time, 20.8 real, 61.4 MB
[runlim] sample:		24.8 time, 30.8 real, 70.1 MB
[runlim] sample:		33.0 time, 40.8 real, 76.0 MB
[runlim] sample:		41.6 time, 50.8 real, 82.2 MB
[runlim] sample:		51.5 time, 60.8 real, 88.6 MB
[runlim] sample:		60.0 time, 70.8 real, 93.0 MB
[runlim] sample:		68.3 time, 80.8 real, 98.4 MB
[runlim] sample:		78.0 time, 90.8 real, 103.5 MB
[runlim] sample:		88.0 time, 100.8 real, 109.9 MB
[runlim] sample:		98.0 time, 110.8 real, 113.2 MB
[runlim] sample:		107.7 time, 120.8 real, 116.6 MB
[runlim] sample:		117.7 time, 130.8 real, 119.7 MB
[runlim] sample:		127.7 time, 140.8 real, 122.8 MB
[runlim] sample:		137.7 time, 150.8 real, 125.4 MB
[runlim] sample:		147.7 time, 160.8 real, 128.4 MB
[runlim] sample:		157.7 time, 170.8 real, 131.0 MB
[runlim] sample:		167.7 time, 180.8 real, 134.1 MB
[runlim] sample:		177.7 time, 190.8 real, 136.4 MB
[runlim] sample:		187.7 time, 200.8 real, 139.5 MB
[runlim] sample:		197.7 time, 210.8 real, 141.8 MB
[runlim] sample:		207.7 time, 220.8 real, 144.7 MB
[runlim] sample:		217.7 time, 230.8 real, 147.3 MB
[runlim] sample:		227.7 time, 240.8 real, 148.8 MB
[runlim] sample:		237.7 time, 250.8 real, 150.9 MB
[runlim] sample:		247.7 time, 260.8 real, 153.4 MB
[runlim] sample:		257.7 time, 270.8 real, 156.0 MB
[runlim] sample:		267.7 time, 280.8 real, 158.9 MB
[runlim] sample:		277.7 time, 290.8 real, 160.4 MB
[runlim] sample:		287.7 time, 300.8 real, 162.2 MB
[runlim] sample:		297.7 time, 310.8 real, 164.0 MB
[runlim] end:			Mon Jan 28 17:15:33 2019
[runlim] status:		signal(9)
[runlim] result:		11
[runlim] children:		0
[runlim] real:			311.74 seconds
[runlim] time:			298.61 seconds
[runlim] space:			164.3 MB
[runlim] samples:		3109
