[runlim] version:		1.10fixed
[runlim] time limit:		300 seconds
[runlim] real time limit:	311040000 seconds
[runlim] space limit:		4000 MB
[runlim] argv[0]:		./cvc4
[runlim] argv[1]:		--cbqi-all
[runlim] argv[2]:		/tmp/orgu9pRG.smt2
[runlim] start:			Mon Jan 28 16:41:01 2019
[runlim] main pid:		5537
[runlim] sample:		8.8 time, 10.4 real, 183.8 MB
[runlim] sample:		17.0 time, 20.4 real, 260.3 MB
[runlim] sample:		26.6 time, 30.4 real, 285.8 MB
[runlim] sample:		36.5 time, 40.4 real, 286.3 MB
[runlim] sample:		46.5 time, 50.4 real, 287.4 MB
[runlim] sample:		56.5 time, 60.4 real, 308.2 MB
[runlim] sample:		66.5 time, 70.4 real, 331.5 MB
[runlim] sample:		76.5 time, 80.4 real, 335.0 MB
[runlim] sample:		86.3 time, 90.4 real, 410.6 MB
[runlim] sample:		96.3 time, 100.4 real, 487.0 MB
[runlim] sample:		106.3 time, 110.4 real, 558.0 MB
[runlim] sample:		116.3 time, 120.4 real, 625.8 MB
[runlim] sample:		126.3 time, 130.4 real, 625.8 MB
[runlim] sample:		135.8 time, 140.4 real, 680.8 MB
[runlim] sample:		145.0 time, 150.4 real, 700.6 MB
[runlim] sample:		154.5 time, 160.4 real, 700.6 MB
[runlim] sample:		164.2 time, 170.4 real, 700.6 MB
[runlim] sample:		174.1 time, 180.4 real, 700.6 MB
[runlim] sample:		182.1 time, 190.4 real, 700.6 MB
[runlim] sample:		191.1 time, 200.4 real, 700.6 MB
[runlim] sample:		199.0 time, 210.4 real, 700.6 MB
[runlim] sample:		209.0 time, 220.4 real, 700.6 MB
[runlim] sample:		219.0 time, 230.4 real, 701.6 MB
[runlim] sample:		229.0 time, 240.4 real, 701.6 MB
[runlim] sample:		239.0 time, 250.4 real, 701.6 MB
[runlim] sample:		249.0 time, 260.4 real, 701.6 MB
[runlim] sample:		259.0 time, 270.4 real, 701.6 MB
[runlim] sample:		269.0 time, 280.4 real, 701.6 MB
[runlim] sample:		277.8 time, 290.4 real, 702.1 MB
[runlim] sample:		285.8 time, 300.4 real, 705.2 MB
[runlim] sample:		295.6 time, 310.4 real, 705.5 MB
CVC4 interrupted by SIGTERM.
[runlim] end:			Mon Jan 28 16:46:15 2019
[runlim] status:		out of time
[runlim] result:		2
[runlim] children:		0
[runlim] real:			314.93 seconds
[runlim] time:			300.06 seconds
[runlim] space:			705.5 MB
[runlim] samples:		3145
