[runlim] version:		1.10fixed
[runlim] time limit:		300 seconds
[runlim] real time limit:	311040000 seconds
[runlim] space limit:		4000 MB
[runlim] argv[0]:		./cvc4
[runlim] argv[1]:		--cbqi-all
[runlim] argv[2]:		/tmp/X19Xogkb.smt2
[runlim] start:			Mon Jan 28 10:55:46 2019
[runlim] main pid:		4650
[runlim] sample:		9.8 time, 10.6 real, 53.8 MB
[runlim] sample:		19.8 time, 20.6 real, 68.1 MB
[runlim] sample:		29.2 time, 30.6 real, 75.9 MB
[runlim] sample:		37.8 time, 40.6 real, 82.8 MB
[runlim] sample:		47.8 time, 50.6 real, 89.5 MB
[runlim] sample:		57.8 time, 60.6 real, 94.9 MB
[runlim] sample:		67.8 time, 70.6 real, 101.8 MB
[runlim] sample:		77.8 time, 80.6 real, 109.1 MB
[runlim] sample:		87.8 time, 90.6 real, 113.2 MB
[runlim] sample:		97.7 time, 100.6 real, 116.6 MB
[runlim] sample:		107.7 time, 110.6 real, 119.9 MB
[runlim] sample:		117.7 time, 120.6 real, 123.3 MB
[runlim] sample:		127.7 time, 130.6 real, 126.1 MB
[runlim] sample:		136.8 time, 140.6 real, 128.9 MB
[runlim] sample:		146.4 time, 150.6 real, 131.8 MB
[runlim] sample:		156.0 time, 160.6 real, 134.9 MB
[runlim] sample:		165.4 time, 170.6 real, 137.7 MB
[runlim] sample:		174.2 time, 180.6 real, 139.8 MB
[runlim] sample:		183.1 time, 190.6 real, 141.8 MB
[runlim] sample:		192.1 time, 200.6 real, 144.1 MB
[runlim] sample:		201.2 time, 210.6 real, 146.7 MB
[runlim] sample:		211.1 time, 220.6 real, 148.8 MB
[runlim] sample:		220.9 time, 230.6 real, 150.8 MB
[runlim] sample:		230.9 time, 240.6 real, 152.6 MB
[runlim] sample:		240.9 time, 250.6 real, 156.5 MB
[runlim] sample:		250.9 time, 260.6 real, 159.1 MB
[runlim] sample:		260.9 time, 270.6 real, 160.6 MB
[runlim] sample:		269.8 time, 280.6 real, 162.2 MB
[runlim] sample:		278.1 time, 290.6 real, 163.7 MB
[runlim] sample:		287.8 time, 300.6 real, 165.5 MB
[runlim] sample:		297.4 time, 310.6 real, 166.8 MB
CVC4 interrupted by SIGTERM.
[runlim] end:			Mon Jan 28 11:00:59 2019
[runlim] status:		out of time
[runlim] result:		2
[runlim] children:		0
[runlim] real:			313.44 seconds
[runlim] time:			300.09 seconds
[runlim] space:			167.1 MB
[runlim] samples:		3128
