[runlim] version:		1.10fixed
[runlim] time limit:		300 seconds
[runlim] real time limit:	311040000 seconds
[runlim] space limit:		4000 MB
[runlim] argv[0]:		./cvc4
[runlim] argv[1]:		--cbqi-all
[runlim] argv[2]:		/tmp/gSSf4uUl.smt2
[runlim] start:			Tue Jan 29 14:14:43 2019
[runlim] main pid:		29313
[runlim] sample:		9.1 time, 11.0 real, 44.4 MB
[runlim] sample:		18.8 time, 21.0 real, 91.3 MB
[runlim] sample:		28.5 time, 31.0 real, 179.7 MB
[runlim] sample:		38.2 time, 41.0 real, 185.3 MB
[runlim] sample:		48.2 time, 51.0 real, 199.2 MB
[runlim] sample:		57.9 time, 61.0 real, 199.4 MB
[runlim] sample:		67.6 time, 71.0 real, 207.2 MB
[runlim] sample:		77.6 time, 81.0 real, 208.2 MB
[runlim] sample:		87.6 time, 91.0 real, 209.7 MB
[runlim] sample:		97.6 time, 101.0 real, 210.5 MB
[runlim] sample:		107.6 time, 111.0 real, 211.3 MB
[runlim] sample:		117.6 time, 121.0 real, 216.5 MB
[runlim] sample:		127.6 time, 131.0 real, 225.0 MB
[runlim] sample:		137.6 time, 141.0 real, 225.0 MB
[runlim] sample:		147.2 time, 151.0 real, 227.8 MB
[runlim] sample:		157.0 time, 161.0 real, 229.1 MB
[runlim] sample:		166.8 time, 171.0 real, 230.3 MB
[runlim] sample:		176.4 time, 181.0 real, 230.3 MB
[runlim] sample:		186.1 time, 191.0 real, 230.3 MB
[runlim] sample:		195.8 time, 201.0 real, 232.8 MB
[runlim] sample:		205.5 time, 211.0 real, 233.2 MB
[runlim] sample:		215.1 time, 221.0 real, 233.2 MB
[runlim] sample:		225.0 time, 231.0 real, 234.5 MB
[runlim] sample:		235.0 time, 241.0 real, 236.3 MB
[runlim] sample:		245.0 time, 251.0 real, 244.4 MB
[runlim] sample:		255.0 time, 261.0 real, 244.6 MB
[runlim] sample:		265.0 time, 271.0 real, 246.5 MB
[runlim] sample:		274.6 time, 281.0 real, 246.5 MB
[runlim] sample:		284.4 time, 291.0 real, 247.6 MB
[runlim] sample:		294.4 time, 301.0 real, 248.4 MB
CVC4 interrupted by SIGTERM.
[runlim] end:			Tue Jan 29 14:19:49 2019
[runlim] status:		out of time
[runlim] result:		2
[runlim] children:		0
[runlim] real:			306.70 seconds
[runlim] time:			300.06 seconds
[runlim] space:			248.4 MB
[runlim] samples:		3057
