[runlim] version:		1.10fixed
[runlim] time limit:		300 seconds
[runlim] real time limit:	311040000 seconds
[runlim] space limit:		4000 MB
[runlim] argv[0]:		./cvc4
[runlim] argv[1]:		--cbqi-all
[runlim] argv[2]:		/tmp/hXqtTy57.smt2
[runlim] start:			Mon Jan 28 17:13:12 2019
[runlim] main pid:		19962
[runlim] sample:		9.5 time, 10.1 real, 47.0 MB
[runlim] sample:		19.5 time, 20.1 real, 57.3 MB
[runlim] sample:		29.3 time, 30.1 real, 131.9 MB
[runlim] sample:		38.0 time, 40.1 real, 138.6 MB
[runlim] sample:		46.7 time, 50.1 real, 141.6 MB
[runlim] sample:		55.7 time, 60.1 real, 143.4 MB
[runlim] sample:		64.6 time, 70.1 real, 200.7 MB
[runlim] sample:		72.9 time, 80.1 real, 220.9 MB
[runlim] sample:		82.9 time, 90.1 real, 230.6 MB
[runlim] sample:		92.6 time, 100.1 real, 230.8 MB
[runlim] sample:		102.1 time, 110.1 real, 236.2 MB
[runlim] sample:		111.6 time, 120.1 real, 247.2 MB
[runlim] sample:		121.1 time, 130.1 real, 251.3 MB
[runlim] sample:		130.8 time, 140.1 real, 251.5 MB
[runlim] sample:		140.8 time, 150.1 real, 251.7 MB
[runlim] sample:		149.2 time, 160.1 real, 254.9 MB
[runlim] sample:		158.1 time, 170.1 real, 255.7 MB
[runlim] sample:		168.1 time, 180.1 real, 255.9 MB
[runlim] sample:		177.7 time, 190.1 real, 256.7 MB
[runlim] sample:		187.4 time, 200.1 real, 262.9 MB
[runlim] sample:		197.1 time, 210.1 real, 263.1 MB
[runlim] sample:		206.8 time, 220.1 real, 263.1 MB
[runlim] sample:		216.5 time, 230.1 real, 278.7 MB
[runlim] sample:		225.6 time, 240.1 real, 280.4 MB
[runlim] sample:		234.7 time, 250.1 real, 280.4 MB
[runlim] sample:		244.4 time, 260.1 real, 280.4 MB
[runlim] sample:		254.1 time, 270.1 real, 284.2 MB
[runlim] sample:		264.1 time, 280.1 real, 290.7 MB
[runlim] sample:		274.1 time, 290.1 real, 290.9 MB
[runlim] sample:		283.8 time, 300.1 real, 292.9 MB
[runlim] sample:		293.8 time, 310.1 real, 296.2 MB
CVC4 interrupted by SIGTERM.
[runlim] end:			Mon Jan 28 17:18:28 2019
[runlim] status:		out of time
[runlim] result:		2
[runlim] children:		0
[runlim] real:			316.53 seconds
[runlim] time:			300.05 seconds
[runlim] space:			296.2 MB
[runlim] samples:		3164
