[runlim] version:		1.10fixed
[runlim] time limit:		300 seconds
[runlim] real time limit:	311040000 seconds
[runlim] space limit:		4000 MB
[runlim] argv[0]:		./cvc4
[runlim] argv[1]:		--cbqi-all
[runlim] argv[2]:		/tmp/9EJXpG6N.smt2
[runlim] start:			Mon Jan 28 16:41:07 2019
[runlim] main pid:		13816
[runlim] sample:		9.7 time, 10.7 real, 53.2 MB
[runlim] sample:		19.7 time, 20.7 real, 67.5 MB
[runlim] sample:		29.7 time, 30.7 real, 76.0 MB
[runlim] sample:		39.7 time, 40.7 real, 83.7 MB
[runlim] sample:		49.7 time, 50.7 real, 89.9 MB
[runlim] sample:		59.7 time, 60.7 real, 95.3 MB
[runlim] sample:		68.1 time, 70.7 real, 101.4 MB
[runlim] sample:		77.7 time, 80.7 real, 106.3 MB
[runlim] sample:		87.7 time, 90.7 real, 112.1 MB
[runlim] sample:		97.7 time, 100.7 real, 115.7 MB
[runlim] sample:		105.4 time, 110.7 real, 118.6 MB
[runlim] sample:		114.5 time, 120.7 real, 121.4 MB
[runlim] sample:		122.1 time, 130.7 real, 123.7 MB
[runlim] sample:		131.7 time, 140.7 real, 126.6 MB
[runlim] sample:		141.7 time, 150.7 real, 129.7 MB
[runlim] sample:		151.7 time, 160.7 real, 132.5 MB
[runlim] sample:		161.7 time, 170.7 real, 135.3 MB
[runlim] sample:		171.7 time, 180.7 real, 138.2 MB
[runlim] sample:		181.7 time, 190.7 real, 141.0 MB
[runlim] sample:		191.7 time, 200.7 real, 143.6 MB
[runlim] sample:		201.7 time, 210.7 real, 146.1 MB
[runlim] sample:		211.7 time, 220.7 real, 148.5 MB
[runlim] sample:		221.7 time, 230.7 real, 150.8 MB
[runlim] sample:		231.7 time, 240.7 real, 152.8 MB
[runlim] sample:		241.7 time, 250.7 real, 154.9 MB
[runlim] sample:		251.7 time, 260.7 real, 159.3 MB
[runlim] sample:		261.7 time, 270.7 real, 160.3 MB
[runlim] sample:		271.7 time, 280.7 real, 162.1 MB
[runlim] sample:		281.7 time, 290.7 real, 164.2 MB
[runlim] sample:		291.6 time, 300.7 real, 166.0 MB
CVC4 interrupted by SIGTERM.
[runlim] end:			Mon Jan 28 16:46:16 2019
[runlim] status:		out of time
[runlim] result:		2
[runlim] children:		0
[runlim] real:			309.14 seconds
[runlim] time:			300.05 seconds
[runlim] space:			167.3 MB
[runlim] samples:		3084
