[runlim] version:		1.10fixed
[runlim] time limit:		300 seconds
[runlim] real time limit:	311040000 seconds
[runlim] space limit:		4000 MB
[runlim] argv[0]:		./cvc4
[runlim] argv[1]:		--cbqi-all
[runlim] argv[2]:		/tmp/zpBDs2nA.smt2
[runlim] start:			Mon Jan 28 17:12:47 2019
[runlim] main pid:		24910
[runlim] sample:		9.3 time, 10.6 real, 50.9 MB
[runlim] sample:		18.1 time, 20.6 real, 62.6 MB
[runlim] sample:		26.6 time, 30.6 real, 71.1 MB
[runlim] sample:		36.6 time, 40.6 real, 78.6 MB
[runlim] sample:		46.6 time, 50.6 real, 85.3 MB
[runlim] sample:		56.6 time, 60.6 real, 90.9 MB
[runlim] sample:		66.0 time, 70.6 real, 95.6 MB
[runlim] sample:		74.9 time, 80.6 real, 101.3 MB
[runlim] sample:		82.3 time, 90.6 real, 105.2 MB
[runlim] sample:		91.3 time, 100.6 real, 110.4 MB
[runlim] sample:		99.6 time, 110.6 real, 113.2 MB
[runlim] sample:		107.2 time, 120.6 real, 115.8 MB
[runlim] sample:		115.2 time, 130.6 real, 118.4 MB
[runlim] sample:		124.0 time, 140.6 real, 121.2 MB
[runlim] sample:		131.7 time, 150.6 real, 123.0 MB
[runlim] sample:		139.8 time, 160.6 real, 125.3 MB
[runlim] sample:		148.8 time, 170.6 real, 128.1 MB
[runlim] sample:		157.9 time, 180.6 real, 130.7 MB
[runlim] sample:		166.2 time, 190.6 real, 133.0 MB
[runlim] sample:		175.7 time, 200.6 real, 135.4 MB
[runlim] sample:		185.3 time, 210.6 real, 138.2 MB
[runlim] sample:		194.7 time, 220.6 real, 140.5 MB
[runlim] sample:		202.9 time, 230.6 real, 142.8 MB
[runlim] sample:		212.3 time, 240.6 real, 144.9 MB
[runlim] sample:		221.1 time, 250.6 real, 147.0 MB
[runlim] sample:		229.6 time, 260.6 real, 148.5 MB
[runlim] sample:		238.2 time, 270.6 real, 150.3 MB
[runlim] sample:		247.9 time, 280.6 real, 152.4 MB
[runlim] sample:		257.6 time, 290.6 real, 156.7 MB
[runlim] sample:		267.2 time, 300.6 real, 157.5 MB
[runlim] sample:		276.9 time, 310.6 real, 159.3 MB
[runlim] sample:		286.5 time, 320.6 real, 161.1 MB
[runlim] sample:		296.2 time, 330.6 real, 162.7 MB
CVC4 interrupted by SIGTERM.
[runlim] end:			Mon Jan 28 17:18:21 2019
[runlim] status:		out of time
[runlim] result:		2
[runlim] children:		0
[runlim] real:			334.65 seconds
[runlim] time:			300.09 seconds
[runlim] space:			163.4 MB
[runlim] samples:		3340
