[runlim] version:		1.10fixed
[runlim] time limit:		300 seconds
[runlim] real time limit:	311040000 seconds
[runlim] space limit:		4000 MB
[runlim] argv[0]:		./cvc4
[runlim] argv[1]:		--cbqi-all
[runlim] argv[2]:		/tmp/PRCQ4SxE.smt2
[runlim] start:			Mon Jan 28 10:55:35 2019
[runlim] main pid:		14871
[runlim] sample:		9.6 time, 10.8 real, 52.1 MB
[runlim] sample:		19.6 time, 20.8 real, 69.0 MB
[runlim] sample:		29.6 time, 30.8 real, 80.8 MB
[runlim] sample:		39.6 time, 40.8 real, 91.6 MB
[runlim] sample:		49.6 time, 50.8 real, 100.1 MB
[runlim] sample:		59.6 time, 60.8 real, 107.6 MB
[runlim] sample:		69.6 time, 70.8 real, 113.5 MB
[runlim] sample:		78.8 time, 80.8 real, 119.4 MB
[runlim] sample:		86.4 time, 90.8 real, 126.5 MB
[runlim] sample:		96.1 time, 100.8 real, 135.6 MB
[runlim] sample:		105.7 time, 110.8 real, 141.3 MB
[runlim] sample:		115.7 time, 120.8 real, 147.0 MB
[runlim] sample:		125.7 time, 130.8 real, 152.6 MB
[runlim] sample:		134.8 time, 140.8 real, 156.5 MB
[runlim] sample:		142.6 time, 150.8 real, 159.9 MB
[runlim] sample:		152.6 time, 160.8 real, 164.8 MB
[runlim] sample:		162.6 time, 170.8 real, 168.6 MB
[runlim] sample:		172.6 time, 180.8 real, 172.7 MB
[runlim] sample:		182.6 time, 190.8 real, 176.6 MB
[runlim] sample:		192.4 time, 200.8 real, 179.9 MB
[runlim] sample:		202.2 time, 210.8 real, 183.8 MB
[runlim] sample:		212.2 time, 220.8 real, 186.9 MB
[runlim] sample:		221.2 time, 230.8 real, 189.5 MB
[runlim] sample:		229.8 time, 240.8 real, 192.6 MB
[runlim] sample:		238.9 time, 250.8 real, 195.4 MB
[runlim] sample:		247.8 time, 260.8 real, 197.7 MB
[runlim] sample:		256.6 time, 270.8 real, 200.6 MB
[runlim] sample:		265.8 time, 280.8 real, 203.4 MB
[runlim] sample:		275.8 time, 290.8 real, 210.3 MB
[runlim] sample:		285.6 time, 300.8 real, 213.6 MB
[runlim] sample:		294.2 time, 310.8 real, 215.2 MB
CVC4 interrupted by SIGTERM.
[runlim] end:			Mon Jan 28 11:00:51 2019
[runlim] status:		out of time
[runlim] result:		2
[runlim] children:		0
[runlim] real:			316.87 seconds
[runlim] time:			300.07 seconds
[runlim] space:			217.5 MB
[runlim] samples:		3160
