[runlim] version:		1.10fixed
[runlim] time limit:		300 seconds
[runlim] real time limit:	311040000 seconds
[runlim] space limit:		4000 MB
[runlim] argv[0]:		./cvc4
[runlim] argv[1]:		--cbqi-all
[runlim] argv[2]:		/tmp/dqk1sBzv.smt2
[runlim] start:			Mon Jan 28 17:10:57 2019
[runlim] main pid:		8292
[runlim] sample:		9.5 time, 10.4 real, 42.3 MB
[runlim] sample:		19.2 time, 20.4 real, 50.7 MB
[runlim] sample:		28.8 time, 30.4 real, 56.9 MB
[runlim] sample:		38.8 time, 40.4 real, 62.3 MB
[runlim] sample:		48.8 time, 50.4 real, 67.1 MB
[runlim] sample:		58.8 time, 60.4 real, 71.0 MB
[runlim] sample:		68.8 time, 70.4 real, 75.8 MB
[runlim] sample:		78.8 time, 80.4 real, 79.2 MB
[runlim] sample:		88.8 time, 90.4 real, 82.3 MB
[runlim] sample:		98.8 time, 100.4 real, 85.1 MB
[runlim] sample:		108.8 time, 110.4 real, 88.4 MB
[runlim] sample:		118.8 time, 120.4 real, 91.3 MB
[runlim] sample:		128.8 time, 130.4 real, 93.6 MB
[runlim] sample:		138.8 time, 140.4 real, 95.9 MB
[runlim] sample:		148.8 time, 150.4 real, 98.0 MB
[runlim] sample:		158.8 time, 160.4 real, 100.0 MB
[runlim] sample:		168.8 time, 170.4 real, 102.1 MB
[runlim] sample:		178.8 time, 180.4 real, 104.2 MB
[runlim] sample:		188.8 time, 190.4 real, 107.2 MB
[runlim] sample:		198.8 time, 200.4 real, 109.7 MB
[runlim] sample:		208.8 time, 210.4 real, 111.0 MB
[runlim] sample:		218.8 time, 220.4 real, 112.8 MB
[runlim] sample:		228.8 time, 230.4 real, 114.4 MB
[runlim] sample:		238.8 time, 240.4 real, 116.2 MB
[runlim] sample:		248.8 time, 250.4 real, 117.7 MB
[runlim] sample:		258.8 time, 260.4 real, 119.3 MB
[runlim] sample:		268.8 time, 270.4 real, 122.7 MB
[runlim] sample:		278.8 time, 280.4 real, 124.3 MB
[runlim] sample:		288.8 time, 290.4 real, 125.8 MB
[runlim] sample:		298.8 time, 300.4 real, 127.6 MB
CVC4 interrupted by SIGTERM.
[runlim] end:			Mon Jan 28 17:15:58 2019
[runlim] status:		out of time
[runlim] result:		2
[runlim] children:		0
[runlim] real:			301.74 seconds
[runlim] time:			300.05 seconds
[runlim] space:			127.6 MB
[runlim] samples:		3013
