[runlim] version:		1.10fixed
[runlim] time limit:		300 seconds
[runlim] real time limit:	311040000 seconds
[runlim] space limit:		4000 MB
[runlim] argv[0]:		./cvc4
[runlim] argv[1]:		--cbqi-all
[runlim] argv[2]:		/tmp/I35bts4U.smt2
[runlim] start:			Tue Jan 29 14:47:03 2019
[runlim] main pid:		11245
[runlim] sample:		8.7 time, 10.5 real, 52.4 MB
[runlim] sample:		17.3 time, 20.5 real, 64.9 MB
[runlim] sample:		26.1 time, 30.5 real, 74.2 MB
[runlim] sample:		36.1 time, 40.5 real, 82.7 MB
[runlim] sample:		45.0 time, 50.5 real, 89.2 MB
[runlim] sample:		53.6 time, 60.5 real, 94.1 MB
[runlim] sample:		62.3 time, 70.5 real, 100.2 MB
[runlim] sample:		71.0 time, 80.5 real, 105.6 MB
[runlim] sample:		79.6 time, 90.5 real, 111.7 MB
[runlim] sample:		88.3 time, 100.5 real, 115.0 MB
[runlim] sample:		97.0 time, 110.5 real, 118.6 MB
[runlim] sample:		105.6 time, 120.5 real, 121.7 MB
[runlim] sample:		115.0 time, 130.5 real, 125.1 MB
[runlim] sample:		125.0 time, 140.5 real, 128.4 MB
[runlim] sample:		134.9 time, 150.5 real, 131.8 MB
[runlim] sample:		144.9 time, 160.5 real, 134.9 MB
[runlim] sample:		154.7 time, 170.5 real, 138.5 MB
[runlim] sample:		164.3 time, 180.5 real, 141.3 MB
[runlim] sample:		174.3 time, 190.5 real, 144.2 MB
[runlim] sample:		184.3 time, 200.5 real, 147.5 MB
[runlim] sample:		194.3 time, 210.5 real, 150.1 MB
[runlim] sample:		204.3 time, 220.5 real, 152.7 MB
[runlim] sample:		214.3 time, 230.5 real, 155.0 MB
[runlim] sample:		224.3 time, 240.5 real, 159.4 MB
[runlim] sample:		234.3 time, 250.5 real, 162.2 MB
[runlim] sample:		244.3 time, 260.5 real, 164.3 MB
[runlim] sample:		254.3 time, 270.5 real, 166.6 MB
[runlim] sample:		264.3 time, 280.5 real, 168.6 MB
[runlim] sample:		274.3 time, 290.5 real, 170.4 MB
[runlim] sample:		284.3 time, 300.5 real, 174.3 MB
[runlim] sample:		294.1 time, 310.5 real, 176.1 MB
CVC4 interrupted by SIGTERM.
[runlim] end:			Tue Jan 29 14:52:19 2019
[runlim] status:		out of time
[runlim] result:		2
[runlim] children:		0
[runlim] real:			316.99 seconds
[runlim] time:			300.03 seconds
[runlim] space:			177.4 MB
[runlim] samples:		3165
