[runlim] version:		1.10fixed
[runlim] time limit:		300 seconds
[runlim] real time limit:	311040000 seconds
[runlim] space limit:		4000 MB
[runlim] argv[0]:		./cvc4
[runlim] argv[1]:		--cbqi-all
[runlim] argv[2]:		/tmp/wrIrZNSw.smt2
[runlim] start:			Tue Jan 29 14:42:03 2019
[runlim] main pid:		5018
[runlim] sample:		9.1 time, 10.1 real, 51.1 MB
[runlim] sample:		18.4 time, 20.1 real, 63.3 MB
[runlim] sample:		28.0 time, 30.1 real, 72.2 MB
[runlim] sample:		37.7 time, 40.1 real, 80.2 MB
[runlim] sample:		47.7 time, 50.1 real, 86.6 MB
[runlim] sample:		57.7 time, 60.1 real, 92.0 MB
[runlim] sample:		67.7 time, 70.1 real, 97.8 MB
[runlim] sample:		77.7 time, 80.1 real, 103.0 MB
[runlim] sample:		87.7 time, 90.1 real, 109.5 MB
[runlim] sample:		97.7 time, 100.1 real, 113.1 MB
[runlim] sample:		107.2 time, 110.1 real, 116.5 MB
[runlim] sample:		115.9 time, 120.1 real, 119.3 MB
[runlim] sample:		125.9 time, 130.1 real, 122.1 MB
[runlim] sample:		135.9 time, 140.1 real, 125.0 MB
[runlim] sample:		145.2 time, 150.1 real, 127.5 MB
[runlim] sample:		153.6 time, 160.1 real, 129.9 MB
[runlim] sample:		163.5 time, 170.1 real, 132.7 MB
[runlim] sample:		172.3 time, 180.1 real, 134.8 MB
[runlim] sample:		182.3 time, 190.1 real, 138.1 MB
[runlim] sample:		192.2 time, 200.1 real, 140.4 MB
[runlim] sample:		202.0 time, 210.1 real, 142.7 MB
[runlim] sample:		210.1 time, 220.1 real, 144.5 MB
[runlim] sample:		219.5 time, 230.1 real, 146.6 MB
[runlim] sample:		228.8 time, 240.1 real, 148.4 MB
[runlim] sample:		238.2 time, 250.1 real, 150.5 MB
[runlim] sample:		247.8 time, 260.1 real, 152.3 MB
[runlim] sample:		257.8 time, 270.1 real, 157.2 MB
[runlim] sample:		267.8 time, 280.1 real, 157.7 MB
[runlim] sample:		277.8 time, 290.1 real, 159.5 MB
[runlim] sample:		287.8 time, 300.1 real, 161.6 MB
[runlim] sample:		297.8 time, 310.1 real, 163.1 MB
CVC4 interrupted by SIGTERM.
[runlim] end:			Tue Jan 29 14:47:15 2019
[runlim] status:		out of time
[runlim] result:		2
[runlim] children:		0
[runlim] real:			312.40 seconds
[runlim] time:			300.09 seconds
[runlim] space:			163.6 MB
[runlim] samples:		3123
