[runlim] version:		1.10fixed
[runlim] time limit:		300 seconds
[runlim] real time limit:	311040000 seconds
[runlim] space limit:		4000 MB
[runlim] argv[0]:		./cvc4
[runlim] argv[1]:		--cbqi-all
[runlim] argv[2]:		/tmp/aSCl3kSr.smt2
[runlim] start:			Mon Jan 28 10:58:53 2019
[runlim] main pid:		3189
[runlim] sample:		8.9 time, 10.9 real, 173.2 MB
[runlim] sample:		18.0 time, 20.9 real, 210.9 MB
[runlim] sample:		27.6 time, 30.9 real, 231.2 MB
[runlim] sample:		36.7 time, 40.9 real, 231.2 MB
[runlim] sample:		45.6 time, 50.9 real, 231.4 MB
[runlim] sample:		54.5 time, 60.9 real, 231.4 MB
[runlim] sample:		63.6 time, 70.9 real, 253.6 MB
[runlim] sample:		73.3 time, 80.9 real, 253.6 MB
[runlim] sample:		83.3 time, 90.9 real, 253.8 MB
[runlim] sample:		93.3 time, 100.9 real, 255.1 MB
[runlim] sample:		103.3 time, 110.9 real, 279.6 MB
[runlim] sample:		113.3 time, 120.9 real, 305.5 MB
[runlim] sample:		123.3 time, 130.9 real, 323.6 MB
[runlim] sample:		133.3 time, 140.9 real, 324.9 MB
[runlim] sample:		143.3 time, 150.9 real, 325.1 MB
[runlim] sample:		153.3 time, 160.9 real, 339.7 MB
[runlim] sample:		163.3 time, 170.9 real, 340.3 MB
[runlim] sample:		173.3 time, 180.9 real, 354.9 MB
[runlim] sample:		183.3 time, 190.9 real, 369.6 MB
[runlim] sample:		193.3 time, 200.9 real, 369.6 MB
[runlim] sample:		203.3 time, 210.9 real, 381.1 MB
[runlim] sample:		213.3 time, 220.9 real, 395.0 MB
[runlim] sample:		223.3 time, 230.9 real, 398.9 MB
[runlim] sample:		233.3 time, 240.9 real, 411.0 MB
[runlim] sample:		243.3 time, 250.9 real, 411.5 MB
[runlim] sample:		253.3 time, 260.9 real, 429.0 MB
[runlim] sample:		263.3 time, 270.9 real, 429.0 MB
[runlim] sample:		273.3 time, 280.9 real, 447.3 MB
[runlim] sample:		283.3 time, 290.9 real, 447.8 MB
[runlim] sample:		293.3 time, 300.9 real, 470.2 MB
CVC4 interrupted by SIGTERM.
[runlim] end:			Mon Jan 28 11:04:00 2019
[runlim] status:		out of time
[runlim] result:		2
[runlim] children:		0
[runlim] real:			307.59 seconds
[runlim] time:			300.03 seconds
[runlim] space:			470.2 MB
[runlim] samples:		3067
