[runlim] version:		1.10fixed
[runlim] time limit:		300 seconds
[runlim] real time limit:	311040000 seconds
[runlim] space limit:		4000 MB
[runlim] argv[0]:		./cvc4
[runlim] argv[1]:		--cbqi-all
[runlim] argv[2]:		/tmp/XxyKaW7G.smt2
[runlim] start:			Mon Jan 28 10:55:40 2019
[runlim] main pid:		18507
[runlim] sample:		7.4 time, 10.8 real, 48.8 MB
[runlim] sample:		14.7 time, 20.8 real, 60.2 MB
[runlim] sample:		24.7 time, 30.8 real, 71.6 MB
[runlim] sample:		34.7 time, 40.8 real, 79.6 MB
[runlim] sample:		44.7 time, 50.8 real, 86.9 MB
[runlim] sample:		54.7 time, 60.8 real, 92.8 MB
[runlim] sample:		64.7 time, 70.8 real, 97.9 MB
[runlim] sample:		74.7 time, 80.8 real, 104.5 MB
[runlim] sample:		84.7 time, 90.8 real, 111.0 MB
[runlim] sample:		94.7 time, 100.8 real, 114.6 MB
[runlim] sample:		104.7 time, 110.8 real, 118.2 MB
[runlim] sample:		114.7 time, 120.8 real, 121.5 MB
[runlim] sample:		124.7 time, 130.8 real, 124.6 MB
[runlim] sample:		134.7 time, 140.8 real, 127.5 MB
[runlim] sample:		144.7 time, 150.8 real, 130.3 MB
[runlim] sample:		154.7 time, 160.8 real, 133.1 MB
[runlim] sample:		164.7 time, 170.8 real, 135.7 MB
[runlim] sample:		174.7 time, 180.8 real, 138.8 MB
[runlim] sample:		184.7 time, 190.8 real, 141.1 MB
[runlim] sample:		194.7 time, 200.8 real, 144.0 MB
[runlim] sample:		204.7 time, 210.8 real, 146.5 MB
[runlim] sample:		214.7 time, 220.8 real, 149.1 MB
[runlim] sample:		224.7 time, 230.8 real, 151.2 MB
[runlim] sample:		234.7 time, 240.8 real, 153.2 MB
[runlim] sample:		244.7 time, 250.8 real, 156.3 MB
[runlim] sample:		254.7 time, 260.8 real, 159.2 MB
[runlim] sample:		264.7 time, 270.8 real, 160.7 MB
[runlim] sample:		274.7 time, 280.8 real, 163.0 MB
[runlim] sample:		284.6 time, 290.8 real, 164.8 MB
[runlim] sample:		294.6 time, 300.8 real, 166.4 MB
[runlim] end:			Mon Jan 28 11:00:45 2019
[runlim] status:		signal(9)
[runlim] result:		11
[runlim] children:		0
[runlim] real:			305.35 seconds
[runlim] time:			299.15 seconds
[runlim] space:			167.1 MB
[runlim] samples:		3045
