[runlim] version:		1.10fixed
[runlim] time limit:		300 seconds
[runlim] real time limit:	311040000 seconds
[runlim] space limit:		4000 MB
[runlim] argv[0]:		./cvc4
[runlim] argv[1]:		--cbqi-all
[runlim] argv[2]:		/tmp/9bKMKaRH.smt2
[runlim] start:			Mon Jan 28 17:13:14 2019
[runlim] main pid:		7814
[runlim] sample:		9.0 time, 10.1 real, 50.4 MB
[runlim] sample:		19.0 time, 20.1 real, 62.4 MB
[runlim] sample:		29.0 time, 30.1 real, 71.4 MB
[runlim] sample:		39.0 time, 40.1 real, 78.4 MB
[runlim] sample:		49.0 time, 50.1 real, 85.1 MB
[runlim] sample:		58.3 time, 60.1 real, 90.8 MB
[runlim] sample:		66.7 time, 70.1 real, 94.9 MB
[runlim] sample:		76.4 time, 80.1 real, 99.3 MB
[runlim] sample:		85.4 time, 90.1 real, 103.4 MB
[runlim] sample:		94.0 time, 100.1 real, 106.5 MB
[runlim] sample:		102.2 time, 110.1 real, 109.1 MB
[runlim] sample:		110.6 time, 120.1 real, 111.9 MB
[runlim] sample:		118.9 time, 130.1 real, 117.0 MB
[runlim] sample:		128.2 time, 140.1 real, 119.5 MB
[runlim] sample:		137.6 time, 150.1 real, 122.1 MB
[runlim] sample:		147.6 time, 160.1 real, 124.7 MB
[runlim] sample:		157.5 time, 170.1 real, 127.3 MB
[runlim] sample:		167.5 time, 180.1 real, 129.6 MB
[runlim] sample:		177.5 time, 190.1 real, 132.4 MB
[runlim] sample:		187.5 time, 200.1 real, 135.3 MB
[runlim] sample:		197.5 time, 210.1 real, 137.6 MB
[runlim] sample:		207.5 time, 220.1 real, 139.9 MB
[runlim] sample:		217.5 time, 230.1 real, 142.5 MB
[runlim] sample:		227.5 time, 240.1 real, 144.5 MB
[runlim] sample:		237.5 time, 250.1 real, 146.3 MB
[runlim] sample:		247.5 time, 260.1 real, 148.4 MB
[runlim] sample:		257.5 time, 270.1 real, 150.2 MB
[runlim] sample:		267.5 time, 280.1 real, 155.4 MB
[runlim] sample:		277.5 time, 290.1 real, 155.6 MB
[runlim] sample:		287.5 time, 300.1 real, 157.7 MB
[runlim] sample:		297.5 time, 310.1 real, 159.2 MB
CVC4 interrupted by SIGTERM.
[runlim] end:			Mon Jan 28 17:18:26 2019
[runlim] status:		out of time
[runlim] result:		2
[runlim] children:		0
[runlim] real:			312.76 seconds
[runlim] time:			300.06 seconds
[runlim] space:			160.0 MB
[runlim] samples:		3126
