[runlim] version:		1.10fixed
[runlim] time limit:		300 seconds
[runlim] real time limit:	311040000 seconds
[runlim] space limit:		4000 MB
[runlim] argv[0]:		./cvc4
[runlim] argv[1]:		--cbqi-all
[runlim] argv[2]:		/tmp/5poWwOZn.smt2
[runlim] start:			Mon Jan 28 16:43:46 2019
[runlim] main pid:		9509
[runlim] sample:		8.6 time, 10.3 real, 50.4 MB
[runlim] sample:		18.6 time, 20.3 real, 65.0 MB
[runlim] sample:		28.4 time, 30.3 real, 74.5 MB
[runlim] sample:		38.0 time, 40.3 real, 82.0 MB
[runlim] sample:		47.7 time, 50.3 real, 89.3 MB
[runlim] sample:		57.4 time, 60.3 real, 95.0 MB
[runlim] sample:		67.1 time, 70.3 real, 102.3 MB
[runlim] sample:		77.1 time, 80.3 real, 107.7 MB
[runlim] sample:		87.1 time, 90.3 real, 111.6 MB
[runlim] sample:		97.1 time, 100.3 real, 115.4 MB
[runlim] sample:		107.1 time, 110.3 real, 119.8 MB
[runlim] sample:		117.1 time, 120.3 real, 123.4 MB
[runlim] sample:		127.1 time, 130.3 real, 127.0 MB
[runlim] sample:		137.1 time, 140.3 real, 130.4 MB
[runlim] sample:		147.1 time, 150.3 real, 133.5 MB
[runlim] sample:		157.1 time, 160.3 real, 136.8 MB
[runlim] sample:		167.1 time, 170.3 real, 139.9 MB
[runlim] sample:		177.1 time, 180.3 real, 142.5 MB
[runlim] sample:		187.1 time, 190.3 real, 145.6 MB
[runlim] sample:		197.1 time, 200.3 real, 150.0 MB
[runlim] sample:		207.1 time, 210.3 real, 152.3 MB
[runlim] sample:		217.1 time, 220.3 real, 155.1 MB
[runlim] sample:		227.1 time, 230.3 real, 158.2 MB
[runlim] sample:		237.1 time, 240.3 real, 160.3 MB
[runlim] sample:		247.1 time, 250.3 real, 162.9 MB
[runlim] sample:		257.1 time, 260.3 real, 164.9 MB
[runlim] sample:		267.1 time, 270.3 real, 170.9 MB
[runlim] sample:		276.5 time, 280.3 real, 172.7 MB
[runlim] sample:		286.3 time, 290.3 real, 174.5 MB
[runlim] sample:		295.2 time, 300.3 real, 176.5 MB
CVC4 interrupted by SIGTERM.
[runlim] end:			Mon Jan 28 16:48:52 2019
[runlim] status:		out of time
[runlim] result:		2
[runlim] children:		0
[runlim] real:			306.11 seconds
[runlim] time:			300.05 seconds
[runlim] space:			177.3 MB
[runlim] samples:		3058
