[runlim] version:		1.10fixed
[runlim] time limit:		300 seconds
[runlim] real time limit:	311040000 seconds
[runlim] space limit:		4000 MB
[runlim] argv[0]:		./cvc4
[runlim] argv[1]:		--cbqi-all
[runlim] argv[2]:		/tmp/TZdgZdmH.smt2
[runlim] start:			Mon Jan 28 17:12:26 2019
[runlim] main pid:		19786
[runlim] sample:		10.0 time, 10.6 real, 54.7 MB
[runlim] sample:		20.0 time, 20.6 real, 65.5 MB
[runlim] sample:		30.0 time, 30.6 real, 75.5 MB
[runlim] sample:		40.0 time, 40.6 real, 85.1 MB
[runlim] sample:		50.0 time, 50.6 real, 91.8 MB
[runlim] sample:		60.0 time, 60.6 real, 98.5 MB
[runlim] sample:		70.0 time, 70.6 real, 104.5 MB
[runlim] sample:		80.0 time, 80.6 real, 109.6 MB
[runlim] sample:		90.0 time, 90.6 real, 114.0 MB
[runlim] sample:		100.0 time, 100.6 real, 117.9 MB
[runlim] sample:		110.0 time, 110.6 real, 123.2 MB
[runlim] sample:		120.0 time, 120.6 real, 126.8 MB
[runlim] sample:		129.9 time, 130.6 real, 130.2 MB
[runlim] sample:		139.9 time, 140.6 real, 133.3 MB
[runlim] sample:		149.9 time, 150.6 real, 136.6 MB
[runlim] sample:		159.9 time, 160.6 real, 139.2 MB
[runlim] sample:		168.4 time, 170.6 real, 141.5 MB
[runlim] sample:		177.2 time, 180.6 real, 144.9 MB
[runlim] sample:		186.9 time, 190.6 real, 146.7 MB
[runlim] sample:		196.9 time, 200.6 real, 149.2 MB
[runlim] sample:		206.3 time, 210.6 real, 151.8 MB
[runlim] sample:		216.3 time, 220.6 real, 155.2 MB
[runlim] sample:		224.4 time, 230.6 real, 157.7 MB
[runlim] sample:		233.8 time, 240.6 real, 159.8 MB
[runlim] sample:		243.8 time, 250.6 real, 161.6 MB
[runlim] sample:		253.8 time, 260.6 real, 163.7 MB
[runlim] sample:		263.8 time, 270.6 real, 166.0 MB
[runlim] sample:		273.8 time, 280.6 real, 168.3 MB
[runlim] sample:		283.8 time, 290.6 real, 170.1 MB
[runlim] sample:		293.8 time, 300.6 real, 171.7 MB
CVC4 interrupted by SIGTERM.
[runlim] end:			Mon Jan 28 17:17:32 2019
[runlim] status:		out of time
[runlim] result:		2
[runlim] children:		0
[runlim] real:			306.93 seconds
[runlim] time:			300.08 seconds
[runlim] space:			172.7 MB
[runlim] samples:		3063
