[runlim] version:		1.10fixed
[runlim] time limit:		300 seconds
[runlim] real time limit:	311040000 seconds
[runlim] space limit:		4000 MB
[runlim] argv[0]:		./cvc4
[runlim] argv[1]:		--cbqi-all
[runlim] argv[2]:		/tmp/vNQVvMcH.smt2
[runlim] start:			Mon Jan 28 17:05:39 2019
[runlim] main pid:		19684
[runlim] sample:		8.5 time, 10.5 real, 39.8 MB
[runlim] sample:		17.8 time, 20.5 real, 51.4 MB
[runlim] sample:		26.1 time, 30.5 real, 57.8 MB
[runlim] sample:		33.7 time, 40.5 real, 65.1 MB
[runlim] sample:		41.5 time, 50.5 real, 69.2 MB
[runlim] sample:		50.4 time, 60.5 real, 73.8 MB
[runlim] sample:		59.5 time, 70.5 real, 82.7 MB
[runlim] sample:		69.0 time, 80.5 real, 84.0 MB
[runlim] sample:		78.8 time, 90.5 real, 85.6 MB
[runlim] sample:		88.7 time, 100.5 real, 88.4 MB
[runlim] sample:		98.4 time, 110.5 real, 90.9 MB
[runlim] sample:		108.0 time, 120.5 real, 94.0 MB
[runlim] sample:		117.7 time, 130.5 real, 95.8 MB
[runlim] sample:		127.4 time, 140.5 real, 100.0 MB
[runlim] sample:		136.8 time, 150.5 real, 103.0 MB
[runlim] sample:		146.5 time, 160.5 real, 104.0 MB
[runlim] sample:		156.0 time, 170.5 real, 105.8 MB
[runlim] sample:		164.6 time, 180.5 real, 108.4 MB
[runlim] sample:		172.8 time, 190.5 real, 109.9 MB
[runlim] sample:		181.5 time, 200.5 real, 112.0 MB
[runlim] sample:		190.4 time, 210.5 real, 113.8 MB
[runlim] sample:		200.1 time, 220.5 real, 115.6 MB
[runlim] sample:		210.1 time, 230.5 real, 117.4 MB
[runlim] sample:		220.1 time, 240.5 real, 119.4 MB
[runlim] sample:		229.9 time, 250.5 real, 121.2 MB
[runlim] sample:		239.9 time, 260.5 real, 123.3 MB
[runlim] sample:		249.9 time, 270.5 real, 125.4 MB
[runlim] sample:		259.9 time, 280.5 real, 126.1 MB
[runlim] sample:		269.9 time, 290.5 real, 128.2 MB
[runlim] sample:		279.9 time, 300.5 real, 130.0 MB
[runlim] sample:		289.9 time, 310.5 real, 134.1 MB
[runlim] sample:		299.9 time, 320.5 real, 134.3 MB
CVC4 interrupted by SIGTERM.
[runlim] end:			Mon Jan 28 17:10:59 2019
[runlim] status:		out of time
[runlim] result:		2
[runlim] children:		0
[runlim] real:			320.72 seconds
[runlim] time:			300.09 seconds
[runlim] space:			134.3 MB
[runlim] samples:		3202
