[runlim] version:		1.10fixed
[runlim] time limit:		300 seconds
[runlim] real time limit:	311040000 seconds
[runlim] space limit:		4000 MB
[runlim] argv[0]:		./cvc4
[runlim] argv[1]:		--cbqi-all
[runlim] argv[2]:		/tmp/iAnePrAK.smt2
[runlim] start:			Mon Jan 28 16:56:31 2019
[runlim] main pid:		10718
[runlim] sample:		8.5 time, 11.0 real, 48.0 MB
[runlim] sample:		17.7 time, 21.0 real, 58.3 MB
[runlim] sample:		27.1 time, 31.0 real, 68.2 MB
[runlim] sample:		36.2 time, 41.0 real, 81.3 MB
[runlim] sample:		45.5 time, 51.0 real, 84.2 MB
[runlim] sample:		55.5 time, 61.0 real, 97.7 MB
[runlim] sample:		65.5 time, 71.0 real, 97.7 MB
[runlim] sample:		74.3 time, 81.0 real, 104.3 MB
[runlim] sample:		83.1 time, 91.0 real, 121.4 MB
[runlim] sample:		91.8 time, 101.0 real, 128.6 MB
[runlim] sample:		99.7 time, 111.0 real, 129.4 MB
[runlim] sample:		109.3 time, 121.0 real, 131.0 MB
[runlim] sample:		118.5 time, 131.0 real, 142.6 MB
[runlim] sample:		128.2 time, 141.0 real, 142.8 MB
[runlim] sample:		137.6 time, 151.0 real, 142.8 MB
[runlim] sample:		146.8 time, 161.0 real, 142.8 MB
[runlim] sample:		154.4 time, 171.0 real, 157.0 MB
[runlim] sample:		162.5 time, 181.0 real, 177.6 MB
[runlim] sample:		171.5 time, 191.0 real, 178.6 MB
[runlim] sample:		181.5 time, 201.0 real, 182.5 MB
[runlim] sample:		191.5 time, 211.0 real, 196.5 MB
[runlim] sample:		201.5 time, 221.0 real, 197.0 MB
[runlim] sample:		211.5 time, 231.0 real, 197.0 MB
[runlim] sample:		221.4 time, 241.0 real, 197.3 MB
[runlim] sample:		231.4 time, 251.0 real, 197.3 MB
[runlim] sample:		241.4 time, 261.0 real, 197.3 MB
[runlim] sample:		251.4 time, 271.0 real, 203.0 MB
[runlim] sample:		261.4 time, 281.0 real, 212.2 MB
[runlim] sample:		270.1 time, 291.0 real, 212.2 MB
[runlim] sample:		279.7 time, 301.0 real, 212.5 MB
[runlim] sample:		289.4 time, 311.0 real, 212.5 MB
[runlim] sample:		299.3 time, 321.0 real, 212.5 MB
CVC4 interrupted by SIGTERM.
[runlim] end:			Mon Jan 28 17:01:52 2019
[runlim] status:		out of time
[runlim] result:		2
[runlim] children:		0
[runlim] real:			321.71 seconds
[runlim] time:			300.01 seconds
[runlim] space:			212.5 MB
[runlim] samples:		3207
