[runlim] version:		1.10fixed
[runlim] time limit:		300 seconds
[runlim] real time limit:	311040000 seconds
[runlim] space limit:		4000 MB
[runlim] argv[0]:		./cvc4
[runlim] argv[1]:		--cbqi-all
[runlim] argv[2]:		/tmp/L7PUSUC5.smt2
[runlim] start:			Tue Jan 29 14:24:19 2019
[runlim] main pid:		17630
[runlim] sample:		9.7 time, 10.6 real, 41.1 MB
[runlim] sample:		19.4 time, 20.6 real, 51.9 MB
[runlim] sample:		27.7 time, 30.6 real, 59.0 MB
[runlim] sample:		36.5 time, 40.6 real, 62.3 MB
[runlim] sample:		45.9 time, 50.6 real, 66.7 MB
[runlim] sample:		55.4 time, 60.6 real, 70.1 MB
[runlim] sample:		65.4 time, 70.6 real, 73.4 MB
[runlim] sample:		75.4 time, 80.6 real, 76.8 MB
[runlim] sample:		85.4 time, 90.6 real, 79.9 MB
[runlim] sample:		95.4 time, 100.6 real, 83.2 MB
[runlim] sample:		105.4 time, 110.6 real, 86.6 MB
[runlim] sample:		115.4 time, 120.6 real, 90.2 MB
[runlim] sample:		125.4 time, 130.6 real, 93.0 MB
[runlim] sample:		135.4 time, 140.6 real, 96.6 MB
[runlim] sample:		145.4 time, 150.6 real, 98.6 MB
[runlim] sample:		155.4 time, 160.6 real, 101.7 MB
[runlim] sample:		165.4 time, 170.6 real, 104.5 MB
[runlim] sample:		175.4 time, 180.6 real, 106.9 MB
[runlim] sample:		185.4 time, 190.6 real, 109.9 MB
[runlim] sample:		195.4 time, 200.6 real, 111.7 MB
[runlim] sample:		205.4 time, 210.6 real, 114.3 MB
[runlim] sample:		215.4 time, 220.6 real, 116.1 MB
[runlim] sample:		225.4 time, 230.6 real, 118.9 MB
[runlim] sample:		235.4 time, 240.6 real, 124.0 MB
[runlim] sample:		245.4 time, 250.6 real, 125.5 MB
[runlim] sample:		255.4 time, 260.6 real, 125.8 MB
[runlim] sample:		265.4 time, 270.6 real, 127.3 MB
[runlim] sample:		275.4 time, 280.6 real, 129.4 MB
[runlim] sample:		285.4 time, 290.6 real, 131.4 MB
[runlim] sample:		295.4 time, 300.6 real, 133.7 MB
CVC4 interrupted by SIGTERM.
[runlim] end:			Tue Jan 29 14:29:24 2019
[runlim] status:		out of time
[runlim] result:		2
[runlim] children:		0
[runlim] real:			305.31 seconds
[runlim] time:			300.08 seconds
[runlim] space:			133.7 MB
[runlim] samples:		3047
