[runlim] version:		1.10fixed
[runlim] time limit:		300 seconds
[runlim] real time limit:	311040000 seconds
[runlim] space limit:		4000 MB
[runlim] argv[0]:		./cvc4
[runlim] argv[1]:		--cbqi-all
[runlim] argv[2]:		/tmp/xJANLPdl.smt2
[runlim] start:			Tue Jan 29 14:25:06 2019
[runlim] main pid:		791
[runlim] sample:		9.3 time, 10.4 real, 45.7 MB
[runlim] sample:		18.4 time, 20.4 real, 54.7 MB
[runlim] sample:		26.6 time, 30.4 real, 57.4 MB
[runlim] sample:		36.4 time, 40.4 real, 61.8 MB
[runlim] sample:		46.4 time, 50.4 real, 65.9 MB
[runlim] sample:		56.4 time, 60.4 real, 70.0 MB
[runlim] sample:		66.4 time, 70.4 real, 72.5 MB
[runlim] sample:		76.4 time, 80.4 real, 75.9 MB
[runlim] sample:		86.4 time, 90.4 real, 79.0 MB
[runlim] sample:		96.4 time, 100.4 real, 81.8 MB
[runlim] sample:		106.4 time, 110.4 real, 85.2 MB
[runlim] sample:		116.4 time, 120.4 real, 87.6 MB
[runlim] sample:		126.4 time, 130.4 real, 90.7 MB
[runlim] sample:		136.4 time, 140.4 real, 94.6 MB
[runlim] sample:		146.4 time, 150.4 real, 97.9 MB
[runlim] sample:		156.4 time, 160.4 real, 101.0 MB
[runlim] sample:		166.4 time, 170.4 real, 103.1 MB
[runlim] sample:		176.4 time, 180.4 real, 105.4 MB
[runlim] sample:		186.4 time, 190.4 real, 108.7 MB
[runlim] sample:		196.4 time, 200.4 real, 110.6 MB
[runlim] sample:		206.4 time, 210.4 real, 112.6 MB
[runlim] sample:		216.4 time, 220.4 real, 114.7 MB
[runlim] sample:		226.4 time, 230.4 real, 116.7 MB
[runlim] sample:		236.4 time, 240.4 real, 122.8 MB
[runlim] sample:		246.4 time, 250.4 real, 123.3 MB
[runlim] sample:		256.4 time, 260.4 real, 123.8 MB
[runlim] sample:		266.4 time, 270.4 real, 124.8 MB
[runlim] sample:		276.4 time, 280.4 real, 126.9 MB
[runlim] sample:		286.4 time, 290.4 real, 129.5 MB
[runlim] sample:		295.9 time, 300.4 real, 131.6 MB
CVC4 interrupted by SIGTERM.
[runlim] end:			Tue Jan 29 14:30:10 2019
[runlim] status:		out of time
[runlim] result:		2
[runlim] children:		0
[runlim] real:			304.87 seconds
[runlim] time:			300.09 seconds
[runlim] space:			131.6 MB
[runlim] samples:		3044
