[runlim] version:		1.10fixed
[runlim] time limit:		300 seconds
[runlim] real time limit:	311040000 seconds
[runlim] space limit:		4000 MB
[runlim] argv[0]:		./cvc4
[runlim] argv[1]:		--cbqi-all
[runlim] argv[2]:		/tmp/ZOUZ0sRU.smt2
[runlim] start:			Tue Jan 29 14:26:37 2019
[runlim] main pid:		16681
[runlim] sample:		8.6 time, 10.2 real, 39.0 MB
[runlim] sample:		16.9 time, 20.2 real, 46.7 MB
[runlim] sample:		25.3 time, 30.2 real, 52.4 MB
[runlim] sample:		33.6 time, 40.2 real, 62.1 MB
[runlim] sample:		43.2 time, 50.2 real, 68.9 MB
[runlim] sample:		53.2 time, 60.2 real, 74.9 MB
[runlim] sample:		63.2 time, 70.2 real, 76.2 MB
[runlim] sample:		73.2 time, 80.2 real, 79.5 MB
[runlim] sample:		83.2 time, 90.2 real, 82.8 MB
[runlim] sample:		93.2 time, 100.2 real, 86.2 MB
[runlim] sample:		103.2 time, 110.2 real, 89.3 MB
[runlim] sample:		113.2 time, 120.2 real, 91.6 MB
[runlim] sample:		123.2 time, 130.2 real, 95.6 MB
[runlim] sample:		133.2 time, 140.2 real, 97.9 MB
[runlim] sample:		143.2 time, 150.2 real, 100.7 MB
[runlim] sample:		153.2 time, 160.2 real, 102.8 MB
[runlim] sample:		163.2 time, 170.2 real, 105.6 MB
[runlim] sample:		173.2 time, 180.2 real, 107.7 MB
[runlim] sample:		183.2 time, 190.2 real, 110.5 MB
[runlim] sample:		193.2 time, 200.2 real, 112.8 MB
[runlim] sample:		202.4 time, 210.2 real, 114.6 MB
[runlim] sample:		212.1 time, 220.2 real, 116.7 MB
[runlim] sample:		222.1 time, 230.2 real, 119.3 MB
[runlim] sample:		232.1 time, 240.2 real, 124.1 MB
[runlim] sample:		242.1 time, 250.2 real, 124.4 MB
[runlim] sample:		252.1 time, 260.2 real, 126.2 MB
[runlim] sample:		262.1 time, 270.2 real, 128.2 MB
[runlim] sample:		272.1 time, 280.2 real, 129.0 MB
[runlim] sample:		282.1 time, 290.2 real, 131.3 MB
[runlim] sample:		292.1 time, 300.2 real, 132.9 MB
CVC4 interrupted by SIGTERM.
[runlim] end:			Tue Jan 29 14:31:45 2019
[runlim] status:		out of time
[runlim] result:		2
[runlim] children:		0
[runlim] real:			308.30 seconds
[runlim] time:			300.06 seconds
[runlim] space:			134.9 MB
[runlim] samples:		3081
