[runlim] version:		1.10fixed
[runlim] time limit:		300 seconds
[runlim] real time limit:	311040000 seconds
[runlim] space limit:		4000 MB
[runlim] argv[0]:		./cvc4
[runlim] argv[1]:		--cbqi-all
[runlim] argv[2]:		/tmp/GarXqGDi.smt2
[runlim] start:			Mon Jan 28 16:56:47 2019
[runlim] main pid:		25879
[runlim] sample:		9.3 time, 10.1 real, 46.1 MB
[runlim] sample:		19.0 time, 20.1 real, 64.6 MB
[runlim] sample:		28.7 time, 30.1 real, 74.1 MB
[runlim] sample:		38.1 time, 40.1 real, 89.4 MB
[runlim] sample:		47.7 time, 50.1 real, 99.2 MB
[runlim] sample:		57.2 time, 60.1 real, 103.4 MB
[runlim] sample:		66.5 time, 70.1 real, 122.2 MB
[runlim] sample:		75.8 time, 80.1 real, 123.7 MB
[runlim] sample:		85.1 time, 90.1 real, 125.9 MB
[runlim] sample:		94.5 time, 100.1 real, 149.3 MB
[runlim] sample:		104.0 time, 110.1 real, 163.2 MB
[runlim] sample:		113.7 time, 120.1 real, 175.1 MB
[runlim] sample:		123.4 time, 130.1 real, 175.8 MB
[runlim] sample:		133.3 time, 140.1 real, 223.2 MB
[runlim] sample:		142.2 time, 150.1 real, 250.0 MB
[runlim] sample:		151.1 time, 160.1 real, 250.0 MB
[runlim] sample:		158.6 time, 170.1 real, 250.0 MB
[runlim] sample:		167.9 time, 180.1 real, 250.0 MB
[runlim] sample:		177.9 time, 190.1 real, 250.2 MB
[runlim] sample:		187.8 time, 200.1 real, 250.2 MB
[runlim] sample:		197.8 time, 210.1 real, 250.2 MB
[runlim] sample:		207.8 time, 220.1 real, 250.2 MB
[runlim] sample:		217.8 time, 230.1 real, 250.7 MB
[runlim] sample:		227.8 time, 240.1 real, 252.0 MB
[runlim] sample:		237.8 time, 250.1 real, 253.3 MB
[runlim] sample:		247.8 time, 260.1 real, 255.4 MB
[runlim] sample:		257.9 time, 270.1 real, 255.9 MB
[runlim] sample:		267.9 time, 280.1 real, 255.9 MB
[runlim] sample:		277.8 time, 290.1 real, 255.9 MB
[runlim] sample:		287.8 time, 300.1 real, 255.9 MB
[runlim] sample:		297.8 time, 310.1 real, 255.9 MB
[runlim] end:			Mon Jan 28 17:01:58 2019
[runlim] status:		signal(9)
[runlim] result:		11
[runlim] children:		0
[runlim] real:			311.42 seconds
[runlim] time:			299.14 seconds
[runlim] space:			256.1 MB
[runlim] samples:		3113
