[runlim] version:		1.10fixed
[runlim] time limit:		300 seconds
[runlim] real time limit:	311040000 seconds
[runlim] space limit:		4000 MB
[runlim] argv[0]:		./cvc4
[runlim] argv[1]:		--cbqi-all
[runlim] argv[2]:		/tmp/BBOMZ65p.smt2
[runlim] start:			Mon Jan 28 17:05:54 2019
[runlim] main pid:		7770
[runlim] sample:		9.2 time, 10.2 real, 107.2 MB
[runlim] sample:		18.2 time, 20.2 real, 169.9 MB
[runlim] sample:		26.2 time, 30.2 real, 215.2 MB
[runlim] sample:		34.2 time, 40.2 real, 260.8 MB
[runlim] sample:		42.9 time, 50.2 real, 300.0 MB
[runlim] sample:		52.3 time, 60.2 real, 345.3 MB
[runlim] sample:		60.8 time, 70.2 real, 377.8 MB
[runlim] sample:		70.3 time, 80.2 real, 424.4 MB
[runlim] sample:		80.3 time, 90.2 real, 465.7 MB
[runlim] sample:		90.3 time, 100.2 real, 504.0 MB
[runlim] sample:		100.3 time, 110.2 real, 546.5 MB
[runlim] sample:		109.7 time, 120.2 real, 580.2 MB
[runlim] sample:		117.7 time, 130.2 real, 608.0 MB
[runlim] sample:		125.9 time, 140.2 real, 630.6 MB
[runlim] sample:		134.9 time, 150.2 real, 663.6 MB
[runlim] sample:		144.9 time, 160.2 real, 698.8 MB
[runlim] sample:		154.7 time, 170.2 real, 732.3 MB
[runlim] sample:		164.4 time, 180.2 real, 756.8 MB
[runlim] sample:		174.0 time, 190.2 real, 785.9 MB
[runlim] sample:		183.7 time, 200.2 real, 816.8 MB
[runlim] sample:		193.4 time, 210.2 real, 853.8 MB
[runlim] sample:		202.6 time, 220.2 real, 898.1 MB
[runlim] sample:		212.3 time, 230.2 real, 913.8 MB
[runlim] sample:		221.5 time, 240.2 real, 944.7 MB
[runlim] sample:		230.5 time, 250.2 real, 970.9 MB
[runlim] sample:		239.7 time, 260.2 real, 996.7 MB
[runlim] sample:		248.5 time, 270.2 real, 1021.4 MB
[runlim] sample:		258.3 time, 280.2 real, 1047.7 MB
[runlim] sample:		268.3 time, 290.2 real, 1075.0 MB
[runlim] sample:		278.3 time, 300.2 real, 1103.6 MB
[runlim] sample:		288.3 time, 310.2 real, 1138.1 MB
[runlim] sample:		298.3 time, 320.2 real, 1153.3 MB
CVC4 interrupted by SIGTERM.
[runlim] end:			Mon Jan 28 17:11:16 2019
[runlim] status:		out of time
[runlim] result:		2
[runlim] children:		0
[runlim] real:			322.02 seconds
[runlim] time:			300.01 seconds
[runlim] space:			1153.3 MB
[runlim] samples:		3217
