[runlim] version:		1.10fixed
[runlim] time limit:		300 seconds
[runlim] real time limit:	311040000 seconds
[runlim] space limit:		4000 MB
[runlim] argv[0]:		./cvc4
[runlim] argv[1]:		--cbqi-all
[runlim] argv[2]:		/tmp/l6xKDIrf.smt2
[runlim] start:			Mon Jan 28 16:54:45 2019
[runlim] main pid:		18965
[runlim] sample:		8.6 time, 10.5 real, 49.4 MB
[runlim] sample:		16.9 time, 20.5 real, 65.7 MB
[runlim] sample:		26.5 time, 30.5 real, 91.3 MB
[runlim] sample:		36.4 time, 40.5 real, 104.2 MB
[runlim] sample:		46.2 time, 50.5 real, 113.4 MB
[runlim] sample:		55.8 time, 60.5 real, 161.4 MB
[runlim] sample:		65.5 time, 70.5 real, 164.9 MB
[runlim] sample:		75.5 time, 80.5 real, 164.9 MB
[runlim] sample:		85.4 time, 90.5 real, 164.9 MB
[runlim] sample:		95.4 time, 100.5 real, 165.9 MB
[runlim] sample:		105.4 time, 110.5 real, 180.5 MB
[runlim] sample:		115.4 time, 120.5 real, 180.7 MB
[runlim] sample:		125.4 time, 130.5 real, 180.7 MB
[runlim] sample:		135.4 time, 140.5 real, 180.7 MB
[runlim] sample:		145.4 time, 150.5 real, 180.7 MB
[runlim] sample:		155.2 time, 160.5 real, 183.0 MB
[runlim] sample:		164.8 time, 170.5 real, 183.6 MB
[runlim] sample:		174.5 time, 180.5 real, 183.8 MB
[runlim] sample:		184.1 time, 190.5 real, 283.9 MB
[runlim] sample:		193.8 time, 200.5 real, 284.2 MB
[runlim] sample:		203.4 time, 210.5 real, 289.6 MB
[runlim] sample:		213.1 time, 220.5 real, 289.9 MB
[runlim] sample:		222.7 time, 230.5 real, 291.4 MB
[runlim] sample:		232.3 time, 240.5 real, 293.5 MB
[runlim] sample:		242.0 time, 250.5 real, 294.0 MB
[runlim] sample:		251.6 time, 260.5 real, 295.0 MB
[runlim] sample:		261.3 time, 270.5 real, 297.3 MB
[runlim] sample:		270.9 time, 280.5 real, 298.4 MB
[runlim] sample:		280.6 time, 290.5 real, 299.9 MB
[runlim] sample:		290.2 time, 300.5 real, 299.9 MB
[runlim] sample:		299.9 time, 310.5 real, 300.9 MB
CVC4 interrupted by SIGTERM.
[runlim] end:			Mon Jan 28 16:59:55 2019
[runlim] status:		out of time
[runlim] result:		2
[runlim] children:		0
[runlim] real:			310.68 seconds
[runlim] time:			300.08 seconds
[runlim] space:			300.9 MB
[runlim] samples:		3102
