[runlim] version:		1.10fixed
[runlim] time limit:		300 seconds
[runlim] real time limit:	311040000 seconds
[runlim] space limit:		4000 MB
[runlim] argv[0]:		./cvc4
[runlim] argv[1]:		--cbqi-all
[runlim] argv[2]:		/tmp/VqwzHXwn.smt2
[runlim] start:			Tue Jan 29 14:40:33 2019
[runlim] main pid:		15839
[runlim] sample:		8.9 time, 10.3 real, 40.1 MB
[runlim] sample:		17.9 time, 20.3 real, 46.7 MB
[runlim] sample:		27.7 time, 30.3 real, 56.7 MB
[runlim] sample:		37.5 time, 40.3 real, 63.8 MB
[runlim] sample:		47.2 time, 50.3 real, 70.9 MB
[runlim] sample:		56.1 time, 60.3 real, 72.2 MB
[runlim] sample:		65.5 time, 70.3 real, 75.2 MB
[runlim] sample:		75.5 time, 80.3 real, 78.1 MB
[runlim] sample:		85.5 time, 90.3 real, 81.2 MB
[runlim] sample:		95.5 time, 100.3 real, 84.5 MB
[runlim] sample:		105.5 time, 110.3 real, 88.9 MB
[runlim] sample:		115.5 time, 120.3 real, 89.7 MB
[runlim] sample:		125.5 time, 130.3 real, 92.5 MB
[runlim] sample:		135.4 time, 140.3 real, 94.8 MB
[runlim] sample:		145.4 time, 150.3 real, 98.4 MB
[runlim] sample:		155.4 time, 160.3 real, 100.7 MB
[runlim] sample:		165.4 time, 170.3 real, 103.8 MB
[runlim] sample:		175.4 time, 180.3 real, 105.6 MB
[runlim] sample:		185.4 time, 190.3 real, 107.7 MB
[runlim] sample:		195.3 time, 200.3 real, 111.0 MB
[runlim] sample:		205.3 time, 210.3 real, 112.8 MB
[runlim] sample:		214.8 time, 220.3 real, 114.9 MB
[runlim] sample:		223.8 time, 230.3 real, 117.2 MB
[runlim] sample:		233.8 time, 240.3 real, 121.6 MB
[runlim] sample:		243.1 time, 250.3 real, 121.9 MB
[runlim] sample:		251.4 time, 260.3 real, 121.9 MB
[runlim] sample:		261.1 time, 270.3 real, 123.9 MB
[runlim] sample:		271.1 time, 280.3 real, 126.0 MB
[runlim] sample:		281.0 time, 290.3 real, 127.8 MB
[runlim] sample:		291.0 time, 300.3 real, 129.8 MB
CVC4 interrupted by SIGTERM.
[runlim] end:			Tue Jan 29 14:45:42 2019
[runlim] status:		out of time
[runlim] result:		2
[runlim] children:		0
[runlim] real:			309.37 seconds
[runlim] time:			300.02 seconds
[runlim] space:			130.9 MB
[runlim] samples:		3090
