[runlim] version:		1.10fixed
[runlim] time limit:		300 seconds
[runlim] real time limit:	311040000 seconds
[runlim] space limit:		4000 MB
[runlim] argv[0]:		./cvc4
[runlim] argv[1]:		--cbqi-all
[runlim] argv[2]:		/tmp/YQxaqmnc.smt2
[runlim] start:			Tue Jan 29 14:40:58 2019
[runlim] main pid:		13727
[runlim] sample:		9.6 time, 10.5 real, 61.7 MB
[runlim] sample:		19.6 time, 20.5 real, 77.4 MB
[runlim] sample:		29.6 time, 30.5 real, 104.2 MB
[runlim] sample:		39.6 time, 40.5 real, 104.5 MB
[runlim] sample:		49.6 time, 50.5 real, 108.4 MB
[runlim] sample:		59.6 time, 60.5 real, 116.4 MB
[runlim] sample:		69.4 time, 70.5 real, 159.7 MB
[runlim] sample:		78.7 time, 80.5 real, 160.2 MB
[runlim] sample:		88.1 time, 90.5 real, 160.7 MB
[runlim] sample:		97.9 time, 100.5 real, 168.0 MB
[runlim] sample:		107.9 time, 110.5 real, 168.3 MB
[runlim] sample:		117.7 time, 120.5 real, 168.3 MB
[runlim] sample:		127.7 time, 130.5 real, 168.3 MB
[runlim] sample:		135.2 time, 140.5 real, 168.3 MB
[runlim] sample:		143.7 time, 150.5 real, 168.3 MB
[runlim] sample:		153.7 time, 160.5 real, 168.5 MB
[runlim] sample:		163.7 time, 170.5 real, 172.1 MB
[runlim] sample:		173.4 time, 180.5 real, 180.4 MB
[runlim] sample:		183.3 time, 190.5 real, 186.7 MB
[runlim] sample:		193.3 time, 200.5 real, 186.7 MB
[runlim] sample:		203.3 time, 210.5 real, 186.7 MB
[runlim] sample:		213.2 time, 220.5 real, 187.0 MB
[runlim] sample:		222.2 time, 230.5 real, 187.0 MB
[runlim] sample:		231.3 time, 240.5 real, 187.0 MB
[runlim] sample:		240.3 time, 250.5 real, 187.0 MB
[runlim] sample:		249.7 time, 260.5 real, 187.0 MB
[runlim] sample:		258.6 time, 270.5 real, 187.0 MB
[runlim] sample:		267.6 time, 280.5 real, 187.0 MB
[runlim] sample:		275.7 time, 290.5 real, 187.0 MB
[runlim] sample:		285.3 time, 300.5 real, 187.0 MB
[runlim] sample:		294.5 time, 310.5 real, 187.2 MB
CVC4 interrupted by SIGTERM.
[runlim] end:			Tue Jan 29 14:46:14 2019
[runlim] status:		out of time
[runlim] result:		2
[runlim] children:		0
[runlim] real:			316.33 seconds
[runlim] time:			300.06 seconds
[runlim] space:			187.2 MB
[runlim] samples:		3158
