[runlim] version:		1.10fixed
[runlim] time limit:		300 seconds
[runlim] real time limit:	311040000 seconds
[runlim] space limit:		4000 MB
[runlim] argv[0]:		./cvc4
[runlim] argv[1]:		--cbqi-all
[runlim] argv[2]:		/tmp/E4D3jIut.smt2
[runlim] start:			Mon Jan 28 11:00:36 2019
[runlim] main pid:		12871
[runlim] sample:		9.9 time, 10.3 real, 49.9 MB
[runlim] sample:		19.9 time, 20.3 real, 79.6 MB
[runlim] sample:		29.9 time, 30.3 real, 91.5 MB
[runlim] sample:		39.2 time, 40.3 real, 130.2 MB
[runlim] sample:		48.2 time, 50.3 real, 138.9 MB
[runlim] sample:		57.5 time, 60.3 real, 139.7 MB
[runlim] sample:		66.8 time, 70.3 real, 238.8 MB
[runlim] sample:		76.3 time, 80.3 real, 241.1 MB
[runlim] sample:		85.6 time, 90.3 real, 241.7 MB
[runlim] sample:		95.4 time, 100.3 real, 244.0 MB
[runlim] sample:		104.7 time, 110.3 real, 244.2 MB
[runlim] sample:		114.7 time, 120.3 real, 244.8 MB
[runlim] sample:		124.7 time, 130.3 real, 247.8 MB
[runlim] sample:		134.7 time, 140.3 real, 248.4 MB
[runlim] sample:		144.7 time, 150.3 real, 248.6 MB
[runlim] sample:		154.7 time, 160.3 real, 251.2 MB
[runlim] sample:		164.7 time, 170.3 real, 253.3 MB
[runlim] sample:		174.7 time, 180.3 real, 253.5 MB
[runlim] sample:		184.7 time, 190.3 real, 255.6 MB
[runlim] sample:		194.7 time, 200.3 real, 261.0 MB
[runlim] sample:		204.7 time, 210.3 real, 264.9 MB
[runlim] sample:		214.7 time, 220.3 real, 267.4 MB
[runlim] sample:		224.7 time, 230.3 real, 267.4 MB
[runlim] sample:		234.7 time, 240.3 real, 267.4 MB
[runlim] sample:		244.7 time, 250.3 real, 272.9 MB
[runlim] sample:		254.7 time, 260.3 real, 274.1 MB
[runlim] sample:		264.7 time, 270.3 real, 289.4 MB
[runlim] sample:		274.7 time, 280.3 real, 289.4 MB
[runlim] sample:		284.7 time, 290.3 real, 289.4 MB
[runlim] sample:		294.7 time, 300.3 real, 289.4 MB
CVC4 interrupted by SIGTERM.
[runlim] end:			Mon Jan 28 11:05:41 2019
[runlim] status:		out of time
[runlim] result:		2
[runlim] children:		0
[runlim] real:			305.69 seconds
[runlim] time:			300.08 seconds
[runlim] space:			295.8 MB
[runlim] samples:		3054
