[runlim] version:		1.10fixed
[runlim] time limit:		300 seconds
[runlim] real time limit:	311040000 seconds
[runlim] space limit:		4000 MB
[runlim] argv[0]:		./cvc4
[runlim] argv[1]:		--cbqi-all
[runlim] argv[2]:		/tmp/5GyB0dTR.smt2
[runlim] start:			Mon Jan 28 17:06:16 2019
[runlim] main pid:		8054
[runlim] sample:		8.2 time, 10.9 real, 38.3 MB
[runlim] sample:		18.2 time, 20.9 real, 47.2 MB
[runlim] sample:		28.2 time, 30.9 real, 54.2 MB
[runlim] sample:		36.2 time, 40.9 real, 59.5 MB
[runlim] sample:		46.0 time, 50.9 real, 64.4 MB
[runlim] sample:		56.0 time, 60.9 real, 69.3 MB
[runlim] sample:		66.0 time, 70.9 real, 73.4 MB
[runlim] sample:		76.0 time, 80.9 real, 77.2 MB
[runlim] sample:		86.0 time, 90.9 real, 82.1 MB
[runlim] sample:		96.0 time, 100.9 real, 86.9 MB
[runlim] sample:		105.6 time, 110.9 real, 90.0 MB
[runlim] sample:		114.4 time, 120.9 real, 92.8 MB
[runlim] sample:		123.7 time, 130.9 real, 96.4 MB
[runlim] sample:		133.7 time, 140.9 real, 99.0 MB
[runlim] sample:		143.7 time, 150.9 real, 102.9 MB
[runlim] sample:		153.7 time, 160.9 real, 105.4 MB
[runlim] sample:		163.7 time, 170.9 real, 108.2 MB
[runlim] sample:		173.6 time, 180.9 real, 112.4 MB
[runlim] sample:		183.5 time, 190.9 real, 114.7 MB
[runlim] sample:		193.5 time, 200.9 real, 117.3 MB
[runlim] sample:		203.1 time, 210.9 real, 119.3 MB
[runlim] sample:		212.7 time, 220.9 real, 122.2 MB
[runlim] sample:		222.4 time, 230.9 real, 124.2 MB
[runlim] sample:		231.8 time, 240.9 real, 126.8 MB
[runlim] sample:		241.3 time, 250.9 real, 128.9 MB
[runlim] sample:		250.9 time, 260.9 real, 131.2 MB
[runlim] sample:		260.8 time, 270.9 real, 133.7 MB
[runlim] sample:		270.7 time, 280.9 real, 136.1 MB
[runlim] sample:		280.2 time, 290.9 real, 137.6 MB
[runlim] sample:		289.9 time, 300.9 real, 139.9 MB
[runlim] sample:		299.5 time, 310.9 real, 142.0 MB
CVC4 interrupted by SIGTERM.
[runlim] end:			Mon Jan 28 17:11:27 2019
[runlim] status:		out of time
[runlim] result:		2
[runlim] children:		0
[runlim] real:			311.45 seconds
[runlim] time:			300.03 seconds
[runlim] space:			142.3 MB
[runlim] samples:		3105
