[runlim] version:		1.10fixed
[runlim] time limit:		300 seconds
[runlim] real time limit:	311040000 seconds
[runlim] space limit:		4000 MB
[runlim] argv[0]:		./cvc4
[runlim] argv[1]:		--cbqi-all
[runlim] argv[2]:		/tmp/1HxoitEy.smt2
[runlim] start:			Tue Jan 29 14:25:03 2019
[runlim] main pid:		21922
[runlim] sample:		8.9 time, 10.8 real, 62.0 MB
[runlim] sample:		18.6 time, 20.8 real, 74.1 MB
[runlim] sample:		28.2 time, 30.8 real, 83.8 MB
[runlim] sample:		37.9 time, 40.8 real, 113.6 MB
[runlim] sample:		47.9 time, 50.8 real, 122.5 MB
[runlim] sample:		57.9 time, 60.8 real, 177.6 MB
[runlim] sample:		67.9 time, 70.8 real, 177.8 MB
[runlim] sample:		77.9 time, 80.8 real, 185.8 MB
[runlim] sample:		87.9 time, 90.8 real, 187.1 MB
[runlim] sample:		97.7 time, 100.8 real, 204.1 MB
[runlim] sample:		107.1 time, 110.8 real, 239.9 MB
[runlim] sample:		116.5 time, 120.8 real, 244.0 MB
[runlim] sample:		126.0 time, 130.8 real, 256.1 MB
[runlim] sample:		135.1 time, 140.8 real, 277.2 MB
[runlim] sample:		145.1 time, 150.8 real, 277.2 MB
[runlim] sample:		155.1 time, 160.8 real, 283.9 MB
[runlim] sample:		165.0 time, 170.8 real, 283.9 MB
[runlim] sample:		175.0 time, 180.8 real, 284.2 MB
[runlim] sample:		185.0 time, 190.8 real, 284.2 MB
[runlim] sample:		195.0 time, 200.8 real, 285.2 MB
[runlim] sample:		205.0 time, 210.8 real, 285.2 MB
[runlim] sample:		215.0 time, 220.8 real, 285.2 MB
[runlim] sample:		225.0 time, 230.8 real, 368.4 MB
[runlim] sample:		235.0 time, 240.8 real, 397.5 MB
[runlim] sample:		245.0 time, 250.8 real, 398.3 MB
[runlim] sample:		255.0 time, 260.8 real, 398.3 MB
[runlim] sample:		265.0 time, 270.8 real, 398.3 MB
[runlim] sample:		275.0 time, 280.8 real, 399.6 MB
[runlim] sample:		285.0 time, 290.8 real, 401.7 MB
[runlim] sample:		294.9 time, 300.8 real, 401.9 MB
CVC4 interrupted by SIGTERM.
[runlim] end:			Tue Jan 29 14:30:09 2019
[runlim] status:		out of time
[runlim] result:		2
[runlim] children:		0
[runlim] real:			306.18 seconds
[runlim] time:			300.06 seconds
[runlim] space:			401.9 MB
[runlim] samples:		3053
