[runlim] version:		1.10fixed
[runlim] time limit:		300 seconds
[runlim] real time limit:	311040000 seconds
[runlim] space limit:		4000 MB
[runlim] argv[0]:		./cvc4
[runlim] argv[1]:		--cbqi-all
[runlim] argv[2]:		/tmp/FZoCW3u8.smt2
[runlim] start:			Tue Jan 29 14:37:26 2019
[runlim] main pid:		28754
[runlim] sample:		9.2 time, 10.7 real, 39.3 MB
[runlim] sample:		17.2 time, 20.7 real, 45.5 MB
[runlim] sample:		26.5 time, 30.7 real, 51.5 MB
[runlim] sample:		36.1 time, 40.7 real, 58.5 MB
[runlim] sample:		45.5 time, 50.7 real, 62.6 MB
[runlim] sample:		53.1 time, 60.7 real, 65.7 MB
[runlim] sample:		61.9 time, 70.7 real, 70.1 MB
[runlim] sample:		71.9 time, 80.7 real, 73.4 MB
[runlim] sample:		81.9 time, 90.7 real, 77.9 MB
[runlim] sample:		91.5 time, 100.7 real, 81.3 MB
[runlim] sample:		100.8 time, 110.7 real, 84.8 MB
[runlim] sample:		110.2 time, 120.7 real, 89.1 MB
[runlim] sample:		120.2 time, 130.7 real, 92.0 MB
[runlim] sample:		130.2 time, 140.7 real, 95.6 MB
[runlim] sample:		140.2 time, 150.7 real, 98.9 MB
[runlim] sample:		150.2 time, 160.7 real, 101.5 MB
[runlim] sample:		160.2 time, 170.7 real, 104.3 MB
[runlim] sample:		170.2 time, 180.7 real, 107.7 MB
[runlim] sample:		180.2 time, 190.7 real, 110.3 MB
[runlim] sample:		190.2 time, 200.7 real, 112.9 MB
[runlim] sample:		200.2 time, 210.7 real, 115.5 MB
[runlim] sample:		210.2 time, 220.7 real, 117.8 MB
[runlim] sample:		220.2 time, 230.7 real, 120.3 MB
[runlim] sample:		230.2 time, 240.7 real, 122.9 MB
[runlim] sample:		240.2 time, 250.7 real, 124.7 MB
[runlim] sample:		250.2 time, 260.7 real, 127.3 MB
[runlim] sample:		260.2 time, 270.7 real, 129.4 MB
[runlim] sample:		270.2 time, 280.7 real, 131.9 MB
[runlim] sample:		280.2 time, 290.7 real, 134.0 MB
[runlim] sample:		290.0 time, 300.7 real, 136.3 MB
[runlim] sample:		299.0 time, 310.7 real, 137.9 MB
CVC4 interrupted by SIGTERM.
[runlim] end:			Tue Jan 29 14:42:37 2019
[runlim] status:		out of time
[runlim] result:		2
[runlim] children:		0
[runlim] real:			311.83 seconds
[runlim] time:			300.07 seconds
[runlim] space:			138.9 MB
[runlim] samples:		3111
