[runlim] version:		1.10fixed
[runlim] time limit:		300 seconds
[runlim] real time limit:	311040000 seconds
[runlim] space limit:		4000 MB
[runlim] argv[0]:		./cvc4
[runlim] argv[1]:		--cbqi-all
[runlim] argv[2]:		/tmp/kGVyctrD.smt2
[runlim] start:			Mon Jan 28 16:53:26 2019
[runlim] main pid:		2076
[runlim] sample:		9.8 time, 10.3 real, 40.3 MB
[runlim] sample:		17.8 time, 20.3 real, 45.9 MB
[runlim] sample:		27.8 time, 30.3 real, 52.0 MB
[runlim] sample:		37.8 time, 40.3 real, 58.4 MB
[runlim] sample:		46.5 time, 50.3 real, 62.6 MB
[runlim] sample:		55.6 time, 60.3 real, 67.0 MB
[runlim] sample:		64.8 time, 70.3 real, 70.4 MB
[runlim] sample:		74.4 time, 80.3 real, 74.5 MB
[runlim] sample:		84.4 time, 90.3 real, 79.6 MB
[runlim] sample:		94.4 time, 100.3 real, 81.4 MB
[runlim] sample:		104.4 time, 110.3 real, 84.8 MB
[runlim] sample:		113.4 time, 120.3 real, 88.3 MB
[runlim] sample:		123.4 time, 130.3 real, 91.7 MB
[runlim] sample:		133.4 time, 140.3 real, 95.3 MB
[runlim] sample:		142.8 time, 150.3 real, 97.9 MB
[runlim] sample:		151.4 time, 160.3 real, 99.9 MB
[runlim] sample:		159.9 time, 170.3 real, 102.0 MB
[runlim] sample:		169.0 time, 180.3 real, 104.6 MB
[runlim] sample:		177.9 time, 190.3 real, 107.4 MB
[runlim] sample:		187.2 time, 200.3 real, 111.7 MB
[runlim] sample:		196.1 time, 210.3 real, 112.4 MB
[runlim] sample:		204.6 time, 220.3 real, 115.0 MB
[runlim] sample:		212.6 time, 230.3 real, 116.8 MB
[runlim] sample:		219.8 time, 240.3 real, 118.1 MB
[runlim] sample:		229.2 time, 250.3 real, 120.2 MB
[runlim] sample:		238.4 time, 260.3 real, 122.0 MB
[runlim] sample:		247.7 time, 270.3 real, 124.5 MB
[runlim] sample:		256.2 time, 280.3 real, 126.4 MB
[runlim] sample:		265.1 time, 290.3 real, 128.4 MB
[runlim] sample:		274.2 time, 300.3 real, 130.0 MB
[runlim] sample:		283.4 time, 310.3 real, 131.8 MB
[runlim] sample:		293.4 time, 320.3 real, 133.8 MB
CVC4 interrupted by SIGTERM.
[runlim] end:			Mon Jan 28 16:58:52 2019
[runlim] status:		out of time
[runlim] result:		2
[runlim] children:		0
[runlim] real:			326.90 seconds
[runlim] time:			300.02 seconds
[runlim] space:			136.1 MB
[runlim] samples:		3266
