[runlim] version:		1.10fixed
[runlim] time limit:		300 seconds
[runlim] real time limit:	311040000 seconds
[runlim] space limit:		4000 MB
[runlim] argv[0]:		./cvc4
[runlim] argv[1]:		--cbqi-all
[runlim] argv[2]:		/tmp/Vopxs8AJ.smt2
[runlim] start:			Tue Jan 29 14:39:57 2019
[runlim] main pid:		19782
[runlim] sample:		9.1 time, 10.9 real, 42.6 MB
[runlim] sample:		19.1 time, 20.9 real, 48.0 MB
[runlim] sample:		29.1 time, 30.9 real, 53.4 MB
[runlim] sample:		39.1 time, 40.9 real, 59.3 MB
[runlim] sample:		49.1 time, 50.9 real, 63.6 MB
[runlim] sample:		59.1 time, 60.9 real, 67.7 MB
[runlim] sample:		68.2 time, 70.9 real, 71.0 MB
[runlim] sample:		78.2 time, 80.9 real, 74.1 MB
[runlim] sample:		87.7 time, 90.9 real, 77.5 MB
[runlim] sample:		97.2 time, 100.9 real, 81.8 MB
[runlim] sample:		105.6 time, 110.9 real, 82.6 MB
[runlim] sample:		114.2 time, 120.9 real, 86.1 MB
[runlim] sample:		122.8 time, 130.9 real, 88.1 MB
[runlim] sample:		131.9 time, 140.9 real, 91.5 MB
[runlim] sample:		141.9 time, 150.9 real, 94.9 MB
[runlim] sample:		151.9 time, 160.9 real, 96.9 MB
[runlim] sample:		161.9 time, 170.9 real, 100.3 MB
[runlim] sample:		171.9 time, 180.9 real, 102.6 MB
[runlim] sample:		180.9 time, 190.9 real, 104.7 MB
[runlim] sample:		190.3 time, 200.9 real, 107.8 MB
[runlim] sample:		200.3 time, 210.9 real, 110.1 MB
[runlim] sample:		210.3 time, 220.9 real, 114.5 MB
[runlim] sample:		220.3 time, 230.9 real, 114.8 MB
[runlim] sample:		230.3 time, 240.9 real, 116.6 MB
[runlim] sample:		240.3 time, 250.9 real, 119.4 MB
[runlim] sample:		250.3 time, 260.9 real, 121.2 MB
[runlim] sample:		258.1 time, 270.9 real, 123.0 MB
[runlim] sample:		267.3 time, 280.9 real, 125.1 MB
[runlim] sample:		276.2 time, 290.9 real, 127.1 MB
[runlim] sample:		284.2 time, 300.9 real, 128.1 MB
[runlim] sample:		293.3 time, 310.9 real, 130.2 MB
[runlim] end:			Tue Jan 29 14:45:14 2019
[runlim] status:		signal(9)
[runlim] result:		11
[runlim] children:		0
[runlim] real:			317.72 seconds
[runlim] time:			299.40 seconds
[runlim] space:			132.0 MB
[runlim] samples:		3168
