[runlim] version:		1.10fixed
[runlim] time limit:		300 seconds
[runlim] real time limit:	311040000 seconds
[runlim] space limit:		4000 MB
[runlim] argv[0]:		./cvc4
[runlim] argv[1]:		--cbqi-all
[runlim] argv[2]:		/tmp/3wZutCZz.smt2
[runlim] start:			Tue Jan 29 14:37:58 2019
[runlim] main pid:		12927
[runlim] sample:		9.4 time, 10.3 real, 117.8 MB
[runlim] sample:		19.4 time, 20.3 real, 188.4 MB
[runlim] sample:		29.4 time, 30.3 real, 252.9 MB
[runlim] sample:		38.2 time, 40.3 real, 301.3 MB
[runlim] sample:		47.3 time, 50.3 real, 343.2 MB
[runlim] sample:		57.3 time, 60.3 real, 385.8 MB
[runlim] sample:		66.7 time, 70.3 real, 433.9 MB
[runlim] sample:		75.9 time, 80.3 real, 483.2 MB
[runlim] sample:		84.3 time, 90.3 real, 515.4 MB
[runlim] sample:		92.4 time, 100.3 real, 552.0 MB
[runlim] sample:		100.5 time, 110.3 real, 578.5 MB
[runlim] sample:		109.8 time, 120.3 real, 614.5 MB
[runlim] sample:		118.4 time, 130.3 real, 651.6 MB
[runlim] sample:		127.7 time, 140.3 real, 679.4 MB
[runlim] sample:		137.6 time, 150.3 real, 713.7 MB
[runlim] sample:		147.6 time, 160.3 real, 751.7 MB
[runlim] sample:		157.6 time, 170.3 real, 781.8 MB
[runlim] sample:		167.5 time, 180.3 real, 813.0 MB
[runlim] sample:		177.5 time, 190.3 real, 853.7 MB
[runlim] sample:		187.5 time, 200.3 real, 888.0 MB
[runlim] sample:		197.5 time, 210.3 real, 926.0 MB
[runlim] sample:		207.5 time, 220.3 real, 964.1 MB
[runlim] sample:		217.5 time, 230.3 real, 991.1 MB
[runlim] sample:		227.5 time, 240.3 real, 1019.0 MB
[runlim] sample:		237.5 time, 250.3 real, 1050.9 MB
[runlim] sample:		247.5 time, 260.3 real, 1078.7 MB
[runlim] sample:		257.5 time, 270.3 real, 1106.6 MB
[runlim] sample:		267.5 time, 280.3 real, 1137.2 MB
[runlim] sample:		277.5 time, 290.3 real, 1165.0 MB
[runlim] sample:		286.4 time, 300.3 real, 1197.2 MB
[runlim] sample:		294.0 time, 310.3 real, 1207.2 MB
CVC4 interrupted by SIGTERM.
[runlim] end:			Tue Jan 29 14:43:14 2019
[runlim] status:		out of time
[runlim] result:		2
[runlim] children:		0
[runlim] real:			316.45 seconds
[runlim] time:			300.07 seconds
[runlim] space:			1224.7 MB
[runlim] samples:		3161
