[runlim] version:		1.10fixed
[runlim] time limit:		300 seconds
[runlim] real time limit:	311040000 seconds
[runlim] space limit:		4000 MB
[runlim] argv[0]:		./cvc4
[runlim] argv[1]:		--cbqi-all
[runlim] argv[2]:		/tmp/NjFiJrvm.smt2
[runlim] start:			Mon Jan 28 11:00:32 2019
[runlim] main pid:		18849
[runlim] sample:		8.2 time, 10.5 real, 37.9 MB
[runlim] sample:		17.3 time, 20.5 real, 51.3 MB
[runlim] sample:		27.2 time, 30.5 real, 59.6 MB
[runlim] sample:		37.2 time, 40.5 real, 61.3 MB
[runlim] sample:		46.4 time, 50.5 real, 65.1 MB
[runlim] sample:		55.9 time, 60.5 real, 73.3 MB
[runlim] sample:		65.8 time, 70.5 real, 75.8 MB
[runlim] sample:		75.9 time, 80.5 real, 78.9 MB
[runlim] sample:		85.8 time, 90.5 real, 80.7 MB
[runlim] sample:		95.6 time, 100.5 real, 86.4 MB
[runlim] sample:		105.5 time, 110.5 real, 96.2 MB
[runlim] sample:		115.5 time, 120.5 real, 100.3 MB
[runlim] sample:		125.5 time, 130.5 real, 102.1 MB
[runlim] sample:		135.5 time, 140.5 real, 102.8 MB
[runlim] sample:		145.5 time, 150.5 real, 104.1 MB
[runlim] sample:		155.5 time, 160.5 real, 104.1 MB
[runlim] sample:		165.5 time, 170.5 real, 104.3 MB
[runlim] sample:		175.2 time, 180.5 real, 104.3 MB
[runlim] sample:		184.6 time, 190.5 real, 105.3 MB
[runlim] sample:		193.6 time, 200.5 real, 107.9 MB
[runlim] end:			Mon Jan 28 11:03:57 2019
[runlim] status:		ok
[runlim] result:		0
[runlim] children:		0
[runlim] real:			205.24 seconds
[runlim] time:			197.96 seconds
[runlim] space:			113.3 MB
[runlim] samples:		2047
