[runlim] version:		1.10fixed
[runlim] time limit:		300 seconds
[runlim] real time limit:	311040000 seconds
[runlim] space limit:		4000 MB
[runlim] argv[0]:		./cvc4
[runlim] argv[1]:		--cbqi-all
[runlim] argv[2]:		/tmp/Iw2RggCp.smt2
[runlim] start:			Mon Jan 28 17:05:47 2019
[runlim] main pid:		24327
[runlim] sample:		9.7 time, 10.9 real, 41.6 MB
[runlim] sample:		19.2 time, 20.9 real, 48.2 MB
[runlim] sample:		27.7 time, 30.9 real, 53.3 MB
[runlim] sample:		37.2 time, 40.9 real, 59.7 MB
[runlim] sample:		46.8 time, 50.9 real, 63.8 MB
[runlim] sample:		56.4 time, 60.9 real, 68.2 MB
[runlim] sample:		64.8 time, 70.9 real, 71.5 MB
[runlim] sample:		72.4 time, 80.9 real, 74.4 MB
[runlim] sample:		80.0 time, 90.9 real, 77.2 MB
[runlim] sample:		89.5 time, 100.9 real, 80.0 MB
[runlim] sample:		99.4 time, 110.9 real, 83.1 MB
[runlim] sample:		107.0 time, 120.9 real, 86.5 MB
[runlim] sample:		116.2 time, 130.9 real, 89.1 MB
[runlim] sample:		125.1 time, 140.9 real, 92.9 MB
[runlim] sample:		135.1 time, 150.9 real, 95.5 MB
[runlim] sample:		145.1 time, 160.9 real, 98.5 MB
[runlim] sample:		155.1 time, 170.9 real, 100.9 MB
[runlim] sample:		165.1 time, 180.9 real, 103.4 MB
[runlim] sample:		175.1 time, 190.9 real, 106.3 MB
[runlim] sample:		183.6 time, 200.9 real, 110.0 MB
[runlim] sample:		192.9 time, 210.9 real, 112.0 MB
[runlim] sample:		202.1 time, 220.9 real, 114.4 MB
[runlim] sample:		210.6 time, 230.9 real, 115.9 MB
[runlim] sample:		219.9 time, 240.9 real, 117.7 MB
[runlim] sample:		229.2 time, 250.9 real, 120.3 MB
[runlim] sample:		238.6 time, 260.9 real, 122.3 MB
[runlim] sample:		248.1 time, 270.9 real, 124.9 MB
[runlim] sample:		257.5 time, 280.9 real, 127.0 MB
[runlim] sample:		266.6 time, 290.9 real, 129.3 MB
[runlim] sample:		276.0 time, 300.9 real, 131.6 MB
[runlim] sample:		286.0 time, 310.9 real, 134.2 MB
[runlim] sample:		296.0 time, 320.9 real, 136.0 MB
CVC4 interrupted by SIGTERM.
[runlim] end:			Mon Jan 28 17:11:12 2019
[runlim] status:		out of time
[runlim] result:		2
[runlim] children:		0
[runlim] real:			325.01 seconds
[runlim] time:			300.10 seconds
[runlim] space:			136.2 MB
[runlim] samples:		3241
