[runlim] version:		1.10fixed
[runlim] time limit:		300 seconds
[runlim] real time limit:	311040000 seconds
[runlim] space limit:		4000 MB
[runlim] argv[0]:		./cvc4
[runlim] argv[1]:		--cbqi-all
[runlim] argv[2]:		/tmp/NmEkUfNW.smt2
[runlim] start:			Mon Jan 28 11:04:31 2019
[runlim] main pid:		31086
[runlim] sample:		8.8 time, 11.0 real, 39.4 MB
[runlim] sample:		18.1 time, 21.0 real, 46.9 MB
[runlim] sample:		28.0 time, 31.0 real, 53.0 MB
[runlim] sample:		38.0 time, 41.0 real, 58.4 MB
[runlim] sample:		47.4 time, 51.0 real, 63.0 MB
[runlim] sample:		56.1 time, 61.0 real, 66.6 MB
[runlim] sample:		65.2 time, 71.0 real, 69.9 MB
[runlim] sample:		75.2 time, 81.0 real, 74.0 MB
[runlim] sample:		85.0 time, 91.0 real, 77.1 MB
[runlim] sample:		93.7 time, 101.0 real, 80.8 MB
[runlim] sample:		103.0 time, 111.0 real, 83.1 MB
[runlim] sample:		112.9 time, 121.0 real, 87.3 MB
[runlim] sample:		122.9 time, 131.0 real, 89.7 MB
[runlim] sample:		132.9 time, 141.0 real, 93.3 MB
[runlim] sample:		142.9 time, 151.0 real, 95.3 MB
[runlim] sample:		152.9 time, 161.0 real, 98.2 MB
[runlim] sample:		162.5 time, 171.0 real, 101.0 MB
[runlim] sample:		172.1 time, 181.0 real, 103.1 MB
[runlim] sample:		181.7 time, 191.0 real, 105.1 MB
[runlim] sample:		191.4 time, 201.0 real, 107.7 MB
[runlim] sample:		201.4 time, 211.0 real, 112.3 MB
[runlim] sample:		211.4 time, 221.0 real, 112.8 MB
[runlim] sample:		221.4 time, 231.0 real, 115.4 MB
[runlim] sample:		231.4 time, 241.0 real, 117.7 MB
[runlim] sample:		241.4 time, 251.0 real, 120.0 MB
[runlim] sample:		251.4 time, 261.0 real, 122.1 MB
[runlim] sample:		261.4 time, 271.0 real, 124.1 MB
[runlim] sample:		271.4 time, 281.0 real, 125.9 MB
[runlim] sample:		281.4 time, 291.0 real, 128.5 MB
[runlim] sample:		291.4 time, 301.0 real, 130.8 MB
CVC4 interrupted by SIGTERM.
[runlim] end:			Mon Jan 28 11:09:40 2019
[runlim] status:		out of time
[runlim] result:		2
[runlim] children:		0
[runlim] real:			309.69 seconds
[runlim] time:			300.05 seconds
[runlim] space:			132.1 MB
[runlim] samples:		3087
