[runlim] version:		1.10fixed
[runlim] time limit:		300 seconds
[runlim] real time limit:	311040000 seconds
[runlim] space limit:		4000 MB
[runlim] argv[0]:		./cvc4
[runlim] argv[1]:		--cbqi-all
[runlim] argv[2]:		/tmp/FuynZh9k.smt2
[runlim] start:			Mon Jan 28 17:07:20 2019
[runlim] main pid:		6461
[runlim] sample:		9.0 time, 10.7 real, 39.9 MB
[runlim] sample:		18.8 time, 20.7 real, 56.2 MB
[runlim] sample:		28.3 time, 30.7 real, 64.3 MB
[runlim] sample:		38.2 time, 40.7 real, 74.5 MB
[runlim] sample:		47.9 time, 50.7 real, 76.9 MB
[runlim] sample:		57.8 time, 60.7 real, 86.7 MB
[runlim] sample:		67.7 time, 70.7 real, 90.5 MB
[runlim] sample:		77.5 time, 80.7 real, 93.1 MB
[runlim] sample:		87.2 time, 90.7 real, 95.4 MB
[runlim] end:			Mon Jan 28 17:08:53 2019
[runlim] status:		ok
[runlim] result:		0
[runlim] children:		0
[runlim] real:			93.88 seconds
[runlim] time:			90.27 seconds
[runlim] space:			95.9 MB
[runlim] samples:		931
