[runlim] version:		1.10fixed
[runlim] time limit:		300 seconds
[runlim] real time limit:	311040000 seconds
[runlim] space limit:		4000 MB
[runlim] argv[0]:		./cvc4
[runlim] argv[1]:		--cbqi-all
[runlim] argv[2]:		/tmp/SIv7qbgY.smt2
[runlim] start:			Mon Jan 28 17:06:10 2019
[runlim] main pid:		23027
[runlim] sample:		8.9 time, 10.6 real, 39.8 MB
[runlim] sample:		18.9 time, 20.6 real, 57.5 MB
[runlim] sample:		28.4 time, 30.6 real, 63.0 MB
[runlim] sample:		37.4 time, 40.6 real, 68.5 MB
[runlim] sample:		46.7 time, 50.6 real, 77.0 MB
[runlim] sample:		56.7 time, 60.6 real, 80.8 MB
[runlim] sample:		66.7 time, 70.6 real, 87.1 MB
[runlim] sample:		76.7 time, 80.6 real, 90.2 MB
[runlim] sample:		86.7 time, 90.6 real, 91.5 MB
[runlim] sample:		96.7 time, 100.6 real, 94.0 MB
[runlim] sample:		106.7 time, 110.6 real, 96.9 MB
[runlim] sample:		116.7 time, 120.6 real, 98.1 MB
[runlim] sample:		126.7 time, 130.6 real, 102.3 MB
[runlim] sample:		136.7 time, 140.6 real, 104.5 MB
[runlim] sample:		146.7 time, 150.6 real, 105.8 MB
[runlim] sample:		156.7 time, 160.6 real, 107.3 MB
[runlim] sample:		166.7 time, 170.6 real, 109.9 MB
[runlim] sample:		176.7 time, 180.6 real, 111.9 MB
[runlim] sample:		186.4 time, 190.6 real, 113.7 MB
[runlim] sample:		196.3 time, 200.6 real, 115.3 MB
[runlim] sample:		206.3 time, 210.6 real, 116.8 MB
[runlim] sample:		216.3 time, 220.6 real, 118.9 MB
[runlim] sample:		226.3 time, 230.6 real, 120.9 MB
[runlim] sample:		236.3 time, 240.6 real, 122.7 MB
[runlim] sample:		246.1 time, 250.6 real, 124.8 MB
[runlim] sample:		255.2 time, 260.6 real, 124.8 MB
[runlim] sample:		265.2 time, 270.6 real, 126.6 MB
[runlim] sample:		275.2 time, 280.6 real, 128.4 MB
[runlim] sample:		285.2 time, 290.6 real, 130.7 MB
[runlim] sample:		295.2 time, 300.6 real, 132.2 MB
CVC4 interrupted by SIGTERM.
[runlim] end:			Mon Jan 28 17:11:15 2019
[runlim] status:		out of time
[runlim] result:		2
[runlim] children:		0
[runlim] real:			305.50 seconds
[runlim] time:			300.06 seconds
[runlim] space:			132.5 MB
[runlim] samples:		3049
