[runlim] version:		1.10fixed
[runlim] time limit:		300 seconds
[runlim] real time limit:	311040000 seconds
[runlim] space limit:		4000 MB
[runlim] argv[0]:		./cvc4
[runlim] argv[1]:		--cbqi-all
[runlim] argv[2]:		/tmp/s08MSMud.smt2
[runlim] start:			Mon Jan 28 17:06:30 2019
[runlim] main pid:		12326
[runlim] sample:		8.5 time, 10.8 real, 56.8 MB
[runlim] sample:		18.5 time, 20.8 real, 76.3 MB
[runlim] sample:		28.5 time, 30.8 real, 91.8 MB
[runlim] sample:		38.4 time, 40.8 real, 102.3 MB
[runlim] sample:		47.0 time, 50.8 real, 110.3 MB
[runlim] sample:		56.1 time, 60.8 real, 120.5 MB
[runlim] sample:		63.8 time, 70.8 real, 160.8 MB
[runlim] sample:		71.5 time, 80.8 real, 161.8 MB
[runlim] sample:		79.9 time, 90.8 real, 169.5 MB
[runlim] sample:		89.5 time, 100.8 real, 187.3 MB
[runlim] sample:		98.7 time, 110.8 real, 203.8 MB
[runlim] sample:		108.5 time, 120.8 real, 204.6 MB
[runlim] sample:		116.8 time, 130.8 real, 207.2 MB
[runlim] sample:		126.8 time, 140.8 real, 208.5 MB
[runlim] sample:		136.8 time, 150.8 real, 209.3 MB
[runlim] sample:		146.7 time, 160.8 real, 214.9 MB
[runlim] sample:		156.7 time, 170.8 real, 214.9 MB
[runlim] sample:		166.6 time, 180.8 real, 214.9 MB
[runlim] sample:		176.6 time, 190.8 real, 214.9 MB
[runlim] sample:		186.6 time, 200.8 real, 214.9 MB
[runlim] sample:		196.6 time, 210.8 real, 215.2 MB
[runlim] sample:		206.6 time, 220.8 real, 215.2 MB
[runlim] sample:		216.6 time, 230.8 real, 215.9 MB
[runlim] sample:		226.6 time, 240.8 real, 215.9 MB
[runlim] sample:		236.6 time, 250.8 real, 215.9 MB
[runlim] sample:		246.6 time, 260.8 real, 216.7 MB
[runlim] sample:		256.6 time, 270.8 real, 216.7 MB
[runlim] sample:		266.6 time, 280.8 real, 217.5 MB
[runlim] sample:		276.6 time, 290.8 real, 218.2 MB
[runlim] sample:		286.6 time, 300.8 real, 218.8 MB
[runlim] sample:		296.6 time, 310.8 real, 219.3 MB
[runlim] end:			Mon Jan 28 17:11:42 2019
[runlim] status:		signal(9)
[runlim] result:		11
[runlim] children:		0
[runlim] real:			312.57 seconds
[runlim] time:			298.30 seconds
[runlim] space:			219.5 MB
[runlim] samples:		3117
