[runlim] version:		1.10fixed
[runlim] time limit:		300 seconds
[runlim] real time limit:	311040000 seconds
[runlim] space limit:		4000 MB
[runlim] argv[0]:		./cvc4
[runlim] argv[1]:		--cbqi-all
[runlim] argv[2]:		/tmp/bK9q06dw.smt2
[runlim] start:			Tue Jan 29 14:40:17 2019
[runlim] main pid:		17280
[runlim] sample:		9.9 time, 10.7 real, 57.2 MB
[runlim] sample:		19.9 time, 20.7 real, 80.2 MB
[runlim] sample:		28.6 time, 30.7 real, 88.7 MB
[runlim] sample:		38.0 time, 40.7 real, 94.9 MB
[runlim] sample:		48.0 time, 50.7 real, 109.1 MB
[runlim] sample:		58.0 time, 60.7 real, 113.2 MB
[runlim] sample:		68.0 time, 70.7 real, 118.0 MB
[runlim] sample:		78.0 time, 80.7 real, 121.4 MB
[runlim] sample:		88.0 time, 90.7 real, 131.9 MB
[runlim] sample:		98.0 time, 100.7 real, 132.1 MB
[runlim] sample:		108.0 time, 110.7 real, 134.2 MB
[runlim] sample:		118.0 time, 120.7 real, 140.1 MB
[runlim] sample:		128.0 time, 130.7 real, 148.2 MB
[runlim] sample:		138.0 time, 140.7 real, 155.7 MB
[runlim] sample:		147.9 time, 150.7 real, 158.8 MB
[runlim] sample:		158.0 time, 160.7 real, 167.4 MB
[runlim] sample:		167.9 time, 170.7 real, 167.7 MB
[runlim] sample:		178.0 time, 180.7 real, 182.1 MB
[runlim] sample:		187.9 time, 190.7 real, 184.7 MB
[runlim] sample:		198.0 time, 200.7 real, 188.6 MB
[runlim] sample:		207.9 time, 210.7 real, 194.6 MB
[runlim] sample:		217.9 time, 220.7 real, 198.7 MB
[runlim] sample:		227.9 time, 230.7 real, 216.3 MB
[runlim] sample:		237.9 time, 240.7 real, 218.1 MB
[runlim] sample:		247.9 time, 250.7 real, 218.2 MB
[runlim] sample:		257.9 time, 260.7 real, 226.7 MB
[runlim] sample:		267.9 time, 270.7 real, 228.8 MB
[runlim] sample:		277.9 time, 280.7 real, 228.8 MB
[runlim] sample:		287.9 time, 290.7 real, 258.7 MB
[runlim] sample:		297.9 time, 300.7 real, 259.0 MB
CVC4 interrupted by SIGTERM.
[runlim] end:			Tue Jan 29 14:45:19 2019
[runlim] status:		out of time
[runlim] result:		2
[runlim] children:		0
[runlim] real:			302.86 seconds
[runlim] time:			300.05 seconds
[runlim] space:			259.0 MB
[runlim] samples:		3021
