[runlim] version:		1.10fixed
[runlim] time limit:		300 seconds
[runlim] real time limit:	311040000 seconds
[runlim] space limit:		4000 MB
[runlim] argv[0]:		./cvc4
[runlim] argv[1]:		--cbqi-all
[runlim] argv[2]:		/tmp/ixYl86hq.smt2
[runlim] start:			Tue Jan 29 14:39:34 2019
[runlim] main pid:		2197
[runlim] sample:		8.3 time, 10.3 real, 91.7 MB
[runlim] sample:		18.2 time, 20.3 real, 122.3 MB
[runlim] sample:		28.0 time, 30.3 real, 146.6 MB
[runlim] sample:		38.0 time, 40.3 real, 175.0 MB
[runlim] sample:		47.7 time, 50.3 real, 200.0 MB
[runlim] sample:		57.7 time, 60.3 real, 228.4 MB
[runlim] sample:		67.7 time, 70.3 real, 255.9 MB
[runlim] sample:		77.4 time, 80.3 real, 281.7 MB
[runlim] sample:		87.0 time, 90.3 real, 302.6 MB
[runlim] sample:		96.5 time, 100.3 real, 328.7 MB
[runlim] sample:		104.1 time, 110.3 real, 339.8 MB
[runlim] sample:		112.4 time, 120.3 real, 363.0 MB
[runlim] sample:		120.3 time, 130.3 real, 375.0 MB
[runlim] sample:		129.2 time, 140.3 real, 393.1 MB
[runlim] sample:		138.0 time, 150.3 real, 408.6 MB
[runlim] sample:		146.7 time, 160.3 real, 437.1 MB
[runlim] sample:		156.6 time, 170.3 real, 450.8 MB
[runlim] sample:		166.3 time, 180.3 real, 479.6 MB
[runlim] sample:		175.9 time, 190.3 real, 502.0 MB
[runlim] sample:		185.2 time, 200.3 real, 518.1 MB
[runlim] sample:		194.3 time, 210.3 real, 531.0 MB
[runlim] sample:		204.2 time, 220.3 real, 553.9 MB
[runlim] sample:		213.8 time, 230.3 real, 570.2 MB
[runlim] sample:		223.5 time, 240.3 real, 586.1 MB
[runlim] sample:		231.2 time, 250.3 real, 602.4 MB
[runlim] sample:		239.3 time, 260.3 real, 610.6 MB
[runlim] sample:		247.7 time, 270.3 real, 634.3 MB
[runlim] sample:		256.0 time, 280.3 real, 646.7 MB
[runlim] sample:		265.1 time, 290.3 real, 657.7 MB
[runlim] sample:		274.4 time, 300.3 real, 679.9 MB
[runlim] sample:		284.4 time, 310.3 real, 695.1 MB
[runlim] sample:		294.4 time, 320.3 real, 711.0 MB
CVC4 interrupted by SIGTERM.
[runlim] end:			Tue Jan 29 14:44:59 2019
[runlim] status:		out of time
[runlim] result:		2
[runlim] children:		0
[runlim] real:			325.93 seconds
[runlim] time:			300.02 seconds
[runlim] space:			719.5 MB
[runlim] samples:		3256
