[runlim] version:		1.10fixed
[runlim] time limit:		300 seconds
[runlim] real time limit:	311040000 seconds
[runlim] space limit:		4000 MB
[runlim] argv[0]:		./cvc4
[runlim] argv[1]:		--cbqi-all
[runlim] argv[2]:		/tmp/nO7Xs3ac.smt2
[runlim] start:			Mon Jan 28 17:16:52 2019
[runlim] main pid:		1552
[runlim] sample:		9.7 time, 10.3 real, 48.9 MB
[runlim] sample:		19.6 time, 20.3 real, 77.2 MB
[runlim] sample:		29.4 time, 30.3 real, 103.1 MB
[runlim] sample:		39.0 time, 40.3 real, 131.7 MB
[runlim] sample:		49.0 time, 50.3 real, 158.0 MB
[runlim] sample:		59.0 time, 60.3 real, 183.9 MB
[runlim] sample:		69.0 time, 70.3 real, 209.1 MB
[runlim] sample:		78.4 time, 80.3 real, 239.4 MB
[runlim] sample:		87.5 time, 90.3 real, 264.6 MB
[runlim] sample:		97.3 time, 100.3 real, 290.4 MB
[runlim] sample:		107.1 time, 110.3 real, 316.7 MB
[runlim] sample:		116.5 time, 120.3 real, 342.8 MB
[runlim] sample:		126.2 time, 130.3 real, 367.5 MB
[runlim] sample:		135.9 time, 140.3 real, 391.2 MB
[runlim] sample:		145.1 time, 150.3 real, 419.8 MB
[runlim] sample:		153.8 time, 160.3 real, 441.5 MB
[runlim] sample:		163.2 time, 170.3 real, 475.9 MB
[runlim] sample:		173.2 time, 180.3 real, 483.7 MB
[runlim] sample:		183.2 time, 190.3 real, 505.1 MB
[runlim] sample:		193.2 time, 200.3 real, 530.1 MB
[runlim] sample:		203.2 time, 210.3 real, 553.8 MB
[runlim] sample:		213.2 time, 220.3 real, 582.6 MB
[runlim] sample:		223.2 time, 230.3 real, 609.4 MB
[runlim] sample:		233.2 time, 240.3 real, 634.4 MB
[runlim] sample:		241.7 time, 250.3 real, 659.7 MB
[runlim] sample:		250.1 time, 260.3 real, 681.3 MB
[runlim] sample:		259.1 time, 270.3 real, 704.3 MB
[runlim] sample:		269.1 time, 280.3 real, 729.0 MB
[runlim] sample:		279.1 time, 290.3 real, 754.3 MB
[runlim] sample:		288.3 time, 300.3 real, 777.5 MB
[runlim] sample:		297.8 time, 310.3 real, 813.7 MB
CVC4 interrupted by SIGTERM.
[runlim] end:			Mon Jan 28 17:22:04 2019
[runlim] status:		out of time
[runlim] result:		2
[runlim] children:		0
[runlim] real:			312.66 seconds
[runlim] time:			300.08 seconds
[runlim] space:			819.4 MB
[runlim] samples:		3123
