[runlim] version:		1.10fixed
[runlim] time limit:		300 seconds
[runlim] real time limit:	311040000 seconds
[runlim] space limit:		4000 MB
[runlim] argv[0]:		./cvc4
[runlim] argv[1]:		--cbqi-all
[runlim] argv[2]:		/tmp/aSvHRfm5.smt2
[runlim] start:			Tue Jan 29 14:47:45 2019
[runlim] main pid:		20202
[runlim] sample:		9.6 time, 11.0 real, 47.6 MB
[runlim] sample:		19.1 time, 21.0 real, 54.5 MB
[runlim] sample:		28.6 time, 31.0 real, 59.9 MB
[runlim] sample:		38.1 time, 41.0 real, 63.5 MB
[runlim] sample:		47.7 time, 51.0 real, 67.0 MB
[runlim] sample:		57.4 time, 61.0 real, 69.8 MB
[runlim] sample:		66.7 time, 71.0 real, 72.1 MB
[runlim] sample:		76.0 time, 81.0 real, 74.2 MB
[runlim] sample:		85.5 time, 91.0 real, 76.5 MB
[runlim] sample:		95.1 time, 101.0 real, 77.8 MB
[runlim] sample:		105.1 time, 111.0 real, 79.6 MB
[runlim] sample:		115.1 time, 121.0 real, 81.9 MB
[runlim] sample:		124.9 time, 131.0 real, 83.0 MB
[runlim] sample:		134.9 time, 141.0 real, 85.7 MB
[runlim] sample:		144.9 time, 151.0 real, 86.8 MB
[runlim] sample:		154.9 time, 161.0 real, 88.0 MB
[runlim] sample:		164.9 time, 171.0 real, 90.1 MB
[runlim] sample:		174.9 time, 181.0 real, 91.4 MB
[runlim] sample:		184.9 time, 191.0 real, 92.4 MB
[runlim] sample:		194.9 time, 201.0 real, 94.2 MB
[runlim] sample:		204.9 time, 211.0 real, 94.7 MB
[runlim] sample:		214.9 time, 221.0 real, 96.8 MB
[runlim] sample:		224.9 time, 231.0 real, 98.1 MB
[runlim] sample:		234.9 time, 241.0 real, 98.8 MB
[runlim] sample:		244.9 time, 251.0 real, 100.1 MB
[runlim] sample:		254.9 time, 261.0 real, 101.2 MB
[runlim] sample:		264.9 time, 271.0 real, 102.2 MB
[runlim] sample:		274.9 time, 281.0 real, 102.2 MB
[runlim] sample:		284.9 time, 291.0 real, 103.2 MB
[runlim] sample:		294.9 time, 301.0 real, 104.2 MB
CVC4 interrupted by SIGTERM.
[runlim] end:			Tue Jan 29 14:52:51 2019
[runlim] status:		out of time
[runlim] result:		2
[runlim] children:		0
[runlim] real:			306.11 seconds
[runlim] time:			300.01 seconds
[runlim] space:			104.2 MB
[runlim] samples:		3051
