[runlim] version:		1.10fixed
[runlim] time limit:		300 seconds
[runlim] real time limit:	311040000 seconds
[runlim] space limit:		4000 MB
[runlim] argv[0]:		./cvc4
[runlim] argv[1]:		--cbqi-all
[runlim] argv[2]:		/tmp/zWlVadVV.smt2
[runlim] start:			Mon Jan 28 17:20:25 2019
[runlim] main pid:		6686
[runlim] sample:		7.7 time, 10.3 real, 62.4 MB
[runlim] sample:		15.8 time, 20.3 real, 89.5 MB
[runlim] sample:		25.8 time, 30.3 real, 110.4 MB
[runlim] sample:		34.0 time, 40.3 real, 124.5 MB
[runlim] sample:		42.1 time, 50.3 real, 132.5 MB
[runlim] sample:		52.1 time, 60.3 real, 145.9 MB
[runlim] sample:		62.1 time, 70.3 real, 163.9 MB
[runlim] sample:		72.1 time, 80.3 real, 175.7 MB
[runlim] sample:		81.3 time, 90.3 real, 184.8 MB
[runlim] sample:		90.1 time, 100.3 real, 194.9 MB
[runlim] sample:		98.6 time, 110.3 real, 202.8 MB
[runlim] sample:		108.2 time, 120.3 real, 211.8 MB
[runlim] sample:		117.8 time, 130.3 real, 219.0 MB
[runlim] sample:		127.8 time, 140.3 real, 228.2 MB
[runlim] sample:		137.8 time, 150.3 real, 236.2 MB
[runlim] sample:		147.0 time, 160.3 real, 242.7 MB
[runlim] sample:		156.9 time, 170.3 real, 248.1 MB
[runlim] sample:		166.6 time, 180.3 real, 253.5 MB
[runlim] sample:		176.2 time, 190.3 real, 258.9 MB
[runlim] sample:		185.9 time, 200.3 real, 264.0 MB
[runlim] sample:		195.6 time, 210.3 real, 268.6 MB
[runlim] sample:		205.0 time, 220.3 real, 273.0 MB
[runlim] sample:		214.4 time, 230.3 real, 277.6 MB
[runlim] sample:		223.7 time, 240.3 real, 282.3 MB
[runlim] sample:		232.8 time, 250.3 real, 286.7 MB
[runlim] sample:		241.2 time, 260.3 real, 291.8 MB
[runlim] sample:		250.2 time, 270.3 real, 296.2 MB
[runlim] sample:		259.4 time, 280.3 real, 300.5 MB
[runlim] sample:		268.1 time, 290.3 real, 304.1 MB
[runlim] sample:		277.9 time, 300.3 real, 308.2 MB
[runlim] sample:		286.6 time, 310.3 real, 311.6 MB
[runlim] sample:		295.3 time, 320.3 real, 317.4 MB
CVC4 interrupted by SIGTERM.
[runlim] end:			Mon Jan 28 17:25:50 2019
[runlim] status:		out of time
[runlim] result:		2
[runlim] children:		0
[runlim] real:			325.41 seconds
[runlim] time:			300.09 seconds
[runlim] space:			318.7 MB
[runlim] samples:		3251
