[runlim] version:		1.10fixed
[runlim] time limit:		300 seconds
[runlim] real time limit:	311040000 seconds
[runlim] space limit:		4000 MB
[runlim] argv[0]:		./cvc4
[runlim] argv[1]:		--cbqi-all
[runlim] argv[2]:		/tmp/nrsPF6Bs.smt2
[runlim] start:			Mon Jan 28 17:21:16 2019
[runlim] main pid:		17074
[runlim] sample:		9.0 time, 10.7 real, 70.3 MB
[runlim] sample:		19.0 time, 20.7 real, 78.8 MB
[runlim] sample:		28.9 time, 30.7 real, 85.9 MB
[runlim] sample:		38.7 time, 40.7 real, 90.6 MB
[runlim] sample:		47.7 time, 50.7 real, 94.7 MB
[runlim] sample:		57.1 time, 60.7 real, 99.5 MB
[runlim] sample:		66.4 time, 70.7 real, 102.1 MB
[runlim] sample:		75.7 time, 80.7 real, 106.1 MB
[runlim] sample:		85.4 time, 90.7 real, 108.4 MB
[runlim] sample:		94.7 time, 100.7 real, 111.3 MB
[runlim] sample:		104.0 time, 110.7 real, 114.1 MB
[runlim] sample:		113.9 time, 120.7 real, 114.9 MB
[runlim] sample:		123.9 time, 130.7 real, 118.0 MB
[runlim] sample:		133.9 time, 140.7 real, 120.8 MB
[runlim] sample:		143.9 time, 150.7 real, 122.1 MB
[runlim] sample:		153.9 time, 160.7 real, 123.6 MB
[runlim] sample:		163.9 time, 170.7 real, 126.2 MB
[runlim] sample:		173.9 time, 180.7 real, 127.5 MB
[runlim] sample:		183.9 time, 190.7 real, 130.6 MB
[runlim] sample:		193.9 time, 200.7 real, 131.4 MB
[runlim] sample:		203.9 time, 210.7 real, 132.6 MB
[runlim] sample:		213.9 time, 220.7 real, 134.2 MB
[runlim] sample:		223.9 time, 230.7 real, 135.5 MB
[runlim] sample:		233.9 time, 240.7 real, 137.1 MB
[runlim] sample:		243.9 time, 250.7 real, 138.8 MB
[runlim] sample:		253.9 time, 260.7 real, 139.6 MB
[runlim] sample:		263.8 time, 270.7 real, 140.9 MB
[runlim] sample:		273.2 time, 280.7 real, 142.2 MB
[runlim] sample:		282.2 time, 290.7 real, 143.2 MB
[runlim] sample:		291.2 time, 300.7 real, 143.2 MB
CVC4 interrupted by SIGTERM.
[runlim] end:			Mon Jan 28 17:26:25 2019
[runlim] status:		out of time
[runlim] result:		2
[runlim] children:		0
[runlim] real:			309.57 seconds
[runlim] time:			300.03 seconds
[runlim] space:			144.2 MB
[runlim] samples:		3088
