[runlim] version:		1.10fixed
[runlim] time limit:		300 seconds
[runlim] real time limit:	311040000 seconds
[runlim] space limit:		4000 MB
[runlim] argv[0]:		./cvc4
[runlim] argv[1]:		--cbqi-all
[runlim] argv[2]:		/tmp/Opi8QMWN.smt2
[runlim] start:			Tue Jan 29 14:50:08 2019
[runlim] main pid:		16352
[runlim] sample:		9.6 time, 10.7 real, 42.9 MB
[runlim] sample:		19.5 time, 20.7 real, 55.5 MB
[runlim] sample:		28.8 time, 30.7 real, 64.2 MB
[runlim] sample:		38.5 time, 40.7 real, 73.2 MB
[runlim] sample:		48.2 time, 50.7 real, 79.4 MB
[runlim] sample:		58.2 time, 60.7 real, 85.6 MB
[runlim] sample:		67.8 time, 70.7 real, 90.5 MB
[runlim] sample:		77.8 time, 80.7 real, 95.7 MB
[runlim] sample:		85.6 time, 90.7 real, 98.8 MB
[runlim] sample:		95.4 time, 100.7 real, 105.6 MB
[runlim] sample:		104.7 time, 110.7 real, 113.4 MB
[runlim] sample:		114.8 time, 120.7 real, 117.2 MB
[runlim] sample:		124.7 time, 130.7 real, 121.1 MB
[runlim] sample:		134.7 time, 140.7 real, 124.4 MB
[runlim] sample:		144.7 time, 150.7 real, 127.5 MB
[runlim] sample:		153.6 time, 160.7 real, 130.6 MB
[runlim] sample:		163.3 time, 170.7 real, 133.5 MB
[runlim] sample:		172.6 time, 180.7 real, 136.0 MB
[runlim] sample:		181.3 time, 190.7 real, 138.1 MB
[runlim] sample:		190.0 time, 200.7 real, 140.4 MB
[runlim] sample:		198.2 time, 210.7 real, 142.5 MB
[runlim] sample:		207.3 time, 220.7 real, 144.8 MB
[runlim] sample:		217.3 time, 230.7 real, 147.1 MB
[runlim] sample:		226.1 time, 240.7 real, 149.2 MB
[runlim] sample:		234.7 time, 250.7 real, 151.5 MB
[runlim] sample:		243.9 time, 260.7 real, 153.3 MB
[runlim] sample:		253.9 time, 270.7 real, 155.6 MB
[runlim] sample:		263.9 time, 280.7 real, 157.7 MB
[runlim] sample:		273.9 time, 290.7 real, 160.0 MB
[runlim] sample:		283.9 time, 300.7 real, 161.8 MB
[runlim] sample:		293.9 time, 310.7 real, 163.6 MB
CVC4 interrupted by SIGTERM.
[runlim] end:			Tue Jan 29 14:55:24 2019
[runlim] status:		out of time
[runlim] result:		2
[runlim] children:		0
[runlim] real:			316.84 seconds
[runlim] time:			300.03 seconds
[runlim] space:			165.2 MB
[runlim] samples:		3161
