[runlim] version:		1.10fixed
[runlim] time limit:		300 seconds
[runlim] real time limit:	311040000 seconds
[runlim] space limit:		4000 MB
[runlim] argv[0]:		./cvc4
[runlim] argv[1]:		--cbqi-all
[runlim] argv[2]:		/tmp/77TMriZr.smt2
[runlim] start:			Tue Jan 29 14:51:32 2019
[runlim] main pid:		29663
[runlim] sample:		9.5 time, 10.6 real, 42.4 MB
[runlim] sample:		19.2 time, 20.6 real, 54.6 MB
[runlim] sample:		28.6 time, 30.6 real, 63.6 MB
[runlim] sample:		38.1 time, 40.6 real, 72.3 MB
[runlim] sample:		47.9 time, 50.6 real, 78.2 MB
[runlim] sample:		56.5 time, 60.6 real, 83.1 MB
[runlim] sample:		65.7 time, 70.6 real, 88.0 MB
[runlim] sample:		75.4 time, 80.6 real, 92.7 MB
[runlim] sample:		85.4 time, 90.6 real, 96.8 MB
[runlim] sample:		95.4 time, 100.6 real, 103.5 MB
[runlim] sample:		105.4 time, 110.6 real, 111.6 MB
[runlim] sample:		115.4 time, 120.6 real, 115.3 MB
[runlim] sample:		125.4 time, 130.6 real, 118.9 MB
[runlim] sample:		135.4 time, 140.6 real, 122.0 MB
[runlim] sample:		145.4 time, 150.6 real, 124.8 MB
[runlim] sample:		155.4 time, 160.6 real, 127.6 MB
[runlim] sample:		165.4 time, 170.6 real, 130.7 MB
[runlim] sample:		175.4 time, 180.6 real, 133.0 MB
[runlim] sample:		185.4 time, 190.6 real, 135.9 MB
[runlim] sample:		195.4 time, 200.6 real, 137.9 MB
[runlim] sample:		205.4 time, 210.6 real, 140.3 MB
[runlim] sample:		215.4 time, 220.6 real, 142.6 MB
[runlim] sample:		225.4 time, 230.6 real, 144.6 MB
[runlim] sample:		235.4 time, 240.6 real, 147.0 MB
[runlim] sample:		245.4 time, 250.6 real, 148.8 MB
[runlim] sample:		255.4 time, 260.6 real, 150.8 MB
[runlim] sample:		265.4 time, 270.6 real, 152.9 MB
[runlim] sample:		275.4 time, 280.6 real, 155.0 MB
[runlim] sample:		285.4 time, 290.6 real, 156.8 MB
[runlim] sample:		295.4 time, 300.6 real, 158.8 MB
CVC4 interrupted by SIGTERM.
[runlim] end:			Tue Jan 29 14:56:37 2019
[runlim] status:		out of time
[runlim] result:		2
[runlim] children:		0
[runlim] real:			305.36 seconds
[runlim] time:			300.08 seconds
[runlim] space:			159.6 MB
[runlim] samples:		3047
