[runlim] version:		1.10fixed
[runlim] time limit:		300 seconds
[runlim] real time limit:	311040000 seconds
[runlim] space limit:		4000 MB
[runlim] argv[0]:		./cvc4
[runlim] argv[1]:		--cbqi-all
[runlim] argv[2]:		/tmp/e9BFKT4q.smt2
[runlim] start:			Tue Jan 29 14:51:27 2019
[runlim] main pid:		16436
[runlim] sample:		8.9 time, 10.5 real, 41.9 MB
[runlim] sample:		17.8 time, 20.5 real, 54.0 MB
[runlim] sample:		27.8 time, 30.5 real, 62.8 MB
[runlim] sample:		37.8 time, 40.5 real, 73.3 MB
[runlim] sample:		47.8 time, 50.5 real, 79.8 MB
[runlim] sample:		57.8 time, 60.5 real, 86.0 MB
[runlim] sample:		67.8 time, 70.5 real, 91.4 MB
[runlim] sample:		77.8 time, 80.5 real, 96.0 MB
[runlim] sample:		87.8 time, 90.5 real, 100.7 MB
[runlim] sample:		96.6 time, 100.5 real, 106.5 MB
[runlim] sample:		104.7 time, 110.5 real, 113.7 MB
[runlim] sample:		114.6 time, 120.5 real, 117.6 MB
[runlim] sample:		123.4 time, 130.5 real, 120.7 MB
[runlim] sample:		132.5 time, 140.5 real, 123.8 MB
[runlim] sample:		141.5 time, 150.5 real, 126.6 MB
[runlim] sample:		151.1 time, 160.5 real, 129.7 MB
[runlim] sample:		160.0 time, 170.5 real, 132.0 MB
[runlim] sample:		170.0 time, 180.5 real, 134.8 MB
[runlim] sample:		180.0 time, 190.5 real, 137.9 MB
[runlim] sample:		189.9 time, 200.5 real, 140.3 MB
[runlim] sample:		199.9 time, 210.5 real, 142.8 MB
[runlim] sample:		209.9 time, 220.5 real, 145.4 MB
[runlim] sample:		219.9 time, 230.5 real, 147.7 MB
[runlim] sample:		229.9 time, 240.5 real, 150.1 MB
[runlim] sample:		239.9 time, 250.5 real, 152.6 MB
[runlim] sample:		249.9 time, 260.5 real, 154.7 MB
[runlim] sample:		259.9 time, 270.5 real, 157.0 MB
[runlim] sample:		269.9 time, 280.5 real, 159.1 MB
[runlim] sample:		279.9 time, 290.5 real, 160.9 MB
[runlim] sample:		289.9 time, 300.5 real, 162.7 MB
[runlim] sample:		299.9 time, 310.5 real, 164.7 MB
CVC4 interrupted by SIGTERM.
[runlim] end:			Tue Jan 29 14:56:37 2019
[runlim] status:		out of time
[runlim] result:		2
[runlim] children:		0
[runlim] real:			310.58 seconds
[runlim] time:			300.04 seconds
[runlim] space:			164.7 MB
[runlim] samples:		3101
