[runlim] version:		1.10fixed
[runlim] time limit:		300 seconds
[runlim] real time limit:	311040000 seconds
[runlim] space limit:		4000 MB
[runlim] argv[0]:		./cvc4
[runlim] argv[1]:		--cbqi-all
[runlim] argv[2]:		/tmp/siEkCC7N.smt2
[runlim] start:			Mon Jan 28 17:21:03 2019
[runlim] main pid:		3044
[runlim] sample:		9.5 time, 10.5 real, 42.5 MB
[runlim] sample:		19.5 time, 20.5 real, 55.1 MB
[runlim] sample:		29.5 time, 30.5 real, 66.7 MB
[runlim] sample:		39.5 time, 40.5 real, 73.9 MB
[runlim] sample:		49.5 time, 50.5 real, 80.1 MB
[runlim] sample:		58.5 time, 60.5 real, 85.3 MB
[runlim] sample:		68.3 time, 70.5 real, 90.7 MB
[runlim] sample:		77.9 time, 80.5 real, 95.3 MB
[runlim] sample:		87.6 time, 90.5 real, 99.2 MB
[runlim] sample:		97.3 time, 100.5 real, 109.9 MB
[runlim] sample:		107.3 time, 110.5 real, 114.0 MB
[runlim] sample:		117.1 time, 120.5 real, 117.9 MB
[runlim] sample:		127.0 time, 130.5 real, 121.2 MB
[runlim] sample:		136.3 time, 140.5 real, 124.3 MB
[runlim] sample:		145.3 time, 150.5 real, 127.2 MB
[runlim] sample:		155.3 time, 160.5 real, 130.5 MB
[runlim] sample:		164.8 time, 170.5 real, 133.1 MB
[runlim] sample:		174.2 time, 180.5 real, 135.9 MB
[runlim] sample:		184.2 time, 190.5 real, 138.8 MB
[runlim] sample:		194.2 time, 200.5 real, 141.1 MB
[runlim] sample:		204.0 time, 210.5 real, 143.1 MB
[runlim] sample:		214.0 time, 220.5 real, 146.0 MB
[runlim] sample:		224.0 time, 230.5 real, 148.0 MB
[runlim] sample:		234.0 time, 240.5 real, 150.6 MB
[runlim] sample:		244.0 time, 250.5 real, 153.2 MB
[runlim] sample:		254.0 time, 260.5 real, 155.2 MB
[runlim] sample:		264.0 time, 270.5 real, 157.3 MB
[runlim] sample:		274.0 time, 280.5 real, 159.1 MB
[runlim] sample:		284.0 time, 290.5 real, 161.4 MB
[runlim] sample:		294.0 time, 300.5 real, 163.2 MB
CVC4 interrupted by SIGTERM.
[runlim] end:			Mon Jan 28 17:26:09 2019
[runlim] status:		out of time
[runlim] result:		2
[runlim] children:		0
[runlim] real:			306.66 seconds
[runlim] time:			300.06 seconds
[runlim] space:			164.5 MB
[runlim] samples:		3061
