[runlim] version:		1.10fixed
[runlim] time limit:		300 seconds
[runlim] real time limit:	311040000 seconds
[runlim] space limit:		4000 MB
[runlim] argv[0]:		./cvc4
[runlim] argv[1]:		--cbqi-all
[runlim] argv[2]:		/tmp/FV0WPMd9.smt2
[runlim] start:			Tue Jan 29 14:47:47 2019
[runlim] main pid:		20981
[runlim] sample:		9.7 time, 10.9 real, 41.7 MB
[runlim] sample:		19.7 time, 20.9 real, 54.3 MB
[runlim] sample:		29.7 time, 30.9 real, 62.0 MB
[runlim] sample:		39.7 time, 40.9 real, 72.0 MB
[runlim] sample:		49.7 time, 50.9 real, 77.7 MB
[runlim] sample:		59.7 time, 60.9 real, 83.4 MB
[runlim] sample:		69.7 time, 70.9 real, 88.3 MB
[runlim] sample:		79.0 time, 80.9 real, 92.9 MB
[runlim] sample:		88.2 time, 90.9 real, 96.3 MB
[runlim] sample:		97.2 time, 100.9 real, 99.9 MB
[runlim] sample:		106.2 time, 110.9 real, 105.7 MB
[runlim] sample:		115.6 time, 120.9 real, 113.0 MB
[runlim] sample:		125.6 time, 130.9 real, 116.6 MB
[runlim] sample:		135.5 time, 140.9 real, 119.5 MB
[runlim] sample:		144.8 time, 150.9 real, 122.3 MB
[runlim] sample:		153.7 time, 160.9 real, 124.6 MB
[runlim] sample:		162.8 time, 170.9 real, 127.5 MB
[runlim] sample:		172.4 time, 180.9 real, 130.0 MB
[runlim] sample:		182.4 time, 190.9 real, 132.6 MB
[runlim] sample:		192.4 time, 200.9 real, 135.2 MB
[runlim] sample:		202.4 time, 210.9 real, 137.8 MB
[runlim] sample:		212.4 time, 220.9 real, 139.8 MB
[runlim] sample:		222.4 time, 230.9 real, 141.9 MB
[runlim] sample:		232.2 time, 240.9 real, 144.2 MB
[runlim] sample:		241.0 time, 250.9 real, 146.0 MB
[runlim] sample:		251.0 time, 260.9 real, 148.3 MB
[runlim] sample:		261.0 time, 270.9 real, 150.4 MB
[runlim] sample:		270.5 time, 280.9 real, 152.2 MB
[runlim] sample:		279.1 time, 290.9 real, 153.7 MB
[runlim] sample:		287.1 time, 300.9 real, 155.5 MB
[runlim] sample:		296.5 time, 310.9 real, 157.1 MB
CVC4 interrupted by SIGTERM.
[runlim] end:			Tue Jan 29 14:53:01 2019
[runlim] status:		out of time
[runlim] result:		2
[runlim] children:		0
[runlim] real:			314.49 seconds
[runlim] time:			300.03 seconds
[runlim] space:			157.6 MB
[runlim] samples:		3136
