[runlim] version:		1.10fixed
[runlim] time limit:		300 seconds
[runlim] real time limit:	311040000 seconds
[runlim] space limit:		4000 MB
[runlim] argv[0]:		./cvc4
[runlim] argv[1]:		--cbqi-all
[runlim] argv[2]:		/tmp/x3Q1M3v0.smt2
[runlim] start:			Tue Jan 29 14:52:20 2019
[runlim] main pid:		31340
[runlim] sample:		9.5 time, 10.3 real, 57.1 MB
[runlim] sample:		19.2 time, 20.3 real, 89.7 MB
[runlim] sample:		28.9 time, 30.3 real, 120.9 MB
[runlim] sample:		38.8 time, 40.3 real, 154.0 MB
[runlim] sample:		48.8 time, 50.3 real, 187.8 MB
[runlim] sample:		58.8 time, 60.3 real, 225.6 MB
[runlim] sample:		68.8 time, 70.3 real, 266.0 MB
[runlim] sample:		78.8 time, 80.3 real, 301.0 MB
[runlim] sample:		88.8 time, 90.3 real, 339.4 MB
[runlim] sample:		98.8 time, 100.3 real, 373.4 MB
[runlim] sample:		108.8 time, 110.3 real, 404.4 MB
[runlim] sample:		118.8 time, 120.3 real, 441.2 MB
[runlim] sample:		128.7 time, 130.3 real, 481.8 MB
[runlim] sample:		138.8 time, 140.3 real, 498.3 MB
[runlim] sample:		148.8 time, 150.3 real, 534.1 MB
[runlim] sample:		158.7 time, 160.3 real, 575.1 MB
[runlim] sample:		168.7 time, 170.3 real, 608.8 MB
[runlim] sample:		178.7 time, 180.3 real, 647.9 MB
[runlim] sample:		188.7 time, 190.3 real, 678.0 MB
[runlim] sample:		198.7 time, 200.3 real, 708.4 MB
[runlim] sample:		208.7 time, 210.3 real, 738.9 MB
[runlim] sample:		218.7 time, 220.3 real, 769.0 MB
[runlim] sample:		228.7 time, 230.3 real, 811.0 MB
[runlim] sample:		238.7 time, 240.3 real, 842.9 MB
[runlim] sample:		248.7 time, 250.3 real, 880.1 MB
[runlim] sample:		258.7 time, 260.3 real, 919.0 MB
[runlim] sample:		268.7 time, 270.3 real, 933.9 MB
[runlim] sample:		278.7 time, 280.3 real, 965.6 MB
[runlim] sample:		288.7 time, 290.3 real, 997.8 MB
[runlim] sample:		298.7 time, 300.3 real, 1029.0 MB
CVC4 interrupted by SIGTERM.
[runlim] end:			Tue Jan 29 14:57:21 2019
[runlim] status:		out of time
[runlim] result:		2
[runlim] children:		0
[runlim] real:			301.65 seconds
[runlim] time:			300.02 seconds
[runlim] space:			1033.1 MB
[runlim] samples:		3013
