[runlim] version:		1.10fixed
[runlim] time limit:		300 seconds
[runlim] real time limit:	311040000 seconds
[runlim] space limit:		4000 MB
[runlim] argv[0]:		./cvc4
[runlim] argv[1]:		--cbqi-all
[runlim] argv[2]:		/tmp/atEh0LCv.smt2
[runlim] start:			Mon Jan 28 17:16:51 2019
[runlim] main pid:		25471
[runlim] sample:		8.2 time, 10.9 real, 53.6 MB
[runlim] sample:		16.7 time, 20.9 real, 62.8 MB
[runlim] sample:		25.5 time, 30.9 real, 68.7 MB
[runlim] sample:		35.2 time, 40.9 real, 75.9 MB
[runlim] sample:		44.9 time, 50.9 real, 80.6 MB
[runlim] sample:		54.5 time, 60.9 real, 83.0 MB
[runlim] sample:		64.2 time, 70.9 real, 87.4 MB
[runlim] sample:		73.8 time, 80.9 real, 90.2 MB
[runlim] sample:		83.5 time, 90.9 real, 93.1 MB
[runlim] sample:		93.5 time, 100.9 real, 95.4 MB
[runlim] sample:		103.5 time, 110.9 real, 97.5 MB
[runlim] sample:		113.5 time, 120.9 real, 101.4 MB
[runlim] sample:		123.5 time, 130.9 real, 102.7 MB
[runlim] sample:		133.5 time, 140.9 real, 105.8 MB
[runlim] sample:		143.5 time, 150.9 real, 107.4 MB
[runlim] sample:		153.5 time, 160.9 real, 108.6 MB
[runlim] sample:		163.5 time, 170.9 real, 110.2 MB
[runlim] sample:		173.5 time, 180.9 real, 111.2 MB
[runlim] sample:		183.5 time, 190.9 real, 114.3 MB
[runlim] sample:		193.5 time, 200.9 real, 115.3 MB
[runlim] sample:		203.5 time, 210.9 real, 117.1 MB
[runlim] sample:		213.5 time, 220.9 real, 120.8 MB
[runlim] sample:		223.5 time, 230.9 real, 122.5 MB
[runlim] sample:		233.5 time, 240.9 real, 123.5 MB
[runlim] sample:		243.5 time, 250.9 real, 123.8 MB
[runlim] sample:		253.5 time, 260.9 real, 125.3 MB
[runlim] sample:		263.5 time, 270.9 real, 126.9 MB
[runlim] sample:		273.5 time, 280.9 real, 128.1 MB
[runlim] sample:		283.5 time, 290.9 real, 130.2 MB
[runlim] sample:		293.5 time, 300.9 real, 131.2 MB
CVC4 interrupted by SIGTERM.
[runlim] end:			Mon Jan 28 17:21:58 2019
[runlim] status:		out of time
[runlim] result:		2
[runlim] children:		0
[runlim] real:			307.55 seconds
[runlim] time:			300.08 seconds
[runlim] space:			131.2 MB
[runlim] samples:		3066
