[runlim] version:		1.10fixed
[runlim] time limit:		300 seconds
[runlim] real time limit:	311040000 seconds
[runlim] space limit:		4000 MB
[runlim] argv[0]:		./cvc4
[runlim] argv[1]:		--cbqi-all
[runlim] argv[2]:		/tmp/C09jgnUp.smt2
[runlim] start:			Mon Jan 28 17:20:26 2019
[runlim] main pid:		2888
[runlim] sample:		9.3 time, 10.7 real, 47.0 MB
[runlim] sample:		19.1 time, 20.7 real, 53.2 MB
[runlim] sample:		29.1 time, 30.7 real, 58.5 MB
[runlim] sample:		38.6 time, 40.7 real, 62.1 MB
[runlim] sample:		48.6 time, 50.7 real, 65.2 MB
[runlim] sample:		58.6 time, 60.7 real, 68.3 MB
[runlim] sample:		68.6 time, 70.7 real, 71.4 MB
[runlim] sample:		78.6 time, 80.7 real, 74.2 MB
[runlim] sample:		88.6 time, 90.7 real, 74.7 MB
[runlim] sample:		98.5 time, 100.7 real, 76.8 MB
[runlim] sample:		108.5 time, 110.7 real, 78.8 MB
[runlim] sample:		118.5 time, 120.7 real, 79.9 MB
[runlim] sample:		128.6 time, 130.7 real, 81.4 MB
[runlim] sample:		138.6 time, 140.7 real, 83.2 MB
[runlim] sample:		148.6 time, 150.7 real, 84.5 MB
[runlim] sample:		158.6 time, 160.7 real, 85.3 MB
[runlim] sample:		168.6 time, 170.7 real, 86.6 MB
[runlim] sample:		178.6 time, 180.7 real, 89.4 MB
[runlim] sample:		188.6 time, 190.7 real, 90.2 MB
[runlim] sample:		198.5 time, 200.7 real, 91.2 MB
[runlim] sample:		208.5 time, 210.7 real, 92.3 MB
[runlim] sample:		218.6 time, 220.7 real, 93.6 MB
[runlim] sample:		228.6 time, 230.7 real, 93.6 MB
[runlim] sample:		238.6 time, 240.7 real, 94.1 MB
[runlim] sample:		248.6 time, 250.7 real, 96.4 MB
[runlim] sample:		258.5 time, 260.7 real, 97.4 MB
[runlim] sample:		268.5 time, 270.7 real, 98.5 MB
[runlim] sample:		278.5 time, 280.7 real, 99.2 MB
[runlim] sample:		288.5 time, 290.7 real, 100.5 MB
[runlim] sample:		298.5 time, 300.7 real, 100.5 MB
CVC4 interrupted by SIGTERM.
[runlim] end:			Mon Jan 28 17:25:28 2019
[runlim] status:		out of time
[runlim] result:		2
[runlim] children:		0
[runlim] real:			302.21 seconds
[runlim] time:			300.04 seconds
[runlim] space:			101.6 MB
[runlim] samples:		3015
