[runlim] version:		1.10fixed
[runlim] time limit:		300 seconds
[runlim] real time limit:	311040000 seconds
[runlim] space limit:		4000 MB
[runlim] argv[0]:		./cvc4
[runlim] argv[1]:		--cbqi-all
[runlim] argv[2]:		/tmp/xsaHoPBr.smt2
[runlim] start:			Tue Jan 29 14:52:05 2019
[runlim] main pid:		14544
[runlim] sample:		9.5 time, 10.5 real, 68.5 MB
[runlim] sample:		18.8 time, 20.5 real, 81.8 MB
[runlim] sample:		27.8 time, 30.5 real, 91.9 MB
[runlim] sample:		36.5 time, 40.5 real, 98.3 MB
[runlim] sample:		45.3 time, 50.5 real, 104.8 MB
[runlim] sample:		54.7 time, 60.5 real, 109.4 MB
[runlim] sample:		64.3 time, 70.5 real, 116.0 MB
[runlim] sample:		74.1 time, 80.5 real, 120.9 MB
[runlim] sample:		84.1 time, 90.5 real, 125.3 MB
[runlim] sample:		94.1 time, 100.5 real, 129.4 MB
[runlim] sample:		103.8 time, 110.5 real, 131.5 MB
[runlim] sample:		113.5 time, 120.5 real, 136.7 MB
[runlim] sample:		123.2 time, 130.5 real, 138.2 MB
[runlim] sample:		132.9 time, 140.5 real, 143.2 MB
[runlim] sample:		142.6 time, 150.5 real, 145.3 MB
[runlim] sample:		152.3 time, 160.5 real, 147.5 MB
[runlim] sample:		162.3 time, 170.5 real, 149.6 MB
[runlim] sample:		172.3 time, 180.5 real, 153.7 MB
[runlim] sample:		182.1 time, 190.5 real, 155.5 MB
[runlim] sample:		191.5 time, 200.5 real, 157.6 MB
[runlim] sample:		201.5 time, 210.5 real, 159.4 MB
[runlim] sample:		211.5 time, 220.5 real, 161.2 MB
[runlim] sample:		221.5 time, 230.5 real, 163.5 MB
[runlim] sample:		231.5 time, 240.5 real, 165.4 MB
[runlim] sample:		240.7 time, 250.5 real, 167.2 MB
[runlim] sample:		250.2 time, 260.5 real, 167.5 MB
[runlim] sample:		260.2 time, 270.5 real, 169.3 MB
[runlim] sample:		270.2 time, 280.5 real, 171.6 MB
[runlim] sample:		280.2 time, 290.5 real, 173.7 MB
[runlim] sample:		289.0 time, 300.5 real, 175.5 MB
[runlim] sample:		297.5 time, 310.5 real, 175.5 MB
CVC4 interrupted by SIGTERM.
[runlim] end:			Tue Jan 29 14:57:17 2019
[runlim] status:		out of time
[runlim] result:		2
[runlim] children:		0
[runlim] real:			312.98 seconds
[runlim] time:			300.04 seconds
[runlim] space:			175.5 MB
[runlim] samples:		3125
