[runlim] version:		1.10fixed
[runlim] time limit:		300 seconds
[runlim] real time limit:	311040000 seconds
[runlim] space limit:		4000 MB
[runlim] argv[0]:		./cvc4
[runlim] argv[1]:		--cbqi-all
[runlim] argv[2]:		/tmp/VDO8zraX.smt2
[runlim] start:			Mon Jan 28 17:20:31 2019
[runlim] main pid:		26531
[runlim] sample:		9.6 time, 10.3 real, 108.8 MB
[runlim] sample:		19.6 time, 20.3 real, 152.6 MB
[runlim] sample:		29.6 time, 30.3 real, 185.7 MB
[runlim] sample:		39.6 time, 40.3 real, 211.0 MB
[runlim] sample:		49.6 time, 50.3 real, 238.2 MB
[runlim] sample:		59.6 time, 60.3 real, 257.4 MB
[runlim] sample:		69.6 time, 70.3 real, 278.4 MB
[runlim] sample:		79.6 time, 80.3 real, 294.9 MB
[runlim] sample:		89.6 time, 90.3 real, 311.4 MB
[runlim] sample:		99.5 time, 100.3 real, 325.6 MB
[runlim] sample:		109.5 time, 110.3 real, 339.2 MB
[runlim] sample:		119.4 time, 120.3 real, 352.4 MB
[runlim] sample:		129.1 time, 130.3 real, 367.9 MB
[runlim] sample:		138.8 time, 140.3 real, 380.0 MB
[runlim] sample:		148.5 time, 150.3 real, 390.6 MB
[runlim] sample:		158.2 time, 160.3 real, 401.4 MB
[runlim] sample:		167.9 time, 170.3 real, 411.7 MB
[runlim] sample:		177.6 time, 180.3 real, 424.4 MB
[runlim] sample:		187.4 time, 190.3 real, 444.0 MB
[runlim] sample:		197.4 time, 200.3 real, 450.2 MB
[runlim] sample:		207.4 time, 210.3 real, 459.5 MB
[runlim] sample:		217.4 time, 220.3 real, 469.0 MB
[runlim] sample:		227.4 time, 230.3 real, 477.2 MB
[runlim] sample:		237.4 time, 240.3 real, 485.6 MB
[runlim] sample:		247.4 time, 250.3 real, 493.3 MB
[runlim] sample:		257.4 time, 260.3 real, 501.5 MB
[runlim] sample:		267.4 time, 270.3 real, 520.2 MB
[runlim] sample:		277.4 time, 280.3 real, 521.7 MB
[runlim] sample:		287.4 time, 290.3 real, 529.5 MB
[runlim] sample:		297.4 time, 300.3 real, 536.7 MB
CVC4 interrupted by SIGTERM.
[runlim] end:			Mon Jan 28 17:25:34 2019
[runlim] status:		out of time
[runlim] result:		2
[runlim] children:		0
[runlim] real:			303.07 seconds
[runlim] time:			300.07 seconds
[runlim] space:			538.2 MB
[runlim] samples:		3027
