[runlim] version:		1.10fixed
[runlim] time limit:		300 seconds
[runlim] real time limit:	311040000 seconds
[runlim] space limit:		4000 MB
[runlim] argv[0]:		./cvc4
[runlim] argv[1]:		--cbqi-all
[runlim] argv[2]:		/tmp/C6zk2bE9.smt2
[runlim] start:			Mon Jan 28 17:19:54 2019
[runlim] main pid:		1417
[runlim] sample:		9.6 time, 10.2 real, 47.5 MB
[runlim] sample:		19.3 time, 20.2 real, 55.2 MB
[runlim] sample:		29.0 time, 30.2 real, 59.8 MB
[runlim] sample:		38.7 time, 40.2 real, 63.2 MB
[runlim] sample:		48.3 time, 50.2 real, 66.4 MB
[runlim] sample:		58.0 time, 60.2 real, 70.7 MB
[runlim] sample:		68.0 time, 70.2 real, 73.0 MB
[runlim] sample:		78.0 time, 80.2 real, 75.3 MB
[runlim] sample:		88.0 time, 90.2 real, 77.4 MB
[runlim] sample:		98.0 time, 100.2 real, 79.2 MB
[runlim] sample:		108.0 time, 110.2 real, 80.2 MB
[runlim] sample:		118.0 time, 120.2 real, 83.1 MB
[runlim] sample:		127.8 time, 130.2 real, 84.4 MB
[runlim] sample:		137.4 time, 140.2 real, 85.4 MB
[runlim] sample:		147.1 time, 150.2 real, 87.7 MB
[runlim] sample:		157.1 time, 160.2 real, 88.8 MB
[runlim] sample:		167.1 time, 170.2 real, 89.8 MB
[runlim] sample:		177.1 time, 180.2 real, 90.8 MB
[runlim] sample:		187.1 time, 190.2 real, 91.9 MB
[runlim] sample:		196.6 time, 200.2 real, 93.4 MB
[runlim] sample:		205.9 time, 210.2 real, 94.7 MB
[runlim] sample:		215.4 time, 220.2 real, 96.5 MB
[runlim] sample:		224.9 time, 230.2 real, 97.6 MB
[runlim] sample:		234.2 time, 240.2 real, 98.6 MB
[runlim] sample:		243.1 time, 250.2 real, 98.6 MB
[runlim] sample:		252.6 time, 260.2 real, 99.9 MB
[runlim] sample:		262.4 time, 270.2 real, 100.7 MB
[runlim] sample:		272.1 time, 280.2 real, 101.7 MB
[runlim] sample:		282.1 time, 290.2 real, 103.0 MB
[runlim] sample:		291.7 time, 300.2 real, 103.7 MB
CVC4 interrupted by SIGTERM.
[runlim] end:			Mon Jan 28 17:25:03 2019
[runlim] status:		out of time
[runlim] result:		2
[runlim] children:		0
[runlim] real:			309.12 seconds
[runlim] time:			300.02 seconds
[runlim] space:			104.0 MB
[runlim] samples:		3089
