[runlim] version:		1.10fixed
[runlim] time limit:		300 seconds
[runlim] real time limit:	311040000 seconds
[runlim] space limit:		4000 MB
[runlim] argv[0]:		./cvc4
[runlim] argv[1]:		--cbqi-all
[runlim] argv[2]:		/tmp/1p2YQvMo.smt2
[runlim] start:			Mon Jan 28 17:20:40 2019
[runlim] main pid:		8847
[runlim] sample:		8.0 time, 10.2 real, 40.3 MB
[runlim] sample:		17.3 time, 20.2 real, 52.9 MB
[runlim] sample:		26.4 time, 30.2 real, 60.9 MB
[runlim] sample:		35.9 time, 40.2 real, 71.0 MB
[runlim] sample:		45.9 time, 50.2 real, 77.7 MB
[runlim] sample:		55.9 time, 60.2 real, 83.6 MB
[runlim] sample:		65.8 time, 70.2 real, 89.3 MB
[runlim] sample:		73.5 time, 80.2 real, 93.1 MB
[runlim] sample:		83.1 time, 90.2 real, 97.3 MB
[runlim] sample:		92.8 time, 100.2 real, 103.4 MB
[runlim] sample:		102.6 time, 110.2 real, 111.6 MB
[runlim] sample:		111.3 time, 120.2 real, 115.2 MB
[runlim] sample:		119.4 time, 130.2 real, 118.3 MB
[runlim] sample:		129.3 time, 140.2 real, 121.9 MB
[runlim] sample:		138.5 time, 150.2 real, 124.7 MB
[runlim] sample:		147.9 time, 160.2 real, 127.8 MB
[runlim] sample:		157.6 time, 170.2 real, 130.7 MB
[runlim] sample:		167.0 time, 180.2 real, 133.2 MB
[runlim] sample:		177.0 time, 190.2 real, 136.3 MB
[runlim] sample:		186.9 time, 200.2 real, 138.9 MB
[runlim] sample:		196.5 time, 210.2 real, 141.2 MB
[runlim] sample:		206.1 time, 220.2 real, 143.6 MB
[runlim] sample:		215.8 time, 230.2 real, 146.1 MB
[runlim] sample:		225.7 time, 240.2 real, 148.2 MB
[runlim] sample:		235.4 time, 250.2 real, 150.5 MB
[runlim] sample:		245.1 time, 260.2 real, 152.8 MB
[runlim] sample:		254.8 time, 270.2 real, 154.9 MB
[runlim] sample:		264.6 time, 280.2 real, 157.0 MB
[runlim] sample:		273.5 time, 290.2 real, 159.0 MB
[runlim] sample:		283.3 time, 300.2 real, 160.8 MB
[runlim] sample:		293.3 time, 310.2 real, 162.9 MB
CVC4 interrupted by SIGTERM.
[runlim] end:			Mon Jan 28 17:25:56 2019
[runlim] status:		out of time
[runlim] result:		2
[runlim] children:		0
[runlim] real:			316.97 seconds
[runlim] time:			300.09 seconds
[runlim] space:			163.9 MB
[runlim] samples:		3168
