[runlim] version:		1.10fixed
[runlim] time limit:		300 seconds
[runlim] real time limit:	311040000 seconds
[runlim] space limit:		4000 MB
[runlim] argv[0]:		./cvc4
[runlim] argv[1]:		--cbqi-all
[runlim] argv[2]:		/tmp/q9yXZ5vs.smt2
[runlim] start:			Tue Jan 29 14:52:09 2019
[runlim] main pid:		13588
[runlim] sample:		7.7 time, 10.3 real, 90.7 MB
[runlim] sample:		15.8 time, 20.3 real, 124.9 MB
[runlim] sample:		25.8 time, 30.3 real, 154.5 MB
[runlim] sample:		35.3 time, 40.3 real, 177.2 MB
[runlim] sample:		44.6 time, 50.3 real, 199.5 MB
[runlim] sample:		54.6 time, 60.3 real, 218.9 MB
[runlim] sample:		64.6 time, 70.3 real, 238.2 MB
[runlim] sample:		74.6 time, 80.3 real, 253.7 MB
[runlim] sample:		84.6 time, 90.3 real, 267.4 MB
[runlim] sample:		94.6 time, 100.3 real, 281.4 MB
[runlim] sample:		104.6 time, 110.3 real, 295.5 MB
[runlim] sample:		114.6 time, 120.3 real, 307.1 MB
[runlim] sample:		124.6 time, 130.3 real, 318.5 MB
[runlim] sample:		134.6 time, 140.3 real, 331.4 MB
[runlim] sample:		144.6 time, 150.3 real, 340.9 MB
[runlim] sample:		154.6 time, 160.3 real, 352.4 MB
[runlim] sample:		164.6 time, 170.3 real, 365.7 MB
[runlim] sample:		173.9 time, 180.3 real, 374.8 MB
[runlim] sample:		182.6 time, 190.3 real, 384.0 MB
[runlim] sample:		192.5 time, 200.3 real, 393.5 MB
[runlim] sample:		201.9 time, 210.3 real, 402.6 MB
[runlim] sample:		209.9 time, 220.3 real, 410.9 MB
[runlim] sample:		219.9 time, 230.3 real, 419.4 MB
[runlim] sample:		228.9 time, 240.3 real, 427.4 MB
[runlim] sample:		238.9 time, 250.3 real, 436.6 MB
[runlim] sample:		248.1 time, 260.3 real, 447.2 MB
[runlim] sample:		256.5 time, 270.3 real, 452.4 MB
[runlim] sample:		265.0 time, 280.3 real, 458.5 MB
[runlim] sample:		273.2 time, 290.3 real, 466.3 MB
[runlim] sample:		283.2 time, 300.3 real, 475.8 MB
[runlim] sample:		292.9 time, 310.3 real, 481.2 MB
CVC4 interrupted by SIGTERM.
[runlim] end:			Tue Jan 29 14:57:26 2019
[runlim] status:		out of time
[runlim] result:		2
[runlim] children:		0
[runlim] real:			317.67 seconds
[runlim] time:			300.10 seconds
[runlim] space:			486.4 MB
[runlim] samples:		3173
