[runlim] version:		1.10fixed
[runlim] time limit:		300 seconds
[runlim] real time limit:	311040000 seconds
[runlim] space limit:		4000 MB
[runlim] argv[0]:		./cvc4
[runlim] argv[1]:		--cbqi-all
[runlim] argv[2]:		/tmp/Gtfrqtg4.smt2
[runlim] start:			Mon Jan 28 17:21:04 2019
[runlim] main pid:		29321
[runlim] sample:		9.7 time, 10.2 real, 41.1 MB
[runlim] sample:		18.0 time, 20.2 real, 45.7 MB
[runlim] sample:		27.2 time, 30.2 real, 50.4 MB
[runlim] sample:		36.2 time, 40.2 real, 53.3 MB
[runlim] sample:		45.5 time, 50.2 real, 56.2 MB
[runlim] sample:		54.9 time, 60.2 real, 58.0 MB
[runlim] sample:		64.0 time, 70.2 real, 59.8 MB
[runlim] sample:		73.9 time, 80.2 real, 62.7 MB
[runlim] sample:		83.9 time, 90.2 real, 64.3 MB
[runlim] sample:		93.3 time, 100.2 real, 66.4 MB
[runlim] sample:		102.4 time, 110.2 real, 68.5 MB
[runlim] sample:		111.8 time, 120.2 real, 69.5 MB
[runlim] sample:		121.0 time, 130.2 real, 70.3 MB
[runlim] sample:		130.7 time, 140.2 real, 72.1 MB
[runlim] sample:		140.7 time, 150.2 real, 73.4 MB
[runlim] sample:		150.7 time, 160.2 real, 74.1 MB
[runlim] sample:		160.7 time, 170.2 real, 75.7 MB
[runlim] sample:		170.7 time, 180.2 real, 76.7 MB
[runlim] sample:		180.7 time, 190.2 real, 77.7 MB
[runlim] sample:		190.7 time, 200.2 real, 79.2 MB
[runlim] sample:		200.7 time, 210.2 real, 80.5 MB
[runlim] sample:		210.7 time, 220.2 real, 81.8 MB
[runlim] sample:		220.7 time, 230.2 real, 83.0 MB
[runlim] sample:		230.7 time, 240.2 real, 84.1 MB
[runlim] sample:		240.7 time, 250.2 real, 85.6 MB
[runlim] sample:		250.7 time, 260.2 real, 85.6 MB
[runlim] sample:		260.7 time, 270.2 real, 86.4 MB
[runlim] sample:		270.7 time, 280.2 real, 88.4 MB
[runlim] sample:		280.7 time, 290.2 real, 88.4 MB
[runlim] sample:		290.7 time, 300.2 real, 89.5 MB
CVC4 interrupted by SIGTERM.
[runlim] end:			Mon Jan 28 17:26:13 2019
[runlim] status:		out of time
[runlim] result:		2
[runlim] children:		0
[runlim] real:			309.66 seconds
[runlim] time:			300.06 seconds
[runlim] space:			89.5 MB
[runlim] samples:		3094
