[runlim] version:		1.10fixed
[runlim] time limit:		300 seconds
[runlim] real time limit:	311040000 seconds
[runlim] space limit:		4000 MB
[runlim] argv[0]:		./cvc4
[runlim] argv[1]:		--cbqi-all
[runlim] argv[2]:		/tmp/T7Tm9uIO.smt2
[runlim] start:			Tue Jan 29 14:53:33 2019
[runlim] main pid:		30894
[runlim] sample:		9.1 time, 10.2 real, 41.4 MB
[runlim] sample:		18.7 time, 20.2 real, 53.6 MB
[runlim] sample:		28.7 time, 30.2 real, 61.9 MB
[runlim] sample:		38.7 time, 40.2 real, 71.9 MB
[runlim] sample:		48.7 time, 50.2 real, 77.8 MB
[runlim] sample:		58.7 time, 60.2 real, 83.7 MB
[runlim] sample:		68.6 time, 70.2 real, 88.9 MB
[runlim] sample:		77.5 time, 80.2 real, 93.3 MB
[runlim] sample:		86.8 time, 90.2 real, 97.1 MB
[runlim] sample:		95.3 time, 100.2 real, 101.0 MB
[runlim] sample:		104.6 time, 110.2 real, 106.5 MB
[runlim] sample:		113.7 time, 120.2 real, 114.1 MB
[runlim] sample:		122.5 time, 130.2 real, 117.5 MB
[runlim] sample:		131.2 time, 140.2 real, 120.1 MB
[runlim] sample:		139.7 time, 150.2 real, 122.9 MB
[runlim] sample:		147.9 time, 160.2 real, 125.5 MB
[runlim] sample:		157.1 time, 170.2 real, 128.3 MB
[runlim] sample:		166.1 time, 180.2 real, 131.2 MB
[runlim] sample:		174.4 time, 190.2 real, 133.2 MB
[runlim] sample:		183.7 time, 200.2 real, 135.5 MB
[runlim] sample:		192.6 time, 210.2 real, 137.9 MB
[runlim] sample:		202.5 time, 220.2 real, 140.7 MB
[runlim] sample:		212.3 time, 230.2 real, 143.0 MB
[runlim] sample:		221.7 time, 240.2 real, 145.3 MB
[runlim] sample:		231.1 time, 250.2 real, 147.4 MB
[runlim] sample:		240.4 time, 260.2 real, 149.5 MB
[runlim] sample:		250.2 time, 270.2 real, 151.8 MB
[runlim] sample:		260.2 time, 280.2 real, 153.8 MB
[runlim] sample:		270.2 time, 290.2 real, 156.2 MB
[runlim] sample:		279.5 time, 300.2 real, 158.0 MB
[runlim] sample:		289.3 time, 310.2 real, 159.8 MB
[runlim] sample:		299.1 time, 320.2 real, 161.6 MB
CVC4 interrupted by SIGTERM.
[runlim] end:			Tue Jan 29 14:58:54 2019
[runlim] status:		out of time
[runlim] result:		2
[runlim] children:		0
[runlim] real:			321.08 seconds
[runlim] time:			300.04 seconds
[runlim] space:			161.8 MB
[runlim] samples:		3209
