[runlim] version:		1.10fixed
[runlim] time limit:		300 seconds
[runlim] real time limit:	311040000 seconds
[runlim] space limit:		4000 MB
[runlim] argv[0]:		./cvc4
[runlim] argv[1]:		--cbqi-all
[runlim] argv[2]:		/tmp/ytzspP74.smt2
[runlim] start:			Mon Jan 28 17:26:02 2019
[runlim] main pid:		6983
[runlim] sample:		9.6 time, 10.7 real, 62.9 MB
[runlim] sample:		19.4 time, 20.7 real, 73.5 MB
[runlim] sample:		29.4 time, 30.7 real, 82.8 MB
[runlim] sample:		39.5 time, 40.7 real, 90.0 MB
[runlim] sample:		49.5 time, 50.7 real, 95.3 MB
[runlim] sample:		59.5 time, 60.7 real, 100.0 MB
[runlim] sample:		69.5 time, 70.7 real, 104.3 MB
[runlim] sample:		79.4 time, 80.7 real, 107.4 MB
[runlim] sample:		89.5 time, 90.7 real, 110.7 MB
[runlim] sample:		99.4 time, 100.7 real, 114.3 MB
[runlim] sample:		109.4 time, 110.7 real, 117.8 MB
[runlim] sample:		118.6 time, 120.7 real, 119.3 MB
[runlim] sample:		128.6 time, 130.7 real, 123.0 MB
[runlim] sample:		138.6 time, 140.7 real, 125.1 MB
[runlim] sample:		147.9 time, 150.7 real, 126.6 MB
[runlim] sample:		157.6 time, 160.7 real, 130.0 MB
[runlim] sample:		167.2 time, 170.7 real, 133.0 MB
[runlim] sample:		176.8 time, 180.7 real, 134.5 MB
[runlim] sample:		186.2 time, 190.7 real, 136.3 MB
[runlim] sample:		195.5 time, 200.7 real, 137.6 MB
[runlim] sample:		204.8 time, 210.7 real, 139.9 MB
[runlim] sample:		213.7 time, 220.7 real, 142.0 MB
[runlim] sample:		223.7 time, 230.7 real, 143.8 MB
[runlim] sample:		233.2 time, 240.7 real, 145.6 MB
[runlim] sample:		242.7 time, 250.7 real, 147.2 MB
[runlim] sample:		252.7 time, 260.7 real, 148.2 MB
[runlim] sample:		262.7 time, 270.7 real, 149.2 MB
[runlim] sample:		272.7 time, 280.7 real, 150.8 MB
[runlim] sample:		282.7 time, 290.7 real, 153.1 MB
[runlim] sample:		292.7 time, 300.7 real, 154.4 MB
CVC4 interrupted by SIGTERM.
[runlim] end:			Mon Jan 28 17:31:09 2019
[runlim] status:		out of time
[runlim] result:		2
[runlim] children:		0
[runlim] real:			307.99 seconds
[runlim] time:			300.01 seconds
[runlim] space:			156.3 MB
[runlim] samples:		3073
