[runlim] version:		1.10fixed
[runlim] time limit:		300 seconds
[runlim] real time limit:	311040000 seconds
[runlim] space limit:		4000 MB
[runlim] argv[0]:		./cvc4
[runlim] argv[1]:		--cbqi-all
[runlim] argv[2]:		/tmp/RdBdprHp.smt2
[runlim] start:			Tue Jan 29 14:55:37 2019
[runlim] main pid:		20772
[runlim] sample:		8.7 time, 10.4 real, 40.6 MB
[runlim] sample:		18.3 time, 20.4 real, 52.9 MB
[runlim] sample:		28.1 time, 30.4 real, 61.2 MB
[runlim] sample:		36.9 time, 40.4 real, 70.0 MB
[runlim] sample:		45.7 time, 50.4 real, 75.7 MB
[runlim] sample:		55.4 time, 60.4 real, 81.1 MB
[runlim] sample:		65.0 time, 70.4 real, 86.3 MB
[runlim] sample:		75.0 time, 80.4 real, 90.9 MB
[runlim] sample:		84.5 time, 90.4 real, 94.8 MB
[runlim] sample:		94.0 time, 100.4 real, 98.9 MB
[runlim] sample:		103.7 time, 110.4 real, 104.8 MB
[runlim] sample:		113.3 time, 120.4 real, 112.2 MB
[runlim] sample:		123.0 time, 130.4 real, 115.9 MB
[runlim] sample:		132.6 time, 140.4 real, 118.9 MB
[runlim] sample:		142.3 time, 150.4 real, 122.0 MB
[runlim] sample:		152.1 time, 160.4 real, 124.6 MB
[runlim] sample:		162.1 time, 170.4 real, 127.7 MB
[runlim] sample:		172.1 time, 180.4 real, 130.3 MB
[runlim] sample:		182.1 time, 190.4 real, 132.9 MB
[runlim] sample:		192.1 time, 200.4 real, 135.2 MB
[runlim] sample:		202.1 time, 210.4 real, 137.5 MB
[runlim] sample:		212.1 time, 220.4 real, 139.8 MB
[runlim] sample:		222.1 time, 230.4 real, 141.9 MB
[runlim] sample:		232.1 time, 240.4 real, 144.2 MB
[runlim] sample:		242.1 time, 250.4 real, 146.3 MB
[runlim] sample:		252.1 time, 260.4 real, 148.1 MB
[runlim] sample:		262.1 time, 270.4 real, 150.1 MB
[runlim] sample:		272.1 time, 280.4 real, 152.4 MB
[runlim] sample:		282.1 time, 290.4 real, 154.3 MB
[runlim] sample:		292.1 time, 300.4 real, 155.8 MB
CVC4 interrupted by SIGTERM.
[runlim] end:			Tue Jan 29 15:00:45 2019
[runlim] status:		out of time
[runlim] result:		2
[runlim] children:		0
[runlim] real:			308.42 seconds
[runlim] time:			300.10 seconds
[runlim] space:			157.6 MB
[runlim] samples:		3080
