[runlim] version:		1.10fixed
[runlim] time limit:		300 seconds
[runlim] real time limit:	311040000 seconds
[runlim] space limit:		4000 MB
[runlim] argv[0]:		./cvc4
[runlim] argv[1]:		--cbqi-all
[runlim] argv[2]:		/tmp/weDSzrN0.smt2
[runlim] start:			Mon Jan 28 17:24:57 2019
[runlim] main pid:		18616
[runlim] sample:		9.8 time, 10.5 real, 43.0 MB
[runlim] sample:		19.1 time, 20.5 real, 54.5 MB
[runlim] sample:		28.7 time, 30.5 real, 62.5 MB
[runlim] sample:		38.7 time, 40.5 real, 73.0 MB
[runlim] sample:		48.7 time, 50.5 real, 79.2 MB
[runlim] sample:		58.7 time, 60.5 real, 85.1 MB
[runlim] sample:		68.1 time, 70.5 real, 90.0 MB
[runlim] sample:		77.5 time, 80.5 real, 94.6 MB
[runlim] sample:		86.8 time, 90.5 real, 98.8 MB
[runlim] sample:		96.6 time, 100.5 real, 104.6 MB
[runlim] sample:		106.2 time, 110.5 real, 112.6 MB
[runlim] sample:		116.1 time, 120.5 real, 116.7 MB
[runlim] sample:		126.1 time, 130.5 real, 120.1 MB
[runlim] sample:		135.0 time, 140.5 real, 122.7 MB
[runlim] sample:		144.7 time, 150.5 real, 125.5 MB
[runlim] sample:		154.2 time, 160.5 real, 128.3 MB
[runlim] sample:		163.8 time, 170.5 real, 131.4 MB
[runlim] sample:		173.2 time, 180.5 real, 134.3 MB
[runlim] sample:		182.8 time, 190.5 real, 136.8 MB
[runlim] sample:		192.8 time, 200.5 real, 139.9 MB
[runlim] sample:		202.8 time, 210.5 real, 142.3 MB
[runlim] sample:		212.2 time, 220.5 real, 144.6 MB
[runlim] sample:		220.9 time, 230.5 real, 146.6 MB
[runlim] sample:		229.7 time, 240.5 real, 148.7 MB
[runlim] sample:		238.4 time, 250.5 real, 150.5 MB
[runlim] sample:		248.3 time, 260.5 real, 152.6 MB
[runlim] sample:		257.9 time, 270.5 real, 154.9 MB
[runlim] sample:		267.4 time, 280.5 real, 157.0 MB
[runlim] sample:		277.4 time, 290.5 real, 159.0 MB
[runlim] sample:		287.4 time, 300.5 real, 160.8 MB
[runlim] sample:		297.0 time, 310.5 real, 162.6 MB
CVC4 interrupted by SIGTERM.
[runlim] end:			Mon Jan 28 17:30:10 2019
[runlim] status:		out of time
[runlim] result:		2
[runlim] children:		0
[runlim] real:			313.77 seconds
[runlim] time:			300.05 seconds
[runlim] space:			163.4 MB
[runlim] samples:		3132
