[runlim] version:		1.10fixed
[runlim] time limit:		300 seconds
[runlim] real time limit:	311040000 seconds
[runlim] space limit:		4000 MB
[runlim] argv[0]:		./cvc4
[runlim] argv[1]:		--cbqi-all
[runlim] argv[2]:		/tmp/qZHtDZDn.smt2
[runlim] start:			Tue Jan 29 14:57:45 2019
[runlim] main pid:		18166
[runlim] sample:		8.7 time, 10.5 real, 54.5 MB
[runlim] sample:		18.7 time, 20.5 real, 64.4 MB
[runlim] sample:		27.5 time, 30.5 real, 67.0 MB
[runlim] sample:		37.4 time, 40.5 real, 67.8 MB
[runlim] sample:		46.6 time, 50.5 real, 68.3 MB
[runlim] sample:		56.5 time, 60.5 real, 68.8 MB
[runlim] sample:		66.5 time, 70.5 real, 69.6 MB
[runlim] sample:		76.5 time, 80.5 real, 70.1 MB
[runlim] sample:		86.5 time, 90.5 real, 70.6 MB
[runlim] sample:		96.5 time, 100.5 real, 71.2 MB
[runlim] sample:		106.3 time, 110.5 real, 71.9 MB
[runlim] sample:		115.9 time, 120.5 real, 72.4 MB
[runlim] sample:		125.8 time, 130.5 real, 73.2 MB
[runlim] sample:		135.8 time, 140.5 real, 73.7 MB
[runlim] sample:		145.8 time, 150.5 real, 75.3 MB
[runlim] sample:		155.8 time, 160.5 real, 75.3 MB
[runlim] sample:		165.7 time, 170.5 real, 76.6 MB
[runlim] sample:		175.3 time, 180.5 real, 77.4 MB
[runlim] sample:		185.3 time, 190.5 real, 78.0 MB
[runlim] sample:		195.3 time, 200.5 real, 78.8 MB
[runlim] sample:		205.3 time, 210.5 real, 79.6 MB
[runlim] sample:		215.3 time, 220.5 real, 81.2 MB
[runlim] sample:		225.3 time, 230.5 real, 82.2 MB
[runlim] sample:		234.7 time, 240.5 real, 82.7 MB
[runlim] sample:		243.6 time, 250.5 real, 83.5 MB
[runlim] sample:		253.6 time, 260.5 real, 84.5 MB
[runlim] sample:		263.0 time, 270.5 real, 85.3 MB
[runlim] sample:		271.6 time, 280.5 real, 86.1 MB
[runlim] sample:		279.7 time, 290.5 real, 86.6 MB
[runlim] sample:		289.1 time, 300.5 real, 87.4 MB
[runlim] sample:		297.1 time, 310.5 real, 88.0 MB
CVC4 interrupted by SIGTERM.
[runlim] end:			Tue Jan 29 15:02:58 2019
[runlim] status:		out of time
[runlim] result:		2
[runlim] children:		0
[runlim] real:			313.54 seconds
[runlim] time:			300.03 seconds
[runlim] space:			88.3 MB
[runlim] samples:		3130
