[runlim] version:		1.10fixed
[runlim] time limit:		300 seconds
[runlim] real time limit:	311040000 seconds
[runlim] space limit:		4000 MB
[runlim] argv[0]:		./cvc4
[runlim] argv[1]:		--cbqi-all
[runlim] argv[2]:		/tmp/F4Q4XcaB.smt2
[runlim] start:			Tue Jan 29 14:58:27 2019
[runlim] main pid:		15069
[runlim] sample:		7.9 time, 10.5 real, 90.2 MB
[runlim] sample:		17.2 time, 20.5 real, 128.0 MB
[runlim] sample:		26.9 time, 30.5 real, 156.0 MB
[runlim] sample:		36.5 time, 40.5 real, 177.1 MB
[runlim] sample:		46.2 time, 50.5 real, 198.8 MB
[runlim] sample:		55.9 time, 60.5 real, 215.6 MB
[runlim] sample:		65.5 time, 70.5 real, 235.4 MB
[runlim] sample:		74.5 time, 80.5 real, 248.2 MB
[runlim] sample:		82.7 time, 90.5 real, 260.3 MB
[runlim] sample:		91.5 time, 100.5 real, 272.8 MB
[runlim] sample:		100.2 time, 110.5 real, 283.0 MB
[runlim] sample:		109.1 time, 120.5 real, 295.8 MB
[runlim] sample:		118.8 time, 130.5 real, 306.5 MB
[runlim] sample:		128.4 time, 140.5 real, 316.5 MB
[runlim] sample:		138.1 time, 150.5 real, 325.8 MB
[runlim] sample:		147.7 time, 160.5 real, 335.8 MB
[runlim] sample:		157.4 time, 170.5 real, 344.0 MB
[runlim] sample:		167.1 time, 180.5 real, 353.3 MB
[runlim] sample:		176.8 time, 190.5 real, 366.3 MB
[runlim] sample:		186.1 time, 200.5 real, 376.0 MB
[runlim] sample:		195.8 time, 210.5 real, 383.7 MB
[runlim] sample:		205.8 time, 220.5 real, 391.4 MB
[runlim] sample:		215.8 time, 230.5 real, 399.7 MB
[runlim] sample:		225.6 time, 240.5 real, 407.1 MB
[runlim] sample:		235.3 time, 250.5 real, 414.6 MB
[runlim] sample:		244.9 time, 260.5 real, 421.8 MB
[runlim] sample:		254.8 time, 270.5 real, 429.0 MB
[runlim] sample:		264.7 time, 280.5 real, 435.1 MB
[runlim] sample:		274.7 time, 290.5 real, 441.5 MB
[runlim] sample:		284.4 time, 300.5 real, 455.9 MB
[runlim] sample:		294.1 time, 310.5 real, 463.9 MB
CVC4 interrupted by SIGTERM.
[runlim] end:			Tue Jan 29 15:03:43 2019
[runlim] status:		out of time
[runlim] result:		2
[runlim] children:		0
[runlim] real:			316.75 seconds
[runlim] time:			300.08 seconds
[runlim] space:			469.2 MB
[runlim] samples:		3162
