[runlim] version:		1.10fixed
[runlim] time limit:		300 seconds
[runlim] real time limit:	311040000 seconds
[runlim] space limit:		4000 MB
[runlim] argv[0]:		./cvc4
[runlim] argv[1]:		--cbqi-all
[runlim] argv[2]:		/tmp/dQBQWolJ.smt2
[runlim] start:			Tue Jan 29 14:57:26 2019
[runlim] main pid:		13873
[runlim] sample:		9.4 time, 10.8 real, 38.3 MB
[runlim] sample:		19.4 time, 20.8 real, 46.7 MB
[runlim] sample:		29.1 time, 30.8 real, 54.4 MB
[runlim] sample:		38.8 time, 40.8 real, 59.8 MB
[runlim] sample:		48.0 time, 50.8 real, 64.2 MB
[runlim] sample:		57.4 time, 60.8 real, 69.1 MB
[runlim] sample:		67.1 time, 70.8 real, 76.2 MB
[runlim] sample:		76.3 time, 80.8 real, 80.3 MB
[runlim] sample:		85.3 time, 90.8 real, 83.9 MB
[runlim] sample:		95.3 time, 100.8 real, 87.3 MB
[runlim] sample:		105.3 time, 110.8 real, 90.9 MB
[runlim] sample:		114.7 time, 120.8 real, 93.7 MB
[runlim] sample:		124.7 time, 130.8 real, 96.6 MB
[runlim] sample:		134.4 time, 140.8 real, 99.2 MB
[runlim] sample:		143.4 time, 150.8 real, 102.0 MB
[runlim] sample:		152.4 time, 160.8 real, 104.3 MB
[runlim] sample:		161.3 time, 170.8 real, 106.4 MB
[runlim] sample:		170.9 time, 180.8 real, 109.0 MB
[runlim] sample:		180.5 time, 190.8 real, 113.3 MB
[runlim] sample:		190.1 time, 200.8 real, 119.5 MB
[runlim] sample:		199.8 time, 210.8 real, 121.6 MB
[runlim] sample:		209.4 time, 220.8 real, 123.9 MB
[runlim] sample:		219.1 time, 230.8 real, 125.7 MB
[runlim] sample:		228.1 time, 240.8 real, 127.5 MB
[runlim] sample:		237.1 time, 250.8 real, 129.3 MB
[runlim] sample:		246.1 time, 260.8 real, 130.6 MB
[runlim] sample:		256.1 time, 270.8 real, 132.7 MB
[runlim] sample:		266.0 time, 280.8 real, 134.5 MB
[runlim] sample:		275.4 time, 290.8 real, 136.0 MB
[runlim] sample:		285.1 time, 300.8 real, 137.8 MB
[runlim] sample:		294.8 time, 310.8 real, 139.1 MB
CVC4 interrupted by SIGTERM.
[runlim] end:			Tue Jan 29 15:02:42 2019
[runlim] status:		out of time
[runlim] result:		2
[runlim] children:		0
[runlim] real:			316.21 seconds
[runlim] time:			300.01 seconds
[runlim] space:			139.9 MB
[runlim] samples:		3154
