[runlim] version:		1.10fixed
[runlim] time limit:		300 seconds
[runlim] real time limit:	311040000 seconds
[runlim] space limit:		4000 MB
[runlim] argv[0]:		./cvc4
[runlim] argv[1]:		--cbqi-all
[runlim] argv[2]:		/tmp/BPrNLvqT.smt2
[runlim] start:			Tue Jan 29 14:54:49 2019
[runlim] main pid:		15195
[runlim] sample:		9.8 time, 10.6 real, 42.0 MB
[runlim] sample:		19.8 time, 20.6 real, 54.8 MB
[runlim] sample:		29.8 time, 30.6 real, 62.5 MB
[runlim] sample:		39.8 time, 40.6 real, 73.0 MB
[runlim] sample:		49.8 time, 50.6 real, 78.9 MB
[runlim] sample:		59.8 time, 60.6 real, 84.6 MB
[runlim] sample:		69.8 time, 70.6 real, 90.0 MB
[runlim] sample:		79.8 time, 80.6 real, 94.6 MB
[runlim] sample:		89.8 time, 90.6 real, 99.0 MB
[runlim] sample:		99.8 time, 100.6 real, 105.4 MB
[runlim] sample:		108.8 time, 110.6 real, 112.9 MB
[runlim] sample:		118.8 time, 120.6 real, 116.8 MB
[runlim] sample:		128.8 time, 130.6 real, 120.1 MB
[runlim] sample:		138.5 time, 140.6 real, 123.2 MB
[runlim] sample:		148.1 time, 150.6 real, 126.1 MB
[runlim] sample:		157.8 time, 160.6 real, 129.1 MB
[runlim] sample:		167.4 time, 170.6 real, 131.7 MB
[runlim] sample:		177.3 time, 180.6 real, 134.8 MB
[runlim] sample:		187.3 time, 190.6 real, 137.1 MB
[runlim] sample:		197.3 time, 200.6 real, 140.0 MB
[runlim] sample:		207.3 time, 210.6 real, 142.6 MB
[runlim] sample:		217.3 time, 220.6 real, 144.6 MB
[runlim] sample:		227.3 time, 230.6 real, 146.9 MB
[runlim] sample:		237.3 time, 240.6 real, 149.2 MB
[runlim] sample:		247.3 time, 250.6 real, 151.6 MB
[runlim] sample:		257.3 time, 260.6 real, 153.9 MB
[runlim] sample:		267.3 time, 270.6 real, 156.2 MB
[runlim] sample:		277.3 time, 280.6 real, 158.0 MB
[runlim] sample:		287.3 time, 290.6 real, 159.8 MB
[runlim] sample:		297.3 time, 300.6 real, 161.9 MB
CVC4 interrupted by SIGTERM.
[runlim] end:			Tue Jan 29 14:59:52 2019
[runlim] status:		out of time
[runlim] result:		2
[runlim] children:		0
[runlim] real:			303.36 seconds
[runlim] time:			300.02 seconds
[runlim] space:			162.4 MB
[runlim] samples:		3027
