[runlim] version:		1.10fixed
[runlim] time limit:		300 seconds
[runlim] real time limit:	311040000 seconds
[runlim] space limit:		4000 MB
[runlim] argv[0]:		./cvc4
[runlim] argv[1]:		--cbqi-all
[runlim] argv[2]:		/tmp/ugLeAVeQ.smt2
[runlim] start:			Mon Jan 28 17:25:34 2019
[runlim] main pid:		26830
[runlim] sample:		7.6 time, 10.2 real, 39.3 MB
[runlim] sample:		15.3 time, 20.2 real, 47.9 MB
[runlim] sample:		24.6 time, 30.2 real, 56.7 MB
[runlim] sample:		34.5 time, 40.2 real, 63.9 MB
[runlim] sample:		44.5 time, 50.2 real, 73.5 MB
[runlim] sample:		54.5 time, 60.2 real, 79.4 MB
[runlim] sample:		64.4 time, 70.2 real, 84.5 MB
[runlim] sample:		73.5 time, 80.2 real, 89.2 MB
[runlim] sample:		82.6 time, 90.2 real, 93.3 MB
[runlim] sample:		92.6 time, 100.2 real, 97.4 MB
[runlim] sample:		102.2 time, 110.2 real, 101.0 MB
[runlim] sample:		111.3 time, 120.2 real, 104.4 MB
[runlim] sample:		121.2 time, 130.2 real, 109.7 MB
[runlim] sample:		129.8 time, 140.2 real, 116.6 MB
[runlim] sample:		138.5 time, 150.2 real, 119.1 MB
[runlim] sample:		147.0 time, 160.2 real, 121.5 MB
[runlim] sample:		156.6 time, 170.2 real, 124.0 MB
[runlim] sample:		165.9 time, 180.2 real, 126.6 MB
[runlim] sample:		174.7 time, 190.2 real, 129.2 MB
[runlim] sample:		184.1 time, 200.2 real, 132.0 MB
[runlim] sample:		193.6 time, 210.2 real, 134.3 MB
[runlim] sample:		203.6 time, 220.2 real, 136.7 MB
[runlim] sample:		213.2 time, 230.2 real, 138.7 MB
[runlim] sample:		222.6 time, 240.2 real, 140.8 MB
[runlim] sample:		231.9 time, 250.2 real, 143.1 MB
[runlim] sample:		241.3 time, 260.2 real, 144.9 MB
[runlim] sample:		250.9 time, 270.2 real, 147.2 MB
[runlim] sample:		260.0 time, 280.2 real, 149.0 MB
[runlim] sample:		269.9 time, 290.2 real, 150.8 MB
[runlim] sample:		279.5 time, 300.2 real, 152.6 MB
[runlim] sample:		288.7 time, 310.2 real, 154.5 MB
[runlim] sample:		297.6 time, 320.2 real, 155.7 MB
CVC4 interrupted by SIGTERM.
[runlim] end:			Mon Jan 28 17:30:56 2019
[runlim] status:		out of time
[runlim] result:		2
[runlim] children:		0
[runlim] real:			322.78 seconds
[runlim] time:			300.06 seconds
[runlim] space:			156.3 MB
[runlim] samples:		3226
