[runlim] version:		1.10fixed
[runlim] time limit:		300 seconds
[runlim] real time limit:	311040000 seconds
[runlim] space limit:		4000 MB
[runlim] argv[0]:		./cvc4
[runlim] argv[1]:		--cbqi-all
[runlim] argv[2]:		/tmp/EOYCEttX.smt2
[runlim] start:			Tue Jan 29 14:55:41 2019
[runlim] main pid:		15431
[runlim] sample:		9.5 time, 10.6 real, 41.8 MB
[runlim] sample:		18.1 time, 20.6 real, 52.2 MB
[runlim] sample:		28.1 time, 30.6 real, 59.7 MB
[runlim] sample:		37.8 time, 40.6 real, 66.1 MB
[runlim] sample:		46.7 time, 50.6 real, 74.6 MB
[runlim] sample:		55.9 time, 60.6 real, 80.0 MB
[runlim] sample:		65.9 time, 70.6 real, 84.9 MB
[runlim] sample:		74.9 time, 80.6 real, 89.0 MB
[runlim] sample:		83.7 time, 90.6 real, 93.4 MB
[runlim] sample:		92.5 time, 100.6 real, 97.0 MB
[runlim] sample:		101.4 time, 110.6 real, 100.6 MB
[runlim] sample:		110.8 time, 120.6 real, 104.0 MB
[runlim] sample:		119.9 time, 130.6 real, 109.3 MB
[runlim] sample:		129.5 time, 140.6 real, 116.2 MB
[runlim] sample:		139.5 time, 150.6 real, 119.6 MB
[runlim] sample:		149.2 time, 160.6 real, 122.4 MB
[runlim] sample:		157.5 time, 170.6 real, 124.5 MB
[runlim] sample:		166.8 time, 180.6 real, 126.8 MB
[runlim] sample:		176.4 time, 190.6 real, 129.6 MB
[runlim] sample:		186.1 time, 200.6 real, 132.7 MB
[runlim] sample:		195.7 time, 210.6 real, 135.0 MB
[runlim] sample:		205.4 time, 220.6 real, 137.3 MB
[runlim] sample:		215.0 time, 230.6 real, 139.4 MB
[runlim] sample:		224.8 time, 240.6 real, 141.7 MB
[runlim] sample:		233.8 time, 250.6 real, 143.8 MB
[runlim] sample:		241.5 time, 260.6 real, 145.3 MB
[runlim] sample:		251.1 time, 270.6 real, 147.1 MB
[runlim] sample:		261.1 time, 280.6 real, 149.5 MB
[runlim] sample:		271.1 time, 290.6 real, 151.5 MB
[runlim] sample:		281.0 time, 300.6 real, 153.3 MB
[runlim] sample:		291.0 time, 310.6 real, 155.1 MB
CVC4 interrupted by SIGTERM.
[runlim] end:			Tue Jan 29 15:01:00 2019
[runlim] status:		out of time
[runlim] result:		2
[runlim] children:		0
[runlim] real:			319.62 seconds
[runlim] time:			300.04 seconds
[runlim] space:			156.7 MB
[runlim] samples:		3190
