[runlim] version:		1.10fixed
[runlim] time limit:		300 seconds
[runlim] real time limit:	311040000 seconds
[runlim] space limit:		4000 MB
[runlim] argv[0]:		./cvc4
[runlim] argv[1]:		--cbqi-all
[runlim] argv[2]:		/tmp/2mHLMyAt.smt2
[runlim] start:			Tue Jan 29 14:55:31 2019
[runlim] main pid:		17902
[runlim] sample:		9.0 time, 10.6 real, 70.1 MB
[runlim] sample:		18.7 time, 20.6 real, 91.8 MB
[runlim] sample:		28.5 time, 30.6 real, 105.8 MB
[runlim] sample:		38.5 time, 40.6 real, 116.9 MB
[runlim] sample:		48.5 time, 50.6 real, 128.3 MB
[runlim] sample:		58.5 time, 60.6 real, 136.4 MB
[runlim] sample:		68.5 time, 70.6 real, 146.2 MB
[runlim] sample:		78.5 time, 80.6 real, 153.4 MB
[runlim] sample:		88.5 time, 90.6 real, 159.1 MB
[runlim] sample:		98.5 time, 100.6 real, 165.3 MB
[runlim] sample:		108.5 time, 110.6 real, 171.5 MB
[runlim] sample:		118.5 time, 120.6 real, 175.1 MB
[runlim] sample:		128.5 time, 130.6 real, 180.9 MB
[runlim] sample:		138.5 time, 140.6 real, 184.8 MB
[runlim] sample:		148.5 time, 150.6 real, 192.3 MB
[runlim] sample:		158.5 time, 160.6 real, 195.1 MB
[runlim] sample:		168.5 time, 170.6 real, 200.1 MB
[runlim] sample:		178.5 time, 180.6 real, 203.5 MB
[runlim] sample:		188.5 time, 190.6 real, 208.3 MB
[runlim] sample:		198.5 time, 200.6 real, 213.0 MB
[runlim] sample:		208.5 time, 210.6 real, 215.6 MB
[runlim] sample:		218.4 time, 220.6 real, 219.4 MB
[runlim] sample:		228.4 time, 230.6 real, 226.7 MB
[runlim] sample:		238.4 time, 240.6 real, 230.4 MB
[runlim] sample:		248.4 time, 250.6 real, 233.2 MB
[runlim] sample:		258.4 time, 260.6 real, 235.8 MB
[runlim] sample:		268.4 time, 270.6 real, 237.6 MB
[runlim] sample:		278.4 time, 280.6 real, 241.7 MB
[runlim] sample:		288.4 time, 290.6 real, 244.0 MB
[runlim] sample:		298.4 time, 300.6 real, 246.1 MB
CVC4 interrupted by SIGTERM.
[runlim] end:			Tue Jan 29 15:00:33 2019
[runlim] status:		out of time
[runlim] result:		2
[runlim] children:		0
[runlim] real:			302.23 seconds
[runlim] time:			300.02 seconds
[runlim] space:			246.1 MB
[runlim] samples:		3016
