[runlim] version:		1.10fixed
[runlim] time limit:		300 seconds
[runlim] real time limit:	311040000 seconds
[runlim] space limit:		4000 MB
[runlim] argv[0]:		./cvc4
[runlim] argv[1]:		--cbqi-all
[runlim] argv[2]:		/tmp/jpkFIQgB.smt2
[runlim] start:			Mon Jan 28 17:24:42 2019
[runlim] main pid:		20551
[runlim] sample:		8.2 time, 10.7 real, 67.2 MB
[runlim] sample:		16.9 time, 20.7 real, 83.8 MB
[runlim] sample:		24.7 time, 30.7 real, 101.5 MB
[runlim] sample:		32.5 time, 40.7 real, 105.6 MB
[runlim] sample:		41.3 time, 50.7 real, 113.0 MB
[runlim] sample:		50.9 time, 60.7 real, 114.5 MB
[runlim] sample:		60.9 time, 70.7 real, 130.4 MB
[runlim] sample:		70.8 time, 80.7 real, 136.6 MB
[runlim] sample:		80.8 time, 90.7 real, 138.7 MB
[runlim] sample:		90.8 time, 100.7 real, 141.0 MB
[runlim] sample:		100.8 time, 110.7 real, 144.2 MB
[runlim] sample:		110.8 time, 120.7 real, 144.9 MB
[runlim] sample:		120.8 time, 130.7 real, 146.0 MB
[runlim] sample:		130.8 time, 140.7 real, 147.0 MB
[runlim] sample:		140.8 time, 150.7 real, 147.8 MB
[runlim] sample:		150.8 time, 160.7 real, 148.6 MB
[runlim] sample:		160.8 time, 170.7 real, 149.3 MB
[runlim] sample:		169.6 time, 180.7 real, 152.4 MB
[runlim] sample:		178.1 time, 190.7 real, 157.5 MB
[runlim] sample:		188.1 time, 200.7 real, 192.1 MB
[runlim] sample:		198.1 time, 210.7 real, 291.4 MB
[runlim] sample:		207.6 time, 220.7 real, 337.7 MB
[runlim] sample:		216.8 time, 230.7 real, 343.2 MB
[runlim] sample:		226.3 time, 240.7 real, 349.3 MB
[runlim] sample:		236.3 time, 250.7 real, 365.0 MB
[runlim] sample:		246.3 time, 260.7 real, 366.8 MB
[runlim] sample:		256.3 time, 270.7 real, 373.7 MB
[runlim] sample:		265.9 time, 280.7 real, 374.1 MB
[runlim] sample:		275.4 time, 290.7 real, 374.1 MB
[runlim] sample:		284.1 time, 300.7 real, 374.1 MB
[runlim] sample:		292.1 time, 310.7 real, 374.1 MB
CVC4 interrupted by SIGTERM.
[runlim] end:			Mon Jan 28 17:30:01 2019
[runlim] status:		out of time
[runlim] result:		2
[runlim] children:		0
[runlim] real:			319.85 seconds
[runlim] time:			300.02 seconds
[runlim] space:			374.3 MB
[runlim] samples:		3191
