[runlim] version:		1.10fixed
[runlim] time limit:		300 seconds
[runlim] real time limit:	311040000 seconds
[runlim] space limit:		4000 MB
[runlim] argv[0]:		./cvc4
[runlim] argv[1]:		--cbqi-all
[runlim] argv[2]:		/tmp/ejWCStN7.smt2
[runlim] start:			Mon Jan 28 17:24:40 2019
[runlim] main pid:		24147
[runlim] sample:		9.3 time, 10.7 real, 99.6 MB
[runlim] sample:		18.4 time, 20.7 real, 137.0 MB
[runlim] sample:		27.2 time, 30.7 real, 163.9 MB
[runlim] sample:		36.9 time, 40.7 real, 187.5 MB
[runlim] sample:		46.1 time, 50.7 real, 207.7 MB
[runlim] sample:		55.2 time, 60.7 real, 226.5 MB
[runlim] sample:		64.3 time, 70.7 real, 243.1 MB
[runlim] sample:		73.0 time, 80.7 real, 255.4 MB
[runlim] sample:		82.3 time, 90.7 real, 268.5 MB
[runlim] sample:		92.3 time, 100.7 real, 284.8 MB
[runlim] sample:		102.3 time, 110.7 real, 296.7 MB
[runlim] sample:		112.3 time, 120.7 real, 308.3 MB
[runlim] sample:		122.3 time, 130.7 real, 320.4 MB
[runlim] sample:		132.3 time, 140.7 real, 329.9 MB
[runlim] sample:		142.3 time, 150.7 real, 343.1 MB
[runlim] sample:		152.3 time, 160.7 real, 351.3 MB
[runlim] sample:		162.3 time, 170.7 real, 360.8 MB
[runlim] sample:		172.3 time, 180.7 real, 368.8 MB
[runlim] sample:		182.3 time, 190.7 real, 378.1 MB
[runlim] sample:		192.3 time, 200.7 real, 386.1 MB
[runlim] sample:		202.3 time, 210.7 real, 398.2 MB
[runlim] sample:		212.3 time, 220.7 real, 406.7 MB
[runlim] sample:		222.3 time, 230.7 real, 414.4 MB
[runlim] sample:		232.3 time, 240.7 real, 422.1 MB
[runlim] sample:		242.3 time, 250.7 real, 435.2 MB
[runlim] sample:		252.3 time, 260.7 real, 440.1 MB
[runlim] sample:		262.3 time, 270.7 real, 446.6 MB
[runlim] sample:		272.3 time, 280.7 real, 458.4 MB
[runlim] sample:		282.3 time, 290.7 real, 464.8 MB
[runlim] sample:		292.3 time, 300.7 real, 471.7 MB
CVC4 interrupted by SIGTERM.
[runlim] end:			Mon Jan 28 17:29:48 2019
[runlim] status:		out of time
[runlim] result:		2
[runlim] children:		0
[runlim] real:			308.55 seconds
[runlim] time:			300.06 seconds
[runlim] space:			476.9 MB
[runlim] samples:		3078
