[runlim] version:		1.10fixed
[runlim] time limit:		300 seconds
[runlim] real time limit:	311040000 seconds
[runlim] space limit:		4000 MB
[runlim] argv[0]:		./cvc4
[runlim] argv[1]:		--cbqi-all
[runlim] argv[2]:		/tmp/noJB4sjS.smt2
[runlim] start:			Tue Jan 29 14:56:56 2019
[runlim] main pid:		10398
[runlim] sample:		8.7 time, 11.0 real, 72.3 MB
[runlim] sample:		17.9 time, 21.0 real, 91.9 MB
[runlim] sample:		27.3 time, 31.0 real, 104.7 MB
[runlim] sample:		37.0 time, 41.0 real, 116.2 MB
[runlim] sample:		46.0 time, 51.0 real, 125.2 MB
[runlim] sample:		55.1 time, 61.0 real, 135.1 MB
[runlim] sample:		64.8 time, 71.0 real, 140.7 MB
[runlim] sample:		73.7 time, 81.0 real, 148.7 MB
[runlim] sample:		83.7 time, 91.0 real, 154.0 MB
[runlim] sample:		93.7 time, 101.0 real, 160.2 MB
[runlim] sample:		103.7 time, 111.0 real, 164.8 MB
[runlim] sample:		112.9 time, 121.0 real, 170.0 MB
[runlim] sample:		122.9 time, 131.0 real, 174.6 MB
[runlim] sample:		131.5 time, 141.0 real, 177.7 MB
[runlim] sample:		141.2 time, 151.0 real, 180.8 MB
[runlim] sample:		151.2 time, 161.0 real, 186.4 MB
[runlim] sample:		161.2 time, 171.0 real, 189.3 MB
[runlim] sample:		171.2 time, 181.0 real, 191.8 MB
[runlim] sample:		181.2 time, 191.0 real, 200.1 MB
[runlim] sample:		191.2 time, 201.0 real, 201.7 MB
[runlim] sample:		201.2 time, 211.0 real, 204.2 MB
[runlim] sample:		211.2 time, 221.0 real, 207.1 MB
[runlim] sample:		221.2 time, 231.0 real, 213.8 MB
[runlim] sample:		231.2 time, 241.0 real, 215.6 MB
[runlim] sample:		240.9 time, 251.0 real, 217.4 MB
[runlim] sample:		250.5 time, 261.0 real, 219.9 MB
[runlim] sample:		260.1 time, 271.0 real, 223.0 MB
[runlim] sample:		269.8 time, 281.0 real, 227.2 MB
[runlim] sample:		279.6 time, 291.0 real, 228.7 MB
[runlim] sample:		289.6 time, 301.0 real, 233.9 MB
[runlim] sample:		299.6 time, 311.0 real, 235.2 MB
CVC4 interrupted by SIGTERM.
[runlim] end:			Tue Jan 29 15:02:07 2019
[runlim] status:		out of time
[runlim] result:		2
[runlim] children:		0
[runlim] real:			311.52 seconds
[runlim] time:			300.08 seconds
[runlim] space:			235.7 MB
[runlim] samples:		3105
