[runlim] version:		1.10fixed
[runlim] time limit:		300 seconds
[runlim] real time limit:	311040000 seconds
[runlim] space limit:		4000 MB
[runlim] argv[0]:		./cvc4
[runlim] argv[1]:		--cbqi-all
[runlim] argv[2]:		/tmp/ED1nJI4s.smt2
[runlim] start:			Mon Jan 28 17:24:42 2019
[runlim] main pid:		27396
[runlim] sample:		8.5 time, 10.0 real, 40.0 MB
[runlim] sample:		17.5 time, 20.0 real, 52.4 MB
[runlim] sample:		27.2 time, 30.0 real, 60.9 MB
[runlim] sample:		36.9 time, 40.0 real, 70.8 MB
[runlim] sample:		46.5 time, 50.0 real, 76.7 MB
[runlim] sample:		56.5 time, 60.0 real, 82.7 MB
[runlim] sample:		66.5 time, 70.0 real, 88.1 MB
[runlim] sample:		76.5 time, 80.0 real, 92.7 MB
[runlim] sample:		86.5 time, 90.0 real, 96.8 MB
[runlim] sample:		95.8 time, 100.0 real, 101.0 MB
[runlim] sample:		105.1 time, 110.0 real, 110.6 MB
[runlim] sample:		114.0 time, 120.0 real, 114.0 MB
[runlim] sample:		124.0 time, 130.0 real, 117.6 MB
[runlim] sample:		134.0 time, 140.0 real, 120.7 MB
[runlim] sample:		143.3 time, 150.0 real, 123.5 MB
[runlim] sample:		153.1 time, 160.0 real, 126.4 MB
[runlim] sample:		163.1 time, 170.0 real, 129.5 MB
[runlim] sample:		173.1 time, 180.0 real, 132.3 MB
[runlim] sample:		183.1 time, 190.0 real, 134.6 MB
[runlim] sample:		193.1 time, 200.0 real, 136.9 MB
[runlim] sample:		203.1 time, 210.0 real, 139.5 MB
[runlim] sample:		213.1 time, 220.0 real, 141.6 MB
[runlim] sample:		223.1 time, 230.0 real, 143.6 MB
[runlim] sample:		233.1 time, 240.0 real, 145.7 MB
[runlim] sample:		243.1 time, 250.0 real, 147.8 MB
[runlim] sample:		253.0 time, 260.0 real, 149.8 MB
[runlim] sample:		263.0 time, 270.0 real, 151.9 MB
[runlim] sample:		273.0 time, 280.0 real, 153.7 MB
[runlim] sample:		283.0 time, 290.0 real, 155.2 MB
[runlim] sample:		293.0 time, 300.0 real, 157.3 MB
CVC4 interrupted by SIGTERM.
[runlim] end:			Mon Jan 28 17:29:49 2019
[runlim] status:		out of time
[runlim] result:		2
[runlim] children:		0
[runlim] real:			307.05 seconds
[runlim] time:			300.02 seconds
[runlim] space:			158.6 MB
[runlim] samples:		3070
