[runlim] version:		1.10fixed
[runlim] time limit:		300 seconds
[runlim] real time limit:	311040000 seconds
[runlim] space limit:		4000 MB
[runlim] argv[0]:		./cvc4
[runlim] argv[1]:		--cbqi-all
[runlim] argv[2]:		/tmp/FZqzRB8b.smt2
[runlim] start:			Tue Jan 29 14:55:19 2019
[runlim] main pid:		20773
[runlim] sample:		9.5 time, 10.5 real, 42.2 MB
[runlim] sample:		18.8 time, 20.5 real, 54.1 MB
[runlim] sample:		27.4 time, 30.5 real, 61.0 MB
[runlim] sample:		37.2 time, 40.5 real, 71.4 MB
[runlim] sample:		45.6 time, 50.5 real, 76.8 MB
[runlim] sample:		53.5 time, 60.5 real, 81.5 MB
[runlim] sample:		63.4 time, 70.5 real, 87.1 MB
[runlim] sample:		73.4 time, 80.5 real, 92.6 MB
[runlim] sample:		83.4 time, 90.5 real, 97.2 MB
[runlim] sample:		92.9 time, 100.5 real, 101.6 MB
[runlim] sample:		101.9 time, 110.5 real, 107.0 MB
[runlim] sample:		111.2 time, 120.5 real, 114.9 MB
[runlim] sample:		121.1 time, 130.5 real, 118.5 MB
[runlim] sample:		131.1 time, 140.5 real, 121.6 MB
[runlim] sample:		141.1 time, 150.5 real, 124.9 MB
[runlim] sample:		151.1 time, 160.5 real, 127.8 MB
[runlim] sample:		161.1 time, 170.5 real, 131.4 MB
[runlim] sample:		171.1 time, 180.5 real, 134.2 MB
[runlim] sample:		181.1 time, 190.5 real, 137.0 MB
[runlim] sample:		191.1 time, 200.5 real, 139.6 MB
[runlim] sample:		201.1 time, 210.5 real, 142.2 MB
[runlim] sample:		211.1 time, 220.5 real, 144.8 MB
[runlim] sample:		220.8 time, 230.5 real, 147.3 MB
[runlim] sample:		230.4 time, 240.5 real, 149.7 MB
[runlim] sample:		239.2 time, 250.5 real, 151.7 MB
[runlim] sample:		248.2 time, 260.5 real, 153.5 MB
[runlim] sample:		256.2 time, 270.5 real, 155.1 MB
[runlim] sample:		264.7 time, 280.5 real, 157.1 MB
[runlim] sample:		273.4 time, 290.5 real, 158.9 MB
[runlim] sample:		282.9 time, 300.5 real, 160.8 MB
[runlim] sample:		292.2 time, 310.5 real, 162.6 MB
CVC4 interrupted by SIGTERM.
[runlim] end:			Tue Jan 29 15:00:38 2019
[runlim] status:		out of time
[runlim] result:		2
[runlim] children:		0
[runlim] real:			319.23 seconds
[runlim] time:			300.10 seconds
[runlim] space:			164.1 MB
[runlim] samples:		3187
