[runlim] version:		1.10fixed
[runlim] time limit:		300 seconds
[runlim] real time limit:	311040000 seconds
[runlim] space limit:		4000 MB
[runlim] argv[0]:		./cvc4
[runlim] argv[1]:		--cbqi-all
[runlim] argv[2]:		/tmp/HNxU5WvR.smt2
[runlim] start:			Tue Jan 29 14:55:49 2019
[runlim] main pid:		8617
[runlim] sample:		8.8 time, 10.5 real, 41.1 MB
[runlim] sample:		18.8 time, 20.5 real, 44.6 MB
[runlim] sample:		26.2 time, 30.5 real, 45.1 MB
[runlim] sample:		36.2 time, 40.5 real, 45.6 MB
[runlim] sample:		45.9 time, 50.5 real, 46.4 MB
[runlim] sample:		55.6 time, 60.5 real, 46.9 MB
[runlim] sample:		65.4 time, 70.5 real, 48.0 MB
[runlim] sample:		75.4 time, 80.5 real, 49.2 MB
[runlim] sample:		85.4 time, 90.5 real, 49.8 MB
[runlim] sample:		94.8 time, 100.5 real, 50.3 MB
[runlim] sample:		104.5 time, 110.5 real, 52.0 MB
[runlim] sample:		114.4 time, 120.5 real, 52.5 MB
[runlim] sample:		124.4 time, 130.5 real, 53.6 MB
[runlim] sample:		134.4 time, 140.5 real, 54.6 MB
[runlim] sample:		144.4 time, 150.5 real, 55.4 MB
[runlim] sample:		154.4 time, 160.5 real, 56.1 MB
[runlim] sample:		164.4 time, 170.5 real, 57.2 MB
[runlim] sample:		174.0 time, 180.5 real, 57.9 MB
[runlim] sample:		183.0 time, 190.5 real, 58.7 MB
[runlim] sample:		192.2 time, 200.5 real, 59.2 MB
[runlim] sample:		202.2 time, 210.5 real, 60.0 MB
[runlim] sample:		211.1 time, 220.5 real, 61.0 MB
[runlim] sample:		220.0 time, 230.5 real, 62.3 MB
[runlim] sample:		229.8 time, 240.5 real, 64.0 MB
[runlim] sample:		238.9 time, 250.5 real, 65.0 MB
[runlim] sample:		248.9 time, 260.5 real, 65.8 MB
[runlim] sample:		258.9 time, 270.5 real, 66.5 MB
[runlim] sample:		268.9 time, 280.5 real, 67.6 MB
[runlim] sample:		278.9 time, 290.5 real, 68.1 MB
[runlim] sample:		288.9 time, 300.5 real, 69.1 MB
[runlim] sample:		298.9 time, 310.5 real, 70.1 MB
CVC4 interrupted by SIGTERM.
[runlim] end:			Tue Jan 29 15:01:00 2019
[runlim] status:		out of time
[runlim] result:		2
[runlim] children:		0
[runlim] real:			311.73 seconds
[runlim] time:			300.09 seconds
[runlim] space:			70.1 MB
[runlim] samples:		3112
