[runlim] version:		1.10fixed
[runlim] time limit:		300 seconds
[runlim] real time limit:	311040000 seconds
[runlim] space limit:		4000 MB
[runlim] argv[0]:		./cvc4
[runlim] argv[1]:		--cbqi-all
[runlim] argv[2]:		/tmp/YU3EU3Ph.smt2
[runlim] start:			Mon Jan 28 17:25:13 2019
[runlim] main pid:		9106
[runlim] sample:		9.8 time, 10.8 real, 41.9 MB
[runlim] sample:		19.8 time, 20.8 real, 54.0 MB
[runlim] sample:		29.8 time, 30.8 real, 61.7 MB
[runlim] sample:		39.8 time, 40.8 real, 71.7 MB
[runlim] sample:		49.8 time, 50.8 real, 77.4 MB
[runlim] sample:		59.8 time, 60.8 real, 83.0 MB
[runlim] sample:		69.8 time, 70.8 real, 88.2 MB
[runlim] sample:		79.8 time, 80.8 real, 92.6 MB
[runlim] sample:		89.8 time, 90.8 real, 96.7 MB
[runlim] sample:		99.8 time, 100.8 real, 100.8 MB
[runlim] sample:		109.8 time, 110.8 real, 106.6 MB
[runlim] sample:		119.4 time, 120.8 real, 114.1 MB
[runlim] sample:		129.2 time, 130.8 real, 117.2 MB
[runlim] sample:		139.0 time, 140.8 real, 120.3 MB
[runlim] sample:		148.8 time, 150.8 real, 123.2 MB
[runlim] sample:		158.2 time, 160.8 real, 125.7 MB
[runlim] sample:		167.8 time, 170.8 real, 128.6 MB
[runlim] sample:		177.3 time, 180.8 real, 130.9 MB
[runlim] sample:		186.6 time, 190.8 real, 133.2 MB
[runlim] sample:		196.1 time, 200.8 real, 135.5 MB
[runlim] sample:		206.1 time, 210.8 real, 137.6 MB
[runlim] sample:		216.1 time, 220.8 real, 139.9 MB
[runlim] sample:		226.1 time, 230.8 real, 142.2 MB
[runlim] sample:		236.1 time, 240.8 real, 144.3 MB
[runlim] sample:		245.4 time, 250.8 real, 146.4 MB
[runlim] sample:		253.7 time, 260.8 real, 147.9 MB
[runlim] sample:		262.1 time, 270.8 real, 149.7 MB
[runlim] sample:		270.9 time, 280.8 real, 151.5 MB
[runlim] sample:		280.6 time, 290.8 real, 153.1 MB
[runlim] sample:		290.3 time, 300.8 real, 155.1 MB
[runlim] sample:		299.9 time, 310.8 real, 156.7 MB
CVC4 interrupted by SIGTERM.
[runlim] end:			Mon Jan 28 17:30:23 2019
[runlim] status:		out of time
[runlim] result:		2
[runlim] children:		0
[runlim] real:			310.96 seconds
[runlim] time:			300.04 seconds
[runlim] space:			156.7 MB
[runlim] samples:		3101
