[runlim] version:		1.10fixed
[runlim] time limit:		300 seconds
[runlim] real time limit:	311040000 seconds
[runlim] space limit:		4000 MB
[runlim] argv[0]:		./cvc4
[runlim] argv[1]:		--cbqi-all
[runlim] argv[2]:		/tmp/SvV98jAV.smt2
[runlim] start:			Tue Jan 29 14:55:38 2019
[runlim] main pid:		4346
[runlim] sample:		9.0 time, 10.4 real, 41.7 MB
[runlim] sample:		18.0 time, 20.4 real, 53.7 MB
[runlim] sample:		27.0 time, 30.4 real, 61.4 MB
[runlim] sample:		36.4 time, 40.4 real, 71.7 MB
[runlim] sample:		46.4 time, 50.4 real, 78.1 MB
[runlim] sample:		56.4 time, 60.4 real, 83.8 MB
[runlim] sample:		66.4 time, 70.4 real, 89.4 MB
[runlim] sample:		76.4 time, 80.4 real, 94.6 MB
[runlim] sample:		86.4 time, 90.4 real, 98.7 MB
[runlim] sample:		96.4 time, 100.4 real, 105.2 MB
[runlim] sample:		106.4 time, 110.4 real, 113.2 MB
[runlim] sample:		116.4 time, 120.4 real, 117.1 MB
[runlim] sample:		126.4 time, 130.4 real, 120.7 MB
[runlim] sample:		136.3 time, 140.4 real, 123.8 MB
[runlim] sample:		146.3 time, 150.4 real, 127.2 MB
[runlim] sample:		156.3 time, 160.4 real, 130.5 MB
[runlim] sample:		166.3 time, 170.4 real, 133.4 MB
[runlim] sample:		176.3 time, 180.4 real, 135.9 MB
[runlim] sample:		186.3 time, 190.4 real, 138.8 MB
[runlim] sample:		196.3 time, 200.4 real, 141.1 MB
[runlim] sample:		206.3 time, 210.4 real, 143.7 MB
[runlim] sample:		216.3 time, 220.4 real, 146.2 MB
[runlim] sample:		226.3 time, 230.4 real, 148.6 MB
[runlim] sample:		236.3 time, 240.4 real, 150.9 MB
[runlim] sample:		246.3 time, 250.4 real, 153.0 MB
[runlim] sample:		256.3 time, 260.4 real, 155.3 MB
[runlim] sample:		266.3 time, 270.4 real, 157.6 MB
[runlim] sample:		276.3 time, 280.4 real, 159.4 MB
[runlim] sample:		286.3 time, 290.4 real, 161.5 MB
[runlim] sample:		296.3 time, 300.4 real, 163.3 MB
CVC4 interrupted by SIGTERM.
[runlim] end:			Tue Jan 29 15:00:42 2019
[runlim] status:		out of time
[runlim] result:		2
[runlim] children:		0
[runlim] real:			304.16 seconds
[runlim] time:			300.02 seconds
[runlim] space:			164.0 MB
[runlim] samples:		3037
