[runlim] version:		1.10fixed
[runlim] time limit:		300 seconds
[runlim] real time limit:	311040000 seconds
[runlim] space limit:		4000 MB
[runlim] argv[0]:		./cvc4
[runlim] argv[1]:		--cbqi-all
[runlim] argv[2]:		/tmp/4YFo7DWS.smt2
[runlim] start:			Tue Jan 29 14:56:31 2019
[runlim] main pid:		3446
[runlim] sample:		9.3 time, 10.3 real, 49.3 MB
[runlim] sample:		18.2 time, 20.3 real, 56.8 MB
[runlim] sample:		26.7 time, 30.3 real, 62.4 MB
[runlim] sample:		34.7 time, 40.3 real, 66.0 MB
[runlim] sample:		42.9 time, 50.3 real, 69.1 MB
[runlim] sample:		52.5 time, 60.3 real, 73.9 MB
[runlim] sample:		62.2 time, 70.3 real, 77.8 MB
[runlim] sample:		70.5 time, 80.3 real, 80.1 MB
[runlim] sample:		79.2 time, 90.3 real, 81.9 MB
[runlim] sample:		88.8 time, 100.3 real, 84.2 MB
[runlim] sample:		98.1 time, 110.3 real, 86.0 MB
[runlim] sample:		107.4 time, 120.3 real, 88.1 MB
[runlim] sample:		115.1 time, 130.3 real, 89.9 MB
[runlim] sample:		123.4 time, 140.3 real, 91.0 MB
[runlim] sample:		132.3 time, 150.3 real, 93.0 MB
[runlim] sample:		140.1 time, 160.3 real, 94.3 MB
[runlim] sample:		148.4 time, 170.3 real, 95.6 MB
[runlim] sample:		157.1 time, 180.3 real, 97.1 MB
[runlim] sample:		166.5 time, 190.3 real, 98.2 MB
[runlim] sample:		176.2 time, 200.3 real, 99.5 MB
[runlim] sample:		185.9 time, 210.3 real, 101.0 MB
[runlim] sample:		195.6 time, 220.3 real, 102.0 MB
[runlim] sample:		205.3 time, 230.3 real, 104.4 MB
[runlim] sample:		215.1 time, 240.3 real, 105.7 MB
[runlim] sample:		224.8 time, 250.3 real, 106.7 MB
[runlim] sample:		234.5 time, 260.3 real, 107.7 MB
[runlim] sample:		244.2 time, 270.3 real, 108.8 MB
[runlim] sample:		254.0 time, 280.3 real, 110.1 MB
[runlim] sample:		262.8 time, 290.3 real, 110.3 MB
[runlim] sample:		272.1 time, 300.3 real, 111.6 MB
[runlim] sample:		281.4 time, 310.3 real, 112.9 MB
[runlim] sample:		291.0 time, 320.3 real, 113.4 MB
[runlim] end:			Tue Jan 29 15:01:59 2019
[runlim] status:		signal(9)
[runlim] result:		11
[runlim] children:		0
[runlim] real:			328.47 seconds
[runlim] time:			298.86 seconds
[runlim] space:			113.9 MB
[runlim] samples:		3281
