[runlim] version:		1.10fixed
[runlim] time limit:		300 seconds
[runlim] real time limit:	311040000 seconds
[runlim] space limit:		4000 MB
[runlim] argv[0]:		./cvc4
[runlim] argv[1]:		--cbqi-all
[runlim] argv[2]:		/tmp/cNBlYTrs.smt2
[runlim] start:			Tue Jan 29 14:55:17 2019
[runlim] main pid:		14664
[runlim] sample:		9.2 time, 10.9 real, 32.7 MB
[runlim] sample:		18.8 time, 20.9 real, 41.5 MB
[runlim] sample:		28.5 time, 30.9 real, 51.0 MB
[runlim] sample:		38.1 time, 40.9 real, 59.4 MB
[runlim] sample:		47.5 time, 50.9 real, 68.5 MB
[runlim] sample:		57.4 time, 60.9 real, 78.2 MB
[runlim] sample:		67.1 time, 70.9 real, 86.5 MB
[runlim] sample:		77.0 time, 80.9 real, 96.0 MB
[runlim] sample:		86.8 time, 90.9 real, 104.5 MB
[runlim] sample:		96.8 time, 100.9 real, 113.9 MB
[runlim] sample:		106.8 time, 110.9 real, 123.5 MB
[runlim] sample:		116.6 time, 120.9 real, 134.6 MB
[runlim] sample:		126.6 time, 130.9 real, 143.3 MB
[runlim] sample:		136.6 time, 140.9 real, 151.6 MB
[runlim] sample:		146.2 time, 150.9 real, 160.6 MB
[runlim] sample:		155.8 time, 160.9 real, 169.1 MB
[runlim] sample:		165.0 time, 170.9 real, 177.1 MB
[runlim] sample:		173.3 time, 180.9 real, 184.0 MB
[runlim] sample:		182.3 time, 190.9 real, 191.8 MB
[runlim] sample:		191.8 time, 200.9 real, 200.0 MB
[runlim] sample:		201.8 time, 210.9 real, 208.8 MB
[runlim] sample:		211.8 time, 220.9 real, 220.1 MB
[runlim] sample:		221.8 time, 230.9 real, 229.4 MB
[runlim] sample:		231.8 time, 240.9 real, 242.7 MB
[runlim] sample:		241.7 time, 250.9 real, 252.3 MB
[runlim] sample:		251.5 time, 260.9 real, 260.3 MB
[runlim] sample:		261.5 time, 270.9 real, 268.8 MB
[runlim] sample:		271.5 time, 280.9 real, 277.8 MB
[runlim] sample:		281.2 time, 290.9 real, 286.8 MB
[runlim] sample:		290.6 time, 300.9 real, 294.6 MB
[runlim] sample:		299.8 time, 310.9 real, 302.8 MB
CVC4 interrupted by SIGTERM.
[runlim] end:			Tue Jan 29 15:00:28 2019
[runlim] status:		out of time
[runlim] result:		2
[runlim] children:		0
[runlim] real:			311.26 seconds
[runlim] time:			300.08 seconds
[runlim] space:			303.1 MB
[runlim] samples:		3103
