[runlim] version:		1.10fixed
[runlim] time limit:		300 seconds
[runlim] real time limit:	311040000 seconds
[runlim] space limit:		4000 MB
[runlim] argv[0]:		./cvc4
[runlim] argv[1]:		--cbqi-all
[runlim] argv[2]:		/tmp/rTW1FOHn.smt2
[runlim] start:			Mon Jan 28 16:57:11 2019
[runlim] main pid:		1726
/tmp/rTW1FOHn.smt2:4.12: No set-logic command was given before this point.
/tmp/rTW1FOHn.smt2:4.12: CVC4 will make all theories available.
/tmp/rTW1FOHn.smt2:4.12: Consider setting a stricter logic for (likely) better performance.
/tmp/rTW1FOHn.smt2:4.12: To suppress this warning in the future use (set-logic ALL).
[runlim] sample:		8.0 time, 10.1 real, 177.7 MB
[runlim] sample:		18.0 time, 20.1 real, 322.7 MB
[runlim] sample:		28.0 time, 30.1 real, 428.7 MB
[runlim] sample:		38.0 time, 40.1 real, 519.6 MB
[runlim] sample:		48.0 time, 50.1 real, 600.4 MB
[runlim] sample:		58.0 time, 60.1 real, 655.0 MB
[runlim] sample:		66.2 time, 70.1 real, 741.6 MB
[runlim] sample:		76.2 time, 80.1 real, 795.5 MB
[runlim] sample:		86.2 time, 90.1 real, 849.4 MB
[runlim] sample:		96.2 time, 100.1 real, 958.0 MB
[runlim] sample:		106.2 time, 110.1 real, 974.2 MB
[runlim] sample:		116.2 time, 120.1 real, 1075.5 MB
[runlim] sample:		125.1 time, 130.1 real, 1092.8 MB
[runlim] sample:		134.2 time, 140.1 real, 1141.0 MB
[runlim] sample:		144.2 time, 150.1 real, 1215.3 MB
[runlim] sample:		154.2 time, 160.1 real, 1215.6 MB
[runlim] sample:		164.2 time, 170.1 real, 1281.8 MB
[runlim] sample:		174.2 time, 180.1 real, 1344.3 MB
[runlim] sample:		183.3 time, 190.1 real, 1347.6 MB
[runlim] sample:		193.0 time, 200.1 real, 1404.6 MB
[runlim] sample:		202.7 time, 210.1 real, 1490.6 MB
[runlim] sample:		212.5 time, 220.1 real, 1490.6 MB
[runlim] sample:		222.2 time, 230.1 real, 1540.1 MB
[runlim] sample:		231.1 time, 240.1 real, 1585.1 MB
[runlim] sample:		240.7 time, 250.1 real, 1654.6 MB
[runlim] sample:		250.3 time, 260.1 real, 1654.6 MB
[runlim] sample:		259.2 time, 270.1 real, 1654.9 MB
[runlim] sample:		267.9 time, 280.1 real, 1711.5 MB
[runlim] sample:		276.8 time, 290.1 real, 1795.8 MB
[runlim] sample:		285.9 time, 300.1 real, 1806.6 MB
[runlim] sample:		295.3 time, 310.1 real, 1807.1 MB
CVC4 interrupted by SIGTERM.
[runlim] end:			Mon Jan 28 17:02:26 2019
[runlim] status:		out of time
[runlim] result:		2
[runlim] children:		0
[runlim] real:			315.06 seconds
[runlim] time:			300.19 seconds
[runlim] space:			1812.0 MB
[runlim] samples:		3149
