[runlim] version:		1.10fixed
[runlim] time limit:		300 seconds
[runlim] real time limit:	311040000 seconds
[runlim] space limit:		4000 MB
[runlim] argv[0]:		./cvc4
[runlim] argv[1]:		--cbqi-all
[runlim] argv[2]:		/tmp/IKWgzq86.smt2
[runlim] start:			Mon Jan 28 16:59:21 2019
[runlim] main pid:		11501
/tmp/IKWgzq86.smt2:4.12: No set-logic command was given before this point.
/tmp/IKWgzq86.smt2:4.12: CVC4 will make all theories available.
/tmp/IKWgzq86.smt2:4.12: Consider setting a stricter logic for (likely) better performance.
/tmp/IKWgzq86.smt2:4.12: To suppress this warning in the future use (set-logic ALL).
[runlim] sample:		9.7 time, 10.5 real, 70.9 MB
[runlim] sample:		19.7 time, 20.5 real, 87.7 MB
[runlim] sample:		29.7 time, 30.5 real, 106.5 MB
[runlim] sample:		39.7 time, 40.5 real, 109.6 MB
[runlim] sample:		49.7 time, 50.5 real, 116.8 MB
[runlim] sample:		59.7 time, 60.5 real, 126.4 MB
[runlim] sample:		69.7 time, 70.5 real, 130.0 MB
[runlim] sample:		79.7 time, 80.5 real, 139.5 MB
[runlim] sample:		89.7 time, 90.5 real, 158.2 MB
[runlim] sample:		99.7 time, 100.5 real, 160.2 MB
[runlim] sample:		109.7 time, 110.5 real, 161.0 MB
[runlim] sample:		118.7 time, 120.5 real, 166.4 MB
[runlim] sample:		127.2 time, 130.5 real, 166.7 MB
[runlim] sample:		137.0 time, 140.5 real, 169.0 MB
[runlim] sample:		147.0 time, 150.5 real, 179.3 MB
[runlim] sample:		157.0 time, 160.5 real, 179.8 MB
[runlim] sample:		167.0 time, 170.5 real, 182.1 MB
[runlim] sample:		177.0 time, 180.5 real, 191.2 MB
[runlim] sample:		187.0 time, 190.5 real, 191.7 MB
[runlim] sample:		196.8 time, 200.5 real, 194.2 MB
[runlim] sample:		206.1 time, 210.5 real, 203.2 MB
[runlim] sample:		215.5 time, 220.5 real, 204.8 MB
[runlim] sample:		225.5 time, 230.5 real, 206.3 MB
[runlim] sample:		235.4 time, 240.5 real, 207.6 MB
[runlim] sample:		245.4 time, 250.5 real, 241.4 MB
[runlim] sample:		255.4 time, 260.5 real, 243.5 MB
[runlim] sample:		265.4 time, 270.5 real, 243.8 MB
[runlim] sample:		275.4 time, 280.5 real, 244.5 MB
[runlim] sample:		285.4 time, 290.5 real, 244.5 MB
[runlim] sample:		295.4 time, 300.5 real, 246.8 MB
CVC4 interrupted by SIGTERM.
[runlim] end:			Mon Jan 28 17:04:26 2019
[runlim] status:		out of time
[runlim] result:		2
[runlim] children:		0
[runlim] real:			305.12 seconds
[runlim] time:			300.04 seconds
[runlim] space:			269.2 MB
[runlim] samples:		3046
