[runlim] version:		1.10fixed
[runlim] time limit:		300 seconds
[runlim] real time limit:	311040000 seconds
[runlim] space limit:		4000 MB
[runlim] argv[0]:		./cvc4
[runlim] argv[1]:		--cbqi-all
[runlim] argv[2]:		/tmp/YTiU8ixq.smt2
[runlim] start:			Tue Jan 29 14:33:33 2019
[runlim] main pid:		9392
/tmp/YTiU8ixq.smt2:4.12: No set-logic command was given before this point.
/tmp/YTiU8ixq.smt2:4.12: CVC4 will make all theories available.
/tmp/YTiU8ixq.smt2:4.12: Consider setting a stricter logic for (likely) better performance.
/tmp/YTiU8ixq.smt2:4.12: To suppress this warning in the future use (set-logic ALL).
[runlim] sample:		8.9 time, 10.0 real, 98.8 MB
[runlim] sample:		17.1 time, 20.0 real, 130.1 MB
[runlim] sample:		26.5 time, 30.0 real, 154.1 MB
[runlim] sample:		36.0 time, 40.0 real, 171.4 MB
[runlim] sample:		46.0 time, 50.0 real, 186.6 MB
[runlim] sample:		56.0 time, 60.0 real, 202.6 MB
[runlim] sample:		66.0 time, 70.0 real, 214.0 MB
[runlim] sample:		76.0 time, 80.0 real, 227.0 MB
[runlim] sample:		86.0 time, 90.0 real, 240.5 MB
[runlim] sample:		94.8 time, 100.0 real, 250.0 MB
[runlim] sample:		103.5 time, 110.0 real, 257.8 MB
[runlim] sample:		112.3 time, 120.0 real, 268.3 MB
[runlim] sample:		122.3 time, 130.0 real, 275.8 MB
[runlim] sample:		132.3 time, 140.0 real, 283.5 MB
[runlim] sample:		142.3 time, 150.0 real, 289.7 MB
[runlim] sample:		152.3 time, 160.0 real, 296.9 MB
[runlim] sample:		162.3 time, 170.0 real, 302.1 MB
[runlim] sample:		172.3 time, 180.0 real, 310.0 MB
[runlim] sample:		182.3 time, 190.0 real, 314.9 MB
[runlim] sample:		192.3 time, 200.0 real, 320.3 MB
[runlim] sample:		202.3 time, 210.0 real, 326.0 MB
[runlim] sample:		212.3 time, 220.0 real, 330.9 MB
[runlim] sample:		222.3 time, 230.0 real, 335.8 MB
[runlim] sample:		232.3 time, 240.0 real, 340.9 MB
[runlim] sample:		242.3 time, 250.0 real, 345.3 MB
[runlim] sample:		252.3 time, 260.0 real, 348.9 MB
[runlim] sample:		261.6 time, 270.0 real, 353.5 MB
[runlim] sample:		270.0 time, 280.0 real, 356.6 MB
[runlim] sample:		279.5 time, 290.0 real, 361.3 MB
[runlim] sample:		289.5 time, 300.0 real, 367.2 MB
[runlim] sample:		298.7 time, 310.0 real, 370.0 MB
CVC4 interrupted by SIGTERM.
[runlim] end:			Tue Jan 29 14:38:44 2019
[runlim] status:		out of time
[runlim] result:		2
[runlim] children:		0
[runlim] real:			311.45 seconds
[runlim] time:			300.02 seconds
[runlim] space:			370.0 MB
[runlim] samples:		3114
