[runlim] version:		1.10fixed
[runlim] time limit:		300 seconds
[runlim] real time limit:	311040000 seconds
[runlim] space limit:		4000 MB
[runlim] argv[0]:		./cvc4
[runlim] argv[1]:		--cbqi-all
[runlim] argv[2]:		/tmp/biXHuDg1.smt2
[runlim] start:			Tue Jan 29 14:29:47 2019
[runlim] main pid:		12286
/tmp/biXHuDg1.smt2:4.12: No set-logic command was given before this point.
/tmp/biXHuDg1.smt2:4.12: CVC4 will make all theories available.
/tmp/biXHuDg1.smt2:4.12: Consider setting a stricter logic for (likely) better performance.
/tmp/biXHuDg1.smt2:4.12: To suppress this warning in the future use (set-logic ALL).
[runlim] sample:		8.6 time, 10.7 real, 71.3 MB
[runlim] sample:		18.2 time, 20.7 real, 85.0 MB
[runlim] sample:		28.2 time, 30.7 real, 100.2 MB
[runlim] sample:		38.2 time, 40.7 real, 101.8 MB
[runlim] sample:		48.2 time, 50.7 real, 118.4 MB
[runlim] sample:		58.2 time, 60.7 real, 119.2 MB
[runlim] sample:		68.2 time, 70.7 real, 144.9 MB
[runlim] sample:		78.2 time, 80.7 real, 145.2 MB
[runlim] sample:		88.2 time, 90.7 real, 145.7 MB
[runlim] sample:		98.2 time, 100.7 real, 146.2 MB
[runlim] sample:		108.2 time, 110.7 real, 165.3 MB
[runlim] sample:		118.2 time, 120.7 real, 165.5 MB
[runlim] sample:		128.1 time, 130.7 real, 165.8 MB
[runlim] sample:		138.1 time, 140.7 real, 166.0 MB
[runlim] sample:		148.1 time, 150.7 real, 167.3 MB
[runlim] sample:		158.1 time, 160.7 real, 187.9 MB
[runlim] sample:		168.1 time, 170.7 real, 188.1 MB
[runlim] sample:		178.1 time, 180.7 real, 188.1 MB
[runlim] sample:		188.1 time, 190.7 real, 188.4 MB
[runlim] sample:		198.1 time, 200.7 real, 188.6 MB
[runlim] sample:		208.1 time, 210.7 real, 189.4 MB
[runlim] sample:		218.1 time, 220.7 real, 191.2 MB
[runlim] sample:		228.1 time, 230.7 real, 215.2 MB
[runlim] sample:		238.1 time, 240.7 real, 215.4 MB
[runlim] sample:		248.1 time, 250.7 real, 215.7 MB
[runlim] sample:		258.1 time, 260.7 real, 215.7 MB
[runlim] sample:		268.1 time, 270.7 real, 215.9 MB
[runlim] sample:		278.1 time, 280.7 real, 216.2 MB
[runlim] sample:		288.1 time, 290.7 real, 216.5 MB
[runlim] sample:		298.1 time, 300.7 real, 217.2 MB
CVC4 interrupted by SIGTERM.
[runlim] end:			Tue Jan 29 14:34:49 2019
[runlim] status:		out of time
[runlim] result:		2
[runlim] children:		0
[runlim] real:			302.65 seconds
[runlim] time:			300.01 seconds
[runlim] space:			217.2 MB
[runlim] samples:		3019
