[runlim] version:		1.10fixed
[runlim] time limit:		300 seconds
[runlim] real time limit:	311040000 seconds
[runlim] space limit:		4000 MB
[runlim] argv[0]:		./cvc4
[runlim] argv[1]:		--cbqi-all
[runlim] argv[2]:		/tmp/GmRpTrxp.smt2
[runlim] start:			Tue Jan 29 14:32:02 2019
[runlim] main pid:		19279
/tmp/GmRpTrxp.smt2:4.12: No set-logic command was given before this point.
/tmp/GmRpTrxp.smt2:4.12: CVC4 will make all theories available.
/tmp/GmRpTrxp.smt2:4.12: Consider setting a stricter logic for (likely) better performance.
/tmp/GmRpTrxp.smt2:4.12: To suppress this warning in the future use (set-logic ALL).
[runlim] sample:		7.8 time, 10.5 real, 72.7 MB
[runlim] sample:		15.1 time, 20.5 real, 86.5 MB
[runlim] sample:		23.3 time, 30.5 real, 102.0 MB
[runlim] sample:		32.3 time, 40.5 real, 102.5 MB
[runlim] sample:		41.7 time, 50.5 real, 120.5 MB
[runlim] sample:		50.4 time, 60.5 real, 120.7 MB
[runlim] sample:		59.3 time, 70.5 real, 141.9 MB
[runlim] sample:		67.2 time, 80.5 real, 142.1 MB
[runlim] sample:		76.6 time, 90.5 real, 142.4 MB
[runlim] sample:		85.4 time, 100.5 real, 142.9 MB
[runlim] sample:		93.9 time, 110.5 real, 162.5 MB
[runlim] sample:		103.9 time, 120.5 real, 162.7 MB
[runlim] sample:		113.9 time, 130.5 real, 163.0 MB
[runlim] sample:		123.6 time, 140.5 real, 163.2 MB
[runlim] sample:		133.0 time, 150.5 real, 163.5 MB
[runlim] sample:		143.0 time, 160.5 real, 166.3 MB
[runlim] sample:		153.0 time, 170.5 real, 185.9 MB
[runlim] sample:		162.4 time, 180.5 real, 186.2 MB
[runlim] sample:		172.4 time, 190.5 real, 186.2 MB
[runlim] sample:		181.8 time, 200.5 real, 186.4 MB
[runlim] sample:		191.6 time, 210.5 real, 186.7 MB
[runlim] sample:		201.5 time, 220.5 real, 187.2 MB
[runlim] sample:		210.9 time, 230.5 real, 189.0 MB
[runlim] sample:		220.6 time, 240.5 real, 212.6 MB
[runlim] sample:		230.4 time, 250.5 real, 212.9 MB
[runlim] sample:		240.3 time, 260.5 real, 212.9 MB
[runlim] sample:		250.3 time, 270.5 real, 213.2 MB
[runlim] sample:		260.3 time, 280.5 real, 213.4 MB
[runlim] sample:		270.1 time, 290.5 real, 213.7 MB
[runlim] sample:		279.7 time, 300.5 real, 213.7 MB
[runlim] sample:		289.4 time, 310.5 real, 214.2 MB
[runlim] sample:		299.0 time, 320.5 real, 215.2 MB
[runlim] end:			Tue Jan 29 14:37:23 2019
[runlim] status:		signal(9)
[runlim] result:		11
[runlim] children:		0
[runlim] real:			321.30 seconds
[runlim] time:			299.70 seconds
[runlim] space:			215.2 MB
[runlim] samples:		3207
