[runlim] version:		1.10fixed
[runlim] time limit:		300 seconds
[runlim] real time limit:	311040000 seconds
[runlim] space limit:		4000 MB
[runlim] argv[0]:		./cvc4
[runlim] argv[1]:		--cbqi-all
[runlim] argv[2]:		/tmp/1BDC69s3.smt2
[runlim] start:			Mon Jan 28 17:00:48 2019
[runlim] main pid:		31409
/tmp/1BDC69s3.smt2:4.12: No set-logic command was given before this point.
/tmp/1BDC69s3.smt2:4.12: CVC4 will make all theories available.
/tmp/1BDC69s3.smt2:4.12: Consider setting a stricter logic for (likely) better performance.
/tmp/1BDC69s3.smt2:4.12: To suppress this warning in the future use (set-logic ALL).
[runlim] sample:		8.8 time, 10.8 real, 200.6 MB
[runlim] sample:		18.3 time, 20.8 real, 320.5 MB
[runlim] sample:		28.3 time, 30.8 real, 423.6 MB
[runlim] sample:		38.1 time, 40.8 real, 539.7 MB
[runlim] sample:		47.4 time, 50.8 real, 597.1 MB
[runlim] sample:		56.7 time, 60.8 real, 666.7 MB
[runlim] sample:		66.1 time, 70.8 real, 729.5 MB
[runlim] sample:		75.4 time, 80.8 real, 819.5 MB
[runlim] sample:		85.2 time, 90.8 real, 840.4 MB
[runlim] sample:		94.5 time, 100.8 real, 956.6 MB
[runlim] sample:		103.7 time, 110.8 real, 963.1 MB
[runlim] sample:		113.1 time, 120.8 real, 1045.3 MB
[runlim] sample:		121.9 time, 130.8 real, 1081.5 MB
[runlim] sample:		130.5 time, 140.8 real, 1122.0 MB
[runlim] sample:		138.3 time, 150.8 real, 1191.1 MB
[runlim] sample:		146.5 time, 160.8 real, 1202.2 MB
[runlim] sample:		155.9 time, 170.8 real, 1236.3 MB
[runlim] sample:		164.4 time, 180.8 real, 1315.0 MB
[runlim] sample:		173.3 time, 190.8 real, 1333.0 MB
[runlim] sample:		182.6 time, 200.8 real, 1336.4 MB
[runlim] sample:		192.4 time, 210.8 real, 1413.9 MB
[runlim] sample:		201.6 time, 220.8 real, 1475.2 MB
[runlim] sample:		210.5 time, 230.8 real, 1475.2 MB
[runlim] sample:		219.1 time, 240.8 real, 1475.8 MB
[runlim] sample:		226.9 time, 250.8 real, 1549.7 MB
[runlim] sample:		236.3 time, 260.8 real, 1625.0 MB
[runlim] sample:		245.2 time, 270.8 real, 1632.7 MB
[runlim] sample:		253.5 time, 280.8 real, 1632.9 MB
[runlim] sample:		262.4 time, 290.8 real, 1683.9 MB
[runlim] sample:		270.9 time, 300.8 real, 1747.1 MB
[runlim] sample:		280.4 time, 310.8 real, 1799.2 MB
[runlim] sample:		289.4 time, 320.8 real, 1799.2 MB
[runlim] sample:		298.8 time, 330.8 real, 1799.5 MB
CVC4 interrupted by SIGTERM.
[runlim] end:			Mon Jan 28 17:06:20 2019
[runlim] status:		out of time
[runlim] result:		2
[runlim] children:		0
[runlim] real:			332.34 seconds
[runlim] time:			300.17 seconds
[runlim] space:			1809.7 MB
[runlim] samples:		3315
