[runlim] version:		1.10fixed
[runlim] time limit:		300 seconds
[runlim] real time limit:	311040000 seconds
[runlim] space limit:		4000 MB
[runlim] argv[0]:		./cvc4
[runlim] argv[1]:		--cbqi-all
[runlim] argv[2]:		/tmp/0TYj6PYZ.smt2
[runlim] start:			Tue Jan 29 14:34:47 2019
[runlim] main pid:		10438
/tmp/0TYj6PYZ.smt2:4.12: No set-logic command was given before this point.
/tmp/0TYj6PYZ.smt2:4.12: CVC4 will make all theories available.
/tmp/0TYj6PYZ.smt2:4.12: Consider setting a stricter logic for (likely) better performance.
/tmp/0TYj6PYZ.smt2:4.12: To suppress this warning in the future use (set-logic ALL).
[runlim] sample:		9.7 time, 10.0 real, 216.5 MB
[runlim] sample:		18.7 time, 20.0 real, 362.3 MB
[runlim] sample:		28.3 time, 30.0 real, 521.9 MB
[runlim] sample:		38.0 time, 40.0 real, 642.5 MB
[runlim] sample:		47.9 time, 50.0 real, 748.6 MB
[runlim] sample:		57.9 time, 60.0 real, 853.7 MB
[runlim] sample:		67.9 time, 70.0 real, 969.1 MB
[runlim] sample:		77.8 time, 80.0 real, 1050.0 MB
[runlim] sample:		87.5 time, 90.0 real, 1151.8 MB
[runlim] sample:		97.2 time, 100.0 real, 1221.3 MB
[runlim] sample:		107.2 time, 110.0 real, 1295.0 MB
[runlim] sample:		117.2 time, 120.0 real, 1365.5 MB
[runlim] sample:		127.2 time, 130.0 real, 1429.4 MB
[runlim] sample:		137.2 time, 140.0 real, 1514.7 MB
[runlim] sample:		147.2 time, 150.0 real, 1585.0 MB
[runlim] sample:		157.2 time, 160.0 real, 1662.7 MB
[runlim] sample:		167.2 time, 170.0 real, 1726.0 MB
[runlim] sample:		177.2 time, 180.0 real, 1784.6 MB
[runlim] sample:		187.2 time, 190.0 real, 1874.5 MB
[runlim] sample:		197.2 time, 200.0 real, 1925.7 MB
[runlim] sample:		207.2 time, 210.0 real, 1988.3 MB
[runlim] sample:		217.2 time, 220.0 real, 2074.6 MB
[runlim] sample:		227.2 time, 230.0 real, 2101.4 MB
[runlim] sample:		237.2 time, 240.0 real, 2153.4 MB
[runlim] sample:		247.2 time, 250.0 real, 2235.4 MB
[runlim] sample:		257.1 time, 260.0 real, 2267.1 MB
[runlim] sample:		267.1 time, 270.0 real, 2296.5 MB
[runlim] sample:		277.1 time, 280.0 real, 2344.6 MB
[runlim] sample:		287.1 time, 290.0 real, 2422.1 MB
[runlim] sample:		297.1 time, 300.0 real, 2437.6 MB
CVC4 interrupted by SIGTERM.
[runlim] end:			Tue Jan 29 14:39:50 2019
[runlim] status:		out of time
[runlim] result:		2
[runlim] children:		0
[runlim] real:			303.08 seconds
[runlim] time:			300.14 seconds
[runlim] space:			2437.6 MB
[runlim] samples:		3030
