[runlim] version:		1.10fixed
[runlim] time limit:		300 seconds
[runlim] real time limit:	311040000 seconds
[runlim] space limit:		4000 MB
[runlim] argv[0]:		./cvc4
[runlim] argv[1]:		--cbqi-all
[runlim] argv[2]:		/tmp/AKoS7Kzc.smt2
[runlim] start:			Tue Jan 29 14:31:53 2019
[runlim] main pid:		28727
/tmp/AKoS7Kzc.smt2:4.12: No set-logic command was given before this point.
/tmp/AKoS7Kzc.smt2:4.12: CVC4 will make all theories available.
/tmp/AKoS7Kzc.smt2:4.12: Consider setting a stricter logic for (likely) better performance.
/tmp/AKoS7Kzc.smt2:4.12: To suppress this warning in the future use (set-logic ALL).
[runlim] sample:		7.8 time, 10.9 real, 68.9 MB
[runlim] sample:		17.6 time, 20.9 real, 83.4 MB
[runlim] sample:		27.6 time, 30.9 real, 98.2 MB
[runlim] sample:		36.0 time, 40.9 real, 118.5 MB
[runlim] sample:		44.7 time, 50.9 real, 118.7 MB
[runlim] sample:		53.6 time, 60.9 real, 120.3 MB
[runlim] sample:		61.9 time, 70.9 real, 140.1 MB
[runlim] sample:		71.0 time, 80.9 real, 140.3 MB
[runlim] sample:		80.6 time, 90.9 real, 140.9 MB
[runlim] sample:		90.6 time, 100.9 real, 142.2 MB
[runlim] sample:		100.0 time, 110.9 real, 142.2 MB
[runlim] sample:		109.8 time, 120.9 real, 142.2 MB
[runlim] sample:		119.8 time, 130.9 real, 158.1 MB
[runlim] sample:		129.8 time, 140.9 real, 160.5 MB
[runlim] sample:		137.9 time, 150.9 real, 160.7 MB
[runlim] sample:		147.6 time, 160.9 real, 161.0 MB
[runlim] sample:		157.6 time, 170.9 real, 161.2 MB
[runlim] sample:		165.4 time, 180.9 real, 163.0 MB
[runlim] sample:		174.0 time, 190.9 real, 183.3 MB
[runlim] sample:		182.4 time, 200.9 real, 183.3 MB
[runlim] sample:		190.1 time, 210.9 real, 183.3 MB
[runlim] sample:		197.7 time, 220.9 real, 183.5 MB
[runlim] sample:		207.2 time, 230.9 real, 183.5 MB
[runlim] sample:		216.5 time, 240.9 real, 183.8 MB
[runlim] sample:		226.3 time, 250.9 real, 184.8 MB
[runlim] sample:		236.3 time, 260.9 real, 198.2 MB
[runlim] sample:		246.3 time, 270.9 real, 209.8 MB
[runlim] sample:		256.3 time, 280.9 real, 210.1 MB
[runlim] sample:		266.3 time, 290.9 real, 210.1 MB
[runlim] sample:		276.3 time, 300.9 real, 210.3 MB
[runlim] sample:		286.3 time, 310.9 real, 210.6 MB
[runlim] sample:		296.3 time, 320.9 real, 210.6 MB
CVC4 interrupted by SIGTERM.
[runlim] end:			Tue Jan 29 14:37:17 2019
[runlim] status:		out of time
[runlim] result:		2
[runlim] children:		0
[runlim] real:			324.75 seconds
[runlim] time:			300.10 seconds
[runlim] space:			210.9 MB
[runlim] samples:		3238
