[runlim] version:		1.10fixed
[runlim] time limit:		300 seconds
[runlim] real time limit:	311040000 seconds
[runlim] space limit:		4000 MB
[runlim] argv[0]:		./cvc4
[runlim] argv[1]:		--cbqi-all
[runlim] argv[2]:		/tmp/AbgK3IyR.smt2
[runlim] start:			Mon Jan 28 17:02:54 2019
[runlim] main pid:		12142
/tmp/AbgK3IyR.smt2:4.12: No set-logic command was given before this point.
/tmp/AbgK3IyR.smt2:4.12: CVC4 will make all theories available.
/tmp/AbgK3IyR.smt2:4.12: Consider setting a stricter logic for (likely) better performance.
/tmp/AbgK3IyR.smt2:4.12: To suppress this warning in the future use (set-logic ALL).
[runlim] sample:		8.3 time, 10.8 real, 58.8 MB
[runlim] sample:		17.6 time, 20.8 real, 73.4 MB
[runlim] sample:		25.8 time, 30.8 real, 85.5 MB
[runlim] sample:		33.9 time, 40.8 real, 97.8 MB
[runlim] sample:		41.9 time, 50.8 real, 103.7 MB
[runlim] sample:		49.9 time, 60.8 real, 115.8 MB
[runlim] sample:		59.0 time, 70.8 real, 117.1 MB
[runlim] sample:		68.3 time, 80.8 real, 121.8 MB
[runlim] sample:		76.1 time, 90.8 real, 127.9 MB
[runlim] sample:		86.1 time, 100.8 real, 134.1 MB
[runlim] sample:		96.1 time, 110.8 real, 140.6 MB
[runlim] sample:		106.1 time, 120.8 real, 140.8 MB
[runlim] sample:		115.3 time, 130.8 real, 162.5 MB
[runlim] sample:		123.6 time, 140.8 real, 164.3 MB
[runlim] sample:		130.9 time, 150.8 real, 164.3 MB
[runlim] sample:		138.5 time, 160.8 real, 166.1 MB
[runlim] sample:		147.5 time, 170.8 real, 166.1 MB
[runlim] sample:		156.7 time, 180.8 real, 171.5 MB
[runlim] sample:		166.7 time, 190.8 real, 171.8 MB
[runlim] sample:		176.2 time, 200.8 real, 179.0 MB
[runlim] sample:		185.5 time, 210.8 real, 179.0 MB
[runlim] sample:		195.1 time, 220.8 real, 186.4 MB
[runlim] sample:		205.1 time, 230.8 real, 186.4 MB
[runlim] sample:		215.1 time, 240.8 real, 194.2 MB
[runlim] sample:		225.1 time, 250.8 real, 194.4 MB
[runlim] sample:		235.1 time, 260.8 real, 203.5 MB
[runlim] sample:		245.1 time, 270.8 real, 203.5 MB
[runlim] sample:		255.1 time, 280.8 real, 210.9 MB
[runlim] sample:		265.1 time, 290.8 real, 210.9 MB
[runlim] sample:		275.1 time, 300.8 real, 211.4 MB
[runlim] sample:		284.9 time, 310.8 real, 218.7 MB
[runlim] end:			Mon Jan 28 17:08:11 2019
[runlim] status:		signal(9)
[runlim] result:		11
[runlim] children:		0
[runlim] real:			317.43 seconds
[runlim] time:			291.31 seconds
[runlim] space:			218.7 MB
[runlim] samples:		3166
