[runlim] version:		1.10fixed
[runlim] time limit:		300 seconds
[runlim] real time limit:	311040000 seconds
[runlim] space limit:		4000 MB
[runlim] argv[0]:		./cvc4
[runlim] argv[1]:		--cbqi-all
[runlim] argv[2]:		/tmp/iMhpJ8lo.smt2
[runlim] start:			Mon Jan 28 16:59:12 2019
[runlim] main pid:		20595
/tmp/iMhpJ8lo.smt2:4.12: No set-logic command was given before this point.
/tmp/iMhpJ8lo.smt2:4.12: CVC4 will make all theories available.
/tmp/iMhpJ8lo.smt2:4.12: Consider setting a stricter logic for (likely) better performance.
/tmp/iMhpJ8lo.smt2:4.12: To suppress this warning in the future use (set-logic ALL).
[runlim] sample:		7.9 time, 10.5 real, 87.0 MB
[runlim] sample:		17.5 time, 20.5 real, 115.0 MB
[runlim] sample:		27.1 time, 30.5 real, 139.0 MB
[runlim] sample:		37.0 time, 40.5 real, 152.3 MB
[runlim] sample:		47.0 time, 50.5 real, 164.1 MB
[runlim] sample:		57.0 time, 60.5 real, 175.0 MB
[runlim] sample:		67.0 time, 70.5 real, 184.2 MB
[runlim] sample:		77.0 time, 80.5 real, 193.7 MB
[runlim] sample:		87.0 time, 90.5 real, 200.7 MB
[runlim] sample:		97.0 time, 100.5 real, 208.4 MB
[runlim] sample:		107.0 time, 110.5 real, 215.6 MB
[runlim] sample:		117.0 time, 120.5 real, 222.3 MB
[runlim] sample:		127.0 time, 130.5 real, 229.5 MB
[runlim] sample:		137.0 time, 140.5 real, 236.2 MB
[runlim] sample:		147.0 time, 150.5 real, 243.7 MB
[runlim] sample:		157.0 time, 160.5 real, 250.4 MB
[runlim] sample:		166.4 time, 170.5 real, 255.3 MB
[runlim] sample:		175.9 time, 180.5 real, 259.9 MB
[runlim] sample:		185.9 time, 190.5 real, 267.4 MB
[runlim] sample:		195.9 time, 200.5 real, 271.0 MB
[runlim] sample:		205.9 time, 210.5 real, 274.4 MB
[runlim] sample:		215.9 time, 220.5 real, 278.5 MB
[runlim] sample:		225.9 time, 230.5 real, 283.9 MB
[runlim] sample:		235.9 time, 240.5 real, 288.5 MB
[runlim] sample:		245.9 time, 250.5 real, 291.4 MB
[runlim] sample:		255.9 time, 260.5 real, 295.5 MB
[runlim] sample:		265.9 time, 270.5 real, 300.1 MB
[runlim] sample:		275.9 time, 280.5 real, 302.2 MB
[runlim] sample:		285.9 time, 290.5 real, 306.8 MB
[runlim] sample:		295.9 time, 300.5 real, 308.9 MB
CVC4 interrupted by SIGTERM.
[runlim] end:			Mon Jan 28 17:04:16 2019
[runlim] status:		out of time
[runlim] result:		2
[runlim] children:		0
[runlim] real:			304.75 seconds
[runlim] time:			300.06 seconds
[runlim] space:			311.2 MB
[runlim] samples:		3042
