[runlim] version:		1.10fixed
[runlim] time limit:		300 seconds
[runlim] real time limit:	311040000 seconds
[runlim] space limit:		4000 MB
[runlim] argv[0]:		./cvc4
[runlim] argv[1]:		--cbqi-all
[runlim] argv[2]:		/tmp/BVAXlmRD.smt2
[runlim] start:			Mon Jan 28 16:58:50 2019
[runlim] main pid:		17434
/tmp/BVAXlmRD.smt2:4.12: No set-logic command was given before this point.
/tmp/BVAXlmRD.smt2:4.12: CVC4 will make all theories available.
/tmp/BVAXlmRD.smt2:4.12: Consider setting a stricter logic for (likely) better performance.
/tmp/BVAXlmRD.smt2:4.12: To suppress this warning in the future use (set-logic ALL).
[runlim] sample:		9.4 time, 11.0 real, 63.3 MB
[runlim] sample:		19.1 time, 21.0 real, 77.8 MB
[runlim] sample:		28.8 time, 31.0 real, 88.8 MB
[runlim] sample:		38.6 time, 41.0 real, 94.2 MB
[runlim] sample:		48.6 time, 51.0 real, 105.1 MB
[runlim] sample:		58.5 time, 61.0 real, 116.7 MB
[runlim] sample:		68.6 time, 71.0 real, 117.9 MB
[runlim] sample:		78.5 time, 81.0 real, 122.3 MB
[runlim] sample:		88.5 time, 91.0 real, 128.0 MB
[runlim] sample:		98.5 time, 101.0 real, 133.7 MB
[runlim] sample:		108.5 time, 111.0 real, 139.8 MB
[runlim] sample:		118.5 time, 121.0 real, 146.3 MB
[runlim] sample:		128.5 time, 131.0 real, 146.6 MB
[runlim] sample:		138.5 time, 141.0 real, 167.0 MB
[runlim] sample:		148.5 time, 151.0 real, 168.6 MB
[runlim] sample:		158.5 time, 161.0 real, 168.6 MB
[runlim] sample:		168.5 time, 171.0 real, 170.4 MB
[runlim] sample:		178.5 time, 181.0 real, 170.4 MB
[runlim] sample:		188.5 time, 191.0 real, 175.3 MB
[runlim] sample:		198.5 time, 201.0 real, 175.8 MB
[runlim] sample:		208.0 time, 211.0 real, 182.5 MB
[runlim] sample:		217.0 time, 221.0 real, 182.7 MB
[runlim] sample:		225.1 time, 231.0 real, 189.4 MB
[runlim] sample:		234.4 time, 241.0 real, 189.4 MB
[runlim] sample:		243.5 time, 251.0 real, 198.4 MB
[runlim] sample:		253.2 time, 261.0 real, 198.4 MB
[runlim] sample:		262.7 time, 271.0 real, 198.4 MB
[runlim] sample:		271.8 time, 281.0 real, 204.6 MB
[runlim] sample:		281.0 time, 291.0 real, 204.6 MB
[runlim] sample:		289.2 time, 301.0 real, 205.2 MB
[runlim] sample:		298.4 time, 311.0 real, 211.9 MB
CVC4 interrupted by SIGTERM.
[runlim] end:			Mon Jan 28 17:04:02 2019
[runlim] status:		out of time
[runlim] result:		2
[runlim] children:		0
[runlim] real:			312.63 seconds
[runlim] time:			300.04 seconds
[runlim] space:			211.9 MB
[runlim] samples:		3116
