[runlim] version:		1.10fixed
[runlim] time limit:		300 seconds
[runlim] real time limit:	311040000 seconds
[runlim] space limit:		4000 MB
[runlim] argv[0]:		./cvc4
[runlim] argv[1]:		--cbqi-all
[runlim] argv[2]:		/tmp/Osyu8b4f.smt2
[runlim] start:			Mon Jan 28 17:03:46 2019
[runlim] main pid:		32409
/tmp/Osyu8b4f.smt2:4.12: No set-logic command was given before this point.
/tmp/Osyu8b4f.smt2:4.12: CVC4 will make all theories available.
/tmp/Osyu8b4f.smt2:4.12: Consider setting a stricter logic for (likely) better performance.
/tmp/Osyu8b4f.smt2:4.12: To suppress this warning in the future use (set-logic ALL).
[runlim] sample:		10.0 time, 10.6 real, 95.8 MB
[runlim] sample:		20.0 time, 20.6 real, 120.8 MB
[runlim] sample:		30.0 time, 30.6 real, 142.8 MB
[runlim] sample:		40.0 time, 40.6 real, 156.6 MB
[runlim] sample:		50.0 time, 50.6 real, 168.4 MB
[runlim] sample:		60.0 time, 60.6 real, 180.0 MB
[runlim] sample:		70.0 time, 70.6 real, 189.1 MB
[runlim] sample:		78.8 time, 80.6 real, 196.4 MB
[runlim] sample:		86.8 time, 90.6 real, 202.5 MB
[runlim] sample:		96.8 time, 100.6 real, 210.0 MB
[runlim] sample:		106.8 time, 110.6 real, 217.7 MB
[runlim] sample:		116.8 time, 120.6 real, 226.7 MB
[runlim] sample:		126.8 time, 130.6 real, 229.6 MB
[runlim] sample:		136.6 time, 140.6 real, 237.6 MB
[runlim] sample:		144.4 time, 150.6 real, 241.8 MB
[runlim] sample:		153.5 time, 160.6 real, 247.9 MB
[runlim] sample:		163.2 time, 170.6 real, 252.5 MB
[runlim] sample:		172.7 time, 180.6 real, 257.2 MB
[runlim] sample:		181.5 time, 190.6 real, 262.1 MB
[runlim] sample:		190.1 time, 200.6 real, 267.2 MB
[runlim] sample:		198.8 time, 210.6 real, 271.1 MB
[runlim] sample:		208.0 time, 220.6 real, 275.2 MB
[runlim] sample:		217.0 time, 230.6 real, 278.3 MB
[runlim] sample:		226.1 time, 240.6 real, 282.4 MB
[runlim] sample:		234.8 time, 250.6 real, 286.2 MB
[runlim] sample:		244.0 time, 260.6 real, 288.6 MB
[runlim] sample:		254.0 time, 270.6 real, 292.9 MB
[runlim] sample:		263.5 time, 280.6 real, 295.5 MB
[runlim] sample:		273.5 time, 290.6 real, 299.9 MB
[runlim] sample:		283.5 time, 300.6 real, 302.5 MB
[runlim] sample:		293.5 time, 310.6 real, 306.6 MB
[runlim] end:			Mon Jan 28 17:08:58 2019
[runlim] status:		signal(9)
[runlim] result:		11
[runlim] children:		0
[runlim] real:			312.03 seconds
[runlim] time:			294.91 seconds
[runlim] space:			306.6 MB
[runlim] samples:		3114
