[runlim] version:		1.10fixed
[runlim] time limit:		300 seconds
[runlim] real time limit:	311040000 seconds
[runlim] space limit:		4000 MB
[runlim] argv[0]:		./cvc4
[runlim] argv[1]:		--cbqi-all
[runlim] argv[2]:		/tmp/55QQg0Ah.smt2
[runlim] start:			Mon Jan 28 16:59:54 2019
[runlim] main pid:		26062
/tmp/55QQg0Ah.smt2:4.12: No set-logic command was given before this point.
/tmp/55QQg0Ah.smt2:4.12: CVC4 will make all theories available.
/tmp/55QQg0Ah.smt2:4.12: Consider setting a stricter logic for (likely) better performance.
/tmp/55QQg0Ah.smt2:4.12: To suppress this warning in the future use (set-logic ALL).
[runlim] sample:		8.3 time, 10.4 real, 100.7 MB
[runlim] sample:		17.6 time, 20.4 real, 144.4 MB
[runlim] sample:		26.6 time, 30.4 real, 169.5 MB
[runlim] sample:		35.7 time, 40.4 real, 190.3 MB
[runlim] sample:		45.3 time, 50.4 real, 209.3 MB
[runlim] sample:		53.8 time, 60.4 real, 224.2 MB
[runlim] sample:		63.2 time, 70.4 real, 241.6 MB
[runlim] sample:		73.2 time, 80.4 real, 258.1 MB
[runlim] sample:		83.2 time, 90.4 real, 272.0 MB
[runlim] sample:		93.2 time, 100.4 real, 283.6 MB
[runlim] sample:		103.2 time, 110.4 real, 292.7 MB
[runlim] sample:		113.2 time, 120.4 real, 303.9 MB
[runlim] sample:		123.2 time, 130.4 real, 311.1 MB
[runlim] sample:		133.2 time, 140.4 real, 322.2 MB
[runlim] sample:		143.2 time, 150.4 real, 328.9 MB
[runlim] sample:		153.2 time, 160.4 real, 336.1 MB
[runlim] sample:		163.2 time, 170.4 real, 343.3 MB
[runlim] sample:		173.2 time, 180.4 real, 350.3 MB
[runlim] sample:		183.2 time, 190.4 real, 357.2 MB
[runlim] sample:		193.2 time, 200.4 real, 364.7 MB
[runlim] sample:		203.1 time, 210.4 real, 371.4 MB
[runlim] sample:		213.2 time, 220.4 real, 383.9 MB
[runlim] sample:		223.2 time, 230.4 real, 384.4 MB
[runlim] sample:		233.1 time, 240.4 real, 391.1 MB
[runlim] sample:		243.1 time, 250.4 real, 398.1 MB
[runlim] sample:		253.1 time, 260.4 real, 402.7 MB
[runlim] sample:		263.1 time, 270.4 real, 409.1 MB
[runlim] sample:		273.1 time, 280.4 real, 420.2 MB
[runlim] sample:		283.1 time, 290.4 real, 422.6 MB
[runlim] sample:		293.1 time, 300.4 real, 427.2 MB
CVC4 interrupted by SIGTERM.
[runlim] end:			Mon Jan 28 17:05:01 2019
[runlim] status:		out of time
[runlim] result:		2
[runlim] children:		0
[runlim] real:			307.33 seconds
[runlim] time:			300.04 seconds
[runlim] space:			430.5 MB
[runlim] samples:		3069
