[runlim] version:		1.10fixed
[runlim] time limit:		300 seconds
[runlim] real time limit:	311040000 seconds
[runlim] space limit:		4000 MB
[runlim] argv[0]:		./cvc4
[runlim] argv[1]:		--cbqi-all
[runlim] argv[2]:		/tmp/be0mcOQh.smt2
[runlim] start:			Tue Jan 29 14:30:54 2019
[runlim] main pid:		10339
/tmp/be0mcOQh.smt2:4.12: No set-logic command was given before this point.
/tmp/be0mcOQh.smt2:4.12: CVC4 will make all theories available.
/tmp/be0mcOQh.smt2:4.12: Consider setting a stricter logic for (likely) better performance.
/tmp/be0mcOQh.smt2:4.12: To suppress this warning in the future use (set-logic ALL).
[runlim] sample:		7.8 time, 10.9 real, 78.6 MB
[runlim] sample:		17.5 time, 20.9 real, 287.1 MB
[runlim] sample:		27.4 time, 30.9 real, 322.1 MB
[runlim] sample:		37.4 time, 40.9 real, 322.6 MB
[runlim] sample:		47.4 time, 50.9 real, 322.6 MB
[runlim] sample:		57.4 time, 60.9 real, 322.6 MB
[runlim] sample:		67.4 time, 70.9 real, 322.6 MB
[runlim] sample:		77.4 time, 80.9 real, 322.6 MB
[runlim] sample:		87.4 time, 90.9 real, 322.9 MB
[runlim] sample:		97.4 time, 100.9 real, 322.9 MB
[runlim] sample:		107.4 time, 110.9 real, 323.1 MB
[runlim] sample:		117.4 time, 120.9 real, 323.4 MB
[runlim] sample:		127.4 time, 130.9 real, 323.7 MB
[runlim] sample:		137.4 time, 140.9 real, 324.2 MB
[runlim] sample:		147.4 time, 150.9 real, 390.5 MB
[runlim] sample:		157.4 time, 160.9 real, 398.8 MB
[runlim] sample:		167.4 time, 170.9 real, 398.8 MB
[runlim] sample:		177.4 time, 180.9 real, 399.0 MB
[runlim] sample:		187.4 time, 190.9 real, 399.0 MB
[runlim] sample:		197.4 time, 200.9 real, 399.0 MB
[runlim] sample:		207.4 time, 210.9 real, 399.3 MB
[runlim] sample:		217.4 time, 220.9 real, 399.3 MB
[runlim] sample:		227.4 time, 230.9 real, 399.3 MB
[runlim] sample:		237.4 time, 240.9 real, 399.5 MB
[runlim] sample:		247.4 time, 250.9 real, 399.5 MB
[runlim] sample:		257.4 time, 260.9 real, 399.5 MB
[runlim] sample:		267.4 time, 270.9 real, 399.8 MB
[runlim] sample:		277.2 time, 280.9 real, 399.8 MB
[runlim] sample:		286.8 time, 290.9 real, 399.8 MB
[runlim] sample:		296.8 time, 300.9 real, 400.1 MB
CVC4 interrupted by SIGTERM.
[runlim] end:			Tue Jan 29 14:35:58 2019
[runlim] status:		out of time
[runlim] result:		2
[runlim] children:		0
[runlim] real:			304.19 seconds
[runlim] time:			300.01 seconds
[runlim] space:			400.1 MB
[runlim] samples:		3032
