[runlim] version:		1.10fixed
[runlim] time limit:		300 seconds
[runlim] real time limit:	311040000 seconds
[runlim] space limit:		4000 MB
[runlim] argv[0]:		./cvc4
[runlim] argv[1]:		--cbqi-all
[runlim] argv[2]:		/tmp/DrhT73NK.smt2
[runlim] start:			Tue Jan 29 14:32:39 2019
[runlim] main pid:		12164
/tmp/DrhT73NK.smt2:4.12: No set-logic command was given before this point.
/tmp/DrhT73NK.smt2:4.12: CVC4 will make all theories available.
/tmp/DrhT73NK.smt2:4.12: Consider setting a stricter logic for (likely) better performance.
/tmp/DrhT73NK.smt2:4.12: To suppress this warning in the future use (set-logic ALL).
[runlim] sample:		9.2 time, 10.8 real, 107.2 MB
[runlim] sample:		18.5 time, 20.8 real, 146.2 MB
[runlim] sample:		28.1 time, 30.8 real, 170.7 MB
[runlim] sample:		38.0 time, 40.8 real, 190.2 MB
[runlim] sample:		48.0 time, 50.8 real, 210.3 MB
[runlim] sample:		57.4 time, 60.8 real, 223.6 MB
[runlim] sample:		66.3 time, 70.8 real, 240.5 MB
[runlim] sample:		75.6 time, 80.8 real, 257.6 MB
[runlim] sample:		85.6 time, 90.8 real, 268.4 MB
[runlim] sample:		95.4 time, 100.8 real, 277.9 MB
[runlim] sample:		105.4 time, 110.8 real, 287.7 MB
[runlim] sample:		115.4 time, 120.8 real, 296.2 MB
[runlim] sample:		125.4 time, 130.8 real, 303.7 MB
[runlim] sample:		135.4 time, 140.8 real, 312.4 MB
[runlim] sample:		145.4 time, 150.8 real, 321.9 MB
[runlim] sample:		155.4 time, 160.8 real, 328.3 MB
[runlim] sample:		165.4 time, 170.8 real, 334.0 MB
[runlim] sample:		175.4 time, 180.8 real, 341.7 MB
[runlim] sample:		184.2 time, 190.8 real, 353.5 MB
[runlim] sample:		192.6 time, 200.8 real, 354.3 MB
[runlim] sample:		201.3 time, 210.8 real, 356.9 MB
[runlim] sample:		211.0 time, 220.8 real, 362.5 MB
[runlim] sample:		221.0 time, 230.8 real, 368.2 MB
[runlim] sample:		231.0 time, 240.8 real, 373.9 MB
[runlim] sample:		241.0 time, 250.8 real, 379.5 MB
[runlim] sample:		250.7 time, 260.8 real, 383.9 MB
[runlim] sample:		259.8 time, 270.8 real, 390.3 MB
[runlim] sample:		269.8 time, 280.8 real, 394.7 MB
[runlim] sample:		279.8 time, 290.8 real, 400.1 MB
[runlim] sample:		289.8 time, 300.8 real, 406.8 MB
[runlim] sample:		299.6 time, 310.8 real, 409.6 MB
CVC4 interrupted by SIGTERM.
[runlim] end:			Tue Jan 29 14:37:50 2019
[runlim] status:		out of time
[runlim] result:		2
[runlim] children:		0
[runlim] real:			311.35 seconds
[runlim] time:			300.07 seconds
[runlim] space:			417.4 MB
[runlim] samples:		3105
