[runlim] version:		1.10fixed
[runlim] time limit:		300 seconds
[runlim] real time limit:	311040000 seconds
[runlim] space limit:		4000 MB
[runlim] argv[0]:		./cvc4
[runlim] argv[1]:		--cbqi-all
[runlim] argv[2]:		/tmp/UtFzSvTn.smt2
[runlim] start:			Tue Jan 29 14:29:24 2019
[runlim] main pid:		12712
/tmp/UtFzSvTn.smt2:4.12: No set-logic command was given before this point.
/tmp/UtFzSvTn.smt2:4.12: CVC4 will make all theories available.
/tmp/UtFzSvTn.smt2:4.12: Consider setting a stricter logic for (likely) better performance.
/tmp/UtFzSvTn.smt2:4.12: To suppress this warning in the future use (set-logic ALL).
[runlim] sample:		9.5 time, 10.6 real, 223.3 MB
[runlim] sample:		19.3 time, 20.6 real, 385.0 MB
[runlim] sample:		28.7 time, 30.6 real, 522.2 MB
[runlim] sample:		38.3 time, 40.6 real, 640.1 MB
[runlim] sample:		47.8 time, 50.6 real, 743.7 MB
[runlim] sample:		57.3 time, 60.6 real, 839.6 MB
[runlim] sample:		66.9 time, 70.6 real, 915.5 MB
[runlim] sample:		76.5 time, 80.6 real, 1040.8 MB
[runlim] sample:		86.1 time, 90.6 real, 1111.9 MB
[runlim] sample:		95.8 time, 100.6 real, 1191.1 MB
[runlim] sample:		105.4 time, 110.6 real, 1280.4 MB
[runlim] sample:		115.3 time, 120.6 real, 1348.1 MB
[runlim] sample:		125.3 time, 130.6 real, 1417.1 MB
[runlim] sample:		135.3 time, 140.6 real, 1484.8 MB
[runlim] sample:		145.3 time, 150.6 real, 1577.9 MB
[runlim] sample:		155.3 time, 160.6 real, 1657.6 MB
[runlim] sample:		165.3 time, 170.6 real, 1698.1 MB
[runlim] sample:		175.3 time, 180.6 real, 1722.0 MB
[runlim] sample:		185.3 time, 190.6 real, 1804.6 MB
[runlim] sample:		195.3 time, 200.6 real, 1884.7 MB
[runlim] sample:		205.3 time, 210.6 real, 1916.9 MB
[runlim] sample:		215.3 time, 220.6 real, 1990.5 MB
[runlim] sample:		225.3 time, 230.6 real, 2079.4 MB
[runlim] sample:		235.3 time, 240.6 real, 2097.4 MB
[runlim] sample:		245.3 time, 250.6 real, 2166.3 MB
[runlim] sample:		255.3 time, 260.6 real, 2242.5 MB
[runlim] sample:		265.3 time, 270.6 real, 2256.6 MB
[runlim] sample:		275.2 time, 280.6 real, 2328.2 MB
[runlim] sample:		285.2 time, 290.6 real, 2394.0 MB
[runlim] sample:		295.2 time, 300.6 real, 2418.4 MB
CVC4 interrupted by SIGTERM.
[runlim] end:			Tue Jan 29 14:34:29 2019
[runlim] status:		out of time
[runlim] result:		2
[runlim] children:		0
[runlim] real:			305.56 seconds
[runlim] time:			300.15 seconds
[runlim] space:			2428.7 MB
[runlim] samples:		3049
