[runlim] version:		1.10fixed
[runlim] time limit:		300 seconds
[runlim] real time limit:	311040000 seconds
[runlim] space limit:		4000 MB
[runlim] argv[0]:		./cvc4
[runlim] argv[1]:		--cbqi-all
[runlim] argv[2]:		/tmp/jcUNFX8z.smt2
[runlim] start:			Mon Jan 28 17:01:10 2019
[runlim] main pid:		19181
/tmp/jcUNFX8z.smt2:4.12: No set-logic command was given before this point.
/tmp/jcUNFX8z.smt2:4.12: CVC4 will make all theories available.
/tmp/jcUNFX8z.smt2:4.12: Consider setting a stricter logic for (likely) better performance.
/tmp/jcUNFX8z.smt2:4.12: To suppress this warning in the future use (set-logic ALL).
[runlim] sample:		8.7 time, 10.1 real, 71.8 MB
[runlim] sample:		17.2 time, 20.1 real, 83.6 MB
[runlim] sample:		26.2 time, 30.1 real, 92.3 MB
[runlim] sample:		34.6 time, 40.1 real, 99.8 MB
[runlim] sample:		42.6 time, 50.1 real, 110.3 MB
[runlim] sample:		52.6 time, 60.1 real, 112.4 MB
[runlim] sample:		62.6 time, 70.1 real, 121.1 MB
[runlim] sample:		72.6 time, 80.1 real, 128.6 MB
[runlim] sample:		82.6 time, 90.1 real, 131.2 MB
[runlim] sample:		92.6 time, 100.1 real, 156.7 MB
[runlim] sample:		102.6 time, 110.1 real, 157.5 MB
[runlim] sample:		112.6 time, 120.1 real, 158.0 MB
[runlim] sample:		122.6 time, 130.1 real, 158.5 MB
[runlim] sample:		132.6 time, 140.1 real, 161.9 MB
[runlim] sample:		142.6 time, 150.1 real, 165.2 MB
[runlim] sample:		152.6 time, 160.1 real, 175.8 MB
[runlim] sample:		162.6 time, 170.1 real, 178.9 MB
[runlim] sample:		172.6 time, 180.1 real, 179.2 MB
[runlim] sample:		182.6 time, 190.1 real, 187.2 MB
[runlim] sample:		192.6 time, 200.1 real, 190.3 MB
[runlim] sample:		202.6 time, 210.1 real, 190.3 MB
[runlim] sample:		212.6 time, 220.1 real, 199.0 MB
[runlim] sample:		222.6 time, 230.1 real, 199.8 MB
[runlim] sample:		232.2 time, 240.1 real, 203.1 MB
[runlim] sample:		241.9 time, 250.1 real, 208.3 MB
[runlim] sample:		251.8 time, 260.1 real, 240.1 MB
[runlim] sample:		261.8 time, 270.1 real, 240.1 MB
[runlim] sample:		271.8 time, 280.1 real, 241.1 MB
[runlim] sample:		281.8 time, 290.1 real, 241.1 MB
[runlim] sample:		291.8 time, 300.1 real, 243.7 MB
CVC4 interrupted by SIGTERM.
[runlim] end:			Mon Jan 28 17:06:18 2019
[runlim] status:		out of time
[runlim] result:		2
[runlim] children:		0
[runlim] real:			308.37 seconds
[runlim] time:			300.01 seconds
[runlim] space:			267.6 MB
[runlim] samples:		3082
