[runlim] version:		1.10fixed
[runlim] time limit:		300 seconds
[runlim] real time limit:	311040000 seconds
[runlim] space limit:		4000 MB
[runlim] argv[0]:		./cvc4
[runlim] argv[1]:		--cbqi-all
[runlim] argv[2]:		/tmp/EJmO3ZTj.smt2
[runlim] start:			Tue Jan 29 14:35:42 2019
[runlim] main pid:		17064
/tmp/EJmO3ZTj.smt2:4.12: No set-logic command was given before this point.
/tmp/EJmO3ZTj.smt2:4.12: CVC4 will make all theories available.
/tmp/EJmO3ZTj.smt2:4.12: Consider setting a stricter logic for (likely) better performance.
/tmp/EJmO3ZTj.smt2:4.12: To suppress this warning in the future use (set-logic ALL).
[runlim] sample:		7.6 time, 10.4 real, 87.1 MB
[runlim] sample:		17.6 time, 20.4 real, 117.9 MB
[runlim] sample:		25.6 time, 30.4 real, 135.0 MB
[runlim] sample:		35.3 time, 40.4 real, 150.9 MB
[runlim] sample:		43.4 time, 50.4 real, 161.6 MB
[runlim] sample:		53.2 time, 60.4 real, 172.4 MB
[runlim] sample:		63.2 time, 70.4 real, 182.7 MB
[runlim] sample:		73.2 time, 80.4 real, 192.2 MB
[runlim] sample:		81.8 time, 90.4 real, 201.4 MB
[runlim] sample:		91.8 time, 100.4 real, 206.0 MB
[runlim] sample:		101.8 time, 110.4 real, 213.8 MB
[runlim] sample:		111.8 time, 120.4 real, 220.4 MB
[runlim] sample:		121.8 time, 130.4 real, 227.7 MB
[runlim] sample:		131.8 time, 140.4 real, 232.6 MB
[runlim] sample:		141.8 time, 150.4 real, 240.7 MB
[runlim] sample:		151.8 time, 160.4 real, 248.8 MB
[runlim] sample:		161.8 time, 170.4 real, 253.7 MB
[runlim] sample:		171.8 time, 180.4 real, 258.0 MB
[runlim] sample:		181.8 time, 190.4 real, 262.7 MB
[runlim] sample:		191.7 time, 200.4 real, 269.1 MB
[runlim] sample:		201.7 time, 210.4 real, 272.5 MB
[runlim] sample:		211.7 time, 220.4 real, 276.1 MB
[runlim] sample:		221.7 time, 230.4 real, 281.5 MB
[runlim] sample:		231.7 time, 240.4 real, 286.7 MB
[runlim] sample:		241.7 time, 250.4 real, 288.8 MB
[runlim] sample:		251.7 time, 260.4 real, 293.2 MB
[runlim] sample:		261.7 time, 270.4 real, 297.5 MB
[runlim] sample:		271.7 time, 280.4 real, 300.1 MB
[runlim] sample:		281.7 time, 290.4 real, 304.0 MB
[runlim] sample:		291.7 time, 300.4 real, 306.8 MB
CVC4 interrupted by SIGTERM.
[runlim] end:			Tue Jan 29 14:40:50 2019
[runlim] status:		out of time
[runlim] result:		2
[runlim] children:		0
[runlim] real:			308.71 seconds
[runlim] time:			300.03 seconds
[runlim] space:			309.1 MB
[runlim] samples:		3083
