[runlim] version:		1.10fixed
[runlim] time limit:		300 seconds
[runlim] real time limit:	311040000 seconds
[runlim] space limit:		4000 MB
[runlim] argv[0]:		./cvc4
[runlim] argv[1]:		--cbqi-all
[runlim] argv[2]:		/tmp/rIh3iulU.smt2
[runlim] start:			Mon Jan 28 16:57:47 2019
[runlim] main pid:		6631
/tmp/rIh3iulU.smt2:4.12: No set-logic command was given before this point.
/tmp/rIh3iulU.smt2:4.12: CVC4 will make all theories available.
/tmp/rIh3iulU.smt2:4.12: Consider setting a stricter logic for (likely) better performance.
/tmp/rIh3iulU.smt2:4.12: To suppress this warning in the future use (set-logic ALL).
[runlim] sample:		9.2 time, 10.7 real, 93.0 MB
[runlim] sample:		18.7 time, 20.7 real, 118.5 MB
[runlim] sample:		26.6 time, 30.7 real, 135.8 MB
[runlim] sample:		35.7 time, 40.7 real, 150.5 MB
[runlim] sample:		45.5 time, 50.7 real, 162.0 MB
[runlim] sample:		55.5 time, 60.7 real, 172.9 MB
[runlim] sample:		65.5 time, 70.7 real, 183.9 MB
[runlim] sample:		75.5 time, 80.7 real, 192.7 MB
[runlim] sample:		85.4 time, 90.7 real, 201.3 MB
[runlim] sample:		95.4 time, 100.7 real, 208.0 MB
[runlim] sample:		105.4 time, 110.7 real, 216.0 MB
[runlim] sample:		115.4 time, 120.7 real, 226.2 MB
[runlim] sample:		125.5 time, 130.7 real, 229.0 MB
[runlim] sample:		135.4 time, 140.7 real, 236.2 MB
[runlim] sample:		145.4 time, 150.7 real, 242.4 MB
[runlim] sample:		155.4 time, 160.7 real, 250.7 MB
[runlim] sample:		165.4 time, 170.7 real, 255.1 MB
[runlim] sample:		175.4 time, 180.7 real, 260.2 MB
[runlim] sample:		185.4 time, 190.7 real, 266.9 MB
[runlim] sample:		194.2 time, 200.7 real, 270.3 MB
[runlim] sample:		202.8 time, 210.7 real, 273.3 MB
[runlim] sample:		211.9 time, 220.7 real, 277.7 MB
[runlim] sample:		221.9 time, 230.7 real, 281.6 MB
[runlim] sample:		231.3 time, 240.7 real, 285.5 MB
[runlim] sample:		240.4 time, 250.7 real, 289.1 MB
[runlim] sample:		250.5 time, 260.7 real, 292.2 MB
[runlim] sample:		260.4 time, 270.7 real, 296.9 MB
[runlim] sample:		270.4 time, 280.7 real, 299.0 MB
[runlim] sample:		279.4 time, 290.7 real, 303.3 MB
[runlim] sample:		289.3 time, 300.7 real, 305.7 MB
[runlim] sample:		299.1 time, 310.7 real, 309.8 MB
CVC4 interrupted by SIGTERM.
[runlim] end:			Mon Jan 28 17:02:58 2019
[runlim] status:		out of time
[runlim] result:		2
[runlim] children:		0
[runlim] real:			311.96 seconds
[runlim] time:			300.03 seconds
[runlim] space:			311.6 MB
[runlim] samples:		3112
