[runlim] version:		1.10fixed
[runlim] time limit:		300 seconds
[runlim] real time limit:	311040000 seconds
[runlim] space limit:		4000 MB
[runlim] argv[0]:		./cvc4
[runlim] argv[1]:		--cbqi-all
[runlim] argv[2]:		/tmp/yH7uW60H.smt2
[runlim] start:			Tue Jan 29 14:30:33 2019
[runlim] main pid:		9295
/tmp/yH7uW60H.smt2:4.12: No set-logic command was given before this point.
/tmp/yH7uW60H.smt2:4.12: CVC4 will make all theories available.
/tmp/yH7uW60H.smt2:4.12: Consider setting a stricter logic for (likely) better performance.
/tmp/yH7uW60H.smt2:4.12: To suppress this warning in the future use (set-logic ALL).
[runlim] sample:		8.3 time, 10.9 real, 92.4 MB
[runlim] sample:		18.0 time, 20.9 real, 123.6 MB
[runlim] sample:		27.9 time, 30.9 real, 146.4 MB
[runlim] sample:		37.8 time, 40.9 real, 161.3 MB
[runlim] sample:		47.8 time, 50.9 real, 174.4 MB
[runlim] sample:		57.1 time, 60.9 real, 184.5 MB
[runlim] sample:		67.1 time, 70.9 real, 197.1 MB
[runlim] sample:		77.1 time, 80.9 real, 205.4 MB
[runlim] sample:		87.1 time, 90.9 real, 215.4 MB
[runlim] sample:		97.1 time, 100.9 real, 225.3 MB
[runlim] sample:		107.1 time, 110.9 real, 233.5 MB
[runlim] sample:		117.1 time, 120.9 real, 241.8 MB
[runlim] sample:		127.1 time, 130.9 real, 250.3 MB
[runlim] sample:		137.1 time, 140.9 real, 256.5 MB
[runlim] sample:		145.8 time, 150.9 real, 265.5 MB
[runlim] sample:		154.8 time, 160.9 real, 269.8 MB
[runlim] sample:		164.8 time, 170.9 real, 274.2 MB
[runlim] sample:		174.5 time, 180.9 real, 279.4 MB
[runlim] sample:		184.5 time, 190.9 real, 285.0 MB
[runlim] sample:		194.5 time, 200.9 real, 290.4 MB
[runlim] sample:		204.5 time, 210.9 real, 294.6 MB
[runlim] sample:		214.5 time, 220.9 real, 298.9 MB
[runlim] sample:		224.5 time, 230.9 real, 303.3 MB
[runlim] sample:		234.5 time, 240.9 real, 307.7 MB
[runlim] sample:		244.5 time, 250.9 real, 312.1 MB
[runlim] sample:		254.5 time, 260.9 real, 316.7 MB
[runlim] sample:		264.5 time, 270.9 real, 320.6 MB
[runlim] sample:		274.5 time, 280.9 real, 324.7 MB
[runlim] sample:		284.5 time, 290.9 real, 328.8 MB
[runlim] sample:		294.5 time, 300.9 real, 332.7 MB
CVC4 interrupted by SIGTERM.
[runlim] end:			Tue Jan 29 14:35:39 2019
[runlim] status:		out of time
[runlim] result:		2
[runlim] children:		0
[runlim] real:			306.56 seconds
[runlim] time:			300.08 seconds
[runlim] space:			334.2 MB
[runlim] samples:		3056
