[runlim] version:		1.10fixed
[runlim] time limit:		300 seconds
[runlim] real time limit:	311040000 seconds
[runlim] space limit:		4000 MB
[runlim] argv[0]:		./cvc4
[runlim] argv[1]:		--cbqi-all
[runlim] argv[2]:		/tmp/4PGB5bXP.smt2
[runlim] start:			Mon Jan 28 16:59:44 2019
[runlim] main pid:		6545
/tmp/4PGB5bXP.smt2:4.12: No set-logic command was given before this point.
/tmp/4PGB5bXP.smt2:4.12: CVC4 will make all theories available.
/tmp/4PGB5bXP.smt2:4.12: Consider setting a stricter logic for (likely) better performance.
/tmp/4PGB5bXP.smt2:4.12: To suppress this warning in the future use (set-logic ALL).
[runlim] sample:		9.5 time, 10.8 real, 110.6 MB
[runlim] sample:		19.5 time, 20.8 real, 151.1 MB
[runlim] sample:		29.5 time, 30.8 real, 175.9 MB
[runlim] sample:		39.5 time, 40.8 real, 198.3 MB
[runlim] sample:		49.2 time, 50.8 real, 214.8 MB
[runlim] sample:		59.1 time, 60.8 real, 230.6 MB
[runlim] sample:		69.1 time, 70.8 real, 248.4 MB
[runlim] sample:		79.0 time, 80.8 real, 261.3 MB
[runlim] sample:		88.8 time, 90.8 real, 278.5 MB
[runlim] sample:		98.1 time, 100.8 real, 285.2 MB
[runlim] sample:		107.5 time, 110.8 real, 293.4 MB
[runlim] sample:		117.3 time, 120.8 real, 303.0 MB
[runlim] sample:		127.3 time, 130.8 real, 311.4 MB
[runlim] sample:		137.3 time, 140.8 real, 319.4 MB
[runlim] sample:		147.2 time, 150.8 real, 328.4 MB
[runlim] sample:		156.5 time, 160.8 real, 335.4 MB
[runlim] sample:		166.5 time, 170.8 real, 341.8 MB
[runlim] sample:		176.5 time, 180.8 real, 350.6 MB
[runlim] sample:		186.5 time, 190.8 real, 357.6 MB
[runlim] sample:		195.7 time, 200.8 real, 364.2 MB
[runlim] sample:		205.1 time, 210.8 real, 369.7 MB
[runlim] sample:		215.1 time, 220.8 real, 377.1 MB
[runlim] sample:		224.6 time, 230.8 real, 380.7 MB
[runlim] sample:		234.6 time, 240.8 real, 386.6 MB
[runlim] sample:		243.9 time, 250.8 real, 392.8 MB
[runlim] sample:		253.2 time, 260.8 real, 399.3 MB
[runlim] sample:		262.5 time, 270.8 real, 403.1 MB
[runlim] sample:		272.2 time, 280.8 real, 410.9 MB
[runlim] sample:		280.4 time, 290.8 real, 413.9 MB
[runlim] sample:		288.8 time, 300.8 real, 422.8 MB
[runlim] sample:		296.9 time, 310.8 real, 425.6 MB
CVC4 interrupted by SIGTERM.
[runlim] end:			Mon Jan 28 17:04:58 2019
[runlim] status:		out of time
[runlim] result:		2
[runlim] children:		0
[runlim] real:			314.21 seconds
[runlim] time:			300.07 seconds
[runlim] space:			425.6 MB
[runlim] samples:		3134
