[runlim] version:		1.10fixed
[runlim] time limit:		300 seconds
[runlim] real time limit:	311040000 seconds
[runlim] space limit:		4000 MB
[runlim] argv[0]:		./cvc4
[runlim] argv[1]:		--cbqi-all
[runlim] argv[2]:		/tmp/xITC5PyF.smt2
[runlim] start:			Mon Jan 28 16:47:22 2019
[runlim] main pid:		31403
/tmp/xITC5PyF.smt2:4.12: No set-logic command was given before this point.
/tmp/xITC5PyF.smt2:4.12: CVC4 will make all theories available.
/tmp/xITC5PyF.smt2:4.12: Consider setting a stricter logic for (likely) better performance.
/tmp/xITC5PyF.smt2:4.12: To suppress this warning in the future use (set-logic ALL).
[runlim] sample:		9.3 time, 10.9 real, 81.8 MB
[runlim] sample:		19.1 time, 20.9 real, 102.0 MB
[runlim] sample:		29.1 time, 30.9 real, 116.9 MB
[runlim] sample:		39.1 time, 40.9 real, 132.4 MB
[runlim] sample:		49.0 time, 50.9 real, 142.2 MB
[runlim] sample:		58.5 time, 60.9 real, 149.7 MB
[runlim] sample:		67.0 time, 70.9 real, 155.3 MB
[runlim] sample:		76.3 time, 80.9 real, 161.9 MB
[runlim] sample:		85.1 time, 90.9 real, 167.8 MB
[runlim] sample:		95.1 time, 100.9 real, 173.7 MB
[runlim] sample:		105.1 time, 110.9 real, 179.1 MB
[runlim] sample:		115.1 time, 120.9 real, 184.2 MB
[runlim] sample:		125.1 time, 130.9 real, 188.6 MB
[runlim] sample:		135.1 time, 140.9 real, 193.5 MB
[runlim] sample:		144.5 time, 150.9 real, 196.6 MB
[runlim] sample:		153.3 time, 160.9 real, 201.0 MB
[runlim] sample:		163.3 time, 170.9 real, 204.2 MB
[runlim] sample:		173.3 time, 180.9 real, 208.8 MB
[runlim] sample:		182.5 time, 190.9 real, 211.9 MB
[runlim] sample:		191.8 time, 200.9 real, 215.3 MB
[runlim] sample:		201.0 time, 210.9 real, 218.6 MB
[runlim] sample:		211.0 time, 220.9 real, 222.0 MB
[runlim] sample:		220.6 time, 230.9 real, 227.1 MB
[runlim] sample:		229.4 time, 240.9 real, 230.5 MB
[runlim] sample:		239.3 time, 250.9 real, 231.9 MB
[runlim] sample:		248.7 time, 260.9 real, 238.5 MB
[runlim] sample:		257.1 time, 270.9 real, 240.0 MB
[runlim] sample:		266.6 time, 280.9 real, 244.8 MB
[runlim] sample:		276.3 time, 290.9 real, 248.1 MB
[runlim] sample:		286.3 time, 300.9 real, 251.2 MB
[runlim] sample:		296.3 time, 310.9 real, 252.7 MB
CVC4 interrupted by SIGTERM.
[runlim] end:			Mon Jan 28 16:52:36 2019
[runlim] status:		out of time
[runlim] result:		2
[runlim] children:		0
[runlim] real:			314.63 seconds
[runlim] time:			300.03 seconds
[runlim] space:			254.3 MB
[runlim] samples:		3137
