[runlim] version:		1.10fixed
[runlim] time limit:		300 seconds
[runlim] real time limit:	311040000 seconds
[runlim] space limit:		4000 MB
[runlim] argv[0]:		./cvc4
[runlim] argv[1]:		--cbqi-all
[runlim] argv[2]:		/tmp/qe3C3qvf.smt2
[runlim] start:			Mon Jan 28 16:51:56 2019
[runlim] main pid:		24383
/tmp/qe3C3qvf.smt2:4.12: No set-logic command was given before this point.
/tmp/qe3C3qvf.smt2:4.12: CVC4 will make all theories available.
/tmp/qe3C3qvf.smt2:4.12: Consider setting a stricter logic for (likely) better performance.
/tmp/qe3C3qvf.smt2:4.12: To suppress this warning in the future use (set-logic ALL).
[runlim] sample:		9.1 time, 10.2 real, 87.8 MB
[runlim] sample:		18.4 time, 20.2 real, 108.7 MB
[runlim] sample:		28.0 time, 30.2 real, 109.2 MB
[runlim] sample:		37.5 time, 40.2 real, 201.2 MB
[runlim] sample:		46.9 time, 50.2 real, 393.1 MB
[runlim] sample:		55.8 time, 60.2 real, 532.7 MB
[runlim] sample:		64.1 time, 70.2 real, 652.0 MB
[runlim] sample:		73.3 time, 80.2 real, 790.2 MB
[runlim] sample:		81.6 time, 90.2 real, 897.5 MB
[runlim] sample:		90.1 time, 100.2 real, 1015.0 MB
[runlim] sample:		98.6 time, 110.2 real, 1112.9 MB
[runlim] sample:		107.1 time, 120.2 real, 1189.7 MB
[runlim] sample:		116.7 time, 130.2 real, 1289.1 MB
[runlim] sample:		126.3 time, 140.2 real, 1376.3 MB
[runlim] sample:		135.8 time, 150.2 real, 1476.8 MB
[runlim] sample:		144.2 time, 160.2 real, 1565.2 MB
[runlim] sample:		153.5 time, 170.2 real, 1624.9 MB
[runlim] sample:		163.3 time, 180.2 real, 1695.4 MB
[runlim] sample:		173.0 time, 190.2 real, 1772.4 MB
[runlim] sample:		182.7 time, 200.2 real, 1887.9 MB
[runlim] sample:		192.0 time, 210.2 real, 1940.1 MB
[runlim] sample:		200.0 time, 220.2 real, 2007.1 MB
[runlim] sample:		208.5 time, 230.2 real, 2059.3 MB
[runlim] sample:		216.5 time, 240.2 real, 2154.9 MB
[runlim] sample:		224.8 time, 250.2 real, 2180.2 MB
[runlim] sample:		234.4 time, 260.2 real, 2259.6 MB
[runlim] sample:		244.1 time, 270.2 real, 2292.3 MB
[runlim] sample:		254.0 time, 280.2 real, 2400.7 MB
[runlim] sample:		264.0 time, 290.2 real, 2416.4 MB
[runlim] sample:		274.0 time, 300.2 real, 2496.3 MB
[runlim] sample:		284.0 time, 310.2 real, 2526.4 MB
[runlim] sample:		294.0 time, 320.2 real, 2645.3 MB
CVC4 interrupted by SIGTERM.
[runlim] end:			Mon Jan 28 16:57:22 2019
[runlim] status:		out of time
[runlim] result:		2
[runlim] children:		0
[runlim] real:			326.49 seconds
[runlim] time:			300.17 seconds
[runlim] space:			2655.8 MB
[runlim] samples:		3262
