[runlim] version:		1.10fixed
[runlim] time limit:		300 seconds
[runlim] real time limit:	311040000 seconds
[runlim] space limit:		4000 MB
[runlim] argv[0]:		./cvc4
[runlim] argv[1]:		--cbqi-all
[runlim] argv[2]:		/tmp/3pc2PXBN.smt2
[runlim] start:			Mon Jan 28 16:51:34 2019
[runlim] main pid:		1359
/tmp/3pc2PXBN.smt2:4.12: No set-logic command was given before this point.
/tmp/3pc2PXBN.smt2:4.12: CVC4 will make all theories available.
/tmp/3pc2PXBN.smt2:4.12: Consider setting a stricter logic for (likely) better performance.
/tmp/3pc2PXBN.smt2:4.12: To suppress this warning in the future use (set-logic ALL).
[runlim] sample:		8.9 time, 10.6 real, 95.8 MB
[runlim] sample:		18.9 time, 20.6 real, 126.3 MB
[runlim] sample:		28.9 time, 30.6 real, 147.7 MB
[runlim] sample:		37.3 time, 40.6 real, 160.4 MB
[runlim] sample:		46.9 time, 50.6 real, 173.0 MB
[runlim] sample:		56.4 time, 60.6 real, 183.3 MB
[runlim] sample:		65.3 time, 70.6 real, 194.1 MB
[runlim] sample:		75.4 time, 80.6 real, 203.9 MB
[runlim] sample:		83.9 time, 90.6 real, 212.9 MB
[runlim] sample:		93.2 time, 100.6 real, 223.4 MB
[runlim] sample:		101.2 time, 110.6 real, 227.8 MB
[runlim] sample:		109.5 time, 120.6 real, 235.6 MB
[runlim] sample:		119.0 time, 130.6 real, 242.8 MB
[runlim] sample:		128.7 time, 140.6 real, 251.2 MB
[runlim] sample:		138.3 time, 150.6 real, 257.1 MB
[runlim] sample:		148.3 time, 160.6 real, 266.7 MB
[runlim] sample:		158.3 time, 170.6 real, 270.5 MB
[runlim] sample:		168.3 time, 180.6 real, 275.4 MB
[runlim] sample:		178.3 time, 190.6 real, 282.1 MB
[runlim] sample:		188.2 time, 200.6 real, 286.8 MB
[runlim] sample:		198.3 time, 210.6 real, 290.9 MB
[runlim] sample:		208.2 time, 220.6 real, 295.3 MB
[runlim] sample:		218.2 time, 230.6 real, 299.4 MB
[runlim] sample:		228.2 time, 240.6 real, 303.8 MB
[runlim] sample:		238.2 time, 250.6 real, 308.1 MB
[runlim] sample:		247.7 time, 260.6 real, 312.5 MB
[runlim] sample:		257.4 time, 270.6 real, 316.6 MB
[runlim] sample:		266.9 time, 280.6 real, 319.2 MB
[runlim] sample:		276.9 time, 290.6 real, 324.9 MB
[runlim] sample:		286.9 time, 300.6 real, 328.2 MB
[runlim] sample:		295.7 time, 310.6 real, 331.3 MB
CVC4 interrupted by SIGTERM.
[runlim] end:			Mon Jan 28 16:56:49 2019
[runlim] status:		out of time
[runlim] result:		2
[runlim] children:		0
[runlim] real:			315.34 seconds
[runlim] time:			300.04 seconds
[runlim] space:			333.4 MB
[runlim] samples:		3147
