[runlim] version:		1.10fixed
[runlim] time limit:		300 seconds
[runlim] real time limit:	311040000 seconds
[runlim] space limit:		4000 MB
[runlim] argv[0]:		./cvc4
[runlim] argv[1]:		--cbqi-all
[runlim] argv[2]:		/tmp/odPR7rQU.smt2
[runlim] start:			Mon Jan 28 16:49:22 2019
[runlim] main pid:		24312
/tmp/odPR7rQU.smt2:4.12: No set-logic command was given before this point.
/tmp/odPR7rQU.smt2:4.12: CVC4 will make all theories available.
/tmp/odPR7rQU.smt2:4.12: Consider setting a stricter logic for (likely) better performance.
/tmp/odPR7rQU.smt2:4.12: To suppress this warning in the future use (set-logic ALL).
[runlim] sample:		9.2 time, 10.0 real, 96.7 MB
[runlim] sample:		18.5 time, 20.0 real, 126.2 MB
[runlim] sample:		28.2 time, 30.0 real, 147.9 MB
[runlim] sample:		38.1 time, 40.0 real, 162.1 MB
[runlim] sample:		47.4 time, 50.0 real, 175.0 MB
[runlim] sample:		57.1 time, 60.0 real, 186.8 MB
[runlim] sample:		67.0 time, 70.0 real, 198.4 MB
[runlim] sample:		76.6 time, 80.0 real, 207.1 MB
[runlim] sample:		86.2 time, 90.0 real, 216.9 MB
[runlim] sample:		95.9 time, 100.0 real, 225.8 MB
[runlim] sample:		105.6 time, 110.0 real, 234.5 MB
[runlim] sample:		115.6 time, 120.0 real, 242.7 MB
[runlim] sample:		125.6 time, 130.0 real, 251.0 MB
[runlim] sample:		135.6 time, 140.0 real, 257.0 MB
[runlim] sample:		145.6 time, 150.0 real, 266.2 MB
[runlim] sample:		155.6 time, 160.0 real, 271.4 MB
[runlim] sample:		165.0 time, 170.0 real, 276.8 MB
[runlim] sample:		174.3 time, 180.0 real, 281.9 MB
[runlim] sample:		184.3 time, 190.0 real, 287.5 MB
[runlim] sample:		193.3 time, 200.0 real, 291.3 MB
[runlim] sample:		202.3 time, 210.0 real, 296.0 MB
[runlim] sample:		211.3 time, 220.0 real, 300.3 MB
[runlim] sample:		220.0 time, 230.0 real, 304.5 MB
[runlim] sample:		229.0 time, 240.0 real, 307.0 MB
[runlim] sample:		237.6 time, 250.0 real, 311.1 MB
[runlim] sample:		245.8 time, 260.1 real, 314.0 MB
[runlim] sample:		255.0 time, 270.0 real, 318.4 MB
[runlim] sample:		263.8 time, 280.0 real, 321.4 MB
[runlim] sample:		272.0 time, 290.0 real, 326.1 MB
[runlim] sample:		281.2 time, 300.0 real, 328.1 MB
[runlim] sample:		289.6 time, 310.0 real, 332.0 MB
[runlim] sample:		298.9 time, 320.0 real, 334.6 MB
CVC4 interrupted by SIGTERM.
[runlim] end:			Mon Jan 28 16:54:43 2019
[runlim] status:		out of time
[runlim] result:		2
[runlim] children:		0
[runlim] real:			321.25 seconds
[runlim] time:			300.08 seconds
[runlim] space:			334.6 MB
[runlim] samples:		3212
