[runlim] version:		1.10fixed
[runlim] time limit:		300 seconds
[runlim] real time limit:	311040000 seconds
[runlim] space limit:		4000 MB
[runlim] argv[0]:		./cvc4
[runlim] argv[1]:		--cbqi-all
[runlim] argv[2]:		/tmp/uoUDL7e2.smt2
[runlim] start:			Mon Jan 28 16:50:57 2019
[runlim] main pid:		6923
/tmp/uoUDL7e2.smt2:4.12: No set-logic command was given before this point.
/tmp/uoUDL7e2.smt2:4.12: CVC4 will make all theories available.
/tmp/uoUDL7e2.smt2:4.12: Consider setting a stricter logic for (likely) better performance.
/tmp/uoUDL7e2.smt2:4.12: To suppress this warning in the future use (set-logic ALL).
[runlim] sample:		9.0 time, 10.5 real, 85.4 MB
[runlim] sample:		17.6 time, 20.5 real, 104.6 MB
[runlim] sample:		25.9 time, 30.5 real, 118.6 MB
[runlim] sample:		34.3 time, 40.5 real, 132.8 MB
[runlim] sample:		42.7 time, 50.5 real, 144.1 MB
[runlim] sample:		51.1 time, 60.5 real, 151.7 MB
[runlim] sample:		59.5 time, 70.5 real, 158.7 MB
[runlim] sample:		68.6 time, 80.5 real, 165.4 MB
[runlim] sample:		78.6 time, 90.5 real, 173.6 MB
[runlim] sample:		88.6 time, 100.5 real, 180.3 MB
[runlim] sample:		98.6 time, 110.5 real, 187.3 MB
[runlim] sample:		108.6 time, 120.5 real, 192.1 MB
[runlim] sample:		118.6 time, 130.5 real, 198.8 MB
[runlim] sample:		128.6 time, 140.5 real, 203.5 MB
[runlim] sample:		138.6 time, 150.5 real, 211.8 MB
[runlim] sample:		148.6 time, 160.5 real, 213.6 MB
[runlim] sample:		158.6 time, 170.5 real, 218.3 MB
[runlim] sample:		168.6 time, 180.5 real, 225.7 MB
[runlim] sample:		178.6 time, 190.5 real, 228.0 MB
[runlim] sample:		188.6 time, 200.5 real, 234.5 MB
[runlim] sample:		198.6 time, 210.5 real, 239.4 MB
[runlim] sample:		208.6 time, 220.5 real, 244.5 MB
[runlim] sample:		218.6 time, 230.5 real, 248.1 MB
[runlim] sample:		228.6 time, 240.5 real, 251.5 MB
[runlim] sample:		238.6 time, 250.5 real, 254.5 MB
[runlim] sample:		248.6 time, 260.5 real, 259.7 MB
[runlim] sample:		258.6 time, 270.5 real, 263.0 MB
[runlim] sample:		268.6 time, 280.5 real, 266.1 MB
[runlim] sample:		278.6 time, 290.5 real, 269.5 MB
[runlim] sample:		288.6 time, 300.5 real, 273.1 MB
[runlim] end:			Mon Jan 28 16:56:07 2019
[runlim] status:		signal(9)
[runlim] result:		11
[runlim] children:		0
[runlim] real:			310.32 seconds
[runlim] time:			298.26 seconds
[runlim] space:			275.4 MB
[runlim] samples:		3097
