[runlim] version:		1.10fixed
[runlim] time limit:		300 seconds
[runlim] real time limit:	311040000 seconds
[runlim] space limit:		4000 MB
[runlim] argv[0]:		./cvc4
[runlim] argv[1]:		--cbqi-all
[runlim] argv[2]:		/tmp/q3qlP2bD.smt2
[runlim] start:			Mon Jan 28 16:49:04 2019
[runlim] main pid:		6742
/tmp/q3qlP2bD.smt2:4.12: No set-logic command was given before this point.
/tmp/q3qlP2bD.smt2:4.12: CVC4 will make all theories available.
/tmp/q3qlP2bD.smt2:4.12: Consider setting a stricter logic for (likely) better performance.
/tmp/q3qlP2bD.smt2:4.12: To suppress this warning in the future use (set-logic ALL).
[runlim] sample:		9.5 time, 10.7 real, 96.2 MB
[runlim] sample:		18.2 time, 20.7 real, 124.1 MB
[runlim] sample:		27.6 time, 30.7 real, 146.0 MB
[runlim] sample:		36.6 time, 40.7 real, 159.2 MB
[runlim] sample:		45.8 time, 50.7 real, 172.5 MB
[runlim] sample:		55.0 time, 60.7 real, 184.6 MB
[runlim] sample:		64.6 time, 70.7 real, 195.4 MB
[runlim] sample:		74.6 time, 80.7 real, 204.7 MB
[runlim] sample:		84.6 time, 90.7 real, 214.7 MB
[runlim] sample:		94.6 time, 100.7 real, 225.2 MB
[runlim] sample:		104.2 time, 110.7 real, 234.8 MB
[runlim] sample:		112.8 time, 120.7 real, 240.8 MB
[runlim] sample:		121.7 time, 130.7 real, 248.5 MB
[runlim] sample:		131.7 time, 140.7 real, 254.9 MB
[runlim] sample:		141.7 time, 150.7 real, 265.5 MB
[runlim] sample:		151.7 time, 160.7 real, 270.9 MB
[runlim] sample:		161.7 time, 170.7 real, 275.3 MB
[runlim] sample:		171.7 time, 180.7 real, 282.7 MB
[runlim] sample:		181.7 time, 190.7 real, 287.4 MB
[runlim] sample:		191.2 time, 200.7 real, 291.7 MB
[runlim] sample:		199.8 time, 210.7 real, 295.9 MB
[runlim] sample:		209.8 time, 220.7 real, 300.2 MB
[runlim] sample:		219.8 time, 230.7 real, 304.6 MB
[runlim] sample:		229.7 time, 240.7 real, 309.0 MB
[runlim] sample:		239.0 time, 250.7 real, 313.1 MB
[runlim] sample:		248.6 time, 260.7 real, 316.2 MB
[runlim] sample:		258.6 time, 270.7 real, 320.3 MB
[runlim] sample:		268.6 time, 280.7 real, 325.7 MB
[runlim] sample:		278.2 time, 290.7 real, 330.1 MB
[runlim] sample:		288.2 time, 300.7 real, 332.1 MB
[runlim] sample:		297.9 time, 310.7 real, 337.1 MB
CVC4 interrupted by SIGTERM.
[runlim] end:			Mon Jan 28 16:54:16 2019
[runlim] status:		out of time
[runlim] result:		2
[runlim] children:		0
[runlim] real:			312.97 seconds
[runlim] time:			300.09 seconds
[runlim] space:			337.1 MB
[runlim] samples:		3122
