[runlim] version:		1.10fixed
[runlim] time limit:		300 seconds
[runlim] real time limit:	311040000 seconds
[runlim] space limit:		4000 MB
[runlim] argv[0]:		./cvc4
[runlim] argv[1]:		--cbqi-all
[runlim] argv[2]:		/tmp/H8cOCtaM.smt2
[runlim] start:			Mon Jan 28 16:52:07 2019
[runlim] main pid:		32733
/tmp/H8cOCtaM.smt2:4.12: No set-logic command was given before this point.
/tmp/H8cOCtaM.smt2:4.12: CVC4 will make all theories available.
/tmp/H8cOCtaM.smt2:4.12: Consider setting a stricter logic for (likely) better performance.
/tmp/H8cOCtaM.smt2:4.12: To suppress this warning in the future use (set-logic ALL).
[runlim] sample:		9.1 time, 10.2 real, 96.0 MB
[runlim] sample:		18.9 time, 20.2 real, 126.2 MB
[runlim] sample:		28.3 time, 30.2 real, 147.6 MB
[runlim] sample:		37.0 time, 40.2 real, 161.0 MB
[runlim] sample:		45.9 time, 50.2 real, 172.1 MB
[runlim] sample:		54.6 time, 60.2 real, 182.4 MB
[runlim] sample:		63.3 time, 70.2 real, 191.9 MB
[runlim] sample:		73.1 time, 80.2 real, 203.0 MB
[runlim] sample:		83.1 time, 90.2 real, 213.3 MB
[runlim] sample:		93.1 time, 100.2 real, 223.3 MB
[runlim] sample:		103.1 time, 110.2 real, 229.8 MB
[runlim] sample:		113.1 time, 120.2 real, 239.9 MB
[runlim] sample:		123.1 time, 130.2 real, 248.0 MB
[runlim] sample:		133.1 time, 140.2 real, 255.0 MB
[runlim] sample:		143.1 time, 150.2 real, 262.2 MB
[runlim] sample:		153.1 time, 160.2 real, 268.4 MB
[runlim] sample:		163.1 time, 170.2 real, 274.8 MB
[runlim] sample:		173.1 time, 180.2 real, 280.0 MB
[runlim] sample:		183.1 time, 190.2 real, 284.8 MB
[runlim] sample:		193.1 time, 200.2 real, 290.3 MB
[runlim] sample:		203.1 time, 210.2 real, 295.1 MB
[runlim] sample:		213.1 time, 220.2 real, 299.3 MB
[runlim] sample:		223.1 time, 230.2 real, 303.6 MB
[runlim] sample:		233.1 time, 240.2 real, 308.0 MB
[runlim] sample:		243.1 time, 250.2 real, 312.4 MB
[runlim] sample:		253.1 time, 260.2 real, 316.5 MB
[runlim] sample:		263.1 time, 270.2 real, 319.1 MB
[runlim] sample:		273.1 time, 280.2 real, 324.8 MB
[runlim] sample:		283.1 time, 290.2 real, 329.1 MB
[runlim] sample:		293.1 time, 300.2 real, 331.2 MB
CVC4 interrupted by SIGTERM.
[runlim] end:			Mon Jan 28 16:57:14 2019
[runlim] status:		out of time
[runlim] result:		2
[runlim] children:		0
[runlim] real:			307.24 seconds
[runlim] time:			300.06 seconds
[runlim] space:			333.5 MB
[runlim] samples:		3070
