[runlim] version:		1.10fixed
[runlim] time limit:		300 seconds
[runlim] real time limit:	311040000 seconds
[runlim] space limit:		4000 MB
[runlim] argv[0]:		./cvc4
[runlim] argv[1]:		--cbqi-all
[runlim] argv[2]:		/tmp/iY6DSm09.smt2
[runlim] start:			Tue Jan 29 14:22:27 2019
[runlim] main pid:		8982
/tmp/iY6DSm09.smt2:4.12: No set-logic command was given before this point.
/tmp/iY6DSm09.smt2:4.12: CVC4 will make all theories available.
/tmp/iY6DSm09.smt2:4.12: Consider setting a stricter logic for (likely) better performance.
/tmp/iY6DSm09.smt2:4.12: To suppress this warning in the future use (set-logic ALL).
[runlim] sample:		8.4 time, 10.5 real, 221.9 MB
[runlim] sample:		18.4 time, 20.5 real, 394.3 MB
[runlim] sample:		28.4 time, 30.5 real, 569.1 MB
[runlim] sample:		38.4 time, 40.5 real, 712.3 MB
[runlim] sample:		48.4 time, 50.5 real, 834.9 MB
[runlim] sample:		58.4 time, 60.5 real, 943.0 MB
[runlim] sample:		68.4 time, 70.5 real, 1042.2 MB
[runlim] sample:		78.4 time, 80.5 real, 1174.7 MB
[runlim] sample:		88.4 time, 90.5 real, 1249.2 MB
[runlim] sample:		98.4 time, 100.5 real, 1356.3 MB
[runlim] sample:		108.4 time, 110.5 real, 1411.0 MB
[runlim] sample:		118.4 time, 120.5 real, 1561.2 MB
[runlim] sample:		128.4 time, 130.5 real, 1572.3 MB
[runlim] sample:		137.5 time, 140.5 real, 1661.6 MB
[runlim] sample:		147.5 time, 150.5 real, 1756.6 MB
[runlim] sample:		157.3 time, 160.5 real, 1785.4 MB
[runlim] sample:		166.7 time, 170.5 real, 1878.1 MB
[runlim] sample:		176.7 time, 180.5 real, 1994.3 MB
[runlim] sample:		186.7 time, 190.5 real, 2007.0 MB
[runlim] sample:		196.7 time, 200.5 real, 2116.2 MB
[runlim] sample:		206.7 time, 210.5 real, 2217.4 MB
[runlim] sample:		216.7 time, 220.5 real, 2248.9 MB
[runlim] sample:		226.7 time, 230.5 real, 2264.3 MB
[runlim] sample:		236.7 time, 240.5 real, 2350.3 MB
[runlim] sample:		246.7 time, 250.5 real, 2450.0 MB
[runlim] sample:		256.7 time, 260.5 real, 2474.5 MB
[runlim] sample:		266.7 time, 270.5 real, 2474.8 MB
[runlim] sample:		276.6 time, 280.5 real, 2579.6 MB
[runlim] sample:		286.6 time, 290.5 real, 2664.9 MB
[runlim] sample:		296.6 time, 300.5 real, 2711.6 MB
CVC4 interrupted by SIGTERM.
[runlim] end:			Tue Jan 29 14:27:31 2019
[runlim] status:		out of time
[runlim] result:		2
[runlim] children:		0
[runlim] real:			304.09 seconds
[runlim] time:			300.14 seconds
[runlim] space:			2720.0 MB
[runlim] samples:		3035
