[runlim] version:		1.10fixed
[runlim] time limit:		300 seconds
[runlim] real time limit:	311040000 seconds
[runlim] space limit:		4000 MB
[runlim] argv[0]:		./cvc4
[runlim] argv[1]:		--cbqi-all
[runlim] argv[2]:		/tmp/wDDRlsDs.smt2
[runlim] start:			Tue Jan 29 14:20:05 2019
[runlim] main pid:		8744
/tmp/wDDRlsDs.smt2:4.12: No set-logic command was given before this point.
/tmp/wDDRlsDs.smt2:4.12: CVC4 will make all theories available.
/tmp/wDDRlsDs.smt2:4.12: Consider setting a stricter logic for (likely) better performance.
/tmp/wDDRlsDs.smt2:4.12: To suppress this warning in the future use (set-logic ALL).
[runlim] sample:		9.3 time, 10.1 real, 246.8 MB
[runlim] sample:		19.1 time, 20.1 real, 417.2 MB
[runlim] sample:		29.1 time, 30.1 real, 566.1 MB
[runlim] sample:		39.1 time, 40.1 real, 689.0 MB
[runlim] sample:		49.1 time, 50.1 real, 814.5 MB
[runlim] sample:		59.1 time, 60.1 real, 947.2 MB
[runlim] sample:		68.2 time, 70.1 real, 1041.8 MB
[runlim] sample:		77.4 time, 80.1 real, 1161.4 MB
[runlim] sample:		86.5 time, 90.1 real, 1231.4 MB
[runlim] sample:		96.1 time, 100.1 real, 1329.5 MB
[runlim] sample:		105.8 time, 110.1 real, 1394.2 MB
[runlim] sample:		115.7 time, 120.1 real, 1496.5 MB
[runlim] sample:		125.4 time, 130.1 real, 1555.0 MB
[runlim] sample:		135.1 time, 140.1 real, 1628.2 MB
[runlim] sample:		144.7 time, 150.1 real, 1702.6 MB
[runlim] sample:		154.4 time, 160.1 real, 1778.3 MB
[runlim] sample:		164.1 time, 170.1 real, 1876.2 MB
[runlim] sample:		174.1 time, 180.1 real, 1925.5 MB
[runlim] sample:		184.1 time, 190.1 real, 2008.9 MB
[runlim] sample:		193.8 time, 200.1 real, 2102.2 MB
[runlim] sample:		203.8 time, 210.1 real, 2137.0 MB
[runlim] sample:		213.5 time, 220.1 real, 2216.1 MB
[runlim] sample:		223.1 time, 230.1 real, 2242.4 MB
[runlim] sample:		232.9 time, 240.1 real, 2333.8 MB
[runlim] sample:		242.9 time, 250.1 real, 2347.4 MB
[runlim] sample:		252.4 time, 260.1 real, 2429.6 MB
[runlim] sample:		262.4 time, 270.1 real, 2463.1 MB
[runlim] sample:		272.4 time, 280.1 real, 2551.9 MB
[runlim] sample:		282.4 time, 290.1 real, 2566.6 MB
[runlim] sample:		292.2 time, 300.1 real, 2636.8 MB
CVC4 interrupted by SIGTERM.
[runlim] end:			Tue Jan 29 14:25:13 2019
[runlim] status:		out of time
[runlim] result:		2
[runlim] children:		0
[runlim] real:			308.05 seconds
[runlim] time:			300.13 seconds
[runlim] space:			2663.3 MB
[runlim] samples:		3079
