[runlim] version:		1.10fixed
[runlim] time limit:		300 seconds
[runlim] real time limit:	311040000 seconds
[runlim] space limit:		4000 MB
[runlim] argv[0]:		./cvc4
[runlim] argv[1]:		--cbqi-all
[runlim] argv[2]:		/tmp/Ko4IMZgo.smt2
[runlim] start:			Tue Jan 29 14:21:45 2019
[runlim] main pid:		13630
/tmp/Ko4IMZgo.smt2:4.12: No set-logic command was given before this point.
/tmp/Ko4IMZgo.smt2:4.12: CVC4 will make all theories available.
/tmp/Ko4IMZgo.smt2:4.12: Consider setting a stricter logic for (likely) better performance.
/tmp/Ko4IMZgo.smt2:4.12: To suppress this warning in the future use (set-logic ALL).
[runlim] sample:		8.8 time, 10.5 real, 218.5 MB
[runlim] sample:		18.1 time, 20.5 real, 381.2 MB
[runlim] sample:		26.0 time, 30.5 real, 527.7 MB
[runlim] sample:		35.5 time, 40.5 real, 656.3 MB
[runlim] sample:		45.4 time, 50.5 real, 789.0 MB
[runlim] sample:		54.7 time, 60.5 real, 895.3 MB
[runlim] sample:		64.4 time, 70.5 real, 1028.6 MB
[runlim] sample:		73.1 time, 80.5 real, 1105.4 MB
[runlim] sample:		81.5 time, 90.5 real, 1187.5 MB
[runlim] sample:		91.5 time, 100.5 real, 1285.7 MB
[runlim] sample:		101.5 time, 110.5 real, 1357.4 MB
[runlim] sample:		111.5 time, 120.5 real, 1475.9 MB
[runlim] sample:		121.5 time, 130.5 real, 1562.7 MB
[runlim] sample:		131.2 time, 140.5 real, 1646.7 MB
[runlim] sample:		141.0 time, 150.5 real, 1735.3 MB
[runlim] sample:		151.0 time, 160.5 real, 1751.0 MB
[runlim] sample:		161.0 time, 170.5 real, 1868.2 MB
[runlim] sample:		171.0 time, 180.5 real, 1980.1 MB
[runlim] sample:		181.0 time, 190.5 real, 1992.5 MB
[runlim] sample:		190.9 time, 200.5 real, 2102.2 MB
[runlim] sample:		199.3 time, 210.5 real, 2191.6 MB
[runlim] sample:		208.8 time, 220.5 real, 2227.2 MB
[runlim] sample:		218.8 time, 230.5 real, 2274.6 MB
[runlim] sample:		228.8 time, 240.5 real, 2330.2 MB
[runlim] sample:		238.8 time, 250.5 real, 2431.3 MB
[runlim] sample:		248.5 time, 260.5 real, 2451.6 MB
[runlim] sample:		256.1 time, 270.5 real, 2451.9 MB
[runlim] sample:		264.6 time, 280.5 real, 2556.0 MB
[runlim] sample:		274.0 time, 290.5 real, 2584.8 MB
[runlim] sample:		283.6 time, 300.5 real, 2676.9 MB
[runlim] sample:		292.7 time, 310.5 real, 2693.7 MB
CVC4 interrupted by SIGTERM.
[runlim] end:			Tue Jan 29 14:27:03 2019
[runlim] status:		out of time
[runlim] result:		2
[runlim] children:		0
[runlim] real:			318.68 seconds
[runlim] time:			300.13 seconds
[runlim] space:			2693.7 MB
[runlim] samples:		3181
