[runlim] version:		1.10fixed
[runlim] time limit:		300 seconds
[runlim] real time limit:	311040000 seconds
[runlim] space limit:		4000 MB
[runlim] argv[0]:		./cvc4
[runlim] argv[1]:		--cbqi-all
[runlim] argv[2]:		/tmp/zDahP3pa.smt2
[runlim] start:			Mon Jan 28 16:46:53 2019
[runlim] main pid:		9781
/tmp/zDahP3pa.smt2:4.12: No set-logic command was given before this point.
/tmp/zDahP3pa.smt2:4.12: CVC4 will make all theories available.
/tmp/zDahP3pa.smt2:4.12: Consider setting a stricter logic for (likely) better performance.
/tmp/zDahP3pa.smt2:4.12: To suppress this warning in the future use (set-logic ALL).
[runlim] sample:		8.8 time, 10.8 real, 233.5 MB
[runlim] sample:		18.1 time, 20.8 real, 411.4 MB
[runlim] sample:		27.1 time, 30.8 real, 541.2 MB
[runlim] sample:		36.5 time, 40.8 real, 670.8 MB
[runlim] sample:		46.5 time, 50.8 real, 801.4 MB
[runlim] sample:		56.5 time, 60.8 real, 909.4 MB
[runlim] sample:		66.1 time, 70.8 real, 1035.7 MB
[runlim] sample:		75.8 time, 80.8 real, 1139.3 MB
[runlim] sample:		85.8 time, 90.8 real, 1231.2 MB
[runlim] sample:		95.8 time, 100.8 real, 1332.0 MB
[runlim] sample:		105.8 time, 110.8 real, 1408.5 MB
[runlim] sample:		115.8 time, 120.8 real, 1509.0 MB
[runlim] sample:		125.8 time, 130.8 real, 1586.4 MB
[runlim] sample:		135.8 time, 140.8 real, 1670.9 MB
[runlim] sample:		145.8 time, 150.8 real, 1701.3 MB
[runlim] sample:		155.8 time, 160.8 real, 1800.4 MB
[runlim] sample:		165.8 time, 170.8 real, 1895.2 MB
[runlim] sample:		175.8 time, 180.8 real, 1953.0 MB
[runlim] sample:		185.6 time, 190.8 real, 2023.6 MB
[runlim] sample:		194.1 time, 200.8 real, 2120.9 MB
[runlim] sample:		203.7 time, 210.8 real, 2134.3 MB
[runlim] sample:		213.3 time, 220.8 real, 2223.7 MB
[runlim] sample:		223.0 time, 230.8 real, 2307.7 MB
[runlim] sample:		232.8 time, 240.8 real, 2344.6 MB
[runlim] sample:		242.8 time, 250.8 real, 2363.4 MB
[runlim] sample:		252.8 time, 260.8 real, 2437.8 MB
[runlim] sample:		262.8 time, 270.8 real, 2519.5 MB
[runlim] sample:		272.8 time, 280.8 real, 2556.1 MB
[runlim] sample:		282.8 time, 290.8 real, 2556.4 MB
[runlim] sample:		292.8 time, 300.8 real, 2657.1 MB
CVC4 interrupted by SIGTERM.
[runlim] end:			Mon Jan 28 16:52:01 2019
[runlim] status:		out of time
[runlim] result:		2
[runlim] children:		0
[runlim] real:			308.15 seconds
[runlim] time:			300.13 seconds
[runlim] space:			2674.4 MB
[runlim] samples:		3073
