[runlim] version:		1.10fixed
[runlim] time limit:		300 seconds
[runlim] real time limit:	311040000 seconds
[runlim] space limit:		4000 MB
[runlim] argv[0]:		./cvc4
[runlim] argv[1]:		--cbqi-all
[runlim] argv[2]:		/tmp/2rdvM9IG.smt2
[runlim] start:			Tue Jan 29 14:18:16 2019
[runlim] main pid:		720
/tmp/2rdvM9IG.smt2:4.12: No set-logic command was given before this point.
/tmp/2rdvM9IG.smt2:4.12: CVC4 will make all theories available.
/tmp/2rdvM9IG.smt2:4.12: Consider setting a stricter logic for (likely) better performance.
/tmp/2rdvM9IG.smt2:4.12: To suppress this warning in the future use (set-logic ALL).
[runlim] sample:		9.8 time, 10.2 real, 251.2 MB
[runlim] sample:		19.5 time, 20.2 real, 441.0 MB
[runlim] sample:		29.2 time, 30.2 real, 573.2 MB
[runlim] sample:		38.9 time, 40.2 real, 703.8 MB
[runlim] sample:		48.5 time, 50.2 real, 869.8 MB
[runlim] sample:		58.5 time, 60.2 real, 1002.5 MB
[runlim] sample:		68.5 time, 70.2 real, 1095.2 MB
[runlim] sample:		76.8 time, 80.2 real, 1202.2 MB
[runlim] sample:		85.8 time, 90.2 real, 1254.5 MB
[runlim] sample:		95.1 time, 100.2 real, 1370.8 MB
[runlim] sample:		105.1 time, 110.2 real, 1399.9 MB
[runlim] sample:		115.1 time, 120.2 real, 1532.4 MB
[runlim] sample:		125.1 time, 130.2 real, 1640.5 MB
[runlim] sample:		135.1 time, 140.2 real, 1755.4 MB
[runlim] sample:		145.1 time, 150.2 real, 1843.5 MB
[runlim] sample:		155.1 time, 160.2 real, 1875.2 MB
[runlim] sample:		165.1 time, 170.2 real, 1955.8 MB
[runlim] sample:		174.0 time, 180.2 real, 2055.6 MB
[runlim] sample:		183.2 time, 190.2 real, 2100.2 MB
[runlim] sample:		191.7 time, 200.2 real, 2109.2 MB
[runlim] sample:		199.7 time, 210.2 real, 2195.8 MB
[runlim] sample:		208.3 time, 220.2 real, 2232.9 MB
[runlim] sample:		218.3 time, 230.2 real, 2348.0 MB
[runlim] sample:		228.3 time, 240.2 real, 2361.7 MB
[runlim] sample:		237.1 time, 250.2 real, 2412.5 MB
[runlim] sample:		246.9 time, 260.2 real, 2475.8 MB
[runlim] sample:		256.4 time, 270.2 real, 2575.8 MB
[runlim] sample:		264.8 time, 280.2 real, 2612.4 MB
[runlim] sample:		273.7 time, 290.2 real, 2626.0 MB
[runlim] sample:		283.7 time, 300.2 real, 2687.4 MB
[runlim] sample:		293.7 time, 310.2 real, 2747.1 MB
CVC4 interrupted by SIGTERM.
[runlim] end:			Tue Jan 29 14:23:32 2019
[runlim] status:		out of time
[runlim] result:		2
[runlim] children:		0
[runlim] real:			316.71 seconds
[runlim] time:			300.18 seconds
[runlim] space:			2780.4 MB
[runlim] samples:		3165
