[runlim] version:		1.10fixed
[runlim] time limit:		300 seconds
[runlim] real time limit:	311040000 seconds
[runlim] space limit:		4000 MB
[runlim] argv[0]:		./cvc4
[runlim] argv[1]:		--cbqi-all
[runlim] argv[2]:		/tmp/JQwf5tZw.smt2
[runlim] start:			Mon Jan 28 16:50:54 2019
[runlim] main pid:		21552
/tmp/JQwf5tZw.smt2:4.12: No set-logic command was given before this point.
/tmp/JQwf5tZw.smt2:4.12: CVC4 will make all theories available.
/tmp/JQwf5tZw.smt2:4.12: Consider setting a stricter logic for (likely) better performance.
/tmp/JQwf5tZw.smt2:4.12: To suppress this warning in the future use (set-logic ALL).
[runlim] sample:		9.2 time, 10.7 real, 241.6 MB
[runlim] sample:		19.1 time, 20.7 real, 422.5 MB
[runlim] sample:		29.1 time, 30.7 real, 567.3 MB
[runlim] sample:		39.1 time, 40.7 real, 689.4 MB
[runlim] sample:		49.1 time, 50.7 real, 821.4 MB
[runlim] sample:		59.1 time, 60.7 real, 920.0 MB
[runlim] sample:		69.1 time, 70.7 real, 1043.9 MB
[runlim] sample:		79.1 time, 80.7 real, 1131.0 MB
[runlim] sample:		89.1 time, 90.7 real, 1218.3 MB
[runlim] sample:		99.1 time, 100.7 real, 1301.1 MB
[runlim] sample:		109.1 time, 110.7 real, 1395.7 MB
[runlim] sample:		119.1 time, 120.7 real, 1471.0 MB
[runlim] sample:		129.1 time, 130.7 real, 1580.7 MB
[runlim] sample:		139.1 time, 140.7 real, 1590.2 MB
[runlim] sample:		148.9 time, 150.7 real, 1667.3 MB
[runlim] sample:		158.6 time, 160.7 real, 1749.9 MB
[runlim] sample:		168.2 time, 170.7 real, 1832.5 MB
[runlim] sample:		177.9 time, 180.7 real, 1917.7 MB
[runlim] sample:		187.5 time, 190.7 real, 1960.2 MB
[runlim] sample:		196.3 time, 200.7 real, 2041.2 MB
[runlim] sample:		205.2 time, 210.7 real, 2071.0 MB
[runlim] sample:		215.2 time, 220.7 real, 2146.2 MB
[runlim] sample:		225.2 time, 230.7 real, 2156.8 MB
[runlim] sample:		235.2 time, 240.7 real, 2244.6 MB
[runlim] sample:		245.2 time, 250.7 real, 2318.8 MB
[runlim] sample:		255.2 time, 260.7 real, 2351.3 MB
[runlim] sample:		265.2 time, 270.7 real, 2409.1 MB
[runlim] sample:		275.1 time, 280.7 real, 2435.6 MB
[runlim] sample:		285.2 time, 290.7 real, 2531.9 MB
[runlim] sample:		295.2 time, 300.7 real, 2552.5 MB
CVC4 interrupted by SIGTERM.
[runlim] end:			Mon Jan 28 16:55:59 2019
[runlim] status:		out of time
[runlim] result:		2
[runlim] children:		0
[runlim] real:			305.71 seconds
[runlim] time:			300.15 seconds
[runlim] space:			2552.8 MB
[runlim] samples:		3050
