[runlim] version:		1.10fixed
[runlim] time limit:		300 seconds
[runlim] real time limit:	311040000 seconds
[runlim] space limit:		4000 MB
[runlim] argv[0]:		./cvc4
[runlim] argv[1]:		--cbqi-all
[runlim] argv[2]:		/tmp/F9iuLJIa.smt2
[runlim] start:			Mon Jan 28 16:51:14 2019
[runlim] main pid:		15625
/tmp/F9iuLJIa.smt2:4.12: No set-logic command was given before this point.
/tmp/F9iuLJIa.smt2:4.12: CVC4 will make all theories available.
/tmp/F9iuLJIa.smt2:4.12: Consider setting a stricter logic for (likely) better performance.
/tmp/F9iuLJIa.smt2:4.12: To suppress this warning in the future use (set-logic ALL).
[runlim] sample:		9.3 time, 10.9 real, 95.0 MB
[runlim] sample:		18.4 time, 20.9 real, 120.9 MB
[runlim] sample:		27.5 time, 30.9 real, 141.6 MB
[runlim] sample:		36.8 time, 40.9 real, 156.8 MB
[runlim] sample:		46.8 time, 50.9 real, 170.5 MB
[runlim] sample:		56.0 time, 60.9 real, 180.8 MB
[runlim] sample:		65.3 time, 70.9 real, 192.6 MB
[runlim] sample:		75.1 time, 80.9 real, 201.2 MB
[runlim] sample:		84.9 time, 90.9 real, 210.0 MB
[runlim] sample:		94.4 time, 100.9 real, 217.7 MB
[runlim] sample:		103.8 time, 110.9 real, 224.3 MB
[runlim] sample:		113.4 time, 120.9 real, 233.0 MB
[runlim] sample:		123.4 time, 130.9 real, 240.9 MB
[runlim] sample:		133.1 time, 140.9 real, 250.5 MB
[runlim] sample:		143.1 time, 150.9 real, 254.9 MB
[runlim] sample:		153.1 time, 160.9 real, 262.1 MB
[runlim] sample:		163.1 time, 170.9 real, 268.5 MB
[runlim] sample:		173.1 time, 180.9 real, 274.7 MB
[runlim] sample:		183.1 time, 190.9 real, 280.1 MB
[runlim] sample:		193.1 time, 200.9 real, 284.4 MB
[runlim] sample:		202.8 time, 210.9 real, 289.2 MB
[runlim] sample:		212.5 time, 220.9 real, 293.3 MB
[runlim] sample:		222.2 time, 230.9 real, 297.5 MB
[runlim] sample:		232.2 time, 240.9 real, 301.8 MB
[runlim] sample:		242.2 time, 250.9 real, 306.5 MB
[runlim] sample:		252.2 time, 260.9 real, 310.8 MB
[runlim] sample:		262.2 time, 270.9 real, 315.2 MB
[runlim] sample:		272.2 time, 280.9 real, 317.5 MB
[runlim] sample:		282.2 time, 290.9 real, 322.2 MB
[runlim] sample:		292.2 time, 300.9 real, 325.8 MB
CVC4 interrupted by SIGTERM.
[runlim] end:			Mon Jan 28 16:56:22 2019
[runlim] status:		out of time
[runlim] result:		2
[runlim] children:		0
[runlim] real:			308.82 seconds
[runlim] time:			300.06 seconds
[runlim] space:			329.6 MB
[runlim] samples:		3079
