[runlim] version:		1.10fixed
[runlim] time limit:		300 seconds
[runlim] real time limit:	311040000 seconds
[runlim] space limit:		4000 MB
[runlim] argv[0]:		./cvc4
[runlim] argv[1]:		--cbqi-all
[runlim] argv[2]:		/tmp/kPnEB52L.smt2
[runlim] start:			Mon Jan 28 16:46:08 2019
[runlim] main pid:		6762
/tmp/kPnEB52L.smt2:4.12: No set-logic command was given before this point.
/tmp/kPnEB52L.smt2:4.12: CVC4 will make all theories available.
/tmp/kPnEB52L.smt2:4.12: Consider setting a stricter logic for (likely) better performance.
/tmp/kPnEB52L.smt2:4.12: To suppress this warning in the future use (set-logic ALL).
[runlim] sample:		8.8 time, 10.4 real, 120.3 MB
[runlim] sample:		18.0 time, 20.4 real, 162.7 MB
[runlim] sample:		27.7 time, 30.4 real, 191.5 MB
[runlim] sample:		37.2 time, 40.4 real, 217.0 MB
[runlim] sample:		47.0 time, 50.4 real, 239.7 MB
[runlim] sample:		56.7 time, 60.4 real, 263.2 MB
[runlim] sample:		66.7 time, 70.4 real, 280.2 MB
[runlim] sample:		75.6 time, 80.4 real, 293.3 MB
[runlim] sample:		84.7 time, 90.4 real, 304.7 MB
[runlim] sample:		94.4 time, 100.4 real, 315.7 MB
[runlim] sample:		104.1 time, 110.4 real, 327.6 MB
[runlim] sample:		114.1 time, 120.4 real, 338.7 MB
[runlim] sample:		124.1 time, 130.4 real, 349.3 MB
[runlim] sample:		134.1 time, 140.4 real, 363.8 MB
[runlim] sample:		144.1 time, 150.4 real, 367.2 MB
[runlim] sample:		154.1 time, 160.4 real, 376.2 MB
[runlim] sample:		164.1 time, 170.4 real, 385.4 MB
[runlim] sample:		174.1 time, 180.4 real, 394.2 MB
[runlim] sample:		184.1 time, 190.4 real, 400.9 MB
[runlim] sample:		194.1 time, 200.4 real, 415.0 MB
[runlim] sample:		204.1 time, 210.4 real, 417.0 MB
[runlim] sample:		214.1 time, 220.4 real, 424.0 MB
[runlim] sample:		224.1 time, 230.4 real, 431.4 MB
[runlim] sample:		234.1 time, 240.4 real, 443.6 MB
[runlim] sample:		244.1 time, 250.4 real, 452.0 MB
[runlim] sample:		254.1 time, 260.4 real, 459.8 MB
[runlim] sample:		264.1 time, 270.4 real, 466.2 MB
[runlim] sample:		274.1 time, 280.4 real, 473.2 MB
[runlim] sample:		284.1 time, 290.4 real, 481.4 MB
[runlim] sample:		294.1 time, 300.4 real, 487.9 MB
CVC4 interrupted by SIGTERM.
[runlim] end:			Mon Jan 28 16:51:14 2019
[runlim] status:		out of time
[runlim] result:		2
[runlim] children:		0
[runlim] real:			306.62 seconds
[runlim] time:			300.02 seconds
[runlim] space:			491.5 MB
[runlim] samples:		3062
