[runlim] version:		1.10fixed
[runlim] time limit:		300 seconds
[runlim] real time limit:	311040000 seconds
[runlim] space limit:		4000 MB
[runlim] argv[0]:		./cvc4
[runlim] argv[1]:		--cbqi-all
[runlim] argv[2]:		/tmp/2atV7Hfz.smt2
[runlim] start:			Mon Jan 28 16:49:16 2019
[runlim] main pid:		21133
/tmp/2atV7Hfz.smt2:4.12: No set-logic command was given before this point.
/tmp/2atV7Hfz.smt2:4.12: CVC4 will make all theories available.
/tmp/2atV7Hfz.smt2:4.12: Consider setting a stricter logic for (likely) better performance.
/tmp/2atV7Hfz.smt2:4.12: To suppress this warning in the future use (set-logic ALL).
[runlim] sample:		8.6 time, 10.6 real, 94.1 MB
[runlim] sample:		18.2 time, 20.6 real, 125.9 MB
[runlim] sample:		28.2 time, 30.6 real, 148.2 MB
[runlim] sample:		38.2 time, 40.6 real, 163.4 MB
[runlim] sample:		48.2 time, 50.6 real, 176.6 MB
[runlim] sample:		58.2 time, 60.6 real, 188.9 MB
[runlim] sample:		68.2 time, 70.6 real, 199.4 MB
[runlim] sample:		78.2 time, 80.6 real, 209.7 MB
[runlim] sample:		88.2 time, 90.6 real, 218.9 MB
[runlim] sample:		98.2 time, 100.6 real, 227.0 MB
[runlim] sample:		108.2 time, 110.6 real, 237.2 MB
[runlim] sample:		118.2 time, 120.6 real, 247.3 MB
[runlim] sample:		128.2 time, 130.6 real, 254.3 MB
[runlim] sample:		138.2 time, 140.6 real, 258.9 MB
[runlim] sample:		148.2 time, 150.6 real, 268.2 MB
[runlim] sample:		158.2 time, 160.6 real, 273.1 MB
[runlim] sample:		168.2 time, 170.6 real, 279.8 MB
[runlim] sample:		178.2 time, 180.6 real, 284.4 MB
[runlim] sample:		188.2 time, 190.6 real, 289.6 MB
[runlim] sample:		198.2 time, 200.6 real, 294.5 MB
[runlim] sample:		208.2 time, 210.6 real, 299.6 MB
[runlim] sample:		217.9 time, 220.6 real, 304.0 MB
[runlim] sample:		227.8 time, 230.6 real, 309.1 MB
[runlim] sample:		236.1 time, 240.6 real, 311.5 MB
[runlim] sample:		244.6 time, 250.6 real, 315.6 MB
[runlim] sample:		252.4 time, 260.6 real, 317.6 MB
[runlim] sample:		260.6 time, 270.6 real, 322.0 MB
[runlim] sample:		269.4 time, 280.6 real, 325.1 MB
[runlim] sample:		277.9 time, 290.6 real, 329.2 MB
[runlim] sample:		287.0 time, 300.6 real, 331.8 MB
[runlim] sample:		296.9 time, 310.6 real, 335.9 MB
CVC4 interrupted by SIGTERM.
[runlim] end:			Mon Jan 28 16:54:29 2019
[runlim] status:		out of time
[runlim] result:		2
[runlim] children:		0
[runlim] real:			313.68 seconds
[runlim] time:			300.03 seconds
[runlim] space:			335.9 MB
[runlim] samples:		3131
