[runlim] version:		1.10fixed
[runlim] time limit:		300 seconds
[runlim] real time limit:	311040000 seconds
[runlim] space limit:		4000 MB
[runlim] argv[0]:		./cvc4
[runlim] argv[1]:		--cbqi-all
[runlim] argv[2]:		/tmp/MKcA67Rq.smt2
[runlim] start:			Mon Jan 28 16:51:33 2019
[runlim] main pid:		18849
/tmp/MKcA67Rq.smt2:4.12: No set-logic command was given before this point.
/tmp/MKcA67Rq.smt2:4.12: CVC4 will make all theories available.
/tmp/MKcA67Rq.smt2:4.12: Consider setting a stricter logic for (likely) better performance.
/tmp/MKcA67Rq.smt2:4.12: To suppress this warning in the future use (set-logic ALL).
[runlim] sample:		10.0 time, 10.1 real, 221.8 MB
[runlim] sample:		18.6 time, 20.1 real, 345.9 MB
[runlim] sample:		27.4 time, 30.1 real, 460.7 MB
[runlim] sample:		35.6 time, 40.1 real, 545.6 MB
[runlim] sample:		44.8 time, 50.1 real, 634.4 MB
[runlim] sample:		53.9 time, 60.1 real, 726.0 MB
[runlim] sample:		63.2 time, 70.1 real, 809.8 MB
[runlim] sample:		72.5 time, 80.1 real, 889.0 MB
[runlim] sample:		81.8 time, 90.1 real, 966.6 MB
[runlim] sample:		91.2 time, 100.1 real, 1045.0 MB
[runlim] sample:		100.5 time, 110.1 real, 1137.2 MB
[runlim] sample:		110.5 time, 120.1 real, 1195.7 MB
[runlim] sample:		118.9 time, 130.1 real, 1260.9 MB
[runlim] sample:		128.9 time, 140.1 real, 1316.8 MB
[runlim] sample:		138.9 time, 150.1 real, 1391.6 MB
[runlim] sample:		148.9 time, 160.1 real, 1444.2 MB
[runlim] sample:		158.8 time, 170.1 real, 1571.5 MB
[runlim] sample:		168.1 time, 180.1 real, 1556.6 MB
[runlim] sample:		177.7 time, 190.1 real, 1620.3 MB
[runlim] sample:		187.3 time, 200.1 real, 1682.6 MB
[runlim] sample:		197.2 time, 210.1 real, 1706.1 MB
[runlim] sample:		206.6 time, 220.1 real, 1768.9 MB
[runlim] sample:		216.1 time, 230.1 real, 1849.9 MB
[runlim] sample:		225.9 time, 240.1 real, 1871.8 MB
[runlim] sample:		235.9 time, 250.1 real, 1942.3 MB
[runlim] sample:		245.9 time, 260.1 real, 1965.3 MB
[runlim] sample:		255.2 time, 270.1 real, 2052.9 MB
[runlim] sample:		263.4 time, 280.1 real, 2067.9 MB
[runlim] sample:		272.5 time, 290.1 real, 2120.1 MB
[runlim] sample:		282.5 time, 300.1 real, 2143.8 MB
[runlim] sample:		292.5 time, 310.1 real, 2216.7 MB
[runlim] end:			Mon Jan 28 16:56:50 2019
[runlim] status:		signal(9)
[runlim] result:		11
[runlim] children:		0
[runlim] real:			317.15 seconds
[runlim] time:			299.53 seconds
[runlim] space:			2231.2 MB
[runlim] samples:		3170
