[runlim] version:		1.10fixed
[runlim] time limit:		300 seconds
[runlim] real time limit:	311040000 seconds
[runlim] space limit:		4000 MB
[runlim] argv[0]:		./cvc4
[runlim] argv[1]:		--cbqi-all
[runlim] argv[2]:		/tmp/TWC2tfoW.smt2
[runlim] start:			Mon Jan 28 16:49:55 2019
[runlim] main pid:		9832
/tmp/TWC2tfoW.smt2:4.12: No set-logic command was given before this point.
/tmp/TWC2tfoW.smt2:4.12: CVC4 will make all theories available.
/tmp/TWC2tfoW.smt2:4.12: Consider setting a stricter logic for (likely) better performance.
/tmp/TWC2tfoW.smt2:4.12: To suppress this warning in the future use (set-logic ALL).
[runlim] sample:		8.7 time, 10.4 real, 146.6 MB
[runlim] sample:		18.5 time, 20.4 real, 282.3 MB
[runlim] sample:		28.5 time, 30.4 real, 407.8 MB
[runlim] sample:		38.5 time, 40.4 real, 520.4 MB
[runlim] sample:		48.5 time, 50.4 real, 631.6 MB
[runlim] sample:		58.5 time, 60.4 real, 695.9 MB
[runlim] sample:		68.4 time, 70.4 real, 820.8 MB
[runlim] sample:		78.0 time, 80.4 real, 893.8 MB
[runlim] sample:		87.7 time, 90.4 real, 985.5 MB
[runlim] sample:		97.5 time, 100.4 real, 1068.4 MB
[runlim] sample:		107.5 time, 110.4 real, 1147.8 MB
[runlim] sample:		117.5 time, 120.4 real, 1209.4 MB
[runlim] sample:		126.8 time, 130.4 real, 1268.1 MB
[runlim] sample:		136.8 time, 140.4 real, 1320.1 MB
[runlim] sample:		146.8 time, 150.4 real, 1396.8 MB
[runlim] sample:		156.8 time, 160.4 real, 1480.3 MB
[runlim] sample:		166.8 time, 170.4 real, 1504.8 MB
[runlim] sample:		176.8 time, 180.4 real, 1593.6 MB
[runlim] sample:		186.8 time, 190.4 real, 1666.1 MB
[runlim] sample:		196.2 time, 200.4 real, 1693.1 MB
[runlim] sample:		205.5 time, 210.4 real, 1722.7 MB
[runlim] sample:		214.8 time, 220.4 real, 1787.9 MB
[runlim] sample:		224.2 time, 230.4 real, 1888.4 MB
[runlim] sample:		233.5 time, 240.4 real, 1911.2 MB
[runlim] sample:		243.0 time, 250.4 real, 1940.5 MB
[runlim] sample:		252.7 time, 260.4 real, 2049.2 MB
[runlim] sample:		262.1 time, 270.4 real, 2063.4 MB
[runlim] sample:		271.6 time, 280.4 real, 2155.3 MB
[runlim] sample:		281.1 time, 290.4 real, 2170.3 MB
[runlim] sample:		290.7 time, 300.4 real, 2218.8 MB
CVC4 interrupted by SIGTERM.
[runlim] end:			Mon Jan 28 16:55:04 2019
[runlim] status:		out of time
[runlim] result:		2
[runlim] children:		0
[runlim] real:			309.89 seconds
[runlim] time:			300.17 seconds
[runlim] space:			2265.1 MB
[runlim] samples:		3095
