[runlim] version:		1.10fixed
[runlim] time limit:		300 seconds
[runlim] real time limit:	311040000 seconds
[runlim] space limit:		4000 MB
[runlim] argv[0]:		./cvc4
[runlim] argv[1]:		--cbqi-all
[runlim] argv[2]:		/tmp/LGnGRZrl.smt2
[runlim] start:			Tue Jan 29 14:17:34 2019
[runlim] main pid:		10850
/tmp/LGnGRZrl.smt2:4.12: No set-logic command was given before this point.
/tmp/LGnGRZrl.smt2:4.12: CVC4 will make all theories available.
/tmp/LGnGRZrl.smt2:4.12: Consider setting a stricter logic for (likely) better performance.
/tmp/LGnGRZrl.smt2:4.12: To suppress this warning in the future use (set-logic ALL).
[runlim] sample:		7.7 time, 10.3 real, 98.1 MB
[runlim] sample:		16.3 time, 20.3 real, 133.5 MB
[runlim] sample:		25.4 time, 30.3 real, 157.5 MB
[runlim] sample:		33.7 time, 40.3 real, 173.5 MB
[runlim] sample:		42.3 time, 50.3 real, 188.7 MB
[runlim] sample:		52.3 time, 60.3 real, 203.2 MB
[runlim] sample:		61.9 time, 70.3 real, 220.1 MB
[runlim] sample:		70.7 time, 80.3 real, 230.2 MB
[runlim] sample:		80.6 time, 90.3 real, 244.7 MB
[runlim] sample:		90.6 time, 100.3 real, 255.6 MB
[runlim] sample:		100.6 time, 110.3 real, 267.9 MB
[runlim] sample:		110.6 time, 120.3 real, 276.7 MB
[runlim] sample:		120.6 time, 130.3 real, 284.7 MB
[runlim] sample:		130.6 time, 140.3 real, 292.1 MB
[runlim] sample:		140.6 time, 150.3 real, 299.3 MB
[runlim] sample:		150.6 time, 160.3 real, 305.5 MB
[runlim] sample:		160.6 time, 170.3 real, 313.8 MB
[runlim] sample:		170.6 time, 180.3 real, 320.2 MB
[runlim] sample:		180.6 time, 190.3 real, 326.6 MB
[runlim] sample:		190.6 time, 200.3 real, 333.3 MB
[runlim] sample:		200.6 time, 210.3 real, 338.7 MB
[runlim] sample:		210.6 time, 220.3 real, 343.8 MB
[runlim] sample:		220.6 time, 230.3 real, 348.7 MB
[runlim] sample:		230.6 time, 240.3 real, 354.4 MB
[runlim] sample:		240.6 time, 250.3 real, 359.0 MB
[runlim] sample:		250.6 time, 260.3 real, 362.6 MB
[runlim] sample:		260.6 time, 270.3 real, 368.5 MB
[runlim] sample:		270.6 time, 280.3 real, 372.9 MB
[runlim] sample:		280.6 time, 290.3 real, 378.1 MB
[runlim] sample:		290.6 time, 300.3 real, 381.7 MB
CVC4 interrupted by SIGTERM.
[runlim] end:			Tue Jan 29 14:22:43 2019
[runlim] status:		out of time
[runlim] result:		2
[runlim] children:		0
[runlim] real:			309.84 seconds
[runlim] time:			300.05 seconds
[runlim] space:			387.3 MB
[runlim] samples:		3095
