[runlim] version:		1.10fixed
[runlim] time limit:		300 seconds
[runlim] real time limit:	311040000 seconds
[runlim] space limit:		4000 MB
[runlim] argv[0]:		./cvc4
[runlim] argv[1]:		--cbqi-all
[runlim] argv[2]:		/tmp/ymBnDRMT.smt2
[runlim] start:			Mon Jan 28 16:46:02 2019
[runlim] main pid:		24147
/tmp/ymBnDRMT.smt2:4.12: No set-logic command was given before this point.
/tmp/ymBnDRMT.smt2:4.12: CVC4 will make all theories available.
/tmp/ymBnDRMT.smt2:4.12: Consider setting a stricter logic for (likely) better performance.
/tmp/ymBnDRMT.smt2:4.12: To suppress this warning in the future use (set-logic ALL).
[runlim] sample:		9.4 time, 10.2 real, 197.1 MB
[runlim] sample:		18.8 time, 20.2 real, 293.3 MB
[runlim] sample:		28.7 time, 30.2 real, 426.6 MB
[runlim] sample:		38.7 time, 40.2 real, 536.4 MB
[runlim] sample:		48.5 time, 50.2 real, 628.0 MB
[runlim] sample:		58.5 time, 60.2 real, 663.5 MB
[runlim] sample:		68.5 time, 70.2 real, 798.2 MB
[runlim] sample:		78.5 time, 80.2 real, 808.3 MB
[runlim] sample:		88.5 time, 90.2 real, 954.8 MB
[runlim] sample:		98.5 time, 100.2 real, 962.5 MB
[runlim] sample:		108.3 time, 110.2 real, 1083.1 MB
[runlim] sample:		117.7 time, 120.2 real, 1126.9 MB
[runlim] sample:		126.9 time, 130.2 real, 1126.9 MB
[runlim] sample:		136.2 time, 140.2 real, 1201.4 MB
[runlim] sample:		145.7 time, 150.2 real, 1289.7 MB
[runlim] sample:		155.7 time, 160.2 real, 1297.7 MB
[runlim] sample:		165.7 time, 170.2 real, 1298.5 MB
[runlim] sample:		175.7 time, 180.2 real, 1449.0 MB
[runlim] sample:		185.7 time, 190.2 real, 1486.8 MB
[runlim] sample:		195.7 time, 200.2 real, 1486.8 MB
[runlim] sample:		205.5 time, 210.2 real, 1487.6 MB
[runlim] sample:		215.5 time, 220.2 real, 1578.5 MB
[runlim] sample:		225.5 time, 230.2 real, 1666.9 MB
[runlim] sample:		235.0 time, 240.2 real, 1697.6 MB
[runlim] sample:		244.6 time, 250.2 real, 1697.6 MB
[runlim] sample:		254.6 time, 260.2 real, 1701.9 MB
[runlim] sample:		264.1 time, 270.2 real, 1787.5 MB
[runlim] sample:		273.9 time, 280.2 real, 1891.6 MB
[runlim] sample:		283.1 time, 290.2 real, 1935.8 MB
[runlim] sample:		292.7 time, 300.2 real, 1944.5 MB
CVC4 interrupted by SIGTERM.
[runlim] end:			Mon Jan 28 16:51:09 2019
[runlim] status:		out of time
[runlim] result:		2
[runlim] children:		0
[runlim] real:			307.90 seconds
[runlim] time:			300.10 seconds
[runlim] space:			1944.5 MB
[runlim] samples:		3077
