[runlim] version:		1.10fixed
[runlim] time limit:		300 seconds
[runlim] real time limit:	311040000 seconds
[runlim] space limit:		4000 MB
[runlim] argv[0]:		./cvc4
[runlim] argv[1]:		--cbqi-all
[runlim] argv[2]:		/tmp/utnyL08d.smt2
[runlim] start:			Mon Jan 28 16:51:03 2019
[runlim] main pid:		30837
/tmp/utnyL08d.smt2:4.12: No set-logic command was given before this point.
/tmp/utnyL08d.smt2:4.12: CVC4 will make all theories available.
/tmp/utnyL08d.smt2:4.12: Consider setting a stricter logic for (likely) better performance.
/tmp/utnyL08d.smt2:4.12: To suppress this warning in the future use (set-logic ALL).
[runlim] sample:		8.8 time, 10.7 real, 70.8 MB
[runlim] sample:		18.8 time, 20.7 real, 89.2 MB
[runlim] sample:		28.8 time, 30.7 real, 99.3 MB
[runlim] sample:		38.8 time, 40.7 real, 101.9 MB
[runlim] sample:		48.6 time, 50.7 real, 115.3 MB
[runlim] sample:		58.2 time, 60.7 real, 120.7 MB
[runlim] sample:		68.1 time, 70.7 real, 123.8 MB
[runlim] sample:		76.6 time, 80.7 real, 131.3 MB
[runlim] sample:		86.4 time, 90.7 real, 134.1 MB
[runlim] sample:		95.9 time, 100.7 real, 142.6 MB
[runlim] sample:		105.9 time, 110.7 real, 145.5 MB
[runlim] sample:		114.8 time, 120.7 real, 146.0 MB
[runlim] sample:		124.0 time, 130.7 real, 167.7 MB
[runlim] sample:		133.7 time, 140.7 real, 168.7 MB
[runlim] sample:		143.3 time, 150.7 real, 168.7 MB
[runlim] sample:		153.0 time, 160.7 real, 173.3 MB
[runlim] sample:		162.7 time, 170.7 real, 173.3 MB
[runlim] sample:		172.6 time, 180.7 real, 175.3 MB
[runlim] sample:		181.9 time, 190.7 real, 175.3 MB
[runlim] sample:		191.3 time, 200.7 real, 184.6 MB
[runlim] sample:		199.8 time, 210.7 real, 184.9 MB
[runlim] sample:		209.4 time, 220.7 real, 188.2 MB
[runlim] sample:		218.9 time, 230.7 real, 188.2 MB
[runlim] sample:		228.9 time, 240.7 real, 196.7 MB
[runlim] sample:		238.6 time, 250.7 real, 198.3 MB
[runlim] sample:		247.6 time, 260.7 real, 199.3 MB
[runlim] sample:		257.5 time, 270.7 real, 202.1 MB
[runlim] sample:		267.1 time, 280.7 real, 202.1 MB
[runlim] sample:		276.4 time, 290.7 real, 211.4 MB
[runlim] sample:		285.7 time, 300.7 real, 211.4 MB
[runlim] sample:		295.1 time, 310.7 real, 214.2 MB
CVC4 interrupted by SIGTERM.
[runlim] end:			Mon Jan 28 16:56:18 2019
[runlim] status:		out of time
[runlim] result:		2
[runlim] children:		0
[runlim] real:			315.75 seconds
[runlim] time:			300.03 seconds
[runlim] space:			215.0 MB
[runlim] samples:		3150
