[runlim] version:		1.10fixed
[runlim] time limit:		300 seconds
[runlim] real time limit:	311040000 seconds
[runlim] space limit:		4000 MB
[runlim] argv[0]:		./cvc4
[runlim] argv[1]:		--cbqi-all
[runlim] argv[2]:		/tmp/nmph3r4z.smt2
[runlim] start:			Tue Jan 29 14:16:44 2019
[runlim] main pid:		29492
/tmp/nmph3r4z.smt2:4.12: No set-logic command was given before this point.
/tmp/nmph3r4z.smt2:4.12: CVC4 will make all theories available.
/tmp/nmph3r4z.smt2:4.12: Consider setting a stricter logic for (likely) better performance.
/tmp/nmph3r4z.smt2:4.12: To suppress this warning in the future use (set-logic ALL).
[runlim] sample:		9.6 time, 10.4 real, 221.2 MB
[runlim] sample:		19.6 time, 20.4 real, 402.3 MB
[runlim] sample:		29.6 time, 30.4 real, 539.5 MB
[runlim] sample:		39.6 time, 40.4 real, 666.8 MB
[runlim] sample:		48.4 time, 50.4 real, 764.1 MB
[runlim] sample:		56.4 time, 60.4 real, 839.6 MB
[runlim] sample:		65.3 time, 70.4 real, 951.4 MB
[runlim] sample:		75.3 time, 80.4 real, 1055.5 MB
[runlim] sample:		85.3 time, 90.4 real, 1126.9 MB
[runlim] sample:		95.3 time, 100.4 real, 1198.8 MB
[runlim] sample:		105.3 time, 110.4 real, 1307.8 MB
[runlim] sample:		115.3 time, 120.4 real, 1375.0 MB
[runlim] sample:		125.3 time, 130.4 real, 1445.6 MB
[runlim] sample:		134.9 time, 140.4 real, 1520.1 MB
[runlim] sample:		144.6 time, 150.4 real, 1598.8 MB
[runlim] sample:		154.6 time, 160.4 real, 1650.8 MB
[runlim] sample:		164.6 time, 170.4 real, 1723.7 MB
[runlim] sample:		174.6 time, 180.4 real, 1753.6 MB
[runlim] sample:		184.6 time, 190.4 real, 1831.2 MB
[runlim] sample:		194.6 time, 200.4 real, 1912.1 MB
[runlim] sample:		204.3 time, 210.4 real, 1942.0 MB
[runlim] sample:		213.7 time, 220.4 real, 2012.3 MB
[runlim] sample:		223.3 time, 230.4 real, 2107.7 MB
[runlim] sample:		233.1 time, 240.4 real, 2122.1 MB
[runlim] sample:		243.2 time, 250.4 real, 2190.9 MB
[runlim] sample:		253.2 time, 260.4 real, 2261.0 MB
[runlim] sample:		263.1 time, 270.4 real, 2291.1 MB
[runlim] sample:		273.1 time, 280.4 real, 2345.0 MB
[runlim] sample:		283.1 time, 290.4 real, 2376.7 MB
[runlim] sample:		293.1 time, 300.4 real, 2448.6 MB
CVC4 interrupted by SIGTERM.
[runlim] end:			Tue Jan 29 14:21:51 2019
[runlim] status:		out of time
[runlim] result:		2
[runlim] children:		0
[runlim] real:			307.42 seconds
[runlim] time:			300.14 seconds
[runlim] space:			2461.7 MB
[runlim] samples:		3070
