[runlim] version:		1.10fixed
[runlim] time limit:		300 seconds
[runlim] real time limit:	311040000 seconds
[runlim] space limit:		4000 MB
[runlim] argv[0]:		./cvc4
[runlim] argv[1]:		--cbqi-all
[runlim] argv[2]:		/tmp/e0slX5yw.smt2
[runlim] start:			Tue Jan 29 14:16:59 2019
[runlim] main pid:		10801
/tmp/e0slX5yw.smt2:4.12: No set-logic command was given before this point.
/tmp/e0slX5yw.smt2:4.12: CVC4 will make all theories available.
/tmp/e0slX5yw.smt2:4.12: Consider setting a stricter logic for (likely) better performance.
/tmp/e0slX5yw.smt2:4.12: To suppress this warning in the future use (set-logic ALL).
[runlim] sample:		9.2 time, 10.3 real, 191.8 MB
[runlim] sample:		17.3 time, 20.3 real, 337.3 MB
[runlim] sample:		27.0 time, 30.3 real, 469.2 MB
[runlim] sample:		36.8 time, 40.3 real, 583.5 MB
[runlim] sample:		46.5 time, 50.3 real, 647.1 MB
[runlim] sample:		56.5 time, 60.3 real, 738.4 MB
[runlim] sample:		66.5 time, 70.3 real, 818.1 MB
[runlim] sample:		76.5 time, 80.3 real, 929.9 MB
[runlim] sample:		85.3 time, 90.3 real, 930.2 MB
[runlim] sample:		94.9 time, 100.3 real, 1085.3 MB
[runlim] sample:		104.6 time, 110.3 real, 1125.8 MB
[runlim] sample:		114.6 time, 120.3 real, 1125.8 MB
[runlim] sample:		124.6 time, 130.3 real, 1236.3 MB
[runlim] sample:		134.6 time, 140.3 real, 1325.9 MB
[runlim] sample:		144.6 time, 150.3 real, 1325.9 MB
[runlim] sample:		154.6 time, 160.3 real, 1325.9 MB
[runlim] sample:		164.6 time, 170.3 real, 1434.5 MB
[runlim] sample:		173.9 time, 180.3 real, 1557.4 MB
[runlim] sample:		182.9 time, 190.3 real, 1564.1 MB
[runlim] sample:		192.8 time, 200.3 real, 1564.1 MB
[runlim] sample:		202.8 time, 210.3 real, 1564.7 MB
[runlim] sample:		211.5 time, 220.3 real, 1680.5 MB
[runlim] sample:		221.5 time, 230.3 real, 1802.8 MB
[runlim] sample:		230.8 time, 240.3 real, 1833.2 MB
[runlim] sample:		239.1 time, 250.3 real, 1833.2 MB
[runlim] sample:		249.1 time, 260.3 real, 1833.2 MB
[runlim] sample:		259.1 time, 270.3 real, 1833.8 MB
[runlim] sample:		269.1 time, 280.3 real, 1921.0 MB
[runlim] sample:		279.1 time, 290.3 real, 1984.6 MB
[runlim] sample:		289.1 time, 300.3 real, 2138.2 MB
[runlim] sample:		299.1 time, 310.3 real, 2150.4 MB
CVC4 interrupted by SIGTERM.
[runlim] end:			Tue Jan 29 14:22:10 2019
[runlim] status:		out of time
[runlim] result:		2
[runlim] children:		0
[runlim] real:			311.45 seconds
[runlim] time:			300.16 seconds
[runlim] space:			2150.4 MB
[runlim] samples:		3111
