[runlim] version:		1.10fixed
[runlim] time limit:		3600 seconds
[runlim] real time limit:	311040000 seconds
[runlim] space limit:		4000 MB
[runlim] argv[0]:		./z3
[runlim] argv[1]:		/tmp/WBMpyJFz.smt2
[runlim] start:			Thu Feb 14 03:05:27 2019
[runlim] main pid:		11838
[runlim] sample:		9.7 time, 10.7 real, 26.2 MB
[runlim] sample:		19.2 time, 20.7 real, 35.0 MB
[runlim] sample:		28.4 time, 30.7 real, 39.1 MB
[runlim] sample:		37.0 time, 40.7 real, 39.1 MB
[runlim] sample:		46.6 time, 50.7 real, 89.2 MB
[runlim] sample:		54.9 time, 60.7 real, 89.2 MB
[runlim] sample:		63.4 time, 70.7 real, 89.2 MB
[runlim] sample:		72.7 time, 80.7 real, 89.2 MB
[runlim] sample:		81.2 time, 90.7 real, 89.2 MB
[runlim] sample:		90.0 time, 100.7 real, 89.2 MB
[runlim] sample:		99.2 time, 110.7 real, 89.2 MB
[runlim] sample:		108.0 time, 120.7 real, 89.2 MB
[runlim] sample:		117.6 time, 130.7 real, 89.2 MB
[runlim] sample:		127.3 time, 140.7 real, 89.2 MB
[runlim] sample:		137.0 time, 150.7 real, 89.2 MB
[runlim] sample:		146.7 time, 160.7 real, 89.2 MB
[runlim] sample:		156.4 time, 170.7 real, 89.2 MB
[runlim] sample:		166.1 time, 180.7 real, 89.2 MB
[runlim] sample:		175.8 time, 190.7 real, 89.5 MB
[runlim] sample:		185.8 time, 200.7 real, 89.5 MB
[runlim] sample:		195.8 time, 210.7 real, 89.5 MB
[runlim] sample:		205.7 time, 220.7 real, 89.5 MB
[runlim] sample:		215.7 time, 230.7 real, 89.5 MB
[runlim] sample:		225.7 time, 240.7 real, 89.5 MB
[runlim] sample:		235.7 time, 250.7 real, 89.5 MB
[runlim] sample:		245.8 time, 260.7 real, 90.5 MB
[runlim] sample:		255.8 time, 270.7 real, 90.5 MB
[runlim] sample:		265.6 time, 280.7 real, 90.5 MB
[runlim] sample:		275.3 time, 290.7 real, 90.5 MB
[runlim] sample:		284.9 time, 300.7 real, 90.5 MB
[runlim] sample:		294.9 time, 310.7 real, 90.5 MB
[runlim] sample:		304.9 time, 320.7 real, 90.5 MB
[runlim] sample:		314.9 time, 330.7 real, 90.5 MB
[runlim] sample:		324.9 time, 340.7 real, 90.5 MB
[runlim] sample:		334.9 time, 350.7 real, 90.5 MB
[runlim] sample:		344.9 time, 360.7 real, 90.5 MB
[runlim] sample:		354.9 time, 370.7 real, 90.5 MB
[runlim] sample:		364.9 time, 380.7 real, 90.5 MB
[runlim] sample:		374.9 time, 390.7 real, 90.5 MB
[runlim] sample:		384.9 time, 400.7 real, 90.5 MB
[runlim] sample:		394.8 time, 410.7 real, 90.5 MB
[runlim] sample:		404.7 time, 420.7 real, 90.5 MB
[runlim] sample:		413.5 time, 430.7 real, 90.5 MB
[runlim] sample:		421.9 time, 440.7 real, 90.5 MB
[runlim] sample:		429.6 time, 450.7 real, 90.5 MB
[runlim] sample:		437.8 time, 460.7 real, 90.5 MB
[runlim] sample:		446.2 time, 470.7 real, 90.5 MB
[runlim] sample:		456.2 time, 480.7 real, 90.5 MB
[runlim] sample:		465.4 time, 490.7 real, 90.5 MB
[runlim] sample:		474.2 time, 500.7 real, 90.5 MB
[runlim] sample:		482.8 time, 510.7 real, 90.5 MB
[runlim] sample:		492.5 time, 520.7 real, 90.5 MB
[runlim] sample:		502.1 time, 530.7 real, 90.5 MB
[runlim] sample:		511.8 time, 540.7 real, 90.5 MB
[runlim] sample:		521.5 time, 550.7 real, 90.5 MB
[runlim] sample:		531.1 time, 560.7 real, 90.5 MB
[runlim] sample:		540.8 time, 570.7 real, 104.4 MB
[runlim] sample:		550.4 time, 580.7 real, 104.4 MB
[runlim] sample:		559.7 time, 590.7 real, 104.7 MB
[runlim] sample:		568.3 time, 600.7 real, 104.7 MB
[runlim] sample:		576.8 time, 610.7 real, 89.5 MB
[runlim] sample:		585.6 time, 620.7 real, 107.8 MB
[runlim] sample:		594.3 time, 630.7 real, 107.8 MB
[runlim] sample:		603.2 time, 640.7 real, 107.8 MB
[runlim] sample:		612.0 time, 650.7 real, 107.8 MB
[runlim] sample:		621.0 time, 660.7 real, 118.3 MB
[runlim] sample:		630.0 time, 670.7 real, 118.3 MB
[runlim] sample:		639.0 time, 680.7 real, 118.3 MB
[runlim] sample:		648.0 time, 690.7 real, 111.4 MB
[runlim] sample:		657.0 time, 700.7 real, 101.3 MB
[runlim] sample:		666.0 time, 710.7 real, 101.3 MB
[runlim] sample:		675.3 time, 720.7 real, 90.9 MB
[runlim] sample:		685.3 time, 730.7 real, 90.9 MB
[runlim] sample:		695.3 time, 740.7 real, 90.9 MB
[runlim] sample:		704.8 time, 750.7 real, 90.9 MB
[runlim] sample:		714.5 time, 760.7 real, 90.9 MB
[runlim] sample:		724.2 time, 770.7 real, 90.9 MB
[runlim] sample:		733.4 time, 780.7 real, 90.9 MB
[runlim] sample:		742.6 time, 790.7 real, 90.9 MB
[runlim] sample:		752.3 time, 800.7 real, 124.7 MB
[runlim] sample:		762.0 time, 810.7 real, 125.0 MB
[runlim] sample:		771.6 time, 820.7 real, 122.6 MB
[runlim] sample:		781.3 time, 830.7 real, 117.2 MB
[runlim] sample:		790.9 time, 840.7 real, 102.6 MB
[runlim] sample:		800.6 time, 850.7 real, 102.6 MB
[runlim] sample:		810.1 time, 860.7 real, 102.6 MB
[runlim] sample:		820.1 time, 870.7 real, 102.6 MB
[runlim] sample:		829.8 time, 880.7 real, 102.6 MB
[runlim] sample:		839.1 time, 890.7 real, 102.6 MB
[runlim] sample:		848.5 time, 900.7 real, 102.6 MB
[runlim] sample:		858.3 time, 910.7 real, 102.6 MB
[runlim] sample:		868.2 time, 920.7 real, 102.6 MB
[runlim] sample:		877.3 time, 930.7 real, 186.3 MB
[runlim] sample:		887.0 time, 940.7 real, 186.3 MB
[runlim] sample:		896.8 time, 950.7 real, 186.6 MB
[runlim] sample:		906.8 time, 960.7 real, 186.6 MB
[runlim] sample:		916.8 time, 970.7 real, 186.9 MB
[runlim] sample:		926.3 time, 980.7 real, 186.9 MB
[runlim] sample:		935.0 time, 990.7 real, 175.9 MB
[runlim] sample:		944.7 time, 1000.7 real, 175.9 MB
[runlim] sample:		954.3 time, 1010.7 real, 169.0 MB
[runlim] sample:		964.0 time, 1020.7 real, 169.0 MB
[runlim] sample:		974.0 time, 1030.7 real, 162.6 MB
[runlim] sample:		984.0 time, 1040.7 real, 265.8 MB
[runlim] sample:		994.0 time, 1050.7 real, 265.8 MB
[runlim] sample:		1004.0 time, 1060.7 real, 265.8 MB
[runlim] sample:		1013.9 time, 1070.7 real, 265.8 MB
[runlim] sample:		1023.9 time, 1080.7 real, 265.8 MB
[runlim] sample:		1033.9 time, 1090.7 real, 265.8 MB
[runlim] sample:		1043.9 time, 1100.7 real, 265.8 MB
[runlim] sample:		1053.9 time, 1110.7 real, 265.8 MB
[runlim] sample:		1063.9 time, 1120.7 real, 265.8 MB
[runlim] sample:		1073.9 time, 1130.7 real, 265.8 MB
[runlim] sample:		1083.9 time, 1140.7 real, 265.8 MB
[runlim] sample:		1093.9 time, 1150.7 real, 265.8 MB
[runlim] sample:		1103.9 time, 1160.7 real, 265.8 MB
[runlim] sample:		1113.9 time, 1170.7 real, 265.8 MB
[runlim] sample:		1123.9 time, 1180.7 real, 265.8 MB
[runlim] sample:		1133.9 time, 1190.7 real, 265.8 MB
[runlim] sample:		1143.9 time, 1200.7 real, 265.8 MB
[runlim] sample:		1153.9 time, 1210.7 real, 265.8 MB
[runlim] sample:		1163.9 time, 1220.7 real, 265.8 MB
[runlim] sample:		1173.9 time, 1230.7 real, 265.8 MB
[runlim] sample:		1183.9 time, 1240.7 real, 265.8 MB
[runlim] sample:		1193.9 time, 1250.7 real, 265.8 MB
[runlim] sample:		1203.9 time, 1260.7 real, 265.8 MB
[runlim] sample:		1213.9 time, 1270.7 real, 265.8 MB
[runlim] sample:		1223.9 time, 1280.7 real, 265.8 MB
[runlim] sample:		1233.9 time, 1290.7 real, 265.8 MB
[runlim] sample:		1243.9 time, 1300.7 real, 266.0 MB
[runlim] sample:		1253.9 time, 1310.7 real, 266.0 MB
[runlim] sample:		1263.9 time, 1320.7 real, 266.0 MB
[runlim] sample:		1273.9 time, 1330.7 real, 266.0 MB
[runlim] sample:		1283.9 time, 1340.7 real, 266.0 MB
[runlim] sample:		1293.9 time, 1350.7 real, 266.0 MB
[runlim] sample:		1303.9 time, 1360.7 real, 266.0 MB
[runlim] sample:		1313.9 time, 1370.7 real, 266.0 MB
[runlim] sample:		1323.9 time, 1380.7 real, 266.0 MB
[runlim] sample:		1333.9 time, 1390.7 real, 266.0 MB
[runlim] sample:		1343.9 time, 1400.7 real, 266.0 MB
[runlim] sample:		1353.9 time, 1410.7 real, 266.0 MB
[runlim] sample:		1363.9 time, 1420.7 real, 266.0 MB
[runlim] sample:		1373.9 time, 1430.7 real, 266.0 MB
[runlim] sample:		1383.9 time, 1440.7 real, 266.0 MB
[runlim] sample:		1393.9 time, 1450.7 real, 266.0 MB
[runlim] sample:		1403.9 time, 1460.7 real, 266.0 MB
[runlim] sample:		1413.9 time, 1470.7 real, 266.0 MB
[runlim] sample:		1423.0 time, 1480.7 real, 266.0 MB
[runlim] sample:		1432.0 time, 1490.7 real, 266.0 MB
[runlim] sample:		1442.0 time, 1500.7 real, 266.0 MB
[runlim] sample:		1452.0 time, 1510.7 real, 266.0 MB
[runlim] sample:		1462.0 time, 1520.7 real, 266.0 MB
[runlim] sample:		1471.5 time, 1530.7 real, 266.0 MB
[runlim] sample:		1481.4 time, 1540.7 real, 266.0 MB
[runlim] sample:		1491.2 time, 1550.7 real, 266.0 MB
[runlim] sample:		1501.0 time, 1560.7 real, 266.0 MB
[runlim] sample:		1511.0 time, 1570.7 real, 266.0 MB
[runlim] sample:		1520.9 time, 1580.7 real, 266.0 MB
[runlim] sample:		1530.6 time, 1590.7 real, 266.0 MB
[runlim] sample:		1539.7 time, 1600.7 real, 266.0 MB
[runlim] sample:		1549.5 time, 1610.7 real, 266.0 MB
[runlim] sample:		1558.7 time, 1620.7 real, 266.0 MB
[runlim] sample:		1567.9 time, 1630.7 real, 266.0 MB
[runlim] sample:		1577.6 time, 1640.7 real, 266.0 MB
[runlim] sample:		1587.2 time, 1650.7 real, 266.0 MB
[runlim] sample:		1596.9 time, 1660.7 real, 266.0 MB
[runlim] sample:		1606.5 time, 1670.7 real, 266.0 MB
[runlim] sample:		1616.5 time, 1680.7 real, 266.0 MB
[runlim] sample:		1626.5 time, 1690.7 real, 266.0 MB
[runlim] sample:		1635.9 time, 1700.7 real, 266.0 MB
[runlim] sample:		1645.2 time, 1710.7 real, 266.0 MB
[runlim] sample:		1654.5 time, 1720.7 real, 266.0 MB
[runlim] sample:		1663.8 time, 1730.7 real, 266.0 MB
[runlim] sample:		1673.2 time, 1740.7 real, 266.0 MB
[runlim] sample:		1682.8 time, 1750.7 real, 266.0 MB
[runlim] sample:		1692.8 time, 1760.7 real, 266.0 MB
[runlim] sample:		1702.3 time, 1770.7 real, 266.0 MB
[runlim] sample:		1711.6 time, 1780.7 real, 266.0 MB
[runlim] sample:		1721.0 time, 1790.7 real, 266.0 MB
[runlim] sample:		1730.3 time, 1800.7 real, 266.0 MB
[runlim] sample:		1739.6 time, 1810.7 real, 266.0 MB
[runlim] sample:		1748.9 time, 1820.7 real, 266.0 MB
[runlim] sample:		1758.3 time, 1830.7 real, 266.0 MB
[runlim] sample:		1767.6 time, 1840.7 real, 266.0 MB
[runlim] sample:		1776.9 time, 1850.7 real, 266.0 MB
[runlim] sample:		1786.2 time, 1860.7 real, 266.0 MB
[runlim] sample:		1795.6 time, 1870.7 real, 266.0 MB
[runlim] sample:		1804.9 time, 1880.7 real, 266.0 MB
[runlim] sample:		1814.2 time, 1890.7 real, 266.0 MB
[runlim] sample:		1823.6 time, 1900.7 real, 266.0 MB
[runlim] sample:		1832.9 time, 1910.7 real, 266.0 MB
[runlim] sample:		1842.2 time, 1920.7 real, 266.0 MB
[runlim] sample:		1852.0 time, 1930.7 real, 266.0 MB
[runlim] sample:		1862.0 time, 1940.7 real, 266.0 MB
[runlim] sample:		1872.0 time, 1950.7 real, 266.0 MB
[runlim] sample:		1881.5 time, 1960.7 real, 266.0 MB
[runlim] sample:		1890.8 time, 1970.7 real, 266.0 MB
[runlim] sample:		1900.1 time, 1980.7 real, 266.0 MB
[runlim] sample:		1909.5 time, 1990.7 real, 266.0 MB
[runlim] sample:		1918.8 time, 2000.7 real, 266.0 MB
[runlim] sample:		1928.1 time, 2010.7 real, 266.0 MB
[runlim] sample:		1937.4 time, 2020.7 real, 266.0 MB
[runlim] sample:		1946.7 time, 2030.7 real, 266.0 MB
[runlim] sample:		1956.0 time, 2040.7 real, 266.0 MB
[runlim] sample:		1965.3 time, 2050.7 real, 266.0 MB
[runlim] sample:		1974.7 time, 2060.7 real, 266.0 MB
[runlim] sample:		1984.5 time, 2070.7 real, 266.0 MB
[runlim] sample:		1994.5 time, 2080.7 real, 266.0 MB
[runlim] sample:		2003.3 time, 2090.7 real, 266.0 MB
[runlim] sample:		2013.0 time, 2100.7 real, 266.0 MB
[runlim] sample:		2022.7 time, 2110.7 real, 266.0 MB
[runlim] sample:		2032.6 time, 2120.7 real, 266.0 MB
[runlim] sample:		2042.6 time, 2130.7 real, 266.0 MB
[runlim] sample:		2052.6 time, 2140.7 real, 266.0 MB
[runlim] sample:		2062.3 time, 2150.7 real, 266.0 MB
[runlim] sample:		2072.0 time, 2160.7 real, 266.0 MB
[runlim] sample:		2081.1 time, 2170.7 real, 266.0 MB
[runlim] sample:		2090.8 time, 2180.7 real, 266.0 MB
[runlim] sample:		2100.5 time, 2190.7 real, 266.0 MB
[runlim] sample:		2110.2 time, 2200.7 real, 266.0 MB
[runlim] sample:		2119.9 time, 2210.7 real, 266.0 MB
[runlim] sample:		2129.6 time, 2220.7 real, 266.0 MB
[runlim] sample:		2139.5 time, 2230.7 real, 266.0 MB
[runlim] sample:		2149.5 time, 2240.7 real, 266.0 MB
[runlim] sample:		2159.5 time, 2250.7 real, 266.0 MB
[runlim] sample:		2169.5 time, 2260.7 real, 266.0 MB
[runlim] sample:		2179.5 time, 2270.7 real, 266.0 MB
[runlim] sample:		2189.5 time, 2280.7 real, 266.0 MB
[runlim] sample:		2199.5 time, 2290.7 real, 266.0 MB
[runlim] sample:		2209.5 time, 2300.7 real, 266.0 MB
[runlim] sample:		2219.5 time, 2310.7 real, 266.0 MB
[runlim] sample:		2229.2 time, 2320.7 real, 266.0 MB
[runlim] sample:		2238.8 time, 2330.7 real, 266.0 MB
[runlim] sample:		2248.8 time, 2340.7 real, 266.0 MB
[runlim] sample:		2258.8 time, 2350.7 real, 266.0 MB
[runlim] sample:		2268.8 time, 2360.7 real, 266.0 MB
[runlim] sample:		2278.2 time, 2370.7 real, 266.0 MB
[runlim] sample:		2288.2 time, 2380.7 real, 266.0 MB
[runlim] sample:		2298.1 time, 2390.7 real, 266.0 MB
[runlim] sample:		2308.1 time, 2400.7 real, 266.0 MB
[runlim] sample:		2318.1 time, 2410.7 real, 266.0 MB
[runlim] sample:		2327.3 time, 2420.7 real, 266.0 MB
[runlim] sample:		2337.3 time, 2430.7 real, 266.0 MB
[runlim] sample:		2347.0 time, 2440.7 real, 266.0 MB
[runlim] sample:		2355.7 time, 2450.7 real, 266.0 MB
[runlim] sample:		2364.4 time, 2460.7 real, 266.0 MB
[runlim] sample:		2373.1 time, 2470.7 real, 266.0 MB
[runlim] sample:		2383.1 time, 2480.7 real, 266.0 MB
[runlim] sample:		2393.1 time, 2490.7 real, 266.0 MB
[runlim] sample:		2403.1 time, 2500.7 real, 266.0 MB
[runlim] sample:		2412.9 time, 2510.7 real, 266.0 MB
[runlim] sample:		2422.9 time, 2520.7 real, 266.0 MB
[runlim] sample:		2432.4 time, 2530.7 real, 266.0 MB
[runlim] sample:		2440.4 time, 2540.7 real, 266.0 MB
[runlim] sample:		2449.0 time, 2550.7 real, 266.0 MB
[runlim] sample:		2458.9 time, 2560.7 real, 266.0 MB
[runlim] sample:		2468.8 time, 2570.7 real, 266.0 MB
[runlim] sample:		2477.8 time, 2580.7 real, 266.0 MB
[runlim] sample:		2487.3 time, 2590.7 real, 266.0 MB
[runlim] sample:		2496.2 time, 2600.7 real, 266.0 MB
[runlim] sample:		2503.7 time, 2610.7 real, 266.0 MB
[runlim] sample:		2511.4 time, 2620.7 real, 266.0 MB
[runlim] sample:		2521.2 time, 2630.7 real, 266.0 MB
[runlim] sample:		2528.7 time, 2640.7 real, 266.0 MB
[runlim] sample:		2537.2 time, 2650.7 real, 266.0 MB
[runlim] sample:		2544.5 time, 2660.7 real, 266.0 MB
[runlim] sample:		2550.9 time, 2670.7 real, 266.0 MB
[runlim] sample:		2559.0 time, 2680.7 real, 266.0 MB
[runlim] sample:		2568.2 time, 2690.7 real, 266.0 MB
[runlim] sample:		2576.4 time, 2700.7 real, 266.0 MB
[runlim] sample:		2585.8 time, 2710.7 real, 266.0 MB
[runlim] sample:		2594.3 time, 2720.7 real, 266.0 MB
[runlim] sample:		2602.2 time, 2730.7 real, 266.0 MB
[runlim] sample:		2611.4 time, 2740.7 real, 266.0 MB
[runlim] sample:		2620.6 time, 2750.7 real, 266.0 MB
[runlim] sample:		2630.2 time, 2760.7 real, 266.0 MB
[runlim] sample:		2639.9 time, 2770.7 real, 266.0 MB
[runlim] sample:		2649.6 time, 2780.7 real, 266.0 MB
[runlim] sample:		2659.2 time, 2790.7 real, 266.0 MB
[runlim] sample:		2668.9 time, 2800.7 real, 266.0 MB
[runlim] sample:		2678.6 time, 2810.7 real, 266.0 MB
[runlim] sample:		2688.2 time, 2820.7 real, 266.0 MB
[runlim] sample:		2697.9 time, 2830.7 real, 266.0 MB
[runlim] sample:		2707.6 time, 2840.7 real, 266.0 MB
[runlim] sample:		2717.2 time, 2850.7 real, 266.0 MB
[runlim] sample:		2727.0 time, 2860.7 real, 266.0 MB
[runlim] sample:		2736.9 time, 2870.7 real, 266.0 MB
[runlim] sample:		2746.9 time, 2880.7 real, 266.0 MB
[runlim] sample:		2756.8 time, 2890.7 real, 266.0 MB
[runlim] sample:		2766.8 time, 2900.7 real, 266.0 MB
[runlim] sample:		2776.6 time, 2910.7 real, 266.0 MB
[runlim] sample:		2786.2 time, 2920.7 real, 266.0 MB
[runlim] sample:		2795.9 time, 2930.7 real, 266.0 MB
[runlim] sample:		2805.6 time, 2940.7 real, 266.0 MB
[runlim] sample:		2815.5 time, 2950.7 real, 266.0 MB
[runlim] sample:		2825.5 time, 2960.7 real, 266.0 MB
[runlim] sample:		2835.5 time, 2970.7 real, 266.0 MB
[runlim] sample:		2845.3 time, 2980.7 real, 266.0 MB
[runlim] sample:		2854.9 time, 2990.7 real, 266.0 MB
[runlim] sample:		2864.8 time, 3000.7 real, 266.0 MB
[runlim] sample:		2874.8 time, 3010.7 real, 266.0 MB
[runlim] sample:		2884.5 time, 3020.7 real, 266.0 MB
[runlim] sample:		2894.2 time, 3030.7 real, 266.0 MB
[runlim] sample:		2904.0 time, 3040.7 real, 266.0 MB
[runlim] sample:		2913.8 time, 3050.7 real, 266.0 MB
[runlim] sample:		2923.7 time, 3060.7 real, 266.0 MB
[runlim] sample:		2933.7 time, 3070.7 real, 266.0 MB
[runlim] sample:		2943.7 time, 3080.7 real, 266.0 MB
[runlim] sample:		2953.4 time, 3090.7 real, 266.0 MB
[runlim] sample:		2963.0 time, 3100.7 real, 266.0 MB
[runlim] sample:		2972.9 time, 3110.7 real, 266.0 MB
[runlim] sample:		2982.6 time, 3120.7 real, 266.0 MB
[runlim] sample:		2992.3 time, 3130.7 real, 266.0 MB
[runlim] sample:		3001.9 time, 3140.7 real, 266.0 MB
[runlim] sample:		3011.7 time, 3150.7 real, 266.0 MB
[runlim] sample:		3021.4 time, 3160.7 real, 266.0 MB
[runlim] sample:		3031.1 time, 3170.7 real, 266.0 MB
[runlim] sample:		3040.9 time, 3180.7 real, 266.0 MB
[runlim] sample:		3050.9 time, 3190.7 real, 266.0 MB
[runlim] sample:		3060.9 time, 3200.7 real, 266.0 MB
[runlim] sample:		3070.9 time, 3210.7 real, 266.0 MB
[runlim] sample:		3080.9 time, 3220.7 real, 266.0 MB
[runlim] sample:		3090.9 time, 3230.7 real, 266.0 MB
[runlim] sample:		3100.9 time, 3240.7 real, 266.0 MB
[runlim] sample:		3110.9 time, 3250.7 real, 266.0 MB
[runlim] sample:		3120.9 time, 3260.7 real, 266.0 MB
[runlim] sample:		3130.9 time, 3270.7 real, 266.0 MB
[runlim] sample:		3140.9 time, 3280.7 real, 266.0 MB
[runlim] sample:		3150.9 time, 3290.7 real, 266.0 MB
[runlim] sample:		3160.9 time, 3300.7 real, 266.0 MB
[runlim] sample:		3170.9 time, 3310.7 real, 266.0 MB
[runlim] sample:		3180.9 time, 3320.7 real, 266.0 MB
[runlim] sample:		3190.9 time, 3330.7 real, 266.0 MB
[runlim] sample:		3200.9 time, 3340.7 real, 266.0 MB
[runlim] sample:		3210.9 time, 3350.7 real, 266.0 MB
[runlim] sample:		3220.9 time, 3360.7 real, 266.0 MB
[runlim] sample:		3230.9 time, 3370.7 real, 266.0 MB
[runlim] sample:		3240.9 time, 3380.7 real, 266.0 MB
[runlim] sample:		3250.9 time, 3390.7 real, 266.0 MB
[runlim] sample:		3260.9 time, 3400.7 real, 266.0 MB
[runlim] sample:		3270.9 time, 3410.7 real, 266.0 MB
[runlim] sample:		3280.9 time, 3420.7 real, 266.0 MB
[runlim] sample:		3290.9 time, 3430.7 real, 266.0 MB
[runlim] sample:		3300.9 time, 3440.7 real, 266.0 MB
[runlim] sample:		3310.9 time, 3450.7 real, 266.0 MB
[runlim] sample:		3320.9 time, 3460.7 real, 266.0 MB
[runlim] sample:		3330.9 time, 3470.7 real, 266.0 MB
[runlim] sample:		3340.9 time, 3480.7 real, 266.0 MB
[runlim] sample:		3350.9 time, 3490.7 real, 266.0 MB
[runlim] sample:		3360.9 time, 3500.7 real, 266.0 MB
[runlim] sample:		3370.9 time, 3510.7 real, 266.0 MB
[runlim] sample:		3380.9 time, 3520.7 real, 266.0 MB
[runlim] sample:		3390.9 time, 3530.7 real, 266.0 MB
[runlim] sample:		3400.9 time, 3540.7 real, 266.0 MB
[runlim] sample:		3410.9 time, 3550.7 real, 266.0 MB
[runlim] sample:		3420.9 time, 3560.7 real, 266.0 MB
[runlim] sample:		3430.9 time, 3570.7 real, 266.0 MB
[runlim] sample:		3440.9 time, 3580.7 real, 266.0 MB
[runlim] sample:		3450.9 time, 3590.7 real, 266.0 MB
[runlim] sample:		3460.9 time, 3600.7 real, 266.0 MB
[runlim] sample:		3470.9 time, 3610.7 real, 266.0 MB
[runlim] sample:		3480.9 time, 3620.7 real, 266.0 MB
[runlim] sample:		3490.9 time, 3630.7 real, 266.0 MB
[runlim] sample:		3500.9 time, 3640.7 real, 266.0 MB
[runlim] sample:		3510.9 time, 3650.7 real, 266.0 MB
[runlim] sample:		3520.9 time, 3660.7 real, 266.0 MB
[runlim] sample:		3530.9 time, 3670.7 real, 266.0 MB
[runlim] sample:		3540.9 time, 3680.7 real, 266.0 MB
[runlim] sample:		3550.9 time, 3690.7 real, 266.0 MB
[runlim] sample:		3560.9 time, 3700.7 real, 266.0 MB
[runlim] sample:		3570.9 time, 3710.7 real, 266.0 MB
[runlim] sample:		3580.9 time, 3720.7 real, 266.0 MB
[runlim] sample:		3590.9 time, 3730.7 real, 266.0 MB
[runlim] end:			Thu Feb 14 04:07:46 2019
[runlim] status:		out of time
[runlim] result:		2
[runlim] children:		0
[runlim] real:			3739.84 seconds
[runlim] time:			3600.02 seconds
[runlim] space:			266.0 MB
[runlim] samples:		37391
