[runlim] version:		1.10fixed
[runlim] time limit:		3600 seconds
[runlim] real time limit:	311040000 seconds
[runlim] space limit:		4000 MB
[runlim] argv[0]:		./z3
[runlim] argv[1]:		/tmp/DYlU3Bpe.smt2
[runlim] start:			Wed Jan 23 20:25:04 2019
[runlim] main pid:		6149
[runlim] sample:		8.5 time, 10.4 real, 25.6 MB
[runlim] sample:		18.0 time, 20.4 real, 82.9 MB
[runlim] sample:		28.0 time, 30.4 real, 82.9 MB
[runlim] sample:		38.0 time, 40.4 real, 82.9 MB
[runlim] sample:		48.0 time, 50.4 real, 82.9 MB
[runlim] sample:		58.0 time, 60.4 real, 88.6 MB
[runlim] sample:		68.0 time, 70.4 real, 88.6 MB
[runlim] sample:		78.0 time, 80.4 real, 85.0 MB
[runlim] sample:		88.0 time, 90.4 real, 85.0 MB
[runlim] sample:		98.0 time, 100.4 real, 85.0 MB
[runlim] sample:		108.0 time, 110.4 real, 85.0 MB
[runlim] sample:		118.0 time, 120.4 real, 82.9 MB
[runlim] sample:		128.0 time, 130.4 real, 82.9 MB
[runlim] sample:		138.0 time, 140.4 real, 82.9 MB
[runlim] sample:		148.0 time, 150.4 real, 86.4 MB
[runlim] sample:		158.0 time, 160.4 real, 86.4 MB
[runlim] sample:		168.0 time, 170.4 real, 86.4 MB
[runlim] sample:		178.0 time, 180.4 real, 86.4 MB
[runlim] sample:		188.0 time, 190.4 real, 86.4 MB
[runlim] sample:		198.0 time, 200.4 real, 86.4 MB
[runlim] sample:		208.0 time, 210.4 real, 86.4 MB
[runlim] sample:		218.0 time, 220.4 real, 86.4 MB
[runlim] sample:		228.0 time, 230.4 real, 86.4 MB
[runlim] sample:		238.0 time, 240.4 real, 86.4 MB
[runlim] sample:		248.0 time, 250.4 real, 86.4 MB
[runlim] sample:		258.0 time, 260.4 real, 99.0 MB
[runlim] sample:		268.0 time, 270.4 real, 99.3 MB
[runlim] sample:		278.0 time, 280.4 real, 99.5 MB
[runlim] sample:		288.0 time, 290.4 real, 88.2 MB
[runlim] sample:		298.0 time, 300.4 real, 88.2 MB
[runlim] sample:		308.0 time, 310.4 real, 88.2 MB
[runlim] sample:		318.0 time, 320.4 real, 88.2 MB
[runlim] sample:		328.0 time, 330.4 real, 88.2 MB
[runlim] sample:		338.0 time, 340.4 real, 88.2 MB
[runlim] sample:		348.0 time, 350.4 real, 88.2 MB
[runlim] end:			Wed Jan 23 20:31:04 2019
[runlim] status:		ok
[runlim] result:		0
[runlim] children:		0
[runlim] real:			360.27 seconds
[runlim] time:			357.88 seconds
[runlim] space:			99.5 MB
[runlim] samples:		3599
