[runlim] version:		1.10fixed
[runlim] time limit:		1800 seconds
[runlim] real time limit:	311040000 seconds
[runlim] space limit:		4000 MB
[runlim] argv[0]:		./vampire-wrapper.sh
[runlim] argv[1]:		--ignore_missing
[runlim] argv[2]:		on
[runlim] argv[3]:		--mode
[runlim] argv[4]:		smtcomp
[runlim] argv[5]:		/tmp/OmmpIvqf.smt2
[runlim] start:			Tue Feb 19 07:11:49 2019
[runlim] main pid:		28415
[runlim] sample:		6.6 time, 10.9 real, 255.9 MB
[runlim] sample:		14.1 time, 20.9 real, 454.9 MB
[runlim] sample:		18.5 time, 30.9 real, 503.8 MB
[runlim] sample:		26.5 time, 40.9 real, 695.7 MB
[runlim] sample:		30.3 time, 50.9 real, 853.7 MB
[runlim] sample:		38.7 time, 60.9 real, 1062.9 MB
[runlim] sample:		37.5 time, 70.9 real, 1025.4 MB
[runlim] sample:		24.1 time, 80.9 real, 789.0 MB
[runlim] sample:		30.2 time, 90.9 real, 937.8 MB
[runlim] sample:		21.9 time, 100.9 real, 670.6 MB
[runlim] sample:		28.9 time, 110.9 real, 833.2 MB
[runlim] sample:		31.5 time, 120.9 real, 1012.8 MB
[runlim] sample:		18.6 time, 130.9 real, 541.5 MB
[runlim] sample:		9.9 time, 140.9 real, 392.3 MB
[runlim] sample:		15.5 time, 150.9 real, 476.1 MB
[runlim] sample:		22.7 time, 160.9 real, 782.2 MB
[runlim] sample:		20.3 time, 170.9 real, 944.3 MB
[runlim] sample:		31.3 time, 180.9 real, 1612.4 MB
[runlim] sample:		39.4 time, 190.9 real, 2120.8 MB
[runlim] sample:		44.6 time, 200.9 real, 2013.7 MB
[runlim] sample:		38.9 time, 210.9 real, 940.1 MB
[runlim] sample:		79.0 time, 220.9 real, 1773.4 MB
[runlim] sample:		119.3 time, 230.9 real, 2568.8 MB
[runlim] end:			Tue Feb 19 07:15:48 2019
[runlim] status:		out of memory
[runlim] result:		3
[runlim] children:		16701
[runlim] real:			239.54 seconds
[runlim] time:			160.04 seconds
[runlim] space:			4004.1 MB
[runlim] samples:		2386
