[runlim] version:		1.10fixed
[runlim] time limit:		1800 seconds
[runlim] real time limit:	311040000 seconds
[runlim] space limit:		4000 MB
[runlim] argv[0]:		./vampire-wrapper.sh
[runlim] argv[1]:		--ignore_missing
[runlim] argv[2]:		on
[runlim] argv[3]:		--mode
[runlim] argv[4]:		smtcomp
[runlim] argv[5]:		/tmp/7kX8O4KI.smt2
[runlim] start:			Tue Feb 19 07:08:55 2019
[runlim] main pid:		18243
[runlim] end:			Tue Feb 19 07:08:55 2019
[runlim] status:		ok
[runlim] result:		0
[runlim] children:		28
[runlim] real:			0.73 seconds
[runlim] time:			0.22 seconds
[runlim] space:			111.9 MB
[runlim] samples:		4
