[runlim] version:		1.10fixed
[runlim] time limit:		1800 seconds
[runlim] real time limit:	311040000 seconds
[runlim] space limit:		4000 MB
[runlim] argv[0]:		./vampire-wrapper.sh
[runlim] argv[1]:		--ignore_missing
[runlim] argv[2]:		on
[runlim] argv[3]:		--mode
[runlim] argv[4]:		smtcomp
[runlim] argv[5]:		/tmp/nbr5wUiI.smt2
[runlim] start:			Tue Feb 19 07:08:14 2019
[runlim] main pid:		30906
[runlim] sample:		8.1 time, 10.2 real, 282.7 MB
[runlim] sample:		13.8 time, 20.2 real, 470.1 MB
[runlim] sample:		18.7 time, 30.2 real, 510.5 MB
[runlim] sample:		26.5 time, 40.2 real, 652.6 MB
[runlim] sample:		34.4 time, 50.2 real, 802.3 MB
[runlim] sample:		35.1 time, 60.2 real, 780.3 MB
[runlim] sample:		33.9 time, 70.2 real, 655.3 MB
[runlim] sample:		17.8 time, 80.2 real, 372.2 MB
[runlim] sample:		27.5 time, 90.2 real, 517.5 MB
[runlim] sample:		30.5 time, 100.2 real, 593.4 MB
[runlim] sample:		38.2 time, 110.2 real, 754.0 MB
[runlim] sample:		24.5 time, 120.2 real, 510.5 MB
[runlim] sample:		24.4 time, 130.2 real, 635.7 MB
[runlim] sample:		18.5 time, 140.2 real, 599.4 MB
[runlim] sample:		26.8 time, 150.2 real, 881.2 MB
[runlim] sample:		14.9 time, 160.2 real, 478.3 MB
[runlim] sample:		12.4 time, 170.2 real, 599.3 MB
[runlim] sample:		15.1 time, 180.2 real, 750.4 MB
[runlim] sample:		22.5 time, 190.2 real, 1147.8 MB
[runlim] sample:		30.6 time, 200.2 real, 1489.7 MB
[runlim] sample:		32.6 time, 210.2 real, 1651.1 MB
[runlim] sample:		36.6 time, 220.2 real, 1816.6 MB
[runlim] sample:		33.0 time, 230.2 real, 1524.2 MB
[runlim] sample:		42.8 time, 240.2 real, 1842.5 MB
[runlim] sample:		40.9 time, 250.2 real, 2015.7 MB
[runlim] sample:		27.2 time, 260.2 real, 874.9 MB
[runlim] sample:		37.0 time, 270.2 real, 1154.9 MB
[runlim] sample:		48.0 time, 280.2 real, 1474.0 MB
[runlim] sample:		45.8 time, 290.2 real, 1742.2 MB
[runlim] sample:		56.6 time, 300.2 real, 2187.0 MB
[runlim] sample:		58.4 time, 310.2 real, 2625.7 MB
[runlim] sample:		69.2 time, 320.2 real, 3123.3 MB
[runlim] sample:		79.9 time, 330.2 real, 3616.3 MB
[runlim] end:			Tue Feb 19 07:13:51 2019
[runlim] status:		out of memory
[runlim] result:		3
[runlim] children:		23639
[runlim] real:			337.90 seconds
[runlim] time:			88.33 seconds
[runlim] space:			4004.5 MB
[runlim] samples:		3377
