[runlim] version:		1.10fixed
[runlim] time limit:		1800 seconds
[runlim] real time limit:	311040000 seconds
[runlim] space limit:		4000 MB
[runlim] argv[0]:		./vampire-wrapper.sh
[runlim] argv[1]:		--ignore_missing
[runlim] argv[2]:		on
[runlim] argv[3]:		--mode
[runlim] argv[4]:		smtcomp
[runlim] argv[5]:		/tmp/LtlTtjVr.smt2
[runlim] start:			Tue Feb 19 07:10:43 2019
[runlim] main pid:		17551
[runlim] end:			Tue Feb 19 07:10:46 2019
[runlim] status:		ok
[runlim] result:		0
[runlim] children:		197
[runlim] real:			3.76 seconds
[runlim] time:			2.57 seconds
[runlim] space:			165.8 MB
[runlim] samples:		29
