[runlim] version:		1.10fixed
[runlim] time limit:		1800 seconds
[runlim] real time limit:	311040000 seconds
[runlim] space limit:		4000 MB
[runlim] argv[0]:		./vampire-wrapper.sh
[runlim] argv[1]:		--ignore_missing
[runlim] argv[2]:		on
[runlim] argv[3]:		--mode
[runlim] argv[4]:		smtcomp
[runlim] argv[5]:		/tmp/CFcmn1J4.smt2
[runlim] start:			Tue Feb 19 07:11:27 2019
[runlim] main pid:		9277
[runlim] sample:		8.0 time, 10.2 real, 276.4 MB
[runlim] sample:		13.5 time, 20.2 real, 430.4 MB
[runlim] sample:		17.2 time, 30.2 real, 480.8 MB
[runlim] sample:		25.1 time, 40.2 real, 657.9 MB
[runlim] sample:		33.0 time, 50.2 real, 791.5 MB
[runlim] sample:		28.9 time, 60.2 real, 736.0 MB
[runlim] sample:		28.4 time, 70.2 real, 713.5 MB
[runlim] sample:		26.3 time, 80.2 real, 820.8 MB
[runlim] sample:		20.1 time, 90.2 real, 593.8 MB
[runlim] sample:		27.1 time, 100.1 real, 767.0 MB
[runlim] sample:		38.7 time, 110.2 real, 993.0 MB
[runlim] sample:		24.2 time, 120.2 real, 615.1 MB
[runlim] sample:		24.6 time, 130.2 real, 733.6 MB
[runlim] sample:		30.0 time, 140.1 real, 839.8 MB
[runlim] sample:		21.9 time, 150.2 real, 697.0 MB
[runlim] sample:		17.4 time, 160.2 real, 757.0 MB
[runlim] sample:		22.0 time, 170.2 real, 1048.2 MB
[runlim] sample:		31.8 time, 180.2 real, 1564.3 MB
[runlim] sample:		36.4 time, 190.1 real, 1851.9 MB
[runlim] sample:		39.4 time, 200.2 real, 1991.9 MB
[runlim] sample:		37.3 time, 210.1 real, 1710.2 MB
[runlim] sample:		39.9 time, 220.1 real, 2063.4 MB
[runlim] sample:		37.6 time, 230.1 real, 922.4 MB
[runlim] sample:		43.7 time, 240.1 real, 1311.1 MB
[runlim] sample:		66.5 time, 250.1 real, 1996.8 MB
[runlim] end:			Tue Feb 19 07:15:46 2019
[runlim] status:		out of memory
[runlim] result:		3
[runlim] children:		18176
[runlim] real:			259.97 seconds
[runlim] time:			113.91 seconds
[runlim] space:			4003.0 MB
[runlim] samples:		2598
