[runlim] version:		1.10fixed
[runlim] time limit:		1800 seconds
[runlim] real time limit:	311040000 seconds
[runlim] space limit:		4000 MB
[runlim] argv[0]:		./vampire-wrapper.sh
[runlim] argv[1]:		--ignore_missing
[runlim] argv[2]:		on
[runlim] argv[3]:		--mode
[runlim] argv[4]:		smtcomp
[runlim] argv[5]:		/tmp/GXzVghzZ.smt2
[runlim] start:			Tue Feb 19 07:10:03 2019
[runlim] main pid:		17369
[runlim] sample:		8.2 time, 10.4 real, 288.0 MB
[runlim] sample:		16.0 time, 20.4 real, 524.6 MB
[runlim] sample:		18.5 time, 30.4 real, 514.7 MB
[runlim] sample:		26.8 time, 40.4 real, 667.6 MB
[runlim] sample:		35.3 time, 50.4 real, 848.0 MB
[runlim] sample:		33.8 time, 60.4 real, 745.0 MB
[runlim] sample:		34.3 time, 70.4 real, 686.7 MB
[runlim] sample:		29.6 time, 80.4 real, 749.5 MB
[runlim] sample:		39.3 time, 90.4 real, 942.1 MB
[runlim] sample:		45.7 time, 100.4 real, 1114.8 MB
[runlim] sample:		25.5 time, 110.4 real, 749.1 MB
[runlim] sample:		30.1 time, 120.4 real, 896.4 MB
[runlim] sample:		31.2 time, 130.4 real, 1055.4 MB
[runlim] sample:		40.9 time, 140.4 real, 1272.6 MB
[runlim] sample:		21.2 time, 150.4 real, 619.3 MB
[runlim] sample:		27.1 time, 160.4 real, 734.1 MB
[runlim] sample:		11.9 time, 170.4 real, 470.1 MB
[runlim] sample:		12.7 time, 180.4 real, 539.6 MB
[runlim] sample:		13.7 time, 190.4 real, 728.2 MB
[runlim] sample:		22.1 time, 200.4 real, 1108.0 MB
[runlim] sample:		33.1 time, 210.4 real, 1509.5 MB
[runlim] sample:		30.5 time, 220.4 real, 1513.9 MB
[runlim] sample:		41.5 time, 230.4 real, 1894.3 MB
[runlim] sample:		42.9 time, 240.4 real, 2182.5 MB
[runlim] sample:		40.9 time, 250.4 real, 1923.4 MB
[runlim] sample:		38.2 time, 260.4 real, 925.1 MB
[runlim] sample:		53.5 time, 270.4 real, 1254.1 MB
[runlim] sample:		69.3 time, 280.4 real, 1585.3 MB
[runlim] sample:		84.9 time, 290.4 real, 1915.1 MB
[runlim] sample:		72.9 time, 300.4 real, 2273.2 MB
[runlim] sample:		66.9 time, 310.4 real, 2922.0 MB
[runlim] sample:		82.6 time, 320.4 real, 3637.1 MB
[runlim] end:			Tue Feb 19 07:15:28 2019
[runlim] status:		out of memory
[runlim] result:		3
[runlim] children:		22749
[runlim] real:			325.45 seconds
[runlim] time:			90.47 seconds
[runlim] space:			4001.2 MB
[runlim] samples:		3250
