[runlim] version:		1.10fixed
[runlim] time limit:		1800 seconds
[runlim] real time limit:	311040000 seconds
[runlim] space limit:		4000 MB
[runlim] argv[0]:		./vampire-wrapper.sh
[runlim] argv[1]:		--ignore_missing
[runlim] argv[2]:		on
[runlim] argv[3]:		--mode
[runlim] argv[4]:		smtcomp
[runlim] argv[5]:		/tmp/0Kqn2WEw.smt2
[runlim] start:			Tue Feb 19 07:08:38 2019
[runlim] main pid:		18182
[runlim] sample:		8.2 time, 10.3 real, 283.6 MB
[runlim] sample:		14.8 time, 20.3 real, 470.4 MB
[runlim] sample:		18.5 time, 30.3 real, 507.7 MB
[runlim] sample:		26.3 time, 40.3 real, 673.4 MB
[runlim] sample:		34.0 time, 50.3 real, 844.1 MB
[runlim] sample:		38.9 time, 60.3 real, 1022.6 MB
[runlim] sample:		36.2 time, 70.3 real, 954.3 MB
[runlim] sample:		33.8 time, 80.3 real, 1071.8 MB
[runlim] sample:		15.2 time, 90.3 real, 507.7 MB
[runlim] sample:		15.2 time, 100.3 real, 330.8 MB
[runlim] sample:		19.8 time, 110.3 real, 396.1 MB
[runlim] sample:		29.5 time, 120.3 real, 544.1 MB
[runlim] sample:		16.8 time, 130.3 real, 507.7 MB
[runlim] sample:		20.9 time, 140.3 real, 586.3 MB
[runlim] sample:		17.0 time, 150.3 real, 439.5 MB
[runlim] sample:		11.4 time, 160.3 real, 472.7 MB
[runlim] sample:		12.9 time, 170.3 real, 652.1 MB
[runlim] sample:		22.4 time, 180.3 real, 1044.9 MB
[runlim] sample:		30.0 time, 190.3 real, 1373.7 MB
[runlim] sample:		37.2 time, 200.3 real, 1725.2 MB
[runlim] sample:		35.8 time, 210.3 real, 1684.3 MB
[runlim] sample:		45.3 time, 220.3 real, 2001.5 MB
[runlim] sample:		43.7 time, 230.3 real, 2163.6 MB
[runlim] sample:		23.9 time, 240.3 real, 559.8 MB
[runlim] sample:		33.4 time, 250.3 real, 778.7 MB
[runlim] sample:		43.1 time, 260.3 real, 978.0 MB
[runlim] sample:		42.1 time, 270.3 real, 1176.0 MB
[runlim] sample:		33.8 time, 280.3 real, 1479.5 MB
[runlim] sample:		47.0 time, 290.3 real, 2078.3 MB
[runlim] sample:		60.1 time, 300.3 real, 2676.3 MB
[runlim] sample:		73.3 time, 310.3 real, 3272.4 MB
[runlim] sample:		86.5 time, 320.3 real, 3872.1 MB
[runlim] end:			Tue Feb 19 07:14:00 2019
[runlim] status:		out of memory
[runlim] result:		3
[runlim] children:		22551
[runlim] real:			322.47 seconds
[runlim] time:			89.43 seconds
[runlim] space:			4002.3 MB
[runlim] samples:		3222
