[runlim] version:		1.10fixed
[runlim] time limit:		1800 seconds
[runlim] real time limit:	311040000 seconds
[runlim] space limit:		4000 MB
[runlim] argv[0]:		./vampire-wrapper.sh
[runlim] argv[1]:		--ignore_missing
[runlim] argv[2]:		on
[runlim] argv[3]:		--mode
[runlim] argv[4]:		smtcomp
[runlim] argv[5]:		/tmp/etkxSlZB.smt2
[runlim] start:			Tue Feb 19 07:11:16 2019
[runlim] main pid:		16636
[runlim] sample:		6.8 time, 10.4 real, 262.5 MB
[runlim] sample:		14.3 time, 20.4 real, 479.7 MB
[runlim] sample:		20.4 time, 30.4 real, 529.3 MB
[runlim] sample:		28.8 time, 40.4 real, 675.8 MB
[runlim] sample:		36.6 time, 50.4 real, 841.6 MB
[runlim] sample:		43.9 time, 60.4 real, 1021.3 MB
[runlim] sample:		44.3 time, 70.4 real, 970.0 MB
[runlim] sample:		30.7 time, 80.4 real, 735.8 MB
[runlim] sample:		13.5 time, 90.4 real, 473.0 MB
[runlim] sample:		19.9 time, 100.4 real, 615.7 MB
[runlim] sample:		23.3 time, 110.4 real, 723.0 MB
[runlim] sample:		22.9 time, 120.4 real, 463.5 MB
[runlim] sample:		20.8 time, 130.4 real, 510.1 MB
[runlim] sample:		10.2 time, 140.4 real, 301.9 MB
[runlim] sample:		18.9 time, 150.4 real, 442.8 MB
[runlim] sample:		19.1 time, 160.4 real, 812.6 MB
[runlim] sample:		23.1 time, 170.4 real, 995.1 MB
[runlim] sample:		31.0 time, 180.4 real, 1561.9 MB
[runlim] sample:		43.2 time, 190.4 real, 2122.0 MB
[runlim] sample:		47.2 time, 200.4 real, 2462.6 MB
[runlim] sample:		27.1 time, 210.4 real, 1720.4 MB
[runlim] sample:		42.9 time, 220.4 real, 2287.3 MB
[runlim] sample:		40.5 time, 230.4 real, 1026.1 MB
[runlim] sample:		45.6 time, 240.4 real, 1350.8 MB
[runlim] sample:		63.1 time, 250.4 real, 1888.8 MB
[runlim] sample:		82.7 time, 260.4 real, 2477.4 MB
[runlim] sample:		96.9 time, 270.4 real, 3427.3 MB
[runlim] end:			Tue Feb 19 07:15:52 2019
[runlim] status:		out of memory
[runlim] result:		3
[runlim] children:		19316
[runlim] real:			276.38 seconds
[runlim] time:			110.45 seconds
[runlim] space:			4009.0 MB
[runlim] samples:		2760
