[runlim] version:		1.10fixed
[runlim] time limit:		1800 seconds
[runlim] real time limit:	311040000 seconds
[runlim] space limit:		4000 MB
[runlim] argv[0]:		./vampire-wrapper.sh
[runlim] argv[1]:		--ignore_missing
[runlim] argv[2]:		on
[runlim] argv[3]:		--mode
[runlim] argv[4]:		smtcomp
[runlim] argv[5]:		/tmp/izcnsy5Q.smt2
[runlim] start:			Tue Feb 19 07:12:42 2019
[runlim] main pid:		24432
[runlim] sample:		8.1 time, 10.6 real, 283.7 MB
[runlim] sample:		13.8 time, 20.6 real, 458.8 MB
[runlim] sample:		17.4 time, 30.6 real, 499.4 MB
[runlim] sample:		25.5 time, 40.6 real, 677.8 MB
[runlim] sample:		33.7 time, 50.6 real, 832.5 MB
[runlim] sample:		33.0 time, 60.6 real, 733.5 MB
[runlim] sample:		33.6 time, 70.6 real, 662.1 MB
[runlim] sample:		29.6 time, 80.6 real, 728.2 MB
[runlim] sample:		40.4 time, 90.6 real, 926.0 MB
[runlim] sample:		20.0 time, 100.6 real, 614.8 MB
[runlim] sample:		32.3 time, 110.6 real, 861.8 MB
[runlim] sample:		34.3 time, 120.6 real, 641.2 MB
[runlim] sample:		39.9 time, 130.6 real, 874.7 MB
[runlim] sample:		29.9 time, 140.6 real, 878.3 MB
[runlim] sample:		41.8 time, 150.6 real, 1149.3 MB
[runlim] sample:		33.9 time, 160.6 real, 1019.9 MB
[runlim] sample:		28.8 time, 170.6 real, 1204.0 MB
[runlim] sample:		37.4 time, 180.6 real, 1931.9 MB
[runlim] sample:		47.4 time, 190.6 real, 2421.5 MB
[runlim] sample:		56.9 time, 200.6 real, 2017.2 MB
[runlim] sample:		89.2 time, 210.6 real, 2327.7 MB
[runlim] end:			Tue Feb 19 07:16:22 2019
[runlim] status:		out of memory
[runlim] result:		3
[runlim] children:		15384
[runlim] real:			220.45 seconds
[runlim] time:			148.07 seconds
[runlim] space:			4009.1 MB
[runlim] samples:		2198
