[runlim] version:		1.10fixed
[runlim] time limit:		1800 seconds
[runlim] real time limit:	311040000 seconds
[runlim] space limit:		4000 MB
[runlim] argv[0]:		./vampire-wrapper.sh
[runlim] argv[1]:		--ignore_missing
[runlim] argv[2]:		on
[runlim] argv[3]:		--mode
[runlim] argv[4]:		smtcomp
[runlim] argv[5]:		/tmp/rX4utUfl.smt2
[runlim] start:			Tue Feb 19 07:08:38 2019
[runlim] main pid:		8652
[runlim] sample:		8.2 time, 11.0 real, 282.2 MB
[runlim] sample:		15.8 time, 21.0 real, 515.9 MB
[runlim] sample:		22.5 time, 31.0 real, 685.6 MB
[runlim] sample:		25.1 time, 41.0 real, 673.0 MB
[runlim] sample:		33.3 time, 51.0 real, 865.8 MB
[runlim] sample:		40.9 time, 61.0 real, 1016.4 MB
[runlim] sample:		50.5 time, 71.0 real, 1249.2 MB
[runlim] sample:		35.9 time, 81.0 real, 1004.4 MB
[runlim] sample:		35.7 time, 91.0 real, 1200.4 MB
[runlim] sample:		31.5 time, 101.0 real, 1013.7 MB
[runlim] end:			Tue Feb 19 07:10:24 2019
[runlim] status:		ok
[runlim] result:		0
[runlim] children:		7349
[runlim] real:			106.01 seconds
[runlim] time:			54.18 seconds
[runlim] space:			1333.9 MB
[runlim] samples:		1050
