[runlim] version:		1.10fixed
[runlim] time limit:		1800 seconds
[runlim] real time limit:	311040000 seconds
[runlim] space limit:		4000 MB
[runlim] argv[0]:		./vampire-wrapper.sh
[runlim] argv[1]:		--ignore_missing
[runlim] argv[2]:		on
[runlim] argv[3]:		--mode
[runlim] argv[4]:		smtcomp
[runlim] argv[5]:		/tmp/MBFAbwHz.smt2
[runlim] start:			Tue Feb 19 07:05:29 2019
[runlim] main pid:		24141
[runlim] sample:		8.3 time, 10.7 real, 285.9 MB
[runlim] sample:		14.3 time, 20.7 real, 468.3 MB
[runlim] sample:		17.8 time, 30.7 real, 502.7 MB
[runlim] sample:		25.9 time, 40.7 real, 672.2 MB
[runlim] sample:		33.8 time, 50.7 real, 849.9 MB
[runlim] sample:		35.2 time, 60.7 real, 799.1 MB
[runlim] sample:		34.3 time, 70.7 real, 680.9 MB
[runlim] sample:		30.2 time, 80.7 real, 755.1 MB
[runlim] sample:		26.4 time, 90.7 real, 535.2 MB
[runlim] sample:		32.5 time, 100.7 real, 636.8 MB
[runlim] sample:		23.9 time, 110.7 real, 753.5 MB
[runlim] sample:		21.8 time, 120.7 real, 471.0 MB
[runlim] sample:		22.6 time, 130.7 real, 584.5 MB
[runlim] sample:		23.7 time, 140.7 real, 667.6 MB
[runlim] sample:		22.6 time, 150.7 real, 623.4 MB
[runlim] sample:		16.5 time, 160.7 real, 429.4 MB
[runlim] sample:		11.2 time, 170.7 real, 474.0 MB
[runlim] sample:		14.8 time, 180.7 real, 663.0 MB
[runlim] sample:		21.9 time, 190.7 real, 1039.9 MB
[runlim] sample:		29.7 time, 200.7 real, 1369.6 MB
[runlim] end:			Tue Feb 19 07:08:59 2019
[runlim] status:		ok
[runlim] result:		0
[runlim] children:		14692
[runlim] real:			210.61 seconds
[runlim] time:			41.39 seconds
[runlim] space:			1674.8 MB
[runlim] samples:		2099
