[runlim] version:		1.10fixed
[runlim] time limit:		1800 seconds
[runlim] real time limit:	311040000 seconds
[runlim] space limit:		4000 MB
[runlim] argv[0]:		./vampire-wrapper.sh
[runlim] argv[1]:		--ignore_missing
[runlim] argv[2]:		on
[runlim] argv[3]:		--mode
[runlim] argv[4]:		smtcomp
[runlim] argv[5]:		/tmp/yvky0qi5.smt2
[runlim] start:			Tue Feb 19 07:04:58 2019
[runlim] main pid:		20135
[runlim] sample:		8.2 time, 10.3 real, 285.7 MB
[runlim] sample:		15.7 time, 20.3 real, 514.5 MB
[runlim] sample:		22.9 time, 30.3 real, 692.0 MB
[runlim] sample:		26.1 time, 40.3 real, 689.3 MB
[runlim] sample:		34.5 time, 50.3 real, 861.2 MB
[runlim] sample:		25.6 time, 60.3 real, 552.1 MB
[runlim] sample:		24.5 time, 70.3 real, 418.4 MB
[runlim] sample:		20.6 time, 80.3 real, 469.9 MB
[runlim] sample:		17.6 time, 90.3 real, 546.2 MB
[runlim] sample:		22.7 time, 100.3 real, 692.9 MB
[runlim] sample:		31.3 time, 110.3 real, 875.2 MB
[runlim] sample:		30.4 time, 120.3 real, 615.8 MB
[runlim] sample:		15.8 time, 130.3 real, 522.4 MB
[runlim] sample:		23.3 time, 140.3 real, 762.4 MB
[runlim] sample:		15.7 time, 150.3 real, 442.1 MB
[runlim] sample:		15.7 time, 160.3 real, 511.3 MB
[runlim] sample:		17.3 time, 170.3 real, 689.5 MB
[runlim] sample:		18.3 time, 180.3 real, 933.9 MB
[runlim] sample:		26.0 time, 190.3 real, 1274.5 MB
[runlim] sample:		33.8 time, 200.3 real, 1618.6 MB
[runlim] sample:		24.3 time, 210.3 real, 1476.2 MB
[runlim] sample:		33.8 time, 220.3 real, 1842.9 MB
[runlim] sample:		29.4 time, 230.3 real, 1529.8 MB
[runlim] sample:		39.1 time, 240.3 real, 1857.9 MB
[runlim] sample:		35.2 time, 250.3 real, 923.0 MB
[runlim] sample:		44.7 time, 260.3 real, 1129.0 MB
[runlim] sample:		54.4 time, 270.3 real, 1329.4 MB
[runlim] sample:		39.6 time, 280.3 real, 1447.4 MB
[runlim] sample:		42.8 time, 290.3 real, 1833.7 MB
[runlim] sample:		52.4 time, 300.3 real, 2274.8 MB
[runlim] sample:		61.9 time, 310.3 real, 2712.6 MB
[runlim] sample:		71.3 time, 320.3 real, 3146.2 MB
[runlim] sample:		64.8 time, 330.3 real, 3136.0 MB
[runlim] sample:		74.5 time, 340.3 real, 3608.6 MB
[runlim] sample:		64.2 time, 350.3 real, 3237.9 MB
[runlim] sample:		73.9 time, 360.3 real, 3704.7 MB
[runlim] end:			Tue Feb 19 07:11:04 2019
[runlim] status:		out of memory
[runlim] result:		3
[runlim] children:		25644
[runlim] real:			366.70 seconds
[runlim] time:			80.07 seconds
[runlim] space:			4000.7 MB
[runlim] samples:		3664
