[runlim] version:		1.10fixed
[runlim] time limit:		1800 seconds
[runlim] real time limit:	311040000 seconds
[runlim] space limit:		4000 MB
[runlim] argv[0]:		./vampire-wrapper.sh
[runlim] argv[1]:		--ignore_missing
[runlim] argv[2]:		on
[runlim] argv[3]:		--mode
[runlim] argv[4]:		smtcomp
[runlim] argv[5]:		/tmp/OHGpapW2.smt2
[runlim] start:			Tue Feb 19 07:09:54 2019
[runlim] main pid:		28100
[runlim] sample:		8.1 time, 10.7 real, 279.3 MB
[runlim] sample:		13.8 time, 20.7 real, 460.0 MB
[runlim] sample:		18.9 time, 30.7 real, 508.2 MB
[runlim] sample:		26.8 time, 40.7 real, 654.0 MB
[runlim] sample:		35.0 time, 50.7 real, 813.5 MB
[runlim] sample:		33.3 time, 60.7 real, 727.7 MB
[runlim] sample:		43.0 time, 70.7 real, 934.7 MB
[runlim] sample:		28.9 time, 80.7 real, 725.8 MB
[runlim] sample:		38.8 time, 90.7 real, 914.5 MB
[runlim] sample:		30.0 time, 100.7 real, 606.7 MB
[runlim] sample:		26.1 time, 110.7 real, 753.9 MB
[runlim] sample:		31.4 time, 120.7 real, 901.7 MB
[runlim] sample:		21.0 time, 130.7 real, 524.6 MB
[runlim] sample:		24.9 time, 140.7 real, 619.3 MB
[runlim] sample:		20.4 time, 150.7 real, 587.6 MB
[runlim] sample:		16.1 time, 160.7 real, 439.4 MB
[runlim] sample:		10.4 time, 170.7 real, 499.9 MB
[runlim] sample:		16.7 time, 180.7 real, 712.0 MB
[runlim] sample:		21.7 time, 190.7 real, 1070.8 MB
[runlim] sample:		29.5 time, 200.7 real, 1413.0 MB
[runlim] sample:		37.1 time, 210.7 real, 1778.1 MB
[runlim] sample:		41.7 time, 220.7 real, 1892.1 MB
[runlim] sample:		31.4 time, 230.7 real, 1404.2 MB
[runlim] sample:		28.3 time, 240.7 real, 578.9 MB
[runlim] sample:		27.1 time, 250.7 real, 659.9 MB
[runlim] sample:		30.5 time, 260.7 real, 907.4 MB
[runlim] sample:		41.5 time, 270.7 real, 1221.4 MB
[runlim] sample:		54.6 time, 280.7 real, 1583.0 MB
[runlim] sample:		50.0 time, 290.7 real, 2133.6 MB
[runlim] sample:		69.4 time, 300.7 real, 3029.4 MB
[runlim] sample:		88.4 time, 310.7 real, 3913.9 MB
[runlim] end:			Tue Feb 19 07:15:05 2019
[runlim] status:		out of memory
[runlim] result:		3
[runlim] children:		21775
[runlim] real:			311.82 seconds
[runlim] time:			90.45 seconds
[runlim] space:			4008.1 MB
[runlim] samples:		3111
