[runlim] version:		1.10fixed
[runlim] time limit:		1800 seconds
[runlim] real time limit:	311040000 seconds
[runlim] space limit:		4000 MB
[runlim] argv[0]:		./vampire-wrapper.sh
[runlim] argv[1]:		--ignore_missing
[runlim] argv[2]:		on
[runlim] argv[3]:		--mode
[runlim] argv[4]:		smtcomp
[runlim] argv[5]:		/tmp/EcEmkCD5.smt2
[runlim] start:			Tue Feb 19 07:08:58 2019
[runlim] main pid:		18305
[runlim] sample:		8.4 time, 10.1 real, 288.7 MB
[runlim] sample:		13.0 time, 20.1 real, 413.5 MB
[runlim] sample:		20.1 time, 30.1 real, 518.5 MB
[runlim] sample:		28.2 time, 40.1 real, 674.9 MB
[runlim] sample:		36.7 time, 50.1 real, 835.8 MB
[runlim] sample:		35.9 time, 60.1 real, 765.9 MB
[runlim] sample:		29.9 time, 70.1 real, 723.8 MB
[runlim] sample:		13.0 time, 80.1 real, 429.2 MB
[runlim] sample:		17.8 time, 90.1 real, 558.4 MB
[runlim] sample:		24.4 time, 100.1 real, 713.3 MB
[runlim] sample:		32.8 time, 110.1 real, 890.1 MB
[runlim] sample:		19.8 time, 120.1 real, 544.4 MB
[runlim] sample:		19.1 time, 130.1 real, 594.1 MB
[runlim] sample:		25.9 time, 140.1 real, 837.4 MB
[runlim] sample:		28.5 time, 150.1 real, 851.3 MB
[runlim] sample:		9.5 time, 160.1 real, 463.6 MB
[runlim] sample:		15.7 time, 170.1 real, 671.4 MB
[runlim] sample:		20.4 time, 180.1 real, 996.7 MB
[runlim] sample:		28.0 time, 190.1 real, 1326.8 MB
[runlim] sample:		35.6 time, 200.1 real, 1674.8 MB
[runlim] sample:		34.3 time, 210.1 real, 1663.7 MB
[runlim] sample:		30.4 time, 220.1 real, 1330.3 MB
[runlim] sample:		39.9 time, 230.1 real, 1668.4 MB
[runlim] sample:		37.4 time, 240.1 real, 1835.7 MB
[runlim] sample:		40.1 time, 250.1 real, 2155.8 MB
[runlim] sample:		51.1 time, 260.1 real, 2552.5 MB
[runlim] sample:		46.8 time, 270.1 real, 1401.4 MB
[runlim] sample:		45.5 time, 280.1 real, 1689.3 MB
[runlim] sample:		50.7 time, 290.1 real, 2188.1 MB
[runlim] sample:		63.6 time, 300.1 real, 2772.1 MB
[runlim] sample:		78.5 time, 310.1 real, 3452.2 MB
[runlim] end:			Tue Feb 19 07:14:15 2019
[runlim] status:		out of memory
[runlim] result:		3
[runlim] children:		22236
[runlim] real:			317.78 seconds
[runlim] time:			90.44 seconds
[runlim] space:			4006.5 MB
[runlim] samples:		3177
