[runlim] version:		1.10fixed
[runlim] time limit:		1800 seconds
[runlim] real time limit:	311040000 seconds
[runlim] space limit:		4000 MB
[runlim] argv[0]:		./vampire-wrapper.sh
[runlim] argv[1]:		--ignore_missing
[runlim] argv[2]:		on
[runlim] argv[3]:		--mode
[runlim] argv[4]:		smtcomp
[runlim] argv[5]:		/tmp/G3POoPi8.smt2
[runlim] start:			Tue Feb 19 07:12:14 2019
[runlim] main pid:		19912
[runlim] sample:		8.7 time, 10.4 real, 314.7 MB
[runlim] sample:		16.5 time, 20.4 real, 544.0 MB
[runlim] sample:		24.0 time, 30.4 real, 726.6 MB
[runlim] sample:		32.0 time, 40.4 real, 935.7 MB
[runlim] sample:		27.0 time, 50.4 real, 607.4 MB
[runlim] sample:		32.7 time, 60.4 real, 758.6 MB
[runlim] sample:		28.4 time, 70.4 real, 722.2 MB
[runlim] sample:		24.0 time, 80.4 real, 782.4 MB
[runlim] sample:		30.1 time, 90.4 real, 930.7 MB
[runlim] sample:		21.6 time, 100.4 real, 644.7 MB
[runlim] sample:		33.0 time, 110.4 real, 903.0 MB
[runlim] sample:		26.8 time, 120.4 real, 648.7 MB
[runlim] sample:		23.3 time, 130.4 real, 619.6 MB
[runlim] sample:		29.4 time, 140.4 real, 814.5 MB
[runlim] sample:		23.3 time, 150.4 real, 439.7 MB
[runlim] sample:		29.8 time, 160.4 real, 933.8 MB
[runlim] sample:		29.0 time, 170.4 real, 1246.6 MB
[runlim] sample:		44.0 time, 180.4 real, 2202.2 MB
[runlim] sample:		46.6 time, 190.4 real, 2196.7 MB
[runlim] sample:		39.4 time, 200.4 real, 1033.5 MB
[runlim] sample:		60.5 time, 210.4 real, 1355.2 MB
[runlim] sample:		100.4 time, 220.4 real, 2232.3 MB
[runlim] sample:		140.3 time, 230.4 real, 3124.3 MB
[runlim] end:			Tue Feb 19 07:16:09 2019
[runlim] status:		out of memory
[runlim] result:		3
[runlim] children:		16461
[runlim] real:			235.61 seconds
[runlim] time:			156.32 seconds
[runlim] space:			4011.6 MB
[runlim] samples:		2352
