[runlim] version:		1.10fixed
[runlim] time limit:		1800 seconds
[runlim] real time limit:	311040000 seconds
[runlim] space limit:		4000 MB
[runlim] argv[0]:		./vampire-wrapper.sh
[runlim] argv[1]:		--ignore_missing
[runlim] argv[2]:		on
[runlim] argv[3]:		--mode
[runlim] argv[4]:		smtcomp
[runlim] argv[5]:		/tmp/S3306TQW.smt2
[runlim] start:			Tue Feb 19 07:08:48 2019
[runlim] main pid:		27901
[runlim] sample:		6.3 time, 10.1 real, 235.1 MB
[runlim] sample:		13.7 time, 20.1 real, 443.3 MB
[runlim] sample:		21.6 time, 30.1 real, 650.5 MB
[runlim] sample:		26.4 time, 40.1 real, 651.3 MB
[runlim] sample:		34.4 time, 50.1 real, 806.8 MB
[runlim] sample:		33.1 time, 60.1 real, 703.7 MB
[runlim] sample:		33.9 time, 70.1 real, 647.8 MB
[runlim] sample:		29.4 time, 80.1 real, 702.5 MB
[runlim] sample:		25.6 time, 90.1 real, 489.2 MB
[runlim] sample:		31.9 time, 100.1 real, 590.8 MB
[runlim] sample:		36.5 time, 110.1 real, 704.2 MB
[runlim] sample:		32.1 time, 120.1 real, 880.3 MB
[runlim] sample:		20.9 time, 130.1 real, 529.5 MB
[runlim] sample:		19.9 time, 140.1 real, 545.6 MB
[runlim] sample:		21.2 time, 150.1 real, 616.9 MB
[runlim] sample:		15.6 time, 160.1 real, 452.1 MB
[runlim] sample:		14.9 time, 170.1 real, 474.1 MB
[runlim] sample:		15.5 time, 180.1 real, 666.5 MB
[runlim] sample:		20.6 time, 190.1 real, 1012.7 MB
[runlim] sample:		28.5 time, 200.1 real, 1366.6 MB
[runlim] sample:		36.5 time, 210.1 real, 1738.4 MB
[runlim] sample:		35.0 time, 220.1 real, 1724.4 MB
[runlim] sample:		30.6 time, 230.1 real, 1431.7 MB
[runlim] sample:		40.1 time, 240.1 real, 1758.2 MB
[runlim] sample:		38.0 time, 250.1 real, 1938.0 MB
[runlim] sample:		25.5 time, 260.1 real, 837.4 MB
[runlim] sample:		35.3 time, 270.1 real, 1118.2 MB
[runlim] sample:		44.9 time, 280.1 real, 1394.7 MB
[runlim] sample:		42.8 time, 290.1 real, 1604.3 MB
[runlim] sample:		46.0 time, 300.1 real, 1987.2 MB
[runlim] sample:		56.5 time, 310.1 real, 2458.9 MB
[runlim] sample:		67.5 time, 320.1 real, 2953.8 MB
[runlim] sample:		78.7 time, 330.1 real, 3458.9 MB
[runlim] sample:		89.8 time, 340.1 real, 3956.1 MB
[runlim] end:			Tue Feb 19 07:14:29 2019
[runlim] status:		out of memory
[runlim] result:		3
[runlim] children:		23863
[runlim] real:			341.07 seconds
[runlim] time:			90.75 seconds
[runlim] space:			4000.1 MB
[runlim] samples:		3409
