[runlim] version:		1.10fixed
[runlim] time limit:		1800 seconds
[runlim] real time limit:	311040000 seconds
[runlim] space limit:		4000 MB
[runlim] argv[0]:		./vampire-wrapper.sh
[runlim] argv[1]:		--ignore_missing
[runlim] argv[2]:		on
[runlim] argv[3]:		--mode
[runlim] argv[4]:		smtcomp
[runlim] argv[5]:		/tmp/SqXT5ZP6.smt2
[runlim] start:			Tue Feb 19 07:07:03 2019
[runlim] main pid:		675
[runlim] sample:		8.3 time, 10.5 real, 276.7 MB
[runlim] sample:		15.8 time, 20.5 real, 491.5 MB
[runlim] sample:		23.2 time, 30.5 real, 656.0 MB
[runlim] sample:		31.2 time, 40.5 real, 857.9 MB
[runlim] sample:		33.6 time, 50.5 real, 767.0 MB
[runlim] sample:		37.4 time, 60.5 real, 928.0 MB
[runlim] sample:		25.8 time, 70.5 real, 533.3 MB
[runlim] sample:		20.8 time, 80.5 real, 653.7 MB
[runlim] sample:		13.6 time, 90.5 real, 411.5 MB
[runlim] sample:		21.3 time, 100.5 real, 558.5 MB
[runlim] sample:		31.2 time, 110.5 real, 734.4 MB
[runlim] sample:		41.0 time, 120.5 real, 887.0 MB
[runlim] sample:		25.1 time, 130.5 real, 893.6 MB
[runlim] sample:		19.8 time, 140.5 real, 553.5 MB
[runlim] sample:		22.4 time, 150.5 real, 590.9 MB
[runlim] sample:		15.6 time, 160.5 real, 324.2 MB
[runlim] sample:		15.7 time, 170.5 real, 515.4 MB
[runlim] sample:		21.9 time, 180.5 real, 683.9 MB
[runlim] sample:		17.9 time, 190.5 real, 977.6 MB
[runlim] sample:		27.7 time, 200.5 real, 1357.8 MB
[runlim] sample:		31.6 time, 210.5 real, 1575.1 MB
[runlim] sample:		34.3 time, 220.5 real, 1649.3 MB
[runlim] sample:		30.5 time, 230.5 real, 1312.9 MB
[runlim] sample:		31.0 time, 240.5 real, 1498.2 MB
[runlim] sample:		40.5 time, 250.5 real, 1822.4 MB
[runlim] sample:		35.5 time, 260.5 real, 846.7 MB
[runlim] sample:		45.1 time, 270.5 real, 1044.4 MB
[runlim] sample:		54.7 time, 280.5 real, 1237.0 MB
[runlim] sample:		64.3 time, 290.5 real, 1429.3 MB
[runlim] sample:		74.1 time, 300.5 real, 1622.6 MB
[runlim] sample:		68.9 time, 310.5 real, 1847.0 MB
[runlim] sample:		78.7 time, 320.5 real, 2116.9 MB
[runlim] sample:		88.4 time, 330.5 real, 2389.2 MB
[runlim] sample:		85.2 time, 340.5 real, 2638.2 MB
[runlim] sample:		94.9 time, 350.5 real, 3023.0 MB
[runlim] sample:		104.5 time, 360.5 real, 3401.8 MB
[runlim] sample:		72.4 time, 370.5 real, 2316.1 MB
[runlim] sample:		82.0 time, 380.5 real, 2717.1 MB
[runlim] sample:		91.7 time, 390.5 real, 3113.4 MB
[runlim] sample:		101.4 time, 400.5 real, 3509.1 MB
[runlim] sample:		111.0 time, 410.5 real, 3905.4 MB
[runlim] end:			Tue Feb 19 07:13:56 2019
[runlim] status:		out of memory
[runlim] result:		3
[runlim] children:		28887
[runlim] real:			413.23 seconds
[runlim] time:			111.15 seconds
[runlim] space:			4003.1 MB
[runlim] samples:		4127
