[runlim] version:		1.10fixed
[runlim] time limit:		1800 seconds
[runlim] real time limit:	311040000 seconds
[runlim] space limit:		4000 MB
[runlim] argv[0]:		./vampire-wrapper.sh
[runlim] argv[1]:		--ignore_missing
[runlim] argv[2]:		on
[runlim] argv[3]:		--mode
[runlim] argv[4]:		smtcomp
[runlim] argv[5]:		/tmp/i3tXmBBI.smt2
[runlim] start:			Tue Feb 19 07:10:15 2019
[runlim] main pid:		2457
[runlim] sample:		8.1 time, 10.8 real, 284.6 MB
[runlim] sample:		14.3 time, 20.8 real, 471.5 MB
[runlim] sample:		22.4 time, 30.8 real, 691.5 MB
[runlim] sample:		26.3 time, 40.8 real, 671.1 MB
[runlim] sample:		34.6 time, 50.8 real, 858.2 MB
[runlim] sample:		38.2 time, 60.8 real, 1096.6 MB
[runlim] sample:		36.6 time, 70.8 real, 959.3 MB
[runlim] sample:		32.9 time, 80.8 real, 1081.9 MB
[runlim] sample:		16.9 time, 90.8 real, 515.4 MB
[runlim] sample:		21.7 time, 100.8 real, 649.7 MB
[runlim] sample:		27.1 time, 110.8 real, 789.0 MB
[runlim] sample:		36.5 time, 120.8 real, 968.3 MB
[runlim] sample:		13.0 time, 130.8 real, 450.8 MB
[runlim] sample:		18.8 time, 140.8 real, 595.6 MB
[runlim] sample:		28.3 time, 150.8 real, 798.8 MB
[runlim] sample:		28.2 time, 160.8 real, 823.8 MB
[runlim] sample:		27.5 time, 170.8 real, 1035.4 MB
[runlim] sample:		33.5 time, 180.8 real, 1233.4 MB
[runlim] sample:		20.6 time, 190.8 real, 1068.4 MB
[runlim] sample:		28.7 time, 200.8 real, 1451.6 MB
[runlim] sample:		39.8 time, 210.8 real, 1859.5 MB
[runlim] sample:		29.4 time, 220.8 real, 1374.0 MB
[runlim] sample:		32.5 time, 230.8 real, 1509.8 MB
[runlim] sample:		33.0 time, 240.8 real, 1738.9 MB
[runlim] sample:		29.0 time, 250.8 real, 775.9 MB
[runlim] sample:		39.6 time, 260.8 real, 1007.8 MB
[runlim] sample:		50.6 time, 270.8 real, 1243.8 MB
[runlim] sample:		61.4 time, 280.8 real, 1470.8 MB
[runlim] sample:		72.3 time, 290.8 real, 1698.2 MB
[runlim] sample:		62.1 time, 300.8 real, 1988.3 MB
[runlim] sample:		73.0 time, 310.8 real, 2421.4 MB
[runlim] sample:		84.0 time, 320.8 real, 2867.9 MB
[runlim] sample:		74.9 time, 330.8 real, 3341.8 MB
[runlim] sample:		85.7 time, 340.8 real, 3834.2 MB
[runlim] end:			Tue Feb 19 07:15:59 2019
[runlim] status:		out of memory
[runlim] result:		3
[runlim] children:		24037
[runlim] real:			344.26 seconds
[runlim] time:			89.38 seconds
[runlim] space:			4001.1 MB
[runlim] samples:		3434
