[runlim] version:		1.10fixed
[runlim] time limit:		1800 seconds
[runlim] real time limit:	311040000 seconds
[runlim] space limit:		4000 MB
[runlim] argv[0]:		./vampire-wrapper.sh
[runlim] argv[1]:		--ignore_missing
[runlim] argv[2]:		on
[runlim] argv[3]:		--mode
[runlim] argv[4]:		smtcomp
[runlim] argv[5]:		/tmp/fVYFyaKA.smt2
[runlim] start:			Tue Feb 19 07:07:40 2019
[runlim] main pid:		8528
[runlim] sample:		6.6 time, 10.7 real, 246.9 MB
[runlim] sample:		14.3 time, 20.7 real, 461.1 MB
[runlim] sample:		22.1 time, 30.7 real, 671.8 MB
[runlim] sample:		26.0 time, 40.7 real, 664.7 MB
[runlim] sample:		34.0 time, 50.7 real, 839.6 MB
[runlim] sample:		21.3 time, 60.7 real, 539.3 MB
[runlim] sample:		17.1 time, 70.7 real, 387.8 MB
[runlim] sample:		12.6 time, 80.7 real, 421.8 MB
[runlim] sample:		20.2 time, 90.7 real, 577.1 MB
[runlim] sample:		25.4 time, 100.7 real, 705.8 MB
[runlim] sample:		35.1 time, 110.7 real, 895.0 MB
[runlim] sample:		22.9 time, 120.7 real, 864.1 MB
[runlim] sample:		29.4 time, 130.7 real, 1030.5 MB
[runlim] sample:		22.7 time, 140.7 real, 686.8 MB
[runlim] sample:		28.5 time, 150.7 real, 864.4 MB
[runlim] sample:		25.8 time, 160.7 real, 950.0 MB
[runlim] sample:		14.2 time, 170.7 real, 667.8 MB
[runlim] sample:		19.3 time, 180.7 real, 1001.3 MB
[runlim] sample:		27.1 time, 190.7 real, 1352.8 MB
[runlim] sample:		36.9 time, 200.7 real, 1710.3 MB
[runlim] sample:		32.9 time, 210.7 real, 1651.2 MB
[runlim] end:			Tue Feb 19 07:11:15 2019
[runlim] status:		ok
[runlim] result:		0
[runlim] children:		15063
[runlim] real:			215.97 seconds
[runlim] time:			38.70 seconds
[runlim] space:			1830.1 MB
[runlim] samples:		2152
