[runlim] version:		1.10fixed
[runlim] time limit:		1800 seconds
[runlim] real time limit:	311040000 seconds
[runlim] space limit:		4000 MB
[runlim] argv[0]:		./vampire-wrapper.sh
[runlim] argv[1]:		--ignore_missing
[runlim] argv[2]:		on
[runlim] argv[3]:		--mode
[runlim] argv[4]:		smtcomp
[runlim] argv[5]:		/tmp/XriBVNjE.smt2
[runlim] start:			Tue Feb 19 07:11:06 2019
[runlim] main pid:		21266
[runlim] sample:		7.9 time, 10.3 real, 283.6 MB
[runlim] sample:		13.6 time, 20.3 real, 442.4 MB
[runlim] sample:		18.7 time, 30.3 real, 508.1 MB
[runlim] sample:		24.9 time, 40.3 real, 665.6 MB
[runlim] sample:		25.9 time, 50.3 real, 580.0 MB
[runlim] sample:		25.9 time, 60.3 real, 546.6 MB
[runlim] sample:		33.1 time, 70.3 real, 713.8 MB
[runlim] sample:		32.0 time, 80.3 real, 777.2 MB
[runlim] sample:		38.5 time, 90.3 real, 945.9 MB
[runlim] sample:		36.6 time, 100.3 real, 1124.2 MB
[runlim] sample:		17.8 time, 110.3 real, 401.9 MB
[runlim] sample:		16.3 time, 120.3 real, 254.3 MB
[runlim] sample:		24.3 time, 130.3 real, 565.3 MB
[runlim] sample:		19.5 time, 140.3 real, 528.6 MB
[runlim] sample:		42.2 time, 150.3 real, 1232.6 MB
[runlim] sample:		31.7 time, 160.3 real, 1434.2 MB
[runlim] sample:		48.2 time, 170.3 real, 2043.6 MB
[runlim] sample:		43.9 time, 180.3 real, 2066.2 MB
[runlim] sample:		60.2 time, 190.3 real, 2811.5 MB
[runlim] sample:		79.7 time, 200.3 real, 2517.2 MB
[runlim] sample:		117.9 time, 210.3 real, 3162.9 MB
[runlim] end:			Tue Feb 19 07:14:41 2019
[runlim] status:		out of memory
[runlim] result:		3
[runlim] children:		15094
[runlim] real:			216.00 seconds
[runlim] time:			152.17 seconds
[runlim] space:			4005.7 MB
[runlim] samples:		2157
