[runlim] version:		1.10fixed
[runlim] time limit:		1800 seconds
[runlim] real time limit:	311040000 seconds
[runlim] space limit:		4000 MB
[runlim] argv[0]:		./vampire-wrapper.sh
[runlim] argv[1]:		--ignore_missing
[runlim] argv[2]:		on
[runlim] argv[3]:		--mode
[runlim] argv[4]:		smtcomp
[runlim] argv[5]:		/tmp/zSlWE6pH.smt2
[runlim] start:			Tue Feb 19 07:04:30 2019
[runlim] main pid:		5704
[runlim] sample:		8.0 time, 10.6 real, 287.1 MB
[runlim] sample:		13.7 time, 20.6 real, 448.6 MB
[runlim] sample:		18.1 time, 30.6 real, 481.1 MB
[runlim] sample:		27.5 time, 40.6 real, 647.5 MB
[runlim] sample:		30.7 time, 50.6 real, 789.1 MB
[runlim] sample:		29.7 time, 60.6 real, 710.8 MB
[runlim] sample:		36.9 time, 70.6 real, 917.0 MB
[runlim] sample:		13.9 time, 80.6 real, 453.9 MB
[runlim] sample:		19.9 time, 90.6 real, 586.2 MB
[runlim] sample:		24.2 time, 100.6 real, 710.0 MB
[runlim] sample:		32.9 time, 110.6 real, 883.0 MB
[runlim] sample:		24.8 time, 120.6 real, 625.9 MB
[runlim] sample:		18.4 time, 130.6 real, 588.2 MB
[runlim] sample:		22.9 time, 140.6 real, 687.5 MB
[runlim] sample:		14.5 time, 150.6 real, 475.3 MB
[runlim] sample:		17.7 time, 160.6 real, 577.8 MB
[runlim] sample:		17.2 time, 170.6 real, 725.5 MB
[runlim] sample:		22.1 time, 180.6 real, 1103.3 MB
[runlim] sample:		29.9 time, 190.6 real, 1435.4 MB
[runlim] sample:		37.1 time, 200.6 real, 1811.6 MB
[runlim] sample:		34.6 time, 210.6 real, 1708.3 MB
[runlim] sample:		32.3 time, 220.6 real, 1455.8 MB
[runlim] sample:		41.9 time, 230.6 real, 1770.8 MB
[runlim] sample:		39.2 time, 240.6 real, 1913.7 MB
[runlim] sample:		26.2 time, 250.6 real, 839.2 MB
[runlim] sample:		35.8 time, 260.6 real, 1114.4 MB
[runlim] sample:		45.3 time, 270.6 real, 1392.6 MB
[runlim] sample:		42.5 time, 280.6 real, 1649.1 MB
[runlim] sample:		45.9 time, 290.6 real, 2023.6 MB
[runlim] sample:		55.5 time, 300.6 real, 2464.0 MB
[runlim] sample:		65.0 time, 310.6 real, 2901.7 MB
[runlim] sample:		74.7 time, 320.6 real, 3343.4 MB
[runlim] sample:		84.4 time, 330.6 real, 3783.4 MB
[runlim] end:			Tue Feb 19 07:10:05 2019
[runlim] status:		out of memory
[runlim] result:		3
[runlim] children:		23455
[runlim] real:			335.76 seconds
[runlim] time:			89.19 seconds
[runlim] space:			4004.2 MB
[runlim] samples:		3351
