[runlim] version:		1.10fixed
[runlim] time limit:		1800 seconds
[runlim] real time limit:	311040000 seconds
[runlim] space limit:		4000 MB
[runlim] argv[0]:		./vampire-wrapper.sh
[runlim] argv[1]:		--ignore_missing
[runlim] argv[2]:		on
[runlim] argv[3]:		--mode
[runlim] argv[4]:		smtcomp
[runlim] argv[5]:		/tmp/Xghoc0If.smt2
[runlim] start:			Tue Feb 19 06:38:12 2019
[runlim] main pid:		19062
[runlim] sample:		11.2 time, 10.1 real, 384.3 MB
[runlim] sample:		24.4 time, 20.1 real, 766.0 MB
[runlim] sample:		31.1 time, 30.1 real, 798.6 MB
[runlim] sample:		42.9 time, 40.1 real, 1023.1 MB
[runlim] sample:		54.7 time, 50.1 real, 1248.5 MB
[runlim] sample:		41.6 time, 60.1 real, 796.8 MB
[runlim] sample:		36.5 time, 70.1 real, 526.3 MB
[runlim] sample:		32.6 time, 80.1 real, 613.2 MB
[runlim] sample:		28.8 time, 90.1 real, 802.2 MB
[runlim] sample:		24.1 time, 100.1 real, 457.3 MB
[runlim] sample:		35.7 time, 110.1 real, 586.2 MB
[runlim] sample:		30.6 time, 120.1 real, 720.4 MB
[runlim] sample:		28.3 time, 130.1 real, 819.8 MB
[runlim] sample:		20.8 time, 140.1 real, 484.6 MB
[runlim] sample:		18.9 time, 150.1 real, 727.9 MB
[runlim] sample:		24.9 time, 160.1 real, 953.9 MB
[runlim] sample:		31.3 time, 170.1 real, 1314.1 MB
[runlim] sample:		43.4 time, 180.1 real, 1760.3 MB
[runlim] sample:		36.4 time, 190.1 real, 1904.2 MB
[runlim] sample:		39.6 time, 200.1 real, 2035.3 MB
[runlim] sample:		33.8 time, 210.1 real, 1703.8 MB
[runlim] sample:		45.7 time, 220.1 real, 2108.2 MB
[runlim] sample:		43.6 time, 230.1 real, 2331.1 MB
[runlim] sample:		36.9 time, 240.1 real, 970.8 MB
[runlim] sample:		38.7 time, 250.1 real, 1199.1 MB
[runlim] sample:		51.0 time, 260.1 real, 1545.7 MB
[runlim] sample:		62.9 time, 270.1 real, 1880.6 MB
[runlim] sample:		59.0 time, 280.1 real, 2176.0 MB
[runlim] sample:		61.3 time, 290.1 real, 2694.0 MB
[runlim] sample:		73.2 time, 300.1 real, 3242.9 MB
[runlim] sample:		85.3 time, 310.1 real, 3797.1 MB
[runlim] end:			Tue Feb 19 06:43:25 2019
[runlim] status:		out of memory
[runlim] result:		3
[runlim] children:		21958
[runlim] real:			313.85 seconds
[runlim] time:			89.83 seconds
[runlim] space:			4002.7 MB
[runlim] samples:		3137
