[runlim] version:		1.10fixed
[runlim] time limit:		1800 seconds
[runlim] real time limit:	311040000 seconds
[runlim] space limit:		4000 MB
[runlim] argv[0]:		./vampire-wrapper.sh
[runlim] argv[1]:		--ignore_missing
[runlim] argv[2]:		on
[runlim] argv[3]:		--mode
[runlim] argv[4]:		smtcomp
[runlim] argv[5]:		/tmp/VyhVZanV.smt2
[runlim] start:			Tue Feb 19 06:31:42 2019
[runlim] main pid:		27734
[runlim] sample:		25.5 time, 10.5 real, 600.4 MB
[runlim] sample:		30.9 time, 20.5 real, 786.4 MB
[runlim] sample:		51.5 time, 30.5 real, 1202.6 MB
[runlim] sample:		56.6 time, 40.5 real, 1160.9 MB
[runlim] sample:		44.3 time, 50.5 real, 631.3 MB
[runlim] sample:		52.2 time, 60.5 real, 1040.1 MB
[runlim] sample:		70.8 time, 70.5 real, 1360.2 MB
[runlim] sample:		46.8 time, 80.5 real, 669.6 MB
[runlim] sample:		42.1 time, 90.5 real, 809.9 MB
[runlim] sample:		41.4 time, 100.5 real, 394.3 MB
[runlim] sample:		42.8 time, 110.5 real, 495.4 MB
[runlim] sample:		27.5 time, 120.5 real, 594.0 MB
[runlim] sample:		44.5 time, 130.5 real, 1222.6 MB
[runlim] sample:		40.7 time, 140.5 real, 1574.2 MB
[runlim] sample:		53.2 time, 150.5 real, 2202.3 MB
[runlim] sample:		59.1 time, 160.5 real, 1996.5 MB
[runlim] sample:		58.4 time, 170.5 real, 2733.3 MB
[runlim] sample:		33.6 time, 180.5 real, 703.5 MB
[runlim] sample:		40.1 time, 190.5 real, 972.4 MB
[runlim] sample:		64.9 time, 200.5 real, 1475.0 MB
[runlim] sample:		89.4 time, 210.5 real, 1975.7 MB
[runlim] sample:		99.0 time, 220.5 real, 2635.7 MB
[runlim] sample:		107.5 time, 230.5 real, 3595.4 MB
[runlim] end:			Tue Feb 19 06:35:36 2019
[runlim] status:		out of memory
[runlim] result:		3
[runlim] children:		16386
[runlim] real:			234.65 seconds
[runlim] time:			117.69 seconds
[runlim] space:			4008.6 MB
[runlim] samples:		2341
