[runlim] version:		1.10fixed
[runlim] time limit:		1800 seconds
[runlim] real time limit:	311040000 seconds
[runlim] space limit:		4000 MB
[runlim] argv[0]:		./vampire-wrapper.sh
[runlim] argv[1]:		--ignore_missing
[runlim] argv[2]:		on
[runlim] argv[3]:		--mode
[runlim] argv[4]:		smtcomp
[runlim] argv[5]:		/tmp/tCTkVGHH.smt2
[runlim] start:			Tue Feb 19 06:33:32 2019
[runlim] main pid:		7196
[runlim] sample:		19.8 time, 11.0 real, 492.6 MB
[runlim] sample:		27.2 time, 21.0 real, 801.9 MB
[runlim] sample:		36.9 time, 31.0 real, 901.5 MB
[runlim] sample:		41.9 time, 41.0 real, 884.2 MB
[runlim] sample:		42.2 time, 51.0 real, 712.0 MB
[runlim] sample:		49.6 time, 61.0 real, 733.2 MB
[runlim] sample:		64.7 time, 71.0 real, 955.1 MB
[runlim] sample:		28.5 time, 81.0 real, 497.3 MB
[runlim] sample:		37.6 time, 91.0 real, 641.0 MB
[runlim] sample:		44.8 time, 101.0 real, 762.7 MB
[runlim] sample:		48.5 time, 111.0 real, 949.3 MB
[runlim] sample:		14.1 time, 121.0 real, 321.8 MB
[runlim] sample:		23.5 time, 131.0 real, 396.2 MB
[runlim] sample:		36.8 time, 141.0 real, 812.6 MB
[runlim] sample:		40.7 time, 151.0 real, 1269.3 MB
[runlim] sample:		43.1 time, 161.0 real, 1632.4 MB
[runlim] sample:		63.2 time, 171.0 real, 1562.5 MB
[runlim] sample:		46.4 time, 181.0 real, 2157.6 MB
[runlim] sample:		38.4 time, 191.0 real, 2059.6 MB
[runlim] sample:		46.1 time, 201.0 real, 2585.1 MB
[runlim] sample:		42.2 time, 211.0 real, 1045.4 MB
[runlim] sample:		58.8 time, 221.0 real, 1391.3 MB
[runlim] sample:		75.0 time, 231.0 real, 1720.6 MB
[runlim] sample:		91.6 time, 241.0 real, 2056.3 MB
[runlim] sample:		96.8 time, 251.0 real, 2417.6 MB
[runlim] sample:		113.3 time, 261.0 real, 2881.5 MB
[runlim] sample:		84.1 time, 271.0 real, 3555.2 MB
[runlim] end:			Tue Feb 19 06:38:09 2019
[runlim] status:		out of memory
[runlim] result:		3
[runlim] children:		19319
[runlim] real:			277.01 seconds
[runlim] time:			114.61 seconds
[runlim] space:			4006.1 MB
[runlim] samples:		2760
