[runlim] version:		1.10fixed
[runlim] time limit:		1800 seconds
[runlim] real time limit:	311040000 seconds
[runlim] space limit:		4000 MB
[runlim] argv[0]:		./vampire-wrapper.sh
[runlim] argv[1]:		--ignore_missing
[runlim] argv[2]:		on
[runlim] argv[3]:		--mode
[runlim] argv[4]:		smtcomp
[runlim] argv[5]:		/tmp/RuDFOTCw.smt2
[runlim] start:			Tue Feb 19 06:38:03 2019
[runlim] main pid:		19027
[runlim] sample:		16.5 time, 10.3 real, 423.2 MB
[runlim] sample:		22.7 time, 20.3 real, 678.6 MB
[runlim] sample:		33.4 time, 30.3 real, 748.6 MB
[runlim] sample:		44.5 time, 40.3 real, 950.3 MB
[runlim] sample:		43.6 time, 50.3 real, 822.3 MB
[runlim] sample:		43.9 time, 60.3 real, 723.0 MB
[runlim] sample:		53.9 time, 70.3 real, 934.3 MB
[runlim] sample:		49.2 time, 80.3 real, 1166.8 MB
[runlim] end:			Tue Feb 19 06:39:25 2019
[runlim] status:		ok
[runlim] result:		0
[runlim] children:		5725
[runlim] real:			82.17 seconds
[runlim] time:			59.69 seconds
[runlim] space:			1198.2 MB
[runlim] samples:		818
