[runlim] version:		1.10fixed
[runlim] time limit:		1800 seconds
[runlim] real time limit:	311040000 seconds
[runlim] space limit:		4000 MB
[runlim] argv[0]:		./vampire-wrapper.sh
[runlim] argv[1]:		--ignore_missing
[runlim] argv[2]:		on
[runlim] argv[3]:		--mode
[runlim] argv[4]:		smtcomp
[runlim] argv[5]:		/tmp/zODdVSMO.smt2
[runlim] start:			Tue Feb 19 06:37:40 2019
[runlim] main pid:		1605
[runlim] sample:		16.0 time, 10.5 real, 441.1 MB
[runlim] sample:		22.8 time, 20.5 real, 713.1 MB
[runlim] sample:		30.6 time, 30.5 real, 813.7 MB
[runlim] sample:		33.5 time, 40.5 real, 787.8 MB
[runlim] sample:		38.6 time, 50.5 real, 993.8 MB
[runlim] sample:		44.7 time, 60.5 real, 1099.0 MB
[runlim] sample:		56.8 time, 70.5 real, 1377.0 MB
[runlim] sample:		27.7 time, 80.5 real, 829.1 MB
[runlim] sample:		28.8 time, 90.5 real, 515.2 MB
[runlim] sample:		38.4 time, 100.5 real, 636.6 MB
[runlim] sample:		41.7 time, 110.5 real, 805.9 MB
[runlim] sample:		30.1 time, 120.5 real, 762.5 MB
[runlim] sample:		21.8 time, 130.5 real, 425.8 MB
[runlim] sample:		32.5 time, 140.5 real, 802.6 MB
[runlim] sample:		29.5 time, 150.5 real, 1012.9 MB
[runlim] sample:		38.0 time, 160.5 real, 1460.4 MB
[runlim] sample:		39.5 time, 170.5 real, 2064.6 MB
[runlim] sample:		57.2 time, 180.5 real, 2749.1 MB
[runlim] sample:		33.5 time, 190.5 real, 1762.6 MB
[runlim] sample:		46.9 time, 200.5 real, 2315.6 MB
[runlim] sample:		25.5 time, 210.5 real, 738.6 MB
[runlim] sample:		41.3 time, 220.5 real, 1076.7 MB
[runlim] sample:		57.1 time, 230.5 real, 1401.2 MB
[runlim] sample:		73.0 time, 240.5 real, 1742.1 MB
[runlim] sample:		88.8 time, 250.5 real, 2076.6 MB
[runlim] sample:		104.5 time, 260.5 real, 2404.0 MB
[runlim] sample:		121.1 time, 270.5 real, 2739.5 MB
[runlim] sample:		118.6 time, 280.5 real, 3111.8 MB
[runlim] sample:		108.7 time, 290.5 real, 2477.0 MB
[runlim] sample:		99.8 time, 300.5 real, 2292.2 MB
[runlim] sample:		87.2 time, 310.5 real, 2912.9 MB
[runlim] sample:		103.9 time, 320.5 real, 3661.9 MB
[runlim] end:			Tue Feb 19 06:43:05 2019
[runlim] status:		out of memory
[runlim] result:		3
[runlim] children:		22727
[runlim] real:			325.22 seconds
[runlim] time:			130.72 seconds
[runlim] space:			4007.2 MB
[runlim] samples:		3247
