[runlim] version:		1.10fixed
[runlim] time limit:		1800 seconds
[runlim] real time limit:	311040000 seconds
[runlim] space limit:		4000 MB
[runlim] argv[0]:		./vampire-wrapper.sh
[runlim] argv[1]:		--ignore_missing
[runlim] argv[2]:		on
[runlim] argv[3]:		--mode
[runlim] argv[4]:		smtcomp
[runlim] argv[5]:		/tmp/6zo8VLTB.smt2
[runlim] start:			Tue Feb 19 06:43:40 2019
[runlim] main pid:		28847
[runlim] sample:		13.1 time, 10.8 real, 398.6 MB
[runlim] sample:		21.7 time, 20.8 real, 685.8 MB
[runlim] sample:		30.7 time, 30.8 real, 782.9 MB
[runlim] sample:		43.8 time, 40.8 real, 1085.9 MB
[runlim] sample:		37.2 time, 50.8 real, 961.5 MB
[runlim] sample:		38.5 time, 60.8 real, 966.6 MB
[runlim] sample:		50.1 time, 70.8 real, 1242.8 MB
[runlim] sample:		26.4 time, 80.8 real, 760.7 MB
[runlim] sample:		42.6 time, 90.8 real, 1006.8 MB
[runlim] sample:		40.6 time, 100.8 real, 1157.5 MB
[runlim] sample:		38.7 time, 110.8 real, 706.6 MB
[runlim] sample:		40.7 time, 120.8 real, 839.4 MB
[runlim] sample:		12.2 time, 130.8 real, 371.9 MB
[runlim] sample:		23.4 time, 140.8 real, 471.7 MB
[runlim] sample:		30.2 time, 150.8 real, 826.8 MB
[runlim] sample:		26.4 time, 160.8 real, 1075.8 MB
[runlim] sample:		27.6 time, 170.8 real, 1333.6 MB
[runlim] sample:		36.2 time, 180.8 real, 1874.4 MB
[runlim] sample:		47.7 time, 190.8 real, 2388.5 MB
[runlim] sample:		26.3 time, 200.8 real, 1508.5 MB
[runlim] sample:		40.3 time, 210.8 real, 551.0 MB
[runlim] sample:		25.6 time, 220.8 real, 698.8 MB
[runlim] sample:		40.1 time, 230.8 real, 1006.0 MB
[runlim] sample:		54.2 time, 240.8 real, 1294.2 MB
[runlim] sample:		68.1 time, 250.8 real, 1577.4 MB
[runlim] sample:		72.8 time, 260.8 real, 1940.2 MB
[runlim] sample:		86.6 time, 270.8 real, 2335.3 MB
[runlim] sample:		82.2 time, 280.8 real, 2708.9 MB
[runlim] sample:		76.9 time, 290.8 real, 3330.7 MB
[runlim] sample:		91.2 time, 300.8 real, 3997.2 MB
[runlim] end:			Tue Feb 19 06:48:40 2019
[runlim] status:		out of memory
[runlim] result:		3
[runlim] children:		21005
[runlim] real:			300.90 seconds
[runlim] time:			95.37 seconds
[runlim] space:			4004.0 MB
[runlim] samples:		3001
