[runlim] version:		1.10fixed
[runlim] time limit:		1800 seconds
[runlim] real time limit:	311040000 seconds
[runlim] space limit:		4000 MB
[runlim] argv[0]:		./vampire-wrapper.sh
[runlim] argv[1]:		--ignore_missing
[runlim] argv[2]:		on
[runlim] argv[3]:		--mode
[runlim] argv[4]:		smtcomp
[runlim] argv[5]:		/tmp/bLyWPQtM.smt2
[runlim] start:			Tue Feb 19 06:38:44 2019
[runlim] main pid:		5770
[runlim] sample:		19.9 time, 10.3 real, 505.6 MB
[runlim] sample:		28.1 time, 20.3 real, 864.8 MB
[runlim] sample:		40.2 time, 30.3 real, 979.2 MB
[runlim] sample:		45.7 time, 40.3 real, 940.3 MB
[runlim] sample:		58.0 time, 50.3 real, 1239.5 MB
[runlim] sample:		41.1 time, 60.3 real, 583.2 MB
[runlim] sample:		45.6 time, 70.3 real, 818.0 MB
[runlim] sample:		33.4 time, 80.3 real, 956.1 MB
[runlim] sample:		43.5 time, 90.3 real, 1204.5 MB
[runlim] sample:		44.8 time, 100.3 real, 748.7 MB
[runlim] sample:		63.6 time, 110.3 real, 958.9 MB
[runlim] sample:		30.4 time, 120.3 real, 296.8 MB
[runlim] sample:		26.8 time, 130.3 real, 413.5 MB
[runlim] sample:		33.7 time, 140.3 real, 764.8 MB
[runlim] sample:		39.5 time, 150.3 real, 1257.4 MB
[runlim] sample:		41.7 time, 160.3 real, 1639.7 MB
[runlim] sample:		45.1 time, 170.3 real, 1558.0 MB
[runlim] sample:		46.0 time, 180.3 real, 2148.2 MB
[runlim] sample:		38.8 time, 190.3 real, 2113.5 MB
[runlim] sample:		22.8 time, 200.3 real, 652.5 MB
[runlim] sample:		43.0 time, 210.3 real, 1066.1 MB
[runlim] sample:		62.7 time, 220.3 real, 1508.7 MB
[runlim] sample:		82.6 time, 230.3 real, 1928.8 MB
[runlim] sample:		102.0 time, 240.3 real, 2344.0 MB
[runlim] sample:		123.2 time, 250.3 real, 2789.6 MB
[runlim] sample:		143.3 time, 260.3 real, 3217.6 MB
[runlim] sample:		138.2 time, 270.3 real, 2547.5 MB
[runlim] sample:		158.9 time, 280.3 real, 3030.3 MB
[runlim] sample:		91.3 time, 290.3 real, 2865.4 MB
[runlim] sample:		111.0 time, 300.3 real, 3704.0 MB
[runlim] end:			Tue Feb 19 06:43:47 2019
[runlim] status:		out of memory
[runlim] result:		3
[runlim] children:		21244
[runlim] real:			303.81 seconds
[runlim] time:			158.91 seconds
[runlim] space:			4008.1 MB
[runlim] samples:		3035
