[runlim] version:		1.10fixed
[runlim] time limit:		1800 seconds
[runlim] real time limit:	311040000 seconds
[runlim] space limit:		4000 MB
[runlim] argv[0]:		./vampire-wrapper.sh
[runlim] argv[1]:		--ignore_missing
[runlim] argv[2]:		on
[runlim] argv[3]:		--mode
[runlim] argv[4]:		smtcomp
[runlim] argv[5]:		/tmp/mnNTh6mf.smt2
[runlim] start:			Tue Feb 19 06:42:57 2019
[runlim] main pid:		31868
[runlim] sample:		14.3 time, 10.2 real, 426.4 MB
[runlim] sample:		19.0 time, 20.2 real, 527.2 MB
[runlim] sample:		33.0 time, 30.2 real, 794.6 MB
[runlim] sample:		37.1 time, 40.2 real, 734.6 MB
[runlim] sample:		42.1 time, 50.2 real, 1070.9 MB
[runlim] sample:		47.0 time, 60.2 real, 1121.1 MB
[runlim] sample:		58.3 time, 70.2 real, 1443.0 MB
[runlim] sample:		32.1 time, 80.2 real, 940.6 MB
[runlim] sample:		43.3 time, 90.2 real, 1136.6 MB
[runlim] sample:		30.4 time, 100.2 real, 595.3 MB
[runlim] sample:		31.2 time, 110.2 real, 742.4 MB
[runlim] sample:		21.3 time, 120.2 real, 375.4 MB
[runlim] sample:		15.8 time, 130.2 real, 345.3 MB
[runlim] sample:		21.1 time, 140.2 real, 579.7 MB
[runlim] sample:		23.3 time, 150.2 real, 962.8 MB
[runlim] sample:		31.9 time, 160.2 real, 1248.4 MB
[runlim] sample:		27.9 time, 170.2 real, 1504.3 MB
[runlim] sample:		39.1 time, 180.2 real, 2017.0 MB
[runlim] sample:		50.0 time, 190.2 real, 2521.6 MB
[runlim] sample:		33.1 time, 200.2 real, 1755.9 MB
[runlim] sample:		46.9 time, 210.2 real, 2225.0 MB
[runlim] sample:		28.9 time, 220.2 real, 791.9 MB
[runlim] sample:		43.0 time, 230.2 real, 1081.4 MB
[runlim] sample:		46.7 time, 240.2 real, 1388.6 MB
[runlim] sample:		61.0 time, 250.2 real, 1805.2 MB
[runlim] sample:		74.8 time, 260.2 real, 2203.5 MB
[runlim] sample:		77.4 time, 270.2 real, 2647.4 MB
[runlim] sample:		90.8 time, 280.2 real, 3210.4 MB
[runlim] sample:		83.4 time, 290.2 real, 3777.2 MB
[runlim] end:			Tue Feb 19 06:47:50 2019
[runlim] status:		out of memory
[runlim] result:		3
[runlim] children:		20545
[runlim] real:			293.71 seconds
[runlim] time:			93.32 seconds
[runlim] space:			4005.0 MB
[runlim] samples:		2935
