[runlim] version:		1.10fixed
[runlim] time limit:		1800 seconds
[runlim] real time limit:	311040000 seconds
[runlim] space limit:		4000 MB
[runlim] argv[0]:		./vampire-wrapper.sh
[runlim] argv[1]:		--ignore_missing
[runlim] argv[2]:		on
[runlim] argv[3]:		--mode
[runlim] argv[4]:		smtcomp
[runlim] argv[5]:		/tmp/p0sbln9C.smt2
[runlim] start:			Tue Feb 19 06:43:52 2019
[runlim] main pid:		5625
[runlim] sample:		10.9 time, 10.8 real, 365.6 MB
[runlim] sample:		21.3 time, 20.8 real, 611.3 MB
[runlim] sample:		32.0 time, 30.8 real, 820.0 MB
[runlim] sample:		45.8 time, 40.8 real, 1102.4 MB
[runlim] sample:		38.9 time, 50.8 real, 746.7 MB
[runlim] sample:		51.2 time, 60.8 real, 997.6 MB
[runlim] sample:		44.2 time, 70.8 real, 691.8 MB
[runlim] sample:		26.3 time, 80.8 real, 774.4 MB
[runlim] sample:		40.2 time, 90.8 real, 1001.9 MB
[runlim] sample:		29.3 time, 100.8 real, 597.9 MB
[runlim] sample:		44.9 time, 110.8 real, 760.7 MB
[runlim] sample:		24.5 time, 120.8 real, 393.3 MB
[runlim] sample:		19.4 time, 130.8 real, 593.5 MB
[runlim] sample:		25.3 time, 140.8 real, 732.0 MB
[runlim] sample:		20.4 time, 150.8 real, 950.6 MB
[runlim] sample:		31.1 time, 160.8 real, 1350.0 MB
[runlim] sample:		44.3 time, 170.8 real, 1965.0 MB
[runlim] sample:		47.3 time, 180.8 real, 2378.6 MB
[runlim] sample:		30.6 time, 190.8 real, 1667.2 MB
[runlim] sample:		34.6 time, 200.8 real, 2069.6 MB
[runlim] sample:		32.8 time, 210.8 real, 856.8 MB
[runlim] sample:		49.5 time, 220.8 real, 1190.9 MB
[runlim] sample:		63.6 time, 230.8 real, 1478.2 MB
[runlim] sample:		77.9 time, 240.8 real, 1766.9 MB
[runlim] sample:		77.9 time, 250.8 real, 2138.6 MB
[runlim] sample:		91.8 time, 260.8 real, 2510.3 MB
[runlim] sample:		85.6 time, 270.8 real, 2927.1 MB
[runlim] sample:		77.3 time, 280.8 real, 2611.1 MB
[runlim] sample:		50.5 time, 290.8 real, 2581.9 MB
[runlim] sample:		64.6 time, 300.8 real, 3251.9 MB
[runlim] sample:		78.4 time, 310.8 real, 3918.0 MB
[runlim] end:			Tue Feb 19 06:49:04 2019
[runlim] status:		out of memory
[runlim] result:		3
[runlim] children:		21786
[runlim] real:			312.16 seconds
[runlim] time:			99.08 seconds
[runlim] space:			4005.5 MB
[runlim] samples:		3113
