[runlim] version:		1.10fixed
[runlim] time limit:		1800 seconds
[runlim] real time limit:	311040000 seconds
[runlim] space limit:		4000 MB
[runlim] argv[0]:		./vampire-wrapper.sh
[runlim] argv[1]:		--ignore_missing
[runlim] argv[2]:		on
[runlim] argv[3]:		--mode
[runlim] argv[4]:		smtcomp
[runlim] argv[5]:		/tmp/18A8lcMp.smt2
[runlim] start:			Tue Feb 19 06:35:30 2019
[runlim] main pid:		14328
[runlim] sample:		25.5 time, 10.5 real, 606.8 MB
[runlim] sample:		27.6 time, 20.5 real, 720.4 MB
[runlim] sample:		49.1 time, 30.5 real, 1174.5 MB
[runlim] sample:		61.0 time, 40.5 real, 1155.5 MB
[runlim] sample:		43.4 time, 50.5 real, 559.8 MB
[runlim] sample:		45.4 time, 60.5 real, 887.6 MB
[runlim] sample:		61.8 time, 70.5 real, 1236.6 MB
[runlim] sample:		32.4 time, 80.5 real, 634.7 MB
[runlim] sample:		48.9 time, 90.5 real, 894.5 MB
[runlim] sample:		52.6 time, 100.5 real, 531.6 MB
[runlim] sample:		17.9 time, 110.5 real, 375.2 MB
[runlim] sample:		32.3 time, 120.5 real, 623.1 MB
[runlim] sample:		50.7 time, 130.5 real, 1257.1 MB
[runlim] sample:		34.6 time, 140.5 real, 1580.3 MB
[runlim] sample:		47.6 time, 150.5 real, 2454.2 MB
[runlim] sample:		39.1 time, 160.5 real, 2087.3 MB
[runlim] sample:		45.3 time, 170.5 real, 2668.7 MB
[runlim] sample:		33.2 time, 180.5 real, 870.5 MB
[runlim] sample:		58.7 time, 190.5 real, 1428.3 MB
[runlim] sample:		84.6 time, 200.5 real, 2010.4 MB
[runlim] sample:		90.5 time, 210.5 real, 2597.6 MB
[runlim] sample:		96.2 time, 220.5 real, 3262.9 MB
[runlim] end:			Tue Feb 19 06:39:19 2019
[runlim] status:		out of memory
[runlim] result:		3
[runlim] children:		16015
[runlim] real:			229.33 seconds
[runlim] time:			113.95 seconds
[runlim] space:			4007.6 MB
[runlim] samples:		2288
