[runlim] version:		1.10fixed
[runlim] time limit:		1800 seconds
[runlim] real time limit:	311040000 seconds
[runlim] space limit:		4000 MB
[runlim] argv[0]:		./vampire-wrapper.sh
[runlim] argv[1]:		--ignore_missing
[runlim] argv[2]:		on
[runlim] argv[3]:		--mode
[runlim] argv[4]:		smtcomp
[runlim] argv[5]:		/tmp/FnmDVvwg.smt2
[runlim] start:			Tue Feb 19 06:27:05 2019
[runlim] main pid:		545
[runlim] sample:		30.1 time, 10.3 real, 761.3 MB
[runlim] sample:		44.7 time, 20.3 real, 1042.2 MB
[runlim] sample:		60.4 time, 30.3 real, 1204.2 MB
[runlim] sample:		43.7 time, 40.3 real, 460.9 MB
[runlim] sample:		62.6 time, 50.3 real, 956.9 MB
[runlim] sample:		84.3 time, 60.3 real, 1362.7 MB
[runlim] sample:		95.1 time, 70.3 real, 1617.6 MB
[runlim] sample:		52.0 time, 80.3 real, 910.2 MB
[runlim] sample:		21.6 time, 90.3 real, 353.9 MB
[runlim] sample:		39.7 time, 100.3 real, 498.5 MB
[runlim] sample:		22.8 time, 110.3 real, 371.1 MB
[runlim] sample:		39.0 time, 120.3 real, 894.0 MB
[runlim] sample:		41.8 time, 130.3 real, 1418.5 MB
[runlim] sample:		37.0 time, 140.3 real, 2102.0 MB
[runlim] sample:		36.6 time, 150.3 real, 1905.8 MB
[runlim] sample:		51.4 time, 160.3 real, 2557.9 MB
[runlim] sample:		25.2 time, 170.3 real, 514.1 MB
[runlim] sample:		50.4 time, 180.3 real, 1027.6 MB
[runlim] sample:		76.3 time, 190.3 real, 1563.2 MB
[runlim] sample:		81.7 time, 200.3 real, 2124.5 MB
[runlim] sample:		90.3 time, 210.3 real, 2887.4 MB
[runlim] sample:		116.0 time, 220.3 real, 3974.6 MB
[runlim] end:			Tue Feb 19 06:30:45 2019
[runlim] status:		out of memory
[runlim] result:		3
[runlim] children:		15406
[runlim] real:			220.63 seconds
[runlim] time:			116.81 seconds
[runlim] space:			4007.5 MB
[runlim] samples:		2203
