[runlim] version:		1.10fixed
[runlim] time limit:		1800 seconds
[runlim] real time limit:	311040000 seconds
[runlim] space limit:		4000 MB
[runlim] argv[0]:		./vampire-wrapper.sh
[runlim] argv[1]:		--ignore_missing
[runlim] argv[2]:		on
[runlim] argv[3]:		--mode
[runlim] argv[4]:		smtcomp
[runlim] argv[5]:		/tmp/AWivkPmB.smt2
[runlim] start:			Tue Feb 19 06:39:20 2019
[runlim] main pid:		14666
[runlim] sample:		19.5 time, 10.8 real, 490.6 MB
[runlim] sample:		25.1 time, 20.8 real, 680.0 MB
[runlim] sample:		37.9 time, 30.8 real, 956.8 MB
[runlim] sample:		54.8 time, 40.8 real, 1334.7 MB
[runlim] sample:		49.0 time, 50.8 real, 1237.1 MB
[runlim] sample:		36.9 time, 60.8 real, 748.5 MB
[runlim] sample:		52.1 time, 70.8 real, 1018.7 MB
[runlim] sample:		44.0 time, 80.8 real, 1022.2 MB
[runlim] sample:		51.1 time, 90.8 real, 1192.0 MB
[runlim] sample:		40.1 time, 100.8 real, 698.7 MB
[runlim] sample:		38.6 time, 110.8 real, 824.4 MB
[runlim] sample:		12.3 time, 120.8 real, 378.0 MB
[runlim] sample:		21.0 time, 130.8 real, 443.4 MB
[runlim] sample:		31.6 time, 140.8 real, 842.0 MB
[runlim] sample:		29.4 time, 150.8 real, 1133.2 MB
[runlim] sample:		37.8 time, 160.8 real, 1597.3 MB
[runlim] sample:		39.9 time, 170.8 real, 2060.8 MB
[runlim] sample:		53.4 time, 180.8 real, 2668.5 MB
[runlim] sample:		32.6 time, 190.8 real, 1782.2 MB
[runlim] sample:		49.0 time, 200.8 real, 2346.1 MB
[runlim] sample:		30.7 time, 210.8 real, 818.8 MB
[runlim] sample:		47.4 time, 220.8 real, 1157.4 MB
[runlim] sample:		64.2 time, 230.8 real, 1499.1 MB
[runlim] sample:		81.7 time, 240.8 real, 1850.8 MB
[runlim] sample:		69.1 time, 250.8 real, 2228.3 MB
[runlim] sample:		85.7 time, 260.8 real, 2930.2 MB
[runlim] sample:		81.0 time, 270.8 real, 2615.9 MB
[runlim] sample:		74.6 time, 280.8 real, 3410.3 MB
[runlim] end:			Tue Feb 19 06:44:08 2019
[runlim] status:		out of memory
[runlim] result:		3
[runlim] children:		20122
[runlim] real:			288.30 seconds
[runlim] time:			89.74 seconds
[runlim] space:			4002.8 MB
[runlim] samples:		2875
