[runlim] version:		1.10fixed
[runlim] time limit:		1800 seconds
[runlim] real time limit:	311040000 seconds
[runlim] space limit:		4000 MB
[runlim] argv[0]:		./vampire-wrapper.sh
[runlim] argv[1]:		--ignore_missing
[runlim] argv[2]:		on
[runlim] argv[3]:		--mode
[runlim] argv[4]:		smtcomp
[runlim] argv[5]:		/tmp/Qme82jbX.smt2
[runlim] start:			Tue Feb 19 06:41:59 2019
[runlim] main pid:		25680
[runlim] sample:		17.1 time, 10.7 real, 485.7 MB
[runlim] sample:		22.4 time, 20.7 real, 604.4 MB
[runlim] sample:		39.4 time, 30.7 real, 957.0 MB
[runlim] sample:		44.5 time, 40.7 real, 936.8 MB
[runlim] sample:		45.3 time, 50.7 real, 1117.7 MB
[runlim] sample:		34.0 time, 60.7 real, 627.0 MB
[runlim] sample:		46.3 time, 70.7 real, 825.3 MB
[runlim] sample:		33.4 time, 80.7 real, 813.8 MB
[runlim] sample:		41.1 time, 90.7 real, 1024.8 MB
[runlim] sample:		41.9 time, 100.7 real, 697.5 MB
[runlim] sample:		47.8 time, 110.7 real, 850.4 MB
[runlim] sample:		11.9 time, 120.7 real, 361.5 MB
[runlim] sample:		21.6 time, 130.7 real, 478.0 MB
[runlim] sample:		32.0 time, 140.7 real, 922.5 MB
[runlim] sample:		30.2 time, 150.7 real, 1210.2 MB
[runlim] sample:		38.5 time, 160.7 real, 1643.8 MB
[runlim] sample:		55.5 time, 170.7 real, 2294.3 MB
[runlim] sample:		72.4 time, 180.7 real, 2918.3 MB
[runlim] sample:		36.6 time, 190.7 real, 1890.4 MB
[runlim] sample:		46.8 time, 200.7 real, 2353.6 MB
[runlim] sample:		25.2 time, 210.7 real, 684.6 MB
[runlim] sample:		40.5 time, 220.7 real, 1004.1 MB
[runlim] sample:		55.4 time, 230.7 real, 1318.9 MB
[runlim] sample:		59.6 time, 240.7 real, 1644.0 MB
[runlim] sample:		75.2 time, 250.7 real, 2060.8 MB
[runlim] sample:		91.1 time, 260.7 real, 2508.4 MB
[runlim] sample:		87.8 time, 270.7 real, 2950.4 MB
[runlim] sample:		104.6 time, 280.7 real, 3626.5 MB
[runlim] end:			Tue Feb 19 06:46:45 2019
[runlim] status:		out of memory
[runlim] result:		3
[runlim] children:		19999
[runlim] real:			286.41 seconds
[runlim] time:			114.03 seconds
[runlim] space:			4004.7 MB
[runlim] samples:		2857
