[runlim] version:		1.10fixed
[runlim] time limit:		1800 seconds
[runlim] real time limit:	311040000 seconds
[runlim] space limit:		4000 MB
[runlim] argv[0]:		./vampire-wrapper.sh
[runlim] argv[1]:		--ignore_missing
[runlim] argv[2]:		on
[runlim] argv[3]:		--mode
[runlim] argv[4]:		smtcomp
[runlim] argv[5]:		/tmp/3oJz5S9O.smt2
[runlim] start:			Tue Feb 19 06:37:10 2019
[runlim] main pid:		23084
[runlim] sample:		18.3 time, 10.1 real, 599.2 MB
[runlim] sample:		34.4 time, 20.1 real, 846.6 MB
[runlim] sample:		56.2 time, 30.1 real, 1337.7 MB
[runlim] sample:		61.8 time, 40.1 real, 1311.2 MB
[runlim] sample:		39.6 time, 50.1 real, 721.5 MB
[runlim] end:			Tue Feb 19 06:38:07 2019
[runlim] status:		ok
[runlim] result:		0
[runlim] children:		4045
[runlim] real:			57.97 seconds
[runlim] time:			62.38 seconds
[runlim] space:			1396.5 MB
[runlim] samples:		578
