[runlim] version:		1.10fixed
[runlim] time limit:		1800 seconds
[runlim] real time limit:	311040000 seconds
[runlim] space limit:		4000 MB
[runlim] argv[0]:		./vampire-wrapper.sh
[runlim] argv[1]:		--ignore_missing
[runlim] argv[2]:		on
[runlim] argv[3]:		--mode
[runlim] argv[4]:		smtcomp
[runlim] argv[5]:		/tmp/Y6mWPWaQ.smt2
[runlim] start:			Tue Feb 19 06:38:15 2019
[runlim] main pid:		6579
[runlim] sample:		16.5 time, 10.9 real, 426.2 MB
[runlim] sample:		21.5 time, 20.9 real, 598.0 MB
[runlim] sample:		32.3 time, 30.9 real, 819.0 MB
[runlim] sample:		45.4 time, 40.9 real, 1127.1 MB
[runlim] sample:		43.3 time, 50.9 real, 1080.6 MB
[runlim] sample:		56.5 time, 60.9 real, 1450.4 MB
[runlim] sample:		55.9 time, 70.9 real, 1377.9 MB
[runlim] sample:		31.6 time, 80.9 real, 884.9 MB
[runlim] sample:		45.0 time, 90.9 real, 1115.7 MB
[runlim] sample:		30.0 time, 100.9 real, 609.3 MB
[runlim] sample:		33.0 time, 110.9 real, 728.3 MB
[runlim] sample:		22.8 time, 120.9 real, 325.6 MB
[runlim] sample:		14.5 time, 130.9 real, 330.8 MB
[runlim] sample:		27.5 time, 140.9 real, 631.6 MB
[runlim] sample:		26.9 time, 150.9 real, 1049.1 MB
[runlim] sample:		36.3 time, 160.9 real, 1362.9 MB
[runlim] sample:		45.3 time, 170.9 real, 1914.2 MB
[runlim] sample:		46.3 time, 180.9 real, 2374.5 MB
[runlim] sample:		52.2 time, 190.9 real, 1875.4 MB
[runlim] sample:		28.3 time, 200.9 real, 1833.6 MB
[runlim] sample:		23.2 time, 210.9 real, 629.8 MB
[runlim] sample:		39.5 time, 220.9 real, 973.7 MB
[runlim] sample:		55.9 time, 230.9 real, 1320.2 MB
[runlim] sample:		72.6 time, 240.9 real, 1658.3 MB
[runlim] sample:		77.6 time, 250.9 real, 2072.4 MB
[runlim] sample:		93.9 time, 260.9 real, 2543.5 MB
[runlim] sample:		72.5 time, 270.9 real, 3050.0 MB
[runlim] sample:		89.6 time, 280.9 real, 3845.3 MB
[runlim] end:			Tue Feb 19 06:42:58 2019
[runlim] status:		out of memory
[runlim] result:		3
[runlim] children:		19746
[runlim] real:			283.04 seconds
[runlim] time:			98.82 seconds
[runlim] space:			4006.9 MB
[runlim] samples:		2821
