[runlim] version:		1.10fixed
[runlim] time limit:		1800 seconds
[runlim] real time limit:	311040000 seconds
[runlim] space limit:		4000 MB
[runlim] argv[0]:		./vampire-wrapper.sh
[runlim] argv[1]:		--ignore_missing
[runlim] argv[2]:		on
[runlim] argv[3]:		--mode
[runlim] argv[4]:		smtcomp
[runlim] argv[5]:		/tmp/6GXaxqio.smt2
[runlim] start:			Tue Feb 19 06:31:55 2019
[runlim] main pid:		10166
[runlim] sample:		23.9 time, 10.5 real, 741.6 MB
[runlim] sample:		45.8 time, 20.5 real, 1139.2 MB
[runlim] sample:		59.8 time, 30.5 real, 1221.9 MB
[runlim] sample:		57.7 time, 40.5 real, 932.1 MB
[runlim] sample:		60.1 time, 50.5 real, 1052.5 MB
[runlim] sample:		85.1 time, 60.5 real, 1497.4 MB
[runlim] end:			Tue Feb 19 06:32:56 2019
[runlim] status:		ok
[runlim] result:		0
[runlim] children:		4276
[runlim] real:			61.63 seconds
[runlim] time:			88.91 seconds
[runlim] space:			1645.8 MB
[runlim] samples:		611
