[runlim] version:		1.10fixed
[runlim] time limit:		1800 seconds
[runlim] real time limit:	311040000 seconds
[runlim] space limit:		4000 MB
[runlim] argv[0]:		./vampire-wrapper.sh
[runlim] argv[1]:		--ignore_missing
[runlim] argv[2]:		on
[runlim] argv[3]:		--mode
[runlim] argv[4]:		smtcomp
[runlim] argv[5]:		/tmp/8rK2waKa.smt2
[runlim] start:			Tue Feb 19 06:39:08 2019
[runlim] main pid:		27796
[runlim] sample:		16.7 time, 10.7 real, 474.4 MB
[runlim] sample:		29.3 time, 20.7 real, 863.5 MB
[runlim] sample:		36.2 time, 30.7 real, 930.9 MB
[runlim] sample:		50.0 time, 40.7 real, 1362.2 MB
[runlim] sample:		38.4 time, 50.7 real, 869.6 MB
[runlim] end:			Tue Feb 19 06:40:07 2019
[runlim] status:		ok
[runlim] result:		0
[runlim] children:		4108
[runlim] real:			59.37 seconds
[runlim] time:			52.97 seconds
[runlim] space:			1387.6 MB
[runlim] samples:		587
