[runlim] version:		1.10fixed
[runlim] time limit:		1800 seconds
[runlim] real time limit:	311040000 seconds
[runlim] space limit:		4000 MB
[runlim] argv[0]:		./vampire-wrapper.sh
[runlim] argv[1]:		--ignore_missing
[runlim] argv[2]:		on
[runlim] argv[3]:		--mode
[runlim] argv[4]:		smtcomp
[runlim] argv[5]:		/tmp/vvScGgDI.smt2
[runlim] start:			Tue Feb 19 06:32:57 2019
[runlim] main pid:		10258
[runlim] sample:		30.8 time, 10.7 real, 808.9 MB
[runlim] sample:		47.4 time, 20.7 real, 1098.7 MB
[runlim] sample:		59.8 time, 30.7 real, 1153.4 MB
[runlim] sample:		67.6 time, 40.7 real, 1229.2 MB
[runlim] sample:		64.2 time, 50.7 real, 975.6 MB
[runlim] sample:		76.5 time, 60.7 real, 1408.7 MB
[runlim] sample:		92.2 time, 70.7 real, 999.5 MB
[runlim] sample:		62.3 time, 80.7 real, 1041.3 MB
[runlim] sample:		33.8 time, 90.7 real, 499.8 MB
[runlim] sample:		24.2 time, 100.7 real, 375.1 MB
[runlim] sample:		29.7 time, 110.7 real, 557.6 MB
[runlim] sample:		47.0 time, 120.7 real, 1264.0 MB
[runlim] sample:		32.9 time, 130.7 real, 1674.4 MB
[runlim] sample:		45.8 time, 140.7 real, 2537.8 MB
[runlim] sample:		43.7 time, 150.7 real, 2151.5 MB
[runlim] sample:		60.2 time, 160.7 real, 2937.1 MB
[runlim] sample:		32.1 time, 170.7 real, 755.0 MB
[runlim] sample:		57.1 time, 180.7 real, 1296.4 MB
[runlim] sample:		82.6 time, 190.7 real, 1846.2 MB
[runlim] sample:		91.2 time, 200.7 real, 2530.6 MB
[runlim] sample:		99.9 time, 210.7 real, 3423.2 MB
[runlim] end:			Tue Feb 19 06:36:33 2019
[runlim] status:		out of memory
[runlim] result:		3
[runlim] children:		15070
[runlim] real:			216.06 seconds
[runlim] time:			113.76 seconds
[runlim] space:			4010.1 MB
[runlim] samples:		2153
