[runlim] version:		1.10fixed
[runlim] time limit:		1800 seconds
[runlim] real time limit:	311040000 seconds
[runlim] space limit:		4000 MB
[runlim] argv[0]:		./vampire-wrapper.sh
[runlim] argv[1]:		--ignore_missing
[runlim] argv[2]:		on
[runlim] argv[3]:		--mode
[runlim] argv[4]:		smtcomp
[runlim] argv[5]:		/tmp/yt7Fd09V.smt2
[runlim] start:			Tue Feb 19 06:36:48 2019
[runlim] main pid:		25180
[runlim] sample:		29.7 time, 10.9 real, 810.2 MB
[runlim] sample:		45.8 time, 20.9 real, 1091.1 MB
[runlim] sample:		59.8 time, 30.9 real, 1255.2 MB
[runlim] sample:		27.8 time, 40.9 real, 435.0 MB
[runlim] sample:		56.2 time, 50.9 real, 984.0 MB
[runlim] end:			Tue Feb 19 06:37:43 2019
[runlim] status:		ok
[runlim] result:		0
[runlim] children:		3829
[runlim] real:			55.67 seconds
[runlim] time:			78.60 seconds
[runlim] space:			1650.1 MB
[runlim] samples:		548
