[runlim] version:		1.10fixed
[runlim] time limit:		1800 seconds
[runlim] real time limit:	311040000 seconds
[runlim] space limit:		4000 MB
[runlim] argv[0]:		./vampire-wrapper.sh
[runlim] argv[1]:		--ignore_missing
[runlim] argv[2]:		on
[runlim] argv[3]:		--mode
[runlim] argv[4]:		smtcomp
[runlim] argv[5]:		/tmp/vSn088Ap.smt2
[runlim] start:			Tue Feb 19 06:42:32 2019
[runlim] main pid:		4645
[runlim] sample:		16.1 time, 10.4 real, 419.6 MB
[runlim] sample:		18.5 time, 20.4 real, 519.3 MB
[runlim] sample:		32.3 time, 30.4 real, 806.5 MB
[runlim] sample:		46.3 time, 40.4 real, 1096.6 MB
[runlim] sample:		38.5 time, 50.4 real, 912.9 MB
[runlim] sample:		27.5 time, 60.4 real, 449.5 MB
[runlim] sample:		39.8 time, 70.4 real, 660.0 MB
[runlim] sample:		28.8 time, 80.4 real, 777.1 MB
[runlim] sample:		36.6 time, 90.4 real, 991.0 MB
[runlim] sample:		51.3 time, 100.4 real, 1270.9 MB
[runlim] sample:		37.5 time, 110.4 real, 750.8 MB
[runlim] sample:		29.8 time, 120.4 real, 848.2 MB
[runlim] sample:		15.6 time, 130.4 real, 391.1 MB
[runlim] sample:		25.4 time, 140.4 real, 708.2 MB
[runlim] sample:		21.3 time, 150.4 real, 981.8 MB
[runlim] sample:		35.3 time, 160.4 real, 1350.5 MB
[runlim] sample:		28.7 time, 170.4 real, 1541.4 MB
[runlim] sample:		40.3 time, 180.4 real, 2057.1 MB
[runlim] sample:		48.8 time, 190.4 real, 2418.6 MB
[runlim] sample:		34.4 time, 200.4 real, 1773.0 MB
[runlim] sample:		36.4 time, 210.4 real, 2106.2 MB
[runlim] sample:		31.6 time, 220.4 real, 783.3 MB
[runlim] sample:		45.6 time, 230.4 real, 1085.2 MB
[runlim] sample:		59.8 time, 240.4 real, 1382.4 MB
[runlim] sample:		62.3 time, 250.4 real, 1743.8 MB
[runlim] sample:		77.4 time, 260.4 real, 2160.2 MB
[runlim] sample:		72.4 time, 270.4 real, 2458.8 MB
[runlim] sample:		71.7 time, 280.4 real, 3046.1 MB
[runlim] sample:		85.2 time, 290.4 real, 3657.7 MB
[runlim] sample:		78.2 time, 300.4 real, 2821.8 MB
[runlim] sample:		69.0 time, 310.4 real, 3414.6 MB
[runlim] end:			Tue Feb 19 06:47:51 2019
[runlim] status:		out of memory
[runlim] result:		3
[runlim] children:		22342
[runlim] real:			319.60 seconds
[runlim] time:			88.08 seconds
[runlim] space:			4003.2 MB
[runlim] samples:		3192
