[runlim] version:		1.10fixed
[runlim] time limit:		1800 seconds
[runlim] real time limit:	311040000 seconds
[runlim] space limit:		4000 MB
[runlim] argv[0]:		./vampire-wrapper.sh
[runlim] argv[1]:		--ignore_missing
[runlim] argv[2]:		on
[runlim] argv[3]:		--mode
[runlim] argv[4]:		smtcomp
[runlim] argv[5]:		/tmp/pKS6zCw1.smt2
[runlim] start:			Tue Feb 19 06:35:32 2019
[runlim] main pid:		8631
[runlim] sample:		13.9 time, 10.2 real, 393.4 MB
[runlim] sample:		21.7 time, 20.2 real, 680.1 MB
[runlim] sample:		27.0 time, 30.2 real, 712.3 MB
[runlim] sample:		38.6 time, 40.2 real, 964.8 MB
[runlim] sample:		39.6 time, 50.2 real, 981.0 MB
[runlim] sample:		33.8 time, 60.2 real, 807.0 MB
[runlim] sample:		28.2 time, 70.2 real, 579.2 MB
[runlim] sample:		19.9 time, 80.2 real, 620.4 MB
[runlim] sample:		26.4 time, 90.2 real, 784.7 MB
[runlim] sample:		39.0 time, 100.2 real, 1021.3 MB
[runlim] sample:		53.2 time, 110.2 real, 1261.5 MB
[runlim] sample:		19.6 time, 120.2 real, 647.4 MB
[runlim] sample:		11.1 time, 130.2 real, 285.1 MB
[runlim] sample:		17.5 time, 140.2 real, 440.6 MB
[runlim] sample:		29.9 time, 150.2 real, 788.6 MB
[runlim] sample:		28.1 time, 160.2 real, 1035.8 MB
[runlim] sample:		22.0 time, 170.2 real, 1108.4 MB
[runlim] sample:		27.3 time, 180.2 real, 1503.9 MB
[runlim] sample:		37.2 time, 190.2 real, 1953.3 MB
[runlim] sample:		49.3 time, 200.2 real, 2392.7 MB
[runlim] sample:		20.8 time, 210.2 real, 1505.4 MB
[runlim] sample:		33.0 time, 220.2 real, 1953.9 MB
[runlim] sample:		45.1 time, 230.2 real, 2379.5 MB
[runlim] sample:		39.4 time, 240.2 real, 1044.3 MB
[runlim] sample:		52.0 time, 250.2 real, 1305.5 MB
[runlim] sample:		54.3 time, 260.2 real, 1625.9 MB
[runlim] sample:		66.6 time, 270.2 real, 1976.8 MB
[runlim] sample:		62.9 time, 280.2 real, 2250.8 MB
[runlim] sample:		64.8 time, 290.2 real, 2788.7 MB
[runlim] sample:		76.7 time, 300.2 real, 3352.4 MB
[runlim] sample:		89.0 time, 310.2 real, 3924.8 MB
[runlim] end:			Tue Feb 19 06:40:43 2019
[runlim] status:		out of memory
[runlim] result:		3
[runlim] children:		21795
[runlim] real:			311.60 seconds
[runlim] time:			90.70 seconds
[runlim] space:			4002.3 MB
[runlim] samples:		3114
