[runlim] version:		1.10fixed
[runlim] time limit:		1800 seconds
[runlim] real time limit:	311040000 seconds
[runlim] space limit:		4000 MB
[runlim] argv[0]:		./vampire-wrapper.sh
[runlim] argv[1]:		--ignore_missing
[runlim] argv[2]:		on
[runlim] argv[3]:		--mode
[runlim] argv[4]:		smtcomp
[runlim] argv[5]:		/tmp/kzn37yOA.smt2
[runlim] start:			Tue Feb 19 06:43:02 2019
[runlim] main pid:		30191
[runlim] sample:		20.0 time, 10.8 real, 505.1 MB
[runlim] sample:		24.3 time, 20.8 real, 667.7 MB
[runlim] sample:		41.7 time, 30.8 real, 956.4 MB
[runlim] sample:		47.8 time, 40.8 real, 935.0 MB
[runlim] sample:		51.0 time, 50.8 real, 1208.3 MB
[runlim] sample:		34.1 time, 60.8 real, 597.2 MB
[runlim] end:			Tue Feb 19 06:44:04 2019
[runlim] status:		ok
[runlim] result:		0
[runlim] children:		4339
[runlim] real:			62.85 seconds
[runlim] time:			58.26 seconds
[runlim] space:			1399.8 MB
[runlim] samples:		620
