[runlim] version:		1.10fixed
[runlim] time limit:		1800 seconds
[runlim] real time limit:	311040000 seconds
[runlim] space limit:		4000 MB
[runlim] argv[0]:		./vampire-wrapper.sh
[runlim] argv[1]:		--ignore_missing
[runlim] argv[2]:		on
[runlim] argv[3]:		--mode
[runlim] argv[4]:		smtcomp
[runlim] argv[5]:		/tmp/3WDT8uYW.smt2
[runlim] start:			Tue Feb 19 06:49:03 2019
[runlim] main pid:		16068
[runlim] sample:		10.6 time, 10.8 real, 344.4 MB
[runlim] sample:		17.8 time, 20.8 real, 578.3 MB
[runlim] sample:		24.0 time, 30.8 real, 634.8 MB
[runlim] sample:		34.3 time, 40.8 real, 848.0 MB
[runlim] sample:		35.2 time, 50.8 real, 829.4 MB
[runlim] sample:		39.2 time, 60.8 real, 987.3 MB
[runlim] sample:		46.7 time, 70.8 real, 1219.6 MB
[runlim] sample:		31.0 time, 80.8 real, 968.7 MB
[runlim] sample:		21.9 time, 90.8 real, 657.7 MB
[runlim] sample:		27.2 time, 100.8 real, 801.2 MB
[runlim] sample:		26.4 time, 110.8 real, 539.5 MB
[runlim] sample:		28.4 time, 120.8 real, 634.9 MB
[runlim] sample:		21.9 time, 130.8 real, 655.5 MB
[runlim] sample:		14.6 time, 140.8 real, 452.5 MB
[runlim] sample:		17.5 time, 150.8 real, 427.1 MB
[runlim] sample:		18.9 time, 160.8 real, 640.3 MB
[runlim] sample:		22.4 time, 170.8 real, 795.9 MB
[runlim] sample:		30.3 time, 180.8 real, 1162.3 MB
[runlim] sample:		40.9 time, 190.8 real, 1559.3 MB
[runlim] sample:		38.7 time, 200.8 real, 1893.2 MB
[runlim] sample:		37.6 time, 210.8 real, 1854.7 MB
[runlim] sample:		44.0 time, 220.8 real, 2148.5 MB
[runlim] sample:		39.2 time, 230.8 real, 1763.5 MB
[runlim] sample:		20.6 time, 240.8 real, 519.5 MB
[runlim] sample:		31.0 time, 250.8 real, 738.3 MB
[runlim] sample:		41.6 time, 260.8 real, 958.2 MB
[runlim] sample:		52.2 time, 270.8 real, 1183.1 MB
[runlim] sample:		63.2 time, 280.8 real, 1424.6 MB
[runlim] sample:		40.0 time, 290.8 real, 1697.2 MB
[runlim] sample:		50.5 time, 300.8 real, 2169.6 MB
[runlim] sample:		61.0 time, 310.8 real, 2641.9 MB
[runlim] sample:		71.6 time, 320.8 real, 3119.5 MB
[runlim] sample:		82.1 time, 330.8 real, 3591.9 MB
[runlim] sample:		72.5 time, 340.8 real, 3235.7 MB
[runlim] sample:		64.3 time, 350.8 real, 3184.7 MB
[runlim] sample:		74.9 time, 360.8 real, 3683.1 MB
[runlim] end:			Tue Feb 19 06:55:10 2019
[runlim] status:		out of memory
[runlim] result:		3
[runlim] children:		25696
[runlim] real:			367.89 seconds
[runlim] time:			87.99 seconds
[runlim] space:			4001.9 MB
[runlim] samples:		3671
