[runlim] version:		1.10fixed
[runlim] time limit:		1800 seconds
[runlim] real time limit:	311040000 seconds
[runlim] space limit:		4000 MB
[runlim] argv[0]:		./vampire-wrapper.sh
[runlim] argv[1]:		--ignore_missing
[runlim] argv[2]:		on
[runlim] argv[3]:		--mode
[runlim] argv[4]:		smtcomp
[runlim] argv[5]:		/tmp/IIK1q4xC.smt2
[runlim] start:			Tue Feb 19 06:51:09 2019
[runlim] main pid:		7786
[runlim] sample:		7.7 time, 10.4 real, 272.9 MB
[runlim] sample:		13.3 time, 20.4 real, 448.5 MB
[runlim] sample:		22.3 time, 30.4 real, 653.9 MB
[runlim] sample:		25.2 time, 40.4 real, 643.0 MB
[runlim] sample:		33.1 time, 50.4 real, 813.0 MB
[runlim] sample:		35.6 time, 60.4 real, 942.2 MB
[runlim] sample:		35.4 time, 70.4 real, 888.2 MB
[runlim] sample:		22.3 time, 80.4 real, 723.3 MB
[runlim] sample:		19.1 time, 90.4 real, 511.1 MB
[runlim] sample:		20.6 time, 100.4 real, 616.9 MB
[runlim] sample:		29.3 time, 110.4 real, 787.4 MB
[runlim] sample:		38.6 time, 120.4 real, 972.1 MB
[runlim] sample:		15.6 time, 130.4 real, 510.3 MB
[runlim] sample:		21.9 time, 140.4 real, 738.9 MB
[runlim] sample:		27.6 time, 150.4 real, 825.4 MB
[runlim] sample:		29.3 time, 160.4 real, 911.8 MB
[runlim] sample:		31.5 time, 170.4 real, 1171.3 MB
[runlim] sample:		15.0 time, 180.4 real, 828.4 MB
[runlim] sample:		24.4 time, 190.4 real, 1230.0 MB
[runlim] sample:		32.1 time, 200.4 real, 1540.6 MB
[runlim] sample:		29.7 time, 210.4 real, 1533.7 MB
[runlim] sample:		25.5 time, 220.4 real, 1190.8 MB
[runlim] sample:		35.3 time, 230.4 real, 1503.0 MB
[runlim] sample:		35.3 time, 240.4 real, 1693.6 MB
[runlim] sample:		31.2 time, 250.4 real, 774.3 MB
[runlim] sample:		41.0 time, 260.4 real, 975.6 MB
[runlim] sample:		50.7 time, 270.4 real, 1187.1 MB
[runlim] sample:		60.6 time, 280.4 real, 1383.7 MB
[runlim] sample:		51.4 time, 290.4 real, 1582.5 MB
[runlim] sample:		60.9 time, 300.4 real, 1952.4 MB
[runlim] sample:		70.9 time, 310.4 real, 2343.5 MB
[runlim] sample:		80.7 time, 320.4 real, 2730.4 MB
[runlim] sample:		90.4 time, 330.4 real, 3116.6 MB
[runlim] sample:		79.7 time, 340.4 real, 3536.4 MB
[runlim] sample:		49.0 time, 350.4 real, 2545.5 MB
[runlim] sample:		58.9 time, 360.4 real, 3015.4 MB
[runlim] sample:		69.0 time, 370.4 real, 3488.5 MB
[runlim] sample:		79.3 time, 380.4 real, 3972.6 MB
[runlim] end:			Tue Feb 19 06:57:29 2019
[runlim] status:		out of memory
[runlim] result:		3
[runlim] children:		26642
[runlim] real:			380.98 seconds
[runlim] time:			90.86 seconds
[runlim] space:			4001.1 MB
[runlim] samples:		3806
