[runlim] version:		1.10fixed
[runlim] time limit:		1800 seconds
[runlim] real time limit:	311040000 seconds
[runlim] space limit:		4000 MB
[runlim] argv[0]:		./vampire-wrapper.sh
[runlim] argv[1]:		--ignore_missing
[runlim] argv[2]:		on
[runlim] argv[3]:		--mode
[runlim] argv[4]:		smtcomp
[runlim] argv[5]:		/tmp/GQx1hh6Z.smt2
[runlim] start:			Tue Feb 19 06:48:38 2019
[runlim] main pid:		26452
[runlim] sample:		11.7 time, 11.0 real, 386.1 MB
[runlim] sample:		19.4 time, 21.0 real, 509.4 MB
[runlim] sample:		33.1 time, 31.0 real, 787.3 MB
[runlim] sample:		46.5 time, 41.0 real, 1055.5 MB
[runlim] sample:		36.0 time, 51.0 real, 577.3 MB
[runlim] sample:		26.8 time, 61.0 real, 399.4 MB
[runlim] sample:		38.7 time, 71.0 real, 613.5 MB
[runlim] sample:		29.3 time, 81.0 real, 783.1 MB
[runlim] sample:		35.9 time, 91.0 real, 962.7 MB
[runlim] sample:		48.4 time, 101.0 real, 1219.0 MB
[runlim] sample:		51.0 time, 111.0 real, 1495.1 MB
[runlim] sample:		7.6 time, 121.0 real, 298.2 MB
[runlim] sample:		15.0 time, 131.0 real, 468.6 MB
[runlim] sample:		23.1 time, 141.0 real, 769.5 MB
[runlim] sample:		30.0 time, 151.0 real, 1016.3 MB
[runlim] sample:		25.2 time, 161.0 real, 1124.4 MB
[runlim] sample:		32.8 time, 171.0 real, 1686.5 MB
[runlim] sample:		37.4 time, 181.0 real, 2003.2 MB
[runlim] sample:		47.6 time, 191.0 real, 2456.8 MB
[runlim] sample:		37.4 time, 201.0 real, 1792.4 MB
[runlim] sample:		39.3 time, 211.0 real, 2106.5 MB
[runlim] sample:		34.2 time, 221.0 real, 847.0 MB
[runlim] sample:		47.6 time, 231.0 real, 1127.2 MB
[runlim] sample:		62.5 time, 241.0 real, 1429.8 MB
[runlim] sample:		62.2 time, 251.0 real, 1756.0 MB
[runlim] sample:		48.9 time, 261.0 real, 2118.2 MB
[runlim] sample:		62.9 time, 271.0 real, 2772.7 MB
[runlim] sample:		76.8 time, 281.0 real, 3426.6 MB
[runlim] end:			Tue Feb 19 06:53:27 2019
[runlim] status:		out of memory
[runlim] result:		3
[runlim] children:		20206
[runlim] real:			289.70 seconds
[runlim] time:			89.13 seconds
[runlim] space:			4001.7 MB
[runlim] samples:		2887
