[runlim] version:		1.10fixed
[runlim] time limit:		1800 seconds
[runlim] real time limit:	311040000 seconds
[runlim] space limit:		4000 MB
[runlim] argv[0]:		./vampire-wrapper.sh
[runlim] argv[1]:		--ignore_missing
[runlim] argv[2]:		on
[runlim] argv[3]:		--mode
[runlim] argv[4]:		smtcomp
[runlim] argv[5]:		/tmp/pChqEuoR.smt2
[runlim] start:			Tue Feb 19 06:49:03 2019
[runlim] main pid:		9104
[runlim] sample:		12.1 time, 10.1 real, 383.1 MB
[runlim] sample:		21.4 time, 20.1 real, 658.9 MB
[runlim] sample:		28.1 time, 30.1 real, 717.4 MB
[runlim] sample:		39.8 time, 40.1 real, 952.8 MB
[runlim] sample:		51.3 time, 50.1 real, 1220.9 MB
[runlim] sample:		51.9 time, 60.1 real, 1074.9 MB
[runlim] sample:		37.7 time, 70.1 real, 508.5 MB
[runlim] sample:		30.3 time, 80.1 real, 543.7 MB
[runlim] sample:		25.0 time, 90.1 real, 709.7 MB
[runlim] sample:		31.5 time, 100.1 real, 891.6 MB
[runlim] sample:		31.2 time, 110.1 real, 581.6 MB
[runlim] sample:		34.5 time, 120.1 real, 777.9 MB
[runlim] sample:		24.9 time, 130.1 real, 738.9 MB
[runlim] sample:		16.7 time, 140.1 real, 428.9 MB
[runlim] sample:		24.9 time, 150.1 real, 768.4 MB
[runlim] sample:		20.6 time, 160.1 real, 872.9 MB
[runlim] sample:		22.4 time, 170.1 real, 1211.9 MB
[runlim] sample:		34.0 time, 180.1 real, 1746.5 MB
[runlim] sample:		48.2 time, 190.1 real, 2303.1 MB
[runlim] sample:		29.2 time, 200.1 real, 1512.3 MB
[runlim] sample:		30.8 time, 210.1 real, 1813.0 MB
[runlim] sample:		45.0 time, 220.1 real, 2329.0 MB
[runlim] sample:		39.6 time, 230.1 real, 1057.6 MB
[runlim] sample:		42.9 time, 240.1 real, 1333.5 MB
[runlim] sample:		56.9 time, 250.1 real, 1749.4 MB
[runlim] sample:		71.0 time, 260.1 real, 2210.7 MB
[runlim] sample:		75.8 time, 270.1 real, 2564.0 MB
[runlim] sample:		71.5 time, 280.1 real, 3126.1 MB
[runlim] sample:		64.3 time, 290.1 real, 2899.0 MB
[runlim] sample:		78.3 time, 300.1 real, 3571.2 MB
[runlim] sample:		72.5 time, 310.1 real, 3711.8 MB
[runlim] end:			Tue Feb 19 06:54:16 2019
[runlim] status:		out of memory
[runlim] result:		3
[runlim] children:		21944
[runlim] real:			313.63 seconds
[runlim] time:			84.20 seconds
[runlim] space:			4003.1 MB
[runlim] samples:		3135
