[runlim] version:		1.10fixed
[runlim] time limit:		1800 seconds
[runlim] real time limit:	311040000 seconds
[runlim] space limit:		4000 MB
[runlim] argv[0]:		./vampire-wrapper.sh
[runlim] argv[1]:		--ignore_missing
[runlim] argv[2]:		on
[runlim] argv[3]:		--mode
[runlim] argv[4]:		smtcomp
[runlim] argv[5]:		/tmp/8xK4GpWo.smt2
[runlim] start:			Tue Feb 19 06:46:58 2019
[runlim] main pid:		2797
[runlim] sample:		12.1 time, 10.6 real, 385.2 MB
[runlim] sample:		21.1 time, 20.6 real, 646.7 MB
[runlim] sample:		27.9 time, 30.6 real, 706.6 MB
[runlim] sample:		39.8 time, 40.6 real, 967.6 MB
[runlim] sample:		45.4 time, 50.6 real, 869.6 MB
[runlim] sample:		47.0 time, 60.6 real, 1163.0 MB
[runlim] sample:		45.1 time, 70.6 real, 1085.3 MB
[runlim] sample:		22.8 time, 80.6 real, 686.5 MB
[runlim] sample:		31.7 time, 90.6 real, 875.9 MB
[runlim] sample:		37.9 time, 100.6 real, 1068.6 MB
[runlim] sample:		51.7 time, 110.6 real, 1343.1 MB
[runlim] sample:		29.0 time, 120.6 real, 742.3 MB
[runlim] sample:		27.8 time, 130.6 real, 880.6 MB
[runlim] sample:		16.5 time, 140.6 real, 478.5 MB
[runlim] sample:		25.9 time, 150.6 real, 904.4 MB
[runlim] sample:		26.6 time, 160.6 real, 960.9 MB
[runlim] sample:		23.3 time, 170.6 real, 1340.9 MB
[runlim] sample:		34.6 time, 180.6 real, 1879.4 MB
[runlim] sample:		42.6 time, 190.6 real, 2253.7 MB
[runlim] sample:		46.8 time, 200.6 real, 2455.5 MB
[runlim] sample:		42.7 time, 210.6 real, 2021.8 MB
[runlim] sample:		27.2 time, 220.6 real, 660.3 MB
[runlim] sample:		39.0 time, 230.6 real, 913.0 MB
[runlim] sample:		51.0 time, 240.6 real, 1173.2 MB
[runlim] sample:		63.1 time, 250.6 real, 1449.5 MB
[runlim] sample:		67.5 time, 260.6 real, 1717.1 MB
[runlim] sample:		63.2 time, 270.6 real, 2015.2 MB
[runlim] sample:		75.3 time, 280.6 real, 2518.0 MB
[runlim] sample:		87.5 time, 290.6 real, 3024.1 MB
[runlim] sample:		99.7 time, 300.6 real, 3534.5 MB
[runlim] sample:		67.9 time, 310.6 real, 3207.9 MB
[runlim] sample:		80.3 time, 320.6 real, 3799.8 MB
[runlim] end:			Tue Feb 19 06:52:21 2019
[runlim] status:		out of memory
[runlim] result:		3
[runlim] children:		22622
[runlim] real:			323.78 seconds
[runlim] time:			104.20 seconds
[runlim] space:			4000.7 MB
[runlim] samples:		3232
