[runlim] version:		1.10fixed
[runlim] time limit:		1800 seconds
[runlim] real time limit:	311040000 seconds
[runlim] space limit:		4000 MB
[runlim] argv[0]:		./vampire-wrapper.sh
[runlim] argv[1]:		--ignore_missing
[runlim] argv[2]:		on
[runlim] argv[3]:		--mode
[runlim] argv[4]:		smtcomp
[runlim] argv[5]:		/tmp/k4M5GcCi.smt2
[runlim] start:			Tue Feb 19 06:44:18 2019
[runlim] main pid:		5082
[runlim] end:			Tue Feb 19 06:44:18 2019
[runlim] status:		ok
[runlim] result:		0
[runlim] children:		7
[runlim] real:			0.46 seconds
[runlim] time:			0.06 seconds
[runlim] space:			103.4 MB
[runlim] samples:		1
