[runlim] version:		1.10fixed
[runlim] time limit:		1800 seconds
[runlim] real time limit:	311040000 seconds
[runlim] space limit:		4000 MB
[runlim] argv[0]:		./vampire-wrapper.sh
[runlim] argv[1]:		--ignore_missing
[runlim] argv[2]:		on
[runlim] argv[3]:		--mode
[runlim] argv[4]:		smtcomp
[runlim] argv[5]:		/tmp/hJ0hszwm.smt2
[runlim] start:			Tue Feb 19 06:51:59 2019
[runlim] main pid:		29509
[runlim] sample:		7.6 time, 10.8 real, 273.5 MB
[runlim] sample:		15.9 time, 20.8 real, 507.3 MB
[runlim] sample:		20.9 time, 30.8 real, 530.0 MB
[runlim] sample:		30.2 time, 40.8 real, 707.1 MB
[runlim] sample:		39.1 time, 50.8 real, 898.5 MB
[runlim] sample:		21.8 time, 60.8 real, 427.8 MB
[runlim] sample:		32.6 time, 70.8 real, 357.9 MB
[runlim] sample:		13.0 time, 80.8 real, 443.1 MB
[runlim] sample:		21.6 time, 90.8 real, 626.5 MB
[runlim] sample:		27.8 time, 100.8 real, 760.2 MB
[runlim] sample:		28.3 time, 110.8 real, 519.6 MB
[runlim] sample:		19.5 time, 120.8 real, 538.0 MB
[runlim] sample:		22.3 time, 130.8 real, 673.4 MB
[runlim] sample:		29.3 time, 140.8 real, 728.3 MB
[runlim] sample:		38.3 time, 150.8 real, 956.5 MB
[runlim] sample:		22.3 time, 160.8 real, 751.9 MB
[runlim] sample:		29.1 time, 170.8 real, 942.5 MB
[runlim] sample:		34.5 time, 180.8 real, 1312.1 MB
[runlim] sample:		34.2 time, 190.8 real, 1715.1 MB
[runlim] sample:		43.1 time, 200.8 real, 2110.1 MB
[runlim] sample:		45.6 time, 210.8 real, 2242.3 MB
[runlim] sample:		22.8 time, 220.8 real, 1481.8 MB
[runlim] sample:		33.7 time, 230.8 real, 1875.5 MB
[runlim] sample:		44.4 time, 240.8 real, 2254.5 MB
[runlim] sample:		36.8 time, 250.8 real, 962.1 MB
[runlim] sample:		47.1 time, 260.8 real, 1184.4 MB
[runlim] sample:		57.5 time, 270.8 real, 1411.8 MB
[runlim] sample:		68.0 time, 280.8 real, 1638.2 MB
[runlim] sample:		71.5 time, 290.8 real, 1853.1 MB
[runlim] sample:		82.0 time, 300.8 real, 2147.6 MB
[runlim] sample:		92.4 time, 310.8 real, 2437.8 MB
[runlim] sample:		67.3 time, 320.8 real, 2050.6 MB
[runlim] sample:		59.5 time, 330.8 real, 1954.3 MB
[runlim] sample:		69.6 time, 340.8 real, 2380.0 MB
[runlim] sample:		79.0 time, 350.8 real, 2775.5 MB
[runlim] sample:		88.4 time, 360.8 real, 3166.9 MB
[runlim] sample:		98.1 time, 370.8 real, 3577.6 MB
[runlim] sample:		107.9 time, 380.8 real, 3985.0 MB
[runlim] end:			Tue Feb 19 06:58:20 2019
[runlim] status:		out of memory
[runlim] result:		3
[runlim] children:		26628
[runlim] real:			381.21 seconds
[runlim] time:			108.26 seconds
[runlim] space:			4000.8 MB
[runlim] samples:		3804
