[runlim] version:		1.10fixed
[runlim] time limit:		1800 seconds
[runlim] real time limit:	311040000 seconds
[runlim] space limit:		4000 MB
[runlim] argv[0]:		./vampire-wrapper.sh
[runlim] argv[1]:		--ignore_missing
[runlim] argv[2]:		on
[runlim] argv[3]:		--mode
[runlim] argv[4]:		smtcomp
[runlim] argv[5]:		/tmp/31YhaOLO.smt2
[runlim] start:			Tue Feb 19 06:51:17 2019
[runlim] main pid:		27688
[runlim] end:			Tue Feb 19 06:51:18 2019
[runlim] status:		ok
[runlim] result:		0
[runlim] children:		42
[runlim] real:			1.11 seconds
[runlim] time:			0.70 seconds
[runlim] space:			121.6 MB
[runlim] samples:		6
