[runlim] version:		1.10fixed
[runlim] time limit:		1800 seconds
[runlim] real time limit:	311040000 seconds
[runlim] space limit:		4000 MB
[runlim] argv[0]:		./vampire-wrapper.sh
[runlim] argv[1]:		--ignore_missing
[runlim] argv[2]:		on
[runlim] argv[3]:		--mode
[runlim] argv[4]:		smtcomp
[runlim] argv[5]:		/tmp/RVizk2fp.smt2
[runlim] start:			Tue Feb 19 06:50:28 2019
[runlim] main pid:		23963
[runlim] sample:		14.1 time, 10.9 real, 383.2 MB
[runlim] sample:		19.2 time, 20.9 real, 543.0 MB
[runlim] sample:		32.4 time, 30.9 real, 821.2 MB
[runlim] sample:		45.4 time, 40.9 real, 1111.4 MB
[runlim] sample:		38.7 time, 50.9 real, 1000.7 MB
[runlim] sample:		43.6 time, 60.9 real, 1076.7 MB
[runlim] sample:		38.9 time, 70.9 real, 812.6 MB
[runlim] sample:		29.7 time, 80.9 real, 840.1 MB
[runlim] sample:		37.7 time, 90.9 real, 1069.9 MB
[runlim] sample:		37.3 time, 100.9 real, 721.9 MB
[runlim] sample:		39.4 time, 110.9 real, 874.0 MB
[runlim] sample:		30.1 time, 120.9 real, 857.9 MB
[runlim] sample:		18.6 time, 130.9 real, 478.1 MB
[runlim] sample:		26.1 time, 140.9 real, 822.7 MB
[runlim] sample:		17.0 time, 150.9 real, 829.3 MB
[runlim] sample:		24.1 time, 160.9 real, 1284.6 MB
[runlim] sample:		35.3 time, 170.9 real, 1803.5 MB
[runlim] sample:		42.7 time, 180.9 real, 2153.9 MB
[runlim] sample:		36.8 time, 190.9 real, 2213.5 MB
[runlim] sample:		49.1 time, 200.9 real, 2688.2 MB
[runlim] sample:		42.6 time, 210.9 real, 2197.8 MB
[runlim] sample:		37.0 time, 220.9 real, 897.7 MB
[runlim] sample:		49.1 time, 230.9 real, 1151.0 MB
[runlim] sample:		63.3 time, 240.9 real, 1476.7 MB
[runlim] sample:		75.4 time, 250.9 real, 1743.9 MB
[runlim] sample:		62.0 time, 260.9 real, 1988.2 MB
[runlim] sample:		74.0 time, 270.9 real, 2472.3 MB
[runlim] sample:		86.1 time, 280.9 real, 2977.1 MB
[runlim] sample:		77.8 time, 290.9 real, 3520.8 MB
[runlim] end:			Tue Feb 19 06:55:27 2019
[runlim] status:		out of memory
[runlim] result:		3
[runlim] children:		20879
[runlim] real:			299.22 seconds
[runlim] time:			88.82 seconds
[runlim] space:			4000.4 MB
[runlim] samples:		2983
