[runlim] version:		1.10fixed
[runlim] time limit:		1800 seconds
[runlim] real time limit:	311040000 seconds
[runlim] space limit:		4000 MB
[runlim] argv[0]:		./vampire-wrapper.sh
[runlim] argv[1]:		--ignore_missing
[runlim] argv[2]:		on
[runlim] argv[3]:		--mode
[runlim] argv[4]:		smtcomp
[runlim] argv[5]:		/tmp/wf49qIp4.smt2
[runlim] start:			Tue Feb 19 06:49:24 2019
[runlim] main pid:		7272
[runlim] sample:		11.8 time, 10.4 real, 378.4 MB
[runlim] sample:		20.7 time, 20.4 real, 653.1 MB
[runlim] sample:		27.1 time, 30.4 real, 710.1 MB
[runlim] sample:		30.1 time, 40.4 real, 749.5 MB
[runlim] sample:		40.7 time, 50.4 real, 927.4 MB
[runlim] sample:		36.2 time, 60.4 real, 881.7 MB
[runlim] sample:		30.6 time, 70.4 real, 618.1 MB
[runlim] sample:		19.6 time, 80.4 real, 609.8 MB
[runlim] sample:		24.6 time, 90.4 real, 742.5 MB
[runlim] sample:		34.0 time, 100.4 real, 938.9 MB
[runlim] sample:		22.2 time, 110.4 real, 577.8 MB
[runlim] sample:		15.4 time, 120.4 real, 522.2 MB
[runlim] sample:		22.3 time, 130.4 real, 755.6 MB
[runlim] sample:		26.0 time, 140.4 real, 815.8 MB
[runlim] sample:		14.0 time, 150.4 real, 484.9 MB
[runlim] sample:		16.1 time, 160.4 real, 691.7 MB
[runlim] sample:		17.4 time, 170.4 real, 924.5 MB
[runlim] sample:		25.1 time, 180.4 real, 1278.1 MB
[runlim] sample:		32.6 time, 190.4 real, 1619.2 MB
[runlim] sample:		36.5 time, 200.4 real, 1788.3 MB
[runlim] sample:		26.5 time, 210.4 real, 1253.5 MB
[runlim] sample:		35.8 time, 220.4 real, 1565.5 MB
[runlim] sample:		34.1 time, 230.4 real, 1744.0 MB
[runlim] sample:		43.5 time, 240.4 real, 2072.5 MB
[runlim] sample:		52.9 time, 250.4 real, 2407.0 MB
[runlim] sample:		44.7 time, 260.4 real, 1138.6 MB
[runlim] sample:		54.0 time, 270.4 real, 1341.3 MB
[runlim] sample:		50.9 time, 280.4 real, 1521.9 MB
[runlim] sample:		60.2 time, 290.4 real, 1798.4 MB
[runlim] sample:		63.7 time, 300.4 real, 2058.0 MB
[runlim] sample:		57.0 time, 310.4 real, 2462.4 MB
[runlim] sample:		66.6 time, 320.4 real, 2907.3 MB
[runlim] sample:		76.2 time, 330.4 real, 3349.7 MB
[runlim] sample:		66.1 time, 340.4 real, 2979.4 MB
[runlim] sample:		75.5 time, 350.4 real, 3421.6 MB
[runlim] sample:		84.8 time, 360.4 real, 3863.3 MB
[runlim] sample:		71.9 time, 370.4 real, 3666.2 MB
[runlim] end:			Tue Feb 19 06:55:41 2019
[runlim] status:		out of memory
[runlim] result:		3
[runlim] children:		26418
[runlim] real:			377.86 seconds
[runlim] time:			85.76 seconds
[runlim] space:			4002.8 MB
[runlim] samples:		3774
