[runlim] version:		1.10fixed
[runlim] time limit:		1800 seconds
[runlim] real time limit:	311040000 seconds
[runlim] space limit:		4000 MB
[runlim] argv[0]:		./vampire-wrapper.sh
[runlim] argv[1]:		--ignore_missing
[runlim] argv[2]:		on
[runlim] argv[3]:		--mode
[runlim] argv[4]:		smtcomp
[runlim] argv[5]:		/tmp/zETaOnZT.smt2
[runlim] start:			Tue Feb 19 06:51:02 2019
[runlim] main pid:		7787
[runlim] sample:		8.0 time, 10.7 real, 279.2 MB
[runlim] sample:		13.9 time, 20.7 real, 461.6 MB
[runlim] sample:		19.3 time, 30.7 real, 506.2 MB
[runlim] sample:		27.3 time, 40.7 real, 675.0 MB
[runlim] sample:		34.6 time, 50.7 real, 832.6 MB
[runlim] sample:		28.9 time, 60.7 real, 711.5 MB
[runlim] sample:		27.6 time, 70.7 real, 663.8 MB
[runlim] sample:		26.0 time, 80.7 real, 797.1 MB
[runlim] sample:		31.8 time, 90.7 real, 934.0 MB
[runlim] sample:		36.2 time, 100.7 real, 1097.5 MB
[runlim] sample:		29.7 time, 110.7 real, 810.9 MB
[runlim] sample:		30.4 time, 120.7 real, 949.4 MB
[runlim] sample:		18.1 time, 130.7 real, 515.2 MB
[runlim] sample:		19.5 time, 140.7 real, 596.3 MB
[runlim] sample:		27.0 time, 150.7 real, 784.4 MB
[runlim] sample:		13.8 time, 160.7 real, 428.6 MB
[runlim] sample:		12.3 time, 170.7 real, 568.8 MB
[runlim] sample:		17.5 time, 180.7 real, 896.0 MB
[runlim] sample:		25.5 time, 190.7 real, 1279.2 MB
[runlim] sample:		35.3 time, 200.7 real, 1641.4 MB
[runlim] sample:		38.0 time, 210.7 real, 1777.7 MB
[runlim] sample:		41.0 time, 220.7 real, 1921.4 MB
[runlim] sample:		27.0 time, 230.7 real, 1483.8 MB
[runlim] sample:		37.2 time, 240.7 real, 1844.1 MB
[runlim] sample:		32.1 time, 250.7 real, 807.0 MB
[runlim] sample:		33.7 time, 260.7 real, 1049.2 MB
[runlim] sample:		43.3 time, 270.7 real, 1329.7 MB
[runlim] sample:		53.0 time, 280.7 real, 1611.8 MB
[runlim] sample:		43.7 time, 290.7 real, 1874.8 MB
[runlim] sample:		53.4 time, 300.7 real, 2315.9 MB
[runlim] sample:		63.3 time, 310.7 real, 2762.7 MB
[runlim] sample:		73.2 time, 320.7 real, 3208.0 MB
[runlim] sample:		82.9 time, 330.7 real, 3650.2 MB
[runlim] end:			Tue Feb 19 06:56:40 2019
[runlim] status:		out of memory
[runlim] result:		3
[runlim] children:		23665
[runlim] real:			338.84 seconds
[runlim] time:			90.56 seconds
[runlim] space:			4001.6 MB
[runlim] samples:		3381
