[runlim] version:		1.10fixed
[runlim] time limit:		1800 seconds
[runlim] real time limit:	311040000 seconds
[runlim] space limit:		4000 MB
[runlim] argv[0]:		./vampire-wrapper.sh
[runlim] argv[1]:		--ignore_missing
[runlim] argv[2]:		on
[runlim] argv[3]:		--mode
[runlim] argv[4]:		smtcomp
[runlim] argv[5]:		/tmp/oQ6AUriE.smt2
[runlim] start:			Tue Feb 19 06:48:51 2019
[runlim] main pid:		26228
[runlim] sample:		10.3 time, 10.6 real, 327.6 MB
[runlim] sample:		17.3 time, 20.6 real, 544.2 MB
[runlim] sample:		23.0 time, 30.6 real, 593.7 MB
[runlim] sample:		32.7 time, 40.6 real, 807.8 MB
[runlim] sample:		36.2 time, 50.6 real, 982.9 MB
[runlim] sample:		35.8 time, 60.6 real, 901.8 MB
[runlim] sample:		43.5 time, 70.6 real, 1133.3 MB
[runlim] sample:		29.5 time, 80.6 real, 924.2 MB
[runlim] sample:		21.7 time, 90.6 real, 632.9 MB
[runlim] sample:		27.0 time, 100.6 real, 773.9 MB
[runlim] sample:		36.7 time, 110.6 real, 969.8 MB
[runlim] sample:		27.0 time, 120.6 real, 639.4 MB
[runlim] sample:		21.1 time, 130.6 real, 632.5 MB
[runlim] sample:		12.6 time, 140.6 real, 284.4 MB
[runlim] sample:		17.7 time, 150.6 real, 434.7 MB
[runlim] sample:		11.3 time, 160.6 real, 521.9 MB
[runlim] sample:		16.8 time, 170.6 real, 824.5 MB
[runlim] sample:		27.2 time, 180.6 real, 1251.0 MB
[runlim] sample:		36.2 time, 190.6 real, 1606.5 MB
[runlim] sample:		33.5 time, 200.6 real, 1584.6 MB
[runlim] sample:		44.2 time, 210.6 real, 1929.1 MB
[runlim] sample:		38.8 time, 220.6 real, 1651.6 MB
[runlim] sample:		49.3 time, 230.6 real, 1994.9 MB
[runlim] sample:		38.8 time, 240.6 real, 2166.6 MB
[runlim] sample:		31.9 time, 250.6 real, 957.3 MB
[runlim] sample:		42.3 time, 260.6 real, 1247.1 MB
[runlim] sample:		53.1 time, 270.6 real, 1537.1 MB
[runlim] sample:		43.4 time, 280.6 real, 1861.4 MB
[runlim] sample:		54.2 time, 290.6 real, 2333.1 MB
[runlim] sample:		64.8 time, 300.6 real, 2796.7 MB
[runlim] sample:		75.6 time, 310.6 real, 3267.8 MB
[runlim] sample:		86.2 time, 320.6 real, 3732.2 MB
[runlim] end:			Tue Feb 19 06:54:17 2019
[runlim] status:		out of memory
[runlim] result:		3
[runlim] children:		22799
[runlim] real:			326.34 seconds
[runlim] time:			92.38 seconds
[runlim] space:			4000.4 MB
[runlim] samples:		3257
