[runlim] version:		1.10fixed
[runlim] time limit:		1800 seconds
[runlim] real time limit:	311040000 seconds
[runlim] space limit:		4000 MB
[runlim] argv[0]:		./vampire-wrapper.sh
[runlim] argv[1]:		--ignore_missing
[runlim] argv[2]:		on
[runlim] argv[3]:		--mode
[runlim] argv[4]:		smtcomp
[runlim] argv[5]:		/tmp/yWfkxU8o.smt2
[runlim] start:			Tue Feb 19 06:52:19 2019
[runlim] main pid:		20599
[runlim] sample:		10.0 time, 10.5 real, 292.4 MB
[runlim] sample:		13.6 time, 20.5 real, 387.9 MB
[runlim] sample:		23.2 time, 30.5 real, 566.0 MB
[runlim] sample:		32.8 time, 40.5 real, 747.0 MB
[runlim] sample:		42.3 time, 50.5 real, 954.0 MB
[runlim] sample:		34.8 time, 60.5 real, 583.6 MB
[runlim] sample:		44.2 time, 70.5 real, 784.6 MB
[runlim] sample:		42.8 time, 80.5 real, 982.3 MB
[runlim] sample:		34.5 time, 90.5 real, 685.9 MB
[runlim] sample:		31.2 time, 100.5 real, 870.9 MB
[runlim] sample:		25.4 time, 110.5 real, 551.3 MB
[runlim] sample:		35.5 time, 120.5 real, 684.7 MB
[runlim] sample:		33.0 time, 130.5 real, 800.2 MB
[runlim] sample:		29.3 time, 140.5 real, 917.3 MB
[runlim] sample:		19.2 time, 150.5 real, 520.6 MB
[runlim] sample:		12.2 time, 160.5 real, 573.6 MB
[runlim] sample:		19.8 time, 170.5 real, 837.2 MB
[runlim] sample:		26.1 time, 180.5 real, 1289.7 MB
[runlim] sample:		36.0 time, 190.5 real, 1717.9 MB
[runlim] sample:		45.1 time, 200.5 real, 2177.6 MB
[runlim] sample:		29.8 time, 210.5 real, 1421.5 MB
[runlim] sample:		31.4 time, 220.5 real, 1715.7 MB
[runlim] sample:		43.8 time, 230.5 real, 2162.2 MB
[runlim] sample:		55.9 time, 240.5 real, 2601.2 MB
[runlim] sample:		49.0 time, 250.5 real, 1290.1 MB
[runlim] sample:		61.3 time, 260.5 real, 1563.2 MB
[runlim] sample:		59.2 time, 270.5 real, 1815.9 MB
[runlim] sample:		54.0 time, 280.5 real, 2065.2 MB
[runlim] sample:		57.6 time, 290.5 real, 2474.8 MB
[runlim] sample:		67.4 time, 300.5 real, 2935.5 MB
[runlim] sample:		77.4 time, 310.5 real, 3399.5 MB
[runlim] sample:		87.2 time, 320.5 real, 3854.3 MB
[runlim] end:			Tue Feb 19 06:57:42 2019
[runlim] status:		out of memory
[runlim] result:		3
[runlim] children:		22628
[runlim] real:			323.79 seconds
[runlim] time:			90.30 seconds
[runlim] space:			4000.5 MB
[runlim] samples:		3233
