[runlim] version:		1.10fixed
[runlim] time limit:		1800 seconds
[runlim] real time limit:	311040000 seconds
[runlim] space limit:		4000 MB
[runlim] argv[0]:		./vampire-wrapper.sh
[runlim] argv[1]:		--ignore_missing
[runlim] argv[2]:		on
[runlim] argv[3]:		--mode
[runlim] argv[4]:		smtcomp
[runlim] argv[5]:		/tmp/4hlQHQIX.smt2
[runlim] start:			Tue Feb 19 06:50:01 2019
[runlim] main pid:		24845
[runlim] sample:		10.9 time, 10.1 real, 356.9 MB
[runlim] sample:		18.7 time, 20.1 real, 591.8 MB
[runlim] sample:		25.3 time, 30.1 real, 653.4 MB
[runlim] sample:		33.4 time, 40.1 real, 862.5 MB
[runlim] sample:		36.0 time, 50.1 real, 788.2 MB
[runlim] sample:		40.5 time, 60.1 real, 1012.2 MB
[runlim] sample:		39.4 time, 70.1 real, 925.9 MB
[runlim] sample:		36.5 time, 80.1 real, 1075.5 MB
[runlim] sample:		25.9 time, 90.1 real, 715.0 MB
[runlim] sample:		31.7 time, 100.1 real, 891.1 MB
[runlim] sample:		42.7 time, 110.1 real, 1090.5 MB
[runlim] sample:		19.0 time, 120.1 real, 352.0 MB
[runlim] sample:		12.3 time, 130.1 real, 379.9 MB
[runlim] sample:		16.8 time, 140.1 real, 415.5 MB
[runlim] sample:		25.2 time, 150.1 real, 689.4 MB
[runlim] sample:		17.0 time, 160.1 real, 835.8 MB
[runlim] sample:		23.7 time, 170.1 real, 1239.0 MB
[runlim] sample:		33.7 time, 180.1 real, 1708.9 MB
[runlim] sample:		26.3 time, 190.1 real, 1347.5 MB
[runlim] sample:		29.9 time, 200.1 real, 1466.4 MB
[runlim] sample:		42.5 time, 210.1 real, 1890.6 MB
[runlim] sample:		28.2 time, 220.1 real, 736.5 MB
[runlim] sample:		40.6 time, 230.1 real, 993.6 MB
[runlim] sample:		53.3 time, 240.1 real, 1272.6 MB
[runlim] sample:		65.5 time, 250.1 real, 1532.2 MB
[runlim] sample:		69.6 time, 260.1 real, 1815.0 MB
[runlim] sample:		66.0 time, 270.1 real, 2095.8 MB
[runlim] sample:		60.8 time, 280.1 real, 2627.6 MB
[runlim] sample:		54.3 time, 290.1 real, 2429.3 MB
[runlim] sample:		66.5 time, 300.1 real, 2995.2 MB
[runlim] sample:		78.6 time, 310.1 real, 3564.6 MB
[runlim] end:			Tue Feb 19 06:55:18 2019
[runlim] status:		out of memory
[runlim] result:		3
[runlim] children:		22228
[runlim] real:			317.68 seconds
[runlim] time:			87.87 seconds
[runlim] space:			4000.6 MB
[runlim] samples:		3176
