[runlim] version:		1.10fixed
[runlim] time limit:		1800 seconds
[runlim] real time limit:	311040000 seconds
[runlim] space limit:		4000 MB
[runlim] argv[0]:		./vampire-wrapper.sh
[runlim] argv[1]:		--ignore_missing
[runlim] argv[2]:		on
[runlim] argv[3]:		--mode
[runlim] argv[4]:		smtcomp
[runlim] argv[5]:		/tmp/8fHz029H.smt2
[runlim] start:			Tue Feb 19 06:45:59 2019
[runlim] main pid:		25515
[runlim] sample:		9.8 time, 10.7 real, 339.6 MB
[runlim] sample:		21.0 time, 20.7 real, 653.0 MB
[runlim] sample:		28.0 time, 30.7 real, 717.7 MB
[runlim] sample:		38.8 time, 40.7 real, 948.5 MB
[runlim] sample:		34.9 time, 50.7 real, 913.6 MB
[runlim] sample:		34.3 time, 60.7 real, 791.9 MB
[runlim] sample:		43.2 time, 70.7 real, 1004.1 MB
[runlim] sample:		19.3 time, 80.7 real, 600.5 MB
[runlim] sample:		28.9 time, 90.7 real, 779.0 MB
[runlim] sample:		26.8 time, 100.7 real, 563.0 MB
[runlim] sample:		38.3 time, 110.7 real, 721.0 MB
[runlim] sample:		22.1 time, 120.7 real, 681.5 MB
[runlim] sample:		12.8 time, 130.7 real, 348.5 MB
[runlim] sample:		19.3 time, 140.7 real, 547.6 MB
[runlim] sample:		15.9 time, 150.7 real, 678.1 MB
[runlim] sample:		17.3 time, 160.7 real, 912.9 MB
[runlim] sample:		29.6 time, 170.7 real, 1423.5 MB
[runlim] sample:		34.0 time, 180.7 real, 1713.9 MB
[runlim] sample:		37.2 time, 190.7 real, 1847.2 MB
[runlim] sample:		49.2 time, 200.7 real, 2279.1 MB
[runlim] sample:		19.4 time, 210.7 real, 473.0 MB
[runlim] sample:		30.5 time, 220.7 real, 718.4 MB
[runlim] sample:		33.2 time, 230.7 real, 969.3 MB
[runlim] sample:		43.5 time, 240.7 real, 1267.4 MB
[runlim] sample:		46.9 time, 250.7 real, 1531.0 MB
[runlim] sample:		42.9 time, 260.7 real, 1926.7 MB
[runlim] sample:		53.2 time, 270.7 real, 2401.6 MB
[runlim] sample:		63.4 time, 280.7 real, 2872.3 MB
[runlim] sample:		73.7 time, 290.7 real, 3345.7 MB
[runlim] sample:		84.0 time, 300.7 real, 3822.7 MB
[runlim] end:			Tue Feb 19 06:51:03 2019
[runlim] status:		out of memory
[runlim] result:		3
[runlim] children:		21261
[runlim] real:			304.55 seconds
[runlim] time:			87.93 seconds
[runlim] space:			4003.8 MB
[runlim] samples:		3038
