[runlim] version:		1.10fixed
[runlim] time limit:		1800 seconds
[runlim] real time limit:	311040000 seconds
[runlim] space limit:		4000 MB
[runlim] argv[0]:		./vampire-wrapper.sh
[runlim] argv[1]:		--ignore_missing
[runlim] argv[2]:		on
[runlim] argv[3]:		--mode
[runlim] argv[4]:		smtcomp
[runlim] argv[5]:		/tmp/Q7KwFHJR.smt2
[runlim] start:			Tue Feb 19 06:49:51 2019
[runlim] main pid:		26617
[runlim] sample:		11.2 time, 10.9 real, 378.2 MB
[runlim] sample:		22.3 time, 20.9 real, 672.8 MB
[runlim] sample:		28.3 time, 30.9 real, 705.3 MB
[runlim] sample:		40.1 time, 40.9 real, 969.6 MB
[runlim] sample:		27.1 time, 50.9 real, 603.3 MB
[runlim] sample:		41.3 time, 60.9 real, 880.7 MB
[runlim] sample:		31.3 time, 70.9 real, 606.2 MB
[runlim] sample:		27.6 time, 80.9 real, 761.5 MB
[runlim] sample:		34.2 time, 90.9 real, 954.0 MB
[runlim] sample:		34.6 time, 100.9 real, 687.1 MB
[runlim] sample:		28.6 time, 110.9 real, 708.9 MB
[runlim] sample:		27.9 time, 120.9 real, 873.8 MB
[runlim] sample:		18.2 time, 130.9 real, 493.9 MB
[runlim] sample:		26.1 time, 140.9 real, 844.6 MB
[runlim] sample:		17.2 time, 150.9 real, 835.9 MB
[runlim] sample:		24.8 time, 160.9 real, 1309.7 MB
[runlim] sample:		36.7 time, 170.9 real, 1853.9 MB
[runlim] sample:		40.8 time, 180.9 real, 2167.1 MB
[runlim] sample:		32.4 time, 190.9 real, 1622.5 MB
[runlim] sample:		33.6 time, 200.9 real, 1919.6 MB
[runlim] sample:		47.7 time, 210.9 real, 2425.5 MB
[runlim] sample:		43.6 time, 220.9 real, 1120.6 MB
[runlim] sample:		46.0 time, 230.9 real, 1433.5 MB
[runlim] sample:		58.4 time, 240.9 real, 1805.1 MB
[runlim] sample:		70.6 time, 250.9 real, 2207.3 MB
[runlim] sample:		57.4 time, 260.9 real, 2506.8 MB
[runlim] sample:		69.5 time, 270.9 real, 3079.8 MB
[runlim] sample:		81.6 time, 280.9 real, 3646.1 MB
[runlim] end:			Tue Feb 19 06:54:38 2019
[runlim] status:		out of memory
[runlim] result:		3
[runlim] children:		20039
[runlim] real:			287.20 seconds
[runlim] time:			89.23 seconds
[runlim] space:			4001.5 MB
[runlim] samples:		2863
