[runlim] version:		1.10fixed
[runlim] time limit:		1800 seconds
[runlim] real time limit:	311040000 seconds
[runlim] space limit:		4000 MB
[runlim] argv[0]:		./vampire-wrapper.sh
[runlim] argv[1]:		--ignore_missing
[runlim] argv[2]:		on
[runlim] argv[3]:		--mode
[runlim] argv[4]:		smtcomp
[runlim] argv[5]:		/tmp/SphGCCNB.smt2
[runlim] start:			Tue Feb 19 06:47:53 2019
[runlim] main pid:		5365
[runlim] sample:		9.7 time, 10.1 real, 330.1 MB
[runlim] sample:		20.8 time, 20.1 real, 621.9 MB
[runlim] sample:		26.9 time, 30.1 real, 670.0 MB
[runlim] sample:		38.3 time, 40.1 real, 919.2 MB
[runlim] sample:		33.2 time, 50.1 real, 789.7 MB
[runlim] sample:		45.0 time, 60.1 real, 1084.0 MB
[runlim] sample:		42.6 time, 70.1 real, 964.6 MB
[runlim] sample:		21.7 time, 80.1 real, 645.5 MB
[runlim] sample:		27.7 time, 90.1 real, 809.3 MB
[runlim] sample:		35.9 time, 100.1 real, 979.8 MB
[runlim] sample:		32.9 time, 110.1 real, 620.9 MB
[runlim] sample:		20.6 time, 120.1 real, 587.7 MB
[runlim] sample:		10.9 time, 130.1 real, 360.3 MB
[runlim] sample:		14.2 time, 140.1 real, 389.1 MB
[runlim] sample:		23.2 time, 150.1 real, 693.3 MB
[runlim] sample:		16.2 time, 160.1 real, 773.6 MB
[runlim] sample:		21.8 time, 170.1 real, 1135.2 MB
[runlim] sample:		30.5 time, 180.1 real, 1529.1 MB
[runlim] sample:		39.2 time, 190.1 real, 1925.2 MB
[runlim] sample:		26.1 time, 200.1 real, 1332.9 MB
[runlim] sample:		37.0 time, 210.1 real, 1686.0 MB
[runlim] sample:		21.8 time, 220.1 real, 595.3 MB
[runlim] sample:		32.7 time, 230.1 real, 819.0 MB
[runlim] sample:		43.3 time, 240.1 real, 1039.1 MB
[runlim] sample:		54.1 time, 250.1 real, 1257.9 MB
[runlim] sample:		58.0 time, 260.1 real, 1443.8 MB
[runlim] sample:		56.4 time, 270.1 real, 1815.9 MB
[runlim] sample:		66.7 time, 280.1 real, 2222.4 MB
[runlim] sample:		77.0 time, 290.1 real, 2634.8 MB
[runlim] sample:		87.8 time, 300.1 real, 3066.9 MB
[runlim] sample:		98.5 time, 310.1 real, 3499.4 MB
[runlim] sample:		65.7 time, 320.1 real, 3095.4 MB
[runlim] sample:		76.6 time, 330.1 real, 3598.4 MB
[runlim] end:			Tue Feb 19 06:53:31 2019
[runlim] status:		out of memory
[runlim] result:		3
[runlim] children:		23672
[runlim] real:			338.29 seconds
[runlim] time:			101.54 seconds
[runlim] space:			4001.1 MB
[runlim] samples:		3382
