[runlim] version:		1.10fixed
[runlim] time limit:		1800 seconds
[runlim] real time limit:	311040000 seconds
[runlim] space limit:		4000 MB
[runlim] argv[0]:		./vampire-wrapper.sh
[runlim] argv[1]:		--ignore_missing
[runlim] argv[2]:		on
[runlim] argv[3]:		--mode
[runlim] argv[4]:		smtcomp
[runlim] argv[5]:		/tmp/f3eZaVdY.smt2
[runlim] start:			Tue Feb 19 06:50:32 2019
[runlim] main pid:		3434
[runlim] sample:		8.2 time, 10.7 real, 292.9 MB
[runlim] sample:		17.9 time, 20.7 real, 550.1 MB
[runlim] sample:		22.5 time, 30.7 real, 600.0 MB
[runlim] sample:		32.3 time, 40.7 real, 795.7 MB
[runlim] sample:		42.1 time, 50.7 real, 999.9 MB
[runlim] sample:		42.7 time, 60.7 real, 896.1 MB
[runlim] sample:		54.7 time, 70.7 real, 1141.5 MB
[runlim] sample:		20.9 time, 80.7 real, 397.2 MB
[runlim] sample:		21.1 time, 90.7 real, 580.9 MB
[runlim] sample:		14.8 time, 100.7 real, 356.9 MB
[runlim] sample:		26.1 time, 110.7 real, 507.0 MB
[runlim] sample:		36.9 time, 120.7 real, 634.5 MB
[runlim] sample:		19.5 time, 130.7 real, 617.5 MB
[runlim] sample:		28.0 time, 140.7 real, 812.5 MB
[runlim] sample:		35.9 time, 150.7 real, 1082.7 MB
[runlim] sample:		14.8 time, 160.7 real, 721.0 MB
[runlim] sample:		21.2 time, 170.7 real, 945.6 MB
[runlim] sample:		27.2 time, 180.7 real, 1386.8 MB
[runlim] sample:		35.9 time, 190.7 real, 1778.5 MB
[runlim] sample:		37.4 time, 200.7 real, 1990.4 MB
[runlim] sample:		28.4 time, 210.7 real, 1406.0 MB
[runlim] sample:		39.2 time, 220.7 real, 1766.2 MB
[runlim] sample:		49.8 time, 230.7 real, 2124.3 MB
[runlim] sample:		31.9 time, 240.7 real, 862.5 MB
[runlim] sample:		42.7 time, 250.7 real, 1099.2 MB
[runlim] sample:		53.5 time, 260.7 real, 1330.6 MB
[runlim] sample:		52.4 time, 270.7 real, 1567.8 MB
[runlim] sample:		42.0 time, 280.7 real, 1829.5 MB
[runlim] sample:		52.6 time, 290.7 real, 2327.2 MB
[runlim] sample:		63.2 time, 300.7 real, 2828.2 MB
[runlim] sample:		73.9 time, 310.7 real, 3329.2 MB
[runlim] sample:		84.7 time, 320.7 real, 3832.3 MB
[runlim] end:			Tue Feb 19 06:55:56 2019
[runlim] status:		out of memory
[runlim] result:		3
[runlim] children:		22635
[runlim] real:			324.12 seconds
[runlim] time:			88.29 seconds
[runlim] space:			4000.0 MB
[runlim] samples:		3234
