[runlim] version:		1.10fixed
[runlim] time limit:		1800 seconds
[runlim] real time limit:	311040000 seconds
[runlim] space limit:		4000 MB
[runlim] argv[0]:		./vampire-wrapper.sh
[runlim] argv[1]:		--ignore_missing
[runlim] argv[2]:		on
[runlim] argv[3]:		--mode
[runlim] argv[4]:		smtcomp
[runlim] argv[5]:		/tmp/hVAKEtEk.smt2
[runlim] start:			Tue Feb 19 06:47:37 2019
[runlim] main pid:		7866
[runlim] sample:		10.4 time, 10.9 real, 338.7 MB
[runlim] sample:		17.8 time, 20.9 real, 563.5 MB
[runlim] sample:		22.3 time, 30.9 real, 620.4 MB
[runlim] sample:		32.2 time, 40.9 real, 865.5 MB
[runlim] sample:		41.8 time, 50.9 real, 1082.3 MB
[runlim] sample:		37.8 time, 60.9 real, 981.3 MB
[runlim] sample:		23.2 time, 70.9 real, 530.1 MB
[runlim] sample:		20.3 time, 80.9 real, 561.5 MB
[runlim] sample:		22.2 time, 90.9 real, 683.8 MB
[runlim] sample:		33.2 time, 100.9 real, 905.4 MB
[runlim] sample:		34.0 time, 110.9 real, 656.6 MB
[runlim] sample:		24.2 time, 120.9 real, 670.4 MB
[runlim] sample:		24.3 time, 130.9 real, 710.2 MB
[runlim] sample:		32.5 time, 140.9 real, 948.9 MB
[runlim] sample:		22.3 time, 150.9 real, 756.0 MB
[runlim] sample:		18.7 time, 160.9 real, 794.4 MB
[runlim] sample:		20.3 time, 170.9 real, 1089.2 MB
[runlim] sample:		30.1 time, 180.9 real, 1547.0 MB
[runlim] sample:		41.9 time, 190.9 real, 1983.5 MB
[runlim] sample:		25.0 time, 200.9 real, 1321.4 MB
[runlim] sample:		26.4 time, 210.9 real, 1600.9 MB
[runlim] sample:		38.2 time, 220.9 real, 2022.5 MB
[runlim] sample:		50.2 time, 230.9 real, 2448.3 MB
[runlim] sample:		44.0 time, 240.9 real, 1200.6 MB
[runlim] sample:		56.3 time, 250.9 real, 1456.1 MB
[runlim] sample:		68.5 time, 260.9 real, 1710.2 MB
[runlim] sample:		67.8 time, 270.9 real, 2019.3 MB
[runlim] sample:		55.6 time, 280.9 real, 2354.6 MB
[runlim] sample:		67.3 time, 290.9 real, 2890.7 MB
[runlim] sample:		79.2 time, 300.9 real, 3441.2 MB
[runlim] sample:		71.7 time, 310.9 real, 3453.0 MB
[runlim] end:			Tue Feb 19 06:52:56 2019
[runlim] status:		out of memory
[runlim] result:		3
[runlim] children:		22334
[runlim] real:			319.99 seconds
[runlim] time:			85.25 seconds
[runlim] space:			4001.3 MB
[runlim] samples:		3191
