[runlim] version:		1.10fixed
[runlim] time limit:		1800 seconds
[runlim] real time limit:	311040000 seconds
[runlim] space limit:		4000 MB
[runlim] argv[0]:		./vampire-wrapper.sh
[runlim] argv[1]:		--ignore_missing
[runlim] argv[2]:		on
[runlim] argv[3]:		--mode
[runlim] argv[4]:		smtcomp
[runlim] argv[5]:		/tmp/2oGhsXgX.smt2
[runlim] start:			Tue Feb 19 06:44:39 2019
[runlim] main pid:		20588
[runlim] sample:		10.5 time, 10.7 real, 332.3 MB
[runlim] sample:		18.2 time, 20.7 real, 592.2 MB
[runlim] sample:		30.1 time, 30.7 real, 880.5 MB
[runlim] sample:		33.9 time, 40.7 real, 836.7 MB
[runlim] sample:		44.0 time, 50.7 real, 1040.7 MB
[runlim] sample:		45.2 time, 60.7 real, 1009.4 MB
[runlim] sample:		44.9 time, 70.7 real, 879.9 MB
[runlim] sample:		25.2 time, 80.7 real, 497.0 MB
[runlim] sample:		37.8 time, 90.7 real, 683.5 MB
[runlim] sample:		28.3 time, 100.7 real, 836.3 MB
[runlim] sample:		38.1 time, 110.7 real, 1003.4 MB
[runlim] sample:		26.2 time, 120.7 real, 624.7 MB
[runlim] sample:		22.8 time, 130.7 real, 648.6 MB
[runlim] sample:		11.9 time, 140.7 real, 378.5 MB
[runlim] sample:		18.1 time, 150.7 real, 400.3 MB
[runlim] sample:		25.4 time, 160.7 real, 694.3 MB
[runlim] sample:		23.2 time, 170.7 real, 797.6 MB
[runlim] sample:		28.7 time, 180.7 real, 1099.4 MB
[runlim] sample:		39.2 time, 190.7 real, 1490.6 MB
[runlim] sample:		49.8 time, 200.7 real, 1876.8 MB
[runlim] sample:		36.3 time, 210.7 real, 1852.7 MB
[runlim] sample:		29.2 time, 220.7 real, 1520.8 MB
[runlim] sample:		40.1 time, 230.7 real, 1887.7 MB
[runlim] sample:		37.4 time, 240.7 real, 2050.7 MB
[runlim] sample:		31.0 time, 250.7 real, 812.2 MB
[runlim] sample:		41.5 time, 260.7 real, 1025.8 MB
[runlim] sample:		52.0 time, 270.7 real, 1236.9 MB
[runlim] sample:		62.7 time, 280.7 real, 1462.5 MB
[runlim] sample:		66.0 time, 290.7 real, 1724.3 MB
[runlim] sample:		77.0 time, 300.7 real, 2025.9 MB
[runlim] sample:		87.6 time, 310.7 real, 2321.9 MB
[runlim] sample:		98.2 time, 320.7 real, 2616.6 MB
[runlim] sample:		89.0 time, 330.7 real, 2904.5 MB
[runlim] sample:		100.1 time, 340.7 real, 3340.4 MB
[runlim] sample:		88.3 time, 350.7 real, 2835.8 MB
[runlim] sample:		78.9 time, 360.7 real, 2671.6 MB
[runlim] sample:		89.4 time, 370.7 real, 3094.4 MB
[runlim] sample:		70.8 time, 380.7 real, 3495.8 MB
[runlim] sample:		81.5 time, 390.7 real, 3997.7 MB
[runlim] end:			Tue Feb 19 06:51:09 2019
[runlim] status:		out of memory
[runlim] result:		3
[runlim] children:		27306
[runlim] real:			390.79 seconds
[runlim] time:			107.61 seconds
[runlim] space:			4002.7 MB
[runlim] samples:		3901
