[runlim] version:		1.10fixed
[runlim] time limit:		1800 seconds
[runlim] real time limit:	311040000 seconds
[runlim] space limit:		4000 MB
[runlim] argv[0]:		./vampire-wrapper.sh
[runlim] argv[1]:		--ignore_missing
[runlim] argv[2]:		on
[runlim] argv[3]:		--mode
[runlim] argv[4]:		smtcomp
[runlim] argv[5]:		/tmp/bPl0w5Hs.smt2
[runlim] start:			Tue Feb 19 06:51:38 2019
[runlim] main pid:		5936
[runlim] end:			Tue Feb 19 06:51:42 2019
[runlim] status:		ok
[runlim] result:		0
[runlim] children:		280
[runlim] real:			4.83 seconds
[runlim] time:			4.04 seconds
[runlim] space:			195.7 MB
[runlim] samples:		40
