[runlim] version:		1.10fixed
[runlim] time limit:		1800 seconds
[runlim] real time limit:	311040000 seconds
[runlim] space limit:		4000 MB
[runlim] argv[0]:		./vampire-wrapper.sh
[runlim] argv[1]:		--ignore_missing
[runlim] argv[2]:		on
[runlim] argv[3]:		--mode
[runlim] argv[4]:		smtcomp
[runlim] argv[5]:		/tmp/ufKemrXI.smt2
[runlim] start:			Tue Feb 19 06:56:07 2019
[runlim] main pid:		12422
[runlim] sample:		8.2 time, 10.0 real, 274.6 MB
[runlim] sample:		15.8 time, 20.0 real, 483.5 MB
[runlim] sample:		18.7 time, 30.0 real, 488.7 MB
[runlim] sample:		26.7 time, 40.0 real, 627.0 MB
[runlim] sample:		34.5 time, 50.0 real, 802.9 MB
[runlim] sample:		28.8 time, 60.0 real, 670.0 MB
[runlim] sample:		28.8 time, 70.0 real, 636.2 MB
[runlim] sample:		23.7 time, 80.0 real, 740.2 MB
[runlim] sample:		29.7 time, 90.0 real, 870.8 MB
[runlim] sample:		21.5 time, 100.0 real, 607.0 MB
[runlim] sample:		28.4 time, 110.0 real, 747.7 MB
[runlim] sample:		30.7 time, 120.0 real, 898.8 MB
[runlim] sample:		28.8 time, 130.0 real, 939.4 MB
[runlim] sample:		21.9 time, 140.0 real, 618.7 MB
[runlim] sample:		25.8 time, 150.0 real, 650.2 MB
[runlim] sample:		16.2 time, 160.0 real, 350.5 MB
[runlim] sample:		17.4 time, 170.0 real, 570.2 MB
[runlim] sample:		21.3 time, 180.0 real, 713.1 MB
[runlim] sample:		28.5 time, 190.0 real, 1056.6 MB
[runlim] sample:		28.3 time, 200.0 real, 1365.9 MB
[runlim] sample:		36.1 time, 210.0 real, 1704.0 MB
[runlim] sample:		38.6 time, 220.0 real, 1794.7 MB
[runlim] sample:		41.8 time, 230.0 real, 1929.3 MB
[runlim] sample:		51.4 time, 240.0 real, 2254.2 MB
[runlim] sample:		33.0 time, 250.0 real, 1630.0 MB
[runlim] sample:		42.6 time, 260.0 real, 1959.5 MB
[runlim] sample:		34.7 time, 270.0 real, 813.1 MB
[runlim] sample:		44.3 time, 280.0 real, 995.3 MB
[runlim] sample:		53.8 time, 290.0 real, 1172.3 MB
[runlim] sample:		50.0 time, 300.0 real, 1279.5 MB
[runlim] sample:		59.7 time, 310.0 real, 1530.4 MB
[runlim] sample:		69.2 time, 320.0 real, 1776.1 MB
[runlim] sample:		69.8 time, 330.0 real, 2084.3 MB
[runlim] sample:		60.2 time, 340.0 real, 2438.9 MB
[runlim] sample:		53.0 time, 350.0 real, 2376.9 MB
[runlim] sample:		62.8 time, 360.0 real, 2819.4 MB
[runlim] sample:		72.5 time, 370.0 real, 3258.6 MB
[runlim] sample:		61.5 time, 380.0 real, 2903.1 MB
[runlim] sample:		71.2 time, 390.0 real, 3337.8 MB
[runlim] sample:		80.9 time, 400.0 real, 3777.7 MB
[runlim] end:			Tue Feb 19 07:02:52 2019
[runlim] status:		out of memory
[runlim] result:		3
[runlim] children:		28334
[runlim] real:			404.83 seconds
[runlim] time:			85.91 seconds
[runlim] space:			4000.3 MB
[runlim] samples:		4048
