[runlim] version:		1.10fixed
[runlim] time limit:		1800 seconds
[runlim] real time limit:	311040000 seconds
[runlim] space limit:		4000 MB
[runlim] argv[0]:		./vampire-wrapper.sh
[runlim] argv[1]:		--ignore_missing
[runlim] argv[2]:		on
[runlim] argv[3]:		--mode
[runlim] argv[4]:		smtcomp
[runlim] argv[5]:		/tmp/nNovaqs7.smt2
[runlim] start:			Tue Feb 19 07:02:48 2019
[runlim] main pid:		18382
[runlim] sample:		6.5 time, 10.3 real, 247.1 MB
[runlim] end:			Tue Feb 19 07:02:59 2019
[runlim] status:		ok
[runlim] result:		0
[runlim] children:		736
[runlim] real:			11.01 seconds
[runlim] time:			8.03 seconds
[runlim] space:			280.4 MB
[runlim] samples:		106
