[runlim] version:		1.10fixed
[runlim] time limit:		1800 seconds
[runlim] real time limit:	311040000 seconds
[runlim] space limit:		4000 MB
[runlim] argv[0]:		./vampire-wrapper.sh
[runlim] argv[1]:		--ignore_missing
[runlim] argv[2]:		on
[runlim] argv[3]:		--mode
[runlim] argv[4]:		smtcomp
[runlim] argv[5]:		/tmp/ilixRyps.smt2
[runlim] start:			Tue Feb 19 06:56:05 2019
[runlim] main pid:		25857
[runlim] sample:		9.1 time, 10.3 real, 303.8 MB
[runlim] sample:		15.9 time, 20.3 real, 498.9 MB
[runlim] sample:		21.0 time, 30.3 real, 547.4 MB
[runlim] sample:		29.8 time, 40.3 real, 733.1 MB
[runlim] sample:		38.7 time, 50.3 real, 920.1 MB
[runlim] sample:		34.1 time, 60.3 real, 827.5 MB
[runlim] sample:		32.8 time, 70.3 real, 767.3 MB
[runlim] sample:		30.3 time, 80.3 real, 950.7 MB
[runlim] sample:		21.9 time, 90.3 real, 657.4 MB
[runlim] sample:		26.9 time, 100.3 real, 809.2 MB
[runlim] sample:		36.6 time, 110.3 real, 1002.2 MB
[runlim] sample:		26.4 time, 120.3 real, 609.1 MB
[runlim] sample:		20.5 time, 130.3 real, 634.2 MB
[runlim] sample:		11.6 time, 140.3 real, 295.7 MB
[runlim] sample:		17.5 time, 150.3 real, 494.8 MB
[runlim] sample:		20.4 time, 160.3 real, 629.5 MB
[runlim] sample:		12.9 time, 170.3 real, 736.4 MB
[runlim] sample:		22.1 time, 180.3 real, 1113.5 MB
[runlim] sample:		29.8 time, 190.3 real, 1433.8 MB
[runlim] sample:		31.9 time, 200.3 real, 1574.8 MB
[runlim] sample:		35.6 time, 210.3 real, 1708.1 MB
[runlim] sample:		33.5 time, 220.3 real, 1483.9 MB
[runlim] sample:		31.2 time, 230.3 real, 686.2 MB
[runlim] sample:		29.0 time, 240.3 real, 745.3 MB
[runlim] sample:		32.0 time, 250.3 real, 995.2 MB
[runlim] sample:		41.6 time, 260.3 real, 1268.3 MB
[runlim] sample:		51.2 time, 270.3 real, 1536.8 MB
[runlim] sample:		41.3 time, 280.3 real, 1735.4 MB
[runlim] sample:		50.6 time, 290.3 real, 2147.5 MB
[runlim] sample:		60.3 time, 300.3 real, 2577.9 MB
[runlim] sample:		69.5 time, 310.3 real, 2990.8 MB
[runlim] sample:		78.9 time, 320.3 real, 3402.4 MB
[runlim] sample:		88.4 time, 330.3 real, 3824.9 MB
[runlim] sample:		78.6 time, 340.3 real, 3486.8 MB
[runlim] sample:		68.9 time, 350.3 real, 3374.3 MB
[runlim] sample:		78.5 time, 360.3 real, 3824.7 MB
[runlim] end:			Tue Feb 19 07:02:09 2019
[runlim] status:		out of memory
[runlim] result:		3
[runlim] children:		25479
[runlim] real:			364.27 seconds
[runlim] time:			91.35 seconds
[runlim] space:			4002.8 MB
[runlim] samples:		3640
