[runlim] version:		1.10fixed
[runlim] time limit:		1800 seconds
[runlim] real time limit:	311040000 seconds
[runlim] space limit:		4000 MB
[runlim] argv[0]:		./vampire-wrapper.sh
[runlim] argv[1]:		--ignore_missing
[runlim] argv[2]:		on
[runlim] argv[3]:		--mode
[runlim] argv[4]:		smtcomp
[runlim] argv[5]:		/tmp/xuHNeDsR.smt2
[runlim] start:			Tue Feb 19 07:00:32 2019
[runlim] main pid:		31915
[runlim] sample:		8.1 time, 10.1 real, 275.9 MB
[runlim] sample:		15.9 time, 20.1 real, 499.6 MB
[runlim] sample:		23.3 time, 30.1 real, 666.5 MB
[runlim] sample:		26.5 time, 40.1 real, 641.2 MB
[runlim] sample:		34.7 time, 50.1 real, 830.0 MB
[runlim] sample:		33.2 time, 60.1 real, 718.4 MB
[runlim] sample:		42.8 time, 70.1 real, 927.4 MB
[runlim] sample:		27.6 time, 80.1 real, 749.7 MB
[runlim] end:			Tue Feb 19 07:01:57 2019
[runlim] status:		ok
[runlim] result:		0
[runlim] children:		6005
[runlim] real:			85.88 seconds
[runlim] time:			46.98 seconds
[runlim] space:			1033.2 MB
[runlim] samples:		858
