[runlim] version:		1.10fixed
[runlim] time limit:		1800 seconds
[runlim] real time limit:	311040000 seconds
[runlim] space limit:		4000 MB
[runlim] argv[0]:		./vampire-wrapper.sh
[runlim] argv[1]:		--ignore_missing
[runlim] argv[2]:		on
[runlim] argv[3]:		--mode
[runlim] argv[4]:		smtcomp
[runlim] argv[5]:		/tmp/GC0e9bqu.smt2
[runlim] start:			Tue Feb 19 07:01:21 2019
[runlim] main pid:		9998
[runlim] sample:		8.2 time, 10.5 real, 274.9 MB
[runlim] sample:		15.6 time, 20.5 real, 497.1 MB
[runlim] sample:		22.3 time, 30.5 real, 668.3 MB
[runlim] sample:		25.0 time, 40.5 real, 646.5 MB
[runlim] sample:		33.1 time, 50.5 real, 832.7 MB
[runlim] sample:		41.3 time, 60.5 real, 1008.1 MB
[runlim] sample:		36.0 time, 70.5 real, 865.3 MB
[runlim] sample:		21.0 time, 80.5 real, 717.7 MB
[runlim] sample:		16.2 time, 90.5 real, 470.0 MB
[runlim] sample:		17.5 time, 100.5 real, 563.2 MB
[runlim] sample:		25.9 time, 110.5 real, 739.8 MB
[runlim] sample:		35.4 time, 120.5 real, 909.5 MB
[runlim] sample:		23.7 time, 130.5 real, 895.4 MB
[runlim] sample:		19.2 time, 140.5 real, 614.8 MB
[runlim] sample:		24.3 time, 150.5 real, 670.4 MB
[runlim] sample:		16.1 time, 160.5 real, 427.6 MB
[runlim] sample:		19.4 time, 170.5 real, 610.7 MB
[runlim] sample:		15.4 time, 180.5 real, 777.7 MB
[runlim] sample:		22.6 time, 190.5 real, 1141.3 MB
[runlim] sample:		30.3 time, 200.5 real, 1468.0 MB
[runlim] sample:		27.2 time, 210.5 real, 1429.8 MB
[runlim] sample:		36.4 time, 220.5 real, 1742.7 MB
[runlim] sample:		45.8 time, 230.5 real, 2058.9 MB
[runlim] sample:		31.6 time, 240.5 real, 1570.0 MB
[runlim] sample:		40.8 time, 250.5 real, 1886.7 MB
[runlim] sample:		50.2 time, 260.5 real, 873.2 MB
[runlim] sample:		35.8 time, 270.5 real, 1130.4 MB
[runlim] sample:		45.3 time, 280.5 real, 1399.9 MB
[runlim] sample:		41.9 time, 290.5 real, 1604.1 MB
[runlim] sample:		45.4 time, 300.5 real, 1950.6 MB
[runlim] sample:		55.3 time, 310.5 real, 2413.1 MB
[runlim] sample:		64.9 time, 320.5 real, 2845.0 MB
[runlim] sample:		74.6 time, 330.5 real, 3280.6 MB
[runlim] sample:		84.0 time, 340.5 real, 3710.5 MB
[runlim] end:			Tue Feb 19 07:07:08 2019
[runlim] status:		out of memory
[runlim] result:		3
[runlim] children:		24271
[runlim] real:			347.29 seconds
[runlim] time:			90.55 seconds
[runlim] space:			4003.2 MB
[runlim] samples:		3468
