[runlim] version:		1.10fixed
[runlim] time limit:		1800 seconds
[runlim] real time limit:	311040000 seconds
[runlim] space limit:		4000 MB
[runlim] argv[0]:		./vampire-wrapper.sh
[runlim] argv[1]:		--ignore_missing
[runlim] argv[2]:		on
[runlim] argv[3]:		--mode
[runlim] argv[4]:		smtcomp
[runlim] argv[5]:		/tmp/jkrsAfDk.smt2
[runlim] start:			Tue Feb 19 07:01:00 2019
[runlim] main pid:		6678
[runlim] sample:		8.3 time, 10.1 real, 280.0 MB
[runlim] sample:		14.0 time, 20.1 real, 437.7 MB
[runlim] sample:		17.3 time, 30.1 real, 458.5 MB
[runlim] sample:		25.2 time, 40.1 real, 615.5 MB
[runlim] sample:		32.9 time, 50.1 real, 759.0 MB
[runlim] sample:		29.1 time, 60.1 real, 681.4 MB
[runlim] sample:		30.1 time, 70.1 real, 687.3 MB
[runlim] sample:		25.4 time, 80.1 real, 827.3 MB
[runlim] sample:		18.3 time, 90.1 real, 573.2 MB
[runlim] sample:		22.8 time, 100.1 real, 719.3 MB
[runlim] sample:		31.4 time, 110.1 real, 902.8 MB
[runlim] sample:		33.6 time, 120.1 real, 1082.2 MB
[runlim] sample:		27.6 time, 130.1 real, 1097.7 MB
[runlim] sample:		22.7 time, 140.1 real, 710.9 MB
[runlim] sample:		27.7 time, 150.1 real, 725.2 MB
[runlim] sample:		30.1 time, 160.1 real, 857.6 MB
[runlim] sample:		9.9 time, 170.1 real, 522.9 MB
[runlim] sample:		19.4 time, 180.1 real, 815.1 MB
[runlim] sample:		24.4 time, 190.1 real, 1167.4 MB
[runlim] sample:		32.0 time, 200.1 real, 1497.7 MB
[runlim] sample:		38.8 time, 210.1 real, 1852.8 MB
[runlim] sample:		24.0 time, 220.1 real, 1194.5 MB
[runlim] sample:		33.5 time, 230.1 real, 1527.7 MB
[runlim] sample:		43.2 time, 240.1 real, 1847.4 MB
[runlim] sample:		37.6 time, 250.1 real, 847.4 MB
[runlim] sample:		47.4 time, 260.1 real, 1085.4 MB
[runlim] sample:		34.0 time, 270.1 real, 1119.2 MB
[runlim] sample:		43.5 time, 280.1 real, 1395.4 MB
[runlim] sample:		40.5 time, 290.1 real, 1569.7 MB
[runlim] sample:		50.2 time, 300.1 real, 1975.7 MB
[runlim] sample:		53.8 time, 310.1 real, 2370.2 MB
[runlim] sample:		63.4 time, 320.1 real, 2805.3 MB
[runlim] sample:		54.4 time, 330.1 real, 2478.3 MB
[runlim] sample:		63.9 time, 340.1 real, 2916.0 MB
[runlim] sample:		73.4 time, 350.1 real, 3357.6 MB
[runlim] sample:		83.0 time, 360.1 real, 3801.1 MB
[runlim] end:			Tue Feb 19 07:07:04 2019
[runlim] status:		out of memory
[runlim] result:		3
[runlim] children:		25504
[runlim] real:			364.53 seconds
[runlim] time:			87.31 seconds
[runlim] space:			4001.4 MB
[runlim] samples:		3644
