[runlim] version:		1.10fixed
[runlim] time limit:		1800 seconds
[runlim] real time limit:	311040000 seconds
[runlim] space limit:		4000 MB
[runlim] argv[0]:		./vampire-wrapper.sh
[runlim] argv[1]:		--ignore_missing
[runlim] argv[2]:		on
[runlim] argv[3]:		--mode
[runlim] argv[4]:		smtcomp
[runlim] argv[5]:		/tmp/jXWAdt5j.smt2
[runlim] start:			Tue Feb 19 06:57:33 2019
[runlim] main pid:		16460
[runlim] sample:		7.8 time, 10.3 real, 268.6 MB
[runlim] sample:		13.5 time, 20.3 real, 428.5 MB
[runlim] sample:		21.2 time, 30.3 real, 631.5 MB
[runlim] sample:		24.6 time, 40.3 real, 609.1 MB
[runlim] sample:		32.3 time, 50.3 real, 763.7 MB
[runlim] sample:		34.9 time, 60.3 real, 873.5 MB
[runlim] sample:		34.2 time, 70.3 real, 807.0 MB
[runlim] end:			Tue Feb 19 06:58:52 2019
[runlim] status:		ok
[runlim] result:		0
[runlim] children:		5557
[runlim] real:			79.75 seconds
[runlim] time:			41.37 seconds
[runlim] space:			1037.9 MB
[runlim] samples:		794
