[runlim] version:		1.10fixed
[runlim] time limit:		1800 seconds
[runlim] real time limit:	311040000 seconds
[runlim] space limit:		4000 MB
[runlim] argv[0]:		./vampire-wrapper.sh
[runlim] argv[1]:		--ignore_missing
[runlim] argv[2]:		on
[runlim] argv[3]:		--mode
[runlim] argv[4]:		smtcomp
[runlim] argv[5]:		/tmp/yYSgc0Jy.smt2
[runlim] start:			Tue Feb 19 06:58:02 2019
[runlim] main pid:		31318
[runlim] sample:		8.3 time, 10.2 real, 280.2 MB
[runlim] sample:		15.1 time, 20.2 real, 479.3 MB
[runlim] sample:		22.7 time, 30.2 real, 657.4 MB
[runlim] sample:		26.3 time, 40.2 real, 658.0 MB
[runlim] sample:		27.2 time, 50.2 real, 652.2 MB
[runlim] sample:		30.1 time, 60.2 real, 751.5 MB
[runlim] sample:		37.5 time, 70.2 real, 977.4 MB
[runlim] end:			Tue Feb 19 06:59:18 2019
[runlim] status:		ok
[runlim] result:		0
[runlim] children:		5341
[runlim] real:			76.55 seconds
[runlim] time:			41.78 seconds
[runlim] space:			1077.4 MB
[runlim] samples:		763
