[runlim] version:		1.10fixed
[runlim] time limit:		1800 seconds
[runlim] real time limit:	311040000 seconds
[runlim] space limit:		4000 MB
[runlim] argv[0]:		./vampire-wrapper.sh
[runlim] argv[1]:		--ignore_missing
[runlim] argv[2]:		on
[runlim] argv[3]:		--mode
[runlim] argv[4]:		smtcomp
[runlim] argv[5]:		/tmp/IIJT6Fd1.smt2
[runlim] start:			Tue Feb 19 06:58:24 2019
[runlim] main pid:		1463
[runlim] sample:		8.2 time, 10.5 real, 289.2 MB
[runlim] sample:		11.2 time, 20.5 real, 340.7 MB
[runlim] sample:		19.5 time, 30.5 real, 511.6 MB
[runlim] sample:		27.7 time, 40.5 real, 688.6 MB
[runlim] sample:		23.1 time, 50.5 real, 590.2 MB
[runlim] sample:		26.3 time, 60.5 real, 643.3 MB
[runlim] sample:		33.3 time, 70.5 real, 824.0 MB
[runlim] sample:		28.3 time, 80.5 real, 915.5 MB
[runlim] sample:		36.4 time, 90.5 real, 1099.5 MB
[runlim] sample:		42.8 time, 100.5 real, 1314.1 MB
[runlim] sample:		28.3 time, 110.5 real, 984.5 MB
[runlim] sample:		25.3 time, 120.5 real, 604.2 MB
[runlim] sample:		24.1 time, 130.5 real, 659.5 MB
[runlim] sample:		12.7 time, 140.5 real, 276.2 MB
[runlim] sample:		16.0 time, 150.5 real, 364.0 MB
[runlim] sample:		13.4 time, 160.5 real, 587.4 MB
[runlim] sample:		15.0 time, 170.5 real, 792.0 MB
[runlim] sample:		24.8 time, 180.5 real, 1197.9 MB
[runlim] sample:		32.5 time, 190.5 real, 1548.8 MB
[runlim] sample:		30.3 time, 200.5 real, 1531.0 MB
[runlim] sample:		27.4 time, 210.5 real, 1266.5 MB
[runlim] sample:		27.8 time, 220.5 real, 1478.9 MB
[runlim] sample:		37.7 time, 230.5 real, 1821.5 MB
[runlim] sample:		25.5 time, 240.5 real, 824.6 MB
[runlim] sample:		35.2 time, 250.5 real, 1118.8 MB
[runlim] sample:		45.0 time, 260.5 real, 1393.9 MB
[runlim] sample:		54.8 time, 270.5 real, 1668.5 MB
[runlim] sample:		51.7 time, 280.5 real, 1910.6 MB
[runlim] sample:		53.8 time, 290.5 real, 2301.5 MB
[runlim] sample:		63.4 time, 300.5 real, 2730.0 MB
[runlim] sample:		72.9 time, 310.5 real, 3157.4 MB
[runlim] sample:		82.6 time, 320.5 real, 3594.9 MB
[runlim] end:			Tue Feb 19 07:03:53 2019
[runlim] status:		out of memory
[runlim] result:		3
[runlim] children:		23050
[runlim] real:			329.81 seconds
[runlim] time:			91.78 seconds
[runlim] space:			4003.3 MB
[runlim] samples:		3293
