[runlim] version:		1.10fixed
[runlim] time limit:		1800 seconds
[runlim] real time limit:	311040000 seconds
[runlim] space limit:		4000 MB
[runlim] argv[0]:		./vampire-wrapper.sh
[runlim] argv[1]:		--ignore_missing
[runlim] argv[2]:		on
[runlim] argv[3]:		--mode
[runlim] argv[4]:		smtcomp
[runlim] argv[5]:		/tmp/eFYBNgQn.smt2
[runlim] start:			Tue Feb 19 07:01:51 2019
[runlim] main pid:		10085
[runlim] sample:		8.1 time, 10.3 real, 275.8 MB
[runlim] sample:		13.9 time, 20.3 real, 431.7 MB
[runlim] sample:		18.5 time, 30.3 real, 468.0 MB
[runlim] sample:		26.4 time, 40.3 real, 625.6 MB
[runlim] sample:		34.2 time, 50.3 real, 765.8 MB
[runlim] sample:		34.1 time, 60.3 real, 664.6 MB
[runlim] sample:		35.6 time, 70.3 real, 625.4 MB
[runlim] sample:		30.3 time, 80.3 real, 738.5 MB
[runlim] sample:		26.5 time, 90.3 real, 509.2 MB
[runlim] sample:		32.8 time, 100.3 real, 612.9 MB
[runlim] sample:		37.3 time, 110.3 real, 734.4 MB
[runlim] sample:		23.7 time, 120.3 real, 490.0 MB
[runlim] sample:		23.9 time, 130.3 real, 578.0 MB
[runlim] sample:		19.8 time, 140.3 real, 604.6 MB
[runlim] sample:		11.0 time, 150.3 real, 231.9 MB
[runlim] sample:		16.6 time, 160.3 real, 378.1 MB
[runlim] sample:		13.6 time, 170.3 real, 504.1 MB
[runlim] sample:		23.0 time, 180.3 real, 744.4 MB
[runlim] sample:		27.6 time, 190.3 real, 1053.7 MB
[runlim] sample:		37.0 time, 200.3 real, 1393.9 MB
[runlim] sample:		36.3 time, 210.3 real, 1751.8 MB
[runlim] sample:		32.7 time, 220.3 real, 1676.6 MB
[runlim] sample:		28.0 time, 230.3 real, 1359.6 MB
[runlim] sample:		25.9 time, 240.3 real, 545.2 MB
[runlim] sample:		24.7 time, 250.3 real, 611.4 MB
[runlim] sample:		28.0 time, 260.3 real, 796.2 MB
[runlim] sample:		37.8 time, 270.3 real, 1060.7 MB
[runlim] sample:		47.8 time, 280.3 real, 1334.3 MB
[runlim] sample:		57.5 time, 290.3 real, 1601.7 MB
[runlim] sample:		58.9 time, 300.3 real, 1894.4 MB
[runlim] sample:		68.4 time, 310.3 real, 2278.2 MB
[runlim] sample:		78.3 time, 320.3 real, 2671.7 MB
[runlim] sample:		88.0 time, 330.3 real, 3056.6 MB
[runlim] sample:		97.6 time, 340.3 real, 3436.4 MB
[runlim] sample:		107.0 time, 350.3 real, 3813.8 MB
[runlim] sample:		96.1 time, 360.3 real, 3354.5 MB
[runlim] sample:		85.2 time, 370.3 real, 3152.3 MB
[runlim] sample:		95.0 time, 380.3 real, 3560.0 MB
[runlim] sample:		104.8 time, 390.3 real, 3963.7 MB
[runlim] end:			Tue Feb 19 07:08:22 2019
[runlim] status:		out of memory
[runlim] result:		3
[runlim] children:		27369
[runlim] real:			391.30 seconds
[runlim] time:			107.65 seconds
[runlim] space:			4003.5 MB
[runlim] samples:		3910
