[runlim] version:		1.10fixed
[runlim] time limit:		1800 seconds
[runlim] real time limit:	311040000 seconds
[runlim] space limit:		4000 MB
[runlim] argv[0]:		./vampire-wrapper.sh
[runlim] argv[1]:		--ignore_missing
[runlim] argv[2]:		on
[runlim] argv[3]:		--mode
[runlim] argv[4]:		smtcomp
[runlim] argv[5]:		/tmp/Bo3iPB3A.smt2
[runlim] start:			Tue Feb 19 06:58:19 2019
[runlim] main pid:		26872
[runlim] sample:		9.1 time, 10.7 real, 310.6 MB
[runlim] sample:		15.6 time, 20.7 real, 503.8 MB
[runlim] sample:		19.3 time, 30.7 real, 537.6 MB
[runlim] sample:		28.1 time, 40.7 real, 735.0 MB
[runlim] sample:		36.9 time, 50.7 real, 942.2 MB
[runlim] sample:		31.3 time, 60.7 real, 775.5 MB
[runlim] sample:		42.0 time, 70.7 real, 1057.4 MB
[runlim] sample:		26.1 time, 80.7 real, 861.7 MB
[runlim] sample:		18.0 time, 90.7 real, 557.0 MB
[runlim] sample:		22.4 time, 100.7 real, 700.0 MB
[runlim] sample:		30.9 time, 110.7 real, 871.5 MB
[runlim] sample:		32.5 time, 120.7 real, 1009.8 MB
[runlim] sample:		15.1 time, 130.7 real, 503.8 MB
[runlim] end:			Tue Feb 19 07:00:30 2019
[runlim] status:		ok
[runlim] result:		0
[runlim] children:		9129
[runlim] real:			131.29 seconds
[runlim] time:			42.31 seconds
[runlim] space:			1095.3 MB
[runlim] samples:		1306
