[runlim] version:		1.10fixed
[runlim] time limit:		1800 seconds
[runlim] real time limit:	311040000 seconds
[runlim] space limit:		4000 MB
[runlim] argv[0]:		./vampire-wrapper.sh
[runlim] argv[1]:		--ignore_missing
[runlim] argv[2]:		on
[runlim] argv[3]:		--mode
[runlim] argv[4]:		smtcomp
[runlim] argv[5]:		/tmp/HzCHgcWA.smt2
[runlim] start:			Tue Feb 19 06:59:13 2019
[runlim] main pid:		7919
[runlim] sample:		9.2 time, 10.5 real, 302.9 MB
[runlim] sample:		14.8 time, 20.5 real, 459.0 MB
[runlim] sample:		18.8 time, 30.5 real, 495.4 MB
[runlim] sample:		27.8 time, 40.5 real, 684.5 MB
[runlim] sample:		37.0 time, 50.5 real, 875.6 MB
[runlim] sample:		31.5 time, 60.5 real, 765.2 MB
[runlim] sample:		38.7 time, 70.5 real, 987.1 MB
[runlim] sample:		36.0 time, 80.5 real, 1170.6 MB
[runlim] sample:		16.4 time, 90.5 real, 567.9 MB
[runlim] sample:		24.3 time, 100.5 real, 745.8 MB
[runlim] sample:		29.8 time, 110.5 real, 882.3 MB
[runlim] sample:		28.8 time, 120.5 real, 540.0 MB
[runlim] sample:		20.1 time, 130.5 real, 565.4 MB
[runlim] sample:		21.9 time, 140.5 real, 627.1 MB
[runlim] sample:		15.4 time, 150.5 real, 367.2 MB
[runlim] sample:		9.3 time, 160.5 real, 473.2 MB
[runlim] sample:		19.0 time, 170.5 real, 751.0 MB
[runlim] sample:		20.2 time, 180.5 real, 1011.8 MB
[runlim] sample:		28.1 time, 190.5 real, 1359.2 MB
[runlim] sample:		35.2 time, 200.5 real, 1714.1 MB
[runlim] sample:		35.0 time, 210.5 real, 1705.5 MB
[runlim] sample:		34.6 time, 220.5 real, 1901.8 MB
[runlim] sample:		29.9 time, 230.5 real, 1577.3 MB
[runlim] sample:		39.4 time, 240.5 real, 1911.9 MB
[runlim] sample:		41.2 time, 250.5 real, 2252.4 MB
[runlim] sample:		51.2 time, 260.5 real, 2631.6 MB
[runlim] sample:		43.4 time, 270.5 real, 1323.3 MB
[runlim] sample:		40.2 time, 280.5 real, 1497.9 MB
[runlim] sample:		49.7 time, 290.5 real, 1872.7 MB
[runlim] sample:		59.3 time, 300.5 real, 2252.7 MB
[runlim] sample:		68.9 time, 310.5 real, 2632.9 MB
[runlim] sample:		67.4 time, 320.5 real, 3012.9 MB
[runlim] sample:		77.0 time, 330.5 real, 3445.2 MB
[runlim] sample:		86.6 time, 340.5 real, 3876.6 MB
[runlim] sample:		75.5 time, 350.5 real, 3473.0 MB
[runlim] sample:		64.7 time, 360.5 real, 3317.4 MB
[runlim] sample:		74.3 time, 370.5 real, 3767.0 MB
[runlim] end:			Tue Feb 19 07:05:28 2019
[runlim] status:		out of memory
[runlim] result:		3
[runlim] children:		26261
[runlim] real:			375.71 seconds
[runlim] time:			87.99 seconds
[runlim] space:			4001.8 MB
[runlim] samples:		3752
