[runlim] version:		1.10fixed
[runlim] time limit:		1800 seconds
[runlim] real time limit:	311040000 seconds
[runlim] space limit:		4000 MB
[runlim] argv[0]:		./vampire-wrapper.sh
[runlim] argv[1]:		--ignore_missing
[runlim] argv[2]:		on
[runlim] argv[3]:		--mode
[runlim] argv[4]:		smtcomp
[runlim] argv[5]:		/tmp/wNCtnbQy.smt2
[runlim] start:			Tue Feb 19 06:55:22 2019
[runlim] main pid:		17200
[runlim] sample:		6.5 time, 10.8 real, 253.8 MB
[runlim] sample:		14.0 time, 20.8 real, 456.1 MB
[runlim] sample:		22.0 time, 30.8 real, 668.5 MB
[runlim] sample:		25.7 time, 40.8 real, 665.0 MB
[runlim] sample:		33.7 time, 50.8 real, 848.9 MB
[runlim] sample:		27.4 time, 60.8 real, 686.7 MB
[runlim] sample:		37.0 time, 70.8 real, 929.0 MB
[runlim] sample:		12.0 time, 80.8 real, 406.8 MB
[runlim] sample:		19.3 time, 90.8 real, 544.6 MB
[runlim] sample:		21.6 time, 100.8 real, 657.9 MB
[runlim] sample:		31.1 time, 110.8 real, 824.7 MB
[runlim] sample:		33.6 time, 120.8 real, 515.5 MB
[runlim] sample:		16.2 time, 130.8 real, 534.1 MB
[runlim] sample:		22.3 time, 140.8 real, 623.2 MB
[runlim] sample:		29.2 time, 150.8 real, 786.0 MB
[runlim] sample:		33.2 time, 160.8 real, 995.1 MB
[runlim] sample:		16.1 time, 170.8 real, 699.3 MB
[runlim] sample:		20.9 time, 180.8 real, 1032.1 MB
[runlim] sample:		28.7 time, 190.8 real, 1369.2 MB
[runlim] sample:		31.7 time, 200.8 real, 1583.0 MB
[runlim] sample:		36.1 time, 210.8 real, 1702.5 MB
[runlim] sample:		45.5 time, 220.8 real, 2034.3 MB
[runlim] sample:		45.6 time, 230.8 real, 2269.3 MB
[runlim] sample:		33.4 time, 240.8 real, 1883.8 MB
[runlim] sample:		43.0 time, 250.8 real, 2247.5 MB
[runlim] sample:		36.3 time, 260.8 real, 1125.0 MB
[runlim] sample:		45.8 time, 270.8 real, 1400.4 MB
[runlim] sample:		36.4 time, 280.8 real, 1610.1 MB
[runlim] sample:		45.8 time, 290.8 real, 2038.7 MB
[runlim] sample:		55.4 time, 300.8 real, 2481.0 MB
[runlim] sample:		65.0 time, 310.8 real, 2927.0 MB
[runlim] sample:		74.6 time, 320.8 real, 3365.8 MB
[runlim] sample:		84.0 time, 330.8 real, 3797.8 MB
[runlim] end:			Tue Feb 19 07:00:57 2019
[runlim] status:		out of memory
[runlim] result:		3
[runlim] children:		23427
[runlim] real:			335.48 seconds
[runlim] time:			88.46 seconds
[runlim] space:			4001.8 MB
[runlim] samples:		3347
