[runlim] version:		1.10fixed
[runlim] time limit:		1800 seconds
[runlim] real time limit:	311040000 seconds
[runlim] space limit:		4000 MB
[runlim] argv[0]:		./vampire-wrapper.sh
[runlim] argv[1]:		--ignore_missing
[runlim] argv[2]:		on
[runlim] argv[3]:		--mode
[runlim] argv[4]:		smtcomp
[runlim] argv[5]:		/tmp/8AJ9TnQe.smt2
[runlim] start:			Tue Feb 19 06:59:54 2019
[runlim] main pid:		9955
[runlim] sample:		7.9 time, 10.7 real, 275.2 MB
[runlim] sample:		14.7 time, 20.7 real, 479.6 MB
[runlim] sample:		21.7 time, 30.7 real, 644.7 MB
[runlim] sample:		23.6 time, 40.7 real, 616.3 MB
[runlim] sample:		31.6 time, 50.7 real, 793.7 MB
[runlim] sample:		35.3 time, 60.7 real, 930.8 MB
[runlim] sample:		32.9 time, 70.7 real, 819.2 MB
[runlim] sample:		21.2 time, 80.7 real, 707.2 MB
[runlim] end:			Tue Feb 19 07:01:17 2019
[runlim] status:		ok
[runlim] result:		0
[runlim] children:		5753
[runlim] real:			83.02 seconds
[runlim] time:			41.10 seconds
[runlim] space:			1121.5 MB
[runlim] samples:		822
