[runlim] version:		1.10fixed
[runlim] time limit:		1800 seconds
[runlim] real time limit:	311040000 seconds
[runlim] space limit:		4000 MB
[runlim] argv[0]:		./vampire-wrapper.sh
[runlim] argv[1]:		--ignore_missing
[runlim] argv[2]:		on
[runlim] argv[3]:		--mode
[runlim] argv[4]:		smtcomp
[runlim] argv[5]:		/tmp/ozeUotHQ.smt2
[runlim] start:			Tue Feb 19 07:00:50 2019
[runlim] main pid:		19046
[runlim] sample:		7.5 time, 10.0 real, 257.5 MB
[runlim] sample:		14.0 time, 20.0 real, 416.5 MB
[runlim] sample:		21.7 time, 30.0 real, 604.4 MB
[runlim] sample:		26.8 time, 40.0 real, 606.1 MB
[runlim] sample:		34.7 time, 50.0 real, 768.6 MB
[runlim] sample:		27.9 time, 60.0 real, 640.2 MB
[runlim] sample:		28.2 time, 70.0 real, 619.5 MB
[runlim] sample:		23.1 time, 80.0 real, 738.7 MB
[runlim] sample:		29.0 time, 90.0 real, 877.1 MB
[runlim] sample:		20.8 time, 100.0 real, 623.3 MB
[runlim] sample:		27.6 time, 110.0 real, 780.3 MB
[runlim] sample:		29.9 time, 120.0 real, 934.2 MB
[runlim] sample:		33.2 time, 130.0 real, 1036.1 MB
[runlim] sample:		19.9 time, 140.0 real, 610.3 MB
[runlim] sample:		25.4 time, 150.0 real, 667.7 MB
[runlim] sample:		11.9 time, 160.0 real, 388.9 MB
[runlim] sample:		20.5 time, 170.0 real, 627.1 MB
[runlim] sample:		14.2 time, 180.0 real, 786.5 MB
[runlim] sample:		21.6 time, 190.0 real, 1149.4 MB
[runlim] sample:		30.9 time, 200.0 real, 1479.9 MB
[runlim] sample:		33.2 time, 210.0 real, 1618.0 MB
[runlim] sample:		24.2 time, 220.0 real, 1200.8 MB
[runlim] sample:		33.6 time, 230.0 real, 1524.9 MB
[runlim] sample:		43.0 time, 240.0 real, 1836.8 MB
[runlim] sample:		46.7 time, 250.0 real, 829.3 MB
[runlim] sample:		41.4 time, 260.0 real, 1098.9 MB
[runlim] sample:		37.8 time, 270.0 real, 1145.9 MB
[runlim] sample:		47.4 time, 280.0 real, 1408.3 MB
[runlim] sample:		44.1 time, 290.0 real, 1618.8 MB
[runlim] sample:		47.1 time, 300.0 real, 2036.5 MB
[runlim] sample:		57.0 time, 310.0 real, 2475.8 MB
[runlim] sample:		50.8 time, 320.0 real, 2261.2 MB
[runlim] sample:		60.4 time, 330.0 real, 2697.4 MB
[runlim] sample:		70.0 time, 340.0 real, 3138.4 MB
[runlim] sample:		63.7 time, 350.0 real, 3131.0 MB
[runlim] sample:		73.3 time, 360.0 real, 3581.0 MB
[runlim] end:			Tue Feb 19 07:06:59 2019
[runlim] status:		out of memory
[runlim] result:		3
[runlim] children:		25858
[runlim] real:			369.46 seconds
[runlim] time:			82.30 seconds
[runlim] space:			4004.0 MB
[runlim] samples:		3694
