[runlim] version:		1.10fixed
[runlim] time limit:		1800 seconds
[runlim] real time limit:	311040000 seconds
[runlim] space limit:		4000 MB
[runlim] argv[0]:		./vampire-wrapper.sh
[runlim] argv[1]:		--ignore_missing
[runlim] argv[2]:		on
[runlim] argv[3]:		--mode
[runlim] argv[4]:		smtcomp
[runlim] argv[5]:		/tmp/esvr5Kj2.smt2
[runlim] start:			Tue Feb 19 06:55:12 2019
[runlim] main pid:		17114
[runlim] end:			Tue Feb 19 06:55:12 2019
[runlim] status:		ok
[runlim] result:		0
[runlim] children:		28
[runlim] real:			0.92 seconds
[runlim] time:			0.25 seconds
[runlim] space:			114.5 MB
[runlim] samples:		4
