[runlim] version:		1.10fixed
[runlim] time limit:		1800 seconds
[runlim] real time limit:	311040000 seconds
[runlim] space limit:		4000 MB
[runlim] argv[0]:		./vampire-wrapper.sh
[runlim] argv[1]:		--ignore_missing
[runlim] argv[2]:		on
[runlim] argv[3]:		--mode
[runlim] argv[4]:		smtcomp
[runlim] argv[5]:		/tmp/VtUpvYKB.smt2
[runlim] start:			Tue Feb 19 07:02:09 2019
[runlim] main pid:		14725
[runlim] sample:		8.2 time, 10.9 real, 276.9 MB
[runlim] sample:		15.4 time, 20.9 real, 485.0 MB
[runlim] sample:		19.0 time, 30.9 real, 489.9 MB
[runlim] sample:		27.2 time, 40.9 real, 643.6 MB
[runlim] sample:		35.4 time, 50.9 real, 806.1 MB
[runlim] sample:		26.7 time, 60.9 real, 474.8 MB
[runlim] sample:		36.6 time, 70.9 real, 681.6 MB
[runlim] sample:		31.5 time, 80.9 real, 777.1 MB
[runlim] sample:		41.5 time, 90.9 real, 969.4 MB
[runlim] sample:		20.8 time, 100.9 real, 661.5 MB
[runlim] sample:		28.6 time, 110.9 real, 822.0 MB
[runlim] sample:		23.7 time, 120.9 real, 487.2 MB
[runlim] sample:		24.1 time, 130.9 real, 589.2 MB
[runlim] sample:		11.2 time, 140.9 real, 306.7 MB
[runlim] sample:		11.5 time, 150.9 real, 257.3 MB
[runlim] sample:		17.7 time, 160.9 real, 448.5 MB
[runlim] sample:		19.9 time, 170.9 real, 656.1 MB
[runlim] sample:		21.1 time, 180.9 real, 836.3 MB
[runlim] sample:		30.7 time, 190.9 real, 1203.0 MB
[runlim] sample:		40.2 time, 200.9 real, 1545.7 MB
[runlim] sample:		39.8 time, 210.9 real, 1545.9 MB
[runlim] sample:		47.7 time, 220.9 real, 1791.0 MB
[runlim] sample:		40.0 time, 230.9 real, 2028.3 MB
[runlim] sample:		40.1 time, 240.9 real, 2268.9 MB
[runlim] sample:		34.0 time, 250.9 real, 1863.1 MB
[runlim] sample:		28.4 time, 260.9 real, 725.6 MB
[runlim] sample:		31.7 time, 270.9 real, 970.2 MB
[runlim] sample:		41.2 time, 280.9 real, 1258.1 MB
[runlim] sample:		50.6 time, 290.9 real, 1525.2 MB
[runlim] sample:		39.3 time, 300.9 real, 1652.8 MB
[runlim] sample:		49.2 time, 310.9 real, 2103.3 MB
[runlim] sample:		58.8 time, 320.9 real, 2543.8 MB
[runlim] sample:		68.3 time, 330.9 real, 2973.0 MB
[runlim] sample:		63.2 time, 340.9 real, 2998.5 MB
[runlim] sample:		55.3 time, 350.9 real, 2718.8 MB
[runlim] sample:		64.7 time, 360.9 real, 3168.9 MB
[runlim] sample:		74.6 time, 370.9 real, 3639.9 MB
[runlim] end:			Tue Feb 19 07:08:27 2019
[runlim] status:		out of memory
[runlim] result:		3
[runlim] children:		26448
[runlim] real:			378.79 seconds
[runlim] time:			82.29 seconds
[runlim] space:			4002.7 MB
[runlim] samples:		3779
