[runlim] version:		1.10fixed
[runlim] time limit:		1800 seconds
[runlim] real time limit:	311040000 seconds
[runlim] space limit:		4000 MB
[runlim] argv[0]:		./vampire-wrapper.sh
[runlim] argv[1]:		--ignore_missing
[runlim] argv[2]:		on
[runlim] argv[3]:		--mode
[runlim] argv[4]:		smtcomp
[runlim] argv[5]:		/tmp/uutXL8uc.smt2
[runlim] start:			Tue Feb 19 07:01:55 2019
[runlim] main pid:		8365
[runlim] sample:		8.3 time, 10.5 real, 288.1 MB
[runlim] sample:		15.6 time, 20.5 real, 512.8 MB
[runlim] sample:		18.4 time, 30.5 real, 500.4 MB
[runlim] sample:		26.4 time, 40.5 real, 663.0 MB
[runlim] sample:		34.5 time, 50.5 real, 831.2 MB
[runlim] sample:		27.5 time, 60.5 real, 702.4 MB
[runlim] sample:		28.5 time, 70.5 real, 729.3 MB
[runlim] sample:		24.7 time, 80.5 real, 818.2 MB
[runlim] sample:		17.3 time, 90.5 real, 554.1 MB
[runlim] sample:		22.4 time, 100.5 real, 702.4 MB
[runlim] sample:		31.5 time, 110.5 real, 879.5 MB
[runlim] sample:		33.8 time, 120.5 real, 1041.4 MB
[runlim] sample:		16.1 time, 130.5 real, 543.5 MB
[runlim] sample:		23.2 time, 140.5 real, 742.7 MB
[runlim] sample:		29.0 time, 150.5 real, 769.6 MB
[runlim] sample:		13.6 time, 160.5 real, 441.5 MB
[runlim] sample:		14.8 time, 170.5 real, 653.4 MB
[runlim] sample:		16.2 time, 180.5 real, 863.7 MB
[runlim] sample:		25.8 time, 190.5 real, 1257.9 MB
[runlim] sample:		33.5 time, 200.5 real, 1584.4 MB
[runlim] sample:		36.2 time, 210.5 real, 1749.7 MB
[runlim] sample:		45.9 time, 220.5 real, 2065.2 MB
[runlim] sample:		32.9 time, 230.5 real, 1446.0 MB
[runlim] sample:		31.5 time, 240.5 real, 1637.6 MB
[runlim] sample:		34.9 time, 250.5 real, 1976.9 MB
[runlim] sample:		44.4 time, 260.5 real, 2339.9 MB
[runlim] sample:		36.4 time, 270.5 real, 1087.9 MB
[runlim] sample:		45.8 time, 280.5 real, 1360.5 MB
[runlim] sample:		36.6 time, 290.5 real, 1564.7 MB
[runlim] sample:		46.0 time, 300.5 real, 1990.6 MB
[runlim] sample:		55.6 time, 310.5 real, 2431.6 MB
[runlim] sample:		65.4 time, 320.5 real, 2880.5 MB
[runlim] sample:		75.0 time, 330.5 real, 3319.1 MB
[runlim] sample:		84.6 time, 340.5 real, 3760.6 MB
[runlim] end:			Tue Feb 19 07:07:40 2019
[runlim] status:		out of memory
[runlim] result:		3
[runlim] children:		24175
[runlim] real:			345.89 seconds
[runlim] time:			89.82 seconds
[runlim] space:			4000.1 MB
[runlim] samples:		3454
