[runlim] version:		1.10fixed
[runlim] time limit:		1800 seconds
[runlim] real time limit:	311040000 seconds
[runlim] space limit:		4000 MB
[runlim] argv[0]:		./vampire-wrapper.sh
[runlim] argv[1]:		--ignore_missing
[runlim] argv[2]:		on
[runlim] argv[3]:		--mode
[runlim] argv[4]:		smtcomp
[runlim] argv[5]:		/tmp/p3lRbiaC.smt2
[runlim] start:			Tue Feb 19 06:57:23 2019
[runlim] main pid:		22590
[runlim] end:			Tue Feb 19 06:57:23 2019
[runlim] status:		ok
[runlim] result:		0
[runlim] children:		7
[runlim] real:			0.17 seconds
[runlim] time:			0.00 seconds
[runlim] space:			74.8 MB
[runlim] samples:		1
