[runlim] version:		1.10fixed
[runlim] time limit:		1800 seconds
[runlim] real time limit:	311040000 seconds
[runlim] space limit:		4000 MB
[runlim] argv[0]:		./vampire-wrapper.sh
[runlim] argv[1]:		--ignore_missing
[runlim] argv[2]:		on
[runlim] argv[3]:		--mode
[runlim] argv[4]:		smtcomp
[runlim] argv[5]:		/tmp/9QuIF3il.smt2
[runlim] start:			Tue Feb 19 07:00:43 2019
[runlim] main pid:		31971
[runlim] sample:		8.1 time, 10.4 real, 284.7 MB
[runlim] sample:		15.4 time, 20.4 real, 506.8 MB
[runlim] sample:		18.4 time, 30.4 real, 518.5 MB
[runlim] sample:		26.6 time, 40.4 real, 659.5 MB
[runlim] sample:		34.6 time, 50.4 real, 829.8 MB
[runlim] sample:		32.8 time, 60.4 real, 697.3 MB
[runlim] sample:		33.5 time, 70.4 real, 630.0 MB
[runlim] sample:		28.7 time, 80.4 real, 689.7 MB
[runlim] sample:		38.6 time, 90.4 real, 877.1 MB
[runlim] sample:		19.0 time, 100.4 real, 599.8 MB
[runlim] sample:		26.8 time, 110.4 real, 778.7 MB
[runlim] sample:		32.3 time, 120.4 real, 908.4 MB
[runlim] sample:		33.4 time, 130.4 real, 1068.5 MB
[runlim] sample:		32.8 time, 140.4 real, 1159.5 MB
[runlim] sample:		21.8 time, 150.4 real, 664.0 MB
[runlim] sample:		27.6 time, 160.4 real, 744.7 MB
[runlim] sample:		27.5 time, 170.4 real, 905.1 MB
[runlim] sample:		32.0 time, 180.4 real, 1180.5 MB
[runlim] sample:		14.9 time, 190.4 real, 767.8 MB
[runlim] sample:		22.5 time, 200.4 real, 1156.1 MB
[runlim] sample:		30.5 time, 210.4 real, 1513.4 MB
[runlim] sample:		33.6 time, 220.4 real, 1680.6 MB
[runlim] sample:		36.4 time, 230.4 real, 1825.1 MB
[runlim] sample:		31.7 time, 240.4 real, 1487.5 MB
[runlim] sample:		41.5 time, 250.4 real, 1835.8 MB
[runlim] sample:		51.0 time, 260.4 real, 2160.3 MB
[runlim] sample:		32.2 time, 270.4 real, 848.8 MB
[runlim] sample:		41.6 time, 280.4 real, 1068.3 MB
[runlim] sample:		51.1 time, 290.4 real, 1262.7 MB
[runlim] sample:		48.3 time, 300.4 real, 1370.8 MB
[runlim] sample:		51.6 time, 310.4 real, 1669.1 MB
[runlim] sample:		61.0 time, 320.4 real, 2047.2 MB
[runlim] sample:		70.5 time, 330.4 real, 2427.8 MB
[runlim] sample:		61.7 time, 340.4 real, 2798.7 MB
[runlim] sample:		71.1 time, 350.4 real, 3227.1 MB
[runlim] sample:		80.4 time, 360.4 real, 3650.8 MB
[runlim] end:			Tue Feb 19 07:06:51 2019
[runlim] status:		out of memory
[runlim] result:		3
[runlim] children:		25764
[runlim] real:			368.55 seconds
[runlim] time:			88.18 seconds
[runlim] space:			4002.3 MB
[runlim] samples:		3681
