[runlim] version:		1.10fixed
[runlim] time limit:		300 seconds
[runlim] real time limit:	311040000 seconds
[runlim] space limit:		4000 MB
[runlim] argv[0]:		./cvc4
[runlim] argv[1]:		--fmf-fun-rlv
[runlim] argv[2]:		/tmp/LRzHWMvY.smt2
[runlim] start:			Mon Jan 28 18:12:13 2019
[runlim] main pid:		27716
[runlim] sample:		9.4 time, 10.9 real, 86.7 MB
[runlim] sample:		19.4 time, 20.9 real, 163.0 MB
[runlim] sample:		29.4 time, 30.9 real, 181.8 MB
[runlim] sample:		39.4 time, 40.9 real, 186.9 MB
[runlim] sample:		49.4 time, 50.9 real, 188.5 MB
[runlim] sample:		59.4 time, 60.9 real, 189.5 MB
[runlim] sample:		69.4 time, 70.9 real, 194.4 MB
[runlim] sample:		79.4 time, 80.9 real, 245.8 MB
[runlim] sample:		89.4 time, 90.9 real, 418.5 MB
[runlim] sample:		99.4 time, 100.9 real, 423.1 MB
[runlim] sample:		109.4 time, 110.9 real, 423.4 MB
[runlim] sample:		119.4 time, 120.9 real, 425.7 MB
[runlim] sample:		129.4 time, 130.9 real, 426.5 MB
[runlim] sample:		139.4 time, 140.9 real, 428.8 MB
[runlim] sample:		149.4 time, 150.9 real, 429.8 MB
[runlim] sample:		159.4 time, 160.9 real, 431.4 MB
[runlim] sample:		169.4 time, 170.9 real, 432.7 MB
[runlim] sample:		179.4 time, 180.9 real, 435.2 MB
[runlim] sample:		189.4 time, 190.9 real, 435.2 MB
[runlim] sample:		199.3 time, 200.9 real, 435.5 MB
[runlim] sample:		209.3 time, 210.9 real, 435.5 MB
[runlim] sample:		219.3 time, 220.9 real, 436.0 MB
[runlim] sample:		229.3 time, 230.9 real, 436.0 MB
[runlim] sample:		239.3 time, 240.9 real, 436.8 MB
[runlim] sample:		249.3 time, 250.9 real, 436.8 MB
[runlim] sample:		259.4 time, 260.9 real, 437.0 MB
[runlim] sample:		269.4 time, 270.9 real, 437.0 MB
[runlim] sample:		279.4 time, 280.9 real, 437.8 MB
[runlim] sample:		289.4 time, 290.9 real, 437.8 MB
[runlim] sample:		299.4 time, 300.9 real, 438.6 MB
CVC4 interrupted by SIGTERM.
[runlim] end:			Mon Jan 28 18:17:14 2019
[runlim] status:		out of time
[runlim] result:		2
[runlim] children:		0
[runlim] real:			301.63 seconds
[runlim] time:			300.04 seconds
[runlim] space:			438.6 MB
[runlim] samples:		3007
