[runlim] version:		1.10fixed
[runlim] time limit:		300 seconds
[runlim] real time limit:	311040000 seconds
[runlim] space limit:		4000 MB
[runlim] argv[0]:		./cvc4
[runlim] argv[1]:		--fmf-fun-rlv
[runlim] argv[2]:		/tmp/LRGwoJ5z.smt2
[runlim] start:			Mon Jan 28 18:07:22 2019
[runlim] main pid:		14460
[runlim] sample:		9.7 time, 10.3 real, 184.7 MB
[runlim] sample:		19.6 time, 20.3 real, 346.6 MB
[runlim] sample:		29.6 time, 30.3 real, 401.6 MB
[runlim] sample:		39.6 time, 40.3 real, 524.5 MB
[runlim] sample:		49.6 time, 50.3 real, 531.7 MB
[runlim] sample:		59.6 time, 60.3 real, 620.4 MB
[runlim] sample:		69.6 time, 70.3 real, 727.4 MB
[runlim] sample:		79.6 time, 80.3 real, 729.9 MB
[runlim] sample:		89.6 time, 90.3 real, 729.9 MB
[runlim] sample:		99.6 time, 100.3 real, 729.9 MB
[runlim] sample:		109.6 time, 110.3 real, 848.0 MB
[runlim] sample:		119.6 time, 120.3 real, 943.0 MB
[runlim] sample:		129.6 time, 130.3 real, 944.8 MB
[runlim] sample:		139.6 time, 140.3 real, 946.6 MB
[runlim] sample:		149.6 time, 150.3 real, 947.9 MB
[runlim] sample:		159.6 time, 160.3 real, 949.2 MB
[runlim] sample:		169.6 time, 170.3 real, 950.2 MB
[runlim] sample:		179.6 time, 180.3 real, 982.7 MB
[runlim] sample:		189.6 time, 190.3 real, 1233.6 MB
[runlim] sample:		199.6 time, 200.3 real, 1297.4 MB
[runlim] sample:		209.6 time, 210.3 real, 1297.7 MB
[runlim] sample:		219.6 time, 220.3 real, 1297.7 MB
[runlim] sample:		229.6 time, 230.3 real, 1304.1 MB
[runlim] sample:		239.6 time, 240.3 real, 1304.1 MB
[runlim] sample:		249.6 time, 250.3 real, 1304.1 MB
[runlim] sample:		259.6 time, 260.3 real, 1304.1 MB
[runlim] sample:		269.6 time, 270.3 real, 1304.1 MB
[runlim] sample:		279.6 time, 280.3 real, 1304.1 MB
[runlim] sample:		289.6 time, 290.3 real, 1304.1 MB
[runlim] sample:		299.6 time, 300.3 real, 1304.1 MB
CVC4 interrupted by SIGTERM.
[runlim] end:			Mon Jan 28 18:12:22 2019
[runlim] status:		out of time
[runlim] result:		2
[runlim] children:		0
[runlim] real:			300.88 seconds
[runlim] time:			300.10 seconds
[runlim] space:			1304.1 MB
[runlim] samples:		3005
