[runlim] version:		1.10fixed
[runlim] time limit:		300 seconds
[runlim] real time limit:	311040000 seconds
[runlim] space limit:		4000 MB
[runlim] argv[0]:		./cvc4
[runlim] argv[1]:		--fmf-fun-rlv
[runlim] argv[2]:		/tmp/1vAsfz0S.smt2
[runlim] start:			Tue Jan 29 15:05:14 2019
[runlim] main pid:		18559
[runlim] sample:		9.7 time, 10.9 real, 154.9 MB
[runlim] sample:		19.7 time, 20.9 real, 279.9 MB
[runlim] sample:		29.0 time, 30.9 real, 294.1 MB
[runlim] sample:		37.9 time, 40.9 real, 396.5 MB
[runlim] sample:		47.7 time, 50.9 real, 398.5 MB
[runlim] sample:		56.8 time, 60.9 real, 548.0 MB
[runlim] sample:		66.6 time, 70.9 real, 557.3 MB
[runlim] sample:		75.1 time, 80.9 real, 560.9 MB
[runlim] sample:		85.1 time, 90.9 real, 560.9 MB
[runlim] sample:		95.1 time, 100.9 real, 565.5 MB
[runlim] sample:		105.1 time, 110.9 real, 792.8 MB
[runlim] sample:		115.1 time, 120.9 real, 792.8 MB
[runlim] sample:		123.3 time, 130.9 real, 792.8 MB
[runlim] sample:		132.6 time, 140.9 real, 792.8 MB
[runlim] sample:		140.0 time, 150.9 real, 792.8 MB
[runlim] sample:		148.9 time, 160.9 real, 801.8 MB
[runlim] sample:		158.9 time, 170.9 real, 801.8 MB
[runlim] sample:		168.7 time, 180.9 real, 801.8 MB
[runlim] sample:		177.1 time, 190.9 real, 801.8 MB
[runlim] sample:		186.8 time, 200.9 real, 801.8 MB
[runlim] sample:		196.8 time, 210.9 real, 810.5 MB
[runlim] sample:		206.8 time, 220.9 real, 850.9 MB
[runlim] sample:		216.3 time, 230.9 real, 1095.4 MB
[runlim] sample:		226.3 time, 240.9 real, 1157.1 MB
[runlim] sample:		236.3 time, 250.9 real, 1157.1 MB
[runlim] sample:		245.9 time, 260.9 real, 1157.1 MB
[runlim] sample:		255.6 time, 270.9 real, 1157.1 MB
[runlim] sample:		264.9 time, 280.9 real, 1157.1 MB
[runlim] sample:		274.0 time, 290.9 real, 1157.1 MB
[runlim] sample:		283.4 time, 300.9 real, 1157.1 MB
[runlim] sample:		292.7 time, 310.9 real, 1157.1 MB
CVC4 interrupted by SIGTERM.
[runlim] end:			Tue Jan 29 15:10:33 2019
[runlim] status:		out of time
[runlim] result:		2
[runlim] children:		0
[runlim] real:			319.43 seconds
[runlim] time:			300.04 seconds
[runlim] space:			1157.1 MB
[runlim] samples:		3185
