[runlim] version:		1.10fixed
[runlim] time limit:		300 seconds
[runlim] real time limit:	311040000 seconds
[runlim] space limit:		4000 MB
[runlim] argv[0]:		./cvc4
[runlim] argv[1]:		--fmf-fun-rlv
[runlim] argv[2]:		/tmp/b0ykEEdm.smt2
[runlim] start:			Mon Jan 28 18:07:22 2019
[runlim] main pid:		13999
[runlim] sample:		10.0 time, 10.5 real, 40.9 MB
[runlim] sample:		20.0 time, 20.5 real, 49.9 MB
[runlim] sample:		30.0 time, 30.5 real, 52.4 MB
[runlim] sample:		40.0 time, 40.5 real, 52.7 MB
[runlim] sample:		50.0 time, 50.5 real, 52.9 MB
[runlim] sample:		60.0 time, 60.5 real, 53.2 MB
[runlim] sample:		70.0 time, 70.5 real, 53.4 MB
[runlim] sample:		80.0 time, 80.5 real, 53.6 MB
[runlim] sample:		90.0 time, 90.5 real, 55.2 MB
[runlim] sample:		100.0 time, 100.5 real, 56.4 MB
[runlim] sample:		110.0 time, 110.5 real, 57.4 MB
[runlim] sample:		120.0 time, 120.5 real, 57.4 MB
[runlim] sample:		129.9 time, 130.5 real, 57.4 MB
[runlim] sample:		139.9 time, 140.5 real, 58.7 MB
[runlim] sample:		149.9 time, 150.5 real, 59.2 MB
[runlim] sample:		159.9 time, 160.5 real, 62.8 MB
[runlim] sample:		169.9 time, 170.5 real, 63.2 MB
[runlim] sample:		179.9 time, 180.5 real, 63.2 MB
[runlim] sample:		189.9 time, 190.5 real, 63.2 MB
[runlim] sample:		199.9 time, 200.5 real, 63.2 MB
[runlim] sample:		209.9 time, 210.5 real, 63.2 MB
[runlim] sample:		219.9 time, 220.5 real, 64.5 MB
[runlim] sample:		229.9 time, 230.5 real, 67.0 MB
[runlim] sample:		239.9 time, 240.5 real, 67.0 MB
[runlim] sample:		249.9 time, 250.5 real, 67.8 MB
[runlim] sample:		259.9 time, 260.5 real, 67.8 MB
[runlim] sample:		269.9 time, 270.5 real, 68.5 MB
[runlim] sample:		279.9 time, 280.5 real, 69.0 MB
[runlim] sample:		289.9 time, 290.5 real, 69.0 MB
[runlim] sample:		299.9 time, 300.5 real, 69.2 MB
CVC4 interrupted by SIGTERM.
[runlim] end:			Mon Jan 28 18:12:22 2019
[runlim] status:		out of time
[runlim] result:		2
[runlim] children:		0
[runlim] real:			300.62 seconds
[runlim] time:			300.01 seconds
[runlim] space:			69.2 MB
[runlim] samples:		3001
