[runlim] version:		1.10fixed
[runlim] time limit:		300 seconds
[runlim] real time limit:	311040000 seconds
[runlim] space limit:		4000 MB
[runlim] argv[0]:		./cvc4
[runlim] argv[1]:		--fmf-fun-rlv
[runlim] argv[2]:		/tmp/vIlP9zIN.smt2
[runlim] start:			Mon Jan 28 18:07:24 2019
[runlim] main pid:		3388
[runlim] sample:		9.4 time, 10.9 real, 155.0 MB
[runlim] sample:		19.1 time, 20.9 real, 270.8 MB
[runlim] sample:		28.2 time, 30.9 real, 272.6 MB
[runlim] sample:		37.9 time, 40.9 real, 396.5 MB
[runlim] sample:		46.8 time, 50.9 real, 400.4 MB
[runlim] sample:		56.0 time, 60.9 real, 400.4 MB
[runlim] sample:		65.0 time, 70.9 real, 469.7 MB
[runlim] sample:		74.0 time, 80.9 real, 575.5 MB
[runlim] sample:		83.2 time, 90.9 real, 576.0 MB
[runlim] sample:		92.5 time, 100.9 real, 580.7 MB
[runlim] sample:		102.0 time, 110.9 real, 580.7 MB
[runlim] sample:		110.8 time, 120.9 real, 580.7 MB
[runlim] sample:		120.3 time, 130.9 real, 580.7 MB
[runlim] sample:		129.8 time, 140.9 real, 580.7 MB
[runlim] sample:		139.8 time, 150.9 real, 819.2 MB
[runlim] sample:		148.9 time, 160.9 real, 858.3 MB
[runlim] sample:		157.7 time, 170.9 real, 858.3 MB
[runlim] sample:		166.7 time, 180.9 real, 858.3 MB
[runlim] sample:		175.6 time, 190.9 real, 858.3 MB
[runlim] sample:		185.2 time, 200.9 real, 859.3 MB
[runlim] sample:		194.9 time, 210.9 real, 859.3 MB
[runlim] sample:		204.6 time, 220.9 real, 868.1 MB
[runlim] sample:		214.2 time, 230.9 real, 868.1 MB
[runlim] sample:		223.9 time, 240.9 real, 868.1 MB
[runlim] sample:		233.5 time, 250.9 real, 868.1 MB
[runlim] sample:		243.5 time, 260.9 real, 868.1 MB
[runlim] sample:		253.4 time, 270.9 real, 868.1 MB
[runlim] sample:		263.0 time, 280.9 real, 868.1 MB
[runlim] sample:		272.7 time, 290.9 real, 868.1 MB
[runlim] sample:		282.3 time, 300.9 real, 876.4 MB
[runlim] sample:		291.9 time, 310.9 real, 876.4 MB
CVC4 interrupted by SIGTERM.
[runlim] end:			Mon Jan 28 18:12:43 2019
[runlim] status:		out of time
[runlim] result:		2
[runlim] children:		0
[runlim] real:			319.32 seconds
[runlim] time:			300.01 seconds
[runlim] space:			994.0 MB
[runlim] samples:		3184
