[runlim] version:		1.10fixed
[runlim] time limit:		300 seconds
[runlim] real time limit:	311040000 seconds
[runlim] space limit:		4000 MB
[runlim] argv[0]:		./cvc4
[runlim] argv[1]:		--fmf-fun-rlv
[runlim] argv[2]:		/tmp/V8GnxMHj.smt2
[runlim] start:			Mon Jan 28 17:31:55 2019
[runlim] main pid:		4390
[runlim] sample:		8.0 time, 10.6 real, 119.5 MB
[runlim] sample:		17.1 time, 20.6 real, 238.1 MB
[runlim] sample:		25.9 time, 30.6 real, 326.2 MB
[runlim] sample:		35.1 time, 40.6 real, 490.2 MB
[runlim] sample:		43.6 time, 50.6 real, 509.5 MB
[runlim] sample:		51.9 time, 60.6 real, 513.9 MB
[runlim] sample:		60.7 time, 70.6 real, 513.9 MB
[runlim] sample:		68.8 time, 80.6 real, 621.5 MB
[runlim] sample:		78.7 time, 90.6 real, 673.0 MB
[runlim] sample:		88.7 time, 100.6 real, 675.4 MB
[runlim] sample:		98.7 time, 110.6 real, 677.2 MB
[runlim] sample:		108.6 time, 120.6 real, 697.0 MB
[runlim] sample:		118.6 time, 130.6 real, 985.6 MB
[runlim] sample:		128.6 time, 140.6 real, 1021.8 MB
[runlim] sample:		138.6 time, 150.6 real, 1051.5 MB
[runlim] sample:		148.6 time, 160.6 real, 1055.6 MB
[runlim] sample:		158.6 time, 170.6 real, 1063.6 MB
[runlim] sample:		168.3 time, 180.6 real, 1063.6 MB
[runlim] sample:		178.0 time, 190.6 real, 1063.6 MB
[runlim] sample:		188.0 time, 200.6 real, 1064.9 MB
[runlim] sample:		198.0 time, 210.6 real, 1064.9 MB
[runlim] sample:		208.0 time, 220.6 real, 1064.9 MB
[runlim] sample:		218.0 time, 230.6 real, 1064.9 MB
[runlim] sample:		228.0 time, 240.6 real, 1326.9 MB
[runlim] sample:		238.0 time, 250.6 real, 1347.8 MB
[runlim] sample:		248.0 time, 260.6 real, 1348.8 MB
[runlim] sample:		258.0 time, 270.6 real, 1349.9 MB
[runlim] sample:		268.0 time, 280.6 real, 1351.1 MB
[runlim] sample:		278.0 time, 290.6 real, 1352.2 MB
[runlim] sample:		288.0 time, 300.6 real, 1353.2 MB
[runlim] sample:		298.0 time, 310.6 real, 1354.2 MB
CVC4 interrupted by SIGTERM.
[runlim] end:			Mon Jan 28 17:37:07 2019
[runlim] status:		out of time
[runlim] result:		2
[runlim] children:		0
[runlim] real:			312.78 seconds
[runlim] time:			300.09 seconds
[runlim] space:			1354.2 MB
[runlim] samples:		3121
