[runlim] version:		1.10fixed
[runlim] time limit:		300 seconds
[runlim] real time limit:	311040000 seconds
[runlim] space limit:		4000 MB
[runlim] argv[0]:		./cvc4
[runlim] argv[1]:		--fmf-fun-rlv
[runlim] argv[2]:		/tmp/dPKp32LP.smt2
[runlim] start:			Mon Jan 28 17:33:42 2019
[runlim] main pid:		10689
[runlim] sample:		9.9 time, 10.3 real, 137.7 MB
[runlim] sample:		19.2 time, 20.3 real, 202.4 MB
[runlim] sample:		28.8 time, 30.3 real, 252.7 MB
[runlim] sample:		38.4 time, 40.3 real, 281.8 MB
[runlim] sample:		48.0 time, 50.3 real, 337.7 MB
[runlim] sample:		57.7 time, 60.3 real, 337.7 MB
[runlim] sample:		67.2 time, 70.3 real, 382.2 MB
[runlim] sample:		77.0 time, 80.3 real, 409.5 MB
[runlim] sample:		87.0 time, 90.3 real, 409.5 MB
[runlim] sample:		97.0 time, 100.3 real, 461.7 MB
[runlim] sample:		107.0 time, 110.3 real, 504.5 MB
[runlim] sample:		116.2 time, 120.3 real, 504.5 MB
[runlim] sample:		125.6 time, 130.3 real, 504.5 MB
[runlim] sample:		135.1 time, 140.3 real, 544.7 MB
[runlim] sample:		143.7 time, 150.3 real, 585.9 MB
[runlim] sample:		153.1 time, 160.3 real, 585.9 MB
[runlim] sample:		161.5 time, 170.3 real, 585.9 MB
[runlim] sample:		171.5 time, 180.3 real, 585.9 MB
[runlim] sample:		181.5 time, 190.3 real, 611.4 MB
[runlim] sample:		190.4 time, 200.3 real, 631.8 MB
[runlim] sample:		200.4 time, 210.3 real, 678.4 MB
[runlim] sample:		209.2 time, 220.3 real, 678.4 MB
[runlim] sample:		218.7 time, 230.3 real, 678.4 MB
[runlim] sample:		228.5 time, 240.3 real, 678.4 MB
[runlim] sample:		238.1 time, 250.3 real, 678.4 MB
[runlim] sample:		247.7 time, 260.3 real, 679.0 MB
[runlim] sample:		257.7 time, 270.3 real, 782.3 MB
[runlim] sample:		267.7 time, 280.3 real, 803.9 MB
[runlim] sample:		277.7 time, 290.3 real, 824.8 MB
[runlim] sample:		287.7 time, 300.3 real, 824.8 MB
[runlim] sample:		297.7 time, 310.3 real, 824.8 MB
CVC4 interrupted by SIGTERM.
[runlim] end:			Mon Jan 28 17:38:54 2019
[runlim] status:		out of time
[runlim] result:		2
[runlim] children:		0
[runlim] real:			312.71 seconds
[runlim] time:			300.06 seconds
[runlim] space:			824.8 MB
[runlim] samples:		3124
