[runlim] version:		1.10fixed
[runlim] time limit:		300 seconds
[runlim] real time limit:	311040000 seconds
[runlim] space limit:		4000 MB
[runlim] argv[0]:		./cvc4
[runlim] argv[1]:		--fmf-fun-rlv
[runlim] argv[2]:		/tmp/pyRppMMX.smt2
[runlim] start:			Mon Jan 28 17:30:01 2019
[runlim] main pid:		23047
[runlim] sample:		9.7 time, 10.4 real, 42.6 MB
[runlim] sample:		19.0 time, 20.4 real, 44.6 MB
[runlim] sample:		28.4 time, 30.4 real, 45.6 MB
[runlim] sample:		37.8 time, 40.4 real, 46.9 MB
[runlim] sample:		46.9 time, 50.4 real, 48.2 MB
[runlim] sample:		56.4 time, 60.4 real, 49.2 MB
[runlim] sample:		66.0 time, 70.4 real, 50.7 MB
[runlim] sample:		75.9 time, 80.4 real, 52.0 MB
[runlim] sample:		85.5 time, 90.4 real, 53.3 MB
[runlim] sample:		94.5 time, 100.4 real, 54.6 MB
[runlim] sample:		104.0 time, 110.4 real, 54.6 MB
[runlim] sample:		113.4 time, 120.4 real, 56.4 MB
[runlim] sample:		123.4 time, 130.4 real, 56.4 MB
[runlim] sample:		133.1 time, 140.4 real, 57.7 MB
[runlim] sample:		142.2 time, 150.4 real, 58.7 MB
[runlim] sample:		151.3 time, 160.4 real, 58.7 MB
[runlim] sample:		160.9 time, 170.4 real, 60.0 MB
[runlim] sample:		170.5 time, 180.4 real, 60.0 MB
[runlim] sample:		179.7 time, 190.4 real, 60.0 MB
[runlim] sample:		189.6 time, 200.4 real, 61.5 MB
[runlim] sample:		199.6 time, 210.4 real, 61.5 MB
[runlim] sample:		209.6 time, 220.4 real, 62.8 MB
[runlim] sample:		219.6 time, 230.4 real, 62.8 MB
[runlim] sample:		229.6 time, 240.4 real, 64.1 MB
[runlim] sample:		239.6 time, 250.4 real, 64.1 MB
[runlim] sample:		249.6 time, 260.4 real, 64.1 MB
[runlim] sample:		259.6 time, 270.4 real, 65.9 MB
[runlim] sample:		269.6 time, 280.4 real, 65.9 MB
[runlim] sample:		279.6 time, 290.4 real, 65.9 MB
[runlim] sample:		289.6 time, 300.4 real, 67.5 MB
[runlim] sample:		299.6 time, 310.4 real, 67.5 MB
CVC4 interrupted by SIGTERM.
[runlim] end:			Mon Jan 28 17:35:11 2019
[runlim] status:		out of time
[runlim] result:		2
[runlim] children:		0
[runlim] real:			310.96 seconds
[runlim] time:			300.09 seconds
[runlim] space:			67.5 MB
[runlim] samples:		3105
