[runlim] version:		1.10fixed
[runlim] time limit:		300 seconds
[runlim] real time limit:	311040000 seconds
[runlim] space limit:		4000 MB
[runlim] argv[0]:		./cvc4
[runlim] argv[1]:		--fmf-fun-rlv
[runlim] argv[2]:		/tmp/bDps3dCK.smt2
[runlim] start:			Tue Jan 29 15:34:00 2019
[runlim] main pid:		11786
[runlim] sample:		8.9 time, 10.9 real, 184.6 MB
[runlim] sample:		18.1 time, 20.9 real, 276.6 MB
[runlim] sample:		27.9 time, 30.9 real, 401.7 MB
[runlim] sample:		36.8 time, 40.9 real, 402.0 MB
[runlim] sample:		45.6 time, 50.9 real, 529.5 MB
[runlim] sample:		55.6 time, 60.9 real, 532.4 MB
[runlim] sample:		65.2 time, 70.9 real, 649.2 MB
[runlim] sample:		74.0 time, 80.9 real, 727.5 MB
[runlim] sample:		83.4 time, 90.9 real, 729.9 MB
[runlim] sample:		92.6 time, 100.9 real, 729.9 MB
[runlim] sample:		102.3 time, 110.9 real, 729.9 MB
[runlim] sample:		111.8 time, 120.9 real, 742.2 MB
[runlim] sample:		121.5 time, 130.9 real, 942.4 MB
[runlim] sample:		131.6 time, 140.9 real, 944.2 MB
[runlim] sample:		141.6 time, 150.9 real, 946.0 MB
[runlim] sample:		151.6 time, 160.9 real, 947.3 MB
[runlim] sample:		161.5 time, 170.9 real, 948.6 MB
[runlim] sample:		171.4 time, 180.9 real, 949.6 MB
[runlim] sample:		181.4 time, 190.9 real, 950.9 MB
[runlim] sample:		191.4 time, 200.9 real, 1112.5 MB
[runlim] sample:		201.4 time, 210.9 real, 1265.8 MB
[runlim] sample:		211.4 time, 220.9 real, 1297.8 MB
[runlim] sample:		221.4 time, 230.9 real, 1297.8 MB
[runlim] sample:		231.4 time, 240.9 real, 1302.1 MB
[runlim] sample:		241.4 time, 250.9 real, 1302.1 MB
[runlim] sample:		251.4 time, 260.9 real, 1302.1 MB
[runlim] sample:		261.4 time, 270.9 real, 1302.1 MB
[runlim] sample:		271.4 time, 280.9 real, 1302.1 MB
[runlim] sample:		281.4 time, 290.9 real, 1302.1 MB
[runlim] sample:		291.4 time, 300.9 real, 1302.1 MB
CVC4 interrupted by SIGTERM.
[runlim] end:			Tue Jan 29 15:39:09 2019
[runlim] status:		out of time
[runlim] result:		2
[runlim] children:		0
[runlim] real:			309.69 seconds
[runlim] time:			300.10 seconds
[runlim] space:			1302.1 MB
[runlim] samples:		3087
