[runlim] version:		1.10fixed
[runlim] time limit:		300 seconds
[runlim] real time limit:	311040000 seconds
[runlim] space limit:		4000 MB
[runlim] argv[0]:		./cvc4
[runlim] argv[1]:		--fmf-fun-rlv
[runlim] argv[2]:		/tmp/OTOEYkOk.smt2
[runlim] start:			Tue Jan 29 15:00:10 2019
[runlim] main pid:		4554
[runlim] sample:		9.6 time, 10.6 real, 102.1 MB
[runlim] sample:		19.5 time, 20.6 real, 185.6 MB
[runlim] sample:		28.4 time, 30.6 real, 260.7 MB
[runlim] sample:		38.0 time, 40.6 real, 335.1 MB
[runlim] sample:		48.0 time, 50.6 real, 408.5 MB
[runlim] sample:		58.0 time, 60.6 real, 490.8 MB
[runlim] sample:		68.0 time, 70.6 real, 525.1 MB
[runlim] sample:		78.0 time, 80.6 real, 605.4 MB
[runlim] sample:		88.0 time, 90.6 real, 687.5 MB
[runlim] sample:		98.0 time, 100.6 real, 763.6 MB
[runlim] sample:		108.0 time, 110.6 real, 850.8 MB
[runlim] sample:		118.0 time, 120.6 real, 929.2 MB
[runlim] sample:		128.0 time, 130.6 real, 986.5 MB
[runlim] sample:		138.0 time, 140.6 real, 1065.3 MB
[runlim] sample:		148.0 time, 150.6 real, 1148.9 MB
[runlim] sample:		158.0 time, 160.6 real, 1229.0 MB
[runlim] sample:		168.0 time, 170.6 real, 1315.3 MB
[runlim] sample:		178.0 time, 180.6 real, 1352.4 MB
[runlim] sample:		188.0 time, 190.6 real, 1371.0 MB
[runlim] sample:		198.0 time, 200.6 real, 1450.0 MB
[runlim] sample:		208.0 time, 210.6 real, 1526.0 MB
[runlim] sample:		218.0 time, 220.6 real, 1622.1 MB
[runlim] sample:		228.0 time, 230.6 real, 1695.3 MB
[runlim] sample:		238.0 time, 240.6 real, 1799.0 MB
[runlim] sample:		248.0 time, 250.6 real, 1812.9 MB
[runlim] sample:		258.0 time, 260.6 real, 1902.2 MB
[runlim] sample:		268.0 time, 270.6 real, 1978.7 MB
[runlim] sample:		278.0 time, 280.6 real, 2060.0 MB
[runlim] sample:		288.0 time, 290.6 real, 2139.2 MB
[runlim] sample:		298.0 time, 300.6 real, 2219.2 MB
CVC4 interrupted by SIGTERM.
[runlim] end:			Tue Jan 29 15:05:12 2019
[runlim] status:		out of time
[runlim] result:		2
[runlim] children:		0
[runlim] real:			302.81 seconds
[runlim] time:			300.18 seconds
[runlim] space:			2262.7 MB
[runlim] samples:		3022
