[runlim] version:		1.10fixed
[runlim] time limit:		300 seconds
[runlim] real time limit:	311040000 seconds
[runlim] space limit:		4000 MB
[runlim] argv[0]:		./cvc4
[runlim] argv[1]:		--fmf-fun-rlv
[runlim] argv[2]:		/tmp/ziMTVjKH.smt2
[runlim] start:			Mon Jan 28 17:30:43 2019
[runlim] main pid:		27707
[runlim] sample:		7.5 time, 10.6 real, 99.7 MB
[runlim] sample:		16.3 time, 20.6 real, 195.4 MB
[runlim] sample:		26.3 time, 30.6 real, 198.0 MB
[runlim] sample:		35.8 time, 40.6 real, 362.9 MB
[runlim] sample:		45.2 time, 50.6 real, 387.7 MB
[runlim] sample:		54.0 time, 60.6 real, 393.8 MB
[runlim] sample:		62.3 time, 70.6 real, 393.8 MB
[runlim] sample:		72.2 time, 80.6 real, 393.8 MB
[runlim] sample:		82.2 time, 90.6 real, 394.1 MB
[runlim] sample:		92.2 time, 100.6 real, 395.4 MB
[runlim] sample:		102.2 time, 110.6 real, 397.2 MB
[runlim] sample:		112.2 time, 120.6 real, 398.5 MB
[runlim] sample:		122.2 time, 130.6 real, 399.8 MB
[runlim] sample:		132.2 time, 140.6 real, 440.9 MB
[runlim] sample:		141.8 time, 150.6 real, 696.5 MB
[runlim] sample:		150.8 time, 160.6 real, 742.4 MB
[runlim] sample:		159.8 time, 170.6 real, 746.8 MB
[runlim] sample:		169.4 time, 180.6 real, 746.8 MB
[runlim] sample:		179.4 time, 190.6 real, 747.6 MB
[runlim] sample:		189.4 time, 200.6 real, 760.7 MB
[runlim] sample:		199.4 time, 210.6 real, 760.7 MB
[runlim] sample:		209.4 time, 220.6 real, 760.7 MB
[runlim] sample:		219.4 time, 230.6 real, 760.7 MB
[runlim] sample:		229.4 time, 240.6 real, 760.7 MB
[runlim] sample:		239.4 time, 250.6 real, 760.7 MB
[runlim] sample:		249.4 time, 260.6 real, 760.7 MB
[runlim] sample:		259.4 time, 270.6 real, 760.7 MB
[runlim] sample:		269.4 time, 280.6 real, 760.7 MB
[runlim] sample:		279.4 time, 290.6 real, 760.7 MB
[runlim] sample:		289.4 time, 300.6 real, 760.7 MB
[runlim] sample:		299.4 time, 310.6 real, 760.7 MB
CVC4 interrupted by SIGTERM.
[runlim] end:			Mon Jan 28 17:35:54 2019
[runlim] status:		out of time
[runlim] result:		2
[runlim] children:		0
[runlim] real:			311.31 seconds
[runlim] time:			300.09 seconds
[runlim] space:			760.7 MB
[runlim] samples:		3107
