[runlim] version:		1.10fixed
[runlim] time limit:		300 seconds
[runlim] real time limit:	311040000 seconds
[runlim] space limit:		4000 MB
[runlim] argv[0]:		./cvc4
[runlim] argv[1]:		--fmf-fun-rlv
[runlim] argv[2]:		/tmp/4nOH5bOm.smt2
[runlim] start:			Mon Jan 28 18:02:44 2019
[runlim] main pid:		20050
[runlim] sample:		8.8 time, 10.6 real, 137.4 MB
[runlim] sample:		17.8 time, 20.6 real, 203.2 MB
[runlim] sample:		26.8 time, 30.6 real, 306.6 MB
[runlim] sample:		35.7 time, 40.6 real, 307.9 MB
[runlim] sample:		44.7 time, 50.6 real, 308.4 MB
[runlim] sample:		53.7 time, 60.6 real, 312.0 MB
[runlim] sample:		62.7 time, 70.6 real, 323.6 MB
[runlim] sample:		71.7 time, 80.6 real, 327.5 MB
[runlim] sample:		80.6 time, 90.6 real, 479.2 MB
[runlim] sample:		89.6 time, 100.6 real, 630.0 MB
[runlim] sample:		98.5 time, 110.6 real, 657.8 MB
[runlim] sample:		107.5 time, 120.6 real, 663.2 MB
[runlim] sample:		116.5 time, 130.6 real, 663.2 MB
[runlim] sample:		125.5 time, 140.6 real, 663.2 MB
[runlim] sample:		134.5 time, 150.6 real, 663.5 MB
[runlim] sample:		143.6 time, 160.6 real, 663.5 MB
[runlim] sample:		152.6 time, 170.6 real, 671.0 MB
[runlim] sample:		161.6 time, 180.6 real, 671.0 MB
[runlim] sample:		170.8 time, 190.6 real, 671.7 MB
[runlim] sample:		180.5 time, 200.6 real, 671.7 MB
[runlim] sample:		190.2 time, 210.6 real, 690.6 MB
[runlim] sample:		199.9 time, 220.6 real, 692.4 MB
[runlim] sample:		209.6 time, 230.6 real, 694.2 MB
[runlim] sample:		219.2 time, 240.6 real, 695.7 MB
[runlim] sample:		228.9 time, 250.6 real, 697.0 MB
[runlim] sample:		238.6 time, 260.6 real, 698.0 MB
[runlim] sample:		248.3 time, 270.6 real, 699.3 MB
[runlim] sample:		257.9 time, 280.6 real, 700.4 MB
[runlim] sample:		267.6 time, 290.6 real, 701.4 MB
[runlim] sample:		277.3 time, 300.6 real, 702.2 MB
[runlim] sample:		287.0 time, 310.6 real, 703.2 MB
[runlim] end:			Mon Jan 28 18:08:01 2019
[runlim] status:		signal(9)
[runlim] result:		11
[runlim] children:		0
[runlim] real:			317.09 seconds
[runlim] time:			293.40 seconds
[runlim] space:			703.7 MB
[runlim] samples:		3164
