[runlim] version:		1.10fixed
[runlim] time limit:		300 seconds
[runlim] real time limit:	311040000 seconds
[runlim] space limit:		4000 MB
[runlim] argv[0]:		./cvc4
[runlim] argv[1]:		--fmf-fun-rlv
[runlim] argv[2]:		/tmp/pZMkqyls.smt2
[runlim] start:			Tue Jan 29 15:31:56 2019
[runlim] main pid:		21083
[runlim] sample:		8.7 time, 10.3 real, 159.6 MB
[runlim] sample:		18.7 time, 20.3 real, 268.2 MB
[runlim] sample:		28.3 time, 30.3 real, 357.2 MB
[runlim] sample:		37.7 time, 40.3 real, 575.5 MB
[runlim] sample:		47.2 time, 50.3 real, 617.0 MB
[runlim] sample:		56.7 time, 60.3 real, 626.0 MB
[runlim] sample:		66.3 time, 70.3 real, 626.5 MB
[runlim] sample:		76.3 time, 80.3 real, 697.2 MB
[runlim] sample:		86.3 time, 90.3 real, 800.2 MB
[runlim] sample:		96.3 time, 100.3 real, 802.8 MB
[runlim] sample:		106.3 time, 110.3 real, 804.6 MB
[runlim] sample:		116.3 time, 120.3 real, 806.1 MB
[runlim] sample:		126.3 time, 130.3 real, 807.4 MB
[runlim] sample:		135.9 time, 140.3 real, 819.8 MB
[runlim] sample:		145.7 time, 150.3 real, 1049.6 MB
[runlim] sample:		155.5 time, 160.3 real, 1185.8 MB
[runlim] sample:		165.2 time, 170.3 real, 1186.0 MB
[runlim] sample:		174.9 time, 180.3 real, 1217.7 MB
[runlim] sample:		184.5 time, 190.3 real, 1230.6 MB
[runlim] sample:		194.3 time, 200.3 real, 1230.6 MB
[runlim] sample:		204.3 time, 210.3 real, 1230.6 MB
[runlim] sample:		214.3 time, 220.3 real, 1230.6 MB
[runlim] sample:		224.3 time, 230.3 real, 1230.6 MB
[runlim] sample:		234.3 time, 240.3 real, 1231.7 MB
[runlim] sample:		244.0 time, 250.3 real, 1231.7 MB
[runlim] sample:		253.7 time, 260.3 real, 1231.7 MB
[runlim] sample:		262.7 time, 270.3 real, 1231.7 MB
[runlim] sample:		272.2 time, 280.3 real, 1231.7 MB
[runlim] sample:		281.9 time, 290.3 real, 1424.8 MB
[runlim] sample:		291.5 time, 300.3 real, 1509.6 MB
CVC4 interrupted by SIGTERM.
[runlim] end:			Tue Jan 29 15:37:05 2019
[runlim] status:		out of time
[runlim] result:		2
[runlim] children:		0
[runlim] real:			309.14 seconds
[runlim] time:			300.04 seconds
[runlim] space:			1509.8 MB
[runlim] samples:		3088
