[runlim] version:		1.10fixed
[runlim] time limit:		300 seconds
[runlim] real time limit:	311040000 seconds
[runlim] space limit:		4000 MB
[runlim] argv[0]:		./cvc4
[runlim] argv[1]:		--fmf-fun-rlv
[runlim] argv[2]:		/tmp/cnASdWm5.smt2
[runlim] start:			Tue Jan 29 14:59:39 2019
[runlim] main pid:		32637
[runlim] sample:		9.0 time, 10.3 real, 77.8 MB
[runlim] sample:		18.4 time, 20.3 real, 124.8 MB
[runlim] sample:		28.2 time, 30.3 real, 173.9 MB
[runlim] sample:		37.9 time, 40.3 real, 223.6 MB
[runlim] sample:		47.5 time, 50.3 real, 272.9 MB
[runlim] sample:		57.3 time, 60.3 real, 317.6 MB
[runlim] sample:		67.3 time, 70.3 real, 363.2 MB
[runlim] sample:		77.3 time, 80.3 real, 409.4 MB
[runlim] sample:		87.3 time, 90.3 real, 466.2 MB
[runlim] sample:		97.3 time, 100.3 real, 501.7 MB
[runlim] sample:		107.3 time, 110.3 real, 537.5 MB
[runlim] sample:		117.3 time, 120.3 real, 588.6 MB
[runlim] sample:		127.3 time, 130.3 real, 634.5 MB
[runlim] sample:		137.3 time, 140.3 real, 684.9 MB
[runlim] sample:		147.3 time, 150.3 real, 729.0 MB
[runlim] sample:		157.3 time, 160.3 real, 772.3 MB
[runlim] sample:		167.3 time, 170.3 real, 827.7 MB
[runlim] sample:		177.3 time, 180.3 real, 875.7 MB
[runlim] sample:		187.3 time, 190.3 real, 939.4 MB
[runlim] sample:		197.3 time, 200.3 real, 947.7 MB
[runlim] sample:		207.3 time, 210.3 real, 988.1 MB
[runlim] sample:		217.3 time, 220.3 real, 1028.6 MB
[runlim] sample:		227.3 time, 230.3 real, 1068.3 MB
[runlim] sample:		237.3 time, 240.3 real, 1107.5 MB
[runlim] sample:		247.3 time, 250.3 real, 1148.1 MB
[runlim] sample:		257.3 time, 260.3 real, 1191.9 MB
[runlim] sample:		267.3 time, 270.3 real, 1234.7 MB
[runlim] sample:		277.3 time, 280.3 real, 1282.9 MB
[runlim] sample:		287.3 time, 290.3 real, 1337.5 MB
[runlim] sample:		296.7 time, 300.3 real, 1363.0 MB
CVC4 interrupted by SIGTERM.
[runlim] end:			Tue Jan 29 15:04:42 2019
[runlim] status:		out of time
[runlim] result:		2
[runlim] children:		0
[runlim] real:			303.73 seconds
[runlim] time:			300.01 seconds
[runlim] space:			1363.5 MB
[runlim] samples:		3034
