[runlim] version:		1.10fixed
[runlim] time limit:		300 seconds
[runlim] real time limit:	311040000 seconds
[runlim] space limit:		4000 MB
[runlim] argv[0]:		./cvc4
[runlim] argv[1]:		--fmf-fun-rlv
[runlim] argv[2]:		/tmp/6vDTRDXz.smt2
[runlim] start:			Mon Jan 28 11:09:18 2019
[runlim] main pid:		20561
[runlim] sample:		9.1 time, 10.3 real, 162.3 MB
[runlim] sample:		18.4 time, 20.3 real, 357.3 MB
[runlim] sample:		27.9 time, 30.3 real, 443.4 MB
[runlim] sample:		37.9 time, 40.3 real, 450.8 MB
[runlim] sample:		47.9 time, 50.3 real, 714.8 MB
[runlim] sample:		57.9 time, 60.3 real, 1026.7 MB
[runlim] sample:		67.9 time, 70.3 real, 1347.6 MB
[runlim] sample:		77.9 time, 80.3 real, 1359.5 MB
[runlim] sample:		87.8 time, 90.3 real, 1371.1 MB
[runlim] sample:		97.6 time, 100.3 real, 1572.7 MB
[runlim] sample:		107.4 time, 110.3 real, 1730.9 MB
[runlim] sample:		117.2 time, 120.3 real, 1772.9 MB
[runlim] sample:		126.1 time, 130.3 real, 1780.1 MB
[runlim] sample:		134.5 time, 140.3 real, 1794.4 MB
[runlim] sample:		143.1 time, 150.3 real, 1794.4 MB
[runlim] sample:		151.7 time, 160.3 real, 1794.7 MB
[runlim] sample:		161.0 time, 170.3 real, 1842.1 MB
[runlim] sample:		169.7 time, 180.3 real, 1842.3 MB
[runlim] sample:		179.2 time, 190.3 real, 1844.1 MB
[runlim] sample:		188.4 time, 200.3 real, 1854.4 MB
[runlim] sample:		197.7 time, 210.3 real, 1854.4 MB
[runlim] sample:		206.7 time, 220.3 real, 1854.4 MB
[runlim] sample:		215.6 time, 230.3 real, 1854.4 MB
[runlim] sample:		224.1 time, 240.3 real, 1854.4 MB
[runlim] sample:		233.0 time, 250.3 real, 1854.4 MB
[runlim] sample:		241.9 time, 260.3 real, 1857.3 MB
[runlim] sample:		250.7 time, 270.3 real, 1857.3 MB
[runlim] sample:		260.2 time, 280.3 real, 1857.3 MB
[runlim] sample:		270.1 time, 290.3 real, 1857.3 MB
[runlim] sample:		279.6 time, 300.3 real, 1857.3 MB
[runlim] sample:		288.2 time, 310.3 real, 1898.3 MB
[runlim] sample:		297.1 time, 320.3 real, 2155.6 MB
CVC4 interrupted by SIGTERM.
[runlim] end:			Mon Jan 28 11:14:41 2019
[runlim] status:		out of time
[runlim] result:		2
[runlim] children:		0
[runlim] real:			323.90 seconds
[runlim] time:			300.18 seconds
[runlim] space:			2240.1 MB
[runlim] samples:		3236
