[runlim] version:		1.10fixed
[runlim] time limit:		300 seconds
[runlim] real time limit:	311040000 seconds
[runlim] space limit:		4000 MB
[runlim] argv[0]:		./cvc4
[runlim] argv[1]:		--fmf-fun-rlv
[runlim] argv[2]:		/tmp/82a77XBU.smt2
[runlim] start:			Mon Jan 28 18:07:43 2019
[runlim] main pid:		26765
[runlim] sample:		9.6 time, 10.9 real, 102.0 MB
[runlim] sample:		18.7 time, 20.9 real, 128.3 MB
[runlim] sample:		26.8 time, 30.9 real, 153.1 MB
[runlim] sample:		35.5 time, 40.9 real, 173.7 MB
[runlim] sample:		45.5 time, 50.9 real, 189.4 MB
[runlim] sample:		55.4 time, 60.9 real, 211.0 MB
[runlim] sample:		65.3 time, 70.9 real, 228.6 MB
[runlim] sample:		75.3 time, 80.9 real, 252.2 MB
[runlim] sample:		85.3 time, 90.9 real, 266.9 MB
[runlim] sample:		95.3 time, 100.9 real, 271.3 MB
[runlim] sample:		105.3 time, 110.9 real, 282.3 MB
[runlim] sample:		115.3 time, 120.9 real, 297.0 MB
[runlim] sample:		125.3 time, 130.9 real, 303.0 MB
[runlim] sample:		135.3 time, 140.9 real, 313.8 MB
[runlim] sample:		145.3 time, 150.9 real, 330.3 MB
[runlim] sample:		155.3 time, 160.9 real, 330.3 MB
[runlim] sample:		165.3 time, 170.9 real, 347.0 MB
[runlim] sample:		175.3 time, 180.9 real, 347.0 MB
[runlim] sample:		185.1 time, 190.9 real, 365.3 MB
[runlim] sample:		194.6 time, 200.9 real, 365.3 MB
[runlim] sample:		202.8 time, 210.9 real, 372.5 MB
[runlim] sample:		211.2 time, 220.9 real, 385.4 MB
[runlim] sample:		220.7 time, 230.9 real, 385.4 MB
[runlim] sample:		230.4 time, 240.9 real, 401.4 MB
[runlim] sample:		240.4 time, 250.9 real, 412.7 MB
[runlim] sample:		250.4 time, 260.9 real, 412.7 MB
[runlim] sample:		260.4 time, 270.9 real, 437.4 MB
[runlim] sample:		270.4 time, 280.9 real, 448.7 MB
[runlim] sample:		280.4 time, 290.9 real, 448.7 MB
[runlim] sample:		290.4 time, 300.9 real, 457.5 MB
CVC4 interrupted by SIGTERM.
[runlim] end:			Mon Jan 28 18:12:53 2019
[runlim] status:		out of time
[runlim] result:		2
[runlim] children:		0
[runlim] real:			310.60 seconds
[runlim] time:			300.04 seconds
[runlim] space:			473.0 MB
[runlim] samples:		3097
