[runlim] version:		1.10fixed
[runlim] time limit:		300 seconds
[runlim] real time limit:	311040000 seconds
[runlim] space limit:		4000 MB
[runlim] argv[0]:		./cvc4
[runlim] argv[1]:		--fmf-fun-rlv
[runlim] argv[2]:		/tmp/xpFnm0CE.smt2
[runlim] start:			Tue Jan 29 14:59:31 2019
[runlim] main pid:		30042
[runlim] sample:		9.9 time, 10.7 real, 68.0 MB
[runlim] sample:		19.9 time, 20.7 real, 116.6 MB
[runlim] sample:		29.9 time, 30.7 real, 164.9 MB
[runlim] sample:		39.9 time, 40.7 real, 213.8 MB
[runlim] sample:		49.8 time, 50.7 real, 262.9 MB
[runlim] sample:		59.5 time, 60.7 real, 307.4 MB
[runlim] sample:		69.4 time, 70.7 real, 353.0 MB
[runlim] sample:		79.4 time, 80.7 real, 396.6 MB
[runlim] sample:		89.4 time, 90.7 real, 446.6 MB
[runlim] sample:		99.4 time, 100.7 real, 480.7 MB
[runlim] sample:		109.2 time, 110.7 real, 518.4 MB
[runlim] sample:		119.2 time, 120.7 real, 563.7 MB
[runlim] sample:		127.8 time, 130.7 real, 605.4 MB
[runlim] sample:		136.7 time, 140.7 real, 646.5 MB
[runlim] sample:		146.4 time, 150.7 real, 686.5 MB
[runlim] sample:		156.1 time, 160.7 real, 726.7 MB
[runlim] sample:		166.1 time, 170.7 real, 767.7 MB
[runlim] sample:		176.1 time, 180.7 real, 820.1 MB
[runlim] sample:		186.1 time, 190.7 real, 862.1 MB
[runlim] sample:		196.1 time, 200.7 real, 916.3 MB
[runlim] sample:		206.1 time, 210.7 real, 935.2 MB
[runlim] sample:		215.3 time, 220.7 real, 973.4 MB
[runlim] sample:		224.6 time, 230.7 real, 1012.0 MB
[runlim] sample:		232.9 time, 240.7 real, 1046.8 MB
[runlim] sample:		242.6 time, 250.7 real, 1089.4 MB
[runlim] sample:		252.6 time, 260.7 real, 1134.9 MB
[runlim] sample:		262.3 time, 270.7 real, 1178.9 MB
[runlim] sample:		272.3 time, 280.7 real, 1220.4 MB
[runlim] sample:		280.9 time, 290.7 real, 1257.6 MB
[runlim] sample:		290.4 time, 300.7 real, 1303.6 MB
[runlim] sample:		299.0 time, 310.7 real, 1338.2 MB
CVC4 interrupted by SIGTERM.
[runlim] end:			Tue Jan 29 15:04:43 2019
[runlim] status:		out of time
[runlim] result:		2
[runlim] children:		0
[runlim] real:			312.04 seconds
[runlim] time:			300.05 seconds
[runlim] space:			1338.2 MB
[runlim] samples:		3112
