[runlim] version:		1.10fixed
[runlim] time limit:		300 seconds
[runlim] real time limit:	311040000 seconds
[runlim] space limit:		4000 MB
[runlim] argv[0]:		./cvc4
[runlim] argv[1]:		--fmf-fun-rlv
[runlim] argv[2]:		/tmp/mCGnqiWY.smt2
[runlim] start:			Tue Jan 29 15:36:00 2019
[runlim] main pid:		18559
[runlim] sample:		9.6 time, 10.9 real, 155.7 MB
[runlim] sample:		18.9 time, 20.9 real, 256.6 MB
[runlim] sample:		28.2 time, 30.9 real, 295.7 MB
[runlim] sample:		36.3 time, 40.9 real, 414.9 MB
[runlim] sample:		45.0 time, 50.9 real, 417.9 MB
[runlim] sample:		53.6 time, 60.9 real, 417.9 MB
[runlim] sample:		62.7 time, 70.9 real, 503.0 MB
[runlim] sample:		71.2 time, 80.9 real, 594.0 MB
[runlim] sample:		79.0 time, 90.9 real, 594.0 MB
[runlim] sample:		87.6 time, 100.9 real, 599.9 MB
[runlim] sample:		97.3 time, 110.9 real, 599.9 MB
[runlim] sample:		106.5 time, 120.9 real, 599.9 MB
[runlim] sample:		115.5 time, 130.9 real, 600.9 MB
[runlim] sample:		125.5 time, 140.9 real, 825.4 MB
[runlim] sample:		135.5 time, 150.9 real, 866.9 MB
[runlim] sample:		145.1 time, 160.9 real, 866.9 MB
[runlim] sample:		154.0 time, 170.9 real, 866.9 MB
[runlim] sample:		162.9 time, 180.9 real, 866.9 MB
[runlim] sample:		171.9 time, 190.9 real, 866.9 MB
[runlim] sample:		179.4 time, 200.9 real, 866.9 MB
[runlim] sample:		187.8 time, 210.9 real, 876.7 MB
[runlim] sample:		196.0 time, 220.9 real, 876.7 MB
[runlim] sample:		204.9 time, 230.9 real, 876.7 MB
[runlim] sample:		214.5 time, 240.9 real, 876.7 MB
[runlim] sample:		224.2 time, 250.9 real, 876.7 MB
[runlim] sample:		233.8 time, 260.9 real, 876.7 MB
[runlim] sample:		243.4 time, 270.9 real, 876.7 MB
[runlim] sample:		253.0 time, 280.9 real, 877.0 MB
[runlim] sample:		262.4 time, 290.9 real, 886.0 MB
[runlim] sample:		271.7 time, 300.9 real, 1109.2 MB
[runlim] sample:		281.1 time, 310.9 real, 1254.5 MB
[runlim] sample:		290.5 time, 320.9 real, 1254.5 MB
[runlim] sample:		299.5 time, 330.9 real, 1254.5 MB
CVC4 interrupted by SIGTERM.
[runlim] end:			Tue Jan 29 15:41:31 2019
[runlim] status:		out of time
[runlim] result:		2
[runlim] children:		0
[runlim] real:			331.62 seconds
[runlim] time:			300.15 seconds
[runlim] space:			1254.5 MB
[runlim] samples:		3307
