[runlim] version:		1.10fixed
[runlim] time limit:		300 seconds
[runlim] real time limit:	311040000 seconds
[runlim] space limit:		4000 MB
[runlim] argv[0]:		./cvc4
[runlim] argv[1]:		--fmf-fun-rlv
[runlim] argv[2]:		/tmp/IYFSJStd.smt2
[runlim] start:			Tue Jan 29 15:36:03 2019
[runlim] main pid:		17684
[runlim] sample:		8.8 time, 10.5 real, 136.6 MB
[runlim] sample:		18.4 time, 20.5 real, 351.6 MB
[runlim] sample:		28.4 time, 30.5 real, 491.5 MB
[runlim] sample:		38.4 time, 40.5 real, 499.5 MB
[runlim] sample:		48.2 time, 50.5 real, 610.3 MB
[runlim] sample:		58.2 time, 60.5 real, 985.6 MB
[runlim] sample:		68.2 time, 70.5 real, 1393.3 MB
[runlim] sample:		77.9 time, 80.5 real, 1620.2 MB
[runlim] sample:		87.5 time, 90.5 real, 1630.8 MB
[runlim] sample:		96.3 time, 100.5 real, 1634.6 MB
[runlim] sample:		104.3 time, 110.5 real, 1717.4 MB
[runlim] sample:		112.3 time, 120.5 real, 1905.1 MB
[runlim] sample:		119.9 time, 130.5 real, 1945.1 MB
[runlim] sample:		129.1 time, 140.5 real, 1987.9 MB
[runlim] sample:		137.4 time, 150.5 real, 1991.3 MB
[runlim] sample:		146.1 time, 160.5 real, 2000.6 MB
[runlim] sample:		154.4 time, 170.5 real, 2004.2 MB
[runlim] sample:		164.2 time, 180.5 real, 2006.0 MB
[runlim] sample:		174.2 time, 190.5 real, 2010.6 MB
[runlim] sample:		184.2 time, 200.5 real, 2016.8 MB
[runlim] sample:		194.2 time, 210.5 real, 2025.8 MB
[runlim] sample:		204.2 time, 220.5 real, 2025.8 MB
[runlim] sample:		214.2 time, 230.5 real, 2025.8 MB
[runlim] sample:		224.2 time, 240.5 real, 2025.8 MB
[runlim] sample:		234.2 time, 250.5 real, 2025.8 MB
[runlim] sample:		243.2 time, 260.5 real, 2025.8 MB
[runlim] sample:		251.3 time, 270.5 real, 2025.8 MB
[runlim] sample:		259.5 time, 280.5 real, 2025.8 MB
[runlim] sample:		267.9 time, 290.5 real, 2025.8 MB
[runlim] sample:		277.3 time, 300.5 real, 2059.1 MB
[runlim] sample:		287.0 time, 310.5 real, 2386.4 MB
[runlim] sample:		296.6 time, 320.5 real, 2817.4 MB
CVC4 interrupted by SIGTERM.
[runlim] end:			Tue Jan 29 15:41:27 2019
[runlim] status:		out of time
[runlim] result:		2
[runlim] children:		0
[runlim] real:			324.19 seconds
[runlim] time:			300.13 seconds
[runlim] space:			2924.1 MB
[runlim] samples:		3236
