[runlim] version:		1.10fixed
[runlim] time limit:		300 seconds
[runlim] real time limit:	311040000 seconds
[runlim] space limit:		4000 MB
[runlim] argv[0]:		./cvc4
[runlim] argv[1]:		--fmf-fun-rlv
[runlim] argv[2]:		/tmp/n0gYIJFQ.smt2
[runlim] start:			Tue Jan 29 15:34:18 2019
[runlim] main pid:		17728
[runlim] sample:		9.7 time, 10.1 real, 151.5 MB
[runlim] sample:		18.5 time, 20.1 real, 321.4 MB
[runlim] sample:		28.5 time, 30.1 real, 485.3 MB
[runlim] sample:		38.5 time, 40.1 real, 534.3 MB
[runlim] sample:		48.5 time, 50.1 real, 534.8 MB
[runlim] sample:		58.5 time, 60.1 real, 786.8 MB
[runlim] sample:		68.5 time, 70.1 real, 1115.0 MB
[runlim] sample:		78.5 time, 80.1 real, 1480.8 MB
[runlim] sample:		88.5 time, 90.1 real, 1615.9 MB
[runlim] sample:		98.5 time, 100.1 real, 1624.4 MB
[runlim] sample:		108.5 time, 110.1 real, 1629.0 MB
[runlim] sample:		118.5 time, 120.1 real, 1633.7 MB
[runlim] sample:		128.3 time, 130.1 real, 1811.3 MB
[runlim] sample:		136.5 time, 140.1 real, 1949.6 MB
[runlim] sample:		144.8 time, 150.1 real, 1985.7 MB
[runlim] sample:		153.0 time, 160.1 real, 2028.2 MB
[runlim] sample:		162.2 time, 170.1 real, 2045.8 MB
[runlim] sample:		170.8 time, 180.1 real, 2045.8 MB
[runlim] sample:		179.8 time, 190.1 real, 2058.9 MB
[runlim] sample:		189.7 time, 200.1 real, 2059.9 MB
[runlim] sample:		199.7 time, 210.1 real, 2059.9 MB
[runlim] sample:		209.7 time, 220.1 real, 2059.9 MB
[runlim] sample:		219.7 time, 230.1 real, 2059.9 MB
[runlim] sample:		229.7 time, 240.1 real, 2059.9 MB
[runlim] sample:		239.0 time, 250.1 real, 2062.0 MB
[runlim] sample:		246.6 time, 260.1 real, 2062.0 MB
[runlim] sample:		254.1 time, 270.1 real, 2062.0 MB
[runlim] sample:		263.7 time, 280.1 real, 2062.0 MB
[runlim] sample:		273.7 time, 290.1 real, 2062.0 MB
[runlim] sample:		283.7 time, 300.1 real, 2062.0 MB
[runlim] sample:		293.2 time, 310.1 real, 2279.6 MB
CVC4 interrupted by SIGTERM.
[runlim] end:			Tue Jan 29 15:39:36 2019
[runlim] status:		out of time
[runlim] result:		2
[runlim] children:		0
[runlim] real:			318.62 seconds
[runlim] time:			300.16 seconds
[runlim] space:			2727.4 MB
[runlim] samples:		3184
