[runlim] version:		1.10fixed
[runlim] time limit:		300 seconds
[runlim] real time limit:	311040000 seconds
[runlim] space limit:		4000 MB
[runlim] argv[0]:		./cvc4
[runlim] argv[1]:		--fmf-fun-rlv
[runlim] argv[2]:		/tmp/VO82eXBf.smt2
[runlim] start:			Mon Jan 28 17:31:02 2019
[runlim] main pid:		2398
[runlim] sample:		8.7 time, 10.9 real, 64.0 MB
[runlim] sample:		17.8 time, 20.9 real, 109.0 MB
[runlim] sample:		26.4 time, 30.9 real, 152.0 MB
[runlim] sample:		36.1 time, 40.9 real, 200.4 MB
[runlim] sample:		46.1 time, 50.9 real, 256.6 MB
[runlim] sample:		56.1 time, 60.9 real, 306.4 MB
[runlim] sample:		66.1 time, 70.9 real, 356.5 MB
[runlim] sample:		75.8 time, 80.9 real, 404.7 MB
[runlim] sample:		85.4 time, 90.9 real, 462.6 MB
[runlim] sample:		95.3 time, 100.9 real, 487.6 MB
[runlim] sample:		105.3 time, 110.9 real, 534.6 MB
[runlim] sample:		115.3 time, 120.9 real, 586.0 MB
[runlim] sample:		125.2 time, 130.9 real, 633.1 MB
[runlim] sample:		135.2 time, 140.9 real, 681.5 MB
[runlim] sample:		145.3 time, 150.9 real, 725.4 MB
[runlim] sample:		155.2 time, 160.9 real, 768.9 MB
[runlim] sample:		165.2 time, 170.9 real, 824.2 MB
[runlim] sample:		175.2 time, 180.9 real, 877.3 MB
[runlim] sample:		185.2 time, 190.9 real, 917.5 MB
[runlim] sample:		195.2 time, 200.9 real, 957.6 MB
[runlim] sample:		205.2 time, 210.9 real, 1004.0 MB
[runlim] sample:		215.2 time, 220.9 real, 1049.9 MB
[runlim] sample:		225.2 time, 230.9 real, 1095.6 MB
[runlim] sample:		235.2 time, 240.9 real, 1143.9 MB
[runlim] sample:		245.2 time, 250.9 real, 1191.8 MB
[runlim] sample:		255.2 time, 260.9 real, 1235.4 MB
[runlim] sample:		265.2 time, 270.9 real, 1282.3 MB
[runlim] sample:		275.2 time, 280.9 real, 1337.4 MB
[runlim] sample:		285.2 time, 290.9 real, 1349.5 MB
[runlim] sample:		295.2 time, 300.9 real, 1394.6 MB
CVC4 interrupted by SIGTERM.
[runlim] end:			Mon Jan 28 17:36:07 2019
[runlim] status:		out of time
[runlim] result:		2
[runlim] children:		0
[runlim] real:			305.78 seconds
[runlim] time:			300.02 seconds
[runlim] space:			1416.0 MB
[runlim] samples:		3048
