[runlim] version:		1.10fixed
[runlim] time limit:		300 seconds
[runlim] real time limit:	311040000 seconds
[runlim] space limit:		4000 MB
[runlim] argv[0]:		./cvc4
[runlim] argv[1]:		--fmf-fun-rlv
[runlim] argv[2]:		/tmp/fPinX2Qr.smt2
[runlim] start:			Mon Jan 28 17:33:20 2019
[runlim] main pid:		2400
[runlim] sample:		9.7 time, 10.4 real, 59.7 MB
[runlim] sample:		19.2 time, 20.4 real, 100.2 MB
[runlim] sample:		28.5 time, 30.4 real, 140.8 MB
[runlim] sample:		38.5 time, 40.4 real, 181.9 MB
[runlim] sample:		46.8 time, 50.4 real, 215.5 MB
[runlim] sample:		55.2 time, 60.4 real, 251.3 MB
[runlim] sample:		63.6 time, 70.4 real, 283.2 MB
[runlim] sample:		72.9 time, 80.4 real, 320.3 MB
[runlim] sample:		82.9 time, 90.4 real, 360.6 MB
[runlim] sample:		92.5 time, 100.4 real, 396.5 MB
[runlim] sample:		102.0 time, 110.4 real, 438.2 MB
[runlim] sample:		112.0 time, 120.4 real, 480.4 MB
[runlim] sample:		122.0 time, 130.4 real, 499.2 MB
[runlim] sample:		132.0 time, 140.4 real, 536.8 MB
[runlim] sample:		142.0 time, 150.4 real, 577.0 MB
[runlim] sample:		152.0 time, 160.4 real, 612.3 MB
[runlim] sample:		162.0 time, 170.4 real, 652.0 MB
[runlim] sample:		172.0 time, 180.4 real, 688.9 MB
[runlim] sample:		182.0 time, 190.4 real, 726.8 MB
[runlim] sample:		192.0 time, 200.4 real, 764.4 MB
[runlim] sample:		202.0 time, 210.4 real, 813.7 MB
[runlim] sample:		212.0 time, 220.4 real, 852.6 MB
[runlim] sample:		222.0 time, 230.4 real, 902.6 MB
[runlim] sample:		232.0 time, 240.4 real, 926.1 MB
[runlim] sample:		242.0 time, 250.4 real, 959.6 MB
[runlim] sample:		252.0 time, 260.4 real, 997.8 MB
[runlim] sample:		262.0 time, 270.4 real, 1034.9 MB
[runlim] sample:		272.0 time, 280.4 real, 1072.6 MB
[runlim] sample:		282.0 time, 290.4 real, 1109.9 MB
[runlim] sample:		292.0 time, 300.4 real, 1149.4 MB
CVC4 interrupted by SIGTERM.
[runlim] end:			Mon Jan 28 17:38:28 2019
[runlim] status:		out of time
[runlim] result:		2
[runlim] children:		0
[runlim] real:			308.58 seconds
[runlim] time:			300.10 seconds
[runlim] space:			1181.4 MB
[runlim] samples:		3081
