[runlim] version:		1.10fixed
[runlim] time limit:		300 seconds
[runlim] real time limit:	311040000 seconds
[runlim] space limit:		4000 MB
[runlim] argv[0]:		./cvc4
[runlim] argv[1]:		--fmf-fun-rlv
[runlim] argv[2]:		/tmp/2EpyCdGW.smt2
[runlim] start:			Tue Jan 29 15:05:14 2019
[runlim] main pid:		27833
[runlim] sample:		9.0 time, 11.0 real, 129.2 MB
[runlim] sample:		18.8 time, 21.0 real, 184.2 MB
[runlim] sample:		28.8 time, 31.0 real, 221.0 MB
[runlim] sample:		38.8 time, 41.0 real, 268.6 MB
[runlim] sample:		48.7 time, 51.0 real, 284.6 MB
[runlim] sample:		57.9 time, 61.0 real, 307.5 MB
[runlim] sample:		66.3 time, 71.0 real, 325.3 MB
[runlim] sample:		74.2 time, 81.0 real, 346.5 MB
[runlim] sample:		84.2 time, 91.0 real, 346.5 MB
[runlim] sample:		94.2 time, 101.0 real, 394.9 MB
[runlim] sample:		104.2 time, 111.0 real, 394.9 MB
[runlim] sample:		112.9 time, 121.0 real, 394.9 MB
[runlim] sample:		121.5 time, 131.0 real, 442.9 MB
[runlim] sample:		131.3 time, 141.0 real, 471.2 MB
[runlim] sample:		140.0 time, 151.0 real, 471.2 MB
[runlim] sample:		149.2 time, 161.0 real, 471.2 MB
[runlim] sample:		158.8 time, 171.0 real, 496.5 MB
[runlim] sample:		168.1 time, 181.0 real, 530.2 MB
[runlim] sample:		178.0 time, 191.0 real, 530.2 MB
[runlim] sample:		188.0 time, 201.0 real, 530.2 MB
[runlim] sample:		198.0 time, 211.0 real, 558.0 MB
[runlim] sample:		208.0 time, 221.0 real, 590.0 MB
[runlim] sample:		218.0 time, 231.0 real, 590.0 MB
[runlim] sample:		227.4 time, 241.0 real, 590.0 MB
[runlim] sample:		236.8 time, 251.0 real, 590.0 MB
[runlim] sample:		245.6 time, 261.0 real, 590.0 MB
[runlim] sample:		255.1 time, 271.0 real, 620.6 MB
[runlim] sample:		265.1 time, 281.0 real, 620.6 MB
[runlim] sample:		275.1 time, 291.0 real, 653.1 MB
[runlim] sample:		285.1 time, 301.0 real, 653.1 MB
[runlim] sample:		295.1 time, 311.0 real, 653.1 MB
CVC4 interrupted by SIGTERM.
[runlim] end:			Tue Jan 29 15:10:30 2019
[runlim] status:		out of time
[runlim] result:		2
[runlim] children:		0
[runlim] real:			316.04 seconds
[runlim] time:			300.10 seconds
[runlim] space:			653.1 MB
[runlim] samples:		3150
