[runlim] version:		1.10fixed
[runlim] time limit:		300 seconds
[runlim] real time limit:	311040000 seconds
[runlim] space limit:		4000 MB
[runlim] argv[0]:		./cvc4
[runlim] argv[1]:		--fmf-fun-rlv
[runlim] argv[2]:		/tmp/UHZbcADn.smt2
[runlim] start:			Mon Jan 28 11:05:47 2019
[runlim] main pid:		16372
[runlim] sample:		8.3 time, 10.6 real, 122.2 MB
[runlim] sample:		17.9 time, 20.6 real, 199.1 MB
[runlim] sample:		26.9 time, 30.6 real, 260.1 MB
[runlim] sample:		35.8 time, 40.6 real, 281.6 MB
[runlim] sample:		45.7 time, 50.6 real, 372.2 MB
[runlim] sample:		55.0 time, 60.6 real, 374.0 MB
[runlim] sample:		64.2 time, 70.6 real, 520.9 MB
[runlim] sample:		74.0 time, 80.6 real, 525.3 MB
[runlim] sample:		84.0 time, 90.6 real, 525.3 MB
[runlim] sample:		94.0 time, 100.6 real, 525.3 MB
[runlim] sample:		103.9 time, 110.6 real, 614.0 MB
[runlim] sample:		112.8 time, 120.6 real, 750.2 MB
[runlim] sample:		122.8 time, 130.6 real, 750.2 MB
[runlim] sample:		132.2 time, 140.6 real, 750.5 MB
[runlim] sample:		142.2 time, 150.6 real, 759.0 MB
[runlim] sample:		151.4 time, 160.6 real, 759.0 MB
[runlim] sample:		161.4 time, 170.6 real, 759.0 MB
[runlim] sample:		171.4 time, 180.6 real, 759.0 MB
[runlim] sample:		179.6 time, 190.6 real, 759.0 MB
[runlim] sample:		187.2 time, 200.6 real, 759.0 MB
[runlim] sample:		196.1 time, 210.6 real, 775.6 MB
[runlim] sample:		206.0 time, 220.6 real, 1018.8 MB
[runlim] sample:		215.6 time, 230.6 real, 1071.4 MB
[runlim] sample:		225.3 time, 240.6 real, 1071.4 MB
[runlim] sample:		235.0 time, 250.6 real, 1071.4 MB
[runlim] sample:		245.0 time, 260.6 real, 1071.4 MB
[runlim] sample:		255.0 time, 270.6 real, 1071.7 MB
[runlim] sample:		265.0 time, 280.6 real, 1071.7 MB
[runlim] sample:		275.0 time, 290.6 real, 1071.7 MB
[runlim] sample:		285.0 time, 300.6 real, 1071.7 MB
[runlim] sample:		294.9 time, 310.6 real, 1083.3 MB
CVC4 interrupted by SIGTERM.
[runlim] end:			Mon Jan 28 11:11:02 2019
[runlim] status:		out of time
[runlim] result:		2
[runlim] children:		0
[runlim] real:			315.85 seconds
[runlim] time:			300.09 seconds
[runlim] space:			1083.3 MB
[runlim] samples:		3152
