[runlim] version:		1.10fixed
[runlim] time limit:		300 seconds
[runlim] real time limit:	311040000 seconds
[runlim] space limit:		4000 MB
[runlim] argv[0]:		./cvc4
[runlim] argv[1]:		--fmf-fun-rlv
[runlim] argv[2]:		/tmp/djsvilWI.smt2
[runlim] start:			Mon Jan 28 17:29:04 2019
[runlim] main pid:		1662
[runlim] sample:		9.7 time, 10.5 real, 173.7 MB
[runlim] sample:		19.7 time, 20.5 real, 245.3 MB
[runlim] sample:		29.6 time, 30.5 real, 348.2 MB
[runlim] sample:		39.6 time, 40.5 real, 362.9 MB
[runlim] sample:		49.6 time, 50.5 real, 498.1 MB
[runlim] sample:		59.5 time, 60.5 real, 501.8 MB
[runlim] sample:		69.1 time, 70.5 real, 501.8 MB
[runlim] sample:		78.8 time, 80.5 real, 557.4 MB
[runlim] sample:		88.3 time, 90.5 real, 729.8 MB
[runlim] sample:		97.0 time, 100.5 real, 729.8 MB
[runlim] sample:		106.0 time, 110.5 real, 736.3 MB
[runlim] sample:		116.0 time, 120.5 real, 736.3 MB
[runlim] sample:		125.7 time, 130.5 real, 736.3 MB
[runlim] sample:		134.4 time, 140.5 real, 736.3 MB
[runlim] sample:		143.9 time, 150.5 real, 736.3 MB
[runlim] sample:		153.2 time, 160.5 real, 736.5 MB
[runlim] sample:		162.3 time, 170.5 real, 867.3 MB
[runlim] sample:		172.0 time, 180.5 real, 1059.8 MB
[runlim] sample:		181.8 time, 190.5 real, 1059.8 MB
[runlim] sample:		191.8 time, 200.5 real, 1059.8 MB
[runlim] sample:		201.8 time, 210.5 real, 1059.8 MB
[runlim] sample:		211.8 time, 220.5 real, 1059.8 MB
[runlim] sample:		221.8 time, 230.5 real, 1059.8 MB
[runlim] sample:		231.8 time, 240.5 real, 1069.0 MB
[runlim] sample:		241.8 time, 250.5 real, 1069.0 MB
[runlim] sample:		251.8 time, 260.5 real, 1069.0 MB
[runlim] sample:		261.8 time, 270.5 real, 1069.0 MB
[runlim] sample:		271.8 time, 280.5 real, 1069.0 MB
[runlim] sample:		281.8 time, 290.5 real, 1069.0 MB
[runlim] sample:		291.8 time, 300.5 real, 1069.0 MB
CVC4 interrupted by SIGTERM.
[runlim] end:			Mon Jan 28 17:34:12 2019
[runlim] status:		out of time
[runlim] result:		2
[runlim] children:		0
[runlim] real:			308.77 seconds
[runlim] time:			300.03 seconds
[runlim] space:			1069.0 MB
[runlim] samples:		3082
