[runlim] version:		1.10fixed
[runlim] time limit:		300 seconds
[runlim] real time limit:	311040000 seconds
[runlim] space limit:		4000 MB
[runlim] argv[0]:		./cvc4
[runlim] argv[1]:		--fmf-fun-rlv
[runlim] argv[2]:		/tmp/jcw60ZM8.smt2
[runlim] start:			Mon Jan 28 11:10:15 2019
[runlim] main pid:		22065
[runlim] sample:		9.2 time, 10.9 real, 127.9 MB
[runlim] sample:		19.2 time, 20.9 real, 214.5 MB
[runlim] sample:		28.6 time, 30.9 real, 215.0 MB
[runlim] sample:		37.9 time, 40.9 real, 225.7 MB
[runlim] sample:		47.9 time, 50.9 real, 418.2 MB
[runlim] sample:		57.9 time, 60.9 real, 456.4 MB
[runlim] sample:		67.9 time, 70.9 real, 457.2 MB
[runlim] sample:		77.9 time, 80.9 real, 457.4 MB
[runlim] sample:		87.9 time, 90.9 real, 463.3 MB
[runlim] sample:		97.7 time, 100.9 real, 464.1 MB
[runlim] sample:		107.4 time, 110.9 real, 464.1 MB
[runlim] sample:		116.9 time, 120.9 real, 474.7 MB
[runlim] sample:		125.9 time, 130.9 real, 476.5 MB
[runlim] sample:		134.8 time, 140.9 real, 478.3 MB
[runlim] sample:		143.7 time, 150.9 real, 479.6 MB
[runlim] sample:		151.9 time, 160.9 real, 480.9 MB
[runlim] sample:		161.5 time, 170.9 real, 481.9 MB
[runlim] sample:		171.5 time, 180.9 real, 601.9 MB
[runlim] sample:		181.4 time, 190.9 real, 873.2 MB
[runlim] sample:		191.3 time, 200.9 real, 911.5 MB
[runlim] sample:		201.0 time, 210.9 real, 911.8 MB
[runlim] sample:		210.3 time, 220.9 real, 949.1 MB
[runlim] sample:		220.3 time, 230.9 real, 951.5 MB
[runlim] sample:		229.7 time, 240.9 real, 951.5 MB
[runlim] sample:		237.9 time, 250.9 real, 951.5 MB
[runlim] sample:		246.8 time, 260.9 real, 951.7 MB
[runlim] sample:		255.9 time, 270.9 real, 951.7 MB
[runlim] sample:		265.4 time, 280.9 real, 951.7 MB
[runlim] sample:		274.8 time, 290.9 real, 951.7 MB
[runlim] sample:		284.6 time, 300.9 real, 963.6 MB
[runlim] sample:		294.6 time, 310.9 real, 963.6 MB
CVC4 interrupted by SIGTERM.
[runlim] end:			Mon Jan 28 11:15:31 2019
[runlim] status:		out of time
[runlim] result:		2
[runlim] children:		0
[runlim] real:			316.49 seconds
[runlim] time:			300.06 seconds
[runlim] space:			963.6 MB
[runlim] samples:		3155
