[runlim] version:		1.10fixed
[runlim] time limit:		300 seconds
[runlim] real time limit:	311040000 seconds
[runlim] space limit:		4000 MB
[runlim] argv[0]:		./cvc4
[runlim] argv[1]:		--fmf-fun-rlv
[runlim] argv[2]:		/tmp/7NVZJYWW.smt2
[runlim] start:			Tue Jan 29 15:32:34 2019
[runlim] main pid:		337
[runlim] sample:		9.8 time, 10.1 real, 171.0 MB
[runlim] sample:		19.6 time, 20.1 real, 286.3 MB
[runlim] sample:		28.8 time, 30.1 real, 374.6 MB
[runlim] sample:		38.1 time, 40.1 real, 492.7 MB
[runlim] sample:		47.6 time, 50.1 real, 654.5 MB
[runlim] sample:		57.6 time, 60.1 real, 686.5 MB
[runlim] sample:		67.5 time, 70.1 real, 686.5 MB
[runlim] sample:		76.6 time, 80.1 real, 687.5 MB
[runlim] sample:		86.0 time, 90.1 real, 687.5 MB
[runlim] sample:		95.4 time, 100.1 real, 916.1 MB
[runlim] sample:		105.0 time, 110.1 real, 918.4 MB
[runlim] sample:		114.7 time, 120.1 real, 920.2 MB
[runlim] sample:		124.4 time, 130.1 real, 922.3 MB
[runlim] sample:		134.0 time, 140.1 real, 923.6 MB
[runlim] sample:		144.0 time, 150.1 real, 924.8 MB
[runlim] sample:		154.0 time, 160.1 real, 926.1 MB
[runlim] sample:		164.0 time, 170.1 real, 927.4 MB
[runlim] sample:		174.0 time, 180.1 real, 928.2 MB
[runlim] sample:		184.0 time, 190.1 real, 1076.4 MB
[runlim] sample:		194.0 time, 200.1 real, 1338.9 MB
[runlim] sample:		203.6 time, 210.1 real, 1378.5 MB
[runlim] sample:		212.9 time, 220.1 real, 1378.5 MB
[runlim] sample:		221.7 time, 230.1 real, 1398.6 MB
[runlim] sample:		230.6 time, 240.1 real, 1417.9 MB
[runlim] sample:		240.2 time, 250.1 real, 1435.0 MB
[runlim] sample:		250.2 time, 260.1 real, 1435.0 MB
[runlim] sample:		260.2 time, 270.1 real, 1435.0 MB
[runlim] sample:		270.2 time, 280.1 real, 1435.0 MB
[runlim] sample:		280.2 time, 290.1 real, 1435.0 MB
[runlim] sample:		290.2 time, 300.1 real, 1435.0 MB
CVC4 interrupted by SIGTERM.
[runlim] end:			Tue Jan 29 15:37:43 2019
[runlim] status:		out of time
[runlim] result:		2
[runlim] children:		0
[runlim] real:			309.99 seconds
[runlim] time:			300.03 seconds
[runlim] space:			1435.0 MB
[runlim] samples:		3098
