[runlim] version:		1.10fixed
[runlim] time limit:		300 seconds
[runlim] real time limit:	311040000 seconds
[runlim] space limit:		4000 MB
[runlim] argv[0]:		./cvc4
[runlim] argv[1]:		--fmf-fun-rlv
[runlim] argv[2]:		/tmp/kTuX9cBb.smt2
[runlim] start:			Mon Jan 28 11:09:50 2019
[runlim] main pid:		29015
[runlim] sample:		8.1 time, 10.0 real, 143.9 MB
[runlim] sample:		17.3 time, 20.0 real, 237.9 MB
[runlim] sample:		26.8 time, 30.0 real, 359.4 MB
[runlim] sample:		35.9 time, 40.0 real, 490.6 MB
[runlim] sample:		45.1 time, 50.0 real, 510.0 MB
[runlim] sample:		54.2 time, 60.0 real, 513.8 MB
[runlim] sample:		63.6 time, 70.0 real, 513.8 MB
[runlim] sample:		72.9 time, 80.0 real, 671.3 MB
[runlim] sample:		82.0 time, 90.0 real, 674.2 MB
[runlim] sample:		91.0 time, 100.0 real, 676.2 MB
[runlim] sample:		100.2 time, 110.0 real, 677.8 MB
[runlim] sample:		110.2 time, 120.0 real, 691.5 MB
[runlim] sample:		120.2 time, 130.0 real, 920.1 MB
[runlim] sample:		130.0 time, 140.0 real, 1022.0 MB
[runlim] sample:		140.0 time, 150.0 real, 1022.2 MB
[runlim] sample:		149.4 time, 160.0 real, 1055.5 MB
[runlim] sample:		157.5 time, 170.0 real, 1064.2 MB
[runlim] sample:		166.9 time, 180.0 real, 1064.2 MB
[runlim] sample:		176.9 time, 190.0 real, 1064.2 MB
[runlim] sample:		186.9 time, 200.0 real, 1064.2 MB
[runlim] sample:		196.9 time, 210.0 real, 1064.2 MB
[runlim] sample:		206.9 time, 220.0 real, 1064.2 MB
[runlim] sample:		216.9 time, 230.0 real, 1064.2 MB
[runlim] sample:		226.9 time, 240.0 real, 1145.7 MB
[runlim] sample:		236.9 time, 250.0 real, 1349.4 MB
[runlim] sample:		246.4 time, 260.0 real, 1349.4 MB
[runlim] sample:		254.9 time, 270.0 real, 1350.6 MB
[runlim] sample:		264.9 time, 280.0 real, 1351.9 MB
[runlim] sample:		274.9 time, 290.0 real, 1353.0 MB
[runlim] sample:		284.8 time, 300.0 real, 1354.0 MB
[runlim] sample:		294.7 time, 310.0 real, 1355.0 MB
CVC4 interrupted by SIGTERM.
[runlim] end:			Mon Jan 28 11:15:05 2019
[runlim] status:		out of time
[runlim] result:		2
[runlim] children:		0
[runlim] real:			315.91 seconds
[runlim] time:			300.10 seconds
[runlim] space:			1355.5 MB
[runlim] samples:		3158
