[runlim] version:		1.10fixed
[runlim] time limit:		300 seconds
[runlim] real time limit:	311040000 seconds
[runlim] space limit:		4000 MB
[runlim] argv[0]:		./cvc4
[runlim] argv[1]:		--fmf-fun-rlv
[runlim] argv[2]:		/tmp/e9mmKkNw.smt2
[runlim] start:			Mon Jan 28 11:13:33 2019
[runlim] main pid:		16147
[runlim] sample:		8.8 time, 10.8 real, 53.6 MB
[runlim] sample:		18.7 time, 20.8 real, 68.5 MB
[runlim] sample:		28.7 time, 30.8 real, 250.4 MB
[runlim] sample:		38.7 time, 40.8 real, 555.8 MB
[runlim] sample:		48.7 time, 50.8 real, 862.6 MB
[runlim] sample:		58.4 time, 60.8 real, 1136.9 MB
[runlim] sample:		68.1 time, 70.8 real, 1332.1 MB
[runlim] sample:		77.8 time, 80.8 real, 1477.4 MB
[runlim] sample:		87.7 time, 90.8 real, 1577.9 MB
[runlim] sample:		97.7 time, 100.8 real, 1651.4 MB
[runlim] sample:		107.7 time, 110.8 real, 1651.6 MB
[runlim] sample:		117.7 time, 120.8 real, 1651.6 MB
[runlim] sample:		127.7 time, 130.8 real, 1651.6 MB
[runlim] sample:		137.7 time, 140.8 real, 1651.6 MB
[runlim] sample:		147.7 time, 150.8 real, 1651.9 MB
[runlim] sample:		157.7 time, 160.8 real, 1651.9 MB
[runlim] sample:		167.7 time, 170.8 real, 1651.9 MB
[runlim] sample:		177.7 time, 180.8 real, 1652.1 MB
[runlim] sample:		187.7 time, 190.8 real, 1652.1 MB
[runlim] sample:		197.7 time, 200.8 real, 1652.1 MB
[runlim] sample:		207.7 time, 210.8 real, 1652.1 MB
[runlim] sample:		217.7 time, 220.8 real, 1652.4 MB
[runlim] sample:		227.7 time, 230.8 real, 1652.4 MB
[runlim] sample:		237.7 time, 240.8 real, 1652.4 MB
[runlim] sample:		247.7 time, 250.8 real, 1652.6 MB
[runlim] sample:		257.7 time, 260.8 real, 1652.6 MB
[runlim] sample:		267.7 time, 270.8 real, 1652.6 MB
[runlim] sample:		277.7 time, 280.8 real, 1652.9 MB
[runlim] sample:		287.7 time, 290.8 real, 1652.9 MB
[runlim] sample:		297.7 time, 300.8 real, 1652.9 MB
CVC4 interrupted by SIGTERM.
[runlim] end:			Mon Jan 28 11:18:36 2019
[runlim] status:		out of time
[runlim] result:		2
[runlim] children:		0
[runlim] real:			303.31 seconds
[runlim] time:			300.09 seconds
[runlim] space:			1652.9 MB
[runlim] samples:		3024
