[runlim] version:		1.10fixed
[runlim] time limit:		300 seconds
[runlim] real time limit:	311040000 seconds
[runlim] space limit:		4000 MB
[runlim] argv[0]:		./cvc4
[runlim] argv[1]:		--fmf-fun-rlv
[runlim] argv[2]:		/tmp/aWOBlcyZ.smt2
[runlim] start:			Mon Jan 28 17:46:49 2019
[runlim] main pid:		10353
[runlim] sample:		8.7 time, 10.8 real, 58.5 MB
[runlim] sample:		17.2 time, 20.8 real, 88.5 MB
[runlim] sample:		26.6 time, 30.8 real, 91.4 MB
[runlim] sample:		36.6 time, 40.8 real, 100.1 MB
[runlim] sample:		46.6 time, 50.8 real, 112.9 MB
[runlim] sample:		56.6 time, 60.8 real, 121.7 MB
[runlim] sample:		66.5 time, 70.8 real, 127.1 MB
[runlim] sample:		76.5 time, 80.8 real, 132.3 MB
[runlim] sample:		86.5 time, 90.8 real, 138.5 MB
[runlim] sample:		96.5 time, 100.8 real, 149.3 MB
[runlim] sample:		106.5 time, 110.8 real, 165.5 MB
[runlim] sample:		116.5 time, 120.8 real, 190.8 MB
[runlim] sample:		126.5 time, 130.8 real, 212.7 MB
[runlim] sample:		136.4 time, 140.8 real, 234.3 MB
[runlim] sample:		144.4 time, 150.8 real, 262.0 MB
[runlim] sample:		152.5 time, 160.8 real, 281.1 MB
[runlim] sample:		161.4 time, 170.8 real, 300.4 MB
[runlim] sample:		169.9 time, 180.8 real, 316.9 MB
[runlim] sample:		179.4 time, 190.8 real, 340.1 MB
[runlim] sample:		189.2 time, 200.8 real, 483.9 MB
[runlim] sample:		199.0 time, 210.8 real, 770.1 MB
[runlim] sample:		208.7 time, 220.8 real, 1043.4 MB
[runlim] sample:		218.7 time, 230.8 real, 1346.4 MB
[runlim] sample:		228.7 time, 240.8 real, 1639.9 MB
[runlim] sample:		238.7 time, 250.8 real, 1908.7 MB
[runlim] sample:		248.4 time, 260.8 real, 2205.9 MB
[runlim] sample:		257.5 time, 270.8 real, 2453.8 MB
[runlim] sample:		266.7 time, 280.8 real, 2739.8 MB
[runlim] sample:		276.1 time, 290.8 real, 3005.4 MB
[runlim] sample:		285.1 time, 300.8 real, 3272.6 MB
[runlim] sample:		294.1 time, 310.8 real, 3554.0 MB
[runlim] end:			Mon Jan 28 17:52:06 2019
[runlim] status:		out of time
[runlim] result:		2
[runlim] children:		0
[runlim] real:			317.61 seconds
[runlim] time:			300.17 seconds
[runlim] space:			3671.1 MB
[runlim] samples:		3168
