[runlim] version:		1.10fixed
[runlim] time limit:		300 seconds
[runlim] real time limit:	311040000 seconds
[runlim] space limit:		4000 MB
[runlim] argv[0]:		./cvc4
[runlim] argv[1]:		--fmf-fun-rlv
[runlim] argv[2]:		/tmp/z15FhpVO.smt2
[runlim] start:			Tue Jan 29 15:28:30 2019
[runlim] main pid:		20304
[runlim] sample:		8.6 time, 10.0 real, 36.4 MB
[runlim] sample:		18.6 time, 20.0 real, 44.5 MB
[runlim] sample:		28.6 time, 30.0 real, 52.5 MB
[runlim] sample:		38.6 time, 40.0 real, 60.8 MB
[runlim] sample:		48.6 time, 50.0 real, 67.9 MB
[runlim] sample:		58.6 time, 60.0 real, 76.9 MB
[runlim] sample:		68.6 time, 70.0 real, 84.9 MB
[runlim] sample:		78.6 time, 80.0 real, 93.0 MB
[runlim] sample:		88.6 time, 90.0 real, 101.3 MB
[runlim] sample:		98.6 time, 100.0 real, 109.8 MB
[runlim] sample:		108.6 time, 110.0 real, 117.2 MB
[runlim] sample:		118.2 time, 120.0 real, 125.0 MB
[runlim] sample:		127.8 time, 130.0 real, 133.7 MB
[runlim] sample:		136.0 time, 140.0 real, 139.9 MB
[runlim] sample:		143.6 time, 150.0 real, 147.4 MB
[runlim] sample:		151.4 time, 160.0 real, 154.4 MB
[runlim] sample:		161.4 time, 170.0 real, 162.6 MB
[runlim] sample:		170.3 time, 180.0 real, 169.1 MB
[runlim] sample:		179.8 time, 190.0 real, 176.8 MB
[runlim] sample:		189.8 time, 200.0 real, 185.1 MB
[runlim] sample:		199.6 time, 210.0 real, 194.3 MB
[runlim] sample:		209.5 time, 220.0 real, 202.3 MB
[runlim] sample:		219.5 time, 230.0 real, 209.8 MB
[runlim] sample:		229.5 time, 240.0 real, 218.1 MB
[runlim] sample:		239.1 time, 250.0 real, 225.3 MB
[runlim] sample:		246.8 time, 260.0 real, 231.0 MB
[runlim] sample:		255.1 time, 270.0 real, 237.7 MB
[runlim] sample:		262.8 time, 280.0 real, 245.9 MB
[runlim] sample:		270.8 time, 290.0 real, 252.1 MB
[runlim] sample:		280.8 time, 300.0 real, 260.3 MB
[runlim] sample:		290.1 time, 310.0 real, 267.6 MB
[runlim] end:			Tue Jan 29 15:33:45 2019
[runlim] status:		signal(9)
[runlim] result:		11
[runlim] children:		0
[runlim] real:			315.63 seconds
[runlim] time:			295.65 seconds
[runlim] space:			277.1 MB
[runlim] samples:		3155
