[runlim] version:		1.10fixed
[runlim] time limit:		300 seconds
[runlim] real time limit:	311040000 seconds
[runlim] space limit:		4000 MB
[runlim] argv[0]:		./cvc4
[runlim] argv[1]:		--fmf-fun-rlv
[runlim] argv[2]:		/tmp/b8lh62dX.smt2
[runlim] start:			Tue Jan 29 15:12:46 2019
[runlim] main pid:		21566
[runlim] sample:		8.8 time, 10.4 real, 62.0 MB
[runlim] sample:		18.5 time, 20.4 real, 66.1 MB
[runlim] sample:		28.2 time, 30.4 real, 74.9 MB
[runlim] sample:		38.2 time, 40.4 real, 82.9 MB
[runlim] sample:		48.2 time, 50.4 real, 97.1 MB
[runlim] sample:		57.7 time, 60.4 real, 117.5 MB
[runlim] sample:		66.9 time, 70.4 real, 155.9 MB
[runlim] sample:		76.4 time, 80.4 real, 457.2 MB
[runlim] sample:		86.2 time, 90.4 real, 757.9 MB
[runlim] sample:		95.3 time, 100.4 real, 1045.8 MB
[runlim] sample:		105.2 time, 110.4 real, 1333.9 MB
[runlim] sample:		115.2 time, 120.4 real, 1655.0 MB
[runlim] sample:		125.2 time, 130.4 real, 1983.4 MB
[runlim] sample:		135.2 time, 140.4 real, 2170.8 MB
[runlim] sample:		145.2 time, 150.4 real, 2457.2 MB
[runlim] sample:		155.2 time, 160.4 real, 2582.2 MB
[runlim] sample:		165.2 time, 170.4 real, 2786.8 MB
[runlim] sample:		175.2 time, 180.4 real, 2906.4 MB
[runlim] sample:		185.2 time, 190.4 real, 2995.8 MB
[runlim] sample:		195.2 time, 200.4 real, 3100.2 MB
[runlim] sample:		205.2 time, 210.4 real, 3157.7 MB
[runlim] sample:		215.2 time, 220.4 real, 3222.9 MB
[runlim] sample:		225.2 time, 230.4 real, 3230.1 MB
[runlim] sample:		235.2 time, 240.4 real, 3230.1 MB
[runlim] sample:		245.2 time, 250.4 real, 3230.1 MB
[runlim] sample:		255.2 time, 260.4 real, 3230.1 MB
[runlim] sample:		265.2 time, 270.4 real, 3230.4 MB
[runlim] sample:		275.2 time, 280.4 real, 3230.4 MB
[runlim] sample:		285.2 time, 290.4 real, 3230.4 MB
[runlim] sample:		295.1 time, 300.4 real, 3230.4 MB
CVC4 interrupted by SIGTERM.
[runlim] end:			Tue Jan 29 15:17:51 2019
[runlim] status:		out of time
[runlim] result:		2
[runlim] children:		0
[runlim] real:			305.49 seconds
[runlim] time:			300.16 seconds
[runlim] space:			3230.4 MB
[runlim] samples:		3050
