[runlim] version:		1.10fixed
[runlim] time limit:		300 seconds
[runlim] real time limit:	311040000 seconds
[runlim] space limit:		4000 MB
[runlim] argv[0]:		./cvc4
[runlim] argv[1]:		--fmf-fun-rlv
[runlim] argv[2]:		/tmp/w1T1ltlt.smt2
[runlim] start:			Mon Jan 28 17:54:31 2019
[runlim] main pid:		25451
[runlim] sample:		7.5 time, 10.6 real, 129.8 MB
[runlim] sample:		16.3 time, 20.6 real, 389.1 MB
[runlim] sample:		25.8 time, 30.6 real, 560.0 MB
[runlim] sample:		33.3 time, 40.6 real, 560.5 MB
[runlim] sample:		43.3 time, 50.6 real, 560.8 MB
[runlim] sample:		53.3 time, 60.6 real, 560.8 MB
[runlim] sample:		62.9 time, 70.6 real, 561.0 MB
[runlim] sample:		71.4 time, 80.6 real, 561.3 MB
[runlim] sample:		81.4 time, 90.6 real, 561.5 MB
[runlim] sample:		91.4 time, 100.6 real, 561.8 MB
[runlim] sample:		101.4 time, 110.6 real, 562.1 MB
[runlim] sample:		111.4 time, 120.6 real, 562.3 MB
[runlim] sample:		121.4 time, 130.6 real, 562.6 MB
[runlim] sample:		131.4 time, 140.6 real, 562.6 MB
[runlim] sample:		141.4 time, 150.6 real, 562.8 MB
[runlim] sample:		151.4 time, 160.6 real, 563.1 MB
[runlim] sample:		161.4 time, 170.6 real, 563.3 MB
[runlim] sample:		171.2 time, 180.6 real, 563.6 MB
[runlim] sample:		181.0 time, 190.6 real, 563.9 MB
[runlim] sample:		191.0 time, 200.6 real, 563.9 MB
[runlim] sample:		201.0 time, 210.6 real, 564.1 MB
[runlim] sample:		211.0 time, 220.6 real, 564.4 MB
[runlim] sample:		221.0 time, 230.6 real, 564.6 MB
[runlim] sample:		231.0 time, 240.6 real, 564.9 MB
[runlim] sample:		241.0 time, 250.6 real, 565.1 MB
[runlim] sample:		251.0 time, 260.6 real, 568.8 MB
[runlim] sample:		261.0 time, 270.6 real, 568.8 MB
[runlim] sample:		271.0 time, 280.6 real, 568.8 MB
[runlim] sample:		281.0 time, 290.6 real, 568.8 MB
[runlim] sample:		291.0 time, 300.6 real, 568.8 MB
CVC4 interrupted by SIGTERM.
[runlim] end:			Mon Jan 28 17:59:40 2019
[runlim] status:		out of time
[runlim] result:		2
[runlim] children:		0
[runlim] real:			309.60 seconds
[runlim] time:			300.01 seconds
[runlim] space:			568.8 MB
[runlim] samples:		3090
