[runlim] version:		1.10fixed
[runlim] time limit:		300 seconds
[runlim] real time limit:	311040000 seconds
[runlim] space limit:		4000 MB
[runlim] argv[0]:		./cvc4
[runlim] argv[1]:		--fmf-fun-rlv
[runlim] argv[2]:		/tmp/fOtoC1S3.smt2
[runlim] start:			Mon Jan 28 17:41:20 2019
[runlim] main pid:		1908
[runlim] sample:		9.2 time, 10.8 real, 66.0 MB
[runlim] sample:		17.1 time, 20.8 real, 69.8 MB
[runlim] sample:		26.5 time, 30.8 real, 77.3 MB
[runlim] sample:		36.5 time, 40.8 real, 104.6 MB
[runlim] sample:		45.8 time, 50.8 real, 270.3 MB
[runlim] sample:		54.8 time, 60.8 real, 537.0 MB
[runlim] sample:		63.7 time, 70.8 real, 799.3 MB
[runlim] sample:		73.3 time, 80.8 real, 1077.6 MB
[runlim] sample:		82.5 time, 90.8 real, 1329.4 MB
[runlim] sample:		91.8 time, 100.8 real, 1594.2 MB
[runlim] sample:		100.3 time, 110.8 real, 1776.4 MB
[runlim] sample:		107.8 time, 120.8 real, 1906.4 MB
[runlim] sample:		116.2 time, 130.8 real, 2125.1 MB
[runlim] sample:		124.6 time, 140.8 real, 2316.8 MB
[runlim] sample:		133.5 time, 150.8 real, 2414.5 MB
[runlim] sample:		143.5 time, 160.8 real, 2494.1 MB
[runlim] sample:		153.5 time, 170.8 real, 2574.8 MB
[runlim] sample:		163.5 time, 180.8 real, 2624.9 MB
[runlim] sample:		173.5 time, 190.8 real, 2668.9 MB
[runlim] sample:		183.5 time, 200.8 real, 2668.9 MB
[runlim] sample:		193.5 time, 210.8 real, 2669.2 MB
[runlim] sample:		202.1 time, 220.8 real, 2669.2 MB
[runlim] sample:		211.7 time, 230.8 real, 2669.2 MB
[runlim] sample:		221.4 time, 240.8 real, 2669.4 MB
[runlim] sample:		229.9 time, 250.8 real, 2669.4 MB
[runlim] sample:		238.5 time, 260.8 real, 2669.4 MB
[runlim] sample:		247.5 time, 270.8 real, 2669.4 MB
[runlim] sample:		255.6 time, 280.8 real, 2669.7 MB
[runlim] sample:		265.2 time, 290.8 real, 2669.7 MB
[runlim] sample:		275.2 time, 300.8 real, 2669.7 MB
[runlim] sample:		285.2 time, 310.8 real, 2669.7 MB
[runlim] sample:		295.2 time, 320.8 real, 2669.7 MB
CVC4 interrupted by SIGTERM.
[runlim] end:			Mon Jan 28 17:46:45 2019
[runlim] status:		out of time
[runlim] result:		2
[runlim] children:		0
[runlim] real:			325.85 seconds
[runlim] time:			300.18 seconds
[runlim] space:			2669.7 MB
[runlim] samples:		3250
