[runlim] version:		1.10fixed
[runlim] time limit:		300 seconds
[runlim] real time limit:	311040000 seconds
[runlim] space limit:		4000 MB
[runlim] argv[0]:		./cvc4
[runlim] argv[1]:		--fmf-fun-rlv
[runlim] argv[2]:		/tmp/JwmkQQNl.smt2
[runlim] start:			Mon Jan 28 17:43:30 2019
[runlim] main pid:		5916
[runlim] sample:		8.7 time, 10.7 real, 47.6 MB
[runlim] sample:		17.6 time, 20.7 real, 238.6 MB
[runlim] sample:		27.0 time, 30.7 real, 485.5 MB
[runlim] sample:		36.6 time, 40.7 real, 659.7 MB
[runlim] sample:		46.3 time, 50.7 real, 662.3 MB
[runlim] sample:		56.0 time, 60.7 real, 662.3 MB
[runlim] sample:		66.0 time, 70.7 real, 662.3 MB
[runlim] sample:		76.0 time, 80.7 real, 662.6 MB
[runlim] sample:		86.0 time, 90.7 real, 662.6 MB
[runlim] sample:		96.0 time, 100.7 real, 662.8 MB
[runlim] sample:		106.0 time, 110.7 real, 663.1 MB
[runlim] sample:		115.9 time, 120.7 real, 663.3 MB
[runlim] sample:		125.9 time, 130.7 real, 663.3 MB
[runlim] sample:		135.3 time, 140.7 real, 663.6 MB
[runlim] sample:		144.2 time, 150.7 real, 663.9 MB
[runlim] sample:		153.3 time, 160.7 real, 663.9 MB
[runlim] sample:		161.9 time, 170.7 real, 664.1 MB
[runlim] sample:		171.3 time, 180.7 real, 664.4 MB
[runlim] sample:		181.3 time, 190.7 real, 664.4 MB
[runlim] sample:		191.3 time, 200.7 real, 664.4 MB
[runlim] sample:		201.3 time, 210.7 real, 664.6 MB
[runlim] sample:		209.2 time, 220.7 real, 664.9 MB
[runlim] sample:		219.2 time, 230.7 real, 664.9 MB
[runlim] sample:		229.2 time, 240.7 real, 665.2 MB
[runlim] sample:		239.2 time, 250.7 real, 665.4 MB
[runlim] sample:		249.2 time, 260.7 real, 665.4 MB
[runlim] sample:		259.2 time, 270.7 real, 665.7 MB
[runlim] sample:		269.2 time, 280.7 real, 665.9 MB
[runlim] sample:		279.2 time, 290.7 real, 666.2 MB
[runlim] sample:		289.2 time, 300.7 real, 666.2 MB
[runlim] sample:		299.2 time, 310.7 real, 666.4 MB
CVC4 interrupted by SIGTERM.
[runlim] end:			Mon Jan 28 17:48:41 2019
[runlim] status:		out of time
[runlim] result:		2
[runlim] children:		0
[runlim] real:			311.53 seconds
[runlim] time:			300.02 seconds
[runlim] space:			666.4 MB
[runlim] samples:		3108
