[runlim] version:		1.10fixed
[runlim] time limit:		300 seconds
[runlim] real time limit:	311040000 seconds
[runlim] space limit:		4000 MB
[runlim] argv[0]:		./cvc4
[runlim] argv[1]:		--fmf-fun-rlv
[runlim] argv[2]:		/tmp/GCEsmGwS.smt2
[runlim] start:			Mon Jan 28 17:46:12 2019
[runlim] main pid:		3078
[runlim] sample:		8.6 time, 10.3 real, 199.2 MB
[runlim] sample:		18.4 time, 20.3 real, 456.7 MB
[runlim] sample:		27.6 time, 30.3 real, 559.8 MB
[runlim] sample:		37.3 time, 40.3 real, 560.0 MB
[runlim] sample:		47.0 time, 50.3 real, 560.0 MB
[runlim] sample:		56.4 time, 60.3 real, 560.0 MB
[runlim] sample:		65.8 time, 70.3 real, 560.3 MB
[runlim] sample:		75.6 time, 80.3 real, 560.5 MB
[runlim] sample:		84.5 time, 90.3 real, 560.8 MB
[runlim] sample:		93.4 time, 100.3 real, 561.0 MB
[runlim] sample:		103.3 time, 110.3 real, 561.0 MB
[runlim] sample:		113.3 time, 120.3 real, 561.3 MB
[runlim] sample:		123.3 time, 130.3 real, 561.6 MB
[runlim] sample:		132.9 time, 140.3 real, 561.8 MB
[runlim] sample:		142.2 time, 150.3 real, 562.1 MB
[runlim] sample:		151.5 time, 160.3 real, 562.3 MB
[runlim] sample:		160.8 time, 170.3 real, 562.3 MB
[runlim] sample:		169.9 time, 180.3 real, 562.6 MB
[runlim] sample:		179.3 time, 190.3 real, 562.6 MB
[runlim] sample:		188.9 time, 200.3 real, 562.9 MB
[runlim] sample:		198.6 time, 210.3 real, 563.1 MB
[runlim] sample:		208.5 time, 220.3 real, 563.4 MB
[runlim] sample:		218.1 time, 230.3 real, 563.6 MB
[runlim] sample:		227.1 time, 240.3 real, 563.9 MB
[runlim] sample:		237.1 time, 250.3 real, 564.1 MB
[runlim] sample:		246.3 time, 260.3 real, 564.4 MB
[runlim] sample:		256.2 time, 270.3 real, 564.7 MB
[runlim] sample:		266.0 time, 280.3 real, 568.0 MB
[runlim] sample:		276.0 time, 290.3 real, 568.0 MB
[runlim] sample:		285.2 time, 300.3 real, 568.0 MB
[runlim] sample:		293.9 time, 310.3 real, 568.0 MB
CVC4 interrupted by SIGTERM.
[runlim] end:			Mon Jan 28 17:51:28 2019
[runlim] status:		out of time
[runlim] result:		2
[runlim] children:		0
[runlim] real:			316.82 seconds
[runlim] time:			300.03 seconds
[runlim] space:			568.0 MB
[runlim] samples:		3165
