[runlim] version:		1.10fixed
[runlim] time limit:		300 seconds
[runlim] real time limit:	311040000 seconds
[runlim] space limit:		4000 MB
[runlim] argv[0]:		./cvc4
[runlim] argv[1]:		--fmf-fun-rlv
[runlim] argv[2]:		/tmp/zekVu6Tw.smt2
[runlim] start:			Mon Jan 28 11:15:20 2019
[runlim] main pid:		29874
[runlim] sample:		7.9 time, 10.7 real, 154.6 MB
[runlim] sample:		16.5 time, 20.7 real, 390.8 MB
[runlim] sample:		26.1 time, 30.7 real, 559.4 MB
[runlim] sample:		36.1 time, 40.7 real, 559.7 MB
[runlim] sample:		45.6 time, 50.7 real, 559.9 MB
[runlim] sample:		54.3 time, 60.7 real, 559.9 MB
[runlim] sample:		63.7 time, 70.7 real, 560.2 MB
[runlim] sample:		73.4 time, 80.7 real, 560.5 MB
[runlim] sample:		83.4 time, 90.7 real, 560.5 MB
[runlim] sample:		93.4 time, 100.7 real, 560.7 MB
[runlim] sample:		103.3 time, 110.7 real, 561.0 MB
[runlim] sample:		112.5 time, 120.7 real, 561.2 MB
[runlim] sample:		121.5 time, 130.7 real, 561.2 MB
[runlim] sample:		130.9 time, 140.7 real, 561.5 MB
[runlim] sample:		140.3 time, 150.7 real, 561.7 MB
[runlim] sample:		149.7 time, 160.7 real, 562.0 MB
[runlim] sample:		159.7 time, 170.7 real, 562.5 MB
[runlim] sample:		169.2 time, 180.7 real, 562.5 MB
[runlim] sample:		178.5 time, 190.7 real, 562.8 MB
[runlim] sample:		187.5 time, 200.7 real, 563.0 MB
[runlim] sample:		196.8 time, 210.7 real, 563.3 MB
[runlim] sample:		206.0 time, 220.7 real, 563.3 MB
[runlim] sample:		215.0 time, 230.7 real, 563.5 MB
[runlim] sample:		224.6 time, 240.7 real, 563.8 MB
[runlim] sample:		234.6 time, 250.7 real, 563.8 MB
[runlim] sample:		244.6 time, 260.7 real, 564.1 MB
[runlim] sample:		254.6 time, 270.7 real, 564.3 MB
[runlim] sample:		264.6 time, 280.7 real, 564.6 MB
[runlim] sample:		274.6 time, 290.7 real, 568.2 MB
[runlim] sample:		284.4 time, 300.7 real, 568.2 MB
[runlim] sample:		294.4 time, 310.7 real, 568.2 MB
CVC4 interrupted by SIGTERM.
[runlim] end:			Mon Jan 28 11:20:36 2019
[runlim] status:		out of time
[runlim] result:		2
[runlim] children:		0
[runlim] real:			316.48 seconds
[runlim] time:			300.06 seconds
[runlim] space:			568.2 MB
[runlim] samples:		3157
