[runlim] version:		1.10fixed
[runlim] time limit:		300 seconds
[runlim] real time limit:	311040000 seconds
[runlim] space limit:		4000 MB
[runlim] argv[0]:		./cvc4
[runlim] argv[1]:		--fmf-fun-rlv
[runlim] argv[2]:		/tmp/F0kUG5oC.smt2
[runlim] start:			Mon Jan 28 11:15:09 2019
[runlim] main pid:		29465
[runlim] sample:		9.0 time, 10.2 real, 44.6 MB
[runlim] sample:		19.0 time, 20.2 real, 195.7 MB
[runlim] sample:		29.0 time, 30.2 real, 475.4 MB
[runlim] sample:		39.0 time, 40.2 real, 644.7 MB
[runlim] sample:		48.3 time, 50.2 real, 662.8 MB
[runlim] sample:		57.2 time, 60.2 real, 662.8 MB
[runlim] sample:		66.1 time, 70.2 real, 663.0 MB
[runlim] sample:		74.6 time, 80.2 real, 663.0 MB
[runlim] sample:		83.4 time, 90.2 real, 663.3 MB
[runlim] sample:		92.5 time, 100.2 real, 663.3 MB
[runlim] sample:		101.3 time, 110.2 real, 663.5 MB
[runlim] sample:		110.7 time, 120.2 real, 663.8 MB
[runlim] sample:		120.7 time, 130.2 real, 663.8 MB
[runlim] sample:		130.7 time, 140.2 real, 664.0 MB
[runlim] sample:		140.7 time, 150.2 real, 664.3 MB
[runlim] sample:		150.7 time, 160.2 real, 664.6 MB
[runlim] sample:		160.3 time, 170.2 real, 664.6 MB
[runlim] sample:		169.6 time, 180.2 real, 664.8 MB
[runlim] sample:		178.6 time, 190.2 real, 665.1 MB
[runlim] sample:		187.0 time, 200.2 real, 665.1 MB
[runlim] sample:		195.6 time, 210.2 real, 665.1 MB
[runlim] sample:		205.2 time, 220.2 real, 665.3 MB
[runlim] sample:		215.1 time, 230.2 real, 665.3 MB
[runlim] sample:		225.1 time, 240.2 real, 665.6 MB
[runlim] sample:		235.1 time, 250.2 real, 665.8 MB
[runlim] sample:		244.9 time, 260.2 real, 666.1 MB
[runlim] sample:		254.9 time, 270.2 real, 666.1 MB
[runlim] sample:		264.9 time, 280.2 real, 666.4 MB
[runlim] sample:		274.9 time, 290.2 real, 666.6 MB
[runlim] sample:		284.9 time, 300.2 real, 666.6 MB
[runlim] sample:		294.9 time, 310.2 real, 666.9 MB
CVC4 interrupted by SIGTERM.
[runlim] end:			Mon Jan 28 11:20:24 2019
[runlim] status:		out of time
[runlim] result:		2
[runlim] children:		0
[runlim] real:			315.48 seconds
[runlim] time:			300.05 seconds
[runlim] space:			667.1 MB
[runlim] samples:		3152
