[runlim] version:		1.10fixed
[runlim] time limit:		300 seconds
[runlim] real time limit:	311040000 seconds
[runlim] space limit:		4000 MB
[runlim] argv[0]:		./cvc4
[runlim] argv[1]:		--fmf-fun-rlv
[runlim] argv[2]:		/tmp/b78FZJ1Z.smt2
[runlim] start:			Tue Jan 29 15:17:44 2019
[runlim] main pid:		14790
[runlim] sample:		8.9 time, 10.5 real, 47.2 MB
[runlim] sample:		18.1 time, 20.5 real, 324.8 MB
[runlim] sample:		28.1 time, 30.5 real, 551.2 MB
[runlim] sample:		37.9 time, 40.5 real, 591.7 MB
[runlim] sample:		46.8 time, 50.5 real, 592.0 MB
[runlim] sample:		56.8 time, 60.5 real, 592.0 MB
[runlim] sample:		66.8 time, 70.5 real, 592.2 MB
[runlim] sample:		76.8 time, 80.5 real, 592.5 MB
[runlim] sample:		86.8 time, 90.5 real, 592.7 MB
[runlim] sample:		96.8 time, 100.5 real, 593.0 MB
[runlim] sample:		106.8 time, 110.5 real, 593.0 MB
[runlim] sample:		116.8 time, 120.5 real, 593.2 MB
[runlim] sample:		126.7 time, 130.5 real, 593.5 MB
[runlim] sample:		136.7 time, 140.5 real, 593.5 MB
[runlim] sample:		146.7 time, 150.5 real, 593.8 MB
[runlim] sample:		156.7 time, 160.5 real, 594.0 MB
[runlim] sample:		166.7 time, 170.5 real, 594.3 MB
[runlim] sample:		176.7 time, 180.5 real, 594.3 MB
[runlim] sample:		186.7 time, 190.5 real, 594.5 MB
[runlim] sample:		196.7 time, 200.5 real, 594.8 MB
[runlim] sample:		206.7 time, 210.5 real, 595.1 MB
[runlim] sample:		216.7 time, 220.5 real, 595.3 MB
[runlim] sample:		226.7 time, 230.5 real, 595.6 MB
[runlim] sample:		236.7 time, 240.5 real, 595.6 MB
[runlim] sample:		246.7 time, 250.5 real, 595.8 MB
[runlim] sample:		256.7 time, 260.5 real, 596.1 MB
[runlim] sample:		266.7 time, 270.5 real, 596.3 MB
[runlim] sample:		276.7 time, 280.5 real, 596.3 MB
[runlim] sample:		286.7 time, 290.5 real, 596.6 MB
[runlim] sample:		296.7 time, 300.5 real, 596.9 MB
CVC4 interrupted by SIGTERM.
[runlim] end:			Tue Jan 29 15:22:47 2019
[runlim] status:		out of time
[runlim] result:		2
[runlim] children:		0
[runlim] real:			303.89 seconds
[runlim] time:			300.07 seconds
[runlim] space:			596.9 MB
[runlim] samples:		3034
