[runlim] version:		1.10fixed
[runlim] time limit:		300 seconds
[runlim] real time limit:	311040000 seconds
[runlim] space limit:		4000 MB
[runlim] argv[0]:		./cvc4
[runlim] argv[1]:		--fmf-fun-rlv
[runlim] argv[2]:		/tmp/YeUDW3Cw.smt2
[runlim] start:			Tue Jan 29 15:27:22 2019
[runlim] main pid:		32571
[runlim] sample:		8.8 time, 10.9 real, 49.5 MB
[runlim] sample:		17.7 time, 20.9 real, 305.0 MB
[runlim] sample:		26.3 time, 30.9 real, 519.3 MB
[runlim] sample:		35.8 time, 40.9 real, 595.3 MB
[runlim] sample:		45.0 time, 50.9 real, 595.6 MB
[runlim] sample:		54.7 time, 60.9 real, 595.8 MB
[runlim] sample:		64.5 time, 70.9 real, 596.1 MB
[runlim] sample:		74.5 time, 80.9 real, 596.1 MB
[runlim] sample:		84.5 time, 90.9 real, 596.1 MB
[runlim] sample:		94.3 time, 100.9 real, 596.4 MB
[runlim] sample:		103.2 time, 110.9 real, 596.6 MB
[runlim] sample:		112.5 time, 120.9 real, 596.9 MB
[runlim] sample:		121.7 time, 130.9 real, 596.9 MB
[runlim] sample:		131.7 time, 140.9 real, 597.1 MB
[runlim] sample:		141.7 time, 150.9 real, 597.4 MB
[runlim] sample:		151.3 time, 160.9 real, 597.7 MB
[runlim] sample:		161.3 time, 170.9 real, 597.9 MB
[runlim] sample:		171.3 time, 180.9 real, 598.2 MB
[runlim] sample:		181.3 time, 190.9 real, 598.4 MB
[runlim] sample:		191.3 time, 200.9 real, 598.4 MB
[runlim] sample:		201.3 time, 210.9 real, 598.7 MB
[runlim] sample:		211.3 time, 220.9 real, 598.7 MB
[runlim] sample:		221.3 time, 230.9 real, 598.9 MB
[runlim] sample:		231.3 time, 240.9 real, 599.2 MB
[runlim] sample:		241.3 time, 250.9 real, 599.5 MB
[runlim] sample:		251.3 time, 260.9 real, 599.5 MB
[runlim] sample:		261.3 time, 270.9 real, 599.7 MB
[runlim] sample:		271.3 time, 280.9 real, 600.0 MB
[runlim] sample:		281.3 time, 290.9 real, 600.2 MB
[runlim] sample:		291.3 time, 300.9 real, 600.5 MB
CVC4 interrupted by SIGTERM.
[runlim] end:			Tue Jan 29 15:32:31 2019
[runlim] status:		out of time
[runlim] result:		2
[runlim] children:		0
[runlim] real:			309.61 seconds
[runlim] time:			300.03 seconds
[runlim] space:			600.5 MB
[runlim] samples:		3087
