[runlim] version:		1.10fixed
[runlim] time limit:		300 seconds
[runlim] real time limit:	311040000 seconds
[runlim] space limit:		4000 MB
[runlim] argv[0]:		./cvc4
[runlim] argv[1]:		--fmf-fun-rlv
[runlim] argv[2]:		/tmp/PQa7hc4p.smt2
[runlim] start:			Mon Jan 28 18:02:12 2019
[runlim] main pid:		28017
[runlim] sample:		9.9 time, 10.0 real, 57.5 MB
[runlim] sample:		19.9 time, 20.0 real, 100.9 MB
[runlim] sample:		27.8 time, 30.0 real, 134.4 MB
[runlim] sample:		37.5 time, 40.0 real, 173.4 MB
[runlim] sample:		47.2 time, 50.0 real, 210.0 MB
[runlim] sample:		57.0 time, 60.0 real, 244.7 MB
[runlim] sample:		67.0 time, 70.0 real, 279.5 MB
[runlim] sample:		77.0 time, 80.0 real, 307.6 MB
[runlim] sample:		87.0 time, 90.0 real, 353.1 MB
[runlim] sample:		96.8 time, 100.0 real, 362.4 MB
[runlim] sample:		106.7 time, 110.0 real, 386.4 MB
[runlim] sample:		116.5 time, 120.0 real, 408.5 MB
[runlim] sample:		126.5 time, 130.0 real, 438.7 MB
[runlim] sample:		134.6 time, 140.0 real, 458.8 MB
[runlim] sample:		144.2 time, 150.0 real, 486.6 MB
[runlim] sample:		152.0 time, 160.0 real, 510.4 MB
[runlim] sample:		159.8 time, 170.0 real, 586.3 MB
[runlim] sample:		168.5 time, 180.0 real, 589.7 MB
[runlim] sample:		177.3 time, 190.0 real, 590.7 MB
[runlim] sample:		185.6 time, 200.0 real, 594.8 MB
[runlim] sample:		195.5 time, 210.0 real, 612.6 MB
[runlim] sample:		205.5 time, 220.0 real, 637.1 MB
[runlim] sample:		215.3 time, 230.0 real, 650.0 MB
[runlim] sample:		225.0 time, 240.0 real, 674.7 MB
[runlim] sample:		234.9 time, 250.0 real, 696.9 MB
[runlim] sample:		244.8 time, 260.0 real, 713.2 MB
[runlim] sample:		254.7 time, 270.0 real, 735.1 MB
[runlim] sample:		264.7 time, 280.0 real, 750.5 MB
[runlim] sample:		274.7 time, 290.0 real, 773.5 MB
[runlim] sample:		284.6 time, 300.0 real, 790.5 MB
[runlim] sample:		294.0 time, 310.0 real, 805.5 MB
[runlim] end:			Mon Jan 28 18:07:27 2019
[runlim] status:		signal(9)
[runlim] result:		11
[runlim] children:		0
[runlim] real:			314.05 seconds
[runlim] time:			297.83 seconds
[runlim] space:			817.6 MB
[runlim] samples:		3140
