[runlim] version:		1.10fixed
[runlim] time limit:		300 seconds
[runlim] real time limit:	311040000 seconds
[runlim] space limit:		4000 MB
[runlim] argv[0]:		./cvc4
[runlim] argv[1]:		--fmf-fun-rlv
[runlim] argv[2]:		/tmp/LaExGeY9.smt2
[runlim] start:			Mon Jan 28 11:15:38 2019
[runlim] main pid:		6585
[runlim] sample:		8.4 time, 10.0 real, 203.8 MB
[runlim] sample:		16.8 time, 20.0 real, 445.3 MB
[runlim] sample:		25.2 time, 30.0 real, 559.9 MB
[runlim] sample:		33.6 time, 40.0 real, 560.1 MB
[runlim] sample:		42.0 time, 50.0 real, 560.1 MB
[runlim] sample:		50.8 time, 60.0 real, 560.4 MB
[runlim] sample:		59.8 time, 70.0 real, 560.4 MB
[runlim] sample:		68.4 time, 80.0 real, 560.6 MB
[runlim] sample:		76.8 time, 90.0 real, 560.9 MB
[runlim] sample:		85.1 time, 100.0 real, 560.9 MB
[runlim] sample:		93.5 time, 110.0 real, 561.1 MB
[runlim] sample:		101.9 time, 120.0 real, 561.4 MB
[runlim] sample:		110.7 time, 130.0 real, 561.7 MB
[runlim] sample:		119.3 time, 140.0 real, 561.9 MB
[runlim] sample:		127.7 time, 150.0 real, 562.2 MB
[runlim] sample:		136.1 time, 160.0 real, 562.4 MB
[runlim] sample:		144.6 time, 170.0 real, 562.4 MB
[runlim] sample:		153.6 time, 180.0 real, 562.7 MB
[runlim] sample:		162.6 time, 190.0 real, 562.7 MB
[runlim] sample:		171.6 time, 200.0 real, 563.0 MB
[runlim] sample:		180.1 time, 210.0 real, 563.2 MB
[runlim] sample:		188.9 time, 220.0 real, 563.5 MB
[runlim] sample:		198.9 time, 230.0 real, 563.7 MB
[runlim] sample:		208.9 time, 240.0 real, 563.7 MB
[runlim] sample:		218.9 time, 250.0 real, 564.0 MB
[runlim] sample:		228.9 time, 260.0 real, 564.2 MB
[runlim] sample:		238.9 time, 270.0 real, 564.5 MB
[runlim] sample:		248.9 time, 280.0 real, 564.8 MB
[runlim] sample:		258.9 time, 290.0 real, 568.4 MB
[runlim] sample:		268.5 time, 300.0 real, 568.4 MB
[runlim] sample:		277.0 time, 310.0 real, 568.4 MB
[runlim] sample:		286.2 time, 320.0 real, 568.4 MB
[runlim] end:			Mon Jan 28 11:21:04 2019
[runlim] status:		signal(9)
[runlim] result:		11
[runlim] children:		0
[runlim] real:			325.06 seconds
[runlim] time:			291.16 seconds
[runlim] space:			568.4 MB
[runlim] samples:		3250
