[runlim] version:		1.10fixed
[runlim] time limit:		300 seconds
[runlim] real time limit:	311040000 seconds
[runlim] space limit:		4000 MB
[runlim] argv[0]:		./cvc4
[runlim] argv[1]:		--fmf-fun-rlv
[runlim] argv[2]:		/tmp/uQ5kqPLE.smt2
[runlim] start:			Mon Jan 28 17:46:17 2019
[runlim] main pid:		2804
[runlim] sample:		8.9 time, 10.8 real, 56.0 MB
[runlim] sample:		18.4 time, 20.8 real, 93.6 MB
[runlim] sample:		28.1 time, 30.8 real, 132.9 MB
[runlim] sample:		36.1 time, 40.8 real, 162.7 MB
[runlim] sample:		45.4 time, 50.8 real, 197.0 MB
[runlim] sample:		55.1 time, 60.8 real, 232.6 MB
[runlim] sample:		65.1 time, 70.8 real, 269.0 MB
[runlim] sample:		75.1 time, 80.8 real, 300.4 MB
[runlim] sample:		85.1 time, 90.8 real, 336.0 MB
[runlim] sample:		95.1 time, 100.8 real, 368.5 MB
[runlim] sample:		105.1 time, 110.8 real, 400.2 MB
[runlim] sample:		115.1 time, 120.8 real, 437.6 MB
[runlim] sample:		125.1 time, 130.8 real, 479.1 MB
[runlim] sample:		135.1 time, 140.8 real, 488.7 MB
[runlim] sample:		145.1 time, 150.8 real, 520.1 MB
[runlim] sample:		155.1 time, 160.8 real, 552.1 MB
[runlim] sample:		165.1 time, 170.8 real, 585.9 MB
[runlim] sample:		175.1 time, 180.8 real, 619.7 MB
[runlim] sample:		185.1 time, 190.8 real, 658.1 MB
[runlim] sample:		195.1 time, 200.8 real, 691.8 MB
[runlim] sample:		205.1 time, 210.8 real, 725.9 MB
[runlim] sample:		215.1 time, 220.8 real, 759.4 MB
[runlim] sample:		225.1 time, 230.8 real, 804.8 MB
[runlim] sample:		235.1 time, 240.8 real, 838.5 MB
[runlim] sample:		245.1 time, 250.8 real, 878.8 MB
[runlim] sample:		255.1 time, 260.8 real, 917.4 MB
[runlim] sample:		265.1 time, 270.8 real, 932.1 MB
[runlim] sample:		274.4 time, 280.8 real, 964.6 MB
[runlim] sample:		283.3 time, 290.8 real, 994.8 MB
[runlim] sample:		293.3 time, 300.8 real, 1029.0 MB
CVC4 interrupted by SIGTERM.
[runlim] end:			Mon Jan 28 17:51:24 2019
[runlim] status:		out of time
[runlim] result:		2
[runlim] children:		0
[runlim] real:			307.72 seconds
[runlim] time:			300.10 seconds
[runlim] space:			1052.5 MB
[runlim] samples:		3068
