[runlim] version:		1.10fixed
[runlim] time limit:		300 seconds
[runlim] real time limit:	311040000 seconds
[runlim] space limit:		4000 MB
[runlim] argv[0]:		./cvc4
[runlim] argv[1]:		--fmf-fun-rlv
[runlim] argv[2]:		/tmp/jSF3LENz.smt2
[runlim] start:			Tue Jan 29 15:14:58 2019
[runlim] main pid:		22769
[runlim] sample:		9.6 time, 10.4 real, 51.2 MB
[runlim] sample:		18.8 time, 20.4 real, 315.3 MB
[runlim] sample:		28.4 time, 30.4 real, 536.7 MB
[runlim] sample:		37.6 time, 40.4 real, 595.8 MB
[runlim] sample:		47.0 time, 50.4 real, 596.0 MB
[runlim] sample:		56.6 time, 60.4 real, 596.3 MB
[runlim] sample:		66.3 time, 70.4 real, 596.3 MB
[runlim] sample:		76.2 time, 80.4 real, 596.3 MB
[runlim] sample:		85.5 time, 90.4 real, 596.5 MB
[runlim] sample:		94.9 time, 100.4 real, 596.8 MB
[runlim] sample:		103.9 time, 110.4 real, 597.1 MB
[runlim] sample:		113.0 time, 120.4 real, 597.1 MB
[runlim] sample:		122.8 time, 130.4 real, 597.3 MB
[runlim] sample:		131.7 time, 140.4 real, 597.6 MB
[runlim] sample:		141.5 time, 150.4 real, 597.8 MB
[runlim] sample:		151.5 time, 160.4 real, 598.1 MB
[runlim] sample:		160.7 time, 170.4 real, 598.3 MB
[runlim] sample:		169.7 time, 180.4 real, 598.3 MB
[runlim] sample:		179.0 time, 190.4 real, 598.3 MB
[runlim] sample:		188.6 time, 200.4 real, 598.6 MB
[runlim] sample:		198.2 time, 210.4 real, 598.9 MB
[runlim] sample:		207.9 time, 220.4 real, 598.9 MB
[runlim] sample:		217.5 time, 230.4 real, 599.1 MB
[runlim] sample:		227.2 time, 240.4 real, 599.4 MB
[runlim] sample:		236.8 time, 250.4 real, 599.6 MB
[runlim] sample:		246.5 time, 260.4 real, 599.9 MB
[runlim] sample:		256.1 time, 270.4 real, 599.9 MB
[runlim] sample:		265.8 time, 280.4 real, 600.1 MB
[runlim] sample:		274.7 time, 290.4 real, 600.4 MB
[runlim] sample:		284.1 time, 300.4 real, 600.7 MB
[runlim] sample:		293.0 time, 310.4 real, 600.9 MB
CVC4 interrupted by SIGTERM.
[runlim] end:			Tue Jan 29 15:20:16 2019
[runlim] status:		out of time
[runlim] result:		2
[runlim] children:		0
[runlim] real:			318.98 seconds
[runlim] time:			300.02 seconds
[runlim] space:			600.9 MB
[runlim] samples:		3185
