[runlim] version:		1.10fixed
[runlim] time limit:		300 seconds
[runlim] real time limit:	311040000 seconds
[runlim] space limit:		4000 MB
[runlim] argv[0]:		./cvc4
[runlim] argv[1]:		--fmf-fun-rlv
[runlim] argv[2]:		/tmp/zddEdeMM.smt2
[runlim] start:			Mon Jan 28 18:02:12 2019
[runlim] main pid:		8812
[runlim] sample:		9.5 time, 10.9 real, 47.7 MB
[runlim] sample:		18.8 time, 20.9 real, 55.5 MB
[runlim] sample:		26.6 time, 30.9 real, 73.0 MB
[runlim] sample:		36.0 time, 40.9 real, 284.5 MB
[runlim] sample:		44.2 time, 50.9 real, 536.5 MB
[runlim] sample:		53.9 time, 60.9 real, 839.0 MB
[runlim] sample:		61.8 time, 70.9 real, 1063.6 MB
[runlim] sample:		70.8 time, 80.9 real, 1223.2 MB
[runlim] sample:		80.1 time, 90.9 real, 1446.2 MB
[runlim] sample:		89.2 time, 100.9 real, 1577.4 MB
[runlim] sample:		98.7 time, 110.9 real, 1653.4 MB
[runlim] sample:		107.9 time, 120.9 real, 1653.7 MB
[runlim] sample:		117.3 time, 130.9 real, 1653.7 MB
[runlim] sample:		126.4 time, 140.9 real, 1653.7 MB
[runlim] sample:		135.8 time, 150.9 real, 1653.7 MB
[runlim] sample:		145.5 time, 160.9 real, 1653.9 MB
[runlim] sample:		155.2 time, 170.9 real, 1653.9 MB
[runlim] sample:		164.8 time, 180.9 real, 1653.9 MB
[runlim] sample:		174.5 time, 190.9 real, 1654.2 MB
[runlim] sample:		184.2 time, 200.9 real, 1654.2 MB
[runlim] sample:		193.9 time, 210.9 real, 1654.2 MB
[runlim] sample:		203.6 time, 220.9 real, 1654.2 MB
[runlim] sample:		213.2 time, 230.9 real, 1654.4 MB
[runlim] sample:		222.9 time, 240.9 real, 1654.4 MB
[runlim] sample:		232.6 time, 250.9 real, 1654.4 MB
[runlim] sample:		242.4 time, 260.9 real, 1654.7 MB
[runlim] sample:		252.2 time, 270.9 real, 1654.7 MB
[runlim] sample:		261.8 time, 280.9 real, 1654.7 MB
[runlim] sample:		271.5 time, 290.9 real, 1654.7 MB
[runlim] sample:		281.0 time, 300.9 real, 1654.7 MB
[runlim] sample:		290.4 time, 310.9 real, 1654.7 MB
[runlim] sample:		300.1 time, 320.9 real, 1654.7 MB
CVC4 interrupted by SIGTERM.
[runlim] end:			Mon Jan 28 18:07:33 2019
[runlim] status:		out of time
[runlim] result:		2
[runlim] children:		0
[runlim] real:			321.01 seconds
[runlim] time:			300.07 seconds
[runlim] space:			1654.7 MB
[runlim] samples:		3200
