[runlim] version:		1.10fixed
[runlim] time limit:		300 seconds
[runlim] real time limit:	311040000 seconds
[runlim] space limit:		4000 MB
[runlim] argv[0]:		./cvc4
[runlim] argv[1]:		--fmf-fun-rlv
[runlim] argv[2]:		/tmp/IjjJDgcx.smt2
[runlim] start:			Tue Jan 29 15:28:00 2019
[runlim] main pid:		5621
[runlim] sample:		9.1 time, 10.7 real, 70.3 MB
[runlim] sample:		19.1 time, 20.7 real, 103.0 MB
[runlim] sample:		29.1 time, 30.7 real, 131.6 MB
[runlim] sample:		39.1 time, 40.7 real, 158.1 MB
[runlim] sample:		48.4 time, 50.7 real, 181.8 MB
[runlim] sample:		57.1 time, 60.7 real, 202.1 MB
[runlim] sample:		67.1 time, 70.7 real, 225.9 MB
[runlim] sample:		77.1 time, 80.7 real, 249.7 MB
[runlim] sample:		87.1 time, 90.7 real, 272.9 MB
[runlim] sample:		97.1 time, 100.7 real, 292.7 MB
[runlim] sample:		107.1 time, 110.7 real, 308.7 MB
[runlim] sample:		117.0 time, 120.7 real, 330.1 MB
[runlim] sample:		127.0 time, 130.7 real, 360.9 MB
[runlim] sample:		137.0 time, 140.7 real, 363.7 MB
[runlim] sample:		147.0 time, 150.7 real, 378.4 MB
[runlim] sample:		156.2 time, 160.7 real, 394.4 MB
[runlim] sample:		164.9 time, 170.7 real, 406.0 MB
[runlim] sample:		174.5 time, 180.7 real, 428.2 MB
[runlim] sample:		184.2 time, 190.7 real, 445.7 MB
[runlim] sample:		193.6 time, 200.7 real, 460.2 MB
[runlim] sample:		203.1 time, 210.7 real, 482.3 MB
[runlim] sample:		213.1 time, 220.7 real, 501.4 MB
[runlim] sample:		222.7 time, 230.7 real, 518.7 MB
[runlim] sample:		232.4 time, 240.7 real, 538.8 MB
[runlim] sample:		240.9 time, 250.7 real, 599.0 MB
[runlim] sample:		249.6 time, 260.7 real, 600.8 MB
[runlim] sample:		258.6 time, 270.7 real, 604.9 MB
[runlim] sample:		268.5 time, 280.7 real, 607.2 MB
[runlim] sample:		278.2 time, 290.7 real, 609.3 MB
[runlim] sample:		288.2 time, 300.7 real, 620.4 MB
[runlim] sample:		298.1 time, 310.7 real, 634.0 MB
CVC4 interrupted by SIGTERM.
[runlim] end:			Tue Jan 29 15:33:12 2019
[runlim] status:		out of time
[runlim] result:		2
[runlim] children:		0
[runlim] real:			312.66 seconds
[runlim] time:			300.05 seconds
[runlim] space:			653.5 MB
[runlim] samples:		3119
