[runlim] version:		1.10fixed
[runlim] time limit:		300 seconds
[runlim] real time limit:	311040000 seconds
[runlim] space limit:		4000 MB
[runlim] argv[0]:		./cvc4
[runlim] argv[1]:		--fmf-fun-rlv
[runlim] argv[2]:		/tmp/z9ZzbOUk.smt2
[runlim] start:			Mon Jan 28 11:16:36 2019
[runlim] main pid:		22342
[runlim] sample:		8.8 time, 10.0 real, 49.3 MB
[runlim] sample:		17.8 time, 20.0 real, 285.8 MB
[runlim] sample:		26.7 time, 30.0 real, 512.7 MB
[runlim] sample:		36.4 time, 40.0 real, 595.5 MB
[runlim] sample:		46.2 time, 50.0 real, 595.8 MB
[runlim] sample:		56.1 time, 60.0 real, 596.0 MB
[runlim] sample:		65.2 time, 70.0 real, 596.0 MB
[runlim] sample:		74.3 time, 80.0 real, 596.0 MB
[runlim] sample:		84.3 time, 90.0 real, 596.3 MB
[runlim] sample:		94.3 time, 100.0 real, 596.5 MB
[runlim] sample:		104.2 time, 110.0 real, 596.8 MB
[runlim] sample:		113.7 time, 120.0 real, 597.0 MB
[runlim] sample:		123.7 time, 130.0 real, 597.3 MB
[runlim] sample:		133.7 time, 140.0 real, 597.3 MB
[runlim] sample:		143.5 time, 150.0 real, 597.6 MB
[runlim] sample:		153.5 time, 160.0 real, 597.8 MB
[runlim] sample:		163.3 time, 170.0 real, 598.1 MB
[runlim] sample:		171.3 time, 180.0 real, 598.1 MB
[runlim] sample:		179.2 time, 190.0 real, 598.1 MB
[runlim] sample:		188.2 time, 200.0 real, 598.3 MB
[runlim] sample:		198.2 time, 210.0 real, 598.6 MB
[runlim] sample:		207.3 time, 220.0 real, 598.8 MB
[runlim] sample:		216.2 time, 230.0 real, 598.8 MB
[runlim] sample:		226.2 time, 240.0 real, 599.1 MB
[runlim] sample:		236.2 time, 250.0 real, 599.4 MB
[runlim] sample:		246.2 time, 260.0 real, 599.6 MB
[runlim] sample:		256.2 time, 270.0 real, 599.9 MB
[runlim] sample:		266.2 time, 280.0 real, 600.1 MB
[runlim] sample:		276.2 time, 290.0 real, 600.1 MB
[runlim] sample:		286.2 time, 300.0 real, 600.4 MB
[runlim] sample:		296.2 time, 310.0 real, 600.6 MB
CVC4 interrupted by SIGTERM.
[runlim] end:			Mon Jan 28 11:21:49 2019
[runlim] status:		out of time
[runlim] result:		2
[runlim] children:		0
[runlim] real:			313.97 seconds
[runlim] time:			300.07 seconds
[runlim] space:			600.9 MB
[runlim] samples:		3139
