[runlim] version:		1.10fixed
[runlim] time limit:		300 seconds
[runlim] real time limit:	311040000 seconds
[runlim] space limit:		4000 MB
[runlim] argv[0]:		./cvc4
[runlim] argv[1]:		--fmf-fun-rlv
[runlim] argv[2]:		/tmp/wNkIZfoY.smt2
[runlim] start:			Mon Jan 28 17:56:19 2019
[runlim] main pid:		28434
[runlim] sample:		8.6 time, 10.5 real, 45.7 MB
[runlim] sample:		17.7 time, 20.5 real, 248.4 MB
[runlim] sample:		26.1 time, 30.5 real, 488.8 MB
[runlim] sample:		33.7 time, 40.5 real, 596.2 MB
[runlim] sample:		41.3 time, 50.5 real, 598.0 MB
[runlim] sample:		48.9 time, 60.5 real, 598.3 MB
[runlim] sample:		56.8 time, 70.5 real, 598.3 MB
[runlim] sample:		66.3 time, 80.5 real, 598.3 MB
[runlim] sample:		75.8 time, 90.5 real, 598.6 MB
[runlim] sample:		85.8 time, 100.5 real, 598.8 MB
[runlim] sample:		95.8 time, 110.5 real, 598.8 MB
[runlim] sample:		105.8 time, 120.5 real, 599.1 MB
[runlim] sample:		115.8 time, 130.5 real, 599.3 MB
[runlim] sample:		125.8 time, 140.5 real, 599.6 MB
[runlim] sample:		135.8 time, 150.5 real, 599.8 MB
[runlim] sample:		145.8 time, 160.5 real, 600.1 MB
[runlim] sample:		155.8 time, 170.5 real, 600.4 MB
[runlim] sample:		165.8 time, 180.5 real, 600.4 MB
[runlim] sample:		175.8 time, 190.5 real, 600.4 MB
[runlim] sample:		185.8 time, 200.5 real, 600.6 MB
[runlim] sample:		195.8 time, 210.5 real, 600.9 MB
[runlim] sample:		205.8 time, 220.5 real, 601.1 MB
[runlim] sample:		215.8 time, 230.5 real, 601.4 MB
[runlim] sample:		225.8 time, 240.5 real, 601.7 MB
[runlim] sample:		235.8 time, 250.5 real, 601.9 MB
[runlim] sample:		245.8 time, 260.5 real, 602.2 MB
[runlim] sample:		255.8 time, 270.5 real, 602.4 MB
[runlim] sample:		265.8 time, 280.5 real, 602.9 MB
[runlim] sample:		275.8 time, 290.5 real, 603.2 MB
[runlim] sample:		285.8 time, 300.5 real, 603.2 MB
[runlim] sample:		295.8 time, 310.5 real, 603.5 MB
CVC4 interrupted by SIGTERM.
[runlim] end:			Mon Jan 28 18:01:33 2019
[runlim] status:		out of time
[runlim] result:		2
[runlim] children:		0
[runlim] real:			314.77 seconds
[runlim] time:			300.02 seconds
[runlim] space:			603.5 MB
[runlim] samples:		3142
