[runlim] version:		1.10fixed
[runlim] time limit:		300 seconds
[runlim] real time limit:	311040000 seconds
[runlim] space limit:		4000 MB
[runlim] argv[0]:		./cvc4
[runlim] argv[1]:		--fmf-fun-rlv
[runlim] argv[2]:		/tmp/4dRFbcbs.smt2
[runlim] start:			Mon Jan 28 17:41:04 2019
[runlim] main pid:		3019
[runlim] sample:		7.9 time, 11.0 real, 50.8 MB
[runlim] sample:		17.9 time, 21.0 real, 58.8 MB
[runlim] sample:		27.4 time, 31.0 real, 75.7 MB
[runlim] sample:		36.5 time, 41.0 real, 243.2 MB
[runlim] sample:		45.2 time, 50.9 real, 499.9 MB
[runlim] sample:		55.2 time, 61.0 real, 790.2 MB
[runlim] sample:		65.1 time, 71.0 real, 1065.8 MB
[runlim] sample:		75.1 time, 80.9 real, 1263.0 MB
[runlim] sample:		84.8 time, 90.9 real, 1382.2 MB
[runlim] sample:		94.4 time, 101.0 real, 1492.0 MB
[runlim] sample:		104.0 time, 111.0 real, 1537.3 MB
[runlim] sample:		113.7 time, 121.0 real, 1537.6 MB
[runlim] sample:		123.5 time, 130.9 real, 1537.6 MB
[runlim] sample:		133.2 time, 141.0 real, 1537.6 MB
[runlim] sample:		143.2 time, 150.9 real, 1537.9 MB
[runlim] sample:		153.2 time, 160.9 real, 1537.9 MB
[runlim] sample:		163.2 time, 170.9 real, 1537.9 MB
[runlim] sample:		173.2 time, 180.9 real, 1538.1 MB
[runlim] sample:		183.2 time, 190.9 real, 1538.1 MB
[runlim] sample:		193.2 time, 201.0 real, 1538.1 MB
[runlim] sample:		203.2 time, 211.0 real, 1538.4 MB
[runlim] sample:		213.2 time, 221.0 real, 1538.4 MB
[runlim] sample:		223.2 time, 231.0 real, 1538.4 MB
[runlim] sample:		233.2 time, 241.0 real, 1538.4 MB
[runlim] sample:		243.2 time, 250.9 real, 1538.6 MB
[runlim] sample:		253.2 time, 260.9 real, 1538.6 MB
[runlim] sample:		263.2 time, 271.0 real, 1538.6 MB
[runlim] sample:		273.2 time, 281.0 real, 1538.6 MB
[runlim] sample:		283.2 time, 291.0 real, 1538.6 MB
[runlim] sample:		293.2 time, 301.0 real, 1538.6 MB
CVC4 interrupted by SIGTERM.
[runlim] end:			Mon Jan 28 17:46:11 2019
[runlim] status:		out of time
[runlim] result:		2
[runlim] children:		0
[runlim] real:			307.84 seconds
[runlim] time:			300.03 seconds
[runlim] space:			1538.6 MB
[runlim] samples:		3068
