[runlim] version:		1.10fixed
[runlim] time limit:		300 seconds
[runlim] real time limit:	311040000 seconds
[runlim] space limit:		4000 MB
[runlim] argv[0]:		./cvc4
[runlim] argv[1]:		--fmf-fun-rlv
[runlim] argv[2]:		/tmp/7LIZ6wuX.smt2
[runlim] start:			Tue Jan 29 15:16:21 2019
[runlim] main pid:		24243
[runlim] sample:		8.8 time, 10.0 real, 44.5 MB
[runlim] sample:		18.5 time, 20.0 real, 229.8 MB
[runlim] sample:		28.5 time, 30.0 real, 503.2 MB
[runlim] sample:		38.2 time, 40.0 real, 662.0 MB
[runlim] sample:		48.2 time, 50.0 real, 662.2 MB
[runlim] sample:		57.7 time, 60.0 real, 662.5 MB
[runlim] sample:		67.7 time, 70.0 real, 662.5 MB
[runlim] sample:		76.7 time, 80.0 real, 662.7 MB
[runlim] sample:		86.6 time, 90.0 real, 663.0 MB
[runlim] sample:		96.4 time, 100.0 real, 663.0 MB
[runlim] sample:		106.3 time, 110.0 real, 663.2 MB
[runlim] sample:		116.0 time, 120.0 real, 663.5 MB
[runlim] sample:		126.0 time, 130.0 real, 663.8 MB
[runlim] sample:		135.8 time, 140.0 real, 663.8 MB
[runlim] sample:		145.5 time, 150.0 real, 664.0 MB
[runlim] sample:		155.2 time, 160.0 real, 664.0 MB
[runlim] sample:		165.2 time, 170.0 real, 664.0 MB
[runlim] sample:		175.2 time, 180.0 real, 664.3 MB
[runlim] sample:		185.1 time, 190.0 real, 664.5 MB
[runlim] sample:		194.8 time, 200.0 real, 664.8 MB
[runlim] sample:		204.5 time, 210.0 real, 664.8 MB
[runlim] sample:		213.9 time, 220.0 real, 665.1 MB
[runlim] sample:		223.4 time, 230.0 real, 665.3 MB
[runlim] sample:		232.8 time, 240.0 real, 665.3 MB
[runlim] sample:		241.8 time, 250.0 real, 665.6 MB
[runlim] sample:		251.8 time, 260.0 real, 665.8 MB
[runlim] sample:		261.8 time, 270.0 real, 666.1 MB
[runlim] sample:		271.3 time, 280.0 real, 666.1 MB
[runlim] sample:		280.6 time, 290.0 real, 666.3 MB
[runlim] sample:		290.0 time, 300.0 real, 666.6 MB
[runlim] sample:		300.0 time, 310.0 real, 666.9 MB
CVC4 interrupted by SIGTERM.
[runlim] end:			Tue Jan 29 15:21:31 2019
[runlim] status:		out of time
[runlim] result:		2
[runlim] children:		0
[runlim] real:			310.06 seconds
[runlim] time:			300.03 seconds
[runlim] space:			666.9 MB
[runlim] samples:		3100
