[runlim] version:		1.10fixed
[runlim] time limit:		300 seconds
[runlim] real time limit:	311040000 seconds
[runlim] space limit:		4000 MB
[runlim] argv[0]:		./cvc4
[runlim] argv[1]:		--fmf-fun-rlv
[runlim] argv[2]:		/tmp/6ZQQaUuY.smt2
[runlim] start:			Mon Jan 28 18:02:13 2019
[runlim] main pid:		13804
[runlim] sample:		10.0 time, 10.2 real, 68.6 MB
[runlim] sample:		20.0 time, 20.2 real, 103.3 MB
[runlim] sample:		30.0 time, 30.2 real, 139.9 MB
[runlim] sample:		40.0 time, 40.2 real, 163.0 MB
[runlim] sample:		50.0 time, 50.2 real, 191.1 MB
[runlim] sample:		60.0 time, 60.2 real, 218.6 MB
[runlim] sample:		70.0 time, 70.2 real, 247.4 MB
[runlim] sample:		80.0 time, 80.2 real, 276.6 MB
[runlim] sample:		90.0 time, 90.2 real, 293.6 MB
[runlim] sample:		100.0 time, 100.2 real, 345.8 MB
[runlim] sample:		110.0 time, 110.2 real, 349.4 MB
[runlim] sample:		120.0 time, 120.2 real, 358.7 MB
[runlim] sample:		130.0 time, 130.2 real, 373.6 MB
[runlim] sample:		140.0 time, 140.2 real, 401.2 MB
[runlim] sample:		150.0 time, 150.2 real, 415.9 MB
[runlim] sample:		159.9 time, 160.2 real, 431.4 MB
[runlim] sample:		169.2 time, 170.2 real, 442.7 MB
[runlim] sample:		178.6 time, 180.2 real, 457.4 MB
[runlim] sample:		187.9 time, 190.2 real, 485.0 MB
[runlim] sample:		197.4 time, 200.2 real, 504.1 MB
[runlim] sample:		207.4 time, 210.2 real, 581.6 MB
[runlim] sample:		217.0 time, 220.2 real, 581.6 MB
[runlim] sample:		226.3 time, 230.2 real, 587.7 MB
[runlim] sample:		236.0 time, 240.2 real, 595.7 MB
[runlim] sample:		245.7 time, 250.2 real, 616.6 MB
[runlim] sample:		255.4 time, 260.2 real, 628.5 MB
[runlim] sample:		265.4 time, 270.2 real, 641.1 MB
[runlim] sample:		275.4 time, 280.2 real, 657.9 MB
[runlim] sample:		285.4 time, 290.2 real, 668.2 MB
[runlim] sample:		295.4 time, 300.2 real, 688.3 MB
CVC4 interrupted by SIGTERM.
[runlim] end:			Mon Jan 28 18:07:17 2019
[runlim] status:		out of time
[runlim] result:		2
[runlim] children:		0
[runlim] real:			304.82 seconds
[runlim] time:			300.01 seconds
[runlim] space:			700.4 MB
[runlim] samples:		3046
