[runlim] version:		1.10fixed
[runlim] time limit:		300 seconds
[runlim] real time limit:	311040000 seconds
[runlim] space limit:		4000 MB
[runlim] argv[0]:		./cvc4
[runlim] argv[1]:		--fmf-fun-rlv
[runlim] argv[2]:		/tmp/n2ZThhiH.smt2
[runlim] start:			Mon Jan 28 11:15:09 2019
[runlim] main pid:		29288
[runlim] sample:		8.9 time, 10.4 real, 67.3 MB
[runlim] sample:		18.9 time, 20.4 real, 101.8 MB
[runlim] sample:		28.9 time, 30.4 real, 126.6 MB
[runlim] sample:		38.9 time, 40.4 real, 148.8 MB
[runlim] sample:		48.9 time, 50.4 real, 174.4 MB
[runlim] sample:		58.9 time, 60.4 real, 189.6 MB
[runlim] sample:		68.9 time, 70.4 real, 207.2 MB
[runlim] sample:		78.9 time, 80.4 real, 225.5 MB
[runlim] sample:		88.9 time, 90.4 real, 246.4 MB
[runlim] sample:		98.9 time, 100.4 real, 265.2 MB
[runlim] sample:		108.9 time, 110.4 real, 280.9 MB
[runlim] sample:		118.9 time, 120.4 real, 301.5 MB
[runlim] sample:		128.9 time, 130.4 real, 317.0 MB
[runlim] sample:		138.9 time, 140.4 real, 332.7 MB
[runlim] sample:		148.9 time, 150.4 real, 344.9 MB
[runlim] sample:		158.9 time, 160.4 real, 362.4 MB
[runlim] sample:		168.9 time, 170.4 real, 397.2 MB
[runlim] sample:		178.9 time, 180.4 real, 399.8 MB
[runlim] sample:		188.9 time, 190.4 real, 404.2 MB
[runlim] sample:		198.9 time, 200.4 real, 417.1 MB
[runlim] sample:		208.9 time, 210.4 real, 427.6 MB
[runlim] sample:		218.9 time, 220.4 real, 445.9 MB
[runlim] sample:		228.0 time, 230.4 real, 455.7 MB
[runlim] sample:		237.1 time, 240.4 real, 467.1 MB
[runlim] sample:		247.1 time, 250.4 real, 481.5 MB
[runlim] sample:		257.1 time, 260.4 real, 493.1 MB
[runlim] sample:		267.1 time, 270.4 real, 505.0 MB
[runlim] sample:		277.1 time, 280.4 real, 516.6 MB
[runlim] sample:		287.1 time, 290.4 real, 528.7 MB
[runlim] sample:		296.9 time, 300.4 real, 542.1 MB
CVC4 interrupted by SIGTERM.
[runlim] end:			Mon Jan 28 11:20:13 2019
[runlim] status:		out of time
[runlim] result:		2
[runlim] children:		0
[runlim] real:			304.32 seconds
[runlim] time:			300.03 seconds
[runlim] space:			551.4 MB
[runlim] samples:		3039
