[runlim] version:		1.10fixed
[runlim] time limit:		300 seconds
[runlim] real time limit:	311040000 seconds
[runlim] space limit:		4000 MB
[runlim] argv[0]:		./cvc4
[runlim] argv[1]:		--fmf-fun-rlv
[runlim] argv[2]:		/tmp/4ajRrruJ.smt2
[runlim] start:			Mon Jan 28 18:02:13 2019
[runlim] main pid:		14533
[runlim] sample:		9.5 time, 10.3 real, 79.4 MB
[runlim] sample:		19.2 time, 20.3 real, 376.9 MB
[runlim] sample:		28.9 time, 30.3 real, 577.9 MB
[runlim] sample:		38.5 time, 40.3 real, 595.5 MB
[runlim] sample:		48.2 time, 50.3 real, 595.7 MB
[runlim] sample:		57.9 time, 60.3 real, 596.0 MB
[runlim] sample:		67.6 time, 70.3 real, 596.2 MB
[runlim] sample:		77.2 time, 80.3 real, 596.2 MB
[runlim] sample:		86.9 time, 90.3 real, 596.2 MB
[runlim] sample:		96.6 time, 100.3 real, 596.5 MB
[runlim] sample:		106.3 time, 110.3 real, 596.8 MB
[runlim] sample:		116.0 time, 120.3 real, 597.0 MB
[runlim] sample:		125.6 time, 130.3 real, 597.3 MB
[runlim] sample:		135.3 time, 140.3 real, 597.3 MB
[runlim] sample:		145.0 time, 150.3 real, 597.5 MB
[runlim] sample:		154.7 time, 160.3 real, 597.8 MB
[runlim] sample:		164.4 time, 170.3 real, 598.0 MB
[runlim] sample:		174.0 time, 180.3 real, 598.3 MB
[runlim] sample:		183.7 time, 190.3 real, 598.6 MB
[runlim] sample:		193.4 time, 200.3 real, 598.8 MB
[runlim] sample:		203.0 time, 210.3 real, 598.8 MB
[runlim] sample:		212.7 time, 220.3 real, 598.8 MB
[runlim] sample:		222.4 time, 230.3 real, 599.1 MB
[runlim] sample:		232.0 time, 240.3 real, 599.3 MB
[runlim] sample:		241.7 time, 250.3 real, 599.6 MB
[runlim] sample:		251.4 time, 260.3 real, 599.6 MB
[runlim] sample:		261.1 time, 270.3 real, 599.9 MB
[runlim] sample:		270.7 time, 280.3 real, 600.1 MB
[runlim] sample:		280.4 time, 290.3 real, 600.4 MB
[runlim] sample:		290.1 time, 300.3 real, 600.6 MB
[runlim] sample:		299.9 time, 310.3 real, 600.6 MB
CVC4 interrupted by SIGTERM.
[runlim] end:			Mon Jan 28 18:07:23 2019
[runlim] status:		out of time
[runlim] result:		2
[runlim] children:		0
[runlim] real:			310.42 seconds
[runlim] time:			300.01 seconds
[runlim] space:			600.6 MB
[runlim] samples:		3101
