[runlim] version:		1.10fixed
[runlim] time limit:		300 seconds
[runlim] real time limit:	311040000 seconds
[runlim] space limit:		4000 MB
[runlim] argv[0]:		./cvc4
[runlim] argv[1]:		--fmf-fun-rlv
[runlim] argv[2]:		/tmp/bQY6N6NN.smt2
[runlim] start:			Tue Jan 29 15:26:43 2019
[runlim] main pid:		32526
[runlim] sample:		8.1 time, 10.8 real, 58.2 MB
[runlim] sample:		16.1 time, 20.8 real, 83.8 MB
[runlim] sample:		25.8 time, 30.8 real, 107.2 MB
[runlim] sample:		35.5 time, 40.8 real, 130.4 MB
[runlim] sample:		45.3 time, 50.8 real, 149.0 MB
[runlim] sample:		54.8 time, 60.8 real, 171.7 MB
[runlim] sample:		64.8 time, 70.8 real, 192.5 MB
[runlim] sample:		74.2 time, 80.8 real, 204.7 MB
[runlim] sample:		81.6 time, 90.8 real, 217.6 MB
[runlim] sample:		91.2 time, 100.8 real, 237.2 MB
[runlim] sample:		101.2 time, 110.8 real, 264.5 MB
[runlim] sample:		111.2 time, 120.8 real, 285.9 MB
[runlim] sample:		121.2 time, 130.8 real, 328.2 MB
[runlim] sample:		130.8 time, 140.8 real, 328.2 MB
[runlim] sample:		140.4 time, 150.8 real, 329.7 MB
[runlim] sample:		150.4 time, 160.8 real, 335.4 MB
[runlim] sample:		160.4 time, 170.8 real, 355.7 MB
[runlim] sample:		170.4 time, 180.8 real, 374.0 MB
[runlim] sample:		180.4 time, 190.8 real, 388.0 MB
[runlim] sample:		190.3 time, 200.8 real, 407.6 MB
[runlim] sample:		200.3 time, 210.8 real, 422.3 MB
[runlim] sample:		210.3 time, 220.8 real, 442.4 MB
[runlim] sample:		220.3 time, 230.8 real, 456.5 MB
[runlim] sample:		230.3 time, 240.8 real, 472.3 MB
[runlim] sample:		240.3 time, 250.8 real, 537.9 MB
[runlim] sample:		250.3 time, 260.8 real, 540.2 MB
[runlim] sample:		260.3 time, 270.8 real, 541.5 MB
[runlim] sample:		270.3 time, 280.8 real, 542.6 MB
[runlim] sample:		280.3 time, 290.8 real, 544.1 MB
[runlim] sample:		290.3 time, 300.8 real, 547.5 MB
CVC4 interrupted by SIGTERM.
[runlim] end:			Tue Jan 29 15:31:53 2019
[runlim] status:		out of time
[runlim] result:		2
[runlim] children:		0
[runlim] real:			310.61 seconds
[runlim] time:			300.10 seconds
[runlim] space:			591.9 MB
[runlim] samples:		3098
