[runlim] version:		1.10fixed
[runlim] time limit:		300 seconds
[runlim] real time limit:	311040000 seconds
[runlim] space limit:		4000 MB
[runlim] argv[0]:		./cvc4
[runlim] argv[1]:		--fmf-fun-rlv
[runlim] argv[2]:		/tmp/TqJtaKxE.smt2
[runlim] start:			Mon Jan 28 11:14:51 2019
[runlim] main pid:		19624
[runlim] sample:		8.5 time, 10.8 real, 46.4 MB
[runlim] sample:		17.5 time, 20.8 real, 124.4 MB
[runlim] sample:		27.2 time, 30.8 real, 422.2 MB
[runlim] sample:		37.2 time, 40.8 real, 678.2 MB
[runlim] sample:		47.2 time, 50.8 real, 805.9 MB
[runlim] sample:		56.8 time, 60.8 real, 806.1 MB
[runlim] sample:		66.3 time, 70.8 real, 806.4 MB
[runlim] sample:		75.6 time, 80.8 real, 806.4 MB
[runlim] sample:		84.7 time, 90.8 real, 806.6 MB
[runlim] sample:		94.5 time, 100.8 real, 806.6 MB
[runlim] sample:		104.5 time, 110.8 real, 806.9 MB
[runlim] sample:		114.2 time, 120.8 real, 806.9 MB
[runlim] sample:		123.8 time, 130.8 real, 807.1 MB
[runlim] sample:		133.3 time, 140.8 real, 807.4 MB
[runlim] sample:		142.7 time, 150.8 real, 807.4 MB
[runlim] sample:		152.4 time, 160.8 real, 807.7 MB
[runlim] sample:		161.2 time, 170.8 real, 807.7 MB
[runlim] sample:		171.0 time, 180.8 real, 807.9 MB
[runlim] sample:		181.0 time, 190.8 real, 808.2 MB
[runlim] sample:		190.7 time, 200.8 real, 808.7 MB
[runlim] sample:		200.4 time, 210.8 real, 808.7 MB
[runlim] sample:		210.1 time, 220.8 real, 809.2 MB
[runlim] sample:		219.7 time, 230.8 real, 809.2 MB
[runlim] sample:		229.5 time, 240.8 real, 809.5 MB
[runlim] sample:		239.5 time, 250.8 real, 809.5 MB
[runlim] sample:		249.5 time, 260.8 real, 809.7 MB
[runlim] sample:		259.5 time, 270.8 real, 810.0 MB
[runlim] sample:		269.4 time, 280.8 real, 810.2 MB
[runlim] sample:		278.9 time, 290.8 real, 810.2 MB
[runlim] sample:		288.7 time, 300.8 real, 810.5 MB
[runlim] sample:		298.7 time, 310.8 real, 810.5 MB
CVC4 interrupted by SIGTERM.
[runlim] end:			Mon Jan 28 11:20:03 2019
[runlim] status:		out of time
[runlim] result:		2
[runlim] children:		0
[runlim] real:			312.12 seconds
[runlim] time:			300.02 seconds
[runlim] space:			810.5 MB
[runlim] samples:		3113
