[runlim] version:		1.10fixed
[runlim] time limit:		300 seconds
[runlim] real time limit:	311040000 seconds
[runlim] space limit:		4000 MB
[runlim] argv[0]:		./cvc4
[runlim] argv[1]:		--fmf-fun-rlv
[runlim] argv[2]:		/tmp/76asun3n.smt2
[runlim] start:			Tue Jan 29 15:25:33 2019
[runlim] main pid:		17066
[runlim] sample:		9.9 time, 10.6 real, 210.2 MB
[runlim] sample:		19.9 time, 20.6 real, 211.5 MB
[runlim] sample:		29.9 time, 30.6 real, 212.0 MB
[runlim] sample:		39.4 time, 40.6 real, 212.8 MB
[runlim] sample:		48.2 time, 50.6 real, 213.1 MB
[runlim] sample:		58.1 time, 60.6 real, 214.1 MB
[runlim] sample:		67.7 time, 70.6 real, 214.6 MB
[runlim] sample:		76.7 time, 80.6 real, 215.1 MB
[runlim] sample:		86.2 time, 90.6 real, 215.6 MB
[runlim] sample:		95.9 time, 100.6 real, 215.6 MB
[runlim] sample:		105.5 time, 110.6 real, 216.4 MB
[runlim] sample:		115.2 time, 120.6 real, 216.9 MB
[runlim] sample:		124.9 time, 130.6 real, 217.5 MB
[runlim] sample:		134.6 time, 140.6 real, 218.0 MB
[runlim] sample:		144.3 time, 150.6 real, 218.2 MB
[runlim] sample:		154.0 time, 160.6 real, 218.7 MB
[runlim] sample:		163.7 time, 170.6 real, 219.3 MB
[runlim] sample:		173.4 time, 180.6 real, 221.6 MB
[runlim] sample:		183.1 time, 190.6 real, 273.5 MB
[runlim] sample:		192.8 time, 200.6 real, 348.4 MB
[runlim] sample:		202.8 time, 210.6 real, 353.6 MB
[runlim] sample:		212.8 time, 220.6 real, 362.8 MB
[runlim] sample:		222.8 time, 230.6 real, 364.4 MB
[runlim] sample:		232.8 time, 240.6 real, 366.4 MB
[runlim] sample:		242.8 time, 250.6 real, 368.8 MB
[runlim] sample:		252.8 time, 260.6 real, 372.4 MB
[runlim] sample:		262.6 time, 270.6 real, 376.8 MB
[runlim] sample:		272.0 time, 280.6 real, 381.1 MB
[runlim] sample:		281.3 time, 290.6 real, 385.5 MB
[runlim] sample:		290.6 time, 300.6 real, 389.9 MB
[runlim] end:			Tue Jan 29 15:30:42 2019
[runlim] status:		signal(9)
[runlim] result:		11
[runlim] children:		0
[runlim] real:			309.17 seconds
[runlim] time:			298.52 seconds
[runlim] space:			393.8 MB
[runlim] samples:		3085
