[runlim] version:		1.10fixed
[runlim] time limit:		300 seconds
[runlim] real time limit:	311040000 seconds
[runlim] space limit:		4000 MB
[runlim] argv[0]:		./cvc4
[runlim] argv[1]:		--fmf-fun-rlv
[runlim] argv[2]:		/tmp/80G7yniL.smt2
[runlim] start:			Mon Jan 28 18:02:13 2019
[runlim] main pid:		11046
[runlim] sample:		9.6 time, 10.2 real, 76.6 MB
[runlim] sample:		19.3 time, 20.2 real, 78.9 MB
[runlim] sample:		28.7 time, 30.2 real, 88.9 MB
[runlim] sample:		38.6 time, 40.2 real, 99.5 MB
[runlim] sample:		48.6 time, 50.2 real, 105.2 MB
[runlim] sample:		58.6 time, 60.2 real, 115.0 MB
[runlim] sample:		68.6 time, 70.2 real, 127.9 MB
[runlim] sample:		78.6 time, 80.2 real, 149.0 MB
[runlim] sample:		88.6 time, 90.2 real, 177.1 MB
[runlim] sample:		98.5 time, 100.2 real, 200.8 MB
[runlim] sample:		107.8 time, 110.2 real, 231.1 MB
[runlim] sample:		117.2 time, 120.2 real, 362.2 MB
[runlim] sample:		125.9 time, 130.2 real, 627.2 MB
[runlim] sample:		134.3 time, 140.2 real, 875.8 MB
[runlim] sample:		142.6 time, 150.2 real, 1123.0 MB
[runlim] sample:		151.2 time, 160.2 real, 1348.1 MB
[runlim] sample:		160.9 time, 170.2 real, 1646.3 MB
[runlim] sample:		169.1 time, 180.2 real, 1882.7 MB
[runlim] sample:		177.9 time, 190.2 real, 2149.4 MB
[runlim] sample:		187.5 time, 200.2 real, 2415.9 MB
[runlim] sample:		197.0 time, 210.2 real, 2687.4 MB
[runlim] sample:		206.8 time, 220.2 real, 3019.7 MB
[runlim] sample:		216.8 time, 230.2 real, 3287.9 MB
[runlim] sample:		226.8 time, 240.2 real, 3564.5 MB
[runlim] sample:		235.3 time, 250.2 real, 3915.8 MB
CVC4 interrupted by SIGTERM.
[runlim] end:			Mon Jan 28 18:06:30 2019
[runlim] status:		out of memory
[runlim] result:		3
[runlim] children:		0
[runlim] real:			257.49 seconds
[runlim] time:			241.30 seconds
[runlim] space:			4000.1 MB
[runlim] samples:		2573
