[runlim] version:		1.10fixed
[runlim] time limit:		300 seconds
[runlim] real time limit:	311040000 seconds
[runlim] space limit:		4000 MB
[runlim] argv[0]:		./cvc4
[runlim] argv[1]:		--fmf-fun-rlv
[runlim] argv[2]:		/tmp/syEYhUp5.smt2
[runlim] start:			Tue Jan 29 15:17:34 2019
[runlim] main pid:		5532
[runlim] sample:		9.8 time, 10.4 real, 70.8 MB
[runlim] sample:		19.7 time, 20.4 real, 120.0 MB
[runlim] sample:		27.3 time, 30.4 real, 156.1 MB
[runlim] sample:		37.4 time, 40.4 real, 207.1 MB
[runlim] sample:		47.4 time, 50.4 real, 263.3 MB
[runlim] sample:		57.3 time, 60.4 real, 314.3 MB
[runlim] sample:		66.7 time, 70.4 real, 361.4 MB
[runlim] sample:		76.7 time, 80.4 real, 410.1 MB
[runlim] sample:		86.7 time, 90.4 real, 469.9 MB
[runlim] sample:		96.7 time, 100.4 real, 493.7 MB
[runlim] sample:		106.7 time, 110.4 real, 525.7 MB
[runlim] sample:		116.7 time, 120.4 real, 576.0 MB
[runlim] sample:		126.7 time, 130.4 real, 624.7 MB
[runlim] sample:		136.7 time, 140.4 real, 677.2 MB
[runlim] sample:		146.7 time, 150.4 real, 724.9 MB
[runlim] sample:		156.7 time, 160.4 real, 772.0 MB
[runlim] sample:		166.7 time, 170.4 real, 831.3 MB
[runlim] sample:		176.7 time, 180.4 real, 880.8 MB
[runlim] sample:		186.7 time, 190.4 real, 927.0 MB
[runlim] sample:		196.7 time, 200.4 real, 962.0 MB
[runlim] sample:		206.7 time, 210.4 real, 1006.6 MB
[runlim] sample:		216.7 time, 220.4 real, 1054.1 MB
[runlim] sample:		226.7 time, 230.4 real, 1098.2 MB
[runlim] sample:		236.7 time, 240.4 real, 1145.2 MB
[runlim] sample:		246.7 time, 250.4 real, 1195.0 MB
[runlim] sample:		256.7 time, 260.4 real, 1243.4 MB
[runlim] sample:		266.7 time, 270.4 real, 1289.3 MB
[runlim] sample:		276.7 time, 280.4 real, 1341.0 MB
[runlim] sample:		286.7 time, 290.4 real, 1351.5 MB
[runlim] sample:		296.7 time, 300.4 real, 1359.2 MB
CVC4 interrupted by SIGTERM.
[runlim] end:			Tue Jan 29 15:22:37 2019
[runlim] status:		out of time
[runlim] result:		2
[runlim] children:		0
[runlim] real:			303.91 seconds
[runlim] time:			300.07 seconds
[runlim] space:			1359.7 MB
[runlim] samples:		3034
