[runlim] version:		1.10fixed
[runlim] time limit:		300 seconds
[runlim] real time limit:	311040000 seconds
[runlim] space limit:		4000 MB
[runlim] argv[0]:		./cvc4
[runlim] argv[1]:		--fmf-fun-rlv
[runlim] argv[2]:		/tmp/OGfwjJtZ.smt2
[runlim] start:			Mon Jan 28 17:39:58 2019
[runlim] main pid:		19353
[runlim] sample:		8.8 time, 10.9 real, 50.2 MB
[runlim] sample:		18.8 time, 20.9 real, 82.9 MB
[runlim] sample:		28.6 time, 30.9 real, 115.8 MB
[runlim] sample:		38.2 time, 40.9 real, 148.1 MB
[runlim] sample:		47.2 time, 50.9 real, 177.1 MB
[runlim] sample:		56.9 time, 60.9 real, 206.7 MB
[runlim] sample:		66.3 time, 70.9 real, 242.5 MB
[runlim] sample:		75.8 time, 80.9 real, 271.6 MB
[runlim] sample:		85.1 time, 90.9 real, 300.3 MB
[runlim] sample:		94.5 time, 100.9 real, 329.3 MB
[runlim] sample:		104.2 time, 110.9 real, 360.4 MB
[runlim] sample:		113.5 time, 120.9 real, 388.8 MB
[runlim] sample:		122.8 time, 130.9 real, 423.2 MB
[runlim] sample:		132.4 time, 140.9 real, 460.9 MB
[runlim] sample:		142.4 time, 150.9 real, 481.3 MB
[runlim] sample:		151.3 time, 160.9 real, 501.4 MB
[runlim] sample:		161.0 time, 170.9 real, 531.0 MB
[runlim] sample:		170.6 time, 180.9 real, 561.2 MB
[runlim] sample:		180.5 time, 190.9 real, 596.5 MB
[runlim] sample:		190.5 time, 200.9 real, 629.0 MB
[runlim] sample:		200.5 time, 210.9 real, 664.4 MB
[runlim] sample:		210.0 time, 220.9 real, 694.8 MB
[runlim] sample:		219.4 time, 230.9 real, 724.9 MB
[runlim] sample:		228.7 time, 240.9 real, 754.1 MB
[runlim] sample:		238.1 time, 250.9 real, 782.9 MB
[runlim] sample:		248.1 time, 260.9 real, 826.5 MB
[runlim] sample:		258.1 time, 270.9 real, 860.3 MB
[runlim] sample:		268.1 time, 280.9 real, 904.3 MB
[runlim] sample:		278.1 time, 290.9 real, 926.6 MB
[runlim] sample:		288.1 time, 300.9 real, 952.1 MB
[runlim] sample:		298.1 time, 310.9 real, 984.6 MB
CVC4 interrupted by SIGTERM.
[runlim] end:			Mon Jan 28 17:45:10 2019
[runlim] status:		out of time
[runlim] result:		2
[runlim] children:		0
[runlim] real:			312.96 seconds
[runlim] time:			300.09 seconds
[runlim] space:			991.0 MB
[runlim] samples:		3120
