[runlim] version:		1.10fixed
[runlim] time limit:		300 seconds
[runlim] real time limit:	311040000 seconds
[runlim] space limit:		4000 MB
[runlim] argv[0]:		./cvc4
[runlim] argv[1]:		--fmf-fun-rlv
[runlim] argv[2]:		/tmp/FR3lV4ln.smt2
[runlim] start:			Mon Jan 28 17:40:17 2019
[runlim] main pid:		9587
[runlim] sample:		8.5 time, 10.1 real, 47.2 MB
[runlim] sample:		17.7 time, 20.1 real, 265.7 MB
[runlim] sample:		27.7 time, 30.1 real, 517.2 MB
[runlim] sample:		37.5 time, 40.1 real, 595.9 MB
[runlim] sample:		46.9 time, 50.1 real, 595.9 MB
[runlim] sample:		56.2 time, 60.1 real, 596.2 MB
[runlim] sample:		65.4 time, 70.1 real, 596.2 MB
[runlim] sample:		75.4 time, 80.1 real, 596.4 MB
[runlim] sample:		85.4 time, 90.1 real, 596.7 MB
[runlim] sample:		95.4 time, 100.1 real, 596.9 MB
[runlim] sample:		105.0 time, 110.1 real, 597.2 MB
[runlim] sample:		114.3 time, 120.1 real, 597.4 MB
[runlim] sample:		123.6 time, 130.1 real, 597.4 MB
[runlim] sample:		133.0 time, 140.1 real, 597.7 MB
[runlim] sample:		142.4 time, 150.1 real, 598.0 MB
[runlim] sample:		151.8 time, 160.1 real, 598.0 MB
[runlim] sample:		161.4 time, 170.1 real, 598.2 MB
[runlim] sample:		171.4 time, 180.1 real, 598.5 MB
[runlim] sample:		179.9 time, 190.1 real, 598.5 MB
[runlim] sample:		189.2 time, 200.1 real, 598.7 MB
[runlim] sample:		198.6 time, 210.1 real, 599.0 MB
[runlim] sample:		208.2 time, 220.1 real, 599.0 MB
[runlim] sample:		217.9 time, 230.1 real, 599.2 MB
[runlim] sample:		227.6 time, 240.1 real, 599.5 MB
[runlim] sample:		237.2 time, 250.1 real, 599.8 MB
[runlim] sample:		246.9 time, 260.1 real, 600.0 MB
[runlim] sample:		256.5 time, 270.1 real, 600.3 MB
[runlim] sample:		266.2 time, 280.1 real, 600.3 MB
[runlim] sample:		276.1 time, 290.1 real, 600.5 MB
[runlim] sample:		286.1 time, 300.1 real, 600.5 MB
[runlim] sample:		296.1 time, 310.1 real, 600.8 MB
CVC4 interrupted by SIGTERM.
[runlim] end:			Mon Jan 28 17:45:30 2019
[runlim] status:		out of time
[runlim] result:		2
[runlim] children:		0
[runlim] real:			314.00 seconds
[runlim] time:			300.04 seconds
[runlim] space:			600.8 MB
[runlim] samples:		3139
