[runlim] version:		1.10fixed
[runlim] time limit:		300 seconds
[runlim] real time limit:	311040000 seconds
[runlim] space limit:		4000 MB
[runlim] argv[0]:		./cvc4
[runlim] argv[1]:		--fmf-fun-rlv
[runlim] argv[2]:		/tmp/OruGR1GC.smt2
[runlim] start:			Tue Jan 29 15:14:02 2019
[runlim] main pid:		5005
[runlim] sample:		9.6 time, 10.9 real, 49.2 MB
[runlim] sample:		19.2 time, 20.9 real, 279.1 MB
[runlim] sample:		28.9 time, 30.9 real, 537.8 MB
[runlim] sample:		38.6 time, 40.9 real, 654.3 MB
[runlim] sample:		48.2 time, 50.9 real, 654.3 MB
[runlim] sample:		57.9 time, 60.9 real, 654.3 MB
[runlim] sample:		67.6 time, 70.9 real, 654.6 MB
[runlim] sample:		76.5 time, 80.9 real, 654.8 MB
[runlim] sample:		86.5 time, 90.9 real, 654.8 MB
[runlim] sample:		96.5 time, 100.9 real, 655.1 MB
[runlim] sample:		105.4 time, 110.9 real, 656.4 MB
[runlim] sample:		115.3 time, 120.9 real, 656.4 MB
[runlim] sample:		125.3 time, 130.9 real, 656.6 MB
[runlim] sample:		135.3 time, 140.9 real, 656.6 MB
[runlim] sample:		145.3 time, 150.9 real, 656.9 MB
[runlim] sample:		155.3 time, 160.9 real, 657.2 MB
[runlim] sample:		165.3 time, 170.9 real, 657.2 MB
[runlim] sample:		175.3 time, 180.9 real, 657.2 MB
[runlim] sample:		185.3 time, 190.9 real, 657.4 MB
[runlim] sample:		195.3 time, 200.9 real, 657.7 MB
[runlim] sample:		205.3 time, 210.9 real, 657.7 MB
[runlim] sample:		215.3 time, 220.9 real, 657.9 MB
[runlim] sample:		225.3 time, 230.9 real, 658.2 MB
[runlim] sample:		235.3 time, 240.9 real, 658.4 MB
[runlim] sample:		245.3 time, 250.9 real, 658.4 MB
[runlim] sample:		255.3 time, 260.9 real, 658.7 MB
[runlim] sample:		265.3 time, 270.9 real, 659.0 MB
[runlim] sample:		275.2 time, 280.9 real, 659.2 MB
[runlim] sample:		285.2 time, 290.9 real, 659.2 MB
[runlim] sample:		295.2 time, 300.9 real, 659.5 MB
CVC4 interrupted by SIGTERM.
[runlim] end:			Tue Jan 29 15:19:07 2019
[runlim] status:		out of time
[runlim] result:		2
[runlim] children:		0
[runlim] real:			305.75 seconds
[runlim] time:			300.04 seconds
[runlim] space:			659.7 MB
[runlim] samples:		3048
