[runlim] version:		1.10fixed
[runlim] time limit:		300 seconds
[runlim] real time limit:	311040000 seconds
[runlim] space limit:		4000 MB
[runlim] argv[0]:		./cvc4
[runlim] argv[1]:		--fmf-fun-rlv
[runlim] argv[2]:		/tmp/tPTOK9MX.smt2
[runlim] start:			Mon Jan 28 17:56:57 2019
[runlim] main pid:		6763
[runlim] sample:		8.4 time, 10.1 real, 76.6 MB
[runlim] sample:		16.8 time, 20.1 real, 80.2 MB
[runlim] sample:		25.0 time, 30.1 real, 82.3 MB
[runlim] sample:		33.8 time, 40.1 real, 89.0 MB
[runlim] sample:		43.4 time, 50.1 real, 103.4 MB
[runlim] sample:		53.3 time, 60.1 real, 109.4 MB
[runlim] sample:		63.3 time, 70.1 real, 116.3 MB
[runlim] sample:		73.3 time, 80.1 real, 125.3 MB
[runlim] sample:		83.3 time, 90.1 real, 144.4 MB
[runlim] sample:		93.3 time, 100.1 real, 171.6 MB
[runlim] sample:		103.3 time, 110.1 real, 195.3 MB
[runlim] sample:		113.3 time, 120.1 real, 219.0 MB
[runlim] sample:		123.3 time, 130.1 real, 269.0 MB
[runlim] sample:		133.3 time, 140.1 real, 579.1 MB
[runlim] sample:		143.3 time, 150.1 real, 898.0 MB
[runlim] sample:		153.3 time, 160.1 real, 1202.4 MB
[runlim] sample:		163.3 time, 170.1 real, 1518.1 MB
[runlim] sample:		173.3 time, 180.1 real, 1824.2 MB
[runlim] sample:		183.3 time, 190.1 real, 2143.2 MB
[runlim] sample:		193.3 time, 200.1 real, 2429.2 MB
[runlim] sample:		203.3 time, 210.1 real, 2733.0 MB
[runlim] sample:		213.3 time, 220.1 real, 3187.2 MB
[runlim] sample:		223.3 time, 230.1 real, 3637.1 MB
CVC4 interrupted by SIGTERM.
[runlim] end:			Mon Jan 28 18:00:55 2019
[runlim] status:		out of memory
[runlim] result:		3
[runlim] children:		0
[runlim] real:			238.36 seconds
[runlim] time:			231.48 seconds
[runlim] space:			4001.5 MB
[runlim] samples:		2382
