[runlim] version:		1.10fixed
[runlim] time limit:		300 seconds
[runlim] real time limit:	311040000 seconds
[runlim] space limit:		4000 MB
[runlim] argv[0]:		./cvc4
[runlim] argv[1]:		--fmf-fun-rlv
[runlim] argv[2]:		/tmp/s9zP5mNI.smt2
[runlim] start:			Tue Jan 29 15:11:43 2019
[runlim] main pid:		25735
[runlim] sample:		8.2 time, 10.6 real, 46.6 MB
[runlim] sample:		18.2 time, 20.6 real, 306.9 MB
[runlim] sample:		28.2 time, 30.6 real, 534.8 MB
[runlim] sample:		38.2 time, 40.6 real, 595.3 MB
[runlim] sample:		48.2 time, 50.6 real, 595.6 MB
[runlim] sample:		58.2 time, 60.6 real, 595.9 MB
[runlim] sample:		68.2 time, 70.6 real, 596.1 MB
[runlim] sample:		78.2 time, 80.6 real, 596.1 MB
[runlim] sample:		88.2 time, 90.6 real, 596.4 MB
[runlim] sample:		98.2 time, 100.6 real, 596.6 MB
[runlim] sample:		108.1 time, 110.6 real, 596.9 MB
[runlim] sample:		118.1 time, 120.6 real, 597.2 MB
[runlim] sample:		128.1 time, 130.6 real, 597.2 MB
[runlim] sample:		138.1 time, 140.6 real, 597.2 MB
[runlim] sample:		147.0 time, 150.6 real, 597.4 MB
[runlim] sample:		156.3 time, 160.6 real, 597.7 MB
[runlim] sample:		165.1 time, 170.6 real, 597.9 MB
[runlim] sample:		174.4 time, 180.6 real, 597.9 MB
[runlim] sample:		183.9 time, 190.6 real, 598.2 MB
[runlim] sample:		193.4 time, 200.6 real, 598.4 MB
[runlim] sample:		202.9 time, 210.6 real, 598.7 MB
[runlim] sample:		212.7 time, 220.6 real, 598.7 MB
[runlim] sample:		221.7 time, 230.6 real, 599.0 MB
[runlim] sample:		231.0 time, 240.6 real, 599.2 MB
[runlim] sample:		240.6 time, 250.6 real, 599.5 MB
[runlim] sample:		250.4 time, 260.6 real, 599.7 MB
[runlim] sample:		260.1 time, 270.6 real, 599.7 MB
[runlim] sample:		269.0 time, 280.6 real, 600.0 MB
[runlim] sample:		278.6 time, 290.6 real, 600.0 MB
[runlim] sample:		288.0 time, 300.6 real, 600.2 MB
[runlim] sample:		297.3 time, 310.6 real, 600.5 MB
CVC4 interrupted by SIGTERM.
[runlim] end:			Tue Jan 29 15:16:56 2019
[runlim] status:		out of time
[runlim] result:		2
[runlim] children:		0
[runlim] real:			313.58 seconds
[runlim] time:			300.06 seconds
[runlim] space:			600.5 MB
[runlim] samples:		3129
