[runlim] version:		1.10fixed
[runlim] time limit:		300 seconds
[runlim] real time limit:	311040000 seconds
[runlim] space limit:		4000 MB
[runlim] argv[0]:		./cvc4
[runlim] argv[1]:		--fmf-fun-rlv
[runlim] argv[2]:		/tmp/GDEpVj30.smt2
[runlim] start:			Mon Jan 28 18:12:22 2019
[runlim] main pid:		12202
[runlim] sample:		9.6 time, 10.8 real, 42.5 MB
[runlim] sample:		19.6 time, 20.8 real, 52.6 MB
[runlim] sample:		29.6 time, 30.8 real, 59.0 MB
[runlim] sample:		39.6 time, 40.8 real, 64.2 MB
[runlim] sample:		49.6 time, 50.8 real, 68.6 MB
[runlim] sample:		59.6 time, 60.8 real, 72.2 MB
[runlim] sample:		69.6 time, 70.8 real, 77.1 MB
[runlim] sample:		79.5 time, 80.8 real, 81.2 MB
[runlim] sample:		89.5 time, 90.8 real, 84.6 MB
[runlim] sample:		99.5 time, 100.8 real, 87.1 MB
[runlim] sample:		109.5 time, 110.8 real, 89.4 MB
[runlim] sample:		119.5 time, 120.8 real, 92.0 MB
[runlim] sample:		129.5 time, 130.8 real, 93.8 MB
[runlim] sample:		139.5 time, 140.8 real, 96.2 MB
[runlim] sample:		149.5 time, 150.8 real, 98.0 MB
[runlim] sample:		159.5 time, 160.8 real, 99.5 MB
[runlim] sample:		169.5 time, 170.8 real, 101.0 MB
[runlim] sample:		179.5 time, 180.8 real, 104.1 MB
[runlim] sample:		189.5 time, 190.8 real, 105.2 MB
[runlim] sample:		199.5 time, 200.8 real, 106.5 MB
[runlim] sample:		209.5 time, 210.8 real, 107.5 MB
[runlim] sample:		219.5 time, 220.8 real, 109.3 MB
[runlim] sample:		229.5 time, 230.8 real, 110.6 MB
[runlim] sample:		239.5 time, 240.8 real, 111.9 MB
[runlim] sample:		249.5 time, 250.8 real, 112.9 MB
[runlim] sample:		259.5 time, 260.8 real, 114.5 MB
[runlim] sample:		269.5 time, 270.8 real, 115.5 MB
[runlim] sample:		279.5 time, 280.8 real, 116.5 MB
[runlim] sample:		289.5 time, 290.8 real, 117.8 MB
[runlim] sample:		299.5 time, 300.8 real, 118.6 MB
CVC4 interrupted by SIGTERM.
[runlim] end:			Mon Jan 28 18:17:23 2019
[runlim] status:		out of time
[runlim] result:		2
[runlim] children:		0
[runlim] real:			301.39 seconds
[runlim] time:			300.10 seconds
[runlim] space:			118.8 MB
[runlim] samples:		3006
