[runlim] version:		1.10fixed
[runlim] time limit:		300 seconds
[runlim] real time limit:	311040000 seconds
[runlim] space limit:		4000 MB
[runlim] argv[0]:		./cvc4
[runlim] argv[1]:		--fmf-fun-rlv
[runlim] argv[2]:		/tmp/9W2ULYFd.smt2
[runlim] start:			Mon Jan 28 18:12:25 2019
[runlim] main pid:		14763
[runlim] sample:		9.9 time, 11.0 real, 41.6 MB
[runlim] sample:		19.5 time, 21.0 real, 61.2 MB
[runlim] sample:		28.2 time, 31.0 real, 77.9 MB
[runlim] sample:		37.9 time, 41.0 real, 97.5 MB
[runlim] sample:		47.5 time, 51.0 real, 115.8 MB
[runlim] sample:		57.2 time, 61.0 real, 134.6 MB
[runlim] sample:		66.8 time, 71.0 real, 153.2 MB
[runlim] sample:		76.5 time, 81.0 real, 175.6 MB
[runlim] sample:		86.1 time, 91.0 real, 194.2 MB
[runlim] sample:		95.8 time, 101.0 real, 211.9 MB
[runlim] sample:		105.4 time, 111.0 real, 230.2 MB
[runlim] sample:		115.1 time, 121.0 real, 249.8 MB
[runlim] sample:		124.8 time, 131.0 real, 270.4 MB
[runlim] sample:		134.4 time, 141.0 real, 287.7 MB
[runlim] sample:		144.3 time, 151.0 real, 305.0 MB
[runlim] sample:		154.2 time, 161.0 real, 323.5 MB
[runlim] sample:		164.2 time, 171.0 real, 347.2 MB
[runlim] sample:		174.2 time, 181.0 real, 368.6 MB
[runlim] sample:		183.9 time, 191.0 real, 385.9 MB
[runlim] sample:		193.7 time, 201.0 real, 404.2 MB
[runlim] sample:		203.7 time, 211.0 real, 422.2 MB
[runlim] sample:		213.7 time, 221.0 real, 441.0 MB
[runlim] sample:		223.7 time, 231.0 real, 463.9 MB
[runlim] sample:		233.7 time, 241.0 real, 481.2 MB
[runlim] sample:		243.7 time, 251.0 real, 490.0 MB
[runlim] sample:		253.7 time, 261.0 real, 490.0 MB
[runlim] sample:		263.7 time, 271.0 real, 490.0 MB
[runlim] sample:		273.7 time, 281.0 real, 490.0 MB
[runlim] sample:		283.7 time, 291.0 real, 491.0 MB
[runlim] sample:		293.7 time, 301.0 real, 501.6 MB
CVC4 interrupted by SIGTERM.
[runlim] end:			Mon Jan 28 18:17:32 2019
[runlim] status:		out of time
[runlim] result:		2
[runlim] children:		0
[runlim] real:			307.40 seconds
[runlim] time:			300.07 seconds
[runlim] space:			512.1 MB
[runlim] samples:		3064
