[runlim] version:		1.10fixed
[runlim] time limit:		300 seconds
[runlim] real time limit:	311040000 seconds
[runlim] space limit:		4000 MB
[runlim] argv[0]:		./cvc4
[runlim] argv[1]:		--fmf-fun-rlv
[runlim] argv[2]:		/tmp/W6STs1st.smt2
[runlim] start:			Mon Jan 28 18:12:27 2019
[runlim] main pid:		16658
[runlim] sample:		9.7 time, 10.8 real, 49.6 MB
[runlim] sample:		19.7 time, 20.7 real, 78.9 MB
[runlim] sample:		29.7 time, 30.7 real, 107.4 MB
[runlim] sample:		39.7 time, 40.8 real, 139.3 MB
[runlim] sample:		49.5 time, 50.8 real, 166.5 MB
[runlim] sample:		58.5 time, 60.8 real, 192.6 MB
[runlim] sample:		66.2 time, 70.8 real, 214.6 MB
[runlim] sample:		75.1 time, 80.8 real, 242.1 MB
[runlim] sample:		85.0 time, 90.8 real, 270.9 MB
[runlim] sample:		95.0 time, 100.8 real, 299.8 MB
[runlim] sample:		105.0 time, 110.8 real, 323.8 MB
[runlim] sample:		114.9 time, 120.8 real, 352.3 MB
[runlim] sample:		122.5 time, 130.8 real, 371.6 MB
[runlim] sample:		130.9 time, 140.8 real, 393.8 MB
[runlim] sample:		140.3 time, 150.8 real, 423.9 MB
[runlim] sample:		148.4 time, 160.8 real, 447.6 MB
[runlim] sample:		158.4 time, 170.7 real, 469.3 MB
[runlim] sample:		166.9 time, 180.7 real, 484.4 MB
[runlim] sample:		176.6 time, 190.7 real, 511.7 MB
[runlim] sample:		186.3 time, 200.7 real, 539.3 MB
[runlim] sample:		194.9 time, 210.7 real, 565.6 MB
[runlim] sample:		204.0 time, 220.7 real, 589.3 MB
[runlim] sample:		213.6 time, 230.7 real, 614.8 MB
[runlim] sample:		221.8 time, 240.7 real, 636.7 MB
[runlim] sample:		229.8 time, 250.7 real, 663.0 MB
[runlim] sample:		239.4 time, 260.7 real, 689.5 MB
[runlim] sample:		248.3 time, 270.7 real, 714.3 MB
[runlim] sample:		256.9 time, 280.7 real, 737.0 MB
[runlim] sample:		266.6 time, 290.7 real, 763.0 MB
[runlim] sample:		276.3 time, 300.7 real, 788.3 MB
[runlim] sample:		286.2 time, 310.7 real, 826.6 MB
[runlim] sample:		295.1 time, 320.8 real, 852.7 MB
[runlim] end:			Mon Jan 28 18:17:50 2019
[runlim] status:		signal(9)
[runlim] result:		11
[runlim] children:		0
[runlim] real:			323.10 seconds
[runlim] time:			297.37 seconds
[runlim] space:			863.3 MB
[runlim] samples:		3223
