[runlim] version:		1.10fixed
[runlim] time limit:		300 seconds
[runlim] real time limit:	311040000 seconds
[runlim] space limit:		4000 MB
[runlim] argv[0]:		./cvc4
[runlim] argv[1]:		--fmf-fun-rlv
[runlim] argv[2]:		/tmp/x7vQgkrR.smt2
[runlim] start:			Mon Jan 28 18:12:40 2019
[runlim] main pid:		14880
[runlim] sample:		7.8 time, 10.2 real, 41.3 MB
[runlim] sample:		17.6 time, 20.2 real, 64.6 MB
[runlim] sample:		27.6 time, 30.2 real, 90.0 MB
[runlim] sample:		37.5 time, 40.2 real, 114.1 MB
[runlim] sample:		47.5 time, 50.2 real, 140.9 MB
[runlim] sample:		57.5 time, 60.2 real, 164.0 MB
[runlim] sample:		67.5 time, 70.2 real, 188.4 MB
[runlim] sample:		77.5 time, 80.2 real, 213.1 MB
[runlim] sample:		87.5 time, 90.2 real, 239.8 MB
[runlim] sample:		97.5 time, 100.2 real, 265.4 MB
[runlim] sample:		107.5 time, 110.2 real, 288.8 MB
[runlim] sample:		117.5 time, 120.2 real, 312.8 MB
[runlim] sample:		127.5 time, 130.2 real, 338.0 MB
[runlim] sample:		136.6 time, 140.2 real, 358.6 MB
[runlim] sample:		145.4 time, 150.2 real, 377.9 MB
[runlim] sample:		155.4 time, 160.2 real, 401.4 MB
[runlim] sample:		165.4 time, 170.2 real, 429.8 MB
[runlim] sample:		174.3 time, 180.2 real, 452.3 MB
[runlim] sample:		182.6 time, 190.2 real, 478.0 MB
[runlim] sample:		191.6 time, 200.2 real, 482.9 MB
[runlim] sample:		201.2 time, 210.2 real, 499.1 MB
[runlim] sample:		211.0 time, 220.2 real, 520.8 MB
[runlim] sample:		218.9 time, 230.2 real, 537.5 MB
[runlim] sample:		227.6 time, 240.2 real, 557.9 MB
[runlim] sample:		237.6 time, 250.2 real, 583.8 MB
[runlim] sample:		247.6 time, 260.2 real, 607.0 MB
[runlim] sample:		257.6 time, 270.2 real, 628.7 MB
[runlim] sample:		267.6 time, 280.2 real, 654.0 MB
[runlim] sample:		277.6 time, 290.2 real, 675.4 MB
[runlim] sample:		287.6 time, 300.2 real, 697.0 MB
[runlim] sample:		297.6 time, 310.2 real, 718.4 MB
CVC4 interrupted by SIGTERM.
[runlim] end:			Mon Jan 28 18:17:52 2019
[runlim] status:		out of time
[runlim] result:		2
[runlim] children:		0
[runlim] real:			312.61 seconds
[runlim] time:			300.03 seconds
[runlim] space:			723.9 MB
[runlim] samples:		3124
