[runlim] version:		1.10fixed
[runlim] time limit:		300 seconds
[runlim] real time limit:	311040000 seconds
[runlim] space limit:		4000 MB
[runlim] argv[0]:		./cvc4
[runlim] argv[1]:		--fmf-fun-rlv
[runlim] argv[2]:		/tmp/UOpNejTv.smt2
[runlim] start:			Tue Jan 29 15:39:24 2019
[runlim] main pid:		14714
[runlim] sample:		9.2 time, 11.0 real, 65.7 MB
[runlim] sample:		18.9 time, 21.0 real, 110.2 MB
[runlim] sample:		27.9 time, 31.0 real, 152.3 MB
[runlim] sample:		37.5 time, 41.0 real, 196.0 MB
[runlim] sample:		47.2 time, 51.0 real, 244.5 MB
[runlim] sample:		56.2 time, 61.0 real, 284.0 MB
[runlim] sample:		65.4 time, 71.0 real, 324.5 MB
[runlim] sample:		75.0 time, 81.0 real, 367.5 MB
[runlim] sample:		85.0 time, 91.0 real, 420.2 MB
[runlim] sample:		95.0 time, 101.0 real, 476.6 MB
[runlim] sample:		105.0 time, 111.0 real, 498.5 MB
[runlim] sample:		114.9 time, 121.0 real, 543.1 MB
[runlim] sample:		124.6 time, 131.0 real, 588.9 MB
[runlim] sample:		134.6 time, 141.0 real, 632.0 MB
[runlim] sample:		144.6 time, 151.0 real, 679.8 MB
[runlim] sample:		153.9 time, 161.0 real, 719.7 MB
[runlim] sample:		163.9 time, 171.0 real, 761.5 MB
[runlim] sample:		173.9 time, 181.0 real, 815.5 MB
[runlim] sample:		183.9 time, 191.0 real, 858.9 MB
[runlim] sample:		193.9 time, 201.0 real, 915.6 MB
[runlim] sample:		203.9 time, 211.0 real, 935.6 MB
[runlim] sample:		213.9 time, 221.0 real, 979.7 MB
[runlim] sample:		223.9 time, 231.0 real, 1024.0 MB
[runlim] sample:		233.9 time, 241.0 real, 1067.3 MB
[runlim] sample:		243.9 time, 251.0 real, 1110.9 MB
[runlim] sample:		253.9 time, 261.0 real, 1156.2 MB
[runlim] sample:		263.9 time, 271.0 real, 1200.8 MB
[runlim] sample:		273.9 time, 281.0 real, 1243.6 MB
[runlim] sample:		283.9 time, 291.0 real, 1290.6 MB
[runlim] sample:		293.8 time, 301.0 real, 1337.9 MB
CVC4 interrupted by SIGTERM.
[runlim] end:			Tue Jan 29 15:44:31 2019
[runlim] status:		out of time
[runlim] result:		2
[runlim] children:		0
[runlim] real:			307.26 seconds
[runlim] time:			300.03 seconds
[runlim] space:			1338.4 MB
[runlim] samples:		3062
