[runlim] version:		1.10fixed
[runlim] time limit:		300 seconds
[runlim] real time limit:	311040000 seconds
[runlim] space limit:		4000 MB
[runlim] argv[0]:		./cvc4
[runlim] argv[1]:		--fmf-fun-rlv
[runlim] argv[2]:		/tmp/IDxNqknp.smt2
[runlim] start:			Mon Jan 28 17:50:26 2019
[runlim] main pid:		2686
/tmp/IDxNqknp.smt2:4.12: No set-logic command was given before this point.
/tmp/IDxNqknp.smt2:4.12: CVC4 will make all theories available.
/tmp/IDxNqknp.smt2:4.12: Consider setting a stricter logic for (likely) better performance.
/tmp/IDxNqknp.smt2:4.12: To suppress this warning in the future use (set-logic ALL).
[runlim] sample:		8.5 time, 10.4 real, 37.9 MB
[runlim] sample:		18.3 time, 20.4 real, 39.5 MB
[runlim] sample:		28.1 time, 30.4 real, 41.7 MB
[runlim] sample:		37.9 time, 40.4 real, 51.2 MB
[runlim] sample:		47.9 time, 50.4 real, 59.2 MB
[runlim] sample:		57.5 time, 60.4 real, 60.7 MB
[runlim] sample:		67.1 time, 70.4 real, 63.8 MB
[runlim] sample:		77.0 time, 80.4 real, 67.4 MB
[runlim] sample:		86.8 time, 90.4 real, 70.7 MB
[runlim] sample:		96.8 time, 100.4 real, 73.0 MB
[runlim] sample:		106.0 time, 110.4 real, 76.5 MB
[runlim] sample:		114.8 time, 120.4 real, 77.0 MB
[runlim] sample:		124.1 time, 130.4 real, 77.7 MB
[runlim] sample:		133.0 time, 140.4 real, 81.9 MB
[runlim] sample:		142.8 time, 150.4 real, 83.6 MB
[runlim] sample:		152.0 time, 160.4 real, 84.4 MB
[runlim] sample:		160.4 time, 170.4 real, 84.6 MB
[runlim] sample:		170.2 time, 180.4 real, 86.9 MB
[runlim] sample:		180.2 time, 190.4 real, 88.2 MB
[runlim] sample:		190.2 time, 200.4 real, 88.6 MB
[runlim] sample:		200.2 time, 210.4 real, 91.5 MB
[runlim] sample:		210.2 time, 220.4 real, 91.7 MB
[runlim] sample:		220.2 time, 230.4 real, 93.3 MB
[runlim] sample:		230.2 time, 240.4 real, 93.5 MB
[runlim] sample:		240.2 time, 250.4 real, 94.0 MB
[runlim] sample:		250.2 time, 260.4 real, 97.3 MB
[runlim] sample:		260.2 time, 270.4 real, 97.8 MB
[runlim] sample:		270.2 time, 280.4 real, 98.5 MB
[runlim] sample:		280.2 time, 290.4 real, 98.8 MB
[runlim] sample:		290.2 time, 300.4 real, 103.4 MB
CVC4 interrupted by SIGTERM.
[runlim] end:			Mon Jan 28 17:55:36 2019
[runlim] status:		out of time
[runlim] result:		2
[runlim] children:		0
[runlim] real:			310.34 seconds
[runlim] time:			300.05 seconds
[runlim] space:			103.9 MB
[runlim] samples:		3099
