[runlim] version:		1.10fixed
[runlim] time limit:		300 seconds
[runlim] real time limit:	311040000 seconds
[runlim] space limit:		4000 MB
[runlim] argv[0]:		./cvc4
[runlim] argv[1]:		--fmf-fun-rlv
[runlim] argv[2]:		/tmp/DvO5RsHt.smt2
[runlim] start:			Tue Jan 29 15:23:06 2019
[runlim] main pid:		26292
/tmp/DvO5RsHt.smt2:4.12: No set-logic command was given before this point.
/tmp/DvO5RsHt.smt2:4.12: CVC4 will make all theories available.
/tmp/DvO5RsHt.smt2:4.12: Consider setting a stricter logic for (likely) better performance.
/tmp/DvO5RsHt.smt2:4.12: To suppress this warning in the future use (set-logic ALL).
[runlim] sample:		7.8 time, 10.1 real, 40.1 MB
[runlim] sample:		17.2 time, 20.1 real, 46.6 MB
[runlim] sample:		27.2 time, 30.1 real, 53.3 MB
[runlim] sample:		37.2 time, 40.1 real, 57.3 MB
[runlim] sample:		47.2 time, 50.1 real, 59.1 MB
[runlim] sample:		57.0 time, 60.1 real, 67.3 MB
[runlim] sample:		66.7 time, 70.1 real, 71.3 MB
[runlim] sample:		76.7 time, 80.1 real, 74.3 MB
[runlim] sample:		86.7 time, 90.1 real, 75.3 MB
[runlim] sample:		96.7 time, 100.1 real, 77.4 MB
[runlim] sample:		106.7 time, 110.1 real, 79.1 MB
[runlim] sample:		116.7 time, 120.1 real, 81.1 MB
[runlim] sample:		126.7 time, 130.1 real, 81.6 MB
[runlim] sample:		136.7 time, 140.1 real, 81.9 MB
[runlim] sample:		146.7 time, 150.1 real, 83.1 MB
[runlim] sample:		156.7 time, 160.1 real, 83.9 MB
[runlim] sample:		166.7 time, 170.1 real, 87.0 MB
[runlim] sample:		176.7 time, 180.1 real, 87.2 MB
[runlim] sample:		186.7 time, 190.1 real, 88.0 MB
[runlim] sample:		196.7 time, 200.1 real, 89.8 MB
[runlim] sample:		206.7 time, 210.1 real, 90.5 MB
[runlim] sample:		216.7 time, 220.1 real, 90.8 MB
[runlim] sample:		226.1 time, 230.1 real, 91.2 MB
[runlim] sample:		235.1 time, 240.1 real, 94.4 MB
[runlim] sample:		245.1 time, 250.1 real, 95.9 MB
[runlim] sample:		255.1 time, 260.1 real, 96.4 MB
[runlim] sample:		265.1 time, 270.1 real, 96.9 MB
[runlim] sample:		275.1 time, 280.1 real, 99.5 MB
[runlim] sample:		285.1 time, 290.1 real, 100.8 MB
[runlim] sample:		295.1 time, 300.1 real, 100.8 MB
CVC4 interrupted by SIGTERM.
[runlim] end:			Tue Jan 29 15:28:11 2019
[runlim] status:		out of time
[runlim] result:		2
[runlim] children:		0
[runlim] real:			305.07 seconds
[runlim] time:			300.05 seconds
[runlim] space:			102.0 MB
[runlim] samples:		3050
