[runlim] version:		1.10fixed
[runlim] time limit:		300 seconds
[runlim] real time limit:	311040000 seconds
[runlim] space limit:		4000 MB
[runlim] argv[0]:		./cvc4
[runlim] argv[1]:		--fmf-fun-rlv
[runlim] argv[2]:		/tmp/Z3byObU5.smt2
[runlim] start:			Mon Jan 28 17:50:30 2019
[runlim] main pid:		14085
/tmp/Z3byObU5.smt2:4.12: No set-logic command was given before this point.
/tmp/Z3byObU5.smt2:4.12: CVC4 will make all theories available.
/tmp/Z3byObU5.smt2:4.12: Consider setting a stricter logic for (likely) better performance.
/tmp/Z3byObU5.smt2:4.12: To suppress this warning in the future use (set-logic ALL).
[runlim] sample:		9.8 time, 10.9 real, 36.3 MB
[runlim] sample:		18.8 time, 20.9 real, 45.6 MB
[runlim] sample:		28.1 time, 30.9 real, 53.8 MB
[runlim] sample:		37.5 time, 40.9 real, 69.0 MB
[runlim] sample:		47.0 time, 50.9 real, 70.3 MB
[runlim] sample:		56.7 time, 60.9 real, 73.9 MB
[runlim] sample:		65.7 time, 70.9 real, 77.5 MB
[runlim] sample:		74.5 time, 80.9 real, 79.6 MB
[runlim] sample:		83.8 time, 90.9 real, 80.1 MB
[runlim] sample:		91.3 time, 100.9 real, 80.4 MB
[runlim] sample:		100.4 time, 110.9 real, 81.4 MB
[runlim] sample:		110.3 time, 120.9 real, 82.5 MB
[runlim] sample:		120.3 time, 130.9 real, 84.7 MB
[runlim] sample:		130.3 time, 140.9 real, 86.0 MB
[runlim] sample:		140.3 time, 150.9 real, 86.3 MB
[runlim] sample:		150.2 time, 160.9 real, 87.5 MB
[runlim] sample:		160.2 time, 170.9 real, 91.1 MB
[runlim] sample:		170.2 time, 180.9 real, 95.0 MB
[runlim] sample:		180.2 time, 190.9 real, 95.8 MB
[runlim] sample:		190.2 time, 200.9 real, 96.3 MB
[runlim] sample:		200.2 time, 210.9 real, 97.1 MB
[runlim] sample:		210.2 time, 220.9 real, 97.3 MB
[runlim] sample:		220.2 time, 230.9 real, 97.8 MB
[runlim] sample:		230.2 time, 240.9 real, 98.4 MB
[runlim] sample:		240.2 time, 250.9 real, 99.1 MB
[runlim] sample:		250.2 time, 260.9 real, 99.4 MB
[runlim] sample:		260.2 time, 270.9 real, 100.2 MB
[runlim] sample:		270.2 time, 280.9 real, 100.4 MB
[runlim] sample:		280.2 time, 290.9 real, 100.9 MB
[runlim] sample:		290.2 time, 300.9 real, 101.5 MB
CVC4 interrupted by SIGTERM.
[runlim] end:			Mon Jan 28 17:55:40 2019
[runlim] status:		out of time
[runlim] result:		2
[runlim] children:		0
[runlim] real:			310.74 seconds
[runlim] time:			300.03 seconds
[runlim] space:			102.0 MB
[runlim] samples:		3098
