[runlim] version:		1.10fixed
[runlim] time limit:		300 seconds
[runlim] real time limit:	311040000 seconds
[runlim] space limit:		4000 MB
[runlim] argv[0]:		./cvc4
[runlim] argv[1]:		--fmf-fun-rlv
[runlim] argv[2]:		/tmp/I8dOwO1Z.smt2
[runlim] start:			Mon Jan 28 17:52:28 2019
[runlim] main pid:		8398
/tmp/I8dOwO1Z.smt2:4.12: No set-logic command was given before this point.
/tmp/I8dOwO1Z.smt2:4.12: CVC4 will make all theories available.
/tmp/I8dOwO1Z.smt2:4.12: Consider setting a stricter logic for (likely) better performance.
/tmp/I8dOwO1Z.smt2:4.12: To suppress this warning in the future use (set-logic ALL).
[runlim] sample:		9.5 time, 10.5 real, 39.7 MB
[runlim] sample:		19.5 time, 20.5 real, 50.2 MB
[runlim] sample:		29.2 time, 30.5 real, 55.8 MB
[runlim] sample:		39.2 time, 40.5 real, 57.8 MB
[runlim] sample:		49.2 time, 50.5 real, 59.6 MB
[runlim] sample:		59.2 time, 60.5 real, 61.6 MB
[runlim] sample:		69.2 time, 70.5 real, 64.4 MB
[runlim] sample:		79.2 time, 80.5 real, 65.2 MB
[runlim] sample:		89.2 time, 90.5 real, 67.0 MB
[runlim] sample:		99.2 time, 100.5 real, 68.7 MB
[runlim] sample:		108.2 time, 110.5 real, 73.0 MB
[runlim] sample:		116.9 time, 120.5 real, 73.2 MB
[runlim] sample:		125.6 time, 130.5 real, 73.4 MB
[runlim] sample:		134.2 time, 140.5 real, 73.4 MB
[runlim] sample:		143.8 time, 150.5 real, 73.7 MB
[runlim] sample:		152.5 time, 160.5 real, 73.9 MB
[runlim] sample:		161.6 time, 170.5 real, 74.9 MB
[runlim] sample:		171.2 time, 180.5 real, 74.9 MB
[runlim] sample:		181.1 time, 190.5 real, 77.3 MB
[runlim] sample:		191.1 time, 200.5 real, 79.1 MB
[runlim] sample:		201.1 time, 210.5 real, 80.1 MB
[runlim] sample:		209.9 time, 220.5 real, 82.1 MB
[runlim] sample:		219.5 time, 230.5 real, 85.5 MB
[runlim] sample:		229.5 time, 240.5 real, 85.7 MB
[runlim] sample:		239.2 time, 250.5 real, 86.0 MB
[runlim] sample:		248.3 time, 260.5 real, 86.4 MB
[runlim] sample:		257.6 time, 270.5 real, 89.4 MB
[runlim] sample:		266.9 time, 280.5 real, 89.9 MB
[runlim] sample:		276.7 time, 290.5 real, 90.9 MB
[runlim] sample:		286.5 time, 300.5 real, 91.9 MB
[runlim] sample:		296.2 time, 310.5 real, 92.9 MB
CVC4 interrupted by SIGTERM.
[runlim] end:			Mon Jan 28 17:57:42 2019
[runlim] status:		out of time
[runlim] result:		2
[runlim] children:		0
[runlim] real:			314.56 seconds
[runlim] time:			300.06 seconds
[runlim] space:			93.2 MB
[runlim] samples:		3140
