[runlim] version:		1.10fixed
[runlim] time limit:		300 seconds
[runlim] real time limit:	311040000 seconds
[runlim] space limit:		4000 MB
[runlim] argv[0]:		./cvc4
[runlim] argv[1]:		--fmf-fun-rlv
[runlim] argv[2]:		/tmp/0Sbdgk3K.smt2
[runlim] start:			Mon Jan 28 17:49:43 2019
[runlim] main pid:		3227
/tmp/0Sbdgk3K.smt2:4.12: No set-logic command was given before this point.
/tmp/0Sbdgk3K.smt2:4.12: CVC4 will make all theories available.
/tmp/0Sbdgk3K.smt2:4.12: Consider setting a stricter logic for (likely) better performance.
/tmp/0Sbdgk3K.smt2:4.12: To suppress this warning in the future use (set-logic ALL).
[runlim] sample:		9.0 time, 10.0 real, 36.8 MB
[runlim] sample:		18.5 time, 20.0 real, 40.0 MB
[runlim] sample:		28.5 time, 30.0 real, 41.0 MB
[runlim] sample:		38.5 time, 40.0 real, 41.4 MB
[runlim] sample:		48.3 time, 50.0 real, 42.2 MB
[runlim] sample:		58.3 time, 60.0 real, 42.4 MB
[runlim] sample:		68.3 time, 70.0 real, 44.1 MB
[runlim] sample:		78.3 time, 80.0 real, 45.4 MB
[runlim] sample:		88.3 time, 90.0 real, 45.8 MB
[runlim] sample:		98.3 time, 100.0 real, 46.1 MB
[runlim] sample:		108.3 time, 110.0 real, 48.4 MB
[runlim] sample:		118.3 time, 120.0 real, 50.4 MB
[runlim] sample:		128.3 time, 130.0 real, 54.6 MB
[runlim] sample:		138.3 time, 140.0 real, 55.6 MB
[runlim] sample:		148.3 time, 150.0 real, 58.9 MB
[runlim] sample:		158.3 time, 160.0 real, 65.3 MB
[runlim] sample:		168.3 time, 170.0 real, 66.6 MB
[runlim] sample:		178.3 time, 180.0 real, 67.9 MB
[runlim] sample:		188.3 time, 190.0 real, 71.0 MB
[runlim] sample:		198.3 time, 200.0 real, 73.6 MB
[runlim] sample:		208.3 time, 210.0 real, 77.1 MB
[runlim] sample:		218.3 time, 220.0 real, 80.2 MB
[runlim] sample:		228.3 time, 230.0 real, 80.5 MB
[runlim] sample:		238.3 time, 240.0 real, 82.0 MB
[runlim] sample:		248.3 time, 250.0 real, 83.0 MB
[runlim] sample:		258.3 time, 260.0 real, 83.5 MB
[runlim] sample:		268.3 time, 270.0 real, 84.5 MB
[runlim] sample:		278.3 time, 280.0 real, 85.0 MB
[runlim] sample:		288.3 time, 290.0 real, 89.6 MB
[runlim] sample:		298.3 time, 300.0 real, 89.8 MB
CVC4 interrupted by SIGTERM.
[runlim] end:			Mon Jan 28 17:54:44 2019
[runlim] status:		out of time
[runlim] result:		2
[runlim] children:		0
[runlim] real:			301.84 seconds
[runlim] time:			300.07 seconds
[runlim] space:			89.8 MB
[runlim] samples:		3018
