[runlim] version:		1.10fixed
[runlim] time limit:		300 seconds
[runlim] real time limit:	311040000 seconds
[runlim] space limit:		4000 MB
[runlim] argv[0]:		./cvc4
[runlim] argv[1]:		--fmf-fun-rlv
[runlim] argv[2]:		/tmp/rrJ3DR3U.smt2
[runlim] start:			Tue Jan 29 15:20:44 2019
[runlim] main pid:		5296
/tmp/rrJ3DR3U.smt2:4.12: No set-logic command was given before this point.
/tmp/rrJ3DR3U.smt2:4.12: CVC4 will make all theories available.
/tmp/rrJ3DR3U.smt2:4.12: Consider setting a stricter logic for (likely) better performance.
/tmp/rrJ3DR3U.smt2:4.12: To suppress this warning in the future use (set-logic ALL).
[runlim] sample:		9.8 time, 10.5 real, 36.4 MB
[runlim] sample:		19.5 time, 20.5 real, 38.4 MB
[runlim] sample:		29.0 time, 30.5 real, 39.3 MB
[runlim] sample:		38.7 time, 40.5 real, 41.9 MB
[runlim] sample:		48.4 time, 50.5 real, 42.6 MB
[runlim] sample:		58.0 time, 60.5 real, 43.9 MB
[runlim] sample:		66.5 time, 70.5 real, 44.6 MB
[runlim] sample:		74.8 time, 80.5 real, 45.4 MB
[runlim] sample:		83.7 time, 90.5 real, 47.4 MB
[runlim] sample:		93.7 time, 100.5 real, 47.9 MB
[runlim] sample:		103.6 time, 110.5 real, 50.2 MB
[runlim] sample:		113.6 time, 120.5 real, 52.4 MB
[runlim] sample:		123.6 time, 130.5 real, 57.1 MB
[runlim] sample:		133.6 time, 140.5 real, 59.1 MB
[runlim] sample:		143.6 time, 150.5 real, 61.1 MB
[runlim] sample:		153.6 time, 160.5 real, 62.2 MB
[runlim] sample:		163.6 time, 170.5 real, 62.4 MB
[runlim] sample:		173.6 time, 180.5 real, 64.4 MB
[runlim] sample:		183.6 time, 190.5 real, 65.9 MB
[runlim] sample:		193.6 time, 200.5 real, 66.2 MB
[runlim] sample:		203.6 time, 210.5 real, 69.2 MB
[runlim] sample:		213.6 time, 220.5 real, 69.4 MB
[runlim] sample:		223.6 time, 230.5 real, 69.9 MB
[runlim] sample:		233.6 time, 240.5 real, 70.1 MB
[runlim] sample:		243.6 time, 250.5 real, 70.6 MB
[runlim] sample:		253.6 time, 260.5 real, 70.8 MB
[runlim] sample:		263.6 time, 270.5 real, 71.3 MB
[runlim] sample:		273.6 time, 280.5 real, 75.9 MB
[runlim] sample:		283.6 time, 290.5 real, 76.2 MB
[runlim] sample:		293.6 time, 300.5 real, 76.4 MB
CVC4 interrupted by SIGTERM.
[runlim] end:			Tue Jan 29 15:25:51 2019
[runlim] status:		out of time
[runlim] result:		2
[runlim] children:		0
[runlim] real:			307.06 seconds
[runlim] time:			300.05 seconds
[runlim] space:			76.6 MB
[runlim] samples:		3065
