[runlim] version:		1.10fixed
[runlim] time limit:		300 seconds
[runlim] real time limit:	311040000 seconds
[runlim] space limit:		4000 MB
[runlim] argv[0]:		./cvc4
[runlim] argv[1]:		--fmf-fun-rlv
[runlim] argv[2]:		/tmp/yk94oI3t.smt2
[runlim] start:			Mon Jan 28 17:52:00 2019
[runlim] main pid:		21747
/tmp/yk94oI3t.smt2:4.12: No set-logic command was given before this point.
/tmp/yk94oI3t.smt2:4.12: CVC4 will make all theories available.
/tmp/yk94oI3t.smt2:4.12: Consider setting a stricter logic for (likely) better performance.
/tmp/yk94oI3t.smt2:4.12: To suppress this warning in the future use (set-logic ALL).
[runlim] sample:		9.2 time, 10.0 real, 36.4 MB
[runlim] sample:		18.0 time, 20.0 real, 43.9 MB
[runlim] sample:		26.8 time, 30.0 real, 45.4 MB
[runlim] sample:		35.5 time, 40.0 real, 48.0 MB
[runlim] sample:		44.6 time, 50.0 real, 54.4 MB
[runlim] sample:		53.7 time, 60.0 real, 55.4 MB
[runlim] sample:		63.7 time, 70.0 real, 55.9 MB
[runlim] sample:		73.7 time, 80.0 real, 58.0 MB
[runlim] sample:		83.1 time, 90.0 real, 62.8 MB
[runlim] sample:		92.3 time, 100.0 real, 64.9 MB
[runlim] sample:		102.1 time, 110.0 real, 69.5 MB
[runlim] sample:		111.3 time, 120.0 real, 73.7 MB
[runlim] sample:		120.8 time, 130.0 real, 74.9 MB
[runlim] sample:		130.8 time, 140.0 real, 76.1 MB
[runlim] sample:		140.8 time, 150.0 real, 76.3 MB
[runlim] sample:		150.7 time, 160.0 real, 76.3 MB
[runlim] sample:		160.6 time, 170.0 real, 77.8 MB
[runlim] sample:		170.5 time, 180.0 real, 77.8 MB
[runlim] sample:		179.6 time, 190.0 real, 77.8 MB
[runlim] sample:		189.1 time, 200.0 real, 78.1 MB
[runlim] sample:		199.1 time, 210.0 real, 79.4 MB
[runlim] sample:		209.1 time, 220.0 real, 82.5 MB
[runlim] sample:		218.7 time, 230.0 real, 83.0 MB
[runlim] sample:		228.7 time, 240.0 real, 86.6 MB
[runlim] sample:		238.7 time, 250.0 real, 87.6 MB
[runlim] sample:		248.7 time, 260.0 real, 95.6 MB
[runlim] sample:		258.7 time, 270.0 real, 101.2 MB
[runlim] sample:		268.7 time, 280.0 real, 104.3 MB
[runlim] sample:		277.3 time, 290.0 real, 107.0 MB
[runlim] sample:		286.8 time, 300.0 real, 107.0 MB
[runlim] sample:		296.2 time, 310.0 real, 107.3 MB
CVC4 interrupted by SIGTERM.
[runlim] end:			Mon Jan 28 17:57:14 2019
[runlim] status:		out of time
[runlim] result:		2
[runlim] children:		0
[runlim] real:			314.04 seconds
[runlim] time:			300.09 seconds
[runlim] space:			107.5 MB
[runlim] samples:		3140
