[runlim] version:		1.10fixed
[runlim] time limit:		300 seconds
[runlim] real time limit:	311040000 seconds
[runlim] space limit:		4000 MB
[runlim] argv[0]:		./cvc4
[runlim] argv[1]:		--fmf-fun-rlv
[runlim] argv[2]:		/tmp/lCjEejdc.smt2
[runlim] start:			Tue Jan 29 15:20:17 2019
[runlim] main pid:		13163
/tmp/lCjEejdc.smt2:4.12: No set-logic command was given before this point.
/tmp/lCjEejdc.smt2:4.12: CVC4 will make all theories available.
/tmp/lCjEejdc.smt2:4.12: Consider setting a stricter logic for (likely) better performance.
/tmp/lCjEejdc.smt2:4.12: To suppress this warning in the future use (set-logic ALL).
[runlim] sample:		9.7 time, 10.2 real, 39.5 MB
[runlim] sample:		19.4 time, 20.2 real, 46.7 MB
[runlim] sample:		29.0 time, 30.2 real, 51.3 MB
[runlim] sample:		38.6 time, 40.2 real, 54.8 MB
[runlim] sample:		48.0 time, 50.2 real, 57.6 MB
[runlim] sample:		57.5 time, 60.2 real, 59.9 MB
[runlim] sample:		66.3 time, 70.2 real, 64.3 MB
[runlim] end:			Tue Jan 29 15:21:32 2019
[runlim] status:		ok
[runlim] result:		0
[runlim] children:		0
[runlim] real:			75.04 seconds
[runlim] time:			71.06 seconds
[runlim] space:			66.1 MB
[runlim] samples:		748
