[runlim] version:		1.10fixed
[runlim] time limit:		300 seconds
[runlim] real time limit:	311040000 seconds
[runlim] space limit:		4000 MB
[runlim] argv[0]:		./cvc4
[runlim] argv[1]:		--fmf-fun-rlv
[runlim] argv[2]:		/tmp/0Yy6aFvf.smt2
[runlim] start:			Tue Jan 29 15:21:51 2019
[runlim] main pid:		18005
/tmp/0Yy6aFvf.smt2:4.12: No set-logic command was given before this point.
/tmp/0Yy6aFvf.smt2:4.12: CVC4 will make all theories available.
/tmp/0Yy6aFvf.smt2:4.12: Consider setting a stricter logic for (likely) better performance.
/tmp/0Yy6aFvf.smt2:4.12: To suppress this warning in the future use (set-logic ALL).
[runlim] sample:		9.9 time, 10.4 real, 38.5 MB
[runlim] sample:		19.4 time, 20.4 real, 46.7 MB
[runlim] sample:		28.3 time, 30.4 real, 53.9 MB
[runlim] sample:		37.7 time, 40.4 real, 55.0 MB
[runlim] sample:		47.7 time, 50.4 real, 56.2 MB
[runlim] sample:		56.5 time, 60.4 real, 57.2 MB
[runlim] sample:		65.3 time, 70.4 real, 58.2 MB
[runlim] sample:		75.1 time, 80.4 real, 62.6 MB
[runlim] sample:		84.9 time, 90.4 real, 65.9 MB
[runlim] sample:		94.8 time, 100.4 real, 67.7 MB
[runlim] sample:		104.6 time, 110.4 real, 68.7 MB
[runlim] sample:		114.4 time, 120.4 real, 70.2 MB
[runlim] sample:		124.4 time, 130.4 real, 71.5 MB
[runlim] sample:		134.1 time, 140.4 real, 71.5 MB
[runlim] sample:		144.0 time, 150.4 real, 72.0 MB
[runlim] sample:		153.8 time, 160.4 real, 75.6 MB
[runlim] sample:		163.2 time, 170.4 real, 78.2 MB
[runlim] sample:		171.5 time, 180.4 real, 83.1 MB
[runlim] sample:		180.0 time, 190.4 real, 84.1 MB
[runlim] sample:		188.9 time, 200.4 real, 84.3 MB
[runlim] sample:		197.6 time, 210.4 real, 85.9 MB
[runlim] sample:		206.5 time, 220.4 real, 85.9 MB
[runlim] sample:		215.7 time, 230.4 real, 86.4 MB
[runlim] sample:		225.7 time, 240.4 real, 86.9 MB
[runlim] sample:		235.6 time, 250.4 real, 89.7 MB
[runlim] sample:		245.6 time, 260.4 real, 89.7 MB
[runlim] sample:		255.6 time, 270.4 real, 90.1 MB
[runlim] sample:		265.6 time, 280.4 real, 90.1 MB
[runlim] sample:		275.6 time, 290.4 real, 90.1 MB
[runlim] sample:		285.6 time, 300.4 real, 90.3 MB
[runlim] sample:		295.6 time, 310.4 real, 90.3 MB
CVC4 interrupted by SIGTERM.
[runlim] end:			Tue Jan 29 15:27:05 2019
[runlim] status:		out of time
[runlim] result:		2
[runlim] children:		0
[runlim] real:			314.79 seconds
[runlim] time:			300.03 seconds
[runlim] space:			90.3 MB
[runlim] samples:		3144
