[runlim] version:		1.10fixed
[runlim] time limit:		300 seconds
[runlim] real time limit:	311040000 seconds
[runlim] space limit:		4000 MB
[runlim] argv[0]:		./cvc4
[runlim] argv[1]:		--fmf-fun-rlv
[runlim] argv[2]:		/tmp/E7VMQozP.smt2
[runlim] start:			Mon Jan 28 17:48:10 2019
[runlim] main pid:		21512
/tmp/E7VMQozP.smt2:4.12: No set-logic command was given before this point.
/tmp/E7VMQozP.smt2:4.12: CVC4 will make all theories available.
/tmp/E7VMQozP.smt2:4.12: Consider setting a stricter logic for (likely) better performance.
/tmp/E7VMQozP.smt2:4.12: To suppress this warning in the future use (set-logic ALL).
[runlim] sample:		9.9 time, 10.5 real, 38.0 MB
[runlim] sample:		19.9 time, 20.5 real, 39.2 MB
[runlim] sample:		29.9 time, 30.5 real, 40.5 MB
[runlim] sample:		39.9 time, 40.5 real, 44.6 MB
[runlim] sample:		49.7 time, 50.5 real, 45.5 MB
[runlim] sample:		59.4 time, 60.5 real, 46.3 MB
[runlim] sample:		69.4 time, 70.5 real, 47.3 MB
[runlim] sample:		79.4 time, 80.5 real, 68.4 MB
[runlim] sample:		89.0 time, 90.5 real, 71.5 MB
[runlim] sample:		98.2 time, 100.5 real, 76.1 MB
[runlim] sample:		107.3 time, 110.5 real, 78.9 MB
[runlim] sample:		116.2 time, 120.5 real, 81.0 MB
[runlim] sample:		126.0 time, 130.5 real, 82.8 MB
[runlim] sample:		136.0 time, 140.5 real, 86.0 MB
[runlim] sample:		146.0 time, 150.5 real, 86.2 MB
[runlim] sample:		156.0 time, 160.5 real, 86.7 MB
[runlim] sample:		166.0 time, 170.5 real, 87.0 MB
[runlim] sample:		175.7 time, 180.5 real, 92.3 MB
[runlim] sample:		184.9 time, 190.5 real, 93.6 MB
[runlim] sample:		194.7 time, 200.5 real, 98.0 MB
[runlim] sample:		204.6 time, 210.5 real, 98.5 MB
[runlim] sample:		214.1 time, 220.5 real, 99.2 MB
[runlim] sample:		223.7 time, 230.5 real, 99.5 MB
[runlim] sample:		232.6 time, 240.5 real, 101.7 MB
[runlim] sample:		242.0 time, 250.5 real, 102.2 MB
[runlim] sample:		251.6 time, 260.5 real, 106.5 MB
[runlim] sample:		261.6 time, 270.5 real, 109.6 MB
[runlim] sample:		271.4 time, 280.5 real, 113.4 MB
[runlim] sample:		281.0 time, 290.5 real, 113.6 MB
[runlim] sample:		290.4 time, 300.5 real, 113.6 MB
CVC4 interrupted by SIGTERM.
[runlim] end:			Mon Jan 28 17:53:20 2019
[runlim] status:		out of time
[runlim] result:		2
[runlim] children:		0
[runlim] real:			310.13 seconds
[runlim] time:			300.05 seconds
[runlim] space:			113.9 MB
[runlim] samples:		3096
