[runlim] version:		1.10fixed
[runlim] time limit:		300 seconds
[runlim] real time limit:	311040000 seconds
[runlim] space limit:		4000 MB
[runlim] argv[0]:		./cvc4
[runlim] argv[1]:		--fmf-fun-rlv
[runlim] argv[2]:		/tmp/RV0ZHObM.smt2
[runlim] start:			Mon Jan 28 17:50:33 2019
[runlim] main pid:		6228
/tmp/RV0ZHObM.smt2:4.12: No set-logic command was given before this point.
/tmp/RV0ZHObM.smt2:4.12: CVC4 will make all theories available.
/tmp/RV0ZHObM.smt2:4.12: Consider setting a stricter logic for (likely) better performance.
/tmp/RV0ZHObM.smt2:4.12: To suppress this warning in the future use (set-logic ALL).
[runlim] sample:		9.3 time, 10.0 real, 38.9 MB
[runlim] sample:		18.2 time, 20.0 real, 48.5 MB
[runlim] sample:		27.1 time, 30.0 real, 56.7 MB
[runlim] sample:		36.3 time, 40.0 real, 61.0 MB
[runlim] sample:		46.0 time, 50.0 real, 62.3 MB
[runlim] sample:		55.8 time, 60.0 real, 65.4 MB
[runlim] sample:		65.5 time, 70.0 real, 67.1 MB
[runlim] sample:		75.0 time, 80.0 real, 68.4 MB
[runlim] sample:		84.0 time, 90.0 real, 69.1 MB
[runlim] sample:		93.0 time, 100.0 real, 69.8 MB
[runlim] sample:		102.0 time, 110.0 real, 71.4 MB
[runlim] sample:		111.0 time, 120.0 real, 72.5 MB
[runlim] sample:		120.8 time, 130.0 real, 73.0 MB
[runlim] sample:		130.8 time, 140.0 real, 75.1 MB
[runlim] sample:		140.7 time, 150.0 real, 75.8 MB
[runlim] sample:		150.3 time, 160.0 real, 76.1 MB
[runlim] sample:		160.0 time, 170.0 real, 77.7 MB
[runlim] sample:		169.7 time, 180.0 real, 77.9 MB
[runlim] sample:		179.4 time, 190.0 real, 78.4 MB
[runlim] sample:		188.8 time, 200.0 real, 81.8 MB
[runlim] sample:		198.1 time, 210.0 real, 82.0 MB
[runlim] sample:		207.4 time, 220.0 real, 82.2 MB
[runlim] sample:		217.0 time, 230.0 real, 82.5 MB
[runlim] sample:		226.9 time, 240.0 real, 82.5 MB
[runlim] sample:		236.8 time, 250.0 real, 82.5 MB
[runlim] sample:		246.6 time, 260.0 real, 82.7 MB
[runlim] sample:		256.3 time, 270.0 real, 82.7 MB
[runlim] sample:		265.9 time, 280.0 real, 83.0 MB
[runlim] sample:		275.6 time, 290.0 real, 83.5 MB
[runlim] sample:		285.2 time, 300.0 real, 84.2 MB
[runlim] sample:		294.7 time, 310.0 real, 87.1 MB
CVC4 interrupted by SIGTERM.
[runlim] end:			Mon Jan 28 17:55:48 2019
[runlim] status:		out of time
[runlim] result:		2
[runlim] children:		0
[runlim] real:			315.45 seconds
[runlim] time:			300.06 seconds
[runlim] space:			87.1 MB
[runlim] samples:		3154
