[runlim] version:		1.10fixed
[runlim] time limit:		300 seconds
[runlim] real time limit:	311040000 seconds
[runlim] space limit:		4000 MB
[runlim] argv[0]:		./cvc4
[runlim] argv[1]:		--fmf-fun-rlv
[runlim] argv[2]:		/tmp/OIXTcTtI.smt2
[runlim] start:			Mon Jan 28 17:51:12 2019
[runlim] main pid:		6073
/tmp/OIXTcTtI.smt2:4.12: No set-logic command was given before this point.
/tmp/OIXTcTtI.smt2:4.12: CVC4 will make all theories available.
/tmp/OIXTcTtI.smt2:4.12: Consider setting a stricter logic for (likely) better performance.
/tmp/OIXTcTtI.smt2:4.12: To suppress this warning in the future use (set-logic ALL).
[runlim] sample:		9.2 time, 10.1 real, 38.2 MB
[runlim] sample:		17.5 time, 20.1 real, 46.4 MB
[runlim] sample:		27.0 time, 30.1 real, 51.3 MB
[runlim] sample:		36.8 time, 40.1 real, 56.3 MB
[runlim] sample:		46.8 time, 50.1 real, 62.4 MB
[runlim] sample:		56.8 time, 60.1 real, 67.9 MB
[runlim] sample:		66.5 time, 70.1 real, 73.3 MB
[runlim] sample:		75.1 time, 80.1 real, 78.4 MB
[runlim] sample:		82.9 time, 90.1 real, 81.5 MB
[runlim] sample:		92.5 time, 100.1 real, 85.9 MB
[runlim] sample:		102.4 time, 110.1 real, 89.5 MB
[runlim] sample:		112.4 time, 120.1 real, 93.1 MB
[runlim] sample:		122.3 time, 130.1 real, 96.7 MB
[runlim] sample:		132.3 time, 140.1 real, 100.0 MB
[runlim] sample:		142.3 time, 150.1 real, 103.4 MB
[runlim] sample:		152.3 time, 160.1 real, 106.5 MB
[runlim] sample:		160.5 time, 170.1 real, 108.8 MB
[runlim] sample:		169.4 time, 180.1 real, 111.4 MB
[runlim] sample:		179.1 time, 190.1 real, 115.0 MB
[runlim] sample:		187.1 time, 200.1 real, 117.3 MB
[runlim] sample:		195.1 time, 210.1 real, 119.4 MB
[runlim] sample:		203.4 time, 220.1 real, 121.4 MB
[runlim] sample:		212.0 time, 230.1 real, 123.0 MB
[runlim] sample:		221.2 time, 240.1 real, 126.3 MB
[runlim] sample:		229.3 time, 250.1 real, 127.9 MB
[runlim] sample:		238.7 time, 260.1 real, 129.7 MB
[runlim] sample:		248.3 time, 270.1 real, 132.8 MB
[runlim] sample:		258.0 time, 280.1 real, 134.8 MB
[runlim] sample:		267.6 time, 290.1 real, 136.9 MB
[runlim] sample:		276.3 time, 300.1 real, 138.4 MB
[runlim] sample:		285.7 time, 310.1 real, 140.7 MB
[runlim] sample:		294.5 time, 320.1 real, 142.3 MB
CVC4 interrupted by SIGTERM.
[runlim] end:			Mon Jan 28 17:56:37 2019
[runlim] status:		out of time
[runlim] result:		2
[runlim] children:		0
[runlim] real:			325.98 seconds
[runlim] time:			300.05 seconds
[runlim] space:			143.3 MB
[runlim] samples:		3259
