[runlim] version:		1.10fixed
[runlim] time limit:		300 seconds
[runlim] real time limit:	311040000 seconds
[runlim] space limit:		4000 MB
[runlim] argv[0]:		./cvc4
[runlim] argv[1]:		--fmf-fun-rlv
[runlim] argv[2]:		/tmp/QbrgIQuX.smt2
[runlim] start:			Mon Jan 28 17:47:26 2019
[runlim] main pid:		19657
/tmp/QbrgIQuX.smt2:4.12: No set-logic command was given before this point.
/tmp/QbrgIQuX.smt2:4.12: CVC4 will make all theories available.
/tmp/QbrgIQuX.smt2:4.12: Consider setting a stricter logic for (likely) better performance.
/tmp/QbrgIQuX.smt2:4.12: To suppress this warning in the future use (set-logic ALL).
[runlim] sample:		9.9 time, 10.4 real, 49.0 MB
[runlim] sample:		19.7 time, 20.4 real, 68.6 MB
[runlim] sample:		28.9 time, 30.4 real, 80.5 MB
[runlim] sample:		38.9 time, 40.4 real, 90.3 MB
[runlim] sample:		48.9 time, 50.4 real, 98.5 MB
[runlim] sample:		58.9 time, 60.4 real, 104.9 MB
[runlim] sample:		67.8 time, 70.4 real, 109.3 MB
[runlim] sample:		77.8 time, 80.4 real, 114.2 MB
[runlim] sample:		87.8 time, 90.4 real, 117.8 MB
[runlim] sample:		97.7 time, 100.4 real, 123.7 MB
[runlim] sample:		107.2 time, 110.4 real, 126.1 MB
[runlim] sample:		117.0 time, 120.4 real, 129.9 MB
[runlim] sample:		127.0 time, 130.4 real, 133.5 MB
[runlim] sample:		137.0 time, 140.4 real, 137.4 MB
[runlim] sample:		146.9 time, 150.4 real, 140.0 MB
[runlim] sample:		156.0 time, 160.4 real, 142.8 MB
[runlim] sample:		165.0 time, 170.4 real, 145.1 MB
[runlim] sample:		173.7 time, 180.4 real, 147.4 MB
[runlim] sample:		183.4 time, 190.4 real, 149.8 MB
[runlim] sample:		193.4 time, 200.4 real, 152.1 MB
[runlim] sample:		203.4 time, 210.4 real, 154.4 MB
[runlim] sample:		213.4 time, 220.4 real, 156.5 MB
[runlim] sample:		223.4 time, 230.4 real, 159.6 MB
[runlim] sample:		233.4 time, 240.4 real, 161.4 MB
[runlim] sample:		243.4 time, 250.4 real, 163.4 MB
[runlim] sample:		253.3 time, 260.4 real, 165.5 MB
[runlim] sample:		263.3 time, 270.4 real, 167.0 MB
[runlim] sample:		273.3 time, 280.4 real, 168.6 MB
[runlim] sample:		283.3 time, 290.4 real, 170.6 MB
[runlim] sample:		293.3 time, 300.4 real, 172.4 MB
CVC4 interrupted by SIGTERM.
[runlim] end:			Mon Jan 28 17:52:33 2019
[runlim] status:		out of time
[runlim] result:		2
[runlim] children:		0
[runlim] real:			307.16 seconds
[runlim] time:			300.02 seconds
[runlim] space:			174.5 MB
[runlim] samples:		3067
