[runlim] version:		1.10fixed
[runlim] time limit:		300 seconds
[runlim] real time limit:	311040000 seconds
[runlim] space limit:		4000 MB
[runlim] argv[0]:		./cvc4
[runlim] argv[1]:		--fmf-fun-rlv
[runlim] argv[2]:		/tmp/UrKphoAm.smt2
[runlim] start:			Mon Jan 28 17:47:56 2019
[runlim] main pid:		14006
/tmp/UrKphoAm.smt2:4.12: No set-logic command was given before this point.
/tmp/UrKphoAm.smt2:4.12: CVC4 will make all theories available.
/tmp/UrKphoAm.smt2:4.12: Consider setting a stricter logic for (likely) better performance.
/tmp/UrKphoAm.smt2:4.12: To suppress this warning in the future use (set-logic ALL).
[runlim] sample:		9.2 time, 10.7 real, 40.9 MB
[runlim] sample:		19.2 time, 20.7 real, 48.6 MB
[runlim] sample:		29.2 time, 30.7 real, 55.0 MB
[runlim] sample:		38.3 time, 40.7 real, 58.1 MB
[runlim] sample:		46.6 time, 50.7 real, 59.2 MB
[runlim] sample:		56.1 time, 60.7 real, 62.2 MB
[runlim] sample:		66.1 time, 70.7 real, 65.8 MB
[runlim] sample:		76.0 time, 80.7 real, 70.3 MB
[runlim] sample:		84.9 time, 90.7 real, 71.1 MB
[runlim] sample:		94.1 time, 100.7 real, 73.9 MB
[runlim] sample:		103.8 time, 110.7 real, 77.3 MB
[runlim] sample:		112.1 time, 120.7 real, 78.3 MB
[runlim] sample:		122.1 time, 130.7 real, 79.8 MB
[runlim] sample:		132.1 time, 140.7 real, 82.4 MB
[runlim] sample:		142.1 time, 150.7 real, 84.2 MB
[runlim] sample:		152.1 time, 160.7 real, 84.2 MB
[runlim] sample:		162.1 time, 170.7 real, 85.7 MB
[runlim] sample:		172.1 time, 180.7 real, 87.0 MB
[runlim] sample:		182.1 time, 190.7 real, 88.0 MB
[runlim] sample:		192.1 time, 200.7 real, 89.0 MB
[runlim] sample:		202.1 time, 210.7 real, 90.0 MB
[runlim] sample:		212.1 time, 220.7 real, 90.3 MB
[runlim] sample:		222.1 time, 230.7 real, 93.3 MB
[runlim] sample:		232.1 time, 240.7 real, 93.8 MB
[runlim] sample:		242.1 time, 250.7 real, 94.0 MB
[runlim] sample:		252.1 time, 260.7 real, 94.3 MB
[runlim] sample:		262.1 time, 270.7 real, 97.0 MB
[runlim] sample:		272.1 time, 280.7 real, 97.2 MB
[runlim] sample:		282.1 time, 290.7 real, 97.2 MB
[runlim] sample:		292.1 time, 300.7 real, 97.5 MB
CVC4 interrupted by SIGTERM.
[runlim] end:			Mon Jan 28 17:53:04 2019
[runlim] status:		out of time
[runlim] result:		2
[runlim] children:		0
[runlim] real:			308.76 seconds
[runlim] time:			300.05 seconds
[runlim] space:			97.5 MB
[runlim] samples:		3080
