[runlim] version:		1.10fixed
[runlim] time limit:		300 seconds
[runlim] real time limit:	311040000 seconds
[runlim] space limit:		4000 MB
[runlim] argv[0]:		./cvc4
[runlim] argv[1]:		--fmf-fun-rlv
[runlim] argv[2]:		/tmp/zi8TK0Q8.smt2
[runlim] start:			Tue Jan 29 15:21:40 2019
[runlim] main pid:		10009
/tmp/zi8TK0Q8.smt2:4.12: No set-logic command was given before this point.
/tmp/zi8TK0Q8.smt2:4.12: CVC4 will make all theories available.
/tmp/zi8TK0Q8.smt2:4.12: Consider setting a stricter logic for (likely) better performance.
/tmp/zi8TK0Q8.smt2:4.12: To suppress this warning in the future use (set-logic ALL).
[runlim] sample:		9.3 time, 10.1 real, 39.0 MB
[runlim] sample:		18.9 time, 20.1 real, 46.4 MB
[runlim] sample:		27.8 time, 30.1 real, 47.2 MB
[runlim] sample:		36.6 time, 40.1 real, 48.3 MB
[runlim] sample:		46.0 time, 50.1 real, 49.8 MB
[runlim] sample:		55.5 time, 60.1 real, 55.2 MB
[runlim] sample:		63.8 time, 70.1 real, 56.8 MB
[runlim] sample:		72.2 time, 80.1 real, 61.7 MB
[runlim] sample:		80.9 time, 90.1 real, 63.2 MB
[runlim] sample:		88.9 time, 100.1 real, 64.7 MB
[runlim] sample:		97.8 time, 110.2 real, 65.7 MB
[runlim] sample:		106.1 time, 120.1 real, 65.9 MB
[runlim] sample:		115.9 time, 130.1 real, 66.4 MB
[runlim] sample:		125.9 time, 140.1 real, 71.3 MB
[runlim] sample:		135.0 time, 150.1 real, 72.4 MB
[runlim] sample:		143.2 time, 160.1 real, 73.4 MB
[runlim] sample:		151.4 time, 170.1 real, 73.4 MB
[runlim] sample:		159.5 time, 180.1 real, 74.4 MB
[runlim] sample:		168.1 time, 190.1 real, 76.2 MB
[runlim] sample:		177.8 time, 200.1 real, 77.2 MB
[runlim] sample:		187.4 time, 210.1 real, 77.5 MB
[runlim] sample:		196.3 time, 220.1 real, 79.0 MB
[runlim] sample:		204.9 time, 230.1 real, 84.7 MB
[runlim] sample:		213.4 time, 240.1 real, 85.2 MB
[runlim] sample:		221.4 time, 250.1 real, 86.0 MB
[runlim] sample:		230.1 time, 260.1 real, 86.2 MB
[runlim] sample:		239.8 time, 270.1 real, 87.2 MB
[runlim] sample:		249.7 time, 280.1 real, 88.8 MB
[runlim] sample:		259.7 time, 290.1 real, 88.8 MB
[runlim] sample:		269.7 time, 300.1 real, 88.8 MB
[runlim] sample:		279.7 time, 310.1 real, 89.1 MB
[runlim] sample:		289.4 time, 320.1 real, 89.3 MB
[runlim] sample:		299.3 time, 330.1 real, 89.5 MB
CVC4 interrupted by SIGTERM.
[runlim] end:			Tue Jan 29 15:27:10 2019
[runlim] status:		out of time
[runlim] result:		2
[runlim] children:		0
[runlim] real:			330.85 seconds
[runlim] time:			300.03 seconds
[runlim] space:			89.5 MB
[runlim] samples:		3307
