[runlim] version:		1.10fixed
[runlim] time limit:		300 seconds
[runlim] real time limit:	311040000 seconds
[runlim] space limit:		4000 MB
[runlim] argv[0]:		./cvc4
[runlim] argv[1]:		--fmf-fun-rlv
[runlim] argv[2]:		/tmp/iI3F7QLD.smt2
[runlim] start:			Tue Jan 29 15:08:16 2019
[runlim] main pid:		4698
/tmp/iI3F7QLD.smt2:4.12: No set-logic command was given before this point.
/tmp/iI3F7QLD.smt2:4.12: CVC4 will make all theories available.
/tmp/iI3F7QLD.smt2:4.12: Consider setting a stricter logic for (likely) better performance.
/tmp/iI3F7QLD.smt2:4.12: To suppress this warning in the future use (set-logic ALL).
[runlim] end:			Tue Jan 29 15:08:21 2019
[runlim] status:		ok
[runlim] result:		0
[runlim] children:		0
[runlim] real:			5.90 seconds
[runlim] time:			5.18 seconds
[runlim] space:			32.2 MB
[runlim] samples:		57
