[runlim] version:		1.10fixed
[runlim] time limit:		300 seconds
[runlim] real time limit:	311040000 seconds
[runlim] space limit:		4000 MB
[runlim] argv[0]:		./cvc4
[runlim] argv[1]:		--fmf-fun-rlv
[runlim] argv[2]:		/tmp/TH2xQLje.smt2
[runlim] start:			Mon Jan 28 17:37:30 2019
[runlim] main pid:		5037
/tmp/TH2xQLje.smt2:4.12: No set-logic command was given before this point.
/tmp/TH2xQLje.smt2:4.12: CVC4 will make all theories available.
/tmp/TH2xQLje.smt2:4.12: Consider setting a stricter logic for (likely) better performance.
/tmp/TH2xQLje.smt2:4.12: To suppress this warning in the future use (set-logic ALL).
[runlim] sample:		9.4 time, 10.9 real, 41.7 MB
[runlim] sample:		19.2 time, 20.9 real, 46.9 MB
[runlim] sample:		27.6 time, 30.9 real, 56.8 MB
[runlim] sample:		35.8 time, 40.9 real, 58.4 MB
[runlim] sample:		45.2 time, 50.9 real, 60.7 MB
[runlim] sample:		54.6 time, 60.9 real, 67.3 MB
[runlim] sample:		63.9 time, 70.9 real, 70.6 MB
[runlim] sample:		73.2 time, 80.9 real, 72.4 MB
[runlim] sample:		82.5 time, 90.9 real, 78.1 MB
[runlim] sample:		92.5 time, 100.9 real, 83.0 MB
[runlim] sample:		102.5 time, 110.9 real, 86.0 MB
[runlim] sample:		112.5 time, 120.9 real, 88.7 MB
[runlim] sample:		122.5 time, 130.9 real, 90.7 MB
[runlim] sample:		132.4 time, 140.9 real, 93.0 MB
[runlim] sample:		142.4 time, 150.9 real, 95.3 MB
[runlim] sample:		152.4 time, 160.9 real, 95.8 MB
[runlim] sample:		162.4 time, 170.9 real, 96.3 MB
[runlim] sample:		172.4 time, 180.9 real, 98.3 MB
[runlim] sample:		182.4 time, 190.9 real, 98.8 MB
[runlim] sample:		192.4 time, 200.9 real, 100.1 MB
[runlim] sample:		202.4 time, 210.9 real, 100.4 MB
[runlim] sample:		212.4 time, 220.9 real, 100.8 MB
[runlim] sample:		222.4 time, 230.9 real, 101.1 MB
[runlim] sample:		232.4 time, 240.9 real, 101.6 MB
[runlim] sample:		242.4 time, 250.9 real, 102.1 MB
[runlim] sample:		252.4 time, 260.9 real, 104.1 MB
[runlim] sample:		262.4 time, 270.9 real, 104.7 MB
[runlim] sample:		272.4 time, 280.9 real, 105.4 MB
[runlim] sample:		282.4 time, 290.9 real, 106.2 MB
[runlim] sample:		292.4 time, 300.9 real, 106.4 MB
CVC4 interrupted by SIGTERM.
[runlim] end:			Mon Jan 28 17:42:38 2019
[runlim] status:		out of time
[runlim] result:		2
[runlim] children:		0
[runlim] real:			308.54 seconds
[runlim] time:			300.02 seconds
[runlim] space:			106.7 MB
[runlim] samples:		3076
