[runlim] version:		1.10fixed
[runlim] time limit:		300 seconds
[runlim] real time limit:	311040000 seconds
[runlim] space limit:		4000 MB
[runlim] argv[0]:		./cvc4
[runlim] argv[1]:		--fmf-fun-rlv
[runlim] argv[2]:		/tmp/oGpDbxpc.smt2
[runlim] start:			Tue Jan 29 15:06:48 2019
[runlim] main pid:		25540
/tmp/oGpDbxpc.smt2:4.12: No set-logic command was given before this point.
/tmp/oGpDbxpc.smt2:4.12: CVC4 will make all theories available.
/tmp/oGpDbxpc.smt2:4.12: Consider setting a stricter logic for (likely) better performance.
/tmp/oGpDbxpc.smt2:4.12: To suppress this warning in the future use (set-logic ALL).
[runlim] sample:		8.4 time, 10.5 real, 35.8 MB
[runlim] sample:		17.1 time, 20.5 real, 47.6 MB
[runlim] sample:		26.0 time, 30.5 real, 53.3 MB
[runlim] sample:		36.0 time, 40.5 real, 55.2 MB
[runlim] sample:		46.0 time, 50.5 real, 63.9 MB
[runlim] sample:		56.0 time, 60.5 real, 66.0 MB
[runlim] sample:		65.2 time, 70.5 real, 68.3 MB
[runlim] sample:		74.3 time, 80.5 real, 72.6 MB
[runlim] sample:		83.7 time, 90.5 real, 78.0 MB
[runlim] sample:		93.3 time, 100.5 real, 79.0 MB
[runlim] sample:		103.3 time, 110.5 real, 80.8 MB
[runlim] sample:		113.3 time, 120.5 real, 81.6 MB
[runlim] sample:		123.3 time, 130.5 real, 84.4 MB
[runlim] sample:		133.3 time, 140.5 real, 84.6 MB
[runlim] sample:		143.3 time, 150.5 real, 85.6 MB
[runlim] sample:		153.3 time, 160.5 real, 87.7 MB
[runlim] sample:		163.3 time, 170.5 real, 88.4 MB
[runlim] sample:		173.3 time, 180.5 real, 89.4 MB
[runlim] sample:		183.3 time, 190.5 real, 92.5 MB
[runlim] sample:		193.3 time, 200.5 real, 94.0 MB
[runlim] sample:		203.3 time, 210.5 real, 94.0 MB
[runlim] sample:		213.3 time, 220.5 real, 97.1 MB
[runlim] sample:		223.3 time, 230.5 real, 99.3 MB
[runlim] sample:		233.3 time, 240.5 real, 99.8 MB
[runlim] sample:		243.3 time, 250.5 real, 99.8 MB
[runlim] sample:		253.3 time, 260.5 real, 100.0 MB
[runlim] sample:		263.3 time, 270.5 real, 100.3 MB
[runlim] sample:		273.3 time, 280.5 real, 100.5 MB
[runlim] sample:		283.3 time, 290.5 real, 100.7 MB
[runlim] sample:		293.3 time, 300.5 real, 101.0 MB
[runlim] end:			Tue Jan 29 15:11:54 2019
[runlim] status:		signal(9)
[runlim] result:		11
[runlim] children:		0
[runlim] real:			306.66 seconds
[runlim] time:			299.38 seconds
[runlim] space:			101.5 MB
[runlim] samples:		3061
