[runlim] version:		1.10fixed
[runlim] time limit:		300 seconds
[runlim] real time limit:	311040000 seconds
[runlim] space limit:		4000 MB
[runlim] argv[0]:		./cvc4
[runlim] argv[1]:		--fmf-fun-rlv
[runlim] argv[2]:		/tmp/9pLVVjaM.smt2
[runlim] start:			Tue Jan 29 15:10:56 2019
[runlim] main pid:		23619
/tmp/9pLVVjaM.smt2:4.12: No set-logic command was given before this point.
/tmp/9pLVVjaM.smt2:4.12: CVC4 will make all theories available.
/tmp/9pLVVjaM.smt2:4.12: Consider setting a stricter logic for (likely) better performance.
/tmp/9pLVVjaM.smt2:4.12: To suppress this warning in the future use (set-logic ALL).
[runlim] sample:		9.7 time, 10.8 real, 38.9 MB
[runlim] sample:		19.7 time, 20.8 real, 42.2 MB
[runlim] sample:		29.7 time, 30.8 real, 45.6 MB
[runlim] sample:		38.3 time, 40.8 real, 50.1 MB
[runlim] sample:		47.0 time, 50.8 real, 52.2 MB
[runlim] sample:		57.0 time, 60.8 real, 55.7 MB
[runlim] sample:		67.0 time, 70.8 real, 59.6 MB
[runlim] sample:		77.0 time, 80.8 real, 61.4 MB
[runlim] sample:		87.0 time, 90.8 real, 65.7 MB
[runlim] sample:		97.0 time, 100.8 real, 66.2 MB
[runlim] sample:		107.0 time, 110.8 real, 67.4 MB
[runlim] sample:		117.0 time, 120.8 real, 69.4 MB
[runlim] sample:		127.0 time, 130.8 real, 73.8 MB
[runlim] sample:		137.0 time, 140.8 real, 74.0 MB
[runlim] sample:		147.0 time, 150.8 real, 74.5 MB
[runlim] sample:		157.0 time, 160.8 real, 75.0 MB
[runlim] sample:		167.0 time, 170.8 real, 76.5 MB
[runlim] sample:		177.0 time, 180.8 real, 77.0 MB
[runlim] sample:		187.0 time, 190.8 real, 77.7 MB
[runlim] sample:		197.0 time, 200.8 real, 79.2 MB
[runlim] sample:		207.0 time, 210.8 real, 79.9 MB
[runlim] sample:		217.0 time, 220.8 real, 84.8 MB
[runlim] sample:		227.0 time, 230.8 real, 86.8 MB
[runlim] sample:		237.0 time, 240.8 real, 87.2 MB
[runlim] sample:		247.0 time, 250.8 real, 89.8 MB
[runlim] sample:		257.0 time, 260.8 real, 91.0 MB
[runlim] sample:		267.0 time, 270.8 real, 92.0 MB
[runlim] sample:		277.0 time, 280.8 real, 92.7 MB
[runlim] sample:		287.0 time, 290.8 real, 95.3 MB
[runlim] sample:		297.0 time, 300.8 real, 96.0 MB
CVC4 interrupted by SIGTERM.
[runlim] end:			Tue Jan 29 15:15:59 2019
[runlim] status:		out of time
[runlim] result:		2
[runlim] children:		0
[runlim] real:			303.90 seconds
[runlim] time:			300.06 seconds
[runlim] space:			96.7 MB
[runlim] samples:		3031
