[runlim] version:		1.10fixed
[runlim] time limit:		300 seconds
[runlim] real time limit:	311040000 seconds
[runlim] space limit:		4000 MB
[runlim] argv[0]:		./cvc4
[runlim] argv[1]:		--fmf-fun-rlv
[runlim] argv[2]:		/tmp/0hjCEu1L.smt2
[runlim] start:			Tue Jan 29 15:05:48 2019
[runlim] main pid:		18368
/tmp/0hjCEu1L.smt2:4.12: No set-logic command was given before this point.
/tmp/0hjCEu1L.smt2:4.12: CVC4 will make all theories available.
/tmp/0hjCEu1L.smt2:4.12: Consider setting a stricter logic for (likely) better performance.
/tmp/0hjCEu1L.smt2:4.12: To suppress this warning in the future use (set-logic ALL).
[runlim] sample:		8.4 time, 11.0 real, 40.5 MB
[runlim] sample:		18.3 time, 21.0 real, 45.0 MB
[runlim] sample:		28.3 time, 30.9 real, 49.1 MB
[runlim] sample:		38.3 time, 41.0 real, 54.3 MB
[runlim] sample:		48.3 time, 51.0 real, 57.3 MB
[runlim] sample:		58.3 time, 61.0 real, 59.4 MB
[runlim] sample:		68.3 time, 70.9 real, 62.1 MB
[runlim] sample:		78.3 time, 81.0 real, 65.4 MB
[runlim] sample:		88.3 time, 91.0 real, 66.9 MB
[runlim] sample:		97.5 time, 101.0 real, 68.5 MB
[runlim] sample:		106.8 time, 111.0 real, 70.8 MB
[runlim] sample:		116.5 time, 121.0 real, 74.1 MB
[runlim] sample:		126.1 time, 131.0 real, 77.8 MB
[runlim] sample:		135.6 time, 141.0 real, 78.1 MB
[runlim] sample:		145.6 time, 151.0 real, 78.6 MB
[runlim] sample:		155.6 time, 161.0 real, 79.9 MB
[runlim] sample:		165.5 time, 170.9 real, 84.0 MB
[runlim] sample:		175.5 time, 180.9 real, 87.3 MB
[runlim] sample:		185.5 time, 190.9 real, 89.4 MB
[runlim] sample:		195.4 time, 201.0 real, 89.4 MB
[runlim] sample:		205.4 time, 210.9 real, 92.4 MB
[runlim] sample:		215.4 time, 220.9 real, 93.2 MB
[runlim] sample:		225.2 time, 230.9 real, 93.4 MB
[runlim] sample:		235.2 time, 240.9 real, 93.7 MB
[runlim] sample:		245.2 time, 250.9 real, 95.2 MB
[runlim] sample:		255.2 time, 261.0 real, 96.5 MB
[runlim] sample:		265.2 time, 271.0 real, 99.3 MB
[runlim] sample:		275.2 time, 281.0 real, 100.1 MB
[runlim] sample:		285.2 time, 291.0 real, 100.4 MB
[runlim] sample:		295.2 time, 301.0 real, 101.1 MB
CVC4 interrupted by SIGTERM.
[runlim] end:			Tue Jan 29 15:10:53 2019
[runlim] status:		out of time
[runlim] result:		2
[runlim] children:		0
[runlim] real:			305.77 seconds
[runlim] time:			300.02 seconds
[runlim] space:			101.4 MB
[runlim] samples:		3048
