[runlim] version:		1.10fixed
[runlim] time limit:		300 seconds
[runlim] real time limit:	311040000 seconds
[runlim] space limit:		4000 MB
[runlim] argv[0]:		./cvc4
[runlim] argv[1]:		--fmf-fun-rlv
[runlim] argv[2]:		/tmp/3SAojUWQ.smt2
[runlim] start:			Tue Jan 29 15:09:18 2019
[runlim] main pid:		21426
/tmp/3SAojUWQ.smt2:4.12: No set-logic command was given before this point.
/tmp/3SAojUWQ.smt2:4.12: CVC4 will make all theories available.
/tmp/3SAojUWQ.smt2:4.12: Consider setting a stricter logic for (likely) better performance.
/tmp/3SAojUWQ.smt2:4.12: To suppress this warning in the future use (set-logic ALL).
[runlim] sample:		8.6 time, 10.4 real, 41.4 MB
[runlim] sample:		18.1 time, 20.4 real, 52.8 MB
[runlim] sample:		27.0 time, 30.4 real, 60.0 MB
[runlim] sample:		36.6 time, 40.4 real, 67.2 MB
[runlim] sample:		46.6 time, 50.4 real, 73.1 MB
[runlim] sample:		56.6 time, 60.4 real, 78.5 MB
[runlim] sample:		66.6 time, 70.4 real, 83.2 MB
[runlim] sample:		76.6 time, 80.4 real, 87.0 MB
[runlim] sample:		86.6 time, 90.4 real, 90.6 MB
[runlim] sample:		96.6 time, 100.4 real, 94.2 MB
[runlim] sample:		106.6 time, 110.4 real, 97.1 MB
[runlim] sample:		116.6 time, 120.4 real, 100.2 MB
[runlim] sample:		126.6 time, 130.4 real, 103.3 MB
[runlim] sample:		136.5 time, 140.4 real, 105.6 MB
[runlim] sample:		146.1 time, 150.4 real, 109.7 MB
[runlim] sample:		156.1 time, 160.4 real, 110.7 MB
[runlim] sample:		165.1 time, 170.4 real, 113.6 MB
[runlim] sample:		173.8 time, 180.4 real, 115.9 MB
[runlim] sample:		183.2 time, 190.4 real, 117.4 MB
[runlim] sample:		192.5 time, 200.4 real, 117.7 MB
[runlim] sample:		202.4 time, 210.4 real, 120.0 MB
[runlim] sample:		212.4 time, 220.4 real, 121.8 MB
[runlim] sample:		222.4 time, 230.4 real, 123.6 MB
[runlim] sample:		232.2 time, 240.4 real, 126.2 MB
[runlim] sample:		241.5 time, 250.4 real, 129.3 MB
[runlim] sample:		251.0 time, 260.4 real, 130.8 MB
[runlim] sample:		261.0 time, 270.4 real, 132.4 MB
[runlim] sample:		270.9 time, 280.4 real, 134.2 MB
[runlim] sample:		280.6 time, 290.4 real, 137.0 MB
[runlim] sample:		290.6 time, 300.4 real, 138.5 MB
[runlim] sample:		300.1 time, 310.4 real, 139.8 MB
CVC4 interrupted by SIGTERM.
[runlim] end:			Tue Jan 29 15:14:28 2019
[runlim] status:		out of time
[runlim] result:		2
[runlim] children:		0
[runlim] real:			310.38 seconds
[runlim] time:			300.08 seconds
[runlim] space:			139.8 MB
[runlim] samples:		3100
