[runlim] version:		1.10fixed
[runlim] time limit:		300 seconds
[runlim] real time limit:	311040000 seconds
[runlim] space limit:		4000 MB
[runlim] argv[0]:		./cvc4
[runlim] argv[1]:		--fmf-fun-rlv
[runlim] argv[2]:		/tmp/UCISXj5z.smt2
[runlim] start:			Tue Jan 29 15:09:23 2019
[runlim] main pid:		16237
/tmp/UCISXj5z.smt2:4.12: No set-logic command was given before this point.
/tmp/UCISXj5z.smt2:4.12: CVC4 will make all theories available.
/tmp/UCISXj5z.smt2:4.12: Consider setting a stricter logic for (likely) better performance.
/tmp/UCISXj5z.smt2:4.12: To suppress this warning in the future use (set-logic ALL).
[runlim] sample:		9.0 time, 10.1 real, 35.1 MB
[runlim] sample:		17.9 time, 20.1 real, 47.9 MB
[runlim] sample:		27.7 time, 30.1 real, 54.9 MB
[runlim] sample:		37.7 time, 40.1 real, 57.2 MB
[runlim] sample:		47.7 time, 50.1 real, 58.4 MB
[runlim] sample:		57.7 time, 60.1 real, 59.4 MB
[runlim] sample:		66.3 time, 70.1 real, 59.8 MB
[runlim] sample:		76.0 time, 80.1 real, 60.5 MB
[runlim] sample:		86.0 time, 90.1 real, 61.3 MB
[runlim] sample:		96.0 time, 100.1 real, 63.1 MB
[runlim] sample:		105.9 time, 110.1 real, 64.8 MB
[runlim] sample:		115.9 time, 120.1 real, 64.8 MB
[runlim] sample:		125.9 time, 130.1 real, 64.8 MB
[runlim] sample:		135.9 time, 140.1 real, 65.0 MB
[runlim] sample:		144.1 time, 150.1 real, 65.3 MB
[runlim] sample:		153.1 time, 160.1 real, 65.3 MB
[runlim] sample:		163.0 time, 170.1 real, 65.8 MB
[runlim] sample:		173.0 time, 180.1 real, 66.3 MB
[runlim] sample:		183.0 time, 190.1 real, 66.3 MB
[runlim] sample:		193.0 time, 200.1 real, 66.3 MB
[runlim] sample:		203.0 time, 210.1 real, 66.6 MB
[runlim] sample:		213.0 time, 220.1 real, 66.6 MB
[runlim] sample:		223.0 time, 230.1 real, 67.3 MB
[runlim] sample:		232.0 time, 240.1 real, 67.3 MB
[runlim] sample:		239.2 time, 250.1 real, 67.3 MB
[runlim] sample:		249.2 time, 260.1 real, 67.3 MB
[runlim] sample:		259.2 time, 270.1 real, 67.3 MB
[runlim] sample:		269.2 time, 280.1 real, 67.6 MB
[runlim] sample:		279.2 time, 290.1 real, 67.6 MB
[runlim] sample:		289.2 time, 300.1 real, 68.1 MB
[runlim] sample:		299.2 time, 310.1 real, 68.4 MB
CVC4 interrupted by SIGTERM.
[runlim] end:			Tue Jan 29 15:14:34 2019
[runlim] status:		out of time
[runlim] result:		2
[runlim] children:		0
[runlim] real:			311.05 seconds
[runlim] time:			300.06 seconds
[runlim] space:			68.4 MB
[runlim] samples:		3109
