[runlim] version:		1.10fixed
[runlim] time limit:		300 seconds
[runlim] real time limit:	311040000 seconds
[runlim] space limit:		4000 MB
[runlim] argv[0]:		./cvc4
[runlim] argv[1]:		--fmf-fun-rlv
[runlim] argv[2]:		/tmp/TuemXyZ0.smt2
[runlim] start:			Tue Jan 29 15:08:49 2019
[runlim] main pid:		4743
/tmp/TuemXyZ0.smt2:4.12: No set-logic command was given before this point.
/tmp/TuemXyZ0.smt2:4.12: CVC4 will make all theories available.
/tmp/TuemXyZ0.smt2:4.12: Consider setting a stricter logic for (likely) better performance.
/tmp/TuemXyZ0.smt2:4.12: To suppress this warning in the future use (set-logic ALL).
[runlim] sample:		8.9 time, 10.6 real, 39.9 MB
[runlim] sample:		17.7 time, 20.6 real, 43.9 MB
[runlim] sample:		27.1 time, 30.6 real, 54.8 MB
[runlim] sample:		36.7 time, 40.6 real, 57.5 MB
[runlim] sample:		45.8 time, 50.6 real, 60.3 MB
[runlim] sample:		54.1 time, 60.6 real, 62.1 MB
[runlim] sample:		63.4 time, 70.6 real, 62.9 MB
[runlim] sample:		72.9 time, 80.6 real, 65.7 MB
[runlim] sample:		82.9 time, 90.6 real, 75.4 MB
[runlim] sample:		92.9 time, 100.6 real, 79.8 MB
[runlim] sample:		102.7 time, 110.6 real, 82.9 MB
[runlim] sample:		112.0 time, 120.6 real, 87.0 MB
[runlim] sample:		121.2 time, 130.6 real, 89.3 MB
[runlim] sample:		130.5 time, 140.6 real, 91.1 MB
[runlim] sample:		140.2 time, 150.6 real, 92.9 MB
[runlim] sample:		149.2 time, 160.6 real, 93.4 MB
[runlim] sample:		158.3 time, 170.6 real, 94.7 MB
[runlim] sample:		168.3 time, 180.6 real, 95.7 MB
[runlim] sample:		178.3 time, 190.6 real, 98.0 MB
[runlim] sample:		188.1 time, 200.6 real, 99.8 MB
[runlim] sample:		196.4 time, 210.6 real, 102.9 MB
[runlim] sample:		205.2 time, 220.6 real, 103.7 MB
[runlim] sample:		215.2 time, 230.6 real, 105.4 MB
[runlim] sample:		224.5 time, 240.6 real, 106.4 MB
[runlim] sample:		234.5 time, 250.6 real, 106.7 MB
[runlim] sample:		244.5 time, 260.6 real, 106.9 MB
[runlim] sample:		254.2 time, 270.6 real, 109.0 MB
[runlim] sample:		263.9 time, 280.6 real, 109.5 MB
[runlim] sample:		273.6 time, 290.6 real, 110.8 MB
[runlim] sample:		283.6 time, 300.6 real, 112.3 MB
[runlim] sample:		293.6 time, 310.6 real, 112.5 MB
CVC4 interrupted by SIGTERM.
[runlim] end:			Tue Jan 29 15:14:06 2019
[runlim] status:		out of time
[runlim] result:		2
[runlim] children:		0
[runlim] real:			317.09 seconds
[runlim] time:			300.07 seconds
[runlim] space:			119.8 MB
[runlim] samples:		3165
