[runlim] version:		1.10fixed
[runlim] time limit:		300 seconds
[runlim] real time limit:	311040000 seconds
[runlim] space limit:		4000 MB
[runlim] argv[0]:		./cvc4
[runlim] argv[1]:		--fmf-fun-rlv
[runlim] argv[2]:		/tmp/flPy5WFt.smt2
[runlim] start:			Tue Jan 29 15:07:15 2019
[runlim] main pid:		22002
/tmp/flPy5WFt.smt2:4.12: No set-logic command was given before this point.
/tmp/flPy5WFt.smt2:4.12: CVC4 will make all theories available.
/tmp/flPy5WFt.smt2:4.12: Consider setting a stricter logic for (likely) better performance.
/tmp/flPy5WFt.smt2:4.12: To suppress this warning in the future use (set-logic ALL).
[runlim] sample:		9.2 time, 10.9 real, 40.1 MB
[runlim] sample:		18.8 time, 20.9 real, 48.3 MB
[runlim] sample:		28.2 time, 30.9 real, 51.4 MB
[runlim] sample:		37.8 time, 40.9 real, 58.1 MB
[runlim] sample:		47.3 time, 50.9 real, 59.1 MB
[runlim] sample:		56.6 time, 60.9 real, 61.9 MB
[runlim] sample:		65.2 time, 70.9 real, 64.4 MB
[runlim] sample:		74.1 time, 80.9 real, 67.0 MB
[runlim] sample:		83.6 time, 90.9 real, 67.5 MB
[runlim] sample:		92.5 time, 100.9 real, 74.6 MB
[runlim] sample:		101.5 time, 110.9 real, 75.1 MB
[runlim] sample:		111.2 time, 120.9 real, 78.1 MB
[runlim] sample:		120.0 time, 130.9 real, 79.9 MB
[runlim] sample:		128.8 time, 140.9 real, 82.5 MB
[runlim] sample:		138.1 time, 150.9 real, 84.0 MB
[runlim] sample:		146.6 time, 160.9 real, 85.6 MB
[runlim] sample:		156.6 time, 170.9 real, 85.9 MB
[runlim] sample:		166.4 time, 180.9 real, 87.2 MB
[runlim] sample:		175.6 time, 190.9 real, 88.4 MB
[runlim] sample:		185.6 time, 200.9 real, 91.5 MB
[runlim] sample:		195.6 time, 210.9 real, 92.0 MB
[runlim] sample:		205.6 time, 220.9 real, 93.8 MB
[runlim] sample:		215.6 time, 230.9 real, 94.3 MB
[runlim] sample:		225.2 time, 240.9 real, 95.1 MB
[runlim] sample:		235.2 time, 250.9 real, 95.8 MB
[runlim] sample:		244.5 time, 260.9 real, 99.1 MB
[runlim] sample:		254.2 time, 270.9 real, 104.2 MB
[runlim] sample:		263.0 time, 280.9 real, 104.6 MB
[runlim] sample:		272.7 time, 290.9 real, 105.4 MB
[runlim] sample:		282.0 time, 300.9 real, 105.9 MB
[runlim] sample:		291.9 time, 310.9 real, 106.1 MB
CVC4 interrupted by SIGTERM.
[runlim] end:			Tue Jan 29 15:12:34 2019
[runlim] status:		out of time
[runlim] result:		2
[runlim] children:		0
[runlim] real:			319.64 seconds
[runlim] time:			300.04 seconds
[runlim] space:			108.6 MB
[runlim] samples:		3187
