[runlim] version:		1.10fixed
[runlim] time limit:		300 seconds
[runlim] real time limit:	311040000 seconds
[runlim] space limit:		4000 MB
[runlim] argv[0]:		./cvc4
[runlim] argv[1]:		--fmf-fun-rlv
[runlim] argv[2]:		/tmp/jA0CwzHg.smt2
[runlim] start:			Mon Jan 28 17:35:35 2019
[runlim] main pid:		5296
/tmp/jA0CwzHg.smt2:4.12: No set-logic command was given before this point.
/tmp/jA0CwzHg.smt2:4.12: CVC4 will make all theories available.
/tmp/jA0CwzHg.smt2:4.12: Consider setting a stricter logic for (likely) better performance.
/tmp/jA0CwzHg.smt2:4.12: To suppress this warning in the future use (set-logic ALL).
[runlim] sample:		8.8 time, 10.8 real, 40.5 MB
[runlim] sample:		18.2 time, 20.8 real, 45.6 MB
[runlim] sample:		27.9 time, 30.8 real, 53.6 MB
[runlim] sample:		37.5 time, 40.8 real, 53.6 MB
[runlim] sample:		46.7 time, 50.8 real, 53.6 MB
[runlim] sample:		55.6 time, 60.8 real, 53.6 MB
[runlim] sample:		65.0 time, 70.8 real, 53.6 MB
[runlim] sample:		75.0 time, 80.8 real, 53.6 MB
[runlim] sample:		85.0 time, 90.8 real, 53.6 MB
[runlim] sample:		95.0 time, 100.8 real, 53.9 MB
[runlim] sample:		105.0 time, 110.8 real, 53.9 MB
[runlim] sample:		115.0 time, 120.8 real, 54.1 MB
[runlim] sample:		124.5 time, 130.8 real, 54.1 MB
[runlim] sample:		133.8 time, 140.8 real, 54.4 MB
[runlim] sample:		143.3 time, 150.8 real, 54.4 MB
[runlim] sample:		152.9 time, 160.8 real, 54.7 MB
[runlim] sample:		162.6 time, 170.8 real, 54.7 MB
[runlim] sample:		172.6 time, 180.8 real, 54.9 MB
[runlim] sample:		182.6 time, 190.8 real, 54.9 MB
[runlim] sample:		192.6 time, 200.8 real, 54.9 MB
[runlim] sample:		202.6 time, 210.8 real, 55.2 MB
[runlim] sample:		212.6 time, 220.8 real, 55.4 MB
[runlim] sample:		222.6 time, 230.8 real, 55.4 MB
[runlim] sample:		232.6 time, 240.8 real, 55.4 MB
[runlim] sample:		242.6 time, 250.8 real, 55.7 MB
[runlim] sample:		252.6 time, 260.8 real, 55.7 MB
[runlim] sample:		262.6 time, 270.8 real, 55.9 MB
[runlim] sample:		272.6 time, 280.8 real, 55.9 MB
[runlim] sample:		282.6 time, 290.8 real, 56.2 MB
[runlim] sample:		292.6 time, 300.8 real, 56.2 MB
CVC4 interrupted by SIGTERM.
[runlim] end:			Mon Jan 28 17:40:43 2019
[runlim] status:		out of time
[runlim] result:		2
[runlim] children:		0
[runlim] real:			308.35 seconds
[runlim] time:			300.06 seconds
[runlim] space:			56.5 MB
[runlim] samples:		3075
