[runlim] version:		1.10fixed
[runlim] time limit:		300 seconds
[runlim] real time limit:	311040000 seconds
[runlim] space limit:		4000 MB
[runlim] argv[0]:		./cvc4
[runlim] argv[1]:		--fmf-fun-rlv
[runlim] argv[2]:		/tmp/txG7bm78.smt2
[runlim] start:			Tue Jan 29 15:09:39 2019
[runlim] main pid:		17402
/tmp/txG7bm78.smt2:4.12: No set-logic command was given before this point.
/tmp/txG7bm78.smt2:4.12: CVC4 will make all theories available.
/tmp/txG7bm78.smt2:4.12: Consider setting a stricter logic for (likely) better performance.
/tmp/txG7bm78.smt2:4.12: To suppress this warning in the future use (set-logic ALL).
[runlim] sample:		10.0 time, 11.0 real, 39.2 MB
[runlim] sample:		20.0 time, 21.0 real, 49.8 MB
[runlim] sample:		29.7 time, 31.0 real, 51.9 MB
[runlim] sample:		39.7 time, 41.0 real, 56.5 MB
[runlim] sample:		49.5 time, 51.0 real, 63.2 MB
[runlim] sample:		59.5 time, 61.0 real, 65.6 MB
[runlim] sample:		69.5 time, 71.0 real, 71.8 MB
[runlim] sample:		79.5 time, 81.0 real, 75.4 MB
[runlim] sample:		89.5 time, 91.0 real, 77.5 MB
[runlim] sample:		99.5 time, 101.0 real, 78.8 MB
[runlim] sample:		109.5 time, 111.0 real, 79.8 MB
[runlim] sample:		119.5 time, 121.0 real, 80.7 MB
[runlim] sample:		129.5 time, 131.0 real, 84.3 MB
[runlim] sample:		139.5 time, 141.0 real, 93.8 MB
[runlim] sample:		149.5 time, 151.0 real, 95.4 MB
[runlim] sample:		159.5 time, 161.0 real, 95.9 MB
[runlim] sample:		169.5 time, 171.0 real, 96.2 MB
[runlim] sample:		179.5 time, 181.0 real, 96.4 MB
[runlim] sample:		189.5 time, 191.0 real, 96.7 MB
[runlim] sample:		199.5 time, 201.0 real, 96.7 MB
[runlim] sample:		209.5 time, 211.0 real, 96.9 MB
[runlim] sample:		219.5 time, 221.0 real, 97.2 MB
[runlim] sample:		229.5 time, 231.0 real, 97.4 MB
[runlim] sample:		239.5 time, 241.0 real, 97.7 MB
[runlim] sample:		249.5 time, 251.0 real, 97.7 MB
[runlim] sample:		259.5 time, 261.0 real, 98.0 MB
[runlim] sample:		269.5 time, 271.0 real, 98.2 MB
[runlim] sample:		279.5 time, 281.0 real, 98.5 MB
[runlim] sample:		289.5 time, 291.0 real, 98.5 MB
[runlim] sample:		299.5 time, 301.0 real, 98.7 MB
CVC4 interrupted by SIGTERM.
[runlim] end:			Tue Jan 29 15:14:40 2019
[runlim] status:		out of time
[runlim] result:		2
[runlim] children:		0
[runlim] real:			301.59 seconds
[runlim] time:			300.07 seconds
[runlim] space:			98.7 MB
[runlim] samples:		3006
