[runlim] version:		1.10fixed
[runlim] time limit:		300 seconds
[runlim] real time limit:	311040000 seconds
[runlim] space limit:		4000 MB
[runlim] argv[0]:		./cvc4
[runlim] argv[1]:		--fmf-fun-rlv
[runlim] argv[2]:		/tmp/21YualKo.smt2
[runlim] start:			Tue Jan 29 15:06:01 2019
[runlim] main pid:		23707
/tmp/21YualKo.smt2:4.12: No set-logic command was given before this point.
/tmp/21YualKo.smt2:4.12: CVC4 will make all theories available.
/tmp/21YualKo.smt2:4.12: Consider setting a stricter logic for (likely) better performance.
/tmp/21YualKo.smt2:4.12: To suppress this warning in the future use (set-logic ALL).
[runlim] sample:		9.9 time, 10.0 real, 43.0 MB
[runlim] sample:		19.5 time, 20.0 real, 47.1 MB
[runlim] sample:		29.2 time, 30.0 real, 51.7 MB
[runlim] sample:		38.9 time, 40.0 real, 55.8 MB
[runlim] sample:		48.5 time, 50.0 real, 59.4 MB
[runlim] sample:		58.2 time, 60.0 real, 60.4 MB
[runlim] sample:		67.8 time, 70.0 real, 63.5 MB
[runlim] sample:		77.5 time, 80.0 real, 68.1 MB
[runlim] sample:		87.1 time, 90.0 real, 72.2 MB
[runlim] sample:		96.7 time, 100.0 real, 74.8 MB
[runlim] sample:		106.5 time, 110.0 real, 76.3 MB
[runlim] sample:		116.5 time, 120.0 real, 79.6 MB
[runlim] sample:		126.5 time, 130.0 real, 82.2 MB
[runlim] sample:		136.5 time, 140.0 real, 83.8 MB
[runlim] sample:		146.5 time, 150.0 real, 84.1 MB
[runlim] sample:		156.5 time, 160.0 real, 85.1 MB
[runlim] sample:		166.5 time, 170.0 real, 87.6 MB
[runlim] sample:		176.5 time, 180.0 real, 92.3 MB
[runlim] sample:		186.5 time, 190.0 real, 96.6 MB
[runlim] sample:		196.5 time, 200.0 real, 97.7 MB
[runlim] sample:		206.5 time, 210.0 real, 97.9 MB
[runlim] sample:		216.5 time, 220.0 real, 98.9 MB
[runlim] sample:		226.5 time, 230.0 real, 105.6 MB
[runlim] sample:		236.5 time, 240.0 real, 105.9 MB
[runlim] sample:		246.5 time, 250.0 real, 106.1 MB
[runlim] sample:		256.5 time, 260.0 real, 106.4 MB
[runlim] sample:		266.5 time, 270.0 real, 106.9 MB
[runlim] sample:		276.5 time, 280.0 real, 107.6 MB
[runlim] sample:		286.5 time, 290.0 real, 108.4 MB
[runlim] sample:		296.5 time, 300.0 real, 114.9 MB
CVC4 interrupted by SIGTERM.
[runlim] end:			Tue Jan 29 15:11:04 2019
[runlim] status:		out of time
[runlim] result:		2
[runlim] children:		0
[runlim] real:			303.64 seconds
[runlim] time:			300.07 seconds
[runlim] space:			115.1 MB
[runlim] samples:		3036
