[runlim] version:		1.10fixed
[runlim] time limit:		300 seconds
[runlim] real time limit:	311040000 seconds
[runlim] space limit:		4000 MB
[runlim] argv[0]:		./cvc4
[runlim] argv[1]:		--fmf-fun-rlv
[runlim] argv[2]:		/tmp/DOU9h5Lq.smt2
[runlim] start:			Mon Jan 28 17:38:13 2019
[runlim] main pid:		28034
/tmp/DOU9h5Lq.smt2:4.12: No set-logic command was given before this point.
/tmp/DOU9h5Lq.smt2:4.12: CVC4 will make all theories available.
/tmp/DOU9h5Lq.smt2:4.12: Consider setting a stricter logic for (likely) better performance.
/tmp/DOU9h5Lq.smt2:4.12: To suppress this warning in the future use (set-logic ALL).
[runlim] sample:		9.1 time, 10.3 real, 43.2 MB
[runlim] sample:		18.6 time, 20.3 real, 46.6 MB
[runlim] sample:		28.5 time, 30.3 real, 53.0 MB
[runlim] sample:		37.9 time, 40.3 real, 53.8 MB
[runlim] sample:		47.8 time, 50.3 real, 55.3 MB
[runlim] sample:		57.8 time, 60.3 real, 56.3 MB
[runlim] sample:		67.8 time, 70.3 real, 57.5 MB
[runlim] sample:		77.3 time, 80.3 real, 57.8 MB
[runlim] sample:		85.9 time, 90.3 real, 58.0 MB
[runlim] sample:		95.7 time, 100.3 real, 58.2 MB
[runlim] sample:		104.4 time, 110.3 real, 60.3 MB
[runlim] sample:		113.0 time, 120.3 real, 60.5 MB
[runlim] sample:		122.4 time, 130.3 real, 61.5 MB
[runlim] sample:		131.7 time, 140.3 real, 63.0 MB
[runlim] sample:		140.4 time, 150.3 real, 66.1 MB
[runlim] sample:		149.1 time, 160.3 real, 69.5 MB
[runlim] sample:		158.8 time, 170.3 real, 71.5 MB
[runlim] sample:		168.8 time, 180.3 real, 76.9 MB
[runlim] sample:		178.8 time, 190.3 real, 79.7 MB
[runlim] sample:		188.8 time, 200.3 real, 80.2 MB
[runlim] sample:		198.8 time, 210.3 real, 80.4 MB
[runlim] sample:		208.7 time, 220.3 real, 80.7 MB
[runlim] sample:		217.2 time, 230.3 real, 80.9 MB
[runlim] sample:		227.2 time, 240.3 real, 83.9 MB
[runlim] sample:		237.2 time, 250.3 real, 84.4 MB
[runlim] sample:		247.2 time, 260.3 real, 85.7 MB
[runlim] sample:		257.1 time, 270.3 real, 90.3 MB
[runlim] sample:		267.1 time, 280.3 real, 90.8 MB
[runlim] sample:		276.2 time, 290.3 real, 91.0 MB
[runlim] sample:		286.2 time, 300.3 real, 91.2 MB
[runlim] sample:		296.2 time, 310.3 real, 91.5 MB
CVC4 interrupted by SIGTERM.
[runlim] end:			Mon Jan 28 17:43:27 2019
[runlim] status:		out of time
[runlim] result:		2
[runlim] children:		0
[runlim] real:			314.21 seconds
[runlim] time:			300.10 seconds
[runlim] space:			91.7 MB
[runlim] samples:		3139
