[runlim] version:		1.10fixed
[runlim] time limit:		300 seconds
[runlim] real time limit:	311040000 seconds
[runlim] space limit:		4000 MB
[runlim] argv[0]:		./cvc4
[runlim] argv[1]:		--fmf-fun-rlv
[runlim] argv[2]:		/tmp/4fbqkyr5.smt2
[runlim] start:			Mon Jan 28 17:34:21 2019
[runlim] main pid:		4735
/tmp/4fbqkyr5.smt2:4.12: No set-logic command was given before this point.
/tmp/4fbqkyr5.smt2:4.12: CVC4 will make all theories available.
/tmp/4fbqkyr5.smt2:4.12: Consider setting a stricter logic for (likely) better performance.
/tmp/4fbqkyr5.smt2:4.12: To suppress this warning in the future use (set-logic ALL).
[runlim] sample:		9.2 time, 10.6 real, 42.4 MB
[runlim] sample:		18.3 time, 20.6 real, 45.7 MB
[runlim] sample:		27.8 time, 30.6 real, 50.9 MB
[runlim] sample:		37.0 time, 40.6 real, 53.2 MB
[runlim] sample:		46.7 time, 50.6 real, 53.9 MB
[runlim] sample:		56.4 time, 60.6 real, 55.1 MB
[runlim] sample:		65.4 time, 70.6 real, 56.4 MB
[runlim] sample:		74.2 time, 80.6 real, 56.9 MB
[runlim] sample:		82.9 time, 90.6 real, 57.4 MB
[runlim] sample:		92.5 time, 100.6 real, 58.6 MB
[runlim] sample:		102.5 time, 110.6 real, 63.5 MB
[runlim] sample:		111.0 time, 120.6 real, 65.3 MB
[runlim] sample:		119.8 time, 130.6 real, 71.5 MB
[runlim] sample:		128.6 time, 140.6 real, 71.7 MB
[runlim] sample:		138.0 time, 150.6 real, 75.0 MB
[runlim] sample:		147.3 time, 160.6 real, 75.5 MB
[runlim] sample:		156.6 time, 170.6 real, 76.5 MB
[runlim] sample:		166.2 time, 180.6 real, 77.0 MB
[runlim] sample:		175.5 time, 190.6 real, 77.5 MB
[runlim] sample:		185.2 time, 200.6 real, 78.0 MB
[runlim] sample:		194.8 time, 210.6 real, 78.8 MB
[runlim] sample:		204.4 time, 220.6 real, 82.3 MB
[runlim] sample:		214.4 time, 230.6 real, 86.9 MB
[runlim] sample:		224.4 time, 240.6 real, 87.4 MB
[runlim] sample:		234.0 time, 250.6 real, 87.9 MB
[runlim] sample:		243.9 time, 260.6 real, 88.4 MB
[runlim] sample:		253.9 time, 270.6 real, 88.9 MB
[runlim] sample:		263.9 time, 280.6 real, 89.3 MB
[runlim] sample:		273.9 time, 290.6 real, 89.6 MB
[runlim] sample:		283.9 time, 300.6 real, 89.8 MB
[runlim] sample:		293.9 time, 310.6 real, 90.3 MB
CVC4 interrupted by SIGTERM.
[runlim] end:			Mon Jan 28 17:39:37 2019
[runlim] status:		out of time
[runlim] result:		2
[runlim] children:		0
[runlim] real:			316.78 seconds
[runlim] time:			300.07 seconds
[runlim] space:			90.3 MB
[runlim] samples:		3162
