[runlim] version:		1.10fixed
[runlim] time limit:		300 seconds
[runlim] real time limit:	311040000 seconds
[runlim] space limit:		4000 MB
[runlim] argv[0]:		./cvc4
[runlim] argv[1]:		--fmf-fun-rlv
[runlim] argv[2]:		/tmp/cwuQD5tz.smt2
[runlim] start:			Tue Jan 29 15:07:05 2019
[runlim] main pid:		22371
/tmp/cwuQD5tz.smt2:4.12: No set-logic command was given before this point.
/tmp/cwuQD5tz.smt2:4.12: CVC4 will make all theories available.
/tmp/cwuQD5tz.smt2:4.12: Consider setting a stricter logic for (likely) better performance.
/tmp/cwuQD5tz.smt2:4.12: To suppress this warning in the future use (set-logic ALL).
[runlim] sample:		7.3 time, 10.5 real, 37.3 MB
[runlim] sample:		16.3 time, 20.5 real, 42.0 MB
[runlim] sample:		26.3 time, 30.5 real, 43.9 MB
[runlim] sample:		35.9 time, 40.5 real, 46.7 MB
[runlim] sample:		45.3 time, 50.5 real, 51.1 MB
[runlim] sample:		54.6 time, 60.5 real, 55.2 MB
[runlim] sample:		64.0 time, 70.5 real, 59.3 MB
[runlim] sample:		73.6 time, 80.5 real, 60.5 MB
[runlim] sample:		83.0 time, 90.5 real, 65.1 MB
[runlim] sample:		92.5 time, 100.5 real, 67.4 MB
[runlim] sample:		102.5 time, 110.5 real, 68.5 MB
[runlim] sample:		112.1 time, 120.5 real, 68.7 MB
[runlim] sample:		121.0 time, 130.5 real, 69.0 MB
[runlim] sample:		130.5 time, 140.5 real, 69.2 MB
[runlim] sample:		140.5 time, 150.5 real, 69.7 MB
[runlim] sample:		150.5 time, 160.5 real, 70.0 MB
[runlim] sample:		160.5 time, 170.5 real, 70.3 MB
[runlim] sample:		170.5 time, 180.5 real, 70.8 MB
[runlim] sample:		180.5 time, 190.5 real, 71.0 MB
[runlim] sample:		190.5 time, 200.5 real, 71.5 MB
[runlim] sample:		200.5 time, 210.5 real, 72.3 MB
[runlim] sample:		209.6 time, 220.5 real, 72.6 MB
[runlim] sample:		219.0 time, 230.5 real, 72.8 MB
[runlim] sample:		228.3 time, 240.5 real, 73.1 MB
[runlim] sample:		237.6 time, 250.5 real, 73.4 MB
[runlim] sample:		246.3 time, 260.5 real, 74.4 MB
[runlim] sample:		256.3 time, 270.5 real, 74.6 MB
[runlim] sample:		265.5 time, 280.5 real, 75.2 MB
[runlim] sample:		275.5 time, 290.5 real, 75.4 MB
[runlim] sample:		285.5 time, 300.5 real, 76.2 MB
[runlim] sample:		295.4 time, 310.5 real, 76.4 MB
CVC4 interrupted by SIGTERM.
[runlim] end:			Tue Jan 29 15:12:21 2019
[runlim] status:		out of time
[runlim] result:		2
[runlim] children:		0
[runlim] real:			316.69 seconds
[runlim] time:			300.09 seconds
[runlim] space:			76.4 MB
[runlim] samples:		3162
