[runlim] version:		1.10fixed
[runlim] time limit:		1800 seconds
[runlim] real time limit:	311040000 seconds
[runlim] space limit:		4000 MB
[runlim] argv[0]:		./cvc4
[runlim] argv[1]:		/tmp/BJ5fRnUw.smt2
[runlim] start:			Sat Feb  9 18:24:27 2019
[runlim] main pid:		4189
[runlim] sample:		8.0 time, 10.0 real, 54.7 MB
[runlim] sample:		18.0 time, 20.0 real, 65.2 MB
[runlim] sample:		27.2 time, 30.0 real, 72.8 MB
[runlim] sample:		37.2 time, 40.0 real, 79.3 MB
[runlim] sample:		47.2 time, 50.0 real, 83.7 MB
[runlim] sample:		57.2 time, 60.0 real, 88.3 MB
[runlim] sample:		66.3 time, 70.0 real, 91.4 MB
[runlim] sample:		75.1 time, 80.0 real, 95.0 MB
[runlim] sample:		84.2 time, 90.0 real, 98.0 MB
[runlim] sample:		93.0 time, 100.0 real, 100.1 MB
[runlim] sample:		101.6 time, 110.0 real, 102.7 MB
[runlim] sample:		110.0 time, 120.0 real, 105.0 MB
[runlim] sample:		120.0 time, 130.0 real, 107.3 MB
[runlim] sample:		130.0 time, 140.0 real, 110.7 MB
[runlim] sample:		140.0 time, 150.0 real, 112.5 MB
[runlim] sample:		150.0 time, 160.0 real, 114.8 MB
[runlim] sample:		160.0 time, 170.0 real, 115.8 MB
[runlim] sample:		169.9 time, 180.0 real, 118.1 MB
[runlim] sample:		179.6 time, 190.0 real, 121.1 MB
[runlim] sample:		189.3 time, 200.0 real, 122.1 MB
[runlim] sample:		198.4 time, 210.0 real, 122.9 MB
[runlim] sample:		208.4 time, 220.0 real, 126.3 MB
[runlim] sample:		218.4 time, 230.0 real, 127.5 MB
[runlim] sample:		228.4 time, 240.0 real, 128.6 MB
[runlim] sample:		237.7 time, 250.0 real, 129.9 MB
[runlim] sample:		246.8 time, 260.0 real, 132.4 MB
[runlim] sample:		256.5 time, 270.0 real, 134.2 MB
[runlim] sample:		264.8 time, 280.0 real, 135.3 MB
[runlim] sample:		273.2 time, 290.0 real, 136.6 MB
[runlim] sample:		281.5 time, 300.0 real, 137.1 MB
[runlim] sample:		290.6 time, 310.0 real, 137.8 MB
[runlim] sample:		300.6 time, 320.0 real, 140.2 MB
[runlim] sample:		310.6 time, 330.0 real, 141.4 MB
[runlim] sample:		320.1 time, 340.0 real, 142.2 MB
[runlim] sample:		329.9 time, 350.0 real, 142.5 MB
[runlim] sample:		339.8 time, 360.0 real, 143.5 MB
[runlim] sample:		349.4 time, 370.0 real, 145.1 MB
[runlim] sample:		358.6 time, 380.0 real, 146.1 MB
[runlim] sample:		367.1 time, 390.0 real, 147.1 MB
[runlim] sample:		375.5 time, 400.0 real, 148.4 MB
[runlim] sample:		384.4 time, 410.0 real, 148.4 MB
[runlim] sample:		393.5 time, 420.0 real, 149.7 MB
[runlim] sample:		402.8 time, 430.0 real, 150.7 MB
[runlim] sample:		412.1 time, 440.0 real, 152.3 MB
[runlim] sample:		421.1 time, 450.0 real, 153.8 MB
[runlim] sample:		430.6 time, 460.0 real, 153.8 MB
[runlim] sample:		440.3 time, 470.0 real, 154.6 MB
[runlim] sample:		450.0 time, 480.0 real, 155.9 MB
[runlim] sample:		459.7 time, 490.0 real, 156.6 MB
[runlim] sample:		469.3 time, 500.0 real, 157.9 MB
[runlim] sample:		479.0 time, 510.0 real, 157.9 MB
[runlim] sample:		488.7 time, 520.0 real, 158.9 MB
[runlim] sample:		498.4 time, 530.0 real, 160.0 MB
[runlim] sample:		508.1 time, 540.0 real, 160.8 MB
[runlim] sample:		517.8 time, 550.0 real, 161.5 MB
[runlim] sample:		527.5 time, 560.0 real, 162.3 MB
[runlim] sample:		536.6 time, 570.0 real, 163.6 MB
[runlim] sample:		545.4 time, 580.0 real, 163.6 MB
[runlim] sample:		555.0 time, 590.0 real, 165.3 MB
[runlim] sample:		564.4 time, 600.0 real, 165.3 MB
[runlim] sample:		574.4 time, 610.0 real, 166.0 MB
[runlim] sample:		584.4 time, 620.0 real, 168.1 MB
[runlim] sample:		594.4 time, 630.0 real, 168.1 MB
[runlim] sample:		603.9 time, 640.0 real, 169.2 MB
[runlim] sample:		613.8 time, 650.0 real, 170.2 MB
[runlim] sample:		623.8 time, 660.0 real, 170.2 MB
[runlim] sample:		633.5 time, 670.0 real, 171.5 MB
[runlim] sample:		643.2 time, 680.0 real, 172.8 MB
[runlim] sample:		653.0 time, 690.0 real, 172.8 MB
[runlim] sample:		662.6 time, 700.0 real, 173.8 MB
[runlim] sample:		672.1 time, 710.0 real, 173.8 MB
[runlim] sample:		681.4 time, 720.0 real, 175.1 MB
[runlim] sample:		690.7 time, 730.0 real, 175.1 MB
[runlim] sample:		699.2 time, 740.0 real, 175.9 MB
[runlim] sample:		707.5 time, 750.0 real, 175.9 MB
[runlim] sample:		716.1 time, 760.0 real, 177.1 MB
[runlim] sample:		724.8 time, 770.0 real, 177.1 MB
[runlim] sample:		734.8 time, 780.0 real, 178.2 MB
[runlim] sample:		744.0 time, 790.0 real, 178.2 MB
[runlim] sample:		753.4 time, 800.0 real, 179.7 MB
[runlim] sample:		762.7 time, 810.0 real, 179.7 MB
[runlim] sample:		772.0 time, 820.0 real, 180.5 MB
[runlim] sample:		781.2 time, 830.0 real, 180.5 MB
[runlim] sample:		790.9 time, 840.0 real, 181.8 MB
[runlim] sample:		800.6 time, 850.0 real, 181.8 MB
[runlim] sample:		809.8 time, 860.0 real, 185.0 MB
[runlim] sample:		818.6 time, 870.0 real, 185.0 MB
[runlim] sample:		827.9 time, 880.0 real, 186.5 MB
[runlim] sample:		836.4 time, 890.0 real, 186.5 MB
[runlim] sample:		846.1 time, 900.0 real, 186.5 MB
[runlim] sample:		856.1 time, 910.0 real, 187.8 MB
[runlim] sample:		866.1 time, 920.0 real, 187.8 MB
[runlim] sample:		876.1 time, 930.0 real, 189.1 MB
[runlim] sample:		885.7 time, 940.0 real, 189.1 MB
[runlim] sample:		894.1 time, 950.0 real, 190.1 MB
[runlim] sample:		902.7 time, 960.0 real, 190.1 MB
[runlim] sample:		912.4 time, 970.0 real, 190.1 MB
[runlim] sample:		922.1 time, 980.0 real, 191.2 MB
[runlim] sample:		931.7 time, 990.0 real, 191.2 MB
[runlim] sample:		941.4 time, 1000.0 real, 192.2 MB
[runlim] sample:		951.2 time, 1010.0 real, 192.2 MB
[runlim] sample:		961.2 time, 1020.0 real, 193.5 MB
[runlim] sample:		971.2 time, 1030.0 real, 193.5 MB
[runlim] sample:		981.2 time, 1040.0 real, 193.7 MB
[runlim] sample:		991.0 time, 1050.0 real, 195.0 MB
[runlim] sample:		1000.6 time, 1060.0 real, 195.0 MB
[runlim] sample:		1010.1 time, 1070.0 real, 196.3 MB
[runlim] sample:		1019.9 time, 1080.0 real, 196.3 MB
[runlim] sample:		1029.9 time, 1090.0 real, 198.4 MB
[runlim] sample:		1039.9 time, 1100.0 real, 198.4 MB
[runlim] sample:		1049.9 time, 1110.0 real, 199.9 MB
[runlim] sample:		1059.9 time, 1120.0 real, 199.9 MB
[runlim] sample:		1069.9 time, 1130.0 real, 200.4 MB
[runlim] sample:		1079.6 time, 1140.0 real, 200.4 MB
[runlim] sample:		1088.9 time, 1150.0 real, 201.7 MB
[runlim] sample:		1098.4 time, 1160.0 real, 201.7 MB
[runlim] sample:		1107.7 time, 1170.0 real, 201.7 MB
[runlim] sample:		1117.0 time, 1180.0 real, 202.8 MB
[runlim] sample:		1126.3 time, 1190.0 real, 202.8 MB
[runlim] sample:		1135.6 time, 1200.0 real, 204.6 MB
[runlim] sample:		1144.4 time, 1210.0 real, 204.6 MB
[runlim] sample:		1153.0 time, 1220.0 real, 204.6 MB
[runlim] sample:		1162.0 time, 1230.0 real, 205.1 MB
[runlim] sample:		1171.2 time, 1240.0 real, 205.1 MB
[runlim] sample:		1181.2 time, 1250.0 real, 205.1 MB
[runlim] sample:		1191.2 time, 1260.0 real, 206.1 MB
[runlim] sample:		1201.2 time, 1270.0 real, 206.1 MB
[runlim] sample:		1211.2 time, 1280.0 real, 207.7 MB
[runlim] sample:		1221.2 time, 1290.0 real, 207.7 MB
[runlim] sample:		1230.3 time, 1300.0 real, 207.7 MB
[runlim] sample:		1239.4 time, 1310.0 real, 208.7 MB
[runlim] sample:		1249.4 time, 1320.0 real, 208.7 MB
[runlim] sample:		1259.4 time, 1330.0 real, 210.0 MB
[runlim] sample:		1269.4 time, 1340.0 real, 210.0 MB
[runlim] sample:		1279.4 time, 1350.0 real, 210.0 MB
[runlim] sample:		1289.4 time, 1360.0 real, 211.0 MB
[runlim] sample:		1299.4 time, 1370.0 real, 211.0 MB
[runlim] sample:		1309.4 time, 1380.0 real, 212.3 MB
[runlim] sample:		1319.4 time, 1390.0 real, 212.3 MB
[runlim] sample:		1329.4 time, 1400.0 real, 212.3 MB
[runlim] sample:		1339.4 time, 1410.0 real, 213.3 MB
[runlim] sample:		1349.4 time, 1420.0 real, 213.3 MB
[runlim] sample:		1359.4 time, 1430.0 real, 213.3 MB
[runlim] sample:		1369.4 time, 1440.0 real, 214.4 MB
[runlim] sample:		1379.4 time, 1450.0 real, 214.4 MB
[runlim] sample:		1389.4 time, 1460.0 real, 215.6 MB
[runlim] sample:		1399.4 time, 1470.0 real, 215.6 MB
[runlim] sample:		1409.4 time, 1480.0 real, 215.6 MB
[runlim] sample:		1418.4 time, 1490.0 real, 216.9 MB
[runlim] sample:		1427.2 time, 1500.0 real, 216.9 MB
[runlim] sample:		1437.2 time, 1510.0 real, 216.9 MB
[runlim] sample:		1447.2 time, 1520.0 real, 218.3 MB
[runlim] sample:		1457.2 time, 1530.0 real, 218.3 MB
[runlim] sample:		1465.8 time, 1540.0 real, 218.3 MB
[runlim] sample:		1475.1 time, 1550.0 real, 219.1 MB
[runlim] sample:		1484.4 time, 1560.0 real, 219.1 MB
[runlim] sample:		1494.4 time, 1570.0 real, 219.1 MB
[runlim] sample:		1504.4 time, 1580.0 real, 220.1 MB
[runlim] sample:		1514.4 time, 1590.0 real, 220.1 MB
[runlim] sample:		1524.4 time, 1600.0 real, 220.1 MB
[runlim] sample:		1534.4 time, 1610.0 real, 222.9 MB
[runlim] sample:		1544.4 time, 1620.0 real, 222.9 MB
[runlim] sample:		1553.5 time, 1630.0 real, 222.9 MB
[runlim] sample:		1561.8 time, 1640.0 real, 222.9 MB
[runlim] sample:		1570.1 time, 1650.0 real, 222.9 MB
[runlim] sample:		1578.4 time, 1660.0 real, 222.9 MB
[runlim] sample:		1588.0 time, 1670.0 real, 223.2 MB
[runlim] sample:		1597.7 time, 1680.0 real, 223.7 MB
[runlim] sample:		1607.4 time, 1690.0 real, 223.7 MB
[runlim] sample:		1617.1 time, 1700.0 real, 223.7 MB
[runlim] sample:		1625.9 time, 1710.0 real, 226.0 MB
[runlim] sample:		1634.2 time, 1720.0 real, 226.0 MB
[runlim] sample:		1643.7 time, 1730.0 real, 226.0 MB
[runlim] sample:		1653.7 time, 1740.0 real, 226.5 MB
[runlim] sample:		1663.7 time, 1750.0 real, 226.5 MB
[runlim] sample:		1673.6 time, 1760.0 real, 226.5 MB
[runlim] sample:		1683.0 time, 1770.0 real, 227.6 MB
[runlim] sample:		1692.3 time, 1780.0 real, 227.6 MB
[runlim] sample:		1702.2 time, 1790.0 real, 227.6 MB
[runlim] sample:		1710.5 time, 1800.0 real, 227.6 MB
[runlim] sample:		1719.9 time, 1810.0 real, 228.8 MB
[runlim] sample:		1729.9 time, 1820.0 real, 228.8 MB
[runlim] sample:		1739.9 time, 1830.0 real, 228.8 MB
[runlim] sample:		1749.9 time, 1840.0 real, 229.9 MB
[runlim] sample:		1759.9 time, 1850.0 real, 229.9 MB
[runlim] sample:		1769.9 time, 1860.0 real, 229.9 MB
[runlim] sample:		1779.9 time, 1870.0 real, 230.9 MB
[runlim] sample:		1789.9 time, 1880.0 real, 230.9 MB
[runlim] sample:		1799.9 time, 1890.0 real, 230.9 MB
CVC4 interrupted by SIGTERM.
[runlim] end:			Sat Feb  9 18:55:57 2019
[runlim] status:		out of time
[runlim] result:		2
[runlim] children:		0
[runlim] real:			1890.24 seconds
[runlim] time:			1800.07 seconds
[runlim] space:			230.9 MB
[runlim] samples:		18902
