[runlim] version:		1.10fixed
[runlim] time limit:		300 seconds
[runlim] real time limit:	311040000 seconds
[runlim] space limit:		4000 MB
[runlim] argv[0]:		./cvc4
[runlim] argv[1]:		/tmp/dZge9cYn.smt2
[runlim] start:			Mon Jan 28 14:44:23 2019
[runlim] main pid:		22492
[runlim] sample:		9.6 time, 11.0 real, 167.9 MB
[runlim] sample:		19.6 time, 21.0 real, 235.4 MB
[runlim] sample:		29.6 time, 31.0 real, 265.8 MB
[runlim] sample:		39.6 time, 41.0 real, 281.5 MB
[runlim] sample:		49.6 time, 51.0 real, 312.3 MB
[runlim] sample:		59.6 time, 61.0 real, 403.9 MB
[runlim] sample:		69.6 time, 71.0 real, 486.6 MB
[runlim] sample:		79.6 time, 81.0 real, 567.4 MB
[runlim] sample:		89.5 time, 91.0 real, 661.3 MB
[runlim] sample:		99.5 time, 101.0 real, 718.7 MB
[runlim] sample:		109.5 time, 111.0 real, 785.1 MB
[runlim] sample:		119.5 time, 121.0 real, 813.8 MB
[runlim] sample:		129.5 time, 131.0 real, 813.8 MB
[runlim] sample:		139.5 time, 141.0 real, 813.8 MB
[runlim] sample:		149.5 time, 151.0 real, 813.8 MB
[runlim] sample:		159.5 time, 161.0 real, 813.8 MB
[runlim] sample:		169.5 time, 171.0 real, 813.8 MB
[runlim] sample:		179.5 time, 181.0 real, 837.2 MB
[runlim] sample:		189.5 time, 191.0 real, 837.2 MB
[runlim] sample:		199.5 time, 201.0 real, 908.0 MB
[runlim] sample:		209.5 time, 211.0 real, 990.3 MB
[runlim] sample:		219.5 time, 221.0 real, 1063.2 MB
[runlim] sample:		229.5 time, 231.0 real, 1132.1 MB
[runlim] sample:		239.5 time, 241.0 real, 1170.6 MB
[runlim] sample:		249.5 time, 251.0 real, 1248.2 MB
[runlim] sample:		259.5 time, 261.0 real, 1330.4 MB
[runlim] sample:		269.1 time, 271.0 real, 1383.7 MB
[runlim] sample:		278.2 time, 281.0 real, 1420.2 MB
[runlim] sample:		287.6 time, 291.0 real, 1470.2 MB
[runlim] sample:		297.6 time, 301.0 real, 1523.2 MB
CVC4 interrupted by SIGTERM.
[runlim] end:			Mon Jan 28 14:49:26 2019
[runlim] status:		out of time
[runlim] result:		2
[runlim] children:		0
[runlim] real:			303.53 seconds
[runlim] time:			300.07 seconds
[runlim] space:			1526.0 MB
[runlim] samples:		3025
