[runlim] version:		1.10fixed
[runlim] time limit:		1800 seconds
[runlim] real time limit:	311040000 seconds
[runlim] space limit:		4000 MB
[runlim] argv[0]:		./cvc4
[runlim] argv[1]:		/tmp/5JOVbp81.smt2
[runlim] start:			Sun Feb  3 10:30:20 2019
[runlim] main pid:		11602
[runlim] sample:		9.2 time, 10.9 real, 41.3 MB
[runlim] sample:		19.1 time, 20.9 real, 56.5 MB
[runlim] sample:		27.7 time, 30.9 real, 63.7 MB
[runlim] sample:		37.1 time, 40.9 real, 66.1 MB
[runlim] sample:		45.2 time, 50.9 real, 68.7 MB
[runlim] sample:		54.3 time, 60.9 real, 69.7 MB
[runlim] sample:		62.8 time, 70.9 real, 71.0 MB
[runlim] sample:		72.5 time, 80.9 real, 72.1 MB
[runlim] sample:		82.5 time, 90.9 real, 73.6 MB
[runlim] sample:		92.5 time, 100.9 real, 74.4 MB
[runlim] sample:		100.9 time, 110.9 real, 75.7 MB
[runlim] sample:		109.8 time, 120.9 real, 76.4 MB
[runlim] sample:		119.4 time, 130.9 real, 78.0 MB
[runlim] sample:		129.1 time, 140.9 real, 78.8 MB
[runlim] sample:		138.7 time, 150.9 real, 80.3 MB
[runlim] sample:		148.4 time, 160.9 real, 81.1 MB
[runlim] sample:		158.1 time, 170.9 real, 82.6 MB
[runlim] sample:		167.7 time, 180.9 real, 83.4 MB
[runlim] sample:		177.4 time, 190.9 real, 84.7 MB
[runlim] sample:		187.1 time, 200.9 real, 85.7 MB
[runlim] sample:		196.7 time, 210.9 real, 86.7 MB
[runlim] sample:		206.4 time, 220.9 real, 87.8 MB
[runlim] sample:		216.0 time, 230.9 real, 88.8 MB
[runlim] sample:		225.7 time, 240.9 real, 89.8 MB
[runlim] sample:		235.4 time, 250.9 real, 90.9 MB
[runlim] sample:		244.2 time, 260.9 real, 91.9 MB
[runlim] sample:		254.2 time, 270.9 real, 92.9 MB
[runlim] sample:		264.2 time, 280.9 real, 93.7 MB
[runlim] sample:		274.2 time, 290.9 real, 95.0 MB
[runlim] sample:		284.2 time, 300.9 real, 95.8 MB
[runlim] sample:		294.2 time, 310.9 real, 98.1 MB
[runlim] sample:		304.2 time, 320.9 real, 98.9 MB
[runlim] sample:		312.0 time, 330.9 real, 99.6 MB
[runlim] sample:		321.4 time, 340.9 real, 100.4 MB
[runlim] sample:		331.0 time, 350.9 real, 101.4 MB
[runlim] sample:		340.7 time, 360.9 real, 102.5 MB
[runlim] sample:		350.4 time, 370.9 real, 103.5 MB
[runlim] sample:		360.0 time, 380.9 real, 104.5 MB
[runlim] sample:		369.7 time, 390.9 real, 105.6 MB
[runlim] sample:		379.3 time, 400.9 real, 107.9 MB
[runlim] sample:		389.0 time, 410.9 real, 108.4 MB
[runlim] sample:		398.7 time, 420.9 real, 109.4 MB
[runlim] sample:		408.3 time, 430.9 real, 110.7 MB
[runlim] sample:		418.0 time, 440.9 real, 111.5 MB
[runlim] sample:		427.6 time, 450.9 real, 112.3 MB
[runlim] sample:		437.3 time, 460.9 real, 113.3 MB
[runlim] sample:		447.0 time, 470.9 real, 114.3 MB
[runlim] sample:		456.8 time, 480.9 real, 115.1 MB
[runlim] sample:		466.8 time, 490.9 real, 116.1 MB
[runlim] sample:		475.9 time, 500.9 real, 116.6 MB
[runlim] sample:		483.6 time, 510.9 real, 117.4 MB
[runlim] sample:		492.1 time, 520.9 real, 118.4 MB
[runlim] sample:		501.5 time, 530.9 real, 119.0 MB
[runlim] sample:		511.5 time, 540.9 real, 119.7 MB
[runlim] sample:		521.5 time, 550.9 real, 120.5 MB
[runlim] sample:		531.5 time, 560.9 real, 121.3 MB
[runlim] sample:		540.8 time, 570.9 real, 122.8 MB
[runlim] sample:		549.5 time, 580.9 real, 123.1 MB
[runlim] sample:		558.7 time, 590.9 real, 123.9 MB
[runlim] sample:		566.4 time, 600.9 real, 124.9 MB
[runlim] sample:		574.1 time, 610.9 real, 125.4 MB
[runlim] sample:		583.6 time, 620.9 real, 126.2 MB
[runlim] sample:		593.6 time, 630.9 real, 127.2 MB
[runlim] sample:		603.6 time, 640.9 real, 127.7 MB
[runlim] sample:		613.6 time, 650.9 real, 128.7 MB
[runlim] sample:		622.9 time, 660.9 real, 129.3 MB
[runlim] sample:		632.2 time, 670.9 real, 130.3 MB
[runlim] sample:		641.9 time, 680.9 real, 131.1 MB
[runlim] sample:		651.5 time, 690.9 real, 131.6 MB
[runlim] sample:		661.2 time, 700.9 real, 132.6 MB
[runlim] sample:		670.9 time, 710.9 real, 133.4 MB
[runlim] sample:		680.5 time, 720.9 real, 133.9 MB
[runlim] sample:		690.2 time, 730.9 real, 134.9 MB
[runlim] sample:		699.8 time, 740.9 real, 135.4 MB
[runlim] sample:		709.5 time, 750.9 real, 136.2 MB
[runlim] sample:		719.1 time, 760.9 real, 138.8 MB
[runlim] sample:		728.8 time, 770.9 real, 138.8 MB
[runlim] sample:		737.1 time, 780.9 real, 139.6 MB
[runlim] sample:		744.8 time, 790.9 real, 141.1 MB
[runlim] sample:		753.0 time, 800.9 real, 141.4 MB
[runlim] sample:		763.0 time, 810.9 real, 142.1 MB
[runlim] sample:		773.0 time, 820.9 real, 143.2 MB
[runlim] sample:		783.0 time, 830.9 real, 143.7 MB
[runlim] sample:		792.5 time, 840.9 real, 144.5 MB
[runlim] sample:		802.5 time, 850.9 real, 145.5 MB
[runlim] sample:		812.5 time, 860.9 real, 146.0 MB
[runlim] sample:		821.2 time, 870.9 real, 146.8 MB
[runlim] sample:		828.9 time, 880.9 real, 147.6 MB
[runlim] sample:		836.6 time, 890.9 real, 147.8 MB
[runlim] sample:		845.7 time, 900.9 real, 148.6 MB
[runlim] sample:		855.7 time, 910.9 real, 149.4 MB
[runlim] sample:		865.7 time, 920.9 real, 149.9 MB
[runlim] sample:		875.7 time, 930.9 real, 150.7 MB
[runlim] sample:		885.7 time, 940.9 real, 151.7 MB
[runlim] sample:		895.7 time, 950.9 real, 151.9 MB
[runlim] sample:		905.7 time, 960.9 real, 153.0 MB
[runlim] sample:		914.3 time, 970.9 real, 153.7 MB
[runlim] sample:		922.8 time, 980.9 real, 154.0 MB
[runlim] sample:		932.8 time, 990.9 real, 154.8 MB
[runlim] sample:		942.8 time, 1000.9 real, 155.8 MB
[runlim] sample:		951.8 time, 1010.9 real, 156.1 MB
[runlim] sample:		961.3 time, 1020.9 real, 156.8 MB
[runlim] sample:		971.2 time, 1030.9 real, 157.6 MB
[runlim] sample:		981.2 time, 1040.9 real, 158.1 MB
[runlim] sample:		991.1 time, 1050.9 real, 159.9 MB
[runlim] sample:		1000.9 time, 1060.9 real, 159.9 MB
[runlim] sample:		1010.3 time, 1070.9 real, 160.2 MB
[runlim] sample:		1020.0 time, 1080.9 real, 161.0 MB
[runlim] sample:		1029.6 time, 1090.9 real, 162.0 MB
[runlim] sample:		1039.3 time, 1100.9 real, 162.2 MB
[runlim] sample:		1048.9 time, 1110.9 real, 163.0 MB
[runlim] sample:		1058.6 time, 1120.9 real, 163.8 MB
[runlim] sample:		1068.2 time, 1130.9 real, 164.3 MB
[runlim] sample:		1077.9 time, 1140.9 real, 165.1 MB
[runlim] sample:		1087.6 time, 1150.9 real, 165.9 MB
[runlim] sample:		1097.2 time, 1160.9 real, 166.4 MB
[runlim] sample:		1106.9 time, 1170.9 real, 166.9 MB
[runlim] sample:		1116.5 time, 1180.9 real, 167.7 MB
[runlim] sample:		1126.2 time, 1190.9 real, 168.4 MB
[runlim] sample:		1135.9 time, 1200.9 real, 168.7 MB
[runlim] sample:		1145.5 time, 1210.9 real, 169.7 MB
[runlim] sample:		1155.2 time, 1220.9 real, 170.2 MB
[runlim] sample:		1163.6 time, 1230.9 real, 170.5 MB
[runlim] sample:		1173.4 time, 1240.9 real, 171.3 MB
[runlim] sample:		1182.1 time, 1250.9 real, 172.0 MB
[runlim] sample:		1191.5 time, 1260.9 real, 172.6 MB
[runlim] sample:		1201.1 time, 1270.9 real, 173.1 MB
[runlim] sample:		1210.8 time, 1280.9 real, 173.8 MB
[runlim] sample:		1220.4 time, 1290.9 real, 174.4 MB
[runlim] sample:		1230.1 time, 1300.9 real, 174.9 MB
[runlim] sample:		1239.8 time, 1310.9 real, 175.6 MB
[runlim] sample:		1249.4 time, 1320.9 real, 177.2 MB
[runlim] sample:		1259.1 time, 1330.9 real, 177.2 MB
[runlim] sample:		1268.7 time, 1340.9 real, 178.0 MB
[runlim] sample:		1278.4 time, 1350.9 real, 178.7 MB
[runlim] sample:		1288.1 time, 1360.9 real, 179.0 MB
[runlim] sample:		1297.7 time, 1370.9 real, 180.0 MB
[runlim] sample:		1307.4 time, 1380.9 real, 180.8 MB
[runlim] sample:		1317.0 time, 1390.9 real, 181.3 MB
[runlim] sample:		1326.7 time, 1400.9 real, 181.6 MB
[runlim] sample:		1335.8 time, 1410.9 real, 182.3 MB
[runlim] sample:		1344.2 time, 1420.9 real, 183.1 MB
[runlim] sample:		1353.8 time, 1430.9 real, 183.4 MB
[runlim] sample:		1363.5 time, 1440.9 real, 184.2 MB
[runlim] sample:		1373.2 time, 1450.9 real, 184.7 MB
[runlim] sample:		1382.8 time, 1460.9 real, 185.7 MB
[runlim] sample:		1392.5 time, 1470.9 real, 185.7 MB
[runlim] sample:		1402.1 time, 1480.9 real, 186.5 MB
[runlim] sample:		1410.5 time, 1490.9 real, 187.0 MB
[runlim] sample:		1418.9 time, 1500.9 real, 187.5 MB
[runlim] sample:		1428.6 time, 1510.9 real, 187.8 MB
[runlim] sample:		1438.3 time, 1520.9 real, 191.9 MB
[runlim] sample:		1447.9 time, 1530.9 real, 192.1 MB
[runlim] sample:		1457.6 time, 1540.9 real, 192.7 MB
[runlim] sample:		1467.2 time, 1550.9 real, 192.7 MB
[runlim] sample:		1476.9 time, 1560.9 real, 196.5 MB
[runlim] sample:		1486.6 time, 1570.9 real, 196.8 MB
[runlim] sample:		1496.2 time, 1580.9 real, 196.8 MB
[runlim] sample:		1505.9 time, 1590.9 real, 196.8 MB
[runlim] sample:		1515.5 time, 1600.9 real, 198.8 MB
[runlim] sample:		1525.2 time, 1610.9 real, 198.8 MB
[runlim] sample:		1534.9 time, 1620.9 real, 199.1 MB
[runlim] sample:		1543.5 time, 1630.9 real, 199.6 MB
[runlim] sample:		1552.4 time, 1640.9 real, 200.4 MB
[runlim] sample:		1562.4 time, 1650.9 real, 200.6 MB
[runlim] sample:		1572.4 time, 1660.9 real, 201.4 MB
[runlim] sample:		1582.4 time, 1670.9 real, 201.9 MB
[runlim] sample:		1592.4 time, 1680.9 real, 202.7 MB
[runlim] sample:		1602.4 time, 1690.9 real, 203.0 MB
[runlim] sample:		1612.4 time, 1700.9 real, 203.5 MB
[runlim] sample:		1622.4 time, 1710.9 real, 204.2 MB
[runlim] sample:		1630.8 time, 1720.9 real, 205.5 MB
[runlim] sample:		1638.7 time, 1730.9 real, 205.5 MB
[runlim] sample:		1646.6 time, 1740.9 real, 205.5 MB
[runlim] sample:		1654.3 time, 1750.9 real, 205.8 MB
[runlim] sample:		1663.5 time, 1760.9 real, 206.6 MB
[runlim] sample:		1673.2 time, 1770.9 real, 206.8 MB
[runlim] sample:		1682.5 time, 1780.9 real, 207.3 MB
[runlim] sample:		1690.3 time, 1790.9 real, 207.9 MB
[runlim] sample:		1699.9 time, 1800.9 real, 208.9 MB
[runlim] sample:		1709.7 time, 1810.9 real, 209.1 MB
[runlim] sample:		1719.7 time, 1820.9 real, 209.7 MB
[runlim] sample:		1729.7 time, 1830.9 real, 210.4 MB
[runlim] sample:		1739.7 time, 1840.9 real, 211.2 MB
[runlim] sample:		1749.7 time, 1850.9 real, 211.5 MB
[runlim] sample:		1759.7 time, 1860.9 real, 212.0 MB
[runlim] sample:		1769.7 time, 1870.9 real, 212.8 MB
[runlim] sample:		1779.7 time, 1880.9 real, 213.3 MB
[runlim] sample:		1789.7 time, 1890.9 real, 214.0 MB
[runlim] sample:		1799.7 time, 1900.9 real, 215.1 MB
CVC4 interrupted by SIGTERM.
[runlim] end:			Sun Feb  3 11:02:01 2019
[runlim] status:		out of time
[runlim] result:		2
[runlim] children:		0
[runlim] real:			1901.20 seconds
[runlim] time:			1800.03 seconds
[runlim] space:			215.1 MB
[runlim] samples:		19003
