[runlim] version:		1.10fixed
[runlim] time limit:		300 seconds
[runlim] real time limit:	311040000 seconds
[runlim] space limit:		4000 MB
[runlim] argv[0]:		./cvc4
[runlim] argv[1]:		/tmp/3E2HC2QD.smt2
[runlim] start:			Tue Jan 29 11:13:05 2019
[runlim] main pid:		28030
[runlim] sample:		10.0 time, 10.8 real, 98.9 MB
[runlim] sample:		20.0 time, 20.8 real, 132.5 MB
[runlim] sample:		30.0 time, 30.8 real, 158.1 MB
[runlim] sample:		40.0 time, 40.8 real, 182.5 MB
[runlim] sample:		50.0 time, 50.8 real, 200.4 MB
[runlim] sample:		60.0 time, 60.8 real, 219.3 MB
[runlim] sample:		69.9 time, 70.8 real, 236.5 MB
[runlim] sample:		79.9 time, 80.8 real, 251.6 MB
[runlim] sample:		90.0 time, 90.8 real, 264.8 MB
[runlim] sample:		99.9 time, 100.8 real, 277.3 MB
[runlim] sample:		109.9 time, 110.8 real, 290.2 MB
[runlim] sample:		119.9 time, 120.8 real, 302.1 MB
[runlim] sample:		129.9 time, 130.8 real, 313.4 MB
[runlim] sample:		139.9 time, 140.8 real, 326.0 MB
[runlim] sample:		149.9 time, 150.8 real, 335.6 MB
[runlim] sample:		159.9 time, 160.8 real, 345.1 MB
[runlim] sample:		169.9 time, 170.8 real, 358.5 MB
[runlim] sample:		179.9 time, 180.8 real, 367.6 MB
[runlim] sample:		189.9 time, 190.8 real, 376.3 MB
[runlim] sample:		199.9 time, 200.8 real, 385.1 MB
[runlim] sample:		209.9 time, 210.8 real, 395.7 MB
[runlim] sample:		219.9 time, 220.8 real, 401.6 MB
[runlim] sample:		229.9 time, 230.8 real, 409.5 MB
[runlim] sample:		239.9 time, 240.8 real, 418.8 MB
[runlim] sample:		249.9 time, 250.8 real, 428.1 MB
[runlim] sample:		259.9 time, 260.8 real, 434.6 MB
[runlim] sample:		269.9 time, 270.8 real, 442.8 MB
[runlim] sample:		279.9 time, 280.8 real, 454.2 MB
[runlim] sample:		289.9 time, 290.8 real, 458.3 MB
[runlim] sample:		299.9 time, 300.8 real, 467.6 MB
CVC4 interrupted by SIGTERM.
[runlim] end:			Tue Jan 29 11:18:05 2019
[runlim] status:		out of time
[runlim] result:		2
[runlim] children:		0
[runlim] real:			300.95 seconds
[runlim] time:			300.01 seconds
[runlim] space:			467.6 MB
[runlim] samples:		3001
