[runlim] version:		1.10fixed
[runlim] time limit:		300 seconds
[runlim] real time limit:	311040000 seconds
[runlim] space limit:		4000 MB
[runlim] argv[0]:		./cvc4
[runlim] argv[1]:		/tmp/4U9xRctH.smt2
[runlim] start:			Mon Jan 28 14:44:37 2019
[runlim] main pid:		28051
[runlim] sample:		9.5 time, 10.7 real, 104.1 MB
[runlim] sample:		19.5 time, 20.7 real, 144.3 MB
[runlim] sample:		29.5 time, 30.7 real, 172.5 MB
[runlim] sample:		39.5 time, 40.7 real, 199.4 MB
[runlim] sample:		48.5 time, 50.7 real, 219.2 MB
[runlim] sample:		57.7 time, 60.7 real, 237.5 MB
[runlim] sample:		67.7 time, 70.7 real, 257.3 MB
[runlim] sample:		77.0 time, 80.7 real, 271.7 MB
[runlim] sample:		86.8 time, 90.7 real, 286.9 MB
[runlim] sample:		96.8 time, 100.7 real, 300.1 MB
[runlim] sample:		106.8 time, 110.7 real, 315.7 MB
[runlim] sample:		116.8 time, 120.7 real, 329.1 MB
[runlim] sample:		126.8 time, 130.7 real, 340.5 MB
[runlim] sample:		136.8 time, 140.7 real, 351.8 MB
[runlim] sample:		146.8 time, 150.7 real, 362.7 MB
[runlim] sample:		156.8 time, 160.7 real, 378.7 MB
[runlim] sample:		166.8 time, 170.7 real, 388.2 MB
[runlim] sample:		176.7 time, 180.7 real, 399.6 MB
[runlim] sample:		185.7 time, 190.7 real, 407.3 MB
[runlim] sample:		195.7 time, 200.7 real, 417.4 MB
[runlim] sample:		204.2 time, 210.7 real, 425.4 MB
[runlim] sample:		213.5 time, 220.7 real, 435.2 MB
[runlim] sample:		223.3 time, 230.7 real, 444.5 MB
[runlim] sample:		233.3 time, 240.7 real, 456.6 MB
[runlim] sample:		243.3 time, 250.7 real, 463.7 MB
[runlim] sample:		253.3 time, 260.7 real, 470.9 MB
[runlim] sample:		263.2 time, 270.7 real, 479.5 MB
[runlim] sample:		273.2 time, 280.7 real, 492.9 MB
[runlim] sample:		283.0 time, 290.7 real, 498.0 MB
[runlim] sample:		291.1 time, 300.7 real, 504.7 MB
CVC4 interrupted by SIGTERM.
[runlim] end:			Mon Jan 28 14:49:46 2019
[runlim] status:		out of time
[runlim] result:		2
[runlim] children:		0
[runlim] real:			309.91 seconds
[runlim] time:			300.03 seconds
[runlim] space:			509.9 MB
[runlim] samples:		3092
