[runlim] version:		1.10fixed
[runlim] time limit:		300 seconds
[runlim] real time limit:	311040000 seconds
[runlim] space limit:		4000 MB
[runlim] argv[0]:		./cvc4
[runlim] argv[1]:		/tmp/ypu0vAve.smt2
[runlim] start:			Mon Jan 28 14:23:51 2019
[runlim] main pid:		31934
[runlim] sample:		8.1 time, 10.1 real, 167.1 MB
[runlim] sample:		16.0 time, 20.1 real, 265.8 MB
[runlim] sample:		24.0 time, 30.1 real, 344.7 MB
[runlim] sample:		32.6 time, 40.1 real, 422.1 MB
[runlim] sample:		42.6 time, 50.1 real, 511.7 MB
[runlim] sample:		50.7 time, 60.1 real, 563.7 MB
[runlim] sample:		59.6 time, 70.1 real, 605.9 MB
[runlim] sample:		69.6 time, 80.1 real, 605.9 MB
[runlim] sample:		79.7 time, 90.1 real, 646.3 MB
[runlim] sample:		89.6 time, 100.1 real, 824.4 MB
[runlim] sample:		99.7 time, 110.1 real, 939.2 MB
[runlim] sample:		107.9 time, 120.1 real, 942.3 MB
[runlim] sample:		115.9 time, 130.1 real, 943.4 MB
[runlim] sample:		124.0 time, 140.1 real, 943.4 MB
[runlim] sample:		133.7 time, 150.1 real, 943.4 MB
[runlim] sample:		143.3 time, 160.1 real, 943.4 MB
[runlim] sample:		153.0 time, 170.1 real, 943.4 MB
[runlim] sample:		162.6 time, 180.1 real, 943.4 MB
[runlim] sample:		172.3 time, 190.1 real, 943.4 MB
[runlim] sample:		181.9 time, 200.1 real, 943.4 MB
[runlim] sample:		191.6 time, 210.1 real, 943.4 MB
[runlim] sample:		201.2 time, 220.1 real, 943.4 MB
[runlim] sample:		210.9 time, 230.1 real, 943.4 MB
[runlim] sample:		220.5 time, 240.1 real, 943.4 MB
[runlim] sample:		230.2 time, 250.1 real, 943.4 MB
[runlim] sample:		239.8 time, 260.1 real, 943.4 MB
[runlim] sample:		249.4 time, 270.1 real, 943.4 MB
[runlim] sample:		259.1 time, 280.1 real, 943.4 MB
[runlim] sample:		268.8 time, 290.1 real, 943.4 MB
[runlim] sample:		278.4 time, 300.1 real, 943.4 MB
[runlim] sample:		288.4 time, 310.1 real, 943.6 MB
[runlim] end:			Mon Jan 28 14:29:05 2019
[runlim] status:		signal(9)
[runlim] result:		11
[runlim] children:		0
[runlim] real:			314.10 seconds
[runlim] time:			292.36 seconds
[runlim] space:			943.6 MB
[runlim] samples:		3140
