[runlim] version:		1.10fixed
[runlim] time limit:		300 seconds
[runlim] real time limit:	311040000 seconds
[runlim] space limit:		4000 MB
[runlim] argv[0]:		./cvc4
[runlim] argv[1]:		/tmp/YKkyOMsl.smt2
[runlim] start:			Mon Jan 28 14:44:29 2019
[runlim] main pid:		26639
[runlim] sample:		9.1 time, 10.5 real, 112.6 MB
[runlim] sample:		19.1 time, 20.5 real, 159.3 MB
[runlim] sample:		29.1 time, 30.5 real, 193.2 MB
[runlim] sample:		38.8 time, 40.5 real, 219.7 MB
[runlim] sample:		48.4 time, 50.5 real, 243.9 MB
[runlim] sample:		58.1 time, 60.5 real, 264.1 MB
[runlim] sample:		67.1 time, 70.5 real, 279.7 MB
[runlim] sample:		75.7 time, 80.5 real, 296.2 MB
[runlim] sample:		84.1 time, 90.5 real, 309.8 MB
[runlim] sample:		93.8 time, 100.5 real, 325.5 MB
[runlim] sample:		102.7 time, 110.5 real, 337.7 MB
[runlim] sample:		112.0 time, 120.5 real, 351.3 MB
[runlim] sample:		121.1 time, 130.5 real, 363.4 MB
[runlim] sample:		129.3 time, 140.5 real, 378.5 MB
[runlim] sample:		137.3 time, 150.5 real, 388.3 MB
[runlim] sample:		145.3 time, 160.5 real, 401.9 MB
[runlim] sample:		154.0 time, 170.5 real, 408.1 MB
[runlim] sample:		163.3 time, 180.5 real, 419.4 MB
[runlim] sample:		172.5 time, 190.5 real, 430.0 MB
[runlim] sample:		182.5 time, 200.5 real, 442.6 MB
[runlim] sample:		192.5 time, 210.5 real, 452.7 MB
[runlim] sample:		202.5 time, 220.5 real, 466.1 MB
[runlim] sample:		212.5 time, 230.5 real, 475.1 MB
[runlim] sample:		222.5 time, 240.5 real, 483.6 MB
[runlim] sample:		232.5 time, 250.5 real, 494.4 MB
[runlim] sample:		241.5 time, 260.5 real, 503.2 MB
[runlim] sample:		249.9 time, 270.5 real, 509.5 MB
[runlim] sample:		259.0 time, 280.5 real, 519.0 MB
[runlim] sample:		268.4 time, 290.5 real, 525.1 MB
[runlim] sample:		278.2 time, 300.5 real, 532.4 MB
[runlim] sample:		287.6 time, 310.5 real, 542.1 MB
[runlim] sample:		297.5 time, 320.5 real, 549.1 MB
CVC4 interrupted by SIGTERM.
[runlim] end:			Mon Jan 28 14:49:52 2019
[runlim] status:		out of time
[runlim] result:		2
[runlim] children:		0
[runlim] real:			323.13 seconds
[runlim] time:			300.09 seconds
[runlim] space:			551.4 MB
[runlim] samples:		3226
