[runlim] version:		1.10fixed
[runlim] time limit:		300 seconds
[runlim] real time limit:	311040000 seconds
[runlim] space limit:		4000 MB
[runlim] argv[0]:		./cvc4
[runlim] argv[1]:		/tmp/3NrgsNbH.smt2
[runlim] start:			Mon Jan 28 14:44:21 2019
[runlim] main pid:		26880
[runlim] sample:		10.0 time, 10.8 real, 198.3 MB
[runlim] sample:		20.0 time, 20.8 real, 321.0 MB
[runlim] sample:		29.9 time, 30.8 real, 414.7 MB
[runlim] sample:		40.0 time, 40.8 real, 512.2 MB
[runlim] sample:		50.0 time, 50.8 real, 583.4 MB
[runlim] sample:		60.0 time, 60.8 real, 684.5 MB
[runlim] sample:		70.0 time, 70.8 real, 738.8 MB
[runlim] sample:		80.0 time, 80.8 real, 808.7 MB
[runlim] sample:		89.9 time, 90.8 real, 865.9 MB
[runlim] sample:		99.9 time, 100.8 real, 937.3 MB
[runlim] sample:		109.9 time, 110.8 real, 993.8 MB
[runlim] sample:		119.9 time, 120.8 real, 1042.7 MB
[runlim] sample:		129.9 time, 130.8 real, 1082.9 MB
[runlim] sample:		139.9 time, 140.8 real, 1145.5 MB
[runlim] sample:		149.9 time, 150.8 real, 1216.1 MB
[runlim] sample:		159.9 time, 160.8 real, 1251.0 MB
[runlim] sample:		169.9 time, 170.8 real, 1298.3 MB
[runlim] sample:		179.9 time, 180.8 real, 1356.7 MB
[runlim] sample:		189.9 time, 190.8 real, 1387.4 MB
[runlim] sample:		199.9 time, 200.8 real, 1439.1 MB
[runlim] sample:		209.9 time, 210.8 real, 1467.7 MB
[runlim] sample:		219.8 time, 220.8 real, 1504.5 MB
[runlim] sample:		229.3 time, 230.8 real, 1544.7 MB
[runlim] sample:		237.9 time, 240.8 real, 1580.4 MB
[runlim] sample:		246.5 time, 250.8 real, 1606.4 MB
[runlim] sample:		255.4 time, 260.8 real, 1649.7 MB
[runlim] sample:		263.3 time, 270.8 real, 1674.2 MB
[runlim] sample:		271.0 time, 280.8 real, 1699.6 MB
[runlim] sample:		278.7 time, 290.8 real, 1725.1 MB
[runlim] sample:		288.2 time, 300.8 real, 1766.3 MB
[runlim] sample:		296.8 time, 310.8 real, 1822.1 MB
CVC4 interrupted by SIGTERM.
[runlim] end:			Mon Jan 28 14:49:35 2019
[runlim] status:		out of time
[runlim] result:		2
[runlim] children:		0
[runlim] real:			314.22 seconds
[runlim] time:			300.18 seconds
[runlim] space:			1829.6 MB
[runlim] samples:		3134
