[runlim] version:		1.10fixed
[runlim] time limit:		1800 seconds
[runlim] real time limit:	311040000 seconds
[runlim] space limit:		4000 MB
[runlim] argv[0]:		./cvc4
[runlim] argv[1]:		/tmp/Sc8Sz6A2.smt2
[runlim] start:			Sun Feb  3 10:30:21 2019
[runlim] main pid:		12742
[runlim] sample:		9.8 time, 10.2 real, 56.9 MB
[runlim] sample:		19.9 time, 20.2 real, 67.9 MB
[runlim] sample:		29.8 time, 30.2 real, 75.4 MB
[runlim] sample:		39.9 time, 40.2 real, 82.7 MB
[runlim] sample:		49.9 time, 50.2 real, 87.6 MB
[runlim] sample:		59.9 time, 60.2 real, 92.2 MB
[runlim] sample:		69.8 time, 70.2 real, 95.3 MB
[runlim] sample:		79.8 time, 80.2 real, 98.1 MB
[runlim] sample:		89.8 time, 90.2 real, 101.0 MB
[runlim] sample:		99.8 time, 100.2 real, 104.1 MB
[runlim] sample:		109.8 time, 110.2 real, 107.2 MB
[runlim] sample:		119.8 time, 120.2 real, 109.9 MB
[runlim] sample:		129.8 time, 130.2 real, 113.0 MB
[runlim] sample:		139.8 time, 140.2 real, 114.8 MB
[runlim] sample:		149.8 time, 150.2 real, 116.1 MB
[runlim] sample:		159.8 time, 160.2 real, 118.9 MB
[runlim] sample:		169.8 time, 170.2 real, 121.0 MB
[runlim] sample:		179.8 time, 180.2 real, 122.5 MB
[runlim] sample:		189.8 time, 190.2 real, 124.3 MB
[runlim] sample:		199.8 time, 200.2 real, 126.1 MB
[runlim] sample:		209.8 time, 210.2 real, 127.7 MB
[runlim] sample:		219.8 time, 220.2 real, 131.0 MB
[runlim] sample:		229.8 time, 230.2 real, 132.1 MB
[runlim] sample:		239.8 time, 240.2 real, 134.5 MB
[runlim] sample:		249.8 time, 250.2 real, 135.8 MB
[runlim] sample:		259.8 time, 260.2 real, 137.1 MB
[runlim] sample:		269.8 time, 270.2 real, 138.9 MB
[runlim] sample:		279.8 time, 280.2 real, 140.1 MB
[runlim] sample:		289.8 time, 290.2 real, 141.7 MB
[runlim] sample:		299.8 time, 300.2 real, 143.0 MB
[runlim] sample:		309.8 time, 310.2 real, 144.5 MB
[runlim] sample:		319.8 time, 320.2 real, 145.8 MB
[runlim] sample:		329.8 time, 330.2 real, 147.1 MB
[runlim] sample:		339.8 time, 340.2 real, 149.6 MB
[runlim] sample:		349.8 time, 350.2 real, 149.6 MB
[runlim] sample:		359.8 time, 360.2 real, 151.2 MB
[runlim] sample:		369.8 time, 370.2 real, 153.5 MB
[runlim] sample:		379.8 time, 380.2 real, 154.2 MB
[runlim] sample:		389.8 time, 390.2 real, 155.0 MB
[runlim] sample:		399.8 time, 400.2 real, 156.6 MB
[runlim] sample:		409.8 time, 410.2 real, 158.1 MB
[runlim] sample:		419.8 time, 420.2 real, 158.1 MB
[runlim] sample:		429.8 time, 430.2 real, 159.7 MB
[runlim] sample:		439.8 time, 440.2 real, 161.2 MB
[runlim] sample:		449.8 time, 450.2 real, 161.2 MB
[runlim] sample:		459.8 time, 460.2 real, 162.5 MB
[runlim] sample:		469.8 time, 470.2 real, 162.5 MB
[runlim] sample:		479.8 time, 480.2 real, 164.0 MB
[runlim] sample:		489.8 time, 490.2 real, 166.1 MB
[runlim] sample:		499.8 time, 500.2 real, 166.1 MB
[runlim] sample:		509.8 time, 510.2 real, 167.6 MB
[runlim] sample:		519.8 time, 520.2 real, 167.6 MB
[runlim] sample:		529.8 time, 530.2 real, 169.4 MB
[runlim] sample:		539.8 time, 540.2 real, 169.4 MB
[runlim] sample:		549.8 time, 550.2 real, 170.7 MB
[runlim] sample:		559.8 time, 560.2 real, 172.3 MB
[runlim] sample:		569.8 time, 570.2 real, 172.3 MB
[runlim] sample:		579.8 time, 580.2 real, 173.8 MB
[runlim] sample:		589.8 time, 590.2 real, 173.8 MB
[runlim] sample:		599.8 time, 600.2 real, 175.1 MB
[runlim] sample:		609.8 time, 610.2 real, 175.1 MB
[runlim] sample:		619.8 time, 620.2 real, 176.9 MB
[runlim] sample:		629.8 time, 630.2 real, 176.9 MB
[runlim] sample:		639.8 time, 640.2 real, 178.5 MB
[runlim] sample:		649.8 time, 650.2 real, 178.5 MB
[runlim] sample:		659.8 time, 660.2 real, 180.3 MB
[runlim] sample:		669.8 time, 670.2 real, 180.3 MB
[runlim] sample:		679.8 time, 680.2 real, 180.3 MB
[runlim] sample:		689.8 time, 690.2 real, 181.8 MB
[runlim] sample:		699.8 time, 700.2 real, 181.8 MB
[runlim] sample:		709.8 time, 710.2 real, 183.4 MB
[runlim] sample:		719.8 time, 720.2 real, 183.4 MB
[runlim] sample:		729.8 time, 730.2 real, 184.9 MB
[runlim] sample:		739.8 time, 740.2 real, 184.9 MB
[runlim] sample:		749.8 time, 750.2 real, 186.2 MB
[runlim] sample:		759.8 time, 760.2 real, 186.2 MB
[runlim] sample:		769.8 time, 770.2 real, 186.2 MB
[runlim] sample:		779.8 time, 780.2 real, 187.7 MB
[runlim] sample:		789.8 time, 790.2 real, 187.7 MB
[runlim] sample:		799.8 time, 800.2 real, 189.0 MB
[runlim] sample:		809.8 time, 810.2 real, 189.3 MB
[runlim] sample:		819.8 time, 820.2 real, 189.3 MB
[runlim] sample:		829.8 time, 830.2 real, 190.8 MB
[runlim] sample:		839.8 time, 840.2 real, 190.8 MB
[runlim] sample:		849.8 time, 850.2 real, 190.8 MB
[runlim] sample:		859.8 time, 860.2 real, 192.6 MB
[runlim] sample:		869.8 time, 870.2 real, 192.6 MB
[runlim] sample:		879.3 time, 880.2 real, 192.6 MB
[runlim] sample:		889.3 time, 890.2 real, 195.6 MB
[runlim] sample:		898.0 time, 900.2 real, 195.6 MB
[runlim] sample:		907.1 time, 910.2 real, 195.6 MB
[runlim] sample:		916.7 time, 920.2 real, 196.1 MB
[runlim] sample:		924.8 time, 930.2 real, 196.1 MB
[runlim] sample:		933.0 time, 940.2 real, 196.1 MB
[runlim] sample:		942.2 time, 950.2 real, 197.9 MB
[runlim] sample:		951.0 time, 960.2 real, 197.9 MB
[runlim] sample:		960.6 time, 970.2 real, 197.9 MB
[runlim] sample:		970.2 time, 980.2 real, 199.1 MB
[runlim] sample:		979.9 time, 990.2 real, 199.1 MB
[runlim] sample:		989.5 time, 1000.2 real, 199.1 MB
[runlim] sample:		999.2 time, 1010.2 real, 200.9 MB
[runlim] sample:		1008.9 time, 1020.2 real, 200.9 MB
[runlim] sample:		1018.5 time, 1030.2 real, 200.9 MB
[runlim] sample:		1028.4 time, 1040.2 real, 202.5 MB
[runlim] sample:		1037.2 time, 1050.2 real, 202.5 MB
[runlim] sample:		1046.2 time, 1060.2 real, 202.5 MB
[runlim] sample:		1053.7 time, 1070.2 real, 206.8 MB
[runlim] sample:		1062.1 time, 1080.2 real, 206.8 MB
[runlim] sample:		1071.0 time, 1090.2 real, 206.8 MB
[runlim] sample:		1080.3 time, 1100.2 real, 206.8 MB
[runlim] sample:		1090.0 time, 1110.2 real, 207.8 MB
[runlim] sample:		1099.8 time, 1120.2 real, 207.8 MB
[runlim] sample:		1109.8 time, 1130.2 real, 207.8 MB
[runlim] sample:		1119.4 time, 1140.2 real, 209.1 MB
[runlim] sample:		1129.4 time, 1150.2 real, 209.1 MB
[runlim] sample:		1138.9 time, 1160.2 real, 209.1 MB
[runlim] sample:		1148.7 time, 1170.2 real, 210.7 MB
[runlim] sample:		1158.7 time, 1180.2 real, 210.7 MB
[runlim] sample:		1168.5 time, 1190.2 real, 210.7 MB
[runlim] sample:		1178.3 time, 1200.2 real, 210.7 MB
[runlim] sample:		1188.0 time, 1210.2 real, 212.2 MB
[runlim] sample:		1197.6 time, 1220.2 real, 212.2 MB
[runlim] sample:		1207.1 time, 1230.2 real, 212.2 MB
[runlim] sample:		1216.8 time, 1240.2 real, 213.8 MB
[runlim] sample:		1226.3 time, 1250.2 real, 213.8 MB
[runlim] sample:		1236.0 time, 1260.2 real, 213.8 MB
[runlim] sample:		1245.2 time, 1270.2 real, 215.0 MB
[runlim] sample:		1254.7 time, 1280.2 real, 215.3 MB
[runlim] sample:		1264.4 time, 1290.2 real, 215.3 MB
[runlim] sample:		1274.0 time, 1300.2 real, 215.3 MB
[runlim] sample:		1283.6 time, 1310.2 real, 217.1 MB
[runlim] sample:		1292.6 time, 1320.2 real, 217.1 MB
[runlim] sample:		1302.1 time, 1330.2 real, 217.1 MB
[runlim] sample:		1312.1 time, 1340.2 real, 217.1 MB
[runlim] sample:		1322.1 time, 1350.2 real, 218.4 MB
[runlim] sample:		1332.1 time, 1360.2 real, 218.4 MB
[runlim] sample:		1342.1 time, 1370.2 real, 218.4 MB
[runlim] sample:		1352.0 time, 1380.2 real, 219.9 MB
[runlim] sample:		1361.8 time, 1390.2 real, 219.9 MB
[runlim] sample:		1371.8 time, 1400.2 real, 219.9 MB
[runlim] sample:		1381.4 time, 1410.2 real, 219.9 MB
[runlim] sample:		1390.8 time, 1420.2 real, 221.5 MB
[runlim] sample:		1400.3 time, 1430.2 real, 221.5 MB
[runlim] sample:		1409.8 time, 1440.2 real, 221.5 MB
[runlim] sample:		1419.4 time, 1450.2 real, 221.5 MB
[runlim] sample:		1428.8 time, 1460.2 real, 222.8 MB
[runlim] sample:		1438.3 time, 1470.2 real, 222.8 MB
[runlim] sample:		1447.7 time, 1480.2 real, 222.8 MB
[runlim] sample:		1457.2 time, 1490.2 real, 222.8 MB
[runlim] sample:		1466.6 time, 1500.2 real, 225.9 MB
[runlim] sample:		1476.1 time, 1510.2 real, 225.9 MB
[runlim] sample:		1485.5 time, 1520.2 real, 225.9 MB
[runlim] sample:		1495.1 time, 1530.2 real, 225.9 MB
[runlim] sample:		1504.5 time, 1540.2 real, 226.9 MB
[runlim] sample:		1514.0 time, 1550.2 real, 226.9 MB
[runlim] sample:		1523.5 time, 1560.2 real, 226.9 MB
[runlim] sample:		1532.9 time, 1570.2 real, 226.9 MB
[runlim] sample:		1542.3 time, 1580.2 real, 228.4 MB
[runlim] sample:		1551.6 time, 1590.2 real, 228.4 MB
[runlim] sample:		1560.9 time, 1600.2 real, 228.4 MB
[runlim] sample:		1570.3 time, 1610.2 real, 228.4 MB
[runlim] sample:		1579.9 time, 1620.2 real, 230.2 MB
[runlim] sample:		1589.3 time, 1630.2 real, 230.2 MB
[runlim] sample:		1598.8 time, 1640.2 real, 230.2 MB
[runlim] sample:		1608.5 time, 1650.2 real, 230.2 MB
[runlim] sample:		1618.1 time, 1660.2 real, 231.5 MB
[runlim] sample:		1627.6 time, 1670.2 real, 232.8 MB
[runlim] sample:		1636.9 time, 1680.2 real, 232.8 MB
[runlim] sample:		1646.0 time, 1690.2 real, 232.8 MB
[runlim] sample:		1655.8 time, 1700.2 real, 232.8 MB
[runlim] sample:		1664.9 time, 1710.2 real, 234.9 MB
[runlim] sample:		1674.1 time, 1720.2 real, 234.9 MB
[runlim] sample:		1683.7 time, 1730.2 real, 234.9 MB
[runlim] sample:		1693.3 time, 1740.2 real, 234.9 MB
[runlim] sample:		1703.0 time, 1750.2 real, 236.4 MB
[runlim] sample:		1712.6 time, 1760.2 real, 236.4 MB
[runlim] sample:		1722.2 time, 1770.2 real, 236.4 MB
[runlim] sample:		1731.7 time, 1780.2 real, 236.4 MB
[runlim] sample:		1741.3 time, 1790.2 real, 238.2 MB
[runlim] sample:		1751.0 time, 1800.2 real, 238.2 MB
[runlim] sample:		1760.4 time, 1810.2 real, 238.2 MB
[runlim] sample:		1770.0 time, 1820.2 real, 238.2 MB
[runlim] sample:		1779.4 time, 1830.2 real, 239.8 MB
[runlim] sample:		1788.8 time, 1840.2 real, 239.8 MB
[runlim] sample:		1798.2 time, 1850.2 real, 239.8 MB
CVC4 interrupted by SIGTERM.
[runlim] end:			Sun Feb  3 11:01:13 2019
[runlim] status:		out of time
[runlim] result:		2
[runlim] children:		0
[runlim] real:			1852.24 seconds
[runlim] time:			1800.05 seconds
[runlim] space:			239.8 MB
[runlim] samples:		18520
