[runlim] version:		1.10fixed
[runlim] time limit:		300 seconds
[runlim] real time limit:	311040000 seconds
[runlim] space limit:		4000 MB
[runlim] argv[0]:		./cvc4
[runlim] argv[1]:		/tmp/sLPbW9sn.smt2
[runlim] start:			Mon Jan 28 10:22:55 2019
[runlim] main pid:		26529
[runlim] sample:		10.0 time, 10.1 real, 196.6 MB
[runlim] sample:		20.0 time, 20.1 real, 280.8 MB
[runlim] sample:		30.0 time, 30.1 real, 281.9 MB
[runlim] sample:		40.0 time, 40.1 real, 282.9 MB
[runlim] sample:		50.0 time, 50.1 real, 311.8 MB
[runlim] sample:		60.0 time, 60.1 real, 328.5 MB
[runlim] sample:		70.0 time, 70.1 real, 328.5 MB
[runlim] sample:		78.8 time, 80.1 real, 328.5 MB
[runlim] sample:		87.9 time, 90.1 real, 328.5 MB
[runlim] sample:		96.9 time, 100.2 real, 328.8 MB
[runlim] sample:		106.9 time, 110.2 real, 360.6 MB
[runlim] sample:		116.9 time, 120.2 real, 426.5 MB
[runlim] sample:		126.9 time, 130.2 real, 480.0 MB
[runlim] sample:		136.9 time, 140.2 real, 494.1 MB
[runlim] sample:		146.9 time, 150.2 real, 496.7 MB
[runlim] sample:		156.9 time, 160.2 real, 541.0 MB
[runlim] sample:		166.9 time, 170.2 real, 541.0 MB
[runlim] sample:		175.9 time, 180.2 real, 541.0 MB
[runlim] sample:		185.9 time, 190.2 real, 541.0 MB
[runlim] sample:		195.6 time, 200.2 real, 541.7 MB
[runlim] sample:		204.8 time, 210.2 real, 542.0 MB
[runlim] sample:		214.7 time, 220.2 real, 542.2 MB
[runlim] sample:		224.7 time, 230.2 real, 548.7 MB
[runlim] sample:		234.7 time, 240.2 real, 592.7 MB
[runlim] sample:		244.4 time, 250.2 real, 662.3 MB
[runlim] sample:		254.1 time, 260.2 real, 709.4 MB
[runlim] sample:		263.8 time, 270.2 real, 758.6 MB
[runlim] sample:		273.1 time, 280.2 real, 803.6 MB
[runlim] sample:		283.1 time, 290.2 real, 871.0 MB
[runlim] sample:		293.1 time, 300.2 real, 915.8 MB
CVC4 interrupted by SIGTERM.
[runlim] end:			Mon Jan 28 10:28:02 2019
[runlim] status:		out of time
[runlim] result:		2
[runlim] children:		0
[runlim] real:			307.51 seconds
[runlim] time:			300.08 seconds
[runlim] space:			938.4 MB
[runlim] samples:		3073
