[runlim] version:		1.10fixed
[runlim] time limit:		1800 seconds
[runlim] real time limit:	311040000 seconds
[runlim] space limit:		4000 MB
[runlim] argv[0]:		./cvc4
[runlim] argv[1]:		/tmp/CtoqqWhi.smt2
[runlim] start:			Sun Feb  3 10:30:20 2019
[runlim] main pid:		8622
[runlim] sample:		9.8 time, 10.3 real, 56.4 MB
[runlim] sample:		19.8 time, 20.3 real, 65.8 MB
[runlim] sample:		29.7 time, 30.3 real, 73.6 MB
[runlim] sample:		38.7 time, 40.3 real, 77.8 MB
[runlim] sample:		47.0 time, 50.3 real, 81.1 MB
[runlim] sample:		55.5 time, 60.3 real, 85.0 MB
[runlim] sample:		63.8 time, 70.3 real, 88.4 MB
[runlim] sample:		72.6 time, 80.3 real, 90.5 MB
[runlim] sample:		82.3 time, 90.3 real, 93.9 MB
[runlim] sample:		92.0 time, 100.3 real, 97.6 MB
[runlim] sample:		101.7 time, 110.3 real, 99.6 MB
[runlim] sample:		110.3 time, 120.3 real, 101.4 MB
[runlim] sample:		119.5 time, 130.3 real, 103.0 MB
[runlim] sample:		129.4 time, 140.3 real, 105.8 MB
[runlim] sample:		139.4 time, 150.3 real, 107.6 MB
[runlim] sample:		149.4 time, 160.3 real, 109.4 MB
[runlim] sample:		159.4 time, 170.3 real, 111.2 MB
[runlim] sample:		169.4 time, 180.3 real, 113.4 MB
[runlim] sample:		179.4 time, 190.3 real, 115.0 MB
[runlim] sample:		189.4 time, 200.3 real, 116.8 MB
[runlim] sample:		199.4 time, 210.3 real, 118.3 MB
[runlim] sample:		209.4 time, 220.3 real, 120.9 MB
[runlim] sample:		219.4 time, 230.3 real, 122.2 MB
[runlim] sample:		229.4 time, 240.3 real, 122.2 MB
[runlim] sample:		239.4 time, 250.3 real, 124.0 MB
[runlim] sample:		249.4 time, 260.3 real, 126.6 MB
[runlim] sample:		259.4 time, 270.3 real, 128.1 MB
[runlim] sample:		269.4 time, 280.3 real, 128.1 MB
[runlim] sample:		279.4 time, 290.3 real, 130.6 MB
[runlim] sample:		289.4 time, 300.3 real, 133.9 MB
[runlim] sample:		299.4 time, 310.3 real, 133.9 MB
[runlim] sample:		309.4 time, 320.3 real, 134.7 MB
[runlim] sample:		319.4 time, 330.3 real, 134.7 MB
[runlim] sample:		329.4 time, 340.3 real, 136.2 MB
[runlim] sample:		339.4 time, 350.3 real, 138.3 MB
[runlim] sample:		349.4 time, 360.3 real, 138.3 MB
[runlim] sample:		359.4 time, 370.3 real, 140.9 MB
[runlim] sample:		369.4 time, 380.3 real, 140.9 MB
[runlim] sample:		379.4 time, 390.3 real, 142.2 MB
[runlim] sample:		389.4 time, 400.3 real, 142.2 MB
[runlim] sample:		399.4 time, 410.3 real, 144.0 MB
[runlim] sample:		409.4 time, 420.3 real, 145.5 MB
[runlim] sample:		419.4 time, 430.3 real, 145.8 MB
[runlim] sample:		429.4 time, 440.3 real, 147.6 MB
[runlim] sample:		439.4 time, 450.3 real, 147.6 MB
[runlim] sample:		449.4 time, 460.3 real, 149.4 MB
[runlim] sample:		459.4 time, 470.3 real, 149.4 MB
[runlim] sample:		469.4 time, 480.3 real, 149.4 MB
[runlim] sample:		479.4 time, 490.3 real, 151.2 MB
[runlim] sample:		489.4 time, 500.3 real, 151.2 MB
[runlim] sample:		499.4 time, 510.3 real, 152.8 MB
[runlim] sample:		509.4 time, 520.3 real, 152.8 MB
[runlim] sample:		519.4 time, 530.3 real, 154.6 MB
[runlim] sample:		529.4 time, 540.3 real, 154.6 MB
[runlim] sample:		539.4 time, 550.3 real, 157.1 MB
[runlim] sample:		549.4 time, 560.3 real, 157.1 MB
[runlim] sample:		559.4 time, 570.3 real, 158.4 MB
[runlim] sample:		569.4 time, 580.3 real, 158.7 MB
[runlim] sample:		579.4 time, 590.3 real, 158.7 MB
[runlim] sample:		589.4 time, 600.3 real, 160.2 MB
[runlim] sample:		599.4 time, 610.3 real, 160.2 MB
[runlim] sample:		609.4 time, 620.3 real, 162.0 MB
[runlim] sample:		619.4 time, 630.3 real, 162.0 MB
[runlim] sample:		629.4 time, 640.3 real, 162.0 MB
[runlim] sample:		639.4 time, 650.3 real, 163.6 MB
[runlim] sample:		649.4 time, 660.3 real, 163.6 MB
[runlim] sample:		659.4 time, 670.3 real, 165.4 MB
[runlim] sample:		669.4 time, 680.3 real, 165.4 MB
[runlim] sample:		679.4 time, 690.3 real, 165.4 MB
[runlim] sample:		689.4 time, 700.3 real, 167.7 MB
[runlim] sample:		699.4 time, 710.3 real, 167.7 MB
[runlim] sample:		709.4 time, 720.3 real, 167.7 MB
[runlim] sample:		719.4 time, 730.3 real, 169.2 MB
[runlim] sample:		729.4 time, 740.3 real, 169.2 MB
[runlim] sample:		739.4 time, 750.3 real, 172.3 MB
[runlim] sample:		749.4 time, 760.3 real, 172.3 MB
[runlim] sample:		759.4 time, 770.3 real, 172.3 MB
[runlim] sample:		769.4 time, 780.3 real, 173.5 MB
[runlim] sample:		779.4 time, 790.3 real, 173.5 MB
[runlim] sample:		789.4 time, 800.3 real, 173.5 MB
[runlim] sample:		799.4 time, 810.3 real, 175.3 MB
[runlim] sample:		809.4 time, 820.3 real, 175.3 MB
[runlim] sample:		819.4 time, 830.3 real, 175.3 MB
[runlim] sample:		829.4 time, 840.3 real, 177.2 MB
[runlim] sample:		839.4 time, 850.3 real, 177.2 MB
[runlim] sample:		849.4 time, 860.3 real, 177.2 MB
[runlim] sample:		859.4 time, 870.3 real, 180.2 MB
[runlim] sample:		869.4 time, 880.3 real, 180.2 MB
[runlim] sample:		879.4 time, 890.3 real, 180.2 MB
[runlim] sample:		889.4 time, 900.3 real, 182.0 MB
[runlim] sample:		899.4 time, 910.3 real, 182.0 MB
[runlim] sample:		909.4 time, 920.3 real, 182.0 MB
[runlim] sample:		919.4 time, 930.3 real, 182.0 MB
[runlim] sample:		929.4 time, 940.3 real, 183.6 MB
[runlim] sample:		939.4 time, 950.3 real, 183.6 MB
[runlim] sample:		949.4 time, 960.3 real, 183.6 MB
[runlim] sample:		959.4 time, 970.3 real, 185.4 MB
[runlim] sample:		969.4 time, 980.3 real, 185.4 MB
[runlim] sample:		979.4 time, 990.3 real, 185.4 MB
[runlim] sample:		989.4 time, 1000.3 real, 186.9 MB
[runlim] sample:		999.4 time, 1010.3 real, 186.9 MB
[runlim] sample:		1009.4 time, 1020.3 real, 186.9 MB
[runlim] sample:		1019.4 time, 1030.3 real, 186.9 MB
[runlim] sample:		1029.4 time, 1040.3 real, 189.0 MB
[runlim] sample:		1039.4 time, 1050.3 real, 189.0 MB
[runlim] sample:		1049.4 time, 1060.3 real, 189.0 MB
[runlim] sample:		1059.4 time, 1070.3 real, 190.7 MB
[runlim] sample:		1069.4 time, 1080.3 real, 190.7 MB
[runlim] sample:		1079.4 time, 1090.3 real, 190.7 MB
[runlim] sample:		1089.4 time, 1100.3 real, 190.7 MB
[runlim] sample:		1099.4 time, 1110.3 real, 192.5 MB
[runlim] sample:		1109.4 time, 1120.3 real, 192.5 MB
[runlim] sample:		1119.4 time, 1130.3 real, 192.5 MB
[runlim] sample:		1129.4 time, 1140.3 real, 192.5 MB
[runlim] sample:		1139.4 time, 1150.3 real, 194.3 MB
[runlim] sample:		1149.4 time, 1160.3 real, 194.3 MB
[runlim] sample:		1159.4 time, 1170.3 real, 194.3 MB
[runlim] sample:		1169.4 time, 1180.3 real, 196.4 MB
[runlim] sample:		1179.4 time, 1190.3 real, 196.4 MB
[runlim] sample:		1189.4 time, 1200.3 real, 196.4 MB
[runlim] sample:		1199.4 time, 1210.3 real, 196.4 MB
[runlim] sample:		1209.4 time, 1220.3 real, 200.1 MB
[runlim] sample:		1219.4 time, 1230.3 real, 200.1 MB
[runlim] sample:		1229.4 time, 1240.3 real, 200.1 MB
[runlim] sample:		1239.4 time, 1250.3 real, 200.1 MB
[runlim] sample:		1249.4 time, 1260.3 real, 201.9 MB
[runlim] sample:		1259.4 time, 1270.3 real, 201.9 MB
[runlim] sample:		1269.4 time, 1280.3 real, 201.9 MB
[runlim] sample:		1279.4 time, 1290.3 real, 201.9 MB
[runlim] sample:		1289.4 time, 1300.3 real, 203.7 MB
[runlim] sample:		1299.4 time, 1310.3 real, 203.7 MB
[runlim] sample:		1309.4 time, 1320.3 real, 203.7 MB
[runlim] sample:		1319.4 time, 1330.3 real, 203.7 MB
[runlim] sample:		1329.4 time, 1340.3 real, 205.5 MB
[runlim] sample:		1339.4 time, 1350.3 real, 205.5 MB
[runlim] sample:		1349.4 time, 1360.3 real, 205.5 MB
[runlim] sample:		1359.4 time, 1370.3 real, 205.5 MB
[runlim] sample:		1369.4 time, 1380.3 real, 207.0 MB
[runlim] sample:		1379.4 time, 1390.3 real, 207.0 MB
[runlim] sample:		1389.4 time, 1400.3 real, 207.0 MB
[runlim] sample:		1399.4 time, 1410.3 real, 207.0 MB
[runlim] sample:		1409.4 time, 1420.3 real, 207.0 MB
[runlim] sample:		1419.4 time, 1430.3 real, 210.0 MB
[runlim] sample:		1429.4 time, 1440.3 real, 210.0 MB
[runlim] sample:		1439.4 time, 1450.3 real, 210.0 MB
[runlim] sample:		1449.4 time, 1460.3 real, 210.0 MB
[runlim] sample:		1459.4 time, 1470.3 real, 210.5 MB
[runlim] sample:		1469.4 time, 1480.3 real, 210.5 MB
[runlim] sample:		1479.4 time, 1490.3 real, 210.5 MB
[runlim] sample:		1489.4 time, 1500.3 real, 210.5 MB
[runlim] sample:		1499.4 time, 1510.3 real, 210.5 MB
[runlim] sample:		1509.4 time, 1520.3 real, 213.6 MB
[runlim] sample:		1519.4 time, 1530.3 real, 213.6 MB
[runlim] sample:		1529.4 time, 1540.3 real, 213.6 MB
[runlim] sample:		1539.4 time, 1550.3 real, 213.6 MB
[runlim] sample:		1549.4 time, 1560.3 real, 214.6 MB
[runlim] sample:		1559.4 time, 1570.3 real, 214.6 MB
[runlim] sample:		1569.4 time, 1580.3 real, 214.6 MB
[runlim] sample:		1579.4 time, 1590.3 real, 214.6 MB
[runlim] sample:		1589.4 time, 1600.3 real, 214.6 MB
[runlim] sample:		1599.4 time, 1610.3 real, 216.9 MB
[runlim] sample:		1609.4 time, 1620.3 real, 216.9 MB
[runlim] sample:		1619.4 time, 1630.3 real, 216.9 MB
[runlim] sample:		1629.4 time, 1640.3 real, 216.9 MB
[runlim] sample:		1639.4 time, 1650.3 real, 216.9 MB
[runlim] sample:		1649.4 time, 1660.3 real, 218.7 MB
[runlim] sample:		1659.4 time, 1670.3 real, 218.7 MB
[runlim] sample:		1669.4 time, 1680.3 real, 218.7 MB
[runlim] sample:		1679.4 time, 1690.3 real, 218.7 MB
[runlim] sample:		1689.4 time, 1700.3 real, 218.7 MB
[runlim] sample:		1699.4 time, 1710.3 real, 220.5 MB
[runlim] sample:		1709.4 time, 1720.3 real, 220.5 MB
[runlim] sample:		1719.4 time, 1730.3 real, 220.5 MB
[runlim] sample:		1729.4 time, 1740.3 real, 220.5 MB
[runlim] sample:		1739.4 time, 1750.3 real, 220.5 MB
[runlim] sample:		1749.4 time, 1760.3 real, 222.1 MB
[runlim] sample:		1759.4 time, 1770.3 real, 222.1 MB
[runlim] sample:		1769.4 time, 1780.3 real, 222.1 MB
[runlim] sample:		1779.4 time, 1790.3 real, 222.1 MB
[runlim] sample:		1789.4 time, 1800.3 real, 222.1 MB
[runlim] sample:		1799.4 time, 1810.3 real, 225.4 MB
CVC4 interrupted by SIGTERM.
[runlim] end:			Sun Feb  3 11:00:31 2019
[runlim] status:		out of time
[runlim] result:		2
[runlim] children:		0
[runlim] real:			1811.02 seconds
[runlim] time:			1800.10 seconds
[runlim] space:			225.4 MB
[runlim] samples:		18107
