[runlim] version:		1.10fixed
[runlim] time limit:		300 seconds
[runlim] real time limit:	311040000 seconds
[runlim] space limit:		4000 MB
[runlim] argv[0]:		./cvc4
[runlim] argv[1]:		/tmp/au90mNQ4.smt2
[runlim] start:			Tue Jan 29 10:52:27 2019
[runlim] main pid:		28274
[runlim] sample:		9.8 time, 10.0 real, 31.8 MB
[runlim] sample:		18.9 time, 20.0 real, 35.4 MB
[runlim] sample:		28.8 time, 30.0 real, 38.5 MB
[runlim] sample:		38.8 time, 40.0 real, 41.4 MB
[runlim] sample:		48.8 time, 50.0 real, 43.7 MB
[runlim] sample:		58.3 time, 60.0 real, 45.5 MB
[runlim] sample:		66.6 time, 70.0 real, 47.0 MB
[runlim] sample:		75.0 time, 80.0 real, 48.3 MB
[runlim] sample:		83.1 time, 90.0 real, 49.9 MB
[runlim] sample:		91.9 time, 100.0 real, 51.4 MB
[runlim] sample:		100.6 time, 110.0 real, 52.7 MB
[runlim] sample:		108.7 time, 120.0 real, 53.3 MB
[runlim] sample:		117.8 time, 130.0 real, 54.9 MB
[runlim] sample:		126.8 time, 140.0 real, 56.2 MB
[runlim] sample:		135.9 time, 150.0 real, 57.4 MB
[runlim] sample:		143.6 time, 160.0 real, 58.2 MB
[runlim] sample:		152.1 time, 170.0 real, 59.2 MB
[runlim] sample:		161.5 time, 180.0 real, 60.0 MB
[runlim] sample:		171.2 time, 190.0 real, 61.3 MB
[runlim] sample:		180.8 time, 200.0 real, 62.3 MB
[runlim] sample:		189.7 time, 210.0 real, 63.1 MB
[runlim] sample:		196.8 time, 220.0 real, 64.1 MB
[runlim] sample:		206.1 time, 230.0 real, 65.2 MB
[runlim] sample:		214.3 time, 240.0 real, 65.7 MB
[runlim] sample:		222.4 time, 250.0 real, 66.7 MB
[runlim] sample:		231.0 time, 260.0 real, 67.5 MB
[runlim] sample:		239.7 time, 270.0 real, 68.7 MB
[runlim] sample:		249.1 time, 280.0 real, 69.8 MB
[runlim] sample:		258.8 time, 290.0 real, 70.8 MB
[runlim] sample:		268.4 time, 300.0 real, 71.8 MB
[runlim] sample:		278.1 time, 310.0 real, 72.6 MB
[runlim] sample:		287.7 time, 320.0 real, 73.4 MB
[runlim] sample:		297.5 time, 330.0 real, 74.9 MB
CVC4 interrupted by SIGTERM.
[runlim] end:			Tue Jan 29 10:57:59 2019
[runlim] status:		out of time
[runlim] result:		2
[runlim] children:		0
[runlim] real:			332.63 seconds
[runlim] time:			300.10 seconds
[runlim] space:			74.9 MB
[runlim] samples:		3326
