[runlim] version:		1.10fixed
[runlim] time limit:		300 seconds
[runlim] real time limit:	311040000 seconds
[runlim] space limit:		4000 MB
[runlim] argv[0]:		./cvc4
[runlim] argv[1]:		/tmp/sotzu4oe.smt2
[runlim] start:			Tue Jan 29 11:13:13 2019
[runlim] main pid:		25711
[runlim] sample:		9.2 time, 10.2 real, 63.4 MB
[runlim] sample:		19.1 time, 20.2 real, 85.1 MB
[runlim] sample:		29.1 time, 30.2 real, 97.9 MB
[runlim] sample:		39.1 time, 40.2 real, 107.9 MB
[runlim] sample:		49.1 time, 50.2 real, 114.6 MB
[runlim] sample:		59.1 time, 60.2 real, 121.9 MB
[runlim] sample:		69.1 time, 70.2 real, 130.1 MB
[runlim] sample:		77.5 time, 80.2 real, 133.7 MB
[runlim] sample:		86.3 time, 90.2 real, 138.4 MB
[runlim] sample:		94.7 time, 100.2 real, 142.0 MB
[runlim] sample:		103.2 time, 110.2 real, 145.3 MB
[runlim] sample:		112.4 time, 120.2 real, 149.8 MB
[runlim] sample:		122.4 time, 130.2 real, 154.0 MB
[runlim] sample:		132.4 time, 140.2 real, 156.5 MB
[runlim] sample:		142.4 time, 150.2 real, 160.7 MB
[runlim] sample:		152.3 time, 160.2 real, 165.2 MB
[runlim] sample:		162.3 time, 170.2 real, 166.8 MB
[runlim] sample:		172.3 time, 180.2 real, 169.6 MB
[runlim] sample:		182.3 time, 190.2 real, 172.1 MB
[runlim] sample:		191.6 time, 200.2 real, 174.7 MB
[runlim] sample:		201.6 time, 210.2 real, 177.0 MB
[runlim] sample:		211.6 time, 220.2 real, 179.9 MB
[runlim] sample:		221.0 time, 230.2 real, 182.7 MB
[runlim] sample:		230.1 time, 240.2 real, 186.1 MB
[runlim] sample:		239.1 time, 250.2 real, 189.2 MB
[runlim] sample:		248.1 time, 260.2 real, 190.8 MB
[runlim] sample:		257.1 time, 270.2 real, 192.8 MB
[runlim] sample:		266.8 time, 280.2 real, 195.4 MB
[runlim] sample:		276.7 time, 290.2 real, 197.0 MB
[runlim] sample:		286.1 time, 300.2 real, 199.0 MB
[runlim] sample:		295.4 time, 310.2 real, 200.6 MB
[runlim] end:			Tue Jan 29 11:18:27 2019
[runlim] status:		signal(9)
[runlim] result:		11
[runlim] children:		0
[runlim] real:			314.30 seconds
[runlim] time:			299.45 seconds
[runlim] space:			202.9 MB
[runlim] samples:		3141
