[runlim] version:		1.10fixed
[runlim] time limit:		300 seconds
[runlim] real time limit:	311040000 seconds
[runlim] space limit:		4000 MB
[runlim] argv[0]:		./cvc4
[runlim] argv[1]:		/tmp/OtG759S2.smt2
[runlim] start:			Mon Jan 28 10:22:55 2019
[runlim] main pid:		5331
[runlim] sample:		10.0 time, 10.1 real, 37.9 MB
[runlim] sample:		20.0 time, 20.1 real, 41.3 MB
[runlim] sample:		30.0 time, 30.1 real, 44.1 MB
[runlim] sample:		40.0 time, 40.1 real, 46.7 MB
[runlim] sample:		50.0 time, 50.1 real, 49.0 MB
[runlim] sample:		60.0 time, 60.1 real, 51.6 MB
[runlim] sample:		70.0 time, 70.1 real, 53.7 MB
[runlim] sample:		80.0 time, 80.1 real, 55.5 MB
[runlim] sample:		90.0 time, 90.1 real, 57.3 MB
[runlim] sample:		100.0 time, 100.1 real, 59.8 MB
[runlim] sample:		110.0 time, 110.1 real, 61.1 MB
[runlim] sample:		119.4 time, 120.1 real, 63.4 MB
[runlim] sample:		127.3 time, 130.1 real, 64.5 MB
[runlim] sample:		135.3 time, 140.1 real, 66.3 MB
[runlim] sample:		143.3 time, 150.1 real, 67.1 MB
[runlim] sample:		152.8 time, 160.1 real, 68.6 MB
[runlim] sample:		162.5 time, 170.1 real, 69.6 MB
[runlim] sample:		172.0 time, 180.1 real, 71.4 MB
[runlim] sample:		180.9 time, 190.1 real, 72.2 MB
[runlim] sample:		189.8 time, 200.1 real, 73.5 MB
[runlim] sample:		198.8 time, 210.1 real, 75.0 MB
[runlim] sample:		208.7 time, 220.1 real, 76.6 MB
[runlim] sample:		217.7 time, 230.1 real, 77.9 MB
[runlim] sample:		226.7 time, 240.1 real, 78.7 MB
[runlim] sample:		235.6 time, 250.1 real, 79.9 MB
[runlim] sample:		244.6 time, 260.1 real, 81.2 MB
[runlim] sample:		253.6 time, 270.1 real, 82.0 MB
[runlim] sample:		262.6 time, 280.1 real, 83.0 MB
[runlim] sample:		271.6 time, 290.1 real, 84.3 MB
[runlim] sample:		280.6 time, 300.1 real, 84.8 MB
[runlim] sample:		290.2 time, 310.1 real, 86.1 MB
[runlim] end:			Mon Jan 28 10:28:09 2019
[runlim] status:		signal(9)
[runlim] result:		11
[runlim] children:		0
[runlim] real:			314.65 seconds
[runlim] time:			294.73 seconds
[runlim] space:			86.6 MB
[runlim] samples:		3145
