[runlim] version:		1.10fixed
[runlim] time limit:		300 seconds
[runlim] real time limit:	311040000 seconds
[runlim] space limit:		4000 MB
[runlim] argv[0]:		./cvc4
[runlim] argv[1]:		/tmp/KLYPINwa.smt2
[runlim] start:			Tue Jan 29 10:52:26 2019
[runlim] main pid:		30154
[runlim] sample:		10.0 time, 10.9 real, 196.7 MB
[runlim] sample:		19.8 time, 20.9 real, 302.0 MB
[runlim] sample:		28.8 time, 30.9 real, 395.4 MB
[runlim] sample:		37.5 time, 40.9 real, 472.0 MB
[runlim] sample:		46.5 time, 50.9 real, 472.0 MB
[runlim] sample:		55.8 time, 60.9 real, 515.9 MB
[runlim] sample:		65.8 time, 70.9 real, 545.6 MB
[runlim] sample:		75.8 time, 80.9 real, 546.1 MB
[runlim] sample:		85.8 time, 90.9 real, 546.1 MB
[runlim] sample:		95.8 time, 100.9 real, 546.1 MB
[runlim] sample:		105.8 time, 110.9 real, 546.1 MB
[runlim] sample:		115.8 time, 120.9 real, 549.7 MB
[runlim] sample:		125.8 time, 130.9 real, 549.7 MB
[runlim] sample:		135.8 time, 140.9 real, 549.7 MB
[runlim] sample:		145.1 time, 150.9 real, 549.7 MB
[runlim] sample:		153.7 time, 160.9 real, 549.7 MB
[runlim] sample:		162.3 time, 170.9 real, 549.7 MB
[runlim] sample:		171.1 time, 180.9 real, 549.7 MB
[runlim] sample:		179.8 time, 190.9 real, 549.7 MB
[runlim] sample:		189.4 time, 200.9 real, 549.7 MB
[runlim] sample:		199.4 time, 210.9 real, 549.7 MB
[runlim] sample:		209.0 time, 220.9 real, 549.7 MB
[runlim] sample:		218.7 time, 230.9 real, 551.7 MB
[runlim] sample:		227.6 time, 240.9 real, 578.0 MB
[runlim] sample:		236.6 time, 250.9 real, 578.0 MB
[runlim] sample:		245.9 time, 260.9 real, 588.4 MB
[runlim] sample:		255.9 time, 270.9 real, 588.4 MB
[runlim] sample:		265.9 time, 280.9 real, 615.7 MB
[runlim] sample:		275.9 time, 290.9 real, 615.7 MB
[runlim] sample:		285.9 time, 300.9 real, 621.9 MB
[runlim] sample:		295.9 time, 310.9 real, 641.2 MB
[runlim] end:			Tue Jan 29 10:57:40 2019
[runlim] status:		signal(9)
[runlim] result:		11
[runlim] children:		0
[runlim] real:			314.90 seconds
[runlim] time:			299.75 seconds
[runlim] space:			641.2 MB
[runlim] samples:		3139
