[runlim] version:		1.10fixed
[runlim] time limit:		300 seconds
[runlim] real time limit:	311040000 seconds
[runlim] space limit:		4000 MB
[runlim] argv[0]:		./cvc4
[runlim] argv[1]:		/tmp/OGc6C10r.smt2
[runlim] start:			Tue Jan 29 11:08:17 2019
[runlim] main pid:		23256
[runlim] sample:		9.3 time, 10.9 real, 64.7 MB
[runlim] sample:		17.8 time, 20.9 real, 104.9 MB
[runlim] sample:		25.3 time, 30.9 real, 128.5 MB
[runlim] sample:		33.6 time, 40.9 real, 164.9 MB
[runlim] sample:		42.7 time, 50.9 real, 216.9 MB
[runlim] sample:		51.9 time, 60.9 real, 220.5 MB
[runlim] sample:		61.9 time, 70.9 real, 289.7 MB
[runlim] sample:		71.8 time, 80.9 real, 292.3 MB
[runlim] sample:		81.8 time, 90.9 real, 371.2 MB
[runlim] sample:		91.8 time, 100.9 real, 374.0 MB
[runlim] sample:		101.5 time, 110.9 real, 377.6 MB
[runlim] sample:		110.9 time, 120.9 real, 447.1 MB
[runlim] sample:		120.5 time, 130.9 real, 485.6 MB
[runlim] sample:		129.8 time, 140.9 real, 489.2 MB
[runlim] sample:		139.6 time, 150.9 real, 499.0 MB
[runlim] sample:		149.6 time, 160.9 real, 632.7 MB
[runlim] sample:		159.6 time, 170.9 real, 632.7 MB
[runlim] sample:		169.6 time, 180.9 real, 633.2 MB
[runlim] sample:		179.6 time, 190.9 real, 633.2 MB
[runlim] sample:		189.6 time, 200.9 real, 733.4 MB
[runlim] sample:		199.6 time, 210.9 real, 779.0 MB
[runlim] sample:		209.6 time, 220.9 real, 779.3 MB
[runlim] sample:		219.6 time, 230.9 real, 783.4 MB
[runlim] sample:		229.5 time, 240.9 real, 783.4 MB
[runlim] sample:		239.5 time, 250.9 real, 806.5 MB
[runlim] sample:		249.5 time, 260.9 real, 921.8 MB
[runlim] sample:		259.5 time, 270.9 real, 990.4 MB
[runlim] sample:		269.5 time, 280.9 real, 990.9 MB
[runlim] sample:		279.5 time, 290.9 real, 990.9 MB
[runlim] sample:		289.5 time, 300.9 real, 990.9 MB
[runlim] sample:		299.5 time, 310.9 real, 991.9 MB
CVC4 interrupted by SIGTERM.
[runlim] end:			Tue Jan 29 11:13:28 2019
[runlim] status:		out of time
[runlim] result:		2
[runlim] children:		0
[runlim] real:			311.47 seconds
[runlim] time:			300.03 seconds
[runlim] space:			991.9 MB
[runlim] samples:		3105
