[runlim] version:		1.10fixed
[runlim] time limit:		300 seconds
[runlim] real time limit:	311040000 seconds
[runlim] space limit:		4000 MB
[runlim] argv[0]:		./cvc4
[runlim] argv[1]:		/tmp/PupvABqs.smt2
[runlim] start:			Mon Jan 28 14:40:19 2019
[runlim] main pid:		27688
[runlim] sample:		9.8 time, 10.4 real, 95.1 MB
[runlim] sample:		19.8 time, 20.4 real, 137.1 MB
[runlim] sample:		29.7 time, 30.4 real, 166.6 MB
[runlim] sample:		39.8 time, 40.4 real, 195.0 MB
[runlim] sample:		49.8 time, 50.4 real, 221.0 MB
[runlim] sample:		59.7 time, 60.4 real, 245.5 MB
[runlim] sample:		69.7 time, 70.4 real, 268.4 MB
[runlim] sample:		79.4 time, 80.4 real, 294.2 MB
[runlim] sample:		89.4 time, 90.4 real, 309.7 MB
[runlim] sample:		98.5 time, 100.4 real, 327.4 MB
[runlim] sample:		107.2 time, 110.4 real, 347.0 MB
[runlim] sample:		116.1 time, 120.4 real, 364.6 MB
[runlim] sample:		125.7 time, 130.4 real, 380.1 MB
[runlim] sample:		135.1 time, 140.4 real, 394.5 MB
[runlim] sample:		143.9 time, 150.4 real, 409.4 MB
[runlim] sample:		152.7 time, 160.4 real, 422.8 MB
[runlim] sample:		162.5 time, 170.4 real, 442.9 MB
[runlim] sample:		171.9 time, 180.4 real, 458.4 MB
[runlim] sample:		180.6 time, 190.4 real, 472.5 MB
[runlim] sample:		190.5 time, 200.4 real, 489.0 MB
[runlim] sample:		200.5 time, 210.4 real, 504.5 MB
[runlim] sample:		210.5 time, 220.4 real, 516.3 MB
[runlim] sample:		219.5 time, 230.4 real, 529.5 MB
[runlim] sample:		228.4 time, 240.4 real, 540.0 MB
[runlim] sample:		238.4 time, 250.4 real, 552.6 MB
[runlim] sample:		248.1 time, 260.4 real, 570.8 MB
[runlim] sample:		258.1 time, 270.4 real, 586.2 MB
[runlim] sample:		268.1 time, 280.4 real, 597.8 MB
[runlim] sample:		278.1 time, 290.4 real, 610.7 MB
[runlim] sample:		288.1 time, 300.4 real, 622.0 MB
[runlim] end:			Mon Jan 28 14:45:28 2019
[runlim] status:		signal(9)
[runlim] result:		11
[runlim] children:		0
[runlim] real:			309.33 seconds
[runlim] time:			297.02 seconds
[runlim] space:			646.5 MB
[runlim] samples:		3089
