[runlim] version:		1.10fixed
[runlim] time limit:		300 seconds
[runlim] real time limit:	311040000 seconds
[runlim] space limit:		4000 MB
[runlim] argv[0]:		./cvc4
[runlim] argv[1]:		/tmp/2c5HFKPn.smt2
[runlim] start:			Tue Jan 29 11:08:18 2019
[runlim] main pid:		25409
[runlim] sample:		8.8 time, 10.2 real, 52.5 MB
[runlim] sample:		18.7 time, 20.2 real, 67.9 MB
[runlim] sample:		27.9 time, 30.2 real, 80.0 MB
[runlim] sample:		37.9 time, 40.2 real, 92.4 MB
[runlim] sample:		47.9 time, 50.2 real, 102.4 MB
[runlim] sample:		56.6 time, 60.2 real, 111.6 MB
[runlim] sample:		65.6 time, 70.2 real, 118.0 MB
[runlim] sample:		75.2 time, 80.2 real, 130.0 MB
[runlim] sample:		85.2 time, 90.2 real, 137.7 MB
[runlim] sample:		94.6 time, 100.2 real, 141.8 MB
[runlim] sample:		104.6 time, 110.2 real, 149.8 MB
[runlim] sample:		114.5 time, 120.2 real, 153.9 MB
[runlim] sample:		123.6 time, 130.2 real, 162.2 MB
[runlim] sample:		133.5 time, 140.2 real, 170.6 MB
[runlim] sample:		143.2 time, 150.2 real, 170.6 MB
[runlim] sample:		153.2 time, 160.2 real, 180.3 MB
[runlim] sample:		163.2 time, 170.2 real, 184.7 MB
[runlim] sample:		172.1 time, 180.2 real, 191.1 MB
[runlim] sample:		181.1 time, 190.2 real, 198.8 MB
[runlim] sample:		191.1 time, 200.2 real, 198.8 MB
[runlim] sample:		200.6 time, 210.2 real, 208.4 MB
[runlim] sample:		210.5 time, 220.2 real, 208.4 MB
[runlim] sample:		220.4 time, 230.2 real, 221.2 MB
[runlim] sample:		230.2 time, 240.2 real, 221.2 MB
[runlim] sample:		239.6 time, 250.2 real, 231.5 MB
[runlim] sample:		248.9 time, 260.2 real, 231.5 MB
[runlim] sample:		258.3 time, 270.2 real, 244.9 MB
[runlim] sample:		267.3 time, 280.2 real, 244.9 MB
[runlim] sample:		277.2 time, 290.2 real, 250.3 MB
[runlim] sample:		287.2 time, 300.2 real, 254.9 MB
[runlim] sample:		297.2 time, 310.2 real, 254.9 MB
CVC4 interrupted by SIGTERM.
[runlim] end:			Tue Jan 29 11:13:31 2019
[runlim] status:		out of time
[runlim] result:		2
[runlim] children:		0
[runlim] real:			313.14 seconds
[runlim] time:			300.10 seconds
[runlim] space:			260.4 MB
[runlim] samples:		3129
