[runlim] version:		1.10fixed
[runlim] time limit:		300 seconds
[runlim] real time limit:	311040000 seconds
[runlim] space limit:		4000 MB
[runlim] argv[0]:		./cvc4
[runlim] argv[1]:		/tmp/aL6x2aKI.smt2
[runlim] start:			Tue Jan 29 11:10:16 2019
[runlim] main pid:		11500
[runlim] sample:		9.6 time, 10.3 real, 95.5 MB
[runlim] sample:		19.5 time, 20.3 real, 106.1 MB
[runlim] sample:		28.4 time, 30.3 real, 113.8 MB
[runlim] sample:		37.7 time, 40.3 real, 114.3 MB
[runlim] sample:		47.7 time, 50.3 real, 114.6 MB
[runlim] sample:		57.7 time, 60.3 real, 163.8 MB
[runlim] sample:		66.7 time, 70.3 real, 163.9 MB
[runlim] sample:		76.2 time, 80.3 real, 164.1 MB
[runlim] sample:		86.2 time, 90.3 real, 164.3 MB
[runlim] sample:		95.7 time, 100.3 real, 164.1 MB
[runlim] sample:		105.0 time, 110.3 real, 166.2 MB
[runlim] sample:		113.9 time, 120.3 real, 168.1 MB
[runlim] sample:		123.2 time, 130.3 real, 176.0 MB
[runlim] sample:		132.2 time, 140.3 real, 176.3 MB
[runlim] sample:		140.6 time, 150.3 real, 177.3 MB
[runlim] sample:		149.7 time, 160.3 real, 177.6 MB
[runlim] sample:		159.5 time, 170.3 real, 177.6 MB
[runlim] sample:		169.5 time, 180.3 real, 177.6 MB
[runlim] sample:		179.5 time, 190.3 real, 177.8 MB
[runlim] sample:		189.5 time, 200.3 real, 177.8 MB
[runlim] sample:		199.3 time, 210.3 real, 183.0 MB
[runlim] sample:		209.3 time, 220.3 real, 196.5 MB
[runlim] sample:		219.3 time, 230.3 real, 196.5 MB
[runlim] sample:		228.5 time, 240.3 real, 196.5 MB
[runlim] sample:		236.5 time, 250.3 real, 235.9 MB
[runlim] sample:		245.8 time, 260.3 real, 276.2 MB
[runlim] sample:		255.8 time, 270.3 real, 276.2 MB
[runlim] sample:		265.4 time, 280.3 real, 276.4 MB
[runlim] sample:		273.8 time, 290.3 real, 276.4 MB
[runlim] sample:		283.1 time, 300.3 real, 276.4 MB
[runlim] sample:		292.5 time, 310.3 real, 276.4 MB
[runlim] end:			Tue Jan 29 11:15:34 2019
[runlim] status:		signal(9)
[runlim] result:		11
[runlim] children:		0
[runlim] real:			318.37 seconds
[runlim] time:			299.95 seconds
[runlim] space:			276.4 MB
[runlim] samples:		3180
