[runlim] version:		1.10fixed
[runlim] time limit:		1800 seconds
[runlim] real time limit:	311040000 seconds
[runlim] space limit:		4000 MB
[runlim] argv[0]:		./cvc4
[runlim] argv[1]:		/tmp/UflM8NKY.smt2
[runlim] start:			Fri Feb  8 20:07:20 2019
[runlim] main pid:		20180
[runlim] sample:		9.8 time, 10.2 real, 45.7 MB
[runlim] sample:		17.7 time, 20.2 real, 59.0 MB
[runlim] sample:		26.6 time, 30.2 real, 62.0 MB
[runlim] sample:		36.3 time, 40.2 real, 68.0 MB
[runlim] end:			Fri Feb  8 20:08:05 2019
[runlim] status:		ok
[runlim] result:		0
[runlim] children:		0
[runlim] real:			45.41 seconds
[runlim] time:			41.35 seconds
[runlim] space:			70.1 MB
[runlim] samples:		452
