[runlim] version:		1.10fixed
[runlim] time limit:		1800 seconds
[runlim] real time limit:	311040000 seconds
[runlim] space limit:		4000 MB
[runlim] argv[0]:		./cvc4
[runlim] argv[1]:		/tmp/vGQEwnKO.smt2
[runlim] start:			Sat Feb  2 23:14:16 2019
[runlim] main pid:		30369
[runlim] sample:		9.5 time, 10.9 real, 45.9 MB
[runlim] sample:		19.2 time, 20.9 real, 61.9 MB
[runlim] sample:		28.9 time, 30.9 real, 74.6 MB
[runlim] sample:		38.1 time, 40.9 real, 85.8 MB
[runlim] sample:		47.5 time, 50.9 real, 95.0 MB
[runlim] sample:		55.8 time, 60.9 real, 104.3 MB
[runlim] sample:		63.9 time, 70.9 real, 112.3 MB
[runlim] sample:		72.2 time, 80.9 real, 120.8 MB
[runlim] sample:		80.9 time, 90.9 real, 127.4 MB
[runlim] sample:		88.7 time, 100.9 real, 136.4 MB
[runlim] sample:		96.8 time, 110.9 real, 142.1 MB
[runlim] sample:		106.0 time, 120.9 real, 150.6 MB
[runlim] sample:		114.1 time, 130.9 real, 156.1 MB
[runlim] sample:		121.7 time, 140.9 real, 163.8 MB
[runlim] sample:		131.4 time, 150.9 real, 170.3 MB
[runlim] sample:		141.2 time, 160.9 real, 179.3 MB
[runlim] sample:		150.3 time, 170.9 real, 185.7 MB
[runlim] sample:		159.1 time, 180.9 real, 189.1 MB
[runlim] sample:		168.9 time, 190.9 real, 196.0 MB
[runlim] sample:		178.6 time, 200.9 real, 202.5 MB
[runlim] sample:		188.3 time, 210.9 real, 209.2 MB
[runlim] sample:		198.0 time, 220.9 real, 216.9 MB
[runlim] sample:		207.9 time, 230.9 real, 225.8 MB
[runlim] sample:		217.0 time, 240.9 real, 233.3 MB
[runlim] sample:		225.7 time, 250.9 real, 240.0 MB
[runlim] sample:		235.1 time, 260.9 real, 247.9 MB
[runlim] sample:		245.1 time, 270.9 real, 255.6 MB
[runlim] sample:		255.1 time, 280.9 real, 259.7 MB
[runlim] sample:		265.1 time, 290.9 real, 267.4 MB
[runlim] sample:		275.1 time, 300.9 real, 272.3 MB
[runlim] sample:		285.1 time, 310.9 real, 280.6 MB
[runlim] sample:		295.1 time, 320.9 real, 288.8 MB
[runlim] sample:		305.1 time, 330.9 real, 294.9 MB
[runlim] sample:		315.1 time, 340.9 real, 301.1 MB
[runlim] sample:		325.1 time, 350.9 real, 307.8 MB
[runlim] sample:		335.1 time, 360.9 real, 311.4 MB
[runlim] sample:		345.1 time, 370.9 real, 319.4 MB
[runlim] sample:		355.1 time, 380.9 real, 324.5 MB
[runlim] sample:		365.0 time, 390.9 real, 328.6 MB
[runlim] sample:		375.0 time, 400.9 real, 333.3 MB
[runlim] sample:		385.0 time, 410.9 real, 343.3 MB
[runlim] sample:		395.0 time, 420.9 real, 347.9 MB
[runlim] sample:		405.0 time, 430.9 real, 352.3 MB
[runlim] sample:		415.0 time, 440.9 real, 360.1 MB
[runlim] sample:		425.0 time, 450.9 real, 365.7 MB
[runlim] sample:		435.0 time, 460.9 real, 370.1 MB
[runlim] sample:		445.0 time, 470.9 real, 374.7 MB
[runlim] sample:		455.0 time, 480.9 real, 379.1 MB
[runlim] sample:		465.0 time, 490.9 real, 385.9 MB
[runlim] sample:		475.0 time, 500.9 real, 390.0 MB
[runlim] sample:		485.0 time, 510.9 real, 395.7 MB
[runlim] sample:		495.0 time, 520.9 real, 400.8 MB
[runlim] sample:		505.0 time, 530.9 real, 409.1 MB
[runlim] sample:		515.0 time, 540.9 real, 409.1 MB
[runlim] sample:		525.0 time, 550.9 real, 418.9 MB
[runlim] sample:		535.0 time, 560.9 real, 423.5 MB
[runlim] sample:		545.0 time, 570.9 real, 428.1 MB
[runlim] sample:		555.0 time, 580.9 real, 437.1 MB
[runlim] sample:		565.0 time, 590.9 real, 442.0 MB
[runlim] sample:		575.0 time, 600.9 real, 446.6 MB
[runlim] sample:		585.0 time, 610.9 real, 454.1 MB
[runlim] sample:		594.9 time, 620.9 real, 454.6 MB
[runlim] sample:		604.9 time, 630.9 real, 468.5 MB
[runlim] sample:		614.9 time, 640.9 real, 469.1 MB
[runlim] sample:		624.9 time, 650.9 real, 472.9 MB
[runlim] sample:		634.9 time, 660.9 real, 484.6 MB
[runlim] sample:		644.9 time, 670.9 real, 486.1 MB
[runlim] sample:		654.9 time, 680.9 real, 491.0 MB
[runlim] sample:		664.9 time, 690.9 real, 496.2 MB
[runlim] sample:		674.9 time, 700.9 real, 501.1 MB
[runlim] sample:		684.9 time, 710.9 real, 506.5 MB
[runlim] sample:		694.9 time, 720.9 real, 512.2 MB
[runlim] sample:		704.9 time, 730.9 real, 517.3 MB
[runlim] sample:		714.9 time, 740.9 real, 522.7 MB
[runlim] sample:		724.9 time, 750.9 real, 523.5 MB
[runlim] sample:		734.9 time, 760.9 real, 529.2 MB
[runlim] sample:		744.9 time, 770.9 real, 535.3 MB
[runlim] sample:		754.9 time, 780.9 real, 540.2 MB
[runlim] sample:		764.9 time, 790.9 real, 545.6 MB
[runlim] sample:		774.9 time, 800.9 real, 555.2 MB
[runlim] sample:		784.9 time, 810.9 real, 555.2 MB
[runlim] sample:		794.9 time, 820.9 real, 559.3 MB
[runlim] sample:		804.8 time, 830.9 real, 565.0 MB
[runlim] sample:		814.9 time, 840.9 real, 577.1 MB
[runlim] sample:		824.8 time, 850.9 real, 579.8 MB
[runlim] sample:		834.8 time, 860.9 real, 579.8 MB
[runlim] sample:		844.8 time, 870.9 real, 584.7 MB
[runlim] sample:		854.8 time, 880.9 real, 589.0 MB
[runlim] sample:		864.8 time, 890.9 real, 594.7 MB
[runlim] sample:		874.8 time, 900.9 real, 594.7 MB
[runlim] sample:		884.8 time, 910.9 real, 600.9 MB
[runlim] sample:		894.8 time, 920.9 real, 606.8 MB
[runlim] sample:		904.8 time, 930.9 real, 613.8 MB
[runlim] sample:		914.8 time, 940.9 real, 613.8 MB
[runlim] sample:		924.7 time, 950.9 real, 618.6 MB
[runlim] sample:		934.7 time, 960.9 real, 625.1 MB
[runlim] sample:		944.6 time, 970.9 real, 630.8 MB
[runlim] sample:		954.6 time, 980.9 real, 631.0 MB
[runlim] sample:		964.6 time, 990.9 real, 636.9 MB
[runlim] sample:		974.6 time, 1000.9 real, 642.9 MB
[runlim] sample:		984.6 time, 1010.9 real, 642.9 MB
[runlim] sample:		994.6 time, 1020.9 real, 648.8 MB
[runlim] sample:		1004.6 time, 1030.9 real, 656.0 MB
[runlim] sample:		1014.6 time, 1040.9 real, 656.0 MB
[runlim] sample:		1024.6 time, 1050.9 real, 662.2 MB
[runlim] sample:		1034.6 time, 1060.9 real, 668.9 MB
[runlim] sample:		1044.6 time, 1070.9 real, 669.7 MB
[runlim] sample:		1054.6 time, 1080.9 real, 675.1 MB
[runlim] sample:		1064.6 time, 1090.9 real, 681.0 MB
[runlim] sample:		1074.6 time, 1100.9 real, 687.2 MB
[runlim] sample:		1084.6 time, 1110.9 real, 687.4 MB
[runlim] sample:		1094.6 time, 1120.9 real, 693.1 MB
[runlim] sample:		1104.6 time, 1130.9 real, 693.1 MB
[runlim] sample:		1114.6 time, 1140.9 real, 703.7 MB
[runlim] sample:		1124.6 time, 1150.9 real, 710.7 MB
[runlim] sample:		1134.6 time, 1160.9 real, 710.7 MB
[runlim] sample:		1144.6 time, 1170.9 real, 717.1 MB
[runlim] sample:		1154.6 time, 1180.9 real, 728.2 MB
[runlim] sample:		1164.5 time, 1190.9 real, 728.2 MB
[runlim] sample:		1174.5 time, 1200.9 real, 734.7 MB
[runlim] sample:		1184.5 time, 1210.9 real, 736.0 MB
[runlim] sample:		1194.5 time, 1220.9 real, 741.6 MB
[runlim] sample:		1204.5 time, 1230.9 real, 747.8 MB
[runlim] sample:		1214.5 time, 1240.9 real, 747.8 MB
[runlim] sample:		1224.5 time, 1250.9 real, 754.0 MB
[runlim] sample:		1234.5 time, 1260.9 real, 760.2 MB
[runlim] sample:		1244.5 time, 1270.9 real, 760.2 MB
[runlim] sample:		1254.5 time, 1280.9 real, 766.9 MB
[runlim] sample:		1263.9 time, 1290.9 real, 766.9 MB
[runlim] sample:		1273.8 time, 1300.9 real, 773.6 MB
[runlim] sample:		1283.9 time, 1310.9 real, 774.6 MB
[runlim] sample:		1293.8 time, 1320.9 real, 780.0 MB
[runlim] sample:		1303.8 time, 1330.9 real, 786.2 MB
[runlim] sample:		1313.8 time, 1340.9 real, 786.5 MB
[runlim] sample:		1323.8 time, 1350.9 real, 793.3 MB
[runlim] sample:		1333.8 time, 1360.9 real, 793.3 MB
[runlim] sample:		1343.8 time, 1370.9 real, 800.0 MB
[runlim] sample:		1353.8 time, 1380.9 real, 800.0 MB
[runlim] sample:		1363.8 time, 1390.9 real, 806.9 MB
[runlim] sample:		1373.8 time, 1400.9 real, 812.9 MB
[runlim] sample:		1383.8 time, 1410.9 real, 812.9 MB
[runlim] sample:		1393.8 time, 1420.9 real, 821.4 MB
[runlim] sample:		1403.8 time, 1430.9 real, 821.4 MB
[runlim] sample:		1413.8 time, 1440.9 real, 827.8 MB
[runlim] sample:		1423.8 time, 1450.9 real, 827.8 MB
[runlim] sample:		1433.8 time, 1460.9 real, 834.7 MB
[runlim] sample:		1443.8 time, 1470.9 real, 834.7 MB
[runlim] sample:		1453.8 time, 1480.9 real, 841.4 MB
[runlim] sample:		1462.8 time, 1490.9 real, 841.7 MB
[runlim] sample:		1472.8 time, 1500.9 real, 849.2 MB
[runlim] sample:		1482.8 time, 1510.9 real, 849.4 MB
[runlim] sample:		1491.9 time, 1520.9 real, 856.4 MB
[runlim] sample:		1500.3 time, 1530.9 real, 856.4 MB
[runlim] sample:		1508.6 time, 1540.9 real, 863.1 MB
[runlim] sample:		1516.9 time, 1550.9 real, 863.3 MB
[runlim] sample:		1525.8 time, 1560.9 real, 870.8 MB
[runlim] sample:		1534.7 time, 1570.9 real, 871.1 MB
[runlim] sample:		1543.1 time, 1580.9 real, 871.1 MB
[runlim] sample:		1551.4 time, 1590.9 real, 893.3 MB
[runlim] sample:		1559.8 time, 1600.9 real, 893.6 MB
[runlim] sample:		1568.1 time, 1610.9 real, 896.6 MB
[runlim] sample:		1576.5 time, 1620.9 real, 896.9 MB
[runlim] sample:		1585.5 time, 1630.9 real, 903.6 MB
[runlim] sample:		1595.5 time, 1640.9 real, 904.1 MB
[runlim] sample:		1605.5 time, 1650.9 real, 910.6 MB
[runlim] sample:		1614.1 time, 1660.9 real, 911.1 MB
[runlim] sample:		1622.4 time, 1670.9 real, 911.6 MB
[runlim] sample:		1630.8 time, 1680.9 real, 933.2 MB
[runlim] sample:		1639.2 time, 1690.9 real, 933.2 MB
[runlim] sample:		1648.2 time, 1700.9 real, 940.4 MB
[runlim] sample:		1657.2 time, 1710.9 real, 940.7 MB
[runlim] sample:		1666.1 time, 1720.9 real, 944.3 MB
[runlim] sample:		1675.1 time, 1730.9 real, 944.5 MB
[runlim] sample:		1684.1 time, 1740.9 real, 955.6 MB
[runlim] sample:		1693.0 time, 1750.9 real, 955.6 MB
[runlim] sample:		1701.8 time, 1760.9 real, 955.6 MB
[runlim] sample:		1710.2 time, 1770.9 real, 963.1 MB
[runlim] sample:		1718.5 time, 1780.9 real, 963.1 MB
[runlim] sample:		1727.6 time, 1790.9 real, 972.1 MB
[runlim] sample:		1737.6 time, 1800.9 real, 972.1 MB
[runlim] sample:		1747.5 time, 1810.9 real, 977.3 MB
[runlim] sample:		1757.5 time, 1820.9 real, 977.5 MB
[runlim] sample:		1767.5 time, 1830.9 real, 978.0 MB
[runlim] sample:		1777.5 time, 1840.9 real, 984.7 MB
[runlim] sample:		1787.5 time, 1850.9 real, 991.7 MB
[runlim] sample:		1797.5 time, 1860.9 real, 991.9 MB
CVC4 interrupted by SIGTERM.
[runlim] end:			Sat Feb  2 23:45:19 2019
[runlim] status:		out of time
[runlim] result:		2
[runlim] children:		0
[runlim] real:			1863.43 seconds
[runlim] time:			1800.04 seconds
[runlim] space:			991.9 MB
[runlim] samples:		18625
