[runlim] version:		1.10fixed
[runlim] time limit:		300 seconds
[runlim] real time limit:	311040000 seconds
[runlim] space limit:		4000 MB
[runlim] argv[0]:		./cvc4
[runlim] argv[1]:		/tmp/pb3rgayq.smt2
[runlim] start:			Mon Jan 28 14:40:25 2019
[runlim] main pid:		14728
[runlim] sample:		7.6 time, 10.4 real, 92.8 MB
[runlim] sample:		16.9 time, 20.4 real, 153.9 MB
[runlim] sample:		25.5 time, 30.4 real, 199.7 MB
[runlim] sample:		35.0 time, 40.4 real, 253.1 MB
[runlim] sample:		43.7 time, 50.4 real, 295.6 MB
[runlim] sample:		52.9 time, 60.4 real, 335.1 MB
[runlim] sample:		62.3 time, 70.4 real, 372.2 MB
[runlim] sample:		71.5 time, 80.4 real, 408.9 MB
[runlim] sample:		80.7 time, 90.4 real, 454.4 MB
[runlim] sample:		88.7 time, 100.4 real, 486.5 MB
[runlim] sample:		98.7 time, 110.4 real, 522.8 MB
[runlim] sample:		108.0 time, 120.4 real, 559.6 MB
[runlim] sample:		117.6 time, 130.4 real, 598.7 MB
[runlim] sample:		127.3 time, 140.4 real, 629.6 MB
[runlim] sample:		137.3 time, 150.4 real, 659.4 MB
[runlim] sample:		147.2 time, 160.4 real, 692.4 MB
[runlim] sample:		156.9 time, 170.4 real, 728.2 MB
[runlim] sample:		166.9 time, 180.4 real, 758.4 MB
[runlim] sample:		176.9 time, 190.4 real, 786.8 MB
[runlim] sample:		186.9 time, 200.4 real, 814.1 MB
[runlim] sample:		195.9 time, 210.4 real, 855.3 MB
[runlim] sample:		205.3 time, 220.4 real, 875.1 MB
[runlim] sample:		214.4 time, 230.4 real, 920.7 MB
[runlim] sample:		223.2 time, 240.4 real, 947.5 MB
[runlim] sample:		233.2 time, 250.4 real, 976.1 MB
[runlim] sample:		242.7 time, 260.4 real, 1002.4 MB
[runlim] sample:		252.7 time, 270.4 real, 1038.5 MB
[runlim] sample:		262.7 time, 280.4 real, 1064.7 MB
[runlim] sample:		272.7 time, 290.4 real, 1092.0 MB
[runlim] sample:		282.7 time, 300.4 real, 1122.2 MB
[runlim] sample:		292.7 time, 310.4 real, 1143.8 MB
CVC4 interrupted by SIGTERM.
[runlim] end:			Mon Jan 28 14:45:42 2019
[runlim] status:		out of time
[runlim] result:		2
[runlim] children:		0
[runlim] real:			317.78 seconds
[runlim] time:			300.01 seconds
[runlim] space:			1161.3 MB
[runlim] samples:		3173
