[runlim] version:		1.10fixed
[runlim] time limit:		300 seconds
[runlim] real time limit:	311040000 seconds
[runlim] space limit:		4000 MB
[runlim] argv[0]:		./cvc4
[runlim] argv[1]:		/tmp/IMVZcLjb.smt2
[runlim] start:			Tue Jan 29 11:10:52 2019
[runlim] main pid:		32491
[runlim] sample:		8.7 time, 10.4 real, 55.6 MB
[runlim] sample:		18.6 time, 20.4 real, 72.2 MB
[runlim] sample:		28.4 time, 30.4 real, 91.0 MB
[runlim] sample:		38.1 time, 40.4 real, 100.0 MB
[runlim] sample:		47.6 time, 50.4 real, 110.4 MB
[runlim] sample:		56.7 time, 60.4 real, 120.9 MB
[runlim] sample:		65.1 time, 70.4 real, 132.5 MB
[runlim] sample:		74.1 time, 80.4 real, 139.0 MB
[runlim] sample:		83.5 time, 90.4 real, 144.1 MB
[runlim] sample:		92.8 time, 100.4 real, 156.1 MB
[runlim] sample:		102.0 time, 110.4 real, 163.2 MB
[runlim] sample:		111.2 time, 120.4 real, 168.1 MB
[runlim] sample:		120.5 time, 130.4 real, 174.8 MB
[runlim] sample:		129.8 time, 140.4 real, 179.7 MB
[runlim] sample:		139.6 time, 150.4 real, 186.4 MB
[runlim] sample:		149.6 time, 160.4 real, 192.6 MB
[runlim] sample:		159.6 time, 170.4 real, 201.3 MB
[runlim] sample:		169.6 time, 180.4 real, 206.4 MB
[runlim] sample:		179.6 time, 190.4 real, 213.9 MB
[runlim] sample:		189.6 time, 200.4 real, 219.1 MB
[runlim] sample:		199.6 time, 210.4 real, 219.1 MB
[runlim] sample:		209.6 time, 220.4 real, 233.8 MB
[runlim] sample:		219.6 time, 230.4 real, 234.3 MB
[runlim] sample:		229.6 time, 240.4 real, 242.5 MB
[runlim] sample:		239.6 time, 250.4 real, 249.7 MB
[runlim] sample:		249.6 time, 260.4 real, 249.7 MB
[runlim] sample:		259.6 time, 270.4 real, 258.7 MB
[runlim] sample:		269.6 time, 280.4 real, 264.0 MB
[runlim] sample:		279.6 time, 290.4 real, 264.0 MB
[runlim] sample:		289.6 time, 300.4 real, 271.5 MB
[runlim] sample:		299.6 time, 310.4 real, 277.9 MB
CVC4 interrupted by SIGTERM.
[runlim] end:			Tue Jan 29 11:16:02 2019
[runlim] status:		out of time
[runlim] result:		2
[runlim] children:		0
[runlim] real:			310.90 seconds
[runlim] time:			300.08 seconds
[runlim] space:			277.9 MB
[runlim] samples:		3105
