[runlim] version:		1.10fixed
[runlim] time limit:		1800 seconds
[runlim] real time limit:	311040000 seconds
[runlim] space limit:		4000 MB
[runlim] argv[0]:		./cvc4
[runlim] argv[1]:		/tmp/bJwPZbQV.smt2
[runlim] start:			Thu Jan 31 00:11:45 2019
[runlim] main pid:		23456
[runlim] sample:		10.0 time, 10.5 real, 58.1 MB
[runlim] sample:		20.0 time, 20.5 real, 64.0 MB
[runlim] sample:		30.0 time, 30.5 real, 81.0 MB
[runlim] sample:		40.0 time, 40.5 real, 81.5 MB
[runlim] sample:		50.0 time, 50.5 real, 82.8 MB
[runlim] sample:		60.0 time, 60.5 real, 82.8 MB
[runlim] sample:		69.3 time, 70.5 real, 92.9 MB
[runlim] sample:		79.3 time, 80.5 real, 98.5 MB
[runlim] sample:		89.3 time, 90.5 real, 107.2 MB
[runlim] sample:		99.3 time, 100.5 real, 108.0 MB
[runlim] sample:		109.3 time, 110.5 real, 108.3 MB
[runlim] sample:		119.3 time, 120.5 real, 108.3 MB
[runlim] sample:		129.3 time, 130.5 real, 109.0 MB
[runlim] sample:		139.3 time, 140.5 real, 109.3 MB
[runlim] sample:		149.3 time, 150.5 real, 111.3 MB
[runlim] sample:		159.3 time, 160.5 real, 127.3 MB
[runlim] sample:		169.3 time, 170.5 real, 131.4 MB
[runlim] sample:		179.3 time, 180.5 real, 131.4 MB
[runlim] sample:		189.3 time, 190.5 real, 140.2 MB
[runlim] sample:		199.3 time, 200.5 real, 142.0 MB
[runlim] sample:		209.3 time, 210.5 real, 142.2 MB
[runlim] sample:		219.3 time, 220.5 real, 145.1 MB
[runlim] end:			Thu Jan 31 00:15:28 2019
[runlim] status:		ok
[runlim] result:		0
[runlim] children:		0
[runlim] real:			223.20 seconds
[runlim] time:			222.05 seconds
[runlim] space:			145.1 MB
[runlim] samples:		2227
