[runlim] version:		1.10fixed
[runlim] time limit:		1800 seconds
[runlim] real time limit:	311040000 seconds
[runlim] space limit:		4000 MB
[runlim] argv[0]:		./cvc4
[runlim] argv[1]:		/tmp/VTaKO9ly.smt2
[runlim] start:			Fri Feb  8 20:07:18 2019
[runlim] main pid:		20006
[runlim] sample:		10.0 time, 10.6 real, 56.3 MB
[runlim] sample:		20.0 time, 20.6 real, 66.3 MB
[runlim] sample:		30.0 time, 30.6 real, 158.5 MB
[runlim] sample:		40.0 time, 40.6 real, 180.4 MB
[runlim] sample:		50.0 time, 50.6 real, 206.4 MB
[runlim] sample:		60.0 time, 60.6 real, 257.6 MB
[runlim] sample:		69.4 time, 70.6 real, 290.3 MB
[runlim] sample:		78.3 time, 80.6 real, 303.5 MB
[runlim] sample:		87.3 time, 90.6 real, 303.7 MB
[runlim] sample:		96.2 time, 100.6 real, 305.8 MB
[runlim] sample:		105.1 time, 110.6 real, 308.6 MB
[runlim] sample:		114.1 time, 120.6 real, 310.7 MB
[runlim] sample:		123.0 time, 130.6 real, 310.7 MB
[runlim] sample:		132.8 time, 140.6 real, 313.8 MB
[runlim] sample:		142.8 time, 150.6 real, 313.8 MB
[runlim] sample:		152.8 time, 160.6 real, 314.0 MB
[runlim] sample:		162.8 time, 170.6 real, 314.0 MB
[runlim] sample:		172.8 time, 180.6 real, 314.5 MB
[runlim] sample:		182.4 time, 190.6 real, 314.5 MB
[runlim] sample:		191.7 time, 200.6 real, 329.4 MB
[runlim] sample:		200.9 time, 210.6 real, 329.4 MB
[runlim] end:			Fri Feb  8 20:10:53 2019
[runlim] status:		ok
[runlim] result:		0
[runlim] children:		0
[runlim] real:			215.79 seconds
[runlim] time:			205.96 seconds
[runlim] space:			329.4 MB
[runlim] samples:		2151
