[runlim] version:		1.10fixed
[runlim] time limit:		300 seconds
[runlim] real time limit:	311040000 seconds
[runlim] space limit:		4000 MB
[runlim] argv[0]:		./cvc4
[runlim] argv[1]:		/tmp/OTTIMmkg.smt2
[runlim] start:			Tue Jan 29 10:58:31 2019
[runlim] main pid:		25579
[runlim] sample:		8.7 time, 10.2 real, 72.1 MB
[runlim] sample:		17.3 time, 20.2 real, 92.8 MB
[runlim] sample:		26.0 time, 30.2 real, 97.2 MB
[runlim] sample:		35.7 time, 40.2 real, 104.6 MB
[runlim] sample:		44.6 time, 50.2 real, 112.8 MB
[runlim] sample:		54.6 time, 60.2 real, 116.4 MB
[runlim] sample:		64.6 time, 70.2 real, 147.2 MB
[runlim] sample:		74.5 time, 80.2 real, 149.0 MB
[runlim] sample:		83.4 time, 90.2 real, 147.8 MB
[runlim] sample:		92.8 time, 100.2 real, 147.8 MB
[runlim] sample:		102.1 time, 110.2 real, 147.8 MB
[runlim] sample:		111.5 time, 120.2 real, 148.8 MB
[runlim] sample:		121.1 time, 130.2 real, 149.1 MB
[runlim] sample:		130.7 time, 140.2 real, 151.4 MB
[runlim] sample:		140.7 time, 150.2 real, 151.7 MB
[runlim] sample:		150.7 time, 160.2 real, 152.7 MB
[runlim] sample:		160.7 time, 170.2 real, 153.5 MB
[runlim] sample:		170.7 time, 180.2 real, 154.2 MB
[runlim] sample:		180.7 time, 190.2 real, 154.2 MB
[runlim] sample:		190.7 time, 200.2 real, 154.5 MB
[runlim] sample:		200.7 time, 210.2 real, 154.5 MB
[runlim] sample:		210.5 time, 220.2 real, 155.0 MB
[runlim] sample:		219.8 time, 230.2 real, 155.5 MB
[runlim] sample:		229.8 time, 240.2 real, 155.5 MB
[runlim] sample:		239.0 time, 250.2 real, 157.0 MB
[runlim] sample:		249.0 time, 260.2 real, 157.0 MB
[runlim] sample:		259.0 time, 270.2 real, 157.3 MB
[runlim] sample:		269.0 time, 280.2 real, 157.8 MB
[runlim] sample:		279.0 time, 290.2 real, 157.8 MB
[runlim] sample:		289.0 time, 300.2 real, 160.4 MB
[runlim] sample:		298.4 time, 310.2 real, 160.4 MB
CVC4 interrupted by SIGTERM.
[runlim] end:			Tue Jan 29 11:03:42 2019
[runlim] status:		out of time
[runlim] result:		2
[runlim] children:		0
[runlim] real:			311.96 seconds
[runlim] time:			300.05 seconds
[runlim] space:			163.6 MB
[runlim] samples:		3117
