[runlim] version:		1.10fixed
[runlim] time limit:		1800 seconds
[runlim] real time limit:	311040000 seconds
[runlim] space limit:		4000 MB
[runlim] argv[0]:		./cvc4
[runlim] argv[1]:		/tmp/RGlU6Mb2.smt2
[runlim] start:			Fri Feb  8 20:07:42 2019
[runlim] main pid:		23921
[runlim] sample:		9.8 time, 10.5 real, 60.1 MB
[runlim] sample:		19.8 time, 20.5 real, 80.1 MB
[runlim] sample:		29.8 time, 30.5 real, 96.1 MB
[runlim] sample:		39.5 time, 40.5 real, 111.5 MB
[runlim] sample:		48.2 time, 50.5 real, 120.3 MB
[runlim] sample:		57.0 time, 60.5 real, 130.1 MB
[runlim] sample:		66.6 time, 70.5 real, 139.3 MB
[runlim] sample:		76.2 time, 80.5 real, 145.2 MB
[runlim] sample:		86.2 time, 90.5 real, 154.0 MB
[runlim] sample:		95.7 time, 100.5 real, 159.1 MB
[runlim] sample:		104.4 time, 110.5 real, 169.3 MB
[runlim] sample:		113.9 time, 120.5 real, 174.5 MB
[runlim] sample:		123.0 time, 130.5 real, 179.1 MB
[runlim] sample:		131.9 time, 140.5 real, 185.2 MB
[runlim] sample:		140.9 time, 150.5 real, 189.6 MB
[runlim] sample:		150.5 time, 160.5 real, 194.7 MB
[runlim] sample:		160.2 time, 170.5 real, 199.6 MB
[runlim] sample:		170.1 time, 180.5 real, 209.9 MB
[runlim] sample:		180.0 time, 190.5 real, 213.1 MB
[runlim] sample:		188.8 time, 200.5 real, 218.0 MB
[runlim] sample:		197.8 time, 210.5 real, 223.1 MB
[runlim] sample:		207.7 time, 220.5 real, 228.8 MB
[runlim] sample:		217.7 time, 230.5 real, 234.2 MB
[runlim] sample:		227.6 time, 240.5 real, 241.7 MB
[runlim] sample:		237.3 time, 250.5 real, 246.8 MB
[runlim] sample:		247.3 time, 260.5 real, 247.1 MB
[runlim] sample:		256.9 time, 270.5 real, 254.3 MB
[runlim] sample:		266.7 time, 280.5 real, 261.0 MB
[runlim] sample:		275.6 time, 290.5 real, 266.4 MB
[runlim] sample:		284.4 time, 300.5 real, 267.7 MB
[runlim] sample:		293.4 time, 310.5 real, 273.3 MB
[runlim] sample:		302.4 time, 320.5 real, 273.6 MB
[runlim] sample:		311.2 time, 330.5 real, 279.2 MB
[runlim] sample:		320.6 time, 340.5 real, 286.0 MB
[runlim] sample:		330.6 time, 350.5 real, 286.2 MB
[runlim] sample:		340.6 time, 360.5 real, 291.9 MB
[runlim] sample:		350.6 time, 370.5 real, 297.6 MB
[runlim] sample:		360.6 time, 380.5 real, 298.1 MB
[runlim] sample:		370.0 time, 390.5 real, 305.7 MB
[runlim] sample:		378.6 time, 400.5 real, 310.8 MB
[runlim] sample:		388.2 time, 410.5 real, 311.3 MB
[runlim] sample:		398.0 time, 420.5 real, 318.0 MB
[runlim] sample:		407.8 time, 430.5 real, 318.0 MB
[runlim] sample:		417.6 time, 440.5 real, 325.9 MB
[runlim] sample:		427.6 time, 450.5 real, 326.2 MB
[runlim] sample:		437.3 time, 460.5 real, 332.6 MB
[runlim] sample:		447.0 time, 470.5 real, 338.5 MB
[runlim] sample:		456.9 time, 480.5 real, 338.5 MB
[runlim] sample:		466.9 time, 490.5 real, 339.0 MB
[runlim] sample:		476.9 time, 500.5 real, 346.0 MB
[runlim] sample:		486.3 time, 510.5 real, 352.9 MB
[runlim] sample:		496.3 time, 520.5 real, 352.9 MB
[runlim] sample:		506.3 time, 530.5 real, 353.2 MB
[runlim] sample:		516.3 time, 540.5 real, 360.3 MB
[runlim] sample:		526.3 time, 550.5 real, 367.0 MB
[runlim] sample:		535.2 time, 560.5 real, 367.0 MB
[runlim] sample:		543.9 time, 570.5 real, 367.3 MB
[runlim] sample:		552.5 time, 580.5 real, 374.5 MB
[runlim] sample:		561.2 time, 590.5 real, 374.5 MB
[runlim] sample:		569.9 time, 600.5 real, 382.0 MB
[runlim] sample:		579.5 time, 610.5 real, 382.2 MB
[runlim] sample:		589.5 time, 620.5 real, 382.2 MB
[runlim] sample:		599.4 time, 630.5 real, 388.4 MB
[runlim] sample:		609.1 time, 640.5 real, 395.6 MB
[runlim] sample:		619.0 time, 650.5 real, 395.9 MB
[runlim] sample:		628.7 time, 660.5 real, 396.1 MB
[runlim] sample:		638.7 time, 670.5 real, 402.6 MB
[runlim] sample:		648.3 time, 680.5 real, 402.8 MB
[runlim] sample:		657.0 time, 690.5 real, 409.5 MB
[runlim] sample:		665.9 time, 700.5 real, 409.5 MB
[runlim] sample:		675.9 time, 710.5 real, 409.8 MB
[runlim] sample:		685.9 time, 720.5 real, 415.2 MB
[runlim] sample:		695.9 time, 730.5 real, 417.0 MB
[runlim] sample:		705.9 time, 740.5 real, 428.3 MB
[runlim] sample:		715.9 time, 750.5 real, 428.3 MB
[runlim] sample:		725.9 time, 760.5 real, 428.3 MB
[runlim] sample:		735.7 time, 770.5 real, 435.8 MB
[runlim] sample:		744.5 time, 780.5 real, 436.0 MB
[runlim] sample:		753.4 time, 790.5 real, 442.8 MB
[runlim] sample:		763.4 time, 800.5 real, 443.0 MB
[runlim] sample:		773.4 time, 810.5 real, 443.3 MB
[runlim] sample:		783.4 time, 820.5 real, 443.3 MB
[runlim] sample:		793.4 time, 830.5 real, 452.5 MB
[runlim] sample:		803.4 time, 840.5 real, 465.7 MB
[runlim] sample:		813.4 time, 850.5 real, 465.9 MB
[runlim] sample:		823.4 time, 860.5 real, 465.9 MB
[runlim] sample:		833.4 time, 870.5 real, 465.9 MB
[runlim] sample:		842.4 time, 880.5 real, 472.9 MB
[runlim] sample:		851.4 time, 890.5 real, 473.2 MB
[runlim] sample:		861.4 time, 900.5 real, 481.9 MB
[runlim] sample:		870.1 time, 910.5 real, 481.9 MB
[runlim] sample:		878.8 time, 920.5 real, 481.9 MB
[runlim] sample:		887.6 time, 930.5 real, 481.9 MB
[runlim] sample:		896.9 time, 940.5 real, 492.5 MB
[runlim] sample:		906.4 time, 950.5 real, 492.7 MB
[runlim] sample:		916.4 time, 960.5 real, 500.4 MB
[runlim] sample:		926.3 time, 970.5 real, 500.4 MB
[runlim] sample:		935.9 time, 980.5 real, 500.9 MB
[runlim] sample:		945.8 time, 990.5 real, 500.9 MB
[runlim] sample:		955.8 time, 1000.5 real, 508.4 MB
[runlim] sample:		965.5 time, 1010.5 real, 508.4 MB
[runlim] sample:		975.2 time, 1020.5 real, 515.8 MB
[runlim] sample:		984.9 time, 1030.5 real, 516.1 MB
[runlim] sample:		994.5 time, 1040.5 real, 516.4 MB
[runlim] sample:		1004.2 time, 1050.5 real, 516.4 MB
[runlim] sample:		1013.4 time, 1060.5 real, 517.4 MB
[runlim] sample:		1022.3 time, 1070.5 real, 526.4 MB
[runlim] sample:		1031.3 time, 1080.5 real, 526.7 MB
[runlim] sample:		1040.3 time, 1090.5 real, 534.4 MB
[runlim] sample:		1049.5 time, 1100.5 real, 534.4 MB
[runlim] sample:		1059.4 time, 1110.5 real, 534.9 MB
[runlim] sample:		1068.7 time, 1120.5 real, 534.9 MB
[runlim] sample:		1077.5 time, 1130.5 real, 540.8 MB
[runlim] sample:		1087.0 time, 1140.5 real, 542.6 MB
[runlim] sample:		1095.6 time, 1150.5 real, 543.9 MB
[runlim] sample:		1104.6 time, 1160.5 real, 551.4 MB
[runlim] sample:		1113.5 time, 1170.5 real, 551.4 MB
[runlim] sample:		1122.7 time, 1180.5 real, 551.6 MB
[runlim] sample:		1132.7 time, 1190.5 real, 551.6 MB
[runlim] sample:		1142.7 time, 1200.5 real, 552.4 MB
[runlim] sample:		1152.4 time, 1210.5 real, 559.6 MB
[runlim] sample:		1161.3 time, 1220.5 real, 559.6 MB
[runlim] sample:		1170.1 time, 1230.5 real, 567.8 MB
[runlim] sample:		1178.9 time, 1240.5 real, 568.1 MB
[runlim] sample:		1187.9 time, 1250.5 real, 568.1 MB
[runlim] sample:		1196.6 time, 1260.5 real, 568.3 MB
[runlim] sample:		1205.8 time, 1270.5 real, 568.3 MB
[runlim] sample:		1215.8 time, 1280.5 real, 576.1 MB
[runlim] sample:		1225.7 time, 1290.5 real, 576.1 MB
[runlim] sample:		1235.6 time, 1300.5 real, 582.5 MB
[runlim] sample:		1245.6 time, 1310.5 real, 584.6 MB
[runlim] sample:		1255.5 time, 1320.5 real, 584.6 MB
[runlim] sample:		1265.3 time, 1330.5 real, 584.8 MB
[runlim] sample:		1275.0 time, 1340.5 real, 584.8 MB
[runlim] sample:		1284.6 time, 1350.5 real, 593.2 MB
[runlim] sample:		1294.3 time, 1360.5 real, 593.5 MB
[runlim] sample:		1304.0 time, 1370.5 real, 593.5 MB
[runlim] sample:		1313.7 time, 1380.5 real, 600.7 MB
[runlim] sample:		1323.3 time, 1390.5 real, 600.7 MB
[runlim] sample:		1333.3 time, 1400.5 real, 600.9 MB
[runlim] sample:		1343.1 time, 1410.5 real, 600.9 MB
[runlim] sample:		1352.7 time, 1420.5 real, 600.9 MB
[runlim] sample:		1362.4 time, 1430.5 real, 610.5 MB
[runlim] sample:		1372.2 time, 1440.5 real, 610.5 MB
[runlim] sample:		1382.2 time, 1450.5 real, 617.7 MB
[runlim] sample:		1392.2 time, 1460.5 real, 620.0 MB
[runlim] sample:		1402.2 time, 1470.5 real, 620.3 MB
[runlim] sample:		1411.9 time, 1480.5 real, 620.3 MB
[runlim] sample:		1421.5 time, 1490.5 real, 620.3 MB
[runlim] sample:		1431.2 time, 1500.5 real, 620.3 MB
[runlim] sample:		1440.4 time, 1510.5 real, 628.2 MB
[runlim] sample:		1449.2 time, 1520.5 real, 628.5 MB
[runlim] sample:		1458.1 time, 1530.5 real, 628.5 MB
[runlim] sample:		1467.2 time, 1540.5 real, 638.0 MB
[runlim] sample:		1475.9 time, 1550.5 real, 638.3 MB
[runlim] sample:		1484.8 time, 1560.5 real, 638.3 MB
[runlim] sample:		1494.8 time, 1570.5 real, 638.6 MB
[runlim] sample:		1504.0 time, 1580.5 real, 638.6 MB
[runlim] sample:		1513.5 time, 1590.5 real, 638.6 MB
[runlim] sample:		1523.5 time, 1600.5 real, 646.8 MB
[runlim] sample:		1533.5 time, 1610.5 real, 647.0 MB
[runlim] sample:		1543.5 time, 1620.5 real, 647.0 MB
[runlim] sample:		1553.4 time, 1630.5 real, 655.8 MB
[runlim] sample:		1563.1 time, 1640.5 real, 655.8 MB
[runlim] sample:		1572.7 time, 1650.5 real, 655.8 MB
[runlim] sample:		1582.4 time, 1660.5 real, 655.8 MB
[runlim] sample:		1592.1 time, 1670.5 real, 655.8 MB
[runlim] sample:		1601.7 time, 1680.5 real, 655.8 MB
[runlim] sample:		1611.4 time, 1690.5 real, 668.8 MB
[runlim] sample:		1621.0 time, 1700.5 real, 668.8 MB
[runlim] sample:		1630.7 time, 1710.5 real, 668.8 MB
[runlim] sample:		1640.5 time, 1720.5 real, 678.9 MB
[runlim] sample:		1650.5 time, 1730.5 real, 678.9 MB
[runlim] sample:		1660.5 time, 1740.5 real, 678.9 MB
[runlim] sample:		1670.2 time, 1750.5 real, 678.9 MB
[runlim] sample:		1679.8 time, 1760.5 real, 678.9 MB
[runlim] sample:		1689.5 time, 1770.5 real, 678.9 MB
[runlim] sample:		1698.5 time, 1780.5 real, 688.1 MB
[runlim] sample:		1707.9 time, 1790.5 real, 688.4 MB
[runlim] sample:		1717.9 time, 1800.5 real, 688.4 MB
[runlim] sample:		1727.0 time, 1810.5 real, 697.4 MB
[runlim] sample:		1735.9 time, 1820.5 real, 697.4 MB
[runlim] sample:		1745.6 time, 1830.5 real, 697.4 MB
[runlim] sample:		1755.1 time, 1840.5 real, 697.7 MB
[runlim] sample:		1765.0 time, 1850.5 real, 697.7 MB
[runlim] sample:		1774.4 time, 1860.5 real, 697.7 MB
[runlim] sample:		1784.4 time, 1870.5 real, 709.5 MB
[runlim] sample:		1793.8 time, 1880.5 real, 709.7 MB
CVC4 interrupted by SIGTERM.
[runlim] end:			Fri Feb  8 20:39:09 2019
[runlim] status:		out of time
[runlim] result:		2
[runlim] children:		0
[runlim] real:			1887.19 seconds
[runlim] time:			1800.04 seconds
[runlim] space:			709.7 MB
[runlim] samples:		18866
