[runlim] version:		1.10fixed
[runlim] time limit:		1800 seconds
[runlim] real time limit:	311040000 seconds
[runlim] space limit:		4000 MB
[runlim] argv[0]:		./cvc4
[runlim] argv[1]:		/tmp/MK8QhlRr.smt2
[runlim] start:			Sun Feb  3 10:30:30 2019
[runlim] main pid:		8270
[runlim] sample:		8.1 time, 10.5 real, 53.7 MB
[runlim] sample:		16.3 time, 20.5 real, 57.1 MB
[runlim] sample:		25.1 time, 30.5 real, 68.2 MB
[runlim] sample:		35.1 time, 40.5 real, 73.0 MB
[runlim] end:			Sun Feb  3 10:31:14 2019
[runlim] status:		ok
[runlim] result:		0
[runlim] children:		0
[runlim] real:			44.73 seconds
[runlim] time:			39.17 seconds
[runlim] space:			74.7 MB
[runlim] samples:		441
