[runlim] version:		1.10fixed
[runlim] time limit:		1800 seconds
[runlim] real time limit:	311040000 seconds
[runlim] space limit:		4000 MB
[runlim] argv[0]:		./cvc4
[runlim] argv[1]:		/tmp/GVnu1kU1.smt2
[runlim] start:			Sat Feb  9 18:25:29 2019
[runlim] main pid:		24428
[runlim] sample:		9.7 time, 10.2 real, 44.7 MB
[runlim] sample:		19.2 time, 20.2 real, 59.4 MB
[runlim] sample:		27.6 time, 30.2 real, 63.3 MB
[runlim] sample:		37.6 time, 40.2 real, 66.5 MB
[runlim] end:			Sat Feb  9 18:26:12 2019
[runlim] status:		ok
[runlim] result:		0
[runlim] children:		0
[runlim] real:			43.94 seconds
[runlim] time:			41.34 seconds
[runlim] space:			67.3 MB
[runlim] samples:		437
