[runlim] version:		1.10fixed
[runlim] time limit:		1800 seconds
[runlim] real time limit:	311040000 seconds
[runlim] space limit:		4000 MB
[runlim] argv[0]:		./cvc4
[runlim] argv[1]:		/tmp/lQ25Fv03.smt2
[runlim] start:			Sun Feb  3 11:06:24 2019
[runlim] main pid:		8729
[runlim] sample:		10.0 time, 10.1 real, 57.1 MB
[runlim] sample:		20.0 time, 20.1 real, 70.0 MB
[runlim] sample:		30.0 time, 30.1 real, 84.1 MB
[runlim] sample:		40.0 time, 40.1 real, 94.3 MB
[runlim] sample:		50.0 time, 50.1 real, 101.5 MB
[runlim] sample:		60.0 time, 60.1 real, 108.5 MB
[runlim] sample:		70.0 time, 70.1 real, 116.9 MB
[runlim] sample:		80.0 time, 80.1 real, 124.4 MB
[runlim] sample:		90.0 time, 90.1 real, 132.6 MB
[runlim] sample:		100.0 time, 100.1 real, 137.5 MB
[runlim] sample:		110.0 time, 110.1 real, 146.0 MB
[runlim] sample:		120.0 time, 120.1 real, 150.8 MB
[runlim] sample:		130.0 time, 130.1 real, 158.7 MB
[runlim] sample:		140.0 time, 140.1 real, 163.8 MB
[runlim] sample:		150.0 time, 150.1 real, 168.0 MB
[runlim] sample:		160.0 time, 160.1 real, 172.3 MB
[runlim] sample:		170.0 time, 170.1 real, 176.7 MB
[runlim] sample:		180.0 time, 180.1 real, 180.8 MB
[runlim] sample:		190.0 time, 190.1 real, 191.1 MB
[runlim] sample:		200.0 time, 200.1 real, 194.5 MB
[runlim] sample:		210.0 time, 210.1 real, 199.6 MB
[runlim] sample:		220.0 time, 220.1 real, 200.4 MB
[runlim] sample:		230.0 time, 230.1 real, 208.9 MB
[runlim] sample:		240.0 time, 240.1 real, 209.7 MB
[runlim] sample:		250.0 time, 250.1 real, 214.3 MB
[runlim] sample:		260.0 time, 260.1 real, 221.1 MB
[runlim] sample:		270.0 time, 270.1 real, 226.2 MB
[runlim] sample:		280.0 time, 280.1 real, 230.4 MB
[runlim] sample:		290.0 time, 290.1 real, 236.0 MB
[runlim] sample:		300.0 time, 300.1 real, 243.0 MB
[runlim] sample:		310.0 time, 310.1 real, 243.8 MB
[runlim] sample:		320.0 time, 320.1 real, 250.6 MB
[runlim] sample:		330.0 time, 330.1 real, 255.8 MB
[runlim] sample:		340.0 time, 340.1 real, 255.8 MB
[runlim] sample:		350.0 time, 350.1 real, 261.2 MB
[runlim] sample:		360.0 time, 360.1 real, 266.3 MB
[runlim] sample:		370.0 time, 370.1 real, 271.0 MB
[runlim] sample:		380.0 time, 380.1 real, 271.5 MB
[runlim] sample:		390.0 time, 390.1 real, 277.6 MB
[runlim] sample:		400.0 time, 400.1 real, 282.5 MB
[runlim] sample:		410.0 time, 410.1 real, 287.7 MB
[runlim] sample:		420.0 time, 420.1 real, 288.4 MB
[runlim] sample:		430.0 time, 430.1 real, 293.6 MB
[runlim] sample:		440.0 time, 440.1 real, 293.8 MB
[runlim] sample:		450.0 time, 450.1 real, 299.0 MB
[runlim] sample:		460.0 time, 460.1 real, 299.2 MB
[runlim] sample:		470.0 time, 470.1 real, 306.5 MB
[runlim] sample:		480.0 time, 480.1 real, 310.1 MB
[runlim] sample:		490.0 time, 490.1 real, 310.1 MB
[runlim] sample:		500.0 time, 500.1 real, 315.8 MB
[runlim] sample:		510.0 time, 510.1 real, 320.2 MB
[runlim] sample:		520.0 time, 520.1 real, 323.0 MB
[runlim] sample:		530.0 time, 530.1 real, 323.2 MB
[runlim] sample:		540.0 time, 540.1 real, 330.7 MB
[runlim] sample:		550.0 time, 550.1 real, 336.9 MB
[runlim] sample:		560.0 time, 560.1 real, 336.9 MB
[runlim] sample:		570.0 time, 570.1 real, 343.6 MB
[runlim] sample:		580.0 time, 580.1 real, 343.8 MB
[runlim] sample:		590.0 time, 590.1 real, 349.2 MB
[runlim] sample:		600.0 time, 600.1 real, 349.5 MB
[runlim] sample:		610.0 time, 610.1 real, 354.4 MB
[runlim] sample:		620.0 time, 620.1 real, 355.4 MB
[runlim] sample:		630.0 time, 630.1 real, 361.1 MB
[runlim] sample:		640.0 time, 640.1 real, 361.3 MB
[runlim] sample:		650.0 time, 650.1 real, 366.8 MB
[runlim] sample:		660.0 time, 660.1 real, 367.3 MB
[runlim] sample:		670.0 time, 670.1 real, 372.9 MB
[runlim] sample:		680.0 time, 680.1 real, 373.2 MB
[runlim] sample:		690.0 time, 690.1 real, 377.3 MB
[runlim] sample:		700.0 time, 700.1 real, 379.1 MB
[runlim] sample:		710.0 time, 710.1 real, 385.0 MB
[runlim] sample:		720.0 time, 720.1 real, 385.3 MB
[runlim] sample:		730.0 time, 730.1 real, 385.3 MB
[runlim] sample:		740.0 time, 740.1 real, 391.7 MB
[runlim] sample:		750.0 time, 750.1 real, 396.9 MB
[runlim] sample:		760.0 time, 760.1 real, 397.9 MB
[runlim] sample:		770.0 time, 770.1 real, 398.2 MB
[runlim] sample:		780.0 time, 780.1 real, 403.1 MB
[runlim] sample:		790.0 time, 790.1 real, 404.3 MB
[runlim] sample:		800.0 time, 800.1 real, 410.5 MB
[runlim] sample:		810.0 time, 810.1 real, 410.5 MB
[runlim] sample:		820.0 time, 820.1 real, 410.5 MB
[runlim] sample:		830.0 time, 830.1 real, 419.3 MB
[runlim] sample:		840.0 time, 840.1 real, 419.3 MB
[runlim] sample:		850.0 time, 850.1 real, 430.1 MB
[runlim] sample:		860.0 time, 860.1 real, 430.4 MB
[runlim] sample:		870.0 time, 870.1 real, 430.4 MB
[runlim] sample:		880.0 time, 880.1 real, 436.8 MB
[runlim] sample:		890.0 time, 890.1 real, 436.8 MB
[runlim] sample:		900.0 time, 900.1 real, 443.2 MB
[runlim] sample:		910.0 time, 910.1 real, 443.2 MB
[runlim] sample:		920.0 time, 920.1 real, 443.5 MB
[runlim] sample:		930.0 time, 930.1 real, 448.6 MB
[runlim] sample:		940.0 time, 940.1 real, 450.2 MB
[runlim] sample:		950.0 time, 950.1 real, 457.1 MB
[runlim] sample:		960.0 time, 960.1 real, 457.1 MB
[runlim] sample:		970.0 time, 970.1 real, 457.1 MB
[runlim] sample:		980.0 time, 980.1 real, 457.4 MB
[runlim] sample:		990.0 time, 990.1 real, 470.5 MB
[runlim] sample:		1000.0 time, 1000.1 real, 470.8 MB
[runlim] sample:		1010.0 time, 1010.1 real, 477.2 MB
[runlim] sample:		1020.0 time, 1020.1 real, 477.7 MB
[runlim] sample:		1030.0 time, 1030.1 real, 477.7 MB
[runlim] sample:		1040.0 time, 1040.1 real, 486.0 MB
[runlim] sample:		1050.0 time, 1050.1 real, 486.8 MB
[runlim] sample:		1060.0 time, 1060.1 real, 494.2 MB
[runlim] sample:		1070.0 time, 1070.1 real, 495.8 MB
[runlim] sample:		1080.0 time, 1080.1 real, 495.8 MB
[runlim] sample:		1090.0 time, 1090.1 real, 495.8 MB
[runlim] sample:		1100.0 time, 1100.1 real, 502.5 MB
[runlim] sample:		1110.0 time, 1110.1 real, 502.5 MB
[runlim] sample:		1120.0 time, 1120.1 real, 509.2 MB
[runlim] sample:		1130.0 time, 1130.1 real, 509.2 MB
[runlim] sample:		1140.0 time, 1140.1 real, 509.2 MB
[runlim] sample:		1150.0 time, 1150.1 real, 509.4 MB
[runlim] sample:		1160.0 time, 1160.1 real, 516.4 MB
[runlim] sample:		1170.0 time, 1170.1 real, 516.6 MB
[runlim] sample:		1180.0 time, 1180.1 real, 524.1 MB
[runlim] sample:		1190.0 time, 1190.1 real, 524.1 MB
[runlim] sample:		1200.0 time, 1200.1 real, 524.1 MB
[runlim] sample:		1210.0 time, 1210.1 real, 529.0 MB
[runlim] sample:		1220.0 time, 1220.1 real, 531.1 MB
[runlim] sample:		1230.0 time, 1230.1 real, 531.1 MB
[runlim] sample:		1240.0 time, 1240.1 real, 538.3 MB
[runlim] sample:		1250.0 time, 1250.1 real, 538.3 MB
[runlim] sample:		1260.0 time, 1260.1 real, 538.6 MB
[runlim] sample:		1270.0 time, 1270.1 real, 538.6 MB
[runlim] sample:		1280.0 time, 1280.1 real, 545.5 MB
[runlim] sample:		1290.0 time, 1290.1 real, 545.8 MB
[runlim] sample:		1300.0 time, 1300.1 real, 552.4 MB
[runlim] sample:		1310.0 time, 1310.1 real, 552.4 MB
[runlim] sample:		1320.0 time, 1320.1 real, 553.2 MB
[runlim] sample:		1330.0 time, 1330.1 real, 553.2 MB
[runlim] sample:		1340.0 time, 1340.1 real, 560.2 MB
[runlim] sample:		1350.0 time, 1350.1 real, 560.2 MB
[runlim] sample:		1360.0 time, 1360.1 real, 567.1 MB
[runlim] sample:		1370.0 time, 1370.1 real, 567.1 MB
[runlim] sample:		1380.0 time, 1380.1 real, 567.4 MB
[runlim] sample:		1390.0 time, 1390.1 real, 567.4 MB
[runlim] sample:		1400.0 time, 1400.1 real, 567.4 MB
[runlim] sample:		1410.0 time, 1410.1 real, 577.9 MB
[runlim] sample:		1420.0 time, 1420.1 real, 578.2 MB
[runlim] sample:		1430.0 time, 1430.1 real, 584.4 MB
[runlim] sample:		1440.0 time, 1440.1 real, 584.4 MB
[runlim] sample:		1450.0 time, 1450.1 real, 584.6 MB
[runlim] sample:		1460.0 time, 1460.1 real, 584.6 MB
[runlim] sample:		1470.0 time, 1470.1 real, 589.8 MB
[runlim] sample:		1480.0 time, 1480.1 real, 591.1 MB
[runlim] sample:		1490.0 time, 1490.1 real, 591.3 MB
[runlim] sample:		1500.0 time, 1500.1 real, 604.5 MB
[runlim] sample:		1510.0 time, 1510.1 real, 604.5 MB
[runlim] sample:		1520.0 time, 1520.1 real, 604.5 MB
[runlim] sample:		1530.0 time, 1530.1 real, 604.5 MB
[runlim] sample:		1540.0 time, 1540.1 real, 608.9 MB
[runlim] sample:		1550.0 time, 1550.1 real, 610.2 MB
[runlim] sample:		1560.0 time, 1560.1 real, 610.4 MB
[runlim] sample:		1570.0 time, 1570.1 real, 619.4 MB
[runlim] sample:		1580.0 time, 1580.1 real, 619.4 MB
[runlim] sample:		1590.0 time, 1590.1 real, 619.4 MB
[runlim] sample:		1600.0 time, 1600.1 real, 619.4 MB
[runlim] sample:		1610.0 time, 1610.1 real, 619.7 MB
[runlim] sample:		1620.0 time, 1620.1 real, 627.9 MB
[runlim] sample:		1630.0 time, 1630.1 real, 627.9 MB
[runlim] sample:		1640.0 time, 1640.1 real, 635.4 MB
[runlim] sample:		1650.0 time, 1650.1 real, 635.7 MB
[runlim] sample:		1660.0 time, 1660.1 real, 635.7 MB
[runlim] sample:		1670.0 time, 1670.1 real, 635.7 MB
[runlim] sample:		1680.0 time, 1680.1 real, 635.7 MB
[runlim] sample:		1690.0 time, 1690.1 real, 643.9 MB
[runlim] sample:		1700.0 time, 1700.1 real, 643.9 MB
[runlim] sample:		1710.0 time, 1710.1 real, 643.9 MB
[runlim] sample:		1720.0 time, 1720.1 real, 651.6 MB
[runlim] sample:		1730.0 time, 1730.1 real, 651.6 MB
[runlim] sample:		1740.0 time, 1740.1 real, 651.6 MB
[runlim] sample:		1750.0 time, 1750.1 real, 651.9 MB
[runlim] sample:		1760.0 time, 1760.1 real, 651.9 MB
[runlim] sample:		1770.0 time, 1770.1 real, 659.3 MB
[runlim] sample:		1780.0 time, 1780.1 real, 659.6 MB
[runlim] sample:		1790.0 time, 1790.1 real, 659.9 MB
[runlim] sample:		1800.0 time, 1800.1 real, 671.6 MB
CVC4 interrupted by SIGTERM.
[runlim] end:			Sun Feb  3 11:36:24 2019
[runlim] status:		out of time
[runlim] result:		2
[runlim] children:		0
[runlim] real:			1800.20 seconds
[runlim] time:			1800.10 seconds
[runlim] space:			671.6 MB
[runlim] samples:		18001
