[runlim] version:		1.10fixed
[runlim] time limit:		300 seconds
[runlim] real time limit:	311040000 seconds
[runlim] space limit:		4000 MB
[runlim] argv[0]:		./cvc4
[runlim] argv[1]:		/tmp/NcoUkaOR.smt2
[runlim] start:			Tue Jan 29 11:08:29 2019
[runlim] main pid:		18430
[runlim] sample:		9.9 time, 10.3 real, 94.8 MB
[runlim] sample:		19.9 time, 20.3 real, 141.5 MB
[runlim] sample:		29.9 time, 30.3 real, 181.7 MB
[runlim] sample:		39.9 time, 40.3 real, 216.4 MB
[runlim] sample:		49.9 time, 50.3 real, 254.5 MB
[runlim] sample:		59.9 time, 60.3 real, 283.8 MB
[runlim] sample:		69.9 time, 70.3 real, 313.2 MB
[runlim] sample:		79.9 time, 80.3 real, 323.5 MB
[runlim] sample:		89.9 time, 90.3 real, 323.5 MB
[runlim] sample:		99.9 time, 100.3 real, 323.5 MB
[runlim] sample:		109.9 time, 110.3 real, 343.5 MB
[runlim] sample:		119.9 time, 120.3 real, 343.8 MB
[runlim] sample:		129.9 time, 130.3 real, 344.0 MB
[runlim] sample:		139.9 time, 140.3 real, 344.0 MB
[runlim] sample:		149.9 time, 150.3 real, 356.4 MB
[runlim] sample:		159.9 time, 160.3 real, 356.6 MB
[runlim] sample:		169.9 time, 170.3 real, 356.6 MB
[runlim] sample:		179.9 time, 180.3 real, 357.1 MB
[runlim] sample:		189.9 time, 190.3 real, 357.9 MB
[runlim] sample:		199.9 time, 200.3 real, 358.1 MB
[runlim] sample:		209.9 time, 210.3 real, 358.1 MB
[runlim] sample:		219.9 time, 220.3 real, 368.6 MB
[runlim] sample:		229.9 time, 230.3 real, 368.8 MB
[runlim] sample:		239.9 time, 240.3 real, 368.8 MB
[runlim] sample:		249.9 time, 250.3 real, 369.1 MB
[runlim] sample:		259.9 time, 260.3 real, 369.3 MB
[runlim] sample:		269.9 time, 270.3 real, 369.6 MB
[runlim] sample:		279.9 time, 280.3 real, 369.6 MB
[runlim] sample:		289.9 time, 290.3 real, 369.6 MB
[runlim] sample:		299.9 time, 300.3 real, 384.0 MB
CVC4 interrupted by SIGTERM.
[runlim] end:			Tue Jan 29 11:13:29 2019
[runlim] status:		out of time
[runlim] result:		2
[runlim] children:		0
[runlim] real:			300.57 seconds
[runlim] time:			300.09 seconds
[runlim] space:			384.0 MB
[runlim] samples:		3002
