[runlim] version:		1.10fixed
[runlim] time limit:		1800 seconds
[runlim] real time limit:	311040000 seconds
[runlim] space limit:		4000 MB
[runlim] argv[0]:		./cvc4
[runlim] argv[1]:		/tmp/n8N1dNm1.smt2
[runlim] start:			Sat Feb  9 19:27:15 2019
[runlim] main pid:		24175
[runlim] sample:		8.5 time, 10.4 real, 53.8 MB
[runlim] sample:		18.2 time, 20.4 real, 66.1 MB
[runlim] sample:		28.2 time, 30.4 real, 75.9 MB
[runlim] sample:		37.9 time, 40.4 real, 79.9 MB
[runlim] sample:		47.6 time, 50.4 real, 84.7 MB
[runlim] sample:		56.2 time, 60.4 real, 89.6 MB
[runlim] sample:		65.3 time, 70.4 real, 94.2 MB
[runlim] sample:		75.3 time, 80.4 real, 97.2 MB
[runlim] sample:		85.3 time, 90.4 real, 101.0 MB
[runlim] sample:		95.3 time, 100.4 real, 104.4 MB
[runlim] sample:		105.3 time, 110.4 real, 107.1 MB
[runlim] sample:		115.3 time, 120.4 real, 108.4 MB
[runlim] sample:		125.3 time, 130.4 real, 110.4 MB
[runlim] sample:		135.3 time, 140.4 real, 112.2 MB
[runlim] sample:		145.3 time, 150.4 real, 114.0 MB
[runlim] sample:		155.3 time, 160.4 real, 116.4 MB
[runlim] sample:		165.0 time, 170.4 real, 118.5 MB
[runlim] sample:		175.0 time, 180.4 real, 121.6 MB
[runlim] sample:		185.0 time, 190.4 real, 122.6 MB
[runlim] sample:		194.9 time, 200.4 real, 125.7 MB
[runlim] sample:		204.3 time, 210.4 real, 128.1 MB
[runlim] sample:		213.7 time, 220.4 real, 129.4 MB
[runlim] sample:		223.4 time, 230.4 real, 129.4 MB
[runlim] sample:		233.4 time, 240.4 real, 131.5 MB
[runlim] sample:		243.4 time, 250.4 real, 134.0 MB
[runlim] sample:		253.4 time, 260.4 real, 135.6 MB
[runlim] sample:		263.3 time, 270.4 real, 135.6 MB
[runlim] sample:		273.3 time, 280.4 real, 137.4 MB
[runlim] sample:		283.3 time, 290.4 real, 139.4 MB
[runlim] sample:		293.3 time, 300.4 real, 139.4 MB
[runlim] sample:		302.5 time, 310.4 real, 141.3 MB
[runlim] sample:		311.3 time, 320.4 real, 141.3 MB
[runlim] sample:		320.1 time, 330.4 real, 143.1 MB
[runlim] sample:		329.6 time, 340.4 real, 145.9 MB
[runlim] sample:		339.6 time, 350.4 real, 145.9 MB
[runlim] sample:		349.6 time, 360.4 real, 147.0 MB
[runlim] sample:		358.9 time, 370.4 real, 147.0 MB
[runlim] sample:		367.5 time, 380.4 real, 148.8 MB
[runlim] sample:		377.4 time, 390.4 real, 148.8 MB
[runlim] sample:		387.1 time, 400.4 real, 151.3 MB
[runlim] sample:		397.0 time, 410.4 real, 151.3 MB
[runlim] sample:		406.6 time, 420.4 real, 152.4 MB
[runlim] sample:		416.3 time, 430.4 real, 152.4 MB
[runlim] sample:		425.9 time, 440.4 real, 154.2 MB
[runlim] sample:		435.6 time, 450.4 real, 154.2 MB
[runlim] sample:		445.4 time, 460.4 real, 156.2 MB
[runlim] sample:		455.4 time, 470.4 real, 156.2 MB
[runlim] sample:		464.5 time, 480.4 real, 156.2 MB
[runlim] sample:		472.8 time, 490.4 real, 158.0 MB
[runlim] sample:		482.3 time, 500.4 real, 158.0 MB
[runlim] sample:		491.8 time, 510.4 real, 159.9 MB
[runlim] sample:		500.8 time, 520.4 real, 159.9 MB
[runlim] sample:		509.6 time, 530.4 real, 161.9 MB
[runlim] sample:		518.1 time, 540.4 real, 161.9 MB
[runlim] sample:		527.7 time, 550.4 real, 161.9 MB
[runlim] sample:		537.7 time, 560.4 real, 163.7 MB
[runlim] sample:		547.7 time, 570.4 real, 163.7 MB
[runlim] sample:		557.7 time, 580.4 real, 165.8 MB
[runlim] sample:		567.7 time, 590.4 real, 165.8 MB
[runlim] sample:		577.7 time, 600.4 real, 167.8 MB
[runlim] sample:		587.7 time, 610.4 real, 167.8 MB
[runlim] sample:		597.7 time, 620.4 real, 167.8 MB
[runlim] sample:		607.6 time, 630.4 real, 169.6 MB
[runlim] sample:		617.6 time, 640.4 real, 169.6 MB
[runlim] sample:		627.6 time, 650.4 real, 173.5 MB
[runlim] sample:		637.3 time, 660.4 real, 173.5 MB
[runlim] sample:		646.6 time, 670.4 real, 173.5 MB
[runlim] sample:		655.3 time, 680.4 real, 174.8 MB
[runlim] sample:		664.8 time, 690.4 real, 174.8 MB
[runlim] sample:		674.8 time, 700.4 real, 174.8 MB
[runlim] sample:		684.6 time, 710.4 real, 176.6 MB
[runlim] sample:		694.5 time, 720.4 real, 176.6 MB
[runlim] sample:		704.2 time, 730.4 real, 176.6 MB
[runlim] sample:		714.2 time, 740.4 real, 178.6 MB
[runlim] sample:		724.2 time, 750.4 real, 178.6 MB
[runlim] sample:		734.2 time, 760.4 real, 178.6 MB
[runlim] sample:		743.8 time, 770.4 real, 180.5 MB
[runlim] sample:		753.8 time, 780.4 real, 180.5 MB
[runlim] sample:		763.8 time, 790.4 real, 180.5 MB
[runlim] sample:		773.8 time, 800.4 real, 182.3 MB
[runlim] sample:		783.8 time, 810.4 real, 182.3 MB
[runlim] sample:		793.8 time, 820.4 real, 182.3 MB
[runlim] sample:		803.8 time, 830.4 real, 184.3 MB
[runlim] sample:		813.8 time, 840.4 real, 184.3 MB
[runlim] sample:		823.8 time, 850.4 real, 184.3 MB
[runlim] sample:		833.6 time, 860.4 real, 188.2 MB
[runlim] sample:		843.0 time, 870.4 real, 188.2 MB
[runlim] sample:		852.3 time, 880.4 real, 188.2 MB
[runlim] sample:		861.1 time, 890.4 real, 191.5 MB
[runlim] sample:		869.1 time, 900.4 real, 191.5 MB
[runlim] sample:		877.0 time, 910.4 real, 191.5 MB
[runlim] sample:		884.9 time, 920.4 real, 191.5 MB
[runlim] sample:		892.8 time, 930.4 real, 192.6 MB
[runlim] sample:		900.8 time, 940.4 real, 192.6 MB
[runlim] sample:		909.7 time, 950.4 real, 192.6 MB
[runlim] sample:		919.7 time, 960.4 real, 192.6 MB
[runlim] sample:		929.5 time, 970.4 real, 194.6 MB
[runlim] sample:		937.0 time, 980.4 real, 194.6 MB
[runlim] sample:		944.9 time, 990.4 real, 194.6 MB
[runlim] sample:		954.9 time, 1000.4 real, 194.6 MB
[runlim] sample:		964.9 time, 1010.4 real, 196.4 MB
[runlim] sample:		974.9 time, 1020.4 real, 196.4 MB
[runlim] sample:		984.9 time, 1030.4 real, 196.4 MB
[runlim] sample:		994.9 time, 1040.4 real, 196.4 MB
[runlim] sample:		1004.9 time, 1050.4 real, 198.5 MB
[runlim] sample:		1014.9 time, 1060.4 real, 198.5 MB
[runlim] sample:		1024.9 time, 1070.4 real, 198.5 MB
[runlim] sample:		1034.9 time, 1080.4 real, 198.5 MB
[runlim] sample:		1044.9 time, 1090.4 real, 200.5 MB
[runlim] sample:		1054.7 time, 1100.4 real, 200.5 MB
[runlim] sample:		1064.4 time, 1110.4 real, 200.5 MB
[runlim] sample:		1074.2 time, 1120.4 real, 200.5 MB
[runlim] sample:		1083.9 time, 1130.4 real, 202.3 MB
[runlim] sample:		1093.6 time, 1140.4 real, 202.3 MB
[runlim] sample:		1103.3 time, 1150.4 real, 202.3 MB
[runlim] sample:		1112.9 time, 1160.4 real, 202.3 MB
[runlim] sample:		1122.8 time, 1170.4 real, 203.9 MB
[runlim] sample:		1132.4 time, 1180.4 real, 203.9 MB
[runlim] sample:		1142.3 time, 1190.4 real, 203.9 MB
[runlim] sample:		1152.1 time, 1200.4 real, 203.9 MB
[runlim] sample:		1160.7 time, 1210.4 real, 207.0 MB
[runlim] sample:		1170.7 time, 1220.4 real, 207.0 MB
[runlim] sample:		1180.7 time, 1230.4 real, 207.0 MB
[runlim] sample:		1190.7 time, 1240.4 real, 207.0 MB
[runlim] sample:		1200.7 time, 1250.4 real, 209.0 MB
[runlim] sample:		1210.7 time, 1260.4 real, 209.0 MB
[runlim] sample:		1220.7 time, 1270.4 real, 209.0 MB
[runlim] sample:		1230.7 time, 1280.4 real, 209.0 MB
[runlim] sample:		1240.0 time, 1290.4 real, 209.8 MB
[runlim] sample:		1250.0 time, 1300.4 real, 209.8 MB
[runlim] sample:		1259.9 time, 1310.4 real, 209.8 MB
[runlim] sample:		1269.9 time, 1320.4 real, 209.8 MB
[runlim] sample:		1279.9 time, 1330.4 real, 212.7 MB
[runlim] sample:		1289.9 time, 1340.4 real, 212.7 MB
[runlim] sample:		1299.9 time, 1350.4 real, 212.7 MB
[runlim] sample:		1309.9 time, 1360.4 real, 212.7 MB
[runlim] sample:		1319.9 time, 1370.4 real, 212.7 MB
[runlim] sample:		1329.9 time, 1380.4 real, 215.0 MB
[runlim] sample:		1339.9 time, 1390.4 real, 215.0 MB
[runlim] sample:		1349.9 time, 1400.4 real, 215.0 MB
[runlim] sample:		1359.7 time, 1410.4 real, 215.0 MB
[runlim] sample:		1369.1 time, 1420.4 real, 216.5 MB
[runlim] sample:		1379.1 time, 1430.4 real, 216.5 MB
[runlim] sample:		1389.0 time, 1440.4 real, 216.5 MB
[runlim] sample:		1396.6 time, 1450.4 real, 216.5 MB
[runlim] sample:		1404.9 time, 1460.4 real, 216.5 MB
[runlim] sample:		1414.9 time, 1470.4 real, 218.6 MB
[runlim] sample:		1423.2 time, 1480.4 real, 218.6 MB
[runlim] sample:		1432.9 time, 1490.4 real, 218.6 MB
[runlim] sample:		1442.9 time, 1500.4 real, 218.6 MB
[runlim] sample:		1452.9 time, 1510.4 real, 218.6 MB
[runlim] sample:		1462.9 time, 1520.4 real, 220.4 MB
[runlim] sample:		1472.9 time, 1530.4 real, 220.4 MB
[runlim] sample:		1482.9 time, 1540.4 real, 220.4 MB
[runlim] sample:		1492.5 time, 1550.4 real, 220.4 MB
[runlim] sample:		1502.1 time, 1560.4 real, 220.4 MB
[runlim] sample:		1511.8 time, 1570.4 real, 222.2 MB
[runlim] sample:		1521.4 time, 1580.4 real, 222.2 MB
[runlim] sample:		1531.0 time, 1590.4 real, 222.2 MB
[runlim] sample:		1540.4 time, 1600.4 real, 222.2 MB
[runlim] sample:		1550.4 time, 1610.4 real, 222.2 MB
[runlim] sample:		1559.9 time, 1620.4 real, 224.3 MB
[runlim] sample:		1569.1 time, 1630.4 real, 224.3 MB
[runlim] sample:		1578.8 time, 1640.4 real, 224.3 MB
[runlim] sample:		1588.8 time, 1650.4 real, 224.3 MB
[runlim] sample:		1597.0 time, 1660.4 real, 224.3 MB
[runlim] sample:		1607.0 time, 1670.4 real, 229.0 MB
[runlim] sample:		1617.0 time, 1680.4 real, 229.0 MB
[runlim] sample:		1627.0 time, 1690.4 real, 229.0 MB
[runlim] sample:		1637.0 time, 1700.4 real, 229.0 MB
[runlim] sample:		1646.2 time, 1710.4 real, 229.0 MB
[runlim] sample:		1655.6 time, 1720.4 real, 229.5 MB
[runlim] sample:		1665.6 time, 1730.4 real, 229.5 MB
[runlim] sample:		1675.3 time, 1740.4 real, 229.5 MB
[runlim] sample:		1685.3 time, 1750.4 real, 229.5 MB
[runlim] sample:		1694.8 time, 1760.4 real, 229.5 MB
[runlim] sample:		1702.4 time, 1770.4 real, 231.0 MB
[runlim] sample:		1710.1 time, 1780.4 real, 231.0 MB
[runlim] sample:		1719.5 time, 1790.4 real, 231.0 MB
[runlim] sample:		1729.5 time, 1800.4 real, 231.0 MB
[runlim] sample:		1739.5 time, 1810.4 real, 231.0 MB
[runlim] sample:		1749.5 time, 1820.4 real, 231.0 MB
[runlim] sample:		1759.5 time, 1830.4 real, 233.1 MB
[runlim] sample:		1769.5 time, 1840.4 real, 233.1 MB
[runlim] sample:		1779.5 time, 1850.4 real, 233.1 MB
[runlim] sample:		1789.5 time, 1860.4 real, 233.1 MB
[runlim] end:			Sat Feb  9 19:58:20 2019
[runlim] status:		signal(9)
[runlim] result:		11
[runlim] children:		0
[runlim] real:			1865.98 seconds
[runlim] time:			1795.02 seconds
[runlim] space:			233.1 MB
[runlim] samples:		18655
