[runlim] version:		1.10fixed
[runlim] time limit:		1800 seconds
[runlim] real time limit:	311040000 seconds
[runlim] space limit:		4000 MB
[runlim] argv[0]:		./cvc4
[runlim] argv[1]:		/tmp/sBJE5xqD.smt2
[runlim] start:			Thu Jan 31 01:16:25 2019
[runlim] main pid:		18767
[runlim] sample:		9.5 time, 10.6 real, 55.7 MB
[runlim] sample:		19.3 time, 20.6 real, 66.8 MB
[runlim] sample:		29.0 time, 30.6 real, 72.2 MB
[runlim] sample:		38.7 time, 40.6 real, 78.7 MB
[runlim] sample:		48.3 time, 50.6 real, 84.6 MB
[runlim] sample:		58.0 time, 60.6 real, 87.9 MB
[runlim] sample:		67.7 time, 70.6 real, 89.7 MB
[runlim] sample:		77.3 time, 80.6 real, 93.6 MB
[runlim] sample:		87.0 time, 90.6 real, 97.4 MB
[runlim] sample:		96.7 time, 100.6 real, 99.2 MB
[runlim] sample:		106.3 time, 110.6 real, 101.3 MB
[runlim] sample:		116.0 time, 120.6 real, 104.6 MB
[runlim] sample:		125.7 time, 130.6 real, 107.3 MB
[runlim] sample:		135.3 time, 140.6 real, 109.1 MB
[runlim] sample:		144.9 time, 150.6 real, 110.9 MB
[runlim] sample:		153.0 time, 160.6 real, 112.4 MB
[runlim] sample:		161.8 time, 170.6 real, 114.8 MB
[runlim] sample:		170.0 time, 180.6 real, 116.1 MB
[runlim] sample:		178.0 time, 190.6 real, 116.1 MB
[runlim] sample:		186.4 time, 200.6 real, 117.9 MB
[runlim] sample:		196.1 time, 210.6 real, 120.0 MB
[runlim] sample:		205.8 time, 220.6 real, 121.8 MB
[runlim] sample:		215.5 time, 230.6 real, 123.3 MB
[runlim] sample:		225.1 time, 240.6 real, 123.3 MB
[runlim] sample:		234.8 time, 250.6 real, 125.7 MB
[runlim] sample:		244.5 time, 260.6 real, 128.5 MB
[runlim] sample:		254.2 time, 270.6 real, 130.3 MB
[runlim] sample:		263.4 time, 280.6 real, 130.3 MB
[runlim] sample:		271.4 time, 290.6 real, 132.4 MB
[runlim] sample:		279.5 time, 300.6 real, 132.4 MB
[runlim] sample:		289.5 time, 310.6 real, 135.4 MB
[runlim] sample:		298.1 time, 320.6 real, 136.6 MB
[runlim] sample:		306.3 time, 330.6 real, 136.6 MB
[runlim] sample:		316.1 time, 340.6 real, 138.4 MB
[runlim] sample:		324.8 time, 350.6 real, 138.4 MB
[runlim] sample:		332.8 time, 360.6 real, 140.2 MB
[runlim] sample:		342.0 time, 370.6 real, 140.2 MB
[runlim] sample:		352.0 time, 380.6 real, 142.8 MB
[runlim] sample:		362.0 time, 390.6 real, 144.4 MB
[runlim] sample:		372.0 time, 400.6 real, 144.4 MB
[runlim] sample:		382.0 time, 410.6 real, 147.8 MB
[runlim] sample:		392.0 time, 420.6 real, 147.8 MB
[runlim] sample:		402.0 time, 430.6 real, 148.8 MB
[runlim] sample:		412.0 time, 440.6 real, 148.8 MB
[runlim] sample:		422.0 time, 450.6 real, 150.6 MB
[runlim] sample:		431.6 time, 460.6 real, 150.6 MB
[runlim] sample:		440.2 time, 470.6 real, 151.9 MB
[runlim] sample:		448.9 time, 480.6 real, 151.9 MB
[runlim] sample:		456.9 time, 490.6 real, 153.4 MB
[runlim] sample:		466.1 time, 500.6 real, 153.4 MB
[runlim] sample:		476.1 time, 510.6 real, 153.4 MB
[runlim] sample:		484.5 time, 520.6 real, 155.2 MB
[runlim] sample:		494.2 time, 530.6 real, 155.2 MB
[runlim] sample:		504.2 time, 540.6 real, 157.0 MB
[runlim] sample:		514.2 time, 550.6 real, 157.0 MB
[runlim] sample:		523.5 time, 560.6 real, 158.8 MB
[runlim] sample:		533.2 time, 570.6 real, 158.8 MB
[runlim] sample:		543.2 time, 580.6 real, 158.8 MB
[runlim] sample:		553.2 time, 590.6 real, 160.6 MB
[runlim] sample:		563.2 time, 600.6 real, 160.6 MB
[runlim] sample:		572.9 time, 610.6 real, 162.4 MB
[runlim] sample:		582.5 time, 620.6 real, 162.4 MB
[runlim] sample:		592.2 time, 630.6 real, 164.2 MB
[runlim] sample:		601.9 time, 640.6 real, 164.2 MB
[runlim] sample:		611.5 time, 650.6 real, 164.2 MB
[runlim] sample:		621.2 time, 660.6 real, 165.8 MB
[runlim] sample:		630.9 time, 670.6 real, 165.8 MB
[runlim] sample:		640.6 time, 680.6 real, 167.8 MB
[runlim] sample:		650.2 time, 690.6 real, 167.8 MB
[runlim] sample:		659.9 time, 700.6 real, 167.8 MB
[runlim] sample:		669.6 time, 710.6 real, 169.9 MB
[runlim] sample:		679.3 time, 720.6 real, 169.9 MB
[runlim] sample:		688.9 time, 730.6 real, 169.9 MB
[runlim] sample:		698.6 time, 740.6 real, 171.5 MB
[runlim] sample:		708.3 time, 750.6 real, 171.5 MB
[runlim] sample:		716.5 time, 760.6 real, 171.5 MB
[runlim] sample:		724.5 time, 770.6 real, 173.9 MB
[runlim] sample:		732.5 time, 780.6 real, 173.9 MB
[runlim] sample:		740.5 time, 790.6 real, 173.9 MB
[runlim] sample:		748.6 time, 800.6 real, 175.7 MB
[runlim] sample:		757.9 time, 810.6 real, 175.7 MB
[runlim] sample:		767.3 time, 820.6 real, 175.7 MB
[runlim] sample:		776.8 time, 830.6 real, 177.0 MB
[runlim] sample:		786.5 time, 840.6 real, 177.0 MB
[runlim] sample:		796.0 time, 850.6 real, 177.0 MB
[runlim] sample:		805.7 time, 860.6 real, 180.6 MB
[runlim] sample:		815.4 time, 870.6 real, 180.6 MB
[runlim] sample:		824.9 time, 880.6 real, 180.6 MB
[runlim] sample:		834.2 time, 890.6 real, 181.2 MB
[runlim] sample:		843.5 time, 900.6 real, 181.2 MB
[runlim] sample:		852.9 time, 910.6 real, 181.2 MB
[runlim] sample:		862.2 time, 920.6 real, 181.2 MB
[runlim] sample:		871.4 time, 930.6 real, 184.0 MB
[runlim] sample:		880.4 time, 940.6 real, 184.0 MB
[runlim] sample:		889.7 time, 950.6 real, 184.0 MB
[runlim] sample:		899.3 time, 960.6 real, 185.8 MB
[runlim] sample:		908.9 time, 970.6 real, 185.8 MB
[runlim] sample:		918.1 time, 980.6 real, 185.8 MB
[runlim] sample:		927.4 time, 990.6 real, 187.6 MB
[runlim] sample:		936.6 time, 1000.6 real, 187.6 MB
[runlim] sample:		946.1 time, 1010.6 real, 187.6 MB
[runlim] sample:		956.1 time, 1020.6 real, 187.6 MB
[runlim] sample:		966.1 time, 1030.6 real, 189.7 MB
[runlim] sample:		976.1 time, 1040.6 real, 189.7 MB
[runlim] sample:		985.8 time, 1050.6 real, 189.7 MB
[runlim] sample:		994.8 time, 1060.6 real, 191.6 MB
[runlim] sample:		1003.8 time, 1070.6 real, 191.6 MB
[runlim] sample:		1012.8 time, 1080.6 real, 191.6 MB
[runlim] sample:		1021.9 time, 1090.6 real, 191.6 MB
[runlim] sample:		1031.2 time, 1100.6 real, 193.2 MB
[runlim] sample:		1040.3 time, 1110.6 real, 193.2 MB
[runlim] sample:		1049.3 time, 1120.6 real, 193.2 MB
[runlim] sample:		1058.4 time, 1130.6 real, 193.2 MB
[runlim] sample:		1067.4 time, 1140.6 real, 195.0 MB
[runlim] sample:		1076.4 time, 1150.6 real, 195.0 MB
[runlim] sample:		1085.4 time, 1160.6 real, 195.0 MB
[runlim] sample:		1094.8 time, 1170.6 real, 195.0 MB
[runlim] sample:		1104.1 time, 1180.6 real, 196.8 MB
[runlim] sample:		1113.4 time, 1190.6 real, 196.8 MB
[runlim] sample:		1123.1 time, 1200.6 real, 196.8 MB
[runlim] sample:		1132.7 time, 1210.6 real, 196.8 MB
[runlim] sample:		1142.3 time, 1220.6 real, 198.6 MB
[runlim] sample:		1151.6 time, 1230.6 real, 198.6 MB
[runlim] sample:		1161.1 time, 1240.6 real, 198.6 MB
[runlim] sample:		1170.8 time, 1250.6 real, 198.6 MB
[runlim] sample:		1180.8 time, 1260.6 real, 200.4 MB
[runlim] sample:		1190.8 time, 1270.6 real, 200.4 MB
[runlim] sample:		1200.8 time, 1280.6 real, 200.4 MB
[runlim] sample:		1210.8 time, 1290.6 real, 200.4 MB
[runlim] sample:		1220.8 time, 1300.6 real, 204.4 MB
[runlim] sample:		1230.8 time, 1310.6 real, 204.4 MB
[runlim] sample:		1240.8 time, 1320.6 real, 204.4 MB
[runlim] sample:		1250.8 time, 1330.6 real, 204.4 MB
[runlim] sample:		1260.8 time, 1340.6 real, 206.0 MB
[runlim] sample:		1270.8 time, 1350.6 real, 206.0 MB
[runlim] sample:		1280.8 time, 1360.6 real, 206.0 MB
[runlim] sample:		1290.8 time, 1370.6 real, 206.0 MB
[runlim] sample:		1300.8 time, 1380.6 real, 207.8 MB
[runlim] sample:		1310.8 time, 1390.6 real, 207.8 MB
[runlim] sample:		1320.8 time, 1400.6 real, 207.8 MB
[runlim] sample:		1330.8 time, 1410.6 real, 207.8 MB
[runlim] sample:		1340.8 time, 1420.6 real, 209.6 MB
[runlim] sample:		1350.8 time, 1430.6 real, 209.6 MB
[runlim] sample:		1360.8 time, 1440.6 real, 209.6 MB
[runlim] sample:		1370.8 time, 1450.6 real, 209.6 MB
[runlim] sample:		1380.8 time, 1460.6 real, 209.6 MB
[runlim] sample:		1390.8 time, 1470.6 real, 212.3 MB
[runlim] sample:		1400.8 time, 1480.6 real, 212.3 MB
[runlim] sample:		1410.8 time, 1490.6 real, 212.3 MB
[runlim] sample:		1420.8 time, 1500.6 real, 212.3 MB
[runlim] sample:		1430.8 time, 1510.6 real, 214.3 MB
[runlim] sample:		1440.8 time, 1520.6 real, 214.3 MB
[runlim] sample:		1450.8 time, 1530.6 real, 214.3 MB
[runlim] sample:		1460.8 time, 1540.6 real, 214.3 MB
[runlim] sample:		1470.8 time, 1550.6 real, 214.3 MB
[runlim] sample:		1480.8 time, 1560.6 real, 216.6 MB
[runlim] sample:		1490.8 time, 1570.6 real, 216.6 MB
[runlim] sample:		1500.8 time, 1580.6 real, 216.6 MB
[runlim] sample:		1510.8 time, 1590.6 real, 216.6 MB
[runlim] sample:		1520.8 time, 1600.6 real, 217.7 MB
[runlim] sample:		1530.8 time, 1610.6 real, 217.7 MB
[runlim] sample:		1540.8 time, 1620.6 real, 217.7 MB
[runlim] sample:		1550.8 time, 1630.6 real, 217.7 MB
[runlim] sample:		1560.8 time, 1640.6 real, 217.7 MB
[runlim] sample:		1570.8 time, 1650.6 real, 219.5 MB
[runlim] sample:		1580.8 time, 1660.6 real, 219.5 MB
[runlim] sample:		1590.8 time, 1670.6 real, 219.5 MB
[runlim] sample:		1600.8 time, 1680.6 real, 219.5 MB
[runlim] sample:		1610.8 time, 1690.6 real, 219.5 MB
[runlim] sample:		1620.8 time, 1700.6 real, 222.1 MB
[runlim] sample:		1630.8 time, 1710.6 real, 222.1 MB
[runlim] sample:		1640.8 time, 1720.6 real, 222.1 MB
[runlim] sample:		1650.8 time, 1730.6 real, 222.1 MB
[runlim] sample:		1660.8 time, 1740.6 real, 222.1 MB
[runlim] sample:		1670.8 time, 1750.6 real, 223.9 MB
[runlim] sample:		1680.8 time, 1760.6 real, 223.9 MB
[runlim] sample:		1690.8 time, 1770.6 real, 223.9 MB
[runlim] sample:		1700.8 time, 1780.6 real, 223.9 MB
[runlim] sample:		1710.8 time, 1790.6 real, 223.9 MB
[runlim] sample:		1720.8 time, 1800.6 real, 225.4 MB
[runlim] sample:		1730.8 time, 1810.6 real, 225.4 MB
[runlim] sample:		1740.8 time, 1820.6 real, 225.4 MB
[runlim] sample:		1750.8 time, 1830.6 real, 225.4 MB
[runlim] sample:		1760.8 time, 1840.6 real, 227.2 MB
[runlim] sample:		1770.8 time, 1850.6 real, 227.2 MB
[runlim] sample:		1780.8 time, 1860.6 real, 229.0 MB
[runlim] end:			Thu Jan 31 01:47:30 2019
[runlim] status:		signal(9)
[runlim] result:		11
[runlim] children:		0
[runlim] real:			1865.42 seconds
[runlim] time:			1785.59 seconds
[runlim] space:			229.0 MB
[runlim] samples:		18648
