[runlim] version:		1.10fixed
[runlim] time limit:		300 seconds
[runlim] real time limit:	311040000 seconds
[runlim] space limit:		4000 MB
[runlim] argv[0]:		./cvc4
[runlim] argv[1]:		/tmp/rMiClP2f.smt2
[runlim] start:			Mon Jan 28 14:44:59 2019
[runlim] main pid:		28847
[runlim] sample:		9.4 time, 10.3 real, 58.9 MB
[runlim] sample:		17.8 time, 20.3 real, 68.4 MB
[runlim] sample:		26.8 time, 30.3 real, 74.8 MB
[runlim] sample:		36.8 time, 40.3 real, 80.2 MB
[runlim] sample:		46.8 time, 50.3 real, 85.6 MB
[runlim] sample:		56.8 time, 60.3 real, 89.7 MB
[runlim] sample:		66.8 time, 70.3 real, 93.5 MB
[runlim] sample:		76.8 time, 80.3 real, 98.1 MB
[runlim] sample:		86.8 time, 90.3 real, 99.9 MB
[runlim] sample:		96.8 time, 100.3 real, 103.8 MB
[runlim] sample:		106.8 time, 110.3 real, 106.0 MB
[runlim] sample:		116.8 time, 120.3 real, 109.6 MB
[runlim] sample:		126.8 time, 130.3 real, 111.5 MB
[runlim] sample:		136.8 time, 140.3 real, 115.7 MB
[runlim] sample:		146.8 time, 150.3 real, 116.2 MB
[runlim] sample:		156.8 time, 160.3 real, 120.5 MB
[runlim] sample:		166.8 time, 170.3 real, 122.6 MB
[runlim] sample:		176.8 time, 180.3 real, 124.1 MB
[runlim] sample:		186.8 time, 190.3 real, 127.2 MB
[runlim] sample:		196.8 time, 200.3 real, 128.7 MB
[runlim] sample:		206.8 time, 210.3 real, 128.7 MB
[runlim] sample:		216.8 time, 220.3 real, 130.5 MB
[runlim] sample:		226.8 time, 230.3 real, 132.5 MB
[runlim] sample:		236.8 time, 240.3 real, 134.7 MB
[runlim] sample:		246.8 time, 250.3 real, 139.3 MB
[runlim] sample:		256.8 time, 260.3 real, 142.2 MB
[runlim] sample:		266.4 time, 270.3 real, 142.2 MB
[runlim] sample:		276.4 time, 280.3 real, 144.0 MB
[runlim] sample:		286.4 time, 290.3 real, 145.2 MB
[runlim] sample:		296.4 time, 300.3 real, 145.5 MB
CVC4 interrupted by SIGTERM.
[runlim] end:			Mon Jan 28 14:50:02 2019
[runlim] status:		out of time
[runlim] result:		2
[runlim] children:		0
[runlim] real:			303.90 seconds
[runlim] time:			300.04 seconds
[runlim] space:			147.0 MB
[runlim] samples:		3036
