[runlim] version:		1.10fixed
[runlim] time limit:		1800 seconds
[runlim] real time limit:	311040000 seconds
[runlim] space limit:		4000 MB
[runlim] argv[0]:		./cvc4
[runlim] argv[1]:		/tmp/WKtUUCyB.smt2
[runlim] start:			Thu Jan 31 01:16:37 2019
[runlim] main pid:		19165
[runlim] sample:		8.9 time, 10.0 real, 96.1 MB
[runlim] sample:		18.5 time, 20.0 real, 135.2 MB
[runlim] sample:		28.2 time, 30.0 real, 161.7 MB
[runlim] sample:		36.2 time, 40.0 real, 180.5 MB
[runlim] sample:		44.4 time, 50.0 real, 199.4 MB
[runlim] sample:		54.4 time, 60.0 real, 217.4 MB
[runlim] sample:		63.8 time, 70.0 real, 237.2 MB
[runlim] sample:		71.8 time, 80.0 real, 249.3 MB
[runlim] sample:		79.8 time, 90.0 real, 260.2 MB
[runlim] sample:		88.8 time, 100.0 real, 275.6 MB
[runlim] sample:		97.2 time, 110.0 real, 287.1 MB
[runlim] sample:		107.2 time, 120.0 real, 298.7 MB
[runlim] sample:		117.2 time, 130.0 real, 311.6 MB
[runlim] sample:		125.7 time, 140.0 real, 320.8 MB
[runlim] sample:		135.4 time, 150.0 real, 332.7 MB
[runlim] sample:		145.0 time, 160.0 real, 342.2 MB
[runlim] sample:		154.7 time, 170.0 real, 353.6 MB
[runlim] sample:		164.4 time, 180.0 real, 363.6 MB
[runlim] sample:		174.0 time, 190.0 real, 375.8 MB
[runlim] sample:		183.0 time, 200.0 real, 384.0 MB
[runlim] sample:		191.0 time, 210.0 real, 391.5 MB
[runlim] sample:		200.3 time, 220.0 real, 399.5 MB
[runlim] sample:		208.4 time, 230.0 real, 406.4 MB
[runlim] sample:		218.2 time, 240.0 real, 414.2 MB
[runlim] sample:		228.2 time, 250.0 real, 422.4 MB
[runlim] sample:		238.2 time, 260.0 real, 429.9 MB
[runlim] sample:		248.2 time, 270.0 real, 439.7 MB
[runlim] sample:		258.1 time, 280.0 real, 453.4 MB
[runlim] sample:		268.1 time, 290.0 real, 459.8 MB
[runlim] sample:		278.1 time, 300.0 real, 472.0 MB
[runlim] sample:		288.1 time, 310.0 real, 475.4 MB
[runlim] sample:		298.1 time, 320.0 real, 481.3 MB
[runlim] sample:		308.1 time, 330.0 real, 487.7 MB
[runlim] sample:		318.1 time, 340.0 real, 493.6 MB
[runlim] sample:		328.1 time, 350.0 real, 499.6 MB
[runlim] sample:		338.1 time, 360.0 real, 506.0 MB
[runlim] sample:		348.1 time, 370.0 real, 511.4 MB
[runlim] sample:		358.1 time, 380.0 real, 517.3 MB
[runlim] sample:		368.1 time, 390.0 real, 531.8 MB
[runlim] sample:		378.1 time, 400.0 real, 535.1 MB
[runlim] sample:		388.1 time, 410.0 real, 540.5 MB
[runlim] sample:		398.1 time, 420.0 real, 545.7 MB
[runlim] sample:		408.1 time, 430.0 real, 551.1 MB
[runlim] sample:		418.1 time, 440.0 real, 560.6 MB
[runlim] sample:		428.1 time, 450.0 real, 566.0 MB
[runlim] sample:		438.1 time, 460.0 real, 572.4 MB
[runlim] sample:		448.1 time, 470.0 real, 577.8 MB
[runlim] sample:		458.1 time, 480.0 real, 582.2 MB
[runlim] sample:		468.1 time, 490.0 real, 587.1 MB
[runlim] sample:		478.1 time, 500.0 real, 592.8 MB
[runlim] sample:		488.1 time, 510.0 real, 597.4 MB
[runlim] sample:		498.1 time, 520.0 real, 601.8 MB
[runlim] sample:		508.1 time, 530.0 real, 606.7 MB
[runlim] sample:		518.1 time, 540.0 real, 613.6 MB
[runlim] sample:		528.1 time, 550.0 real, 618.0 MB
[runlim] sample:		538.1 time, 560.0 real, 625.0 MB
[runlim] sample:		548.1 time, 570.0 real, 629.4 MB
[runlim] sample:		558.1 time, 580.0 real, 638.6 MB
[runlim] sample:		568.1 time, 590.0 real, 642.5 MB
[runlim] sample:		577.3 time, 600.0 real, 645.1 MB
[runlim] sample:		585.4 time, 610.0 real, 648.4 MB
[runlim] sample:		593.4 time, 620.0 real, 652.5 MB
[runlim] sample:		601.5 time, 630.0 real, 657.2 MB
[runlim] sample:		609.6 time, 640.0 real, 660.5 MB
[runlim] sample:		617.6 time, 650.0 real, 664.1 MB
[runlim] sample:		625.7 time, 660.0 real, 667.2 MB
[runlim] sample:		634.4 time, 670.0 real, 672.6 MB
[runlim] sample:		644.4 time, 680.0 real, 680.1 MB
[runlim] sample:		654.2 time, 690.0 real, 683.5 MB
[runlim] sample:		663.5 time, 700.0 real, 687.1 MB
[runlim] sample:		673.5 time, 710.0 real, 692.8 MB
[runlim] sample:		682.4 time, 720.0 real, 694.8 MB
[runlim] sample:		690.4 time, 730.0 real, 698.4 MB
[runlim] sample:		698.5 time, 740.0 real, 702.0 MB
[runlim] sample:		708.1 time, 750.0 real, 708.7 MB
[runlim] sample:		717.8 time, 760.0 real, 711.0 MB
[runlim] sample:		727.5 time, 770.0 real, 714.1 MB
[runlim] sample:		737.2 time, 780.0 real, 720.1 MB
[runlim] sample:		746.8 time, 790.0 real, 731.3 MB
[runlim] sample:		756.0 time, 800.0 real, 734.9 MB
[runlim] sample:		765.4 time, 810.0 real, 738.2 MB
[runlim] sample:		774.9 time, 820.0 real, 741.9 MB
[runlim] sample:		784.2 time, 830.0 real, 745.7 MB
[runlim] sample:		793.6 time, 840.0 real, 750.6 MB
[runlim] sample:		802.9 time, 850.0 real, 752.9 MB
[runlim] sample:		812.2 time, 860.0 real, 756.5 MB
[runlim] sample:		821.9 time, 870.0 real, 760.4 MB
[runlim] sample:		831.5 time, 880.0 real, 763.7 MB
[runlim] sample:		841.2 time, 890.0 real, 767.4 MB
[runlim] sample:		850.9 time, 900.0 real, 772.3 MB
[runlim] sample:		860.5 time, 910.0 real, 775.6 MB
[runlim] sample:		870.2 time, 920.0 real, 779.5 MB
[runlim] sample:		879.9 time, 930.0 real, 783.1 MB
[runlim] sample:		889.5 time, 940.0 real, 786.2 MB
[runlim] sample:		898.9 time, 950.0 real, 789.8 MB
[runlim] sample:		908.2 time, 960.0 real, 792.6 MB
[runlim] sample:		917.8 time, 970.0 real, 797.8 MB
[runlim] sample:		927.5 time, 980.0 real, 800.3 MB
[runlim] sample:		937.1 time, 990.0 real, 803.9 MB
[runlim] sample:		946.8 time, 1000.0 real, 808.3 MB
[runlim] sample:		956.3 time, 1010.0 real, 811.4 MB
[runlim] sample:		965.5 time, 1020.0 real, 814.2 MB
[runlim] sample:		974.5 time, 1030.0 real, 817.6 MB
[runlim] sample:		984.1 time, 1040.0 real, 820.7 MB
[runlim] sample:		994.1 time, 1050.0 real, 824.0 MB
[runlim] sample:		1004.1 time, 1060.0 real, 827.4 MB
[runlim] sample:		1014.1 time, 1070.0 real, 832.3 MB
[runlim] sample:		1023.9 time, 1080.0 real, 838.5 MB
[runlim] sample:		1033.6 time, 1090.0 real, 840.5 MB
[runlim] sample:		1043.0 time, 1100.0 real, 845.7 MB
[runlim] sample:		1052.6 time, 1110.0 real, 857.0 MB
[runlim] sample:		1062.3 time, 1120.0 real, 857.5 MB
[runlim] sample:		1072.0 time, 1130.0 real, 858.2 MB
[runlim] sample:		1081.6 time, 1140.0 real, 859.5 MB
[runlim] sample:		1091.3 time, 1150.0 real, 861.9 MB
[runlim] sample:		1101.0 time, 1160.0 real, 868.8 MB
[runlim] sample:		1110.6 time, 1170.0 real, 870.6 MB
[runlim] sample:		1120.3 time, 1180.0 real, 877.1 MB
[runlim] sample:		1130.0 time, 1190.0 real, 879.4 MB
[runlim] sample:		1139.6 time, 1200.0 real, 888.9 MB
[runlim] sample:		1149.3 time, 1210.0 real, 905.7 MB
[runlim] sample:		1158.9 time, 1220.0 real, 905.9 MB
[runlim] sample:		1168.6 time, 1230.0 real, 906.2 MB
[runlim] sample:		1178.3 time, 1240.0 real, 907.5 MB
[runlim] sample:		1188.0 time, 1250.0 real, 909.5 MB
[runlim] sample:		1197.6 time, 1260.0 real, 912.6 MB
[runlim] sample:		1207.3 time, 1270.0 real, 927.6 MB
[runlim] sample:		1217.0 time, 1280.0 real, 928.1 MB
[runlim] sample:		1226.7 time, 1290.0 real, 928.6 MB
[runlim] sample:		1236.3 time, 1300.0 real, 928.8 MB
[runlim] sample:		1246.0 time, 1310.0 real, 929.3 MB
[runlim] sample:		1255.7 time, 1320.0 real, 934.5 MB
[runlim] sample:		1265.6 time, 1330.0 real, 936.3 MB
[runlim] sample:		1275.6 time, 1340.0 real, 938.1 MB
[runlim] sample:		1285.6 time, 1350.0 real, 940.9 MB
[runlim] sample:		1295.6 time, 1360.0 real, 944.0 MB
[runlim] sample:		1305.6 time, 1370.0 real, 948.2 MB
[runlim] sample:		1315.6 time, 1380.0 real, 951.0 MB
[runlim] sample:		1325.6 time, 1390.0 real, 953.8 MB
[runlim] sample:		1335.6 time, 1400.0 real, 959.8 MB
[runlim] sample:		1345.6 time, 1410.0 real, 960.0 MB
[runlim] sample:		1355.6 time, 1420.0 real, 970.6 MB
[runlim] sample:		1365.6 time, 1430.0 real, 970.8 MB
[runlim] sample:		1375.6 time, 1440.0 real, 971.4 MB
[runlim] sample:		1385.6 time, 1450.0 real, 971.6 MB
[runlim] sample:		1395.6 time, 1460.0 real, 973.9 MB
[runlim] sample:		1405.6 time, 1470.0 real, 977.0 MB
[runlim] sample:		1415.6 time, 1480.0 real, 979.8 MB
[runlim] sample:		1425.6 time, 1490.0 real, 982.7 MB
[runlim] sample:		1435.6 time, 1500.0 real, 985.2 MB
[runlim] sample:		1445.6 time, 1510.0 real, 988.1 MB
[runlim] sample:		1455.6 time, 1520.0 real, 990.7 MB
[runlim] sample:		1465.6 time, 1530.0 real, 993.5 MB
[runlim] sample:		1475.6 time, 1540.0 real, 996.1 MB
[runlim] sample:		1485.6 time, 1550.0 real, 998.9 MB
[runlim] sample:		1495.6 time, 1560.0 real, 1001.5 MB
[runlim] sample:		1505.6 time, 1570.0 real, 1004.6 MB
[runlim] sample:		1515.6 time, 1580.0 real, 1006.6 MB
[runlim] sample:		1525.6 time, 1590.0 real, 1009.5 MB
[runlim] sample:		1535.6 time, 1600.0 real, 1012.3 MB
[runlim] sample:		1545.6 time, 1610.0 real, 1015.4 MB
[runlim] sample:		1555.6 time, 1620.0 real, 1018.8 MB
[runlim] sample:		1565.6 time, 1630.0 real, 1020.6 MB
[runlim] sample:		1575.6 time, 1640.0 real, 1023.1 MB
[runlim] sample:		1585.6 time, 1650.0 real, 1040.7 MB
[runlim] sample:		1595.6 time, 1660.0 real, 1041.2 MB
[runlim] sample:		1605.6 time, 1670.0 real, 1041.4 MB
[runlim] sample:		1615.6 time, 1680.0 real, 1041.7 MB
[runlim] sample:		1625.6 time, 1690.0 real, 1043.5 MB
[runlim] sample:		1635.6 time, 1700.0 real, 1052.0 MB
[runlim] sample:		1645.6 time, 1710.0 real, 1055.1 MB
[runlim] sample:		1655.6 time, 1720.0 real, 1056.4 MB
[runlim] sample:		1665.6 time, 1730.0 real, 1058.7 MB
[runlim] sample:		1675.6 time, 1740.0 real, 1061.8 MB
[runlim] sample:		1685.6 time, 1750.0 real, 1063.9 MB
[runlim] sample:		1695.6 time, 1760.0 real, 1066.2 MB
[runlim] sample:		1705.6 time, 1770.0 real, 1068.5 MB
[runlim] sample:		1715.6 time, 1780.0 real, 1071.6 MB
[runlim] sample:		1725.6 time, 1790.0 real, 1073.6 MB
[runlim] sample:		1735.6 time, 1800.0 real, 1076.2 MB
[runlim] sample:		1745.6 time, 1810.0 real, 1078.8 MB
[runlim] sample:		1755.6 time, 1820.0 real, 1081.4 MB
[runlim] sample:		1765.6 time, 1830.0 real, 1083.9 MB
[runlim] sample:		1775.6 time, 1840.0 real, 1087.3 MB
[runlim] sample:		1785.6 time, 1850.0 real, 1091.2 MB
[runlim] sample:		1795.6 time, 1860.0 real, 1094.3 MB
[runlim] end:			Thu Jan 31 01:47:37 2019
[runlim] status:		signal(9)
[runlim] result:		11
[runlim] children:		0
[runlim] real:			1860.72 seconds
[runlim] time:			1796.30 seconds
[runlim] space:			1094.3 MB
[runlim] samples:		18607
