[runlim] version:		1.10fixed
[runlim] time limit:		1800 seconds
[runlim] real time limit:	311040000 seconds
[runlim] space limit:		4000 MB
[runlim] argv[0]:		./cvc4
[runlim] argv[1]:		/tmp/7VAaR9O4.smt2
[runlim] start:			Sun Feb  3 11:41:17 2019
[runlim] main pid:		15615
[runlim] sample:		10.0 time, 10.0 real, 61.9 MB
[runlim] sample:		20.0 time, 20.0 real, 76.9 MB
[runlim] sample:		30.0 time, 30.0 real, 87.3 MB
[runlim] sample:		40.0 time, 40.0 real, 91.9 MB
[runlim] sample:		49.9 time, 50.0 real, 96.4 MB
[runlim] sample:		59.2 time, 60.0 real, 98.7 MB
[runlim] sample:		68.8 time, 70.0 real, 102.2 MB
[runlim] sample:		78.5 time, 80.0 real, 106.8 MB
[runlim] sample:		88.1 time, 90.0 real, 108.8 MB
[runlim] sample:		97.8 time, 100.0 real, 111.9 MB
[runlim] sample:		107.5 time, 110.0 real, 114.4 MB
[runlim] sample:		117.1 time, 120.0 real, 117.8 MB
[runlim] sample:		126.8 time, 130.0 real, 119.8 MB
[runlim] sample:		136.5 time, 140.0 real, 123.2 MB
[runlim] sample:		145.2 time, 150.0 real, 124.7 MB
[runlim] sample:		154.3 time, 160.0 real, 127.3 MB
[runlim] sample:		164.3 time, 170.0 real, 130.1 MB
[runlim] sample:		174.4 time, 180.0 real, 133.7 MB
[runlim] sample:		184.4 time, 190.0 real, 134.9 MB
[runlim] sample:		194.3 time, 200.0 real, 136.7 MB
[runlim] sample:		204.3 time, 210.0 real, 139.2 MB
[runlim] sample:		214.2 time, 220.0 real, 140.5 MB
[runlim] sample:		222.9 time, 230.0 real, 143.1 MB
[runlim] sample:		231.6 time, 240.0 real, 144.6 MB
[runlim] sample:		240.4 time, 250.0 real, 145.9 MB
[runlim] sample:		249.1 time, 260.0 real, 148.2 MB
[runlim] sample:		257.8 time, 270.0 real, 149.5 MB
[runlim] sample:		266.5 time, 280.0 real, 151.8 MB
[runlim] sample:		275.9 time, 290.0 real, 152.6 MB
[runlim] sample:		285.9 time, 300.0 real, 155.1 MB
[runlim] sample:		295.9 time, 310.0 real, 156.2 MB
[runlim] sample:		305.9 time, 320.0 real, 157.2 MB
[runlim] sample:		315.5 time, 330.0 real, 160.0 MB
[runlim] sample:		325.5 time, 340.0 real, 161.3 MB
[runlim] sample:		335.4 time, 350.0 real, 162.1 MB
[runlim] sample:		345.0 time, 360.0 real, 164.1 MB
[runlim] sample:		354.7 time, 370.0 real, 165.2 MB
[runlim] sample:		364.4 time, 380.0 real, 165.9 MB
[runlim] sample:		374.0 time, 390.0 real, 166.7 MB
[runlim] sample:		383.7 time, 400.0 real, 167.9 MB
[runlim] sample:		393.4 time, 410.0 real, 170.4 MB
[runlim] sample:		403.1 time, 420.0 real, 171.2 MB
[runlim] sample:		413.1 time, 430.0 real, 172.0 MB
[runlim] sample:		422.3 time, 440.0 real, 174.0 MB
[runlim] sample:		431.0 time, 450.0 real, 174.8 MB
[runlim] sample:		439.8 time, 460.0 real, 175.6 MB
[runlim] sample:		448.6 time, 470.0 real, 176.4 MB
[runlim] sample:		458.6 time, 480.0 real, 177.1 MB
[runlim] sample:		468.6 time, 490.0 real, 178.7 MB
[runlim] sample:		478.6 time, 500.0 real, 180.0 MB
[runlim] sample:		487.5 time, 510.0 real, 180.2 MB
[runlim] sample:		496.9 time, 520.0 real, 181.0 MB
[runlim] sample:		505.9 time, 530.0 real, 182.0 MB
[runlim] sample:		514.9 time, 540.0 real, 184.2 MB
[runlim] sample:		523.9 time, 550.0 real, 184.7 MB
[runlim] sample:		532.8 time, 560.0 real, 185.8 MB
[runlim] sample:		541.5 time, 570.0 real, 186.0 MB
[runlim] sample:		550.8 time, 580.0 real, 186.8 MB
[runlim] sample:		560.8 time, 590.0 real, 188.3 MB
[runlim] sample:		570.8 time, 600.0 real, 189.4 MB
[runlim] sample:		580.8 time, 610.0 real, 190.4 MB
[runlim] sample:		590.8 time, 620.0 real, 190.9 MB
[runlim] sample:		600.8 time, 630.0 real, 191.4 MB
[runlim] sample:		610.7 time, 640.0 real, 193.5 MB
[runlim] sample:		619.5 time, 650.0 real, 193.5 MB
[runlim] sample:		629.4 time, 660.0 real, 194.8 MB
[runlim] sample:		639.4 time, 670.0 real, 197.7 MB
[runlim] sample:		648.9 time, 680.0 real, 198.0 MB
[runlim] sample:		657.7 time, 690.0 real, 199.0 MB
[runlim] sample:		667.1 time, 700.0 real, 200.3 MB
[runlim] sample:		677.1 time, 710.0 real, 201.1 MB
[runlim] sample:		687.1 time, 720.0 real, 201.9 MB
[runlim] sample:		696.9 time, 730.0 real, 202.4 MB
[runlim] sample:		706.3 time, 740.0 real, 202.9 MB
[runlim] sample:		716.0 time, 750.0 real, 204.2 MB
[runlim] sample:		725.7 time, 760.0 real, 205.2 MB
[runlim] sample:		735.4 time, 770.0 real, 205.9 MB
[runlim] sample:		745.1 time, 780.0 real, 206.1 MB
[runlim] sample:		754.8 time, 790.0 real, 207.7 MB
[runlim] sample:		764.5 time, 800.0 real, 208.2 MB
[runlim] sample:		774.2 time, 810.0 real, 210.3 MB
[runlim] sample:		783.9 time, 820.0 real, 210.5 MB
[runlim] sample:		793.6 time, 830.0 real, 211.6 MB
[runlim] sample:		803.3 time, 840.0 real, 212.9 MB
[runlim] sample:		813.0 time, 850.0 real, 213.5 MB
[runlim] sample:		822.7 time, 860.0 real, 214.2 MB
[runlim] sample:		832.4 time, 870.0 real, 214.8 MB
[runlim] sample:		842.1 time, 880.0 real, 216.8 MB
[runlim] sample:		851.8 time, 890.0 real, 217.3 MB
[runlim] sample:		861.5 time, 900.0 real, 217.8 MB
[runlim] sample:		871.2 time, 910.0 real, 218.4 MB
[runlim] sample:		880.9 time, 920.0 real, 218.9 MB
[runlim] sample:		890.6 time, 930.0 real, 219.4 MB
[runlim] sample:		900.3 time, 940.0 real, 222.5 MB
[runlim] sample:		910.0 time, 950.0 real, 222.5 MB
[runlim] sample:		919.7 time, 960.0 real, 223.0 MB
[runlim] sample:		929.4 time, 970.0 real, 223.8 MB
[runlim] sample:		939.1 time, 980.0 real, 224.3 MB
[runlim] sample:		948.8 time, 990.0 real, 224.8 MB
[runlim] sample:		958.5 time, 1000.0 real, 225.3 MB
[runlim] sample:		968.2 time, 1010.0 real, 227.1 MB
[runlim] sample:		977.9 time, 1020.0 real, 227.4 MB
[runlim] sample:		987.6 time, 1030.0 real, 228.1 MB
[runlim] sample:		997.3 time, 1040.0 real, 228.4 MB
[runlim] sample:		1007.0 time, 1050.0 real, 229.2 MB
[runlim] sample:		1016.7 time, 1060.0 real, 229.4 MB
[runlim] sample:		1026.4 time, 1070.0 real, 230.7 MB
[runlim] sample:		1036.1 time, 1080.0 real, 231.2 MB
[runlim] sample:		1045.8 time, 1090.0 real, 232.8 MB
[runlim] sample:		1055.8 time, 1100.0 real, 233.6 MB
[runlim] sample:		1065.8 time, 1110.0 real, 233.6 MB
[runlim] sample:		1075.8 time, 1120.0 real, 234.3 MB
[runlim] sample:		1085.8 time, 1130.0 real, 235.1 MB
[runlim] sample:		1095.8 time, 1140.0 real, 236.9 MB
[runlim] sample:		1105.8 time, 1150.0 real, 237.9 MB
[runlim] sample:		1115.8 time, 1160.0 real, 239.0 MB
[runlim] sample:		1125.8 time, 1170.0 real, 239.5 MB
[runlim] sample:		1135.8 time, 1180.0 real, 240.0 MB
[runlim] sample:		1145.8 time, 1190.0 real, 244.1 MB
[runlim] sample:		1155.8 time, 1200.0 real, 245.2 MB
[runlim] sample:		1165.8 time, 1210.0 real, 245.7 MB
[runlim] sample:		1175.8 time, 1220.0 real, 246.2 MB
[runlim] sample:		1185.8 time, 1230.0 real, 247.2 MB
[runlim] sample:		1195.8 time, 1240.0 real, 248.8 MB
[runlim] sample:		1205.8 time, 1250.0 real, 249.6 MB
[runlim] sample:		1215.8 time, 1260.0 real, 250.2 MB
[runlim] sample:		1225.8 time, 1270.0 real, 253.6 MB
[runlim] sample:		1235.8 time, 1280.0 real, 254.4 MB
[runlim] sample:		1245.8 time, 1290.0 real, 255.4 MB
[runlim] sample:		1255.8 time, 1300.0 real, 255.9 MB
[runlim] sample:		1265.8 time, 1310.0 real, 256.4 MB
[runlim] sample:		1275.8 time, 1320.0 real, 257.5 MB
[runlim] sample:		1285.8 time, 1330.0 real, 259.3 MB
[runlim] sample:		1295.8 time, 1340.0 real, 260.0 MB
[runlim] sample:		1305.8 time, 1350.0 real, 260.5 MB
[runlim] sample:		1315.8 time, 1360.0 real, 261.3 MB
[runlim] sample:		1325.8 time, 1370.0 real, 261.8 MB
[runlim] sample:		1335.8 time, 1380.0 real, 263.1 MB
[runlim] sample:		1345.8 time, 1390.0 real, 264.4 MB
[runlim] sample:		1355.8 time, 1400.0 real, 265.2 MB
[runlim] sample:		1365.8 time, 1410.0 real, 265.7 MB
[runlim] sample:		1375.8 time, 1420.0 real, 266.2 MB
[runlim] sample:		1385.8 time, 1430.0 real, 267.9 MB
[runlim] sample:		1395.8 time, 1440.0 real, 269.5 MB
[runlim] sample:		1405.8 time, 1450.0 real, 270.0 MB
[runlim] sample:		1415.8 time, 1460.0 real, 270.5 MB
[runlim] sample:		1425.8 time, 1470.0 real, 271.0 MB
[runlim] sample:		1435.8 time, 1480.0 real, 272.8 MB
[runlim] sample:		1445.8 time, 1490.0 real, 273.4 MB
[runlim] sample:		1455.8 time, 1500.0 real, 275.2 MB
[runlim] sample:		1465.8 time, 1510.0 real, 275.7 MB
[runlim] sample:		1475.8 time, 1520.0 real, 276.2 MB
[runlim] sample:		1485.8 time, 1530.0 real, 276.7 MB
[runlim] sample:		1495.8 time, 1540.0 real, 277.5 MB
[runlim] sample:		1505.8 time, 1550.0 real, 278.0 MB
[runlim] sample:		1515.8 time, 1560.0 real, 278.8 MB
[runlim] sample:		1525.8 time, 1570.0 real, 280.8 MB
[runlim] sample:		1535.8 time, 1580.0 real, 281.3 MB
[runlim] sample:		1545.8 time, 1590.0 real, 282.1 MB
[runlim] sample:		1555.8 time, 1600.0 real, 282.4 MB
[runlim] sample:		1565.8 time, 1610.0 real, 283.2 MB
[runlim] sample:		1575.8 time, 1620.0 real, 283.7 MB
[runlim] sample:		1585.8 time, 1630.0 real, 286.0 MB
[runlim] sample:		1595.8 time, 1640.0 real, 286.2 MB
[runlim] sample:		1605.8 time, 1650.0 real, 286.8 MB
[runlim] sample:		1615.8 time, 1660.0 real, 287.3 MB
[runlim] sample:		1625.8 time, 1670.0 real, 287.8 MB
[runlim] sample:		1635.8 time, 1680.0 real, 288.3 MB
[runlim] sample:		1645.8 time, 1690.0 real, 289.8 MB
[runlim] sample:		1655.8 time, 1700.0 real, 290.4 MB
[runlim] sample:		1665.8 time, 1710.0 real, 290.9 MB
[runlim] sample:		1675.8 time, 1720.0 real, 291.7 MB
[runlim] sample:		1685.8 time, 1730.0 real, 292.6 MB
[runlim] sample:		1695.8 time, 1740.0 real, 292.8 MB
[runlim] sample:		1705.8 time, 1750.0 real, 293.6 MB
[runlim] sample:		1715.8 time, 1760.0 real, 296.2 MB
[runlim] sample:		1725.8 time, 1770.0 real, 297.7 MB
[runlim] sample:		1735.8 time, 1780.0 real, 298.0 MB
[runlim] sample:		1745.8 time, 1790.0 real, 298.5 MB
[runlim] sample:		1755.8 time, 1800.0 real, 299.0 MB
[runlim] sample:		1765.8 time, 1810.0 real, 299.6 MB
[runlim] sample:		1775.8 time, 1820.0 real, 299.9 MB
[runlim] sample:		1785.8 time, 1830.0 real, 301.2 MB
[runlim] sample:		1795.8 time, 1840.0 real, 302.2 MB
CVC4 interrupted by SIGTERM.
[runlim] end:			Sun Feb  3 12:12:01 2019
[runlim] status:		out of time
[runlim] result:		2
[runlim] children:		0
[runlim] real:			1844.36 seconds
[runlim] time:			1800.09 seconds
[runlim] space:			302.2 MB
[runlim] samples:		18443
