[runlim] version:		1.10fixed
[runlim] time limit:		1800 seconds
[runlim] real time limit:	311040000 seconds
[runlim] space limit:		4000 MB
[runlim] argv[0]:		./cvc4
[runlim] argv[1]:		/tmp/ZUz8JCvI.smt2
[runlim] start:			Sat Feb  2 23:46:46 2019
[runlim] main pid:		3163
[runlim] sample:		10.0 time, 10.8 real, 88.7 MB
[runlim] sample:		20.0 time, 20.8 real, 119.4 MB
[runlim] sample:		30.0 time, 30.8 real, 141.3 MB
[runlim] sample:		40.0 time, 40.8 real, 160.4 MB
[runlim] sample:		50.0 time, 50.8 real, 180.7 MB
[runlim] sample:		60.0 time, 60.8 real, 202.0 MB
[runlim] sample:		70.0 time, 70.8 real, 224.1 MB
[runlim] sample:		80.0 time, 80.8 real, 241.2 MB
[runlim] sample:		90.0 time, 90.8 real, 256.9 MB
[runlim] sample:		100.0 time, 100.8 real, 270.7 MB
[runlim] sample:		110.0 time, 110.8 real, 286.6 MB
[runlim] sample:		120.0 time, 120.8 real, 298.7 MB
[runlim] sample:		130.0 time, 130.8 real, 309.7 MB
[runlim] sample:		140.0 time, 140.8 real, 320.8 MB
[runlim] sample:		150.0 time, 150.8 real, 331.1 MB
[runlim] sample:		160.0 time, 160.8 real, 341.5 MB
[runlim] sample:		170.0 time, 170.8 real, 350.2 MB
[runlim] sample:		180.0 time, 180.8 real, 359.7 MB
[runlim] sample:		190.0 time, 190.8 real, 372.2 MB
[runlim] sample:		200.0 time, 200.8 real, 381.2 MB
[runlim] sample:		210.0 time, 210.8 real, 393.0 MB
[runlim] sample:		220.0 time, 220.8 real, 397.7 MB
[runlim] sample:		230.0 time, 230.8 real, 408.5 MB
[runlim] sample:		240.0 time, 240.8 real, 416.7 MB
[runlim] sample:		250.0 time, 250.8 real, 422.9 MB
[runlim] sample:		260.0 time, 260.8 real, 442.0 MB
[runlim] sample:		270.0 time, 270.8 real, 445.9 MB
[runlim] sample:		280.0 time, 280.8 real, 452.6 MB
[runlim] sample:		290.0 time, 290.8 real, 459.6 MB
[runlim] sample:		300.0 time, 300.8 real, 466.0 MB
[runlim] sample:		310.0 time, 310.8 real, 473.2 MB
[runlim] sample:		320.0 time, 320.8 real, 481.2 MB
[runlim] sample:		330.0 time, 330.8 real, 486.6 MB
[runlim] sample:		340.0 time, 340.8 real, 494.9 MB
[runlim] sample:		350.0 time, 350.8 real, 502.0 MB
[runlim] sample:		360.0 time, 360.8 real, 507.9 MB
[runlim] sample:		370.0 time, 370.8 real, 513.6 MB
[runlim] sample:		380.0 time, 380.8 real, 519.2 MB
[runlim] sample:		390.0 time, 390.8 real, 524.9 MB
[runlim] sample:		400.0 time, 400.8 real, 530.3 MB
[runlim] sample:		410.0 time, 410.8 real, 535.7 MB
[runlim] sample:		420.0 time, 420.8 real, 544.5 MB
[runlim] sample:		430.0 time, 430.8 real, 548.9 MB
[runlim] sample:		440.0 time, 440.8 real, 560.3 MB
[runlim] sample:		450.0 time, 450.8 real, 566.2 MB
[runlim] sample:		460.0 time, 460.8 real, 571.4 MB
[runlim] sample:		470.0 time, 470.8 real, 576.5 MB
[runlim] sample:		480.0 time, 480.8 real, 582.5 MB
[runlim] sample:		490.0 time, 490.8 real, 587.1 MB
[runlim] sample:		500.0 time, 500.8 real, 591.7 MB
[runlim] sample:		510.0 time, 510.8 real, 596.9 MB
[runlim] sample:		520.0 time, 520.8 real, 601.8 MB
[runlim] sample:		530.0 time, 530.8 real, 606.4 MB
[runlim] sample:		540.0 time, 540.8 real, 611.3 MB
[runlim] sample:		550.0 time, 550.8 real, 615.9 MB
[runlim] sample:		560.0 time, 560.8 real, 620.9 MB
[runlim] sample:		570.0 time, 570.8 real, 625.5 MB
[runlim] sample:		580.0 time, 580.8 real, 629.6 MB
[runlim] sample:		590.0 time, 590.8 real, 635.5 MB
[runlim] sample:		600.0 time, 600.8 real, 640.2 MB
[runlim] sample:		610.0 time, 610.8 real, 644.8 MB
[runlim] sample:		620.0 time, 620.8 real, 650.0 MB
[runlim] sample:		630.0 time, 630.8 real, 655.6 MB
[runlim] sample:		640.0 time, 640.8 real, 659.7 MB
[runlim] sample:		650.0 time, 650.8 real, 664.1 MB
[runlim] sample:		660.0 time, 660.8 real, 668.0 MB
[runlim] sample:		670.0 time, 670.8 real, 672.3 MB
[runlim] sample:		680.0 time, 680.8 real, 677.0 MB
[runlim] sample:		690.0 time, 690.8 real, 680.8 MB
[runlim] sample:		700.0 time, 700.8 real, 684.7 MB
[runlim] sample:		710.0 time, 710.8 real, 688.6 MB
[runlim] sample:		720.0 time, 720.8 real, 692.4 MB
[runlim] sample:		730.0 time, 730.8 real, 695.5 MB
[runlim] sample:		740.0 time, 740.8 real, 698.4 MB
[runlim] sample:		750.0 time, 750.8 real, 702.5 MB
[runlim] sample:		760.0 time, 760.8 real, 707.7 MB
[runlim] sample:		770.0 time, 770.8 real, 710.5 MB
[runlim] sample:		779.9 time, 780.8 real, 714.4 MB
[runlim] sample:		789.9 time, 790.8 real, 718.0 MB
[runlim] sample:		799.9 time, 800.8 real, 721.1 MB
[runlim] sample:		809.9 time, 810.8 real, 725.5 MB
[runlim] sample:		819.9 time, 820.8 real, 736.8 MB
[runlim] sample:		829.9 time, 830.8 real, 741.0 MB
[runlim] sample:		839.9 time, 840.8 real, 744.6 MB
[runlim] sample:		849.9 time, 850.8 real, 749.5 MB
[runlim] sample:		859.9 time, 860.8 real, 750.8 MB
[runlim] sample:		869.9 time, 870.8 real, 753.3 MB
[runlim] sample:		879.9 time, 880.8 real, 756.4 MB
[runlim] sample:		889.9 time, 890.8 real, 758.7 MB
[runlim] sample:		899.9 time, 900.8 real, 761.8 MB
[runlim] sample:		909.9 time, 910.8 real, 769.9 MB
[runlim] sample:		919.9 time, 920.8 real, 770.5 MB
[runlim] sample:		929.9 time, 930.8 real, 771.5 MB
[runlim] sample:		939.9 time, 940.8 real, 774.1 MB
[runlim] sample:		949.9 time, 950.8 real, 776.1 MB
[runlim] sample:		959.9 time, 960.8 real, 778.2 MB
[runlim] sample:		969.9 time, 970.8 real, 781.0 MB
[runlim] sample:		979.9 time, 980.8 real, 784.4 MB
[runlim] sample:		989.9 time, 990.8 real, 787.5 MB
[runlim] sample:		999.9 time, 1000.8 real, 797.5 MB
[runlim] sample:		1009.9 time, 1010.8 real, 801.9 MB
[runlim] sample:		1019.9 time, 1020.8 real, 804.5 MB
[runlim] sample:		1029.9 time, 1030.8 real, 807.6 MB
[runlim] sample:		1039.9 time, 1040.8 real, 810.7 MB
[runlim] sample:		1049.9 time, 1050.8 real, 815.5 MB
[runlim] sample:		1059.9 time, 1060.8 real, 819.7 MB
[runlim] sample:		1069.9 time, 1070.8 real, 822.5 MB
[runlim] sample:		1079.9 time, 1080.8 real, 828.9 MB
[runlim] sample:		1089.9 time, 1090.8 real, 830.7 MB
[runlim] sample:		1099.9 time, 1100.8 real, 834.4 MB
[runlim] sample:		1109.9 time, 1110.8 real, 837.2 MB
[runlim] sample:		1119.9 time, 1120.8 real, 841.3 MB
[runlim] sample:		1129.9 time, 1130.8 real, 857.4 MB
[runlim] sample:		1139.9 time, 1140.8 real, 873.9 MB
[runlim] sample:		1149.9 time, 1150.8 real, 874.4 MB
[runlim] sample:		1159.9 time, 1160.8 real, 874.9 MB
[runlim] sample:		1169.9 time, 1170.8 real, 875.4 MB
[runlim] sample:		1179.9 time, 1180.8 real, 877.8 MB
[runlim] sample:		1189.9 time, 1190.8 real, 881.1 MB
[runlim] sample:		1199.9 time, 1200.8 real, 884.2 MB
[runlim] sample:		1209.9 time, 1210.8 real, 887.3 MB
[runlim] sample:		1219.9 time, 1220.8 real, 890.6 MB
[runlim] sample:		1229.9 time, 1230.8 real, 893.7 MB
[runlim] sample:		1239.9 time, 1240.8 real, 896.8 MB
[runlim] sample:		1249.9 time, 1250.8 real, 899.7 MB
[runlim] sample:		1259.9 time, 1260.8 real, 903.0 MB
[runlim] sample:		1269.9 time, 1270.8 real, 906.4 MB
[runlim] sample:		1279.9 time, 1280.8 real, 909.7 MB
[runlim] sample:		1289.9 time, 1290.8 real, 912.5 MB
[runlim] sample:		1299.9 time, 1300.8 real, 915.9 MB
[runlim] sample:		1309.9 time, 1310.8 real, 919.2 MB
[runlim] sample:		1319.9 time, 1320.8 real, 921.8 MB
[runlim] sample:		1329.9 time, 1330.8 real, 924.8 MB
[runlim] sample:		1339.9 time, 1340.8 real, 928.7 MB
[runlim] sample:		1349.9 time, 1350.8 real, 931.8 MB
[runlim] sample:		1359.9 time, 1360.8 real, 934.6 MB
[runlim] sample:		1369.9 time, 1370.8 real, 937.7 MB
[runlim] sample:		1379.9 time, 1380.8 real, 941.8 MB
[runlim] sample:		1389.9 time, 1390.8 real, 947.6 MB
[runlim] sample:		1399.9 time, 1400.8 real, 950.1 MB
[runlim] sample:		1409.9 time, 1410.8 real, 952.7 MB
[runlim] sample:		1419.9 time, 1420.8 real, 955.5 MB
[runlim] sample:		1429.9 time, 1430.8 real, 958.6 MB
[runlim] sample:		1439.8 time, 1440.8 real, 961.5 MB
[runlim] sample:		1449.8 time, 1450.8 real, 964.6 MB
[runlim] sample:		1459.8 time, 1460.8 real, 966.9 MB
[runlim] sample:		1469.9 time, 1470.8 real, 970.0 MB
[runlim] sample:		1479.9 time, 1480.8 real, 972.8 MB
[runlim] sample:		1489.8 time, 1490.8 real, 982.6 MB
[runlim] sample:		1499.9 time, 1500.8 real, 986.9 MB
[runlim] sample:		1509.9 time, 1510.8 real, 988.4 MB
[runlim] sample:		1519.9 time, 1520.8 real, 991.0 MB
[runlim] sample:		1529.8 time, 1530.8 real, 993.6 MB
[runlim] sample:		1539.8 time, 1540.8 real, 996.9 MB
[runlim] sample:		1549.8 time, 1550.8 real, 999.8 MB
[runlim] sample:		1559.8 time, 1560.8 real, 1002.4 MB
[runlim] sample:		1569.8 time, 1570.8 real, 1005.4 MB
[runlim] sample:		1579.8 time, 1580.8 real, 1008.0 MB
[runlim] sample:		1589.8 time, 1590.8 real, 1010.9 MB
[runlim] sample:		1599.8 time, 1600.8 real, 1013.7 MB
[runlim] sample:		1609.8 time, 1610.8 real, 1016.3 MB
[runlim] sample:		1619.8 time, 1620.8 real, 1018.8 MB
[runlim] sample:		1629.8 time, 1630.8 real, 1021.4 MB
[runlim] sample:		1639.8 time, 1640.8 real, 1024.0 MB
[runlim] sample:		1649.8 time, 1650.8 real, 1026.8 MB
[runlim] sample:		1659.8 time, 1660.8 real, 1030.2 MB
[runlim] sample:		1669.8 time, 1670.8 real, 1032.2 MB
[runlim] sample:		1679.8 time, 1680.8 real, 1034.6 MB
[runlim] sample:		1689.8 time, 1690.8 real, 1036.9 MB
[runlim] sample:		1699.8 time, 1700.8 real, 1039.7 MB
[runlim] sample:		1709.8 time, 1710.8 real, 1042.3 MB
[runlim] sample:		1719.8 time, 1720.8 real, 1044.9 MB
[runlim] sample:		1729.8 time, 1730.8 real, 1048.2 MB
[runlim] sample:		1739.8 time, 1740.8 real, 1050.3 MB
[runlim] sample:		1749.8 time, 1750.8 real, 1052.6 MB
[runlim] sample:		1759.8 time, 1760.8 real, 1055.7 MB
[runlim] sample:		1769.8 time, 1770.8 real, 1058.3 MB
[runlim] sample:		1779.8 time, 1780.8 real, 1061.1 MB
[runlim] sample:		1789.8 time, 1790.8 real, 1063.7 MB
[runlim] sample:		1799.8 time, 1800.8 real, 1066.2 MB
CVC4 interrupted by SIGTERM.
[runlim] end:			Sun Feb  3 00:16:47 2019
[runlim] status:		out of time
[runlim] result:		2
[runlim] children:		0
[runlim] real:			1801.03 seconds
[runlim] time:			1800.05 seconds
[runlim] space:			1066.2 MB
[runlim] samples:		18002
