[runlim] version:		1.10fixed
[runlim] time limit:		300 seconds
[runlim] real time limit:	311040000 seconds
[runlim] space limit:		4000 MB
[runlim] argv[0]:		./cvc4
[runlim] argv[1]:		/tmp/RggnZ4yj.smt2
[runlim] start:			Tue Jan 29 11:13:39 2019
[runlim] main pid:		756
[runlim] sample:		8.0 time, 10.6 real, 64.4 MB
[runlim] sample:		17.9 time, 20.6 real, 80.4 MB
[runlim] sample:		26.4 time, 30.6 real, 89.4 MB
[runlim] sample:		36.3 time, 40.6 real, 99.5 MB
[runlim] sample:		46.3 time, 50.6 real, 108.8 MB
[runlim] sample:		56.3 time, 60.6 real, 115.5 MB
[runlim] sample:		66.3 time, 70.6 real, 120.1 MB
[runlim] sample:		76.3 time, 80.6 real, 124.8 MB
[runlim] sample:		86.3 time, 90.6 real, 130.4 MB
[runlim] sample:		96.3 time, 100.6 real, 134.8 MB
[runlim] sample:		106.3 time, 110.6 real, 139.6 MB
[runlim] sample:		116.3 time, 120.6 real, 141.5 MB
[runlim] sample:		126.3 time, 130.6 real, 147.0 MB
[runlim] sample:		136.3 time, 140.6 real, 149.8 MB
[runlim] sample:		145.5 time, 150.6 real, 151.9 MB
[runlim] sample:		155.5 time, 160.6 real, 153.9 MB
[runlim] sample:		164.8 time, 170.6 real, 156.5 MB
[runlim] sample:		174.8 time, 180.6 real, 160.9 MB
[runlim] sample:		184.8 time, 190.6 real, 162.9 MB
[runlim] sample:		194.8 time, 200.6 real, 165.0 MB
[runlim] sample:		204.8 time, 210.6 real, 167.3 MB
[runlim] sample:		214.8 time, 220.6 real, 169.4 MB
[runlim] sample:		224.8 time, 230.6 real, 171.5 MB
[runlim] sample:		233.9 time, 240.6 real, 174.6 MB
[runlim] sample:		242.6 time, 250.6 real, 174.6 MB
[runlim] sample:		251.3 time, 260.6 real, 177.2 MB
[runlim] sample:		259.9 time, 270.6 real, 179.0 MB
[runlim] sample:		268.9 time, 280.6 real, 181.3 MB
[runlim] sample:		278.9 time, 290.6 real, 181.3 MB
[runlim] sample:		288.9 time, 300.6 real, 183.9 MB
[runlim] sample:		298.9 time, 310.6 real, 186.8 MB
CVC4 interrupted by SIGTERM.
[runlim] end:			Tue Jan 29 11:18:50 2019
[runlim] status:		out of time
[runlim] result:		2
[runlim] children:		0
[runlim] real:			311.79 seconds
[runlim] time:			300.05 seconds
[runlim] space:			186.8 MB
[runlim] samples:		3112
