[runlim] version:		1.10fixed
[runlim] time limit:		300 seconds
[runlim] real time limit:	311040000 seconds
[runlim] space limit:		4000 MB
[runlim] argv[0]:		./cvc4
[runlim] argv[1]:		/tmp/QZX8e0MU.smt2
[runlim] start:			Mon Jan 28 14:47:47 2019
[runlim] main pid:		30843
[runlim] sample:		7.7 time, 10.6 real, 52.2 MB
[runlim] sample:		15.5 time, 20.6 real, 60.2 MB
[runlim] sample:		23.2 time, 30.6 real, 65.4 MB
[runlim] sample:		32.3 time, 40.6 real, 72.7 MB
[runlim] sample:		42.0 time, 50.6 real, 76.0 MB
[runlim] sample:		51.6 time, 60.6 real, 80.6 MB
[runlim] sample:		61.2 time, 70.6 real, 84.0 MB
[runlim] sample:		70.9 time, 80.6 real, 86.2 MB
[runlim] sample:		80.6 time, 90.6 real, 89.5 MB
[runlim] sample:		89.3 time, 100.6 real, 92.6 MB
[runlim] sample:		99.3 time, 110.6 real, 94.4 MB
[runlim] sample:		109.3 time, 120.6 real, 96.5 MB
[runlim] sample:		119.3 time, 130.6 real, 100.0 MB
[runlim] sample:		129.3 time, 140.6 real, 101.2 MB
[runlim] sample:		139.3 time, 150.6 real, 103.1 MB
[runlim] sample:		149.0 time, 160.6 real, 104.6 MB
[runlim] sample:		159.0 time, 170.6 real, 105.9 MB
[runlim] sample:		169.0 time, 180.6 real, 108.0 MB
[runlim] sample:		178.2 time, 190.6 real, 109.2 MB
[runlim] sample:		186.2 time, 200.6 real, 111.0 MB
[runlim] sample:		194.7 time, 210.6 real, 112.8 MB
[runlim] sample:		202.7 time, 220.6 real, 112.8 MB
[runlim] sample:		211.1 time, 230.6 real, 114.1 MB
[runlim] sample:		219.1 time, 240.6 real, 117.5 MB
[runlim] sample:		227.2 time, 250.6 real, 118.9 MB
[runlim] sample:		235.2 time, 260.6 real, 118.9 MB
[runlim] sample:		243.9 time, 270.6 real, 120.2 MB
[runlim] sample:		253.9 time, 280.6 real, 122.0 MB
[runlim] sample:		263.0 time, 290.6 real, 122.5 MB
[runlim] sample:		271.0 time, 300.6 real, 123.3 MB
[runlim] sample:		280.1 time, 310.6 real, 125.1 MB
[runlim] sample:		289.3 time, 320.6 real, 125.1 MB
[runlim] end:			Mon Jan 28 14:53:10 2019
[runlim] status:		signal(9)
[runlim] result:		11
[runlim] children:		0
[runlim] real:			323.15 seconds
[runlim] time:			291.75 seconds
[runlim] space:			127.9 MB
[runlim] samples:		3225
