[runlim] version:		1.10fixed
[runlim] time limit:		300 seconds
[runlim] real time limit:	311040000 seconds
[runlim] space limit:		4000 MB
[runlim] argv[0]:		./cvc4
[runlim] argv[1]:		/tmp/RqFh0P37.smt2
[runlim] start:			Tue Jan 29 11:17:52 2019
[runlim] main pid:		16262
[runlim] sample:		8.0 time, 10.6 real, 72.6 MB
[runlim] sample:		17.6 time, 20.6 real, 90.8 MB
[runlim] sample:		26.6 time, 30.6 real, 106.2 MB
[runlim] sample:		35.3 time, 40.6 real, 115.9 MB
[runlim] sample:		44.0 time, 50.6 real, 125.4 MB
[runlim] sample:		52.2 time, 60.6 real, 132.1 MB
[runlim] sample:		61.0 time, 70.6 real, 136.0 MB
[runlim] sample:		70.2 time, 80.6 real, 143.2 MB
[runlim] sample:		79.5 time, 90.6 real, 147.7 MB
[runlim] sample:		88.9 time, 100.6 real, 154.2 MB
[runlim] sample:		98.3 time, 110.6 real, 157.8 MB
[runlim] sample:		107.7 time, 120.6 real, 161.0 MB
[runlim] sample:		117.2 time, 130.6 real, 164.9 MB
[runlim] sample:		127.2 time, 140.6 real, 170.3 MB
[runlim] sample:		137.2 time, 150.6 real, 174.7 MB
[runlim] sample:		146.6 time, 160.6 real, 178.2 MB
[runlim] sample:		156.0 time, 170.6 real, 181.0 MB
[runlim] sample:		165.4 time, 180.6 real, 181.8 MB
[runlim] sample:		175.4 time, 190.6 real, 185.4 MB
[runlim] sample:		184.8 time, 200.6 real, 189.3 MB
[runlim] sample:		194.4 time, 210.6 real, 192.4 MB
[runlim] sample:		204.0 time, 220.6 real, 195.7 MB
[runlim] sample:		213.1 time, 230.6 real, 195.7 MB
[runlim] sample:		222.3 time, 240.6 real, 201.1 MB
[runlim] sample:		232.3 time, 250.6 real, 204.7 MB
[runlim] sample:		242.3 time, 260.6 real, 208.1 MB
[runlim] sample:		252.3 time, 270.6 real, 208.1 MB
[runlim] sample:		261.5 time, 280.6 real, 211.4 MB
[runlim] sample:		269.3 time, 290.6 real, 211.4 MB
[runlim] sample:		279.3 time, 300.6 real, 214.8 MB
[runlim] sample:		287.4 time, 310.6 real, 218.4 MB
[runlim] sample:		295.1 time, 320.6 real, 218.6 MB
[runlim] end:			Tue Jan 29 11:23:17 2019
[runlim] status:		signal(9)
[runlim] result:		11
[runlim] children:		0
[runlim] real:			325.55 seconds
[runlim] time:			298.82 seconds
[runlim] space:			218.6 MB
[runlim] samples:		3249
