[runlim] version:		1.10fixed
[runlim] time limit:		300 seconds
[runlim] real time limit:	311040000 seconds
[runlim] space limit:		4000 MB
[runlim] argv[0]:		./cvc4
[runlim] argv[1]:		/tmp/P5TU3Vdx.smt2
[runlim] start:			Tue Jan 29 11:16:59 2019
[runlim] main pid:		1606
[runlim] sample:		7.5 time, 10.5 real, 58.4 MB
[runlim] sample:		14.9 time, 20.5 real, 71.5 MB
[runlim] sample:		23.9 time, 30.5 real, 81.8 MB
[runlim] sample:		33.9 time, 40.5 real, 90.8 MB
[runlim] sample:		43.9 time, 50.5 real, 98.5 MB
[runlim] sample:		53.9 time, 60.5 real, 102.6 MB
[runlim] sample:		63.9 time, 70.5 real, 107.3 MB
[runlim] sample:		73.9 time, 80.5 real, 113.5 MB
[runlim] sample:		83.9 time, 90.5 real, 117.6 MB
[runlim] sample:		93.9 time, 100.5 real, 119.7 MB
[runlim] sample:		103.9 time, 110.5 real, 125.0 MB
[runlim] sample:		113.8 time, 120.5 real, 127.1 MB
[runlim] sample:		123.8 time, 130.5 real, 129.4 MB
[runlim] sample:		133.8 time, 140.5 real, 131.5 MB
[runlim] sample:		143.8 time, 150.5 real, 135.7 MB
[runlim] sample:		153.8 time, 160.5 real, 141.1 MB
[runlim] sample:		163.8 time, 170.5 real, 142.9 MB
[runlim] sample:		173.8 time, 180.5 real, 144.9 MB
[runlim] sample:		183.8 time, 190.5 real, 145.7 MB
[runlim] sample:		193.8 time, 200.5 real, 148.0 MB
[runlim] sample:		203.8 time, 210.5 real, 150.1 MB
[runlim] sample:		213.2 time, 220.5 real, 152.1 MB
[runlim] sample:		222.2 time, 230.5 real, 155.2 MB
[runlim] sample:		231.8 time, 240.5 real, 155.2 MB
[runlim] sample:		241.8 time, 250.5 real, 157.6 MB
[runlim] sample:		251.8 time, 260.5 real, 160.6 MB
[runlim] sample:		261.8 time, 270.5 real, 163.2 MB
[runlim] sample:		271.8 time, 280.5 real, 163.2 MB
[runlim] sample:		281.0 time, 290.5 real, 165.3 MB
[runlim] sample:		289.9 time, 300.5 real, 167.6 MB
[runlim] sample:		298.9 time, 310.5 real, 167.6 MB
CVC4 interrupted by SIGTERM.
[runlim] end:			Tue Jan 29 11:22:10 2019
[runlim] status:		out of time
[runlim] result:		2
[runlim] children:		0
[runlim] real:			311.87 seconds
[runlim] time:			300.05 seconds
[runlim] space:			167.6 MB
[runlim] samples:		3113
