[runlim] version:		1.10fixed
[runlim] time limit:		300 seconds
[runlim] real time limit:	311040000 seconds
[runlim] space limit:		4000 MB
[runlim] argv[0]:		./cvc4
[runlim] argv[1]:		/tmp/pBlXAFsi.smt2
[runlim] start:			Mon Jan 28 14:34:20 2019
[runlim] main pid:		25172
/tmp/pBlXAFsi.smt2:4.12: No set-logic command was given before this point.
/tmp/pBlXAFsi.smt2:4.12: CVC4 will make all theories available.
/tmp/pBlXAFsi.smt2:4.12: Consider setting a stricter logic for (likely) better performance.
/tmp/pBlXAFsi.smt2:4.12: To suppress this warning in the future use (set-logic ALL).
[runlim] sample:		8.7 time, 10.8 real, 82.0 MB
[runlim] sample:		18.7 time, 20.8 real, 98.1 MB
[runlim] sample:		27.4 time, 30.8 real, 116.6 MB
[runlim] sample:		36.7 time, 40.8 real, 116.9 MB
[runlim] sample:		46.3 time, 50.8 real, 118.2 MB
[runlim] sample:		56.0 time, 60.8 real, 140.5 MB
[runlim] sample:		64.8 time, 70.8 real, 140.8 MB
[runlim] sample:		72.8 time, 80.8 real, 141.0 MB
[runlim] sample:		82.8 time, 90.8 real, 142.6 MB
[runlim] sample:		92.8 time, 100.8 real, 163.6 MB
[runlim] sample:		102.8 time, 110.8 real, 163.9 MB
[runlim] sample:		112.8 time, 120.8 real, 164.1 MB
[runlim] sample:		122.8 time, 130.8 real, 164.6 MB
[runlim] sample:		132.8 time, 140.8 real, 165.9 MB
[runlim] sample:		142.8 time, 150.8 real, 188.6 MB
[runlim] sample:		152.4 time, 160.8 real, 188.6 MB
[runlim] sample:		160.5 time, 170.8 real, 188.9 MB
[runlim] sample:		170.5 time, 180.8 real, 188.9 MB
[runlim] sample:		180.5 time, 190.8 real, 189.1 MB
[runlim] sample:		189.8 time, 200.8 real, 189.4 MB
[runlim] sample:		197.9 time, 210.8 real, 189.9 MB
[runlim] sample:		206.5 time, 220.8 real, 191.2 MB
[runlim] sample:		215.4 time, 230.8 real, 192.2 MB
[runlim] sample:		225.4 time, 240.8 real, 219.3 MB
[runlim] sample:		235.4 time, 250.8 real, 219.6 MB
[runlim] sample:		245.4 time, 260.8 real, 219.6 MB
[runlim] sample:		255.4 time, 270.8 real, 219.8 MB
[runlim] sample:		265.4 time, 280.8 real, 219.8 MB
[runlim] sample:		275.3 time, 290.8 real, 220.1 MB
[runlim] sample:		285.2 time, 300.8 real, 220.3 MB
[runlim] sample:		295.2 time, 310.8 real, 220.6 MB
CVC4 interrupted by SIGTERM.
[runlim] end:			Mon Jan 28 14:39:35 2019
[runlim] status:		out of time
[runlim] result:		2
[runlim] children:		0
[runlim] real:			315.69 seconds
[runlim] time:			300.09 seconds
[runlim] space:			220.8 MB
[runlim] samples:		3149
