[runlim] version:		1.10fixed
[runlim] time limit:		1800 seconds
[runlim] real time limit:	311040000 seconds
[runlim] space limit:		4000 MB
[runlim] argv[0]:		./cvc4
[runlim] argv[1]:		/tmp/xA0BW2lG.smt2
[runlim] start:			Sat Feb  9 18:57:12 2019
[runlim] main pid:		11903
/tmp/xA0BW2lG.smt2:4.12: No set-logic command was given before this point.
/tmp/xA0BW2lG.smt2:4.12: CVC4 will make all theories available.
/tmp/xA0BW2lG.smt2:4.12: Consider setting a stricter logic for (likely) better performance.
/tmp/xA0BW2lG.smt2:4.12: To suppress this warning in the future use (set-logic ALL).
[runlim] sample:		9.6 time, 10.8 real, 106.2 MB
[runlim] sample:		19.6 time, 20.8 real, 142.7 MB
[runlim] sample:		29.6 time, 30.8 real, 164.3 MB
[runlim] sample:		39.6 time, 40.8 real, 183.1 MB
[runlim] sample:		49.6 time, 50.8 real, 197.5 MB
[runlim] sample:		59.0 time, 60.8 real, 211.4 MB
[runlim] sample:		68.7 time, 70.8 real, 226.2 MB
[runlim] sample:		77.3 time, 80.8 real, 238.8 MB
[runlim] sample:		86.3 time, 90.8 real, 246.6 MB
[runlim] sample:		95.2 time, 100.8 real, 254.5 MB
[runlim] sample:		104.2 time, 110.8 real, 265.1 MB
[runlim] sample:		113.0 time, 120.8 real, 273.1 MB
[runlim] sample:		121.8 time, 130.8 real, 279.0 MB
[runlim] sample:		130.7 time, 140.8 real, 286.9 MB
[runlim] sample:		140.1 time, 150.8 real, 292.6 MB
[runlim] sample:		149.1 time, 160.8 real, 298.0 MB
[runlim] sample:		158.4 time, 170.8 real, 304.4 MB
[runlim] sample:		167.8 time, 180.8 real, 311.1 MB
[runlim] sample:		177.5 time, 190.8 real, 316.0 MB
[runlim] sample:		187.0 time, 200.8 real, 322.5 MB
[runlim] sample:		195.8 time, 210.8 real, 327.6 MB
[runlim] sample:		204.6 time, 220.8 real, 332.8 MB
[runlim] sample:		214.3 time, 230.8 real, 344.1 MB
[runlim] sample:		224.3 time, 240.8 real, 344.8 MB
[runlim] sample:		234.3 time, 250.8 real, 346.1 MB
[runlim] sample:		244.3 time, 260.8 real, 350.2 MB
[runlim] sample:		253.4 time, 270.8 real, 355.1 MB
[runlim] sample:		263.1 time, 280.8 real, 358.5 MB
[runlim] sample:		272.0 time, 290.8 real, 362.9 MB
[runlim] sample:		280.6 time, 300.8 real, 365.4 MB
[runlim] sample:		290.3 time, 310.8 real, 370.6 MB
[runlim] sample:		300.0 time, 320.8 real, 373.4 MB
[runlim] sample:		310.0 time, 330.8 real, 378.8 MB
[runlim] sample:		319.7 time, 340.8 real, 381.9 MB
[runlim] sample:		328.3 time, 350.8 real, 386.5 MB
[runlim] sample:		337.9 time, 360.8 real, 390.1 MB
[runlim] sample:		346.9 time, 370.8 real, 392.7 MB
[runlim] sample:		355.8 time, 380.8 real, 397.6 MB
[runlim] sample:		364.7 time, 390.8 real, 401.5 MB
[runlim] sample:		373.6 time, 400.8 real, 404.3 MB
[runlim] sample:		382.6 time, 410.8 real, 407.1 MB
[runlim] sample:		391.3 time, 420.8 real, 409.7 MB
[runlim] sample:		400.0 time, 430.8 real, 416.1 MB
[runlim] sample:		408.7 time, 440.8 real, 418.4 MB
[runlim] sample:		417.6 time, 450.8 real, 421.2 MB
[runlim] sample:		426.6 time, 460.8 real, 423.6 MB
[runlim] sample:		435.6 time, 470.8 real, 426.1 MB
[runlim] sample:		444.3 time, 480.8 real, 429.2 MB
[runlim] sample:		453.3 time, 490.8 real, 432.3 MB
[runlim] sample:		462.0 time, 500.8 real, 436.7 MB
[runlim] sample:		470.7 time, 510.8 real, 443.4 MB
[runlim] sample:		480.5 time, 520.8 real, 446.0 MB
[runlim] sample:		490.5 time, 530.8 real, 448.6 MB
[runlim] sample:		499.1 time, 540.8 real, 451.1 MB
[runlim] sample:		508.3 time, 550.8 real, 455.5 MB
[runlim] sample:		518.3 time, 560.8 real, 458.9 MB
[runlim] sample:		528.3 time, 570.8 real, 466.4 MB
[runlim] sample:		538.3 time, 580.8 real, 469.2 MB
[runlim] sample:		548.3 time, 590.8 real, 471.6 MB
[runlim] sample:		558.3 time, 600.8 real, 474.1 MB
[runlim] sample:		568.3 time, 610.8 real, 477.0 MB
[runlim] sample:		578.2 time, 620.8 real, 480.3 MB
[runlim] sample:		587.0 time, 630.8 real, 482.1 MB
[runlim] sample:		595.8 time, 640.8 real, 484.7 MB
[runlim] sample:		604.5 time, 650.8 real, 487.0 MB
[runlim] sample:		613.6 time, 660.8 real, 489.6 MB
[runlim] sample:		623.6 time, 670.8 real, 492.1 MB
[runlim] sample:		633.6 time, 680.8 real, 494.7 MB
[runlim] sample:		642.9 time, 690.8 real, 497.3 MB
[runlim] sample:		652.8 time, 700.8 real, 500.1 MB
[runlim] sample:		662.5 time, 710.8 real, 502.4 MB
[runlim] sample:		671.2 time, 720.8 real, 515.6 MB
[runlim] sample:		680.5 time, 730.8 real, 515.8 MB
[runlim] sample:		690.5 time, 740.8 real, 516.1 MB
[runlim] sample:		699.7 time, 750.8 real, 516.3 MB
[runlim] sample:		709.7 time, 760.8 real, 517.4 MB
[runlim] sample:		718.8 time, 770.8 real, 519.7 MB
[runlim] sample:		727.1 time, 780.8 real, 522.5 MB
[runlim] sample:		736.2 time, 790.8 real, 523.0 MB
[runlim] sample:		746.2 time, 800.8 real, 524.8 MB
[runlim] sample:		756.2 time, 810.8 real, 528.9 MB
[runlim] sample:		766.2 time, 820.8 real, 531.3 MB
[runlim] sample:		776.2 time, 830.8 real, 534.1 MB
[runlim] sample:		786.2 time, 840.8 real, 538.2 MB
[runlim] sample:		796.2 time, 850.8 real, 539.2 MB
[runlim] sample:		806.2 time, 860.8 real, 540.3 MB
[runlim] sample:		816.2 time, 870.8 real, 545.9 MB
[runlim] sample:		826.2 time, 880.8 real, 548.2 MB
[runlim] sample:		836.2 time, 890.8 real, 550.0 MB
[runlim] sample:		846.2 time, 900.8 real, 550.8 MB
[runlim] sample:		856.0 time, 910.8 real, 552.6 MB
[runlim] sample:		866.0 time, 920.8 real, 554.7 MB
[runlim] sample:		876.0 time, 930.8 real, 556.7 MB
[runlim] sample:		886.0 time, 940.8 real, 558.3 MB
[runlim] sample:		895.2 time, 950.8 real, 559.0 MB
[runlim] sample:		905.1 time, 960.8 real, 561.4 MB
[runlim] sample:		914.1 time, 970.8 real, 564.2 MB
[runlim] sample:		923.9 time, 980.8 real, 564.7 MB
[runlim] sample:		933.9 time, 990.8 real, 566.5 MB
[runlim] sample:		943.9 time, 1000.8 real, 570.1 MB
[runlim] sample:		953.9 time, 1010.8 real, 572.4 MB
[runlim] sample:		963.9 time, 1020.8 real, 572.4 MB
[runlim] sample:		973.8 time, 1030.8 real, 575.0 MB
[runlim] sample:		982.0 time, 1040.8 real, 577.6 MB
[runlim] sample:		991.6 time, 1050.8 real, 577.6 MB
[runlim] sample:		1001.6 time, 1060.8 real, 580.1 MB
[runlim] sample:		1011.6 time, 1070.8 real, 582.4 MB
[runlim] sample:		1021.3 time, 1080.8 real, 583.0 MB
[runlim] sample:		1031.3 time, 1090.8 real, 585.3 MB
[runlim] sample:		1041.3 time, 1100.8 real, 587.9 MB
[runlim] sample:		1051.3 time, 1110.8 real, 588.9 MB
[runlim] sample:		1061.3 time, 1120.8 real, 590.7 MB
[runlim] sample:		1071.3 time, 1130.8 real, 593.3 MB
[runlim] sample:		1081.3 time, 1140.8 real, 594.0 MB
[runlim] sample:		1091.3 time, 1150.8 real, 595.8 MB
[runlim] sample:		1101.3 time, 1160.8 real, 598.4 MB
[runlim] sample:		1110.2 time, 1170.8 real, 598.9 MB
[runlim] sample:		1120.1 time, 1180.8 real, 601.2 MB
[runlim] sample:		1129.5 time, 1190.8 real, 603.8 MB
[runlim] sample:		1138.5 time, 1200.8 real, 603.8 MB
[runlim] sample:		1147.4 time, 1210.8 real, 606.4 MB
[runlim] sample:		1156.4 time, 1220.8 real, 606.6 MB
[runlim] sample:		1165.8 time, 1230.8 real, 609.0 MB
[runlim] sample:		1175.8 time, 1240.8 real, 611.8 MB
[runlim] sample:		1184.9 time, 1250.8 real, 612.6 MB
[runlim] sample:		1194.9 time, 1260.8 real, 615.1 MB
[runlim] sample:		1204.0 time, 1270.8 real, 615.1 MB
[runlim] sample:		1214.0 time, 1280.8 real, 618.0 MB
[runlim] sample:		1224.0 time, 1290.8 real, 619.7 MB
[runlim] sample:		1234.0 time, 1300.8 real, 620.5 MB
[runlim] sample:		1244.0 time, 1310.8 real, 623.8 MB
[runlim] sample:		1254.0 time, 1320.8 real, 624.1 MB
[runlim] sample:		1263.1 time, 1330.8 real, 625.9 MB
[runlim] sample:		1272.5 time, 1340.8 real, 627.7 MB
[runlim] sample:		1282.0 time, 1350.8 real, 628.4 MB
[runlim] sample:		1291.0 time, 1360.8 real, 633.9 MB
[runlim] sample:		1300.0 time, 1370.8 real, 633.9 MB
[runlim] sample:		1309.5 time, 1380.8 real, 638.0 MB
[runlim] sample:		1319.2 time, 1390.8 real, 638.0 MB
[runlim] sample:		1328.8 time, 1400.8 real, 638.5 MB
[runlim] sample:		1338.5 time, 1410.8 real, 639.8 MB
[runlim] sample:		1347.9 time, 1420.8 real, 641.1 MB
[runlim] sample:		1357.1 time, 1430.8 real, 642.9 MB
[runlim] sample:		1366.1 time, 1440.8 real, 643.6 MB
[runlim] sample:		1375.7 time, 1450.8 real, 646.2 MB
[runlim] sample:		1384.7 time, 1460.8 real, 646.2 MB
[runlim] sample:		1393.7 time, 1470.8 real, 649.0 MB
[runlim] sample:		1403.5 time, 1480.8 real, 649.0 MB
[runlim] sample:		1413.2 time, 1490.8 real, 651.6 MB
[runlim] sample:		1423.2 time, 1500.8 real, 651.6 MB
[runlim] sample:		1433.2 time, 1510.8 real, 654.2 MB
[runlim] sample:		1443.2 time, 1520.8 real, 654.9 MB
[runlim] sample:		1453.2 time, 1530.8 real, 656.7 MB
[runlim] sample:		1463.2 time, 1540.8 real, 672.1 MB
[runlim] sample:		1473.2 time, 1550.8 real, 672.1 MB
[runlim] sample:		1483.2 time, 1560.8 real, 672.3 MB
[runlim] sample:		1493.2 time, 1570.8 real, 672.3 MB
[runlim] sample:		1503.2 time, 1580.8 real, 672.8 MB
[runlim] sample:		1513.0 time, 1590.8 real, 672.8 MB
[runlim] sample:		1522.7 time, 1600.8 real, 673.3 MB
[runlim] sample:		1532.4 time, 1610.8 real, 673.3 MB
[runlim] sample:		1542.0 time, 1620.8 real, 673.9 MB
[runlim] sample:		1551.7 time, 1630.8 real, 673.9 MB
[runlim] sample:		1561.5 time, 1640.8 real, 674.1 MB
[runlim] sample:		1571.5 time, 1650.8 real, 674.1 MB
[runlim] sample:		1581.3 time, 1660.8 real, 675.7 MB
[runlim] sample:		1590.9 time, 1670.8 real, 675.7 MB
[runlim] sample:		1600.7 time, 1680.8 real, 677.4 MB
[runlim] sample:		1610.2 time, 1690.8 real, 677.4 MB
[runlim] sample:		1619.9 time, 1700.8 real, 679.8 MB
[runlim] sample:		1629.8 time, 1710.8 real, 679.8 MB
[runlim] sample:		1639.7 time, 1720.8 real, 682.3 MB
[runlim] sample:		1649.3 time, 1730.8 real, 682.3 MB
[runlim] sample:		1659.3 time, 1740.8 real, 684.9 MB
[runlim] sample:		1669.3 time, 1750.8 real, 684.9 MB
[runlim] sample:		1679.1 time, 1760.8 real, 687.5 MB
[runlim] sample:		1688.8 time, 1770.8 real, 687.5 MB
[runlim] sample:		1698.7 time, 1780.8 real, 690.1 MB
[runlim] sample:		1708.7 time, 1790.8 real, 690.1 MB
[runlim] sample:		1718.7 time, 1800.8 real, 692.6 MB
[runlim] sample:		1728.7 time, 1810.8 real, 692.6 MB
[runlim] sample:		1738.7 time, 1820.8 real, 695.2 MB
[runlim] sample:		1748.7 time, 1830.8 real, 695.2 MB
[runlim] sample:		1758.7 time, 1840.8 real, 698.0 MB
[runlim] sample:		1768.7 time, 1850.8 real, 698.0 MB
[runlim] sample:		1778.7 time, 1860.8 real, 700.6 MB
[runlim] sample:		1788.7 time, 1870.8 real, 700.6 MB
[runlim] sample:		1798.5 time, 1880.8 real, 703.2 MB
CVC4 interrupted by SIGTERM.
[runlim] end:			Sat Feb  9 19:28:34 2019
[runlim] status:		out of time
[runlim] result:		2
[runlim] children:		0
[runlim] real:			1882.40 seconds
[runlim] time:			1800.10 seconds
[runlim] space:			703.2 MB
[runlim] samples:		18816
