[runlim] version:		1.10fixed
[runlim] time limit:		300 seconds
[runlim] real time limit:	311040000 seconds
[runlim] space limit:		4000 MB
[runlim] argv[0]:		./cvc4
[runlim] argv[1]:		/tmp/sVAebkrD.smt2
[runlim] start:			Mon Jan 28 14:34:39 2019
[runlim] main pid:		12441
/tmp/sVAebkrD.smt2:4.12: No set-logic command was given before this point.
/tmp/sVAebkrD.smt2:4.12: CVC4 will make all theories available.
/tmp/sVAebkrD.smt2:4.12: Consider setting a stricter logic for (likely) better performance.
/tmp/sVAebkrD.smt2:4.12: To suppress this warning in the future use (set-logic ALL).
[runlim] sample:		9.8 time, 11.0 real, 114.5 MB
[runlim] sample:		19.8 time, 21.0 real, 154.3 MB
[runlim] sample:		29.8 time, 31.0 real, 179.0 MB
[runlim] sample:		39.8 time, 41.0 real, 198.9 MB
[runlim] sample:		49.8 time, 51.0 real, 219.3 MB
[runlim] sample:		57.9 time, 61.0 real, 231.1 MB
[runlim] sample:		67.8 time, 71.0 real, 244.8 MB
[runlim] sample:		77.8 time, 81.0 real, 259.4 MB
[runlim] sample:		87.8 time, 91.0 real, 271.8 MB
[runlim] sample:		97.8 time, 101.0 real, 282.6 MB
[runlim] sample:		107.8 time, 111.0 real, 292.4 MB
[runlim] sample:		117.8 time, 121.0 real, 300.9 MB
[runlim] sample:		127.8 time, 131.0 real, 309.4 MB
[runlim] sample:		137.6 time, 141.0 real, 316.8 MB
[runlim] sample:		147.5 time, 151.0 real, 325.9 MB
[runlim] sample:		157.2 time, 161.0 real, 337.6 MB
[runlim] sample:		166.8 time, 171.0 real, 340.0 MB
[runlim] sample:		176.5 time, 181.0 real, 346.7 MB
[runlim] sample:		186.1 time, 191.0 real, 352.3 MB
[runlim] sample:		195.9 time, 201.0 real, 357.0 MB
[runlim] sample:		205.9 time, 211.0 real, 363.9 MB
[runlim] sample:		215.7 time, 221.0 real, 370.9 MB
[runlim] sample:		225.3 time, 231.0 real, 378.1 MB
[runlim] sample:		235.0 time, 241.0 real, 380.7 MB
[runlim] sample:		244.7 time, 251.0 real, 388.4 MB
[runlim] sample:		254.3 time, 261.0 real, 392.2 MB
[runlim] sample:		263.3 time, 271.0 real, 397.7 MB
[runlim] sample:		272.8 time, 281.0 real, 402.0 MB
[runlim] sample:		282.8 time, 291.0 real, 409.2 MB
[runlim] sample:		292.6 time, 301.0 real, 417.4 MB
CVC4 interrupted by SIGTERM.
[runlim] end:			Mon Jan 28 14:39:47 2019
[runlim] status:		out of time
[runlim] result:		2
[runlim] children:		0
[runlim] real:			308.69 seconds
[runlim] time:			300.07 seconds
[runlim] space:			417.9 MB
[runlim] samples:		3077
