[runlim] version:		1.10fixed
[runlim] time limit:		300 seconds
[runlim] real time limit:	311040000 seconds
[runlim] space limit:		4000 MB
[runlim] argv[0]:		./cvc4
[runlim] argv[1]:		/tmp/EQjRivja.smt2
[runlim] start:			Tue Jan 29 11:07:40 2019
[runlim] main pid:		20158
/tmp/EQjRivja.smt2:4.12: No set-logic command was given before this point.
/tmp/EQjRivja.smt2:4.12: CVC4 will make all theories available.
/tmp/EQjRivja.smt2:4.12: Consider setting a stricter logic for (likely) better performance.
/tmp/EQjRivja.smt2:4.12: To suppress this warning in the future use (set-logic ALL).
[runlim] sample:		9.7 time, 11.0 real, 179.7 MB
[runlim] sample:		19.7 time, 21.0 real, 365.2 MB
[runlim] sample:		29.7 time, 31.0 real, 569.9 MB
[runlim] sample:		39.7 time, 41.0 real, 660.4 MB
[runlim] sample:		49.7 time, 51.0 real, 715.2 MB
[runlim] sample:		59.7 time, 61.0 real, 715.5 MB
[runlim] sample:		69.1 time, 71.0 real, 715.5 MB
[runlim] sample:		78.1 time, 81.0 real, 715.5 MB
[runlim] sample:		87.8 time, 91.0 real, 715.5 MB
[runlim] sample:		97.4 time, 101.0 real, 715.5 MB
[runlim] sample:		107.2 time, 111.0 real, 715.5 MB
[runlim] sample:		117.2 time, 121.0 real, 715.8 MB
[runlim] sample:		127.1 time, 131.0 real, 715.8 MB
[runlim] sample:		136.7 time, 141.0 real, 715.8 MB
[runlim] sample:		146.4 time, 151.0 real, 715.8 MB
[runlim] sample:		156.0 time, 161.0 real, 715.8 MB
[runlim] sample:		165.7 time, 171.0 real, 716.0 MB
[runlim] sample:		175.7 time, 181.0 real, 716.0 MB
[runlim] sample:		185.7 time, 191.0 real, 716.0 MB
[runlim] sample:		195.7 time, 201.0 real, 716.0 MB
[runlim] sample:		205.7 time, 211.0 real, 716.0 MB
[runlim] sample:		215.7 time, 221.0 real, 716.3 MB
[runlim] sample:		225.7 time, 231.0 real, 716.3 MB
[runlim] sample:		235.5 time, 241.0 real, 716.3 MB
[runlim] sample:		244.4 time, 251.0 real, 716.3 MB
[runlim] sample:		253.1 time, 261.0 real, 716.3 MB
[runlim] sample:		261.7 time, 271.0 real, 716.3 MB
[runlim] sample:		271.0 time, 281.0 real, 716.5 MB
[runlim] sample:		279.7 time, 291.0 real, 716.5 MB
[runlim] sample:		288.5 time, 301.0 real, 716.5 MB
[runlim] sample:		297.6 time, 311.0 real, 716.5 MB
CVC4 interrupted by SIGTERM.
[runlim] end:			Tue Jan 29 11:12:53 2019
[runlim] status:		out of time
[runlim] result:		2
[runlim] children:		0
[runlim] real:			313.42 seconds
[runlim] time:			300.01 seconds
[runlim] space:			716.5 MB
[runlim] samples:		3124
