[runlim] version:		1.10fixed
[runlim] time limit:		300 seconds
[runlim] real time limit:	311040000 seconds
[runlim] space limit:		4000 MB
[runlim] argv[0]:		./cvc4
[runlim] argv[1]:		/tmp/xbf1Q677.smt2
[runlim] start:			Tue Jan 29 11:06:45 2019
[runlim] main pid:		32359
/tmp/xbf1Q677.smt2:4.12: No set-logic command was given before this point.
/tmp/xbf1Q677.smt2:4.12: CVC4 will make all theories available.
/tmp/xbf1Q677.smt2:4.12: Consider setting a stricter logic for (likely) better performance.
/tmp/xbf1Q677.smt2:4.12: To suppress this warning in the future use (set-logic ALL).
[runlim] sample:		8.6 time, 10.6 real, 79.2 MB
[runlim] sample:		18.6 time, 20.6 real, 109.3 MB
[runlim] sample:		28.6 time, 30.6 real, 129.7 MB
[runlim] sample:		38.6 time, 40.6 real, 143.6 MB
[runlim] sample:		48.4 time, 50.6 real, 158.9 MB
[runlim] sample:		57.5 time, 60.6 real, 173.3 MB
[runlim] sample:		66.7 time, 70.6 real, 183.6 MB
[runlim] sample:		75.9 time, 80.6 real, 195.6 MB
[runlim] sample:		85.0 time, 90.6 real, 204.0 MB
[runlim] sample:		93.3 time, 100.6 real, 209.2 MB
[runlim] sample:		103.3 time, 110.6 real, 219.0 MB
[runlim] sample:		113.3 time, 120.6 real, 223.9 MB
[runlim] sample:		123.3 time, 130.6 real, 233.7 MB
[runlim] sample:		133.3 time, 140.6 real, 238.0 MB
[runlim] sample:		143.3 time, 150.6 real, 251.8 MB
[runlim] sample:		153.3 time, 160.6 real, 257.5 MB
[runlim] sample:		163.3 time, 170.6 real, 262.4 MB
[runlim] sample:		173.3 time, 180.6 real, 267.5 MB
[runlim] sample:		183.3 time, 190.6 real, 273.4 MB
[runlim] sample:		193.3 time, 200.6 real, 288.5 MB
[runlim] sample:		203.3 time, 210.6 real, 295.0 MB
[runlim] sample:		213.3 time, 220.6 real, 299.9 MB
[runlim] sample:		223.3 time, 230.6 real, 304.0 MB
[runlim] sample:		233.3 time, 240.6 real, 308.4 MB
[runlim] sample:		243.3 time, 250.6 real, 312.0 MB
[runlim] sample:		253.3 time, 260.6 real, 316.1 MB
[runlim] sample:		263.3 time, 270.6 real, 323.0 MB
[runlim] sample:		273.3 time, 280.6 real, 328.7 MB
[runlim] sample:		283.3 time, 290.6 real, 333.1 MB
[runlim] sample:		293.3 time, 300.6 real, 335.7 MB
CVC4 interrupted by SIGTERM.
[runlim] end:			Tue Jan 29 11:11:52 2019
[runlim] status:		out of time
[runlim] result:		2
[runlim] children:		0
[runlim] real:			307.43 seconds
[runlim] time:			300.10 seconds
[runlim] space:			342.9 MB
[runlim] samples:		3068
