[runlim] version:		1.10fixed
[runlim] time limit:		300 seconds
[runlim] real time limit:	311040000 seconds
[runlim] space limit:		4000 MB
[runlim] argv[0]:		./cvc4
[runlim] argv[1]:		/tmp/LXep4xuA.smt2
[runlim] start:			Tue Jan 29 11:07:58 2019
[runlim] main pid:		1926
/tmp/LXep4xuA.smt2:4.12: No set-logic command was given before this point.
/tmp/LXep4xuA.smt2:4.12: CVC4 will make all theories available.
/tmp/LXep4xuA.smt2:4.12: Consider setting a stricter logic for (likely) better performance.
/tmp/LXep4xuA.smt2:4.12: To suppress this warning in the future use (set-logic ALL).
[runlim] sample:		8.3 time, 10.3 real, 84.8 MB
[runlim] sample:		18.2 time, 20.3 real, 109.9 MB
[runlim] sample:		28.2 time, 30.3 real, 127.1 MB
[runlim] sample:		38.2 time, 40.3 real, 142.1 MB
[runlim] sample:		47.9 time, 50.3 real, 151.9 MB
[runlim] sample:		57.9 time, 60.3 real, 162.5 MB
[runlim] sample:		67.8 time, 70.3 real, 171.6 MB
[runlim] sample:		77.7 time, 80.3 real, 178.0 MB
[runlim] sample:		87.7 time, 90.3 real, 185.5 MB
[runlim] sample:		97.7 time, 100.3 real, 191.1 MB
[runlim] sample:		107.7 time, 110.3 real, 199.9 MB
[runlim] sample:		117.7 time, 120.3 real, 204.0 MB
[runlim] sample:		127.7 time, 130.3 real, 209.2 MB
[runlim] sample:		137.7 time, 140.3 real, 214.8 MB
[runlim] sample:		147.7 time, 150.3 real, 219.2 MB
[runlim] sample:		157.7 time, 160.3 real, 225.3 MB
[runlim] sample:		167.7 time, 170.3 real, 228.2 MB
[runlim] sample:		177.7 time, 180.3 real, 233.4 MB
[runlim] sample:		187.7 time, 190.3 real, 239.0 MB
[runlim] sample:		197.7 time, 200.3 real, 243.6 MB
[runlim] sample:		207.0 time, 210.3 real, 247.2 MB
[runlim] sample:		215.6 time, 220.3 real, 252.6 MB
[runlim] sample:		225.2 time, 230.3 real, 256.0 MB
[runlim] sample:		234.4 time, 240.3 real, 259.0 MB
[runlim] sample:		243.0 time, 250.3 real, 261.1 MB
[runlim] sample:		251.7 time, 260.3 real, 265.0 MB
[runlim] sample:		260.5 time, 270.3 real, 266.8 MB
[runlim] sample:		270.5 time, 280.3 real, 272.2 MB
[runlim] sample:		280.5 time, 290.3 real, 275.5 MB
[runlim] sample:		290.5 time, 300.3 real, 277.8 MB
[runlim] sample:		299.4 time, 310.3 real, 280.9 MB
CVC4 interrupted by SIGTERM.
[runlim] end:			Tue Jan 29 11:13:09 2019
[runlim] status:		out of time
[runlim] result:		2
[runlim] children:		0
[runlim] real:			311.23 seconds
[runlim] time:			300.07 seconds
[runlim] space:			280.9 MB
[runlim] samples:		3109
