[runlim] version:		1.10fixed
[runlim] time limit:		300 seconds
[runlim] real time limit:	311040000 seconds
[runlim] space limit:		4000 MB
[runlim] argv[0]:		./cvc4
[runlim] argv[1]:		/tmp/gnDjyZQF.smt2
[runlim] start:			Mon Jan 28 14:34:18 2019
[runlim] main pid:		3642
/tmp/gnDjyZQF.smt2:4.12: No set-logic command was given before this point.
/tmp/gnDjyZQF.smt2:4.12: CVC4 will make all theories available.
/tmp/gnDjyZQF.smt2:4.12: Consider setting a stricter logic for (likely) better performance.
/tmp/gnDjyZQF.smt2:4.12: To suppress this warning in the future use (set-logic ALL).
[runlim] sample:		9.6 time, 10.8 real, 102.2 MB
[runlim] sample:		19.2 time, 20.8 real, 134.8 MB
[runlim] sample:		28.9 time, 30.8 real, 156.2 MB
[runlim] sample:		38.7 time, 40.8 real, 171.6 MB
[runlim] sample:		47.5 time, 50.8 real, 182.7 MB
[runlim] sample:		57.5 time, 60.8 real, 196.3 MB
[runlim] sample:		67.5 time, 70.8 real, 208.2 MB
[runlim] sample:		77.3 time, 80.8 real, 219.8 MB
[runlim] sample:		86.7 time, 90.8 real, 227.8 MB
[runlim] sample:		96.7 time, 100.8 real, 239.3 MB
[runlim] sample:		106.3 time, 110.8 real, 249.1 MB
[runlim] sample:		114.8 time, 120.8 real, 255.0 MB
[runlim] sample:		124.8 time, 130.8 real, 264.0 MB
[runlim] sample:		134.3 time, 140.8 real, 271.0 MB
[runlim] sample:		144.3 time, 150.8 real, 275.8 MB
[runlim] sample:		154.3 time, 160.8 real, 283.1 MB
[runlim] sample:		164.3 time, 170.8 real, 287.7 MB
[runlim] sample:		174.3 time, 180.8 real, 292.1 MB
[runlim] sample:		184.3 time, 190.8 real, 297.5 MB
[runlim] sample:		194.3 time, 200.8 real, 303.1 MB
[runlim] sample:		204.3 time, 210.8 real, 308.3 MB
[runlim] sample:		214.3 time, 220.8 real, 312.7 MB
[runlim] sample:		224.3 time, 230.8 real, 317.1 MB
[runlim] sample:		234.3 time, 240.8 real, 321.2 MB
[runlim] sample:		244.3 time, 250.8 real, 325.6 MB
[runlim] sample:		254.3 time, 260.8 real, 328.9 MB
[runlim] sample:		264.3 time, 270.8 real, 333.0 MB
[runlim] sample:		274.3 time, 280.8 real, 337.4 MB
[runlim] sample:		284.3 time, 290.8 real, 341.3 MB
[runlim] sample:		294.2 time, 300.8 real, 344.1 MB
CVC4 interrupted by SIGTERM.
[runlim] end:			Mon Jan 28 14:39:24 2019
[runlim] status:		out of time
[runlim] result:		2
[runlim] children:		0
[runlim] real:			306.67 seconds
[runlim] time:			300.05 seconds
[runlim] space:			346.7 MB
[runlim] samples:		3058
