[runlim] version:		1.10fixed
[runlim] time limit:		1800 seconds
[runlim] real time limit:	311040000 seconds
[runlim] space limit:		4000 MB
[runlim] argv[0]:		./cvc4
[runlim] argv[1]:		/tmp/LVCYULCz.smt2
[runlim] start:			Fri Feb  8 20:37:52 2019
[runlim] main pid:		3439
/tmp/LVCYULCz.smt2:4.12: No set-logic command was given before this point.
/tmp/LVCYULCz.smt2:4.12: CVC4 will make all theories available.
/tmp/LVCYULCz.smt2:4.12: Consider setting a stricter logic for (likely) better performance.
/tmp/LVCYULCz.smt2:4.12: To suppress this warning in the future use (set-logic ALL).
[runlim] sample:		9.2 time, 10.8 real, 143.2 MB
[runlim] sample:		18.4 time, 20.8 real, 170.8 MB
[runlim] sample:		28.0 time, 30.8 real, 171.1 MB
[runlim] sample:		38.0 time, 40.8 real, 172.1 MB
[runlim] sample:		48.0 time, 50.8 real, 193.8 MB
[runlim] sample:		58.0 time, 60.8 real, 194.0 MB
[runlim] sample:		68.0 time, 70.8 real, 194.3 MB
[runlim] sample:		78.0 time, 80.8 real, 212.6 MB
[runlim] sample:		88.0 time, 90.8 real, 217.0 MB
[runlim] sample:		96.3 time, 100.8 real, 217.0 MB
[runlim] sample:		105.7 time, 110.8 real, 217.2 MB
[runlim] sample:		115.7 time, 120.8 real, 217.5 MB
[runlim] sample:		125.0 time, 130.8 real, 217.7 MB
[runlim] sample:		133.9 time, 140.8 real, 251.7 MB
[runlim] sample:		143.9 time, 150.8 real, 251.7 MB
[runlim] sample:		153.9 time, 160.8 real, 251.9 MB
[runlim] sample:		162.6 time, 170.8 real, 251.9 MB
[runlim] sample:		171.8 time, 180.8 real, 252.2 MB
[runlim] sample:		180.6 time, 190.8 real, 252.2 MB
[runlim] sample:		190.6 time, 200.8 real, 254.8 MB
[runlim] sample:		200.4 time, 210.8 real, 255.5 MB
[runlim] sample:		209.3 time, 220.8 real, 283.2 MB
[runlim] sample:		219.0 time, 230.8 real, 283.4 MB
[runlim] sample:		228.7 time, 240.8 real, 283.4 MB
[runlim] sample:		238.6 time, 250.8 real, 283.7 MB
[runlim] sample:		248.5 time, 260.8 real, 283.7 MB
[runlim] sample:		256.9 time, 270.8 real, 283.9 MB
[runlim] sample:		265.1 time, 280.8 real, 283.9 MB
[runlim] sample:		275.1 time, 290.8 real, 284.2 MB
[runlim] sample:		285.1 time, 300.8 real, 284.7 MB
[runlim] sample:		294.8 time, 310.8 real, 319.7 MB
[runlim] sample:		304.0 time, 320.8 real, 319.7 MB
[runlim] sample:		313.2 time, 330.8 real, 319.7 MB
[runlim] sample:		321.2 time, 340.8 real, 319.7 MB
[runlim] sample:		329.8 time, 350.8 real, 319.7 MB
[runlim] sample:		339.4 time, 360.8 real, 319.7 MB
[runlim] sample:		349.1 time, 370.8 real, 320.0 MB
[runlim] sample:		357.9 time, 380.8 real, 320.0 MB
[runlim] sample:		367.1 time, 390.8 real, 320.2 MB
[runlim] sample:		375.1 time, 400.8 real, 320.2 MB
[runlim] sample:		384.7 time, 410.8 real, 320.5 MB
[runlim] sample:		394.3 time, 420.8 real, 320.7 MB
[runlim] sample:		403.0 time, 430.8 real, 321.0 MB
[runlim] sample:		410.9 time, 440.8 real, 350.1 MB
[runlim] sample:		420.5 time, 450.8 real, 350.6 MB
[runlim] sample:		429.6 time, 460.8 real, 350.6 MB
[runlim] sample:		438.5 time, 470.8 real, 350.6 MB
[runlim] sample:		448.2 time, 480.8 real, 350.6 MB
[runlim] sample:		457.6 time, 490.8 real, 350.9 MB
[runlim] sample:		467.6 time, 500.8 real, 350.9 MB
[runlim] sample:		477.6 time, 510.8 real, 351.1 MB
[runlim] sample:		487.6 time, 520.8 real, 351.1 MB
[runlim] sample:		497.6 time, 530.8 real, 351.4 MB
[runlim] sample:		507.6 time, 540.8 real, 351.4 MB
[runlim] sample:		517.6 time, 550.8 real, 351.6 MB
[runlim] sample:		527.6 time, 560.8 real, 351.9 MB
[runlim] sample:		537.6 time, 570.8 real, 351.9 MB
[runlim] sample:		547.6 time, 580.8 real, 352.4 MB
[runlim] sample:		557.6 time, 590.8 real, 388.5 MB
[runlim] sample:		567.6 time, 600.8 real, 389.3 MB
[runlim] sample:		577.6 time, 610.8 real, 389.3 MB
[runlim] sample:		587.6 time, 620.8 real, 389.3 MB
[runlim] sample:		597.6 time, 630.8 real, 389.3 MB
[runlim] sample:		607.6 time, 640.8 real, 389.3 MB
[runlim] sample:		617.6 time, 650.8 real, 389.5 MB
[runlim] sample:		627.6 time, 660.8 real, 389.5 MB
[runlim] sample:		637.6 time, 670.8 real, 389.8 MB
[runlim] sample:		647.3 time, 680.8 real, 389.8 MB
[runlim] sample:		656.5 time, 690.8 real, 389.8 MB
[runlim] sample:		665.2 time, 700.8 real, 389.8 MB
[runlim] sample:		675.0 time, 710.8 real, 390.0 MB
[runlim] sample:		683.5 time, 720.8 real, 390.0 MB
[runlim] sample:		693.5 time, 730.8 real, 390.3 MB
[runlim] sample:		702.4 time, 740.8 real, 390.6 MB
[runlim] sample:		711.7 time, 750.8 real, 390.6 MB
[runlim] sample:		721.2 time, 760.8 real, 390.8 MB
[runlim] sample:		729.6 time, 770.8 real, 391.1 MB
[runlim] sample:		739.2 time, 780.8 real, 391.3 MB
[runlim] sample:		748.6 time, 790.8 real, 424.6 MB
[runlim] sample:		758.3 time, 800.8 real, 424.6 MB
[runlim] sample:		767.0 time, 810.8 real, 424.6 MB
[runlim] sample:		775.2 time, 820.8 real, 424.8 MB
[runlim] sample:		784.2 time, 830.8 real, 424.8 MB
[runlim] sample:		792.3 time, 840.8 real, 424.8 MB
[runlim] sample:		802.0 time, 850.8 real, 424.8 MB
[runlim] sample:		811.4 time, 860.8 real, 425.1 MB
[runlim] sample:		821.2 time, 870.8 real, 425.1 MB
[runlim] sample:		829.8 time, 880.8 real, 425.1 MB
[runlim] sample:		839.8 time, 890.8 real, 425.1 MB
[runlim] sample:		849.8 time, 900.8 real, 425.3 MB
[runlim] sample:		859.8 time, 910.8 real, 425.3 MB
[runlim] sample:		869.8 time, 920.8 real, 425.3 MB
[runlim] sample:		879.8 time, 930.8 real, 425.6 MB
[runlim] sample:		889.8 time, 940.8 real, 425.6 MB
[runlim] sample:		899.7 time, 950.8 real, 425.6 MB
[runlim] sample:		909.7 time, 960.8 real, 425.9 MB
[runlim] sample:		919.7 time, 970.8 real, 425.9 MB
[runlim] sample:		929.1 time, 980.8 real, 426.1 MB
[runlim] sample:		939.1 time, 990.8 real, 426.4 MB
[runlim] sample:		949.1 time, 1000.8 real, 426.4 MB
[runlim] sample:		958.2 time, 1010.8 real, 426.6 MB
[runlim] sample:		968.2 time, 1020.8 real, 426.9 MB
[runlim] sample:		976.4 time, 1030.8 real, 427.4 MB
[runlim] sample:		984.4 time, 1040.8 real, 469.1 MB
[runlim] sample:		992.5 time, 1050.8 real, 469.4 MB
[runlim] sample:		1000.9 time, 1060.8 real, 469.4 MB
[runlim] sample:		1010.9 time, 1070.8 real, 469.4 MB
[runlim] sample:		1019.7 time, 1080.8 real, 469.4 MB
[runlim] sample:		1029.7 time, 1090.8 real, 469.4 MB
[runlim] sample:		1039.7 time, 1100.8 real, 469.7 MB
[runlim] sample:		1049.7 time, 1110.8 real, 469.7 MB
[runlim] sample:		1059.7 time, 1120.8 real, 469.7 MB
[runlim] sample:		1069.6 time, 1130.8 real, 469.7 MB
[runlim] sample:		1077.8 time, 1140.8 real, 469.9 MB
[runlim] sample:		1087.8 time, 1150.8 real, 469.9 MB
[runlim] sample:		1097.8 time, 1160.8 real, 469.9 MB
[runlim] sample:		1107.4 time, 1170.8 real, 469.9 MB
[runlim] sample:		1115.4 time, 1180.8 real, 470.2 MB
[runlim] sample:		1123.4 time, 1190.8 real, 470.2 MB
[runlim] sample:		1133.0 time, 1200.8 real, 470.2 MB
[runlim] sample:		1143.0 time, 1210.8 real, 470.2 MB
[runlim] sample:		1153.0 time, 1220.8 real, 470.4 MB
[runlim] sample:		1163.0 time, 1230.8 real, 470.4 MB
[runlim] sample:		1173.0 time, 1240.8 real, 470.4 MB
[runlim] sample:		1183.0 time, 1250.8 real, 470.7 MB
[runlim] sample:		1193.0 time, 1260.8 real, 470.7 MB
[runlim] sample:		1203.0 time, 1270.8 real, 470.9 MB
[runlim] sample:		1213.0 time, 1280.8 real, 470.9 MB
[runlim] sample:		1223.0 time, 1290.8 real, 471.2 MB
[runlim] sample:		1233.0 time, 1300.8 real, 471.5 MB
[runlim] sample:		1243.0 time, 1310.8 real, 471.5 MB
[runlim] sample:		1253.0 time, 1320.8 real, 471.7 MB
[runlim] sample:		1263.0 time, 1330.8 real, 472.0 MB
[runlim] sample:		1273.0 time, 1340.8 real, 525.4 MB
[runlim] sample:		1282.9 time, 1350.8 real, 529.0 MB
[runlim] sample:		1292.9 time, 1360.8 real, 529.0 MB
[runlim] sample:		1302.9 time, 1370.8 real, 529.0 MB
[runlim] sample:		1312.9 time, 1380.8 real, 529.0 MB
[runlim] sample:		1322.9 time, 1390.8 real, 529.0 MB
[runlim] sample:		1332.9 time, 1400.8 real, 529.0 MB
[runlim] sample:		1342.9 time, 1410.8 real, 529.0 MB
[runlim] sample:		1352.9 time, 1420.8 real, 529.0 MB
[runlim] sample:		1362.9 time, 1430.8 real, 529.0 MB
[runlim] sample:		1372.9 time, 1440.8 real, 529.0 MB
[runlim] sample:		1382.9 time, 1450.8 real, 529.0 MB
[runlim] sample:		1392.9 time, 1460.8 real, 529.0 MB
[runlim] sample:		1402.9 time, 1470.8 real, 529.0 MB
[runlim] sample:		1412.9 time, 1480.8 real, 529.0 MB
[runlim] sample:		1422.9 time, 1490.8 real, 529.0 MB
[runlim] sample:		1432.9 time, 1500.8 real, 529.0 MB
[runlim] sample:		1442.9 time, 1510.8 real, 529.0 MB
[runlim] sample:		1452.9 time, 1520.8 real, 529.0 MB
[runlim] sample:		1462.9 time, 1530.8 real, 529.0 MB
[runlim] sample:		1472.9 time, 1540.8 real, 529.0 MB
[runlim] sample:		1482.9 time, 1550.8 real, 529.0 MB
[runlim] sample:		1492.9 time, 1560.8 real, 529.0 MB
[runlim] sample:		1502.1 time, 1570.8 real, 529.0 MB
[runlim] sample:		1510.6 time, 1580.8 real, 529.0 MB
[runlim] sample:		1520.6 time, 1590.8 real, 529.0 MB
[runlim] sample:		1530.5 time, 1600.8 real, 529.0 MB
[runlim] sample:		1540.5 time, 1610.8 real, 529.0 MB
[runlim] sample:		1550.1 time, 1620.8 real, 529.0 MB
[runlim] sample:		1560.1 time, 1630.8 real, 529.0 MB
[runlim] sample:		1569.5 time, 1640.8 real, 529.0 MB
[runlim] sample:		1578.9 time, 1650.8 real, 529.0 MB
[runlim] sample:		1588.3 time, 1660.8 real, 529.0 MB
[runlim] sample:		1597.7 time, 1670.8 real, 529.0 MB
[runlim] sample:		1606.7 time, 1680.8 real, 529.0 MB
[runlim] sample:		1616.7 time, 1690.8 real, 562.5 MB
[runlim] sample:		1626.6 time, 1700.8 real, 576.2 MB
[runlim] sample:		1634.6 time, 1710.8 real, 576.2 MB
[runlim] sample:		1644.2 time, 1720.8 real, 576.2 MB
[runlim] sample:		1654.2 time, 1730.8 real, 576.2 MB
[runlim] sample:		1662.8 time, 1740.8 real, 576.2 MB
[runlim] sample:		1670.8 time, 1750.8 real, 576.2 MB
[runlim] sample:		1680.6 time, 1760.8 real, 576.2 MB
[runlim] sample:		1690.0 time, 1770.8 real, 576.2 MB
[runlim] sample:		1700.0 time, 1780.8 real, 576.4 MB
[runlim] sample:		1710.0 time, 1790.8 real, 576.4 MB
[runlim] sample:		1720.0 time, 1800.8 real, 576.4 MB
[runlim] sample:		1729.0 time, 1810.8 real, 576.4 MB
[runlim] sample:		1737.0 time, 1820.8 real, 576.4 MB
[runlim] sample:		1746.5 time, 1830.8 real, 576.7 MB
[runlim] sample:		1756.5 time, 1840.8 real, 576.7 MB
[runlim] sample:		1766.5 time, 1850.8 real, 576.7 MB
[runlim] sample:		1776.5 time, 1860.8 real, 576.7 MB
[runlim] sample:		1786.5 time, 1870.8 real, 576.7 MB
[runlim] sample:		1796.2 time, 1880.8 real, 576.9 MB
CVC4 interrupted by SIGTERM.
[runlim] end:			Fri Feb  8 21:09:16 2019
[runlim] status:		out of time
[runlim] result:		2
[runlim] children:		0
[runlim] real:			1884.74 seconds
[runlim] time:			1800.05 seconds
[runlim] space:			576.9 MB
[runlim] samples:		18839
