[runlim] version:		1.10fixed
[runlim] time limit:		300 seconds
[runlim] real time limit:	311040000 seconds
[runlim] space limit:		4000 MB
[runlim] argv[0]:		./cvc4
[runlim] argv[1]:		/tmp/AT2R8Uaw.smt2
[runlim] start:			Mon Jan 28 14:39:23 2019
[runlim] main pid:		12549
/tmp/AT2R8Uaw.smt2:4.12: No set-logic command was given before this point.
/tmp/AT2R8Uaw.smt2:4.12: CVC4 will make all theories available.
/tmp/AT2R8Uaw.smt2:4.12: Consider setting a stricter logic for (likely) better performance.
/tmp/AT2R8Uaw.smt2:4.12: To suppress this warning in the future use (set-logic ALL).
[runlim] sample:		8.7 time, 10.3 real, 192.3 MB
[runlim] sample:		17.7 time, 20.3 real, 293.0 MB
[runlim] sample:		27.0 time, 30.3 real, 396.3 MB
[runlim] sample:		36.9 time, 40.3 real, 474.1 MB
[runlim] sample:		47.0 time, 50.3 real, 571.9 MB
[runlim] sample:		56.9 time, 60.3 real, 641.0 MB
[runlim] sample:		66.9 time, 70.3 real, 679.4 MB
[runlim] sample:		76.9 time, 80.3 real, 739.7 MB
[runlim] sample:		86.9 time, 90.3 real, 824.9 MB
[runlim] sample:		96.9 time, 100.3 real, 871.6 MB
[runlim] sample:		106.9 time, 110.3 real, 916.9 MB
[runlim] sample:		116.9 time, 120.3 real, 1015.1 MB
[runlim] sample:		126.9 time, 130.3 real, 1025.9 MB
[runlim] sample:		136.9 time, 140.3 real, 1108.5 MB
[runlim] sample:		146.9 time, 150.3 real, 1117.3 MB
[runlim] sample:		156.9 time, 160.3 real, 1187.6 MB
[runlim] sample:		166.9 time, 170.3 real, 1210.3 MB
[runlim] sample:		176.9 time, 180.3 real, 1220.6 MB
[runlim] sample:		186.9 time, 190.3 real, 1311.0 MB
[runlim] sample:		196.9 time, 200.3 real, 1311.0 MB
[runlim] sample:		206.9 time, 210.3 real, 1334.5 MB
[runlim] sample:		216.9 time, 220.3 real, 1417.2 MB
[runlim] sample:		226.9 time, 230.3 real, 1417.2 MB
[runlim] sample:		236.9 time, 240.3 real, 1436.8 MB
[runlim] sample:		246.9 time, 250.3 real, 1544.7 MB
[runlim] sample:		256.9 time, 260.3 real, 1544.7 MB
[runlim] sample:		266.9 time, 270.3 real, 1557.4 MB
[runlim] sample:		276.9 time, 280.3 real, 1637.7 MB
[runlim] sample:		286.9 time, 290.3 real, 1655.8 MB
[runlim] sample:		296.9 time, 300.3 real, 1655.8 MB
CVC4 interrupted by SIGTERM.
[runlim] end:			Mon Jan 28 14:44:26 2019
[runlim] status:		out of time
[runlim] result:		2
[runlim] children:		0
[runlim] real:			303.50 seconds
[runlim] time:			300.13 seconds
[runlim] space:			1659.9 MB
[runlim] samples:		3032
