[runlim] version:		1.10fixed
[runlim] time limit:		300 seconds
[runlim] real time limit:	311040000 seconds
[runlim] space limit:		4000 MB
[runlim] argv[0]:		./cvc4
[runlim] argv[1]:		/tmp/GtaGj4GA.smt2
[runlim] start:			Tue Jan 29 11:08:00 2019
[runlim] main pid:		24691
/tmp/GtaGj4GA.smt2:4.12: No set-logic command was given before this point.
/tmp/GtaGj4GA.smt2:4.12: CVC4 will make all theories available.
/tmp/GtaGj4GA.smt2:4.12: Consider setting a stricter logic for (likely) better performance.
/tmp/GtaGj4GA.smt2:4.12: To suppress this warning in the future use (set-logic ALL).
[runlim] sample:		9.1 time, 10.0 real, 79.3 MB
[runlim] sample:		18.9 time, 20.0 real, 109.2 MB
[runlim] sample:		28.9 time, 30.0 real, 129.6 MB
[runlim] sample:		38.8 time, 40.0 real, 143.5 MB
[runlim] sample:		48.8 time, 50.0 real, 157.8 MB
[runlim] sample:		58.8 time, 60.0 real, 173.2 MB
[runlim] sample:		68.8 time, 70.0 real, 183.8 MB
[runlim] sample:		77.8 time, 80.0 real, 195.4 MB
[runlim] sample:		86.4 time, 90.0 real, 204.4 MB
[runlim] sample:		95.1 time, 100.0 real, 209.3 MB
[runlim] sample:		102.9 time, 110.0 real, 219.1 MB
[runlim] sample:		112.0 time, 120.0 real, 224.0 MB
[runlim] sample:		121.5 time, 130.0 real, 233.5 MB
[runlim] sample:		130.4 time, 140.0 real, 238.4 MB
[runlim] sample:		140.4 time, 150.0 real, 243.3 MB
[runlim] sample:		150.4 time, 160.0 real, 252.8 MB
[runlim] sample:		160.4 time, 170.0 real, 262.3 MB
[runlim] sample:		170.4 time, 180.0 real, 267.7 MB
[runlim] sample:		180.2 time, 190.0 real, 273.6 MB
[runlim] sample:		189.5 time, 200.0 real, 278.0 MB
[runlim] sample:		199.2 time, 210.0 real, 290.3 MB
[runlim] sample:		208.7 time, 220.0 real, 295.2 MB
[runlim] sample:		217.5 time, 230.0 real, 299.8 MB
[runlim] sample:		225.9 time, 240.0 real, 304.0 MB
[runlim] sample:		234.2 time, 250.0 real, 307.8 MB
[runlim] sample:		242.2 time, 260.0 real, 308.3 MB
[runlim] sample:		250.3 time, 270.0 real, 311.9 MB
[runlim] sample:		259.0 time, 280.0 real, 316.1 MB
[runlim] sample:		267.2 time, 290.0 real, 323.0 MB
[runlim] sample:		276.5 time, 300.0 real, 327.4 MB
[runlim] sample:		286.4 time, 310.0 real, 328.9 MB
[runlim] sample:		296.4 time, 320.0 real, 335.6 MB
CVC4 interrupted by SIGTERM.
[runlim] end:			Tue Jan 29 11:13:23 2019
[runlim] status:		out of time
[runlim] result:		2
[runlim] children:		0
[runlim] real:			323.76 seconds
[runlim] time:			300.08 seconds
[runlim] space:			339.5 MB
[runlim] samples:		3237
