[runlim] version:		1.10fixed
[runlim] time limit:		300 seconds
[runlim] real time limit:	311040000 seconds
[runlim] space limit:		4000 MB
[runlim] argv[0]:		./cvc4
[runlim] argv[1]:		/tmp/KAw2IyKb.smt2
[runlim] start:			Mon Jan 28 14:34:41 2019
[runlim] main pid:		8644
/tmp/KAw2IyKb.smt2:4.12: No set-logic command was given before this point.
/tmp/KAw2IyKb.smt2:4.12: CVC4 will make all theories available.
/tmp/KAw2IyKb.smt2:4.12: Consider setting a stricter logic for (likely) better performance.
/tmp/KAw2IyKb.smt2:4.12: To suppress this warning in the future use (set-logic ALL).
[runlim] sample:		7.6 time, 10.5 real, 193.1 MB
[runlim] sample:		16.6 time, 20.5 real, 350.5 MB
[runlim] sample:		25.2 time, 30.5 real, 475.9 MB
[runlim] sample:		33.4 time, 40.5 real, 572.3 MB
[runlim] sample:		41.9 time, 50.5 real, 677.6 MB
[runlim] sample:		50.3 time, 60.5 real, 752.3 MB
[runlim] sample:		58.5 time, 70.5 real, 842.7 MB
[runlim] sample:		68.1 time, 80.5 real, 920.9 MB
[runlim] sample:		78.1 time, 90.5 real, 1046.4 MB
[runlim] sample:		88.1 time, 100.5 real, 1114.9 MB
[runlim] sample:		98.1 time, 110.5 real, 1203.8 MB
[runlim] sample:		106.3 time, 120.5 real, 1277.5 MB
[runlim] sample:		114.6 time, 130.5 real, 1297.0 MB
[runlim] sample:		122.4 time, 140.5 real, 1364.4 MB
[runlim] sample:		130.5 time, 150.5 real, 1431.4 MB
[runlim] sample:		139.2 time, 160.5 real, 1494.2 MB
[runlim] sample:		147.6 time, 170.5 real, 1585.6 MB
[runlim] sample:		156.9 time, 180.5 real, 1597.5 MB
[runlim] sample:		166.6 time, 190.5 real, 1667.9 MB
[runlim] sample:		176.2 time, 200.5 real, 1738.8 MB
[runlim] sample:		185.7 time, 210.5 real, 1791.0 MB
[runlim] sample:		194.7 time, 220.5 real, 1863.8 MB
[runlim] sample:		204.3 time, 230.5 real, 1929.2 MB
[runlim] sample:		214.0 time, 240.5 real, 1982.5 MB
[runlim] sample:		222.9 time, 250.5 real, 2009.5 MB
[runlim] sample:		231.9 time, 260.5 real, 2095.6 MB
[runlim] sample:		241.5 time, 270.5 real, 2106.7 MB
[runlim] sample:		251.5 time, 280.5 real, 2177.7 MB
[runlim] sample:		261.5 time, 290.5 real, 2255.8 MB
[runlim] sample:		271.5 time, 300.5 real, 2271.2 MB
[runlim] sample:		281.4 time, 310.5 real, 2333.7 MB
[runlim] sample:		291.4 time, 320.5 real, 2373.4 MB
CVC4 interrupted by SIGTERM.
[runlim] end:			Mon Jan 28 14:40:10 2019
[runlim] status:		out of time
[runlim] result:		2
[runlim] children:		0
[runlim] real:			329.19 seconds
[runlim] time:			300.15 seconds
[runlim] space:			2428.4 MB
[runlim] samples:		3287
