[runlim] version:		1.10fixed
[runlim] time limit:		300 seconds
[runlim] real time limit:	311040000 seconds
[runlim] space limit:		4000 MB
[runlim] argv[0]:		./cvc4
[runlim] argv[1]:		/tmp/09BADhfj.smt2
[runlim] start:			Tue Jan 29 11:02:50 2019
[runlim] main pid:		26040
/tmp/09BADhfj.smt2:4.12: No set-logic command was given before this point.
/tmp/09BADhfj.smt2:4.12: CVC4 will make all theories available.
/tmp/09BADhfj.smt2:4.12: Consider setting a stricter logic for (likely) better performance.
/tmp/09BADhfj.smt2:4.12: To suppress this warning in the future use (set-logic ALL).
[runlim] sample:		7.5 time, 10.7 real, 65.9 MB
[runlim] sample:		17.3 time, 20.7 real, 95.5 MB
[runlim] sample:		25.6 time, 30.7 real, 96.0 MB
[runlim] sample:		35.3 time, 40.7 real, 112.9 MB
[runlim] sample:		45.3 time, 50.7 real, 114.4 MB
[runlim] sample:		55.3 time, 60.7 real, 134.5 MB
[runlim] sample:		65.2 time, 70.7 real, 134.8 MB
[runlim] sample:		74.9 time, 80.7 real, 136.3 MB
[runlim] sample:		84.7 time, 90.7 real, 154.4 MB
[runlim] sample:		94.7 time, 100.7 real, 154.4 MB
[runlim] sample:		104.0 time, 110.7 real, 154.7 MB
[runlim] sample:		113.8 time, 120.7 real, 155.7 MB
[runlim] sample:		123.5 time, 130.7 real, 176.8 MB
[runlim] sample:		133.2 time, 140.7 real, 176.8 MB
[runlim] sample:		142.8 time, 150.7 real, 177.1 MB
[runlim] sample:		152.5 time, 160.7 real, 177.3 MB
[runlim] sample:		162.1 time, 170.7 real, 177.6 MB
[runlim] sample:		171.8 time, 180.7 real, 178.4 MB
[runlim] sample:		180.9 time, 190.7 real, 180.2 MB
[runlim] sample:		189.5 time, 200.7 real, 203.1 MB
[runlim] sample:		199.5 time, 210.7 real, 203.1 MB
[runlim] sample:		209.5 time, 220.7 real, 203.1 MB
[runlim] sample:		219.5 time, 230.7 real, 203.4 MB
[runlim] sample:		229.5 time, 240.7 real, 203.6 MB
[runlim] sample:		239.5 time, 250.7 real, 203.9 MB
[runlim] sample:		249.5 time, 260.7 real, 204.1 MB
[runlim] sample:		258.4 time, 270.7 real, 205.2 MB
[runlim] sample:		267.8 time, 280.7 real, 207.0 MB
[runlim] sample:		276.7 time, 290.7 real, 231.3 MB
[runlim] sample:		284.9 time, 300.7 real, 231.6 MB
[runlim] sample:		293.8 time, 310.7 real, 231.6 MB
[runlim] end:			Tue Jan 29 11:08:05 2019
[runlim] status:		signal(9)
[runlim] result:		11
[runlim] children:		0
[runlim] real:			315.88 seconds
[runlim] time:			298.78 seconds
[runlim] space:			231.6 MB
[runlim] samples:		3151
