[runlim] version:		1.10fixed
[runlim] time limit:		1800 seconds
[runlim] real time limit:	311040000 seconds
[runlim] space limit:		4000 MB
[runlim] argv[0]:		./cvc4
[runlim] argv[1]:		/tmp/QWbV24xo.smt2
[runlim] start:			Fri Feb  8 20:38:19 2019
[runlim] main pid:		23915
/tmp/QWbV24xo.smt2:4.12: No set-logic command was given before this point.
/tmp/QWbV24xo.smt2:4.12: CVC4 will make all theories available.
/tmp/QWbV24xo.smt2:4.12: Consider setting a stricter logic for (likely) better performance.
/tmp/QWbV24xo.smt2:4.12: To suppress this warning in the future use (set-logic ALL).
[runlim] sample:		9.1 time, 10.8 real, 55.3 MB
[runlim] sample:		17.8 time, 20.8 real, 66.1 MB
[runlim] sample:		26.9 time, 30.8 real, 74.8 MB
[runlim] sample:		36.9 time, 40.8 real, 82.5 MB
[runlim] sample:		46.8 time, 50.8 real, 91.0 MB
[runlim] sample:		56.8 time, 60.8 real, 103.1 MB
[runlim] sample:		66.8 time, 70.8 real, 104.2 MB
[runlim] sample:		76.8 time, 80.8 real, 106.7 MB
[runlim] sample:		86.8 time, 90.8 real, 111.9 MB
[runlim] sample:		96.8 time, 100.8 real, 114.2 MB
[runlim] sample:		106.8 time, 110.8 real, 119.1 MB
[runlim] sample:		116.8 time, 120.8 real, 122.5 MB
[runlim] sample:		126.8 time, 130.8 real, 125.0 MB
[runlim] sample:		135.6 time, 140.8 real, 128.4 MB
[runlim] sample:		143.9 time, 150.8 real, 130.2 MB
[runlim] sample:		153.6 time, 160.8 real, 148.3 MB
[runlim] sample:		162.8 time, 170.8 real, 148.5 MB
[runlim] sample:		171.8 time, 180.8 real, 149.8 MB
[runlim] sample:		181.1 time, 190.8 real, 150.1 MB
[runlim] sample:		190.1 time, 200.8 real, 151.4 MB
[runlim] sample:		199.7 time, 210.8 real, 151.6 MB
[runlim] sample:		209.6 time, 220.8 real, 152.9 MB
[runlim] sample:		219.5 time, 230.8 real, 152.9 MB
[runlim] sample:		229.0 time, 240.8 real, 154.4 MB
[runlim] sample:		239.0 time, 250.8 real, 157.5 MB
[runlim] sample:		249.0 time, 260.8 real, 161.1 MB
[runlim] sample:		258.7 time, 270.8 real, 161.4 MB
[runlim] sample:		267.7 time, 280.8 real, 164.8 MB
[runlim] sample:		276.7 time, 290.8 real, 167.6 MB
[runlim] sample:		285.7 time, 300.8 real, 167.6 MB
[runlim] sample:		295.0 time, 310.8 real, 170.9 MB
[runlim] sample:		304.0 time, 320.8 real, 175.1 MB
[runlim] sample:		313.0 time, 330.8 real, 175.1 MB
[runlim] sample:		322.0 time, 340.8 real, 178.2 MB
[runlim] sample:		330.9 time, 350.8 real, 178.7 MB
[runlim] sample:		339.9 time, 360.8 real, 182.3 MB
[runlim] sample:		349.6 time, 370.8 real, 182.3 MB
[runlim] sample:		359.6 time, 380.8 real, 186.1 MB
[runlim] sample:		369.6 time, 390.8 real, 189.2 MB
[runlim] sample:		378.8 time, 400.8 real, 189.2 MB
[runlim] sample:		388.8 time, 410.8 real, 192.8 MB
[runlim] sample:		398.0 time, 420.8 real, 193.4 MB
[runlim] sample:		407.1 time, 430.8 real, 195.9 MB
[runlim] sample:		416.5 time, 440.8 real, 195.9 MB
[runlim] sample:		426.5 time, 450.8 real, 199.9 MB
[runlim] sample:		436.5 time, 460.8 real, 200.6 MB
[runlim] sample:		446.3 time, 470.8 real, 234.7 MB
[runlim] sample:		455.3 time, 480.8 real, 234.7 MB
[runlim] sample:		464.3 time, 490.8 real, 236.3 MB
[runlim] sample:		474.3 time, 500.8 real, 236.3 MB
[runlim] sample:		484.3 time, 510.8 real, 236.8 MB
[runlim] sample:		493.5 time, 520.8 real, 236.8 MB
[runlim] sample:		503.0 time, 530.8 real, 237.8 MB
[runlim] sample:		511.0 time, 540.8 real, 238.3 MB
[runlim] sample:		519.5 time, 550.8 real, 238.3 MB
[runlim] sample:		528.8 time, 560.8 real, 238.6 MB
[runlim] sample:		538.8 time, 570.8 real, 238.6 MB
[runlim] sample:		548.8 time, 580.8 real, 240.2 MB
[runlim] sample:		558.3 time, 590.8 real, 240.2 MB
[runlim] sample:		567.7 time, 600.8 real, 240.2 MB
[runlim] sample:		577.6 time, 610.8 real, 240.7 MB
[runlim] sample:		587.6 time, 620.8 real, 240.7 MB
[runlim] sample:		597.6 time, 630.8 real, 242.2 MB
[runlim] sample:		607.6 time, 640.8 real, 242.2 MB
[runlim] sample:		616.8 time, 650.8 real, 242.7 MB
[runlim] sample:		625.1 time, 660.8 real, 242.7 MB
[runlim] sample:		633.4 time, 670.8 real, 242.7 MB
[runlim] sample:		641.7 time, 680.8 real, 242.7 MB
[runlim] sample:		650.6 time, 690.8 real, 244.5 MB
[runlim] sample:		659.2 time, 700.8 real, 244.5 MB
[runlim] sample:		667.5 time, 710.8 real, 244.5 MB
[runlim] sample:		676.6 time, 720.8 real, 245.0 MB
[runlim] sample:		686.3 time, 730.8 real, 245.0 MB
[runlim] sample:		695.7 time, 740.8 real, 246.6 MB
[runlim] sample:		704.9 time, 750.8 real, 246.6 MB
[runlim] sample:		713.2 time, 760.8 real, 246.6 MB
[runlim] sample:		721.5 time, 770.8 real, 246.8 MB
[runlim] sample:		731.0 time, 780.8 real, 249.4 MB
[runlim] sample:		741.0 time, 790.8 real, 249.4 MB
[runlim] sample:		751.0 time, 800.8 real, 252.5 MB
[runlim] sample:		761.0 time, 810.8 real, 252.5 MB
[runlim] sample:		770.7 time, 820.8 real, 253.5 MB
[runlim] sample:		779.4 time, 830.8 real, 256.4 MB
[runlim] sample:		788.4 time, 840.8 real, 256.4 MB
[runlim] sample:		798.0 time, 850.8 real, 256.4 MB
[runlim] sample:		807.3 time, 860.8 real, 259.0 MB
[runlim] sample:		816.9 time, 870.8 real, 259.7 MB
[runlim] sample:		826.1 time, 880.8 real, 259.7 MB
[runlim] sample:		835.2 time, 890.8 real, 260.8 MB
[runlim] sample:		843.8 time, 900.8 real, 264.6 MB
[runlim] sample:		852.5 time, 910.8 real, 264.6 MB
[runlim] sample:		861.5 time, 920.8 real, 264.6 MB
[runlim] sample:		870.5 time, 930.8 real, 266.9 MB
[runlim] sample:		880.4 time, 940.8 real, 266.9 MB
[runlim] sample:		890.4 time, 950.8 real, 268.0 MB
[runlim] sample:		900.3 time, 960.8 real, 270.6 MB
[runlim] sample:		909.9 time, 970.8 real, 270.6 MB
[runlim] sample:		919.9 time, 980.8 real, 270.6 MB
[runlim] sample:		929.9 time, 990.8 real, 270.6 MB
[runlim] sample:		939.9 time, 1000.8 real, 274.2 MB
[runlim] sample:		949.9 time, 1010.8 real, 274.4 MB
[runlim] sample:		959.3 time, 1020.8 real, 275.5 MB
[runlim] sample:		968.2 time, 1030.8 real, 277.8 MB
[runlim] sample:		977.7 time, 1040.8 real, 277.8 MB
[runlim] sample:		987.7 time, 1050.8 real, 277.8 MB
[runlim] sample:		997.7 time, 1060.8 real, 281.6 MB
[runlim] sample:		1007.7 time, 1070.8 real, 281.6 MB
[runlim] sample:		1017.7 time, 1080.8 real, 281.9 MB
[runlim] sample:		1027.7 time, 1090.8 real, 283.2 MB
[runlim] sample:		1037.4 time, 1100.8 real, 285.5 MB
[runlim] sample:		1047.2 time, 1110.8 real, 285.5 MB
[runlim] sample:		1057.2 time, 1120.8 real, 285.5 MB
[runlim] sample:		1066.8 time, 1130.8 real, 289.1 MB
[runlim] sample:		1076.5 time, 1140.8 real, 289.4 MB
[runlim] sample:		1086.1 time, 1150.8 real, 289.6 MB
[runlim] sample:		1096.1 time, 1160.8 real, 290.7 MB
[runlim] sample:		1106.1 time, 1170.8 real, 293.2 MB
[runlim] sample:		1116.1 time, 1180.8 real, 293.2 MB
[runlim] sample:		1126.1 time, 1190.8 real, 293.2 MB
[runlim] sample:		1136.1 time, 1200.8 real, 293.5 MB
[runlim] sample:		1146.1 time, 1210.8 real, 296.8 MB
[runlim] sample:		1156.1 time, 1220.8 real, 297.1 MB
[runlim] sample:		1166.1 time, 1230.8 real, 298.4 MB
[runlim] sample:		1176.1 time, 1240.8 real, 301.0 MB
[runlim] sample:		1186.1 time, 1250.8 real, 301.0 MB
[runlim] sample:		1196.1 time, 1260.8 real, 301.0 MB
[runlim] sample:		1206.1 time, 1270.8 real, 301.0 MB
[runlim] sample:		1216.1 time, 1280.8 real, 304.6 MB
[runlim] sample:		1226.1 time, 1290.8 real, 304.8 MB
[runlim] sample:		1236.1 time, 1300.8 real, 305.1 MB
[runlim] sample:		1246.1 time, 1310.8 real, 306.1 MB
[runlim] sample:		1256.1 time, 1320.8 real, 309.0 MB
[runlim] sample:		1266.1 time, 1330.8 real, 309.0 MB
[runlim] sample:		1276.1 time, 1340.8 real, 309.0 MB
[runlim] sample:		1286.1 time, 1350.8 real, 309.0 MB
[runlim] sample:		1296.1 time, 1360.8 real, 374.4 MB
[runlim] sample:		1306.1 time, 1370.8 real, 374.4 MB
[runlim] sample:		1316.1 time, 1380.8 real, 374.4 MB
[runlim] sample:		1326.1 time, 1390.8 real, 374.4 MB
[runlim] sample:		1336.1 time, 1400.8 real, 374.9 MB
[runlim] sample:		1346.1 time, 1410.8 real, 374.9 MB
[runlim] sample:		1356.1 time, 1420.8 real, 374.9 MB
[runlim] sample:		1366.1 time, 1430.8 real, 374.9 MB
[runlim] sample:		1376.1 time, 1440.8 real, 377.0 MB
[runlim] sample:		1386.1 time, 1450.8 real, 377.0 MB
[runlim] sample:		1396.1 time, 1460.8 real, 377.0 MB
[runlim] sample:		1406.1 time, 1470.8 real, 377.0 MB
[runlim] sample:		1416.1 time, 1480.8 real, 377.5 MB
[runlim] sample:		1426.1 time, 1490.8 real, 377.5 MB
[runlim] sample:		1436.1 time, 1500.8 real, 377.5 MB
[runlim] sample:		1446.1 time, 1510.8 real, 377.5 MB
[runlim] sample:		1456.1 time, 1520.8 real, 377.5 MB
[runlim] sample:		1466.1 time, 1530.8 real, 379.6 MB
[runlim] sample:		1476.1 time, 1540.8 real, 379.6 MB
[runlim] sample:		1486.1 time, 1550.8 real, 379.6 MB
[runlim] sample:		1496.1 time, 1560.8 real, 379.6 MB
[runlim] sample:		1506.1 time, 1570.8 real, 380.1 MB
[runlim] sample:		1516.1 time, 1580.8 real, 380.1 MB
[runlim] sample:		1526.1 time, 1590.8 real, 380.1 MB
[runlim] sample:		1536.1 time, 1600.8 real, 380.1 MB
[runlim] sample:		1546.1 time, 1610.8 real, 380.1 MB
[runlim] sample:		1556.1 time, 1620.8 real, 382.1 MB
[runlim] sample:		1566.1 time, 1630.8 real, 382.1 MB
[runlim] sample:		1576.1 time, 1640.8 real, 382.1 MB
[runlim] sample:		1586.1 time, 1650.8 real, 382.1 MB
[runlim] sample:		1596.1 time, 1660.8 real, 382.6 MB
[runlim] sample:		1606.1 time, 1670.8 real, 382.6 MB
[runlim] sample:		1616.1 time, 1680.8 real, 382.6 MB
[runlim] sample:		1626.1 time, 1690.8 real, 382.6 MB
[runlim] sample:		1636.1 time, 1700.8 real, 382.6 MB
[runlim] sample:		1646.1 time, 1710.8 real, 384.7 MB
[runlim] sample:		1656.1 time, 1720.8 real, 384.7 MB
[runlim] sample:		1666.1 time, 1730.8 real, 384.7 MB
[runlim] sample:		1676.1 time, 1740.8 real, 384.7 MB
[runlim] sample:		1686.1 time, 1750.8 real, 384.7 MB
[runlim] sample:		1696.1 time, 1760.8 real, 385.5 MB
[runlim] sample:		1706.1 time, 1770.8 real, 385.5 MB
[runlim] sample:		1716.1 time, 1780.8 real, 385.5 MB
[runlim] sample:		1726.1 time, 1790.8 real, 385.5 MB
[runlim] sample:		1736.0 time, 1800.8 real, 385.5 MB
[runlim] sample:		1745.8 time, 1810.8 real, 387.5 MB
[runlim] sample:		1755.8 time, 1820.8 real, 387.5 MB
[runlim] sample:		1765.7 time, 1830.8 real, 387.5 MB
[runlim] sample:		1775.3 time, 1840.8 real, 387.5 MB
[runlim] sample:		1785.1 time, 1850.8 real, 387.5 MB
[runlim] sample:		1794.7 time, 1860.8 real, 388.1 MB
CVC4 interrupted by SIGTERM.
[runlim] end:			Fri Feb  8 21:09:25 2019
[runlim] status:		out of time
[runlim] result:		2
[runlim] children:		0
[runlim] real:			1866.46 seconds
[runlim] time:			1800.07 seconds
[runlim] space:			429.4 MB
[runlim] samples:		18656
