[runlim] version:		1.10fixed
[runlim] time limit:		1800 seconds
[runlim] real time limit:	311040000 seconds
[runlim] space limit:		4000 MB
[runlim] argv[0]:		./cvc4
[runlim] argv[1]:		/tmp/RpswgW7T.smt2
[runlim] start:			Sat Feb  9 18:45:54 2019
[runlim] main pid:		13351
/tmp/RpswgW7T.smt2:4.12: No set-logic command was given before this point.
/tmp/RpswgW7T.smt2:4.12: CVC4 will make all theories available.
/tmp/RpswgW7T.smt2:4.12: Consider setting a stricter logic for (likely) better performance.
/tmp/RpswgW7T.smt2:4.12: To suppress this warning in the future use (set-logic ALL).
[runlim] sample:		9.0 time, 10.9 real, 112.1 MB
[runlim] sample:		18.0 time, 20.9 real, 150.2 MB
[runlim] sample:		27.1 time, 30.9 real, 172.1 MB
[runlim] sample:		36.1 time, 40.9 real, 189.8 MB
[runlim] sample:		45.1 time, 50.9 real, 205.9 MB
[runlim] sample:		55.0 time, 60.9 real, 224.1 MB
[runlim] sample:		64.7 time, 70.9 real, 240.6 MB
[runlim] sample:		74.4 time, 80.9 real, 249.9 MB
[runlim] sample:		84.0 time, 90.9 real, 263.3 MB
[runlim] sample:		93.3 time, 100.9 real, 271.2 MB
[runlim] sample:		102.6 time, 110.9 real, 280.8 MB
[runlim] sample:		111.9 time, 120.9 real, 287.7 MB
[runlim] sample:		121.2 time, 130.9 real, 295.7 MB
[runlim] sample:		130.5 time, 140.9 real, 301.6 MB
[runlim] sample:		139.8 time, 150.9 real, 307.8 MB
[runlim] sample:		149.1 time, 160.9 real, 315.3 MB
[runlim] sample:		158.5 time, 170.9 real, 321.2 MB
[runlim] sample:		167.8 time, 180.9 real, 326.8 MB
[runlim] sample:		177.1 time, 190.9 real, 332.8 MB
[runlim] sample:		186.4 time, 200.9 real, 336.1 MB
[runlim] sample:		195.7 time, 210.9 real, 341.8 MB
[runlim] sample:		205.1 time, 220.9 real, 347.7 MB
[runlim] sample:		214.8 time, 230.9 real, 351.5 MB
[runlim] sample:		224.5 time, 240.9 real, 356.7 MB
[runlim] sample:		234.2 time, 250.9 real, 368.4 MB
[runlim] sample:		243.8 time, 260.9 real, 368.6 MB
[runlim] sample:		253.6 time, 270.9 real, 372.2 MB
[runlim] sample:		263.6 time, 280.9 real, 375.3 MB
[runlim] sample:		273.4 time, 290.9 real, 381.2 MB
[runlim] sample:		283.1 time, 300.9 real, 385.3 MB
[runlim] sample:		293.0 time, 310.9 real, 388.9 MB
[runlim] sample:		303.0 time, 320.9 real, 395.1 MB
[runlim] sample:		313.0 time, 330.9 real, 398.2 MB
[runlim] sample:		323.0 time, 340.9 real, 403.4 MB
[runlim] sample:		333.0 time, 350.9 real, 407.7 MB
[runlim] sample:		343.0 time, 360.9 real, 410.8 MB
[runlim] sample:		352.7 time, 370.9 real, 419.8 MB
[runlim] sample:		362.4 time, 380.9 real, 423.1 MB
[runlim] sample:		372.1 time, 390.9 real, 423.9 MB
[runlim] sample:		381.8 time, 400.9 real, 430.9 MB
[runlim] sample:		391.6 time, 410.9 real, 438.4 MB
[runlim] sample:		401.3 time, 420.9 real, 441.8 MB
[runlim] sample:		411.3 time, 430.9 real, 444.6 MB
[runlim] sample:		421.1 time, 440.9 real, 447.7 MB
[runlim] sample:		430.8 time, 450.9 real, 450.8 MB
[runlim] sample:		440.5 time, 460.9 real, 458.8 MB
[runlim] sample:		450.4 time, 470.9 real, 461.6 MB
[runlim] sample:		460.3 time, 480.9 real, 465.8 MB
[runlim] sample:		470.2 time, 490.9 real, 468.9 MB
[runlim] sample:		480.0 time, 500.9 real, 471.7 MB
[runlim] sample:		489.9 time, 510.9 real, 474.8 MB
[runlim] sample:		499.6 time, 520.9 real, 477.9 MB
[runlim] sample:		509.5 time, 530.9 real, 480.7 MB
[runlim] sample:		519.5 time, 540.9 real, 483.5 MB
[runlim] sample:		529.5 time, 550.9 real, 486.6 MB
[runlim] sample:		539.5 time, 560.9 real, 489.7 MB
[runlim] sample:		549.4 time, 570.9 real, 492.5 MB
[runlim] sample:		559.2 time, 580.9 real, 502.6 MB
[runlim] sample:		569.0 time, 590.9 real, 503.1 MB
[runlim] sample:		579.0 time, 600.9 real, 503.1 MB
[runlim] sample:		589.0 time, 610.9 real, 507.2 MB
[runlim] sample:		599.0 time, 620.9 real, 509.3 MB
[runlim] sample:		609.0 time, 630.9 real, 511.8 MB
[runlim] sample:		619.0 time, 640.9 real, 514.4 MB
[runlim] sample:		629.0 time, 650.9 real, 517.2 MB
[runlim] sample:		638.1 time, 660.9 real, 519.3 MB
[runlim] sample:		648.0 time, 670.9 real, 522.4 MB
[runlim] sample:		658.0 time, 680.9 real, 524.4 MB
[runlim] sample:		668.0 time, 690.9 real, 529.1 MB
[runlim] sample:		678.0 time, 700.9 real, 532.4 MB
[runlim] sample:		687.8 time, 710.9 real, 535.5 MB
[runlim] sample:		697.8 time, 720.9 real, 536.0 MB
[runlim] sample:		707.8 time, 730.9 real, 538.6 MB
[runlim] sample:		717.8 time, 740.9 real, 542.5 MB
[runlim] sample:		727.2 time, 750.9 real, 545.3 MB
[runlim] sample:		734.8 time, 760.9 real, 545.6 MB
[runlim] sample:		742.5 time, 770.9 real, 548.4 MB
[runlim] sample:		750.5 time, 780.9 real, 551.2 MB
[runlim] sample:		759.6 time, 790.9 real, 551.2 MB
[runlim] sample:		768.5 time, 800.9 real, 554.3 MB
[runlim] sample:		778.1 time, 810.9 real, 557.1 MB
[runlim] sample:		787.8 time, 820.9 real, 557.1 MB
[runlim] sample:		797.5 time, 830.9 real, 560.0 MB
[runlim] sample:		807.5 time, 840.9 real, 563.8 MB
[runlim] sample:		817.5 time, 850.9 real, 565.9 MB
[runlim] sample:		826.2 time, 860.9 real, 566.7 MB
[runlim] sample:		834.6 time, 870.9 real, 569.8 MB
[runlim] sample:		844.3 time, 880.9 real, 570.0 MB
[runlim] sample:		854.3 time, 890.9 real, 572.8 MB
[runlim] sample:		864.3 time, 900.9 real, 575.7 MB
[runlim] sample:		874.3 time, 910.9 real, 577.2 MB
[runlim] sample:		884.1 time, 920.9 real, 578.5 MB
[runlim] sample:		894.1 time, 930.9 real, 581.6 MB
[runlim] sample:		903.9 time, 940.9 real, 582.4 MB
[runlim] sample:		913.6 time, 950.9 real, 584.4 MB
[runlim] sample:		923.2 time, 960.9 real, 587.5 MB
[runlim] sample:		933.1 time, 970.9 real, 588.0 MB
[runlim] sample:		943.1 time, 980.9 real, 590.9 MB
[runlim] sample:		951.5 time, 990.9 real, 592.7 MB
[runlim] sample:		960.2 time, 1000.9 real, 593.7 MB
[runlim] sample:		969.9 time, 1010.9 real, 596.5 MB
[runlim] sample:		979.9 time, 1020.9 real, 596.5 MB
[runlim] sample:		989.9 time, 1030.9 real, 599.9 MB
[runlim] sample:		999.9 time, 1040.9 real, 602.7 MB
[runlim] sample:		1009.6 time, 1050.9 real, 602.7 MB
[runlim] sample:		1017.6 time, 1060.9 real, 605.8 MB
[runlim] sample:		1025.6 time, 1070.9 real, 605.8 MB
[runlim] sample:		1034.0 time, 1080.9 real, 608.9 MB
[runlim] sample:		1044.0 time, 1090.9 real, 608.9 MB
[runlim] sample:		1054.0 time, 1100.9 real, 611.7 MB
[runlim] sample:		1064.0 time, 1110.9 real, 612.5 MB
[runlim] sample:		1074.0 time, 1120.9 real, 614.8 MB
[runlim] sample:		1082.1 time, 1130.9 real, 617.1 MB
[runlim] sample:		1091.8 time, 1140.9 real, 618.7 MB
[runlim] sample:		1101.7 time, 1150.9 real, 623.8 MB
[runlim] sample:		1110.5 time, 1160.9 real, 623.8 MB
[runlim] sample:		1119.0 time, 1170.9 real, 627.7 MB
[runlim] sample:		1129.0 time, 1180.9 real, 627.7 MB
[runlim] sample:		1139.0 time, 1190.9 real, 629.5 MB
[runlim] sample:		1149.0 time, 1200.9 real, 629.5 MB
[runlim] sample:		1158.9 time, 1210.9 real, 632.6 MB
[runlim] sample:		1167.3 time, 1220.9 real, 632.6 MB
[runlim] sample:		1177.3 time, 1230.9 real, 635.4 MB
[runlim] sample:		1187.3 time, 1240.9 real, 635.9 MB
[runlim] sample:		1197.3 time, 1250.9 real, 638.5 MB
[runlim] sample:		1207.3 time, 1260.9 real, 639.3 MB
[runlim] sample:		1217.3 time, 1270.9 real, 641.3 MB
[runlim] sample:		1227.0 time, 1280.9 real, 643.4 MB
[runlim] sample:		1234.8 time, 1290.9 real, 644.4 MB
[runlim] sample:		1244.4 time, 1300.9 real, 644.9 MB
[runlim] sample:		1253.2 time, 1310.9 real, 647.2 MB
[runlim] sample:		1261.7 time, 1320.9 real, 647.2 MB
[runlim] sample:		1271.7 time, 1330.9 real, 650.3 MB
[runlim] sample:		1281.7 time, 1340.9 real, 650.8 MB
[runlim] sample:		1291.7 time, 1350.9 real, 653.2 MB
[runlim] sample:		1301.7 time, 1360.9 real, 653.9 MB
[runlim] sample:		1311.7 time, 1370.9 real, 656.2 MB
[runlim] sample:		1321.7 time, 1380.9 real, 656.8 MB
[runlim] sample:		1330.0 time, 1390.9 real, 659.3 MB
[runlim] sample:		1337.9 time, 1400.9 real, 659.3 MB
[runlim] sample:		1346.7 time, 1410.9 real, 662.4 MB
[runlim] sample:		1355.8 time, 1420.9 real, 662.4 MB
[runlim] sample:		1365.8 time, 1430.9 real, 665.2 MB
[runlim] sample:		1375.8 time, 1440.9 real, 665.2 MB
[runlim] sample:		1385.8 time, 1450.9 real, 668.1 MB
[runlim] sample:		1395.8 time, 1460.9 real, 668.1 MB
[runlim] sample:		1405.7 time, 1470.9 real, 671.4 MB
[runlim] sample:		1415.7 time, 1480.9 real, 671.4 MB
[runlim] sample:		1424.4 time, 1490.9 real, 673.5 MB
[runlim] sample:		1434.4 time, 1500.9 real, 674.2 MB
[runlim] sample:		1444.4 time, 1510.9 real, 675.8 MB
[runlim] sample:		1454.4 time, 1520.9 real, 677.3 MB
[runlim] sample:		1464.4 time, 1530.9 real, 677.9 MB
[runlim] sample:		1474.4 time, 1540.9 real, 680.2 MB
[runlim] sample:		1484.2 time, 1550.9 real, 680.2 MB
[runlim] sample:		1494.2 time, 1560.9 real, 683.3 MB
[runlim] sample:		1504.2 time, 1570.9 real, 683.3 MB
[runlim] sample:		1514.2 time, 1580.9 real, 686.1 MB
[runlim] sample:		1524.2 time, 1590.9 real, 686.1 MB
[runlim] sample:		1534.2 time, 1600.9 real, 689.4 MB
[runlim] sample:		1544.2 time, 1610.9 real, 689.4 MB
[runlim] sample:		1554.0 time, 1620.9 real, 691.8 MB
[runlim] sample:		1564.0 time, 1630.9 real, 692.5 MB
[runlim] sample:		1574.0 time, 1640.9 real, 693.3 MB
[runlim] sample:		1584.0 time, 1650.9 real, 695.3 MB
[runlim] sample:		1594.0 time, 1660.9 real, 695.3 MB
[runlim] sample:		1604.0 time, 1670.9 real, 698.9 MB
[runlim] sample:		1614.0 time, 1680.9 real, 698.9 MB
[runlim] sample:		1622.9 time, 1690.9 real, 701.8 MB
[runlim] sample:		1632.2 time, 1700.9 real, 701.8 MB
[runlim] sample:		1642.2 time, 1710.9 real, 703.6 MB
[runlim] sample:		1652.2 time, 1720.9 real, 704.6 MB
[runlim] sample:		1661.1 time, 1730.9 real, 704.6 MB
[runlim] sample:		1670.8 time, 1740.9 real, 707.8 MB
[runlim] sample:		1680.5 time, 1750.9 real, 707.8 MB
[runlim] sample:		1690.2 time, 1760.9 real, 721.8 MB
[runlim] sample:		1700.0 time, 1770.9 real, 721.8 MB
[runlim] sample:		1710.0 time, 1780.9 real, 722.1 MB
[runlim] sample:		1719.8 time, 1790.9 real, 722.4 MB
[runlim] sample:		1729.8 time, 1800.9 real, 722.4 MB
[runlim] sample:		1739.1 time, 1810.9 real, 722.6 MB
[runlim] sample:		1746.8 time, 1820.9 real, 722.6 MB
[runlim] sample:		1754.9 time, 1830.9 real, 722.6 MB
[runlim] sample:		1764.3 time, 1840.9 real, 723.1 MB
[runlim] sample:		1773.6 time, 1850.9 real, 723.1 MB
[runlim] sample:		1783.6 time, 1860.9 real, 724.9 MB
[runlim] sample:		1793.6 time, 1870.9 real, 724.9 MB
[runlim] end:			Sat Feb  9 19:17:09 2019
[runlim] status:		signal(9)
[runlim] result:		11
[runlim] children:		0
[runlim] real:			1875.87 seconds
[runlim] time:			1798.51 seconds
[runlim] space:			724.9 MB
[runlim] samples:		18749
