[runlim] version:		1.10fixed
[runlim] time limit:		300 seconds
[runlim] real time limit:	311040000 seconds
[runlim] space limit:		4000 MB
[runlim] argv[0]:		./cvc4
[runlim] argv[1]:		/tmp/dnszmog5.smt2
[runlim] start:			Tue Jan 29 11:08:05 2019
[runlim] main pid:		27083
/tmp/dnszmog5.smt2:4.12: No set-logic command was given before this point.
/tmp/dnszmog5.smt2:4.12: CVC4 will make all theories available.
/tmp/dnszmog5.smt2:4.12: Consider setting a stricter logic for (likely) better performance.
/tmp/dnszmog5.smt2:4.12: To suppress this warning in the future use (set-logic ALL).
[runlim] sample:		9.7 time, 10.1 real, 100.4 MB
[runlim] sample:		19.6 time, 20.1 real, 131.6 MB
[runlim] sample:		29.6 time, 30.1 real, 152.2 MB
[runlim] sample:		39.6 time, 40.1 real, 166.9 MB
[runlim] sample:		49.6 time, 50.1 real, 179.3 MB
[runlim] sample:		59.6 time, 60.1 real, 191.6 MB
[runlim] sample:		69.6 time, 70.1 real, 202.7 MB
[runlim] sample:		79.6 time, 80.1 real, 212.2 MB
[runlim] sample:		89.6 time, 90.1 real, 222.2 MB
[runlim] sample:		99.6 time, 100.1 real, 227.9 MB
[runlim] sample:		109.6 time, 110.1 real, 240.1 MB
[runlim] sample:		119.6 time, 120.1 real, 248.4 MB
[runlim] sample:		129.6 time, 130.1 real, 254.6 MB
[runlim] sample:		139.6 time, 140.1 real, 261.5 MB
[runlim] sample:		149.6 time, 150.1 real, 268.2 MB
[runlim] sample:		159.6 time, 160.1 real, 274.4 MB
[runlim] sample:		169.6 time, 170.1 real, 279.6 MB
[runlim] sample:		179.6 time, 180.1 real, 284.2 MB
[runlim] sample:		189.6 time, 190.1 real, 289.3 MB
[runlim] sample:		199.6 time, 200.1 real, 294.5 MB
[runlim] sample:		209.6 time, 210.1 real, 298.9 MB
[runlim] sample:		219.6 time, 220.1 real, 303.0 MB
[runlim] sample:		229.6 time, 230.1 real, 307.6 MB
[runlim] sample:		239.6 time, 240.1 real, 312.0 MB
[runlim] sample:		249.6 time, 250.1 real, 315.6 MB
[runlim] sample:		259.6 time, 260.1 real, 319.1 MB
[runlim] sample:		269.6 time, 270.1 real, 322.9 MB
[runlim] sample:		279.6 time, 280.1 real, 328.1 MB
[runlim] sample:		289.6 time, 290.1 real, 332.5 MB
[runlim] sample:		299.6 time, 300.1 real, 334.5 MB
CVC4 interrupted by SIGTERM.
[runlim] end:			Tue Jan 29 11:13:05 2019
[runlim] status:		out of time
[runlim] result:		2
[runlim] children:		0
[runlim] real:			300.67 seconds
[runlim] time:			300.10 seconds
[runlim] space:			334.5 MB
[runlim] samples:		3005
