[runlim] version:		1.10fixed
[runlim] time limit:		300 seconds
[runlim] real time limit:	311040000 seconds
[runlim] space limit:		4000 MB
[runlim] argv[0]:		./cvc4
[runlim] argv[1]:		/tmp/bLMsP0zc.smt2
[runlim] start:			Mon Jan 28 14:34:16 2019
[runlim] main pid:		5531
/tmp/bLMsP0zc.smt2:4.12: No set-logic command was given before this point.
/tmp/bLMsP0zc.smt2:4.12: CVC4 will make all theories available.
/tmp/bLMsP0zc.smt2:4.12: Consider setting a stricter logic for (likely) better performance.
/tmp/bLMsP0zc.smt2:4.12: To suppress this warning in the future use (set-logic ALL).
[runlim] sample:		9.1 time, 10.4 real, 226.9 MB
[runlim] sample:		18.6 time, 20.4 real, 384.5 MB
[runlim] sample:		28.6 time, 30.4 real, 521.5 MB
[runlim] sample:		38.6 time, 40.4 real, 644.7 MB
[runlim] sample:		48.6 time, 50.4 real, 745.4 MB
[runlim] sample:		58.6 time, 60.4 real, 849.8 MB
[runlim] sample:		68.6 time, 70.4 real, 963.3 MB
[runlim] sample:		78.6 time, 80.4 real, 1042.4 MB
[runlim] sample:		88.6 time, 90.4 real, 1153.5 MB
[runlim] sample:		98.6 time, 100.4 real, 1221.3 MB
[runlim] sample:		108.6 time, 110.4 real, 1286.3 MB
[runlim] sample:		118.6 time, 120.4 real, 1394.3 MB
[runlim] sample:		128.6 time, 130.4 real, 1436.0 MB
[runlim] sample:		138.6 time, 140.4 real, 1553.9 MB
[runlim] sample:		148.6 time, 150.4 real, 1572.7 MB
[runlim] sample:		158.6 time, 160.4 real, 1649.7 MB
[runlim] sample:		168.5 time, 170.4 real, 1723.9 MB
[runlim] sample:		177.8 time, 180.4 real, 1772.1 MB
[runlim] sample:		187.1 time, 190.4 real, 1865.0 MB
[runlim] sample:		196.2 time, 200.4 real, 1910.5 MB
[runlim] sample:		205.7 time, 210.4 real, 1969.5 MB
[runlim] sample:		215.3 time, 220.4 real, 2056.6 MB
[runlim] sample:		225.0 time, 230.4 real, 2085.2 MB
[runlim] sample:		234.7 time, 240.4 real, 2135.7 MB
[runlim] sample:		244.3 time, 250.4 real, 2193.7 MB
[runlim] sample:		253.6 time, 260.4 real, 2243.1 MB
[runlim] sample:		263.0 time, 270.4 real, 2253.4 MB
[runlim] sample:		272.9 time, 280.4 real, 2326.3 MB
[runlim] sample:		282.9 time, 290.4 real, 2398.4 MB
[runlim] sample:		292.9 time, 300.4 real, 2430.4 MB
CVC4 interrupted by SIGTERM.
[runlim] end:			Mon Jan 28 14:39:23 2019
[runlim] status:		out of time
[runlim] result:		2
[runlim] children:		0
[runlim] real:			307.67 seconds
[runlim] time:			300.15 seconds
[runlim] space:			2430.6 MB
[runlim] samples:		3072
