[runlim] version:		1.10fixed
[runlim] time limit:		1800 seconds
[runlim] real time limit:	311040000 seconds
[runlim] space limit:		4000 MB
[runlim] argv[0]:		./cvc4
[runlim] argv[1]:		/tmp/TrGBKJ9S.smt2
[runlim] start:			Fri Feb  8 20:38:20 2019
[runlim] main pid:		32663
/tmp/TrGBKJ9S.smt2:4.12: No set-logic command was given before this point.
/tmp/TrGBKJ9S.smt2:4.12: CVC4 will make all theories available.
/tmp/TrGBKJ9S.smt2:4.12: Consider setting a stricter logic for (likely) better performance.
/tmp/TrGBKJ9S.smt2:4.12: To suppress this warning in the future use (set-logic ALL).
[runlim] sample:		8.6 time, 10.9 real, 79.5 MB
[runlim] sample:		17.9 time, 20.9 real, 108.0 MB
[runlim] sample:		27.6 time, 30.9 real, 127.0 MB
[runlim] sample:		37.2 time, 40.9 real, 139.1 MB
[runlim] sample:		46.3 time, 50.9 real, 154.4 MB
[runlim] sample:		55.8 time, 60.9 real, 165.7 MB
[runlim] sample:		65.5 time, 70.9 real, 181.0 MB
[runlim] sample:		75.1 time, 80.9 real, 195.5 MB
[runlim] sample:		84.8 time, 90.9 real, 203.4 MB
[runlim] sample:		94.4 time, 100.9 real, 209.4 MB
[runlim] sample:		103.9 time, 110.9 real, 218.9 MB
[runlim] sample:		113.2 time, 120.9 real, 224.1 MB
[runlim] sample:		122.5 time, 130.9 real, 234.1 MB
[runlim] sample:		131.8 time, 140.9 real, 239.0 MB
[runlim] sample:		141.2 time, 150.9 real, 243.9 MB
[runlim] sample:		150.5 time, 160.9 real, 257.4 MB
[runlim] sample:		159.8 time, 170.9 real, 262.8 MB
[runlim] sample:		169.1 time, 180.9 real, 268.0 MB
[runlim] sample:		178.4 time, 190.9 real, 274.1 MB
[runlim] sample:		187.8 time, 200.9 real, 278.2 MB
[runlim] sample:		197.1 time, 210.9 real, 291.0 MB
[runlim] sample:		206.4 time, 220.9 real, 295.6 MB
[runlim] sample:		215.7 time, 230.9 real, 300.5 MB
[runlim] sample:		225.0 time, 240.9 real, 305.4 MB
[runlim] sample:		234.4 time, 250.9 real, 309.0 MB
[runlim] sample:		243.7 time, 260.9 real, 312.3 MB
[runlim] sample:		253.0 time, 270.9 real, 315.7 MB
[runlim] sample:		262.3 time, 280.9 real, 317.5 MB
[runlim] sample:		271.6 time, 290.9 real, 323.9 MB
[runlim] sample:		280.9 time, 300.9 real, 330.9 MB
[runlim] sample:		290.2 time, 310.9 real, 337.0 MB
[runlim] sample:		299.5 time, 320.9 real, 342.2 MB
[runlim] sample:		308.9 time, 330.9 real, 343.7 MB
[runlim] sample:		318.2 time, 340.9 real, 352.1 MB
[runlim] sample:		327.5 time, 350.9 real, 355.1 MB
[runlim] sample:		336.8 time, 360.9 real, 360.6 MB
[runlim] sample:		346.1 time, 370.9 real, 360.8 MB
[runlim] sample:		355.4 time, 380.9 real, 366.7 MB
[runlim] sample:		364.8 time, 390.9 real, 372.1 MB
[runlim] sample:		374.1 time, 400.9 real, 372.6 MB
[runlim] sample:		383.4 time, 410.9 real, 379.6 MB
[runlim] sample:		392.8 time, 420.9 real, 383.2 MB
[runlim] sample:		402.1 time, 430.9 real, 384.8 MB
[runlim] sample:		411.4 time, 440.9 real, 390.4 MB
[runlim] sample:		420.8 time, 450.9 real, 390.9 MB
[runlim] sample:		430.1 time, 460.9 real, 396.8 MB
[runlim] sample:		439.4 time, 470.9 real, 401.7 MB
[runlim] sample:		448.8 time, 480.9 real, 402.5 MB
[runlim] sample:		458.1 time, 490.9 real, 412.5 MB
[runlim] sample:		467.4 time, 500.9 real, 412.5 MB
[runlim] sample:		476.8 time, 510.9 real, 419.8 MB
[runlim] sample:		486.1 time, 520.9 real, 419.8 MB
[runlim] sample:		495.4 time, 530.9 real, 423.9 MB
[runlim] sample:		504.8 time, 540.9 real, 424.1 MB
[runlim] sample:		514.1 time, 550.9 real, 429.3 MB
[runlim] sample:		523.4 time, 560.9 real, 433.6 MB
[runlim] sample:		532.8 time, 570.9 real, 435.2 MB
[runlim] sample:		542.1 time, 580.9 real, 447.5 MB
[runlim] sample:		551.4 time, 590.9 real, 448.7 MB
[runlim] sample:		560.8 time, 600.9 real, 453.1 MB
[runlim] sample:		570.1 time, 610.9 real, 454.4 MB
[runlim] sample:		579.4 time, 620.9 real, 454.7 MB
[runlim] sample:		588.7 time, 630.9 real, 459.5 MB
[runlim] sample:		598.0 time, 640.9 real, 460.3 MB
[runlim] sample:		607.3 time, 650.9 real, 464.9 MB
[runlim] sample:		616.6 time, 660.9 real, 465.5 MB
[runlim] sample:		626.0 time, 670.9 real, 470.6 MB
[runlim] sample:		635.2 time, 680.9 real, 472.7 MB
[runlim] sample:		644.5 time, 690.9 real, 475.2 MB
[runlim] sample:		653.8 time, 700.9 real, 476.0 MB
[runlim] sample:		663.1 time, 710.9 real, 479.6 MB
[runlim] sample:		672.4 time, 720.9 real, 481.2 MB
[runlim] sample:		681.7 time, 730.9 real, 481.7 MB
[runlim] sample:		691.1 time, 740.9 real, 484.0 MB
[runlim] sample:		700.4 time, 750.9 real, 484.8 MB
[runlim] sample:		709.7 time, 760.9 real, 489.9 MB
[runlim] sample:		719.1 time, 770.9 real, 492.5 MB
[runlim] sample:		728.4 time, 780.9 real, 492.7 MB
[runlim] sample:		737.7 time, 790.9 real, 492.7 MB
[runlim] sample:		747.1 time, 800.9 real, 494.0 MB
[runlim] sample:		756.4 time, 810.9 real, 515.3 MB
[runlim] sample:		765.7 time, 820.9 real, 516.3 MB
[runlim] sample:		775.0 time, 830.9 real, 516.6 MB
[runlim] sample:		784.3 time, 840.9 real, 518.9 MB
[runlim] sample:		793.7 time, 850.9 real, 519.4 MB
[runlim] sample:		803.0 time, 860.9 real, 524.1 MB
[runlim] sample:		812.4 time, 870.9 real, 525.1 MB
[runlim] sample:		821.7 time, 880.9 real, 525.3 MB
[runlim] sample:		831.0 time, 890.9 real, 527.9 MB
[runlim] sample:		840.3 time, 900.9 real, 528.4 MB
[runlim] sample:		849.7 time, 910.9 real, 531.5 MB
[runlim] sample:		859.0 time, 920.9 real, 532.5 MB
[runlim] sample:		868.3 time, 930.9 real, 532.8 MB
[runlim] sample:		877.6 time, 940.9 real, 535.1 MB
[runlim] sample:		887.0 time, 950.9 real, 536.4 MB
[runlim] sample:		896.3 time, 960.9 real, 539.2 MB
[runlim] sample:		905.6 time, 970.9 real, 540.2 MB
[runlim] sample:		914.9 time, 980.9 real, 541.3 MB
[runlim] sample:		924.3 time, 990.9 real, 542.8 MB
[runlim] sample:		933.6 time, 1000.9 real, 543.6 MB
[runlim] sample:		943.0 time, 1010.9 real, 543.8 MB
[runlim] sample:		952.3 time, 1020.9 real, 546.2 MB
[runlim] sample:		961.6 time, 1030.9 real, 547.0 MB
[runlim] sample:		971.0 time, 1040.9 real, 547.3 MB
[runlim] sample:		980.3 time, 1050.9 real, 549.6 MB
[runlim] sample:		989.6 time, 1060.9 real, 550.6 MB
[runlim] sample:		999.0 time, 1070.9 real, 550.9 MB
[runlim] sample:		1008.3 time, 1080.9 real, 553.4 MB
[runlim] sample:		1017.6 time, 1090.9 real, 555.7 MB
[runlim] sample:		1027.0 time, 1100.9 real, 556.3 MB
[runlim] sample:		1036.3 time, 1110.9 real, 557.5 MB
[runlim] sample:		1045.6 time, 1120.9 real, 558.0 MB
[runlim] sample:		1055.0 time, 1130.9 real, 558.3 MB
[runlim] sample:		1064.3 time, 1140.9 real, 560.9 MB
[runlim] sample:		1073.6 time, 1150.9 real, 561.9 MB
[runlim] sample:		1083.0 time, 1160.9 real, 561.9 MB
[runlim] sample:		1092.3 time, 1170.9 real, 564.2 MB
[runlim] sample:		1101.6 time, 1180.9 real, 566.0 MB
[runlim] sample:		1111.0 time, 1190.9 real, 566.3 MB
[runlim] sample:		1120.3 time, 1200.9 real, 568.3 MB
[runlim] sample:		1129.7 time, 1210.9 real, 570.4 MB
[runlim] sample:		1139.0 time, 1220.9 real, 570.4 MB
[runlim] sample:		1148.3 time, 1230.9 real, 570.4 MB
[runlim] sample:		1157.6 time, 1240.9 real, 580.2 MB
[runlim] sample:		1167.0 time, 1250.9 real, 580.4 MB
[runlim] sample:		1176.3 time, 1260.9 real, 580.4 MB
[runlim] sample:		1185.6 time, 1270.9 real, 584.0 MB
[runlim] sample:		1195.0 time, 1280.9 real, 584.0 MB
[runlim] sample:		1204.3 time, 1290.9 real, 584.0 MB
[runlim] sample:		1213.7 time, 1300.9 real, 589.7 MB
[runlim] sample:		1223.0 time, 1310.9 real, 591.0 MB
[runlim] sample:		1232.3 time, 1320.9 real, 591.0 MB
[runlim] sample:		1241.6 time, 1330.9 real, 591.0 MB
[runlim] sample:		1250.8 time, 1340.9 real, 595.9 MB
[runlim] sample:		1260.2 time, 1350.9 real, 595.9 MB
[runlim] sample:		1269.5 time, 1360.9 real, 596.1 MB
[runlim] sample:		1278.9 time, 1370.9 real, 600.5 MB
[runlim] sample:		1288.2 time, 1380.9 real, 601.5 MB
[runlim] sample:		1297.6 time, 1390.9 real, 601.8 MB
[runlim] sample:		1306.9 time, 1400.9 real, 603.8 MB
[runlim] sample:		1316.2 time, 1410.9 real, 607.2 MB
[runlim] sample:		1325.6 time, 1420.9 real, 607.2 MB
[runlim] sample:		1334.9 time, 1430.9 real, 607.4 MB
[runlim] sample:		1344.3 time, 1440.9 real, 609.7 MB
[runlim] sample:		1353.6 time, 1450.9 real, 610.8 MB
[runlim] sample:		1363.0 time, 1460.9 real, 611.0 MB
[runlim] sample:		1372.3 time, 1470.9 real, 611.0 MB
[runlim] sample:		1381.6 time, 1480.9 real, 616.4 MB
[runlim] sample:		1391.0 time, 1490.9 real, 616.7 MB
[runlim] sample:		1400.3 time, 1500.9 real, 616.9 MB
[runlim] sample:		1409.7 time, 1510.9 real, 619.8 MB
[runlim] sample:		1419.0 time, 1520.9 real, 620.8 MB
[runlim] sample:		1428.4 time, 1530.9 real, 620.8 MB
[runlim] sample:		1437.7 time, 1540.9 real, 621.0 MB
[runlim] sample:		1447.1 time, 1550.9 real, 621.0 MB
[runlim] sample:		1456.4 time, 1560.9 real, 621.8 MB
[runlim] sample:		1465.7 time, 1570.9 real, 621.8 MB
[runlim] sample:		1475.0 time, 1580.9 real, 621.8 MB
[runlim] sample:		1484.4 time, 1590.9 real, 623.4 MB
[runlim] sample:		1493.7 time, 1600.9 real, 625.4 MB
[runlim] sample:		1503.0 time, 1610.9 real, 625.4 MB
[runlim] sample:		1512.3 time, 1620.9 real, 625.4 MB
[runlim] sample:		1521.7 time, 1630.9 real, 628.2 MB
[runlim] sample:		1531.0 time, 1640.9 real, 630.0 MB
[runlim] sample:		1540.3 time, 1650.9 real, 630.0 MB
[runlim] sample:		1549.7 time, 1660.9 real, 630.3 MB
[runlim] sample:		1559.0 time, 1670.9 real, 630.3 MB
[runlim] sample:		1568.3 time, 1680.9 real, 636.7 MB
[runlim] sample:		1577.6 time, 1690.9 real, 636.7 MB
[runlim] sample:		1587.0 time, 1700.9 real, 636.7 MB
[runlim] sample:		1596.3 time, 1710.9 real, 636.7 MB
[runlim] sample:		1605.8 time, 1720.9 real, 643.2 MB
[runlim] sample:		1615.8 time, 1730.9 real, 643.2 MB
[runlim] sample:		1625.8 time, 1740.9 real, 643.2 MB
[runlim] sample:		1635.8 time, 1750.9 real, 643.2 MB
[runlim] sample:		1645.8 time, 1760.9 real, 650.4 MB
[runlim] sample:		1655.8 time, 1770.9 real, 650.4 MB
[runlim] sample:		1665.8 time, 1780.9 real, 650.4 MB
[runlim] sample:		1675.8 time, 1790.9 real, 650.4 MB
[runlim] sample:		1685.8 time, 1800.9 real, 658.3 MB
[runlim] sample:		1695.8 time, 1810.9 real, 658.3 MB
[runlim] sample:		1705.8 time, 1820.9 real, 658.3 MB
[runlim] sample:		1715.8 time, 1830.9 real, 660.9 MB
[runlim] sample:		1725.8 time, 1840.9 real, 662.2 MB
[runlim] sample:		1735.8 time, 1850.9 real, 662.2 MB
[runlim] sample:		1745.8 time, 1860.9 real, 662.4 MB
[runlim] sample:		1755.8 time, 1870.9 real, 664.8 MB
[runlim] sample:		1765.8 time, 1880.9 real, 667.3 MB
[runlim] sample:		1775.8 time, 1890.9 real, 667.3 MB
[runlim] sample:		1785.8 time, 1900.9 real, 667.3 MB
[runlim] sample:		1795.8 time, 1910.9 real, 667.3 MB
CVC4 interrupted by SIGTERM.
[runlim] end:			Fri Feb  8 21:10:15 2019
[runlim] status:		out of time
[runlim] result:		2
[runlim] children:		0
[runlim] real:			1915.24 seconds
[runlim] time:			1800.09 seconds
[runlim] space:			668.6 MB
[runlim] samples:		19143
