[runlim] version:		1.10fixed
[runlim] time limit:		1800 seconds
[runlim] real time limit:	311040000 seconds
[runlim] space limit:		4000 MB
[runlim] argv[0]:		./cvc4
[runlim] argv[1]:		/tmp/pCKvI5pD.smt2
[runlim] start:			Fri Feb  8 20:38:16 2019
[runlim] main pid:		23262
/tmp/pCKvI5pD.smt2:4.12: No set-logic command was given before this point.
/tmp/pCKvI5pD.smt2:4.12: CVC4 will make all theories available.
/tmp/pCKvI5pD.smt2:4.12: Consider setting a stricter logic for (likely) better performance.
/tmp/pCKvI5pD.smt2:4.12: To suppress this warning in the future use (set-logic ALL).
[runlim] sample:		8.9 time, 10.6 real, 54.9 MB
[runlim] sample:		18.9 time, 20.6 real, 70.7 MB
[runlim] sample:		28.9 time, 30.6 real, 79.0 MB
[runlim] sample:		38.9 time, 40.6 real, 86.7 MB
[runlim] sample:		48.7 time, 50.6 real, 100.4 MB
[runlim] sample:		58.3 time, 60.6 real, 102.7 MB
[runlim] sample:		67.5 time, 70.6 real, 108.4 MB
[runlim] sample:		77.0 time, 80.6 real, 110.2 MB
[runlim] sample:		86.6 time, 90.6 real, 116.3 MB
[runlim] sample:		96.2 time, 100.6 real, 119.7 MB
[runlim] sample:		105.9 time, 110.6 real, 122.3 MB
[runlim] sample:		115.2 time, 120.6 real, 126.4 MB
[runlim] sample:		125.0 time, 130.6 real, 128.5 MB
[runlim] sample:		135.0 time, 140.6 real, 147.1 MB
[runlim] sample:		145.0 time, 150.6 real, 148.4 MB
[runlim] sample:		155.0 time, 160.6 real, 148.7 MB
[runlim] sample:		165.0 time, 170.6 real, 148.9 MB
[runlim] sample:		174.9 time, 180.6 real, 150.2 MB
[runlim] sample:		184.9 time, 190.6 real, 152.3 MB
[runlim] sample:		194.9 time, 200.6 real, 155.4 MB
[runlim] sample:		204.1 time, 210.6 real, 157.7 MB
[runlim] sample:		212.7 time, 220.6 real, 157.7 MB
[runlim] sample:		222.3 time, 230.6 real, 162.6 MB
[runlim] sample:		232.3 time, 240.6 real, 165.4 MB
[runlim] sample:		242.1 time, 250.6 real, 169.3 MB
[runlim] sample:		250.7 time, 260.6 real, 169.6 MB
[runlim] sample:		259.3 time, 270.6 real, 172.4 MB
[runlim] sample:		267.9 time, 280.6 real, 172.4 MB
[runlim] sample:		276.5 time, 290.6 real, 176.5 MB
[runlim] sample:		285.1 time, 300.6 real, 177.0 MB
[runlim] sample:		295.1 time, 310.6 real, 179.3 MB
[runlim] sample:		305.1 time, 320.6 real, 184.0 MB
[runlim] sample:		315.1 time, 330.6 real, 184.0 MB
[runlim] sample:		325.0 time, 340.6 real, 186.6 MB
[runlim] sample:		333.9 time, 350.6 real, 186.6 MB
[runlim] sample:		342.9 time, 360.6 real, 190.9 MB
[runlim] sample:		352.2 time, 370.6 real, 193.3 MB
[runlim] sample:		361.8 time, 380.6 real, 193.8 MB
[runlim] sample:		371.4 time, 390.6 real, 228.0 MB
[runlim] sample:		380.9 time, 400.6 real, 228.0 MB
[runlim] sample:		390.5 time, 410.6 real, 228.6 MB
[runlim] sample:		399.9 time, 420.6 real, 228.6 MB
[runlim] sample:		409.9 time, 430.6 real, 230.1 MB
[runlim] sample:		419.9 time, 440.6 real, 230.1 MB
[runlim] sample:		428.6 time, 450.6 real, 230.6 MB
[runlim] sample:		437.5 time, 460.6 real, 230.6 MB
[runlim] sample:		447.1 time, 470.6 real, 230.6 MB
[runlim] sample:		456.8 time, 480.6 real, 232.4 MB
[runlim] sample:		466.4 time, 490.6 real, 232.4 MB
[runlim] sample:		476.1 time, 500.6 real, 232.9 MB
[runlim] sample:		485.7 time, 510.6 real, 232.9 MB
[runlim] sample:		495.4 time, 520.6 real, 234.7 MB
[runlim] sample:		505.0 time, 530.6 real, 234.7 MB
[runlim] sample:		514.6 time, 540.6 real, 235.3 MB
[runlim] sample:		524.3 time, 550.6 real, 235.3 MB
[runlim] sample:		533.9 time, 560.6 real, 235.5 MB
[runlim] sample:		543.6 time, 570.6 real, 237.1 MB
[runlim] sample:		553.2 time, 580.6 real, 237.1 MB
[runlim] sample:		562.8 time, 590.6 real, 237.6 MB
[runlim] sample:		572.0 time, 600.6 real, 237.6 MB
[runlim] sample:		581.5 time, 610.6 real, 237.6 MB
[runlim] sample:		591.3 time, 620.6 real, 242.0 MB
[runlim] sample:		600.8 time, 630.6 real, 242.0 MB
[runlim] sample:		610.8 time, 640.6 real, 244.8 MB
[runlim] sample:		620.8 time, 650.6 real, 244.8 MB
[runlim] sample:		630.0 time, 660.6 real, 244.8 MB
[runlim] sample:		640.0 time, 670.6 real, 249.7 MB
[runlim] sample:		650.0 time, 680.6 real, 249.9 MB
[runlim] sample:		659.5 time, 690.6 real, 250.2 MB
[runlim] sample:		669.1 time, 700.6 real, 253.6 MB
[runlim] sample:		678.5 time, 710.6 real, 253.6 MB
[runlim] sample:		688.2 time, 720.6 real, 253.6 MB
[runlim] sample:		696.8 time, 730.6 real, 257.9 MB
[runlim] sample:		705.6 time, 740.6 real, 257.9 MB
[runlim] sample:		714.6 time, 750.6 real, 258.4 MB
[runlim] sample:		724.3 time, 760.6 real, 261.0 MB
[runlim] sample:		734.3 time, 770.6 real, 261.0 MB
[runlim] sample:		744.3 time, 780.6 real, 261.0 MB
[runlim] sample:		754.3 time, 790.6 real, 266.2 MB
[runlim] sample:		764.3 time, 800.6 real, 266.2 MB
[runlim] sample:		773.8 time, 810.6 real, 266.4 MB
[runlim] sample:		782.4 time, 820.6 real, 269.3 MB
[runlim] sample:		791.0 time, 830.6 real, 269.3 MB
[runlim] sample:		800.5 time, 840.6 real, 269.3 MB
[runlim] sample:		810.4 time, 850.6 real, 269.3 MB
[runlim] sample:		820.0 time, 860.6 real, 277.0 MB
[runlim] sample:		828.6 time, 870.6 real, 277.0 MB
[runlim] sample:		838.0 time, 880.6 real, 277.0 MB
[runlim] sample:		847.3 time, 890.6 real, 278.0 MB
[runlim] sample:		855.9 time, 900.6 real, 278.0 MB
[runlim] sample:		865.1 time, 910.6 real, 278.0 MB
[runlim] sample:		873.7 time, 920.6 real, 278.0 MB
[runlim] sample:		882.9 time, 930.6 real, 283.7 MB
[runlim] sample:		891.9 time, 940.6 real, 283.7 MB
[runlim] sample:		901.2 time, 950.6 real, 283.7 MB
[runlim] sample:		910.2 time, 960.6 real, 284.0 MB
[runlim] sample:		919.2 time, 970.6 real, 286.5 MB
[runlim] sample:		929.2 time, 980.6 real, 286.5 MB
[runlim] sample:		938.0 time, 990.6 real, 286.5 MB
[runlim] sample:		946.6 time, 1000.6 real, 286.5 MB
[runlim] sample:		955.7 time, 1010.6 real, 292.2 MB
[runlim] sample:		965.1 time, 1020.6 real, 292.2 MB
[runlim] sample:		973.0 time, 1030.6 real, 292.5 MB
[runlim] sample:		982.3 time, 1040.6 real, 292.7 MB
[runlim] sample:		991.6 time, 1050.6 real, 295.6 MB
[runlim] sample:		1000.9 time, 1060.6 real, 295.6 MB
[runlim] sample:		1010.2 time, 1070.6 real, 295.6 MB
[runlim] sample:		1019.3 time, 1080.6 real, 295.6 MB
[runlim] sample:		1027.7 time, 1090.6 real, 301.2 MB
[runlim] sample:		1037.0 time, 1100.6 real, 301.2 MB
[runlim] sample:		1045.9 time, 1110.6 real, 301.5 MB
[runlim] sample:		1053.8 time, 1120.6 real, 301.7 MB
[runlim] sample:		1063.4 time, 1130.6 real, 304.6 MB
[runlim] sample:		1073.4 time, 1140.6 real, 304.6 MB
[runlim] sample:		1083.4 time, 1150.6 real, 304.6 MB
[runlim] sample:		1091.8 time, 1160.6 real, 304.6 MB
[runlim] sample:		1099.7 time, 1170.6 real, 304.6 MB
[runlim] sample:		1109.2 time, 1180.6 real, 368.2 MB
[runlim] sample:		1119.2 time, 1190.6 real, 368.2 MB
[runlim] sample:		1127.5 time, 1200.6 real, 368.2 MB
[runlim] sample:		1135.4 time, 1210.6 real, 368.2 MB
[runlim] sample:		1143.9 time, 1220.6 real, 368.7 MB
[runlim] sample:		1151.8 time, 1230.6 real, 368.7 MB
[runlim] sample:		1161.6 time, 1240.6 real, 368.7 MB
[runlim] sample:		1171.6 time, 1250.6 real, 368.7 MB
[runlim] sample:		1181.6 time, 1260.6 real, 368.7 MB
[runlim] sample:		1191.6 time, 1270.6 real, 371.3 MB
[runlim] sample:		1200.8 time, 1280.6 real, 371.3 MB
[runlim] sample:		1210.8 time, 1290.6 real, 371.3 MB
[runlim] sample:		1220.3 time, 1300.6 real, 371.3 MB
[runlim] sample:		1229.8 time, 1310.6 real, 371.8 MB
[runlim] sample:		1239.8 time, 1320.6 real, 371.8 MB
[runlim] sample:		1249.1 time, 1330.6 real, 371.8 MB
[runlim] sample:		1257.1 time, 1340.6 real, 371.8 MB
[runlim] sample:		1265.3 time, 1350.6 real, 371.8 MB
[runlim] sample:		1273.3 time, 1360.6 real, 374.1 MB
[runlim] sample:		1281.9 time, 1370.6 real, 374.1 MB
[runlim] sample:		1290.7 time, 1380.6 real, 374.1 MB
[runlim] sample:		1299.0 time, 1390.6 real, 374.1 MB
[runlim] sample:		1307.5 time, 1400.6 real, 374.1 MB
[runlim] sample:		1316.8 time, 1410.6 real, 374.9 MB
[runlim] sample:		1326.4 time, 1420.6 real, 374.9 MB
[runlim] sample:		1336.0 time, 1430.6 real, 374.9 MB
[runlim] sample:		1345.8 time, 1440.6 real, 374.9 MB
[runlim] sample:		1355.2 time, 1450.6 real, 375.1 MB
[runlim] sample:		1365.0 time, 1460.6 real, 377.2 MB
[runlim] sample:		1374.9 time, 1470.6 real, 377.2 MB
[runlim] sample:		1383.2 time, 1480.6 real, 377.2 MB
[runlim] sample:		1392.7 time, 1490.6 real, 377.2 MB
[runlim] sample:		1400.8 time, 1500.6 real, 377.2 MB
[runlim] sample:		1409.5 time, 1510.6 real, 377.7 MB
[runlim] sample:		1418.2 time, 1520.6 real, 377.7 MB
[runlim] sample:		1427.2 time, 1530.6 real, 377.7 MB
[runlim] sample:		1437.2 time, 1540.6 real, 377.7 MB
[runlim] sample:		1446.9 time, 1550.6 real, 377.7 MB
[runlim] sample:		1456.5 time, 1560.6 real, 380.3 MB
[runlim] sample:		1466.2 time, 1570.6 real, 380.3 MB
[runlim] sample:		1475.8 time, 1580.6 real, 380.3 MB
[runlim] sample:		1485.5 time, 1590.6 real, 380.3 MB
[runlim] sample:		1495.0 time, 1600.6 real, 380.8 MB
[runlim] sample:		1504.0 time, 1610.6 real, 381.0 MB
[runlim] sample:		1513.8 time, 1620.6 real, 381.0 MB
[runlim] sample:		1523.3 time, 1630.6 real, 381.0 MB
[runlim] sample:		1532.6 time, 1640.6 real, 381.0 MB
[runlim] sample:		1541.9 time, 1650.6 real, 381.0 MB
[runlim] sample:		1551.1 time, 1660.6 real, 383.6 MB
[runlim] sample:		1560.6 time, 1670.6 real, 383.6 MB
[runlim] sample:		1570.3 time, 1680.6 real, 383.6 MB
[runlim] sample:		1579.8 time, 1690.6 real, 383.6 MB
[runlim] sample:		1589.8 time, 1700.6 real, 383.6 MB
[runlim] sample:		1599.8 time, 1710.6 real, 384.1 MB
[runlim] sample:		1609.5 time, 1720.6 real, 384.1 MB
[runlim] sample:		1618.7 time, 1730.6 real, 384.1 MB
[runlim] sample:		1628.5 time, 1740.6 real, 384.1 MB
[runlim] sample:		1638.5 time, 1750.6 real, 384.1 MB
[runlim] sample:		1648.0 time, 1760.6 real, 386.7 MB
[runlim] sample:		1657.8 time, 1770.6 real, 386.7 MB
[runlim] sample:		1667.6 time, 1780.6 real, 386.7 MB
[runlim] sample:		1677.6 time, 1790.6 real, 386.7 MB
[runlim] sample:		1687.6 time, 1800.6 real, 386.7 MB
[runlim] sample:		1697.6 time, 1810.6 real, 387.2 MB
[runlim] sample:		1707.6 time, 1820.6 real, 387.2 MB
[runlim] sample:		1717.6 time, 1830.6 real, 387.2 MB
[runlim] sample:		1727.4 time, 1840.6 real, 387.2 MB
[runlim] sample:		1736.5 time, 1850.6 real, 387.2 MB
[runlim] sample:		1745.7 time, 1860.6 real, 387.2 MB
[runlim] sample:		1755.0 time, 1870.6 real, 390.1 MB
[runlim] sample:		1764.5 time, 1880.6 real, 390.1 MB
[runlim] sample:		1774.3 time, 1890.6 real, 390.1 MB
[runlim] sample:		1783.8 time, 1900.6 real, 390.1 MB
[runlim] sample:		1792.4 time, 1910.6 real, 390.1 MB
CVC4 interrupted by SIGTERM.
[runlim] end:			Fri Feb  8 21:10:14 2019
[runlim] status:		out of time
[runlim] result:		2
[runlim] children:		0
[runlim] real:			1918.37 seconds
[runlim] time:			1800.06 seconds
[runlim] space:			421.9 MB
[runlim] samples:		19177
