[runlim] version:		1.10fixed
[runlim] time limit:		1800 seconds
[runlim] real time limit:	311040000 seconds
[runlim] space limit:		4000 MB
[runlim] argv[0]:		./cvc4
[runlim] argv[1]:		/tmp/OowRYOM5.smt2
[runlim] start:			Fri Feb  8 20:38:18 2019
[runlim] main pid:		20727
/tmp/OowRYOM5.smt2:4.12: No set-logic command was given before this point.
/tmp/OowRYOM5.smt2:4.12: CVC4 will make all theories available.
/tmp/OowRYOM5.smt2:4.12: Consider setting a stricter logic for (likely) better performance.
/tmp/OowRYOM5.smt2:4.12: To suppress this warning in the future use (set-logic ALL).
[runlim] sample:		8.8 time, 10.8 real, 63.5 MB
[runlim] sample:		18.8 time, 20.8 real, 77.7 MB
[runlim] sample:		28.7 time, 30.8 real, 88.1 MB
[runlim] sample:		38.0 time, 40.8 real, 104.2 MB
[runlim] sample:		47.8 time, 50.8 real, 105.9 MB
[runlim] sample:		56.6 time, 60.8 real, 109.0 MB
[runlim] sample:		65.7 time, 70.8 real, 115.5 MB
[runlim] sample:		74.8 time, 80.8 real, 117.8 MB
[runlim] sample:		83.9 time, 90.8 real, 124.2 MB
[runlim] sample:		93.1 time, 100.8 real, 126.8 MB
[runlim] sample:		101.7 time, 110.8 real, 133.5 MB
[runlim] sample:		111.7 time, 120.8 real, 151.0 MB
[runlim] sample:		121.4 time, 130.8 real, 152.6 MB
[runlim] sample:		131.4 time, 140.8 real, 153.3 MB
[runlim] sample:		141.2 time, 150.8 real, 153.3 MB
[runlim] sample:		150.5 time, 160.8 real, 155.4 MB
[runlim] sample:		159.6 time, 170.8 real, 158.0 MB
[runlim] sample:		167.1 time, 180.8 real, 158.0 MB
[runlim] sample:		176.5 time, 190.8 real, 165.9 MB
[runlim] sample:		186.3 time, 200.8 real, 167.5 MB
[runlim] sample:		195.9 time, 210.8 real, 171.6 MB
[runlim] sample:		205.2 time, 220.8 real, 171.6 MB
[runlim] sample:		214.4 time, 230.8 real, 179.3 MB
[runlim] sample:		224.0 time, 240.8 real, 179.6 MB
[runlim] sample:		233.4 time, 250.8 real, 182.4 MB
[runlim] sample:		242.5 time, 260.8 real, 182.4 MB
[runlim] sample:		251.5 time, 270.8 real, 189.6 MB
[runlim] sample:		261.5 time, 280.8 real, 190.1 MB
[runlim] sample:		271.5 time, 290.8 real, 193.0 MB
[runlim] sample:		281.3 time, 300.8 real, 193.0 MB
[runlim] sample:		290.2 time, 310.8 real, 201.7 MB
[runlim] sample:		299.0 time, 320.8 real, 201.7 MB
[runlim] sample:		307.5 time, 330.8 real, 202.5 MB
[runlim] sample:		315.8 time, 340.8 real, 205.1 MB
[runlim] sample:		324.7 time, 350.8 real, 205.1 MB
[runlim] sample:		334.7 time, 360.8 real, 239.5 MB
[runlim] sample:		344.7 time, 370.8 real, 239.5 MB
[runlim] sample:		354.7 time, 380.8 real, 239.5 MB
[runlim] sample:		363.9 time, 390.8 real, 240.6 MB
[runlim] sample:		373.9 time, 400.8 real, 240.6 MB
[runlim] sample:		383.2 time, 410.8 real, 242.6 MB
[runlim] sample:		391.8 time, 420.8 real, 242.6 MB
[runlim] sample:		401.5 time, 430.8 real, 242.6 MB
[runlim] sample:		410.6 time, 440.8 real, 243.7 MB
[runlim] sample:		420.5 time, 450.8 real, 243.7 MB
[runlim] sample:		429.3 time, 460.8 real, 243.7 MB
[runlim] sample:		438.8 time, 470.8 real, 245.7 MB
[runlim] sample:		447.2 time, 480.8 real, 245.7 MB
[runlim] sample:		456.0 time, 490.8 real, 246.2 MB
[runlim] sample:		464.5 time, 500.8 real, 246.2 MB
[runlim] sample:		474.1 time, 510.8 real, 246.2 MB
[runlim] sample:		483.5 time, 520.8 real, 247.3 MB
[runlim] sample:		492.7 time, 530.8 real, 247.3 MB
[runlim] sample:		501.9 time, 540.8 real, 247.3 MB
[runlim] sample:		511.7 time, 550.8 real, 255.0 MB
[runlim] sample:		521.7 time, 560.8 real, 255.3 MB
[runlim] sample:		531.4 time, 570.8 real, 255.5 MB
[runlim] sample:		540.4 time, 580.8 real, 259.1 MB
[runlim] sample:		549.4 time, 590.8 real, 259.1 MB
[runlim] sample:		559.0 time, 600.8 real, 259.1 MB
[runlim] sample:		569.0 time, 610.8 real, 262.0 MB
[runlim] sample:		578.9 time, 620.8 real, 267.1 MB
[runlim] sample:		588.8 time, 630.8 real, 267.4 MB
[runlim] sample:		598.5 time, 640.8 real, 267.9 MB
[runlim] sample:		608.1 time, 650.8 real, 271.5 MB
[runlim] sample:		618.1 time, 660.8 real, 271.5 MB
[runlim] sample:		628.0 time, 670.8 real, 271.5 MB
[runlim] sample:		637.8 time, 680.8 real, 274.6 MB
[runlim] sample:		647.8 time, 690.8 real, 280.0 MB
[runlim] sample:		657.8 time, 700.8 real, 280.0 MB
[runlim] sample:		667.8 time, 710.8 real, 280.5 MB
[runlim] sample:		677.8 time, 720.8 real, 284.4 MB
[runlim] sample:		687.8 time, 730.8 real, 284.4 MB
[runlim] sample:		697.8 time, 740.8 real, 284.4 MB
[runlim] sample:		707.8 time, 750.8 real, 284.7 MB
[runlim] sample:		717.8 time, 760.8 real, 292.9 MB
[runlim] sample:		727.8 time, 770.8 real, 292.9 MB
[runlim] sample:		737.8 time, 780.8 real, 293.2 MB
[runlim] sample:		747.8 time, 790.8 real, 294.7 MB
[runlim] sample:		757.8 time, 800.8 real, 297.5 MB
[runlim] sample:		767.8 time, 810.8 real, 297.5 MB
[runlim] sample:		777.8 time, 820.8 real, 297.5 MB
[runlim] sample:		787.8 time, 830.8 real, 298.1 MB
[runlim] sample:		797.8 time, 840.8 real, 305.5 MB
[runlim] sample:		807.8 time, 850.8 real, 305.5 MB
[runlim] sample:		817.8 time, 860.8 real, 306.2 MB
[runlim] sample:		827.8 time, 870.8 real, 307.0 MB
[runlim] sample:		837.8 time, 880.8 real, 307.0 MB
[runlim] sample:		847.8 time, 890.8 real, 307.0 MB
[runlim] sample:		857.8 time, 900.8 real, 308.3 MB
[runlim] sample:		867.8 time, 910.8 real, 311.1 MB
[runlim] sample:		877.8 time, 920.8 real, 311.1 MB
[runlim] sample:		887.7 time, 930.8 real, 311.1 MB
[runlim] sample:		897.8 time, 940.8 real, 311.6 MB
[runlim] sample:		907.7 time, 950.8 real, 320.2 MB
[runlim] sample:		917.7 time, 960.8 real, 320.4 MB
[runlim] sample:		927.7 time, 970.8 real, 320.7 MB
[runlim] sample:		937.7 time, 980.8 real, 320.9 MB
[runlim] sample:		947.7 time, 990.8 real, 324.3 MB
[runlim] sample:		957.7 time, 1000.8 real, 385.7 MB
[runlim] sample:		967.7 time, 1010.8 real, 385.7 MB
[runlim] sample:		977.7 time, 1020.8 real, 385.7 MB
[runlim] sample:		987.7 time, 1030.8 real, 385.7 MB
[runlim] sample:		997.7 time, 1040.8 real, 387.8 MB
[runlim] sample:		1007.7 time, 1050.8 real, 388.8 MB
[runlim] sample:		1017.7 time, 1060.8 real, 388.8 MB
[runlim] sample:		1027.7 time, 1070.8 real, 388.8 MB
[runlim] sample:		1037.7 time, 1080.8 real, 388.8 MB
[runlim] sample:		1047.7 time, 1090.8 real, 389.1 MB
[runlim] sample:		1057.7 time, 1100.8 real, 390.1 MB
[runlim] sample:		1067.7 time, 1110.8 real, 390.1 MB
[runlim] sample:		1077.7 time, 1120.8 real, 390.1 MB
[runlim] sample:		1087.7 time, 1130.8 real, 390.1 MB
[runlim] sample:		1097.7 time, 1140.8 real, 390.4 MB
[runlim] sample:		1107.7 time, 1150.8 real, 393.2 MB
[runlim] sample:		1117.7 time, 1160.8 real, 393.2 MB
[runlim] sample:		1127.7 time, 1170.8 real, 393.2 MB
[runlim] sample:		1137.7 time, 1180.8 real, 393.2 MB
[runlim] sample:		1147.7 time, 1190.8 real, 393.2 MB
[runlim] sample:		1157.7 time, 1200.8 real, 394.5 MB
[runlim] sample:		1167.7 time, 1210.8 real, 394.5 MB
[runlim] sample:		1177.7 time, 1220.8 real, 394.5 MB
[runlim] sample:		1187.7 time, 1230.8 real, 394.5 MB
[runlim] sample:		1197.7 time, 1240.8 real, 394.5 MB
[runlim] sample:		1207.7 time, 1250.8 real, 397.8 MB
[runlim] sample:		1217.7 time, 1260.8 real, 397.8 MB
[runlim] sample:		1227.7 time, 1270.8 real, 397.8 MB
[runlim] sample:		1237.7 time, 1280.8 real, 397.8 MB
[runlim] sample:		1247.7 time, 1290.8 real, 397.8 MB
[runlim] sample:		1257.7 time, 1300.8 real, 397.8 MB
[runlim] sample:		1267.7 time, 1310.8 real, 399.1 MB
[runlim] sample:		1277.7 time, 1320.8 real, 399.1 MB
[runlim] sample:		1287.7 time, 1330.8 real, 399.1 MB
[runlim] sample:		1297.7 time, 1340.8 real, 399.1 MB
[runlim] sample:		1307.7 time, 1350.8 real, 399.1 MB
[runlim] sample:		1317.7 time, 1360.8 real, 399.1 MB
[runlim] sample:		1327.7 time, 1370.8 real, 402.0 MB
[runlim] sample:		1337.7 time, 1380.8 real, 402.0 MB
[runlim] sample:		1347.7 time, 1390.8 real, 402.0 MB
[runlim] sample:		1357.7 time, 1400.8 real, 402.0 MB
[runlim] sample:		1367.7 time, 1410.8 real, 402.5 MB
[runlim] sample:		1377.7 time, 1420.8 real, 402.5 MB
[runlim] sample:		1387.7 time, 1430.8 real, 402.5 MB
[runlim] sample:		1397.7 time, 1440.8 real, 402.5 MB
[runlim] sample:		1407.7 time, 1450.8 real, 402.5 MB
[runlim] sample:		1417.7 time, 1460.8 real, 402.5 MB
[runlim] sample:		1427.7 time, 1470.8 real, 403.8 MB
[runlim] sample:		1437.7 time, 1480.8 real, 403.8 MB
[runlim] sample:		1447.7 time, 1490.8 real, 403.8 MB
[runlim] sample:		1457.7 time, 1500.8 real, 403.8 MB
[runlim] sample:		1467.7 time, 1510.8 real, 403.8 MB
[runlim] sample:		1477.7 time, 1520.8 real, 404.5 MB
[runlim] sample:		1487.7 time, 1530.8 real, 406.9 MB
[runlim] sample:		1497.7 time, 1540.8 real, 406.9 MB
[runlim] sample:		1507.7 time, 1550.8 real, 406.9 MB
[runlim] sample:		1517.7 time, 1560.8 real, 406.9 MB
[runlim] sample:		1527.7 time, 1570.8 real, 406.9 MB
[runlim] sample:		1537.7 time, 1580.8 real, 407.4 MB
[runlim] sample:		1547.7 time, 1590.8 real, 410.5 MB
[runlim] sample:		1557.7 time, 1600.8 real, 410.5 MB
[runlim] sample:		1567.7 time, 1610.8 real, 410.5 MB
[runlim] sample:		1577.7 time, 1620.8 real, 410.5 MB
[runlim] sample:		1587.7 time, 1630.8 real, 410.5 MB
[runlim] sample:		1597.1 time, 1640.8 real, 410.7 MB
[runlim] sample:		1607.1 time, 1650.8 real, 425.2 MB
[runlim] sample:		1616.5 time, 1660.8 real, 425.9 MB
[runlim] sample:		1625.2 time, 1670.8 real, 425.9 MB
[runlim] sample:		1633.4 time, 1680.8 real, 426.2 MB
[runlim] sample:		1642.0 time, 1690.8 real, 426.5 MB
[runlim] sample:		1650.6 time, 1700.8 real, 426.5 MB
[runlim] sample:		1658.7 time, 1710.8 real, 428.0 MB
[runlim] sample:		1667.2 time, 1720.8 real, 429.0 MB
[runlim] sample:		1675.6 time, 1730.8 real, 432.1 MB
[runlim] sample:		1684.0 time, 1740.8 real, 432.1 MB
[runlim] sample:		1693.7 time, 1750.8 real, 432.1 MB
[runlim] sample:		1703.0 time, 1760.8 real, 432.1 MB
[runlim] sample:		1712.6 time, 1770.8 real, 432.1 MB
[runlim] sample:		1719.3 time, 1780.8 real, 432.1 MB
[runlim] sample:		1729.0 time, 1790.8 real, 432.6 MB
[runlim] sample:		1738.0 time, 1800.8 real, 442.2 MB
[runlim] sample:		1746.8 time, 1810.8 real, 442.7 MB
[runlim] sample:		1756.0 time, 1820.8 real, 443.0 MB
[runlim] sample:		1764.6 time, 1830.8 real, 443.0 MB
[runlim] sample:		1772.9 time, 1840.8 real, 443.2 MB
[runlim] sample:		1781.3 time, 1850.8 real, 443.2 MB
[runlim] sample:		1789.8 time, 1860.8 real, 443.5 MB
[runlim] sample:		1798.9 time, 1870.8 real, 445.8 MB
CVC4 interrupted by SIGTERM.
[runlim] end:			Fri Feb  8 21:09:30 2019
[runlim] status:		out of time
[runlim] result:		2
[runlim] children:		0
[runlim] real:			1872.01 seconds
[runlim] time:			1800.02 seconds
[runlim] space:			445.8 MB
[runlim] samples:		18712
