[runlim] version:		1.10fixed
[runlim] time limit:		1800 seconds
[runlim] real time limit:	311040000 seconds
[runlim] space limit:		4000 MB
[runlim] argv[0]:		./cvc4
[runlim] argv[1]:		/tmp/ctAuJqj9.smt2
[runlim] start:			Fri Feb  8 20:38:26 2019
[runlim] main pid:		32595
/tmp/ctAuJqj9.smt2:4.12: No set-logic command was given before this point.
/tmp/ctAuJqj9.smt2:4.12: CVC4 will make all theories available.
/tmp/ctAuJqj9.smt2:4.12: Consider setting a stricter logic for (likely) better performance.
/tmp/ctAuJqj9.smt2:4.12: To suppress this warning in the future use (set-logic ALL).
[runlim] sample:		9.8 time, 10.6 real, 111.8 MB
[runlim] sample:		19.8 time, 20.6 real, 153.2 MB
[runlim] sample:		29.8 time, 30.6 real, 176.7 MB
[runlim] sample:		39.8 time, 40.6 real, 196.0 MB
[runlim] sample:		49.8 time, 50.6 real, 216.2 MB
[runlim] sample:		59.8 time, 60.6 real, 231.3 MB
[runlim] sample:		69.8 time, 70.6 real, 246.0 MB
[runlim] sample:		79.8 time, 80.6 real, 260.9 MB
[runlim] sample:		89.8 time, 90.6 real, 272.8 MB
[runlim] sample:		99.8 time, 100.6 real, 283.6 MB
[runlim] sample:		109.8 time, 110.6 real, 292.1 MB
[runlim] sample:		119.8 time, 120.6 real, 300.8 MB
[runlim] sample:		129.8 time, 130.6 real, 309.1 MB
[runlim] sample:		139.8 time, 140.6 real, 316.3 MB
[runlim] sample:		149.8 time, 150.6 real, 324.3 MB
[runlim] sample:		159.8 time, 160.6 real, 331.5 MB
[runlim] sample:		169.8 time, 170.6 real, 337.9 MB
[runlim] sample:		179.8 time, 180.6 real, 343.3 MB
[runlim] sample:		189.8 time, 190.6 real, 350.8 MB
[runlim] sample:		199.8 time, 200.6 real, 356.2 MB
[runlim] sample:		209.8 time, 210.6 real, 363.1 MB
[runlim] sample:		219.8 time, 220.6 real, 368.0 MB
[runlim] sample:		229.8 time, 230.6 real, 373.9 MB
[runlim] sample:		239.8 time, 240.6 real, 379.6 MB
[runlim] sample:		249.8 time, 250.6 real, 385.5 MB
[runlim] sample:		259.8 time, 260.6 real, 390.2 MB
[runlim] sample:		269.8 time, 270.6 real, 396.3 MB
[runlim] sample:		279.8 time, 280.6 real, 407.0 MB
[runlim] sample:		289.8 time, 290.6 real, 412.9 MB
[runlim] sample:		299.8 time, 300.6 real, 413.4 MB
[runlim] sample:		309.8 time, 310.6 real, 417.0 MB
[runlim] sample:		319.8 time, 320.6 real, 420.3 MB
[runlim] sample:		329.8 time, 330.6 real, 425.7 MB
[runlim] sample:		339.8 time, 340.6 real, 428.6 MB
[runlim] sample:		349.8 time, 350.6 real, 435.8 MB
[runlim] sample:		359.8 time, 360.6 real, 442.7 MB
[runlim] sample:		369.8 time, 370.6 real, 448.1 MB
[runlim] sample:		379.8 time, 380.6 real, 452.0 MB
[runlim] sample:		389.8 time, 390.6 real, 454.8 MB
[runlim] sample:		399.8 time, 400.6 real, 462.5 MB
[runlim] sample:		409.7 time, 410.6 real, 466.9 MB
[runlim] sample:		419.8 time, 420.6 real, 469.0 MB
[runlim] sample:		429.7 time, 430.6 real, 474.4 MB
[runlim] sample:		439.7 time, 440.6 real, 481.2 MB
[runlim] sample:		449.7 time, 450.6 real, 484.1 MB
[runlim] sample:		459.7 time, 460.6 real, 487.7 MB
[runlim] sample:		469.7 time, 470.6 real, 492.8 MB
[runlim] sample:		479.7 time, 480.6 real, 495.4 MB
[runlim] sample:		489.7 time, 490.6 real, 499.8 MB
[runlim] sample:		499.7 time, 500.6 real, 509.1 MB
[runlim] sample:		509.7 time, 510.6 real, 511.1 MB
[runlim] sample:		519.7 time, 520.6 real, 515.8 MB
[runlim] sample:		529.7 time, 530.6 real, 519.1 MB
[runlim] sample:		539.7 time, 540.6 real, 523.0 MB
[runlim] sample:		549.7 time, 550.6 real, 525.5 MB
[runlim] sample:		559.7 time, 560.6 real, 528.1 MB
[runlim] sample:		569.7 time, 570.6 real, 530.9 MB
[runlim] sample:		579.7 time, 580.6 real, 534.8 MB
[runlim] sample:		589.7 time, 590.6 real, 537.6 MB
[runlim] sample:		599.7 time, 600.6 real, 540.5 MB
[runlim] sample:		609.7 time, 610.6 real, 543.0 MB
[runlim] sample:		619.7 time, 620.6 real, 545.9 MB
[runlim] sample:		629.7 time, 630.6 real, 549.0 MB
[runlim] sample:		639.7 time, 640.6 real, 552.3 MB
[runlim] sample:		649.7 time, 650.6 real, 555.1 MB
[runlim] sample:		659.7 time, 660.6 real, 558.0 MB
[runlim] sample:		669.7 time, 670.6 real, 560.8 MB
[runlim] sample:		679.7 time, 680.6 real, 563.6 MB
[runlim] sample:		689.7 time, 690.6 real, 566.2 MB
[runlim] sample:		699.7 time, 700.6 real, 569.3 MB
[runlim] sample:		709.7 time, 710.6 real, 570.6 MB
[runlim] sample:		719.7 time, 720.6 real, 572.4 MB
[runlim] sample:		729.7 time, 730.6 real, 575.0 MB
[runlim] sample:		739.7 time, 740.6 real, 577.5 MB
[runlim] sample:		749.7 time, 750.6 real, 580.6 MB
[runlim] sample:		759.7 time, 760.6 real, 584.5 MB
[runlim] sample:		769.7 time, 770.6 real, 587.1 MB
[runlim] sample:		779.7 time, 780.6 real, 588.9 MB
[runlim] sample:		789.7 time, 790.6 real, 590.4 MB
[runlim] sample:		799.7 time, 800.6 real, 593.5 MB
[runlim] sample:		809.7 time, 810.6 real, 596.1 MB
[runlim] sample:		819.7 time, 820.6 real, 599.2 MB
[runlim] sample:		829.7 time, 830.6 real, 601.7 MB
[runlim] sample:		839.7 time, 840.6 real, 602.5 MB
[runlim] sample:		849.7 time, 850.6 real, 604.6 MB
[runlim] sample:		859.6 time, 860.6 real, 607.4 MB
[runlim] sample:		869.6 time, 870.6 real, 610.0 MB
[runlim] sample:		879.6 time, 880.6 real, 613.0 MB
[runlim] sample:		889.6 time, 890.6 real, 613.6 MB
[runlim] sample:		899.6 time, 900.6 real, 615.6 MB
[runlim] sample:		909.6 time, 910.6 real, 618.4 MB
[runlim] sample:		919.6 time, 920.6 real, 621.3 MB
[runlim] sample:		929.6 time, 930.6 real, 622.3 MB
[runlim] sample:		939.6 time, 940.6 real, 624.1 MB
[runlim] sample:		949.6 time, 950.6 real, 626.9 MB
[runlim] sample:		959.6 time, 960.6 real, 629.8 MB
[runlim] sample:		969.6 time, 970.6 real, 630.8 MB
[runlim] sample:		979.6 time, 980.6 real, 635.5 MB
[runlim] sample:		989.6 time, 990.6 real, 637.3 MB
[runlim] sample:		999.6 time, 1000.6 real, 639.8 MB
[runlim] sample:		1009.6 time, 1010.6 real, 639.8 MB
[runlim] sample:		1019.6 time, 1020.6 real, 642.7 MB
[runlim] sample:		1029.6 time, 1030.6 real, 645.5 MB
[runlim] sample:		1039.6 time, 1040.6 real, 645.5 MB
[runlim] sample:		1049.6 time, 1050.6 real, 648.3 MB
[runlim] sample:		1059.6 time, 1060.6 real, 650.9 MB
[runlim] sample:		1069.6 time, 1070.6 real, 651.4 MB
[runlim] sample:		1079.6 time, 1080.6 real, 653.5 MB
[runlim] sample:		1089.6 time, 1090.6 real, 656.3 MB
[runlim] sample:		1099.6 time, 1100.6 real, 656.6 MB
[runlim] sample:		1109.6 time, 1110.6 real, 660.7 MB
[runlim] sample:		1119.6 time, 1120.6 real, 662.0 MB
[runlim] sample:		1129.6 time, 1130.6 real, 663.3 MB
[runlim] sample:		1139.6 time, 1140.6 real, 665.1 MB
[runlim] sample:		1149.5 time, 1150.6 real, 667.9 MB
[runlim] sample:		1159.1 time, 1160.6 real, 667.9 MB
[runlim] sample:		1167.4 time, 1170.6 real, 670.7 MB
[runlim] sample:		1176.3 time, 1180.6 real, 672.0 MB
[runlim] sample:		1184.9 time, 1190.6 real, 673.3 MB
[runlim] sample:		1193.8 time, 1200.6 real, 676.1 MB
[runlim] sample:		1202.7 time, 1210.6 real, 676.1 MB
[runlim] sample:		1211.6 time, 1220.6 real, 679.0 MB
[runlim] sample:		1220.9 time, 1230.6 real, 679.2 MB
[runlim] sample:		1229.4 time, 1240.6 real, 681.5 MB
[runlim] sample:		1238.4 time, 1250.6 real, 682.8 MB
[runlim] sample:		1248.0 time, 1260.6 real, 684.4 MB
[runlim] sample:		1257.6 time, 1270.6 real, 687.2 MB
[runlim] sample:		1266.6 time, 1280.6 real, 687.2 MB
[runlim] sample:		1275.7 time, 1290.6 real, 690.0 MB
[runlim] sample:		1284.7 time, 1300.6 real, 690.5 MB
[runlim] sample:		1292.6 time, 1310.6 real, 692.9 MB
[runlim] sample:		1301.5 time, 1320.6 real, 693.4 MB
[runlim] sample:		1311.0 time, 1330.6 real, 695.7 MB
[runlim] sample:		1319.1 time, 1340.6 real, 697.5 MB
[runlim] sample:		1327.6 time, 1350.6 real, 698.5 MB
[runlim] sample:		1335.6 time, 1360.6 real, 699.6 MB
[runlim] sample:		1344.4 time, 1370.6 real, 701.1 MB
[runlim] sample:		1353.8 time, 1380.6 real, 702.4 MB
[runlim] sample:		1363.1 time, 1390.6 real, 703.9 MB
[runlim] sample:		1372.5 time, 1400.6 real, 708.6 MB
[runlim] sample:		1381.5 time, 1410.6 real, 708.9 MB
[runlim] sample:		1390.6 time, 1420.6 real, 711.2 MB
[runlim] sample:		1399.7 time, 1430.6 real, 711.2 MB
[runlim] sample:		1408.7 time, 1440.6 real, 713.2 MB
[runlim] sample:		1417.7 time, 1450.6 real, 713.2 MB
[runlim] sample:		1426.6 time, 1460.6 real, 715.8 MB
[runlim] sample:		1435.6 time, 1470.6 real, 715.8 MB
[runlim] sample:		1444.6 time, 1480.6 real, 718.1 MB
[runlim] sample:		1453.9 time, 1490.6 real, 718.1 MB
[runlim] sample:		1463.5 time, 1500.6 real, 721.0 MB
[runlim] sample:		1473.4 time, 1510.6 real, 721.0 MB
[runlim] sample:		1483.4 time, 1520.6 real, 724.3 MB
[runlim] sample:		1493.4 time, 1530.6 real, 725.1 MB
[runlim] sample:		1503.4 time, 1540.6 real, 726.6 MB
[runlim] sample:		1513.4 time, 1550.6 real, 729.2 MB
[runlim] sample:		1523.4 time, 1560.6 real, 729.5 MB
[runlim] sample:		1533.4 time, 1570.6 real, 732.3 MB
[runlim] sample:		1543.4 time, 1580.6 real, 732.3 MB
[runlim] sample:		1553.4 time, 1590.6 real, 735.1 MB
[runlim] sample:		1563.4 time, 1600.6 real, 735.1 MB
[runlim] sample:		1572.3 time, 1610.6 real, 740.0 MB
[runlim] sample:		1580.4 time, 1620.6 real, 740.0 MB
[runlim] sample:		1589.8 time, 1630.6 real, 743.1 MB
[runlim] sample:		1599.8 time, 1640.6 real, 743.1 MB
[runlim] sample:		1609.8 time, 1650.6 real, 746.2 MB
[runlim] sample:		1619.8 time, 1660.6 real, 746.2 MB
[runlim] sample:		1629.0 time, 1670.6 real, 749.8 MB
[runlim] sample:		1638.8 time, 1680.6 real, 749.8 MB
[runlim] sample:		1648.8 time, 1690.6 real, 752.1 MB
[runlim] sample:		1658.8 time, 1700.6 real, 752.1 MB
[runlim] sample:		1668.2 time, 1710.6 real, 756.2 MB
[runlim] sample:		1678.2 time, 1720.6 real, 756.2 MB
[runlim] sample:		1688.2 time, 1730.6 real, 759.3 MB
[runlim] sample:		1698.1 time, 1740.6 real, 759.3 MB
[runlim] sample:		1707.8 time, 1750.6 real, 761.9 MB
[runlim] sample:		1717.5 time, 1760.6 real, 761.9 MB
[runlim] sample:		1727.2 time, 1770.6 real, 765.5 MB
[runlim] sample:		1736.5 time, 1780.6 real, 765.7 MB
[runlim] sample:		1746.5 time, 1790.6 real, 768.3 MB
[runlim] sample:		1756.4 time, 1800.6 real, 769.3 MB
[runlim] sample:		1765.1 time, 1810.6 real, 769.6 MB
[runlim] sample:		1775.1 time, 1820.6 real, 772.4 MB
[runlim] sample:		1784.4 time, 1830.6 real, 772.4 MB
[runlim] sample:		1792.0 time, 1840.6 real, 775.3 MB
CVC4 interrupted by SIGTERM.
[runlim] end:			Fri Feb  8 21:09:15 2019
[runlim] status:		out of time
[runlim] result:		2
[runlim] children:		0
[runlim] real:			1849.97 seconds
[runlim] time:			1800.06 seconds
[runlim] space:			775.3 MB
[runlim] samples:		18493
