[runlim] version:		1.10fixed
[runlim] time limit:		300 seconds
[runlim] real time limit:	311040000 seconds
[runlim] space limit:		4000 MB
[runlim] argv[0]:		./cvc4
[runlim] argv[1]:		/tmp/vlhWwCGj.smt2
[runlim] start:			Tue Jan 29 10:52:27 2019
[runlim] main pid:		32022
/tmp/vlhWwCGj.smt2:4.12: No set-logic command was given before this point.
/tmp/vlhWwCGj.smt2:4.12: CVC4 will make all theories available.
/tmp/vlhWwCGj.smt2:4.12: Consider setting a stricter logic for (likely) better performance.
/tmp/vlhWwCGj.smt2:4.12: To suppress this warning in the future use (set-logic ALL).
[runlim] sample:		9.9 time, 10.6 real, 244.2 MB
[runlim] sample:		19.9 time, 20.6 real, 408.3 MB
[runlim] sample:		29.9 time, 30.6 real, 562.3 MB
[runlim] sample:		39.9 time, 40.6 real, 679.2 MB
[runlim] sample:		49.9 time, 50.6 real, 808.3 MB
[runlim] sample:		59.9 time, 60.6 real, 914.1 MB
[runlim] sample:		69.9 time, 70.6 real, 999.1 MB
[runlim] sample:		79.9 time, 80.6 real, 1105.0 MB
[runlim] sample:		89.9 time, 90.6 real, 1183.7 MB
[runlim] sample:		99.6 time, 100.6 real, 1258.2 MB
[runlim] sample:		108.3 time, 110.6 real, 1313.0 MB
[runlim] sample:		117.0 time, 120.6 real, 1383.9 MB
[runlim] sample:		125.7 time, 130.6 real, 1445.9 MB
[runlim] sample:		134.4 time, 140.6 real, 1512.9 MB
[runlim] sample:		143.1 time, 150.6 real, 1595.8 MB
[runlim] sample:		151.8 time, 160.6 real, 1645.8 MB
[runlim] sample:		160.8 time, 170.6 real, 1726.1 MB
[runlim] sample:		169.8 time, 180.6 real, 1747.7 MB
[runlim] sample:		179.5 time, 190.6 real, 1821.8 MB
[runlim] sample:		189.5 time, 200.6 real, 1893.7 MB
[runlim] sample:		199.4 time, 210.6 real, 1936.0 MB
[runlim] sample:		208.4 time, 220.6 real, 2002.4 MB
[runlim] sample:		217.4 time, 230.6 real, 2090.5 MB
[runlim] sample:		226.4 time, 240.6 real, 2116.0 MB
[runlim] sample:		236.1 time, 250.6 real, 2171.6 MB
[runlim] sample:		246.1 time, 260.6 real, 2222.7 MB
[runlim] sample:		256.1 time, 270.6 real, 2278.9 MB
[runlim] sample:		266.1 time, 280.6 real, 2288.2 MB
[runlim] sample:		276.1 time, 290.6 real, 2361.3 MB
[runlim] sample:		286.1 time, 300.6 real, 2427.3 MB
[runlim] end:			Tue Jan 29 10:57:35 2019
[runlim] status:		signal(9)
[runlim] result:		11
[runlim] children:		0
[runlim] real:			308.19 seconds
[runlim] time:			293.56 seconds
[runlim] space:			2448.7 MB
[runlim] samples:		3075
