[runlim] version:		1.10fixed
[runlim] time limit:		300 seconds
[runlim] real time limit:	311040000 seconds
[runlim] space limit:		4000 MB
[runlim] argv[0]:		./cvc4
[runlim] argv[1]:		/tmp/TZ5Pip5c.smt2
[runlim] start:			Tue Jan 29 10:52:27 2019
[runlim] main pid:		9336
/tmp/TZ5Pip5c.smt2:4.12: No set-logic command was given before this point.
/tmp/TZ5Pip5c.smt2:4.12: CVC4 will make all theories available.
/tmp/TZ5Pip5c.smt2:4.12: Consider setting a stricter logic for (likely) better performance.
/tmp/TZ5Pip5c.smt2:4.12: To suppress this warning in the future use (set-logic ALL).
[runlim] sample:		9.8 time, 10.4 real, 244.2 MB
[runlim] sample:		19.8 time, 20.4 real, 415.2 MB
[runlim] sample:		29.8 time, 30.4 real, 581.8 MB
[runlim] sample:		39.8 time, 40.4 real, 710.1 MB
[runlim] sample:		49.8 time, 50.4 real, 843.7 MB
[runlim] sample:		59.7 time, 60.4 real, 952.1 MB
[runlim] sample:		69.7 time, 70.4 real, 1068.5 MB
[runlim] sample:		79.7 time, 80.4 real, 1180.8 MB
[runlim] sample:		89.7 time, 90.4 real, 1261.9 MB
[runlim] sample:		99.7 time, 100.4 real, 1350.9 MB
[runlim] sample:		109.7 time, 110.4 real, 1438.5 MB
[runlim] sample:		119.7 time, 120.4 real, 1568.6 MB
[runlim] sample:		129.7 time, 130.4 real, 1606.8 MB
[runlim] sample:		139.7 time, 140.4 real, 1688.5 MB
[runlim] sample:		149.7 time, 150.4 real, 1755.2 MB
[runlim] sample:		159.3 time, 160.4 real, 1838.1 MB
[runlim] sample:		168.0 time, 170.4 real, 1888.9 MB
[runlim] sample:		178.0 time, 180.4 real, 1981.5 MB
[runlim] sample:		188.0 time, 190.4 real, 2055.5 MB
[runlim] sample:		198.0 time, 200.4 real, 2110.1 MB
[runlim] sample:		208.0 time, 210.4 real, 2212.1 MB
[runlim] sample:		218.0 time, 220.4 real, 2227.1 MB
[runlim] sample:		228.0 time, 230.4 real, 2319.3 MB
[runlim] sample:		238.0 time, 240.4 real, 2349.2 MB
[runlim] sample:		248.0 time, 250.4 real, 2440.6 MB
[runlim] sample:		258.0 time, 260.4 real, 2454.8 MB
[runlim] sample:		267.9 time, 270.4 real, 2547.0 MB
[runlim] sample:		277.9 time, 280.4 real, 2568.4 MB
[runlim] sample:		287.2 time, 290.4 real, 2658.1 MB
[runlim] sample:		295.2 time, 300.4 real, 2687.2 MB
CVC4 interrupted by SIGTERM.
[runlim] end:			Tue Jan 29 10:57:32 2019
[runlim] status:		out of time
[runlim] result:		2
[runlim] children:		0
[runlim] real:			305.43 seconds
[runlim] time:			300.19 seconds
[runlim] space:			2697.8 MB
[runlim] samples:		3050
