[runlim] version:		1.10fixed
[runlim] time limit:		300 seconds
[runlim] real time limit:	311040000 seconds
[runlim] space limit:		4000 MB
[runlim] argv[0]:		./cvc4
[runlim] argv[1]:		/tmp/XPtrwr5H.smt2
[runlim] start:			Tue Jan 29 10:57:44 2019
[runlim] main pid:		27859
/tmp/XPtrwr5H.smt2:4.12: No set-logic command was given before this point.
/tmp/XPtrwr5H.smt2:4.12: CVC4 will make all theories available.
/tmp/XPtrwr5H.smt2:4.12: Consider setting a stricter logic for (likely) better performance.
/tmp/XPtrwr5H.smt2:4.12: To suppress this warning in the future use (set-logic ALL).
[runlim] sample:		8.2 time, 10.4 real, 93.1 MB
[runlim] sample:		18.1 time, 20.4 real, 126.4 MB
[runlim] sample:		28.1 time, 30.4 real, 149.1 MB
[runlim] sample:		38.1 time, 40.4 real, 164.3 MB
[runlim] sample:		47.8 time, 50.4 real, 177.2 MB
[runlim] sample:		57.5 time, 60.4 real, 189.3 MB
[runlim] sample:		67.0 time, 70.4 real, 198.6 MB
[runlim] sample:		76.4 time, 80.4 real, 208.6 MB
[runlim] sample:		85.7 time, 90.4 real, 220.3 MB
[runlim] sample:		95.1 time, 100.4 real, 224.7 MB
[runlim] sample:		104.7 time, 110.4 real, 235.0 MB
[runlim] sample:		113.4 time, 120.4 real, 243.5 MB
[runlim] sample:		122.2 time, 130.4 real, 249.5 MB
[runlim] sample:		131.7 time, 140.4 real, 255.2 MB
[runlim] sample:		141.4 time, 150.4 real, 265.5 MB
[runlim] sample:		150.9 time, 160.4 real, 269.1 MB
[runlim] sample:		159.2 time, 170.4 real, 273.2 MB
[runlim] sample:		167.9 time, 180.4 real, 278.4 MB
[runlim] sample:		176.4 time, 190.4 real, 282.5 MB
[runlim] sample:		185.3 time, 200.4 real, 286.9 MB
[runlim] sample:		194.3 time, 210.4 real, 291.5 MB
[runlim] sample:		202.7 time, 220.4 real, 295.6 MB
[runlim] sample:		211.9 time, 230.4 real, 299.2 MB
[runlim] sample:		220.4 time, 240.4 real, 302.3 MB
[runlim] sample:		228.8 time, 250.4 real, 306.4 MB
[runlim] sample:		237.8 time, 260.4 real, 311.1 MB
[runlim] sample:		246.8 time, 270.4 real, 313.1 MB
[runlim] sample:		256.6 time, 280.4 real, 317.2 MB
[runlim] sample:		266.6 time, 290.4 real, 321.4 MB
[runlim] sample:		276.6 time, 300.4 real, 326.5 MB
[runlim] sample:		286.6 time, 310.4 real, 329.6 MB
[runlim] sample:		296.0 time, 320.4 real, 332.7 MB
[runlim] end:			Tue Jan 29 11:03:07 2019
[runlim] status:		signal(9)
[runlim] result:		11
[runlim] children:		0
[runlim] real:			323.65 seconds
[runlim] time:			299.09 seconds
[runlim] space:			333.2 MB
[runlim] samples:		3233
