[runlim] version:		1.10fixed
[runlim] time limit:		300 seconds
[runlim] real time limit:	311040000 seconds
[runlim] space limit:		4000 MB
[runlim] argv[0]:		./cvc4
[runlim] argv[1]:		/tmp/42hNkCS8.smt2
[runlim] start:			Mon Jan 28 14:23:52 2019
[runlim] main pid:		696
/tmp/42hNkCS8.smt2:4.12: No set-logic command was given before this point.
/tmp/42hNkCS8.smt2:4.12: CVC4 will make all theories available.
/tmp/42hNkCS8.smt2:4.12: Consider setting a stricter logic for (likely) better performance.
/tmp/42hNkCS8.smt2:4.12: To suppress this warning in the future use (set-logic ALL).
[runlim] sample:		9.2 time, 10.0 real, 93.0 MB
[runlim] sample:		18.5 time, 20.0 real, 120.5 MB
[runlim] sample:		27.8 time, 30.0 real, 138.9 MB
[runlim] sample:		37.3 time, 40.0 real, 152.5 MB
[runlim] sample:		47.0 time, 50.0 real, 164.6 MB
[runlim] sample:		56.7 time, 60.0 real, 174.2 MB
[runlim] sample:		66.6 time, 70.0 real, 183.4 MB
[runlim] sample:		76.6 time, 80.0 real, 191.2 MB
[runlim] sample:		86.6 time, 90.0 real, 200.1 MB
[runlim] sample:		96.6 time, 100.0 real, 208.1 MB
[runlim] sample:		106.4 time, 110.0 real, 213.7 MB
[runlim] sample:		115.0 time, 120.0 real, 221.7 MB
[runlim] sample:		123.6 time, 130.0 real, 226.3 MB
[runlim] sample:		132.5 time, 140.0 real, 232.6 MB
[runlim] sample:		142.5 time, 150.0 real, 239.3 MB
[runlim] sample:		152.5 time, 160.0 real, 247.1 MB
[runlim] sample:		162.5 time, 170.0 real, 251.0 MB
[runlim] sample:		172.5 time, 180.0 real, 256.4 MB
[runlim] sample:		182.5 time, 190.0 real, 260.3 MB
[runlim] sample:		192.5 time, 200.0 real, 266.7 MB
[runlim] sample:		202.2 time, 210.0 real, 270.6 MB
[runlim] sample:		211.2 time, 220.0 real, 274.4 MB
[runlim] sample:		220.0 time, 230.0 real, 278.5 MB
[runlim] sample:		229.2 time, 240.0 real, 281.6 MB
[runlim] sample:		239.2 time, 250.0 real, 285.0 MB
[runlim] sample:		249.1 time, 260.0 real, 288.6 MB
[runlim] sample:		257.7 time, 270.0 real, 292.4 MB
[runlim] sample:		266.3 time, 280.0 real, 294.5 MB
[runlim] sample:		275.2 time, 290.0 real, 298.1 MB
[runlim] sample:		285.2 time, 300.0 real, 300.7 MB
[runlim] sample:		295.0 time, 310.0 real, 304.0 MB
CVC4 interrupted by SIGTERM.
[runlim] end:			Mon Jan 28 14:29:07 2019
[runlim] status:		out of time
[runlim] result:		2
[runlim] children:		0
[runlim] real:			315.15 seconds
[runlim] time:			300.09 seconds
[runlim] space:			305.8 MB
[runlim] samples:		3151
