[runlim] version:		1.10fixed
[runlim] time limit:		300 seconds
[runlim] real time limit:	311040000 seconds
[runlim] space limit:		4000 MB
[runlim] argv[0]:		./cvc4
[runlim] argv[1]:		/tmp/M3FBVc2N.smt2
[runlim] start:			Mon Jan 28 14:23:53 2019
[runlim] main pid:		21707
/tmp/M3FBVc2N.smt2:4.12: No set-logic command was given before this point.
/tmp/M3FBVc2N.smt2:4.12: CVC4 will make all theories available.
/tmp/M3FBVc2N.smt2:4.12: Consider setting a stricter logic for (likely) better performance.
/tmp/M3FBVc2N.smt2:4.12: To suppress this warning in the future use (set-logic ALL).
[runlim] sample:		9.4 time, 10.4 real, 216.0 MB
[runlim] sample:		19.4 time, 20.4 real, 365.5 MB
[runlim] sample:		29.3 time, 30.4 real, 522.0 MB
[runlim] sample:		37.8 time, 40.4 real, 535.2 MB
[runlim] sample:		46.8 time, 50.4 real, 535.4 MB
[runlim] sample:		55.4 time, 60.4 real, 535.4 MB
[runlim] sample:		63.5 time, 70.4 real, 535.4 MB
[runlim] sample:		72.9 time, 80.4 real, 535.4 MB
[runlim] sample:		82.2 time, 90.4 real, 535.7 MB
[runlim] sample:		90.9 time, 100.4 real, 535.7 MB
[runlim] sample:		100.5 time, 110.4 real, 535.7 MB
[runlim] sample:		110.5 time, 120.4 real, 535.7 MB
[runlim] sample:		120.5 time, 130.4 real, 536.0 MB
[runlim] sample:		130.5 time, 140.4 real, 536.0 MB
[runlim] sample:		140.5 time, 150.4 real, 536.0 MB
[runlim] sample:		150.5 time, 160.4 real, 536.2 MB
[runlim] sample:		160.5 time, 170.4 real, 536.2 MB
[runlim] sample:		169.3 time, 180.4 real, 536.2 MB
[runlim] sample:		179.2 time, 190.4 real, 536.2 MB
[runlim] sample:		189.2 time, 200.4 real, 536.5 MB
[runlim] sample:		199.2 time, 210.4 real, 536.5 MB
[runlim] sample:		209.2 time, 220.4 real, 537.5 MB
[runlim] sample:		219.2 time, 230.4 real, 537.5 MB
[runlim] sample:		229.2 time, 240.4 real, 537.5 MB
[runlim] sample:		239.2 time, 250.4 real, 537.5 MB
[runlim] sample:		249.2 time, 260.4 real, 537.5 MB
[runlim] sample:		259.2 time, 270.4 real, 537.5 MB
[runlim] sample:		268.9 time, 280.4 real, 537.5 MB
[runlim] sample:		277.6 time, 290.4 real, 537.5 MB
[runlim] sample:		286.8 time, 300.4 real, 537.8 MB
[runlim] sample:		296.3 time, 310.4 real, 538.0 MB
[runlim] end:			Mon Jan 28 14:29:06 2019
[runlim] status:		signal(9)
[runlim] result:		11
[runlim] children:		0
[runlim] real:			313.19 seconds
[runlim] time:			299.10 seconds
[runlim] space:			538.0 MB
[runlim] samples:		3128
