[runlim] version:		1.10fixed
[runlim] time limit:		300 seconds
[runlim] real time limit:	311040000 seconds
[runlim] space limit:		4000 MB
[runlim] argv[0]:		./cvc4
[runlim] argv[1]:		/tmp/sxl7ac3p.smt2
[runlim] start:			Tue Jan 29 10:52:27 2019
[runlim] main pid:		19696
/tmp/sxl7ac3p.smt2:4.12: No set-logic command was given before this point.
/tmp/sxl7ac3p.smt2:4.12: CVC4 will make all theories available.
/tmp/sxl7ac3p.smt2:4.12: Consider setting a stricter logic for (likely) better performance.
/tmp/sxl7ac3p.smt2:4.12: To suppress this warning in the future use (set-logic ALL).
[runlim] sample:		9.1 time, 10.5 real, 91.0 MB
[runlim] sample:		18.8 time, 20.5 real, 116.2 MB
[runlim] sample:		28.4 time, 30.5 real, 136.1 MB
[runlim] sample:		38.0 time, 40.5 real, 150.3 MB
[runlim] sample:		47.2 time, 50.5 real, 160.8 MB
[runlim] sample:		57.2 time, 60.5 real, 171.1 MB
[runlim] sample:		66.8 time, 70.5 real, 180.6 MB
[runlim] sample:		75.5 time, 80.5 real, 188.3 MB
[runlim] sample:		84.9 time, 90.5 real, 195.9 MB
[runlim] sample:		94.4 time, 100.5 real, 203.1 MB
[runlim] sample:		103.5 time, 110.5 real, 208.8 MB
[runlim] sample:		111.4 time, 120.5 real, 214.2 MB
[runlim] sample:		119.3 time, 130.5 real, 222.6 MB
[runlim] sample:		127.2 time, 140.5 real, 223.6 MB
[runlim] sample:		135.1 time, 150.5 real, 227.5 MB
[runlim] sample:		143.0 time, 160.5 real, 234.6 MB
[runlim] sample:		150.9 time, 170.5 real, 239.2 MB
[runlim] sample:		160.3 time, 180.5 real, 243.7 MB
[runlim] sample:		170.2 time, 190.5 real, 249.6 MB
[runlim] sample:		180.2 time, 200.5 real, 255.3 MB
[runlim] sample:		190.2 time, 210.5 real, 259.4 MB
[runlim] sample:		200.2 time, 220.5 real, 266.1 MB
[runlim] sample:		210.2 time, 230.5 real, 269.7 MB
[runlim] sample:		220.2 time, 240.5 real, 273.6 MB
[runlim] sample:		228.8 time, 250.5 real, 278.2 MB
[runlim] sample:		238.2 time, 260.5 real, 281.8 MB
[runlim] sample:		248.2 time, 270.5 real, 285.4 MB
[runlim] sample:		258.2 time, 280.5 real, 288.3 MB
[runlim] sample:		268.2 time, 290.5 real, 291.6 MB
[runlim] sample:		278.2 time, 300.5 real, 295.2 MB
[runlim] sample:		286.9 time, 310.5 real, 297.5 MB
[runlim] end:			Tue Jan 29 10:57:44 2019
[runlim] status:		signal(9)
[runlim] result:		11
[runlim] children:		0
[runlim] real:			317.50 seconds
[runlim] time:			293.74 seconds
[runlim] space:			300.4 MB
[runlim] samples:		3169
