[runlim] version:		1.10fixed
[runlim] time limit:		300 seconds
[runlim] real time limit:	311040000 seconds
[runlim] space limit:		4000 MB
[runlim] argv[0]:		./cvc4
[runlim] argv[1]:		/tmp/wJfEGpHY.smt2
[runlim] start:			Tue Jan 29 10:52:27 2019
[runlim] main pid:		5529
/tmp/wJfEGpHY.smt2:4.12: No set-logic command was given before this point.
/tmp/wJfEGpHY.smt2:4.12: CVC4 will make all theories available.
/tmp/wJfEGpHY.smt2:4.12: Consider setting a stricter logic for (likely) better performance.
/tmp/wJfEGpHY.smt2:4.12: To suppress this warning in the future use (set-logic ALL).
[runlim] sample:		9.4 time, 10.5 real, 112.8 MB
[runlim] sample:		19.1 time, 20.5 real, 151.2 MB
[runlim] sample:		28.7 time, 30.5 real, 173.8 MB
[runlim] sample:		38.5 time, 40.5 real, 192.2 MB
[runlim] sample:		48.5 time, 50.5 real, 209.5 MB
[runlim] sample:		58.5 time, 60.5 real, 229.0 MB
[runlim] sample:		68.5 time, 70.5 real, 245.5 MB
[runlim] sample:		78.5 time, 80.5 real, 261.0 MB
[runlim] sample:		88.2 time, 90.5 real, 272.3 MB
[runlim] sample:		97.5 time, 100.5 real, 281.8 MB
[runlim] sample:		105.8 time, 110.5 real, 288.0 MB
[runlim] sample:		114.1 time, 120.5 real, 295.8 MB
[runlim] sample:		122.4 time, 130.5 real, 301.4 MB
[runlim] sample:		130.7 time, 140.5 real, 307.6 MB
[runlim] sample:		139.0 time, 150.5 real, 314.3 MB
[runlim] sample:		147.3 time, 160.5 real, 321.8 MB
[runlim] sample:		156.1 time, 170.5 real, 327.7 MB
[runlim] sample:		166.1 time, 180.5 real, 339.2 MB
[runlim] sample:		176.1 time, 190.5 real, 340.0 MB
[runlim] sample:		186.1 time, 200.5 real, 346.6 MB
[runlim] sample:		196.1 time, 210.5 real, 353.3 MB
[runlim] sample:		206.1 time, 220.5 real, 358.8 MB
[runlim] sample:		216.1 time, 230.5 real, 364.4 MB
[runlim] sample:		225.3 time, 240.5 real, 369.2 MB
[runlim] sample:		235.3 time, 250.5 real, 373.9 MB
[runlim] sample:		244.7 time, 260.5 real, 379.6 MB
[runlim] sample:		254.7 time, 270.5 real, 386.0 MB
[runlim] sample:		264.7 time, 280.5 real, 392.7 MB
[runlim] sample:		274.7 time, 290.5 real, 398.1 MB
[runlim] sample:		284.7 time, 300.5 real, 401.7 MB
[runlim] sample:		294.7 time, 310.5 real, 409.1 MB
CVC4 interrupted by SIGTERM.
[runlim] end:			Tue Jan 29 10:57:42 2019
[runlim] status:		out of time
[runlim] result:		2
[runlim] children:		0
[runlim] real:			315.84 seconds
[runlim] time:			300.04 seconds
[runlim] space:			413.0 MB
[runlim] samples:		3153
