[runlim] version:		1.10fixed
[runlim] time limit:		300 seconds
[runlim] real time limit:	311040000 seconds
[runlim] space limit:		4000 MB
[runlim] argv[0]:		./cvc4
[runlim] argv[1]:		/tmp/7538qZRt.smt2
[runlim] start:			Mon Jan 28 14:23:51 2019
[runlim] main pid:		28498
/tmp/7538qZRt.smt2:4.12: No set-logic command was given before this point.
/tmp/7538qZRt.smt2:4.12: CVC4 will make all theories available.
/tmp/7538qZRt.smt2:4.12: Consider setting a stricter logic for (likely) better performance.
/tmp/7538qZRt.smt2:4.12: To suppress this warning in the future use (set-logic ALL).
[runlim] sample:		9.3 time, 11.0 real, 93.9 MB
[runlim] sample:		18.5 time, 21.0 real, 119.4 MB
[runlim] sample:		27.6 time, 31.0 real, 138.8 MB
[runlim] sample:		36.9 time, 41.0 real, 152.7 MB
[runlim] sample:		46.2 time, 51.0 real, 164.3 MB
[runlim] sample:		55.4 time, 61.0 real, 175.6 MB
[runlim] sample:		64.4 time, 71.0 real, 184.0 MB
[runlim] sample:		73.6 time, 81.0 real, 192.2 MB
[runlim] sample:		83.0 time, 91.0 real, 201.0 MB
[runlim] sample:		92.3 time, 101.0 real, 210.0 MB
[runlim] sample:		102.2 time, 111.0 real, 216.4 MB
[runlim] sample:		111.4 time, 121.0 real, 223.7 MB
[runlim] sample:		120.4 time, 131.0 real, 228.8 MB
[runlim] sample:		129.3 time, 141.0 real, 237.9 MB
[runlim] sample:		138.3 time, 151.0 real, 242.5 MB
[runlim] sample:		147.3 time, 161.0 real, 248.9 MB
[runlim] sample:		156.3 time, 171.0 real, 253.8 MB
[runlim] sample:		165.2 time, 181.0 real, 258.2 MB
[runlim] sample:		174.2 time, 191.0 real, 264.4 MB
[runlim] sample:		183.2 time, 201.0 real, 268.5 MB
[runlim] sample:		192.2 time, 211.0 real, 272.4 MB
[runlim] sample:		202.3 time, 221.0 real, 277.3 MB
[runlim] sample:		212.1 time, 231.0 real, 281.1 MB
[runlim] sample:		221.7 time, 241.0 real, 285.2 MB
[runlim] sample:		231.6 time, 251.0 real, 289.1 MB
[runlim] sample:		241.6 time, 261.0 real, 293.0 MB
[runlim] sample:		251.6 time, 271.0 real, 298.4 MB
[runlim] sample:		261.6 time, 281.0 real, 300.4 MB
[runlim] sample:		271.6 time, 291.0 real, 303.3 MB
[runlim] sample:		281.6 time, 301.0 real, 307.7 MB
[runlim] sample:		291.6 time, 311.0 real, 311.8 MB
[runlim] end:			Mon Jan 28 14:29:08 2019
[runlim] status:		signal(9)
[runlim] result:		11
[runlim] children:		0
[runlim] real:			317.75 seconds
[runlim] time:			298.25 seconds
[runlim] space:			313.8 MB
[runlim] samples:		3167
