[runlim] version:		1.10fixed
[runlim] time limit:		300 seconds
[runlim] real time limit:	311040000 seconds
[runlim] space limit:		4000 MB
[runlim] argv[0]:		./cvc4
[runlim] argv[1]:		/tmp/LoAZNKoc.smt2
[runlim] start:			Tue Jan 29 10:52:27 2019
[runlim] main pid:		16300
/tmp/LoAZNKoc.smt2:4.12: No set-logic command was given before this point.
/tmp/LoAZNKoc.smt2:4.12: CVC4 will make all theories available.
/tmp/LoAZNKoc.smt2:4.12: Consider setting a stricter logic for (likely) better performance.
/tmp/LoAZNKoc.smt2:4.12: To suppress this warning in the future use (set-logic ALL).
[runlim] sample:		10.0 time, 10.3 real, 256.7 MB
[runlim] sample:		20.0 time, 20.3 real, 428.5 MB
[runlim] sample:		30.0 time, 30.3 real, 576.2 MB
[runlim] sample:		40.0 time, 40.3 real, 717.6 MB
[runlim] sample:		50.0 time, 50.3 real, 835.0 MB
[runlim] sample:		60.0 time, 60.3 real, 963.5 MB
[runlim] sample:		70.0 time, 70.3 real, 1049.5 MB
[runlim] sample:		79.8 time, 80.3 real, 1134.6 MB
[runlim] sample:		89.5 time, 90.3 real, 1251.4 MB
[runlim] sample:		99.2 time, 100.3 real, 1325.0 MB
[runlim] sample:		108.8 time, 110.3 real, 1401.2 MB
[runlim] sample:		118.3 time, 120.3 real, 1477.2 MB
[runlim] sample:		127.2 time, 130.3 real, 1576.0 MB
[runlim] sample:		137.0 time, 140.3 real, 1624.2 MB
[runlim] sample:		147.0 time, 150.3 real, 1722.9 MB
[runlim] sample:		156.9 time, 160.3 real, 1733.7 MB
[runlim] sample:		166.6 time, 170.3 real, 1826.3 MB
[runlim] sample:		176.3 time, 180.3 real, 1929.1 MB
[runlim] sample:		185.9 time, 190.3 real, 1945.3 MB
[runlim] sample:		195.6 time, 200.3 real, 2039.9 MB
[runlim] sample:		205.3 time, 210.3 real, 2125.0 MB
[runlim] sample:		214.9 time, 220.3 real, 2142.6 MB
[runlim] sample:		224.6 time, 230.3 real, 2222.4 MB
[runlim] sample:		234.3 time, 240.3 real, 2298.5 MB
[runlim] sample:		243.9 time, 250.3 real, 2334.8 MB
[runlim] sample:		253.6 time, 260.3 real, 2355.6 MB
[runlim] sample:		263.3 time, 270.3 real, 2422.0 MB
[runlim] sample:		273.0 time, 280.3 real, 2497.7 MB
[runlim] sample:		282.6 time, 290.3 real, 2546.7 MB
[runlim] sample:		292.3 time, 300.3 real, 2548.7 MB
CVC4 interrupted by SIGTERM.
[runlim] end:			Tue Jan 29 10:57:35 2019
[runlim] status:		out of time
[runlim] result:		2
[runlim] children:		0
[runlim] real:			308.26 seconds
[runlim] time:			300.19 seconds
[runlim] space:			2628.3 MB
[runlim] samples:		3079
