[runlim] version:		1.10fixed
[runlim] time limit:		3600 seconds
[runlim] real time limit:	311040000 seconds
[runlim] space limit:		4000 MB
[runlim] argv[0]:		./z3
[runlim] argv[1]:		/tmp/fsmWbwlk.smt2
[runlim] start:			Thu Feb 14 03:49:31 2019
[runlim] main pid:		19021
[runlim] sample:		8.1 time, 10.6 real, 18.2 MB
[runlim] sample:		17.0 time, 20.6 real, 22.4 MB
[runlim] sample:		26.8 time, 30.6 real, 22.9 MB
[runlim] sample:		36.8 time, 40.6 real, 22.9 MB
[runlim] sample:		45.6 time, 50.6 real, 22.7 MB
[runlim] sample:		55.2 time, 60.6 real, 30.0 MB
[runlim] sample:		65.2 time, 70.6 real, 31.1 MB
[runlim] sample:		75.2 time, 80.6 real, 30.8 MB
[runlim] sample:		85.2 time, 90.6 real, 30.8 MB
[runlim] sample:		95.2 time, 100.6 real, 31.1 MB
[runlim] sample:		105.2 time, 110.6 real, 30.8 MB
[runlim] sample:		115.2 time, 120.6 real, 30.8 MB
[runlim] sample:		125.2 time, 130.6 real, 30.8 MB
[runlim] sample:		135.2 time, 140.6 real, 31.1 MB
[runlim] sample:		145.2 time, 150.6 real, 30.8 MB
[runlim] sample:		155.2 time, 160.6 real, 30.8 MB
[runlim] sample:		165.2 time, 170.6 real, 30.3 MB
[runlim] sample:		175.2 time, 180.6 real, 32.1 MB
[runlim] sample:		185.2 time, 190.6 real, 43.4 MB
[runlim] sample:		195.2 time, 200.6 real, 45.3 MB
[runlim] sample:		205.2 time, 210.6 real, 45.3 MB
[runlim] sample:		215.2 time, 220.6 real, 46.8 MB
[runlim] sample:		225.2 time, 230.6 real, 46.8 MB
[runlim] sample:		235.2 time, 240.6 real, 47.1 MB
[runlim] sample:		245.2 time, 250.6 real, 47.1 MB
[runlim] sample:		255.2 time, 260.6 real, 45.7 MB
[runlim] sample:		265.2 time, 270.6 real, 46.8 MB
[runlim] sample:		275.2 time, 280.6 real, 46.8 MB
[runlim] sample:		285.2 time, 290.6 real, 47.0 MB
[runlim] sample:		295.2 time, 300.6 real, 47.0 MB
[runlim] sample:		305.2 time, 310.6 real, 47.3 MB
[runlim] sample:		315.2 time, 320.6 real, 45.7 MB
[runlim] sample:		325.2 time, 330.6 real, 46.8 MB
[runlim] sample:		335.2 time, 340.6 real, 46.8 MB
[runlim] sample:		345.2 time, 350.6 real, 47.0 MB
[runlim] sample:		355.2 time, 360.6 real, 47.0 MB
[runlim] sample:		365.2 time, 370.6 real, 47.3 MB
[runlim] sample:		375.2 time, 380.6 real, 45.7 MB
[runlim] sample:		385.2 time, 390.6 real, 46.8 MB
[runlim] sample:		395.2 time, 400.6 real, 46.8 MB
[runlim] sample:		405.2 time, 410.6 real, 47.0 MB
[runlim] sample:		415.2 time, 420.6 real, 47.3 MB
[runlim] sample:		425.2 time, 430.6 real, 45.7 MB
[runlim] sample:		435.2 time, 440.6 real, 46.8 MB
[runlim] sample:		445.2 time, 450.6 real, 46.8 MB
[runlim] sample:		455.2 time, 460.6 real, 47.0 MB
[runlim] sample:		465.2 time, 470.6 real, 47.0 MB
[runlim] sample:		475.2 time, 480.6 real, 47.3 MB
[runlim] sample:		485.2 time, 490.6 real, 45.7 MB
[runlim] sample:		495.2 time, 500.6 real, 46.8 MB
[runlim] sample:		505.2 time, 510.6 real, 47.0 MB
[runlim] sample:		515.2 time, 520.6 real, 47.0 MB
[runlim] sample:		525.2 time, 530.6 real, 47.3 MB
[runlim] sample:		535.2 time, 540.6 real, 45.7 MB
[runlim] sample:		545.2 time, 550.6 real, 46.8 MB
[runlim] sample:		555.2 time, 560.6 real, 46.8 MB
[runlim] sample:		565.2 time, 570.6 real, 47.0 MB
[runlim] sample:		575.2 time, 580.6 real, 47.0 MB
[runlim] sample:		585.2 time, 590.6 real, 47.3 MB
[runlim] sample:		595.2 time, 600.6 real, 45.7 MB
[runlim] sample:		605.2 time, 610.6 real, 46.8 MB
[runlim] sample:		615.2 time, 620.6 real, 47.0 MB
[runlim] sample:		625.2 time, 630.6 real, 47.0 MB
[runlim] sample:		635.2 time, 640.6 real, 47.3 MB
[runlim] sample:		645.2 time, 650.6 real, 45.7 MB
[runlim] sample:		655.2 time, 660.6 real, 46.0 MB
[runlim] sample:		665.2 time, 670.6 real, 46.0 MB
[runlim] sample:		675.2 time, 680.6 real, 46.8 MB
[runlim] sample:		685.2 time, 690.6 real, 48.6 MB
[runlim] sample:		695.2 time, 700.6 real, 49.3 MB
[runlim] sample:		705.2 time, 710.6 real, 50.1 MB
[runlim] sample:		715.2 time, 720.6 real, 71.4 MB
[runlim] sample:		725.2 time, 730.6 real, 71.4 MB
[runlim] sample:		735.2 time, 740.6 real, 71.4 MB
[runlim] sample:		745.2 time, 750.6 real, 71.4 MB
[runlim] sample:		755.2 time, 760.6 real, 71.4 MB
[runlim] sample:		765.2 time, 770.6 real, 75.4 MB
[runlim] sample:		775.2 time, 780.6 real, 75.4 MB
[runlim] sample:		785.2 time, 790.6 real, 75.4 MB
[runlim] sample:		795.2 time, 800.6 real, 75.4 MB
[runlim] sample:		805.2 time, 810.6 real, 75.4 MB
[runlim] sample:		815.2 time, 820.6 real, 74.9 MB
[runlim] sample:		825.2 time, 830.6 real, 74.9 MB
[runlim] sample:		835.2 time, 840.6 real, 75.1 MB
[runlim] sample:		845.2 time, 850.6 real, 75.1 MB
[runlim] sample:		855.2 time, 860.6 real, 78.0 MB
[runlim] sample:		865.2 time, 870.6 real, 78.0 MB
[runlim] sample:		875.2 time, 880.6 real, 78.2 MB
[runlim] sample:		885.2 time, 890.6 real, 78.2 MB
[runlim] sample:		895.2 time, 900.6 real, 78.2 MB
[runlim] sample:		905.2 time, 910.6 real, 78.5 MB
[runlim] sample:		915.2 time, 920.6 real, 78.5 MB
[runlim] sample:		925.2 time, 930.6 real, 78.5 MB
[runlim] sample:		935.2 time, 940.6 real, 78.7 MB
[runlim] sample:		945.2 time, 950.6 real, 78.7 MB
[runlim] sample:		955.2 time, 960.6 real, 79.0 MB
[runlim] sample:		965.2 time, 970.6 real, 79.0 MB
[runlim] sample:		975.2 time, 980.6 real, 79.0 MB
[runlim] sample:		985.2 time, 990.6 real, 79.3 MB
[runlim] sample:		995.2 time, 1000.6 real, 76.0 MB
[runlim] sample:		1005.2 time, 1010.6 real, 76.0 MB
[runlim] sample:		1015.2 time, 1020.6 real, 76.0 MB
[runlim] sample:		1025.2 time, 1030.6 real, 77.8 MB
[runlim] sample:		1035.2 time, 1040.6 real, 78.1 MB
[runlim] sample:		1045.2 time, 1050.6 real, 78.1 MB
[runlim] sample:		1055.2 time, 1060.6 real, 78.1 MB
[runlim] sample:		1065.2 time, 1070.6 real, 78.4 MB
[runlim] sample:		1075.2 time, 1080.6 real, 78.4 MB
[runlim] sample:		1085.2 time, 1090.6 real, 78.4 MB
[runlim] sample:		1095.2 time, 1100.6 real, 78.6 MB
[runlim] sample:		1105.2 time, 1110.6 real, 78.6 MB
[runlim] sample:		1115.2 time, 1120.6 real, 78.6 MB
[runlim] sample:		1125.2 time, 1130.6 real, 78.9 MB
[runlim] sample:		1135.2 time, 1140.6 real, 78.9 MB
[runlim] sample:		1145.2 time, 1150.6 real, 79.1 MB
[runlim] sample:		1155.2 time, 1160.6 real, 79.1 MB
[runlim] sample:		1165.2 time, 1170.6 real, 76.0 MB
[runlim] sample:		1175.2 time, 1180.6 real, 76.0 MB
[runlim] sample:		1185.2 time, 1190.6 real, 76.0 MB
[runlim] sample:		1195.2 time, 1200.6 real, 76.0 MB
[runlim] sample:		1205.2 time, 1210.6 real, 77.8 MB
[runlim] sample:		1215.2 time, 1220.6 real, 78.1 MB
[runlim] sample:		1225.2 time, 1230.6 real, 78.1 MB
[runlim] sample:		1235.2 time, 1240.6 real, 78.4 MB
[runlim] sample:		1245.2 time, 1250.6 real, 78.4 MB
[runlim] sample:		1255.2 time, 1260.6 real, 78.4 MB
[runlim] sample:		1265.2 time, 1270.6 real, 78.6 MB
[runlim] sample:		1275.2 time, 1280.6 real, 78.6 MB
[runlim] sample:		1285.2 time, 1290.6 real, 78.6 MB
[runlim] sample:		1295.2 time, 1300.6 real, 78.9 MB
[runlim] sample:		1305.2 time, 1310.6 real, 78.9 MB
[runlim] sample:		1315.2 time, 1320.6 real, 78.9 MB
[runlim] sample:		1325.2 time, 1330.6 real, 79.1 MB
[runlim] sample:		1335.2 time, 1340.6 real, 76.0 MB
[runlim] sample:		1345.2 time, 1350.6 real, 76.0 MB
[runlim] sample:		1355.2 time, 1360.6 real, 76.0 MB
[runlim] sample:		1365.2 time, 1370.6 real, 76.0 MB
[runlim] sample:		1375.2 time, 1380.6 real, 77.8 MB
[runlim] sample:		1385.2 time, 1390.6 real, 78.1 MB
[runlim] sample:		1395.2 time, 1400.6 real, 78.1 MB
[runlim] sample:		1405.2 time, 1410.6 real, 78.1 MB
[runlim] sample:		1415.2 time, 1420.6 real, 78.4 MB
[runlim] sample:		1425.2 time, 1430.6 real, 78.4 MB
[runlim] sample:		1435.2 time, 1440.6 real, 78.4 MB
[runlim] sample:		1445.2 time, 1450.6 real, 78.6 MB
[runlim] sample:		1455.2 time, 1460.6 real, 78.6 MB
[runlim] sample:		1465.2 time, 1470.6 real, 78.9 MB
[runlim] sample:		1475.2 time, 1480.6 real, 78.9 MB
[runlim] sample:		1485.2 time, 1490.6 real, 78.9 MB
[runlim] sample:		1495.2 time, 1500.6 real, 79.1 MB
[runlim] sample:		1505.2 time, 1510.6 real, 79.1 MB
[runlim] sample:		1515.2 time, 1520.6 real, 76.0 MB
[runlim] sample:		1525.2 time, 1530.6 real, 76.0 MB
[runlim] sample:		1535.2 time, 1540.6 real, 76.0 MB
[runlim] sample:		1545.2 time, 1550.6 real, 77.8 MB
[runlim] sample:		1555.2 time, 1560.6 real, 77.8 MB
[runlim] sample:		1565.2 time, 1570.6 real, 78.1 MB
[runlim] sample:		1575.2 time, 1580.6 real, 78.1 MB
[runlim] sample:		1585.2 time, 1590.6 real, 78.4 MB
[runlim] sample:		1595.2 time, 1600.6 real, 78.4 MB
[runlim] sample:		1605.2 time, 1610.6 real, 78.4 MB
[runlim] sample:		1615.2 time, 1620.6 real, 78.6 MB
[runlim] sample:		1625.2 time, 1630.6 real, 78.6 MB
[runlim] sample:		1635.2 time, 1640.6 real, 78.6 MB
[runlim] sample:		1645.2 time, 1650.6 real, 78.9 MB
[runlim] sample:		1655.2 time, 1660.6 real, 78.9 MB
[runlim] sample:		1665.2 time, 1670.6 real, 78.9 MB
[runlim] sample:		1675.2 time, 1680.6 real, 79.1 MB
[runlim] sample:		1685.2 time, 1690.6 real, 76.0 MB
[runlim] sample:		1695.2 time, 1700.6 real, 76.0 MB
[runlim] sample:		1705.2 time, 1710.6 real, 76.0 MB
[runlim] sample:		1715.2 time, 1720.6 real, 76.0 MB
[runlim] sample:		1725.2 time, 1730.6 real, 77.8 MB
[runlim] sample:		1735.2 time, 1740.6 real, 78.1 MB
[runlim] sample:		1745.2 time, 1750.6 real, 78.1 MB
[runlim] sample:		1755.2 time, 1760.6 real, 78.1 MB
[runlim] sample:		1765.2 time, 1770.6 real, 78.4 MB
[runlim] sample:		1775.2 time, 1780.6 real, 78.4 MB
[runlim] sample:		1785.2 time, 1790.6 real, 78.4 MB
[runlim] sample:		1795.2 time, 1800.6 real, 78.6 MB
[runlim] sample:		1805.2 time, 1810.6 real, 78.6 MB
[runlim] sample:		1815.2 time, 1820.6 real, 78.9 MB
[runlim] sample:		1825.2 time, 1830.6 real, 78.9 MB
[runlim] sample:		1835.2 time, 1840.6 real, 78.9 MB
[runlim] sample:		1845.2 time, 1850.6 real, 79.1 MB
[runlim] sample:		1855.2 time, 1860.6 real, 79.1 MB
[runlim] sample:		1865.2 time, 1870.6 real, 76.0 MB
[runlim] sample:		1875.2 time, 1880.6 real, 76.0 MB
[runlim] sample:		1885.2 time, 1890.6 real, 76.0 MB
[runlim] sample:		1895.2 time, 1900.6 real, 77.8 MB
[runlim] sample:		1905.2 time, 1910.6 real, 78.1 MB
[runlim] sample:		1915.2 time, 1920.6 real, 78.1 MB
[runlim] sample:		1925.2 time, 1930.6 real, 78.1 MB
[runlim] sample:		1935.2 time, 1940.6 real, 78.4 MB
[runlim] sample:		1945.2 time, 1950.6 real, 78.4 MB
[runlim] sample:		1955.2 time, 1960.6 real, 78.4 MB
[runlim] sample:		1965.2 time, 1970.6 real, 78.6 MB
[runlim] sample:		1975.2 time, 1980.6 real, 78.6 MB
[runlim] sample:		1985.2 time, 1990.6 real, 78.6 MB
[runlim] sample:		1995.2 time, 2000.6 real, 78.9 MB
[runlim] sample:		2005.2 time, 2010.6 real, 78.9 MB
[runlim] sample:		2015.2 time, 2020.6 real, 78.9 MB
[runlim] sample:		2025.2 time, 2030.6 real, 79.1 MB
[runlim] sample:		2035.2 time, 2040.6 real, 76.0 MB
[runlim] sample:		2045.2 time, 2050.6 real, 76.0 MB
[runlim] sample:		2055.2 time, 2060.6 real, 76.0 MB
[runlim] sample:		2065.2 time, 2070.6 real, 76.0 MB
[runlim] sample:		2075.2 time, 2080.6 real, 77.8 MB
[runlim] sample:		2085.2 time, 2090.6 real, 78.1 MB
[runlim] sample:		2095.2 time, 2100.6 real, 78.1 MB
[runlim] sample:		2105.2 time, 2110.6 real, 78.1 MB
[runlim] sample:		2115.2 time, 2120.6 real, 78.4 MB
[runlim] sample:		2125.2 time, 2130.6 real, 78.4 MB
[runlim] sample:		2135.2 time, 2140.6 real, 78.6 MB
[runlim] sample:		2145.2 time, 2150.6 real, 78.6 MB
[runlim] sample:		2155.2 time, 2160.6 real, 78.6 MB
[runlim] sample:		2165.2 time, 2170.6 real, 78.9 MB
[runlim] sample:		2175.2 time, 2180.6 real, 78.9 MB
[runlim] sample:		2185.2 time, 2190.6 real, 78.9 MB
[runlim] sample:		2195.2 time, 2200.6 real, 79.1 MB
[runlim] sample:		2205.2 time, 2210.6 real, 79.1 MB
[runlim] sample:		2215.2 time, 2220.6 real, 76.0 MB
[runlim] sample:		2225.2 time, 2230.6 real, 76.0 MB
[runlim] sample:		2235.2 time, 2240.6 real, 76.0 MB
[runlim] sample:		2245.2 time, 2250.6 real, 76.6 MB
[runlim] sample:		2255.2 time, 2260.6 real, 76.6 MB
[runlim] sample:		2265.2 time, 2270.6 real, 76.6 MB
[runlim] sample:		2275.2 time, 2280.6 real, 76.6 MB
[runlim] sample:		2285.2 time, 2290.6 real, 77.8 MB
[runlim] sample:		2295.2 time, 2300.6 real, 77.8 MB
[runlim] sample:		2305.2 time, 2310.6 real, 77.8 MB
[runlim] sample:		2315.2 time, 2320.6 real, 81.7 MB
[runlim] sample:		2325.2 time, 2330.6 real, 81.7 MB
[runlim] sample:		2335.2 time, 2340.6 real, 81.7 MB
[runlim] sample:		2345.2 time, 2350.6 real, 81.7 MB
[runlim] sample:		2355.2 time, 2360.6 real, 83.0 MB
[runlim] sample:		2365.2 time, 2370.6 real, 83.0 MB
[runlim] sample:		2375.2 time, 2380.6 real, 83.0 MB
[runlim] sample:		2385.2 time, 2390.6 real, 85.1 MB
[runlim] sample:		2395.2 time, 2400.6 real, 85.1 MB
[runlim] sample:		2405.2 time, 2410.6 real, 85.1 MB
[runlim] sample:		2415.2 time, 2420.6 real, 85.1 MB
[runlim] sample:		2425.2 time, 2430.6 real, 126.0 MB
[runlim] sample:		2435.2 time, 2440.6 real, 126.0 MB
[runlim] sample:		2445.2 time, 2450.6 real, 126.0 MB
[runlim] sample:		2455.2 time, 2460.6 real, 126.0 MB
[runlim] sample:		2465.2 time, 2470.6 real, 126.0 MB
[runlim] sample:		2475.2 time, 2480.6 real, 126.0 MB
[runlim] sample:		2485.2 time, 2490.6 real, 126.0 MB
[runlim] sample:		2495.2 time, 2500.6 real, 126.0 MB
[runlim] sample:		2505.2 time, 2510.6 real, 126.0 MB
[runlim] sample:		2515.2 time, 2520.6 real, 126.0 MB
[runlim] sample:		2525.2 time, 2530.6 real, 126.0 MB
[runlim] sample:		2535.2 time, 2540.6 real, 126.0 MB
[runlim] sample:		2545.2 time, 2550.6 real, 126.0 MB
[runlim] sample:		2555.2 time, 2560.6 real, 126.0 MB
[runlim] sample:		2565.2 time, 2570.6 real, 133.8 MB
[runlim] sample:		2575.2 time, 2580.6 real, 133.8 MB
[runlim] sample:		2585.2 time, 2590.6 real, 133.8 MB
[runlim] sample:		2595.2 time, 2600.6 real, 133.8 MB
[runlim] sample:		2605.2 time, 2610.6 real, 133.8 MB
[runlim] sample:		2615.2 time, 2620.6 real, 133.8 MB
[runlim] sample:		2625.2 time, 2630.6 real, 133.8 MB
[runlim] sample:		2635.2 time, 2640.6 real, 133.8 MB
[runlim] sample:		2645.2 time, 2650.6 real, 133.8 MB
[runlim] sample:		2655.2 time, 2660.6 real, 133.8 MB
[runlim] sample:		2665.2 time, 2670.6 real, 133.8 MB
[runlim] sample:		2675.2 time, 2680.6 real, 133.8 MB
[runlim] sample:		2685.2 time, 2690.6 real, 133.8 MB
[runlim] sample:		2695.2 time, 2700.6 real, 133.8 MB
[runlim] sample:		2705.2 time, 2710.6 real, 132.5 MB
[runlim] sample:		2715.2 time, 2720.6 real, 132.8 MB
[runlim] sample:		2725.2 time, 2730.6 real, 132.8 MB
[runlim] sample:		2735.2 time, 2740.6 real, 132.8 MB
[runlim] sample:		2745.2 time, 2750.6 real, 133.0 MB
[runlim] sample:		2755.2 time, 2760.6 real, 133.0 MB
[runlim] sample:		2765.2 time, 2770.6 real, 133.3 MB
[runlim] sample:		2775.2 time, 2780.6 real, 133.3 MB
[runlim] sample:		2785.2 time, 2790.6 real, 133.3 MB
[runlim] sample:		2795.2 time, 2800.6 real, 133.5 MB
[runlim] sample:		2805.2 time, 2810.6 real, 133.5 MB
[runlim] sample:		2815.2 time, 2820.6 real, 133.5 MB
[runlim] sample:		2825.2 time, 2830.6 real, 133.8 MB
[runlim] sample:		2835.2 time, 2840.6 real, 133.8 MB
[runlim] sample:		2845.2 time, 2850.6 real, 125.0 MB
[runlim] sample:		2855.2 time, 2860.6 real, 125.0 MB
[runlim] sample:		2865.2 time, 2870.6 real, 125.0 MB
[runlim] sample:		2875.2 time, 2880.6 real, 125.0 MB
[runlim] sample:		2885.2 time, 2890.6 real, 125.0 MB
[runlim] sample:		2895.2 time, 2900.6 real, 125.0 MB
[runlim] sample:		2905.2 time, 2910.6 real, 125.0 MB
[runlim] sample:		2915.2 time, 2920.6 real, 125.0 MB
[runlim] sample:		2925.2 time, 2930.6 real, 125.0 MB
[runlim] sample:		2935.2 time, 2940.6 real, 125.0 MB
[runlim] sample:		2945.2 time, 2950.6 real, 125.0 MB
[runlim] sample:		2955.2 time, 2960.6 real, 125.0 MB
[runlim] sample:		2965.2 time, 2970.6 real, 125.0 MB
[runlim] sample:		2975.2 time, 2980.6 real, 125.0 MB
[runlim] sample:		2985.2 time, 2990.6 real, 126.6 MB
[runlim] sample:		2995.2 time, 3000.6 real, 126.8 MB
[runlim] sample:		3005.2 time, 3010.6 real, 128.1 MB
[runlim] sample:		3015.2 time, 3020.6 real, 128.4 MB
[runlim] sample:		3025.2 time, 3030.6 real, 128.4 MB
[runlim] sample:		3035.2 time, 3040.6 real, 128.4 MB
[runlim] sample:		3045.2 time, 3050.6 real, 128.4 MB
[runlim] sample:		3055.2 time, 3060.6 real, 128.4 MB
[runlim] sample:		3065.2 time, 3070.6 real, 128.9 MB
[runlim] sample:		3075.2 time, 3080.6 real, 132.3 MB
[runlim] sample:		3085.2 time, 3090.6 real, 132.6 MB
[runlim] sample:		3095.2 time, 3100.6 real, 133.9 MB
[runlim] sample:		3105.2 time, 3110.6 real, 134.2 MB
[runlim] sample:		3115.2 time, 3120.6 real, 135.7 MB
[runlim] sample:		3125.2 time, 3130.6 real, 135.7 MB
[runlim] sample:		3135.2 time, 3140.6 real, 135.7 MB
[runlim] sample:		3145.2 time, 3150.6 real, 135.7 MB
[runlim] sample:		3155.2 time, 3160.6 real, 135.7 MB
[runlim] sample:		3165.2 time, 3170.6 real, 135.7 MB
[runlim] sample:		3175.2 time, 3180.6 real, 135.7 MB
[runlim] sample:		3185.2 time, 3190.6 real, 135.7 MB
[runlim] sample:		3195.2 time, 3200.6 real, 135.7 MB
[runlim] sample:		3205.2 time, 3210.6 real, 135.7 MB
[runlim] sample:		3215.2 time, 3220.6 real, 135.7 MB
[runlim] sample:		3225.2 time, 3230.6 real, 136.0 MB
[runlim] sample:		3235.2 time, 3240.6 real, 136.3 MB
[runlim] sample:		3245.2 time, 3250.6 real, 136.3 MB
[runlim] sample:		3255.2 time, 3260.6 real, 136.3 MB
[runlim] sample:		3265.2 time, 3270.6 real, 136.3 MB
[runlim] sample:		3275.2 time, 3280.6 real, 136.3 MB
[runlim] sample:		3285.2 time, 3290.6 real, 136.3 MB
[runlim] sample:		3295.2 time, 3300.6 real, 136.3 MB
[runlim] sample:		3305.2 time, 3310.6 real, 136.3 MB
[runlim] sample:		3315.2 time, 3320.6 real, 136.3 MB
[runlim] sample:		3325.2 time, 3330.6 real, 134.2 MB
[runlim] sample:		3335.2 time, 3340.6 real, 135.2 MB
[runlim] sample:		3345.2 time, 3350.6 real, 136.6 MB
[runlim] sample:		3355.2 time, 3360.6 real, 144.7 MB
[runlim] sample:		3365.2 time, 3370.6 real, 145.0 MB
[runlim] sample:		3375.2 time, 3380.6 real, 149.6 MB
[runlim] sample:		3385.2 time, 3390.6 real, 149.6 MB
[runlim] sample:		3395.2 time, 3400.6 real, 148.3 MB
[runlim] sample:		3405.2 time, 3410.6 real, 148.6 MB
[runlim] sample:		3415.2 time, 3420.6 real, 148.9 MB
[runlim] sample:		3425.2 time, 3430.6 real, 150.9 MB
[runlim] sample:		3435.2 time, 3440.6 real, 150.9 MB
[runlim] sample:		3445.2 time, 3450.6 real, 150.9 MB
[runlim] sample:		3455.2 time, 3460.6 real, 151.2 MB
[runlim] sample:		3465.2 time, 3470.6 real, 151.2 MB
[runlim] sample:		3475.2 time, 3480.6 real, 151.4 MB
[runlim] sample:		3485.2 time, 3490.6 real, 151.4 MB
[runlim] sample:		3495.2 time, 3500.6 real, 151.7 MB
[runlim] sample:		3505.2 time, 3510.6 real, 151.7 MB
[runlim] sample:		3515.2 time, 3520.6 real, 147.1 MB
[runlim] sample:		3525.2 time, 3530.6 real, 147.1 MB
[runlim] sample:		3535.2 time, 3540.6 real, 149.9 MB
[runlim] sample:		3545.2 time, 3550.6 real, 150.2 MB
[runlim] sample:		3555.2 time, 3560.6 real, 150.2 MB
[runlim] sample:		3565.2 time, 3570.6 real, 150.4 MB
[runlim] sample:		3575.2 time, 3580.6 real, 150.4 MB
[runlim] sample:		3585.2 time, 3590.6 real, 150.7 MB
[runlim] sample:		3595.2 time, 3600.6 real, 150.7 MB
[runlim] end:			Thu Feb 14 04:49:36 2019
[runlim] status:		out of time
[runlim] result:		2
[runlim] children:		0
[runlim] real:			3605.41 seconds
[runlim] time:			3600.03 seconds
[runlim] space:			151.7 MB
[runlim] samples:		36048
