[runlim] version:		1.10fixed
[runlim] time limit:		3600 seconds
[runlim] real time limit:	311040000 seconds
[runlim] space limit:		4000 MB
[runlim] argv[0]:		./cvc4
[runlim] argv[1]:		--nl-ext-tplanes
[runlim] argv[2]:		--full-saturate-quant
[runlim] argv[3]:		--no-e-matching
[runlim] argv[4]:		/tmp/SXeZYdsS.smt2
[runlim] start:			Tue Feb 12 10:24:18 2019
[runlim] main pid:		25221
[runlim] sample:		9.6 time, 10.2 real, 40.0 MB
[runlim] sample:		18.9 time, 20.2 real, 46.2 MB
[runlim] sample:		28.2 time, 30.2 real, 49.4 MB
[runlim] sample:		37.6 time, 40.2 real, 52.5 MB
[runlim] sample:		46.9 time, 50.2 real, 56.9 MB
[runlim] sample:		56.3 time, 60.2 real, 58.1 MB
[runlim] sample:		65.8 time, 70.2 real, 59.9 MB
[runlim] sample:		75.1 time, 80.2 real, 60.9 MB
[runlim] sample:		84.5 time, 90.2 real, 63.7 MB
[runlim] sample:		93.9 time, 100.2 real, 63.7 MB
[runlim] sample:		103.4 time, 110.2 real, 64.0 MB
[runlim] sample:		112.9 time, 120.2 real, 64.2 MB
[runlim] sample:		122.3 time, 130.2 real, 64.8 MB
[runlim] sample:		131.7 time, 140.2 real, 65.3 MB
[runlim] sample:		141.4 time, 150.2 real, 66.0 MB
[runlim] sample:		150.8 time, 160.2 real, 66.3 MB
[runlim] sample:		160.1 time, 170.2 real, 66.8 MB
[runlim] sample:		169.7 time, 180.2 real, 67.3 MB
[runlim] sample:		179.3 time, 190.2 real, 67.8 MB
[runlim] sample:		188.6 time, 200.2 real, 68.1 MB
[runlim] sample:		197.9 time, 210.2 real, 68.6 MB
[runlim] sample:		207.5 time, 220.2 real, 69.1 MB
[runlim] sample:		217.2 time, 230.2 real, 69.6 MB
[runlim] sample:		226.8 time, 240.2 real, 70.2 MB
[runlim] sample:		236.5 time, 250.2 real, 70.7 MB
[runlim] sample:		246.1 time, 260.2 real, 71.2 MB
[runlim] sample:		255.8 time, 270.2 real, 71.7 MB
[runlim] sample:		265.4 time, 280.2 real, 72.0 MB
[runlim] sample:		275.1 time, 290.2 real, 72.5 MB
[runlim] sample:		284.7 time, 300.2 real, 73.3 MB
[runlim] sample:		294.4 time, 310.2 real, 73.5 MB
[runlim] sample:		304.0 time, 320.2 real, 74.0 MB
[runlim] sample:		313.7 time, 330.2 real, 74.5 MB
[runlim] sample:		323.4 time, 340.2 real, 75.1 MB
[runlim] sample:		332.7 time, 350.2 real, 75.6 MB
[runlim] sample:		342.3 time, 360.2 real, 75.8 MB
[runlim] sample:		351.8 time, 370.2 real, 76.6 MB
[runlim] sample:		361.4 time, 380.2 real, 76.9 MB
[runlim] sample:		370.8 time, 390.2 real, 77.4 MB
[runlim] sample:		380.1 time, 400.2 real, 77.9 MB
[runlim] sample:		389.6 time, 410.2 real, 78.9 MB
[runlim] sample:		399.3 time, 420.2 real, 79.2 MB
[runlim] sample:		408.7 time, 430.2 real, 79.7 MB
[runlim] sample:		418.3 time, 440.2 real, 80.2 MB
[runlim] sample:		427.6 time, 450.2 real, 80.7 MB
[runlim] sample:		437.1 time, 460.2 real, 81.2 MB
[runlim] sample:		446.4 time, 470.2 real, 81.8 MB
[runlim] sample:		455.8 time, 480.2 real, 82.3 MB
[runlim] sample:		465.2 time, 490.2 real, 82.8 MB
[runlim] sample:		474.5 time, 500.2 real, 83.8 MB
[runlim] sample:		484.1 time, 510.2 real, 84.1 MB
[runlim] sample:		493.6 time, 520.2 real, 84.9 MB
[runlim] sample:		503.0 time, 530.2 real, 85.1 MB
[runlim] sample:		512.3 time, 540.2 real, 85.6 MB
[runlim] sample:		521.7 time, 550.2 real, 86.1 MB
[runlim] sample:		531.0 time, 560.2 real, 86.7 MB
[runlim] sample:		540.7 time, 570.2 real, 86.9 MB
[runlim] sample:		550.3 time, 580.2 real, 87.4 MB
[runlim] sample:		560.3 time, 590.2 real, 87.9 MB
[runlim] sample:		570.3 time, 600.2 real, 88.5 MB
[runlim] sample:		580.3 time, 610.2 real, 89.0 MB
[runlim] sample:		590.3 time, 620.2 real, 89.2 MB
[runlim] sample:		600.3 time, 630.2 real, 89.8 MB
[runlim] sample:		610.3 time, 640.2 real, 90.3 MB
[runlim] sample:		620.3 time, 650.2 real, 90.8 MB
[runlim] sample:		630.1 time, 660.2 real, 91.3 MB
[runlim] sample:		639.8 time, 670.2 real, 91.6 MB
[runlim] sample:		649.5 time, 680.2 real, 92.3 MB
[runlim] sample:		659.1 time, 690.2 real, 92.6 MB
[runlim] sample:		669.1 time, 700.2 real, 93.1 MB
[runlim] sample:		679.0 time, 710.2 real, 93.4 MB
[runlim] sample:		688.9 time, 720.2 real, 94.1 MB
[runlim] sample:		698.5 time, 730.2 real, 94.4 MB
[runlim] sample:		708.2 time, 740.2 real, 94.9 MB
[runlim] sample:		717.9 time, 750.2 real, 95.4 MB
[runlim] sample:		727.6 time, 760.2 real, 95.9 MB
[runlim] sample:		737.5 time, 770.2 real, 96.5 MB
[runlim] sample:		747.2 time, 780.2 real, 96.7 MB
[runlim] sample:		756.9 time, 790.2 real, 97.5 MB
[runlim] sample:		766.9 time, 800.2 real, 97.7 MB
[runlim] sample:		776.9 time, 810.2 real, 98.3 MB
[runlim] sample:		786.9 time, 820.2 real, 98.8 MB
[runlim] sample:		796.8 time, 830.2 real, 99.0 MB
[runlim] sample:		806.7 time, 840.2 real, 99.5 MB
[runlim] sample:		816.7 time, 850.2 real, 100.1 MB
[runlim] sample:		826.7 time, 860.2 real, 100.6 MB
[runlim] sample:		836.4 time, 870.2 real, 100.8 MB
[runlim] sample:		846.1 time, 880.2 real, 101.3 MB
[runlim] sample:		856.0 time, 890.2 real, 101.9 MB
[runlim] sample:		866.0 time, 900.2 real, 102.4 MB
[runlim] sample:		876.0 time, 910.2 real, 102.6 MB
[runlim] sample:		886.0 time, 920.2 real, 103.1 MB
[runlim] sample:		895.9 time, 930.2 real, 103.7 MB
[runlim] sample:		905.6 time, 940.2 real, 103.9 MB
[runlim] sample:		915.5 time, 950.2 real, 104.4 MB
[runlim] sample:		925.4 time, 960.2 real, 105.0 MB
[runlim] sample:		935.2 time, 970.2 real, 105.7 MB
[runlim] sample:		945.0 time, 980.2 real, 106.0 MB
[runlim] sample:		955.0 time, 990.2 real, 106.5 MB
[runlim] sample:		965.0 time, 1000.2 real, 107.0 MB
[runlim] sample:		974.8 time, 1010.2 real, 108.6 MB
[runlim] sample:		984.8 time, 1020.2 real, 109.1 MB
[runlim] sample:		994.6 time, 1030.2 real, 109.3 MB
[runlim] sample:		1004.5 time, 1040.2 real, 110.1 MB
[runlim] sample:		1014.5 time, 1050.2 real, 110.4 MB
[runlim] sample:		1024.5 time, 1060.2 real, 110.9 MB
[runlim] sample:		1034.5 time, 1070.2 real, 111.4 MB
[runlim] sample:		1044.5 time, 1080.2 real, 111.9 MB
[runlim] sample:		1054.4 time, 1090.2 real, 112.4 MB
[runlim] sample:		1064.2 time, 1100.2 real, 112.7 MB
[runlim] sample:		1074.2 time, 1110.2 real, 113.4 MB
[runlim] sample:		1083.8 time, 1120.2 real, 113.7 MB
[runlim] sample:		1093.8 time, 1130.2 real, 114.5 MB
[runlim] sample:		1103.6 time, 1140.2 real, 114.7 MB
[runlim] sample:		1113.3 time, 1150.2 real, 115.2 MB
[runlim] sample:		1123.0 time, 1160.2 real, 115.5 MB
[runlim] sample:		1133.0 time, 1170.2 real, 116.3 MB
[runlim] sample:		1143.0 time, 1180.2 real, 116.8 MB
[runlim] sample:		1153.0 time, 1190.2 real, 117.3 MB
[runlim] sample:		1162.7 time, 1200.2 real, 117.8 MB
[runlim] sample:		1172.6 time, 1210.2 real, 118.1 MB
[runlim] sample:		1182.6 time, 1220.2 real, 118.6 MB
[runlim] sample:		1192.6 time, 1230.2 real, 120.7 MB
[runlim] sample:		1202.6 time, 1240.2 real, 120.7 MB
[runlim] sample:		1212.3 time, 1250.2 real, 120.9 MB
[runlim] sample:		1222.0 time, 1260.2 real, 121.4 MB
[runlim] sample:		1231.7 time, 1270.2 real, 121.9 MB
[runlim] sample:		1241.7 time, 1280.2 real, 122.7 MB
[runlim] sample:		1251.7 time, 1290.2 real, 122.7 MB
[runlim] sample:		1261.7 time, 1300.2 real, 124.0 MB
[runlim] sample:		1271.7 time, 1310.2 real, 124.0 MB
[runlim] sample:		1281.5 time, 1320.2 real, 124.3 MB
[runlim] sample:		1291.5 time, 1330.2 real, 125.3 MB
[runlim] sample:		1301.5 time, 1340.2 real, 125.8 MB
[runlim] sample:		1311.5 time, 1350.2 real, 126.1 MB
[runlim] sample:		1321.2 time, 1360.2 real, 126.6 MB
[runlim] sample:		1331.0 time, 1370.2 real, 126.8 MB
[runlim] sample:		1340.7 time, 1380.2 real, 127.6 MB
[runlim] sample:		1350.5 time, 1390.2 real, 127.9 MB
[runlim] sample:		1360.3 time, 1400.2 real, 128.4 MB
[runlim] sample:		1370.0 time, 1410.2 real, 128.9 MB
[runlim] sample:		1379.8 time, 1420.2 real, 129.4 MB
[runlim] sample:		1389.5 time, 1430.2 real, 129.7 MB
[runlim] sample:		1399.2 time, 1440.2 real, 130.2 MB
[runlim] sample:		1408.8 time, 1450.2 real, 130.7 MB
[runlim] sample:		1418.5 time, 1460.2 real, 131.2 MB
[runlim] sample:		1428.2 time, 1470.2 real, 131.5 MB
[runlim] sample:		1438.0 time, 1480.2 real, 132.0 MB
[runlim] sample:		1447.7 time, 1490.2 real, 132.3 MB
[runlim] sample:		1457.3 time, 1500.2 real, 132.8 MB
[runlim] sample:		1467.0 time, 1510.2 real, 133.3 MB
[runlim] sample:		1476.7 time, 1520.2 real, 133.8 MB
[runlim] sample:		1486.4 time, 1530.2 real, 134.1 MB
[runlim] sample:		1496.1 time, 1540.2 real, 134.6 MB
[runlim] sample:		1505.8 time, 1550.2 real, 134.8 MB
[runlim] sample:		1515.5 time, 1560.2 real, 135.4 MB
[runlim] sample:		1525.5 time, 1570.2 real, 135.6 MB
[runlim] sample:		1535.5 time, 1580.2 real, 136.1 MB
[runlim] sample:		1545.5 time, 1590.2 real, 136.4 MB
[runlim] sample:		1555.5 time, 1600.2 real, 136.9 MB
[runlim] sample:		1565.5 time, 1610.2 real, 137.2 MB
[runlim] sample:		1575.5 time, 1620.2 real, 137.7 MB
[runlim] sample:		1585.5 time, 1630.2 real, 138.2 MB
[runlim] sample:		1595.5 time, 1640.2 real, 138.4 MB
[runlim] sample:		1605.5 time, 1650.2 real, 139.0 MB
[runlim] sample:		1615.5 time, 1660.2 real, 140.0 MB
[runlim] sample:		1625.5 time, 1670.2 real, 140.2 MB
[runlim] sample:		1635.5 time, 1680.2 real, 140.5 MB
[runlim] sample:		1645.5 time, 1690.2 real, 141.3 MB
[runlim] sample:		1655.5 time, 1700.2 real, 141.5 MB
[runlim] sample:		1665.5 time, 1710.2 real, 142.0 MB
[runlim] sample:		1675.5 time, 1720.2 real, 142.3 MB
[runlim] sample:		1685.5 time, 1730.2 real, 142.8 MB
[runlim] sample:		1695.5 time, 1740.2 real, 143.3 MB
[runlim] sample:		1705.5 time, 1750.2 real, 143.6 MB
[runlim] sample:		1715.5 time, 1760.2 real, 144.1 MB
[runlim] sample:		1725.5 time, 1770.2 real, 144.4 MB
[runlim] sample:		1735.5 time, 1780.2 real, 144.6 MB
[runlim] sample:		1745.5 time, 1790.2 real, 145.1 MB
[runlim] sample:		1755.5 time, 1800.2 real, 145.7 MB
[runlim] sample:		1765.5 time, 1810.2 real, 146.2 MB
[runlim] sample:		1775.5 time, 1820.2 real, 146.4 MB
[runlim] sample:		1785.5 time, 1830.2 real, 146.9 MB
[runlim] sample:		1795.3 time, 1840.2 real, 147.2 MB
[runlim] sample:		1805.2 time, 1850.2 real, 148.0 MB
[runlim] sample:		1814.9 time, 1860.2 real, 148.2 MB
[runlim] sample:		1824.6 time, 1870.2 real, 148.7 MB
[runlim] sample:		1834.3 time, 1880.2 real, 149.0 MB
[runlim] sample:		1844.1 time, 1890.2 real, 149.5 MB
[runlim] sample:		1854.1 time, 1900.2 real, 149.8 MB
[runlim] sample:		1864.1 time, 1910.2 real, 150.0 MB
[runlim] sample:		1874.1 time, 1920.2 real, 151.5 MB
[runlim] sample:		1884.1 time, 1930.2 real, 152.3 MB
[runlim] sample:		1894.1 time, 1940.2 real, 152.5 MB
[runlim] sample:		1904.1 time, 1950.2 real, 152.8 MB
[runlim] sample:		1914.1 time, 1960.2 real, 153.3 MB
[runlim] sample:		1924.1 time, 1970.2 real, 153.6 MB
[runlim] sample:		1934.1 time, 1980.2 real, 154.1 MB
[runlim] sample:		1944.1 time, 1990.2 real, 154.6 MB
[runlim] sample:		1954.1 time, 2000.2 real, 154.9 MB
[runlim] sample:		1964.1 time, 2010.2 real, 155.4 MB
[runlim] sample:		1974.1 time, 2020.2 real, 155.6 MB
[runlim] sample:		1984.1 time, 2030.2 real, 156.1 MB
[runlim] sample:		1994.1 time, 2040.2 real, 156.4 MB
[runlim] sample:		2004.1 time, 2050.2 real, 156.9 MB
[runlim] sample:		2014.1 time, 2060.2 real, 157.2 MB
[runlim] sample:		2024.1 time, 2070.2 real, 157.7 MB
[runlim] sample:		2034.1 time, 2080.2 real, 158.2 MB
[runlim] sample:		2044.1 time, 2090.2 real, 158.7 MB
[runlim] sample:		2054.1 time, 2100.2 real, 159.0 MB
[runlim] sample:		2064.1 time, 2110.2 real, 159.2 MB
[runlim] sample:		2074.1 time, 2120.2 real, 159.8 MB
[runlim] sample:		2084.1 time, 2130.2 real, 160.0 MB
[runlim] sample:		2094.1 time, 2140.2 real, 160.5 MB
[runlim] sample:		2104.1 time, 2150.2 real, 161.0 MB
[runlim] sample:		2114.1 time, 2160.2 real, 161.6 MB
[runlim] sample:		2124.1 time, 2170.2 real, 161.8 MB
[runlim] sample:		2134.1 time, 2180.2 real, 161.8 MB
[runlim] sample:		2144.1 time, 2190.2 real, 162.3 MB
[runlim] sample:		2154.1 time, 2200.2 real, 162.6 MB
[runlim] sample:		2164.1 time, 2210.2 real, 163.1 MB
[runlim] sample:		2174.1 time, 2220.2 real, 163.6 MB
[runlim] sample:		2184.1 time, 2230.2 real, 163.6 MB
[runlim] sample:		2194.1 time, 2240.2 real, 164.1 MB
[runlim] sample:		2204.1 time, 2250.2 real, 164.4 MB
[runlim] sample:		2214.1 time, 2260.2 real, 164.9 MB
[runlim] sample:		2224.1 time, 2270.2 real, 165.4 MB
[runlim] sample:		2234.1 time, 2280.2 real, 165.7 MB
[runlim] sample:		2244.1 time, 2290.2 real, 165.9 MB
[runlim] sample:		2254.1 time, 2300.2 real, 166.4 MB
[runlim] sample:		2264.1 time, 2310.2 real, 166.7 MB
[runlim] sample:		2274.1 time, 2320.2 real, 167.2 MB
[runlim] sample:		2284.1 time, 2330.2 real, 167.5 MB
[runlim] sample:		2294.1 time, 2340.2 real, 168.0 MB
[runlim] sample:		2304.1 time, 2350.2 real, 168.0 MB
[runlim] sample:		2314.1 time, 2360.2 real, 168.5 MB
[runlim] sample:		2324.1 time, 2370.2 real, 169.5 MB
[runlim] sample:		2334.1 time, 2380.2 real, 169.5 MB
[runlim] sample:		2344.1 time, 2390.2 real, 169.8 MB
[runlim] sample:		2354.1 time, 2400.2 real, 169.8 MB
[runlim] sample:		2364.1 time, 2410.2 real, 170.3 MB
[runlim] sample:		2374.1 time, 2420.2 real, 170.6 MB
[runlim] sample:		2384.1 time, 2430.2 real, 171.1 MB
[runlim] sample:		2394.1 time, 2440.2 real, 171.3 MB
[runlim] sample:		2404.1 time, 2450.2 real, 171.6 MB
[runlim] sample:		2414.1 time, 2460.2 real, 172.1 MB
[runlim] sample:		2424.1 time, 2470.2 real, 172.4 MB
[runlim] sample:		2434.1 time, 2480.2 real, 172.9 MB
[runlim] sample:		2444.1 time, 2490.2 real, 173.1 MB
[runlim] sample:		2454.1 time, 2500.2 real, 173.4 MB
[runlim] sample:		2464.1 time, 2510.2 real, 173.9 MB
[runlim] sample:		2474.1 time, 2520.2 real, 174.2 MB
[runlim] sample:		2484.1 time, 2530.2 real, 174.4 MB
[runlim] sample:		2494.1 time, 2540.2 real, 175.0 MB
[runlim] sample:		2504.1 time, 2550.2 real, 175.2 MB
[runlim] sample:		2514.1 time, 2560.2 real, 175.7 MB
[runlim] sample:		2524.1 time, 2570.2 real, 176.0 MB
[runlim] sample:		2534.1 time, 2580.2 real, 176.2 MB
[runlim] sample:		2544.1 time, 2590.2 real, 176.8 MB
[runlim] sample:		2554.1 time, 2600.2 real, 177.0 MB
[runlim] sample:		2564.1 time, 2610.2 real, 177.3 MB
[runlim] sample:		2574.1 time, 2620.2 real, 177.8 MB
[runlim] sample:		2584.1 time, 2630.2 real, 178.0 MB
[runlim] sample:		2594.1 time, 2640.2 real, 178.6 MB
[runlim] sample:		2604.1 time, 2650.2 real, 178.6 MB
[runlim] sample:		2614.1 time, 2660.2 real, 179.1 MB
[runlim] sample:		2624.1 time, 2670.2 real, 179.6 MB
[runlim] sample:		2634.1 time, 2680.2 real, 179.6 MB
[runlim] sample:		2644.1 time, 2690.2 real, 180.1 MB
[runlim] sample:		2654.1 time, 2700.2 real, 180.4 MB
[runlim] sample:		2664.1 time, 2710.2 real, 180.9 MB
[runlim] sample:		2674.1 time, 2720.2 real, 181.1 MB
[runlim] sample:		2684.1 time, 2730.2 real, 181.4 MB
[runlim] sample:		2694.1 time, 2740.2 real, 181.9 MB
[runlim] sample:		2704.1 time, 2750.2 real, 182.2 MB
[runlim] sample:		2714.1 time, 2760.2 real, 182.4 MB
[runlim] sample:		2724.1 time, 2770.2 real, 182.9 MB
[runlim] sample:		2734.1 time, 2780.2 real, 183.2 MB
[runlim] sample:		2744.1 time, 2790.2 real, 183.7 MB
[runlim] sample:		2754.1 time, 2800.2 real, 184.0 MB
[runlim] sample:		2764.1 time, 2810.2 real, 184.2 MB
[runlim] sample:		2774.1 time, 2820.2 real, 184.5 MB
[runlim] sample:		2784.1 time, 2830.2 real, 184.7 MB
[runlim] sample:		2794.1 time, 2840.2 real, 185.3 MB
[runlim] sample:		2804.1 time, 2850.2 real, 185.5 MB
[runlim] sample:		2814.1 time, 2860.2 real, 185.8 MB
[runlim] sample:		2824.1 time, 2870.2 real, 186.3 MB
[runlim] sample:		2834.1 time, 2880.2 real, 186.6 MB
[runlim] sample:		2844.1 time, 2890.2 real, 186.8 MB
[runlim] sample:		2854.1 time, 2900.2 real, 187.3 MB
[runlim] sample:		2864.1 time, 2910.2 real, 187.6 MB
[runlim] sample:		2874.1 time, 2920.2 real, 187.8 MB
[runlim] sample:		2884.1 time, 2930.2 real, 188.1 MB
[runlim] sample:		2894.1 time, 2940.2 real, 188.6 MB
[runlim] sample:		2904.1 time, 2950.2 real, 188.9 MB
[runlim] sample:		2914.1 time, 2960.2 real, 189.1 MB
[runlim] sample:		2924.1 time, 2970.2 real, 189.6 MB
[runlim] sample:		2934.1 time, 2980.2 real, 189.9 MB
[runlim] sample:		2944.1 time, 2990.2 real, 190.2 MB
[runlim] sample:		2954.1 time, 3000.2 real, 190.7 MB
[runlim] sample:		2964.1 time, 3010.2 real, 190.9 MB
[runlim] sample:		2974.1 time, 3020.2 real, 191.2 MB
[runlim] sample:		2984.1 time, 3030.2 real, 191.4 MB
[runlim] sample:		2994.1 time, 3040.2 real, 191.7 MB
[runlim] sample:		3004.1 time, 3050.2 real, 192.2 MB
[runlim] sample:		3014.1 time, 3060.2 real, 192.5 MB
[runlim] sample:		3024.1 time, 3070.2 real, 193.0 MB
[runlim] sample:		3034.1 time, 3080.2 real, 193.2 MB
[runlim] sample:		3044.1 time, 3090.2 real, 193.5 MB
[runlim] sample:		3054.1 time, 3100.2 real, 193.8 MB
[runlim] sample:		3064.1 time, 3110.2 real, 194.3 MB
[runlim] sample:		3074.1 time, 3120.2 real, 194.5 MB
[runlim] sample:		3084.1 time, 3130.2 real, 194.8 MB
[runlim] sample:		3094.1 time, 3140.2 real, 195.0 MB
[runlim] sample:		3104.1 time, 3150.2 real, 195.3 MB
[runlim] sample:		3114.1 time, 3160.2 real, 195.8 MB
[runlim] sample:		3124.1 time, 3170.2 real, 196.1 MB
[runlim] sample:		3134.1 time, 3180.2 real, 196.3 MB
[runlim] sample:		3143.9 time, 3190.2 real, 196.8 MB
[runlim] sample:		3152.8 time, 3200.2 real, 197.1 MB
[runlim] sample:		3160.7 time, 3210.2 real, 197.1 MB
[runlim] sample:		3168.6 time, 3220.2 real, 197.3 MB
[runlim] sample:		3178.0 time, 3230.2 real, 197.9 MB
[runlim] sample:		3187.7 time, 3240.2 real, 197.9 MB
[runlim] sample:		3197.3 time, 3250.2 real, 198.4 MB
[runlim] sample:		3207.0 time, 3260.2 real, 200.8 MB
[runlim] sample:		3216.6 time, 3270.2 real, 201.1 MB
[runlim] sample:		3226.3 time, 3280.2 real, 201.6 MB
[runlim] sample:		3236.0 time, 3290.2 real, 201.9 MB
[runlim] sample:		3245.7 time, 3300.2 real, 202.4 MB
[runlim] sample:		3255.3 time, 3310.2 real, 202.6 MB
[runlim] sample:		3265.0 time, 3320.2 real, 203.2 MB
[runlim] sample:		3274.7 time, 3330.2 real, 203.4 MB
[runlim] sample:		3284.4 time, 3340.2 real, 203.7 MB
[runlim] sample:		3294.0 time, 3350.2 real, 205.0 MB
[runlim] sample:		3303.7 time, 3360.2 real, 208.8 MB
[runlim] sample:		3313.4 time, 3370.2 real, 208.8 MB
[runlim] sample:		3322.6 time, 3380.2 real, 209.1 MB
[runlim] sample:		3331.4 time, 3390.2 real, 209.1 MB
[runlim] sample:		3341.1 time, 3400.2 real, 209.1 MB
[runlim] sample:		3350.5 time, 3410.2 real, 209.1 MB
[runlim] sample:		3360.4 time, 3420.2 real, 209.6 MB
[runlim] sample:		3370.4 time, 3430.2 real, 209.9 MB
[runlim] sample:		3380.4 time, 3440.2 real, 210.1 MB
[runlim] sample:		3390.4 time, 3450.2 real, 210.4 MB
[runlim] sample:		3400.4 time, 3460.2 real, 210.6 MB
[runlim] sample:		3410.4 time, 3470.2 real, 211.1 MB
[runlim] sample:		3420.4 time, 3480.2 real, 211.4 MB
[runlim] sample:		3430.4 time, 3490.2 real, 211.7 MB
[runlim] sample:		3440.4 time, 3500.2 real, 211.9 MB
[runlim] sample:		3450.4 time, 3510.2 real, 214.2 MB
[runlim] sample:		3460.4 time, 3520.2 real, 214.2 MB
[runlim] sample:		3470.4 time, 3530.2 real, 214.2 MB
[runlim] sample:		3480.4 time, 3540.2 real, 214.2 MB
[runlim] sample:		3490.4 time, 3550.2 real, 214.5 MB
[runlim] sample:		3500.4 time, 3560.2 real, 215.0 MB
[runlim] sample:		3510.4 time, 3570.2 real, 215.3 MB
[runlim] sample:		3520.4 time, 3580.2 real, 215.5 MB
[runlim] sample:		3530.4 time, 3590.2 real, 216.3 MB
[runlim] sample:		3540.4 time, 3600.2 real, 216.3 MB
[runlim] sample:		3550.4 time, 3610.2 real, 217.1 MB
[runlim] sample:		3560.4 time, 3620.2 real, 217.1 MB
[runlim] sample:		3570.4 time, 3630.2 real, 217.3 MB
[runlim] sample:		3580.4 time, 3640.2 real, 217.6 MB
[runlim] sample:		3590.4 time, 3650.2 real, 218.1 MB
CVC4 interrupted by SIGTERM.
[runlim] end:			Tue Feb 12 11:25:17 2019
[runlim] status:		out of time
[runlim] result:		2
[runlim] children:		0
[runlim] real:			3659.82 seconds
[runlim] time:			3600.01 seconds
[runlim] space:			218.4 MB
[runlim] samples:		36596
