[runlim] version:		1.10fixed
[runlim] time limit:		3600 seconds
[runlim] real time limit:	311040000 seconds
[runlim] space limit:		4000 MB
[runlim] argv[0]:		./cvc4
[runlim] argv[1]:		--nl-ext-tplanes
[runlim] argv[2]:		--cbqi-all
[runlim] argv[3]:		/tmp/vMaUvLaf.smt2
[runlim] start:			Thu Feb 14 01:55:39 2019
[runlim] main pid:		522
[runlim] sample:		9.6 time, 10.5 real, 56.7 MB
[runlim] sample:		19.6 time, 20.5 real, 82.0 MB
[runlim] sample:		29.6 time, 30.5 real, 102.3 MB
[runlim] sample:		39.5 time, 40.5 real, 120.6 MB
[runlim] sample:		49.5 time, 50.5 real, 139.4 MB
[runlim] sample:		59.5 time, 60.5 real, 156.8 MB
[runlim] sample:		69.5 time, 70.5 real, 171.7 MB
[runlim] sample:		79.5 time, 80.5 real, 185.1 MB
[runlim] sample:		89.5 time, 90.5 real, 199.3 MB
[runlim] sample:		99.5 time, 100.5 real, 214.0 MB
[runlim] sample:		109.5 time, 110.5 real, 240.1 MB
[runlim] sample:		119.5 time, 120.5 real, 241.9 MB
[runlim] sample:		129.5 time, 130.5 real, 255.1 MB
[runlim] sample:		139.5 time, 140.5 real, 269.5 MB
[runlim] sample:		149.5 time, 150.5 real, 281.1 MB
[runlim] sample:		159.5 time, 160.5 real, 295.3 MB
[runlim] sample:		169.5 time, 170.5 real, 310.5 MB
[runlim] sample:		179.5 time, 180.5 real, 324.5 MB
[runlim] sample:		189.5 time, 190.5 real, 336.1 MB
[runlim] sample:		199.5 time, 200.5 real, 348.2 MB
[runlim] sample:		209.5 time, 210.5 real, 359.8 MB
[runlim] sample:		219.5 time, 220.5 real, 391.4 MB
[runlim] sample:		229.5 time, 230.5 real, 393.0 MB
[runlim] sample:		239.5 time, 240.5 real, 394.5 MB
[runlim] sample:		249.5 time, 250.5 real, 399.4 MB
[runlim] sample:		259.5 time, 260.5 real, 412.3 MB
[runlim] sample:		269.5 time, 270.5 real, 421.1 MB
[runlim] sample:		279.5 time, 280.5 real, 430.4 MB
[runlim] sample:		289.5 time, 290.5 real, 440.9 MB
[runlim] sample:		299.5 time, 300.5 real, 454.3 MB
[runlim] sample:		309.5 time, 310.5 real, 463.9 MB
[runlim] sample:		319.5 time, 320.5 real, 478.1 MB
[runlim] sample:		329.5 time, 330.5 real, 487.6 MB
[runlim] sample:		339.5 time, 340.5 real, 498.4 MB
[runlim] sample:		349.5 time, 350.5 real, 509.5 MB
[runlim] sample:		359.5 time, 360.5 real, 521.6 MB
[runlim] sample:		369.5 time, 370.5 real, 532.2 MB
[runlim] sample:		379.5 time, 380.5 real, 543.8 MB
[runlim] sample:		389.5 time, 390.5 real, 557.0 MB
[runlim] sample:		399.5 time, 400.5 real, 564.2 MB
[runlim] sample:		409.5 time, 410.5 real, 574.0 MB
[runlim] sample:		419.5 time, 420.5 real, 644.4 MB
[runlim] sample:		429.5 time, 430.5 real, 646.5 MB
[runlim] sample:		439.5 time, 440.5 real, 647.8 MB
[runlim] sample:		449.5 time, 450.5 real, 649.3 MB
[runlim] sample:		459.5 time, 460.5 real, 651.1 MB
[runlim] sample:		469.5 time, 470.5 real, 652.2 MB
[runlim] sample:		479.5 time, 480.5 real, 654.0 MB
[runlim] sample:		489.5 time, 490.5 real, 655.5 MB
[runlim] sample:		499.5 time, 500.5 real, 657.1 MB
[runlim] sample:		509.5 time, 510.5 real, 659.4 MB
[runlim] sample:		519.5 time, 520.5 real, 666.1 MB
[runlim] sample:		529.5 time, 530.5 real, 677.9 MB
[runlim] sample:		539.5 time, 540.5 real, 684.9 MB
[runlim] sample:		549.5 time, 550.5 real, 696.8 MB
[runlim] sample:		559.5 time, 560.5 real, 703.2 MB
[runlim] sample:		569.5 time, 570.5 real, 711.7 MB
[runlim] sample:		579.5 time, 580.5 real, 721.8 MB
[runlim] sample:		589.5 time, 590.5 real, 728.7 MB
[runlim] sample:		599.5 time, 600.5 real, 742.1 MB
[runlim] sample:		609.5 time, 610.5 real, 753.7 MB
[runlim] sample:		619.5 time, 620.5 real, 776.9 MB
[runlim] sample:		629.5 time, 630.5 real, 781.3 MB
[runlim] sample:		639.5 time, 640.5 real, 788.5 MB
[runlim] sample:		649.5 time, 650.5 real, 796.0 MB
[runlim] sample:		659.5 time, 660.5 real, 808.9 MB
[runlim] sample:		669.5 time, 670.5 real, 815.9 MB
[runlim] sample:		679.5 time, 680.5 real, 822.8 MB
[runlim] sample:		689.5 time, 690.5 real, 836.0 MB
[runlim] sample:		699.5 time, 700.5 real, 842.9 MB
[runlim] sample:		709.5 time, 710.5 real, 850.2 MB
[runlim] sample:		719.5 time, 720.5 real, 857.6 MB
[runlim] sample:		729.4 time, 730.5 real, 870.8 MB
[runlim] sample:		739.4 time, 740.5 real, 878.0 MB
[runlim] sample:		749.4 time, 750.5 real, 886.2 MB
[runlim] sample:		759.4 time, 760.5 real, 893.7 MB
[runlim] sample:		769.4 time, 770.5 real, 902.5 MB
[runlim] sample:		779.4 time, 780.5 real, 915.6 MB
[runlim] sample:		789.4 time, 790.5 real, 922.9 MB
[runlim] sample:		799.4 time, 800.5 real, 931.1 MB
[runlim] sample:		809.4 time, 810.5 real, 939.6 MB
[runlim] sample:		819.4 time, 820.5 real, 1062.3 MB
[runlim] sample:		829.4 time, 830.5 real, 1064.1 MB
[runlim] sample:		839.4 time, 840.5 real, 1065.4 MB
[runlim] sample:		849.4 time, 850.5 real, 1066.9 MB
[runlim] sample:		859.4 time, 860.5 real, 1068.5 MB
[runlim] sample:		869.4 time, 870.5 real, 1069.8 MB
[runlim] sample:		879.4 time, 880.5 real, 1071.3 MB
[runlim] sample:		889.4 time, 890.5 real, 1072.9 MB
[runlim] sample:		899.4 time, 900.5 real, 1074.4 MB
[runlim] sample:		909.4 time, 910.5 real, 1075.9 MB
[runlim] sample:		919.4 time, 920.5 real, 1077.2 MB
[runlim] sample:		929.4 time, 930.5 real, 1078.8 MB
[runlim] sample:		939.4 time, 940.5 real, 1080.3 MB
[runlim] sample:		949.4 time, 950.5 real, 1081.9 MB
[runlim] sample:		959.4 time, 960.5 real, 1083.4 MB
[runlim] sample:		969.4 time, 970.5 real, 1085.0 MB
[runlim] sample:		979.4 time, 980.5 real, 1086.5 MB
[runlim] sample:		989.4 time, 990.5 real, 1087.8 MB
[runlim] sample:		999.4 time, 1000.5 real, 1096.3 MB
[runlim] sample:		1009.4 time, 1010.5 real, 1110.0 MB
[runlim] sample:		1019.4 time, 1020.5 real, 1113.8 MB
[runlim] sample:		1029.4 time, 1030.5 real, 1124.4 MB
[runlim] sample:		1039.4 time, 1040.5 real, 1134.7 MB
[runlim] sample:		1049.4 time, 1050.5 real, 1144.8 MB
[runlim] sample:		1059.4 time, 1060.5 real, 1153.3 MB
[runlim] sample:		1069.4 time, 1070.5 real, 1161.8 MB
[runlim] sample:		1079.4 time, 1080.5 real, 1169.8 MB
[runlim] sample:		1089.4 time, 1090.5 real, 1180.6 MB
[runlim] sample:		1099.4 time, 1100.5 real, 1183.4 MB
[runlim] sample:		1109.4 time, 1110.5 real, 1193.8 MB
[runlim] sample:		1119.4 time, 1120.5 real, 1200.2 MB
[runlim] sample:		1129.4 time, 1130.5 real, 1209.0 MB
[runlim] sample:		1139.4 time, 1140.5 real, 1218.3 MB
[runlim] sample:		1149.4 time, 1150.5 real, 1225.7 MB
[runlim] sample:		1159.4 time, 1160.5 real, 1234.0 MB
[runlim] sample:		1169.4 time, 1170.5 real, 1242.7 MB
[runlim] sample:		1179.4 time, 1180.5 real, 1251.5 MB
[runlim] sample:		1189.4 time, 1190.5 real, 1254.3 MB
[runlim] sample:		1199.4 time, 1200.5 real, 1265.2 MB
[runlim] sample:		1209.4 time, 1210.5 real, 1272.7 MB
[runlim] sample:		1219.4 time, 1220.5 real, 1281.4 MB
[runlim] sample:		1229.4 time, 1230.5 real, 1289.4 MB
[runlim] sample:		1239.4 time, 1240.5 real, 1298.2 MB
[runlim] sample:		1249.4 time, 1250.5 real, 1306.9 MB
[runlim] sample:		1259.4 time, 1260.5 real, 1308.7 MB
[runlim] sample:		1269.4 time, 1270.5 real, 1318.3 MB
[runlim] sample:		1279.4 time, 1280.5 real, 1327.3 MB
[runlim] sample:		1289.4 time, 1290.5 real, 1337.6 MB
[runlim] sample:		1299.4 time, 1300.5 real, 1346.4 MB
[runlim] sample:		1309.4 time, 1310.5 real, 1355.4 MB
[runlim] sample:		1319.4 time, 1320.5 real, 1357.7 MB
[runlim] sample:		1329.4 time, 1330.5 real, 1368.0 MB
[runlim] sample:		1339.4 time, 1340.5 real, 1375.8 MB
[runlim] sample:		1349.4 time, 1350.5 real, 1385.3 MB
[runlim] sample:		1359.4 time, 1360.5 real, 1389.4 MB
[runlim] sample:		1369.4 time, 1370.5 real, 1396.9 MB
[runlim] sample:		1379.4 time, 1380.5 real, 1407.5 MB
[runlim] sample:		1389.3 time, 1390.5 real, 1417.3 MB
[runlim] sample:		1399.3 time, 1400.5 real, 1426.0 MB
[runlim] sample:		1409.3 time, 1410.5 real, 1427.6 MB
[runlim] sample:		1419.4 time, 1420.5 real, 1436.9 MB
[runlim] sample:		1429.3 time, 1430.5 real, 1445.1 MB
[runlim] sample:		1439.3 time, 1440.5 real, 1455.2 MB
[runlim] sample:		1449.3 time, 1450.5 real, 1456.7 MB
[runlim] sample:		1459.3 time, 1460.5 real, 1467.5 MB
[runlim] sample:		1469.3 time, 1470.5 real, 1476.3 MB
[runlim] sample:		1479.3 time, 1480.5 real, 1487.7 MB
[runlim] sample:		1489.3 time, 1490.5 real, 1489.2 MB
[runlim] sample:		1499.3 time, 1500.5 real, 1498.5 MB
[runlim] sample:		1509.3 time, 1510.5 real, 1507.0 MB
[runlim] sample:		1519.3 time, 1520.5 real, 1510.3 MB
[runlim] sample:		1529.3 time, 1530.5 real, 1518.3 MB
[runlim] sample:		1539.3 time, 1540.5 real, 1528.4 MB
[runlim] sample:		1549.3 time, 1550.5 real, 1537.9 MB
[runlim] sample:		1559.3 time, 1560.5 real, 1539.7 MB
[runlim] sample:		1569.3 time, 1570.5 real, 1548.5 MB
[runlim] sample:		1579.3 time, 1580.5 real, 1559.3 MB
[runlim] sample:		1589.3 time, 1590.5 real, 1561.4 MB
[runlim] sample:		1599.3 time, 1600.5 real, 1569.9 MB
[runlim] sample:		1609.3 time, 1610.5 real, 1579.2 MB
[runlim] sample:		1619.3 time, 1620.5 real, 1586.1 MB
[runlim] sample:		1629.3 time, 1630.5 real, 1825.6 MB
[runlim] sample:		1639.3 time, 1640.5 real, 1827.2 MB
[runlim] sample:		1649.3 time, 1650.5 real, 1828.4 MB
[runlim] sample:		1659.3 time, 1660.5 real, 1829.5 MB
[runlim] sample:		1669.3 time, 1670.5 real, 1831.5 MB
[runlim] sample:		1679.3 time, 1680.5 real, 1832.8 MB
[runlim] sample:		1689.3 time, 1690.5 real, 1833.9 MB
[runlim] sample:		1699.3 time, 1700.5 real, 1835.7 MB
[runlim] sample:		1709.3 time, 1710.5 real, 1836.4 MB
[runlim] sample:		1719.3 time, 1720.5 real, 1838.2 MB
[runlim] sample:		1729.3 time, 1730.5 real, 1839.8 MB
[runlim] sample:		1739.0 time, 1740.5 real, 1840.6 MB
[runlim] sample:		1748.0 time, 1750.5 real, 1842.4 MB
[runlim] sample:		1757.0 time, 1760.5 real, 1842.9 MB
[runlim] sample:		1765.7 time, 1770.5 real, 1844.7 MB
[runlim] sample:		1775.7 time, 1780.5 real, 1845.5 MB
[runlim] sample:		1785.4 time, 1790.5 real, 1847.3 MB
[runlim] sample:		1793.0 time, 1800.5 real, 1847.8 MB
[runlim] sample:		1800.8 time, 1810.5 real, 1849.3 MB
[runlim] sample:		1808.7 time, 1820.5 real, 1849.6 MB
[runlim] sample:		1817.9 time, 1830.5 real, 1851.4 MB
[runlim] sample:		1826.5 time, 1840.5 real, 1851.9 MB
[runlim] sample:		1834.1 time, 1850.5 real, 1853.4 MB
[runlim] sample:		1840.8 time, 1860.5 real, 1854.2 MB
[runlim] sample:		1847.9 time, 1870.5 real, 1855.3 MB
[runlim] sample:		1855.6 time, 1880.5 real, 1856.5 MB
[runlim] sample:		1863.8 time, 1890.5 real, 1856.5 MB
[runlim] sample:		1872.3 time, 1900.5 real, 1858.6 MB
[runlim] sample:		1882.0 time, 1910.5 real, 1858.9 MB
[runlim] sample:		1891.6 time, 1920.5 real, 1861.2 MB
[runlim] sample:		1900.0 time, 1930.5 real, 1861.7 MB
[runlim] sample:		1908.2 time, 1940.5 real, 1863.2 MB
[runlim] sample:		1915.8 time, 1950.5 real, 1863.8 MB
[runlim] sample:		1924.5 time, 1960.5 real, 1865.0 MB
[runlim] sample:		1934.2 time, 1970.5 real, 1866.1 MB
[runlim] sample:		1943.6 time, 1980.5 real, 1867.9 MB
[runlim] sample:		1953.1 time, 1990.5 real, 1868.4 MB
[runlim] sample:		1962.6 time, 2000.5 real, 1870.5 MB
[runlim] sample:		1972.4 time, 2010.5 real, 1871.5 MB
[runlim] sample:		1981.5 time, 2020.5 real, 1873.3 MB
[runlim] sample:		1991.0 time, 2030.5 real, 1874.3 MB
[runlim] sample:		2001.0 time, 2040.5 real, 1875.9 MB
[runlim] sample:		2010.6 time, 2050.5 real, 1876.9 MB
[runlim] sample:		2020.6 time, 2060.5 real, 1878.2 MB
[runlim] sample:		2030.0 time, 2070.5 real, 1879.7 MB
[runlim] sample:		2039.6 time, 2080.5 real, 1880.8 MB
[runlim] sample:		2049.6 time, 2090.5 real, 1882.3 MB
[runlim] sample:		2058.6 time, 2100.5 real, 1883.1 MB
[runlim] sample:		2068.0 time, 2110.5 real, 1884.6 MB
[runlim] sample:		2077.7 time, 2120.5 real, 1885.7 MB
[runlim] sample:		2087.3 time, 2130.5 real, 1887.2 MB
[runlim] sample:		2096.3 time, 2140.5 real, 1888.2 MB
[runlim] sample:		2105.6 time, 2150.5 real, 1889.8 MB
[runlim] sample:		2115.6 time, 2160.5 real, 1890.8 MB
[runlim] sample:		2125.6 time, 2170.5 real, 1892.6 MB
[runlim] sample:		2135.6 time, 2180.5 real, 1893.1 MB
[runlim] sample:		2145.0 time, 2190.5 real, 1895.2 MB
[runlim] sample:		2154.3 time, 2200.5 real, 1895.7 MB
[runlim] sample:		2163.6 time, 2210.5 real, 1897.8 MB
[runlim] sample:		2173.2 time, 2220.5 real, 1898.3 MB
[runlim] sample:		2182.7 time, 2230.5 real, 1900.4 MB
[runlim] sample:		2192.2 time, 2240.5 real, 1905.5 MB
[runlim] sample:		2201.8 time, 2250.5 real, 1909.4 MB
[runlim] sample:		2211.3 time, 2260.5 real, 1952.2 MB
[runlim] sample:		2220.8 time, 2270.5 real, 1954.2 MB
[runlim] sample:		2230.2 time, 2280.5 real, 1956.6 MB
[runlim] sample:		2239.8 time, 2290.5 real, 1959.4 MB
[runlim] sample:		2249.1 time, 2300.5 real, 1970.8 MB
[runlim] sample:		2258.5 time, 2310.5 real, 1981.6 MB
[runlim] sample:		2268.2 time, 2320.5 real, 1982.6 MB
[runlim] sample:		2277.9 time, 2330.5 real, 1993.2 MB
[runlim] sample:		2287.6 time, 2340.5 real, 1994.7 MB
[runlim] sample:		2297.3 time, 2350.5 real, 2004.3 MB
[runlim] sample:		2307.0 time, 2360.5 real, 2005.8 MB
[runlim] sample:		2316.7 time, 2370.5 real, 2017.4 MB
[runlim] sample:		2326.1 time, 2380.5 real, 2019.0 MB
[runlim] sample:		2335.7 time, 2390.5 real, 2030.0 MB
[runlim] sample:		2345.3 time, 2400.5 real, 2031.9 MB
[runlim] sample:		2354.4 time, 2410.5 real, 2042.7 MB
[runlim] sample:		2363.1 time, 2420.5 real, 2044.2 MB
[runlim] sample:		2371.6 time, 2430.5 real, 2054.5 MB
[runlim] sample:		2380.1 time, 2440.5 real, 2056.1 MB
[runlim] sample:		2388.8 time, 2450.5 real, 2066.4 MB
[runlim] sample:		2397.3 time, 2460.5 real, 2068.2 MB
[runlim] sample:		2405.9 time, 2470.5 real, 2078.5 MB
[runlim] sample:		2414.6 time, 2480.5 real, 2079.5 MB
[runlim] sample:		2424.0 time, 2490.5 real, 2082.9 MB
[runlim] sample:		2433.6 time, 2500.5 real, 2092.4 MB
[runlim] sample:		2442.4 time, 2510.5 real, 2094.0 MB
[runlim] sample:		2451.8 time, 2520.5 real, 2104.8 MB
[runlim] sample:		2460.8 time, 2530.5 real, 2107.1 MB
[runlim] sample:		2467.6 time, 2540.5 real, 2116.7 MB
[runlim] sample:		2475.9 time, 2550.5 real, 2118.2 MB
[runlim] sample:		2485.2 time, 2560.5 real, 2133.9 MB
[runlim] sample:		2494.8 time, 2570.5 real, 2135.8 MB
[runlim] sample:		2504.2 time, 2580.5 real, 2146.6 MB
[runlim] sample:		2512.2 time, 2590.5 real, 2147.9 MB
[runlim] sample:		2521.2 time, 2600.5 real, 2150.4 MB
[runlim] sample:		2529.8 time, 2610.5 real, 2159.5 MB
[runlim] sample:		2537.9 time, 2620.5 real, 2161.3 MB
[runlim] sample:		2546.5 time, 2630.5 real, 2176.2 MB
[runlim] sample:		2555.5 time, 2640.5 real, 2178.0 MB
[runlim] sample:		2564.7 time, 2650.5 real, 2190.7 MB
[runlim] sample:		2574.0 time, 2660.5 real, 2192.5 MB
[runlim] sample:		2583.4 time, 2670.5 real, 2204.8 MB
[runlim] sample:		2593.4 time, 2680.5 real, 2206.4 MB
[runlim] sample:		2603.4 time, 2690.5 real, 2218.0 MB
[runlim] sample:		2613.4 time, 2700.5 real, 2219.8 MB
[runlim] sample:		2623.4 time, 2710.5 real, 2236.0 MB
[runlim] sample:		2633.4 time, 2720.5 real, 2237.8 MB
[runlim] sample:		2643.2 time, 2730.5 real, 2254.9 MB
[runlim] sample:		2652.9 time, 2740.5 real, 2256.7 MB
[runlim] sample:		2662.6 time, 2750.5 real, 2267.5 MB
[runlim] sample:		2672.2 time, 2760.5 real, 2269.3 MB
[runlim] sample:		2681.9 time, 2770.5 real, 2280.1 MB
[runlim] sample:		2691.5 time, 2780.5 real, 2281.9 MB
[runlim] sample:		2701.2 time, 2790.5 real, 2305.1 MB
[runlim] sample:		2710.9 time, 2800.5 real, 2309.0 MB
[runlim] sample:		2720.5 time, 2810.5 real, 2320.9 MB
[runlim] sample:		2730.2 time, 2820.5 real, 2321.9 MB
[runlim] sample:		2739.7 time, 2830.5 real, 2333.0 MB
[runlim] sample:		2749.4 time, 2840.5 real, 2334.3 MB
[runlim] sample:		2759.0 time, 2850.5 real, 2341.2 MB
[runlim] sample:		2768.0 time, 2860.5 real, 2352.6 MB
[runlim] sample:		2777.0 time, 2870.5 real, 2354.4 MB
[runlim] sample:		2786.3 time, 2880.5 real, 2364.9 MB
[runlim] sample:		2795.7 time, 2890.5 real, 2366.8 MB
[runlim] sample:		2805.1 time, 2900.5 real, 2380.7 MB
[runlim] sample:		2814.4 time, 2910.5 real, 2382.5 MB
[runlim] sample:		2824.1 time, 2920.5 real, 2395.4 MB
[runlim] sample:		2833.7 time, 2930.5 real, 2397.2 MB
[runlim] sample:		2843.0 time, 2940.5 real, 2410.3 MB
[runlim] sample:		2852.3 time, 2950.5 real, 2420.6 MB
[runlim] sample:		2861.9 time, 2960.5 real, 2422.4 MB
[runlim] sample:		2871.3 time, 2970.5 real, 2429.9 MB
[runlim] sample:		2881.0 time, 2980.5 real, 2432.2 MB
[runlim] sample:		2890.6 time, 2990.5 real, 2442.5 MB
[runlim] sample:		2900.0 time, 3000.5 real, 2454.1 MB
[runlim] sample:		2909.8 time, 3010.5 real, 2460.9 MB
[runlim] sample:		2919.4 time, 3020.5 real, 2462.7 MB
[runlim] sample:		2929.2 time, 3030.5 real, 2477.4 MB
[runlim] sample:		2938.2 time, 3040.5 real, 2479.4 MB
[runlim] sample:		2948.0 time, 3050.5 real, 2491.3 MB
[runlim] sample:		2957.7 time, 3060.5 real, 2492.6 MB
[runlim] sample:		2967.5 time, 3070.5 real, 2496.4 MB
[runlim] sample:		2977.2 time, 3080.5 real, 2509.1 MB
[runlim] sample:		2986.9 time, 3090.5 real, 2510.9 MB
[runlim] sample:		2995.9 time, 3100.5 real, 2522.0 MB
[runlim] sample:		3004.9 time, 3110.5 real, 2524.0 MB
[runlim] sample:		3014.0 time, 3120.5 real, 2541.3 MB
[runlim] sample:		3023.0 time, 3130.5 real, 2542.6 MB
[runlim] sample:		3032.0 time, 3140.5 real, 2544.6 MB
[runlim] sample:		3042.0 time, 3150.5 real, 2554.4 MB
[runlim] sample:		3052.0 time, 3160.5 real, 2557.0 MB
[runlim] sample:		3062.0 time, 3170.5 real, 2567.8 MB
[runlim] sample:		3071.8 time, 3180.5 real, 2569.9 MB
[runlim] sample:		3081.8 time, 3190.5 real, 2582.0 MB
[runlim] sample:		3091.8 time, 3200.5 real, 2584.1 MB
[runlim] sample:		3101.0 time, 3210.5 real, 2596.5 MB
[runlim] sample:		3110.8 time, 3220.5 real, 2597.2 MB
[runlim] sample:		3120.0 time, 3230.5 real, 2599.6 MB
[runlim] sample:		3129.4 time, 3240.5 real, 2610.9 MB
[runlim] sample:		3138.5 time, 3250.5 real, 2613.0 MB
[runlim] sample:		3147.8 time, 3260.5 real, 2624.3 MB
[runlim] sample:		3157.8 time, 3270.5 real, 2625.6 MB
[runlim] sample:		3167.4 time, 3280.5 real, 2627.7 MB
[runlim] sample:		3177.4 time, 3290.5 real, 2639.0 MB
[runlim] sample:		3186.5 time, 3300.5 real, 2641.1 MB
[runlim] sample:		3195.7 time, 3310.5 real, 2652.1 MB
[runlim] sample:		3204.7 time, 3320.5 real, 2654.2 MB
[runlim] sample:		3213.7 time, 3330.5 real, 2655.5 MB
[runlim] sample:		3222.7 time, 3340.5 real, 2666.3 MB
[runlim] sample:		3232.2 time, 3350.5 real, 2668.4 MB
[runlim] sample:		3241.9 time, 3360.5 real, 2680.5 MB
[runlim] sample:		3251.6 time, 3370.5 real, 2682.6 MB
[runlim] sample:		3261.3 time, 3380.5 real, 2695.5 MB
[runlim] sample:		3271.0 time, 3390.5 real, 2696.0 MB
[runlim] sample:		3280.7 time, 3400.5 real, 2698.0 MB
[runlim] sample:		3290.2 time, 3410.5 real, 2714.3 MB
[runlim] sample:		3300.0 time, 3420.5 real, 3193.2 MB
[runlim] sample:		3309.5 time, 3430.5 real, 3195.5 MB
[runlim] sample:		3318.5 time, 3440.5 real, 3196.3 MB
[runlim] sample:		3327.6 time, 3450.5 real, 3198.3 MB
[runlim] sample:		3337.4 time, 3460.5 real, 3199.6 MB
[runlim] sample:		3346.5 time, 3470.5 real, 3199.6 MB
[runlim] sample:		3356.3 time, 3480.5 real, 3201.7 MB
[runlim] sample:		3365.7 time, 3490.5 real, 3203.0 MB
[runlim] sample:		3374.9 time, 3500.5 real, 3203.7 MB
[runlim] sample:		3384.2 time, 3510.5 real, 3205.8 MB
[runlim] sample:		3393.4 time, 3520.5 real, 3206.6 MB
[runlim] sample:		3403.1 time, 3530.5 real, 3208.6 MB
[runlim] sample:		3412.7 time, 3540.5 real, 3209.9 MB
[runlim] sample:		3422.4 time, 3550.5 real, 3209.9 MB
[runlim] sample:		3432.0 time, 3560.5 real, 3212.0 MB
[runlim] sample:		3441.7 time, 3570.5 real, 3213.5 MB
[runlim] sample:		3451.3 time, 3580.5 real, 3214.8 MB
[runlim] sample:		3461.0 time, 3590.5 real, 3216.4 MB
[runlim] sample:		3470.7 time, 3600.5 real, 3217.1 MB
[runlim] sample:		3480.3 time, 3610.5 real, 3219.2 MB
[runlim] sample:		3489.8 time, 3620.5 real, 3220.5 MB
[runlim] sample:		3499.2 time, 3630.5 real, 3221.0 MB
[runlim] sample:		3508.5 time, 3640.5 real, 3223.1 MB
[runlim] sample:		3517.8 time, 3650.5 real, 3224.6 MB
[runlim] sample:		3527.4 time, 3660.5 real, 3225.1 MB
[runlim] sample:		3537.1 time, 3670.5 real, 3226.7 MB
[runlim] sample:		3546.6 time, 3680.5 real, 3228.2 MB
[runlim] sample:		3556.3 time, 3690.5 real, 3229.0 MB
[runlim] sample:		3565.7 time, 3700.5 real, 3231.1 MB
[runlim] sample:		3575.4 time, 3710.5 real, 3231.6 MB
[runlim] sample:		3585.1 time, 3720.5 real, 3233.9 MB
[runlim] sample:		3594.8 time, 3730.5 real, 3235.2 MB
CVC4 interrupted by SIGTERM.
[runlim] end:			Thu Feb 14 02:57:55 2019
[runlim] status:		out of time
[runlim] result:		2
[runlim] children:		0
[runlim] real:			3736.03 seconds
[runlim] time:			3600.18 seconds
[runlim] space:			3641.1 MB
[runlim] samples:		37355
