[runlim] version:		1.10fixed
[runlim] time limit:		3600 seconds
[runlim] real time limit:	311040000 seconds
[runlim] space limit:		4000 MB
[runlim] argv[0]:		./cvc4
[runlim] argv[1]:		--nl-ext-tplanes
[runlim] argv[2]:		--cbqi-all
[runlim] argv[3]:		/tmp/M1EYbV9e.smt2
[runlim] start:			Wed Jan 23 19:22:35 2019
[runlim] main pid:		19164
[runlim] sample:		9.3 time, 10.5 real, 76.6 MB
[runlim] sample:		18.9 time, 20.5 real, 102.6 MB
[runlim] sample:		28.2 time, 30.5 real, 119.8 MB
[runlim] sample:		37.6 time, 40.5 real, 138.8 MB
[runlim] sample:		46.9 time, 50.5 real, 156.1 MB
[runlim] sample:		56.4 time, 60.5 real, 169.0 MB
[runlim] sample:		66.2 time, 70.5 real, 180.6 MB
[runlim] sample:		75.9 time, 80.5 real, 191.7 MB
[runlim] sample:		85.6 time, 90.5 real, 201.2 MB
[runlim] sample:		95.3 time, 100.5 real, 213.6 MB
[runlim] sample:		105.0 time, 110.5 real, 217.9 MB
[runlim] sample:		114.6 time, 120.5 real, 226.7 MB
[runlim] sample:		124.3 time, 130.5 real, 233.9 MB
[runlim] sample:		134.0 time, 140.5 real, 241.4 MB
[runlim] sample:		143.7 time, 150.5 real, 248.4 MB
[runlim] sample:		153.4 time, 160.5 real, 255.6 MB
[runlim] sample:		163.1 time, 170.5 real, 263.0 MB
[runlim] sample:		172.7 time, 180.5 real, 270.0 MB
[runlim] sample:		182.4 time, 190.5 real, 279.0 MB
[runlim] sample:		192.1 time, 200.5 real, 286.8 MB
[runlim] sample:		201.8 time, 210.5 real, 294.2 MB
[runlim] sample:		211.5 time, 220.5 real, 303.0 MB
[runlim] sample:		221.2 time, 230.5 real, 323.5 MB
[runlim] sample:		230.8 time, 240.5 real, 332.5 MB
[runlim] sample:		240.5 time, 250.5 real, 334.1 MB
[runlim] sample:		250.2 time, 260.5 real, 336.7 MB
[runlim] sample:		259.9 time, 270.5 real, 344.4 MB
[runlim] sample:		269.6 time, 280.5 real, 349.8 MB
[runlim] sample:		279.2 time, 290.5 real, 355.5 MB
[runlim] sample:		288.9 time, 300.5 real, 361.7 MB
[runlim] sample:		298.6 time, 310.5 real, 368.6 MB
[runlim] sample:		308.3 time, 320.5 real, 374.8 MB
[runlim] sample:		318.0 time, 330.5 real, 381.0 MB
[runlim] sample:		327.6 time, 340.5 real, 385.9 MB
[runlim] sample:		337.3 time, 350.5 real, 390.8 MB
[runlim] sample:		347.0 time, 360.5 real, 395.4 MB
[runlim] sample:		356.7 time, 370.5 real, 401.1 MB
[runlim] sample:		366.4 time, 380.5 real, 406.2 MB
[runlim] sample:		376.1 time, 390.5 real, 411.7 MB
[runlim] sample:		385.7 time, 400.5 real, 416.8 MB
[runlim] sample:		395.4 time, 410.5 real, 423.8 MB
[runlim] sample:		405.1 time, 420.5 real, 428.2 MB
[runlim] sample:		414.8 time, 430.5 real, 433.1 MB
[runlim] sample:		424.5 time, 440.5 real, 437.9 MB
[runlim] sample:		433.6 time, 450.5 real, 443.1 MB
[runlim] sample:		443.3 time, 460.5 real, 448.0 MB
[runlim] sample:		453.0 time, 470.5 real, 452.9 MB
[runlim] sample:		462.7 time, 480.5 real, 457.8 MB
[runlim] sample:		472.4 time, 490.5 real, 462.7 MB
[runlim] sample:		482.1 time, 500.5 real, 467.8 MB
[runlim] sample:		491.8 time, 510.5 real, 473.0 MB
[runlim] sample:		501.4 time, 520.5 real, 517.6 MB
[runlim] sample:		511.1 time, 530.5 real, 518.6 MB
[runlim] sample:		520.9 time, 540.5 real, 519.9 MB
[runlim] sample:		530.5 time, 550.5 real, 521.0 MB
[runlim] sample:		540.2 time, 560.5 real, 522.2 MB
[runlim] sample:		550.0 time, 570.5 real, 523.3 MB
[runlim] sample:		559.6 time, 580.5 real, 524.6 MB
[runlim] sample:		569.4 time, 590.5 real, 525.6 MB
[runlim] sample:		579.0 time, 600.5 real, 526.6 MB
[runlim] sample:		588.8 time, 610.5 real, 527.9 MB
[runlim] sample:		598.5 time, 620.5 real, 528.9 MB
[runlim] sample:		608.1 time, 630.5 real, 530.0 MB
[runlim] sample:		617.9 time, 640.5 real, 531.3 MB
[runlim] sample:		627.5 time, 650.5 real, 532.3 MB
[runlim] sample:		637.2 time, 660.5 real, 536.4 MB
[runlim] sample:		646.9 time, 670.5 real, 540.0 MB
[runlim] sample:		656.6 time, 680.5 real, 552.6 MB
[runlim] sample:		666.3 time, 690.5 real, 553.9 MB
[runlim] sample:		676.0 time, 700.5 real, 554.7 MB
[runlim] sample:		685.7 time, 710.5 real, 557.3 MB
[runlim] sample:		695.4 time, 720.5 real, 561.7 MB
[runlim] sample:		705.1 time, 730.5 real, 566.1 MB
[runlim] sample:		714.8 time, 740.5 real, 570.2 MB
[runlim] sample:		724.5 time, 750.5 real, 574.3 MB
[runlim] sample:		734.2 time, 760.5 real, 578.9 MB
[runlim] sample:		743.9 time, 770.5 real, 582.8 MB
[runlim] sample:		753.6 time, 780.5 real, 587.4 MB
[runlim] sample:		763.3 time, 790.5 real, 592.6 MB
[runlim] sample:		773.0 time, 800.5 real, 596.2 MB
[runlim] sample:		782.7 time, 810.5 real, 601.1 MB
[runlim] sample:		792.4 time, 820.5 real, 604.5 MB
[runlim] sample:		802.1 time, 830.5 real, 608.6 MB
[runlim] sample:		811.8 time, 840.5 real, 612.7 MB
[runlim] sample:		821.5 time, 850.5 real, 616.8 MB
[runlim] sample:		831.2 time, 860.5 real, 620.9 MB
[runlim] sample:		840.9 time, 870.5 real, 624.6 MB
[runlim] sample:		850.6 time, 880.5 real, 628.4 MB
[runlim] sample:		860.3 time, 890.5 real, 633.1 MB
[runlim] sample:		870.0 time, 900.5 real, 636.7 MB
[runlim] sample:		879.7 time, 910.5 real, 640.8 MB
[runlim] sample:		889.4 time, 920.5 real, 645.7 MB
[runlim] sample:		899.1 time, 930.5 real, 649.6 MB
[runlim] sample:		908.8 time, 940.5 real, 659.6 MB
[runlim] sample:		918.5 time, 950.5 real, 661.4 MB
[runlim] sample:		928.2 time, 960.5 real, 665.3 MB
[runlim] sample:		937.9 time, 970.5 real, 670.4 MB
[runlim] sample:		947.6 time, 980.5 real, 674.3 MB
[runlim] sample:		957.3 time, 990.5 real, 677.9 MB
[runlim] sample:		967.0 time, 1000.5 real, 682.6 MB
[runlim] sample:		976.7 time, 1010.5 real, 686.2 MB
[runlim] sample:		986.4 time, 1020.5 real, 691.6 MB
[runlim] sample:		996.1 time, 1030.5 real, 695.7 MB
[runlim] sample:		1005.8 time, 1040.5 real, 699.3 MB
[runlim] sample:		1015.5 time, 1050.5 real, 703.7 MB
[runlim] sample:		1025.2 time, 1060.5 real, 708.8 MB
[runlim] sample:		1034.9 time, 1070.5 real, 712.7 MB
[runlim] sample:		1044.6 time, 1080.5 real, 716.6 MB
[runlim] sample:		1054.3 time, 1090.5 real, 723.8 MB
[runlim] sample:		1064.0 time, 1100.5 real, 726.9 MB
[runlim] sample:		1073.7 time, 1110.5 real, 731.0 MB
[runlim] sample:		1083.4 time, 1120.5 real, 734.9 MB
[runlim] sample:		1093.1 time, 1130.5 real, 739.5 MB
[runlim] sample:		1102.8 time, 1140.5 real, 746.2 MB
[runlim] sample:		1112.5 time, 1150.5 real, 747.8 MB
[runlim] sample:		1122.2 time, 1160.5 real, 751.6 MB
[runlim] sample:		1131.9 time, 1170.5 real, 867.7 MB
[runlim] sample:		1141.6 time, 1180.5 real, 868.7 MB
[runlim] sample:		1151.3 time, 1190.5 real, 869.5 MB
[runlim] sample:		1161.0 time, 1200.5 real, 870.5 MB
[runlim] sample:		1170.7 time, 1210.5 real, 871.5 MB
[runlim] sample:		1180.4 time, 1220.5 real, 872.3 MB
[runlim] sample:		1190.1 time, 1230.5 real, 873.3 MB
[runlim] sample:		1199.8 time, 1240.5 real, 874.4 MB
[runlim] sample:		1209.5 time, 1250.5 real, 875.4 MB
[runlim] sample:		1219.2 time, 1260.5 real, 876.4 MB
[runlim] sample:		1228.8 time, 1270.5 real, 877.2 MB
[runlim] sample:		1238.5 time, 1280.5 real, 878.2 MB
[runlim] sample:		1248.2 time, 1290.5 real, 879.0 MB
[runlim] sample:		1258.0 time, 1300.5 real, 880.0 MB
[runlim] sample:		1267.7 time, 1310.5 real, 881.1 MB
[runlim] sample:		1277.4 time, 1320.5 real, 882.1 MB
[runlim] sample:		1287.1 time, 1330.5 real, 882.9 MB
[runlim] sample:		1296.8 time, 1340.5 real, 883.9 MB
[runlim] sample:		1306.5 time, 1350.5 real, 884.7 MB
[runlim] sample:		1316.2 time, 1360.5 real, 885.7 MB
[runlim] sample:		1325.9 time, 1370.5 real, 886.7 MB
[runlim] sample:		1335.6 time, 1380.5 real, 887.8 MB
[runlim] sample:		1345.3 time, 1390.5 real, 888.5 MB
[runlim] sample:		1355.0 time, 1400.5 real, 889.6 MB
[runlim] sample:		1364.7 time, 1410.5 real, 890.6 MB
[runlim] sample:		1374.4 time, 1420.5 real, 891.6 MB
[runlim] sample:		1384.1 time, 1430.5 real, 892.4 MB
[runlim] sample:		1393.8 time, 1440.5 real, 893.4 MB
[runlim] sample:		1403.5 time, 1450.5 real, 894.5 MB
[runlim] sample:		1413.2 time, 1460.5 real, 895.5 MB
[runlim] sample:		1422.9 time, 1470.5 real, 896.5 MB
[runlim] sample:		1432.6 time, 1480.5 real, 897.3 MB
[runlim] sample:		1442.3 time, 1490.5 real, 898.3 MB
[runlim] sample:		1452.0 time, 1500.5 real, 899.4 MB
[runlim] sample:		1461.7 time, 1510.5 real, 900.1 MB
[runlim] sample:		1471.4 time, 1520.5 real, 901.2 MB
[runlim] sample:		1481.1 time, 1530.5 real, 902.2 MB
[runlim] sample:		1490.8 time, 1540.5 real, 903.0 MB
[runlim] sample:		1500.5 time, 1550.5 real, 904.0 MB
[runlim] sample:		1510.2 time, 1560.5 real, 905.0 MB
[runlim] sample:		1519.9 time, 1570.5 real, 907.1 MB
[runlim] sample:		1529.6 time, 1580.5 real, 910.7 MB
[runlim] sample:		1539.3 time, 1590.5 real, 914.0 MB
[runlim] sample:		1549.0 time, 1600.5 real, 917.6 MB
[runlim] sample:		1558.7 time, 1610.5 real, 921.3 MB
[runlim] sample:		1568.4 time, 1620.5 real, 925.6 MB
[runlim] sample:		1578.1 time, 1630.5 real, 928.5 MB
[runlim] sample:		1587.8 time, 1640.5 real, 931.6 MB
[runlim] sample:		1597.5 time, 1650.5 real, 934.7 MB
[runlim] sample:		1607.2 time, 1660.5 real, 938.8 MB
[runlim] sample:		1616.9 time, 1670.5 real, 941.6 MB
[runlim] sample:		1626.6 time, 1680.5 real, 945.0 MB
[runlim] sample:		1636.3 time, 1690.5 real, 948.6 MB
[runlim] sample:		1646.0 time, 1700.5 real, 951.9 MB
[runlim] sample:		1655.7 time, 1710.5 real, 955.5 MB
[runlim] sample:		1665.4 time, 1720.5 real, 958.6 MB
[runlim] sample:		1675.1 time, 1730.5 real, 962.2 MB
[runlim] sample:		1684.8 time, 1740.5 real, 965.6 MB
[runlim] sample:		1694.5 time, 1750.5 real, 968.7 MB
[runlim] sample:		1704.2 time, 1760.5 real, 972.3 MB
[runlim] sample:		1713.9 time, 1770.5 real, 975.9 MB
[runlim] sample:		1723.6 time, 1780.5 real, 979.0 MB
[runlim] sample:		1733.3 time, 1790.5 real, 981.8 MB
[runlim] sample:		1743.0 time, 1800.5 real, 985.7 MB
[runlim] sample:		1752.7 time, 1810.5 real, 988.3 MB
[runlim] sample:		1762.4 time, 1820.5 real, 991.6 MB
[runlim] sample:		1772.1 time, 1830.5 real, 996.0 MB
[runlim] sample:		1781.8 time, 1840.5 real, 999.1 MB
[runlim] sample:		1791.5 time, 1850.5 real, 1002.7 MB
[runlim] sample:		1801.2 time, 1860.5 real, 1005.8 MB
[runlim] sample:		1810.9 time, 1870.5 real, 1008.9 MB
[runlim] sample:		1820.6 time, 1880.5 real, 1012.2 MB
[runlim] sample:		1830.3 time, 1890.5 real, 1015.3 MB
[runlim] sample:		1840.0 time, 1900.5 real, 1018.7 MB
[runlim] sample:		1849.7 time, 1910.5 real, 1022.0 MB
[runlim] sample:		1859.4 time, 1920.5 real, 1025.4 MB
[runlim] sample:		1869.1 time, 1930.5 real, 1028.7 MB
[runlim] sample:		1878.8 time, 1940.5 real, 1032.4 MB
[runlim] sample:		1888.5 time, 1950.5 real, 1034.7 MB
[runlim] sample:		1898.2 time, 1960.5 real, 1038.3 MB
[runlim] sample:		1907.9 time, 1970.5 real, 1041.4 MB
[runlim] sample:		1917.6 time, 1980.5 real, 1046.0 MB
[runlim] sample:		1927.3 time, 1990.5 real, 1048.9 MB
[runlim] sample:		1937.0 time, 2000.5 real, 1052.5 MB
[runlim] sample:		1946.7 time, 2010.5 real, 1055.6 MB
[runlim] sample:		1956.4 time, 2020.5 real, 1058.6 MB
[runlim] sample:		1966.1 time, 2030.5 real, 1062.3 MB
[runlim] sample:		1975.8 time, 2040.5 real, 1065.1 MB
[runlim] sample:		1985.5 time, 2050.5 real, 1068.7 MB
[runlim] sample:		1995.2 time, 2060.5 real, 1071.8 MB
[runlim] sample:		2004.9 time, 2070.5 real, 1074.9 MB
[runlim] sample:		2014.6 time, 2080.5 real, 1077.7 MB
[runlim] sample:		2024.3 time, 2090.5 real, 1081.1 MB
[runlim] sample:		2034.0 time, 2100.5 real, 1087.0 MB
[runlim] sample:		2043.7 time, 2110.5 real, 1089.3 MB
[runlim] sample:		2053.4 time, 2120.5 real, 1093.2 MB
[runlim] sample:		2063.1 time, 2130.5 real, 1096.0 MB
[runlim] sample:		2072.8 time, 2140.5 real, 1099.9 MB
[runlim] sample:		2082.5 time, 2150.5 real, 1102.5 MB
[runlim] sample:		2092.2 time, 2160.5 real, 1106.1 MB
[runlim] sample:		2101.9 time, 2170.5 real, 1111.0 MB
[runlim] sample:		2111.6 time, 2180.5 real, 1113.0 MB
[runlim] sample:		2121.3 time, 2190.5 real, 1116.1 MB
[runlim] sample:		2131.0 time, 2200.5 real, 1119.5 MB
[runlim] sample:		2140.7 time, 2210.5 real, 1122.8 MB
[runlim] sample:		2150.4 time, 2220.5 real, 1125.9 MB
[runlim] sample:		2160.1 time, 2230.5 real, 1129.0 MB
[runlim] sample:		2169.8 time, 2240.5 real, 1132.1 MB
[runlim] sample:		2179.5 time, 2250.5 real, 1135.2 MB
[runlim] sample:		2189.2 time, 2260.5 real, 1138.3 MB
[runlim] sample:		2198.9 time, 2270.5 real, 1140.9 MB
[runlim] sample:		2208.6 time, 2280.5 real, 1144.7 MB
[runlim] sample:		2218.3 time, 2290.5 real, 1147.3 MB
[runlim] sample:		2228.0 time, 2300.5 real, 1150.9 MB
[runlim] sample:		2237.7 time, 2310.5 real, 1153.5 MB
[runlim] sample:		2247.4 time, 2320.5 real, 1157.1 MB
[runlim] sample:		2257.1 time, 2330.5 real, 1159.4 MB
[runlim] sample:		2266.8 time, 2340.5 real, 1162.8 MB
[runlim] sample:		2276.5 time, 2350.5 real, 1165.9 MB
[runlim] sample:		2286.2 time, 2360.5 real, 1169.5 MB
[runlim] sample:		2295.9 time, 2370.5 real, 1172.3 MB
[runlim] sample:		2305.6 time, 2380.5 real, 1175.1 MB
[runlim] sample:		2315.3 time, 2390.5 real, 1178.8 MB
[runlim] sample:		2325.0 time, 2400.5 real, 1181.8 MB
[runlim] sample:		2334.7 time, 2410.5 real, 1185.5 MB
[runlim] sample:		2344.4 time, 2420.5 real, 1189.3 MB
[runlim] sample:		2354.1 time, 2430.5 real, 1192.7 MB
[runlim] sample:		2363.8 time, 2440.5 real, 1195.3 MB
[runlim] sample:		2373.5 time, 2450.5 real, 1198.9 MB
[runlim] sample:		2383.2 time, 2460.5 real, 1201.7 MB
[runlim] sample:		2392.9 time, 2470.5 real, 1205.0 MB
[runlim] sample:		2402.6 time, 2480.5 real, 1208.1 MB
[runlim] sample:		2412.3 time, 2490.5 real, 1211.0 MB
[runlim] sample:		2422.0 time, 2500.5 real, 1214.3 MB
[runlim] sample:		2431.7 time, 2510.5 real, 1217.2 MB
[runlim] sample:		2441.4 time, 2520.5 real, 1220.3 MB
[runlim] sample:		2451.1 time, 2530.5 real, 1223.9 MB
[runlim] sample:		2460.8 time, 2540.5 real, 1226.7 MB
[runlim] sample:		2470.5 time, 2550.5 real, 1230.1 MB
[runlim] sample:		2480.2 time, 2560.5 real, 1233.1 MB
[runlim] sample:		2489.9 time, 2570.5 real, 1235.7 MB
[runlim] sample:		2499.6 time, 2580.5 real, 1239.1 MB
[runlim] sample:		2509.3 time, 2590.5 real, 1244.5 MB
[runlim] sample:		2519.0 time, 2600.5 real, 1245.5 MB
[runlim] sample:		2528.7 time, 2610.5 real, 1248.1 MB
[runlim] sample:		2538.2 time, 2620.5 real, 1251.4 MB
[runlim] sample:		2547.7 time, 2630.5 real, 1254.3 MB
[runlim] sample:		2557.2 time, 2640.5 real, 1530.5 MB
[runlim] sample:		2565.2 time, 2650.5 real, 1531.0 MB
[runlim] sample:		2574.4 time, 2660.5 real, 1531.5 MB
[runlim] sample:		2582.7 time, 2670.5 real, 1532.3 MB
[runlim] sample:		2591.9 time, 2680.5 real, 1532.8 MB
[runlim] sample:		2599.7 time, 2690.5 real, 1533.6 MB
[runlim] sample:		2607.6 time, 2700.5 real, 1534.3 MB
[runlim] sample:		2617.2 time, 2710.5 real, 1534.9 MB
[runlim] sample:		2626.6 time, 2720.5 real, 1535.9 MB
[runlim] sample:		2636.1 time, 2730.5 real, 1536.4 MB
[runlim] sample:		2645.7 time, 2740.5 real, 1537.2 MB
[runlim] sample:		2655.2 time, 2750.5 real, 1537.9 MB
[runlim] sample:		2664.6 time, 2760.5 real, 1539.0 MB
[runlim] sample:		2674.0 time, 2770.5 real, 1539.5 MB
[runlim] sample:		2683.6 time, 2780.5 real, 1540.3 MB
[runlim] sample:		2693.2 time, 2790.5 real, 1541.0 MB
[runlim] sample:		2701.2 time, 2800.5 real, 1541.6 MB
[runlim] sample:		2709.0 time, 2810.5 real, 1542.3 MB
[runlim] sample:		2716.4 time, 2820.5 real, 1542.8 MB
[runlim] sample:		2724.9 time, 2830.5 real, 1543.6 MB
[runlim] sample:		2734.2 time, 2840.5 real, 1544.6 MB
[runlim] sample:		2743.9 time, 2850.5 real, 1545.2 MB
[runlim] sample:		2753.5 time, 2860.5 real, 1545.9 MB
[runlim] sample:		2762.8 time, 2870.5 real, 1546.7 MB
[runlim] sample:		2772.2 time, 2880.5 real, 1547.7 MB
[runlim] sample:		2781.6 time, 2890.5 real, 1548.5 MB
[runlim] sample:		2790.9 time, 2900.5 real, 1549.0 MB
[runlim] sample:		2800.6 time, 2910.5 real, 1549.8 MB
[runlim] sample:		2810.3 time, 2920.5 real, 1550.6 MB
[runlim] sample:		2820.0 time, 2930.5 real, 1551.6 MB
[runlim] sample:		2829.7 time, 2940.5 real, 1552.1 MB
[runlim] sample:		2839.4 time, 2950.5 real, 1552.9 MB
[runlim] sample:		2849.1 time, 2960.5 real, 1553.7 MB
[runlim] sample:		2858.8 time, 2970.5 real, 1554.7 MB
[runlim] sample:		2868.1 time, 2980.5 real, 1555.5 MB
[runlim] sample:		2877.5 time, 2990.5 real, 1556.0 MB
[runlim] sample:		2886.9 time, 3000.5 real, 1556.8 MB
[runlim] sample:		2896.6 time, 3010.5 real, 1557.5 MB
[runlim] sample:		2906.3 time, 3020.5 real, 1558.6 MB
[runlim] sample:		2916.0 time, 3030.5 real, 1559.3 MB
[runlim] sample:		2925.7 time, 3040.5 real, 1559.8 MB
[runlim] sample:		2935.4 time, 3050.5 real, 1560.6 MB
[runlim] sample:		2945.1 time, 3060.5 real, 1561.4 MB
[runlim] sample:		2954.8 time, 3070.5 real, 1562.4 MB
[runlim] sample:		2964.4 time, 3080.5 real, 1563.2 MB
[runlim] sample:		2974.1 time, 3090.5 real, 1563.7 MB
[runlim] sample:		2983.8 time, 3100.5 real, 1564.5 MB
[runlim] sample:		2993.4 time, 3110.5 real, 1565.3 MB
[runlim] sample:		3003.1 time, 3120.5 real, 1566.3 MB
[runlim] sample:		3012.6 time, 3130.5 real, 1567.1 MB
[runlim] sample:		3022.3 time, 3140.5 real, 1567.6 MB
[runlim] sample:		3031.9 time, 3150.5 real, 1568.6 MB
[runlim] sample:		3041.6 time, 3160.5 real, 1569.1 MB
[runlim] sample:		3051.2 time, 3170.5 real, 1570.1 MB
[runlim] sample:		3060.6 time, 3180.5 real, 1570.9 MB
[runlim] sample:		3070.0 time, 3190.5 real, 1571.4 MB
[runlim] sample:		3079.4 time, 3200.5 real, 1572.2 MB
[runlim] sample:		3088.8 time, 3210.5 real, 1573.0 MB
[runlim] sample:		3098.2 time, 3220.5 real, 1573.8 MB
[runlim] sample:		3107.8 time, 3230.5 real, 1574.5 MB
[runlim] sample:		3117.5 time, 3240.5 real, 1575.6 MB
[runlim] sample:		3127.2 time, 3250.5 real, 1576.1 MB
[runlim] sample:		3136.8 time, 3260.5 real, 1576.8 MB
[runlim] sample:		3146.2 time, 3270.5 real, 1577.6 MB
[runlim] sample:		3155.8 time, 3280.5 real, 1578.4 MB
[runlim] sample:		3165.3 time, 3290.5 real, 1579.2 MB
[runlim] sample:		3175.0 time, 3300.5 real, 1580.2 MB
[runlim] sample:		3184.7 time, 3310.5 real, 1580.7 MB
[runlim] sample:		3194.4 time, 3320.5 real, 1581.5 MB
[runlim] sample:		3204.4 time, 3330.5 real, 1582.3 MB
[runlim] sample:		3214.4 time, 3340.5 real, 1583.0 MB
[runlim] sample:		3224.4 time, 3350.5 real, 1584.1 MB
[runlim] sample:		3234.4 time, 3360.5 real, 1584.8 MB
[runlim] sample:		3244.2 time, 3370.5 real, 1585.4 MB
[runlim] sample:		3253.9 time, 3380.5 real, 1587.7 MB
[runlim] sample:		3263.6 time, 3390.5 real, 1588.4 MB
[runlim] sample:		3273.3 time, 3400.5 real, 1589.0 MB
[runlim] sample:		3283.3 time, 3410.5 real, 1590.2 MB
[runlim] sample:		3293.3 time, 3420.5 real, 1590.8 MB
[runlim] sample:		3303.3 time, 3430.5 real, 1591.5 MB
[runlim] sample:		3313.3 time, 3440.5 real, 1592.3 MB
[runlim] sample:		3323.2 time, 3450.5 real, 1593.1 MB
[runlim] sample:		3333.2 time, 3460.5 real, 1594.1 MB
[runlim] sample:		3343.2 time, 3470.5 real, 1594.9 MB
[runlim] sample:		3353.2 time, 3480.5 real, 1595.4 MB
[runlim] sample:		3363.2 time, 3490.5 real, 1596.4 MB
[runlim] sample:		3373.0 time, 3500.5 real, 1596.9 MB
[runlim] sample:		3383.0 time, 3510.5 real, 1597.7 MB
[runlim] sample:		3393.0 time, 3520.5 real, 1598.7 MB
[runlim] sample:		3403.0 time, 3530.5 real, 1599.5 MB
[runlim] sample:		3412.7 time, 3540.5 real, 1600.0 MB
[runlim] sample:		3422.6 time, 3550.5 real, 1600.8 MB
[runlim] sample:		3432.6 time, 3560.5 real, 1601.6 MB
[runlim] sample:		3442.4 time, 3570.5 real, 1602.3 MB
[runlim] sample:		3452.3 time, 3580.5 real, 1603.1 MB
[runlim] sample:		3462.0 time, 3590.5 real, 1604.1 MB
[runlim] sample:		3471.7 time, 3600.5 real, 1604.9 MB
[runlim] sample:		3481.6 time, 3610.5 real, 1605.4 MB
[runlim] sample:		3491.6 time, 3620.5 real, 1606.2 MB
[runlim] sample:		3501.6 time, 3630.5 real, 1607.0 MB
[runlim] sample:		3511.5 time, 3640.5 real, 1607.8 MB
[runlim] sample:		3521.4 time, 3650.5 real, 1608.5 MB
[runlim] sample:		3531.4 time, 3660.5 real, 1609.6 MB
[runlim] sample:		3541.4 time, 3670.5 real, 1610.3 MB
[runlim] sample:		3551.3 time, 3680.5 real, 1610.8 MB
[runlim] sample:		3561.0 time, 3690.5 real, 1611.6 MB
[runlim] sample:		3570.7 time, 3700.5 real, 1612.4 MB
[runlim] sample:		3580.4 time, 3710.5 real, 1612.9 MB
[runlim] sample:		3590.2 time, 3720.5 real, 1613.9 MB
[runlim] sample:		3600.0 time, 3730.5 real, 1614.4 MB
CVC4 interrupted by SIGTERM.
[runlim] end:			Wed Jan 23 20:24:45 2019
[runlim] status:		out of time
[runlim] result:		2
[runlim] children:		0
[runlim] real:			3730.67 seconds
[runlim] time:			3600.10 seconds
[runlim] space:			1754.2 MB
[runlim] samples:		37301
