[runlim] version:		1.10fixed
[runlim] time limit:		3600 seconds
[runlim] real time limit:	311040000 seconds
[runlim] space limit:		4000 MB
[runlim] argv[0]:		./cvc4
[runlim] argv[1]:		/tmp/Q05N2VKC.smt2
[runlim] start:			Mon Jan 28 08:26:56 2019
[runlim] main pid:		6071
[runlim] sample:		10.0 time, 10.6 real, 76.6 MB
[runlim] sample:		20.0 time, 20.6 real, 96.8 MB
[runlim] sample:		30.0 time, 30.6 real, 124.9 MB
[runlim] sample:		40.0 time, 40.6 real, 157.8 MB
[runlim] sample:		50.0 time, 50.6 real, 188.7 MB
[runlim] sample:		60.0 time, 60.6 real, 212.1 MB
[runlim] sample:		70.0 time, 70.6 real, 233.0 MB
[runlim] sample:		80.0 time, 80.6 real, 258.5 MB
[runlim] sample:		90.0 time, 90.6 real, 290.0 MB
[runlim] sample:		99.8 time, 100.6 real, 324.3 MB
[runlim] sample:		109.4 time, 110.6 real, 350.7 MB
[runlim] sample:		118.9 time, 120.6 real, 373.6 MB
[runlim] sample:		128.5 time, 130.6 real, 391.9 MB
[runlim] sample:		138.2 time, 140.6 real, 413.0 MB
[runlim] sample:		148.1 time, 150.6 real, 436.4 MB
[runlim] sample:		158.1 time, 160.6 real, 454.4 MB
[runlim] sample:		168.1 time, 170.6 real, 472.7 MB
[runlim] sample:		178.1 time, 180.6 real, 490.2 MB
[runlim] sample:		188.1 time, 190.6 real, 506.2 MB
[runlim] sample:		198.1 time, 200.6 real, 523.2 MB
[runlim] sample:		208.1 time, 210.6 real, 542.0 MB
[runlim] sample:		218.1 time, 220.6 real, 564.6 MB
[runlim] sample:		228.1 time, 230.6 real, 581.9 MB
[runlim] sample:		238.1 time, 240.6 real, 601.7 MB
[runlim] sample:		248.1 time, 250.6 real, 623.7 MB
[runlim] sample:		258.1 time, 260.6 real, 648.9 MB
[runlim] sample:		268.1 time, 270.6 real, 677.2 MB
[runlim] sample:		278.1 time, 280.6 real, 699.9 MB
[runlim] sample:		288.1 time, 290.6 real, 721.5 MB
[runlim] sample:		298.1 time, 300.6 real, 745.7 MB
[runlim] sample:		308.1 time, 310.6 real, 774.2 MB
[runlim] sample:		318.1 time, 320.6 real, 800.8 MB
[runlim] sample:		328.1 time, 330.6 real, 821.7 MB
[runlim] sample:		338.1 time, 340.6 real, 843.0 MB
[runlim] sample:		348.1 time, 350.6 real, 870.8 MB
[runlim] sample:		358.1 time, 360.6 real, 892.2 MB
[runlim] sample:		368.1 time, 370.6 real, 916.9 MB
[runlim] sample:		378.1 time, 380.6 real, 941.7 MB
[runlim] sample:		388.1 time, 390.6 real, 968.6 MB
[runlim] sample:		398.1 time, 400.6 real, 992.5 MB
[runlim] sample:		408.1 time, 410.6 real, 1014.4 MB
[runlim] sample:		418.1 time, 420.6 real, 1039.6 MB
[runlim] sample:		428.1 time, 430.6 real, 1063.9 MB
[runlim] sample:		438.1 time, 440.6 real, 1089.1 MB
[runlim] sample:		448.1 time, 450.6 real, 1111.7 MB
[runlim] sample:		458.1 time, 460.6 real, 1131.0 MB
[runlim] sample:		468.1 time, 470.6 real, 1149.0 MB
[runlim] sample:		478.1 time, 480.6 real, 1167.1 MB
[runlim] sample:		488.1 time, 490.6 real, 1183.6 MB
[runlim] sample:		498.1 time, 500.6 real, 1201.1 MB
[runlim] sample:		508.1 time, 510.6 real, 1219.3 MB
[runlim] sample:		518.0 time, 520.6 real, 1233.5 MB
[runlim] sample:		528.0 time, 530.6 real, 1249.7 MB
[runlim] sample:		538.1 time, 540.6 real, 1271.6 MB
[runlim] sample:		548.0 time, 550.6 real, 1286.0 MB
[runlim] sample:		558.0 time, 560.6 real, 1302.5 MB
[runlim] sample:		568.1 time, 570.6 real, 1318.7 MB
[runlim] sample:		578.1 time, 580.6 real, 1335.2 MB
[runlim] sample:		588.0 time, 590.6 real, 1354.0 MB
[runlim] sample:		598.0 time, 600.6 real, 1370.4 MB
[runlim] sample:		608.1 time, 610.6 real, 1389.5 MB
