[runlim] version:		1.10fixed
[runlim] time limit:		3600 seconds
[runlim] real time limit:	311040000 seconds
[runlim] space limit:		4000 MB
[runlim] argv[0]:		./cvc4
[runlim] argv[1]:		/tmp/wCYeJCHI.smt2
[runlim] start:			Sun Feb 17 01:47:14 2019
[runlim] main pid:		14326
[runlim] sample:		10.0 time, 10.8 real, 79.1 MB
[runlim] sample:		20.0 time, 20.8 real, 106.0 MB
[runlim] sample:		29.9 time, 30.8 real, 131.9 MB
[runlim] sample:		39.9 time, 40.8 real, 156.0 MB
[runlim] sample:		49.9 time, 50.8 real, 175.3 MB
[runlim] sample:		59.2 time, 60.8 real, 196.1 MB
[runlim] sample:		68.9 time, 70.8 real, 213.0 MB
[runlim] sample:		78.7 time, 80.8 real, 231.8 MB
[runlim] sample:		88.2 time, 90.8 real, 250.0 MB
[runlim] sample:		98.2 time, 100.8 real, 268.2 MB
[runlim] sample:		108.2 time, 110.8 real, 285.9 MB
[runlim] sample:		118.2 time, 120.8 real, 302.6 MB
[runlim] sample:		126.9 time, 130.8 real, 316.5 MB
[runlim] sample:		135.6 time, 140.8 real, 329.1 MB
[runlim] sample:		144.0 time, 150.8 real, 341.4 MB
[runlim] sample:		152.5 time, 160.8 real, 358.2 MB
[runlim] sample:		161.9 time, 170.8 real, 373.1 MB
[runlim] sample:		169.9 time, 180.8 real, 384.9 MB
[runlim] sample:		178.8 time, 190.8 real, 398.3 MB
[runlim] sample:		187.3 time, 200.8 real, 410.9 MB
[runlim] sample:		196.8 time, 210.8 real, 424.0 MB
[runlim] sample:		206.8 time, 220.8 real, 438.6 MB
[runlim] sample:		215.2 time, 230.8 real, 449.9 MB
[runlim] sample:		223.7 time, 240.8 real, 460.2 MB
[runlim] sample:		233.4 time, 250.8 real, 473.8 MB
[runlim] sample:		243.4 time, 260.8 real, 486.1 MB
[runlim] sample:		253.4 time, 270.8 real, 495.6 MB
[runlim] sample:		263.4 time, 280.8 real, 506.9 MB
[runlim] sample:		273.4 time, 290.8 real, 518.5 MB
[runlim] sample:		283.4 time, 300.8 real, 529.3 MB
[runlim] sample:		293.4 time, 310.8 real, 537.8 MB
[runlim] sample:		303.4 time, 320.8 real, 548.8 MB
[runlim] sample:		313.4 time, 330.8 real, 559.9 MB
[runlim] sample:		323.4 time, 340.8 real, 570.1 MB
[runlim] sample:		333.4 time, 350.8 real, 580.1 MB
[runlim] sample:		343.4 time, 360.8 real, 590.6 MB
[runlim] sample:		353.4 time, 370.8 real, 600.6 MB
[runlim] sample:		363.4 time, 380.8 real, 610.3 MB
[runlim] sample:		373.4 time, 390.8 real, 618.8 MB
[runlim] sample:		382.9 time, 400.8 real, 628.8 MB
[runlim] sample:		390.8 time, 410.8 real, 636.8 MB
[runlim] sample:		400.2 time, 420.8 real, 647.2 MB
[runlim] sample:		409.1 time, 430.8 real, 656.7 MB
[runlim] sample:		417.0 time, 440.8 real, 665.7 MB
[runlim] sample:		425.5 time, 450.8 real, 674.8 MB
[runlim] sample:		435.5 time, 460.8 real, 682.5 MB
[runlim] sample:		445.5 time, 470.8 real, 694.5 MB
[runlim] sample:		455.3 time, 480.8 real, 701.7 MB
[runlim] sample:		465.0 time, 490.8 real, 712.3 MB
[runlim] sample:		474.1 time, 500.8 real, 724.1 MB
[runlim] sample:		483.6 time, 510.8 real, 737.2 MB
[runlim] sample:		493.6 time, 520.8 real, 749.3 MB
[runlim] sample:		503.6 time, 530.8 real, 761.4 MB
[runlim] sample:		513.6 time, 540.8 real, 774.8 MB
[runlim] sample:		523.0 time, 550.8 real, 787.7 MB
[runlim] sample:		532.2 time, 560.8 real, 801.8 MB
[runlim] sample:		540.9 time, 570.8 real, 811.1 MB
[runlim] sample:		550.0 time, 580.8 real, 820.5 MB
[runlim] sample:		559.3 time, 590.8 real, 830.2 MB
[runlim] sample:		567.2 time, 600.8 real, 838.4 MB
[runlim] sample:		574.9 time, 610.8 real, 846.2 MB
[runlim] sample:		583.0 time, 620.8 real, 853.1 MB
[runlim] sample:		591.8 time, 630.8 real, 861.8 MB
[runlim] sample:		600.6 time, 640.8 real, 870.3 MB
[runlim] sample:		608.5 time, 650.8 real, 877.7 MB
[runlim] sample:		617.9 time, 660.8 real, 887.7 MB
[runlim] sample:		626.4 time, 670.8 real, 896.5 MB
[runlim] sample:		634.7 time, 680.8 real, 905.0 MB
[runlim] sample:		642.6 time, 690.8 real, 912.9 MB
[runlim] sample:		651.0 time, 700.8 real, 921.7 MB
[runlim] sample:		659.8 time, 710.8 real, 931.4 MB
[runlim] sample:		669.4 time, 720.8 real, 943.0 MB
[runlim] sample:		679.1 time, 730.8 real, 953.0 MB
[runlim] sample:		688.2 time, 740.8 real, 961.8 MB
[runlim] sample:		698.2 time, 750.8 real, 971.3 MB
[runlim] sample:		708.2 time, 760.8 real, 982.6 MB
[runlim] sample:		717.7 time, 770.8 real, 992.4 MB
[runlim] sample:		727.7 time, 780.8 real, 1003.7 MB
[runlim] sample:		737.7 time, 790.8 real, 1015.0 MB
[runlim] sample:		745.7 time, 800.8 real, 1024.0 MB
[runlim] sample:		753.9 time, 810.8 real, 1031.4 MB
[runlim] sample:		763.6 time, 820.8 real, 1041.2 MB
[runlim] sample:		771.2 time, 830.8 real, 1049.9 MB
[runlim] sample:		781.2 time, 840.8 real, 1060.4 MB
[runlim] sample:		791.2 time, 850.8 real, 1071.7 MB
[runlim] sample:		801.2 time, 860.8 real, 1080.6 MB
[runlim] sample:		811.2 time, 870.8 real, 1089.9 MB
[runlim] sample:		821.1 time, 880.8 real, 1100.2 MB
[runlim] sample:		829.9 time, 890.8 real, 1109.9 MB
[runlim] sample:		839.2 time, 900.8 real, 1118.4 MB
[runlim] sample:		849.2 time, 910.8 real, 1128.7 MB
[runlim] sample:		859.2 time, 920.8 real, 1138.7 MB
[runlim] sample:		869.2 time, 930.8 real, 1148.5 MB
[runlim] sample:		879.2 time, 940.8 real, 1158.6 MB
[runlim] sample:		889.2 time, 950.8 real, 1168.6 MB
[runlim] sample:		899.2 time, 960.8 real, 1178.2 MB
[runlim] sample:		909.2 time, 970.8 real, 1188.5 MB
[runlim] sample:		918.3 time, 980.8 real, 1197.7 MB
[runlim] sample:		926.0 time, 990.8 real, 1204.7 MB
[runlim] sample:		936.0 time, 1000.8 real, 1214.4 MB
[runlim] sample:		946.0 time, 1010.8 real, 1224.7 MB
[runlim] sample:		956.0 time, 1020.8 real, 1233.7 MB
[runlim] sample:		966.0 time, 1030.8 real, 1245.8 MB
[runlim] sample:		976.0 time, 1040.8 real, 1256.5 MB
[runlim] sample:		986.0 time, 1050.8 real, 1266.3 MB
[runlim] sample:		996.0 time, 1060.8 real, 1274.5 MB
[runlim] sample:		1006.0 time, 1070.8 real, 1284.0 MB
[runlim] sample:		1016.0 time, 1080.8 real, 1293.0 MB
[runlim] sample:		1026.0 time, 1090.8 real, 1302.0 MB
[runlim] sample:		1036.0 time, 1100.8 real, 1311.2 MB
[runlim] sample:		1046.0 time, 1110.8 real, 1319.7 MB
[runlim] sample:		1056.0 time, 1120.8 real, 1329.0 MB
[runlim] sample:		1066.0 time, 1130.8 real, 1338.0 MB
[runlim] sample:		1076.0 time, 1140.8 real, 1346.2 MB
[runlim] sample:		1086.0 time, 1150.8 real, 1355.4 MB
[runlim] sample:		1095.2 time, 1160.8 real, 1364.7 MB
[runlim] sample:		1104.0 time, 1170.8 real, 1371.4 MB
[runlim] sample:		1113.7 time, 1180.8 real, 1379.9 MB
[runlim] sample:		1123.7 time, 1190.8 real, 1390.1 MB
[runlim] sample:		1131.8 time, 1200.8 real, 1399.6 MB
[runlim] sample:		1141.5 time, 1210.8 real, 1409.3 MB
[runlim] sample:		1150.2 time, 1220.8 real, 1417.3 MB
[runlim] sample:		1159.2 time, 1230.8 real, 1425.2 MB
[runlim] sample:		1167.7 time, 1240.8 real, 1431.4 MB
[runlim] sample:		1177.7 time, 1250.8 real, 1439.8 MB
[runlim] sample:		1187.7 time, 1260.8 real, 1447.0 MB
[runlim] sample:		1197.7 time, 1270.8 real, 1458.4 MB
[runlim] sample:		1207.7 time, 1280.8 real, 1464.4 MB
[runlim] sample:		1217.7 time, 1290.8 real, 1472.8 MB
[runlim] sample:		1227.7 time, 1300.8 real, 1481.8 MB
[runlim] sample:		1237.7 time, 1310.8 real, 1490.3 MB
[runlim] sample:		1247.7 time, 1320.8 real, 1495.8 MB
[runlim] sample:		1257.7 time, 1330.8 real, 1502.2 MB
[runlim] sample:		1267.7 time, 1340.8 real, 1509.1 MB
[runlim] sample:		1277.7 time, 1350.8 real, 1516.5 MB
[runlim] sample:		1287.7 time, 1360.8 real, 1523.7 MB
[runlim] sample:		1297.7 time, 1370.8 real, 1530.5 MB
[runlim] sample:		1307.7 time, 1380.8 real, 1535.8 MB
[runlim] sample:		1317.7 time, 1390.8 real, 1541.2 MB
[runlim] sample:		1327.7 time, 1400.8 real, 1546.1 MB
[runlim] sample:		1337.7 time, 1410.8 real, 1549.8 MB
[runlim] sample:		1347.7 time, 1420.8 real, 1554.1 MB
[runlim] sample:		1357.7 time, 1430.8 real, 1557.0 MB
[runlim] sample:		1367.7 time, 1440.8 real, 1561.8 MB
[runlim] sample:		1377.7 time, 1450.8 real, 1567.5 MB
[runlim] sample:		1387.7 time, 1460.8 real, 1574.4 MB
[runlim] sample:		1397.7 time, 1470.8 real, 1579.8 MB
[runlim] sample:		1407.7 time, 1480.8 real, 1587.2 MB
[runlim] sample:		1417.7 time, 1490.8 real, 1595.0 MB
[runlim] sample:		1427.7 time, 1500.8 real, 1600.6 MB
[runlim] sample:		1437.7 time, 1510.8 real, 1609.4 MB
[runlim] sample:		1447.7 time, 1520.8 real, 1616.4 MB
[runlim] sample:		1457.7 time, 1530.8 real, 1624.3 MB
[runlim] sample:		1467.7 time, 1540.8 real, 1630.5 MB
[runlim] sample:		1477.7 time, 1550.8 real, 1636.9 MB
[runlim] sample:		1487.7 time, 1560.8 real, 1643.8 MB
[runlim] sample:		1497.7 time, 1570.8 real, 1651.0 MB
[runlim] sample:		1507.7 time, 1580.8 real, 1659.2 MB
[runlim] sample:		1517.7 time, 1590.8 real, 1667.5 MB
[runlim] sample:		1527.7 time, 1600.8 real, 1676.0 MB
[runlim] sample:		1537.7 time, 1610.8 real, 1685.0 MB
[runlim] sample:		1547.7 time, 1620.8 real, 1693.4 MB
[runlim] sample:		1557.7 time, 1630.8 real, 1699.3 MB
[runlim] sample:		1567.7 time, 1640.8 real, 1704.4 MB
[runlim] sample:		1577.7 time, 1650.8 real, 1708.5 MB
[runlim] sample:		1587.7 time, 1660.8 real, 1713.9 MB
[runlim] sample:		1597.7 time, 1670.8 real, 1719.9 MB
[runlim] sample:		1607.7 time, 1680.8 real, 1726.0 MB
[runlim] sample:		1617.7 time, 1690.8 real, 1731.3 MB
[runlim] sample:		1627.7 time, 1700.8 real, 1736.9 MB
[runlim] sample:		1637.7 time, 1710.8 real, 1744.0 MB
[runlim] sample:		1647.7 time, 1720.8 real, 1751.2 MB
[runlim] sample:		1657.7 time, 1730.8 real, 1758.1 MB
[runlim] sample:		1667.7 time, 1740.8 real, 1764.6 MB
[runlim] sample:		1677.7 time, 1750.8 real, 1771.0 MB
[runlim] sample:		1687.6 time, 1760.8 real, 1775.7 MB
[runlim] sample:		1696.5 time, 1770.8 real, 1781.9 MB
[runlim] sample:		1705.8 time, 1780.8 real, 1785.5 MB
[runlim] sample:		1714.3 time, 1790.8 real, 1789.4 MB
[runlim] sample:		1722.9 time, 1800.8 real, 1793.7 MB
[runlim] sample:		1732.7 time, 1810.8 real, 1799.7 MB
[runlim] sample:		1742.6 time, 1820.8 real, 1805.5 MB
[runlim] sample:		1752.6 time, 1830.8 real, 1811.4 MB
[runlim] sample:		1762.6 time, 1840.8 real, 1817.8 MB
[runlim] sample:		1772.2 time, 1850.8 real, 1824.0 MB
[runlim] sample:		1782.2 time, 1860.8 real, 1831.0 MB
[runlim] sample:		1792.2 time, 1870.8 real, 1837.6 MB
[runlim] sample:		1800.6 time, 1880.8 real, 1843.1 MB
[runlim] sample:		1808.8 time, 1890.8 real, 1849.3 MB
[runlim] sample:		1816.5 time, 1900.8 real, 1854.5 MB
[runlim] sample:		1825.1 time, 1910.8 real, 1860.6 MB
[runlim] sample:		1834.5 time, 1920.8 real, 1867.8 MB
[runlim] sample:		1844.2 time, 1930.8 real, 1875.8 MB
[runlim] sample:		1853.9 time, 1940.8 real, 1884.1 MB
[runlim] sample:		1863.3 time, 1950.8 real, 1892.5 MB
[runlim] sample:		1870.8 time, 1960.8 real, 1897.4 MB
[runlim] sample:		1880.3 time, 1970.8 real, 1904.9 MB
[runlim] sample:		1890.0 time, 1980.8 real, 1910.5 MB
[runlim] sample:		1899.4 time, 1990.8 real, 1916.7 MB
[runlim] sample:		1907.3 time, 2000.8 real, 1922.1 MB
[runlim] sample:		1917.3 time, 2010.8 real, 1929.3 MB
[runlim] sample:		1927.3 time, 2020.8 real, 1936.7 MB
[runlim] sample:		1937.3 time, 2030.8 real, 1942.1 MB
[runlim] sample:		1947.3 time, 2040.8 real, 1948.5 MB
[runlim] sample:		1957.3 time, 2050.8 real, 1955.1 MB
[runlim] sample:		1967.3 time, 2060.8 real, 1961.8 MB
[runlim] sample:		1977.3 time, 2070.8 real, 1969.3 MB
[runlim] sample:		1986.6 time, 2080.8 real, 1976.5 MB
[runlim] sample:		1996.3 time, 2090.8 real, 1985.2 MB
[runlim] sample:		2005.3 time, 2100.8 real, 1992.1 MB
[runlim] sample:		2013.2 time, 2110.8 real, 1998.1 MB
[runlim] sample:		2022.7 time, 2120.8 real, 2004.0 MB
[runlim] sample:		2032.4 time, 2130.8 real, 2010.7 MB
[runlim] sample:		2041.8 time, 2140.8 real, 2017.1 MB
[runlim] sample:		2051.5 time, 2150.8 real, 2024.8 MB
[runlim] sample:		2060.5 time, 2160.8 real, 2031.2 MB
[runlim] sample:		2068.9 time, 2170.8 real, 2037.4 MB
[runlim] sample:		2077.8 time, 2180.8 real, 2043.2 MB
[runlim] sample:		2086.1 time, 2190.8 real, 2049.4 MB
[runlim] sample:		2096.1 time, 2200.8 real, 2057.4 MB
[runlim] sample:		2106.1 time, 2210.8 real, 2062.8 MB
[runlim] sample:		2116.1 time, 2220.8 real, 2069.8 MB
[runlim] sample:		2126.1 time, 2230.8 real, 2076.5 MB
[runlim] sample:		2136.1 time, 2240.8 real, 2081.6 MB
[runlim] sample:		2146.1 time, 2250.8 real, 2090.1 MB
[runlim] sample:		2156.1 time, 2260.8 real, 2098.6 MB
[runlim] sample:		2166.1 time, 2270.8 real, 2106.3 MB
[runlim] sample:		2176.1 time, 2280.8 real, 2114.0 MB
[runlim] sample:		2186.1 time, 2290.8 real, 2118.6 MB
[runlim] sample:		2196.1 time, 2300.8 real, 2123.8 MB
[runlim] sample:		2206.1 time, 2310.8 real, 2127.6 MB
[runlim] sample:		2216.1 time, 2320.8 real, 2134.8 MB
[runlim] sample:		2226.1 time, 2330.8 real, 2140.5 MB
[runlim] sample:		2236.1 time, 2340.8 real, 2146.5 MB
[runlim] sample:		2246.1 time, 2350.8 real, 2150.3 MB
[runlim] sample:		2256.1 time, 2360.8 real, 2155.2 MB
[runlim] sample:		2266.1 time, 2370.8 real, 2161.6 MB
[runlim] sample:		2276.1 time, 2380.8 real, 2168.3 MB
[runlim] sample:		2286.1 time, 2390.8 real, 2176.6 MB
[runlim] sample:		2296.1 time, 2400.8 real, 2183.8 MB
[runlim] sample:		2306.1 time, 2410.8 real, 2190.5 MB
[runlim] sample:		2316.1 time, 2420.8 real, 2196.9 MB
[runlim] sample:		2326.1 time, 2430.8 real, 2202.5 MB
[runlim] sample:		2336.1 time, 2440.8 real, 2209.2 MB
[runlim] sample:		2346.1 time, 2450.8 real, 2215.0 MB
[runlim] sample:		2356.1 time, 2460.8 real, 2222.9 MB
[runlim] sample:		2366.1 time, 2470.8 real, 2229.1 MB
[runlim] sample:		2376.1 time, 2480.8 real, 2237.1 MB
[runlim] sample:		2386.1 time, 2490.8 real, 2244.3 MB
[runlim] sample:		2396.1 time, 2500.8 real, 2249.9 MB
[runlim] sample:		2406.1 time, 2510.8 real, 2255.9 MB
[runlim] sample:		2416.1 time, 2520.8 real, 2262.0 MB
[runlim] sample:		2426.1 time, 2530.8 real, 2267.4 MB
[runlim] sample:		2436.1 time, 2540.8 real, 2272.8 MB
[runlim] sample:		2446.1 time, 2550.8 real, 2277.7 MB
[runlim] sample:		2456.1 time, 2560.8 real, 2283.6 MB
[runlim] sample:		2466.1 time, 2570.8 real, 2289.7 MB
[runlim] sample:		2476.1 time, 2580.8 real, 2297.1 MB
[runlim] sample:		2486.1 time, 2590.8 real, 2302.8 MB
[runlim] sample:		2496.1 time, 2600.8 real, 2309.7 MB
[runlim] sample:		2506.1 time, 2610.8 real, 2317.1 MB
[runlim] sample:		2516.1 time, 2620.8 real, 2326.4 MB
[runlim] sample:		2526.1 time, 2630.8 real, 2333.8 MB
[runlim] sample:		2536.1 time, 2640.8 real, 2341.8 MB
[runlim] sample:		2546.1 time, 2650.8 real, 2347.2 MB
[runlim] sample:		2556.1 time, 2660.8 real, 2354.2 MB
[runlim] sample:		2566.1 time, 2670.8 real, 2361.1 MB
[runlim] sample:		2576.1 time, 2680.8 real, 2367.5 MB
[runlim] sample:		2586.1 time, 2690.8 real, 2373.2 MB
[runlim] sample:		2596.1 time, 2700.8 real, 2378.4 MB
[runlim] sample:		2606.1 time, 2710.8 real, 2384.5 MB
[runlim] sample:		2616.1 time, 2720.8 real, 2391.0 MB
[runlim] sample:		2626.1 time, 2730.8 real, 2396.9 MB
[runlim] sample:		2636.1 time, 2740.8 real, 2401.8 MB
[runlim] sample:		2646.1 time, 2750.8 real, 2408.5 MB
[runlim] sample:		2656.1 time, 2760.8 real, 2415.2 MB
[runlim] sample:		2666.1 time, 2770.8 real, 2422.4 MB
[runlim] sample:		2676.1 time, 2780.8 real, 2430.0 MB
[runlim] sample:		2686.1 time, 2790.8 real, 2435.1 MB
[runlim] sample:		2696.1 time, 2800.8 real, 2443.4 MB
[runlim] sample:		2706.1 time, 2810.8 real, 2450.3 MB
[runlim] sample:		2716.1 time, 2820.8 real, 2457.6 MB
[runlim] sample:		2726.1 time, 2830.8 real, 2465.5 MB
[runlim] sample:		2736.1 time, 2840.8 real, 2471.6 MB
[runlim] sample:		2746.1 time, 2850.8 real, 2477.0 MB
[runlim] sample:		2756.1 time, 2860.8 real, 2481.6 MB
[runlim] sample:		2766.1 time, 2870.8 real, 2487.3 MB
[runlim] sample:		2776.1 time, 2880.8 real, 2495.0 MB
[runlim] sample:		2786.1 time, 2890.8 real, 2501.5 MB
[runlim] sample:		2796.1 time, 2900.8 real, 2505.9 MB
[runlim] sample:		2806.1 time, 2910.8 real, 2511.2 MB
[runlim] sample:		2816.1 time, 2920.8 real, 2514.8 MB
[runlim] sample:		2826.1 time, 2930.8 real, 2520.9 MB
[runlim] sample:		2836.1 time, 2940.8 real, 2528.9 MB
[runlim] sample:		2846.1 time, 2950.8 real, 2537.4 MB
[runlim] sample:		2856.1 time, 2960.8 real, 2544.1 MB
[runlim] sample:		2866.1 time, 2970.8 real, 2552.1 MB
[runlim] sample:		2876.1 time, 2980.8 real, 2557.2 MB
[runlim] sample:		2886.1 time, 2990.8 real, 2567.2 MB
[runlim] sample:		2896.1 time, 3000.8 real, 2574.9 MB
[runlim] sample:		2906.1 time, 3010.8 real, 2582.7 MB
[runlim] sample:		2916.1 time, 3020.8 real, 2591.4 MB
[runlim] sample:		2926.1 time, 3030.8 real, 2598.6 MB
[runlim] sample:		2936.1 time, 3040.8 real, 2607.0 MB
[runlim] sample:		2946.1 time, 3050.8 real, 2614.4 MB
[runlim] sample:		2956.1 time, 3060.8 real, 2622.6 MB
[runlim] sample:		2966.1 time, 3070.8 real, 2628.3 MB
[runlim] sample:		2976.1 time, 3080.8 real, 2634.7 MB
[runlim] sample:		2986.1 time, 3090.8 real, 2640.9 MB
[runlim] sample:		2996.1 time, 3100.8 real, 2647.9 MB
[runlim] sample:		3006.1 time, 3110.8 real, 2654.0 MB
[runlim] sample:		3016.1 time, 3120.8 real, 2660.2 MB
[runlim] sample:		3026.1 time, 3130.8 real, 2668.2 MB
[runlim] sample:		3036.1 time, 3140.8 real, 2675.6 MB
[runlim] sample:		3046.1 time, 3150.8 real, 2682.3 MB
[runlim] sample:		3056.1 time, 3160.8 real, 2688.5 MB
[runlim] sample:		3066.1 time, 3170.8 real, 2693.4 MB
[runlim] sample:		3076.1 time, 3180.8 real, 2697.2 MB
[runlim] sample:		3086.1 time, 3190.8 real, 2700.8 MB
[runlim] sample:		3096.1 time, 3200.8 real, 2704.9 MB
[runlim] sample:		3106.1 time, 3210.8 real, 2709.2 MB
[runlim] sample:		3116.1 time, 3220.8 real, 2712.8 MB
[runlim] sample:		3126.1 time, 3230.8 real, 2716.6 MB
[runlim] sample:		3136.1 time, 3240.8 real, 2721.0 MB
[runlim] sample:		3146.1 time, 3250.8 real, 2725.7 MB
[runlim] sample:		3156.1 time, 3260.8 real, 2731.0 MB
[runlim] sample:		3166.1 time, 3270.8 real, 2737.2 MB
[runlim] sample:		3176.1 time, 3280.8 real, 2744.2 MB
[runlim] sample:		3186.1 time, 3290.8 real, 2750.6 MB
[runlim] sample:		3196.1 time, 3300.8 real, 2759.6 MB
[runlim] sample:		3206.1 time, 3310.8 real, 2766.8 MB
[runlim] sample:		3216.1 time, 3320.8 real, 2775.8 MB
[runlim] sample:		3226.1 time, 3330.8 real, 2783.5 MB
[runlim] sample:		3236.1 time, 3340.8 real, 2791.4 MB
[runlim] sample:		3246.1 time, 3350.8 real, 2799.7 MB
[runlim] sample:		3256.1 time, 3360.8 real, 2806.8 MB
[runlim] sample:		3266.1 time, 3370.8 real, 2813.5 MB
[runlim] sample:		3276.1 time, 3380.8 real, 2820.0 MB
[runlim] sample:		3286.1 time, 3390.8 real, 2826.1 MB
[runlim] sample:		3296.1 time, 3400.8 real, 2831.3 MB
[runlim] sample:		3306.1 time, 3410.8 real, 2836.4 MB
[runlim] sample:		3316.1 time, 3420.8 real, 2842.3 MB
[runlim] sample:		3326.1 time, 3430.8 real, 2849.8 MB
[runlim] sample:		3336.1 time, 3440.8 real, 2858.5 MB
[runlim] sample:		3346.1 time, 3450.8 real, 2866.5 MB
[runlim] sample:		3356.1 time, 3460.8 real, 2874.2 MB
[runlim] sample:		3366.1 time, 3470.8 real, 2879.4 MB
[runlim] sample:		3376.1 time, 3480.8 real, 2886.3 MB
[runlim] sample:		3386.1 time, 3490.8 real, 2892.0 MB
[runlim] sample:		3396.1 time, 3500.8 real, 2897.1 MB
[runlim] sample:		3406.1 time, 3510.8 real, 2903.8 MB
[runlim] sample:		3416.1 time, 3520.8 real, 2910.8 MB
[runlim] sample:		3426.1 time, 3530.8 real, 2918.5 MB
[runlim] sample:		3436.1 time, 3540.8 real, 2925.4 MB
[runlim] sample:		3446.1 time, 3550.8 real, 2931.6 MB
[runlim] sample:		3456.1 time, 3560.8 real, 2938.8 MB
[runlim] sample:		3466.1 time, 3570.8 real, 2948.1 MB
[runlim] sample:		3476.1 time, 3580.8 real, 2956.0 MB
[runlim] sample:		3486.1 time, 3590.8 real, 2964.8 MB
[runlim] sample:		3496.1 time, 3600.8 real, 2973.3 MB
[runlim] sample:		3506.1 time, 3610.8 real, 2980.7 MB
[runlim] sample:		3516.1 time, 3620.8 real, 2990.2 MB
[runlim] sample:		3526.1 time, 3630.8 real, 2999.9 MB
[runlim] sample:		3536.1 time, 3640.8 real, 3010.4 MB
[runlim] sample:		3546.1 time, 3650.8 real, 3020.5 MB
[runlim] sample:		3556.1 time, 3660.8 real, 3029.2 MB
[runlim] sample:		3566.1 time, 3670.8 real, 3041.0 MB
[runlim] sample:		3576.1 time, 3680.8 real, 3050.5 MB
[runlim] sample:		3586.1 time, 3690.8 real, 3060.3 MB
[runlim] sample:		3596.1 time, 3700.8 real, 3069.6 MB
CVC4 interrupted by SIGTERM.
[runlim] end:			Sun Feb 17 02:48:58 2019
[runlim] status:		out of time
[runlim] result:		2
[runlim] children:		0
[runlim] real:			3704.83 seconds
[runlim] time:			3600.11 seconds
[runlim] space:			3073.7 MB
[runlim] samples:		37040
