[runlim] version:		1.10fixed
[runlim] time limit:		3600 seconds
[runlim] real time limit:	311040000 seconds
[runlim] space limit:		4000 MB
[runlim] argv[0]:		./cvc4
[runlim] argv[1]:		/tmp/DtdHsiL2.smt2
[runlim] start:			Mon Jan 28 08:26:33 2019
[runlim] main pid:		16101
[runlim] sample:		10.0 time, 10.4 real, 63.8 MB
[runlim] sample:		19.8 time, 20.4 real, 79.1 MB
[runlim] sample:		29.7 time, 30.4 real, 97.5 MB
[runlim] sample:		39.6 time, 40.4 real, 117.5 MB
[runlim] sample:		48.7 time, 50.4 real, 133.5 MB
[runlim] sample:		58.3 time, 60.4 real, 148.6 MB
[runlim] sample:		68.2 time, 70.4 real, 162.1 MB
[runlim] sample:		77.9 time, 80.4 real, 175.6 MB
[runlim] sample:		87.3 time, 90.4 real, 185.9 MB
[runlim] sample:		97.3 time, 100.4 real, 195.4 MB
[runlim] sample:		107.0 time, 110.4 real, 208.0 MB
[runlim] sample:		116.3 time, 120.4 real, 222.8 MB
[runlim] sample:		125.2 time, 130.4 real, 237.2 MB
[runlim] sample:		134.2 time, 140.4 real, 246.7 MB
[runlim] sample:		143.8 time, 150.4 real, 260.6 MB
[runlim] sample:		153.4 time, 160.4 real, 279.5 MB
[runlim] sample:		163.1 time, 170.4 real, 293.5 MB
[runlim] sample:		172.7 time, 180.4 real, 312.5 MB
[runlim] sample:		182.4 time, 190.4 real, 329.3 MB
[runlim] sample:		192.0 time, 200.4 real, 341.4 MB
[runlim] sample:		201.7 time, 210.4 real, 355.2 MB
[runlim] sample:		211.7 time, 220.4 real, 365.9 MB
[runlim] sample:		221.7 time, 230.4 real, 376.9 MB
[runlim] sample:		231.7 time, 240.4 real, 384.4 MB
[runlim] sample:		241.7 time, 250.4 real, 394.1 MB
[runlim] sample:		251.7 time, 260.4 real, 400.0 MB
[runlim] sample:		261.7 time, 270.4 real, 408.5 MB
[runlim] sample:		271.7 time, 280.4 real, 418.2 MB
[runlim] sample:		281.7 time, 290.4 real, 425.4 MB
[runlim] sample:		291.7 time, 300.4 real, 430.8 MB
[runlim] sample:		301.7 time, 310.4 real, 436.6 MB
[runlim] sample:		311.7 time, 320.4 real, 442.5 MB
[runlim] sample:		321.7 time, 330.4 real, 451.4 MB
[runlim] sample:		331.7 time, 340.4 real, 463.5 MB
[runlim] sample:		341.7 time, 350.4 real, 477.2 MB
[runlim] sample:		351.7 time, 360.4 real, 492.6 MB
[runlim] sample:		361.7 time, 370.4 real, 509.0 MB
[runlim] sample:		371.7 time, 380.4 real, 518.9 MB
[runlim] sample:		381.7 time, 390.4 real, 528.1 MB
[runlim] sample:		391.7 time, 400.4 real, 536.8 MB
[runlim] sample:		401.7 time, 410.4 real, 551.3 MB
[runlim] sample:		411.7 time, 420.4 real, 566.0 MB
[runlim] sample:		421.7 time, 430.4 real, 575.7 MB
[runlim] sample:		431.7 time, 440.4 real, 585.3 MB
[runlim] sample:		441.7 time, 450.4 real, 593.8 MB
[runlim] sample:		451.7 time, 460.4 real, 604.3 MB
[runlim] sample:		461.7 time, 470.4 real, 616.4 MB
[runlim] sample:		471.7 time, 480.4 real, 629.5 MB
[runlim] sample:		481.7 time, 490.4 real, 642.1 MB
[runlim] sample:		491.7 time, 500.4 real, 656.0 MB
[runlim] sample:		501.7 time, 510.4 real, 672.4 MB
[runlim] sample:		511.7 time, 520.4 real, 688.6 MB
[runlim] sample:		521.7 time, 530.4 real, 696.3 MB
[runlim] sample:		531.7 time, 540.4 real, 708.1 MB
[runlim] sample:		541.7 time, 550.4 real, 720.9 MB
[runlim] sample:		551.7 time, 560.4 real, 733.4 MB
[runlim] sample:		561.7 time, 570.4 real, 745.5 MB
[runlim] sample:		571.7 time, 580.4 real, 759.7 MB
[runlim] sample:		581.7 time, 590.4 real, 773.4 MB
[runlim] sample:		591.7 time, 600.4 real, 785.9 MB
[runlim] sample:		601.7 time, 610.4 real, 797.2 MB
[runlim] sample:		611.7 time, 620.4 real, 810.6 MB
[runlim] sample:		621.7 time, 630.4 real, 823.7 MB
[runlim] sample:		631.7 time, 640.4 real, 836.3 MB
[runlim] sample:		641.7 time, 650.4 real, 849.1 MB
[runlim] sample:		651.7 time, 660.4 real, 862.4 MB
[runlim] sample:		661.7 time, 670.4 real, 875.3 MB
