[runlim] version:		1.10fixed
[runlim] time limit:		3600 seconds
[runlim] real time limit:	311040000 seconds
[runlim] space limit:		4000 MB
[runlim] argv[0]:		./cvc4
[runlim] argv[1]:		/tmp/nu7ENZiC.smt2
[runlim] start:			Mon Jan 28 08:27:20 2019
[runlim] main pid:		16342
[runlim] sample:		10.0 time, 10.6 real, 95.3 MB
[runlim] sample:		20.0 time, 20.6 real, 119.8 MB
[runlim] sample:		30.0 time, 30.6 real, 141.6 MB
[runlim] sample:		40.0 time, 40.6 real, 153.4 MB
[runlim] sample:		49.9 time, 50.6 real, 165.1 MB
[runlim] sample:		59.8 time, 60.6 real, 195.1 MB
[runlim] sample:		69.8 time, 70.6 real, 218.0 MB
[runlim] sample:		79.8 time, 80.6 real, 240.1 MB
[runlim] sample:		89.8 time, 90.6 real, 257.3 MB
[runlim] sample:		99.8 time, 100.6 real, 275.2 MB
[runlim] sample:		109.8 time, 110.6 real, 289.8 MB
[runlim] sample:		119.8 time, 120.6 real, 314.3 MB
[runlim] sample:		129.8 time, 130.6 real, 340.5 MB
[runlim] sample:		139.8 time, 140.6 real, 367.7 MB
[runlim] sample:		149.8 time, 150.6 real, 394.2 MB
[runlim] sample:		159.8 time, 160.6 real, 426.6 MB
[runlim] sample:		169.8 time, 170.6 real, 447.4 MB
[runlim] sample:		179.8 time, 180.6 real, 467.5 MB
[runlim] sample:		189.8 time, 190.6 real, 488.8 MB
[runlim] sample:		199.8 time, 200.6 real, 507.6 MB
[runlim] sample:		209.8 time, 210.6 real, 526.1 MB
[runlim] sample:		219.8 time, 220.6 real, 545.6 MB
[runlim] sample:		229.8 time, 230.6 real, 556.9 MB
[runlim] sample:		239.8 time, 240.6 real, 567.1 MB
[runlim] sample:		249.8 time, 250.6 real, 578.7 MB
[runlim] sample:		259.8 time, 260.6 real, 590.7 MB
[runlim] sample:		269.8 time, 270.6 real, 602.0 MB
[runlim] sample:		279.8 time, 280.6 real, 617.7 MB
[runlim] sample:		289.8 time, 290.6 real, 638.0 MB
[runlim] sample:		299.8 time, 300.6 real, 656.5 MB
[runlim] sample:		309.8 time, 310.6 real, 676.3 MB
[runlim] sample:		319.8 time, 320.6 real, 694.8 MB
[runlim] sample:		329.8 time, 330.6 real, 713.3 MB
[runlim] sample:		339.8 time, 340.6 real, 723.0 MB
[runlim] sample:		349.8 time, 350.6 real, 732.0 MB
[runlim] sample:		359.8 time, 360.6 real, 743.3 MB
[runlim] sample:		369.8 time, 370.6 real, 752.5 MB
[runlim] sample:		379.8 time, 380.6 real, 761.5 MB
[runlim] sample:		389.8 time, 390.6 real, 768.7 MB
[runlim] sample:		399.8 time, 400.6 real, 782.0 MB
[runlim] sample:		409.8 time, 410.6 real, 794.6 MB
[runlim] sample:		419.8 time, 420.6 real, 806.2 MB
[runlim] sample:		429.8 time, 430.6 real, 821.0 MB
[runlim] sample:		439.8 time, 440.6 real, 834.6 MB
[runlim] sample:		449.8 time, 450.6 real, 843.1 MB
[runlim] sample:		459.8 time, 460.6 real, 852.0 MB
[runlim] sample:		469.8 time, 470.6 real, 860.7 MB
[runlim] sample:		479.8 time, 480.6 real, 869.7 MB
[runlim] sample:		489.8 time, 490.6 real, 877.6 MB
[runlim] sample:		499.8 time, 500.6 real, 884.8 MB
[runlim] sample:		509.8 time, 510.6 real, 891.7 MB
[runlim] sample:		519.8 time, 520.6 real, 898.6 MB
[runlim] sample:		529.8 time, 530.6 real, 906.3 MB
[runlim] sample:		539.8 time, 540.6 real, 915.3 MB
[runlim] sample:		549.8 time, 550.6 real, 922.3 MB
[runlim] sample:		559.8 time, 560.6 real, 930.0 MB
[runlim] sample:		569.8 time, 570.6 real, 937.9 MB
[runlim] sample:		579.8 time, 580.6 real, 951.5 MB
[runlim] sample:		589.8 time, 590.6 real, 963.9 MB
[runlim] sample:		599.8 time, 600.6 real, 981.9 MB
[runlim] sample:		609.8 time, 610.6 real, 995.3 MB
