[runlim] version:		1.10fixed
[runlim] time limit:		3600 seconds
[runlim] real time limit:	311040000 seconds
[runlim] space limit:		4000 MB
[runlim] argv[0]:		./cvc4
[runlim] argv[1]:		/tmp/a0Tjqkc5.smt2
[runlim] start:			Mon Jan 28 08:26:53 2019
[runlim] main pid:		32719
[runlim] sample:		10.0 time, 10.8 real, 72.6 MB
[runlim] sample:		20.0 time, 20.8 real, 123.1 MB
[runlim] sample:		30.0 time, 30.8 real, 154.7 MB
[runlim] sample:		40.0 time, 40.8 real, 182.9 MB
[runlim] sample:		49.7 time, 50.8 real, 210.2 MB
[runlim] sample:		59.7 time, 60.8 real, 241.9 MB
[runlim] sample:		69.7 time, 70.8 real, 271.4 MB
[runlim] sample:		79.7 time, 80.8 real, 296.8 MB
[runlim] sample:		89.7 time, 90.8 real, 321.5 MB
[runlim] sample:		99.7 time, 100.8 real, 347.0 MB
[runlim] sample:		109.7 time, 110.8 real, 372.3 MB
[runlim] sample:		119.7 time, 120.8 real, 401.9 MB
[runlim] sample:		129.7 time, 130.8 real, 429.4 MB
[runlim] sample:		139.7 time, 140.8 real, 458.5 MB
[runlim] sample:		149.7 time, 150.8 real, 488.0 MB
[runlim] sample:		159.7 time, 160.8 real, 510.5 MB
[runlim] sample:		169.7 time, 170.8 real, 535.2 MB
[runlim] sample:		179.7 time, 180.8 real, 559.8 MB
[runlim] sample:		189.7 time, 190.8 real, 580.3 MB
[runlim] sample:		199.7 time, 200.8 real, 598.5 MB
[runlim] sample:		209.7 time, 210.8 real, 617.3 MB
[runlim] sample:		219.7 time, 220.8 real, 634.8 MB
[runlim] sample:		229.7 time, 230.8 real, 652.0 MB
[runlim] sample:		239.7 time, 240.8 real, 672.1 MB
[runlim] sample:		249.7 time, 250.8 real, 693.2 MB
[runlim] sample:		259.7 time, 260.8 real, 711.6 MB
[runlim] sample:		269.7 time, 270.8 real, 729.1 MB
[runlim] sample:		279.7 time, 280.8 real, 746.5 MB
[runlim] sample:		289.7 time, 290.8 real, 763.2 MB
[runlim] sample:		299.7 time, 300.8 real, 780.6 MB
[runlim] sample:		309.7 time, 310.8 real, 796.2 MB
[runlim] sample:		319.7 time, 320.8 real, 814.3 MB
[runlim] sample:		329.7 time, 330.8 real, 828.9 MB
[runlim] sample:		339.7 time, 340.8 real, 844.1 MB
[runlim] sample:		349.7 time, 350.8 real, 861.4 MB
[runlim] sample:		359.7 time, 360.8 real, 881.8 MB
[runlim] sample:		369.7 time, 370.8 real, 902.1 MB
[runlim] sample:		379.7 time, 380.8 real, 920.6 MB
[runlim] sample:		389.7 time, 390.8 real, 939.4 MB
[runlim] sample:		399.7 time, 400.8 real, 957.2 MB
[runlim] sample:		409.7 time, 410.8 real, 976.3 MB
[runlim] sample:		419.7 time, 420.8 real, 992.2 MB
[runlim] sample:		429.7 time, 430.8 real, 1006.5 MB
[runlim] sample:		439.7 time, 440.8 real, 1020.2 MB
[runlim] sample:		449.7 time, 450.8 real, 1036.9 MB
[runlim] sample:		459.7 time, 460.8 real, 1051.2 MB
[runlim] sample:		469.7 time, 470.8 real, 1064.1 MB
[runlim] sample:		479.7 time, 480.8 real, 1076.6 MB
[runlim] sample:		489.7 time, 490.8 real, 1089.3 MB
[runlim] sample:		499.7 time, 500.8 real, 1102.1 MB
[runlim] sample:		509.7 time, 510.8 real, 1115.0 MB
[runlim] sample:		519.7 time, 520.8 real, 1132.4 MB
[runlim] sample:		529.7 time, 530.8 real, 1155.8 MB
[runlim] sample:		539.7 time, 540.8 real, 1176.1 MB
[runlim] sample:		549.7 time, 550.8 real, 1193.1 MB
[runlim] sample:		559.7 time, 560.8 real, 1213.0 MB
[runlim] sample:		569.7 time, 570.8 real, 1225.6 MB
[runlim] sample:		579.7 time, 580.8 real, 1236.9 MB
[runlim] sample:		589.7 time, 590.8 real, 1246.9 MB
[runlim] sample:		599.7 time, 600.8 real, 1257.0 MB
[runlim] sample:		609.7 time, 610.8 real, 1268.5 MB
[runlim] sample:		619.7 time, 620.8 real, 1279.0 MB
[runlim] sample:		629.7 time, 630.8 real, 1288.8 MB
[runlim] sample:		639.7 time, 640.8 real, 1298.8 MB
[runlim] sample:		649.7 time, 650.8 real, 1308.6 MB
[runlim] sample:		659.7 time, 660.8 real, 1318.6 MB
[runlim] sample:		669.7 time, 670.8 real, 1328.4 MB
[runlim] sample:		679.7 time, 680.8 real, 1338.4 MB
[runlim] sample:		689.7 time, 690.8 real, 1348.2 MB
[runlim] sample:		699.7 time, 700.8 real, 1357.4 MB
[runlim] sample:		709.7 time, 710.8 real, 1367.2 MB
[runlim] sample:		719.7 time, 720.8 real, 1377.2 MB
[runlim] sample:		729.7 time, 730.8 real, 1387.0 MB
[runlim] sample:		739.7 time, 740.8 real, 1395.9 MB
[runlim] sample:		749.7 time, 750.8 real, 1404.3 MB
[runlim] sample:		759.7 time, 760.8 real, 1413.2 MB
[runlim] sample:		769.7 time, 770.8 real, 1422.2 MB
[runlim] sample:		779.7 time, 780.8 real, 1430.6 MB
[runlim] sample:		789.7 time, 790.8 real, 1439.4 MB
[runlim] sample:		799.7 time, 800.8 real, 1448.1 MB
[runlim] sample:		809.7 time, 810.8 real, 1458.8 MB
[runlim] sample:		819.7 time, 820.8 real, 1468.9 MB
[runlim] sample:		829.7 time, 830.8 real, 1477.9 MB
[runlim] sample:		839.7 time, 840.8 real, 1487.2 MB
[runlim] sample:		849.7 time, 850.8 real, 1495.9 MB
[runlim] sample:		859.7 time, 860.8 real, 1504.9 MB
[runlim] sample:		869.7 time, 870.8 real, 1513.8 MB
[runlim] sample:		879.7 time, 880.8 real, 1526.1 MB
[runlim] sample:		889.7 time, 890.8 real, 1538.7 MB
[runlim] sample:		899.7 time, 900.8 real, 1549.0 MB
[runlim] sample:		909.7 time, 910.8 real, 1561.1 MB
[runlim] sample:		919.7 time, 920.8 real, 1571.0 MB
[runlim] sample:		929.7 time, 930.8 real, 1581.5 MB
[runlim] sample:		939.7 time, 940.8 real, 1591.8 MB
[runlim] sample:		949.7 time, 950.8 real, 1601.6 MB
[runlim] sample:		959.7 time, 960.8 real, 1616.0 MB
[runlim] sample:		969.7 time, 970.8 real, 1628.9 MB
[runlim] sample:		979.7 time, 980.8 real, 1640.0 MB
[runlim] sample:		989.7 time, 990.8 real, 1650.1 MB
[runlim] sample:		999.7 time, 1000.8 real, 1660.3 MB
[runlim] sample:		1009.7 time, 1010.8 real, 1670.6 MB
[runlim] sample:		1019.7 time, 1020.8 real, 1679.6 MB
[runlim] sample:		1029.7 time, 1030.8 real, 1689.7 MB
[runlim] sample:		1039.7 time, 1040.8 real, 1698.9 MB
[runlim] sample:		1049.7 time, 1050.8 real, 1707.3 MB
[runlim] sample:		1059.7 time, 1060.8 real, 1716.3 MB
[runlim] sample:		1069.7 time, 1070.8 real, 1725.2 MB
[runlim] sample:		1079.7 time, 1080.8 real, 1734.5 MB
[runlim] sample:		1089.7 time, 1090.8 real, 1744.5 MB
[runlim] sample:		1099.7 time, 1100.8 real, 1753.2 MB
[runlim] sample:		1109.7 time, 1110.8 real, 1763.5 MB
[runlim] sample:		1119.7 time, 1120.8 real, 1774.8 MB
[runlim] sample:		1129.7 time, 1130.8 real, 1785.1 MB
[runlim] sample:		1139.7 time, 1140.8 real, 1796.4 MB
[runlim] sample:		1149.7 time, 1150.8 real, 1808.2 MB
[runlim] sample:		1159.7 time, 1160.8 real, 1821.6 MB
[runlim] sample:		1169.7 time, 1170.8 real, 1834.2 MB
[runlim] sample:		1179.7 time, 1180.8 real, 1846.8 MB
[runlim] sample:		1189.7 time, 1190.8 real, 1859.0 MB
[runlim] sample:		1199.7 time, 1200.8 real, 1867.4 MB
[runlim] sample:		1209.7 time, 1210.8 real, 1876.7 MB
[runlim] sample:		1219.7 time, 1220.8 real, 1884.5 MB
[runlim] sample:		1229.7 time, 1230.8 real, 1894.2 MB
[runlim] sample:		1239.7 time, 1240.8 real, 1904.8 MB
[runlim] sample:		1249.7 time, 1250.8 real, 1914.1 MB
[runlim] sample:		1259.7 time, 1260.8 real, 1923.4 MB
[runlim] sample:		1269.7 time, 1270.8 real, 1931.8 MB
[runlim] sample:		1279.7 time, 1280.8 real, 1940.5 MB
[runlim] sample:		1289.7 time, 1290.8 real, 1950.8 MB
[runlim] sample:		1299.7 time, 1300.8 real, 1960.3 MB
[runlim] sample:		1309.7 time, 1310.8 real, 1969.3 MB
[runlim] sample:		1319.7 time, 1320.8 real, 1980.1 MB
[runlim] sample:		1329.7 time, 1330.8 real, 1991.4 MB
[runlim] sample:		1339.7 time, 1340.8 real, 2001.4 MB
[runlim] sample:		1349.7 time, 1350.8 real, 2011.0 MB
[runlim] sample:		1359.7 time, 1360.8 real, 2021.2 MB
[runlim] sample:		1369.7 time, 1370.8 real, 2031.5 MB
[runlim] sample:		1379.7 time, 1380.8 real, 2042.2 MB
[runlim] sample:		1389.7 time, 1390.8 real, 2052.7 MB
[runlim] sample:		1399.7 time, 1400.8 real, 2063.2 MB
[runlim] sample:		1409.7 time, 1410.8 real, 2072.7 MB
[runlim] sample:		1419.7 time, 1420.8 real, 2083.0 MB
[runlim] sample:		1429.7 time, 1430.8 real, 2092.8 MB
[runlim] sample:		1439.7 time, 1440.8 real, 2103.6 MB
[runlim] sample:		1449.7 time, 1450.8 real, 2113.9 MB
[runlim] sample:		1459.7 time, 1460.8 real, 2124.1 MB
[runlim] sample:		1469.7 time, 1470.8 real, 2133.9 MB
[runlim] sample:		1479.7 time, 1480.8 real, 2144.7 MB
[runlim] sample:		1489.7 time, 1490.8 real, 2154.5 MB
[runlim] sample:		1499.7 time, 1500.8 real, 2164.3 MB
[runlim] sample:		1509.7 time, 1510.8 real, 2172.8 MB
[runlim] sample:		1519.7 time, 1520.8 real, 2182.3 MB
[runlim] sample:		1529.7 time, 1530.8 real, 2191.3 MB
[runlim] sample:		1539.7 time, 1540.8 real, 2199.2 MB
[runlim] sample:		1549.7 time, 1550.8 real, 2207.4 MB
[runlim] sample:		1559.7 time, 1560.8 real, 2215.9 MB
[runlim] sample:		1569.7 time, 1570.8 real, 2224.2 MB
[runlim] sample:		1579.7 time, 1580.8 real, 2232.1 MB
[runlim] sample:		1589.7 time, 1590.8 real, 2240.4 MB
[runlim] sample:		1599.7 time, 1600.8 real, 2249.3 MB
[runlim] sample:		1609.7 time, 1610.8 real, 2258.6 MB
[runlim] sample:		1619.7 time, 1620.8 real, 2267.9 MB
[runlim] sample:		1629.7 time, 1630.8 real, 2279.1 MB
[runlim] sample:		1639.7 time, 1640.8 real, 2289.6 MB
[runlim] sample:		1649.7 time, 1650.8 real, 2298.9 MB
[runlim] sample:		1659.7 time, 1660.8 real, 2307.7 MB
[runlim] sample:		1669.7 time, 1670.8 real, 2316.3 MB
[runlim] sample:		1679.7 time, 1680.8 real, 2325.3 MB
[runlim] sample:		1689.7 time, 1690.8 real, 2333.6 MB
[runlim] sample:		1699.7 time, 1700.8 real, 2341.0 MB
[runlim] sample:		1709.7 time, 1710.8 real, 2350.3 MB
[runlim] sample:		1719.7 time, 1720.8 real, 2359.3 MB
[runlim] sample:		1729.7 time, 1730.8 real, 2367.5 MB
[runlim] sample:		1739.7 time, 1740.8 real, 2378.8 MB
[runlim] sample:		1749.7 time, 1750.8 real, 2387.0 MB
[runlim] sample:		1759.7 time, 1760.8 real, 2394.7 MB
[runlim] sample:		1769.7 time, 1770.8 real, 2403.2 MB
[runlim] sample:		1779.7 time, 1780.8 real, 2411.9 MB
[runlim] sample:		1789.7 time, 1790.8 real, 2420.4 MB
[runlim] sample:		1799.7 time, 1800.8 real, 2429.9 MB
[runlim] sample:		1809.7 time, 1810.8 real, 2439.0 MB
[runlim] sample:		1819.7 time, 1820.8 real, 2451.1 MB
[runlim] sample:		1829.7 time, 1830.8 real, 2460.2 MB
[runlim] sample:		1839.7 time, 1840.8 real, 2471.4 MB
[runlim] sample:		1849.7 time, 1850.8 real, 2478.8 MB
[runlim] sample:		1859.7 time, 1860.8 real, 2486.9 MB
[runlim] sample:		1869.7 time, 1870.8 real, 2494.5 MB
[runlim] sample:		1879.7 time, 1880.8 real, 2504.0 MB
[runlim] sample:		1889.7 time, 1890.8 real, 2511.9 MB
[runlim] sample:		1899.7 time, 1900.8 real, 2519.1 MB
[runlim] sample:		1909.7 time, 1910.8 real, 2527.1 MB
[runlim] sample:		1919.7 time, 1920.8 real, 2535.3 MB
[runlim] sample:		1929.7 time, 1930.8 real, 2543.1 MB
[runlim] sample:		1939.7 time, 1940.8 real, 2551.0 MB
[runlim] sample:		1949.7 time, 1950.8 real, 2557.4 MB
[runlim] sample:		1959.7 time, 1960.8 real, 2563.4 MB
[runlim] sample:		1969.7 time, 1970.8 real, 2572.6 MB
[runlim] sample:		1979.7 time, 1980.8 real, 2581.5 MB
[runlim] sample:		1989.7 time, 1990.8 real, 2589.7 MB
[runlim] sample:		1999.7 time, 2000.8 real, 2596.8 MB
[runlim] sample:		2009.7 time, 2010.8 real, 2605.0 MB
[runlim] sample:		2019.7 time, 2020.8 real, 2614.3 MB
[runlim] sample:		2029.7 time, 2030.8 real, 2622.1 MB
[runlim] sample:		2039.6 time, 2040.8 real, 2631.0 MB
[runlim] sample:		2049.6 time, 2050.8 real, 2638.8 MB
[runlim] sample:		2059.6 time, 2060.8 real, 2648.6 MB
[runlim] sample:		2069.6 time, 2070.8 real, 2654.3 MB
[runlim] sample:		2079.6 time, 2080.8 real, 2657.7 MB
[runlim] sample:		2089.6 time, 2090.8 real, 2665.4 MB
[runlim] sample:		2099.6 time, 2100.8 real, 2673.6 MB
[runlim] sample:		2109.6 time, 2110.8 real, 2681.5 MB
[runlim] sample:		2119.6 time, 2120.8 real, 2689.5 MB
[runlim] sample:		2129.6 time, 2130.8 real, 2696.9 MB
[runlim] sample:		2139.6 time, 2140.8 real, 2704.4 MB
[runlim] sample:		2149.6 time, 2150.8 real, 2714.0 MB
[runlim] sample:		2159.6 time, 2160.8 real, 2725.3 MB
[runlim] sample:		2169.6 time, 2170.8 real, 2737.1 MB
[runlim] sample:		2179.6 time, 2180.8 real, 2746.8 MB
[runlim] sample:		2189.6 time, 2190.8 real, 2754.8 MB
[runlim] sample:		2199.6 time, 2200.8 real, 2762.7 MB
[runlim] sample:		2209.5 time, 2210.8 real, 2769.6 MB
[runlim] sample:		2219.5 time, 2220.8 real, 2776.1 MB
[runlim] sample:		2229.5 time, 2230.8 real, 2782.2 MB
[runlim] sample:		2239.5 time, 2240.8 real, 2788.2 MB
[runlim] sample:		2249.5 time, 2250.8 real, 2794.3 MB
[runlim] sample:		2259.5 time, 2260.8 real, 2800.2 MB
[runlim] sample:		2269.5 time, 2270.8 real, 2806.2 MB
[runlim] sample:		2279.5 time, 2280.8 real, 2812.3 MB
[runlim] sample:		2289.5 time, 2290.8 real, 2818.5 MB
[runlim] sample:		2299.5 time, 2300.8 real, 2825.2 MB
[runlim] sample:		2309.5 time, 2310.8 real, 2832.4 MB
[runlim] sample:		2319.5 time, 2320.8 real, 2840.1 MB
[runlim] sample:		2329.5 time, 2330.8 real, 2848.4 MB
[runlim] sample:		2339.5 time, 2340.8 real, 2856.9 MB
[runlim] sample:		2349.5 time, 2350.8 real, 2864.5 MB
[runlim] sample:		2359.5 time, 2360.8 real, 2871.7 MB
[runlim] sample:		2369.5 time, 2370.8 real, 2879.2 MB
[runlim] sample:		2379.5 time, 2380.8 real, 2886.4 MB
[runlim] sample:		2389.5 time, 2390.8 real, 2893.8 MB
[runlim] sample:		2399.5 time, 2400.8 real, 2901.0 MB
[runlim] sample:		2409.5 time, 2410.8 real, 2909.3 MB
[runlim] sample:		2419.5 time, 2420.8 real, 2916.5 MB
[runlim] sample:		2429.5 time, 2430.8 real, 2924.1 MB
[runlim] sample:		2439.5 time, 2440.8 real, 2932.9 MB
[runlim] sample:		2449.5 time, 2450.8 real, 2942.6 MB
[runlim] sample:		2459.5 time, 2460.8 real, 2951.9 MB
[runlim] sample:		2469.5 time, 2470.8 real, 2960.1 MB
[runlim] sample:		2479.5 time, 2480.8 real, 2968.1 MB
[runlim] sample:		2489.5 time, 2490.8 real, 2976.3 MB
[runlim] sample:		2499.5 time, 2500.8 real, 2985.1 MB
[runlim] sample:		2509.5 time, 2510.8 real, 2994.3 MB
[runlim] sample:		2519.5 time, 2520.8 real, 3001.8 MB
[runlim] sample:		2529.5 time, 2530.8 real, 3013.1 MB
[runlim] sample:		2539.5 time, 2540.8 real, 3021.6 MB
[runlim] sample:		2549.5 time, 2550.8 real, 3029.3 MB
[runlim] sample:		2559.5 time, 2560.8 real, 3038.6 MB
[runlim] sample:		2569.5 time, 2570.8 real, 3049.4 MB
[runlim] sample:		2579.5 time, 2580.8 real, 3059.4 MB
[runlim] sample:		2589.5 time, 2590.8 real, 3067.1 MB
[runlim] sample:		2599.5 time, 2600.8 real, 3075.9 MB
[runlim] sample:		2609.5 time, 2610.8 real, 3086.2 MB
[runlim] sample:		2619.5 time, 2620.8 real, 3095.9 MB
[runlim] sample:		2629.5 time, 2630.8 real, 3103.2 MB
[runlim] sample:		2639.5 time, 2640.8 real, 3111.2 MB
[runlim] sample:		2649.5 time, 2650.8 real, 3118.9 MB
[runlim] sample:		2659.5 time, 2660.8 real, 3126.7 MB
[runlim] sample:		2669.5 time, 2670.8 real, 3134.2 MB
[runlim] sample:		2679.5 time, 2680.8 real, 3142.2 MB
[runlim] sample:		2689.5 time, 2690.8 real, 3150.7 MB
[runlim] sample:		2699.5 time, 2700.8 real, 3159.7 MB
[runlim] sample:		2709.5 time, 2710.8 real, 3167.9 MB
[runlim] sample:		2719.5 time, 2720.8 real, 3176.1 MB
[runlim] sample:		2729.5 time, 2730.8 real, 3184.4 MB
[runlim] sample:		2739.5 time, 2740.8 real, 3192.8 MB
[runlim] sample:		2749.5 time, 2750.8 real, 3200.8 MB
[runlim] sample:		2759.5 time, 2760.8 real, 3209.1 MB
[runlim] sample:		2769.5 time, 2770.8 real, 3217.0 MB
[runlim] sample:		2779.5 time, 2780.8 real, 3226.6 MB
[runlim] sample:		2789.5 time, 2790.8 real, 3235.0 MB
[runlim] sample:		2799.5 time, 2800.8 real, 3243.5 MB
[runlim] sample:		2809.5 time, 2810.8 real, 3251.8 MB
[runlim] sample:		2819.5 time, 2820.8 real, 3260.8 MB
[runlim] sample:		2829.5 time, 2830.8 real, 3268.7 MB
[runlim] sample:		2839.5 time, 2840.8 real, 3277.2 MB
[runlim] sample:		2849.5 time, 2850.8 real, 3285.7 MB
[runlim] sample:		2859.5 time, 2860.8 real, 3293.9 MB
[runlim] sample:		2869.5 time, 2870.8 real, 3301.9 MB
[runlim] sample:		2879.5 time, 2880.8 real, 3309.7 MB
[runlim] sample:		2889.5 time, 2890.8 real, 3317.4 MB
[runlim] sample:		2899.5 time, 2900.8 real, 3326.1 MB
[runlim] sample:		2909.5 time, 2910.8 real, 3335.4 MB
[runlim] sample:		2919.5 time, 2920.8 real, 3344.5 MB
[runlim] sample:		2929.5 time, 2930.8 real, 3355.2 MB
[runlim] sample:		2939.5 time, 2940.8 real, 3364.3 MB
[runlim] sample:		2949.5 time, 2950.8 real, 3373.4 MB
[runlim] sample:		2959.5 time, 2960.8 real, 3380.8 MB
[runlim] sample:		2969.5 time, 2970.8 real, 3389.8 MB
[runlim] sample:		2979.5 time, 2980.8 real, 3401.4 MB
[runlim] sample:		2989.5 time, 2990.8 real, 3408.5 MB
[runlim] sample:		2999.5 time, 3000.8 real, 3416.4 MB
[runlim] sample:		3009.5 time, 3010.8 real, 3423.9 MB
[runlim] sample:		3019.5 time, 3020.8 real, 3431.6 MB
[runlim] sample:		3029.5 time, 3030.8 real, 3438.6 MB
[runlim] sample:		3039.5 time, 3040.8 real, 3445.1 MB
[runlim] sample:		3049.5 time, 3050.8 real, 3451.8 MB
[runlim] sample:		3059.5 time, 3060.8 real, 3459.0 MB
[runlim] sample:		3069.5 time, 3070.8 real, 3466.1 MB
[runlim] sample:		3079.5 time, 3080.8 real, 3472.8 MB
[runlim] sample:		3089.5 time, 3090.8 real, 3479.7 MB
[runlim] sample:		3099.5 time, 3100.8 real, 3487.7 MB
[runlim] sample:		3109.5 time, 3110.8 real, 3497.3 MB
[runlim] sample:		3119.5 time, 3120.8 real, 3505.6 MB
[runlim] sample:		3129.5 time, 3130.8 real, 3513.0 MB
[runlim] sample:		3139.5 time, 3140.8 real, 3524.3 MB
[runlim] sample:		3149.5 time, 3150.8 real, 3535.9 MB
[runlim] sample:		3159.5 time, 3160.8 real, 3548.5 MB
[runlim] sample:		3169.5 time, 3170.8 real, 3563.7 MB
[runlim] sample:		3179.5 time, 3180.8 real, 3572.1 MB
[runlim] sample:		3189.5 time, 3190.8 real, 3581.4 MB
[runlim] sample:		3199.5 time, 3200.8 real, 3591.6 MB
[runlim] sample:		3209.5 time, 3210.8 real, 3599.6 MB
[runlim] sample:		3219.5 time, 3220.8 real, 3607.8 MB
[runlim] sample:		3229.5 time, 3230.8 real, 3615.8 MB
[runlim] sample:		3239.5 time, 3240.8 real, 3624.6 MB
[runlim] sample:		3249.5 time, 3250.8 real, 3632.5 MB
[runlim] sample:		3259.5 time, 3260.8 real, 3640.8 MB
[runlim] sample:		3269.5 time, 3270.8 real, 3648.7 MB
[runlim] sample:		3279.5 time, 3280.8 real, 3656.7 MB
[runlim] sample:		3289.5 time, 3290.8 real, 3665.3 MB
[runlim] sample:		3299.5 time, 3300.8 real, 3672.7 MB
[runlim] sample:		3309.5 time, 3310.8 real, 3681.2 MB
[runlim] sample:		3319.5 time, 3320.8 real, 3688.9 MB
[runlim] sample:		3329.5 time, 3330.8 real, 3696.4 MB
[runlim] sample:		3339.5 time, 3340.8 real, 3703.9 MB
[runlim] sample:		3349.5 time, 3350.8 real, 3711.3 MB
[runlim] sample:		3359.5 time, 3360.8 real, 3718.8 MB
[runlim] sample:		3369.5 time, 3370.8 real, 3725.5 MB
[runlim] sample:		3379.5 time, 3380.8 real, 3733.7 MB
[runlim] sample:		3389.5 time, 3390.8 real, 3741.9 MB
[runlim] sample:		3399.5 time, 3400.8 real, 3750.4 MB
[runlim] sample:		3409.5 time, 3410.8 real, 3758.3 MB
[runlim] sample:		3419.5 time, 3420.8 real, 3766.1 MB
[runlim] sample:		3429.5 time, 3430.8 real, 3773.0 MB
[runlim] sample:		3439.5 time, 3440.8 real, 3781.5 MB
[runlim] sample:		3449.5 time, 3450.8 real, 3791.8 MB
[runlim] sample:		3459.5 time, 3460.8 real, 3802.7 MB
[runlim] sample:		3469.5 time, 3470.8 real, 3815.0 MB
[runlim] sample:		3479.5 time, 3480.8 real, 3826.6 MB
[runlim] sample:		3489.5 time, 3490.8 real, 3836.8 MB
[runlim] sample:		3499.5 time, 3500.8 real, 3846.4 MB
[runlim] sample:		3509.5 time, 3510.8 real, 3857.9 MB
[runlim] sample:		3519.5 time, 3520.8 real, 3869.5 MB
[runlim] sample:		3529.5 time, 3530.8 real, 3880.5 MB
[runlim] sample:		3539.5 time, 3540.8 real, 3891.8 MB
[runlim] sample:		3549.5 time, 3550.8 real, 3902.1 MB
[runlim] sample:		3559.5 time, 3560.8 real, 3911.6 MB
[runlim] sample:		3569.5 time, 3570.8 real, 3921.6 MB
[runlim] sample:		3579.5 time, 3580.8 real, 3932.2 MB
[runlim] sample:		3589.5 time, 3590.8 real, 3942.4 MB
[runlim] sample:		3599.5 time, 3600.8 real, 3954.0 MB
CVC4 interrupted by SIGTERM.
[runlim] end:			Mon Jan 28 09:26:54 2019
[runlim] status:		out of time
[runlim] result:		2
[runlim] children:		0
[runlim] real:			3601.46 seconds
[runlim] time:			3600.12 seconds
[runlim] space:			3954.8 MB
[runlim] samples:		36006
