[runlim] version:		1.10fixed
[runlim] time limit:		3600 seconds
[runlim] real time limit:	311040000 seconds
[runlim] space limit:		4000 MB
[runlim] argv[0]:		./cvc4
[runlim] argv[1]:		/tmp/8whDu2NE.smt2
[runlim] start:			Mon Jan 28 08:26:41 2019
[runlim] main pid:		2663
[runlim] sample:		10.0 time, 10.2 real, 122.4 MB
[runlim] sample:		20.0 time, 20.2 real, 142.1 MB
[runlim] sample:		30.0 time, 30.2 real, 162.9 MB
[runlim] sample:		40.0 time, 40.2 real, 179.4 MB
[runlim] sample:		49.4 time, 50.2 real, 192.3 MB
[runlim] sample:		59.4 time, 60.2 real, 211.6 MB
[runlim] sample:		69.4 time, 70.2 real, 230.7 MB
[runlim] sample:		79.4 time, 80.2 real, 250.2 MB
[runlim] sample:		89.4 time, 90.2 real, 268.3 MB
[runlim] sample:		99.4 time, 100.2 real, 285.5 MB
[runlim] sample:		109.4 time, 110.2 real, 302.0 MB
[runlim] sample:		119.4 time, 120.2 real, 318.3 MB
[runlim] sample:		129.4 time, 130.2 real, 335.1 MB
[runlim] sample:		139.4 time, 140.2 real, 350.8 MB
[runlim] sample:		149.4 time, 150.2 real, 365.5 MB
[runlim] sample:		159.4 time, 160.2 real, 379.4 MB
[runlim] sample:		169.4 time, 170.2 real, 396.1 MB
[runlim] sample:		179.4 time, 180.2 real, 424.2 MB
[runlim] sample:		189.4 time, 190.2 real, 441.7 MB
[runlim] sample:		199.4 time, 200.2 real, 460.5 MB
[runlim] sample:		209.4 time, 210.2 real, 482.2 MB
[runlim] sample:		219.4 time, 220.2 real, 501.2 MB
[runlim] sample:		229.4 time, 230.2 real, 518.8 MB
[runlim] sample:		239.4 time, 240.2 real, 534.7 MB
[runlim] sample:		249.3 time, 250.2 real, 553.3 MB
[runlim] sample:		259.3 time, 260.2 real, 574.7 MB
[runlim] sample:		269.3 time, 270.2 real, 597.4 MB
[runlim] sample:		279.3 time, 280.2 real, 623.1 MB
[runlim] sample:		289.3 time, 290.2 real, 643.7 MB
[runlim] sample:		299.3 time, 300.2 real, 670.0 MB
[runlim] sample:		309.3 time, 310.2 real, 693.7 MB
[runlim] sample:		319.3 time, 320.2 real, 717.9 MB
[runlim] sample:		329.3 time, 330.2 real, 741.9 MB
[runlim] sample:		339.3 time, 340.2 real, 766.1 MB
[runlim] sample:		349.3 time, 350.2 real, 786.7 MB
[runlim] sample:		359.3 time, 360.2 real, 810.6 MB
[runlim] sample:		369.3 time, 370.2 real, 830.7 MB
[runlim] sample:		379.3 time, 380.2 real, 850.8 MB
[runlim] sample:		389.3 time, 390.2 real, 887.1 MB
[runlim] sample:		399.3 time, 400.2 real, 918.5 MB
[runlim] sample:		409.3 time, 410.2 real, 947.6 MB
[runlim] sample:		419.2 time, 420.2 real, 970.2 MB
[runlim] sample:		429.3 time, 430.2 real, 990.0 MB
[runlim] sample:		439.3 time, 440.2 real, 1008.1 MB
[runlim] sample:		449.3 time, 450.2 real, 1028.5 MB
[runlim] sample:		459.3 time, 460.2 real, 1059.9 MB
[runlim] sample:		469.2 time, 470.2 real, 1091.6 MB
[runlim] sample:		479.2 time, 480.2 real, 1123.5 MB
[runlim] sample:		489.2 time, 490.2 real, 1152.7 MB
[runlim] sample:		499.2 time, 500.2 real, 1181.3 MB
[runlim] sample:		509.3 time, 510.2 real, 1206.0 MB
[runlim] sample:		519.3 time, 520.2 real, 1233.6 MB
[runlim] sample:		529.3 time, 530.2 real, 1259.4 MB
[runlim] sample:		539.3 time, 540.2 real, 1283.6 MB
[runlim] sample:		549.2 time, 550.2 real, 1305.2 MB
[runlim] sample:		559.3 time, 560.2 real, 1330.7 MB
[runlim] sample:		569.3 time, 570.2 real, 1354.4 MB
[runlim] sample:		579.3 time, 580.2 real, 1377.4 MB
[runlim] sample:		589.3 time, 590.2 real, 1412.9 MB
[runlim] sample:		599.3 time, 600.2 real, 1460.6 MB
[runlim] sample:		609.3 time, 610.2 real, 1510.8 MB
[runlim] sample:		619.3 time, 620.2 real, 1535.2 MB
[runlim] sample:		629.3 time, 630.2 real, 1562.3 MB
[runlim] sample:		639.3 time, 640.2 real, 1590.4 MB
[runlim] sample:		649.3 time, 650.2 real, 1615.6 MB
[runlim] sample:		659.3 time, 660.2 real, 1638.6 MB
[runlim] sample:		669.2 time, 670.2 real, 1666.1 MB
[runlim] sample:		679.3 time, 680.2 real, 1692.7 MB
[runlim] sample:		689.3 time, 690.2 real, 1714.8 MB
[runlim] sample:		699.3 time, 700.2 real, 1734.1 MB
[runlim] sample:		709.3 time, 710.2 real, 1756.3 MB
[runlim] sample:		719.3 time, 720.2 real, 1784.1 MB
[runlim] sample:		729.3 time, 730.2 real, 1811.7 MB
[runlim] sample:		739.3 time, 740.2 real, 1838.0 MB
[runlim] sample:		749.3 time, 750.2 real, 1863.5 MB
[runlim] sample:		759.3 time, 760.2 real, 1899.3 MB
[runlim] sample:		769.3 time, 770.2 real, 1935.6 MB
[runlim] sample:		779.3 time, 780.2 real, 1974.3 MB
[runlim] sample:		789.3 time, 790.2 real, 2013.2 MB
[runlim] sample:		799.3 time, 800.2 real, 2054.2 MB
[runlim] sample:		809.3 time, 810.2 real, 2090.5 MB
[runlim] sample:		819.3 time, 820.2 real, 2139.5 MB
[runlim] sample:		829.3 time, 830.2 real, 2186.9 MB
[runlim] sample:		839.3 time, 840.2 real, 2231.8 MB
[runlim] sample:		849.3 time, 850.2 real, 2276.4 MB
[runlim] sample:		859.3 time, 860.2 real, 2315.8 MB
[runlim] sample:		869.3 time, 870.2 real, 2354.5 MB
[runlim] sample:		879.3 time, 880.2 real, 2396.0 MB
[runlim] sample:		889.3 time, 890.2 real, 2441.6 MB
[runlim] sample:		899.3 time, 900.2 real, 2487.0 MB
[runlim] sample:		909.3 time, 910.2 real, 2530.0 MB
[runlim] sample:		919.3 time, 920.2 real, 2571.5 MB
[runlim] sample:		929.3 time, 930.2 real, 2613.3 MB
[runlim] sample:		939.3 time, 940.2 real, 2651.9 MB
[runlim] sample:		949.3 time, 950.2 real, 2691.9 MB
[runlim] sample:		959.3 time, 960.2 real, 2721.7 MB
[runlim] sample:		969.3 time, 970.2 real, 2739.7 MB
[runlim] sample:		979.3 time, 980.2 real, 2758.3 MB
[runlim] sample:		989.3 time, 990.2 real, 2779.4 MB
[runlim] sample:		999.3 time, 1000.2 real, 2804.1 MB
[runlim] sample:		1009.3 time, 1010.2 real, 2832.7 MB
[runlim] sample:		1019.3 time, 1020.2 real, 2851.4 MB
[runlim] sample:		1029.3 time, 1030.2 real, 2873.3 MB
[runlim] sample:		1039.3 time, 1040.2 real, 2895.2 MB
[runlim] sample:		1049.3 time, 1050.2 real, 2915.6 MB
[runlim] sample:		1059.3 time, 1060.2 real, 2933.4 MB
[runlim] sample:		1069.3 time, 1070.2 real, 2953.7 MB
[runlim] sample:		1079.3 time, 1080.2 real, 2980.7 MB
[runlim] sample:		1089.3 time, 1090.2 real, 3012.7 MB
[runlim] sample:		1099.3 time, 1100.2 real, 3032.8 MB
[runlim] sample:		1109.3 time, 1110.2 real, 3051.6 MB
[runlim] sample:		1119.3 time, 1120.2 real, 3071.7 MB
[runlim] sample:		1129.3 time, 1130.2 real, 3090.8 MB
[runlim] sample:		1139.3 time, 1140.2 real, 3110.6 MB
[runlim] sample:		1149.3 time, 1150.2 real, 3130.2 MB
[runlim] sample:		1159.3 time, 1160.2 real, 3152.3 MB
[runlim] sample:		1169.3 time, 1170.2 real, 3171.9 MB
[runlim] sample:		1179.3 time, 1180.2 real, 3192.3 MB
[runlim] sample:		1189.3 time, 1190.2 real, 3212.9 MB
[runlim] sample:		1199.3 time, 1200.2 real, 3233.2 MB
[runlim] sample:		1209.3 time, 1210.2 real, 3252.8 MB
[runlim] sample:		1219.3 time, 1220.2 real, 3272.4 MB
[runlim] sample:		1229.3 time, 1230.2 real, 3292.5 MB
[runlim] sample:		1239.3 time, 1240.2 real, 3317.7 MB
[runlim] sample:		1249.3 time, 1250.2 real, 3347.1 MB
[runlim] sample:		1259.3 time, 1260.2 real, 3366.4 MB
[runlim] sample:		1269.3 time, 1270.2 real, 3384.7 MB
[runlim] sample:		1279.3 time, 1280.2 real, 3405.5 MB
[runlim] sample:		1289.3 time, 1290.2 real, 3426.4 MB
[runlim] sample:		1299.3 time, 1300.2 real, 3447.3 MB
[runlim] sample:		1309.3 time, 1310.2 real, 3467.1 MB
[runlim] sample:		1319.3 time, 1320.2 real, 3486.7 MB
[runlim] sample:		1329.3 time, 1330.2 real, 3512.2 MB
[runlim] sample:		1339.3 time, 1340.2 real, 3542.1 MB
[runlim] sample:		1349.3 time, 1350.2 real, 3571.7 MB
[runlim] sample:		1359.3 time, 1360.2 real, 3598.5 MB
[runlim] sample:		1369.3 time, 1370.2 real, 3616.5 MB
[runlim] sample:		1379.3 time, 1380.2 real, 3635.9 MB
[runlim] sample:		1389.3 time, 1390.2 real, 3660.3 MB
[runlim] sample:		1399.3 time, 1400.2 real, 3675.5 MB
[runlim] sample:		1409.3 time, 1410.2 real, 3692.0 MB
[runlim] sample:		1419.3 time, 1420.2 real, 3712.4 MB
[runlim] sample:		1429.3 time, 1430.2 real, 3745.3 MB
[runlim] sample:		1439.3 time, 1440.2 real, 3774.2 MB
[runlim] sample:		1449.3 time, 1450.2 real, 3798.9 MB
[runlim] sample:		1459.3 time, 1460.2 real, 3821.6 MB
[runlim] sample:		1469.3 time, 1470.2 real, 3864.9 MB
[runlim] sample:		1479.3 time, 1480.2 real, 3894.3 MB
[runlim] sample:		1489.3 time, 1490.2 real, 3923.9 MB
[runlim] sample:		1499.3 time, 1500.2 real, 3954.6 MB
[runlim] sample:		1509.3 time, 1510.2 real, 3988.1 MB
CVC4 interrupted by SIGTERM.
[runlim] end:			Mon Jan 28 08:51:54 2019
[runlim] status:		out of memory
[runlim] result:		3
[runlim] children:		0
[runlim] real:			1513.85 seconds
[runlim] time:			1512.86 seconds
[runlim] space:			4000.2 MB
[runlim] samples:		15136
