[runlim] version:		1.10fixed
[runlim] time limit:		3600 seconds
[runlim] real time limit:	311040000 seconds
[runlim] space limit:		4000 MB
[runlim] argv[0]:		./cvc4
[runlim] argv[1]:		/tmp/U4Np3tDI.smt2
[runlim] start:			Sun Feb 17 01:47:10 2019
[runlim] main pid:		13536
[runlim] sample:		10.0 time, 10.4 real, 83.2 MB
[runlim] sample:		20.0 time, 20.4 real, 118.0 MB
[runlim] sample:		29.8 time, 30.4 real, 143.9 MB
[runlim] sample:		39.8 time, 40.4 real, 161.1 MB
[runlim] sample:		49.8 time, 50.4 real, 181.1 MB
[runlim] sample:		59.8 time, 60.4 real, 195.7 MB
[runlim] sample:		69.8 time, 70.4 real, 212.8 MB
[runlim] sample:		79.8 time, 80.4 real, 232.1 MB
[runlim] sample:		89.8 time, 90.4 real, 250.0 MB
[runlim] sample:		99.8 time, 100.4 real, 266.6 MB
[runlim] sample:		109.8 time, 110.4 real, 282.5 MB
[runlim] sample:		119.8 time, 120.4 real, 300.5 MB
[runlim] sample:		129.8 time, 130.4 real, 319.2 MB
[runlim] sample:		139.8 time, 140.4 real, 337.9 MB
[runlim] sample:		149.8 time, 150.4 real, 357.1 MB
[runlim] sample:		159.8 time, 160.4 real, 374.3 MB
[runlim] sample:		169.8 time, 170.4 real, 390.0 MB
[runlim] sample:		179.8 time, 180.4 real, 405.4 MB
[runlim] sample:		189.8 time, 190.4 real, 416.0 MB
[runlim] sample:		199.8 time, 200.4 real, 427.5 MB
[runlim] sample:		209.8 time, 210.4 real, 439.3 MB
[runlim] sample:		219.8 time, 220.4 real, 449.6 MB
[runlim] sample:		229.8 time, 230.4 real, 461.4 MB
[runlim] sample:		239.8 time, 240.4 real, 473.2 MB
[runlim] sample:		249.8 time, 250.4 real, 485.0 MB
[runlim] sample:		259.8 time, 260.4 real, 498.4 MB
[runlim] sample:		269.8 time, 270.4 real, 513.5 MB
[runlim] sample:		279.8 time, 280.4 real, 525.9 MB
[runlim] sample:		289.8 time, 290.4 real, 538.9 MB
[runlim] sample:		299.8 time, 300.4 real, 548.7 MB
[runlim] sample:		309.8 time, 310.4 real, 559.2 MB
[runlim] sample:		319.8 time, 320.4 real, 568.4 MB
[runlim] sample:		329.8 time, 330.4 real, 576.6 MB
[runlim] sample:		339.8 time, 340.4 real, 584.6 MB
[runlim] sample:		349.8 time, 350.4 real, 592.0 MB
[runlim] sample:		359.8 time, 360.4 real, 600.3 MB
[runlim] sample:		369.8 time, 370.4 real, 610.5 MB
[runlim] sample:		379.8 time, 380.4 real, 619.0 MB
[runlim] sample:		389.8 time, 390.4 real, 631.3 MB
[runlim] sample:		399.8 time, 400.4 real, 644.4 MB
[runlim] sample:		409.8 time, 410.4 real, 659.8 MB
[runlim] sample:		419.8 time, 420.4 real, 674.7 MB
[runlim] sample:		429.8 time, 430.4 real, 685.7 MB
[runlim] sample:		439.8 time, 440.4 real, 694.5 MB
[runlim] sample:		449.8 time, 450.4 real, 704.8 MB
[runlim] sample:		459.8 time, 460.4 real, 714.8 MB
[runlim] sample:		469.8 time, 470.4 real, 723.8 MB
[runlim] sample:		479.8 time, 480.4 real, 734.3 MB
[runlim] sample:		489.8 time, 490.4 real, 743.3 MB
[runlim] sample:		499.8 time, 500.4 real, 755.9 MB
[runlim] sample:		509.8 time, 510.4 real, 766.7 MB
[runlim] sample:		519.8 time, 520.4 real, 778.2 MB
[runlim] sample:		529.8 time, 530.4 real, 790.0 MB
[runlim] sample:		539.8 time, 540.4 real, 800.6 MB
[runlim] sample:		549.8 time, 550.4 real, 811.6 MB
[runlim] sample:		559.8 time, 560.4 real, 823.2 MB
[runlim] sample:		569.8 time, 570.4 real, 832.4 MB
[runlim] sample:		579.8 time, 580.4 real, 841.4 MB
[runlim] sample:		589.8 time, 590.4 real, 850.9 MB
[runlim] sample:		599.8 time, 600.4 real, 859.9 MB
[runlim] sample:		609.8 time, 610.4 real, 870.4 MB
[runlim] sample:		619.8 time, 620.4 real, 880.5 MB
[runlim] sample:		629.8 time, 630.4 real, 890.0 MB
[runlim] sample:		639.8 time, 640.4 real, 899.7 MB
[runlim] sample:		649.8 time, 650.4 real, 909.3 MB
[runlim] sample:		659.8 time, 660.4 real, 918.0 MB
[runlim] sample:		669.8 time, 670.4 real, 927.8 MB
[runlim] sample:		679.8 time, 680.4 real, 937.6 MB
[runlim] sample:		689.8 time, 690.4 real, 947.6 MB
[runlim] sample:		699.8 time, 700.4 real, 954.5 MB
[runlim] sample:		709.8 time, 710.4 real, 962.5 MB
[runlim] sample:		719.8 time, 720.4 real, 970.2 MB
[runlim] sample:		729.8 time, 730.4 real, 978.1 MB
[runlim] sample:		739.8 time, 740.4 real, 985.5 MB
[runlim] sample:		749.8 time, 750.4 real, 995.8 MB
[runlim] sample:		759.8 time, 760.4 real, 1006.3 MB
[runlim] sample:		769.8 time, 770.4 real, 1017.6 MB
[runlim] sample:		779.8 time, 780.4 real, 1028.1 MB
[runlim] sample:		789.8 time, 790.4 real, 1039.7 MB
[runlim] sample:		799.8 time, 800.4 real, 1051.7 MB
[runlim] sample:		809.8 time, 810.4 real, 1062.8 MB
[runlim] sample:		819.8 time, 820.4 real, 1073.8 MB
[runlim] sample:		829.8 time, 830.4 real, 1085.6 MB
[runlim] sample:		839.8 time, 840.4 real, 1095.9 MB
[runlim] sample:		849.8 time, 850.4 real, 1105.4 MB
[runlim] sample:		859.8 time, 860.4 real, 1113.7 MB
[runlim] sample:		869.8 time, 870.4 real, 1121.9 MB
[runlim] sample:		879.8 time, 880.4 real, 1131.9 MB
[runlim] sample:		889.8 time, 890.4 real, 1142.7 MB
[runlim] sample:		899.8 time, 900.4 real, 1153.5 MB
[runlim] sample:		909.8 time, 910.4 real, 1165.0 MB
[runlim] sample:		919.8 time, 920.4 real, 1176.1 MB
[runlim] sample:		929.8 time, 930.4 real, 1187.7 MB
[runlim] sample:		939.8 time, 940.4 real, 1198.2 MB
[runlim] sample:		949.8 time, 950.4 real, 1207.4 MB
[runlim] sample:		959.8 time, 960.4 real, 1215.9 MB
[runlim] sample:		969.8 time, 970.4 real, 1224.6 MB
[runlim] sample:		979.8 time, 980.4 real, 1234.6 MB
[runlim] sample:		989.8 time, 990.4 real, 1244.6 MB
[runlim] sample:		999.8 time, 1000.4 real, 1253.1 MB
[runlim] sample:		1009.8 time, 1010.4 real, 1262.4 MB
[runlim] sample:		1019.8 time, 1020.4 real, 1273.3 MB
[runlim] sample:		1029.8 time, 1030.4 real, 1282.9 MB
[runlim] sample:		1039.8 time, 1040.4 real, 1294.5 MB
[runlim] sample:		1049.8 time, 1050.4 real, 1305.3 MB
[runlim] sample:		1059.8 time, 1060.4 real, 1315.8 MB
[runlim] sample:		1069.8 time, 1070.4 real, 1325.4 MB
[runlim] sample:		1079.8 time, 1080.4 real, 1333.9 MB
[runlim] sample:		1089.8 time, 1090.4 real, 1343.2 MB
[runlim] sample:		1099.8 time, 1100.4 real, 1351.2 MB
[runlim] sample:		1109.8 time, 1110.4 real, 1359.2 MB
[runlim] sample:		1119.8 time, 1120.4 real, 1369.7 MB
[runlim] sample:		1129.8 time, 1130.4 real, 1380.3 MB
[runlim] sample:		1139.8 time, 1140.4 real, 1388.0 MB
[runlim] sample:		1149.8 time, 1150.4 real, 1397.8 MB
[runlim] sample:		1159.8 time, 1160.4 real, 1405.8 MB
[runlim] sample:		1169.8 time, 1170.4 real, 1415.6 MB
[runlim] sample:		1179.8 time, 1180.4 real, 1425.3 MB
[runlim] sample:		1189.8 time, 1190.4 real, 1435.1 MB
[runlim] sample:		1199.8 time, 1200.4 real, 1443.9 MB
[runlim] sample:		1209.8 time, 1210.4 real, 1452.0 MB
[runlim] sample:		1219.8 time, 1220.4 real, 1459.3 MB
[runlim] sample:		1229.8 time, 1230.4 real, 1466.8 MB
[runlim] sample:		1239.8 time, 1240.4 real, 1474.1 MB
[runlim] sample:		1249.8 time, 1250.4 real, 1479.7 MB
[runlim] sample:		1259.8 time, 1260.4 real, 1486.9 MB
[runlim] sample:		1269.8 time, 1270.4 real, 1492.4 MB
[runlim] sample:		1279.8 time, 1280.4 real, 1500.6 MB
[runlim] sample:		1289.8 time, 1290.4 real, 1508.1 MB
[runlim] sample:		1299.8 time, 1300.4 real, 1517.1 MB
[runlim] sample:		1309.8 time, 1310.4 real, 1523.7 MB
[runlim] sample:		1319.8 time, 1320.4 real, 1530.2 MB
[runlim] sample:		1329.8 time, 1330.4 real, 1535.1 MB
[runlim] sample:		1339.8 time, 1340.4 real, 1540.5 MB
[runlim] sample:		1349.8 time, 1350.4 real, 1545.6 MB
[runlim] sample:		1359.8 time, 1360.4 real, 1551.8 MB
[runlim] sample:		1369.8 time, 1370.4 real, 1556.2 MB
[runlim] sample:		1379.8 time, 1380.4 real, 1561.3 MB
[runlim] sample:		1389.8 time, 1390.4 real, 1566.2 MB
[runlim] sample:		1399.8 time, 1400.4 real, 1572.7 MB
[runlim] sample:		1409.8 time, 1410.4 real, 1580.4 MB
[runlim] sample:		1419.8 time, 1420.4 real, 1588.6 MB
[runlim] sample:		1429.8 time, 1430.4 real, 1598.1 MB
[runlim] sample:		1439.8 time, 1440.4 real, 1608.4 MB
[runlim] sample:		1449.8 time, 1450.4 real, 1617.2 MB
[runlim] sample:		1459.8 time, 1460.4 real, 1627.0 MB
[runlim] sample:		1469.8 time, 1470.4 real, 1635.7 MB
[runlim] sample:		1479.8 time, 1480.4 real, 1644.5 MB
[runlim] sample:		1489.8 time, 1490.4 real, 1652.9 MB
[runlim] sample:		1499.8 time, 1500.4 real, 1660.7 MB
[runlim] sample:		1509.8 time, 1510.4 real, 1666.6 MB
[runlim] sample:		1519.8 time, 1520.4 real, 1673.7 MB
[runlim] sample:		1529.8 time, 1530.4 real, 1681.2 MB
[runlim] sample:		1539.8 time, 1540.4 real, 1687.4 MB
[runlim] sample:		1549.8 time, 1550.4 real, 1692.6 MB
[runlim] sample:		1559.8 time, 1560.4 real, 1697.8 MB
[runlim] sample:		1569.8 time, 1570.4 real, 1706.0 MB
[runlim] sample:		1579.8 time, 1580.4 real, 1714.7 MB
[runlim] sample:		1589.8 time, 1590.4 real, 1723.1 MB
[runlim] sample:		1599.8 time, 1600.4 real, 1727.5 MB
[runlim] sample:		1609.8 time, 1610.4 real, 1732.4 MB
[runlim] sample:		1619.8 time, 1620.4 real, 1738.0 MB
[runlim] sample:		1629.8 time, 1630.4 real, 1744.7 MB
[runlim] sample:		1639.8 time, 1640.4 real, 1752.2 MB
[runlim] sample:		1649.8 time, 1650.4 real, 1759.1 MB
[runlim] sample:		1659.8 time, 1660.4 real, 1764.3 MB
[runlim] sample:		1669.8 time, 1670.4 real, 1768.9 MB
[runlim] sample:		1679.8 time, 1680.4 real, 1775.3 MB
[runlim] sample:		1689.8 time, 1690.4 real, 1781.0 MB
[runlim] sample:		1699.8 time, 1700.4 real, 1789.5 MB
[runlim] sample:		1709.8 time, 1710.4 real, 1793.9 MB
[runlim] sample:		1719.8 time, 1720.4 real, 1800.1 MB
[runlim] sample:		1729.8 time, 1730.4 real, 1805.2 MB
[runlim] sample:		1739.8 time, 1740.4 real, 1812.7 MB
[runlim] sample:		1749.8 time, 1750.4 real, 1818.3 MB
[runlim] sample:		1759.8 time, 1760.4 real, 1823.7 MB
[runlim] sample:		1769.8 time, 1770.4 real, 1827.3 MB
[runlim] sample:		1779.8 time, 1780.4 real, 1830.9 MB
[runlim] sample:		1789.8 time, 1790.4 real, 1836.0 MB
[runlim] sample:		1799.8 time, 1800.4 real, 1840.1 MB
[runlim] sample:		1809.8 time, 1810.4 real, 1845.2 MB
[runlim] sample:		1819.8 time, 1820.4 real, 1851.1 MB
[runlim] sample:		1829.8 time, 1830.4 real, 1856.5 MB
[runlim] sample:		1839.8 time, 1840.4 real, 1862.7 MB
[runlim] sample:		1849.8 time, 1850.4 real, 1868.6 MB
[runlim] sample:		1859.8 time, 1860.4 real, 1874.0 MB
[runlim] sample:		1869.8 time, 1870.4 real, 1880.1 MB
[runlim] sample:		1879.8 time, 1880.4 real, 1887.8 MB
[runlim] sample:		1889.8 time, 1890.4 real, 1897.1 MB
[runlim] sample:		1899.8 time, 1900.4 real, 1903.7 MB
[runlim] sample:		1909.8 time, 1910.4 real, 1909.4 MB
[runlim] sample:		1919.8 time, 1920.4 real, 1916.0 MB
[runlim] sample:		1929.8 time, 1930.4 real, 1922.4 MB
[runlim] sample:		1939.8 time, 1940.4 real, 1928.6 MB
[runlim] sample:		1949.8 time, 1950.4 real, 1935.0 MB
[runlim] sample:		1959.8 time, 1960.4 real, 1942.2 MB
[runlim] sample:		1969.8 time, 1970.4 real, 1950.6 MB
[runlim] sample:		1979.8 time, 1980.4 real, 1957.8 MB
[runlim] sample:		1989.8 time, 1990.4 real, 1965.5 MB
[runlim] sample:		1999.8 time, 2000.4 real, 1972.5 MB
[runlim] sample:		2009.8 time, 2010.4 real, 1980.2 MB
[runlim] sample:		2019.8 time, 2020.4 real, 1989.1 MB
[runlim] sample:		2029.8 time, 2030.4 real, 1996.3 MB
[runlim] sample:		2039.8 time, 2040.4 real, 2003.8 MB
[runlim] sample:		2049.8 time, 2050.4 real, 2011.5 MB
[runlim] sample:		2059.8 time, 2060.4 real, 2018.9 MB
[runlim] sample:		2069.8 time, 2070.4 real, 2024.3 MB
[runlim] sample:		2079.8 time, 2080.4 real, 2027.9 MB
[runlim] sample:		2089.8 time, 2090.4 real, 2032.3 MB
[runlim] sample:		2099.8 time, 2100.4 real, 2038.8 MB
[runlim] sample:		2109.8 time, 2110.4 real, 2043.0 MB
[runlim] sample:		2119.8 time, 2120.4 real, 2048.3 MB
[runlim] sample:		2129.8 time, 2130.4 real, 2054.7 MB
[runlim] sample:		2139.8 time, 2140.4 real, 2059.3 MB
[runlim] sample:		2149.8 time, 2150.4 real, 2064.1 MB
[runlim] sample:		2159.8 time, 2160.4 real, 2073.6 MB
[runlim] sample:		2169.8 time, 2170.4 real, 2079.6 MB
[runlim] sample:		2179.8 time, 2180.4 real, 2086.2 MB
[runlim] sample:		2189.8 time, 2190.4 real, 2093.2 MB
[runlim] sample:		2199.8 time, 2200.4 real, 2100.9 MB
[runlim] sample:		2209.8 time, 2210.4 real, 2107.6 MB
[runlim] sample:		2219.8 time, 2220.4 real, 2111.9 MB
[runlim] sample:		2229.8 time, 2230.4 real, 2115.5 MB
[runlim] sample:		2239.8 time, 2240.4 real, 2119.7 MB
[runlim] sample:		2249.8 time, 2250.4 real, 2126.6 MB
[runlim] sample:		2259.8 time, 2260.4 real, 2132.4 MB
[runlim] sample:		2269.8 time, 2270.4 real, 2139.4 MB
[runlim] sample:		2279.8 time, 2280.4 real, 2144.8 MB
[runlim] sample:		2289.8 time, 2290.4 real, 2151.5 MB
[runlim] sample:		2299.8 time, 2300.4 real, 2158.4 MB
[runlim] sample:		2309.8 time, 2310.4 real, 2168.2 MB
[runlim] sample:		2319.8 time, 2320.4 real, 2176.1 MB
[runlim] sample:		2329.8 time, 2330.4 real, 2189.0 MB
[runlim] sample:		2339.8 time, 2340.4 real, 2200.9 MB
[runlim] sample:		2349.8 time, 2350.4 real, 2211.2 MB
[runlim] sample:		2359.8 time, 2360.4 real, 2221.2 MB
[runlim] sample:		2369.8 time, 2370.4 real, 2230.0 MB
[runlim] sample:		2379.8 time, 2380.4 real, 2238.7 MB
[runlim] sample:		2389.8 time, 2390.4 real, 2247.0 MB
[runlim] sample:		2399.8 time, 2400.4 real, 2256.5 MB
[runlim] sample:		2409.8 time, 2410.4 real, 2268.1 MB
[runlim] sample:		2419.8 time, 2420.4 real, 2278.1 MB
[runlim] sample:		2429.8 time, 2430.4 real, 2287.1 MB
[runlim] sample:		2439.8 time, 2440.4 real, 2296.3 MB
[runlim] sample:		2449.8 time, 2450.4 real, 2304.0 MB
[runlim] sample:		2459.8 time, 2460.4 real, 2309.8 MB
[runlim] sample:		2469.8 time, 2470.4 real, 2315.2 MB
[runlim] sample:		2479.8 time, 2480.4 real, 2322.7 MB
[runlim] sample:		2489.8 time, 2490.4 real, 2328.3 MB
[runlim] sample:		2499.8 time, 2500.4 real, 2334.2 MB
[runlim] sample:		2509.8 time, 2510.4 real, 2338.9 MB
[runlim] sample:		2519.8 time, 2520.4 real, 2344.0 MB
[runlim] sample:		2529.8 time, 2530.4 real, 2352.8 MB
[runlim] sample:		2539.8 time, 2540.4 real, 2361.0 MB
[runlim] sample:		2549.8 time, 2550.4 real, 2365.9 MB
[runlim] sample:		2559.8 time, 2560.4 real, 2370.5 MB
[runlim] sample:		2569.8 time, 2570.4 real, 2375.7 MB
[runlim] sample:		2579.8 time, 2580.4 real, 2381.6 MB
[runlim] sample:		2589.8 time, 2590.4 real, 2385.2 MB
[runlim] sample:		2599.8 time, 2600.4 real, 2388.8 MB
[runlim] sample:		2609.8 time, 2610.4 real, 2394.7 MB
[runlim] sample:		2619.8 time, 2620.4 real, 2402.3 MB
[runlim] sample:		2629.8 time, 2630.4 real, 2407.0 MB
[runlim] sample:		2639.8 time, 2640.4 real, 2412.1 MB
[runlim] sample:		2649.8 time, 2650.4 real, 2418.0 MB
[runlim] sample:		2659.8 time, 2660.4 real, 2424.2 MB
[runlim] sample:		2669.8 time, 2670.4 real, 2431.9 MB
[runlim] sample:		2679.8 time, 2680.4 real, 2441.4 MB
[runlim] sample:		2689.8 time, 2690.4 real, 2446.8 MB
[runlim] sample:		2699.8 time, 2700.4 real, 2453.2 MB
[runlim] sample:		2709.8 time, 2710.4 real, 2459.4 MB
[runlim] sample:		2719.8 time, 2720.4 real, 2465.5 MB
[runlim] sample:		2729.8 time, 2730.4 real, 2474.7 MB
[runlim] sample:		2739.8 time, 2740.4 real, 2483.8 MB
[runlim] sample:		2749.8 time, 2750.4 real, 2491.2 MB
[runlim] sample:		2759.8 time, 2760.4 real, 2502.0 MB
[runlim] sample:		2769.8 time, 2770.4 real, 2508.9 MB
[runlim] sample:		2779.8 time, 2780.4 real, 2512.8 MB
[runlim] sample:		2789.8 time, 2790.4 real, 2517.7 MB
[runlim] sample:		2799.8 time, 2800.4 real, 2522.6 MB
[runlim] sample:		2809.8 time, 2810.4 real, 2528.2 MB
[runlim] sample:		2819.8 time, 2820.4 real, 2535.4 MB
[runlim] sample:		2829.8 time, 2830.4 real, 2542.6 MB
[runlim] sample:		2839.8 time, 2840.4 real, 2551.2 MB
[runlim] sample:		2849.8 time, 2850.4 real, 2559.7 MB
[runlim] sample:		2859.8 time, 2860.4 real, 2567.6 MB
[runlim] sample:		2869.8 time, 2870.4 real, 2576.9 MB
[runlim] sample:		2879.8 time, 2880.4 real, 2585.1 MB
[runlim] sample:		2889.8 time, 2890.4 real, 2592.3 MB
[runlim] sample:		2899.8 time, 2900.4 real, 2600.6 MB
[runlim] sample:		2909.8 time, 2910.4 real, 2608.6 MB
[runlim] sample:		2919.8 time, 2920.4 real, 2618.8 MB
[runlim] sample:		2929.8 time, 2930.4 real, 2628.3 MB
[runlim] sample:		2939.8 time, 2940.4 real, 2638.4 MB
[runlim] sample:		2949.8 time, 2950.4 real, 2648.2 MB
[runlim] sample:		2959.8 time, 2960.4 real, 2655.4 MB
[runlim] sample:		2969.8 time, 2970.4 real, 2661.8 MB
[runlim] sample:		2979.8 time, 2980.4 real, 2671.1 MB
[runlim] sample:		2989.8 time, 2990.4 real, 2679.6 MB
[runlim] sample:		2999.8 time, 3000.4 real, 2687.1 MB
[runlim] sample:		3009.8 time, 3010.4 real, 2694.8 MB
[runlim] sample:		3019.8 time, 3020.4 real, 2703.5 MB
[runlim] sample:		3029.8 time, 3030.4 real, 2711.5 MB
[runlim] sample:		3039.8 time, 3040.4 real, 2717.4 MB
[runlim] sample:		3049.8 time, 3050.4 real, 2725.1 MB
[runlim] sample:		3059.8 time, 3060.4 real, 2735.2 MB
[runlim] sample:		3069.8 time, 3070.4 real, 2745.0 MB
[runlim] sample:		3079.8 time, 3080.4 real, 2753.5 MB
[runlim] sample:		3089.8 time, 3090.4 real, 2759.6 MB
[runlim] sample:		3099.8 time, 3100.4 real, 2766.1 MB
[runlim] sample:		3109.8 time, 3110.4 real, 2773.0 MB
[runlim] sample:		3119.8 time, 3120.4 real, 2781.0 MB
[runlim] sample:		3129.8 time, 3130.4 real, 2787.9 MB
[runlim] sample:		3139.8 time, 3140.4 real, 2796.7 MB
[runlim] sample:		3149.8 time, 3150.4 real, 2805.4 MB
[runlim] sample:		3159.8 time, 3160.4 real, 2815.3 MB
[runlim] sample:		3169.8 time, 3170.4 real, 2820.8 MB
[runlim] sample:		3179.8 time, 3180.4 real, 2826.9 MB
[runlim] sample:		3189.8 time, 3190.4 real, 2833.9 MB
[runlim] sample:		3199.8 time, 3200.4 real, 2841.3 MB
[runlim] sample:		3209.8 time, 3210.4 real, 2850.8 MB
[runlim] sample:		3219.8 time, 3220.4 real, 2858.5 MB
[runlim] sample:		3229.8 time, 3230.4 real, 2865.2 MB
[runlim] sample:		3239.8 time, 3240.4 real, 2873.2 MB
[runlim] sample:		3249.8 time, 3250.4 real, 2880.9 MB
[runlim] sample:		3259.8 time, 3260.4 real, 2888.6 MB
[runlim] sample:		3269.8 time, 3270.4 real, 2894.2 MB
[runlim] sample:		3279.8 time, 3280.4 real, 2900.7 MB
[runlim] sample:		3289.8 time, 3290.4 real, 2908.2 MB
[runlim] sample:		3299.8 time, 3300.4 real, 2915.7 MB
[runlim] sample:		3309.8 time, 3310.4 real, 2922.3 MB
[runlim] sample:		3319.8 time, 3320.4 real, 2930.3 MB
[runlim] sample:		3329.8 time, 3330.4 real, 2938.3 MB
[runlim] sample:		3339.8 time, 3340.4 real, 2945.2 MB
[runlim] sample:		3349.8 time, 3350.4 real, 2954.7 MB
[runlim] sample:		3359.8 time, 3360.4 real, 2965.2 MB
[runlim] sample:		3369.8 time, 3370.4 real, 2974.5 MB
[runlim] sample:		3379.8 time, 3380.4 real, 2983.2 MB
[runlim] sample:		3389.8 time, 3390.4 real, 2990.9 MB
[runlim] sample:		3399.8 time, 3400.4 real, 2999.7 MB
[runlim] sample:		3409.8 time, 3410.4 real, 3007.9 MB
[runlim] sample:		3419.8 time, 3420.4 real, 3015.1 MB
[runlim] sample:		3429.8 time, 3430.4 real, 3023.9 MB
[runlim] sample:		3439.8 time, 3440.4 real, 3033.3 MB
[runlim] sample:		3449.8 time, 3450.4 real, 3043.1 MB
[runlim] sample:		3459.8 time, 3460.4 real, 3053.9 MB
[runlim] sample:		3469.8 time, 3470.4 real, 3063.9 MB
[runlim] sample:		3479.8 time, 3480.4 real, 3072.2 MB
[runlim] sample:		3489.8 time, 3490.4 real, 3082.1 MB
[runlim] sample:		3499.8 time, 3500.4 real, 3091.7 MB
[runlim] sample:		3509.8 time, 3510.4 real, 3101.9 MB
[runlim] sample:		3519.8 time, 3520.4 real, 3111.2 MB
[runlim] sample:		3529.8 time, 3530.4 real, 3118.9 MB
[runlim] sample:		3539.8 time, 3540.4 real, 3126.9 MB
[runlim] sample:		3549.8 time, 3550.4 real, 3136.1 MB
[runlim] sample:		3559.8 time, 3560.4 real, 3146.1 MB
[runlim] sample:		3569.8 time, 3570.4 real, 3154.1 MB
[runlim] sample:		3579.8 time, 3580.4 real, 3163.6 MB
[runlim] sample:		3589.8 time, 3590.4 real, 3172.1 MB
[runlim] sample:		3599.8 time, 3600.4 real, 3180.8 MB
CVC4 interrupted by SIGTERM.
[runlim] end:			Sun Feb 17 02:47:10 2019
[runlim] status:		out of time
[runlim] result:		2
[runlim] children:		0
[runlim] real:			3600.83 seconds
[runlim] time:			3600.21 seconds
[runlim] space:			3181.1 MB
[runlim] samples:		36004
