[runlim] version:		1.10fixed
[runlim] time limit:		3600 seconds
[runlim] real time limit:	311040000 seconds
[runlim] space limit:		4000 MB
[runlim] argv[0]:		./cvc4
[runlim] argv[1]:		/tmp/6AQpmnwO.smt2
[runlim] start:			Mon Jan 28 08:23:32 2019
[runlim] main pid:		18475
[runlim] sample:		9.4 time, 10.3 real, 111.6 MB
[runlim] sample:		19.4 time, 20.3 real, 158.3 MB
[runlim] sample:		29.4 time, 30.3 real, 193.6 MB
[runlim] sample:		39.4 time, 40.3 real, 236.8 MB
[runlim] sample:		49.4 time, 50.3 real, 280.5 MB
[runlim] sample:		59.4 time, 60.3 real, 321.8 MB
[runlim] sample:		69.4 time, 70.3 real, 369.4 MB
[runlim] sample:		79.4 time, 80.3 real, 425.3 MB
[runlim] sample:		89.4 time, 90.3 real, 473.9 MB
[runlim] sample:		99.4 time, 100.3 real, 511.9 MB
[runlim] sample:		109.4 time, 110.3 real, 549.9 MB
[runlim] sample:		119.4 time, 120.3 real, 583.3 MB
[runlim] sample:		129.4 time, 130.3 real, 600.2 MB
[runlim] sample:		139.4 time, 140.3 real, 623.1 MB
[runlim] sample:		149.4 time, 150.3 real, 640.8 MB
[runlim] sample:		159.4 time, 160.3 real, 656.0 MB
[runlim] sample:		169.4 time, 170.3 real, 670.6 MB
[runlim] sample:		179.4 time, 180.3 real, 690.1 MB
[runlim] sample:		189.4 time, 190.3 real, 709.2 MB
[runlim] sample:		199.4 time, 200.3 real, 719.0 MB
[runlim] sample:		209.4 time, 210.3 real, 726.9 MB
[runlim] sample:		219.4 time, 220.3 real, 738.0 MB
[runlim] sample:		229.4 time, 230.3 real, 749.0 MB
[runlim] sample:		239.4 time, 240.3 real, 759.5 MB
[runlim] sample:		249.4 time, 250.3 real, 771.1 MB
[runlim] sample:		259.4 time, 260.3 real, 777.7 MB
[runlim] sample:		269.4 time, 270.3 real, 794.7 MB
[runlim] sample:		279.4 time, 280.3 real, 815.6 MB
[runlim] sample:		289.4 time, 290.3 real, 836.6 MB
[runlim] sample:		299.4 time, 300.3 real, 854.9 MB
[runlim] sample:		309.4 time, 310.3 real, 873.4 MB
[runlim] sample:		319.4 time, 320.3 real, 892.0 MB
[runlim] sample:		329.4 time, 330.3 real, 909.4 MB
[runlim] sample:		339.4 time, 340.3 real, 926.4 MB
[runlim] sample:		349.4 time, 350.3 real, 943.9 MB
[runlim] sample:		359.4 time, 360.3 real, 958.8 MB
[runlim] sample:		369.4 time, 370.3 real, 972.4 MB
[runlim] sample:		379.4 time, 380.3 real, 984.3 MB
[runlim] sample:		389.2 time, 390.3 real, 994.5 MB
[runlim] sample:		398.5 time, 400.3 real, 1003.5 MB
[runlim] sample:		407.7 time, 410.3 real, 1012.0 MB
[runlim] sample:		416.9 time, 420.3 real, 1020.5 MB
[runlim] sample:		426.0 time, 430.3 real, 1029.5 MB
[runlim] sample:		435.0 time, 440.3 real, 1038.3 MB
[runlim] sample:		444.1 time, 450.3 real, 1047.0 MB
[runlim] sample:		453.2 time, 460.3 real, 1057.1 MB
[runlim] sample:		462.6 time, 470.3 real, 1064.8 MB
[runlim] sample:		471.5 time, 480.3 real, 1069.7 MB
[runlim] sample:		480.6 time, 490.3 real, 1075.8 MB
[runlim] sample:		489.8 time, 500.3 real, 1080.9 MB
[runlim] sample:		498.7 time, 510.3 real, 1086.6 MB
[runlim] sample:		507.7 time, 520.3 real, 1092.7 MB
[runlim] sample:		516.8 time, 530.3 real, 1098.3 MB
[runlim] sample:		525.9 time, 540.3 real, 1104.0 MB
[runlim] sample:		534.8 time, 550.3 real, 1109.6 MB
[runlim] sample:		543.9 time, 560.3 real, 1115.5 MB
[runlim] sample:		552.8 time, 570.3 real, 1121.6 MB
[runlim] sample:		561.8 time, 580.3 real, 1128.0 MB
[runlim] sample:		570.8 time, 590.3 real, 1134.7 MB
[runlim] sample:		580.0 time, 600.3 real, 1140.2 MB
[runlim] sample:		589.0 time, 610.3 real, 1146.4 MB
[runlim] sample:		597.9 time, 620.3 real, 1151.8 MB
[runlim] sample:		607.0 time, 630.3 real, 1158.7 MB
[runlim] sample:		616.1 time, 640.3 real, 1164.6 MB
[runlim] sample:		625.1 time, 650.3 real, 1170.8 MB
[runlim] sample:		634.4 time, 660.3 real, 1176.7 MB
[runlim] sample:		643.7 time, 670.3 real, 1183.1 MB
[runlim] sample:		653.7 time, 680.3 real, 1189.5 MB
[runlim] sample:		663.2 time, 690.3 real, 1195.6 MB
[runlim] sample:		672.8 time, 700.3 real, 1202.0 MB
[runlim] sample:		682.8 time, 710.3 real, 1207.9 MB
[runlim] sample:		692.8 time, 720.3 real, 1215.6 MB
[runlim] sample:		702.8 time, 730.3 real, 1223.5 MB
[runlim] sample:		712.6 time, 740.3 real, 1228.9 MB
[runlim] sample:		721.9 time, 750.3 real, 1236.1 MB
[runlim] sample:		731.3 time, 760.3 real, 1241.7 MB
[runlim] sample:		740.6 time, 770.3 real, 1247.6 MB
[runlim] sample:		750.4 time, 780.3 real, 1253.8 MB
[runlim] sample:		760.4 time, 790.3 real, 1259.9 MB
[runlim] sample:		770.2 time, 800.3 real, 1265.3 MB
[runlim] sample:		779.5 time, 810.3 real, 1269.4 MB
[runlim] sample:		788.6 time, 820.3 real, 1274.5 MB
[runlim] sample:		797.7 time, 830.3 real, 1279.6 MB
[runlim] sample:		806.8 time, 840.3 real, 1284.5 MB
[runlim] sample:		816.2 time, 850.3 real, 1290.7 MB
[runlim] sample:		826.2 time, 860.3 real, 1297.1 MB
[runlim] sample:		835.7 time, 870.3 real, 1303.5 MB
[runlim] sample:		845.0 time, 880.3 real, 1309.4 MB
[runlim] sample:		854.3 time, 890.3 real, 1315.8 MB
[runlim] sample:		863.5 time, 900.3 real, 1323.2 MB
[runlim] sample:		872.8 time, 910.3 real, 1328.8 MB
[runlim] sample:		882.1 time, 920.3 real, 1334.7 MB
[runlim] sample:		891.4 time, 930.3 real, 1340.1 MB
[runlim] sample:		900.7 time, 940.3 real, 1345.0 MB
[runlim] sample:		910.1 time, 950.3 real, 1351.6 MB
[runlim] sample:		919.9 time, 960.3 real, 1357.8 MB
[runlim] sample:		929.9 time, 970.3 real, 1365.2 MB
[runlim] sample:		939.9 time, 980.3 real, 1372.2 MB
[runlim] sample:		949.9 time, 990.3 real, 1384.8 MB
[runlim] sample:		959.3 time, 1000.3 real, 1393.5 MB
[runlim] sample:		968.6 time, 1010.3 real, 1399.9 MB
[runlim] sample:		977.9 time, 1020.3 real, 1404.1 MB
[runlim] sample:		987.2 time, 1030.3 real, 1410.0 MB
[runlim] sample:		997.2 time, 1040.3 real, 1422.3 MB
[runlim] sample:		1006.5 time, 1050.3 real, 1428.2 MB
[runlim] sample:		1014.8 time, 1060.3 real, 1435.4 MB
[runlim] sample:		1023.2 time, 1070.3 real, 1442.4 MB
[runlim] sample:		1031.4 time, 1080.3 real, 1449.1 MB
[runlim] sample:		1039.6 time, 1090.3 real, 1455.2 MB
[runlim] sample:		1048.3 time, 1100.3 real, 1461.9 MB
[runlim] sample:		1055.7 time, 1110.3 real, 1465.8 MB
[runlim] sample:		1064.3 time, 1120.3 real, 1472.0 MB
[runlim] sample:		1073.2 time, 1130.3 real, 1477.1 MB
[runlim] sample:		1081.4 time, 1140.3 real, 1481.7 MB
[runlim] sample:		1089.1 time, 1150.3 real, 1486.6 MB
[runlim] sample:		1098.0 time, 1160.3 real, 1490.4 MB
[runlim] sample:		1105.8 time, 1170.3 real, 1492.7 MB
[runlim] sample:		1115.5 time, 1180.3 real, 1497.3 MB
[runlim] sample:		1125.1 time, 1190.3 real, 1502.2 MB
[runlim] sample:		1134.7 time, 1200.3 real, 1513.0 MB
[runlim] sample:		1144.4 time, 1210.3 real, 1526.1 MB
[runlim] sample:		1152.8 time, 1220.3 real, 1538.0 MB
[runlim] sample:		1161.2 time, 1230.3 real, 1549.3 MB
[runlim] sample:		1170.0 time, 1240.3 real, 1561.4 MB
[runlim] sample:		1178.1 time, 1250.3 real, 1571.9 MB
[runlim] sample:		1187.4 time, 1260.3 real, 1584.3 MB
[runlim] sample:		1197.4 time, 1270.3 real, 1589.7 MB
[runlim] sample:		1207.4 time, 1280.3 real, 1594.8 MB
[runlim] sample:		1217.3 time, 1290.3 real, 1601.0 MB
[runlim] sample:		1227.3 time, 1300.3 real, 1605.1 MB
[runlim] sample:		1237.3 time, 1310.3 real, 1610.0 MB
[runlim] sample:		1247.3 time, 1320.3 real, 1619.7 MB
[runlim] sample:		1257.3 time, 1330.3 real, 1628.7 MB
[runlim] sample:		1267.3 time, 1340.3 real, 1637.5 MB
[runlim] sample:		1277.3 time, 1350.3 real, 1643.1 MB
[runlim] sample:		1287.3 time, 1360.3 real, 1648.0 MB
[runlim] sample:		1297.3 time, 1370.3 real, 1654.7 MB
[runlim] sample:		1307.3 time, 1380.3 real, 1660.3 MB
[runlim] sample:		1317.3 time, 1390.3 real, 1664.4 MB
[runlim] sample:		1327.3 time, 1400.3 real, 1669.6 MB
[runlim] sample:		1337.3 time, 1410.3 real, 1676.2 MB
[runlim] sample:		1347.3 time, 1420.3 real, 1683.9 MB
[runlim] sample:		1357.3 time, 1430.3 real, 1692.4 MB
[runlim] sample:		1367.3 time, 1440.3 real, 1701.2 MB
[runlim] sample:		1377.3 time, 1450.3 real, 1706.6 MB
[runlim] sample:		1387.3 time, 1460.3 real, 1714.6 MB
[runlim] sample:		1397.3 time, 1470.3 real, 1722.3 MB
[runlim] sample:		1407.3 time, 1480.3 real, 1730.8 MB
[runlim] sample:		1417.3 time, 1490.3 real, 1741.3 MB
[runlim] sample:		1427.3 time, 1500.3 real, 1750.6 MB
[runlim] sample:		1437.3 time, 1510.3 real, 1759.1 MB
[runlim] sample:		1447.3 time, 1520.3 real, 1765.5 MB
[runlim] sample:		1457.3 time, 1530.3 real, 1774.5 MB
[runlim] sample:		1467.3 time, 1540.3 real, 1785.8 MB
[runlim] sample:		1477.3 time, 1550.3 real, 1794.0 MB
[runlim] sample:		1487.3 time, 1560.3 real, 1803.8 MB
[runlim] sample:		1497.3 time, 1570.3 real, 1813.3 MB
[runlim] sample:		1507.3 time, 1580.3 real, 1824.6 MB
[runlim] sample:		1517.3 time, 1590.3 real, 1835.6 MB
[runlim] sample:		1527.3 time, 1600.3 real, 1844.9 MB
[runlim] sample:		1537.3 time, 1610.3 real, 1853.9 MB
[runlim] sample:		1547.3 time, 1620.3 real, 1863.4 MB
[runlim] sample:		1557.3 time, 1630.3 real, 1870.9 MB
[runlim] sample:		1567.3 time, 1640.3 real, 1879.3 MB
[runlim] sample:		1577.3 time, 1650.3 real, 1893.0 MB
[runlim] sample:		1587.3 time, 1660.3 real, 1904.3 MB
[runlim] sample:		1597.3 time, 1670.3 real, 1916.6 MB
[runlim] sample:		1607.3 time, 1680.3 real, 1928.4 MB
[runlim] sample:		1617.3 time, 1690.3 real, 1939.0 MB
[runlim] sample:		1627.3 time, 1700.3 real, 1952.1 MB
[runlim] sample:		1637.3 time, 1710.3 real, 1966.2 MB
[runlim] sample:		1647.3 time, 1720.3 real, 1974.2 MB
[runlim] sample:		1657.3 time, 1730.3 real, 1980.1 MB
[runlim] sample:		1667.3 time, 1740.3 real, 1986.8 MB
[runlim] sample:		1677.3 time, 1750.3 real, 1992.7 MB
[runlim] sample:		1687.3 time, 1760.3 real, 2000.7 MB
[runlim] sample:		1697.3 time, 1770.3 real, 2007.1 MB
[runlim] sample:		1707.3 time, 1780.3 real, 2015.8 MB
[runlim] sample:		1717.3 time, 1790.3 real, 2027.7 MB
[runlim] sample:		1727.3 time, 1800.3 real, 2034.6 MB
[runlim] sample:		1737.3 time, 1810.3 real, 2039.0 MB
[runlim] sample:		1747.3 time, 1820.3 real, 2042.8 MB
[runlim] sample:		1757.3 time, 1830.3 real, 2054.7 MB
[runlim] sample:		1767.3 time, 1840.3 real, 2061.4 MB
[runlim] sample:		1777.3 time, 1850.3 real, 2066.8 MB
[runlim] sample:		1787.3 time, 1860.3 real, 2070.4 MB
[runlim] sample:		1797.3 time, 1870.3 real, 2078.3 MB
[runlim] sample:		1807.3 time, 1880.3 real, 2086.0 MB
[runlim] sample:		1817.3 time, 1890.3 real, 2095.3 MB
[runlim] sample:		1827.3 time, 1900.3 real, 2101.9 MB
[runlim] sample:		1837.3 time, 1910.3 real, 2109.4 MB
[runlim] sample:		1847.3 time, 1920.3 real, 2115.8 MB
[runlim] sample:		1857.3 time, 1930.3 real, 2123.6 MB
[runlim] sample:		1867.3 time, 1940.3 real, 2134.1 MB
[runlim] sample:		1877.3 time, 1950.3 real, 2141.8 MB
[runlim] sample:		1887.3 time, 1960.3 real, 2150.3 MB
[runlim] sample:		1897.3 time, 1970.3 real, 2157.0 MB
[runlim] sample:		1907.3 time, 1980.3 real, 2164.2 MB
[runlim] sample:		1917.3 time, 1990.3 real, 2171.9 MB
[runlim] sample:		1927.3 time, 2000.3 real, 2177.3 MB
[runlim] sample:		1937.3 time, 2010.3 real, 2182.7 MB
[runlim] sample:		1947.3 time, 2020.3 real, 2188.0 MB
[runlim] sample:		1957.3 time, 2030.3 real, 2193.1 MB
[runlim] sample:		1967.3 time, 2040.3 real, 2198.0 MB
[runlim] sample:		1977.3 time, 2050.3 real, 2203.2 MB
[runlim] sample:		1987.3 time, 2060.3 real, 2207.3 MB
[runlim] sample:		1997.3 time, 2070.3 real, 2211.9 MB
[runlim] sample:		2007.3 time, 2080.3 real, 2217.6 MB
[runlim] sample:		2017.3 time, 2090.3 real, 2225.8 MB
[runlim] sample:		2027.3 time, 2100.3 real, 2234.5 MB
[runlim] sample:		2037.3 time, 2110.3 real, 2238.6 MB
[runlim] sample:		2047.3 time, 2120.3 real, 2244.5 MB
[runlim] sample:		2057.3 time, 2130.3 real, 2252.2 MB
[runlim] sample:		2067.3 time, 2140.3 real, 2257.9 MB
[runlim] sample:		2077.3 time, 2150.3 real, 2263.5 MB
[runlim] sample:		2087.3 time, 2160.3 real, 2267.9 MB
[runlim] sample:		2097.3 time, 2170.3 real, 2271.8 MB
[runlim] sample:		2107.3 time, 2180.3 real, 2279.2 MB
[runlim] sample:		2117.3 time, 2190.3 real, 2288.0 MB
[runlim] sample:		2127.3 time, 2200.3 real, 2297.7 MB
[runlim] sample:		2137.3 time, 2210.3 real, 2305.7 MB
[runlim] sample:		2147.3 time, 2220.3 real, 2313.1 MB
[runlim] sample:		2157.3 time, 2230.3 real, 2323.4 MB
[runlim] sample:		2167.3 time, 2240.3 real, 2335.0 MB
[runlim] sample:		2177.3 time, 2250.3 real, 2344.2 MB
[runlim] sample:		2187.3 time, 2260.3 real, 2355.5 MB
[runlim] sample:		2197.3 time, 2270.3 real, 2363.5 MB
[runlim] sample:		2207.3 time, 2280.3 real, 2374.8 MB
[runlim] sample:		2217.3 time, 2290.3 real, 2386.7 MB
[runlim] sample:		2227.3 time, 2300.3 real, 2397.5 MB
[runlim] sample:		2237.3 time, 2310.3 real, 2408.0 MB
[runlim] sample:		2247.3 time, 2320.3 real, 2418.5 MB
[runlim] sample:		2257.3 time, 2330.3 real, 2429.6 MB
[runlim] sample:		2267.3 time, 2340.3 real, 2440.6 MB
[runlim] sample:		2277.3 time, 2350.3 real, 2448.9 MB
[runlim] sample:		2287.3 time, 2360.3 real, 2452.7 MB
[runlim] sample:		2297.3 time, 2370.3 real, 2456.0 MB
[runlim] sample:		2307.3 time, 2380.3 real, 2460.1 MB
[runlim] sample:		2317.3 time, 2390.3 real, 2464.0 MB
[runlim] sample:		2327.3 time, 2400.3 real, 2468.1 MB
[runlim] sample:		2337.3 time, 2410.3 real, 2471.9 MB
[runlim] sample:		2347.3 time, 2420.3 real, 2476.8 MB
[runlim] sample:		2357.3 time, 2430.3 real, 2480.9 MB
[runlim] sample:		2367.3 time, 2440.3 real, 2485.8 MB
[runlim] sample:		2377.3 time, 2450.3 real, 2491.2 MB
[runlim] sample:		2387.3 time, 2460.3 real, 2498.2 MB
[runlim] sample:		2397.3 time, 2470.3 real, 2506.1 MB
[runlim] sample:		2407.3 time, 2480.3 real, 2513.8 MB
[runlim] sample:		2417.3 time, 2490.3 real, 2520.8 MB
[runlim] sample:		2427.3 time, 2500.3 real, 2528.2 MB
[runlim] sample:		2437.3 time, 2510.3 real, 2535.4 MB
[runlim] sample:		2447.3 time, 2520.3 real, 2542.2 MB
[runlim] sample:		2457.3 time, 2530.3 real, 2549.4 MB
[runlim] sample:		2467.3 time, 2540.3 real, 2557.9 MB
[runlim] sample:		2477.3 time, 2550.3 real, 2565.1 MB
[runlim] sample:		2487.3 time, 2560.3 real, 2572.3 MB
[runlim] sample:		2497.3 time, 2570.3 real, 2578.7 MB
[runlim] sample:		2507.3 time, 2580.3 real, 2585.6 MB
[runlim] sample:		2517.3 time, 2590.3 real, 2594.6 MB
[runlim] sample:		2527.3 time, 2600.3 real, 2606.2 MB
[runlim] sample:		2537.3 time, 2610.3 real, 2613.4 MB
[runlim] sample:		2547.3 time, 2620.3 real, 2621.4 MB
[runlim] sample:		2557.3 time, 2630.3 real, 2630.4 MB
[runlim] sample:		2567.3 time, 2640.3 real, 2637.8 MB
[runlim] sample:		2577.3 time, 2650.3 real, 2644.5 MB
[runlim] sample:		2587.3 time, 2660.3 real, 2653.2 MB
[runlim] sample:		2597.3 time, 2670.3 real, 2660.9 MB
[runlim] sample:		2607.3 time, 2680.3 real, 2668.1 MB
[runlim] sample:		2617.3 time, 2690.3 real, 2675.3 MB
[runlim] sample:		2627.3 time, 2700.3 real, 2682.5 MB
[runlim] sample:		2637.3 time, 2710.3 real, 2689.1 MB
[runlim] sample:		2647.3 time, 2720.3 real, 2696.1 MB
[runlim] sample:		2657.3 time, 2730.3 real, 2702.5 MB
[runlim] sample:		2667.3 time, 2740.3 real, 2708.6 MB
[runlim] sample:		2677.3 time, 2750.3 real, 2716.1 MB
[runlim] sample:		2687.3 time, 2760.3 real, 2723.8 MB
[runlim] sample:		2697.3 time, 2770.3 real, 2730.2 MB
[runlim] sample:		2707.3 time, 2780.3 real, 2737.4 MB
[runlim] sample:		2717.3 time, 2790.3 real, 2746.1 MB
[runlim] sample:		2727.3 time, 2800.3 real, 2753.3 MB
[runlim] sample:		2737.3 time, 2810.3 real, 2760.8 MB
[runlim] sample:		2747.3 time, 2820.3 real, 2767.7 MB
[runlim] sample:		2757.3 time, 2830.3 real, 2774.4 MB
[runlim] sample:		2767.3 time, 2840.3 real, 2781.8 MB
[runlim] sample:		2777.3 time, 2850.3 real, 2789.0 MB
[runlim] sample:		2787.3 time, 2860.3 real, 2795.2 MB
[runlim] sample:		2797.3 time, 2870.3 real, 2801.1 MB
[runlim] sample:		2807.3 time, 2880.3 real, 2807.5 MB
[runlim] sample:		2817.3 time, 2890.3 real, 2812.9 MB
[runlim] sample:		2827.3 time, 2900.3 real, 2818.8 MB
[runlim] sample:		2837.3 time, 2910.3 real, 2825.4 MB
[runlim] sample:		2847.3 time, 2920.3 real, 2831.9 MB
[runlim] sample:		2857.3 time, 2930.3 real, 2839.8 MB
[runlim] sample:		2867.3 time, 2940.3 real, 2846.0 MB
[runlim] sample:		2877.3 time, 2950.3 real, 2853.4 MB
[runlim] sample:		2887.3 time, 2960.3 real, 2859.4 MB
[runlim] sample:		2897.3 time, 2970.3 real, 2865.5 MB
[runlim] sample:		2907.3 time, 2980.3 real, 2872.4 MB
[runlim] sample:		2917.3 time, 2990.3 real, 2881.7 MB
[runlim] sample:		2927.3 time, 3000.3 real, 2886.8 MB
[runlim] sample:		2937.3 time, 3010.3 real, 2896.6 MB
[runlim] sample:		2947.3 time, 3020.3 real, 2905.1 MB
[runlim] sample:		2957.3 time, 3030.3 real, 2913.6 MB
[runlim] sample:		2967.3 time, 3040.3 real, 2921.6 MB
[runlim] sample:		2977.3 time, 3050.3 real, 2931.1 MB
[runlim] sample:		2987.3 time, 3060.3 real, 2947.8 MB
[runlim] sample:		2997.3 time, 3070.3 real, 2956.6 MB
[runlim] sample:		3007.3 time, 3080.3 real, 2969.7 MB
[runlim] sample:		3017.3 time, 3090.3 real, 2981.2 MB
[runlim] sample:		3027.3 time, 3100.3 real, 2997.2 MB
[runlim] sample:		3037.3 time, 3110.3 real, 3010.8 MB
[runlim] sample:		3047.3 time, 3120.3 real, 3022.1 MB
[runlim] sample:		3057.3 time, 3130.3 real, 3030.3 MB
[runlim] sample:		3067.3 time, 3140.3 real, 3038.6 MB
[runlim] sample:		3077.3 time, 3150.3 real, 3048.1 MB
[runlim] sample:		3087.3 time, 3160.3 real, 3056.1 MB
[runlim] sample:		3097.3 time, 3170.3 real, 3066.9 MB
[runlim] sample:		3107.3 time, 3180.3 real, 3078.7 MB
[runlim] sample:		3117.3 time, 3190.3 real, 3092.3 MB
