[runlim] version:		1.10fixed
[runlim] time limit:		3600 seconds
[runlim] real time limit:	311040000 seconds
[runlim] space limit:		4000 MB
[runlim] argv[0]:		./cvc4
[runlim] argv[1]:		/tmp/ZoOCZaMD.smt2
[runlim] start:			Mon Jan 28 08:26:58 2019
[runlim] main pid:		26910
[runlim] sample:		9.9 time, 10.6 real, 97.4 MB
[runlim] sample:		19.9 time, 20.6 real, 117.9 MB
[runlim] sample:		29.9 time, 30.6 real, 142.3 MB
[runlim] sample:		39.9 time, 40.6 real, 162.4 MB
[runlim] sample:		49.9 time, 50.6 real, 177.0 MB
[runlim] sample:		59.9 time, 60.6 real, 204.8 MB
[runlim] sample:		69.8 time, 70.6 real, 229.8 MB
[runlim] sample:		79.1 time, 80.6 real, 247.8 MB
[runlim] sample:		89.0 time, 90.6 real, 268.7 MB
[runlim] sample:		98.9 time, 100.6 real, 290.3 MB
[runlim] sample:		108.9 time, 110.6 real, 307.8 MB
[runlim] sample:		118.9 time, 120.6 real, 327.6 MB
[runlim] sample:		128.9 time, 130.6 real, 354.1 MB
[runlim] sample:		138.9 time, 140.6 real, 384.3 MB
[runlim] sample:		148.9 time, 150.6 real, 412.3 MB
[runlim] sample:		158.9 time, 160.6 real, 442.5 MB
[runlim] sample:		168.9 time, 170.6 real, 470.5 MB
[runlim] sample:		178.9 time, 180.6 real, 500.2 MB
[runlim] sample:		188.9 time, 190.6 real, 528.5 MB
[runlim] sample:		198.9 time, 200.6 real, 561.2 MB
[runlim] sample:		208.9 time, 210.6 real, 592.1 MB
[runlim] sample:		218.9 time, 220.6 real, 622.8 MB
[runlim] sample:		228.9 time, 230.6 real, 650.3 MB
[runlim] sample:		238.9 time, 240.6 real, 685.5 MB
[runlim] sample:		248.9 time, 250.6 real, 724.9 MB
[runlim] sample:		258.9 time, 260.6 real, 764.6 MB
[runlim] sample:		268.9 time, 270.6 real, 793.4 MB
[runlim] sample:		278.9 time, 280.6 real, 826.4 MB
[runlim] sample:		288.9 time, 290.6 real, 858.0 MB
[runlim] sample:		298.9 time, 300.6 real, 885.1 MB
[runlim] sample:		308.9 time, 310.6 real, 918.8 MB
[runlim] sample:		318.9 time, 320.6 real, 942.8 MB
[runlim] sample:		328.9 time, 330.6 real, 967.2 MB
[runlim] sample:		338.9 time, 340.6 real, 990.7 MB
[runlim] sample:		348.9 time, 350.6 real, 1012.9 MB
[runlim] sample:		358.9 time, 360.6 real, 1035.6 MB
[runlim] sample:		368.9 time, 370.6 real, 1057.1 MB
[runlim] sample:		378.9 time, 380.6 real, 1079.0 MB
[runlim] sample:		388.9 time, 390.6 real, 1100.9 MB
[runlim] sample:		398.9 time, 400.6 real, 1123.0 MB
[runlim] sample:		408.9 time, 410.6 real, 1144.6 MB
[runlim] sample:		418.9 time, 420.6 real, 1164.0 MB
[runlim] sample:		428.9 time, 430.6 real, 1186.1 MB
[runlim] sample:		438.9 time, 440.6 real, 1216.8 MB
[runlim] sample:		448.9 time, 450.6 real, 1261.8 MB
[runlim] sample:		458.9 time, 460.6 real, 1287.9 MB
[runlim] sample:		468.9 time, 470.6 real, 1318.0 MB
[runlim] sample:		478.9 time, 480.6 real, 1352.3 MB
[runlim] sample:		488.9 time, 490.6 real, 1384.7 MB
[runlim] sample:		498.9 time, 500.6 real, 1410.7 MB
[runlim] sample:		508.9 time, 510.6 real, 1435.5 MB
[runlim] sample:		518.9 time, 520.6 real, 1459.7 MB
[runlim] sample:		528.9 time, 530.6 real, 1484.2 MB
[runlim] sample:		538.9 time, 540.6 real, 1507.3 MB
[runlim] sample:		548.9 time, 550.6 real, 1530.5 MB
[runlim] sample:		558.9 time, 560.6 real, 1555.0 MB
[runlim] sample:		568.9 time, 570.6 real, 1580.8 MB
[runlim] sample:		578.9 time, 580.6 real, 1605.2 MB
[runlim] sample:		588.9 time, 590.6 real, 1629.7 MB
[runlim] sample:		598.9 time, 600.6 real, 1654.7 MB
[runlim] sample:		608.9 time, 610.6 real, 1679.4 MB
