[runlim] version:		1.10fixed
[runlim] time limit:		3600 seconds
[runlim] real time limit:	311040000 seconds
[runlim] space limit:		4000 MB
[runlim] argv[0]:		./cvc4
[runlim] argv[1]:		/tmp/miCksTE3.smt2
[runlim] start:			Mon Jan 28 08:26:49 2019
[runlim] main pid:		22320
[runlim] sample:		10.0 time, 10.7 real, 93.4 MB
[runlim] sample:		20.0 time, 20.7 real, 116.9 MB
[runlim] sample:		30.0 time, 30.7 real, 135.2 MB
[runlim] sample:		40.0 time, 40.7 real, 158.1 MB
[runlim] sample:		49.5 time, 50.7 real, 174.3 MB
[runlim] sample:		59.5 time, 60.7 real, 188.7 MB
[runlim] sample:		69.0 time, 70.7 real, 204.5 MB
[runlim] sample:		78.9 time, 80.7 real, 220.7 MB
[runlim] sample:		88.9 time, 90.7 real, 239.7 MB
[runlim] sample:		98.9 time, 100.7 real, 258.0 MB
[runlim] sample:		108.9 time, 110.7 real, 272.7 MB
[runlim] sample:		118.9 time, 120.7 real, 289.5 MB
[runlim] sample:		128.9 time, 130.7 real, 307.0 MB
[runlim] sample:		138.9 time, 140.7 real, 321.7 MB
[runlim] sample:		148.9 time, 150.7 real, 336.4 MB
[runlim] sample:		158.9 time, 160.7 real, 352.6 MB
[runlim] sample:		168.8 time, 170.7 real, 366.8 MB
[runlim] sample:		178.8 time, 180.7 real, 384.5 MB
[runlim] sample:		188.6 time, 190.7 real, 401.0 MB
[runlim] sample:		198.3 time, 200.7 real, 416.5 MB
[runlim] sample:		207.7 time, 210.7 real, 429.9 MB
[runlim] sample:		217.0 time, 220.7 real, 445.6 MB
[runlim] sample:		226.3 time, 230.7 real, 459.0 MB
[runlim] sample:		236.1 time, 240.7 real, 473.6 MB
[runlim] sample:		245.7 time, 250.7 real, 487.6 MB
[runlim] sample:		255.6 time, 260.7 real, 501.7 MB
[runlim] sample:		265.6 time, 270.7 real, 516.9 MB
[runlim] sample:		275.6 time, 280.7 real, 532.9 MB
[runlim] sample:		285.6 time, 290.7 real, 551.7 MB
[runlim] sample:		295.6 time, 300.7 real, 569.5 MB
[runlim] sample:		305.6 time, 310.7 real, 584.9 MB
[runlim] sample:		315.5 time, 320.7 real, 602.7 MB
[runlim] sample:		325.4 time, 330.7 real, 620.2 MB
[runlim] sample:		335.4 time, 340.7 real, 635.9 MB
[runlim] sample:		345.4 time, 350.7 real, 650.9 MB
[runlim] sample:		354.9 time, 360.7 real, 669.9 MB
[runlim] sample:		364.3 time, 370.7 real, 685.4 MB
[runlim] sample:		374.0 time, 380.7 real, 701.9 MB
[runlim] sample:		383.5 time, 390.7 real, 718.4 MB
[runlim] sample:		393.4 time, 400.7 real, 731.0 MB
[runlim] sample:		403.4 time, 410.7 real, 750.6 MB
[runlim] sample:		413.4 time, 420.7 real, 770.1 MB
[runlim] sample:		423.4 time, 430.7 real, 785.9 MB
[runlim] sample:		433.4 time, 440.7 real, 804.4 MB
[runlim] sample:		443.4 time, 450.7 real, 819.9 MB
[runlim] sample:		453.4 time, 460.7 real, 835.1 MB
[runlim] sample:		463.4 time, 470.7 real, 852.0 MB
[runlim] sample:		473.4 time, 480.7 real, 868.3 MB
[runlim] sample:		483.4 time, 490.7 real, 883.7 MB
[runlim] sample:		493.4 time, 500.7 real, 896.6 MB
[runlim] sample:		503.4 time, 510.7 real, 908.4 MB
[runlim] sample:		513.4 time, 520.7 real, 922.9 MB
[runlim] sample:		523.4 time, 530.7 real, 938.6 MB
[runlim] sample:		533.4 time, 540.7 real, 953.0 MB
[runlim] sample:		543.4 time, 550.7 real, 979.4 MB
[runlim] sample:		553.4 time, 560.7 real, 999.0 MB
[runlim] sample:		563.4 time, 570.7 real, 1015.4 MB
[runlim] sample:		573.4 time, 580.7 real, 1031.1 MB
[runlim] sample:		583.4 time, 590.7 real, 1047.1 MB
[runlim] sample:		593.4 time, 600.7 real, 1063.9 MB
[runlim] sample:		603.4 time, 610.7 real, 1078.3 MB
[runlim] sample:		613.4 time, 620.7 real, 1095.0 MB
[runlim] sample:		623.4 time, 630.7 real, 1112.3 MB
[runlim] sample:		633.4 time, 640.7 real, 1132.6 MB
[runlim] sample:		643.4 time, 650.7 real, 1149.1 MB
[runlim] sample:		653.4 time, 660.7 real, 1166.1 MB
[runlim] sample:		663.4 time, 670.7 real, 1184.2 MB
[runlim] sample:		673.4 time, 680.7 real, 1201.4 MB
[runlim] sample:		683.4 time, 690.7 real, 1216.3 MB
[runlim] sample:		693.4 time, 700.7 real, 1232.8 MB
[runlim] sample:		703.4 time, 710.7 real, 1250.6 MB
[runlim] sample:		713.4 time, 720.7 real, 1266.1 MB
[runlim] sample:		723.4 time, 730.7 real, 1282.8 MB
[runlim] sample:		733.4 time, 740.7 real, 1301.9 MB
[runlim] sample:		743.4 time, 750.7 real, 1323.2 MB
[runlim] sample:		753.4 time, 760.7 real, 1342.3 MB
[runlim] sample:		763.4 time, 770.7 real, 1359.8 MB
[runlim] sample:		773.4 time, 780.7 real, 1378.3 MB
[runlim] sample:		783.4 time, 790.7 real, 1397.2 MB
[runlim] sample:		793.4 time, 800.7 real, 1419.3 MB
[runlim] sample:		803.4 time, 810.7 real, 1438.4 MB
[runlim] sample:		813.4 time, 820.7 real, 1461.3 MB
[runlim] sample:		823.4 time, 830.7 real, 1481.7 MB
[runlim] sample:		833.4 time, 840.7 real, 1502.8 MB
[runlim] sample:		843.4 time, 850.7 real, 1521.6 MB
[runlim] sample:		853.4 time, 860.7 real, 1539.9 MB
[runlim] sample:		863.4 time, 870.7 real, 1555.9 MB
[runlim] sample:		873.4 time, 880.7 real, 1571.6 MB
[runlim] sample:		883.4 time, 890.7 real, 1587.6 MB
[runlim] sample:		893.4 time, 900.7 real, 1606.6 MB
[runlim] sample:		903.4 time, 910.7 real, 1624.4 MB
[runlim] sample:		913.4 time, 920.7 real, 1640.9 MB
[runlim] sample:		923.4 time, 930.7 real, 1657.9 MB
[runlim] sample:		933.4 time, 940.7 real, 1675.9 MB
[runlim] sample:		943.4 time, 950.7 real, 1692.9 MB
[runlim] sample:		953.4 time, 960.7 real, 1710.2 MB
[runlim] sample:		963.4 time, 970.7 real, 1729.0 MB
[runlim] sample:		973.4 time, 980.7 real, 1747.3 MB
[runlim] sample:		983.4 time, 990.7 real, 1764.3 MB
[runlim] sample:		993.4 time, 1000.7 real, 1780.5 MB
[runlim] sample:		1003.4 time, 1010.7 real, 1796.2 MB
[runlim] sample:		1013.4 time, 1020.7 real, 1814.5 MB
[runlim] sample:		1023.4 time, 1030.7 real, 1832.6 MB
[runlim] sample:		1033.4 time, 1040.7 real, 1850.6 MB
[runlim] sample:		1043.4 time, 1050.7 real, 1868.4 MB
[runlim] sample:		1053.4 time, 1060.7 real, 1887.2 MB
[runlim] sample:		1063.4 time, 1070.7 real, 1904.4 MB
[runlim] sample:		1073.4 time, 1080.7 real, 1921.9 MB
[runlim] sample:		1083.4 time, 1090.7 real, 1940.5 MB
[runlim] sample:		1093.4 time, 1100.7 real, 1961.4 MB
[runlim] sample:		1103.4 time, 1110.7 real, 1981.7 MB
[runlim] sample:		1113.4 time, 1120.7 real, 2002.3 MB
[runlim] sample:		1123.4 time, 1130.7 real, 2019.6 MB
[runlim] sample:		1133.4 time, 1140.7 real, 2035.3 MB
[runlim] sample:		1143.4 time, 1150.7 real, 2048.4 MB
[runlim] sample:		1153.4 time, 1160.7 real, 2063.4 MB
[runlim] sample:		1163.4 time, 1170.7 real, 2079.3 MB
[runlim] sample:		1173.4 time, 1180.7 real, 2095.3 MB
[runlim] sample:		1183.4 time, 1190.7 real, 2113.9 MB
[runlim] sample:		1193.4 time, 1200.7 real, 2132.7 MB
[runlim] sample:		1203.4 time, 1210.7 real, 2148.1 MB
[runlim] sample:		1213.4 time, 1220.7 real, 2163.3 MB
[runlim] sample:		1223.4 time, 1230.7 real, 2180.8 MB
[runlim] sample:		1233.4 time, 1240.7 real, 2200.7 MB
[runlim] sample:		1243.4 time, 1250.7 real, 2214.6 MB
[runlim] sample:		1253.4 time, 1260.7 real, 2229.0 MB
[runlim] sample:		1263.4 time, 1270.7 real, 2240.8 MB
[runlim] sample:		1273.4 time, 1280.7 real, 2252.7 MB
[runlim] sample:		1283.4 time, 1290.7 real, 2265.8 MB
[runlim] sample:		1293.4 time, 1300.7 real, 2279.5 MB
[runlim] sample:		1303.4 time, 1310.7 real, 2294.7 MB
[runlim] sample:		1313.4 time, 1320.7 real, 2311.4 MB
[runlim] sample:		1323.4 time, 1330.7 real, 2326.3 MB
[runlim] sample:		1333.4 time, 1340.7 real, 2340.2 MB
[runlim] sample:		1343.4 time, 1350.7 real, 2356.7 MB
[runlim] sample:		1353.4 time, 1360.7 real, 2372.2 MB
[runlim] sample:		1363.4 time, 1370.7 real, 2387.1 MB
[runlim] sample:		1373.4 time, 1380.7 real, 2402.3 MB
[runlim] sample:		1383.4 time, 1390.7 real, 2412.6 MB
[runlim] sample:		1393.4 time, 1400.7 real, 2424.7 MB
[runlim] sample:		1403.4 time, 1410.7 real, 2436.1 MB
[runlim] sample:		1413.4 time, 1420.7 real, 2449.3 MB
[runlim] sample:		1423.4 time, 1430.7 real, 2467.0 MB
[runlim] sample:		1433.4 time, 1440.7 real, 2480.4 MB
[runlim] sample:		1443.4 time, 1450.7 real, 2493.3 MB
[runlim] sample:		1453.4 time, 1460.7 real, 2505.9 MB
[runlim] sample:		1463.4 time, 1470.7 real, 2518.8 MB
[runlim] sample:		1473.4 time, 1480.7 real, 2531.7 MB
[runlim] sample:		1483.4 time, 1490.7 real, 2544.1 MB
[runlim] sample:		1493.4 time, 1500.7 real, 2558.0 MB
[runlim] sample:		1503.4 time, 1510.7 real, 2570.7 MB
[runlim] sample:		1513.4 time, 1520.7 real, 2584.4 MB
[runlim] sample:		1523.4 time, 1530.7 real, 2599.3 MB
[runlim] sample:		1533.4 time, 1540.7 real, 2612.2 MB
[runlim] sample:		1543.4 time, 1550.7 real, 2625.8 MB
[runlim] sample:		1553.4 time, 1560.7 real, 2641.3 MB
[runlim] sample:		1563.4 time, 1570.7 real, 2654.2 MB
[runlim] sample:		1573.4 time, 1580.7 real, 2670.4 MB
[runlim] sample:		1583.4 time, 1590.7 real, 2685.6 MB
[runlim] sample:		1593.4 time, 1600.7 real, 2698.2 MB
[runlim] sample:		1603.4 time, 1610.7 real, 2710.8 MB
[runlim] sample:		1613.4 time, 1620.7 real, 2725.5 MB
[runlim] sample:		1623.4 time, 1630.7 real, 2744.6 MB
[runlim] sample:		1633.4 time, 1640.7 real, 2755.6 MB
[runlim] sample:		1643.4 time, 1650.7 real, 2768.0 MB
[runlim] sample:		1653.4 time, 1660.7 real, 2781.6 MB
[runlim] sample:		1663.4 time, 1670.7 real, 2793.0 MB
[runlim] sample:		1673.4 time, 1680.7 real, 2802.7 MB
[runlim] sample:		1683.4 time, 1690.7 real, 2815.6 MB
[runlim] sample:		1693.4 time, 1700.7 real, 2831.3 MB
[runlim] sample:		1703.4 time, 1710.7 real, 2843.9 MB
[runlim] sample:		1713.4 time, 1720.7 real, 2858.6 MB
[runlim] sample:		1723.4 time, 1730.7 real, 2871.3 MB
[runlim] sample:		1733.4 time, 1740.7 real, 2886.7 MB
[runlim] sample:		1743.4 time, 1750.7 real, 2901.6 MB
[runlim] sample:		1753.4 time, 1760.7 real, 2917.9 MB
[runlim] sample:		1763.4 time, 1770.7 real, 2935.4 MB
[runlim] sample:		1773.4 time, 1780.7 real, 2951.4 MB
[runlim] sample:		1783.4 time, 1790.7 real, 2967.6 MB
[runlim] sample:		1793.4 time, 1800.7 real, 2983.8 MB
[runlim] sample:		1803.4 time, 1810.7 real, 3000.3 MB
[runlim] sample:		1813.4 time, 1820.7 real, 3015.2 MB
[runlim] sample:		1823.4 time, 1830.7 real, 3031.5 MB
[runlim] sample:		1833.4 time, 1840.7 real, 3044.9 MB
[runlim] sample:		1843.4 time, 1850.7 real, 3059.8 MB
[runlim] sample:		1853.4 time, 1860.7 real, 3079.9 MB
[runlim] sample:		1863.4 time, 1870.7 real, 3095.9 MB
[runlim] sample:		1873.4 time, 1880.7 real, 3113.1 MB
[runlim] sample:		1883.4 time, 1890.7 real, 3128.8 MB
[runlim] sample:		1893.4 time, 1900.7 real, 3144.8 MB
[runlim] sample:		1903.4 time, 1910.7 real, 3159.8 MB
[runlim] sample:		1913.4 time, 1920.7 real, 3175.2 MB
[runlim] sample:		1923.4 time, 1930.7 real, 3191.2 MB
[runlim] sample:		1933.4 time, 1940.7 real, 3206.9 MB
[runlim] sample:		1943.4 time, 1950.7 real, 3223.6 MB
[runlim] sample:		1953.4 time, 1960.7 real, 3240.1 MB
[runlim] sample:		1963.4 time, 1970.7 real, 3256.8 MB
[runlim] sample:		1973.4 time, 1980.7 real, 3272.6 MB
[runlim] sample:		1983.4 time, 1990.7 real, 3288.8 MB
[runlim] sample:		1993.4 time, 2000.7 real, 3306.8 MB
[runlim] sample:		2003.4 time, 2010.7 real, 3323.8 MB
[runlim] sample:		2013.4 time, 2020.7 real, 3340.3 MB
[runlim] sample:		2023.4 time, 2030.7 real, 3357.6 MB
[runlim] sample:		2033.4 time, 2040.7 real, 3375.9 MB
[runlim] sample:		2043.4 time, 2050.7 real, 3393.7 MB
[runlim] sample:		2053.4 time, 2060.7 real, 3410.4 MB
[runlim] sample:		2063.4 time, 2070.7 real, 3426.1 MB
[runlim] sample:		2073.4 time, 2080.7 real, 3441.9 MB
[runlim] sample:		2083.4 time, 2090.7 real, 3457.8 MB
[runlim] sample:		2093.4 time, 2100.7 real, 3475.3 MB
[runlim] sample:		2103.4 time, 2110.7 real, 3492.1 MB
[runlim] sample:		2113.4 time, 2120.7 real, 3507.8 MB
[runlim] sample:		2123.4 time, 2130.7 real, 3525.8 MB
[runlim] sample:		2133.4 time, 2140.7 real, 3542.3 MB
[runlim] sample:		2143.4 time, 2150.7 real, 3557.8 MB
[runlim] sample:		2153.4 time, 2160.7 real, 3573.0 MB
[runlim] sample:		2163.4 time, 2170.7 real, 3590.5 MB
[runlim] sample:		2173.4 time, 2180.7 real, 3606.7 MB
[runlim] sample:		2183.4 time, 2190.7 real, 3621.9 MB
[runlim] sample:		2193.4 time, 2200.7 real, 3636.6 MB
[runlim] sample:		2203.4 time, 2210.7 real, 3651.1 MB
[runlim] sample:		2213.4 time, 2220.7 real, 3665.7 MB
[runlim] sample:		2223.4 time, 2230.7 real, 3680.7 MB
[runlim] sample:		2233.4 time, 2240.7 real, 3697.2 MB
[runlim] sample:		2243.4 time, 2250.7 real, 3712.6 MB
[runlim] sample:		2253.4 time, 2260.7 real, 3727.6 MB
[runlim] sample:		2263.4 time, 2270.7 real, 3744.1 MB
[runlim] sample:		2273.4 time, 2280.7 real, 3759.8 MB
[runlim] sample:		2283.4 time, 2290.7 real, 3774.5 MB
[runlim] sample:		2293.4 time, 2300.7 real, 3789.4 MB
[runlim] sample:		2303.4 time, 2310.7 real, 3803.6 MB
[runlim] sample:		2313.4 time, 2320.7 real, 3818.5 MB
[runlim] sample:		2323.4 time, 2330.7 real, 3834.5 MB
[runlim] sample:		2333.4 time, 2340.7 real, 3850.2 MB
[runlim] sample:		2343.4 time, 2350.7 real, 3864.9 MB
[runlim] sample:		2353.4 time, 2360.7 real, 3881.6 MB
[runlim] sample:		2363.4 time, 2370.7 real, 3896.8 MB
[runlim] sample:		2373.4 time, 2380.7 real, 3912.0 MB
[runlim] sample:		2383.4 time, 2390.7 real, 3927.8 MB
[runlim] sample:		2393.4 time, 2400.7 real, 3944.0 MB
[runlim] sample:		2403.4 time, 2410.7 real, 3960.5 MB
[runlim] sample:		2413.4 time, 2420.7 real, 3978.2 MB
[runlim] sample:		2423.4 time, 2430.7 real, 3994.0 MB
CVC4 interrupted by SIGTERM.
[runlim] end:			Mon Jan 28 09:07:23 2019
[runlim] status:		out of memory
[runlim] result:		3
[runlim] children:		0
[runlim] real:			2434.89 seconds
[runlim] time:			2427.48 seconds
[runlim] space:			4000.1 MB
[runlim] samples:		24341
