[runlim] version:		1.10fixed
[runlim] time limit:		3600 seconds
[runlim] real time limit:	311040000 seconds
[runlim] space limit:		4000 MB
[runlim] argv[0]:		./cvc4
[runlim] argv[1]:		--nl-ext-tplanes
[runlim] argv[2]:		/tmp/bIjm59Wl.smt2
[runlim] start:			Thu Feb 14 00:54:11 2019
[runlim] main pid:		22333
[runlim] sample:		9.4 time, 10.5 real, 37.8 MB
[runlim] sample:		18.4 time, 20.5 real, 41.4 MB
[runlim] sample:		26.3 time, 30.5 real, 43.0 MB
[runlim] sample:		35.4 time, 40.5 real, 45.1 MB
[runlim] sample:		44.7 time, 50.5 real, 50.9 MB
[runlim] sample:		54.0 time, 60.5 real, 51.7 MB
[runlim] sample:		63.4 time, 70.5 real, 52.5 MB
[runlim] sample:		73.4 time, 80.5 real, 53.2 MB
[runlim] sample:		83.4 time, 90.5 real, 54.0 MB
[runlim] sample:		93.4 time, 100.5 real, 54.2 MB
[runlim] sample:		103.4 time, 110.5 real, 54.2 MB
[runlim] sample:		113.4 time, 120.5 real, 54.5 MB
[runlim] sample:		123.3 time, 130.5 real, 54.7 MB
[runlim] sample:		133.3 time, 140.5 real, 54.7 MB
[runlim] sample:		143.2 time, 150.5 real, 55.0 MB
[runlim] sample:		152.8 time, 160.5 real, 57.6 MB
[runlim] sample:		162.8 time, 170.5 real, 57.8 MB
[runlim] sample:		172.8 time, 180.5 real, 58.5 MB
[runlim] sample:		182.8 time, 190.5 real, 58.5 MB
[runlim] sample:		192.2 time, 200.5 real, 58.5 MB
[runlim] sample:		200.4 time, 210.5 real, 58.8 MB
[runlim] sample:		209.7 time, 220.5 real, 59.0 MB
[runlim] sample:		219.7 time, 230.5 real, 59.3 MB
[runlim] sample:		229.7 time, 240.5 real, 59.5 MB
[runlim] sample:		239.7 time, 250.5 real, 67.0 MB
[runlim] sample:		249.7 time, 260.5 real, 67.0 MB
[runlim] sample:		259.7 time, 270.5 real, 67.8 MB
[runlim] sample:		269.7 time, 280.5 real, 67.8 MB
[runlim] sample:		279.7 time, 290.5 real, 72.1 MB
[runlim] sample:		289.7 time, 300.5 real, 72.1 MB
[runlim] sample:		299.7 time, 310.5 real, 72.1 MB
[runlim] sample:		309.7 time, 320.5 real, 72.1 MB
[runlim] sample:		319.7 time, 330.5 real, 72.1 MB
[runlim] sample:		329.7 time, 340.5 real, 72.9 MB
[runlim] sample:		339.7 time, 350.5 real, 73.9 MB
[runlim] sample:		349.7 time, 360.5 real, 74.1 MB
[runlim] sample:		359.7 time, 370.5 real, 75.2 MB
[runlim] sample:		369.7 time, 380.5 real, 77.2 MB
[runlim] sample:		379.7 time, 390.5 real, 77.7 MB
[runlim] sample:		389.7 time, 400.5 real, 78.3 MB
[runlim] sample:		399.7 time, 410.5 real, 79.4 MB
[runlim] sample:		409.7 time, 420.5 real, 79.4 MB
[runlim] sample:		419.7 time, 430.5 real, 79.4 MB
[runlim] sample:		429.7 time, 440.5 real, 79.4 MB
[runlim] sample:		439.7 time, 450.5 real, 79.4 MB
[runlim] sample:		449.7 time, 460.5 real, 80.5 MB
[runlim] sample:		459.7 time, 470.5 real, 80.5 MB
[runlim] sample:		469.7 time, 480.5 real, 80.9 MB
[runlim] sample:		479.7 time, 490.5 real, 80.9 MB
[runlim] sample:		489.7 time, 500.5 real, 80.9 MB
[runlim] sample:		499.7 time, 510.5 real, 80.9 MB
[runlim] sample:		509.7 time, 520.5 real, 80.9 MB
[runlim] sample:		519.7 time, 530.5 real, 80.9 MB
[runlim] sample:		529.7 time, 540.5 real, 80.9 MB
[runlim] sample:		539.7 time, 550.5 real, 81.4 MB
[runlim] sample:		549.7 time, 560.5 real, 83.7 MB
[runlim] sample:		559.7 time, 570.5 real, 84.2 MB
[runlim] sample:		569.7 time, 580.5 real, 84.2 MB
[runlim] sample:		579.7 time, 590.5 real, 84.2 MB
[runlim] sample:		589.6 time, 600.5 real, 85.0 MB
[runlim] sample:		599.6 time, 610.5 real, 85.7 MB
[runlim] sample:		609.0 time, 620.5 real, 85.7 MB
[runlim] sample:		617.3 time, 630.5 real, 85.7 MB
[runlim] sample:		626.1 time, 640.5 real, 85.7 MB
[runlim] sample:		635.0 time, 650.5 real, 85.7 MB
[runlim] sample:		643.5 time, 660.5 real, 85.7 MB
[runlim] sample:		652.8 time, 670.5 real, 85.7 MB
[runlim] sample:		662.4 time, 680.5 real, 85.9 MB
[runlim] sample:		671.2 time, 690.5 real, 85.9 MB
[runlim] sample:		680.7 time, 700.5 real, 86.2 MB
[runlim] sample:		689.6 time, 710.5 real, 86.4 MB
[runlim] sample:		698.8 time, 720.5 real, 86.7 MB
[runlim] sample:		707.8 time, 730.5 real, 86.7 MB
[runlim] sample:		716.2 time, 740.5 real, 86.7 MB
[runlim] sample:		725.4 time, 750.5 real, 86.9 MB
[runlim] sample:		734.8 time, 760.5 real, 86.9 MB
[runlim] sample:		744.5 time, 770.5 real, 86.9 MB
[runlim] sample:		753.9 time, 780.5 real, 86.9 MB
[runlim] sample:		762.6 time, 790.5 real, 88.2 MB
[runlim] sample:		770.8 time, 800.5 real, 97.2 MB
[runlim] sample:		779.8 time, 810.5 real, 97.2 MB
[runlim] sample:		788.0 time, 820.5 real, 97.2 MB
[runlim] sample:		796.3 time, 830.5 real, 97.2 MB
[runlim] sample:		805.4 time, 840.5 real, 97.2 MB
[runlim] sample:		814.7 time, 850.5 real, 97.2 MB
[runlim] sample:		824.3 time, 860.5 real, 97.2 MB
[runlim] sample:		833.2 time, 870.5 real, 97.2 MB
[runlim] sample:		843.2 time, 880.5 real, 97.2 MB
[runlim] sample:		851.7 time, 890.5 real, 97.2 MB
[runlim] sample:		860.5 time, 900.5 real, 104.9 MB
[runlim] sample:		870.2 time, 910.5 real, 104.9 MB
[runlim] sample:		879.8 time, 920.5 real, 104.9 MB
[runlim] sample:		889.4 time, 930.5 real, 105.2 MB
[runlim] sample:		897.8 time, 940.5 real, 105.2 MB
[runlim] sample:		907.1 time, 950.5 real, 105.2 MB
[runlim] sample:		917.1 time, 960.5 real, 105.2 MB
[runlim] sample:		926.5 time, 970.5 real, 105.4 MB
[runlim] sample:		935.5 time, 980.5 real, 105.4 MB
