[runlim] version:		1.10fixed
[runlim] time limit:		3600 seconds
[runlim] real time limit:	311040000 seconds
[runlim] space limit:		4000 MB
[runlim] argv[0]:		./cvc4
[runlim] argv[1]:		--nl-ext-tplanes
[runlim] argv[2]:		/tmp/ctv8VVae.smt2
[runlim] start:			Wed Jan 23 19:22:34 2019
[runlim] main pid:		13647
[runlim] sample:		10.0 time, 10.4 real, 36.5 MB
[runlim] sample:		20.0 time, 20.4 real, 42.8 MB
[runlim] sample:		30.0 time, 30.4 real, 46.9 MB
[runlim] sample:		40.0 time, 40.4 real, 51.2 MB
[runlim] sample:		50.0 time, 50.4 real, 53.6 MB
[runlim] sample:		60.0 time, 60.4 real, 55.9 MB
[runlim] sample:		70.0 time, 70.4 real, 58.5 MB
[runlim] sample:		80.0 time, 80.4 real, 61.0 MB
[runlim] sample:		90.0 time, 90.4 real, 63.1 MB
[runlim] sample:		100.0 time, 100.4 real, 68.0 MB
[runlim] sample:		110.0 time, 110.4 real, 68.5 MB
[runlim] sample:		120.0 time, 120.4 real, 69.6 MB
[runlim] sample:		130.0 time, 130.4 real, 70.8 MB
[runlim] sample:		140.0 time, 140.4 real, 72.6 MB
[runlim] sample:		150.0 time, 150.4 real, 73.9 MB
[runlim] sample:		160.0 time, 160.4 real, 75.2 MB
[runlim] sample:		170.0 time, 170.4 real, 76.5 MB
[runlim] sample:		180.0 time, 180.4 real, 77.8 MB
[runlim] sample:		189.9 time, 190.4 real, 79.1 MB
[runlim] sample:		199.9 time, 200.4 real, 80.1 MB
[runlim] sample:		209.9 time, 210.4 real, 81.1 MB
[runlim] sample:		219.9 time, 220.4 real, 82.4 MB
[runlim] sample:		229.9 time, 230.4 real, 84.1 MB
[runlim] sample:		239.9 time, 240.4 real, 85.1 MB
[runlim] sample:		249.9 time, 250.4 real, 85.9 MB
[runlim] sample:		259.9 time, 260.4 real, 96.2 MB
[runlim] sample:		269.9 time, 270.4 real, 96.2 MB
[runlim] sample:		279.9 time, 280.4 real, 96.5 MB
[runlim] sample:		289.9 time, 290.4 real, 96.7 MB
[runlim] sample:		299.9 time, 300.4 real, 97.0 MB
[runlim] sample:		309.9 time, 310.4 real, 97.2 MB
[runlim] sample:		319.9 time, 320.4 real, 97.2 MB
[runlim] sample:		329.9 time, 330.4 real, 97.5 MB
[runlim] sample:		339.9 time, 340.4 real, 97.8 MB
[runlim] sample:		349.6 time, 350.4 real, 98.0 MB
[runlim] sample:		359.2 time, 360.4 real, 98.3 MB
[runlim] sample:		368.9 time, 370.4 real, 98.5 MB
[runlim] sample:		378.6 time, 380.4 real, 99.3 MB
[runlim] sample:		388.3 time, 390.4 real, 100.3 MB
[runlim] sample:		398.0 time, 400.4 real, 101.6 MB
[runlim] sample:		407.8 time, 410.4 real, 102.9 MB
[runlim] sample:		417.5 time, 420.4 real, 103.7 MB
[runlim] sample:		427.2 time, 430.4 real, 104.5 MB
[runlim] sample:		436.9 time, 440.4 real, 105.0 MB
[runlim] sample:		446.7 time, 450.4 real, 106.0 MB
[runlim] sample:		456.4 time, 460.4 real, 106.5 MB
[runlim] sample:		466.2 time, 470.4 real, 107.6 MB
[runlim] sample:		476.2 time, 480.4 real, 108.3 MB
[runlim] sample:		486.1 time, 490.4 real, 108.8 MB
[runlim] sample:		495.8 time, 500.4 real, 109.9 MB
[runlim] sample:		505.5 time, 510.4 real, 110.9 MB
[runlim] sample:		515.2 time, 520.4 real, 111.7 MB
[runlim] sample:		524.9 time, 530.4 real, 112.7 MB
[runlim] sample:		534.6 time, 540.4 real, 113.2 MB
[runlim] sample:		544.3 time, 550.4 real, 114.0 MB
[runlim] sample:		554.1 time, 560.4 real, 114.8 MB
[runlim] sample:		564.0 time, 570.4 real, 115.5 MB
[runlim] sample:		574.0 time, 580.4 real, 116.3 MB
[runlim] sample:		583.9 time, 590.4 real, 117.1 MB
[runlim] sample:		593.9 time, 600.4 real, 117.9 MB
[runlim] sample:		603.9 time, 610.4 real, 118.4 MB
[runlim] sample:		613.9 time, 620.4 real, 119.2 MB
[runlim] sample:		623.9 time, 630.4 real, 120.2 MB
[runlim] sample:		633.9 time, 640.4 real, 120.4 MB
[runlim] sample:		643.6 time, 650.4 real, 121.5 MB
[runlim] sample:		653.3 time, 660.4 real, 122.0 MB
[runlim] sample:		663.1 time, 670.4 real, 122.8 MB
[runlim] sample:		673.1 time, 680.4 real, 123.3 MB
[runlim] sample:		682.8 time, 690.4 real, 124.1 MB
[runlim] sample:		692.5 time, 700.4 real, 124.6 MB
[runlim] sample:		702.2 time, 710.4 real, 125.1 MB
[runlim] sample:		711.9 time, 720.4 real, 126.1 MB
[runlim] sample:		721.6 time, 730.4 real, 126.6 MB
[runlim] sample:		731.3 time, 740.4 real, 127.1 MB
[runlim] sample:		741.1 time, 750.4 real, 147.2 MB
[runlim] sample:		751.1 time, 760.4 real, 147.2 MB
[runlim] sample:		761.1 time, 770.4 real, 147.5 MB
[runlim] sample:		770.8 time, 780.4 real, 147.5 MB
[runlim] sample:		780.6 time, 790.4 real, 147.8 MB
[runlim] sample:		790.6 time, 800.4 real, 147.8 MB
[runlim] sample:		800.6 time, 810.4 real, 148.0 MB
[runlim] sample:		810.4 time, 820.4 real, 148.0 MB
[runlim] sample:		820.4 time, 830.4 real, 148.3 MB
[runlim] sample:		830.4 time, 840.4 real, 148.5 MB
[runlim] sample:		840.4 time, 850.4 real, 148.5 MB
[runlim] sample:		850.4 time, 860.4 real, 148.8 MB
[runlim] sample:		860.4 time, 870.4 real, 148.8 MB
[runlim] sample:		870.4 time, 880.4 real, 149.0 MB
[runlim] sample:		880.4 time, 890.4 real, 149.0 MB
[runlim] sample:		890.4 time, 900.4 real, 149.3 MB
[runlim] sample:		900.4 time, 910.4 real, 149.3 MB
[runlim] sample:		910.4 time, 920.4 real, 149.6 MB
[runlim] sample:		920.4 time, 930.4 real, 149.6 MB
[runlim] sample:		930.1 time, 940.4 real, 149.8 MB
[runlim] sample:		939.8 time, 950.4 real, 149.8 MB
[runlim] sample:		949.5 time, 960.4 real, 150.1 MB
[runlim] sample:		959.2 time, 970.4 real, 150.1 MB
[runlim] sample:		968.9 time, 980.4 real, 150.3 MB
[runlim] sample:		978.6 time, 990.4 real, 150.3 MB
[runlim] sample:		988.3 time, 1000.4 real, 150.6 MB
[runlim] sample:		998.0 time, 1010.4 real, 150.6 MB
[runlim] sample:		1007.6 time, 1020.4 real, 150.8 MB
[runlim] sample:		1017.3 time, 1030.4 real, 150.8 MB
[runlim] sample:		1027.0 time, 1040.4 real, 151.1 MB
[runlim] sample:		1036.7 time, 1050.4 real, 151.1 MB
[runlim] sample:		1046.4 time, 1060.4 real, 151.4 MB
[runlim] sample:		1056.1 time, 1070.4 real, 151.4 MB
[runlim] sample:		1065.8 time, 1080.4 real, 151.4 MB
[runlim] sample:		1075.7 time, 1090.4 real, 151.6 MB
[runlim] sample:		1085.4 time, 1100.4 real, 151.6 MB
[runlim] sample:		1095.1 time, 1110.4 real, 151.9 MB
[runlim] sample:		1104.8 time, 1120.4 real, 152.1 MB
[runlim] sample:		1114.6 time, 1130.4 real, 152.7 MB
[runlim] sample:		1124.6 time, 1140.4 real, 153.2 MB
[runlim] sample:		1134.6 time, 1150.4 real, 153.7 MB
[runlim] sample:		1144.6 time, 1160.4 real, 154.2 MB
[runlim] sample:		1154.6 time, 1170.4 real, 155.0 MB
[runlim] sample:		1164.6 time, 1180.4 real, 155.5 MB
[runlim] sample:		1174.6 time, 1190.4 real, 156.0 MB
[runlim] sample:		1184.6 time, 1200.4 real, 156.5 MB
[runlim] sample:		1194.6 time, 1210.4 real, 156.8 MB
[runlim] sample:		1204.6 time, 1220.4 real, 157.6 MB
[runlim] sample:		1214.5 time, 1230.4 real, 158.1 MB
[runlim] sample:		1224.5 time, 1240.4 real, 158.6 MB
[runlim] sample:		1234.5 time, 1250.4 real, 159.1 MB
[runlim] sample:		1244.5 time, 1260.4 real, 159.6 MB
[runlim] sample:		1254.5 time, 1270.4 real, 160.4 MB
[runlim] sample:		1264.5 time, 1280.4 real, 160.6 MB
[runlim] sample:		1274.5 time, 1290.4 real, 161.2 MB
[runlim] sample:		1284.5 time, 1300.4 real, 161.7 MB
[runlim] sample:		1294.5 time, 1310.4 real, 162.2 MB
[runlim] sample:		1304.5 time, 1320.4 real, 162.7 MB
[runlim] sample:		1314.4 time, 1330.4 real, 163.2 MB
[runlim] sample:		1324.1 time, 1340.4 real, 163.7 MB
[runlim] sample:		1333.8 time, 1350.4 real, 164.5 MB
[runlim] sample:		1343.8 time, 1360.4 real, 164.8 MB
[runlim] sample:		1353.8 time, 1370.4 real, 165.3 MB
[runlim] sample:		1363.7 time, 1380.4 real, 165.8 MB
[runlim] sample:		1373.3 time, 1390.4 real, 166.3 MB
[runlim] sample:		1383.0 time, 1400.4 real, 166.8 MB
[runlim] sample:		1392.7 time, 1410.4 real, 167.3 MB
[runlim] sample:		1402.4 time, 1420.4 real, 167.9 MB
[runlim] sample:		1412.1 time, 1430.4 real, 168.4 MB
[runlim] sample:		1421.9 time, 1440.4 real, 168.9 MB
[runlim] sample:		1431.9 time, 1450.4 real, 169.2 MB
[runlim] sample:		1441.9 time, 1460.4 real, 169.7 MB
[runlim] sample:		1451.9 time, 1470.4 real, 170.2 MB
[runlim] sample:		1461.9 time, 1480.4 real, 171.7 MB
[runlim] sample:		1471.9 time, 1490.4 real, 172.0 MB
[runlim] sample:		1481.9 time, 1500.4 real, 172.2 MB
[runlim] sample:		1491.9 time, 1510.4 real, 172.5 MB
[runlim] sample:		1501.7 time, 1520.4 real, 173.0 MB
[runlim] sample:		1511.7 time, 1530.4 real, 173.3 MB
[runlim] sample:		1521.7 time, 1540.4 real, 173.8 MB
[runlim] sample:		1531.7 time, 1550.4 real, 174.3 MB
[runlim] sample:		1541.7 time, 1560.4 real, 174.8 MB
[runlim] sample:		1551.5 time, 1570.4 real, 175.1 MB
[runlim] sample:		1561.3 time, 1580.4 real, 175.6 MB
[runlim] sample:		1571.0 time, 1590.4 real, 176.1 MB
[runlim] sample:		1580.7 time, 1600.4 real, 176.6 MB
[runlim] sample:		1590.4 time, 1610.4 real, 177.1 MB
[runlim] sample:		1600.1 time, 1620.4 real, 177.7 MB
[runlim] sample:		1609.9 time, 1630.4 real, 177.9 MB
[runlim] sample:		1619.9 time, 1640.4 real, 178.4 MB
[runlim] sample:		1629.9 time, 1650.4 real, 178.9 MB
[runlim] sample:		1639.9 time, 1660.4 real, 179.5 MB
[runlim] sample:		1649.9 time, 1670.4 real, 179.7 MB
[runlim] sample:		1659.9 time, 1680.4 real, 180.2 MB
[runlim] sample:		1669.9 time, 1690.4 real, 180.8 MB
[runlim] sample:		1679.9 time, 1700.4 real, 181.3 MB
[runlim] sample:		1689.6 time, 1710.4 real, 181.5 MB
[runlim] sample:		1699.3 time, 1720.4 real, 182.0 MB
[runlim] sample:		1709.0 time, 1730.4 real, 182.6 MB
[runlim] sample:		1718.7 time, 1740.4 real, 183.1 MB
[runlim] sample:		1728.3 time, 1750.4 real, 183.6 MB
[runlim] sample:		1738.3 time, 1760.4 real, 183.8 MB
[runlim] sample:		1748.0 time, 1770.4 real, 184.4 MB
[runlim] sample:		1757.8 time, 1780.4 real, 184.9 MB
[runlim] sample:		1767.5 time, 1790.4 real, 185.1 MB
[runlim] sample:		1777.2 time, 1800.4 real, 185.6 MB
[runlim] sample:		1787.1 time, 1810.4 real, 186.2 MB
[runlim] sample:		1797.1 time, 1820.4 real, 186.7 MB
[runlim] sample:		1807.1 time, 1830.4 real, 186.9 MB
[runlim] sample:		1817.1 time, 1840.4 real, 187.5 MB
[runlim] sample:		1826.8 time, 1850.4 real, 188.0 MB
[runlim] sample:		1836.4 time, 1860.4 real, 188.2 MB
[runlim] sample:		1846.1 time, 1870.4 real, 188.7 MB
[runlim] sample:		1855.8 time, 1880.4 real, 189.3 MB
[runlim] sample:		1865.5 time, 1890.4 real, 189.5 MB
[runlim] sample:		1875.2 time, 1900.4 real, 190.3 MB
[runlim] sample:		1884.9 time, 1910.4 real, 190.8 MB
[runlim] sample:		1894.6 time, 1920.4 real, 191.3 MB
[runlim] sample:		1904.3 time, 1930.4 real, 191.3 MB
[runlim] sample:		1914.2 time, 1940.4 real, 191.8 MB
[runlim] sample:		1924.2 time, 1950.4 real, 192.3 MB
[runlim] sample:		1934.0 time, 1960.4 real, 192.9 MB
[runlim] sample:		1943.8 time, 1970.4 real, 193.1 MB
[runlim] sample:		1953.8 time, 1980.4 real, 193.6 MB
[runlim] sample:		1963.5 time, 1990.4 real, 195.7 MB
[runlim] sample:		1973.2 time, 2000.4 real, 195.7 MB
[runlim] sample:		1983.1 time, 2010.4 real, 196.0 MB
[runlim] sample:		1993.0 time, 2020.4 real, 196.5 MB
[runlim] sample:		2002.9 time, 2030.4 real, 196.7 MB
[runlim] sample:		2012.7 time, 2040.4 real, 197.2 MB
[runlim] sample:		2022.2 time, 2050.4 real, 197.8 MB
[runlim] sample:		2031.4 time, 2060.4 real, 198.0 MB
[runlim] sample:		2040.2 time, 2070.4 real, 198.5 MB
[runlim] sample:		2048.4 time, 2080.4 real, 198.8 MB
[runlim] sample:		2056.5 time, 2090.4 real, 199.6 MB
[runlim] sample:		2064.7 time, 2100.4 real, 245.5 MB
[runlim] sample:		2073.3 time, 2110.4 real, 245.5 MB
[runlim] sample:		2081.3 time, 2120.4 real, 245.5 MB
[runlim] sample:		2090.3 time, 2130.4 real, 245.8 MB
[runlim] sample:		2098.9 time, 2140.4 real, 245.8 MB
[runlim] sample:		2108.7 time, 2150.4 real, 245.8 MB
[runlim] sample:		2117.6 time, 2160.4 real, 246.1 MB
[runlim] sample:		2127.1 time, 2170.4 real, 246.1 MB
[runlim] sample:		2136.2 time, 2180.4 real, 246.1 MB
[runlim] sample:		2145.4 time, 2190.4 real, 246.3 MB
[runlim] sample:		2155.1 time, 2200.4 real, 246.3 MB
[runlim] sample:		2163.3 time, 2210.4 real, 246.6 MB
[runlim] sample:		2171.4 time, 2220.4 real, 246.6 MB
[runlim] sample:		2180.3 time, 2230.4 real, 246.6 MB
[runlim] sample:		2189.0 time, 2240.4 real, 246.6 MB
[runlim] sample:		2198.5 time, 2250.4 real, 246.8 MB
[runlim] sample:		2208.5 time, 2260.4 real, 246.8 MB
[runlim] sample:		2218.1 time, 2270.4 real, 247.1 MB
[runlim] sample:		2227.4 time, 2280.4 real, 247.1 MB
[runlim] sample:		2236.7 time, 2290.4 real, 247.1 MB
[runlim] sample:		2246.1 time, 2300.4 real, 247.3 MB
[runlim] sample:		2255.4 time, 2310.4 real, 247.3 MB
[runlim] sample:		2264.8 time, 2320.4 real, 247.3 MB
[runlim] sample:		2274.1 time, 2330.4 real, 247.3 MB
[runlim] sample:		2283.4 time, 2340.4 real, 247.6 MB
[runlim] sample:		2292.8 time, 2350.4 real, 247.6 MB
[runlim] sample:		2302.1 time, 2360.4 real, 247.6 MB
[runlim] sample:		2311.4 time, 2370.4 real, 247.9 MB
[runlim] sample:		2320.8 time, 2380.4 real, 247.9 MB
[runlim] sample:		2330.1 time, 2390.4 real, 248.1 MB
[runlim] sample:		2339.4 time, 2400.4 real, 248.1 MB
[runlim] sample:		2348.8 time, 2410.4 real, 248.1 MB
[runlim] sample:		2358.1 time, 2420.4 real, 248.4 MB
[runlim] sample:		2367.4 time, 2430.4 real, 248.4 MB
[runlim] sample:		2376.8 time, 2440.4 real, 248.4 MB
[runlim] sample:		2386.1 time, 2450.4 real, 248.4 MB
[runlim] sample:		2395.4 time, 2460.4 real, 248.6 MB
[runlim] sample:		2404.8 time, 2470.4 real, 248.6 MB
[runlim] sample:		2414.1 time, 2480.4 real, 248.6 MB
[runlim] sample:		2423.4 time, 2490.4 real, 248.9 MB
[runlim] sample:		2432.8 time, 2500.4 real, 248.9 MB
[runlim] sample:		2442.1 time, 2510.4 real, 248.9 MB
[runlim] sample:		2451.4 time, 2520.4 real, 249.2 MB
[runlim] sample:		2460.8 time, 2530.4 real, 249.2 MB
[runlim] sample:		2470.1 time, 2540.4 real, 249.2 MB
[runlim] sample:		2479.4 time, 2550.4 real, 249.4 MB
[runlim] sample:		2488.8 time, 2560.4 real, 249.4 MB
[runlim] sample:		2498.1 time, 2570.4 real, 249.4 MB
[runlim] sample:		2507.4 time, 2580.4 real, 249.7 MB
[runlim] sample:		2516.8 time, 2590.4 real, 249.7 MB
[runlim] sample:		2526.1 time, 2600.4 real, 249.7 MB
[runlim] sample:		2535.5 time, 2610.4 real, 249.9 MB
[runlim] sample:		2544.8 time, 2620.4 real, 249.9 MB
[runlim] sample:		2554.1 time, 2630.4 real, 249.9 MB
[runlim] sample:		2563.5 time, 2640.4 real, 249.9 MB
[runlim] sample:		2572.8 time, 2650.4 real, 250.2 MB
[runlim] sample:		2582.2 time, 2660.4 real, 250.2 MB
[runlim] sample:		2591.5 time, 2670.4 real, 250.2 MB
[runlim] sample:		2600.8 time, 2680.4 real, 250.4 MB
[runlim] sample:		2610.2 time, 2690.4 real, 250.4 MB
[runlim] sample:		2619.5 time, 2700.4 real, 250.4 MB
[runlim] sample:		2628.9 time, 2710.4 real, 250.7 MB
[runlim] sample:		2638.2 time, 2720.4 real, 250.7 MB
[runlim] sample:		2647.6 time, 2730.4 real, 250.7 MB
[runlim] sample:		2656.9 time, 2740.4 real, 251.0 MB
[runlim] sample:		2666.2 time, 2750.4 real, 251.0 MB
[runlim] sample:		2675.6 time, 2760.4 real, 251.0 MB
[runlim] sample:		2684.9 time, 2770.4 real, 251.2 MB
[runlim] sample:		2694.2 time, 2780.4 real, 251.2 MB
[runlim] sample:		2703.6 time, 2790.4 real, 251.2 MB
[runlim] sample:		2712.9 time, 2800.4 real, 251.5 MB
[runlim] sample:		2722.3 time, 2810.4 real, 251.5 MB
[runlim] sample:		2731.6 time, 2820.4 real, 251.5 MB
[runlim] sample:		2740.9 time, 2830.4 real, 251.7 MB
[runlim] sample:		2750.3 time, 2840.4 real, 251.7 MB
[runlim] sample:		2759.6 time, 2850.4 real, 251.7 MB
[runlim] sample:		2768.9 time, 2860.4 real, 251.7 MB
[runlim] sample:		2778.3 time, 2870.4 real, 252.0 MB
[runlim] sample:		2787.6 time, 2880.4 real, 252.0 MB
[runlim] sample:		2797.0 time, 2890.4 real, 252.0 MB
[runlim] sample:		2806.3 time, 2900.4 real, 252.2 MB
[runlim] sample:		2815.6 time, 2910.4 real, 252.2 MB
[runlim] sample:		2825.0 time, 2920.4 real, 252.2 MB
[runlim] sample:		2834.3 time, 2930.4 real, 252.5 MB
[runlim] sample:		2843.7 time, 2940.4 real, 252.5 MB
[runlim] sample:		2853.0 time, 2950.4 real, 252.5 MB
[runlim] sample:		2862.3 time, 2960.4 real, 252.8 MB
[runlim] sample:		2871.7 time, 2970.4 real, 252.8 MB
[runlim] sample:		2881.0 time, 2980.4 real, 252.8 MB
[runlim] sample:		2890.4 time, 2990.4 real, 252.8 MB
[runlim] sample:		2899.7 time, 3000.4 real, 253.0 MB
[runlim] sample:		2909.0 time, 3010.4 real, 253.0 MB
[runlim] sample:		2918.4 time, 3020.4 real, 253.0 MB
[runlim] sample:		2927.7 time, 3030.4 real, 253.3 MB
[runlim] sample:		2937.1 time, 3040.4 real, 253.3 MB
[runlim] sample:		2946.4 time, 3050.4 real, 253.3 MB
[runlim] sample:		2955.7 time, 3060.4 real, 253.5 MB
[runlim] sample:		2965.1 time, 3070.4 real, 253.5 MB
[runlim] sample:		2974.4 time, 3080.4 real, 253.5 MB
[runlim] sample:		2983.8 time, 3090.4 real, 253.5 MB
[runlim] sample:		2993.1 time, 3100.4 real, 253.8 MB
[runlim] sample:		3002.4 time, 3110.4 real, 253.8 MB
[runlim] sample:		3011.8 time, 3120.4 real, 253.8 MB
[runlim] sample:		3021.1 time, 3130.4 real, 254.1 MB
[runlim] sample:		3030.5 time, 3140.4 real, 254.1 MB
[runlim] sample:		3039.8 time, 3150.4 real, 254.1 MB
[runlim] sample:		3049.2 time, 3160.4 real, 254.1 MB
[runlim] sample:		3058.5 time, 3170.4 real, 254.3 MB
[runlim] sample:		3067.8 time, 3180.4 real, 254.3 MB
[runlim] sample:		3077.2 time, 3190.4 real, 254.3 MB
[runlim] sample:		3086.5 time, 3200.4 real, 254.6 MB
[runlim] sample:		3095.9 time, 3210.4 real, 254.6 MB
[runlim] sample:		3105.2 time, 3220.4 real, 254.6 MB
[runlim] sample:		3114.6 time, 3230.4 real, 254.8 MB
[runlim] sample:		3123.9 time, 3240.4 real, 254.8 MB
[runlim] sample:		3133.2 time, 3250.4 real, 254.8 MB
[runlim] sample:		3142.6 time, 3260.4 real, 254.8 MB
[runlim] sample:		3151.9 time, 3270.4 real, 255.1 MB
[runlim] sample:		3161.3 time, 3280.4 real, 255.1 MB
[runlim] sample:		3170.6 time, 3290.4 real, 255.1 MB
[runlim] sample:		3179.9 time, 3300.4 real, 255.3 MB
[runlim] sample:		3189.3 time, 3310.4 real, 255.3 MB
[runlim] sample:		3198.6 time, 3320.4 real, 255.3 MB
[runlim] sample:		3208.0 time, 3330.4 real, 255.3 MB
[runlim] sample:		3217.3 time, 3340.4 real, 255.6 MB
[runlim] sample:		3226.7 time, 3350.4 real, 255.6 MB
[runlim] sample:		3236.0 time, 3360.4 real, 255.6 MB
[runlim] sample:		3245.3 time, 3370.4 real, 255.6 MB
[runlim] sample:		3254.7 time, 3380.4 real, 255.9 MB
[runlim] sample:		3264.0 time, 3390.4 real, 255.9 MB
[runlim] sample:		3273.3 time, 3400.4 real, 256.1 MB
[runlim] sample:		3282.7 time, 3410.4 real, 256.1 MB
[runlim] sample:		3292.0 time, 3420.4 real, 256.1 MB
[runlim] sample:		3301.4 time, 3430.4 real, 256.1 MB
[runlim] sample:		3310.7 time, 3440.4 real, 256.4 MB
[runlim] sample:		3320.0 time, 3450.4 real, 256.4 MB
[runlim] sample:		3329.4 time, 3460.4 real, 256.4 MB
[runlim] sample:		3338.7 time, 3470.4 real, 256.4 MB
[runlim] sample:		3348.1 time, 3480.4 real, 256.6 MB
[runlim] sample:		3357.4 time, 3490.4 real, 256.6 MB
[runlim] sample:		3366.7 time, 3500.4 real, 256.6 MB
[runlim] sample:		3376.1 time, 3510.4 real, 256.9 MB
[runlim] sample:		3385.4 time, 3520.4 real, 256.9 MB
[runlim] sample:		3394.9 time, 3530.4 real, 256.9 MB
[runlim] sample:		3404.6 time, 3540.4 real, 256.9 MB
[runlim] sample:		3414.3 time, 3550.4 real, 257.1 MB
[runlim] sample:		3424.0 time, 3560.4 real, 257.1 MB
[runlim] sample:		3433.7 time, 3570.4 real, 257.1 MB
[runlim] sample:		3443.3 time, 3580.4 real, 257.4 MB
[runlim] sample:		3453.0 time, 3590.4 real, 257.4 MB
[runlim] sample:		3462.7 time, 3600.4 real, 257.4 MB
[runlim] sample:		3472.4 time, 3610.4 real, 257.4 MB
[runlim] sample:		3482.1 time, 3620.4 real, 257.7 MB
[runlim] sample:		3491.8 time, 3630.4 real, 257.7 MB
[runlim] sample:		3501.5 time, 3640.4 real, 258.7 MB
[runlim] sample:		3511.2 time, 3650.4 real, 259.2 MB
[runlim] sample:		3520.9 time, 3660.4 real, 259.2 MB
[runlim] sample:		3530.6 time, 3670.4 real, 259.5 MB
[runlim] sample:		3540.2 time, 3680.4 real, 259.7 MB
[runlim] sample:		3549.9 time, 3690.4 real, 260.0 MB
[runlim] sample:		3559.6 time, 3700.4 real, 260.5 MB
[runlim] sample:		3568.9 time, 3710.4 real, 260.5 MB
[runlim] sample:		3578.8 time, 3720.4 real, 261.0 MB
[runlim] sample:		3588.8 time, 3730.4 real, 261.5 MB
[runlim] sample:		3598.8 time, 3740.4 real, 261.8 MB
CVC4 interrupted by SIGTERM.
[runlim] end:			Wed Jan 23 20:24:55 2019
[runlim] status:		out of time
[runlim] result:		2
[runlim] children:		0
[runlim] real:			3741.64 seconds
[runlim] time:			3600.03 seconds
[runlim] space:			273.3 MB
[runlim] samples:		37412
