[runlim] version:		1.10fixed
[runlim] time limit:		3600 seconds
[runlim] real time limit:	311040000 seconds
[runlim] space limit:		4000 MB
[runlim] argv[0]:		./cvc4
[runlim] argv[1]:		--fmf-fun-rlv
[runlim] argv[2]:		/tmp/Fq9phW6H.smt2
[runlim] start:			Thu Feb 14 03:00:33 2019
[runlim] main pid:		23297
[runlim] sample:		9.2 time, 10.0 real, 81.1 MB
[runlim] sample:		19.2 time, 20.0 real, 148.9 MB
[runlim] sample:		29.2 time, 30.0 real, 155.6 MB
[runlim] sample:		39.2 time, 40.0 real, 157.1 MB
[runlim] sample:		49.2 time, 50.0 real, 159.4 MB
[runlim] sample:		59.2 time, 60.0 real, 308.4 MB
[runlim] sample:		69.2 time, 70.0 real, 303.3 MB
[runlim] sample:		79.2 time, 80.0 real, 314.9 MB
[runlim] sample:		89.2 time, 90.0 real, 315.4 MB
[runlim] sample:		99.2 time, 100.0 real, 317.5 MB
[runlim] sample:		109.2 time, 110.0 real, 317.5 MB
[runlim] sample:		119.2 time, 120.0 real, 319.0 MB
[runlim] sample:		129.2 time, 130.0 real, 320.6 MB
[runlim] sample:		139.2 time, 140.0 real, 320.6 MB
[runlim] sample:		149.2 time, 150.0 real, 321.6 MB
[runlim] sample:		159.2 time, 160.0 real, 322.4 MB
[runlim] sample:		169.2 time, 170.0 real, 322.4 MB
[runlim] sample:		179.2 time, 180.0 real, 327.6 MB
[runlim] sample:		189.2 time, 190.0 real, 327.6 MB
[runlim] sample:		199.2 time, 200.0 real, 496.4 MB
[runlim] sample:		209.2 time, 210.0 real, 540.5 MB
[runlim] sample:		219.2 time, 220.0 real, 540.5 MB
[runlim] sample:		229.2 time, 230.0 real, 541.8 MB
[runlim] sample:		239.2 time, 240.0 real, 541.8 MB
[runlim] sample:		249.2 time, 250.0 real, 542.0 MB
[runlim] sample:		259.2 time, 260.0 real, 542.3 MB
[runlim] sample:		269.2 time, 270.0 real, 546.4 MB
[runlim] sample:		279.2 time, 280.0 real, 576.9 MB
[runlim] sample:		289.2 time, 290.0 real, 575.3 MB
[runlim] sample:		299.2 time, 300.0 real, 575.3 MB
[runlim] sample:		309.2 time, 310.0 real, 575.3 MB
[runlim] sample:		319.2 time, 320.0 real, 575.3 MB
[runlim] sample:		329.2 time, 330.0 real, 575.3 MB
[runlim] sample:		339.2 time, 340.0 real, 575.3 MB
[runlim] sample:		349.2 time, 350.0 real, 568.5 MB
[runlim] sample:		359.2 time, 360.0 real, 569.5 MB
[runlim] sample:		369.2 time, 370.0 real, 570.6 MB
[runlim] sample:		379.2 time, 380.0 real, 571.8 MB
[runlim] sample:		389.2 time, 390.0 real, 573.1 MB
[runlim] sample:		398.6 time, 400.0 real, 574.2 MB
[runlim] sample:		408.6 time, 410.0 real, 575.2 MB
[runlim] sample:		418.6 time, 420.0 real, 591.4 MB
[runlim] sample:		428.6 time, 430.0 real, 591.4 MB
[runlim] sample:		438.6 time, 440.0 real, 591.4 MB
[runlim] sample:		448.6 time, 450.0 real, 591.7 MB
[runlim] sample:		458.6 time, 460.0 real, 591.7 MB
[runlim] sample:		468.5 time, 470.0 real, 591.7 MB
[runlim] sample:		478.1 time, 480.0 real, 592.5 MB
[runlim] sample:		487.1 time, 490.0 real, 592.5 MB
[runlim] sample:		497.1 time, 500.0 real, 592.5 MB
[runlim] sample:		505.9 time, 510.0 real, 592.5 MB
[runlim] sample:		514.8 time, 520.0 real, 592.5 MB
[runlim] sample:		524.8 time, 530.0 real, 592.5 MB
[runlim] sample:		534.8 time, 540.0 real, 592.5 MB
[runlim] sample:		544.8 time, 550.0 real, 595.0 MB
[runlim] sample:		554.8 time, 560.0 real, 595.0 MB
[runlim] sample:		564.8 time, 570.0 real, 595.0 MB
[runlim] sample:		574.8 time, 580.0 real, 595.0 MB
[runlim] sample:		584.8 time, 590.0 real, 595.0 MB
[runlim] sample:		594.8 time, 600.0 real, 595.0 MB
[runlim] sample:		604.8 time, 610.0 real, 595.0 MB
[runlim] sample:		614.8 time, 620.0 real, 595.0 MB
[runlim] sample:		624.8 time, 630.0 real, 595.0 MB
[runlim] sample:		634.8 time, 640.0 real, 595.0 MB
[runlim] sample:		644.8 time, 650.0 real, 595.0 MB
[runlim] sample:		654.8 time, 660.0 real, 595.0 MB
[runlim] sample:		664.8 time, 670.0 real, 598.4 MB
[runlim] sample:		674.8 time, 680.0 real, 598.4 MB
[runlim] sample:		684.8 time, 690.0 real, 600.2 MB
[runlim] sample:		694.8 time, 700.0 real, 600.2 MB
[runlim] sample:		704.8 time, 710.0 real, 600.2 MB
[runlim] sample:		714.8 time, 720.0 real, 601.0 MB
[runlim] sample:		724.0 time, 730.0 real, 601.0 MB
[runlim] sample:		733.0 time, 740.0 real, 601.0 MB
[runlim] sample:		742.0 time, 750.0 real, 601.0 MB
[runlim] sample:		751.5 time, 760.0 real, 601.0 MB
[runlim] sample:		761.5 time, 770.0 real, 601.0 MB
[runlim] sample:		771.5 time, 780.0 real, 601.0 MB
[runlim] sample:		780.9 time, 790.0 real, 601.8 MB
[runlim] sample:		789.6 time, 800.0 real, 602.8 MB
[runlim] sample:		799.1 time, 810.0 real, 602.8 MB
[runlim] sample:		809.1 time, 820.0 real, 602.8 MB
[runlim] sample:		819.1 time, 830.0 real, 602.8 MB
[runlim] sample:		828.7 time, 840.0 real, 602.8 MB
[runlim] sample:		837.8 time, 850.0 real, 602.8 MB
[runlim] sample:		846.8 time, 860.0 real, 602.8 MB
[runlim] sample:		855.8 time, 870.0 real, 602.8 MB
[runlim] sample:		864.9 time, 880.0 real, 602.8 MB
[runlim] sample:		874.6 time, 890.0 real, 602.8 MB
[runlim] sample:		884.6 time, 900.0 real, 602.8 MB
[runlim] sample:		894.6 time, 910.0 real, 602.8 MB
[runlim] sample:		903.8 time, 920.0 real, 605.6 MB
[runlim] sample:		912.8 time, 930.0 real, 605.6 MB
[runlim] sample:		922.6 time, 940.0 real, 607.4 MB
[runlim] sample:		932.6 time, 950.0 real, 607.4 MB
[runlim] sample:		942.6 time, 960.0 real, 607.4 MB
[runlim] sample:		952.6 time, 970.0 real, 608.2 MB
[runlim] sample:		962.6 time, 980.0 real, 608.2 MB
[runlim] sample:		972.6 time, 990.0 real, 608.2 MB
[runlim] sample:		982.6 time, 1000.0 real, 608.2 MB
[runlim] sample:		992.5 time, 1010.0 real, 608.2 MB
[runlim] sample:		1002.5 time, 1020.0 real, 608.2 MB
[runlim] sample:		1012.5 time, 1030.0 real, 608.2 MB
[runlim] sample:		1022.5 time, 1040.0 real, 610.0 MB
[runlim] sample:		1032.5 time, 1050.0 real, 610.0 MB
[runlim] sample:		1042.5 time, 1060.0 real, 610.0 MB
[runlim] sample:		1052.5 time, 1070.0 real, 610.0 MB
[runlim] sample:		1062.5 time, 1080.0 real, 610.0 MB
[runlim] sample:		1072.5 time, 1090.0 real, 610.0 MB
[runlim] sample:		1082.5 time, 1100.0 real, 610.0 MB
[runlim] sample:		1092.5 time, 1110.0 real, 610.0 MB
[runlim] sample:		1102.3 time, 1120.0 real, 610.0 MB
[runlim] sample:		1111.3 time, 1130.0 real, 610.0 MB
[runlim] sample:		1121.2 time, 1140.0 real, 610.0 MB
[runlim] sample:		1131.2 time, 1150.0 real, 610.0 MB
[runlim] sample:		1141.0 time, 1160.0 real, 755.2 MB
[runlim] sample:		1151.0 time, 1170.0 real, 907.6 MB
[runlim] sample:		1161.0 time, 1180.0 real, 998.2 MB
[runlim] sample:		1171.0 time, 1190.0 real, 998.2 MB
[runlim] sample:		1181.0 time, 1200.0 real, 1076.0 MB
[runlim] sample:		1191.0 time, 1210.0 real, 1099.8 MB
[runlim] sample:		1201.0 time, 1220.0 real, 1099.8 MB
[runlim] sample:		1211.0 time, 1230.0 real, 1099.8 MB
[runlim] sample:		1221.0 time, 1240.0 real, 1099.8 MB
[runlim] sample:		1231.0 time, 1250.0 real, 1099.8 MB
[runlim] sample:		1241.0 time, 1260.0 real, 1099.8 MB
[runlim] sample:		1251.0 time, 1270.0 real, 1156.0 MB
[runlim] sample:		1261.0 time, 1280.0 real, 1152.4 MB
[runlim] sample:		1271.0 time, 1290.0 real, 1152.4 MB
[runlim] sample:		1281.0 time, 1300.0 real, 1150.6 MB
[runlim] sample:		1291.0 time, 1310.0 real, 1150.6 MB
[runlim] sample:		1300.5 time, 1320.0 real, 1150.6 MB
[runlim] sample:		1310.4 time, 1330.0 real, 1150.6 MB
[runlim] sample:		1320.3 time, 1340.0 real, 1150.6 MB
[runlim] sample:		1330.3 time, 1350.0 real, 1150.6 MB
[runlim] sample:		1340.2 time, 1360.0 real, 1150.6 MB
[runlim] sample:		1349.1 time, 1370.0 real, 1150.6 MB
[runlim] sample:		1358.1 time, 1380.0 real, 1150.6 MB
[runlim] sample:		1367.1 time, 1390.0 real, 1150.6 MB
[runlim] sample:		1376.1 time, 1400.0 real, 1150.6 MB
[runlim] sample:		1385.1 time, 1410.0 real, 1150.6 MB
[runlim] sample:		1394.0 time, 1420.0 real, 1150.6 MB
[runlim] sample:		1402.6 time, 1430.0 real, 1150.6 MB
[runlim] sample:		1412.1 time, 1440.0 real, 1150.6 MB
[runlim] sample:		1422.1 time, 1450.0 real, 1150.6 MB
[runlim] sample:		1432.1 time, 1460.0 real, 1150.6 MB
[runlim] sample:		1442.1 time, 1470.0 real, 1150.6 MB
[runlim] sample:		1452.1 time, 1480.0 real, 1150.6 MB
[runlim] sample:		1462.1 time, 1490.0 real, 1150.6 MB
[runlim] sample:		1472.1 time, 1500.0 real, 1150.6 MB
[runlim] sample:		1482.1 time, 1510.0 real, 1150.6 MB
[runlim] sample:		1492.1 time, 1520.0 real, 1150.6 MB
[runlim] sample:		1502.1 time, 1530.0 real, 1150.6 MB
[runlim] sample:		1512.1 time, 1540.0 real, 1150.6 MB
[runlim] sample:		1522.1 time, 1550.0 real, 1150.6 MB
[runlim] sample:		1532.1 time, 1560.0 real, 1150.6 MB
[runlim] sample:		1542.1 time, 1570.0 real, 1150.6 MB
[runlim] sample:		1552.1 time, 1580.0 real, 1150.6 MB
[runlim] sample:		1562.1 time, 1590.0 real, 1134.6 MB
[runlim] sample:		1572.1 time, 1600.0 real, 1137.4 MB
[runlim] sample:		1582.1 time, 1610.0 real, 1137.4 MB
[runlim] sample:		1592.1 time, 1620.0 real, 1137.7 MB
[runlim] sample:		1602.1 time, 1630.0 real, 1138.2 MB
[runlim] sample:		1612.1 time, 1640.0 real, 1138.7 MB
[runlim] sample:		1622.1 time, 1650.0 real, 1139.2 MB
[runlim] sample:		1632.1 time, 1660.0 real, 1139.7 MB
[runlim] sample:		1642.1 time, 1670.0 real, 1140.2 MB
[runlim] sample:		1652.1 time, 1680.0 real, 1140.8 MB
[runlim] sample:		1662.1 time, 1690.0 real, 1141.5 MB
[runlim] sample:		1672.1 time, 1700.0 real, 1142.0 MB
[runlim] sample:		1682.1 time, 1710.0 real, 1142.6 MB
[runlim] sample:		1692.1 time, 1720.0 real, 1143.1 MB
[runlim] sample:		1702.1 time, 1730.0 real, 1143.6 MB
[runlim] sample:		1712.1 time, 1740.0 real, 1144.1 MB
[runlim] sample:		1722.1 time, 1750.0 real, 1144.6 MB
[runlim] sample:		1732.1 time, 1760.0 real, 1145.1 MB
[runlim] sample:		1741.8 time, 1770.0 real, 1145.7 MB
[runlim] sample:		1751.7 time, 1780.0 real, 1146.4 MB
[runlim] sample:		1761.7 time, 1790.0 real, 1146.9 MB
[runlim] sample:		1771.7 time, 1800.0 real, 1147.5 MB
[runlim] sample:		1781.7 time, 1810.0 real, 1148.2 MB
[runlim] sample:		1791.7 time, 1820.0 real, 1148.7 MB
[runlim] sample:		1801.7 time, 1830.0 real, 1149.3 MB
[runlim] sample:		1811.7 time, 1840.0 real, 1149.8 MB
[runlim] sample:		1821.4 time, 1850.0 real, 1150.3 MB
[runlim] sample:		1829.4 time, 1860.0 real, 1150.8 MB
[runlim] sample:		1838.8 time, 1870.0 real, 1151.3 MB
[runlim] sample:		1848.5 time, 1880.0 real, 1152.1 MB
[runlim] sample:		1858.2 time, 1890.0 real, 1152.1 MB
[runlim] sample:		1867.8 time, 1900.0 real, 1152.6 MB
[runlim] sample:		1877.5 time, 1910.0 real, 1153.1 MB
[runlim] sample:		1887.2 time, 1920.0 real, 1153.6 MB
[runlim] sample:		1896.3 time, 1930.0 real, 1153.9 MB
[runlim] sample:		1905.6 time, 1940.0 real, 1154.4 MB
[runlim] sample:		1914.7 time, 1950.0 real, 1154.9 MB
[runlim] sample:		1924.7 time, 1960.0 real, 1155.2 MB
[runlim] sample:		1932.8 time, 1970.0 real, 1155.7 MB
[runlim] sample:		1941.3 time, 1980.0 real, 1156.0 MB
[runlim] sample:		1951.0 time, 1990.0 real, 1187.2 MB
[runlim] sample:		1960.7 time, 2000.0 real, 1187.2 MB
[runlim] sample:		1970.5 time, 2010.0 real, 1187.2 MB
[runlim] sample:		1980.5 time, 2020.0 real, 1187.2 MB
[runlim] sample:		1990.5 time, 2030.0 real, 1187.2 MB
[runlim] sample:		2000.5 time, 2040.0 real, 1187.2 MB
[runlim] sample:		2010.5 time, 2050.0 real, 1187.2 MB
[runlim] sample:		2020.5 time, 2060.0 real, 1187.2 MB
[runlim] sample:		2030.5 time, 2070.0 real, 1187.2 MB
[runlim] sample:		2040.5 time, 2080.0 real, 1187.2 MB
[runlim] sample:		2050.5 time, 2090.0 real, 1187.2 MB
[runlim] sample:		2060.5 time, 2100.0 real, 1187.2 MB
[runlim] sample:		2070.5 time, 2110.0 real, 1187.2 MB
[runlim] sample:		2080.5 time, 2120.0 real, 1187.2 MB
[runlim] sample:		2090.5 time, 2130.0 real, 1187.2 MB
[runlim] sample:		2100.5 time, 2140.0 real, 1187.2 MB
[runlim] sample:		2110.5 time, 2150.0 real, 1187.2 MB
[runlim] sample:		2120.5 time, 2160.0 real, 1187.2 MB
[runlim] sample:		2130.5 time, 2170.0 real, 1187.2 MB
[runlim] sample:		2140.4 time, 2180.0 real, 1187.2 MB
[runlim] sample:		2150.1 time, 2190.0 real, 1187.2 MB
[runlim] sample:		2159.0 time, 2200.0 real, 1187.2 MB
[runlim] sample:		2168.6 time, 2210.0 real, 1187.2 MB
[runlim] sample:		2178.6 time, 2220.0 real, 1187.2 MB
[runlim] sample:		2188.6 time, 2230.0 real, 1187.2 MB
[runlim] sample:		2198.6 time, 2240.0 real, 1188.4 MB
[runlim] sample:		2208.6 time, 2250.0 real, 1188.4 MB
[runlim] sample:		2218.6 time, 2260.0 real, 1188.4 MB
[runlim] sample:		2228.6 time, 2270.0 real, 1188.4 MB
[runlim] sample:		2237.6 time, 2280.0 real, 1188.4 MB
[runlim] sample:		2247.1 time, 2290.0 real, 1188.4 MB
[runlim] sample:		2256.7 time, 2300.0 real, 1188.4 MB
[runlim] sample:		2264.3 time, 2310.0 real, 1188.4 MB
[runlim] sample:		2273.6 time, 2320.0 real, 1188.4 MB
[runlim] sample:		2283.4 time, 2330.0 real, 1188.4 MB
[runlim] sample:		2291.8 time, 2340.0 real, 1188.4 MB
[runlim] sample:		2301.3 time, 2350.0 real, 1188.4 MB
[runlim] sample:		2310.7 time, 2360.0 real, 1188.4 MB
[runlim] sample:		2319.6 time, 2370.0 real, 1188.4 MB
[runlim] sample:		2329.5 time, 2380.0 real, 1188.4 MB
[runlim] sample:		2337.8 time, 2390.0 real, 1188.4 MB
[runlim] sample:		2347.5 time, 2400.0 real, 1188.4 MB
[runlim] sample:		2357.5 time, 2410.0 real, 1188.4 MB
[runlim] sample:		2367.3 time, 2420.0 real, 1188.4 MB
[runlim] sample:		2375.5 time, 2430.0 real, 1188.4 MB
[runlim] sample:		2384.8 time, 2440.0 real, 1188.4 MB
[runlim] sample:		2394.6 time, 2450.0 real, 1188.4 MB
[runlim] sample:		2404.1 time, 2460.0 real, 1188.4 MB
[runlim] sample:		2414.1 time, 2470.0 real, 1188.4 MB
[runlim] sample:		2424.1 time, 2480.0 real, 1195.4 MB
[runlim] sample:		2434.1 time, 2490.0 real, 1195.4 MB
[runlim] sample:		2444.1 time, 2500.0 real, 1195.4 MB
[runlim] sample:		2453.6 time, 2510.0 real, 1195.4 MB
[runlim] sample:		2461.4 time, 2520.0 real, 1195.4 MB
[runlim] sample:		2469.6 time, 2530.0 real, 1195.4 MB
[runlim] sample:		2477.8 time, 2540.0 real, 1195.4 MB
[runlim] sample:		2486.6 time, 2550.0 real, 1195.4 MB
[runlim] sample:		2496.2 time, 2560.0 real, 1195.4 MB
[runlim] sample:		2504.8 time, 2570.0 real, 1195.4 MB
[runlim] sample:		2513.5 time, 2580.0 real, 1195.4 MB
[runlim] sample:		2523.2 time, 2590.0 real, 1195.4 MB
[runlim] sample:		2532.9 time, 2600.0 real, 1195.4 MB
[runlim] sample:		2542.6 time, 2610.0 real, 1195.4 MB
[runlim] sample:		2551.9 time, 2620.0 real, 1195.4 MB
[runlim] sample:		2561.4 time, 2630.0 real, 1195.4 MB
[runlim] sample:		2571.4 time, 2640.0 real, 1195.4 MB
[runlim] sample:		2581.4 time, 2650.0 real, 1195.4 MB
[runlim] sample:		2591.4 time, 2660.0 real, 1195.4 MB
[runlim] sample:		2601.4 time, 2670.0 real, 1195.4 MB
[runlim] sample:		2611.4 time, 2680.0 real, 1195.4 MB
[runlim] sample:		2621.3 time, 2690.0 real, 1195.4 MB
[runlim] sample:		2631.3 time, 2700.0 real, 1195.4 MB
[runlim] sample:		2641.3 time, 2710.0 real, 1195.4 MB
[runlim] sample:		2651.3 time, 2720.0 real, 1195.4 MB
[runlim] sample:		2660.7 time, 2730.0 real, 1195.4 MB
[runlim] sample:		2670.4 time, 2740.0 real, 1195.4 MB
[runlim] sample:		2680.0 time, 2750.0 real, 1195.4 MB
[runlim] sample:		2690.0 time, 2760.0 real, 1195.4 MB
[runlim] sample:		2700.0 time, 2770.0 real, 1195.4 MB
[runlim] sample:		2710.0 time, 2780.0 real, 1195.4 MB
[runlim] sample:		2720.0 time, 2790.0 real, 1195.4 MB
[runlim] sample:		2730.0 time, 2800.0 real, 1195.4 MB
[runlim] sample:		2740.0 time, 2810.0 real, 1195.4 MB
[runlim] sample:		2750.0 time, 2820.0 real, 1195.4 MB
[runlim] sample:		2760.0 time, 2830.0 real, 1195.4 MB
[runlim] sample:		2770.0 time, 2840.0 real, 1195.4 MB
[runlim] sample:		2778.9 time, 2850.0 real, 1195.4 MB
[runlim] sample:		2788.6 time, 2860.0 real, 1195.4 MB
[runlim] sample:		2797.9 time, 2870.0 real, 1195.4 MB
[runlim] sample:		2806.6 time, 2880.0 real, 1195.4 MB
[runlim] sample:		2815.2 time, 2890.0 real, 1195.4 MB
[runlim] sample:		2823.9 time, 2900.0 real, 1195.4 MB
[runlim] sample:		2832.5 time, 2910.0 real, 1195.4 MB
[runlim] sample:		2841.2 time, 2920.0 real, 1195.4 MB
[runlim] sample:		2850.8 time, 2930.0 real, 1195.4 MB
[runlim] sample:		2860.4 time, 2940.0 real, 1195.4 MB
[runlim] sample:		2869.4 time, 2950.0 real, 1195.4 MB
[runlim] sample:		2878.9 time, 2960.0 real, 1195.4 MB
[runlim] sample:		2887.7 time, 2970.0 real, 1195.4 MB
[runlim] sample:		2897.3 time, 2980.0 real, 1195.4 MB
[runlim] sample:		2907.0 time, 2990.0 real, 1195.4 MB
[runlim] sample:		2916.8 time, 3000.0 real, 1195.4 MB
[runlim] sample:		2926.3 time, 3010.0 real, 1201.3 MB
[runlim] sample:		2936.1 time, 3020.0 real, 1201.9 MB
[runlim] sample:		2945.4 time, 3030.0 real, 1201.9 MB
[runlim] sample:		2954.8 time, 3040.0 real, 1201.9 MB
[runlim] sample:		2964.1 time, 3050.0 real, 1201.9 MB
[runlim] sample:		2973.8 time, 3060.0 real, 1204.7 MB
[runlim] sample:		2983.2 time, 3070.0 real, 1204.7 MB
[runlim] sample:		2992.9 time, 3080.0 real, 1204.7 MB
[runlim] sample:		3002.6 time, 3090.0 real, 1204.7 MB
[runlim] sample:		3012.3 time, 3100.0 real, 1204.7 MB
[runlim] sample:		3022.0 time, 3110.0 real, 1204.7 MB
[runlim] sample:		3031.7 time, 3120.0 real, 1204.7 MB
[runlim] sample:		3041.4 time, 3130.0 real, 1206.2 MB
[runlim] sample:		3051.1 time, 3140.0 real, 1206.2 MB
[runlim] sample:		3060.4 time, 3150.0 real, 1206.2 MB
[runlim] sample:		3069.8 time, 3160.0 real, 1206.2 MB
[runlim] sample:		3079.2 time, 3170.0 real, 1206.2 MB
[runlim] sample:		3088.6 time, 3180.0 real, 1206.2 MB
[runlim] sample:		3098.1 time, 3190.0 real, 1206.2 MB
[runlim] sample:		3107.1 time, 3200.0 real, 1206.2 MB
[runlim] sample:		3116.5 time, 3210.0 real, 1206.2 MB
[runlim] sample:		3125.9 time, 3220.0 real, 1206.2 MB
[runlim] sample:		3135.6 time, 3230.0 real, 1206.2 MB
[runlim] sample:		3145.2 time, 3240.0 real, 1206.2 MB
[runlim] sample:		3154.9 time, 3250.0 real, 1206.2 MB
[runlim] sample:		3164.2 time, 3260.0 real, 1206.2 MB
[runlim] sample:		3173.5 time, 3270.0 real, 1207.3 MB
[runlim] sample:		3183.1 time, 3280.0 real, 1207.3 MB
[runlim] sample:		3192.7 time, 3290.0 real, 1207.3 MB
[runlim] sample:		3202.1 time, 3300.0 real, 1207.3 MB
[runlim] sample:		3211.4 time, 3310.0 real, 1207.3 MB
[runlim] sample:		3220.8 time, 3320.0 real, 1207.3 MB
[runlim] sample:		3230.1 time, 3330.0 real, 1207.3 MB
[runlim] sample:		3239.5 time, 3340.0 real, 1207.3 MB
[runlim] sample:		3249.5 time, 3350.0 real, 1207.3 MB
[runlim] sample:		3259.5 time, 3360.0 real, 1207.3 MB
[runlim] sample:		3269.5 time, 3370.0 real, 1207.3 MB
[runlim] sample:		3279.5 time, 3380.0 real, 1207.3 MB
[runlim] sample:		3289.5 time, 3390.0 real, 1207.3 MB
[runlim] sample:		3298.9 time, 3400.0 real, 1207.3 MB
[runlim] sample:		3308.5 time, 3410.0 real, 1207.3 MB
[runlim] sample:		3318.5 time, 3420.0 real, 1207.3 MB
[runlim] sample:		3328.3 time, 3430.0 real, 1207.3 MB
[runlim] sample:		3338.3 time, 3440.0 real, 1207.3 MB
[runlim] sample:		3347.7 time, 3450.0 real, 1207.3 MB
[runlim] sample:		3356.9 time, 3460.0 real, 1207.3 MB
[runlim] sample:		3366.6 time, 3470.0 real, 1207.3 MB
[runlim] sample:		3376.2 time, 3480.0 real, 1207.3 MB
[runlim] sample:		3385.9 time, 3490.0 real, 1207.3 MB
[runlim] sample:		3395.6 time, 3500.0 real, 1212.4 MB
[runlim] sample:		3404.7 time, 3510.0 real, 1212.4 MB
[runlim] sample:		3413.7 time, 3520.0 real, 1212.4 MB
[runlim] sample:		3422.6 time, 3530.0 real, 1212.4 MB
[runlim] sample:		3432.1 time, 3540.0 real, 1212.4 MB
[runlim] sample:		3441.3 time, 3550.0 real, 1212.4 MB
[runlim] sample:		3450.8 time, 3560.0 real, 1212.4 MB
[runlim] sample:		3460.4 time, 3570.0 real, 1212.4 MB
[runlim] sample:		3469.7 time, 3580.0 real, 1212.4 MB
[runlim] sample:		3479.0 time, 3590.0 real, 1212.4 MB
[runlim] sample:		3488.4 time, 3600.0 real, 1212.4 MB
[runlim] sample:		3497.8 time, 3610.0 real, 1212.4 MB
[runlim] sample:		3507.7 time, 3620.0 real, 1212.4 MB
[runlim] sample:		3517.7 time, 3630.0 real, 1212.4 MB
[runlim] sample:		3527.7 time, 3640.0 real, 1212.4 MB
[runlim] sample:		3537.7 time, 3650.0 real, 1212.4 MB
[runlim] sample:		3547.3 time, 3660.0 real, 1212.4 MB
[runlim] sample:		3557.3 time, 3670.0 real, 1212.4 MB
[runlim] sample:		3566.9 time, 3680.0 real, 1212.4 MB
[runlim] sample:		3576.2 time, 3690.0 real, 1212.4 MB
[runlim] sample:		3585.8 time, 3700.0 real, 1212.4 MB
[runlim] sample:		3595.4 time, 3710.0 real, 1212.4 MB
CVC4 interrupted by SIGTERM.
[runlim] end:			Thu Feb 14 04:02:27 2019
[runlim] status:		out of time
[runlim] result:		2
[runlim] children:		0
[runlim] real:			3714.91 seconds
[runlim] time:			3600.09 seconds
[runlim] space:			1212.4 MB
[runlim] samples:		37148
