[runlim] version:		1.10fixed
[runlim] time limit:		300 seconds
[runlim] real time limit:	311040000 seconds
[runlim] space limit:		4000 MB
[runlim] argv[0]:		./cvc4
[runlim] argv[1]:		--fmf-fun-rlv
[runlim] argv[2]:		/tmp/tZYE93Rn.smt2
[runlim] start:			Tue Jan 29 16:33:19 2019
[runlim] main pid:		31939
[runlim] sample:		8.7 time, 11.0 real, 90.8 MB
[runlim] sample:		17.4 time, 21.0 real, 130.8 MB
[runlim] sample:		26.7 time, 31.0 real, 161.0 MB
[runlim] sample:		36.1 time, 41.0 real, 193.5 MB
[runlim] sample:		45.7 time, 51.0 real, 220.9 MB
[runlim] sample:		55.5 time, 61.0 real, 252.6 MB
[runlim] sample:		65.4 time, 71.0 real, 284.3 MB
[runlim] sample:		75.4 time, 81.0 real, 309.3 MB
[runlim] sample:		85.4 time, 91.0 real, 346.6 MB
[runlim] sample:		95.4 time, 101.0 real, 365.6 MB
[runlim] sample:		105.4 time, 111.0 real, 388.8 MB
[runlim] sample:		115.4 time, 121.0 real, 408.4 MB
[runlim] sample:		125.4 time, 131.0 real, 435.2 MB
[runlim] sample:		135.4 time, 141.0 real, 463.6 MB
[runlim] sample:		145.4 time, 151.0 real, 492.0 MB
[runlim] sample:		155.4 time, 161.0 real, 568.1 MB
[runlim] sample:		165.4 time, 171.0 real, 572.0 MB
[runlim] sample:		175.4 time, 181.0 real, 578.5 MB
[runlim] sample:		185.4 time, 191.0 real, 598.3 MB
[runlim] sample:		195.4 time, 201.0 real, 617.1 MB
[runlim] sample:		205.4 time, 211.0 real, 640.1 MB
[runlim] sample:		215.4 time, 221.0 real, 662.8 MB
[runlim] sample:		225.4 time, 231.0 real, 678.2 MB
[runlim] sample:		235.0 time, 241.0 real, 705.3 MB
[runlim] sample:		244.7 time, 251.0 real, 725.4 MB
[runlim] sample:		254.4 time, 261.0 real, 748.4 MB
[runlim] sample:		264.0 time, 271.0 real, 762.5 MB
[runlim] sample:		273.7 time, 281.0 real, 782.6 MB
[runlim] sample:		283.3 time, 291.0 real, 790.9 MB
[runlim] sample:		293.3 time, 301.0 real, 811.8 MB
CVC4 interrupted by SIGTERM.
[runlim] end:			Tue Jan 29 16:38:26 2019
[runlim] status:		out of time
[runlim] result:		2
[runlim] children:		0
[runlim] real:			307.74 seconds
[runlim] time:			300.02 seconds
[runlim] space:			820.3 MB
[runlim] samples:		3067
