[runlim] version:		1.10fixed
[runlim] time limit:		3600 seconds
[runlim] real time limit:	311040000 seconds
[runlim] space limit:		4000 MB
[runlim] argv[0]:		./cvc4
[runlim] argv[1]:		--fmf-fun-rlv
[runlim] argv[2]:		/tmp/ODIBTfUo.smt2
[runlim] start:			Wed Jan 23 20:24:31 2019
[runlim] main pid:		11964
[runlim] sample:		9.4 time, 10.9 real, 66.7 MB
[runlim] sample:		19.1 time, 20.9 real, 108.7 MB
[runlim] sample:		28.8 time, 30.9 real, 153.8 MB
[runlim] sample:		38.8 time, 40.9 real, 197.0 MB
[runlim] sample:		48.8 time, 50.9 real, 244.1 MB
[runlim] sample:		58.8 time, 60.9 real, 288.8 MB
[runlim] sample:		68.8 time, 70.9 real, 331.6 MB
[runlim] sample:		78.8 time, 80.9 real, 374.5 MB
[runlim] sample:		88.7 time, 90.9 real, 420.9 MB
[runlim] sample:		98.7 time, 100.9 real, 468.8 MB
[runlim] sample:		108.7 time, 110.9 real, 492.7 MB
[runlim] sample:		118.7 time, 120.9 real, 506.3 MB
[runlim] sample:		128.7 time, 130.9 real, 546.5 MB
[runlim] sample:		138.7 time, 140.9 real, 588.4 MB
[runlim] sample:		148.7 time, 150.9 real, 632.8 MB
[runlim] sample:		158.7 time, 160.9 real, 673.6 MB
[runlim] sample:		168.7 time, 170.9 real, 714.3 MB
[runlim] sample:		178.7 time, 180.9 real, 766.4 MB
[runlim] sample:		188.7 time, 190.9 real, 809.5 MB
[runlim] sample:		198.7 time, 200.9 real, 852.6 MB
[runlim] sample:		208.7 time, 210.9 real, 910.9 MB
[runlim] sample:		218.7 time, 220.9 real, 926.1 MB
[runlim] sample:		228.7 time, 230.9 real, 958.2 MB
[runlim] sample:		238.7 time, 240.9 real, 999.8 MB
[runlim] sample:		248.7 time, 250.9 real, 1040.5 MB
[runlim] sample:		258.7 time, 260.9 real, 1082.0 MB
[runlim] sample:		268.7 time, 270.9 real, 1128.4 MB
[runlim] sample:		278.7 time, 280.9 real, 1170.9 MB
[runlim] sample:		288.7 time, 290.9 real, 1211.9 MB
[runlim] sample:		298.7 time, 300.9 real, 1256.3 MB
[runlim] sample:		308.7 time, 310.9 real, 1302.1 MB
[runlim] sample:		318.7 time, 320.9 real, 1341.1 MB
[runlim] sample:		328.7 time, 330.9 real, 1344.9 MB
[runlim] sample:		338.4 time, 340.9 real, 1350.6 MB
[runlim] sample:		348.1 time, 350.9 real, 1392.3 MB
[runlim] sample:		357.8 time, 360.9 real, 1461.1 MB
[runlim] sample:		367.6 time, 370.9 real, 1502.6 MB
[runlim] sample:		377.3 time, 380.9 real, 1544.6 MB
[runlim] sample:		387.0 time, 390.9 real, 1586.9 MB
[runlim] sample:		396.7 time, 400.9 real, 1629.2 MB
[runlim] sample:		406.4 time, 410.9 real, 1687.1 MB
[runlim] sample:		416.1 time, 420.9 real, 1730.2 MB
[runlim] sample:		425.8 time, 430.9 real, 1796.2 MB
[runlim] sample:		435.6 time, 440.9 real, 1798.5 MB
[runlim] sample:		445.2 time, 450.9 real, 1832.6 MB
[runlim] sample:		455.0 time, 460.9 real, 1875.6 MB
[runlim] sample:		464.7 time, 470.9 real, 1917.1 MB
[runlim] sample:		474.4 time, 480.9 real, 1959.7 MB
[runlim] sample:		484.1 time, 490.9 real, 2002.2 MB
[runlim] sample:		493.8 time, 500.9 real, 2044.0 MB
[runlim] sample:		503.8 time, 510.9 real, 2108.5 MB
[runlim] sample:		513.7 time, 520.9 real, 2164.7 MB
[runlim] sample:		523.5 time, 530.9 real, 2213.3 MB
[runlim] sample:		533.6 time, 540.9 real, 2217.8 MB
[runlim] sample:		543.6 time, 550.9 real, 2261.4 MB
[runlim] sample:		553.5 time, 560.9 real, 2329.4 MB
[runlim] sample:		563.6 time, 570.9 real, 2409.2 MB
[runlim] sample:		573.6 time, 580.9 real, 2474.7 MB
[runlim] sample:		583.6 time, 590.9 real, 2540.2 MB
[runlim] sample:		593.6 time, 600.9 real, 2604.9 MB
[runlim] sample:		603.6 time, 610.9 real, 2612.6 MB
[runlim] sample:		613.5 time, 620.9 real, 2672.4 MB
[runlim] sample:		623.5 time, 630.9 real, 2740.5 MB
[runlim] sample:		633.5 time, 640.9 real, 2806.5 MB
[runlim] sample:		643.5 time, 650.9 real, 2869.9 MB
[runlim] sample:		653.5 time, 660.9 real, 2978.9 MB
[runlim] sample:		663.5 time, 670.9 real, 3051.9 MB
[runlim] sample:		673.5 time, 680.9 real, 3072.8 MB
[runlim] sample:		683.5 time, 690.9 real, 3087.9 MB
[runlim] sample:		693.5 time, 700.9 real, 3138.5 MB
[runlim] sample:		703.5 time, 710.9 real, 3203.8 MB
[runlim] sample:		713.5 time, 720.9 real, 3300.2 MB
[runlim] sample:		723.5 time, 730.9 real, 3366.2 MB
[runlim] sample:		733.5 time, 740.9 real, 3425.3 MB
[runlim] sample:		743.2 time, 750.9 real, 3488.4 MB
[runlim] sample:		752.9 time, 760.9 real, 3515.0 MB
[runlim] sample:		762.8 time, 770.9 real, 3565.0 MB
[runlim] sample:		772.8 time, 780.9 real, 3605.7 MB
[runlim] sample:		782.8 time, 790.9 real, 3671.2 MB
[runlim] sample:		792.7 time, 800.9 real, 3737.5 MB
[runlim] sample:		802.7 time, 810.9 real, 3800.4 MB
[runlim] sample:		812.7 time, 820.9 real, 3865.6 MB
[runlim] sample:		822.5 time, 830.9 real, 3908.4 MB
[runlim] sample:		832.2 time, 840.9 real, 3940.4 MB
[runlim] sample:		841.9 time, 850.9 real, 3940.9 MB
[runlim] sample:		851.6 time, 860.9 real, 3944.5 MB
[runlim] sample:		861.3 time, 870.9 real, 3963.6 MB
CVC4 interrupted by SIGTERM.
[runlim] end:			Wed Jan 23 20:39:10 2019
[runlim] status:		out of memory
[runlim] result:		3
[runlim] children:		0
[runlim] real:			879.66 seconds
[runlim] time:			869.75 seconds
[runlim] space:			4000.2 MB
[runlim] samples:		8787
