[runlim] version:		1.10fixed
[runlim] time limit:		300 seconds
[runlim] real time limit:	311040000 seconds
[runlim] space limit:		4000 MB
[runlim] argv[0]:		./cvc4
[runlim] argv[1]:		--fmf-fun-rlv
[runlim] argv[2]:		/tmp/MQJEX8I8.smt2
[runlim] start:			Mon Jan 28 19:53:09 2019
[runlim] main pid:		30229
[runlim] sample:		8.9 time, 10.4 real, 34.6 MB
[runlim] sample:		18.9 time, 20.4 real, 39.4 MB
[runlim] sample:		28.9 time, 30.4 real, 41.9 MB
[runlim] sample:		38.3 time, 40.4 real, 44.5 MB
[runlim] sample:		47.8 time, 50.4 real, 47.3 MB
[runlim] sample:		57.8 time, 60.4 real, 48.2 MB
[runlim] sample:		67.3 time, 70.4 real, 49.2 MB
[runlim] sample:		76.4 time, 80.4 real, 49.4 MB
[runlim] sample:		86.0 time, 90.4 real, 51.8 MB
[runlim] sample:		95.8 time, 100.4 real, 52.3 MB
[runlim] sample:		103.8 time, 110.4 real, 55.9 MB
[runlim] sample:		113.7 time, 120.4 real, 58.1 MB
[runlim] sample:		123.7 time, 130.4 real, 61.1 MB
[runlim] sample:		133.7 time, 140.4 real, 61.6 MB
[runlim] sample:		143.7 time, 150.4 real, 63.4 MB
[runlim] sample:		153.7 time, 160.4 real, 65.9 MB
[runlim] sample:		163.7 time, 170.4 real, 66.1 MB
[runlim] sample:		173.7 time, 180.4 real, 66.9 MB
[runlim] sample:		183.7 time, 190.4 real, 67.1 MB
[runlim] sample:		193.7 time, 200.4 real, 68.2 MB
[runlim] sample:		203.7 time, 210.4 real, 68.4 MB
[runlim] sample:		213.7 time, 220.4 real, 69.5 MB
[runlim] sample:		223.7 time, 230.4 real, 69.5 MB
[runlim] sample:		233.7 time, 240.4 real, 69.8 MB
[runlim] sample:		243.7 time, 250.4 real, 69.8 MB
[runlim] sample:		253.7 time, 260.4 real, 70.7 MB
[runlim] sample:		263.7 time, 270.4 real, 71.0 MB
[runlim] sample:		273.7 time, 280.4 real, 71.2 MB
[runlim] sample:		283.7 time, 290.4 real, 71.2 MB
[runlim] sample:		293.7 time, 300.4 real, 73.1 MB
CVC4 interrupted by SIGTERM.
[runlim] end:			Mon Jan 28 19:58:15 2019
[runlim] status:		out of time
[runlim] result:		2
[runlim] children:		0
[runlim] real:			306.70 seconds
[runlim] time:			300.03 seconds
[runlim] space:			73.1 MB
[runlim] samples:		3063
