[runlim] version:		1.10fixed
[runlim] time limit:		3600 seconds
[runlim] real time limit:	311040000 seconds
[runlim] space limit:		4000 MB
[runlim] argv[0]:		./cvc4
[runlim] argv[1]:		--fmf-fun-rlv
[runlim] argv[2]:		/tmp/ysTtsjwk.smt2
[runlim] start:			Wed Jan 23 20:24:49 2019
[runlim] main pid:		24384
[runlim] sample:		9.2 time, 10.9 real, 38.0 MB
[runlim] sample:		19.2 time, 20.9 real, 45.2 MB
[runlim] sample:		29.2 time, 30.9 real, 52.4 MB
[runlim] sample:		39.2 time, 40.9 real, 59.3 MB
[runlim] sample:		49.2 time, 50.9 real, 67.8 MB
[runlim] sample:		59.2 time, 60.9 real, 74.8 MB
[runlim] sample:		69.2 time, 70.9 real, 82.2 MB
[runlim] sample:		79.2 time, 80.9 real, 89.2 MB
[runlim] sample:		89.2 time, 90.9 real, 95.9 MB
[runlim] sample:		99.2 time, 100.9 real, 102.6 MB
[runlim] sample:		109.2 time, 110.9 real, 111.6 MB
[runlim] sample:		119.2 time, 120.9 real, 119.6 MB
[runlim] sample:		129.2 time, 130.9 real, 126.6 MB
[runlim] sample:		139.2 time, 140.9 real, 133.2 MB
[runlim] sample:		149.2 time, 150.9 real, 141.5 MB
[runlim] sample:		159.2 time, 160.9 real, 149.2 MB
[runlim] sample:		169.2 time, 170.9 real, 156.4 MB
[runlim] sample:		179.2 time, 180.9 real, 163.4 MB
[runlim] sample:		189.2 time, 190.9 real, 170.8 MB
[runlim] sample:		199.2 time, 200.9 real, 177.5 MB
[runlim] sample:		209.2 time, 210.9 real, 184.5 MB
[runlim] sample:		219.2 time, 220.9 real, 191.7 MB
[runlim] sample:		229.2 time, 230.9 real, 198.9 MB
[runlim] sample:		239.2 time, 240.9 real, 209.0 MB
[runlim] sample:		249.2 time, 250.9 real, 218.2 MB
[runlim] sample:		259.2 time, 260.9 real, 225.5 MB
[runlim] sample:		269.2 time, 270.9 real, 232.2 MB
[runlim] sample:		279.2 time, 280.9 real, 239.4 MB
[runlim] sample:		289.2 time, 290.9 real, 246.6 MB
[runlim] sample:		299.2 time, 300.9 real, 253.5 MB
[runlim] sample:		309.2 time, 310.9 real, 263.1 MB
[runlim] sample:		319.2 time, 320.9 real, 270.0 MB
[runlim] sample:		329.2 time, 330.9 real, 277.7 MB
[runlim] sample:		339.2 time, 340.9 real, 284.7 MB
[runlim] sample:		349.2 time, 350.9 real, 291.9 MB
[runlim] sample:		359.2 time, 360.9 real, 298.3 MB
[runlim] sample:		369.2 time, 370.9 real, 304.5 MB
[runlim] sample:		379.2 time, 380.9 real, 311.0 MB
[runlim] sample:		389.2 time, 390.9 real, 318.4 MB
[runlim] sample:		399.2 time, 400.9 real, 325.1 MB
[runlim] sample:		409.2 time, 410.9 real, 331.6 MB
[runlim] sample:		419.2 time, 420.9 real, 338.0 MB
[runlim] sample:		429.2 time, 430.9 real, 344.5 MB
[runlim] sample:		439.2 time, 440.9 real, 350.6 MB
[runlim] sample:		449.2 time, 450.9 real, 358.9 MB
[runlim] sample:		459.2 time, 460.9 real, 364.3 MB
[runlim] sample:		469.2 time, 470.9 real, 370.5 MB
[runlim] sample:		479.2 time, 480.9 real, 376.6 MB
[runlim] sample:		489.2 time, 490.9 real, 382.8 MB
[runlim] sample:		499.2 time, 500.9 real, 401.9 MB
[runlim] sample:		509.2 time, 510.9 real, 402.1 MB
[runlim] sample:		519.2 time, 520.9 real, 407.8 MB
[runlim] sample:		529.2 time, 530.9 real, 420.7 MB
[runlim] sample:		539.2 time, 540.9 real, 425.1 MB
[runlim] sample:		549.2 time, 550.9 real, 431.3 MB
[runlim] sample:		559.2 time, 560.9 real, 437.7 MB
[runlim] sample:		569.2 time, 570.9 real, 443.9 MB
[runlim] sample:		579.2 time, 580.9 real, 450.3 MB
[runlim] sample:		589.2 time, 590.9 real, 456.5 MB
[runlim] sample:		599.2 time, 600.9 real, 463.4 MB
[runlim] sample:		609.2 time, 610.9 real, 469.6 MB
[runlim] sample:		619.2 time, 620.9 real, 476.1 MB
[runlim] sample:		629.2 time, 630.9 real, 482.2 MB
[runlim] sample:		639.2 time, 640.9 real, 488.4 MB
[runlim] sample:		649.2 time, 650.9 real, 494.9 MB
[runlim] sample:		659.2 time, 660.9 real, 501.6 MB
[runlim] sample:		669.2 time, 670.9 real, 512.9 MB
[runlim] sample:		679.2 time, 680.9 real, 519.3 MB
[runlim] sample:		689.2 time, 690.9 real, 528.1 MB
[runlim] sample:		699.2 time, 700.9 real, 536.1 MB
[runlim] sample:		709.2 time, 710.9 real, 543.6 MB
[runlim] sample:		719.2 time, 720.9 real, 552.3 MB
[runlim] sample:		729.2 time, 730.9 real, 558.5 MB
[runlim] sample:		739.2 time, 740.9 real, 564.7 MB
[runlim] sample:		749.2 time, 750.9 real, 567.7 MB
[runlim] sample:		759.2 time, 760.9 real, 590.8 MB
[runlim] sample:		769.2 time, 770.9 real, 591.1 MB
[runlim] sample:		779.2 time, 780.9 real, 591.1 MB
[runlim] sample:		789.2 time, 790.9 real, 591.1 MB
[runlim] sample:		799.2 time, 800.9 real, 591.1 MB
[runlim] sample:		809.2 time, 810.9 real, 591.1 MB
[runlim] sample:		819.2 time, 820.9 real, 591.1 MB
[runlim] sample:		829.2 time, 830.9 real, 591.1 MB
[runlim] sample:		839.2 time, 840.9 real, 591.1 MB
[runlim] sample:		849.2 time, 850.9 real, 591.1 MB
[runlim] sample:		859.2 time, 860.9 real, 591.1 MB
[runlim] sample:		869.2 time, 870.9 real, 591.1 MB
[runlim] sample:		879.2 time, 880.9 real, 591.1 MB
[runlim] sample:		889.2 time, 890.9 real, 591.1 MB
[runlim] sample:		899.2 time, 900.9 real, 591.1 MB
[runlim] sample:		909.2 time, 910.9 real, 591.1 MB
[runlim] sample:		919.2 time, 920.9 real, 591.1 MB
[runlim] sample:		929.2 time, 930.9 real, 591.1 MB
[runlim] sample:		939.2 time, 940.9 real, 591.1 MB
[runlim] sample:		949.2 time, 950.9 real, 591.1 MB
[runlim] sample:		959.2 time, 960.9 real, 591.1 MB
[runlim] sample:		969.2 time, 970.9 real, 591.1 MB
[runlim] sample:		979.2 time, 980.9 real, 591.1 MB
[runlim] sample:		989.2 time, 990.9 real, 591.1 MB
[runlim] sample:		999.2 time, 1000.9 real, 595.5 MB
[runlim] sample:		1009.2 time, 1010.9 real, 595.5 MB
[runlim] sample:		1019.2 time, 1020.9 real, 595.7 MB
[runlim] sample:		1029.2 time, 1030.9 real, 597.8 MB
[runlim] sample:		1039.2 time, 1040.9 real, 599.6 MB
[runlim] sample:		1049.2 time, 1050.9 real, 601.6 MB
[runlim] sample:		1059.2 time, 1060.9 real, 603.4 MB
[runlim] sample:		1069.2 time, 1070.9 real, 605.5 MB
[runlim] sample:		1079.2 time, 1080.9 real, 607.3 MB
[runlim] sample:		1089.2 time, 1090.9 real, 609.9 MB
[runlim] sample:		1099.2 time, 1100.9 real, 609.9 MB
[runlim] sample:		1109.2 time, 1110.9 real, 609.9 MB
[runlim] sample:		1119.2 time, 1120.9 real, 609.9 MB
[runlim] sample:		1129.2 time, 1130.9 real, 609.9 MB
[runlim] sample:		1139.2 time, 1140.9 real, 609.9 MB
[runlim] sample:		1149.2 time, 1150.9 real, 609.9 MB
[runlim] sample:		1159.2 time, 1160.9 real, 610.1 MB
[runlim] sample:		1169.2 time, 1170.9 real, 610.1 MB
[runlim] sample:		1179.2 time, 1180.9 real, 610.1 MB
[runlim] sample:		1189.2 time, 1190.9 real, 610.1 MB
[runlim] sample:		1199.2 time, 1200.9 real, 610.1 MB
[runlim] sample:		1209.2 time, 1210.9 real, 610.1 MB
[runlim] sample:		1219.2 time, 1220.9 real, 610.1 MB
[runlim] sample:		1229.2 time, 1230.9 real, 610.1 MB
[runlim] sample:		1239.2 time, 1240.9 real, 610.1 MB
[runlim] sample:		1249.2 time, 1250.9 real, 610.1 MB
[runlim] sample:		1259.2 time, 1260.9 real, 610.6 MB
[runlim] sample:		1269.2 time, 1270.9 real, 611.1 MB
[runlim] sample:		1279.2 time, 1280.9 real, 611.1 MB
[runlim] sample:		1289.2 time, 1290.9 real, 611.1 MB
[runlim] sample:		1299.2 time, 1300.9 real, 611.9 MB
[runlim] sample:		1309.2 time, 1310.9 real, 616.3 MB
[runlim] sample:		1319.2 time, 1320.9 real, 616.6 MB
[runlim] sample:		1329.2 time, 1330.9 real, 616.6 MB
[runlim] sample:		1339.2 time, 1340.9 real, 616.8 MB
[runlim] sample:		1349.2 time, 1350.9 real, 617.1 MB
[runlim] sample:		1359.2 time, 1360.9 real, 617.8 MB
[runlim] sample:		1369.2 time, 1370.9 real, 619.4 MB
[runlim] sample:		1379.2 time, 1380.9 real, 620.9 MB
[runlim] sample:		1389.2 time, 1390.9 real, 622.2 MB
[runlim] sample:		1399.2 time, 1400.9 real, 623.8 MB
[runlim] sample:		1409.2 time, 1410.9 real, 626.4 MB
[runlim] sample:		1419.2 time, 1420.9 real, 628.2 MB
[runlim] sample:		1429.2 time, 1430.9 real, 630.5 MB
[runlim] sample:		1439.2 time, 1440.9 real, 632.8 MB
[runlim] sample:		1449.2 time, 1450.9 real, 634.9 MB
[runlim] sample:		1459.2 time, 1460.9 real, 637.2 MB
[runlim] sample:		1469.2 time, 1470.9 real, 639.5 MB
[runlim] sample:		1479.2 time, 1480.9 real, 641.3 MB
[runlim] sample:		1489.2 time, 1490.9 real, 643.4 MB
[runlim] sample:		1499.2 time, 1500.9 real, 645.7 MB
[runlim] sample:		1509.2 time, 1510.9 real, 647.2 MB
[runlim] sample:		1519.2 time, 1520.9 real, 649.0 MB
[runlim] sample:		1529.2 time, 1530.9 real, 651.1 MB
[runlim] sample:		1539.2 time, 1540.9 real, 652.7 MB
[runlim] sample:		1549.2 time, 1550.9 real, 654.7 MB
[runlim] sample:		1559.2 time, 1560.9 real, 656.0 MB
[runlim] sample:		1569.2 time, 1570.9 real, 657.8 MB
[runlim] sample:		1579.2 time, 1580.9 real, 659.4 MB
[runlim] sample:		1589.2 time, 1590.9 real, 660.9 MB
[runlim] sample:		1599.2 time, 1600.9 real, 662.7 MB
[runlim] sample:		1609.2 time, 1610.9 real, 664.0 MB
[runlim] sample:		1619.2 time, 1620.9 real, 665.8 MB
[runlim] sample:		1629.2 time, 1630.9 real, 670.4 MB
[runlim] sample:		1639.2 time, 1640.9 real, 670.7 MB
[runlim] sample:		1649.2 time, 1650.9 real, 671.7 MB
[runlim] sample:		1659.2 time, 1660.9 real, 673.5 MB
[runlim] sample:		1669.2 time, 1670.9 real, 674.6 MB
[runlim] sample:		1679.2 time, 1680.9 real, 676.4 MB
[runlim] sample:		1689.2 time, 1690.9 real, 677.4 MB
[runlim] sample:		1699.2 time, 1700.9 real, 678.9 MB
[runlim] sample:		1709.2 time, 1710.9 real, 680.2 MB
[runlim] sample:		1719.2 time, 1720.9 real, 682.8 MB
[runlim] sample:		1729.2 time, 1730.9 real, 683.1 MB
[runlim] sample:		1739.2 time, 1740.9 real, 683.8 MB
[runlim] sample:		1749.2 time, 1750.9 real, 685.4 MB
[runlim] sample:		1759.2 time, 1760.9 real, 702.2 MB
[runlim] sample:		1769.2 time, 1770.9 real, 710.4 MB
[runlim] sample:		1779.2 time, 1780.9 real, 710.4 MB
[runlim] sample:		1789.2 time, 1790.9 real, 710.4 MB
[runlim] sample:		1799.2 time, 1800.9 real, 710.4 MB
[runlim] sample:		1809.2 time, 1810.9 real, 710.4 MB
[runlim] sample:		1819.2 time, 1820.9 real, 710.7 MB
[runlim] sample:		1829.2 time, 1830.9 real, 710.7 MB
[runlim] sample:		1839.2 time, 1840.9 real, 710.7 MB
[runlim] sample:		1849.2 time, 1850.9 real, 710.7 MB
[runlim] sample:		1859.2 time, 1860.9 real, 710.7 MB
[runlim] sample:		1869.2 time, 1870.9 real, 711.7 MB
[runlim] sample:		1879.2 time, 1880.9 real, 713.0 MB
[runlim] sample:		1889.2 time, 1890.9 real, 713.8 MB
[runlim] sample:		1899.2 time, 1900.9 real, 715.0 MB
[runlim] sample:		1909.2 time, 1910.9 real, 716.1 MB
[runlim] sample:		1919.2 time, 1920.9 real, 717.1 MB
[runlim] sample:		1929.2 time, 1930.9 real, 718.4 MB
[runlim] sample:		1939.2 time, 1940.9 real, 719.2 MB
[runlim] sample:		1949.2 time, 1950.9 real, 720.5 MB
[runlim] sample:		1959.2 time, 1960.9 real, 721.5 MB
[runlim] sample:		1969.2 time, 1970.9 real, 722.3 MB
[runlim] sample:		1979.2 time, 1980.9 real, 723.6 MB
[runlim] sample:		1989.2 time, 1990.9 real, 724.6 MB
[runlim] sample:		1999.2 time, 2000.9 real, 731.5 MB
[runlim] sample:		2009.2 time, 2010.9 real, 731.8 MB
[runlim] sample:		2019.2 time, 2020.9 real, 731.8 MB
[runlim] sample:		2029.2 time, 2030.9 real, 731.8 MB
[runlim] sample:		2039.2 time, 2040.9 real, 731.8 MB
[runlim] sample:		2049.2 time, 2050.9 real, 731.8 MB
[runlim] sample:		2059.2 time, 2060.9 real, 731.8 MB
[runlim] sample:		2069.2 time, 2070.9 real, 732.3 MB
[runlim] sample:		2079.2 time, 2080.9 real, 741.8 MB
[runlim] sample:		2089.2 time, 2090.9 real, 742.3 MB
[runlim] sample:		2099.2 time, 2100.9 real, 743.6 MB
[runlim] sample:		2109.2 time, 2110.9 real, 744.6 MB
[runlim] sample:		2119.2 time, 2120.9 real, 745.1 MB
[runlim] sample:		2129.2 time, 2130.9 real, 746.2 MB
[runlim] sample:		2139.2 time, 2140.9 real, 747.4 MB
[runlim] sample:		2149.2 time, 2150.9 real, 749.2 MB
[runlim] sample:		2159.2 time, 2160.9 real, 749.8 MB
[runlim] sample:		2169.2 time, 2170.9 real, 750.8 MB
[runlim] sample:		2179.2 time, 2180.9 real, 751.3 MB
[runlim] sample:		2189.2 time, 2190.9 real, 752.6 MB
[runlim] sample:		2199.2 time, 2200.9 real, 753.4 MB
[runlim] sample:		2209.2 time, 2210.9 real, 754.4 MB
[runlim] sample:		2219.2 time, 2220.9 real, 756.2 MB
[runlim] sample:		2229.2 time, 2230.9 real, 756.2 MB
[runlim] sample:		2239.2 time, 2240.9 real, 758.0 MB
[runlim] sample:		2249.2 time, 2250.9 real, 758.0 MB
[runlim] sample:		2259.2 time, 2260.9 real, 758.5 MB
[runlim] sample:		2269.2 time, 2270.9 real, 759.6 MB
[runlim] sample:		2279.2 time, 2280.9 real, 761.1 MB
[runlim] sample:		2289.2 time, 2290.9 real, 761.1 MB
[runlim] sample:		2299.2 time, 2300.9 real, 762.1 MB
[runlim] sample:		2309.2 time, 2310.9 real, 763.2 MB
[runlim] sample:		2319.2 time, 2320.9 real, 763.7 MB
[runlim] sample:		2329.2 time, 2330.9 real, 764.5 MB
[runlim] sample:		2339.2 time, 2340.9 real, 765.5 MB
[runlim] sample:		2349.2 time, 2350.9 real, 766.3 MB
[runlim] sample:		2359.2 time, 2360.9 real, 767.0 MB
[runlim] sample:		2369.2 time, 2370.9 real, 767.8 MB
[runlim] sample:		2379.2 time, 2380.9 real, 770.4 MB
[runlim] sample:		2389.2 time, 2390.9 real, 770.6 MB
[runlim] sample:		2399.2 time, 2400.9 real, 771.2 MB
[runlim] sample:		2409.2 time, 2410.9 real, 772.2 MB
[runlim] sample:		2419.2 time, 2420.9 real, 773.0 MB
[runlim] sample:		2429.2 time, 2430.9 real, 773.5 MB
[runlim] sample:		2439.2 time, 2440.9 real, 774.3 MB
[runlim] sample:		2449.2 time, 2450.9 real, 775.3 MB
[runlim] sample:		2459.2 time, 2460.9 real, 776.1 MB
[runlim] sample:		2469.2 time, 2470.9 real, 776.6 MB
[runlim] sample:		2479.2 time, 2480.9 real, 777.3 MB
[runlim] sample:		2489.2 time, 2490.9 real, 778.4 MB
[runlim] sample:		2499.2 time, 2500.9 real, 778.9 MB
[runlim] sample:		2509.2 time, 2510.9 real, 779.7 MB
[runlim] sample:		2519.2 time, 2520.9 real, 780.4 MB
[runlim] sample:		2529.2 time, 2530.9 real, 781.5 MB
[runlim] sample:		2539.2 time, 2540.9 real, 782.0 MB
[runlim] sample:		2549.2 time, 2550.9 real, 782.8 MB
[runlim] sample:		2559.2 time, 2560.9 real, 783.5 MB
[runlim] sample:		2569.2 time, 2570.9 real, 784.6 MB
[runlim] sample:		2579.2 time, 2580.9 real, 784.8 MB
[runlim] sample:		2589.2 time, 2590.9 real, 785.6 MB
[runlim] sample:		2599.2 time, 2600.9 real, 786.6 MB
[runlim] sample:		2609.2 time, 2610.9 real, 787.4 MB
[runlim] sample:		2619.2 time, 2620.9 real, 787.7 MB
[runlim] sample:		2629.2 time, 2630.9 real, 788.7 MB
[runlim] sample:		2639.2 time, 2640.9 real, 789.5 MB
[runlim] sample:		2649.2 time, 2650.9 real, 790.2 MB
[runlim] sample:		2659.2 time, 2660.9 real, 790.8 MB
[runlim] sample:		2669.2 time, 2670.9 real, 791.5 MB
[runlim] sample:		2679.2 time, 2680.9 real, 792.3 MB
[runlim] sample:		2689.2 time, 2690.9 real, 793.1 MB
[runlim] sample:		2699.2 time, 2700.9 real, 793.6 MB
[runlim] sample:		2709.2 time, 2710.9 real, 794.4 MB
[runlim] sample:		2719.2 time, 2720.9 real, 795.1 MB
[runlim] sample:		2729.2 time, 2730.9 real, 795.9 MB
[runlim] sample:		2739.2 time, 2740.9 real, 796.4 MB
[runlim] sample:		2749.2 time, 2750.9 real, 797.2 MB
[runlim] sample:		2759.2 time, 2760.9 real, 798.0 MB
[runlim] sample:		2769.2 time, 2770.9 real, 798.7 MB
[runlim] sample:		2779.2 time, 2780.9 real, 799.3 MB
[runlim] sample:		2789.2 time, 2790.9 real, 799.8 MB
[runlim] sample:		2799.2 time, 2800.9 real, 800.6 MB
[runlim] sample:		2809.2 time, 2810.9 real, 801.3 MB
[runlim] sample:		2819.2 time, 2820.9 real, 802.1 MB
[runlim] sample:		2829.2 time, 2830.9 real, 802.6 MB
[runlim] sample:		2839.2 time, 2840.9 real, 803.4 MB
[runlim] sample:		2849.2 time, 2850.9 real, 804.2 MB
[runlim] sample:		2859.2 time, 2860.9 real, 804.9 MB
[runlim] sample:		2869.2 time, 2870.9 real, 805.2 MB
[runlim] sample:		2879.2 time, 2880.9 real, 806.0 MB
[runlim] sample:		2889.2 time, 2890.9 real, 806.7 MB
[runlim] sample:		2899.2 time, 2900.9 real, 807.5 MB
[runlim] sample:		2909.2 time, 2910.9 real, 808.3 MB
[runlim] sample:		2919.2 time, 2920.9 real, 808.5 MB
[runlim] sample:		2929.2 time, 2930.9 real, 809.3 MB
[runlim] sample:		2939.2 time, 2940.9 real, 810.1 MB
[runlim] sample:		2949.2 time, 2950.9 real, 810.9 MB
[runlim] sample:		2959.2 time, 2960.9 real, 811.1 MB
[runlim] sample:		2969.2 time, 2970.9 real, 811.9 MB
[runlim] sample:		2979.2 time, 2980.9 real, 812.7 MB
[runlim] sample:		2989.2 time, 2990.9 real, 813.4 MB
[runlim] sample:		2999.2 time, 3000.9 real, 814.0 MB
[runlim] sample:		3009.2 time, 3010.9 real, 814.5 MB
[runlim] sample:		3019.2 time, 3020.9 real, 815.0 MB
[runlim] sample:		3029.2 time, 3030.9 real, 815.8 MB
[runlim] sample:		3039.2 time, 3040.9 real, 816.8 MB
[runlim] sample:		3049.2 time, 3050.9 real, 817.1 MB
[runlim] sample:		3059.2 time, 3060.9 real, 817.8 MB
[runlim] sample:		3069.2 time, 3070.9 real, 818.6 MB
[runlim] sample:		3079.2 time, 3080.9 real, 819.4 MB
[runlim] sample:		3089.2 time, 3090.9 real, 819.9 MB
[runlim] sample:		3099.2 time, 3100.9 real, 820.7 MB
[runlim] sample:		3109.2 time, 3110.9 real, 821.4 MB
[runlim] sample:		3119.2 time, 3120.9 real, 822.5 MB
[runlim] sample:		3129.2 time, 3130.9 real, 822.7 MB
[runlim] sample:		3139.2 time, 3140.9 real, 823.5 MB
[runlim] sample:		3149.2 time, 3150.9 real, 826.8 MB
[runlim] sample:		3159.2 time, 3160.9 real, 826.8 MB
[runlim] sample:		3169.2 time, 3170.9 real, 826.8 MB
[runlim] sample:		3179.2 time, 3180.9 real, 827.1 MB
[runlim] sample:		3189.2 time, 3190.9 real, 827.4 MB
[runlim] sample:		3199.1 time, 3200.9 real, 828.1 MB
[runlim] sample:		3209.1 time, 3210.9 real, 828.7 MB
[runlim] sample:		3219.1 time, 3220.9 real, 829.2 MB
[runlim] sample:		3229.1 time, 3230.9 real, 830.2 MB
[runlim] sample:		3239.1 time, 3240.9 real, 831.0 MB
[runlim] sample:		3249.1 time, 3250.9 real, 831.7 MB
[runlim] sample:		3259.1 time, 3260.9 real, 832.3 MB
[runlim] sample:		3269.1 time, 3270.9 real, 833.0 MB
[runlim] sample:		3279.1 time, 3280.9 real, 834.1 MB
[runlim] sample:		3289.1 time, 3290.9 real, 834.6 MB
[runlim] sample:		3299.1 time, 3300.9 real, 835.1 MB
[runlim] sample:		3309.1 time, 3310.9 real, 836.1 MB
[runlim] sample:		3319.1 time, 3320.9 real, 836.9 MB
[runlim] sample:		3329.1 time, 3330.9 real, 837.7 MB
[runlim] sample:		3339.1 time, 3340.9 real, 838.2 MB
[runlim] sample:		3349.1 time, 3350.9 real, 839.0 MB
[runlim] sample:		3359.1 time, 3360.9 real, 839.7 MB
[runlim] sample:		3369.1 time, 3370.9 real, 840.5 MB
[runlim] sample:		3379.1 time, 3380.9 real, 841.0 MB
[runlim] sample:		3389.1 time, 3390.9 real, 841.8 MB
[runlim] sample:		3399.1 time, 3400.9 real, 842.6 MB
[runlim] sample:		3409.1 time, 3410.9 real, 843.3 MB
[runlim] sample:		3419.1 time, 3420.9 real, 843.9 MB
[runlim] sample:		3429.1 time, 3430.9 real, 844.6 MB
[runlim] sample:		3439.1 time, 3440.9 real, 845.4 MB
[runlim] sample:		3449.1 time, 3450.9 real, 846.4 MB
[runlim] sample:		3459.1 time, 3460.9 real, 846.7 MB
[runlim] sample:		3469.1 time, 3470.9 real, 847.5 MB
[runlim] sample:		3479.1 time, 3480.9 real, 848.2 MB
[runlim] sample:		3489.1 time, 3490.9 real, 849.0 MB
[runlim] sample:		3499.1 time, 3500.9 real, 849.3 MB
[runlim] sample:		3509.1 time, 3510.9 real, 850.1 MB
[runlim] sample:		3519.1 time, 3520.9 real, 850.8 MB
[runlim] sample:		3529.1 time, 3530.9 real, 851.6 MB
[runlim] sample:		3539.1 time, 3540.9 real, 852.1 MB
[runlim] sample:		3549.1 time, 3550.9 real, 852.9 MB
[runlim] sample:		3559.1 time, 3560.9 real, 853.7 MB
[runlim] sample:		3569.1 time, 3570.9 real, 854.4 MB
[runlim] sample:		3579.1 time, 3580.9 real, 855.2 MB
[runlim] sample:		3589.1 time, 3590.9 real, 855.5 MB
[runlim] sample:		3599.1 time, 3600.9 real, 856.2 MB
CVC4 interrupted by SIGTERM.
[runlim] end:			Wed Jan 23 21:24:50 2019
[runlim] status:		out of time
[runlim] result:		2
[runlim] children:		0
[runlim] real:			3601.84 seconds
[runlim] time:			3600.03 seconds
[runlim] space:			856.2 MB
[runlim] samples:		36009
