[runlim] version:		1.10fixed
[runlim] time limit:		300 seconds
[runlim] real time limit:	311040000 seconds
[runlim] space limit:		4000 MB
[runlim] argv[0]:		./cvc4
[runlim] argv[1]:		--fmf-fun-rlv
[runlim] argv[2]:		/tmp/gavwuu7m.smt2
[runlim] start:			Tue Jan 29 16:32:58 2019
[runlim] main pid:		23926
[runlim] sample:		8.4 time, 10.8 real, 37.1 MB
[runlim] sample:		18.4 time, 20.8 real, 42.4 MB
[runlim] sample:		27.6 time, 30.8 real, 44.4 MB
[runlim] end:			Tue Jan 29 16:33:29 2019
[runlim] status:		ok
[runlim] result:		0
[runlim] children:		0
[runlim] real:			31.53 seconds
[runlim] time:			28.33 seconds
[runlim] space:			45.4 MB
[runlim] samples:		307
